<?xml version="1.0" encoding="UTF-8"?>
<testsuite xmlns:xsi="http://www.w3.org/2001/XMLSchema-instance" xsi:noNamespaceSchemaLocation="https://maven.apache.org/surefire/maven-failsafe-plugin/xsd/failsafe-test-report-3.0.xsd" version="3.0" name="starter.CucumberTestSuite" time="17.292" tests="3" errors="0" skipped="0" failures="0">
  <properties>
    <property name="java.specification.version" value="15"/>
    <property name="webdriver.chrome.driver" value="src/test/resources/webdriver/chromedriver.exe"/>
    <property name="sun.cpu.isalist" value="amd64"/>
    <property name="sun.jnu.encoding" value="Cp1252"/>
    <property name="java.class.path" value="C:\Users\WINDOWS 10\Documents\GitHub\QE_Andira_Ms\11_Web_Programming_&amp;_Testing\Praktikum\Testing_with_Serenity\Prioritas1\alta\target\test-classes;C:\Users\WINDOWS 10\.m2\repository\net\serenity-bdd\serenity-core\3.6.21\serenity-core-3.6.21.jar;C:\Users\WINDOWS 10\.m2\repository\net\serenity-bdd\serenity-model\3.6.21\serenity-model-3.6.21.jar;C:\Users\WINDOWS 10\.m2\repository\org\apache\commons\commons-text\1.10.0\commons-text-1.10.0.jar;C:\Users\WINDOWS 10\.m2\repository\commons-net\commons-net\3.9.0\commons-net-3.9.0.jar;C:\Users\WINDOWS 10\.m2\repository\com\google\guava\guava\31.1-jre\guava-31.1-jre.jar;C:\Users\WINDOWS 10\.m2\repository\com\google\guava\failureaccess\1.0.1\failureaccess-1.0.1.jar;C:\Users\WINDOWS 10\.m2\repository\com\google\guava\listenablefuture\9999.0-empty-to-avoid-conflict-with-guava\listenablefuture-9999.0-empty-to-avoid-conflict-with-guava.jar;C:\Users\WINDOWS 10\.m2\repository\com\google\code\findbugs\jsr305\3.0.2\jsr305-3.0.2.jar;C:\Users\WINDOWS 10\.m2\repository\org\checkerframework\checker-qual\3.12.0\checker-qual-3.12.0.jar;C:\Users\WINDOWS 10\.m2\repository\com\google\errorprone\error_prone_annotations\2.11.0\error_prone_annotations-2.11.0.jar;C:\Users\WINDOWS 10\.m2\repository\com\google\j2objc\j2objc-annotations\1.3\j2objc-annotations-1.3.jar;C:\Users\WINDOWS 10\.m2\repository\com\google\inject\guice\5.1.0\guice-5.1.0.jar;C:\Users\WINDOWS 10\.m2\repository\javax\inject\javax.inject\1\javax.inject-1.jar;C:\Users\WINDOWS 10\.m2\repository\aopalliance\aopalliance\1.0\aopalliance-1.0.jar;C:\Users\WINDOWS 10\.m2\repository\org\jsoup\jsoup\1.14.3\jsoup-1.14.3.jar;C:\Users\WINDOWS 10\.m2\repository\com\thoughtworks\xstream\xstream\1.4.20\xstream-1.4.20.jar;C:\Users\WINDOWS 10\.m2\repository\io\github\x-stream\mxparser\1.2.2\mxparser-1.2.2.jar;C:\Users\WINDOWS 10\.m2\repository\xmlpull\xmlpull\1.1.3.1\xmlpull-1.1.3.1.jar;C:\Users\WINDOWS 10\.m2\repository\com\typesafe\config\1.4.2\config-1.4.2.jar;C:\Users\WINDOWS 10\.m2\repository\org\imgscalr\imgscalr-lib\4.2\imgscalr-lib-4.2.jar;C:\Users\WINDOWS 10\.m2\repository\org\awaitility\awaitility\4.2.0\awaitility-4.2.0.jar;C:\Users\WINDOWS 10\.m2\repository\org\freemarker\freemarker\2.3.31\freemarker-2.3.31.jar;C:\Users\WINDOWS 10\.m2\repository\io\github\classgraph\classgraph\4.8.138\classgraph-4.8.138.jar;C:\Users\WINDOWS 10\.m2\repository\net\sourceforge\jexcelapi\jxl\2.6.12\jxl-2.6.12.jar;C:\Users\WINDOWS 10\.m2\repository\net\bytebuddy\byte-buddy-agent\1.14.2\byte-buddy-agent-1.14.2.jar;C:\Users\WINDOWS 10\.m2\repository\org\objenesis\objenesis\3.3\objenesis-3.3.jar;C:\Users\WINDOWS 10\.m2\repository\net\serenity-bdd\serenity-reports\3.6.21\serenity-reports-3.6.21.jar;C:\Users\WINDOWS 10\.m2\repository\net\serenity-bdd\serenity-stats\3.6.21\serenity-stats-3.6.21.jar;C:\Users\WINDOWS 10\.m2\repository\net\serenity-bdd\serenity-reports-configuration\3.6.21\serenity-reports-configuration-3.6.21.jar;C:\Users\WINDOWS 10\.m2\repository\com\vladsch\flexmark\flexmark-all\0.62.2\flexmark-all-0.62.2.jar;C:\Users\WINDOWS 10\.m2\repository\com\vladsch\flexmark\flexmark\0.62.2\flexmark-0.62.2.jar;C:\Users\WINDOWS 10\.m2\repository\com\vladsch\flexmark\flexmark-ext-abbreviation\0.62.2\flexmark-ext-abbreviation-0.62.2.jar;C:\Users\WINDOWS 10\.m2\repository\com\vladsch\flexmark\flexmark-util\0.62.2\flexmark-util-0.62.2.jar;C:\Users\WINDOWS 10\.m2\repository\com\vladsch\flexmark\flexmark-ext-admonition\0.62.2\flexmark-ext-admonition-0.62.2.jar;C:\Users\WINDOWS 10\.m2\repository\com\vladsch\flexmark\flexmark-ext-anchorlink\0.62.2\flexmark-ext-anchorlink-0.62.2.jar;C:\Users\WINDOWS 10\.m2\repository\com\vladsch\flexmark\flexmark-ext-aside\0.62.2\flexmark-ext-aside-0.62.2.jar;C:\Users\WINDOWS 10\.m2\repository\com\vladsch\flexmark\flexmark-ext-attributes\0.62.2\flexmark-ext-attributes-0.62.2.jar;C:\Users\WINDOWS 10\.m2\repository\com\vladsch\flexmark\flexmark-ext-autolink\0.62.2\flexmark-ext-autolink-0.62.2.jar;C:\Users\WINDOWS 10\.m2\repository\org\nibor\autolink\autolink\0.6.0\autolink-0.6.0.jar;C:\Users\WINDOWS 10\.m2\repository\com\vladsch\flexmark\flexmark-ext-definition\0.62.2\flexmark-ext-definition-0.62.2.jar;C:\Users\WINDOWS 10\.m2\repository\com\vladsch\flexmark\flexmark-ext-emoji\0.62.2\flexmark-ext-emoji-0.62.2.jar;C:\Users\WINDOWS 10\.m2\repository\com\vladsch\flexmark\flexmark-ext-enumerated-reference\0.62.2\flexmark-ext-enumerated-reference-0.62.2.jar;C:\Users\WINDOWS 10\.m2\repository\com\vladsch\flexmark\flexmark-ext-escaped-character\0.62.2\flexmark-ext-escaped-character-0.62.2.jar;C:\Users\WINDOWS 10\.m2\repository\com\vladsch\flexmark\flexmark-ext-footnotes\0.62.2\flexmark-ext-footnotes-0.62.2.jar;C:\Users\WINDOWS 10\.m2\repository\com\vladsch\flexmark\flexmark-ext-gfm-issues\0.62.2\flexmark-ext-gfm-issues-0.62.2.jar;C:\Users\WINDOWS 10\.m2\repository\com\vladsch\flexmark\flexmark-ext-gfm-strikethrough\0.62.2\flexmark-ext-gfm-strikethrough-0.62.2.jar;C:\Users\WINDOWS 10\.m2\repository\com\vladsch\flexmark\flexmark-ext-gfm-tasklist\0.62.2\flexmark-ext-gfm-tasklist-0.62.2.jar;C:\Users\WINDOWS 10\.m2\repository\com\vladsch\flexmark\flexmark-ext-gfm-users\0.62.2\flexmark-ext-gfm-users-0.62.2.jar;C:\Users\WINDOWS 10\.m2\repository\com\vladsch\flexmark\flexmark-ext-gitlab\0.62.2\flexmark-ext-gitlab-0.62.2.jar;C:\Users\WINDOWS 10\.m2\repository\com\vladsch\flexmark\flexmark-ext-jekyll-front-matter\0.62.2\flexmark-ext-jekyll-front-matter-0.62.2.jar;C:\Users\WINDOWS 10\.m2\repository\com\vladsch\flexmark\flexmark-ext-jekyll-tag\0.62.2\flexmark-ext-jekyll-tag-0.62.2.jar;C:\Users\WINDOWS 10\.m2\repository\com\vladsch\flexmark\flexmark-ext-media-tags\0.62.2\flexmark-ext-media-tags-0.62.2.jar;C:\Users\WINDOWS 10\.m2\repository\com\vladsch\flexmark\flexmark-ext-macros\0.62.2\flexmark-ext-macros-0.62.2.jar;C:\Users\WINDOWS 10\.m2\repository\com\vladsch\flexmark\flexmark-ext-ins\0.62.2\flexmark-ext-ins-0.62.2.jar;C:\Users\WINDOWS 10\.m2\repository\com\vladsch\flexmark\flexmark-ext-xwiki-macros\0.62.2\flexmark-ext-xwiki-macros-0.62.2.jar;C:\Users\WINDOWS 10\.m2\repository\com\vladsch\flexmark\flexmark-ext-superscript\0.62.2\flexmark-ext-superscript-0.62.2.jar;C:\Users\WINDOWS 10\.m2\repository\com\vladsch\flexmark\flexmark-ext-tables\0.62.2\flexmark-ext-tables-0.62.2.jar;C:\Users\WINDOWS 10\.m2\repository\com\vladsch\flexmark\flexmark-ext-toc\0.62.2\flexmark-ext-toc-0.62.2.jar;C:\Users\WINDOWS 10\.m2\repository\com\vladsch\flexmark\flexmark-ext-typographic\0.62.2\flexmark-ext-typographic-0.62.2.jar;C:\Users\WINDOWS 10\.m2\repository\com\vladsch\flexmark\flexmark-ext-wikilink\0.62.2\flexmark-ext-wikilink-0.62.2.jar;C:\Users\WINDOWS 10\.m2\repository\com\vladsch\flexmark\flexmark-ext-yaml-front-matter\0.62.2\flexmark-ext-yaml-front-matter-0.62.2.jar;C:\Users\WINDOWS 10\.m2\repository\com\vladsch\flexmark\flexmark-ext-youtube-embedded\0.62.2\flexmark-ext-youtube-embedded-0.62.2.jar;C:\Users\WINDOWS 10\.m2\repository\com\vladsch\flexmark\flexmark-html2md-converter\0.62.2\flexmark-html2md-converter-0.62.2.jar;C:\Users\WINDOWS 10\.m2\repository\com\vladsch\flexmark\flexmark-jira-converter\0.62.2\flexmark-jira-converter-0.62.2.jar;C:\Users\WINDOWS 10\.m2\repository\com\vladsch\flexmark\flexmark-pdf-converter\0.62.2\flexmark-pdf-converter-0.62.2.jar;C:\Users\WINDOWS 10\.m2\repository\com\openhtmltopdf\openhtmltopdf-core\1.0.0\openhtmltopdf-core-1.0.0.jar;C:\Users\WINDOWS 10\.m2\repository\com\openhtmltopdf\openhtmltopdf-pdfbox\1.0.0\openhtmltopdf-pdfbox-1.0.0.jar;C:\Users\WINDOWS 10\.m2\repository\org\apache\pdfbox\pdfbox\2.0.16\pdfbox-2.0.16.jar;C:\Users\WINDOWS 10\.m2\repository\org\apache\pdfbox\fontbox\2.0.16\fontbox-2.0.16.jar;C:\Users\WINDOWS 10\.m2\repository\org\apache\pdfbox\xmpbox\2.0.16\xmpbox-2.0.16.jar;C:\Users\WINDOWS 10\.m2\repository\de\rototor\pdfbox\graphics2d\0.24\graphics2d-0.24.jar;C:\Users\WINDOWS 10\.m2\repository\com\openhtmltopdf\openhtmltopdf-rtl-support\1.0.0\openhtmltopdf-rtl-support-1.0.0.jar;C:\Users\WINDOWS 10\.m2\repository\com\openhtmltopdf\openhtmltopdf-jsoup-dom-converter\1.0.0\openhtmltopdf-jsoup-dom-converter-1.0.0.jar;C:\Users\WINDOWS 10\.m2\repository\com\vladsch\flexmark\flexmark-profile-pegdown\0.62.2\flexmark-profile-pegdown-0.62.2.jar;C:\Users\WINDOWS 10\.m2\repository\com\vladsch\flexmark\flexmark-util-ast\0.62.2\flexmark-util-ast-0.62.2.jar;C:\Users\WINDOWS 10\.m2\repository\com\vladsch\flexmark\flexmark-util-builder\0.62.2\flexmark-util-builder-0.62.2.jar;C:\Users\WINDOWS 10\.m2\repository\com\vladsch\flexmark\flexmark-util-collection\0.62.2\flexmark-util-collection-0.62.2.jar;C:\Users\WINDOWS 10\.m2\repository\com\vladsch\flexmark\flexmark-util-data\0.62.2\flexmark-util-data-0.62.2.jar;C:\Users\WINDOWS 10\.m2\repository\com\vladsch\flexmark\flexmark-util-dependency\0.62.2\flexmark-util-dependency-0.62.2.jar;C:\Users\WINDOWS 10\.m2\repository\com\vladsch\flexmark\flexmark-util-format\0.62.2\flexmark-util-format-0.62.2.jar;C:\Users\WINDOWS 10\.m2\repository\com\vladsch\flexmark\flexmark-util-html\0.62.2\flexmark-util-html-0.62.2.jar;C:\Users\WINDOWS 10\.m2\repository\com\vladsch\flexmark\flexmark-util-misc\0.62.2\flexmark-util-misc-0.62.2.jar;C:\Users\WINDOWS 10\.m2\repository\com\vladsch\flexmark\flexmark-util-options\0.62.2\flexmark-util-options-0.62.2.jar;C:\Users\WINDOWS 10\.m2\repository\com\vladsch\flexmark\flexmark-util-sequence\0.62.2\flexmark-util-sequence-0.62.2.jar;C:\Users\WINDOWS 10\.m2\repository\com\vladsch\flexmark\flexmark-util-visitor\0.62.2\flexmark-util-visitor-0.62.2.jar;C:\Users\WINDOWS 10\.m2\repository\com\vladsch\flexmark\flexmark-youtrack-converter\0.62.2\flexmark-youtrack-converter-0.62.2.jar;C:\Users\WINDOWS 10\.m2\repository\com\ibm\icu\icu4j\72.1\icu4j-72.1.jar;C:\Users\WINDOWS 10\.m2\repository\es\nitaur\markdown\txtmark\0.16\txtmark-0.16.jar;C:\Users\WINDOWS 10\.m2\repository\net\serenity-bdd\serenity-report-resources\3.6.21\serenity-report-resources-3.6.21.jar;C:\Users\WINDOWS 10\.m2\repository\com\google\code\gson\gson\2.10.1\gson-2.10.1.jar;C:\Users\WINDOWS 10\.m2\repository\com\fasterxml\jackson\core\jackson-core\2.15.0-rc1\jackson-core-2.15.0-rc1.jar;C:\Users\WINDOWS 10\.m2\repository\com\fasterxml\jackson\core\jackson-databind\2.15.0-rc1\jackson-databind-2.15.0-rc1.jar;C:\Users\WINDOWS 10\.m2\repository\com\fasterxml\jackson\core\jackson-annotations\2.15.0-rc1\jackson-annotations-2.15.0-rc1.jar;C:\Users\WINDOWS 10\.m2\repository\commons-codec\commons-codec\1.15\commons-codec-1.15.jar;C:\Users\WINDOWS 10\.m2\repository\commons-io\commons-io\2.11.0\commons-io-2.11.0.jar;C:\Users\WINDOWS 10\.m2\repository\org\apache\httpcomponents\httpclient\4.5.13\httpclient-4.5.13.jar;C:\Users\WINDOWS 10\.m2\repository\org\apache\httpcomponents\httpcore\4.4.13\httpcore-4.4.13.jar;C:\Users\WINDOWS 10\.m2\repository\commons-logging\commons-logging\1.2\commons-logging-1.2.jar;C:\Users\WINDOWS 10\.m2\repository\org\seleniumhq\selenium\selenium-java\4.8.1\selenium-java-4.8.1.jar;C:\Users\WINDOWS 10\.m2\repository\org\seleniumhq\selenium\selenium-devtools-v108\4.8.1\selenium-devtools-v108-4.8.1.jar;C:\Users\WINDOWS 10\.m2\repository\org\seleniumhq\selenium\selenium-devtools-v109\4.8.1\selenium-devtools-v109-4.8.1.jar;C:\Users\WINDOWS 10\.m2\repository\org\seleniumhq\selenium\selenium-devtools-v110\4.8.1\selenium-devtools-v110-4.8.1.jar;C:\Users\WINDOWS 10\.m2\repository\org\seleniumhq\selenium\selenium-devtools-v85\4.8.1\selenium-devtools-v85-4.8.1.jar;C:\Users\WINDOWS 10\.m2\repository\org\seleniumhq\selenium\selenium-remote-driver\4.8.1\selenium-remote-driver-4.8.1.jar;C:\Users\WINDOWS 10\.m2\repository\com\beust\jcommander\1.82\jcommander-1.82.jar;C:\Users\WINDOWS 10\.m2\repository\io\netty\netty-buffer\4.1.87.Final\netty-buffer-4.1.87.Final.jar;C:\Users\WINDOWS 10\.m2\repository\io\netty\netty-codec-http\4.1.87.Final\netty-codec-http-4.1.87.Final.jar;C:\Users\WINDOWS 10\.m2\repository\io\netty\netty-codec\4.1.87.Final\netty-codec-4.1.87.Final.jar;C:\Users\WINDOWS 10\.m2\repository\io\netty\netty-handler\4.1.87.Final\netty-handler-4.1.87.Final.jar;C:\Users\WINDOWS 10\.m2\repository\io\netty\netty-common\4.1.87.Final\netty-common-4.1.87.Final.jar;C:\Users\WINDOWS 10\.m2\repository\io\netty\netty-transport-classes-epoll\4.1.87.Final\netty-transport-classes-epoll-4.1.87.Final.jar;C:\Users\WINDOWS 10\.m2\repository\io\netty\netty-transport-classes-kqueue\4.1.87.Final\netty-transport-classes-kqueue-4.1.87.Final.jar;C:\Users\WINDOWS 10\.m2\repository\io\netty\netty-transport-native-epoll\4.1.87.Final\netty-transport-native-epoll-4.1.87.Final.jar;C:\Users\WINDOWS 10\.m2\repository\io\netty\netty-transport-native-kqueue\4.1.87.Final\netty-transport-native-kqueue-4.1.87.Final.jar;C:\Users\WINDOWS 10\.m2\repository\io\netty\netty-transport-native-unix-common\4.1.87.Final\netty-transport-native-unix-common-4.1.87.Final.jar;C:\Users\WINDOWS 10\.m2\repository\io\netty\netty-transport\4.1.87.Final\netty-transport-4.1.87.Final.jar;C:\Users\WINDOWS 10\.m2\repository\io\netty\netty-resolver\4.1.87.Final\netty-resolver-4.1.87.Final.jar;C:\Users\WINDOWS 10\.m2\repository\io\opentelemetry\opentelemetry-api\1.22.0\opentelemetry-api-1.22.0.jar;C:\Users\WINDOWS 10\.m2\repository\io\opentelemetry\opentelemetry-context\1.22.0\opentelemetry-context-1.22.0.jar;C:\Users\WINDOWS 10\.m2\repository\io\opentelemetry\opentelemetry-exporter-logging\1.22.0\opentelemetry-exporter-logging-1.22.0.jar;C:\Users\WINDOWS 10\.m2\repository\io\opentelemetry\opentelemetry-sdk-metrics\1.22.0\opentelemetry-sdk-metrics-1.22.0.jar;C:\Users\WINDOWS 10\.m2\repository\io\opentelemetry\opentelemetry-sdk-logs\1.22.0-alpha\opentelemetry-sdk-logs-1.22.0-alpha.jar;C:\Users\WINDOWS 10\.m2\repository\io\opentelemetry\opentelemetry-api-logs\1.22.0-alpha\opentelemetry-api-logs-1.22.0-alpha.jar;C:\Users\WINDOWS 10\.m2\repository\io\opentelemetry\opentelemetry-sdk-common\1.22.0\opentelemetry-sdk-common-1.22.0.jar;C:\Users\WINDOWS 10\.m2\repository\io\opentelemetry\opentelemetry-sdk-extension-autoconfigure-spi\1.22.0\opentelemetry-sdk-extension-autoconfigure-spi-1.22.0.jar;C:\Users\WINDOWS 10\.m2\repository\io\opentelemetry\opentelemetry-sdk-extension-autoconfigure\1.22.0-alpha\opentelemetry-sdk-extension-autoconfigure-1.22.0-alpha.jar;C:\Users\WINDOWS 10\.m2\repository\io\opentelemetry\opentelemetry-sdk-trace\1.22.0\opentelemetry-sdk-trace-1.22.0.jar;C:\Users\WINDOWS 10\.m2\repository\io\opentelemetry\opentelemetry-sdk\1.22.0\opentelemetry-sdk-1.22.0.jar;C:\Users\WINDOWS 10\.m2\repository\io\opentelemetry\opentelemetry-semconv\1.22.0-alpha\opentelemetry-semconv-1.22.0-alpha.jar;C:\Users\WINDOWS 10\.m2\repository\io\ous\jtoml\2.0.0\jtoml-2.0.0.jar;C:\Users\WINDOWS 10\.m2\repository\org\apache\commons\commons-exec\1.3\commons-exec-1.3.jar;C:\Users\WINDOWS 10\.m2\repository\org\asynchttpclient\async-http-client\2.12.3\async-http-client-2.12.3.jar;C:\Users\WINDOWS 10\.m2\repository\org\asynchttpclient\async-http-client-netty-utils\2.12.3\async-http-client-netty-utils-2.12.3.jar;C:\Users\WINDOWS 10\.m2\repository\io\netty\netty-codec-socks\4.1.60.Final\netty-codec-socks-4.1.60.Final.jar;C:\Users\WINDOWS 10\.m2\repository\io\netty\netty-handler-proxy\4.1.60.Final\netty-handler-proxy-4.1.60.Final.jar;C:\Users\WINDOWS 10\.m2\repository\io\netty\netty-transport-native-epoll\4.1.60.Final\netty-transport-native-epoll-4.1.60.Final-linux-x86_64.jar;C:\Users\WINDOWS 10\.m2\repository\io\netty\netty-transport-native-kqueue\4.1.60.Final\netty-transport-native-kqueue-4.1.60.Final-osx-x86_64.jar;C:\Users\WINDOWS 10\.m2\repository\org\reactivestreams\reactive-streams\1.0.3\reactive-streams-1.0.3.jar;C:\Users\WINDOWS 10\.m2\repository\com\typesafe\netty\netty-reactive-streams\2.0.4\netty-reactive-streams-2.0.4.jar;C:\Users\WINDOWS 10\.m2\repository\org\seleniumhq\selenium\selenium-manager\4.8.1\selenium-manager-4.8.1.jar;C:\Users\WINDOWS 10\.m2\repository\org\seleniumhq\selenium\selenium-safari-driver\4.8.1\selenium-safari-driver-4.8.1.jar;C:\Users\WINDOWS 10\.m2\repository\org\seleniumhq\selenium\selenium-api\4.8.1\selenium-api-4.8.1.jar;C:\Users\WINDOWS 10\.m2\repository\org\seleniumhq\selenium\selenium-support\4.8.1\selenium-support-4.8.1.jar;C:\Users\WINDOWS 10\.m2\repository\com\google\auto\service\auto-service-annotations\1.0.1\auto-service-annotations-1.0.1.jar;C:\Users\WINDOWS 10\.m2\repository\com\google\auto\service\auto-service\1.0.1\auto-service-1.0.1.jar;C:\Users\WINDOWS 10\.m2\repository\com\google\auto\auto-common\1.2\auto-common-1.2.jar;C:\Users\WINDOWS 10\.m2\repository\org\seleniumhq\selenium\selenium-json\4.8.1\selenium-json-4.8.1.jar;C:\Users\WINDOWS 10\.m2\repository\org\seleniumhq\selenium\selenium-chrome-driver\4.8.1\selenium-chrome-driver-4.8.1.jar;C:\Users\WINDOWS 10\.m2\repository\org\seleniumhq\selenium\selenium-chromium-driver\4.8.1\selenium-chromium-driver-4.8.1.jar;C:\Users\WINDOWS 10\.m2\repository\org\seleniumhq\selenium\selenium-firefox-driver\4.8.1\selenium-firefox-driver-4.8.1.jar;C:\Users\WINDOWS 10\.m2\repository\org\seleniumhq\selenium\selenium-http\4.8.1\selenium-http-4.8.1.jar;C:\Users\WINDOWS 10\.m2\repository\dev\failsafe\failsafe\3.3.0\failsafe-3.3.0.jar;C:\Users\WINDOWS 10\.m2\repository\org\seleniumhq\selenium\selenium-edge-driver\4.8.1\selenium-edge-driver-4.8.1.jar;C:\Users\WINDOWS 10\.m2\repository\org\seleniumhq\selenium\selenium-ie-driver\4.8.1\selenium-ie-driver-4.8.1.jar;C:\Users\WINDOWS 10\.m2\repository\org\projectlombok\lombok\1.18.20\lombok-1.18.20.jar;C:\Users\WINDOWS 10\.m2\repository\io\appium\java-client\8.3.0\java-client-8.3.0.jar;C:\Users\WINDOWS 10\.m2\repository\commons-validator\commons-validator\1.7\commons-validator-1.7.jar;C:\Users\WINDOWS 10\.m2\repository\commons-digester\commons-digester\2.1\commons-digester-2.1.jar;C:\Users\WINDOWS 10\.m2\repository\org\apache\groovy\groovy\4.0.10\groovy-4.0.10.jar;C:\Users\WINDOWS 10\.m2\repository\net\sf\opencsv\opencsv\2.0\opencsv-2.0.jar;C:\Users\WINDOWS 10\.m2\repository\commons-beanutils\commons-beanutils\1.9.4\commons-beanutils-1.9.4.jar;C:\Users\WINDOWS 10\.m2\repository\org\apache\commons\commons-lang3\3.12.0\commons-lang3-3.12.0.jar;C:\Users\WINDOWS 10\.m2\repository\commons-collections\commons-collections\3.2.2\commons-collections-3.2.2.jar;C:\Users\WINDOWS 10\.m2\repository\org\fluentlenium\fluentlenium-core\0.10.2\fluentlenium-core-0.10.2.jar;C:\Users\WINDOWS 10\.m2\repository\io\github\bonigarcia\webdrivermanager\5.3.0\webdrivermanager-5.3.0.jar;C:\Users\WINDOWS 10\.m2\repository\com\github\docker-java\docker-java\3.2.13\docker-java-3.2.13.jar;C:\Users\WINDOWS 10\.m2\repository\com\github\docker-java\docker-java-core\3.2.13\docker-java-core-3.2.13.jar;C:\Users\WINDOWS 10\.m2\repository\com\github\docker-java\docker-java-api\3.2.13\docker-java-api-3.2.13.jar;C:\Users\WINDOWS 10\.m2\repository\org\apache\commons\commons-compress\1.21\commons-compress-1.21.jar;C:\Users\WINDOWS 10\.m2\repository\org\bouncycastle\bcpkix-jdk15on\1.64\bcpkix-jdk15on-1.64.jar;C:\Users\WINDOWS 10\.m2\repository\org\bouncycastle\bcprov-jdk15on\1.64\bcprov-jdk15on-1.64.jar;C:\Users\WINDOWS 10\.m2\repository\org\slf4j\jcl-over-slf4j\1.7.30\jcl-over-slf4j-1.7.30.jar;C:\Users\WINDOWS 10\.m2\repository\com\github\docker-java\docker-java-transport-httpclient5\3.2.13\docker-java-transport-httpclient5-3.2.13.jar;C:\Users\WINDOWS 10\.m2\repository\com\github\docker-java\docker-java-transport\3.2.13\docker-java-transport-3.2.13.jar;C:\Users\WINDOWS 10\.m2\repository\net\java\dev\jna\jna\5.8.0\jna-5.8.0.jar;C:\Users\WINDOWS 10\.m2\repository\org\brotli\dec\0.1.2\dec-0.1.2.jar;C:\Users\WINDOWS 10\.m2\repository\org\apache\httpcomponents\client5\httpclient5\5.1.3\httpclient5-5.1.3.jar;C:\Users\WINDOWS 10\.m2\repository\org\apache\httpcomponents\core5\httpcore5\5.1.3\httpcore5-5.1.3.jar;C:\Users\WINDOWS 10\.m2\repository\org\apache\httpcomponents\core5\httpcore5-h2\5.1.3\httpcore5-h2-5.1.3.jar;C:\Users\WINDOWS 10\.m2\repository\com\jhlabs\filters\2.0.235\filters-2.0.235.jar;C:\Users\WINDOWS 10\.m2\repository\com\paulhammant\ngwebdriver\1.1.6\ngwebdriver-1.1.6.jar;C:\Users\WINDOWS 10\.m2\repository\joda-time\joda-time\2.12.2\joda-time-2.12.2.jar;C:\Users\WINDOWS 10\.m2\repository\org\hamcrest\hamcrest\2.2\hamcrest-2.2.jar;C:\Users\WINDOWS 10\.m2\repository\com\google\jimfs\jimfs\1.2\jimfs-1.2.jar;C:\Users\WINDOWS 10\.m2\repository\org\mockito\mockito-core\3.3.3\mockito-core-3.3.3.jar;C:\Users\WINDOWS 10\.m2\repository\javax\xml\bind\jaxb-api\2.3.1\jaxb-api-2.3.1.jar;C:\Users\WINDOWS 10\.m2\repository\javax\activation\javax.activation-api\1.2.0\javax.activation-api-1.2.0.jar;C:\Users\WINDOWS 10\.m2\repository\com\sun\xml\bind\jaxb-core\2.3.0.1\jaxb-core-2.3.0.1.jar;C:\Users\WINDOWS 10\.m2\repository\com\sun\xml\bind\jaxb-impl\2.3.3\jaxb-impl-2.3.3.jar;C:\Users\WINDOWS 10\.m2\repository\jakarta\xml\bind\jakarta.xml.bind-api\2.3.3\jakarta.xml.bind-api-2.3.3.jar;C:\Users\WINDOWS 10\.m2\repository\com\sun\activation\jakarta.activation\1.2.2\jakarta.activation-1.2.2.jar;C:\Users\WINDOWS 10\.m2\repository\javax\activation\activation\1.1.1\activation-1.1.1.jar;C:\Users\WINDOWS 10\.m2\repository\net\serenity-bdd\serenity-cucumber\3.6.21\serenity-cucumber-3.6.21.jar;C:\Users\WINDOWS 10\.m2\repository\io\cucumber\cucumber-core\7.11.0\cucumber-core-7.11.0.jar;C:\Users\WINDOWS 10\.m2\repository\io\cucumber\cucumber-gherkin\7.11.0\cucumber-gherkin-7.11.0.jar;C:\Users\WINDOWS 10\.m2\repository\io\cucumber\cucumber-gherkin-messages\7.11.0\cucumber-gherkin-messages-7.11.0.jar;C:\Users\WINDOWS 10\.m2\repository\io\cucumber\gherkin\26.0.3\gherkin-26.0.3.jar;C:\Users\WINDOWS 10\.m2\repository\io\cucumber\messages\21.0.1\messages-21.0.1.jar;C:\Users\WINDOWS 10\.m2\repository\io\cucumber\tag-expressions\5.0.1\tag-expressions-5.0.1.jar;C:\Users\WINDOWS 10\.m2\repository\io\cucumber\cucumber-expressions\16.1.1\cucumber-expressions-16.1.1.jar;C:\Users\WINDOWS 10\.m2\repository\io\cucumber\datatable\7.11.0\datatable-7.11.0.jar;C:\Users\WINDOWS 10\.m2\repository\io\cucumber\cucumber-plugin\7.11.0\cucumber-plugin-7.11.0.jar;C:\Users\WINDOWS 10\.m2\repository\io\cucumber\docstring\7.11.0\docstring-7.11.0.jar;C:\Users\WINDOWS 10\.m2\repository\io\cucumber\html-formatter\20.2.1\html-formatter-20.2.1.jar;C:\Users\WINDOWS 10\.m2\repository\io\cucumber\junit-xml-formatter\0.1.0\junit-xml-formatter-0.1.0.jar;C:\Users\WINDOWS 10\.m2\repository\io\cucumber\ci-environment\9.1.0\ci-environment-9.1.0.jar;C:\Users\WINDOWS 10\.m2\repository\io\cucumber\cucumber-java\7.11.0\cucumber-java-7.11.0.jar;C:\Users\WINDOWS 10\.m2\repository\io\cucumber\cucumber-junit\7.11.0\cucumber-junit-7.11.0.jar;C:\Users\WINDOWS 10\.m2\repository\org\apache\commons\commons-csv\1.5\commons-csv-1.5.jar;C:\Users\WINDOWS 10\.m2\repository\net\serenity-bdd\serenity-screenplay\3.6.21\serenity-screenplay-3.6.21.jar;C:\Users\WINDOWS 10\.m2\repository\net\serenity-bdd\serenity-screenplay-webdriver\3.6.21\serenity-screenplay-webdriver-3.6.21.jar;C:\Users\WINDOWS 10\.m2\repository\net\serenity-bdd\serenity-ensure\3.6.21\serenity-ensure-3.6.21.jar;C:\Users\WINDOWS 10\.m2\repository\net\serenity-bdd\serenity-junit\3.6.21\serenity-junit-3.6.21.jar;C:\Users\WINDOWS 10\.m2\repository\org\jetbrains\kotlin\kotlin-stdlib\1.8.10\kotlin-stdlib-1.8.10.jar;C:\Users\WINDOWS 10\.m2\repository\org\jetbrains\kotlin\kotlin-stdlib-common\1.8.10\kotlin-stdlib-common-1.8.10.jar;C:\Users\WINDOWS 10\.m2\repository\org\jetbrains\annotations\13.0\annotations-13.0.jar;C:\Users\WINDOWS 10\.m2\repository\org\junit\platform\junit-platform-launcher\1.8.2\junit-platform-launcher-1.8.2.jar;C:\Users\WINDOWS 10\.m2\repository\org\junit\platform\junit-platform-engine\1.8.2\junit-platform-engine-1.8.2.jar;C:\Users\WINDOWS 10\.m2\repository\org\opentest4j\opentest4j\1.2.0\opentest4j-1.2.0.jar;C:\Users\WINDOWS 10\.m2\repository\org\junit\platform\junit-platform-commons\1.8.2\junit-platform-commons-1.8.2.jar;C:\Users\WINDOWS 10\.m2\repository\org\apiguardian\apiguardian-api\1.1.2\apiguardian-api-1.1.2.jar;C:\Users\WINDOWS 10\.m2\repository\org\junit\jupiter\junit-jupiter-engine\5.8.2\junit-jupiter-engine-5.8.2.jar;C:\Users\WINDOWS 10\.m2\repository\org\junit\jupiter\junit-jupiter-api\5.8.2\junit-jupiter-api-5.8.2.jar;C:\Users\WINDOWS 10\.m2\repository\org\junit\vintage\junit-vintage-engine\5.8.2\junit-vintage-engine-5.8.2.jar;C:\Users\WINDOWS 10\.m2\repository\junit\junit\4.13.2\junit-4.13.2.jar;C:\Users\WINDOWS 10\.m2\repository\org\hamcrest\hamcrest-core\1.3\hamcrest-core-1.3.jar;C:\Users\WINDOWS 10\.m2\repository\ch\qos\logback\logback-classic\1.2.10\logback-classic-1.2.10.jar;C:\Users\WINDOWS 10\.m2\repository\ch\qos\logback\logback-core\1.2.10\logback-core-1.2.10.jar;C:\Users\WINDOWS 10\.m2\repository\org\slf4j\slf4j-api\1.7.32\slf4j-api-1.7.32.jar;C:\Users\WINDOWS 10\.m2\repository\org\assertj\assertj-core\3.23.1\assertj-core-3.23.1.jar;C:\Users\WINDOWS 10\.m2\repository\net\bytebuddy\byte-buddy\1.12.10\byte-buddy-1.12.10.jar;"/>
    <property name="java.vm.vendor" value="Oracle Corporation"/>
    <property name="sun.arch.data.model" value="64"/>
    <property name="user.variant" value=""/>
    <property name="java.vendor.url" value="https://java.oracle.com/"/>
    <property name="user.timezone" value="Asia/Bangkok"/>
    <property name="os.name" value="Windows 10"/>
    <property name="java.vm.specification.version" value="15"/>
    <property name="sun.java.launcher" value="SUN_STANDARD"/>
    <property name="user.country" value="US"/>
    <property name="sun.boot.library.path" value="C:\Program Files\Java\jdk-15\bin"/>
    <property name="sun.java.command" value="org.apache.maven.surefire.booter.ForkedBooter C:\Users\WINDOWS 10\AppData\Local\Temp\surefire8769104723508145836 2023-04-05T21-28-23_489-jvmRun1 surefire1507632750117292038tmp surefire_06288602265185517092tmp"/>
    <property name="jdk.debug" value="release"/>
    <property name="surefire.test.class.path" value="C:\Users\WINDOWS 10\Documents\GitHub\QE_Andira_Ms\11_Web_Programming_&amp;_Testing\Praktikum\Testing_with_Serenity\Prioritas1\alta\target\test-classes;C:\Users\WINDOWS 10\.m2\repository\net\serenity-bdd\serenity-core\3.6.21\serenity-core-3.6.21.jar;C:\Users\WINDOWS 10\.m2\repository\net\serenity-bdd\serenity-model\3.6.21\serenity-model-3.6.21.jar;C:\Users\WINDOWS 10\.m2\repository\org\apache\commons\commons-text\1.10.0\commons-text-1.10.0.jar;C:\Users\WINDOWS 10\.m2\repository\commons-net\commons-net\3.9.0\commons-net-3.9.0.jar;C:\Users\WINDOWS 10\.m2\repository\com\google\guava\guava\31.1-jre\guava-31.1-jre.jar;C:\Users\WINDOWS 10\.m2\repository\com\google\guava\failureaccess\1.0.1\failureaccess-1.0.1.jar;C:\Users\WINDOWS 10\.m2\repository\com\google\guava\listenablefuture\9999.0-empty-to-avoid-conflict-with-guava\listenablefuture-9999.0-empty-to-avoid-conflict-with-guava.jar;C:\Users\WINDOWS 10\.m2\repository\com\google\code\findbugs\jsr305\3.0.2\jsr305-3.0.2.jar;C:\Users\WINDOWS 10\.m2\repository\org\checkerframework\checker-qual\3.12.0\checker-qual-3.12.0.jar;C:\Users\WINDOWS 10\.m2\repository\com\google\errorprone\error_prone_annotations\2.11.0\error_prone_annotations-2.11.0.jar;C:\Users\WINDOWS 10\.m2\repository\com\google\j2objc\j2objc-annotations\1.3\j2objc-annotations-1.3.jar;C:\Users\WINDOWS 10\.m2\repository\com\google\inject\guice\5.1.0\guice-5.1.0.jar;C:\Users\WINDOWS 10\.m2\repository\javax\inject\javax.inject\1\javax.inject-1.jar;C:\Users\WINDOWS 10\.m2\repository\aopalliance\aopalliance\1.0\aopalliance-1.0.jar;C:\Users\WINDOWS 10\.m2\repository\org\jsoup\jsoup\1.14.3\jsoup-1.14.3.jar;C:\Users\WINDOWS 10\.m2\repository\com\thoughtworks\xstream\xstream\1.4.20\xstream-1.4.20.jar;C:\Users\WINDOWS 10\.m2\repository\io\github\x-stream\mxparser\1.2.2\mxparser-1.2.2.jar;C:\Users\WINDOWS 10\.m2\repository\xmlpull\xmlpull\1.1.3.1\xmlpull-1.1.3.1.jar;C:\Users\WINDOWS 10\.m2\repository\com\typesafe\config\1.4.2\config-1.4.2.jar;C:\Users\WINDOWS 10\.m2\repository\org\imgscalr\imgscalr-lib\4.2\imgscalr-lib-4.2.jar;C:\Users\WINDOWS 10\.m2\repository\org\awaitility\awaitility\4.2.0\awaitility-4.2.0.jar;C:\Users\WINDOWS 10\.m2\repository\org\freemarker\freemarker\2.3.31\freemarker-2.3.31.jar;C:\Users\WINDOWS 10\.m2\repository\io\github\classgraph\classgraph\4.8.138\classgraph-4.8.138.jar;C:\Users\WINDOWS 10\.m2\repository\net\sourceforge\jexcelapi\jxl\2.6.12\jxl-2.6.12.jar;C:\Users\WINDOWS 10\.m2\repository\net\bytebuddy\byte-buddy-agent\1.14.2\byte-buddy-agent-1.14.2.jar;C:\Users\WINDOWS 10\.m2\repository\org\objenesis\objenesis\3.3\objenesis-3.3.jar;C:\Users\WINDOWS 10\.m2\repository\net\serenity-bdd\serenity-reports\3.6.21\serenity-reports-3.6.21.jar;C:\Users\WINDOWS 10\.m2\repository\net\serenity-bdd\serenity-stats\3.6.21\serenity-stats-3.6.21.jar;C:\Users\WINDOWS 10\.m2\repository\net\serenity-bdd\serenity-reports-configuration\3.6.21\serenity-reports-configuration-3.6.21.jar;C:\Users\WINDOWS 10\.m2\repository\com\vladsch\flexmark\flexmark-all\0.62.2\flexmark-all-0.62.2.jar;C:\Users\WINDOWS 10\.m2\repository\com\vladsch\flexmark\flexmark\0.62.2\flexmark-0.62.2.jar;C:\Users\WINDOWS 10\.m2\repository\com\vladsch\flexmark\flexmark-ext-abbreviation\0.62.2\flexmark-ext-abbreviation-0.62.2.jar;C:\Users\WINDOWS 10\.m2\repository\com\vladsch\flexmark\flexmark-util\0.62.2\flexmark-util-0.62.2.jar;C:\Users\WINDOWS 10\.m2\repository\com\vladsch\flexmark\flexmark-ext-admonition\0.62.2\flexmark-ext-admonition-0.62.2.jar;C:\Users\WINDOWS 10\.m2\repository\com\vladsch\flexmark\flexmark-ext-anchorlink\0.62.2\flexmark-ext-anchorlink-0.62.2.jar;C:\Users\WINDOWS 10\.m2\repository\com\vladsch\flexmark\flexmark-ext-aside\0.62.2\flexmark-ext-aside-0.62.2.jar;C:\Users\WINDOWS 10\.m2\repository\com\vladsch\flexmark\flexmark-ext-attributes\0.62.2\flexmark-ext-attributes-0.62.2.jar;C:\Users\WINDOWS 10\.m2\repository\com\vladsch\flexmark\flexmark-ext-autolink\0.62.2\flexmark-ext-autolink-0.62.2.jar;C:\Users\WINDOWS 10\.m2\repository\org\nibor\autolink\autolink\0.6.0\autolink-0.6.0.jar;C:\Users\WINDOWS 10\.m2\repository\com\vladsch\flexmark\flexmark-ext-definition\0.62.2\flexmark-ext-definition-0.62.2.jar;C:\Users\WINDOWS 10\.m2\repository\com\vladsch\flexmark\flexmark-ext-emoji\0.62.2\flexmark-ext-emoji-0.62.2.jar;C:\Users\WINDOWS 10\.m2\repository\com\vladsch\flexmark\flexmark-ext-enumerated-reference\0.62.2\flexmark-ext-enumerated-reference-0.62.2.jar;C:\Users\WINDOWS 10\.m2\repository\com\vladsch\flexmark\flexmark-ext-escaped-character\0.62.2\flexmark-ext-escaped-character-0.62.2.jar;C:\Users\WINDOWS 10\.m2\repository\com\vladsch\flexmark\flexmark-ext-footnotes\0.62.2\flexmark-ext-footnotes-0.62.2.jar;C:\Users\WINDOWS 10\.m2\repository\com\vladsch\flexmark\flexmark-ext-gfm-issues\0.62.2\flexmark-ext-gfm-issues-0.62.2.jar;C:\Users\WINDOWS 10\.m2\repository\com\vladsch\flexmark\flexmark-ext-gfm-strikethrough\0.62.2\flexmark-ext-gfm-strikethrough-0.62.2.jar;C:\Users\WINDOWS 10\.m2\repository\com\vladsch\flexmark\flexmark-ext-gfm-tasklist\0.62.2\flexmark-ext-gfm-tasklist-0.62.2.jar;C:\Users\WINDOWS 10\.m2\repository\com\vladsch\flexmark\flexmark-ext-gfm-users\0.62.2\flexmark-ext-gfm-users-0.62.2.jar;C:\Users\WINDOWS 10\.m2\repository\com\vladsch\flexmark\flexmark-ext-gitlab\0.62.2\flexmark-ext-gitlab-0.62.2.jar;C:\Users\WINDOWS 10\.m2\repository\com\vladsch\flexmark\flexmark-ext-jekyll-front-matter\0.62.2\flexmark-ext-jekyll-front-matter-0.62.2.jar;C:\Users\WINDOWS 10\.m2\repository\com\vladsch\flexmark\flexmark-ext-jekyll-tag\0.62.2\flexmark-ext-jekyll-tag-0.62.2.jar;C:\Users\WINDOWS 10\.m2\repository\com\vladsch\flexmark\flexmark-ext-media-tags\0.62.2\flexmark-ext-media-tags-0.62.2.jar;C:\Users\WINDOWS 10\.m2\repository\com\vladsch\flexmark\flexmark-ext-macros\0.62.2\flexmark-ext-macros-0.62.2.jar;C:\Users\WINDOWS 10\.m2\repository\com\vladsch\flexmark\flexmark-ext-ins\0.62.2\flexmark-ext-ins-0.62.2.jar;C:\Users\WINDOWS 10\.m2\repository\com\vladsch\flexmark\flexmark-ext-xwiki-macros\0.62.2\flexmark-ext-xwiki-macros-0.62.2.jar;C:\Users\WINDOWS 10\.m2\repository\com\vladsch\flexmark\flexmark-ext-superscript\0.62.2\flexmark-ext-superscript-0.62.2.jar;C:\Users\WINDOWS 10\.m2\repository\com\vladsch\flexmark\flexmark-ext-tables\0.62.2\flexmark-ext-tables-0.62.2.jar;C:\Users\WINDOWS 10\.m2\repository\com\vladsch\flexmark\flexmark-ext-toc\0.62.2\flexmark-ext-toc-0.62.2.jar;C:\Users\WINDOWS 10\.m2\repository\com\vladsch\flexmark\flexmark-ext-typographic\0.62.2\flexmark-ext-typographic-0.62.2.jar;C:\Users\WINDOWS 10\.m2\repository\com\vladsch\flexmark\flexmark-ext-wikilink\0.62.2\flexmark-ext-wikilink-0.62.2.jar;C:\Users\WINDOWS 10\.m2\repository\com\vladsch\flexmark\flexmark-ext-yaml-front-matter\0.62.2\flexmark-ext-yaml-front-matter-0.62.2.jar;C:\Users\WINDOWS 10\.m2\repository\com\vladsch\flexmark\flexmark-ext-youtube-embedded\0.62.2\flexmark-ext-youtube-embedded-0.62.2.jar;C:\Users\WINDOWS 10\.m2\repository\com\vladsch\flexmark\flexmark-html2md-converter\0.62.2\flexmark-html2md-converter-0.62.2.jar;C:\Users\WINDOWS 10\.m2\repository\com\vladsch\flexmark\flexmark-jira-converter\0.62.2\flexmark-jira-converter-0.62.2.jar;C:\Users\WINDOWS 10\.m2\repository\com\vladsch\flexmark\flexmark-pdf-converter\0.62.2\flexmark-pdf-converter-0.62.2.jar;C:\Users\WINDOWS 10\.m2\repository\com\openhtmltopdf\openhtmltopdf-core\1.0.0\openhtmltopdf-core-1.0.0.jar;C:\Users\WINDOWS 10\.m2\repository\com\openhtmltopdf\openhtmltopdf-pdfbox\1.0.0\openhtmltopdf-pdfbox-1.0.0.jar;C:\Users\WINDOWS 10\.m2\repository\org\apache\pdfbox\pdfbox\2.0.16\pdfbox-2.0.16.jar;C:\Users\WINDOWS 10\.m2\repository\org\apache\pdfbox\fontbox\2.0.16\fontbox-2.0.16.jar;C:\Users\WINDOWS 10\.m2\repository\org\apache\pdfbox\xmpbox\2.0.16\xmpbox-2.0.16.jar;C:\Users\WINDOWS 10\.m2\repository\de\rototor\pdfbox\graphics2d\0.24\graphics2d-0.24.jar;C:\Users\WINDOWS 10\.m2\repository\com\openhtmltopdf\openhtmltopdf-rtl-support\1.0.0\openhtmltopdf-rtl-support-1.0.0.jar;C:\Users\WINDOWS 10\.m2\repository\com\openhtmltopdf\openhtmltopdf-jsoup-dom-converter\1.0.0\openhtmltopdf-jsoup-dom-converter-1.0.0.jar;C:\Users\WINDOWS 10\.m2\repository\com\vladsch\flexmark\flexmark-profile-pegdown\0.62.2\flexmark-profile-pegdown-0.62.2.jar;C:\Users\WINDOWS 10\.m2\repository\com\vladsch\flexmark\flexmark-util-ast\0.62.2\flexmark-util-ast-0.62.2.jar;C:\Users\WINDOWS 10\.m2\repository\com\vladsch\flexmark\flexmark-util-builder\0.62.2\flexmark-util-builder-0.62.2.jar;C:\Users\WINDOWS 10\.m2\repository\com\vladsch\flexmark\flexmark-util-collection\0.62.2\flexmark-util-collection-0.62.2.jar;C:\Users\WINDOWS 10\.m2\repository\com\vladsch\flexmark\flexmark-util-data\0.62.2\flexmark-util-data-0.62.2.jar;C:\Users\WINDOWS 10\.m2\repository\com\vladsch\flexmark\flexmark-util-dependency\0.62.2\flexmark-util-dependency-0.62.2.jar;C:\Users\WINDOWS 10\.m2\repository\com\vladsch\flexmark\flexmark-util-format\0.62.2\flexmark-util-format-0.62.2.jar;C:\Users\WINDOWS 10\.m2\repository\com\vladsch\flexmark\flexmark-util-html\0.62.2\flexmark-util-html-0.62.2.jar;C:\Users\WINDOWS 10\.m2\repository\com\vladsch\flexmark\flexmark-util-misc\0.62.2\flexmark-util-misc-0.62.2.jar;C:\Users\WINDOWS 10\.m2\repository\com\vladsch\flexmark\flexmark-util-options\0.62.2\flexmark-util-options-0.62.2.jar;C:\Users\WINDOWS 10\.m2\repository\com\vladsch\flexmark\flexmark-util-sequence\0.62.2\flexmark-util-sequence-0.62.2.jar;C:\Users\WINDOWS 10\.m2\repository\com\vladsch\flexmark\flexmark-util-visitor\0.62.2\flexmark-util-visitor-0.62.2.jar;C:\Users\WINDOWS 10\.m2\repository\com\vladsch\flexmark\flexmark-youtrack-converter\0.62.2\flexmark-youtrack-converter-0.62.2.jar;C:\Users\WINDOWS 10\.m2\repository\com\ibm\icu\icu4j\72.1\icu4j-72.1.jar;C:\Users\WINDOWS 10\.m2\repository\es\nitaur\markdown\txtmark\0.16\txtmark-0.16.jar;C:\Users\WINDOWS 10\.m2\repository\net\serenity-bdd\serenity-report-resources\3.6.21\serenity-report-resources-3.6.21.jar;C:\Users\WINDOWS 10\.m2\repository\com\google\code\gson\gson\2.10.1\gson-2.10.1.jar;C:\Users\WINDOWS 10\.m2\repository\com\fasterxml\jackson\core\jackson-core\2.15.0-rc1\jackson-core-2.15.0-rc1.jar;C:\Users\WINDOWS 10\.m2\repository\com\fasterxml\jackson\core\jackson-databind\2.15.0-rc1\jackson-databind-2.15.0-rc1.jar;C:\Users\WINDOWS 10\.m2\repository\com\fasterxml\jackson\core\jackson-annotations\2.15.0-rc1\jackson-annotations-2.15.0-rc1.jar;C:\Users\WINDOWS 10\.m2\repository\commons-codec\commons-codec\1.15\commons-codec-1.15.jar;C:\Users\WINDOWS 10\.m2\repository\commons-io\commons-io\2.11.0\commons-io-2.11.0.jar;C:\Users\WINDOWS 10\.m2\repository\org\apache\httpcomponents\httpclient\4.5.13\httpclient-4.5.13.jar;C:\Users\WINDOWS 10\.m2\repository\org\apache\httpcomponents\httpcore\4.4.13\httpcore-4.4.13.jar;C:\Users\WINDOWS 10\.m2\repository\commons-logging\commons-logging\1.2\commons-logging-1.2.jar;C:\Users\WINDOWS 10\.m2\repository\org\seleniumhq\selenium\selenium-java\4.8.1\selenium-java-4.8.1.jar;C:\Users\WINDOWS 10\.m2\repository\org\seleniumhq\selenium\selenium-devtools-v108\4.8.1\selenium-devtools-v108-4.8.1.jar;C:\Users\WINDOWS 10\.m2\repository\org\seleniumhq\selenium\selenium-devtools-v109\4.8.1\selenium-devtools-v109-4.8.1.jar;C:\Users\WINDOWS 10\.m2\repository\org\seleniumhq\selenium\selenium-devtools-v110\4.8.1\selenium-devtools-v110-4.8.1.jar;C:\Users\WINDOWS 10\.m2\repository\org\seleniumhq\selenium\selenium-devtools-v85\4.8.1\selenium-devtools-v85-4.8.1.jar;C:\Users\WINDOWS 10\.m2\repository\org\seleniumhq\selenium\selenium-remote-driver\4.8.1\selenium-remote-driver-4.8.1.jar;C:\Users\WINDOWS 10\.m2\repository\com\beust\jcommander\1.82\jcommander-1.82.jar;C:\Users\WINDOWS 10\.m2\repository\io\netty\netty-buffer\4.1.87.Final\netty-buffer-4.1.87.Final.jar;C:\Users\WINDOWS 10\.m2\repository\io\netty\netty-codec-http\4.1.87.Final\netty-codec-http-4.1.87.Final.jar;C:\Users\WINDOWS 10\.m2\repository\io\netty\netty-codec\4.1.87.Final\netty-codec-4.1.87.Final.jar;C:\Users\WINDOWS 10\.m2\repository\io\netty\netty-handler\4.1.87.Final\netty-handler-4.1.87.Final.jar;C:\Users\WINDOWS 10\.m2\repository\io\netty\netty-common\4.1.87.Final\netty-common-4.1.87.Final.jar;C:\Users\WINDOWS 10\.m2\repository\io\netty\netty-transport-classes-epoll\4.1.87.Final\netty-transport-classes-epoll-4.1.87.Final.jar;C:\Users\WINDOWS 10\.m2\repository\io\netty\netty-transport-classes-kqueue\4.1.87.Final\netty-transport-classes-kqueue-4.1.87.Final.jar;C:\Users\WINDOWS 10\.m2\repository\io\netty\netty-transport-native-epoll\4.1.87.Final\netty-transport-native-epoll-4.1.87.Final.jar;C:\Users\WINDOWS 10\.m2\repository\io\netty\netty-transport-native-kqueue\4.1.87.Final\netty-transport-native-kqueue-4.1.87.Final.jar;C:\Users\WINDOWS 10\.m2\repository\io\netty\netty-transport-native-unix-common\4.1.87.Final\netty-transport-native-unix-common-4.1.87.Final.jar;C:\Users\WINDOWS 10\.m2\repository\io\netty\netty-transport\4.1.87.Final\netty-transport-4.1.87.Final.jar;C:\Users\WINDOWS 10\.m2\repository\io\netty\netty-resolver\4.1.87.Final\netty-resolver-4.1.87.Final.jar;C:\Users\WINDOWS 10\.m2\repository\io\opentelemetry\opentelemetry-api\1.22.0\opentelemetry-api-1.22.0.jar;C:\Users\WINDOWS 10\.m2\repository\io\opentelemetry\opentelemetry-context\1.22.0\opentelemetry-context-1.22.0.jar;C:\Users\WINDOWS 10\.m2\repository\io\opentelemetry\opentelemetry-exporter-logging\1.22.0\opentelemetry-exporter-logging-1.22.0.jar;C:\Users\WINDOWS 10\.m2\repository\io\opentelemetry\opentelemetry-sdk-metrics\1.22.0\opentelemetry-sdk-metrics-1.22.0.jar;C:\Users\WINDOWS 10\.m2\repository\io\opentelemetry\opentelemetry-sdk-logs\1.22.0-alpha\opentelemetry-sdk-logs-1.22.0-alpha.jar;C:\Users\WINDOWS 10\.m2\repository\io\opentelemetry\opentelemetry-api-logs\1.22.0-alpha\opentelemetry-api-logs-1.22.0-alpha.jar;C:\Users\WINDOWS 10\.m2\repository\io\opentelemetry\opentelemetry-sdk-common\1.22.0\opentelemetry-sdk-common-1.22.0.jar;C:\Users\WINDOWS 10\.m2\repository\io\opentelemetry\opentelemetry-sdk-extension-autoconfigure-spi\1.22.0\opentelemetry-sdk-extension-autoconfigure-spi-1.22.0.jar;C:\Users\WINDOWS 10\.m2\repository\io\opentelemetry\opentelemetry-sdk-extension-autoconfigure\1.22.0-alpha\opentelemetry-sdk-extension-autoconfigure-1.22.0-alpha.jar;C:\Users\WINDOWS 10\.m2\repository\io\opentelemetry\opentelemetry-sdk-trace\1.22.0\opentelemetry-sdk-trace-1.22.0.jar;C:\Users\WINDOWS 10\.m2\repository\io\opentelemetry\opentelemetry-sdk\1.22.0\opentelemetry-sdk-1.22.0.jar;C:\Users\WINDOWS 10\.m2\repository\io\opentelemetry\opentelemetry-semconv\1.22.0-alpha\opentelemetry-semconv-1.22.0-alpha.jar;C:\Users\WINDOWS 10\.m2\repository\io\ous\jtoml\2.0.0\jtoml-2.0.0.jar;C:\Users\WINDOWS 10\.m2\repository\org\apache\commons\commons-exec\1.3\commons-exec-1.3.jar;C:\Users\WINDOWS 10\.m2\repository\org\asynchttpclient\async-http-client\2.12.3\async-http-client-2.12.3.jar;C:\Users\WINDOWS 10\.m2\repository\org\asynchttpclient\async-http-client-netty-utils\2.12.3\async-http-client-netty-utils-2.12.3.jar;C:\Users\WINDOWS 10\.m2\repository\io\netty\netty-codec-socks\4.1.60.Final\netty-codec-socks-4.1.60.Final.jar;C:\Users\WINDOWS 10\.m2\repository\io\netty\netty-handler-proxy\4.1.60.Final\netty-handler-proxy-4.1.60.Final.jar;C:\Users\WINDOWS 10\.m2\repository\io\netty\netty-transport-native-epoll\4.1.60.Final\netty-transport-native-epoll-4.1.60.Final-linux-x86_64.jar;C:\Users\WINDOWS 10\.m2\repository\io\netty\netty-transport-native-kqueue\4.1.60.Final\netty-transport-native-kqueue-4.1.60.Final-osx-x86_64.jar;C:\Users\WINDOWS 10\.m2\repository\org\reactivestreams\reactive-streams\1.0.3\reactive-streams-1.0.3.jar;C:\Users\WINDOWS 10\.m2\repository\com\typesafe\netty\netty-reactive-streams\2.0.4\netty-reactive-streams-2.0.4.jar;C:\Users\WINDOWS 10\.m2\repository\org\seleniumhq\selenium\selenium-manager\4.8.1\selenium-manager-4.8.1.jar;C:\Users\WINDOWS 10\.m2\repository\org\seleniumhq\selenium\selenium-safari-driver\4.8.1\selenium-safari-driver-4.8.1.jar;C:\Users\WINDOWS 10\.m2\repository\org\seleniumhq\selenium\selenium-api\4.8.1\selenium-api-4.8.1.jar;C:\Users\WINDOWS 10\.m2\repository\org\seleniumhq\selenium\selenium-support\4.8.1\selenium-support-4.8.1.jar;C:\Users\WINDOWS 10\.m2\repository\com\google\auto\service\auto-service-annotations\1.0.1\auto-service-annotations-1.0.1.jar;C:\Users\WINDOWS 10\.m2\repository\com\google\auto\service\auto-service\1.0.1\auto-service-1.0.1.jar;C:\Users\WINDOWS 10\.m2\repository\com\google\auto\auto-common\1.2\auto-common-1.2.jar;C:\Users\WINDOWS 10\.m2\repository\org\seleniumhq\selenium\selenium-json\4.8.1\selenium-json-4.8.1.jar;C:\Users\WINDOWS 10\.m2\repository\org\seleniumhq\selenium\selenium-chrome-driver\4.8.1\selenium-chrome-driver-4.8.1.jar;C:\Users\WINDOWS 10\.m2\repository\org\seleniumhq\selenium\selenium-chromium-driver\4.8.1\selenium-chromium-driver-4.8.1.jar;C:\Users\WINDOWS 10\.m2\repository\org\seleniumhq\selenium\selenium-firefox-driver\4.8.1\selenium-firefox-driver-4.8.1.jar;C:\Users\WINDOWS 10\.m2\repository\org\seleniumhq\selenium\selenium-http\4.8.1\selenium-http-4.8.1.jar;C:\Users\WINDOWS 10\.m2\repository\dev\failsafe\failsafe\3.3.0\failsafe-3.3.0.jar;C:\Users\WINDOWS 10\.m2\repository\org\seleniumhq\selenium\selenium-edge-driver\4.8.1\selenium-edge-driver-4.8.1.jar;C:\Users\WINDOWS 10\.m2\repository\org\seleniumhq\selenium\selenium-ie-driver\4.8.1\selenium-ie-driver-4.8.1.jar;C:\Users\WINDOWS 10\.m2\repository\org\projectlombok\lombok\1.18.20\lombok-1.18.20.jar;C:\Users\WINDOWS 10\.m2\repository\io\appium\java-client\8.3.0\java-client-8.3.0.jar;C:\Users\WINDOWS 10\.m2\repository\commons-validator\commons-validator\1.7\commons-validator-1.7.jar;C:\Users\WINDOWS 10\.m2\repository\commons-digester\commons-digester\2.1\commons-digester-2.1.jar;C:\Users\WINDOWS 10\.m2\repository\org\apache\groovy\groovy\4.0.10\groovy-4.0.10.jar;C:\Users\WINDOWS 10\.m2\repository\net\sf\opencsv\opencsv\2.0\opencsv-2.0.jar;C:\Users\WINDOWS 10\.m2\repository\commons-beanutils\commons-beanutils\1.9.4\commons-beanutils-1.9.4.jar;C:\Users\WINDOWS 10\.m2\repository\org\apache\commons\commons-lang3\3.12.0\commons-lang3-3.12.0.jar;C:\Users\WINDOWS 10\.m2\repository\commons-collections\commons-collections\3.2.2\commons-collections-3.2.2.jar;C:\Users\WINDOWS 10\.m2\repository\org\fluentlenium\fluentlenium-core\0.10.2\fluentlenium-core-0.10.2.jar;C:\Users\WINDOWS 10\.m2\repository\io\github\bonigarcia\webdrivermanager\5.3.0\webdrivermanager-5.3.0.jar;C:\Users\WINDOWS 10\.m2\repository\com\github\docker-java\docker-java\3.2.13\docker-java-3.2.13.jar;C:\Users\WINDOWS 10\.m2\repository\com\github\docker-java\docker-java-core\3.2.13\docker-java-core-3.2.13.jar;C:\Users\WINDOWS 10\.m2\repository\com\github\docker-java\docker-java-api\3.2.13\docker-java-api-3.2.13.jar;C:\Users\WINDOWS 10\.m2\repository\org\apache\commons\commons-compress\1.21\commons-compress-1.21.jar;C:\Users\WINDOWS 10\.m2\repository\org\bouncycastle\bcpkix-jdk15on\1.64\bcpkix-jdk15on-1.64.jar;C:\Users\WINDOWS 10\.m2\repository\org\bouncycastle\bcprov-jdk15on\1.64\bcprov-jdk15on-1.64.jar;C:\Users\WINDOWS 10\.m2\repository\org\slf4j\jcl-over-slf4j\1.7.30\jcl-over-slf4j-1.7.30.jar;C:\Users\WINDOWS 10\.m2\repository\com\github\docker-java\docker-java-transport-httpclient5\3.2.13\docker-java-transport-httpclient5-3.2.13.jar;C:\Users\WINDOWS 10\.m2\repository\com\github\docker-java\docker-java-transport\3.2.13\docker-java-transport-3.2.13.jar;C:\Users\WINDOWS 10\.m2\repository\net\java\dev\jna\jna\5.8.0\jna-5.8.0.jar;C:\Users\WINDOWS 10\.m2\repository\org\brotli\dec\0.1.2\dec-0.1.2.jar;C:\Users\WINDOWS 10\.m2\repository\org\apache\httpcomponents\client5\httpclient5\5.1.3\httpclient5-5.1.3.jar;C:\Users\WINDOWS 10\.m2\repository\org\apache\httpcomponents\core5\httpcore5\5.1.3\httpcore5-5.1.3.jar;C:\Users\WINDOWS 10\.m2\repository\org\apache\httpcomponents\core5\httpcore5-h2\5.1.3\httpcore5-h2-5.1.3.jar;C:\Users\WINDOWS 10\.m2\repository\com\jhlabs\filters\2.0.235\filters-2.0.235.jar;C:\Users\WINDOWS 10\.m2\repository\com\paulhammant\ngwebdriver\1.1.6\ngwebdriver-1.1.6.jar;C:\Users\WINDOWS 10\.m2\repository\joda-time\joda-time\2.12.2\joda-time-2.12.2.jar;C:\Users\WINDOWS 10\.m2\repository\org\hamcrest\hamcrest\2.2\hamcrest-2.2.jar;C:\Users\WINDOWS 10\.m2\repository\com\google\jimfs\jimfs\1.2\jimfs-1.2.jar;C:\Users\WINDOWS 10\.m2\repository\org\mockito\mockito-core\3.3.3\mockito-core-3.3.3.jar;C:\Users\WINDOWS 10\.m2\repository\javax\xml\bind\jaxb-api\2.3.1\jaxb-api-2.3.1.jar;C:\Users\WINDOWS 10\.m2\repository\javax\activation\javax.activation-api\1.2.0\javax.activation-api-1.2.0.jar;C:\Users\WINDOWS 10\.m2\repository\com\sun\xml\bind\jaxb-core\2.3.0.1\jaxb-core-2.3.0.1.jar;C:\Users\WINDOWS 10\.m2\repository\com\sun\xml\bind\jaxb-impl\2.3.3\jaxb-impl-2.3.3.jar;C:\Users\WINDOWS 10\.m2\repository\jakarta\xml\bind\jakarta.xml.bind-api\2.3.3\jakarta.xml.bind-api-2.3.3.jar;C:\Users\WINDOWS 10\.m2\repository\com\sun\activation\jakarta.activation\1.2.2\jakarta.activation-1.2.2.jar;C:\Users\WINDOWS 10\.m2\repository\javax\activation\activation\1.1.1\activation-1.1.1.jar;C:\Users\WINDOWS 10\.m2\repository\net\serenity-bdd\serenity-cucumber\3.6.21\serenity-cucumber-3.6.21.jar;C:\Users\WINDOWS 10\.m2\repository\io\cucumber\cucumber-core\7.11.0\cucumber-core-7.11.0.jar;C:\Users\WINDOWS 10\.m2\repository\io\cucumber\cucumber-gherkin\7.11.0\cucumber-gherkin-7.11.0.jar;C:\Users\WINDOWS 10\.m2\repository\io\cucumber\cucumber-gherkin-messages\7.11.0\cucumber-gherkin-messages-7.11.0.jar;C:\Users\WINDOWS 10\.m2\repository\io\cucumber\gherkin\26.0.3\gherkin-26.0.3.jar;C:\Users\WINDOWS 10\.m2\repository\io\cucumber\messages\21.0.1\messages-21.0.1.jar;C:\Users\WINDOWS 10\.m2\repository\io\cucumber\tag-expressions\5.0.1\tag-expressions-5.0.1.jar;C:\Users\WINDOWS 10\.m2\repository\io\cucumber\cucumber-expressions\16.1.1\cucumber-expressions-16.1.1.jar;C:\Users\WINDOWS 10\.m2\repository\io\cucumber\datatable\7.11.0\datatable-7.11.0.jar;C:\Users\WINDOWS 10\.m2\repository\io\cucumber\cucumber-plugin\7.11.0\cucumber-plugin-7.11.0.jar;C:\Users\WINDOWS 10\.m2\repository\io\cucumber\docstring\7.11.0\docstring-7.11.0.jar;C:\Users\WINDOWS 10\.m2\repository\io\cucumber\html-formatter\20.2.1\html-formatter-20.2.1.jar;C:\Users\WINDOWS 10\.m2\repository\io\cucumber\junit-xml-formatter\0.1.0\junit-xml-formatter-0.1.0.jar;C:\Users\WINDOWS 10\.m2\repository\io\cucumber\ci-environment\9.1.0\ci-environment-9.1.0.jar;C:\Users\WINDOWS 10\.m2\repository\io\cucumber\cucumber-java\7.11.0\cucumber-java-7.11.0.jar;C:\Users\WINDOWS 10\.m2\repository\io\cucumber\cucumber-junit\7.11.0\cucumber-junit-7.11.0.jar;C:\Users\WINDOWS 10\.m2\repository\org\apache\commons\commons-csv\1.5\commons-csv-1.5.jar;C:\Users\WINDOWS 10\.m2\repository\net\serenity-bdd\serenity-screenplay\3.6.21\serenity-screenplay-3.6.21.jar;C:\Users\WINDOWS 10\.m2\repository\net\serenity-bdd\serenity-screenplay-webdriver\3.6.21\serenity-screenplay-webdriver-3.6.21.jar;C:\Users\WINDOWS 10\.m2\repository\net\serenity-bdd\serenity-ensure\3.6.21\serenity-ensure-3.6.21.jar;C:\Users\WINDOWS 10\.m2\repository\net\serenity-bdd\serenity-junit\3.6.21\serenity-junit-3.6.21.jar;C:\Users\WINDOWS 10\.m2\repository\org\jetbrains\kotlin\kotlin-stdlib\1.8.10\kotlin-stdlib-1.8.10.jar;C:\Users\WINDOWS 10\.m2\repository\org\jetbrains\kotlin\kotlin-stdlib-common\1.8.10\kotlin-stdlib-common-1.8.10.jar;C:\Users\WINDOWS 10\.m2\repository\org\jetbrains\annotations\13.0\annotations-13.0.jar;C:\Users\WINDOWS 10\.m2\repository\org\junit\platform\junit-platform-launcher\1.8.2\junit-platform-launcher-1.8.2.jar;C:\Users\WINDOWS 10\.m2\repository\org\junit\platform\junit-platform-engine\1.8.2\junit-platform-engine-1.8.2.jar;C:\Users\WINDOWS 10\.m2\repository\org\opentest4j\opentest4j\1.2.0\opentest4j-1.2.0.jar;C:\Users\WINDOWS 10\.m2\repository\org\junit\platform\junit-platform-commons\1.8.2\junit-platform-commons-1.8.2.jar;C:\Users\WINDOWS 10\.m2\repository\org\apiguardian\apiguardian-api\1.1.2\apiguardian-api-1.1.2.jar;C:\Users\WINDOWS 10\.m2\repository\org\junit\jupiter\junit-jupiter-engine\5.8.2\junit-jupiter-engine-5.8.2.jar;C:\Users\WINDOWS 10\.m2\repository\org\junit\jupiter\junit-jupiter-api\5.8.2\junit-jupiter-api-5.8.2.jar;C:\Users\WINDOWS 10\.m2\repository\org\junit\vintage\junit-vintage-engine\5.8.2\junit-vintage-engine-5.8.2.jar;C:\Users\WINDOWS 10\.m2\repository\junit\junit\4.13.2\junit-4.13.2.jar;C:\Users\WINDOWS 10\.m2\repository\org\hamcrest\hamcrest-core\1.3\hamcrest-core-1.3.jar;C:\Users\WINDOWS 10\.m2\repository\ch\qos\logback\logback-classic\1.2.10\logback-classic-1.2.10.jar;C:\Users\WINDOWS 10\.m2\repository\ch\qos\logback\logback-core\1.2.10\logback-core-1.2.10.jar;C:\Users\WINDOWS 10\.m2\repository\org\slf4j\slf4j-api\1.7.32\slf4j-api-1.7.32.jar;C:\Users\WINDOWS 10\.m2\repository\org\assertj\assertj-core\3.23.1\assertj-core-3.23.1.jar;C:\Users\WINDOWS 10\.m2\repository\net\bytebuddy\byte-buddy\1.12.10\byte-buddy-1.12.10.jar;"/>
    <property name="sun.cpu.endian" value="little"/>
    <property name="user.home" value="C:\Users\WINDOWS 10"/>
    <property name="user.language" value="en"/>
    <property name="java.specification.vendor" value="Oracle Corporation"/>
    <property name="jdk.module.path" value="C:\Users\WINDOWS 10\Documents\GitHub\QE_Andira_Ms\11_Web_Programming_&amp;_Testing\Praktikum\Testing_with_Serenity\Prioritas1\alta\target\alta-1.0-SNAPSHOT.jar"/>
    <property name="java.version.date" value="2020-09-15"/>
    <property name="java.home" value="C:\Program Files\Java\jdk-15"/>
    <property name="file.separator" value="\"/>
    <property name="basedir" value="C:\Users\WINDOWS 10\Documents\GitHub\QE_Andira_Ms\11_Web_Programming_&amp;_Testing\Praktikum\Testing_with_Serenity\Prioritas1\alta"/>
    <property name="java.vm.compressedOopsMode" value="Zero based"/>
    <property name="line.separator" value="&#10;"/>
    <property name="java.vm.specification.vendor" value="Oracle Corporation"/>
    <property name="java.specification.name" value="Java Platform API Specification"/>
    <property name="surefire.real.class.path" value="C:\Users\WINDOWS 10\.m2\repository\org\apache\maven\surefire\surefire-booter\3.0.0-M5\surefire-booter-3.0.0-M5.jar;C:\Users\WINDOWS 10\.m2\repository\org\apache\maven\surefire\surefire-api\3.0.0-M5\surefire-api-3.0.0-M5.jar;C:\Users\WINDOWS 10\.m2\repository\org\apache\maven\surefire\surefire-logger-api\3.0.0-M5\surefire-logger-api-3.0.0-M5.jar;C:\Users\WINDOWS 10\.m2\repository\org\apache\maven\surefire\surefire-shared-utils\3.0.0-M4\surefire-shared-utils-3.0.0-M4.jar;C:\Users\WINDOWS 10\.m2\repository\org\apache\maven\surefire\surefire-extensions-spi\3.0.0-M5\surefire-extensions-spi-3.0.0-M5.jar;C:\Users\WINDOWS 10\Documents\GitHub\QE_Andira_Ms\11_Web_Programming_&amp;_Testing\Praktikum\Testing_with_Serenity\Prioritas1\alta\target\test-classes;C:\Users\WINDOWS 10\.m2\repository\net\serenity-bdd\serenity-core\3.6.21\serenity-core-3.6.21.jar;C:\Users\WINDOWS 10\.m2\repository\net\serenity-bdd\serenity-model\3.6.21\serenity-model-3.6.21.jar;C:\Users\WINDOWS 10\.m2\repository\org\apache\commons\commons-text\1.10.0\commons-text-1.10.0.jar;C:\Users\WINDOWS 10\.m2\repository\commons-net\commons-net\3.9.0\commons-net-3.9.0.jar;C:\Users\WINDOWS 10\.m2\repository\com\google\guava\guava\31.1-jre\guava-31.1-jre.jar;C:\Users\WINDOWS 10\.m2\repository\com\google\guava\failureaccess\1.0.1\failureaccess-1.0.1.jar;C:\Users\WINDOWS 10\.m2\repository\com\google\guava\listenablefuture\9999.0-empty-to-avoid-conflict-with-guava\listenablefuture-9999.0-empty-to-avoid-conflict-with-guava.jar;C:\Users\WINDOWS 10\.m2\repository\com\google\code\findbugs\jsr305\3.0.2\jsr305-3.0.2.jar;C:\Users\WINDOWS 10\.m2\repository\org\checkerframework\checker-qual\3.12.0\checker-qual-3.12.0.jar;C:\Users\WINDOWS 10\.m2\repository\com\google\errorprone\error_prone_annotations\2.11.0\error_prone_annotations-2.11.0.jar;C:\Users\WINDOWS 10\.m2\repository\com\google\j2objc\j2objc-annotations\1.3\j2objc-annotations-1.3.jar;C:\Users\WINDOWS 10\.m2\repository\com\google\inject\guice\5.1.0\guice-5.1.0.jar;C:\Users\WINDOWS 10\.m2\repository\javax\inject\javax.inject\1\javax.inject-1.jar;C:\Users\WINDOWS 10\.m2\repository\aopalliance\aopalliance\1.0\aopalliance-1.0.jar;C:\Users\WINDOWS 10\.m2\repository\org\jsoup\jsoup\1.14.3\jsoup-1.14.3.jar;C:\Users\WINDOWS 10\.m2\repository\com\thoughtworks\xstream\xstream\1.4.20\xstream-1.4.20.jar;C:\Users\WINDOWS 10\.m2\repository\io\github\x-stream\mxparser\1.2.2\mxparser-1.2.2.jar;C:\Users\WINDOWS 10\.m2\repository\xmlpull\xmlpull\1.1.3.1\xmlpull-1.1.3.1.jar;C:\Users\WINDOWS 10\.m2\repository\com\typesafe\config\1.4.2\config-1.4.2.jar;C:\Users\WINDOWS 10\.m2\repository\org\imgscalr\imgscalr-lib\4.2\imgscalr-lib-4.2.jar;C:\Users\WINDOWS 10\.m2\repository\org\awaitility\awaitility\4.2.0\awaitility-4.2.0.jar;C:\Users\WINDOWS 10\.m2\repository\org\freemarker\freemarker\2.3.31\freemarker-2.3.31.jar;C:\Users\WINDOWS 10\.m2\repository\io\github\classgraph\classgraph\4.8.138\classgraph-4.8.138.jar;C:\Users\WINDOWS 10\.m2\repository\net\sourceforge\jexcelapi\jxl\2.6.12\jxl-2.6.12.jar;C:\Users\WINDOWS 10\.m2\repository\net\bytebuddy\byte-buddy-agent\1.14.2\byte-buddy-agent-1.14.2.jar;C:\Users\WINDOWS 10\.m2\repository\org\objenesis\objenesis\3.3\objenesis-3.3.jar;C:\Users\WINDOWS 10\.m2\repository\net\serenity-bdd\serenity-reports\3.6.21\serenity-reports-3.6.21.jar;C:\Users\WINDOWS 10\.m2\repository\net\serenity-bdd\serenity-stats\3.6.21\serenity-stats-3.6.21.jar;C:\Users\WINDOWS 10\.m2\repository\net\serenity-bdd\serenity-reports-configuration\3.6.21\serenity-reports-configuration-3.6.21.jar;C:\Users\WINDOWS 10\.m2\repository\com\vladsch\flexmark\flexmark-all\0.62.2\flexmark-all-0.62.2.jar;C:\Users\WINDOWS 10\.m2\repository\com\vladsch\flexmark\flexmark\0.62.2\flexmark-0.62.2.jar;C:\Users\WINDOWS 10\.m2\repository\com\vladsch\flexmark\flexmark-ext-abbreviation\0.62.2\flexmark-ext-abbreviation-0.62.2.jar;C:\Users\WINDOWS 10\.m2\repository\com\vladsch\flexmark\flexmark-util\0.62.2\flexmark-util-0.62.2.jar;C:\Users\WINDOWS 10\.m2\repository\com\vladsch\flexmark\flexmark-ext-admonition\0.62.2\flexmark-ext-admonition-0.62.2.jar;C:\Users\WINDOWS 10\.m2\repository\com\vladsch\flexmark\flexmark-ext-anchorlink\0.62.2\flexmark-ext-anchorlink-0.62.2.jar;C:\Users\WINDOWS 10\.m2\repository\com\vladsch\flexmark\flexmark-ext-aside\0.62.2\flexmark-ext-aside-0.62.2.jar;C:\Users\WINDOWS 10\.m2\repository\com\vladsch\flexmark\flexmark-ext-attributes\0.62.2\flexmark-ext-attributes-0.62.2.jar;C:\Users\WINDOWS 10\.m2\repository\com\vladsch\flexmark\flexmark-ext-autolink\0.62.2\flexmark-ext-autolink-0.62.2.jar;C:\Users\WINDOWS 10\.m2\repository\org\nibor\autolink\autolink\0.6.0\autolink-0.6.0.jar;C:\Users\WINDOWS 10\.m2\repository\com\vladsch\flexmark\flexmark-ext-definition\0.62.2\flexmark-ext-definition-0.62.2.jar;C:\Users\WINDOWS 10\.m2\repository\com\vladsch\flexmark\flexmark-ext-emoji\0.62.2\flexmark-ext-emoji-0.62.2.jar;C:\Users\WINDOWS 10\.m2\repository\com\vladsch\flexmark\flexmark-ext-enumerated-reference\0.62.2\flexmark-ext-enumerated-reference-0.62.2.jar;C:\Users\WINDOWS 10\.m2\repository\com\vladsch\flexmark\flexmark-ext-escaped-character\0.62.2\flexmark-ext-escaped-character-0.62.2.jar;C:\Users\WINDOWS 10\.m2\repository\com\vladsch\flexmark\flexmark-ext-footnotes\0.62.2\flexmark-ext-footnotes-0.62.2.jar;C:\Users\WINDOWS 10\.m2\repository\com\vladsch\flexmark\flexmark-ext-gfm-issues\0.62.2\flexmark-ext-gfm-issues-0.62.2.jar;C:\Users\WINDOWS 10\.m2\repository\com\vladsch\flexmark\flexmark-ext-gfm-strikethrough\0.62.2\flexmark-ext-gfm-strikethrough-0.62.2.jar;C:\Users\WINDOWS 10\.m2\repository\com\vladsch\flexmark\flexmark-ext-gfm-tasklist\0.62.2\flexmark-ext-gfm-tasklist-0.62.2.jar;C:\Users\WINDOWS 10\.m2\repository\com\vladsch\flexmark\flexmark-ext-gfm-users\0.62.2\flexmark-ext-gfm-users-0.62.2.jar;C:\Users\WINDOWS 10\.m2\repository\com\vladsch\flexmark\flexmark-ext-gitlab\0.62.2\flexmark-ext-gitlab-0.62.2.jar;C:\Users\WINDOWS 10\.m2\repository\com\vladsch\flexmark\flexmark-ext-jekyll-front-matter\0.62.2\flexmark-ext-jekyll-front-matter-0.62.2.jar;C:\Users\WINDOWS 10\.m2\repository\com\vladsch\flexmark\flexmark-ext-jekyll-tag\0.62.2\flexmark-ext-jekyll-tag-0.62.2.jar;C:\Users\WINDOWS 10\.m2\repository\com\vladsch\flexmark\flexmark-ext-media-tags\0.62.2\flexmark-ext-media-tags-0.62.2.jar;C:\Users\WINDOWS 10\.m2\repository\com\vladsch\flexmark\flexmark-ext-macros\0.62.2\flexmark-ext-macros-0.62.2.jar;C:\Users\WINDOWS 10\.m2\repository\com\vladsch\flexmark\flexmark-ext-ins\0.62.2\flexmark-ext-ins-0.62.2.jar;C:\Users\WINDOWS 10\.m2\repository\com\vladsch\flexmark\flexmark-ext-xwiki-macros\0.62.2\flexmark-ext-xwiki-macros-0.62.2.jar;C:\Users\WINDOWS 10\.m2\repository\com\vladsch\flexmark\flexmark-ext-superscript\0.62.2\flexmark-ext-superscript-0.62.2.jar;C:\Users\WINDOWS 10\.m2\repository\com\vladsch\flexmark\flexmark-ext-tables\0.62.2\flexmark-ext-tables-0.62.2.jar;C:\Users\WINDOWS 10\.m2\repository\com\vladsch\flexmark\flexmark-ext-toc\0.62.2\flexmark-ext-toc-0.62.2.jar;C:\Users\WINDOWS 10\.m2\repository\com\vladsch\flexmark\flexmark-ext-typographic\0.62.2\flexmark-ext-typographic-0.62.2.jar;C:\Users\WINDOWS 10\.m2\repository\com\vladsch\flexmark\flexmark-ext-wikilink\0.62.2\flexmark-ext-wikilink-0.62.2.jar;C:\Users\WINDOWS 10\.m2\repository\com\vladsch\flexmark\flexmark-ext-yaml-front-matter\0.62.2\flexmark-ext-yaml-front-matter-0.62.2.jar;C:\Users\WINDOWS 10\.m2\repository\com\vladsch\flexmark\flexmark-ext-youtube-embedded\0.62.2\flexmark-ext-youtube-embedded-0.62.2.jar;C:\Users\WINDOWS 10\.m2\repository\com\vladsch\flexmark\flexmark-html2md-converter\0.62.2\flexmark-html2md-converter-0.62.2.jar;C:\Users\WINDOWS 10\.m2\repository\com\vladsch\flexmark\flexmark-jira-converter\0.62.2\flexmark-jira-converter-0.62.2.jar;C:\Users\WINDOWS 10\.m2\repository\com\vladsch\flexmark\flexmark-pdf-converter\0.62.2\flexmark-pdf-converter-0.62.2.jar;C:\Users\WINDOWS 10\.m2\repository\com\openhtmltopdf\openhtmltopdf-core\1.0.0\openhtmltopdf-core-1.0.0.jar;C:\Users\WINDOWS 10\.m2\repository\com\openhtmltopdf\openhtmltopdf-pdfbox\1.0.0\openhtmltopdf-pdfbox-1.0.0.jar;C:\Users\WINDOWS 10\.m2\repository\org\apache\pdfbox\pdfbox\2.0.16\pdfbox-2.0.16.jar;C:\Users\WINDOWS 10\.m2\repository\org\apache\pdfbox\fontbox\2.0.16\fontbox-2.0.16.jar;C:\Users\WINDOWS 10\.m2\repository\org\apache\pdfbox\xmpbox\2.0.16\xmpbox-2.0.16.jar;C:\Users\WINDOWS 10\.m2\repository\de\rototor\pdfbox\graphics2d\0.24\graphics2d-0.24.jar;C:\Users\WINDOWS 10\.m2\repository\com\openhtmltopdf\openhtmltopdf-rtl-support\1.0.0\openhtmltopdf-rtl-support-1.0.0.jar;C:\Users\WINDOWS 10\.m2\repository\com\openhtmltopdf\openhtmltopdf-jsoup-dom-converter\1.0.0\openhtmltopdf-jsoup-dom-converter-1.0.0.jar;C:\Users\WINDOWS 10\.m2\repository\com\vladsch\flexmark\flexmark-profile-pegdown\0.62.2\flexmark-profile-pegdown-0.62.2.jar;C:\Users\WINDOWS 10\.m2\repository\com\vladsch\flexmark\flexmark-util-ast\0.62.2\flexmark-util-ast-0.62.2.jar;C:\Users\WINDOWS 10\.m2\repository\com\vladsch\flexmark\flexmark-util-builder\0.62.2\flexmark-util-builder-0.62.2.jar;C:\Users\WINDOWS 10\.m2\repository\com\vladsch\flexmark\flexmark-util-collection\0.62.2\flexmark-util-collection-0.62.2.jar;C:\Users\WINDOWS 10\.m2\repository\com\vladsch\flexmark\flexmark-util-data\0.62.2\flexmark-util-data-0.62.2.jar;C:\Users\WINDOWS 10\.m2\repository\com\vladsch\flexmark\flexmark-util-dependency\0.62.2\flexmark-util-dependency-0.62.2.jar;C:\Users\WINDOWS 10\.m2\repository\com\vladsch\flexmark\flexmark-util-format\0.62.2\flexmark-util-format-0.62.2.jar;C:\Users\WINDOWS 10\.m2\repository\com\vladsch\flexmark\flexmark-util-html\0.62.2\flexmark-util-html-0.62.2.jar;C:\Users\WINDOWS 10\.m2\repository\com\vladsch\flexmark\flexmark-util-misc\0.62.2\flexmark-util-misc-0.62.2.jar;C:\Users\WINDOWS 10\.m2\repository\com\vladsch\flexmark\flexmark-util-options\0.62.2\flexmark-util-options-0.62.2.jar;C:\Users\WINDOWS 10\.m2\repository\com\vladsch\flexmark\flexmark-util-sequence\0.62.2\flexmark-util-sequence-0.62.2.jar;C:\Users\WINDOWS 10\.m2\repository\com\vladsch\flexmark\flexmark-util-visitor\0.62.2\flexmark-util-visitor-0.62.2.jar;C:\Users\WINDOWS 10\.m2\repository\com\vladsch\flexmark\flexmark-youtrack-converter\0.62.2\flexmark-youtrack-converter-0.62.2.jar;C:\Users\WINDOWS 10\.m2\repository\com\ibm\icu\icu4j\72.1\icu4j-72.1.jar;C:\Users\WINDOWS 10\.m2\repository\es\nitaur\markdown\txtmark\0.16\txtmark-0.16.jar;C:\Users\WINDOWS 10\.m2\repository\net\serenity-bdd\serenity-report-resources\3.6.21\serenity-report-resources-3.6.21.jar;C:\Users\WINDOWS 10\.m2\repository\com\google\code\gson\gson\2.10.1\gson-2.10.1.jar;C:\Users\WINDOWS 10\.m2\repository\com\fasterxml\jackson\core\jackson-core\2.15.0-rc1\jackson-core-2.15.0-rc1.jar;C:\Users\WINDOWS 10\.m2\repository\com\fasterxml\jackson\core\jackson-databind\2.15.0-rc1\jackson-databind-2.15.0-rc1.jar;C:\Users\WINDOWS 10\.m2\repository\com\fasterxml\jackson\core\jackson-annotations\2.15.0-rc1\jackson-annotations-2.15.0-rc1.jar;C:\Users\WINDOWS 10\.m2\repository\commons-codec\commons-codec\1.15\commons-codec-1.15.jar;C:\Users\WINDOWS 10\.m2\repository\commons-io\commons-io\2.11.0\commons-io-2.11.0.jar;C:\Users\WINDOWS 10\.m2\repository\org\apache\httpcomponents\httpclient\4.5.13\httpclient-4.5.13.jar;C:\Users\WINDOWS 10\.m2\repository\org\apache\httpcomponents\httpcore\4.4.13\httpcore-4.4.13.jar;C:\Users\WINDOWS 10\.m2\repository\commons-logging\commons-logging\1.2\commons-logging-1.2.jar;C:\Users\WINDOWS 10\.m2\repository\org\seleniumhq\selenium\selenium-java\4.8.1\selenium-java-4.8.1.jar;C:\Users\WINDOWS 10\.m2\repository\org\seleniumhq\selenium\selenium-devtools-v108\4.8.1\selenium-devtools-v108-4.8.1.jar;C:\Users\WINDOWS 10\.m2\repository\org\seleniumhq\selenium\selenium-devtools-v109\4.8.1\selenium-devtools-v109-4.8.1.jar;C:\Users\WINDOWS 10\.m2\repository\org\seleniumhq\selenium\selenium-devtools-v110\4.8.1\selenium-devtools-v110-4.8.1.jar;C:\Users\WINDOWS 10\.m2\repository\org\seleniumhq\selenium\selenium-devtools-v85\4.8.1\selenium-devtools-v85-4.8.1.jar;C:\Users\WINDOWS 10\.m2\repository\org\seleniumhq\selenium\selenium-remote-driver\4.8.1\selenium-remote-driver-4.8.1.jar;C:\Users\WINDOWS 10\.m2\repository\com\beust\jcommander\1.82\jcommander-1.82.jar;C:\Users\WINDOWS 10\.m2\repository\io\netty\netty-buffer\4.1.87.Final\netty-buffer-4.1.87.Final.jar;C:\Users\WINDOWS 10\.m2\repository\io\netty\netty-codec-http\4.1.87.Final\netty-codec-http-4.1.87.Final.jar;C:\Users\WINDOWS 10\.m2\repository\io\netty\netty-codec\4.1.87.Final\netty-codec-4.1.87.Final.jar;C:\Users\WINDOWS 10\.m2\repository\io\netty\netty-handler\4.1.87.Final\netty-handler-4.1.87.Final.jar;C:\Users\WINDOWS 10\.m2\repository\io\netty\netty-common\4.1.87.Final\netty-common-4.1.87.Final.jar;C:\Users\WINDOWS 10\.m2\repository\io\netty\netty-transport-classes-epoll\4.1.87.Final\netty-transport-classes-epoll-4.1.87.Final.jar;C:\Users\WINDOWS 10\.m2\repository\io\netty\netty-transport-classes-kqueue\4.1.87.Final\netty-transport-classes-kqueue-4.1.87.Final.jar;C:\Users\WINDOWS 10\.m2\repository\io\netty\netty-transport-native-epoll\4.1.87.Final\netty-transport-native-epoll-4.1.87.Final.jar;C:\Users\WINDOWS 10\.m2\repository\io\netty\netty-transport-native-kqueue\4.1.87.Final\netty-transport-native-kqueue-4.1.87.Final.jar;C:\Users\WINDOWS 10\.m2\repository\io\netty\netty-transport-native-unix-common\4.1.87.Final\netty-transport-native-unix-common-4.1.87.Final.jar;C:\Users\WINDOWS 10\.m2\repository\io\netty\netty-transport\4.1.87.Final\netty-transport-4.1.87.Final.jar;C:\Users\WINDOWS 10\.m2\repository\io\netty\netty-resolver\4.1.87.Final\netty-resolver-4.1.87.Final.jar;C:\Users\WINDOWS 10\.m2\repository\io\opentelemetry\opentelemetry-api\1.22.0\opentelemetry-api-1.22.0.jar;C:\Users\WINDOWS 10\.m2\repository\io\opentelemetry\opentelemetry-context\1.22.0\opentelemetry-context-1.22.0.jar;C:\Users\WINDOWS 10\.m2\repository\io\opentelemetry\opentelemetry-exporter-logging\1.22.0\opentelemetry-exporter-logging-1.22.0.jar;C:\Users\WINDOWS 10\.m2\repository\io\opentelemetry\opentelemetry-sdk-metrics\1.22.0\opentelemetry-sdk-metrics-1.22.0.jar;C:\Users\WINDOWS 10\.m2\repository\io\opentelemetry\opentelemetry-sdk-logs\1.22.0-alpha\opentelemetry-sdk-logs-1.22.0-alpha.jar;C:\Users\WINDOWS 10\.m2\repository\io\opentelemetry\opentelemetry-api-logs\1.22.0-alpha\opentelemetry-api-logs-1.22.0-alpha.jar;C:\Users\WINDOWS 10\.m2\repository\io\opentelemetry\opentelemetry-sdk-common\1.22.0\opentelemetry-sdk-common-1.22.0.jar;C:\Users\WINDOWS 10\.m2\repository\io\opentelemetry\opentelemetry-sdk-extension-autoconfigure-spi\1.22.0\opentelemetry-sdk-extension-autoconfigure-spi-1.22.0.jar;C:\Users\WINDOWS 10\.m2\repository\io\opentelemetry\opentelemetry-sdk-extension-autoconfigure\1.22.0-alpha\opentelemetry-sdk-extension-autoconfigure-1.22.0-alpha.jar;C:\Users\WINDOWS 10\.m2\repository\io\opentelemetry\opentelemetry-sdk-trace\1.22.0\opentelemetry-sdk-trace-1.22.0.jar;C:\Users\WINDOWS 10\.m2\repository\io\opentelemetry\opentelemetry-sdk\1.22.0\opentelemetry-sdk-1.22.0.jar;C:\Users\WINDOWS 10\.m2\repository\io\opentelemetry\opentelemetry-semconv\1.22.0-alpha\opentelemetry-semconv-1.22.0-alpha.jar;C:\Users\WINDOWS 10\.m2\repository\io\ous\jtoml\2.0.0\jtoml-2.0.0.jar;C:\Users\WINDOWS 10\.m2\repository\org\apache\commons\commons-exec\1.3\commons-exec-1.3.jar;C:\Users\WINDOWS 10\.m2\repository\org\asynchttpclient\async-http-client\2.12.3\async-http-client-2.12.3.jar;C:\Users\WINDOWS 10\.m2\repository\org\asynchttpclient\async-http-client-netty-utils\2.12.3\async-http-client-netty-utils-2.12.3.jar;C:\Users\WINDOWS 10\.m2\repository\io\netty\netty-codec-socks\4.1.60.Final\netty-codec-socks-4.1.60.Final.jar;C:\Users\WINDOWS 10\.m2\repository\io\netty\netty-handler-proxy\4.1.60.Final\netty-handler-proxy-4.1.60.Final.jar;C:\Users\WINDOWS 10\.m2\repository\io\netty\netty-transport-native-epoll\4.1.60.Final\netty-transport-native-epoll-4.1.60.Final-linux-x86_64.jar;C:\Users\WINDOWS 10\.m2\repository\io\netty\netty-transport-native-kqueue\4.1.60.Final\netty-transport-native-kqueue-4.1.60.Final-osx-x86_64.jar;C:\Users\WINDOWS 10\.m2\repository\org\reactivestreams\reactive-streams\1.0.3\reactive-streams-1.0.3.jar;C:\Users\WINDOWS 10\.m2\repository\com\typesafe\netty\netty-reactive-streams\2.0.4\netty-reactive-streams-2.0.4.jar;C:\Users\WINDOWS 10\.m2\repository\org\seleniumhq\selenium\selenium-manager\4.8.1\selenium-manager-4.8.1.jar;C:\Users\WINDOWS 10\.m2\repository\org\seleniumhq\selenium\selenium-safari-driver\4.8.1\selenium-safari-driver-4.8.1.jar;C:\Users\WINDOWS 10\.m2\repository\org\seleniumhq\selenium\selenium-api\4.8.1\selenium-api-4.8.1.jar;C:\Users\WINDOWS 10\.m2\repository\org\seleniumhq\selenium\selenium-support\4.8.1\selenium-support-4.8.1.jar;C:\Users\WINDOWS 10\.m2\repository\com\google\auto\service\auto-service-annotations\1.0.1\auto-service-annotations-1.0.1.jar;C:\Users\WINDOWS 10\.m2\repository\com\google\auto\service\auto-service\1.0.1\auto-service-1.0.1.jar;C:\Users\WINDOWS 10\.m2\repository\com\google\auto\auto-common\1.2\auto-common-1.2.jar;C:\Users\WINDOWS 10\.m2\repository\org\seleniumhq\selenium\selenium-json\4.8.1\selenium-json-4.8.1.jar;C:\Users\WINDOWS 10\.m2\repository\org\seleniumhq\selenium\selenium-chrome-driver\4.8.1\selenium-chrome-driver-4.8.1.jar;C:\Users\WINDOWS 10\.m2\repository\org\seleniumhq\selenium\selenium-chromium-driver\4.8.1\selenium-chromium-driver-4.8.1.jar;C:\Users\WINDOWS 10\.m2\repository\org\seleniumhq\selenium\selenium-firefox-driver\4.8.1\selenium-firefox-driver-4.8.1.jar;C:\Users\WINDOWS 10\.m2\repository\org\seleniumhq\selenium\selenium-http\4.8.1\selenium-http-4.8.1.jar;C:\Users\WINDOWS 10\.m2\repository\dev\failsafe\failsafe\3.3.0\failsafe-3.3.0.jar;C:\Users\WINDOWS 10\.m2\repository\org\seleniumhq\selenium\selenium-edge-driver\4.8.1\selenium-edge-driver-4.8.1.jar;C:\Users\WINDOWS 10\.m2\repository\org\seleniumhq\selenium\selenium-ie-driver\4.8.1\selenium-ie-driver-4.8.1.jar;C:\Users\WINDOWS 10\.m2\repository\org\projectlombok\lombok\1.18.20\lombok-1.18.20.jar;C:\Users\WINDOWS 10\.m2\repository\io\appium\java-client\8.3.0\java-client-8.3.0.jar;C:\Users\WINDOWS 10\.m2\repository\commons-validator\commons-validator\1.7\commons-validator-1.7.jar;C:\Users\WINDOWS 10\.m2\repository\commons-digester\commons-digester\2.1\commons-digester-2.1.jar;C:\Users\WINDOWS 10\.m2\repository\org\apache\groovy\groovy\4.0.10\groovy-4.0.10.jar;C:\Users\WINDOWS 10\.m2\repository\net\sf\opencsv\opencsv\2.0\opencsv-2.0.jar;C:\Users\WINDOWS 10\.m2\repository\commons-beanutils\commons-beanutils\1.9.4\commons-beanutils-1.9.4.jar;C:\Users\WINDOWS 10\.m2\repository\org\apache\commons\commons-lang3\3.12.0\commons-lang3-3.12.0.jar;C:\Users\WINDOWS 10\.m2\repository\commons-collections\commons-collections\3.2.2\commons-collections-3.2.2.jar;C:\Users\WINDOWS 10\.m2\repository\org\fluentlenium\fluentlenium-core\0.10.2\fluentlenium-core-0.10.2.jar;C:\Users\WINDOWS 10\.m2\repository\io\github\bonigarcia\webdrivermanager\5.3.0\webdrivermanager-5.3.0.jar;C:\Users\WINDOWS 10\.m2\repository\com\github\docker-java\docker-java\3.2.13\docker-java-3.2.13.jar;C:\Users\WINDOWS 10\.m2\repository\com\github\docker-java\docker-java-core\3.2.13\docker-java-core-3.2.13.jar;C:\Users\WINDOWS 10\.m2\repository\com\github\docker-java\docker-java-api\3.2.13\docker-java-api-3.2.13.jar;C:\Users\WINDOWS 10\.m2\repository\org\apache\commons\commons-compress\1.21\commons-compress-1.21.jar;C:\Users\WINDOWS 10\.m2\repository\org\bouncycastle\bcpkix-jdk15on\1.64\bcpkix-jdk15on-1.64.jar;C:\Users\WINDOWS 10\.m2\repository\org\bouncycastle\bcprov-jdk15on\1.64\bcprov-jdk15on-1.64.jar;C:\Users\WINDOWS 10\.m2\repository\org\slf4j\jcl-over-slf4j\1.7.30\jcl-over-slf4j-1.7.30.jar;C:\Users\WINDOWS 10\.m2\repository\com\github\docker-java\docker-java-transport-httpclient5\3.2.13\docker-java-transport-httpclient5-3.2.13.jar;C:\Users\WINDOWS 10\.m2\repository\com\github\docker-java\docker-java-transport\3.2.13\docker-java-transport-3.2.13.jar;C:\Users\WINDOWS 10\.m2\repository\net\java\dev\jna\jna\5.8.0\jna-5.8.0.jar;C:\Users\WINDOWS 10\.m2\repository\org\brotli\dec\0.1.2\dec-0.1.2.jar;C:\Users\WINDOWS 10\.m2\repository\org\apache\httpcomponents\client5\httpclient5\5.1.3\httpclient5-5.1.3.jar;C:\Users\WINDOWS 10\.m2\repository\org\apache\httpcomponents\core5\httpcore5\5.1.3\httpcore5-5.1.3.jar;C:\Users\WINDOWS 10\.m2\repository\org\apache\httpcomponents\core5\httpcore5-h2\5.1.3\httpcore5-h2-5.1.3.jar;C:\Users\WINDOWS 10\.m2\repository\com\jhlabs\filters\2.0.235\filters-2.0.235.jar;C:\Users\WINDOWS 10\.m2\repository\com\paulhammant\ngwebdriver\1.1.6\ngwebdriver-1.1.6.jar;C:\Users\WINDOWS 10\.m2\repository\joda-time\joda-time\2.12.2\joda-time-2.12.2.jar;C:\Users\WINDOWS 10\.m2\repository\org\hamcrest\hamcrest\2.2\hamcrest-2.2.jar;C:\Users\WINDOWS 10\.m2\repository\com\google\jimfs\jimfs\1.2\jimfs-1.2.jar;C:\Users\WINDOWS 10\.m2\repository\org\mockito\mockito-core\3.3.3\mockito-core-3.3.3.jar;C:\Users\WINDOWS 10\.m2\repository\javax\xml\bind\jaxb-api\2.3.1\jaxb-api-2.3.1.jar;C:\Users\WINDOWS 10\.m2\repository\javax\activation\javax.activation-api\1.2.0\javax.activation-api-1.2.0.jar;C:\Users\WINDOWS 10\.m2\repository\com\sun\xml\bind\jaxb-core\2.3.0.1\jaxb-core-2.3.0.1.jar;C:\Users\WINDOWS 10\.m2\repository\com\sun\xml\bind\jaxb-impl\2.3.3\jaxb-impl-2.3.3.jar;C:\Users\WINDOWS 10\.m2\repository\jakarta\xml\bind\jakarta.xml.bind-api\2.3.3\jakarta.xml.bind-api-2.3.3.jar;C:\Users\WINDOWS 10\.m2\repository\com\sun\activation\jakarta.activation\1.2.2\jakarta.activation-1.2.2.jar;C:\Users\WINDOWS 10\.m2\repository\javax\activation\activation\1.1.1\activation-1.1.1.jar;C:\Users\WINDOWS 10\.m2\repository\net\serenity-bdd\serenity-cucumber\3.6.21\serenity-cucumber-3.6.21.jar;C:\Users\WINDOWS 10\.m2\repository\io\cucumber\cucumber-core\7.11.0\cucumber-core-7.11.0.jar;C:\Users\WINDOWS 10\.m2\repository\io\cucumber\cucumber-gherkin\7.11.0\cucumber-gherkin-7.11.0.jar;C:\Users\WINDOWS 10\.m2\repository\io\cucumber\cucumber-gherkin-messages\7.11.0\cucumber-gherkin-messages-7.11.0.jar;C:\Users\WINDOWS 10\.m2\repository\io\cucumber\gherkin\26.0.3\gherkin-26.0.3.jar;C:\Users\WINDOWS 10\.m2\repository\io\cucumber\messages\21.0.1\messages-21.0.1.jar;C:\Users\WINDOWS 10\.m2\repository\io\cucumber\tag-expressions\5.0.1\tag-expressions-5.0.1.jar;C:\Users\WINDOWS 10\.m2\repository\io\cucumber\cucumber-expressions\16.1.1\cucumber-expressions-16.1.1.jar;C:\Users\WINDOWS 10\.m2\repository\io\cucumber\datatable\7.11.0\datatable-7.11.0.jar;C:\Users\WINDOWS 10\.m2\repository\io\cucumber\cucumber-plugin\7.11.0\cucumber-plugin-7.11.0.jar;C:\Users\WINDOWS 10\.m2\repository\io\cucumber\docstring\7.11.0\docstring-7.11.0.jar;C:\Users\WINDOWS 10\.m2\repository\io\cucumber\html-formatter\20.2.1\html-formatter-20.2.1.jar;C:\Users\WINDOWS 10\.m2\repository\io\cucumber\junit-xml-formatter\0.1.0\junit-xml-formatter-0.1.0.jar;C:\Users\WINDOWS 10\.m2\repository\io\cucumber\ci-environment\9.1.0\ci-environment-9.1.0.jar;C:\Users\WINDOWS 10\.m2\repository\io\cucumber\cucumber-java\7.11.0\cucumber-java-7.11.0.jar;C:\Users\WINDOWS 10\.m2\repository\io\cucumber\cucumber-junit\7.11.0\cucumber-junit-7.11.0.jar;C:\Users\WINDOWS 10\.m2\repository\org\apache\commons\commons-csv\1.5\commons-csv-1.5.jar;C:\Users\WINDOWS 10\.m2\repository\net\serenity-bdd\serenity-screenplay\3.6.21\serenity-screenplay-3.6.21.jar;C:\Users\WINDOWS 10\.m2\repository\net\serenity-bdd\serenity-screenplay-webdriver\3.6.21\serenity-screenplay-webdriver-3.6.21.jar;C:\Users\WINDOWS 10\.m2\repository\net\serenity-bdd\serenity-ensure\3.6.21\serenity-ensure-3.6.21.jar;C:\Users\WINDOWS 10\.m2\repository\net\serenity-bdd\serenity-junit\3.6.21\serenity-junit-3.6.21.jar;C:\Users\WINDOWS 10\.m2\repository\org\jetbrains\kotlin\kotlin-stdlib\1.8.10\kotlin-stdlib-1.8.10.jar;C:\Users\WINDOWS 10\.m2\repository\org\jetbrains\kotlin\kotlin-stdlib-common\1.8.10\kotlin-stdlib-common-1.8.10.jar;C:\Users\WINDOWS 10\.m2\repository\org\jetbrains\annotations\13.0\annotations-13.0.jar;C:\Users\WINDOWS 10\.m2\repository\org\junit\platform\junit-platform-launcher\1.8.2\junit-platform-launcher-1.8.2.jar;C:\Users\WINDOWS 10\.m2\repository\org\junit\platform\junit-platform-engine\1.8.2\junit-platform-engine-1.8.2.jar;C:\Users\WINDOWS 10\.m2\repository\org\opentest4j\opentest4j\1.2.0\opentest4j-1.2.0.jar;C:\Users\WINDOWS 10\.m2\repository\org\junit\platform\junit-platform-commons\1.8.2\junit-platform-commons-1.8.2.jar;C:\Users\WINDOWS 10\.m2\repository\org\apiguardian\apiguardian-api\1.1.2\apiguardian-api-1.1.2.jar;C:\Users\WINDOWS 10\.m2\repository\org\junit\jupiter\junit-jupiter-engine\5.8.2\junit-jupiter-engine-5.8.2.jar;C:\Users\WINDOWS 10\.m2\repository\org\junit\jupiter\junit-jupiter-api\5.8.2\junit-jupiter-api-5.8.2.jar;C:\Users\WINDOWS 10\.m2\repository\org\junit\vintage\junit-vintage-engine\5.8.2\junit-vintage-engine-5.8.2.jar;C:\Users\WINDOWS 10\.m2\repository\junit\junit\4.13.2\junit-4.13.2.jar;C:\Users\WINDOWS 10\.m2\repository\org\hamcrest\hamcrest-core\1.3\hamcrest-core-1.3.jar;C:\Users\WINDOWS 10\.m2\repository\ch\qos\logback\logback-classic\1.2.10\logback-classic-1.2.10.jar;C:\Users\WINDOWS 10\.m2\repository\ch\qos\logback\logback-core\1.2.10\logback-core-1.2.10.jar;C:\Users\WINDOWS 10\.m2\repository\org\slf4j\slf4j-api\1.7.32\slf4j-api-1.7.32.jar;C:\Users\WINDOWS 10\.m2\repository\org\assertj\assertj-core\3.23.1\assertj-core-3.23.1.jar;C:\Users\WINDOWS 10\.m2\repository\net\bytebuddy\byte-buddy\1.12.10\byte-buddy-1.12.10.jar;C:\Users\WINDOWS 10\.m2\repository\org\apache\maven\surefire\surefire-junit-platform\3.0.0-M5\surefire-junit-platform-3.0.0-M5.jar;C:\Users\WINDOWS 10\.m2\repository\org\apache\maven\surefire\common-java5\3.0.0-M5\common-java5-3.0.0-M5.jar"/>
    <property name="user.script" value=""/>
    <property name="java.protocol.handler.pkgs" value="com.google.common"/>
    <property name="sun.management.compiler" value="HotSpot 64-Bit Tiered Compilers"/>
    <property name="java.runtime.version" value="15+36-1562"/>
    <property name="user.name" value="WINDOWS 10"/>
    <property name="path.separator" value=";"/>
    <property name="os.version" value="10.0"/>
    <property name="java.runtime.name" value="Java(TM) SE Runtime Environment"/>
    <property name="file.encoding" value="Cp1252"/>
    <property name="webdriver.base.url" value=""/>
    <property name="java.vm.name" value="Java HotSpot(TM) 64-Bit Server VM"/>
    <property name="localRepository" value="C:\Users\WINDOWS 10\.m2\repository"/>
    <property name="java.vendor.url.bug" value="https://bugreport.java.com/bugreport/"/>
    <property name="java.io.tmpdir" value="C:\Users\WINDOW~1\AppData\Local\Temp\"/>
    <property name="java.version" value="15"/>
    <property name="user.dir" value="C:\Users\WINDOWS 10\Documents\GitHub\QE_Andira_Ms\11_Web_Programming_&amp;_Testing\Praktikum\Testing_with_Serenity\Prioritas1\alta"/>
    <property name="os.arch" value="amd64"/>
    <property name="java.vm.specification.name" value="Java Virtual Machine Specification"/>
    <property name="sun.os.patch.level" value=""/>
    <property name="java.library.path" value="C:\Program Files\Java\jdk-15\bin;C:\WINDOWS\Sun\Java\bin;C:\WINDOWS\system32;C:\WINDOWS;C:\Program Files\Common Files\Oracle\Java\javapath;C:\Program Files (x86)\Common Files\Oracle\Java\javapath;C:\WINDOWS\system32;C:\WINDOWS;C:\WINDOWS\System32\Wbem;C:\WINDOWS\System32\WindowsPowerShell\v1.0\;C:\WINDOWS\System32\OpenSSH\;F:\PerCoolyeahan\Instalasi\XAMPP\php;C:\Program Files\Git\cmd;C:\ProgramData\ComposerSetup\bin;C:\Program Files\nodejs\;C:\PROGRA~1\IBM\SQLLIB~1\BIN;C:\PROGRA~1\IBM\SQLLIB~1\FUNCTION;C:\PROGRA~1\IBM\SQLLIB~1\SAMPLES\REPL;C:\Program Files\Cloudflare\Cloudflare WARP\;C:\Program Files\apache-maven-3.9.1\bin;C:\Program Files\MySQL\MySQL Shell 8.0\bin\;C:\Users\WINDOWS 10\AppData\Local\Microsoft\WindowsApps;C:\Users\WINDOWS 10\AppData\Local\Programs\Microsoft VS Code\bin;C:\Users\WINDOWS 10\AppData\Roaming\Composer\vendor\bin;C:\Users\WINDOWS 10\AppData\Roaming\npm;C:\Users\WINDOWS 10\AppData\Local\GitHubDesktop\bin;C:\Users\WINDOWS 10\AppData\Local\spicetify;."/>
    <property name="java.vm.info" value="mixed mode"/>
    <property name="java.vendor" value="Oracle Corporation"/>
    <property name="java.vm.version" value="15+36-1562"/>
    <property name="sun.io.unicode.encoding" value="UnicodeLittle"/>
    <property name="java.class.version" value="59.0"/>
  </properties>
  <testcase name="User Successfully add item to cart" classname="Add to Cart" time="9.623">
    <system-out><![CDATA[21:28:27.641 [main] DEBUG net.thucydides.core.guice.Injectors - Created injector for module net.thucydides.core.guice.ThucydidesModule
21:28:27.981 [main] DEBUG io.cucumber.core.plugin.SerenityReporter - Running feature from file:///C:/Users/WINDOWS%2010/Documents/GitHub/QE_Andira_Ms/11_Web_Programming_&_Testing/Praktikum/Testing_with_Serenity/Prioritas1/alta/src/test/resources/features/AddToCart.feature
21:28:28.165 [main] DEBUG net.thucydides.core.guice.Injectors - Created injector for module net.thucydides.core.guice.webdriver.WebDriverModule
21:28:28.191 [main] INFO  - 

-------------------------------------------------------------------------------------
     _______. _______ .______       _______ .__   __.  __  .___________.____    ____ 
    /       ||   ____||   _  \     |   ____||  \ |  | |  | |           |\   \  /   / 
   |   (----`|  |__   |  |_)  |    |  |__   |   \|  | |  | `---|  |----` \   \/   /  
    \   \    |   __|  |      /     |   __|  |  . `  | |  |     |  |       \_    _/   
.----)   |   |  |____ |  |\  \----.|  |____ |  |\   | |  |     |  |         |  |     
|_______/    |_______|| _| `._____||_______||__| \__| |__|     |__|         |__|    
                                                                                     
 News and tutorials at http://www.serenity-bdd.info                                  
 Documentation at https://wakaleo.gitbooks.io/the-serenity-book/content/             
 Join the Serenity Community on Gitter: https://gitter.im/serenity-bdd/serenity-core 
 Serenity BDD Support and Training at http://serenity-bdd.info/#/trainingandsupport  
-------------------------------------------------------------------------------------

21:28:28.194 [main] DEBUG net.thucydides.core.steps.StepEventBus - Test suite started for story net.thucydides.core.model.Story@f400f1de
21:28:28.196 [main] INFO  - Test Suite Started: Add to Cart
21:28:28.209 [main] DEBUG io.cucumber.core.plugin.SerenityReporter - Running feature from file:///C:/Users/WINDOWS%2010/Documents/GitHub/QE_Andira_Ms/11_Web_Programming_&_Testing/Praktikum/Testing_with_Serenity/Prioritas1/alta/src/test/resources/features/Checkout.feature
21:28:28.214 [main] DEBUG net.thucydides.core.steps.StepEventBus - Test suite started for story net.thucydides.core.model.Story@65fd1e8
21:28:28.218 [main] INFO  - Test Suite Started: Checkout
21:28:28.219 [main] DEBUG io.cucumber.core.plugin.SerenityReporter - Running feature from file:///C:/Users/WINDOWS%2010/Documents/GitHub/QE_Andira_Ms/11_Web_Programming_&_Testing/Praktikum/Testing_with_Serenity/Prioritas1/alta/src/test/resources/features/Logout.feature
21:28:28.223 [main] DEBUG net.thucydides.core.steps.StepEventBus - Test suite started for story net.thucydides.core.model.Story@827fa538
21:28:28.224 [main] INFO  - Test Suite Started: Logout after checkout
21:28:28.225 [main] DEBUG io.cucumber.core.plugin.SerenityReporter - Running feature from file:///C:/Users/WINDOWS%2010/Documents/GitHub/QE_Andira_Ms/11_Web_Programming_&_Testing/Praktikum/Testing_with_Serenity/Prioritas1/alta/src/test/resources/features/AddToCart.feature
21:28:28.229 [main] DEBUG net.thucydides.core.steps.StepEventBus - Test suite started for story net.thucydides.core.model.Story@f400f1de
21:28:28.230 [main] INFO  - Test Suite Started: Add to Cart

Scenario: User Successfully add item to cart &amp#27;[90m# src/test/resources/features/AddToCart.feature:6&amp#27;[0m
21:28:28.361 [main] DEBUG io.cucumber.core.plugin.SerenityReporter - Running feature from file:///C:/Users/WINDOWS%2010/Documents/GitHub/QE_Andira_Ms/11_Web_Programming_&_Testing/Praktikum/Testing_with_Serenity/Prioritas1/alta/src/test/resources/features/AddToCart.feature
21:28:28.507 [main] INFO  - 
  _____   ___   ___   _____     ___   _____     _     ___   _____   ___   ___  
 |_   _| | __| / __| |_   _|   / __| |_   _|   /_\   | _ \ |_   _| | __| |   \ 
   | |   | _|  \__ \   | |     \__ \   | |    / _ \  |   /   | |   | _|  | |) |
   |_|   |___| |___/   |_|     |___/   |_|   /_/ \_\ |_|_\   |_|   |___| |___/ 

User Successfully add item to cart(add-to-cart;user-successfully-add-item-to-cart)
--------------------------------------------------------------------------------
21:28:28.623 [main] DEBUG net.thucydides.core.requirements.model.cucumber.CucumberParser - Loading feature C:\Users\WINDOWS 10\Documents\GitHub\QE_Andira_Ms\11_Web_Programming_&_Testing\Praktikum\Testing_with_Serenity\Prioritas1\alta\src\test\resources\features\AddToCart.feature
21:28:28.665 [main] DEBUG net.thucydides.core.requirements.model.cucumber.CucumberParser - Loading feature C:\Users\WINDOWS 10\Documents\GitHub\QE_Andira_Ms\11_Web_Programming_&_Testing\Praktikum\Testing_with_Serenity\Prioritas1\alta\src\test\resources\features\Checkout.feature
21:28:28.672 [main] DEBUG net.thucydides.core.requirements.model.cucumber.CucumberParser - Loading feature C:\Users\WINDOWS 10\Documents\GitHub\QE_Andira_Ms\11_Web_Programming_&_Testing\Praktikum\Testing_with_Serenity\Prioritas1\alta\src\test\resources\features\Logout.feature
21:28:29.750 [main] DEBUG net.thucydides.core.steps.StepInterceptor - STARTING STEP: AddToCartSteps.onTheLoginPage - openPage
21:28:29.867 [main] INFO net.serenitybdd.core.webdriver.driverproviders.ChromeDriverProvider - Starting Chrome driver instance with capabilities:
21:28:29.869 [main] INFO net.serenitybdd.core.webdriver.driverproviders.ChromeDriverProvider - Capabilities {acceptInsecureCerts: false, browserName: chrome, goog:chromeOptions: {args: [remote-allow-origins=*], extensions: []}}
21:28:30.012 [main] DEBUG io.netty.util.internal.logging.InternalLoggerFactory - Using SLF4J as the default logging framework
21:28:30.015 [main] DEBUG io.netty.util.ResourceLeakDetector - -Dio.netty.leakDetection.level: simple
21:28:30.015 [main] DEBUG io.netty.util.ResourceLeakDetector - -Dio.netty.leakDetection.targetRecords: 4
21:28:30.021 [main] DEBUG io.netty.util.ResourceLeakDetectorFactory - Loaded default ResourceLeakDetector: io.netty.util.ResourceLeakDetector@19b5214b
21:28:30.051 [main] DEBUG io.netty.util.internal.PlatformDependent0 - -Dio.netty.noUnsafe: false
21:28:30.051 [main] DEBUG io.netty.util.internal.PlatformDependent0 - Java version: 15
21:28:30.053 [main] DEBUG io.netty.util.internal.PlatformDependent0 - sun.misc.Unsafe.theUnsafe: available
21:28:30.054 [main] DEBUG io.netty.util.internal.PlatformDependent0 - sun.misc.Unsafe.copyMemory: available
21:28:30.055 [main] DEBUG io.netty.util.internal.PlatformDependent0 - sun.misc.Unsafe.storeFence: available
21:28:30.056 [main] DEBUG io.netty.util.internal.PlatformDependent0 - java.nio.Buffer.address: available
21:28:30.057 [main] DEBUG io.netty.util.internal.PlatformDependent0 - direct buffer constructor: unavailable: Reflective setAccessible(true) disabled
21:28:30.058 [main] DEBUG io.netty.util.internal.PlatformDependent0 - java.nio.Bits.unaligned: available, true
21:28:30.060 [main] DEBUG io.netty.util.internal.PlatformDependent0 - jdk.internal.misc.Unsafe.allocateUninitializedArray(int): unavailable: class io.netty.util.internal.PlatformDependent0$7 cannot access class jdk.internal.misc.Unsafe (in module java.base) because module java.base does not export jdk.internal.misc to unnamed module @133e019b
21:28:30.061 [main] DEBUG io.netty.util.internal.PlatformDependent0 - java.nio.DirectByteBuffer.<init>(long, int): unavailable
21:28:30.061 [main] DEBUG io.netty.util.internal.PlatformDependent - sun.misc.Unsafe: available
21:28:30.063 [main] DEBUG io.netty.util.internal.PlatformDependent - maxDirectMemory: 4133486592 bytes (maybe)
21:28:30.063 [main] DEBUG io.netty.util.internal.PlatformDependent - -Dio.netty.tmpdir: C:\Users\WINDOW~1\AppData\Local\Temp (java.io.tmpdir)
21:28:30.063 [main] DEBUG io.netty.util.internal.PlatformDependent - -Dio.netty.bitMode: 64 (sun.arch.data.model)
21:28:30.063 [main] DEBUG io.netty.util.internal.PlatformDependent - Platform: Windows
21:28:30.064 [main] DEBUG io.netty.util.internal.PlatformDependent - -Dio.netty.maxDirectMemory: -1 bytes
21:28:30.064 [main] DEBUG io.netty.util.internal.PlatformDependent - -Dio.netty.uninitializedArrayAllocationThreshold: -1
21:28:30.065 [main] DEBUG io.netty.util.internal.CleanerJava9 - java.nio.ByteBuffer.cleaner(): available
21:28:30.066 [main] DEBUG io.netty.util.internal.PlatformDependent - -Dio.netty.noPreferDirect: false
21:28:30.075 [main] DEBUG io.netty.util.internal.PlatformDependent - org.jctools-core.MpscChunkedArrayQueue: available
21:28:30.102 [main] DEBUG io.netty.util.internal.InternalThreadLocalMap - -Dio.netty.threadLocalMap.stringBuilder.initialSize: 1024
21:28:30.102 [main] DEBUG io.netty.util.internal.InternalThreadLocalMap - -Dio.netty.threadLocalMap.stringBuilder.maxSize: 4096
21:28:30.326 [main] DEBUG io.netty.handler.ssl.JdkSslContext - Default protocols (JDK): [TLSv1.3, TLSv1.2, TLSv1.1, TLSv1] 
21:28:30.326 [main] DEBUG io.netty.handler.ssl.JdkSslContext - Default cipher suites (JDK): [TLS_ECDHE_ECDSA_WITH_AES_256_GCM_SHA384, TLS_ECDHE_ECDSA_WITH_AES_128_GCM_SHA256, TLS_ECDHE_RSA_WITH_AES_128_GCM_SHA256, TLS_ECDHE_RSA_WITH_AES_256_GCM_SHA384, TLS_ECDHE_RSA_WITH_AES_128_CBC_SHA, TLS_ECDHE_RSA_WITH_AES_256_CBC_SHA, TLS_RSA_WITH_AES_128_GCM_SHA256, TLS_RSA_WITH_AES_128_CBC_SHA, TLS_RSA_WITH_AES_256_CBC_SHA, TLS_AES_128_GCM_SHA256, TLS_AES_256_GCM_SHA384]
21:28:30.359 [main] DEBUG io.netty.channel.MultithreadEventLoopGroup - -Dio.netty.eventLoopThreads: 32
21:28:30.370 [main] DEBUG io.netty.channel.nio.NioEventLoop - -Dio.netty.noKeySetOptimization: false
21:28:30.370 [main] DEBUG io.netty.channel.nio.NioEventLoop - -Dio.netty.selectorAutoRebuildThreshold: 512
21:28:30.436 [main] DEBUG io.netty.buffer.PooledByteBufAllocator - -Dio.netty.allocator.numHeapArenas: 32
21:28:30.436 [main] DEBUG io.netty.buffer.PooledByteBufAllocator - -Dio.netty.allocator.numDirectArenas: 32
21:28:30.436 [main] DEBUG io.netty.buffer.PooledByteBufAllocator - -Dio.netty.allocator.pageSize: 8192
21:28:30.436 [main] DEBUG io.netty.buffer.PooledByteBufAllocator - -Dio.netty.allocator.maxOrder: 9
21:28:30.436 [main] DEBUG io.netty.buffer.PooledByteBufAllocator - -Dio.netty.allocator.chunkSize: 4194304
21:28:30.436 [main] DEBUG io.netty.buffer.PooledByteBufAllocator - -Dio.netty.allocator.smallCacheSize: 256
21:28:30.436 [main] DEBUG io.netty.buffer.PooledByteBufAllocator - -Dio.netty.allocator.normalCacheSize: 64
21:28:30.436 [main] DEBUG io.netty.buffer.PooledByteBufAllocator - -Dio.netty.allocator.maxCachedBufferCapacity: 32768
21:28:30.437 [main] DEBUG io.netty.buffer.PooledByteBufAllocator - -Dio.netty.allocator.cacheTrimInterval: 8192
21:28:30.437 [main] DEBUG io.netty.buffer.PooledByteBufAllocator - -Dio.netty.allocator.cacheTrimIntervalMillis: 0
21:28:30.437 [main] DEBUG io.netty.buffer.PooledByteBufAllocator - -Dio.netty.allocator.useCacheForAllThreads: false
21:28:30.437 [main] DEBUG io.netty.buffer.PooledByteBufAllocator - -Dio.netty.allocator.maxCachedByteBuffersPerChunk: 1023
21:28:30.449 [main] DEBUG io.netty.buffer.ByteBufUtil - -Dio.netty.allocator.type: pooled
21:28:30.450 [main] DEBUG io.netty.buffer.ByteBufUtil - -Dio.netty.threadLocalDirectBufferSize: 0
21:28:30.450 [main] DEBUG io.netty.buffer.ByteBufUtil - -Dio.netty.maxThreadLocalCharBufferSize: 16384
21:28:30.732 [Forwarding newSession on session null to remote] DEBUG io.netty.channel.DefaultChannelId - -Dio.netty.processId: 9748 (auto-detected)
21:28:30.735 [Forwarding newSession on session null to remote] DEBUG io.netty.util.NetUtil - -Djava.net.preferIPv4Stack: false
21:28:30.735 [Forwarding newSession on session null to remote] DEBUG io.netty.util.NetUtil - -Djava.net.preferIPv6Addresses: false
21:28:30.760 [Forwarding newSession on session null to remote] DEBUG io.netty.util.NetUtilInitializations - Loopback interface: lo (Software Loopback Interface 1, 127.0.0.1)
21:28:30.761 [Forwarding newSession on session null to remote] DEBUG io.netty.util.NetUtil - Failed to get SOMAXCONN from sysctl and file \proc\sys\net\core\somaxconn. Default: 200
21:28:30.825 [Forwarding newSession on session null to remote] DEBUG io.netty.channel.DefaultChannelId - -Dio.netty.machineId: 34:cf:f6:ff:fe:2b:0c:19 (auto-detected)
21:28:30.875 [AsyncHttpClient-1-2] DEBUG io.netty.buffer.AbstractByteBuf - -Dio.netty.buffer.checkAccessible: true
21:28:30.875 [AsyncHttpClient-1-2] DEBUG io.netty.buffer.AbstractByteBuf - -Dio.netty.buffer.checkBounds: true
21:28:30.875 [AsyncHttpClient-1-2] DEBUG io.netty.util.ResourceLeakDetectorFactory - Loaded default ResourceLeakDetector: io.netty.util.ResourceLeakDetector@4dc56d17
21:28:30.889 [AsyncHttpClient-1-2] DEBUG org.asynchttpclient.netty.channel.NettyConnectListener - Using new Channel '[id: 0x5a9db78c, L:/127.0.0.1:62987 - R:localhost/127.0.0.1:30111]' for 'POST' to '/session'
21:28:30.903 [AsyncHttpClient-1-2] DEBUG io.netty.util.Recycler - -Dio.netty.recycler.maxCapacityPerThread: 4096
21:28:30.903 [AsyncHttpClient-1-2] DEBUG io.netty.util.Recycler - -Dio.netty.recycler.ratio: 8
21:28:30.903 [AsyncHttpClient-1-2] DEBUG io.netty.util.Recycler - -Dio.netty.recycler.chunkSize: 32
21:28:30.904 [AsyncHttpClient-1-2] DEBUG io.netty.util.Recycler - -Dio.netty.recycler.blocking: false
21:28:31.605 [AsyncHttpClient-1-2] DEBUG io.netty.handler.codec.compression.Brotli - brotli4j not in the classpath; Brotli support will be unavailable.
21:28:31.605 [AsyncHttpClient-1-2] DEBUG org.asynchttpclient.netty.handler.HttpHandler - 

Request DefaultHttpRequest(decodeResult: success, version: HTTP/1.1)
POST /session HTTP/1.1
User-Agent: selenium/4.8.1 (java windows)
Content-Length: 507
Content-Type: application/json; charset=utf-8
host: localhost:30111
accept: */*

Response DefaultHttpResponse(decodeResult: success, version: HTTP/1.1)
HTTP/1.1 200 OK
Content-Length: 862
Content-Type: application/json; charset=utf-8
cache-control: no-cache

21:28:31.613 [AsyncHttpClient-1-2] DEBUG org.asynchttpclient.netty.channel.ChannelManager - Adding key: http://localhost:30111 for channel [id: 0x5a9db78c, L:/127.0.0.1:62987 - R:localhost/127.0.0.1:30111]
21:28:31.678 [AsyncHttpClient-1-3] DEBUG org.asynchttpclient.netty.channel.NettyConnectListener - Using new Channel '[id: 0x32618f07, L:/127.0.0.1:62995 - R:localhost/127.0.0.1:62989]' for 'GET' to '/json/version'
21:28:31.682 [AsyncHttpClient-1-3] DEBUG org.asynchttpclient.netty.handler.HttpHandler - 

Request DefaultFullHttpRequest(decodeResult: success, version: HTTP/1.1, content: EmptyByteBufBE)
GET /json/version HTTP/1.1
User-Agent: selenium/4.8.1 (java windows)
host: localhost:62989
accept: */*

Response DefaultHttpResponse(decodeResult: success, version: HTTP/1.1)
HTTP/1.1 200 OK
Content-Security-Policy: frame-ancestors 'none'
Content-Length: 424
Content-Type: application/json; charset=UTF-8

21:28:31.683 [AsyncHttpClient-1-3] DEBUG org.asynchttpclient.netty.channel.ChannelManager - Adding key: http://localhost:62989 for channel [id: 0x32618f07, L:/127.0.0.1:62995 - R:localhost/127.0.0.1:62989]
21:28:31.693 [main] DEBUG io.netty.util.internal.ThreadLocalRandom - -Dio.netty.initialSeedUniquifier: 0xb08a7d39989e148e
21:28:31.698 [AsyncHttpClient-1-4] DEBUG org.asynchttpclient.netty.channel.NettyConnectListener - Using new Channel '[id: 0x131acb52, L:/127.0.0.1:62996 - R:localhost/127.0.0.1:62989]' for 'GET' to '/devtools/browser/790e4318-5c63-44d9-8c21-0713ef1e3080'
21:28:31.700 [AsyncHttpClient-1-4] DEBUG org.asynchttpclient.netty.handler.WebSocketHandler - 

Request DefaultFullHttpRequest(decodeResult: success, version: HTTP/1.1, content: EmptyByteBufBE)
GET /devtools/browser/790e4318-5c63-44d9-8c21-0713ef1e3080 HTTP/1.1
upgrade: websocket
connection: upgrade
sec-websocket-key: jp4PPAIf5Jv2XGs8LUFKdA==
sec-websocket-version: 13
origin: http://localhost:62989
host: localhost:62989
accept: */*
user-agent: AHC/2.1

Response DefaultHttpResponse(decodeResult: success, version: HTTP/1.1)
HTTP/1.1 101 WebSocket Protocol Handshake
Upgrade: WebSocket
Connection: Upgrade
Sec-WebSocket-Accept: lEVYeNP5IdeA4kn3wFGi2dKUKLs=

21:28:31.811 [Forwarding get on session dbf996c3899b31020cccc709732eb81d to remote] DEBUG org.asynchttpclient.netty.request.NettyRequestSender - Using pooled Channel '[id: 0x5a9db78c, L:/127.0.0.1:62987 - R:localhost/127.0.0.1:30111]' for 'POST' to 'http://localhost:30111/session/dbf996c3899b31020cccc709732eb81d/url'
21:28:31.812 [Forwarding get on session dbf996c3899b31020cccc709732eb81d to remote] DEBUG org.asynchttpclient.netty.request.NettyRequestSender - Using open Channel [id: 0x5a9db78c, L:/127.0.0.1:62987 - R:localhost/127.0.0.1:30111] for POST '/session/dbf996c3899b31020cccc709732eb81d/url'
21:28:32.482 [AsyncHttpClient-1-1] DEBUG org.asynchttpclient.netty.channel.DefaultChannelPool - Entry count for : http://localhost:62989 : 1
21:28:33.304 [AsyncHttpClient-1-2] DEBUG org.asynchttpclient.netty.handler.HttpHandler - 

Request DefaultHttpRequest(decodeResult: success, version: HTTP/1.1)
POST /session/dbf996c3899b31020cccc709732eb81d/url HTTP/1.1
User-Agent: selenium/4.8.1 (java windows)
Content-Length: 56
Content-Type: application/json; charset=utf-8
host: localhost:30111
accept: */*

Response DefaultHttpResponse(decodeResult: success, version: HTTP/1.1)
HTTP/1.1 200 OK
Content-Length: 14
Content-Type: application/json; charset=utf-8
cache-control: no-cache

21:28:33.305 [AsyncHttpClient-1-2] DEBUG org.asynchttpclient.netty.channel.ChannelManager - Adding key: http://localhost:30111 for channel [id: 0x5a9db78c, L:/127.0.0.1:62987 - R:localhost/127.0.0.1:30111]
21:28:33.316 [Forwarding setTimeout on session dbf996c3899b31020cccc709732eb81d to remote] DEBUG org.asynchttpclient.netty.request.NettyRequestSender - Using pooled Channel '[id: 0x5a9db78c, L:/127.0.0.1:62987 - R:localhost/127.0.0.1:30111]' for 'POST' to 'http://localhost:30111/session/dbf996c3899b31020cccc709732eb81d/timeouts'
21:28:33.318 [Forwarding setTimeout on session dbf996c3899b31020cccc709732eb81d to remote] DEBUG org.asynchttpclient.netty.request.NettyRequestSender - Using open Channel [id: 0x5a9db78c, L:/127.0.0.1:62987 - R:localhost/127.0.0.1:30111] for POST '/session/dbf996c3899b31020cccc709732eb81d/timeouts'
21:28:33.321 [AsyncHttpClient-1-2] DEBUG org.asynchttpclient.netty.handler.HttpHandler - 

Request DefaultHttpRequest(decodeResult: success, version: HTTP/1.1)
POST /session/dbf996c3899b31020cccc709732eb81d/timeouts HTTP/1.1
User-Agent: selenium/4.8.1 (java windows)
Content-Length: 22
Content-Type: application/json; charset=utf-8
host: localhost:30111
accept: */*

Response DefaultHttpResponse(decodeResult: success, version: HTTP/1.1)
HTTP/1.1 200 OK
Content-Length: 14
Content-Type: application/json; charset=utf-8
cache-control: no-cache

21:28:33.322 [AsyncHttpClient-1-2] DEBUG org.asynchttpclient.netty.channel.ChannelManager - Adding key: http://localhost:30111 for channel [id: 0x5a9db78c, L:/127.0.0.1:62987 - R:localhost/127.0.0.1:30111]
21:28:33.371 [main] DEBUG net.serenitybdd.core.photography.Darkroom - Opening darkroom
21:28:33.374 [Darkroom Processing Line] DEBUG net.serenitybdd.core.photography.DarkroomProcessingLine - Darkroom processing line starting up
21:28:33.397 [Forwarding getAlertText on session dbf996c3899b31020cccc709732eb81d to remote] DEBUG org.asynchttpclient.netty.request.NettyRequestSender - Using pooled Channel '[id: 0x5a9db78c, L:/127.0.0.1:62987 - R:localhost/127.0.0.1:30111]' for 'GET' to 'http://localhost:30111/session/dbf996c3899b31020cccc709732eb81d/alert/text'
21:28:33.397 [Forwarding getAlertText on session dbf996c3899b31020cccc709732eb81d to remote] DEBUG org.asynchttpclient.netty.request.NettyRequestSender - Using open Channel [id: 0x5a9db78c, L:/127.0.0.1:62987 - R:localhost/127.0.0.1:30111] for GET '/session/dbf996c3899b31020cccc709732eb81d/alert/text'
21:28:33.400 [AsyncHttpClient-1-2] DEBUG org.asynchttpclient.netty.handler.HttpHandler - 

Request DefaultFullHttpRequest(decodeResult: success, version: HTTP/1.1, content: EmptyByteBufBE)
GET /session/dbf996c3899b31020cccc709732eb81d/alert/text HTTP/1.1
User-Agent: selenium/4.8.1 (java windows)
Cache-Control: no-cache
Content-Type: application/json; charset=utf-8
host: localhost:30111
accept: */*

Response DefaultHttpResponse(decodeResult: success, version: HTTP/1.1)
HTTP/1.1 404 Not Found
Content-Length: 836
Content-Type: application/json; charset=utf-8
cache-control: no-cache

21:28:33.400 [AsyncHttpClient-1-2] DEBUG org.asynchttpclient.netty.channel.ChannelManager - Adding key: http://localhost:30111 for channel [id: 0x5a9db78c, L:/127.0.0.1:62987 - R:localhost/127.0.0.1:30111]
21:28:33.412 [Forwarding getCurrentUrl on session dbf996c3899b31020cccc709732eb81d to remote] DEBUG org.asynchttpclient.netty.request.NettyRequestSender - Using pooled Channel '[id: 0x5a9db78c, L:/127.0.0.1:62987 - R:localhost/127.0.0.1:30111]' for 'GET' to 'http://localhost:30111/session/dbf996c3899b31020cccc709732eb81d/url'
21:28:33.412 [Forwarding getCurrentUrl on session dbf996c3899b31020cccc709732eb81d to remote] DEBUG org.asynchttpclient.netty.request.NettyRequestSender - Using open Channel [id: 0x5a9db78c, L:/127.0.0.1:62987 - R:localhost/127.0.0.1:30111] for GET '/session/dbf996c3899b31020cccc709732eb81d/url'
21:28:33.420 [AsyncHttpClient-1-2] DEBUG org.asynchttpclient.netty.handler.HttpHandler - 

Request DefaultFullHttpRequest(decodeResult: success, version: HTTP/1.1, content: EmptyByteBufBE)
GET /session/dbf996c3899b31020cccc709732eb81d/url HTTP/1.1
User-Agent: selenium/4.8.1 (java windows)
Cache-Control: no-cache
Content-Type: application/json; charset=utf-8
host: localhost:30111
accept: */*

Response DefaultHttpResponse(decodeResult: success, version: HTTP/1.1)
HTTP/1.1 200 OK
Content-Length: 38
Content-Type: application/json; charset=utf-8
cache-control: no-cache

21:28:33.420 [AsyncHttpClient-1-2] DEBUG org.asynchttpclient.netty.channel.ChannelManager - Adding key: http://localhost:30111 for channel [id: 0x5a9db78c, L:/127.0.0.1:62987 - R:localhost/127.0.0.1:30111]
21:28:33.426 [Forwarding screenshot on session dbf996c3899b31020cccc709732eb81d to remote] DEBUG org.asynchttpclient.netty.request.NettyRequestSender - Using pooled Channel '[id: 0x5a9db78c, L:/127.0.0.1:62987 - R:localhost/127.0.0.1:30111]' for 'GET' to 'http://localhost:30111/session/dbf996c3899b31020cccc709732eb81d/screenshot'
21:28:33.426 [Forwarding screenshot on session dbf996c3899b31020cccc709732eb81d to remote] DEBUG org.asynchttpclient.netty.request.NettyRequestSender - Using open Channel [id: 0x5a9db78c, L:/127.0.0.1:62987 - R:localhost/127.0.0.1:30111] for GET '/session/dbf996c3899b31020cccc709732eb81d/screenshot'
21:28:33.520 [AsyncHttpClient-1-2] DEBUG org.asynchttpclient.netty.handler.HttpHandler - 

Request DefaultFullHttpRequest(decodeResult: success, version: HTTP/1.1, content: EmptyByteBufBE)
GET /session/dbf996c3899b31020cccc709732eb81d/screenshot HTTP/1.1
User-Agent: selenium/4.8.1 (java windows)
Cache-Control: no-cache
Content-Type: application/json; charset=utf-8
host: localhost:30111
accept: */*

Response DefaultHttpResponse(decodeResult: success, version: HTTP/1.1)
HTTP/1.1 200 OK
Content-Length: 38600
Content-Type: application/json; charset=utf-8
cache-control: no-cache

21:28:33.521 [AsyncHttpClient-1-2] DEBUG org.asynchttpclient.netty.channel.ChannelManager - Adding key: http://localhost:30111 for channel [id: 0x5a9db78c, L:/127.0.0.1:62987 - R:localhost/127.0.0.1:30111]
21:28:33.582 [AsyncHttpClient-1-1] DEBUG org.asynchttpclient.netty.channel.DefaultChannelPool - Entry count for : http://localhost:30111 : 1
21:28:33.582 [AsyncHttpClient-1-1] DEBUG org.asynchttpclient.netty.channel.DefaultChannelPool - Entry count for : http://localhost:62989 : 1
21:28:33.603 [main] DEBUG net.serenitybdd.core.photography.Darkroom - Send negative for processing for target\site\serenity\a6ae5bb822193849a5f03d86c993b56178bcf2d63c5f2b8d5352f0c7690073fa.png
21:28:33.603 [Darkroom Processing Line] DEBUG net.serenitybdd.core.photography.DarkroomProcessingLine - Processing screenshot image in /var/screenshots/screenshot-7668986295915478092
21:28:33.604 [Darkroom Processing Line] DEBUG net.serenitybdd.core.photography.DarkroomProcessingLine - Saving screenshot to target\site\serenity\a6ae5bb822193849a5f03d86c993b56178bcf2d63c5f2b8d5352f0c7690073fa.png
21:28:33.608 [main] DEBUG net.thucydides.core.steps.StepInterceptor - STEP DONE: openPage
21:28:33.617 [Forwarding getPageSource on session dbf996c3899b31020cccc709732eb81d to remote] DEBUG org.asynchttpclient.netty.request.NettyRequestSender - Using pooled Channel '[id: 0x5a9db78c, L:/127.0.0.1:62987 - R:localhost/127.0.0.1:30111]' for 'POST' to 'http://localhost:30111/session/dbf996c3899b31020cccc709732eb81d/execute/sync'
21:28:33.618 [Forwarding getPageSource on session dbf996c3899b31020cccc709732eb81d to remote] DEBUG org.asynchttpclient.netty.request.NettyRequestSender - Using open Channel [id: 0x5a9db78c, L:/127.0.0.1:62987 - R:localhost/127.0.0.1:30111] for POST '/session/dbf996c3899b31020cccc709732eb81d/execute/sync'
21:28:33.624 [AsyncHttpClient-1-2] DEBUG org.asynchttpclient.netty.handler.HttpHandler - 

Request DefaultHttpRequest(decodeResult: success, version: HTTP/1.1)
POST /session/dbf996c3899b31020cccc709732eb81d/execute/sync HTTP/1.1
User-Agent: selenium/4.8.1 (java windows)
Content-Length: 176
Content-Type: application/json; charset=utf-8
host: localhost:30111
accept: */*

Response DefaultHttpResponse(decodeResult: success, version: HTTP/1.1)
HTTP/1.1 200 OK
Content-Length: 4286
Content-Type: application/json; charset=utf-8
cache-control: no-cache

21:28:33.625 [AsyncHttpClient-1-2] DEBUG org.asynchttpclient.netty.channel.ChannelManager - Adding key: http://localhost:30111 for channel [id: 0x5a9db78c, L:/127.0.0.1:62987 - R:localhost/127.0.0.1:30111]
21:28:33.757 [Forwarding getCurrentUrl on session dbf996c3899b31020cccc709732eb81d to remote] DEBUG org.asynchttpclient.netty.request.NettyRequestSender - Using pooled Channel '[id: 0x5a9db78c, L:/127.0.0.1:62987 - R:localhost/127.0.0.1:30111]' for 'GET' to 'http://localhost:30111/session/dbf996c3899b31020cccc709732eb81d/url'
21:28:33.757 [Forwarding getCurrentUrl on session dbf996c3899b31020cccc709732eb81d to remote] DEBUG org.asynchttpclient.netty.request.NettyRequestSender - Using open Channel [id: 0x5a9db78c, L:/127.0.0.1:62987 - R:localhost/127.0.0.1:30111] for GET '/session/dbf996c3899b31020cccc709732eb81d/url'
21:28:33.763 [AsyncHttpClient-1-2] DEBUG org.asynchttpclient.netty.handler.HttpHandler - 

Request DefaultFullHttpRequest(decodeResult: success, version: HTTP/1.1, content: EmptyByteBufBE)
GET /session/dbf996c3899b31020cccc709732eb81d/url HTTP/1.1
User-Agent: selenium/4.8.1 (java windows)
Cache-Control: no-cache
Content-Type: application/json; charset=utf-8
host: localhost:30111
accept: */*

Response DefaultHttpResponse(decodeResult: success, version: HTTP/1.1)
HTTP/1.1 200 OK
Content-Length: 38
Content-Type: application/json; charset=utf-8
cache-control: no-cache

21:28:33.764 [AsyncHttpClient-1-2] DEBUG org.asynchttpclient.netty.channel.ChannelManager - Adding key: http://localhost:30111 for channel [id: 0x5a9db78c, L:/127.0.0.1:62987 - R:localhost/127.0.0.1:30111]
21:28:33.769 [main] DEBUG net.thucydides.core.steps.StepInterceptor - STARTING STEP: AddToCartSteps.onTheLoginPage - validateOnLoginPage
21:28:33.791 [Forwarding findElement on session dbf996c3899b31020cccc709732eb81d to remote] DEBUG org.asynchttpclient.netty.request.NettyRequestSender - Using pooled Channel '[id: 0x5a9db78c, L:/127.0.0.1:62987 - R:localhost/127.0.0.1:30111]' for 'POST' to 'http://localhost:30111/session/dbf996c3899b31020cccc709732eb81d/element'
21:28:33.791 [Forwarding findElement on session dbf996c3899b31020cccc709732eb81d to remote] DEBUG org.asynchttpclient.netty.request.NettyRequestSender - Using open Channel [id: 0x5a9db78c, L:/127.0.0.1:62987 - R:localhost/127.0.0.1:30111] for POST '/session/dbf996c3899b31020cccc709732eb81d/element'
21:28:33.814 [AsyncHttpClient-1-2] DEBUG org.asynchttpclient.netty.handler.HttpHandler - 

Request DefaultHttpRequest(decodeResult: success, version: HTTP/1.1)
POST /session/dbf996c3899b31020cccc709732eb81d/element HTTP/1.1
User-Agent: selenium/4.8.1 (java windows)
Content-Length: 59
Content-Type: application/json; charset=utf-8
host: localhost:30111
accept: */*

Response DefaultHttpResponse(decodeResult: success, version: HTTP/1.1)
HTTP/1.1 200 OK
Content-Length: 88
Content-Type: application/json; charset=utf-8
cache-control: no-cache

21:28:33.814 [AsyncHttpClient-1-2] DEBUG org.asynchttpclient.netty.channel.ChannelManager - Adding key: http://localhost:30111 for channel [id: 0x5a9db78c, L:/127.0.0.1:62987 - R:localhost/127.0.0.1:30111]
21:28:33.826 [Forwarding isElementDisplayed on session dbf996c3899b31020cccc709732eb81d to remote] DEBUG org.asynchttpclient.netty.request.NettyRequestSender - Using pooled Channel '[id: 0x5a9db78c, L:/127.0.0.1:62987 - R:localhost/127.0.0.1:30111]' for 'POST' to 'http://localhost:30111/session/dbf996c3899b31020cccc709732eb81d/execute/sync'
21:28:33.826 [Forwarding isElementDisplayed on session dbf996c3899b31020cccc709732eb81d to remote] DEBUG org.asynchttpclient.netty.request.NettyRequestSender - Using open Channel [id: 0x5a9db78c, L:/127.0.0.1:62987 - R:localhost/127.0.0.1:30111] for POST '/session/dbf996c3899b31020cccc709732eb81d/execute/sync'
21:28:33.841 [AsyncHttpClient-1-2] DEBUG org.asynchttpclient.netty.handler.HttpHandler - 

Request DefaultHttpRequest(decodeResult: success, version: HTTP/1.1)
POST /session/dbf996c3899b31020cccc709732eb81d/execute/sync HTTP/1.1
User-Agent: selenium/4.8.1 (java windows)
Content-Length: 48807
Content-Type: application/json; charset=utf-8
host: localhost:30111
accept: */*

Response DefaultHttpResponse(decodeResult: success, version: HTTP/1.1)
HTTP/1.1 200 OK
Content-Length: 14
Content-Type: application/json; charset=utf-8
cache-control: no-cache

21:28:33.842 [AsyncHttpClient-1-2] DEBUG org.asynchttpclient.netty.channel.ChannelManager - Adding key: http://localhost:30111 for channel [id: 0x5a9db78c, L:/127.0.0.1:62987 - R:localhost/127.0.0.1:30111]
21:28:33.849 [Forwarding getAlertText on session dbf996c3899b31020cccc709732eb81d to remote] DEBUG org.asynchttpclient.netty.request.NettyRequestSender - Using pooled Channel '[id: 0x5a9db78c, L:/127.0.0.1:62987 - R:localhost/127.0.0.1:30111]' for 'GET' to 'http://localhost:30111/session/dbf996c3899b31020cccc709732eb81d/alert/text'
21:28:33.849 [Forwarding getAlertText on session dbf996c3899b31020cccc709732eb81d to remote] DEBUG org.asynchttpclient.netty.request.NettyRequestSender - Using open Channel [id: 0x5a9db78c, L:/127.0.0.1:62987 - R:localhost/127.0.0.1:30111] for GET '/session/dbf996c3899b31020cccc709732eb81d/alert/text'
21:28:33.851 [AsyncHttpClient-1-2] DEBUG org.asynchttpclient.netty.handler.HttpHandler - 

Request DefaultFullHttpRequest(decodeResult: success, version: HTTP/1.1, content: EmptyByteBufBE)
GET /session/dbf996c3899b31020cccc709732eb81d/alert/text HTTP/1.1
User-Agent: selenium/4.8.1 (java windows)
Cache-Control: no-cache
Content-Type: application/json; charset=utf-8
host: localhost:30111
accept: */*

Response DefaultHttpResponse(decodeResult: success, version: HTTP/1.1)
HTTP/1.1 404 Not Found
Content-Length: 836
Content-Type: application/json; charset=utf-8
cache-control: no-cache

21:28:33.851 [AsyncHttpClient-1-2] DEBUG org.asynchttpclient.netty.channel.ChannelManager - Adding key: http://localhost:30111 for channel [id: 0x5a9db78c, L:/127.0.0.1:62987 - R:localhost/127.0.0.1:30111]
21:28:33.854 [Forwarding getCurrentUrl on session dbf996c3899b31020cccc709732eb81d to remote] DEBUG org.asynchttpclient.netty.request.NettyRequestSender - Using pooled Channel '[id: 0x5a9db78c, L:/127.0.0.1:62987 - R:localhost/127.0.0.1:30111]' for 'GET' to 'http://localhost:30111/session/dbf996c3899b31020cccc709732eb81d/url'
21:28:33.855 [Forwarding getCurrentUrl on session dbf996c3899b31020cccc709732eb81d to remote] DEBUG org.asynchttpclient.netty.request.NettyRequestSender - Using open Channel [id: 0x5a9db78c, L:/127.0.0.1:62987 - R:localhost/127.0.0.1:30111] for GET '/session/dbf996c3899b31020cccc709732eb81d/url'
21:28:33.861 [AsyncHttpClient-1-2] DEBUG org.asynchttpclient.netty.handler.HttpHandler - 

Request DefaultFullHttpRequest(decodeResult: success, version: HTTP/1.1, content: EmptyByteBufBE)
GET /session/dbf996c3899b31020cccc709732eb81d/url HTTP/1.1
User-Agent: selenium/4.8.1 (java windows)
Cache-Control: no-cache
Content-Type: application/json; charset=utf-8
host: localhost:30111
accept: */*

Response DefaultHttpResponse(decodeResult: success, version: HTTP/1.1)
HTTP/1.1 200 OK
Content-Length: 38
Content-Type: application/json; charset=utf-8
cache-control: no-cache

21:28:33.861 [AsyncHttpClient-1-2] DEBUG org.asynchttpclient.netty.channel.ChannelManager - Adding key: http://localhost:30111 for channel [id: 0x5a9db78c, L:/127.0.0.1:62987 - R:localhost/127.0.0.1:30111]
21:28:33.864 [Forwarding screenshot on session dbf996c3899b31020cccc709732eb81d to remote] DEBUG org.asynchttpclient.netty.request.NettyRequestSender - Using pooled Channel '[id: 0x5a9db78c, L:/127.0.0.1:62987 - R:localhost/127.0.0.1:30111]' for 'GET' to 'http://localhost:30111/session/dbf996c3899b31020cccc709732eb81d/screenshot'
21:28:33.864 [Forwarding screenshot on session dbf996c3899b31020cccc709732eb81d to remote] DEBUG org.asynchttpclient.netty.request.NettyRequestSender - Using open Channel [id: 0x5a9db78c, L:/127.0.0.1:62987 - R:localhost/127.0.0.1:30111] for GET '/session/dbf996c3899b31020cccc709732eb81d/screenshot'
21:28:33.964 [AsyncHttpClient-1-2] DEBUG org.asynchttpclient.netty.handler.HttpHandler - 

Request DefaultFullHttpRequest(decodeResult: success, version: HTTP/1.1, content: EmptyByteBufBE)
GET /session/dbf996c3899b31020cccc709732eb81d/screenshot HTTP/1.1
User-Agent: selenium/4.8.1 (java windows)
Cache-Control: no-cache
Content-Type: application/json; charset=utf-8
host: localhost:30111
accept: */*

Response DefaultHttpResponse(decodeResult: success, version: HTTP/1.1)
HTTP/1.1 200 OK
Content-Length: 38600
Content-Type: application/json; charset=utf-8
cache-control: no-cache

21:28:33.965 [AsyncHttpClient-1-2] DEBUG org.asynchttpclient.netty.channel.ChannelManager - Adding key: http://localhost:30111 for channel [id: 0x5a9db78c, L:/127.0.0.1:62987 - R:localhost/127.0.0.1:30111]
21:28:33.975 [main] DEBUG net.serenitybdd.core.photography.Darkroom - Send negative for processing for target\site\serenity\a6ae5bb822193849a5f03d86c993b56178bcf2d63c5f2b8d5352f0c7690073fa.png
21:28:33.976 [main] DEBUG net.thucydides.core.steps.StepInterceptor - STEP DONE: validateOnLoginPage
  &amp#27;[32mGiven &amp#27;[0m&amp#27;[32mI am on the Saucedemo login page&amp#27;[0m     &amp#27;[90m# starter.stepdefinitions.AddToCartSteps.onTheLoginPage()&amp#27;[0m
21:28:34.009 [Forwarding getPageSource on session dbf996c3899b31020cccc709732eb81d to remote] DEBUG org.asynchttpclient.netty.request.NettyRequestSender - Using pooled Channel '[id: 0x5a9db78c, L:/127.0.0.1:62987 - R:localhost/127.0.0.1:30111]' for 'POST' to 'http://localhost:30111/session/dbf996c3899b31020cccc709732eb81d/execute/sync'
21:28:34.010 [Forwarding getPageSource on session dbf996c3899b31020cccc709732eb81d to remote] DEBUG org.asynchttpclient.netty.request.NettyRequestSender - Using open Channel [id: 0x5a9db78c, L:/127.0.0.1:62987 - R:localhost/127.0.0.1:30111] for POST '/session/dbf996c3899b31020cccc709732eb81d/execute/sync'
21:28:34.017 [AsyncHttpClient-1-2] DEBUG org.asynchttpclient.netty.handler.HttpHandler - 

Request DefaultHttpRequest(decodeResult: success, version: HTTP/1.1)
POST /session/dbf996c3899b31020cccc709732eb81d/execute/sync HTTP/1.1
User-Agent: selenium/4.8.1 (java windows)
Content-Length: 176
Content-Type: application/json; charset=utf-8
host: localhost:30111
accept: */*

Response DefaultHttpResponse(decodeResult: success, version: HTTP/1.1)
HTTP/1.1 200 OK
Content-Length: 4286
Content-Type: application/json; charset=utf-8
cache-control: no-cache

21:28:34.018 [AsyncHttpClient-1-2] DEBUG org.asynchttpclient.netty.channel.ChannelManager - Adding key: http://localhost:30111 for channel [id: 0x5a9db78c, L:/127.0.0.1:62987 - R:localhost/127.0.0.1:30111]
21:28:34.026 [Forwarding getCurrentUrl on session dbf996c3899b31020cccc709732eb81d to remote] DEBUG org.asynchttpclient.netty.request.NettyRequestSender - Using pooled Channel '[id: 0x5a9db78c, L:/127.0.0.1:62987 - R:localhost/127.0.0.1:30111]' for 'GET' to 'http://localhost:30111/session/dbf996c3899b31020cccc709732eb81d/url'
21:28:34.027 [Forwarding getCurrentUrl on session dbf996c3899b31020cccc709732eb81d to remote] DEBUG org.asynchttpclient.netty.request.NettyRequestSender - Using open Channel [id: 0x5a9db78c, L:/127.0.0.1:62987 - R:localhost/127.0.0.1:30111] for GET '/session/dbf996c3899b31020cccc709732eb81d/url'
21:28:34.033 [AsyncHttpClient-1-2] DEBUG org.asynchttpclient.netty.handler.HttpHandler - 

Request DefaultFullHttpRequest(decodeResult: success, version: HTTP/1.1, content: EmptyByteBufBE)
GET /session/dbf996c3899b31020cccc709732eb81d/url HTTP/1.1
User-Agent: selenium/4.8.1 (java windows)
Cache-Control: no-cache
Content-Type: application/json; charset=utf-8
host: localhost:30111
accept: */*

Response DefaultHttpResponse(decodeResult: success, version: HTTP/1.1)
HTTP/1.1 200 OK
Content-Length: 38
Content-Type: application/json; charset=utf-8
cache-control: no-cache

21:28:34.034 [AsyncHttpClient-1-2] DEBUG org.asynchttpclient.netty.channel.ChannelManager - Adding key: http://localhost:30111 for channel [id: 0x5a9db78c, L:/127.0.0.1:62987 - R:localhost/127.0.0.1:30111]
21:28:34.059 [Forwarding getAlertText on session dbf996c3899b31020cccc709732eb81d to remote] DEBUG org.asynchttpclient.netty.request.NettyRequestSender - Using pooled Channel '[id: 0x5a9db78c, L:/127.0.0.1:62987 - R:localhost/127.0.0.1:30111]' for 'GET' to 'http://localhost:30111/session/dbf996c3899b31020cccc709732eb81d/alert/text'
21:28:34.060 [Forwarding getAlertText on session dbf996c3899b31020cccc709732eb81d to remote] DEBUG org.asynchttpclient.netty.request.NettyRequestSender - Using open Channel [id: 0x5a9db78c, L:/127.0.0.1:62987 - R:localhost/127.0.0.1:30111] for GET '/session/dbf996c3899b31020cccc709732eb81d/alert/text'
21:28:34.062 [AsyncHttpClient-1-2] DEBUG org.asynchttpclient.netty.handler.HttpHandler - 

Request DefaultFullHttpRequest(decodeResult: success, version: HTTP/1.1, content: EmptyByteBufBE)
GET /session/dbf996c3899b31020cccc709732eb81d/alert/text HTTP/1.1
User-Agent: selenium/4.8.1 (java windows)
Cache-Control: no-cache
Content-Type: application/json; charset=utf-8
host: localhost:30111
accept: */*

Response DefaultHttpResponse(decodeResult: success, version: HTTP/1.1)
HTTP/1.1 404 Not Found
Content-Length: 836
Content-Type: application/json; charset=utf-8
cache-control: no-cache

21:28:34.063 [AsyncHttpClient-1-2] DEBUG org.asynchttpclient.netty.channel.ChannelManager - Adding key: http://localhost:30111 for channel [id: 0x5a9db78c, L:/127.0.0.1:62987 - R:localhost/127.0.0.1:30111]
21:28:34.065 [Forwarding getCurrentUrl on session dbf996c3899b31020cccc709732eb81d to remote] DEBUG org.asynchttpclient.netty.request.NettyRequestSender - Using pooled Channel '[id: 0x5a9db78c, L:/127.0.0.1:62987 - R:localhost/127.0.0.1:30111]' for 'GET' to 'http://localhost:30111/session/dbf996c3899b31020cccc709732eb81d/url'
21:28:34.065 [Forwarding getCurrentUrl on session dbf996c3899b31020cccc709732eb81d to remote] DEBUG org.asynchttpclient.netty.request.NettyRequestSender - Using open Channel [id: 0x5a9db78c, L:/127.0.0.1:62987 - R:localhost/127.0.0.1:30111] for GET '/session/dbf996c3899b31020cccc709732eb81d/url'
21:28:34.071 [AsyncHttpClient-1-2] DEBUG org.asynchttpclient.netty.handler.HttpHandler - 

Request DefaultFullHttpRequest(decodeResult: success, version: HTTP/1.1, content: EmptyByteBufBE)
GET /session/dbf996c3899b31020cccc709732eb81d/url HTTP/1.1
User-Agent: selenium/4.8.1 (java windows)
Cache-Control: no-cache
Content-Type: application/json; charset=utf-8
host: localhost:30111
accept: */*

Response DefaultHttpResponse(decodeResult: success, version: HTTP/1.1)
HTTP/1.1 200 OK
Content-Length: 38
Content-Type: application/json; charset=utf-8
cache-control: no-cache

21:28:34.071 [AsyncHttpClient-1-2] DEBUG org.asynchttpclient.netty.channel.ChannelManager - Adding key: http://localhost:30111 for channel [id: 0x5a9db78c, L:/127.0.0.1:62987 - R:localhost/127.0.0.1:30111]
21:28:34.072 [Forwarding screenshot on session dbf996c3899b31020cccc709732eb81d to remote] DEBUG org.asynchttpclient.netty.request.NettyRequestSender - Using pooled Channel '[id: 0x5a9db78c, L:/127.0.0.1:62987 - R:localhost/127.0.0.1:30111]' for 'GET' to 'http://localhost:30111/session/dbf996c3899b31020cccc709732eb81d/screenshot'
21:28:34.073 [Forwarding screenshot on session dbf996c3899b31020cccc709732eb81d to remote] DEBUG org.asynchttpclient.netty.request.NettyRequestSender - Using open Channel [id: 0x5a9db78c, L:/127.0.0.1:62987 - R:localhost/127.0.0.1:30111] for GET '/session/dbf996c3899b31020cccc709732eb81d/screenshot'
21:28:34.156 [AsyncHttpClient-1-2] DEBUG org.asynchttpclient.netty.handler.HttpHandler - 

Request DefaultFullHttpRequest(decodeResult: success, version: HTTP/1.1, content: EmptyByteBufBE)
GET /session/dbf996c3899b31020cccc709732eb81d/screenshot HTTP/1.1
User-Agent: selenium/4.8.1 (java windows)
Cache-Control: no-cache
Content-Type: application/json; charset=utf-8
host: localhost:30111
accept: */*

Response DefaultHttpResponse(decodeResult: success, version: HTTP/1.1)
HTTP/1.1 200 OK
Content-Length: 38600
Content-Type: application/json; charset=utf-8
cache-control: no-cache

21:28:34.158 [AsyncHttpClient-1-2] DEBUG org.asynchttpclient.netty.channel.ChannelManager - Adding key: http://localhost:30111 for channel [id: 0x5a9db78c, L:/127.0.0.1:62987 - R:localhost/127.0.0.1:30111]
21:28:34.163 [main] DEBUG net.serenitybdd.core.photography.Darkroom - Send negative for processing for target\site\serenity\a6ae5bb822193849a5f03d86c993b56178bcf2d63c5f2b8d5352f0c7690073fa.png
21:28:34.169 [Forwarding getPageSource on session dbf996c3899b31020cccc709732eb81d to remote] DEBUG org.asynchttpclient.netty.request.NettyRequestSender - Using pooled Channel '[id: 0x5a9db78c, L:/127.0.0.1:62987 - R:localhost/127.0.0.1:30111]' for 'POST' to 'http://localhost:30111/session/dbf996c3899b31020cccc709732eb81d/execute/sync'
21:28:34.169 [Forwarding getPageSource on session dbf996c3899b31020cccc709732eb81d to remote] DEBUG org.asynchttpclient.netty.request.NettyRequestSender - Using open Channel [id: 0x5a9db78c, L:/127.0.0.1:62987 - R:localhost/127.0.0.1:30111] for POST '/session/dbf996c3899b31020cccc709732eb81d/execute/sync'
21:28:34.212 [AsyncHttpClient-1-2] DEBUG org.asynchttpclient.netty.handler.HttpHandler - 

Request DefaultHttpRequest(decodeResult: success, version: HTTP/1.1)
POST /session/dbf996c3899b31020cccc709732eb81d/execute/sync HTTP/1.1
User-Agent: selenium/4.8.1 (java windows)
Content-Length: 176
Content-Type: application/json; charset=utf-8
host: localhost:30111
accept: */*

Response DefaultHttpResponse(decodeResult: success, version: HTTP/1.1)
HTTP/1.1 200 OK
Content-Length: 4286
Content-Type: application/json; charset=utf-8
cache-control: no-cache

21:28:34.213 [AsyncHttpClient-1-2] DEBUG org.asynchttpclient.netty.channel.ChannelManager - Adding key: http://localhost:30111 for channel [id: 0x5a9db78c, L:/127.0.0.1:62987 - R:localhost/127.0.0.1:30111]
21:28:34.222 [Forwarding getCurrentUrl on session dbf996c3899b31020cccc709732eb81d to remote] DEBUG org.asynchttpclient.netty.request.NettyRequestSender - Using pooled Channel '[id: 0x5a9db78c, L:/127.0.0.1:62987 - R:localhost/127.0.0.1:30111]' for 'GET' to 'http://localhost:30111/session/dbf996c3899b31020cccc709732eb81d/url'
21:28:34.223 [Forwarding getCurrentUrl on session dbf996c3899b31020cccc709732eb81d to remote] DEBUG org.asynchttpclient.netty.request.NettyRequestSender - Using open Channel [id: 0x5a9db78c, L:/127.0.0.1:62987 - R:localhost/127.0.0.1:30111] for GET '/session/dbf996c3899b31020cccc709732eb81d/url'
21:28:34.240 [AsyncHttpClient-1-2] DEBUG org.asynchttpclient.netty.handler.HttpHandler - 

Request DefaultFullHttpRequest(decodeResult: success, version: HTTP/1.1, content: EmptyByteBufBE)
GET /session/dbf996c3899b31020cccc709732eb81d/url HTTP/1.1
User-Agent: selenium/4.8.1 (java windows)
Cache-Control: no-cache
Content-Type: application/json; charset=utf-8
host: localhost:30111
accept: */*

Response DefaultHttpResponse(decodeResult: success, version: HTTP/1.1)
HTTP/1.1 200 OK
Content-Length: 38
Content-Type: application/json; charset=utf-8
cache-control: no-cache

21:28:34.241 [AsyncHttpClient-1-2] DEBUG org.asynchttpclient.netty.channel.ChannelManager - Adding key: http://localhost:30111 for channel [id: 0x5a9db78c, L:/127.0.0.1:62987 - R:localhost/127.0.0.1:30111]
21:28:34.245 [main] DEBUG net.thucydides.core.steps.StepInterceptor - STARTING STEP: AddToCartSteps.loginWithValid - inputUserName
21:28:34.253 [Forwarding findElement on session dbf996c3899b31020cccc709732eb81d to remote] DEBUG org.asynchttpclient.netty.request.NettyRequestSender - Using pooled Channel '[id: 0x5a9db78c, L:/127.0.0.1:62987 - R:localhost/127.0.0.1:30111]' for 'POST' to 'http://localhost:30111/session/dbf996c3899b31020cccc709732eb81d/element'
21:28:34.254 [Forwarding findElement on session dbf996c3899b31020cccc709732eb81d to remote] DEBUG org.asynchttpclient.netty.request.NettyRequestSender - Using open Channel [id: 0x5a9db78c, L:/127.0.0.1:62987 - R:localhost/127.0.0.1:30111] for POST '/session/dbf996c3899b31020cccc709732eb81d/element'
21:28:34.277 [AsyncHttpClient-1-2] DEBUG org.asynchttpclient.netty.handler.HttpHandler - 

Request DefaultHttpRequest(decodeResult: success, version: HTTP/1.1)
POST /session/dbf996c3899b31020cccc709732eb81d/element HTTP/1.1
User-Agent: selenium/4.8.1 (java windows)
Content-Length: 56
Content-Type: application/json; charset=utf-8
host: localhost:30111
accept: */*

Response DefaultHttpResponse(decodeResult: success, version: HTTP/1.1)
HTTP/1.1 200 OK
Content-Length: 88
Content-Type: application/json; charset=utf-8
cache-control: no-cache

21:28:34.278 [AsyncHttpClient-1-2] DEBUG org.asynchttpclient.netty.channel.ChannelManager - Adding key: http://localhost:30111 for channel [id: 0x5a9db78c, L:/127.0.0.1:62987 - R:localhost/127.0.0.1:30111]
21:28:34.281 [Forwarding clearElement on session dbf996c3899b31020cccc709732eb81d to remote] DEBUG org.asynchttpclient.netty.request.NettyRequestSender - Using pooled Channel '[id: 0x5a9db78c, L:/127.0.0.1:62987 - R:localhost/127.0.0.1:30111]' for 'POST' to 'http://localhost:30111/session/dbf996c3899b31020cccc709732eb81d/element/2ee6daaa-dc5b-4eba-9b52-ebd33ab6579c/clear'
21:28:34.281 [Forwarding clearElement on session dbf996c3899b31020cccc709732eb81d to remote] DEBUG org.asynchttpclient.netty.request.NettyRequestSender - Using open Channel [id: 0x5a9db78c, L:/127.0.0.1:62987 - R:localhost/127.0.0.1:30111] for POST '/session/dbf996c3899b31020cccc709732eb81d/element/2ee6daaa-dc5b-4eba-9b52-ebd33ab6579c/clear'
21:28:34.343 [AsyncHttpClient-1-2] DEBUG org.asynchttpclient.netty.handler.HttpHandler - 

Request DefaultHttpRequest(decodeResult: success, version: HTTP/1.1)
POST /session/dbf996c3899b31020cccc709732eb81d/element/2ee6daaa-dc5b-4eba-9b52-ebd33ab6579c/clear HTTP/1.1
User-Agent: selenium/4.8.1 (java windows)
Content-Length: 50
Content-Type: application/json; charset=utf-8
host: localhost:30111
accept: */*

Response DefaultHttpResponse(decodeResult: success, version: HTTP/1.1)
HTTP/1.1 200 OK
Content-Length: 14
Content-Type: application/json; charset=utf-8
cache-control: no-cache

21:28:34.343 [AsyncHttpClient-1-2] DEBUG org.asynchttpclient.netty.channel.ChannelManager - Adding key: http://localhost:30111 for channel [id: 0x5a9db78c, L:/127.0.0.1:62987 - R:localhost/127.0.0.1:30111]
21:28:34.354 [Forwarding sendKeysToElement on session dbf996c3899b31020cccc709732eb81d to remote] DEBUG org.asynchttpclient.netty.request.NettyRequestSender - Using pooled Channel '[id: 0x5a9db78c, L:/127.0.0.1:62987 - R:localhost/127.0.0.1:30111]' for 'POST' to 'http://localhost:30111/session/dbf996c3899b31020cccc709732eb81d/element/2ee6daaa-dc5b-4eba-9b52-ebd33ab6579c/value'
21:28:34.355 [Forwarding sendKeysToElement on session dbf996c3899b31020cccc709732eb81d to remote] DEBUG org.asynchttpclient.netty.request.NettyRequestSender - Using open Channel [id: 0x5a9db78c, L:/127.0.0.1:62987 - R:localhost/127.0.0.1:30111] for POST '/session/dbf996c3899b31020cccc709732eb81d/element/2ee6daaa-dc5b-4eba-9b52-ebd33ab6579c/value'
21:28:34.483 [AsyncHttpClient-1-2] DEBUG org.asynchttpclient.netty.handler.HttpHandler - 

Request DefaultHttpRequest(decodeResult: success, version: HTTP/1.1)
POST /session/dbf996c3899b31020cccc709732eb81d/element/2ee6daaa-dc5b-4eba-9b52-ebd33ab6579c/value HTTP/1.1
User-Agent: selenium/4.8.1 (java windows)
Content-Length: 211
Content-Type: application/json; charset=utf-8
host: localhost:30111
accept: */*

Response DefaultHttpResponse(decodeResult: success, version: HTTP/1.1)
HTTP/1.1 200 OK
Content-Length: 14
Content-Type: application/json; charset=utf-8
cache-control: no-cache

21:28:34.483 [AsyncHttpClient-1-2] DEBUG org.asynchttpclient.netty.channel.ChannelManager - Adding key: http://localhost:30111 for channel [id: 0x5a9db78c, L:/127.0.0.1:62987 - R:localhost/127.0.0.1:30111]
21:28:34.492 [Forwarding getAlertText on session dbf996c3899b31020cccc709732eb81d to remote] DEBUG org.asynchttpclient.netty.request.NettyRequestSender - Using pooled Channel '[id: 0x5a9db78c, L:/127.0.0.1:62987 - R:localhost/127.0.0.1:30111]' for 'GET' to 'http://localhost:30111/session/dbf996c3899b31020cccc709732eb81d/alert/text'
21:28:34.492 [Forwarding getAlertText on session dbf996c3899b31020cccc709732eb81d to remote] DEBUG org.asynchttpclient.netty.request.NettyRequestSender - Using open Channel [id: 0x5a9db78c, L:/127.0.0.1:62987 - R:localhost/127.0.0.1:30111] for GET '/session/dbf996c3899b31020cccc709732eb81d/alert/text'
21:28:34.494 [AsyncHttpClient-1-2] DEBUG org.asynchttpclient.netty.handler.HttpHandler - 

Request DefaultFullHttpRequest(decodeResult: success, version: HTTP/1.1, content: EmptyByteBufBE)
GET /session/dbf996c3899b31020cccc709732eb81d/alert/text HTTP/1.1
User-Agent: selenium/4.8.1 (java windows)
Cache-Control: no-cache
Content-Type: application/json; charset=utf-8
host: localhost:30111
accept: */*

Response DefaultHttpResponse(decodeResult: success, version: HTTP/1.1)
HTTP/1.1 404 Not Found
Content-Length: 836
Content-Type: application/json; charset=utf-8
cache-control: no-cache

21:28:34.494 [AsyncHttpClient-1-2] DEBUG org.asynchttpclient.netty.channel.ChannelManager - Adding key: http://localhost:30111 for channel [id: 0x5a9db78c, L:/127.0.0.1:62987 - R:localhost/127.0.0.1:30111]
21:28:34.496 [Forwarding getCurrentUrl on session dbf996c3899b31020cccc709732eb81d to remote] DEBUG org.asynchttpclient.netty.request.NettyRequestSender - Using pooled Channel '[id: 0x5a9db78c, L:/127.0.0.1:62987 - R:localhost/127.0.0.1:30111]' for 'GET' to 'http://localhost:30111/session/dbf996c3899b31020cccc709732eb81d/url'
21:28:34.496 [Forwarding getCurrentUrl on session dbf996c3899b31020cccc709732eb81d to remote] DEBUG org.asynchttpclient.netty.request.NettyRequestSender - Using open Channel [id: 0x5a9db78c, L:/127.0.0.1:62987 - R:localhost/127.0.0.1:30111] for GET '/session/dbf996c3899b31020cccc709732eb81d/url'
21:28:34.503 [AsyncHttpClient-1-2] DEBUG org.asynchttpclient.netty.handler.HttpHandler - 

Request DefaultFullHttpRequest(decodeResult: success, version: HTTP/1.1, content: EmptyByteBufBE)
GET /session/dbf996c3899b31020cccc709732eb81d/url HTTP/1.1
User-Agent: selenium/4.8.1 (java windows)
Cache-Control: no-cache
Content-Type: application/json; charset=utf-8
host: localhost:30111
accept: */*

Response DefaultHttpResponse(decodeResult: success, version: HTTP/1.1)
HTTP/1.1 200 OK
Content-Length: 38
Content-Type: application/json; charset=utf-8
cache-control: no-cache

21:28:34.504 [AsyncHttpClient-1-2] DEBUG org.asynchttpclient.netty.channel.ChannelManager - Adding key: http://localhost:30111 for channel [id: 0x5a9db78c, L:/127.0.0.1:62987 - R:localhost/127.0.0.1:30111]
21:28:34.507 [Forwarding screenshot on session dbf996c3899b31020cccc709732eb81d to remote] DEBUG org.asynchttpclient.netty.request.NettyRequestSender - Using pooled Channel '[id: 0x5a9db78c, L:/127.0.0.1:62987 - R:localhost/127.0.0.1:30111]' for 'GET' to 'http://localhost:30111/session/dbf996c3899b31020cccc709732eb81d/screenshot'
21:28:34.507 [Forwarding screenshot on session dbf996c3899b31020cccc709732eb81d to remote] DEBUG org.asynchttpclient.netty.request.NettyRequestSender - Using open Channel [id: 0x5a9db78c, L:/127.0.0.1:62987 - R:localhost/127.0.0.1:30111] for GET '/session/dbf996c3899b31020cccc709732eb81d/screenshot'
21:28:34.602 [AsyncHttpClient-1-2] DEBUG org.asynchttpclient.netty.handler.HttpHandler - 

Request DefaultFullHttpRequest(decodeResult: success, version: HTTP/1.1, content: EmptyByteBufBE)
GET /session/dbf996c3899b31020cccc709732eb81d/screenshot HTTP/1.1
User-Agent: selenium/4.8.1 (java windows)
Cache-Control: no-cache
Content-Type: application/json; charset=utf-8
host: localhost:30111
accept: */*

Response DefaultHttpResponse(decodeResult: success, version: HTTP/1.1)
HTTP/1.1 200 OK
Content-Length: 39156
Content-Type: application/json; charset=utf-8
cache-control: no-cache

21:28:34.603 [AsyncHttpClient-1-2] DEBUG org.asynchttpclient.netty.channel.ChannelManager - Adding key: http://localhost:30111 for channel [id: 0x5a9db78c, L:/127.0.0.1:62987 - R:localhost/127.0.0.1:30111]
21:28:34.608 [main] DEBUG net.serenitybdd.core.photography.Darkroom - Send negative for processing for target\site\serenity\f8939a303c266e61605ce97be6aaea17e160949fe10f6e4ea729b2ac7291246a.png
21:28:34.609 [Darkroom Processing Line] DEBUG net.serenitybdd.core.photography.DarkroomProcessingLine - Processing screenshot image in /var/screenshots/screenshot-13985020829996836743
21:28:34.609 [main] DEBUG net.thucydides.core.steps.StepInterceptor - STEP DONE: inputUserName
21:28:34.609 [Darkroom Processing Line] DEBUG net.serenitybdd.core.photography.DarkroomProcessingLine - Saving screenshot to target\site\serenity\f8939a303c266e61605ce97be6aaea17e160949fe10f6e4ea729b2ac7291246a.png
21:28:34.620 [Forwarding getPageSource on session dbf996c3899b31020cccc709732eb81d to remote] DEBUG org.asynchttpclient.netty.request.NettyRequestSender - Using pooled Channel '[id: 0x5a9db78c, L:/127.0.0.1:62987 - R:localhost/127.0.0.1:30111]' for 'POST' to 'http://localhost:30111/session/dbf996c3899b31020cccc709732eb81d/execute/sync'
21:28:34.620 [Forwarding getPageSource on session dbf996c3899b31020cccc709732eb81d to remote] DEBUG org.asynchttpclient.netty.request.NettyRequestSender - Using open Channel [id: 0x5a9db78c, L:/127.0.0.1:62987 - R:localhost/127.0.0.1:30111] for POST '/session/dbf996c3899b31020cccc709732eb81d/execute/sync'
21:28:34.628 [AsyncHttpClient-1-2] DEBUG org.asynchttpclient.netty.handler.HttpHandler - 

Request DefaultHttpRequest(decodeResult: success, version: HTTP/1.1)
POST /session/dbf996c3899b31020cccc709732eb81d/execute/sync HTTP/1.1
User-Agent: selenium/4.8.1 (java windows)
Content-Length: 176
Content-Type: application/json; charset=utf-8
host: localhost:30111
accept: */*

Response DefaultHttpResponse(decodeResult: success, version: HTTP/1.1)
HTTP/1.1 200 OK
Content-Length: 4299
Content-Type: application/json; charset=utf-8
cache-control: no-cache

21:28:34.628 [AsyncHttpClient-1-2] DEBUG org.asynchttpclient.netty.channel.ChannelManager - Adding key: http://localhost:30111 for channel [id: 0x5a9db78c, L:/127.0.0.1:62987 - R:localhost/127.0.0.1:30111]
21:28:34.635 [Forwarding getCurrentUrl on session dbf996c3899b31020cccc709732eb81d to remote] DEBUG org.asynchttpclient.netty.request.NettyRequestSender - Using pooled Channel '[id: 0x5a9db78c, L:/127.0.0.1:62987 - R:localhost/127.0.0.1:30111]' for 'GET' to 'http://localhost:30111/session/dbf996c3899b31020cccc709732eb81d/url'
21:28:34.635 [Forwarding getCurrentUrl on session dbf996c3899b31020cccc709732eb81d to remote] DEBUG org.asynchttpclient.netty.request.NettyRequestSender - Using open Channel [id: 0x5a9db78c, L:/127.0.0.1:62987 - R:localhost/127.0.0.1:30111] for GET '/session/dbf996c3899b31020cccc709732eb81d/url'
21:28:34.641 [AsyncHttpClient-1-2] DEBUG org.asynchttpclient.netty.handler.HttpHandler - 

Request DefaultFullHttpRequest(decodeResult: success, version: HTTP/1.1, content: EmptyByteBufBE)
GET /session/dbf996c3899b31020cccc709732eb81d/url HTTP/1.1
User-Agent: selenium/4.8.1 (java windows)
Cache-Control: no-cache
Content-Type: application/json; charset=utf-8
host: localhost:30111
accept: */*

Response DefaultHttpResponse(decodeResult: success, version: HTTP/1.1)
HTTP/1.1 200 OK
Content-Length: 38
Content-Type: application/json; charset=utf-8
cache-control: no-cache

21:28:34.641 [AsyncHttpClient-1-2] DEBUG org.asynchttpclient.netty.channel.ChannelManager - Adding key: http://localhost:30111 for channel [id: 0x5a9db78c, L:/127.0.0.1:62987 - R:localhost/127.0.0.1:30111]
21:28:34.644 [main] DEBUG net.thucydides.core.steps.StepInterceptor - STARTING STEP: AddToCartSteps.loginWithValid - inputPassword
21:28:34.647 [Forwarding findElement on session dbf996c3899b31020cccc709732eb81d to remote] DEBUG org.asynchttpclient.netty.request.NettyRequestSender - Using pooled Channel '[id: 0x5a9db78c, L:/127.0.0.1:62987 - R:localhost/127.0.0.1:30111]' for 'POST' to 'http://localhost:30111/session/dbf996c3899b31020cccc709732eb81d/element'
21:28:34.647 [Forwarding findElement on session dbf996c3899b31020cccc709732eb81d to remote] DEBUG org.asynchttpclient.netty.request.NettyRequestSender - Using open Channel [id: 0x5a9db78c, L:/127.0.0.1:62987 - R:localhost/127.0.0.1:30111] for POST '/session/dbf996c3899b31020cccc709732eb81d/element'
21:28:34.662 [AsyncHttpClient-1-2] DEBUG org.asynchttpclient.netty.handler.HttpHandler - 

Request DefaultHttpRequest(decodeResult: success, version: HTTP/1.1)
POST /session/dbf996c3899b31020cccc709732eb81d/element HTTP/1.1
User-Agent: selenium/4.8.1 (java windows)
Content-Length: 53
Content-Type: application/json; charset=utf-8
host: localhost:30111
accept: */*

Response DefaultHttpResponse(decodeResult: success, version: HTTP/1.1)
HTTP/1.1 200 OK
Content-Length: 88
Content-Type: application/json; charset=utf-8
cache-control: no-cache

21:28:34.662 [AsyncHttpClient-1-2] DEBUG org.asynchttpclient.netty.channel.ChannelManager - Adding key: http://localhost:30111 for channel [id: 0x5a9db78c, L:/127.0.0.1:62987 - R:localhost/127.0.0.1:30111]
21:28:34.665 [Forwarding clearElement on session dbf996c3899b31020cccc709732eb81d to remote] DEBUG org.asynchttpclient.netty.request.NettyRequestSender - Using pooled Channel '[id: 0x5a9db78c, L:/127.0.0.1:62987 - R:localhost/127.0.0.1:30111]' for 'POST' to 'http://localhost:30111/session/dbf996c3899b31020cccc709732eb81d/element/cf5bc861-a4dd-466f-ac81-34050455a0e1/clear'
21:28:34.665 [Forwarding clearElement on session dbf996c3899b31020cccc709732eb81d to remote] DEBUG org.asynchttpclient.netty.request.NettyRequestSender - Using open Channel [id: 0x5a9db78c, L:/127.0.0.1:62987 - R:localhost/127.0.0.1:30111] for POST '/session/dbf996c3899b31020cccc709732eb81d/element/cf5bc861-a4dd-466f-ac81-34050455a0e1/clear'
21:28:34.682 [AsyncHttpClient-1-1] DEBUG org.asynchttpclient.netty.channel.DefaultChannelPool - Entry count for : http://localhost:62989 : 1
21:28:34.695 [AsyncHttpClient-1-2] DEBUG org.asynchttpclient.netty.handler.HttpHandler - 

Request DefaultHttpRequest(decodeResult: success, version: HTTP/1.1)
POST /session/dbf996c3899b31020cccc709732eb81d/element/cf5bc861-a4dd-466f-ac81-34050455a0e1/clear HTTP/1.1
User-Agent: selenium/4.8.1 (java windows)
Content-Length: 50
Content-Type: application/json; charset=utf-8
host: localhost:30111
accept: */*

Response DefaultHttpResponse(decodeResult: success, version: HTTP/1.1)
HTTP/1.1 200 OK
Content-Length: 14
Content-Type: application/json; charset=utf-8
cache-control: no-cache

21:28:34.695 [AsyncHttpClient-1-2] DEBUG org.asynchttpclient.netty.channel.ChannelManager - Adding key: http://localhost:30111 for channel [id: 0x5a9db78c, L:/127.0.0.1:62987 - R:localhost/127.0.0.1:30111]
21:28:34.698 [Forwarding sendKeysToElement on session dbf996c3899b31020cccc709732eb81d to remote] DEBUG org.asynchttpclient.netty.request.NettyRequestSender - Using pooled Channel '[id: 0x5a9db78c, L:/127.0.0.1:62987 - R:localhost/127.0.0.1:30111]' for 'POST' to 'http://localhost:30111/session/dbf996c3899b31020cccc709732eb81d/element/cf5bc861-a4dd-466f-ac81-34050455a0e1/value'
21:28:34.698 [Forwarding sendKeysToElement on session dbf996c3899b31020cccc709732eb81d to remote] DEBUG org.asynchttpclient.netty.request.NettyRequestSender - Using open Channel [id: 0x5a9db78c, L:/127.0.0.1:62987 - R:localhost/127.0.0.1:30111] for POST '/session/dbf996c3899b31020cccc709732eb81d/element/cf5bc861-a4dd-466f-ac81-34050455a0e1/value'
21:28:34.752 [AsyncHttpClient-1-2] DEBUG org.asynchttpclient.netty.handler.HttpHandler - 

Request DefaultHttpRequest(decodeResult: success, version: HTTP/1.1)
POST /session/dbf996c3899b31020cccc709732eb81d/element/cf5bc861-a4dd-466f-ac81-34050455a0e1/value HTTP/1.1
User-Agent: selenium/4.8.1 (java windows)
Content-Length: 201
Content-Type: application/json; charset=utf-8
host: localhost:30111
accept: */*

Response DefaultHttpResponse(decodeResult: success, version: HTTP/1.1)
HTTP/1.1 200 OK
Content-Length: 14
Content-Type: application/json; charset=utf-8
cache-control: no-cache

21:28:34.752 [AsyncHttpClient-1-2] DEBUG org.asynchttpclient.netty.channel.ChannelManager - Adding key: http://localhost:30111 for channel [id: 0x5a9db78c, L:/127.0.0.1:62987 - R:localhost/127.0.0.1:30111]
21:28:34.758 [Forwarding getAlertText on session dbf996c3899b31020cccc709732eb81d to remote] DEBUG org.asynchttpclient.netty.request.NettyRequestSender - Using pooled Channel '[id: 0x5a9db78c, L:/127.0.0.1:62987 - R:localhost/127.0.0.1:30111]' for 'GET' to 'http://localhost:30111/session/dbf996c3899b31020cccc709732eb81d/alert/text'
21:28:34.759 [Forwarding getAlertText on session dbf996c3899b31020cccc709732eb81d to remote] DEBUG org.asynchttpclient.netty.request.NettyRequestSender - Using open Channel [id: 0x5a9db78c, L:/127.0.0.1:62987 - R:localhost/127.0.0.1:30111] for GET '/session/dbf996c3899b31020cccc709732eb81d/alert/text'
21:28:34.760 [AsyncHttpClient-1-2] DEBUG org.asynchttpclient.netty.handler.HttpHandler - 

Request DefaultFullHttpRequest(decodeResult: success, version: HTTP/1.1, content: EmptyByteBufBE)
GET /session/dbf996c3899b31020cccc709732eb81d/alert/text HTTP/1.1
User-Agent: selenium/4.8.1 (java windows)
Cache-Control: no-cache
Content-Type: application/json; charset=utf-8
host: localhost:30111
accept: */*

Response DefaultHttpResponse(decodeResult: success, version: HTTP/1.1)
HTTP/1.1 404 Not Found
Content-Length: 836
Content-Type: application/json; charset=utf-8
cache-control: no-cache

21:28:34.761 [AsyncHttpClient-1-2] DEBUG org.asynchttpclient.netty.channel.ChannelManager - Adding key: http://localhost:30111 for channel [id: 0x5a9db78c, L:/127.0.0.1:62987 - R:localhost/127.0.0.1:30111]
21:28:34.764 [Forwarding getCurrentUrl on session dbf996c3899b31020cccc709732eb81d to remote] DEBUG org.asynchttpclient.netty.request.NettyRequestSender - Using pooled Channel '[id: 0x5a9db78c, L:/127.0.0.1:62987 - R:localhost/127.0.0.1:30111]' for 'GET' to 'http://localhost:30111/session/dbf996c3899b31020cccc709732eb81d/url'
21:28:34.764 [Forwarding getCurrentUrl on session dbf996c3899b31020cccc709732eb81d to remote] DEBUG org.asynchttpclient.netty.request.NettyRequestSender - Using open Channel [id: 0x5a9db78c, L:/127.0.0.1:62987 - R:localhost/127.0.0.1:30111] for GET '/session/dbf996c3899b31020cccc709732eb81d/url'
21:28:34.768 [AsyncHttpClient-1-2] DEBUG org.asynchttpclient.netty.handler.HttpHandler - 

Request DefaultFullHttpRequest(decodeResult: success, version: HTTP/1.1, content: EmptyByteBufBE)
GET /session/dbf996c3899b31020cccc709732eb81d/url HTTP/1.1
User-Agent: selenium/4.8.1 (java windows)
Cache-Control: no-cache
Content-Type: application/json; charset=utf-8
host: localhost:30111
accept: */*

Response DefaultHttpResponse(decodeResult: success, version: HTTP/1.1)
HTTP/1.1 200 OK
Content-Length: 38
Content-Type: application/json; charset=utf-8
cache-control: no-cache

21:28:34.768 [AsyncHttpClient-1-2] DEBUG org.asynchttpclient.netty.channel.ChannelManager - Adding key: http://localhost:30111 for channel [id: 0x5a9db78c, L:/127.0.0.1:62987 - R:localhost/127.0.0.1:30111]
21:28:34.770 [Forwarding screenshot on session dbf996c3899b31020cccc709732eb81d to remote] DEBUG org.asynchttpclient.netty.request.NettyRequestSender - Using pooled Channel '[id: 0x5a9db78c, L:/127.0.0.1:62987 - R:localhost/127.0.0.1:30111]' for 'GET' to 'http://localhost:30111/session/dbf996c3899b31020cccc709732eb81d/screenshot'
21:28:34.770 [Forwarding screenshot on session dbf996c3899b31020cccc709732eb81d to remote] DEBUG org.asynchttpclient.netty.request.NettyRequestSender - Using open Channel [id: 0x5a9db78c, L:/127.0.0.1:62987 - R:localhost/127.0.0.1:30111] for GET '/session/dbf996c3899b31020cccc709732eb81d/screenshot'
21:28:34.847 [AsyncHttpClient-1-2] DEBUG org.asynchttpclient.netty.handler.HttpHandler - 

Request DefaultFullHttpRequest(decodeResult: success, version: HTTP/1.1, content: EmptyByteBufBE)
GET /session/dbf996c3899b31020cccc709732eb81d/screenshot HTTP/1.1
User-Agent: selenium/4.8.1 (java windows)
Cache-Control: no-cache
Content-Type: application/json; charset=utf-8
host: localhost:30111
accept: */*

Response DefaultHttpResponse(decodeResult: success, version: HTTP/1.1)
HTTP/1.1 200 OK
Content-Length: 37996
Content-Type: application/json; charset=utf-8
cache-control: no-cache

21:28:34.848 [AsyncHttpClient-1-2] DEBUG org.asynchttpclient.netty.channel.ChannelManager - Adding key: http://localhost:30111 for channel [id: 0x5a9db78c, L:/127.0.0.1:62987 - R:localhost/127.0.0.1:30111]
21:28:34.853 [main] DEBUG net.serenitybdd.core.photography.Darkroom - Send negative for processing for target\site\serenity\12dec42d4273b8e4dd78cf234aad2ca463c80b2e44d83a2cbbcb6ed402fd3320.png
21:28:34.854 [Darkroom Processing Line] DEBUG net.serenitybdd.core.photography.DarkroomProcessingLine - Processing screenshot image in /var/screenshots/screenshot-5027764470236705391
21:28:34.854 [main] DEBUG net.thucydides.core.steps.StepInterceptor - STEP DONE: inputPassword
21:28:34.855 [Darkroom Processing Line] DEBUG net.serenitybdd.core.photography.DarkroomProcessingLine - Saving screenshot to target\site\serenity\12dec42d4273b8e4dd78cf234aad2ca463c80b2e44d83a2cbbcb6ed402fd3320.png
21:28:34.866 [Forwarding getPageSource on session dbf996c3899b31020cccc709732eb81d to remote] DEBUG org.asynchttpclient.netty.request.NettyRequestSender - Using pooled Channel '[id: 0x5a9db78c, L:/127.0.0.1:62987 - R:localhost/127.0.0.1:30111]' for 'POST' to 'http://localhost:30111/session/dbf996c3899b31020cccc709732eb81d/execute/sync'
21:28:34.866 [Forwarding getPageSource on session dbf996c3899b31020cccc709732eb81d to remote] DEBUG org.asynchttpclient.netty.request.NettyRequestSender - Using open Channel [id: 0x5a9db78c, L:/127.0.0.1:62987 - R:localhost/127.0.0.1:30111] for POST '/session/dbf996c3899b31020cccc709732eb81d/execute/sync'
21:28:34.872 [AsyncHttpClient-1-2] DEBUG org.asynchttpclient.netty.handler.HttpHandler - 

Request DefaultHttpRequest(decodeResult: success, version: HTTP/1.1)
POST /session/dbf996c3899b31020cccc709732eb81d/execute/sync HTTP/1.1
User-Agent: selenium/4.8.1 (java windows)
Content-Length: 176
Content-Type: application/json; charset=utf-8
host: localhost:30111
accept: */*

Response DefaultHttpResponse(decodeResult: success, version: HTTP/1.1)
HTTP/1.1 200 OK
Content-Length: 4311
Content-Type: application/json; charset=utf-8
cache-control: no-cache

21:28:34.872 [AsyncHttpClient-1-2] DEBUG org.asynchttpclient.netty.channel.ChannelManager - Adding key: http://localhost:30111 for channel [id: 0x5a9db78c, L:/127.0.0.1:62987 - R:localhost/127.0.0.1:30111]
21:28:34.880 [Forwarding getCurrentUrl on session dbf996c3899b31020cccc709732eb81d to remote] DEBUG org.asynchttpclient.netty.request.NettyRequestSender - Using pooled Channel '[id: 0x5a9db78c, L:/127.0.0.1:62987 - R:localhost/127.0.0.1:30111]' for 'GET' to 'http://localhost:30111/session/dbf996c3899b31020cccc709732eb81d/url'
21:28:34.881 [Forwarding getCurrentUrl on session dbf996c3899b31020cccc709732eb81d to remote] DEBUG org.asynchttpclient.netty.request.NettyRequestSender - Using open Channel [id: 0x5a9db78c, L:/127.0.0.1:62987 - R:localhost/127.0.0.1:30111] for GET '/session/dbf996c3899b31020cccc709732eb81d/url'
21:28:34.886 [AsyncHttpClient-1-2] DEBUG org.asynchttpclient.netty.handler.HttpHandler - 

Request DefaultFullHttpRequest(decodeResult: success, version: HTTP/1.1, content: EmptyByteBufBE)
GET /session/dbf996c3899b31020cccc709732eb81d/url HTTP/1.1
User-Agent: selenium/4.8.1 (java windows)
Cache-Control: no-cache
Content-Type: application/json; charset=utf-8
host: localhost:30111
accept: */*

Response DefaultHttpResponse(decodeResult: success, version: HTTP/1.1)
HTTP/1.1 200 OK
Content-Length: 38
Content-Type: application/json; charset=utf-8
cache-control: no-cache

21:28:34.886 [AsyncHttpClient-1-2] DEBUG org.asynchttpclient.netty.channel.ChannelManager - Adding key: http://localhost:30111 for channel [id: 0x5a9db78c, L:/127.0.0.1:62987 - R:localhost/127.0.0.1:30111]
21:28:34.890 [main] DEBUG net.thucydides.core.steps.StepInterceptor - STARTING STEP: AddToCartSteps.loginWithValid - clickLoginButton
21:28:34.899 [Forwarding findElement on session dbf996c3899b31020cccc709732eb81d to remote] DEBUG org.asynchttpclient.netty.request.NettyRequestSender - Using pooled Channel '[id: 0x5a9db78c, L:/127.0.0.1:62987 - R:localhost/127.0.0.1:30111]' for 'POST' to 'http://localhost:30111/session/dbf996c3899b31020cccc709732eb81d/element'
21:28:34.899 [Forwarding findElement on session dbf996c3899b31020cccc709732eb81d to remote] DEBUG org.asynchttpclient.netty.request.NettyRequestSender - Using open Channel [id: 0x5a9db78c, L:/127.0.0.1:62987 - R:localhost/127.0.0.1:30111] for POST '/session/dbf996c3899b31020cccc709732eb81d/element'
21:28:34.908 [AsyncHttpClient-1-2] DEBUG org.asynchttpclient.netty.handler.HttpHandler - 

Request DefaultHttpRequest(decodeResult: success, version: HTTP/1.1)
POST /session/dbf996c3899b31020cccc709732eb81d/element HTTP/1.1
User-Agent: selenium/4.8.1 (java windows)
Content-Length: 59
Content-Type: application/json; charset=utf-8
host: localhost:30111
accept: */*

Response DefaultHttpResponse(decodeResult: success, version: HTTP/1.1)
HTTP/1.1 200 OK
Content-Length: 88
Content-Type: application/json; charset=utf-8
cache-control: no-cache

21:28:34.908 [AsyncHttpClient-1-2] DEBUG org.asynchttpclient.netty.channel.ChannelManager - Adding key: http://localhost:30111 for channel [id: 0x5a9db78c, L:/127.0.0.1:62987 - R:localhost/127.0.0.1:30111]
21:28:34.911 [Forwarding getElementTagName on session dbf996c3899b31020cccc709732eb81d to remote] DEBUG org.asynchttpclient.netty.request.NettyRequestSender - Using pooled Channel '[id: 0x5a9db78c, L:/127.0.0.1:62987 - R:localhost/127.0.0.1:30111]' for 'GET' to 'http://localhost:30111/session/dbf996c3899b31020cccc709732eb81d/element/4a8beee4-1c67-4458-9b55-54378202aecb/name'
21:28:34.911 [Forwarding getElementTagName on session dbf996c3899b31020cccc709732eb81d to remote] DEBUG org.asynchttpclient.netty.request.NettyRequestSender - Using open Channel [id: 0x5a9db78c, L:/127.0.0.1:62987 - R:localhost/127.0.0.1:30111] for GET '/session/dbf996c3899b31020cccc709732eb81d/element/4a8beee4-1c67-4458-9b55-54378202aecb/name'
21:28:34.917 [AsyncHttpClient-1-2] DEBUG org.asynchttpclient.netty.handler.HttpHandler - 

Request DefaultFullHttpRequest(decodeResult: success, version: HTTP/1.1, content: EmptyByteBufBE)
GET /session/dbf996c3899b31020cccc709732eb81d/element/4a8beee4-1c67-4458-9b55-54378202aecb/name HTTP/1.1
User-Agent: selenium/4.8.1 (java windows)
Cache-Control: no-cache
Content-Type: application/json; charset=utf-8
host: localhost:30111
accept: */*

Response DefaultHttpResponse(decodeResult: success, version: HTTP/1.1)
HTTP/1.1 200 OK
Content-Length: 17
Content-Type: application/json; charset=utf-8
cache-control: no-cache

21:28:34.917 [AsyncHttpClient-1-2] DEBUG org.asynchttpclient.netty.channel.ChannelManager - Adding key: http://localhost:30111 for channel [id: 0x5a9db78c, L:/127.0.0.1:62987 - R:localhost/127.0.0.1:30111]
21:28:34.920 [Forwarding getElementTagName on session dbf996c3899b31020cccc709732eb81d to remote] DEBUG org.asynchttpclient.netty.request.NettyRequestSender - Using pooled Channel '[id: 0x5a9db78c, L:/127.0.0.1:62987 - R:localhost/127.0.0.1:30111]' for 'GET' to 'http://localhost:30111/session/dbf996c3899b31020cccc709732eb81d/element/4a8beee4-1c67-4458-9b55-54378202aecb/name'
21:28:34.920 [Forwarding getElementTagName on session dbf996c3899b31020cccc709732eb81d to remote] DEBUG org.asynchttpclient.netty.request.NettyRequestSender - Using open Channel [id: 0x5a9db78c, L:/127.0.0.1:62987 - R:localhost/127.0.0.1:30111] for GET '/session/dbf996c3899b31020cccc709732eb81d/element/4a8beee4-1c67-4458-9b55-54378202aecb/name'
21:28:34.926 [AsyncHttpClient-1-2] DEBUG org.asynchttpclient.netty.handler.HttpHandler - 

Request DefaultFullHttpRequest(decodeResult: success, version: HTTP/1.1, content: EmptyByteBufBE)
GET /session/dbf996c3899b31020cccc709732eb81d/element/4a8beee4-1c67-4458-9b55-54378202aecb/name HTTP/1.1
User-Agent: selenium/4.8.1 (java windows)
Cache-Control: no-cache
Content-Type: application/json; charset=utf-8
host: localhost:30111
accept: */*

Response DefaultHttpResponse(decodeResult: success, version: HTTP/1.1)
HTTP/1.1 200 OK
Content-Length: 17
Content-Type: application/json; charset=utf-8
cache-control: no-cache

21:28:34.926 [AsyncHttpClient-1-2] DEBUG org.asynchttpclient.netty.channel.ChannelManager - Adding key: http://localhost:30111 for channel [id: 0x5a9db78c, L:/127.0.0.1:62987 - R:localhost/127.0.0.1:30111]
21:28:34.934 [Forwarding isElementEnabled on session dbf996c3899b31020cccc709732eb81d to remote] DEBUG org.asynchttpclient.netty.request.NettyRequestSender - Using pooled Channel '[id: 0x5a9db78c, L:/127.0.0.1:62987 - R:localhost/127.0.0.1:30111]' for 'GET' to 'http://localhost:30111/session/dbf996c3899b31020cccc709732eb81d/element/4a8beee4-1c67-4458-9b55-54378202aecb/enabled'
21:28:34.934 [Forwarding isElementEnabled on session dbf996c3899b31020cccc709732eb81d to remote] DEBUG org.asynchttpclient.netty.request.NettyRequestSender - Using open Channel [id: 0x5a9db78c, L:/127.0.0.1:62987 - R:localhost/127.0.0.1:30111] for GET '/session/dbf996c3899b31020cccc709732eb81d/element/4a8beee4-1c67-4458-9b55-54378202aecb/enabled'
21:28:34.945 [AsyncHttpClient-1-2] DEBUG org.asynchttpclient.netty.handler.HttpHandler - 

Request DefaultFullHttpRequest(decodeResult: success, version: HTTP/1.1, content: EmptyByteBufBE)
GET /session/dbf996c3899b31020cccc709732eb81d/element/4a8beee4-1c67-4458-9b55-54378202aecb/enabled HTTP/1.1
User-Agent: selenium/4.8.1 (java windows)
Cache-Control: no-cache
Content-Type: application/json; charset=utf-8
host: localhost:30111
accept: */*

Response DefaultHttpResponse(decodeResult: success, version: HTTP/1.1)
HTTP/1.1 200 OK
Content-Length: 14
Content-Type: application/json; charset=utf-8
cache-control: no-cache

21:28:34.946 [AsyncHttpClient-1-2] DEBUG org.asynchttpclient.netty.channel.ChannelManager - Adding key: http://localhost:30111 for channel [id: 0x5a9db78c, L:/127.0.0.1:62987 - R:localhost/127.0.0.1:30111]
21:28:34.952 [Forwarding isElementEnabled on session dbf996c3899b31020cccc709732eb81d to remote] DEBUG org.asynchttpclient.netty.request.NettyRequestSender - Using pooled Channel '[id: 0x5a9db78c, L:/127.0.0.1:62987 - R:localhost/127.0.0.1:30111]' for 'GET' to 'http://localhost:30111/session/dbf996c3899b31020cccc709732eb81d/element/4a8beee4-1c67-4458-9b55-54378202aecb/enabled'
21:28:34.953 [Forwarding isElementEnabled on session dbf996c3899b31020cccc709732eb81d to remote] DEBUG org.asynchttpclient.netty.request.NettyRequestSender - Using open Channel [id: 0x5a9db78c, L:/127.0.0.1:62987 - R:localhost/127.0.0.1:30111] for GET '/session/dbf996c3899b31020cccc709732eb81d/element/4a8beee4-1c67-4458-9b55-54378202aecb/enabled'
21:28:34.971 [AsyncHttpClient-1-2] DEBUG org.asynchttpclient.netty.handler.HttpHandler - 

Request DefaultFullHttpRequest(decodeResult: success, version: HTTP/1.1, content: EmptyByteBufBE)
GET /session/dbf996c3899b31020cccc709732eb81d/element/4a8beee4-1c67-4458-9b55-54378202aecb/enabled HTTP/1.1
User-Agent: selenium/4.8.1 (java windows)
Cache-Control: no-cache
Content-Type: application/json; charset=utf-8
host: localhost:30111
accept: */*

Response DefaultHttpResponse(decodeResult: success, version: HTTP/1.1)
HTTP/1.1 200 OK
Content-Length: 14
Content-Type: application/json; charset=utf-8
cache-control: no-cache

21:28:34.972 [AsyncHttpClient-1-2] DEBUG org.asynchttpclient.netty.channel.ChannelManager - Adding key: http://localhost:30111 for channel [id: 0x5a9db78c, L:/127.0.0.1:62987 - R:localhost/127.0.0.1:30111]
21:28:34.980 [Forwarding findElement on session dbf996c3899b31020cccc709732eb81d to remote] DEBUG org.asynchttpclient.netty.request.NettyRequestSender - Using pooled Channel '[id: 0x5a9db78c, L:/127.0.0.1:62987 - R:localhost/127.0.0.1:30111]' for 'POST' to 'http://localhost:30111/session/dbf996c3899b31020cccc709732eb81d/element'
21:28:34.980 [Forwarding findElement on session dbf996c3899b31020cccc709732eb81d to remote] DEBUG org.asynchttpclient.netty.request.NettyRequestSender - Using open Channel [id: 0x5a9db78c, L:/127.0.0.1:62987 - R:localhost/127.0.0.1:30111] for POST '/session/dbf996c3899b31020cccc709732eb81d/element'
21:28:34.992 [AsyncHttpClient-1-2] DEBUG org.asynchttpclient.netty.handler.HttpHandler - 

Request DefaultHttpRequest(decodeResult: success, version: HTTP/1.1)
POST /session/dbf996c3899b31020cccc709732eb81d/element HTTP/1.1
User-Agent: selenium/4.8.1 (java windows)
Content-Length: 59
Content-Type: application/json; charset=utf-8
host: localhost:30111
accept: */*

Response DefaultHttpResponse(decodeResult: success, version: HTTP/1.1)
HTTP/1.1 200 OK
Content-Length: 88
Content-Type: application/json; charset=utf-8
cache-control: no-cache

21:28:34.993 [AsyncHttpClient-1-2] DEBUG org.asynchttpclient.netty.channel.ChannelManager - Adding key: http://localhost:30111 for channel [id: 0x5a9db78c, L:/127.0.0.1:62987 - R:localhost/127.0.0.1:30111]
21:28:34.997 [Forwarding clickElement on session dbf996c3899b31020cccc709732eb81d to remote] DEBUG org.asynchttpclient.netty.request.NettyRequestSender - Using pooled Channel '[id: 0x5a9db78c, L:/127.0.0.1:62987 - R:localhost/127.0.0.1:30111]' for 'POST' to 'http://localhost:30111/session/dbf996c3899b31020cccc709732eb81d/element/4a8beee4-1c67-4458-9b55-54378202aecb/click'
21:28:34.997 [Forwarding clickElement on session dbf996c3899b31020cccc709732eb81d to remote] DEBUG org.asynchttpclient.netty.request.NettyRequestSender - Using open Channel [id: 0x5a9db78c, L:/127.0.0.1:62987 - R:localhost/127.0.0.1:30111] for POST '/session/dbf996c3899b31020cccc709732eb81d/element/4a8beee4-1c67-4458-9b55-54378202aecb/click'
21:28:35.171 [AsyncHttpClient-1-2] DEBUG org.asynchttpclient.netty.handler.HttpHandler - 

Request DefaultHttpRequest(decodeResult: success, version: HTTP/1.1)
POST /session/dbf996c3899b31020cccc709732eb81d/element/4a8beee4-1c67-4458-9b55-54378202aecb/click HTTP/1.1
User-Agent: selenium/4.8.1 (java windows)
Content-Length: 50
Content-Type: application/json; charset=utf-8
host: localhost:30111
accept: */*

Response DefaultHttpResponse(decodeResult: success, version: HTTP/1.1)
HTTP/1.1 200 OK
Content-Length: 14
Content-Type: application/json; charset=utf-8
cache-control: no-cache

21:28:35.172 [AsyncHttpClient-1-2] DEBUG org.asynchttpclient.netty.channel.ChannelManager - Adding key: http://localhost:30111 for channel [id: 0x5a9db78c, L:/127.0.0.1:62987 - R:localhost/127.0.0.1:30111]
21:28:35.184 [Forwarding getAlertText on session dbf996c3899b31020cccc709732eb81d to remote] DEBUG org.asynchttpclient.netty.request.NettyRequestSender - Using pooled Channel '[id: 0x5a9db78c, L:/127.0.0.1:62987 - R:localhost/127.0.0.1:30111]' for 'GET' to 'http://localhost:30111/session/dbf996c3899b31020cccc709732eb81d/alert/text'
21:28:35.184 [Forwarding getAlertText on session dbf996c3899b31020cccc709732eb81d to remote] DEBUG org.asynchttpclient.netty.request.NettyRequestSender - Using open Channel [id: 0x5a9db78c, L:/127.0.0.1:62987 - R:localhost/127.0.0.1:30111] for GET '/session/dbf996c3899b31020cccc709732eb81d/alert/text'
21:28:35.188 [AsyncHttpClient-1-2] DEBUG org.asynchttpclient.netty.handler.HttpHandler - 

Request DefaultFullHttpRequest(decodeResult: success, version: HTTP/1.1, content: EmptyByteBufBE)
GET /session/dbf996c3899b31020cccc709732eb81d/alert/text HTTP/1.1
User-Agent: selenium/4.8.1 (java windows)
Cache-Control: no-cache
Content-Type: application/json; charset=utf-8
host: localhost:30111
accept: */*

Response DefaultHttpResponse(decodeResult: success, version: HTTP/1.1)
HTTP/1.1 404 Not Found
Content-Length: 836
Content-Type: application/json; charset=utf-8
cache-control: no-cache

21:28:35.189 [AsyncHttpClient-1-2] DEBUG org.asynchttpclient.netty.channel.ChannelManager - Adding key: http://localhost:30111 for channel [id: 0x5a9db78c, L:/127.0.0.1:62987 - R:localhost/127.0.0.1:30111]
21:28:35.193 [Forwarding getCurrentUrl on session dbf996c3899b31020cccc709732eb81d to remote] DEBUG org.asynchttpclient.netty.request.NettyRequestSender - Using pooled Channel '[id: 0x5a9db78c, L:/127.0.0.1:62987 - R:localhost/127.0.0.1:30111]' for 'GET' to 'http://localhost:30111/session/dbf996c3899b31020cccc709732eb81d/url'
21:28:35.193 [Forwarding getCurrentUrl on session dbf996c3899b31020cccc709732eb81d to remote] DEBUG org.asynchttpclient.netty.request.NettyRequestSender - Using open Channel [id: 0x5a9db78c, L:/127.0.0.1:62987 - R:localhost/127.0.0.1:30111] for GET '/session/dbf996c3899b31020cccc709732eb81d/url'
21:28:35.218 [AsyncHttpClient-1-2] DEBUG org.asynchttpclient.netty.handler.HttpHandler - 

Request DefaultFullHttpRequest(decodeResult: success, version: HTTP/1.1, content: EmptyByteBufBE)
GET /session/dbf996c3899b31020cccc709732eb81d/url HTTP/1.1
User-Agent: selenium/4.8.1 (java windows)
Cache-Control: no-cache
Content-Type: application/json; charset=utf-8
host: localhost:30111
accept: */*

Response DefaultHttpResponse(decodeResult: success, version: HTTP/1.1)
HTTP/1.1 200 OK
Content-Length: 52
Content-Type: application/json; charset=utf-8
cache-control: no-cache

21:28:35.218 [AsyncHttpClient-1-2] DEBUG org.asynchttpclient.netty.channel.ChannelManager - Adding key: http://localhost:30111 for channel [id: 0x5a9db78c, L:/127.0.0.1:62987 - R:localhost/127.0.0.1:30111]
21:28:35.227 [Forwarding screenshot on session dbf996c3899b31020cccc709732eb81d to remote] DEBUG org.asynchttpclient.netty.request.NettyRequestSender - Using pooled Channel '[id: 0x5a9db78c, L:/127.0.0.1:62987 - R:localhost/127.0.0.1:30111]' for 'GET' to 'http://localhost:30111/session/dbf996c3899b31020cccc709732eb81d/screenshot'
21:28:35.228 [Forwarding screenshot on session dbf996c3899b31020cccc709732eb81d to remote] DEBUG org.asynchttpclient.netty.request.NettyRequestSender - Using open Channel [id: 0x5a9db78c, L:/127.0.0.1:62987 - R:localhost/127.0.0.1:30111] for GET '/session/dbf996c3899b31020cccc709732eb81d/screenshot'
21:28:35.449 [AsyncHttpClient-1-2] DEBUG org.asynchttpclient.netty.handler.HttpHandler - 

Request DefaultFullHttpRequest(decodeResult: success, version: HTTP/1.1, content: EmptyByteBufBE)
GET /session/dbf996c3899b31020cccc709732eb81d/screenshot HTTP/1.1
User-Agent: selenium/4.8.1 (java windows)
Cache-Control: no-cache
Content-Type: application/json; charset=utf-8
host: localhost:30111
accept: */*

Response DefaultHttpResponse(decodeResult: success, version: HTTP/1.1)
HTTP/1.1 200 OK
Content-Length: 216440
Content-Type: application/json; charset=utf-8
cache-control: no-cache

21:28:35.451 [AsyncHttpClient-1-2] DEBUG org.asynchttpclient.netty.channel.ChannelManager - Adding key: http://localhost:30111 for channel [id: 0x5a9db78c, L:/127.0.0.1:62987 - R:localhost/127.0.0.1:30111]
21:28:35.460 [main] DEBUG net.serenitybdd.core.photography.Darkroom - Send negative for processing for target\site\serenity\851be72f6d80a5565fb3a4785190fd85172c06d9bb16a556fcf903b42a7a4136.png
21:28:35.461 [main] DEBUG net.thucydides.core.steps.StepInterceptor - STEP DONE: clickLoginButton
21:28:35.461 [Darkroom Processing Line] DEBUG net.serenitybdd.core.photography.DarkroomProcessingLine - Processing screenshot image in /var/screenshots/screenshot-4807406333942997762
21:28:35.461 [Darkroom Processing Line] DEBUG net.serenitybdd.core.photography.DarkroomProcessingLine - Saving screenshot to target\site\serenity\851be72f6d80a5565fb3a4785190fd85172c06d9bb16a556fcf903b42a7a4136.png
  &amp#27;[32mWhen &amp#27;[0m&amp#27;[32mI log in with valid credentials&amp#27;[0m       &amp#27;[90m# starter.stepdefinitions.AddToCartSteps.loginWithValid()&amp#27;[0m
21:28:35.470 [Forwarding getPageSource on session dbf996c3899b31020cccc709732eb81d to remote] DEBUG org.asynchttpclient.netty.request.NettyRequestSender - Using pooled Channel '[id: 0x5a9db78c, L:/127.0.0.1:62987 - R:localhost/127.0.0.1:30111]' for 'POST' to 'http://localhost:30111/session/dbf996c3899b31020cccc709732eb81d/execute/sync'
21:28:35.470 [Forwarding getPageSource on session dbf996c3899b31020cccc709732eb81d to remote] DEBUG org.asynchttpclient.netty.request.NettyRequestSender - Using open Channel [id: 0x5a9db78c, L:/127.0.0.1:62987 - R:localhost/127.0.0.1:30111] for POST '/session/dbf996c3899b31020cccc709732eb81d/execute/sync'
21:28:35.475 [AsyncHttpClient-1-2] DEBUG org.asynchttpclient.netty.handler.HttpHandler - 

Request DefaultHttpRequest(decodeResult: success, version: HTTP/1.1)
POST /session/dbf996c3899b31020cccc709732eb81d/execute/sync HTTP/1.1
User-Agent: selenium/4.8.1 (java windows)
Content-Length: 176
Content-Type: application/json; charset=utf-8
host: localhost:30111
accept: */*

Response DefaultHttpResponse(decodeResult: success, version: HTTP/1.1)
HTTP/1.1 200 OK
Content-Length: 16329
Content-Type: application/json; charset=utf-8
cache-control: no-cache

21:28:35.475 [AsyncHttpClient-1-2] DEBUG org.asynchttpclient.netty.channel.ChannelManager - Adding key: http://localhost:30111 for channel [id: 0x5a9db78c, L:/127.0.0.1:62987 - R:localhost/127.0.0.1:30111]
21:28:35.492 [Forwarding getCurrentUrl on session dbf996c3899b31020cccc709732eb81d to remote] DEBUG org.asynchttpclient.netty.request.NettyRequestSender - Using pooled Channel '[id: 0x5a9db78c, L:/127.0.0.1:62987 - R:localhost/127.0.0.1:30111]' for 'GET' to 'http://localhost:30111/session/dbf996c3899b31020cccc709732eb81d/url'
21:28:35.492 [Forwarding getCurrentUrl on session dbf996c3899b31020cccc709732eb81d to remote] DEBUG org.asynchttpclient.netty.request.NettyRequestSender - Using open Channel [id: 0x5a9db78c, L:/127.0.0.1:62987 - R:localhost/127.0.0.1:30111] for GET '/session/dbf996c3899b31020cccc709732eb81d/url'
21:28:35.496 [AsyncHttpClient-1-2] DEBUG org.asynchttpclient.netty.handler.HttpHandler - 

Request DefaultFullHttpRequest(decodeResult: success, version: HTTP/1.1, content: EmptyByteBufBE)
GET /session/dbf996c3899b31020cccc709732eb81d/url HTTP/1.1
User-Agent: selenium/4.8.1 (java windows)
Cache-Control: no-cache
Content-Type: application/json; charset=utf-8
host: localhost:30111
accept: */*

Response DefaultHttpResponse(decodeResult: success, version: HTTP/1.1)
HTTP/1.1 200 OK
Content-Length: 52
Content-Type: application/json; charset=utf-8
cache-control: no-cache

21:28:35.496 [AsyncHttpClient-1-2] DEBUG org.asynchttpclient.netty.channel.ChannelManager - Adding key: http://localhost:30111 for channel [id: 0x5a9db78c, L:/127.0.0.1:62987 - R:localhost/127.0.0.1:30111]
21:28:35.507 [Forwarding getPageSource on session dbf996c3899b31020cccc709732eb81d to remote] DEBUG org.asynchttpclient.netty.request.NettyRequestSender - Using pooled Channel '[id: 0x5a9db78c, L:/127.0.0.1:62987 - R:localhost/127.0.0.1:30111]' for 'POST' to 'http://localhost:30111/session/dbf996c3899b31020cccc709732eb81d/execute/sync'
21:28:35.507 [Forwarding getPageSource on session dbf996c3899b31020cccc709732eb81d to remote] DEBUG org.asynchttpclient.netty.request.NettyRequestSender - Using open Channel [id: 0x5a9db78c, L:/127.0.0.1:62987 - R:localhost/127.0.0.1:30111] for POST '/session/dbf996c3899b31020cccc709732eb81d/execute/sync'
21:28:35.512 [AsyncHttpClient-1-2] DEBUG org.asynchttpclient.netty.handler.HttpHandler - 

Request DefaultHttpRequest(decodeResult: success, version: HTTP/1.1)
POST /session/dbf996c3899b31020cccc709732eb81d/execute/sync HTTP/1.1
User-Agent: selenium/4.8.1 (java windows)
Content-Length: 176
Content-Type: application/json; charset=utf-8
host: localhost:30111
accept: */*

Response DefaultHttpResponse(decodeResult: success, version: HTTP/1.1)
HTTP/1.1 200 OK
Content-Length: 16329
Content-Type: application/json; charset=utf-8
cache-control: no-cache

21:28:35.513 [AsyncHttpClient-1-2] DEBUG org.asynchttpclient.netty.channel.ChannelManager - Adding key: http://localhost:30111 for channel [id: 0x5a9db78c, L:/127.0.0.1:62987 - R:localhost/127.0.0.1:30111]
21:28:35.524 [Forwarding getCurrentUrl on session dbf996c3899b31020cccc709732eb81d to remote] DEBUG org.asynchttpclient.netty.request.NettyRequestSender - Using pooled Channel '[id: 0x5a9db78c, L:/127.0.0.1:62987 - R:localhost/127.0.0.1:30111]' for 'GET' to 'http://localhost:30111/session/dbf996c3899b31020cccc709732eb81d/url'
21:28:35.524 [Forwarding getCurrentUrl on session dbf996c3899b31020cccc709732eb81d to remote] DEBUG org.asynchttpclient.netty.request.NettyRequestSender - Using open Channel [id: 0x5a9db78c, L:/127.0.0.1:62987 - R:localhost/127.0.0.1:30111] for GET '/session/dbf996c3899b31020cccc709732eb81d/url'
21:28:35.530 [AsyncHttpClient-1-2] DEBUG org.asynchttpclient.netty.handler.HttpHandler - 

Request DefaultFullHttpRequest(decodeResult: success, version: HTTP/1.1, content: EmptyByteBufBE)
GET /session/dbf996c3899b31020cccc709732eb81d/url HTTP/1.1
User-Agent: selenium/4.8.1 (java windows)
Cache-Control: no-cache
Content-Type: application/json; charset=utf-8
host: localhost:30111
accept: */*

Response DefaultHttpResponse(decodeResult: success, version: HTTP/1.1)
HTTP/1.1 200 OK
Content-Length: 52
Content-Type: application/json; charset=utf-8
cache-control: no-cache

21:28:35.530 [AsyncHttpClient-1-2] DEBUG org.asynchttpclient.netty.channel.ChannelManager - Adding key: http://localhost:30111 for channel [id: 0x5a9db78c, L:/127.0.0.1:62987 - R:localhost/127.0.0.1:30111]
21:28:35.534 [main] DEBUG net.thucydides.core.steps.StepInterceptor - STARTING STEP: AddToCartSteps.onTheProductPage - validateOnProductPage
21:28:35.538 [Forwarding findElement on session dbf996c3899b31020cccc709732eb81d to remote] DEBUG org.asynchttpclient.netty.request.NettyRequestSender - Using pooled Channel '[id: 0x5a9db78c, L:/127.0.0.1:62987 - R:localhost/127.0.0.1:30111]' for 'POST' to 'http://localhost:30111/session/dbf996c3899b31020cccc709732eb81d/element'
21:28:35.538 [Forwarding findElement on session dbf996c3899b31020cccc709732eb81d to remote] DEBUG org.asynchttpclient.netty.request.NettyRequestSender - Using open Channel [id: 0x5a9db78c, L:/127.0.0.1:62987 - R:localhost/127.0.0.1:30111] for POST '/session/dbf996c3899b31020cccc709732eb81d/element'
21:28:35.548 [AsyncHttpClient-1-2] DEBUG org.asynchttpclient.netty.handler.HttpHandler - 

Request DefaultHttpRequest(decodeResult: success, version: HTTP/1.1)
POST /session/dbf996c3899b31020cccc709732eb81d/element HTTP/1.1
User-Agent: selenium/4.8.1 (java windows)
Content-Length: 50
Content-Type: application/json; charset=utf-8
host: localhost:30111
accept: */*

Response DefaultHttpResponse(decodeResult: success, version: HTTP/1.1)
HTTP/1.1 200 OK
Content-Length: 88
Content-Type: application/json; charset=utf-8
cache-control: no-cache

21:28:35.548 [AsyncHttpClient-1-2] DEBUG org.asynchttpclient.netty.channel.ChannelManager - Adding key: http://localhost:30111 for channel [id: 0x5a9db78c, L:/127.0.0.1:62987 - R:localhost/127.0.0.1:30111]
21:28:35.554 [Forwarding isElementDisplayed on session dbf996c3899b31020cccc709732eb81d to remote] DEBUG org.asynchttpclient.netty.request.NettyRequestSender - Using pooled Channel '[id: 0x5a9db78c, L:/127.0.0.1:62987 - R:localhost/127.0.0.1:30111]' for 'POST' to 'http://localhost:30111/session/dbf996c3899b31020cccc709732eb81d/execute/sync'
21:28:35.554 [Forwarding isElementDisplayed on session dbf996c3899b31020cccc709732eb81d to remote] DEBUG org.asynchttpclient.netty.request.NettyRequestSender - Using open Channel [id: 0x5a9db78c, L:/127.0.0.1:62987 - R:localhost/127.0.0.1:30111] for POST '/session/dbf996c3899b31020cccc709732eb81d/execute/sync'
21:28:35.568 [AsyncHttpClient-1-2] DEBUG org.asynchttpclient.netty.handler.HttpHandler - 

Request DefaultHttpRequest(decodeResult: success, version: HTTP/1.1)
POST /session/dbf996c3899b31020cccc709732eb81d/execute/sync HTTP/1.1
User-Agent: selenium/4.8.1 (java windows)
Content-Length: 48807
Content-Type: application/json; charset=utf-8
host: localhost:30111
accept: */*

Response DefaultHttpResponse(decodeResult: success, version: HTTP/1.1)
HTTP/1.1 200 OK
Content-Length: 14
Content-Type: application/json; charset=utf-8
cache-control: no-cache

21:28:35.569 [AsyncHttpClient-1-2] DEBUG org.asynchttpclient.netty.channel.ChannelManager - Adding key: http://localhost:30111 for channel [id: 0x5a9db78c, L:/127.0.0.1:62987 - R:localhost/127.0.0.1:30111]
21:28:35.575 [Forwarding getAlertText on session dbf996c3899b31020cccc709732eb81d to remote] DEBUG org.asynchttpclient.netty.request.NettyRequestSender - Using pooled Channel '[id: 0x5a9db78c, L:/127.0.0.1:62987 - R:localhost/127.0.0.1:30111]' for 'GET' to 'http://localhost:30111/session/dbf996c3899b31020cccc709732eb81d/alert/text'
21:28:35.575 [Forwarding getAlertText on session dbf996c3899b31020cccc709732eb81d to remote] DEBUG org.asynchttpclient.netty.request.NettyRequestSender - Using open Channel [id: 0x5a9db78c, L:/127.0.0.1:62987 - R:localhost/127.0.0.1:30111] for GET '/session/dbf996c3899b31020cccc709732eb81d/alert/text'
21:28:35.578 [AsyncHttpClient-1-2] DEBUG org.asynchttpclient.netty.handler.HttpHandler - 

Request DefaultFullHttpRequest(decodeResult: success, version: HTTP/1.1, content: EmptyByteBufBE)
GET /session/dbf996c3899b31020cccc709732eb81d/alert/text HTTP/1.1
User-Agent: selenium/4.8.1 (java windows)
Cache-Control: no-cache
Content-Type: application/json; charset=utf-8
host: localhost:30111
accept: */*

Response DefaultHttpResponse(decodeResult: success, version: HTTP/1.1)
HTTP/1.1 404 Not Found
Content-Length: 836
Content-Type: application/json; charset=utf-8
cache-control: no-cache

21:28:35.578 [AsyncHttpClient-1-2] DEBUG org.asynchttpclient.netty.channel.ChannelManager - Adding key: http://localhost:30111 for channel [id: 0x5a9db78c, L:/127.0.0.1:62987 - R:localhost/127.0.0.1:30111]
21:28:35.580 [Forwarding getCurrentUrl on session dbf996c3899b31020cccc709732eb81d to remote] DEBUG org.asynchttpclient.netty.request.NettyRequestSender - Using pooled Channel '[id: 0x5a9db78c, L:/127.0.0.1:62987 - R:localhost/127.0.0.1:30111]' for 'GET' to 'http://localhost:30111/session/dbf996c3899b31020cccc709732eb81d/url'
21:28:35.580 [Forwarding getCurrentUrl on session dbf996c3899b31020cccc709732eb81d to remote] DEBUG org.asynchttpclient.netty.request.NettyRequestSender - Using open Channel [id: 0x5a9db78c, L:/127.0.0.1:62987 - R:localhost/127.0.0.1:30111] for GET '/session/dbf996c3899b31020cccc709732eb81d/url'
21:28:35.585 [AsyncHttpClient-1-2] DEBUG org.asynchttpclient.netty.handler.HttpHandler - 

Request DefaultFullHttpRequest(decodeResult: success, version: HTTP/1.1, content: EmptyByteBufBE)
GET /session/dbf996c3899b31020cccc709732eb81d/url HTTP/1.1
User-Agent: selenium/4.8.1 (java windows)
Cache-Control: no-cache
Content-Type: application/json; charset=utf-8
host: localhost:30111
accept: */*

Response DefaultHttpResponse(decodeResult: success, version: HTTP/1.1)
HTTP/1.1 200 OK
Content-Length: 52
Content-Type: application/json; charset=utf-8
cache-control: no-cache

21:28:35.586 [AsyncHttpClient-1-2] DEBUG org.asynchttpclient.netty.channel.ChannelManager - Adding key: http://localhost:30111 for channel [id: 0x5a9db78c, L:/127.0.0.1:62987 - R:localhost/127.0.0.1:30111]
21:28:35.587 [Forwarding screenshot on session dbf996c3899b31020cccc709732eb81d to remote] DEBUG org.asynchttpclient.netty.request.NettyRequestSender - Using pooled Channel '[id: 0x5a9db78c, L:/127.0.0.1:62987 - R:localhost/127.0.0.1:30111]' for 'GET' to 'http://localhost:30111/session/dbf996c3899b31020cccc709732eb81d/screenshot'
21:28:35.587 [Forwarding screenshot on session dbf996c3899b31020cccc709732eb81d to remote] DEBUG org.asynchttpclient.netty.request.NettyRequestSender - Using open Channel [id: 0x5a9db78c, L:/127.0.0.1:62987 - R:localhost/127.0.0.1:30111] for GET '/session/dbf996c3899b31020cccc709732eb81d/screenshot'
21:28:35.691 [AsyncHttpClient-1-2] DEBUG org.asynchttpclient.netty.handler.HttpHandler - 

Request DefaultFullHttpRequest(decodeResult: success, version: HTTP/1.1, content: EmptyByteBufBE)
GET /session/dbf996c3899b31020cccc709732eb81d/screenshot HTTP/1.1
User-Agent: selenium/4.8.1 (java windows)
Cache-Control: no-cache
Content-Type: application/json; charset=utf-8
host: localhost:30111
accept: */*

Response DefaultHttpResponse(decodeResult: success, version: HTTP/1.1)
HTTP/1.1 200 OK
Content-Length: 216440
Content-Type: application/json; charset=utf-8
cache-control: no-cache

21:28:35.694 [AsyncHttpClient-1-2] DEBUG org.asynchttpclient.netty.channel.ChannelManager - Adding key: http://localhost:30111 for channel [id: 0x5a9db78c, L:/127.0.0.1:62987 - R:localhost/127.0.0.1:30111]
21:28:35.700 [main] DEBUG net.serenitybdd.core.photography.Darkroom - Send negative for processing for target\site\serenity\851be72f6d80a5565fb3a4785190fd85172c06d9bb16a556fcf903b42a7a4136.png
21:28:35.700 [main] DEBUG net.thucydides.core.steps.StepInterceptor - STEP DONE: validateOnProductPage
  &amp#27;[32mAnd &amp#27;[0m&amp#27;[32mI navigate to the products page&amp#27;[0m        &amp#27;[90m# starter.stepdefinitions.AddToCartSteps.onTheProductPage()&amp#27;[0m
21:28:35.712 [Forwarding getPageSource on session dbf996c3899b31020cccc709732eb81d to remote] DEBUG org.asynchttpclient.netty.request.NettyRequestSender - Using pooled Channel '[id: 0x5a9db78c, L:/127.0.0.1:62987 - R:localhost/127.0.0.1:30111]' for 'POST' to 'http://localhost:30111/session/dbf996c3899b31020cccc709732eb81d/execute/sync'
21:28:35.712 [Forwarding getPageSource on session dbf996c3899b31020cccc709732eb81d to remote] DEBUG org.asynchttpclient.netty.request.NettyRequestSender - Using open Channel [id: 0x5a9db78c, L:/127.0.0.1:62987 - R:localhost/127.0.0.1:30111] for POST '/session/dbf996c3899b31020cccc709732eb81d/execute/sync'
21:28:35.717 [AsyncHttpClient-1-2] DEBUG org.asynchttpclient.netty.handler.HttpHandler - 

Request DefaultHttpRequest(decodeResult: success, version: HTTP/1.1)
POST /session/dbf996c3899b31020cccc709732eb81d/execute/sync HTTP/1.1
User-Agent: selenium/4.8.1 (java windows)
Content-Length: 176
Content-Type: application/json; charset=utf-8
host: localhost:30111
accept: */*

Response DefaultHttpResponse(decodeResult: success, version: HTTP/1.1)
HTTP/1.1 200 OK
Content-Length: 16345
Content-Type: application/json; charset=utf-8
cache-control: no-cache

21:28:35.718 [AsyncHttpClient-1-2] DEBUG org.asynchttpclient.netty.channel.ChannelManager - Adding key: http://localhost:30111 for channel [id: 0x5a9db78c, L:/127.0.0.1:62987 - R:localhost/127.0.0.1:30111]
21:28:35.725 [Forwarding getCurrentUrl on session dbf996c3899b31020cccc709732eb81d to remote] DEBUG org.asynchttpclient.netty.request.NettyRequestSender - Using pooled Channel '[id: 0x5a9db78c, L:/127.0.0.1:62987 - R:localhost/127.0.0.1:30111]' for 'GET' to 'http://localhost:30111/session/dbf996c3899b31020cccc709732eb81d/url'
21:28:35.726 [Forwarding getCurrentUrl on session dbf996c3899b31020cccc709732eb81d to remote] DEBUG org.asynchttpclient.netty.request.NettyRequestSender - Using open Channel [id: 0x5a9db78c, L:/127.0.0.1:62987 - R:localhost/127.0.0.1:30111] for GET '/session/dbf996c3899b31020cccc709732eb81d/url'
21:28:35.730 [AsyncHttpClient-1-2] DEBUG org.asynchttpclient.netty.handler.HttpHandler - 

Request DefaultFullHttpRequest(decodeResult: success, version: HTTP/1.1, content: EmptyByteBufBE)
GET /session/dbf996c3899b31020cccc709732eb81d/url HTTP/1.1
User-Agent: selenium/4.8.1 (java windows)
Cache-Control: no-cache
Content-Type: application/json; charset=utf-8
host: localhost:30111
accept: */*

Response DefaultHttpResponse(decodeResult: success, version: HTTP/1.1)
HTTP/1.1 200 OK
Content-Length: 52
Content-Type: application/json; charset=utf-8
cache-control: no-cache

21:28:35.730 [AsyncHttpClient-1-2] DEBUG org.asynchttpclient.netty.channel.ChannelManager - Adding key: http://localhost:30111 for channel [id: 0x5a9db78c, L:/127.0.0.1:62987 - R:localhost/127.0.0.1:30111]
21:28:35.742 [Forwarding getPageSource on session dbf996c3899b31020cccc709732eb81d to remote] DEBUG org.asynchttpclient.netty.request.NettyRequestSender - Using pooled Channel '[id: 0x5a9db78c, L:/127.0.0.1:62987 - R:localhost/127.0.0.1:30111]' for 'POST' to 'http://localhost:30111/session/dbf996c3899b31020cccc709732eb81d/execute/sync'
21:28:35.742 [Forwarding getPageSource on session dbf996c3899b31020cccc709732eb81d to remote] DEBUG org.asynchttpclient.netty.request.NettyRequestSender - Using open Channel [id: 0x5a9db78c, L:/127.0.0.1:62987 - R:localhost/127.0.0.1:30111] for POST '/session/dbf996c3899b31020cccc709732eb81d/execute/sync'
21:28:35.747 [AsyncHttpClient-1-2] DEBUG org.asynchttpclient.netty.handler.HttpHandler - 

Request DefaultHttpRequest(decodeResult: success, version: HTTP/1.1)
POST /session/dbf996c3899b31020cccc709732eb81d/execute/sync HTTP/1.1
User-Agent: selenium/4.8.1 (java windows)
Content-Length: 176
Content-Type: application/json; charset=utf-8
host: localhost:30111
accept: */*

Response DefaultHttpResponse(decodeResult: success, version: HTTP/1.1)
HTTP/1.1 200 OK
Content-Length: 16345
Content-Type: application/json; charset=utf-8
cache-control: no-cache

21:28:35.748 [AsyncHttpClient-1-2] DEBUG org.asynchttpclient.netty.channel.ChannelManager - Adding key: http://localhost:30111 for channel [id: 0x5a9db78c, L:/127.0.0.1:62987 - R:localhost/127.0.0.1:30111]
21:28:35.754 [Forwarding getCurrentUrl on session dbf996c3899b31020cccc709732eb81d to remote] DEBUG org.asynchttpclient.netty.request.NettyRequestSender - Using pooled Channel '[id: 0x5a9db78c, L:/127.0.0.1:62987 - R:localhost/127.0.0.1:30111]' for 'GET' to 'http://localhost:30111/session/dbf996c3899b31020cccc709732eb81d/url'
21:28:35.754 [Forwarding getCurrentUrl on session dbf996c3899b31020cccc709732eb81d to remote] DEBUG org.asynchttpclient.netty.request.NettyRequestSender - Using open Channel [id: 0x5a9db78c, L:/127.0.0.1:62987 - R:localhost/127.0.0.1:30111] for GET '/session/dbf996c3899b31020cccc709732eb81d/url'
21:28:35.758 [AsyncHttpClient-1-2] DEBUG org.asynchttpclient.netty.handler.HttpHandler - 

Request DefaultFullHttpRequest(decodeResult: success, version: HTTP/1.1, content: EmptyByteBufBE)
GET /session/dbf996c3899b31020cccc709732eb81d/url HTTP/1.1
User-Agent: selenium/4.8.1 (java windows)
Cache-Control: no-cache
Content-Type: application/json; charset=utf-8
host: localhost:30111
accept: */*

Response DefaultHttpResponse(decodeResult: success, version: HTTP/1.1)
HTTP/1.1 200 OK
Content-Length: 52
Content-Type: application/json; charset=utf-8
cache-control: no-cache

21:28:35.758 [AsyncHttpClient-1-2] DEBUG org.asynchttpclient.netty.channel.ChannelManager - Adding key: http://localhost:30111 for channel [id: 0x5a9db78c, L:/127.0.0.1:62987 - R:localhost/127.0.0.1:30111]
21:28:35.762 [main] DEBUG net.thucydides.core.steps.StepInterceptor - STARTING STEP: AddToCartSteps.selectProduct - clickTheProduct
21:28:35.765 [Forwarding findElement on session dbf996c3899b31020cccc709732eb81d to remote] DEBUG org.asynchttpclient.netty.request.NettyRequestSender - Using pooled Channel '[id: 0x5a9db78c, L:/127.0.0.1:62987 - R:localhost/127.0.0.1:30111]' for 'POST' to 'http://localhost:30111/session/dbf996c3899b31020cccc709732eb81d/element'
21:28:35.765 [Forwarding findElement on session dbf996c3899b31020cccc709732eb81d to remote] DEBUG org.asynchttpclient.netty.request.NettyRequestSender - Using open Channel [id: 0x5a9db78c, L:/127.0.0.1:62987 - R:localhost/127.0.0.1:30111] for POST '/session/dbf996c3899b31020cccc709732eb81d/element'
21:28:35.776 [AsyncHttpClient-1-2] DEBUG org.asynchttpclient.netty.handler.HttpHandler - 

Request DefaultHttpRequest(decodeResult: success, version: HTTP/1.1)
POST /session/dbf996c3899b31020cccc709732eb81d/element HTTP/1.1
User-Agent: selenium/4.8.1 (java windows)
Content-Length: 62
Content-Type: application/json; charset=utf-8
host: localhost:30111
accept: */*

Response DefaultHttpResponse(decodeResult: success, version: HTTP/1.1)
HTTP/1.1 200 OK
Content-Length: 88
Content-Type: application/json; charset=utf-8
cache-control: no-cache

21:28:35.776 [AsyncHttpClient-1-2] DEBUG org.asynchttpclient.netty.channel.ChannelManager - Adding key: http://localhost:30111 for channel [id: 0x5a9db78c, L:/127.0.0.1:62987 - R:localhost/127.0.0.1:30111]
21:28:35.778 [Forwarding getElementTagName on session dbf996c3899b31020cccc709732eb81d to remote] DEBUG org.asynchttpclient.netty.request.NettyRequestSender - Using pooled Channel '[id: 0x5a9db78c, L:/127.0.0.1:62987 - R:localhost/127.0.0.1:30111]' for 'GET' to 'http://localhost:30111/session/dbf996c3899b31020cccc709732eb81d/element/4267febc-316a-4c31-9616-fecd8199e68f/name'
21:28:35.778 [Forwarding getElementTagName on session dbf996c3899b31020cccc709732eb81d to remote] DEBUG org.asynchttpclient.netty.request.NettyRequestSender - Using open Channel [id: 0x5a9db78c, L:/127.0.0.1:62987 - R:localhost/127.0.0.1:30111] for GET '/session/dbf996c3899b31020cccc709732eb81d/element/4267febc-316a-4c31-9616-fecd8199e68f/name'
21:28:35.783 [AsyncHttpClient-1-2] DEBUG org.asynchttpclient.netty.handler.HttpHandler - 

Request DefaultFullHttpRequest(decodeResult: success, version: HTTP/1.1, content: EmptyByteBufBE)
GET /session/dbf996c3899b31020cccc709732eb81d/element/4267febc-316a-4c31-9616-fecd8199e68f/name HTTP/1.1
User-Agent: selenium/4.8.1 (java windows)
Cache-Control: no-cache
Content-Type: application/json; charset=utf-8
host: localhost:30111
accept: */*

Response DefaultHttpResponse(decodeResult: success, version: HTTP/1.1)
HTTP/1.1 200 OK
Content-Length: 13
Content-Type: application/json; charset=utf-8
cache-control: no-cache

21:28:35.783 [AsyncHttpClient-1-2] DEBUG org.asynchttpclient.netty.channel.ChannelManager - Adding key: http://localhost:30111 for channel [id: 0x5a9db78c, L:/127.0.0.1:62987 - R:localhost/127.0.0.1:30111]
21:28:35.784 [AsyncHttpClient-1-1] DEBUG org.asynchttpclient.netty.channel.DefaultChannelPool - Entry count for : http://localhost:30111 : 1
21:28:35.784 [AsyncHttpClient-1-1] DEBUG org.asynchttpclient.netty.channel.DefaultChannelPool - Entry count for : http://localhost:62989 : 1
21:28:35.785 [Forwarding getElementTagName on session dbf996c3899b31020cccc709732eb81d to remote] DEBUG org.asynchttpclient.netty.request.NettyRequestSender - Using pooled Channel '[id: 0x5a9db78c, L:/127.0.0.1:62987 - R:localhost/127.0.0.1:30111]' for 'GET' to 'http://localhost:30111/session/dbf996c3899b31020cccc709732eb81d/element/4267febc-316a-4c31-9616-fecd8199e68f/name'
21:28:35.785 [Forwarding getElementTagName on session dbf996c3899b31020cccc709732eb81d to remote] DEBUG org.asynchttpclient.netty.request.NettyRequestSender - Using open Channel [id: 0x5a9db78c, L:/127.0.0.1:62987 - R:localhost/127.0.0.1:30111] for GET '/session/dbf996c3899b31020cccc709732eb81d/element/4267febc-316a-4c31-9616-fecd8199e68f/name'
21:28:35.789 [AsyncHttpClient-1-2] DEBUG org.asynchttpclient.netty.handler.HttpHandler - 

Request DefaultFullHttpRequest(decodeResult: success, version: HTTP/1.1, content: EmptyByteBufBE)
GET /session/dbf996c3899b31020cccc709732eb81d/element/4267febc-316a-4c31-9616-fecd8199e68f/name HTTP/1.1
User-Agent: selenium/4.8.1 (java windows)
Cache-Control: no-cache
Content-Type: application/json; charset=utf-8
host: localhost:30111
accept: */*

Response DefaultHttpResponse(decodeResult: success, version: HTTP/1.1)
HTTP/1.1 200 OK
Content-Length: 13
Content-Type: application/json; charset=utf-8
cache-control: no-cache

21:28:35.790 [AsyncHttpClient-1-2] DEBUG org.asynchttpclient.netty.channel.ChannelManager - Adding key: http://localhost:30111 for channel [id: 0x5a9db78c, L:/127.0.0.1:62987 - R:localhost/127.0.0.1:30111]
21:28:35.792 [Forwarding findElement on session dbf996c3899b31020cccc709732eb81d to remote] DEBUG org.asynchttpclient.netty.request.NettyRequestSender - Using pooled Channel '[id: 0x5a9db78c, L:/127.0.0.1:62987 - R:localhost/127.0.0.1:30111]' for 'POST' to 'http://localhost:30111/session/dbf996c3899b31020cccc709732eb81d/element'
21:28:35.792 [Forwarding findElement on session dbf996c3899b31020cccc709732eb81d to remote] DEBUG org.asynchttpclient.netty.request.NettyRequestSender - Using open Channel [id: 0x5a9db78c, L:/127.0.0.1:62987 - R:localhost/127.0.0.1:30111] for POST '/session/dbf996c3899b31020cccc709732eb81d/element'
21:28:35.800 [AsyncHttpClient-1-2] DEBUG org.asynchttpclient.netty.handler.HttpHandler - 

Request DefaultHttpRequest(decodeResult: success, version: HTTP/1.1)
POST /session/dbf996c3899b31020cccc709732eb81d/element HTTP/1.1
User-Agent: selenium/4.8.1 (java windows)
Content-Length: 62
Content-Type: application/json; charset=utf-8
host: localhost:30111
accept: */*

Response DefaultHttpResponse(decodeResult: success, version: HTTP/1.1)
HTTP/1.1 200 OK
Content-Length: 88
Content-Type: application/json; charset=utf-8
cache-control: no-cache

21:28:35.800 [AsyncHttpClient-1-2] DEBUG org.asynchttpclient.netty.channel.ChannelManager - Adding key: http://localhost:30111 for channel [id: 0x5a9db78c, L:/127.0.0.1:62987 - R:localhost/127.0.0.1:30111]
21:28:35.802 [Forwarding clickElement on session dbf996c3899b31020cccc709732eb81d to remote] DEBUG org.asynchttpclient.netty.request.NettyRequestSender - Using pooled Channel '[id: 0x5a9db78c, L:/127.0.0.1:62987 - R:localhost/127.0.0.1:30111]' for 'POST' to 'http://localhost:30111/session/dbf996c3899b31020cccc709732eb81d/element/4267febc-316a-4c31-9616-fecd8199e68f/click'
21:28:35.802 [Forwarding clickElement on session dbf996c3899b31020cccc709732eb81d to remote] DEBUG org.asynchttpclient.netty.request.NettyRequestSender - Using open Channel [id: 0x5a9db78c, L:/127.0.0.1:62987 - R:localhost/127.0.0.1:30111] for POST '/session/dbf996c3899b31020cccc709732eb81d/element/4267febc-316a-4c31-9616-fecd8199e68f/click'
21:28:35.855 [AsyncHttpClient-1-2] DEBUG org.asynchttpclient.netty.handler.HttpHandler - 

Request DefaultHttpRequest(decodeResult: success, version: HTTP/1.1)
POST /session/dbf996c3899b31020cccc709732eb81d/element/4267febc-316a-4c31-9616-fecd8199e68f/click HTTP/1.1
User-Agent: selenium/4.8.1 (java windows)
Content-Length: 50
Content-Type: application/json; charset=utf-8
host: localhost:30111
accept: */*

Response DefaultHttpResponse(decodeResult: success, version: HTTP/1.1)
HTTP/1.1 200 OK
Content-Length: 14
Content-Type: application/json; charset=utf-8
cache-control: no-cache

21:28:35.855 [AsyncHttpClient-1-2] DEBUG org.asynchttpclient.netty.channel.ChannelManager - Adding key: http://localhost:30111 for channel [id: 0x5a9db78c, L:/127.0.0.1:62987 - R:localhost/127.0.0.1:30111]
21:28:35.865 [Forwarding getAlertText on session dbf996c3899b31020cccc709732eb81d to remote] DEBUG org.asynchttpclient.netty.request.NettyRequestSender - Using pooled Channel '[id: 0x5a9db78c, L:/127.0.0.1:62987 - R:localhost/127.0.0.1:30111]' for 'GET' to 'http://localhost:30111/session/dbf996c3899b31020cccc709732eb81d/alert/text'
21:28:35.865 [Forwarding getAlertText on session dbf996c3899b31020cccc709732eb81d to remote] DEBUG org.asynchttpclient.netty.request.NettyRequestSender - Using open Channel [id: 0x5a9db78c, L:/127.0.0.1:62987 - R:localhost/127.0.0.1:30111] for GET '/session/dbf996c3899b31020cccc709732eb81d/alert/text'
21:28:35.867 [AsyncHttpClient-1-2] DEBUG org.asynchttpclient.netty.handler.HttpHandler - 

Request DefaultFullHttpRequest(decodeResult: success, version: HTTP/1.1, content: EmptyByteBufBE)
GET /session/dbf996c3899b31020cccc709732eb81d/alert/text HTTP/1.1
User-Agent: selenium/4.8.1 (java windows)
Cache-Control: no-cache
Content-Type: application/json; charset=utf-8
host: localhost:30111
accept: */*

Response DefaultHttpResponse(decodeResult: success, version: HTTP/1.1)
HTTP/1.1 404 Not Found
Content-Length: 836
Content-Type: application/json; charset=utf-8
cache-control: no-cache

21:28:35.868 [AsyncHttpClient-1-2] DEBUG org.asynchttpclient.netty.channel.ChannelManager - Adding key: http://localhost:30111 for channel [id: 0x5a9db78c, L:/127.0.0.1:62987 - R:localhost/127.0.0.1:30111]
21:28:35.870 [Forwarding getCurrentUrl on session dbf996c3899b31020cccc709732eb81d to remote] DEBUG org.asynchttpclient.netty.request.NettyRequestSender - Using pooled Channel '[id: 0x5a9db78c, L:/127.0.0.1:62987 - R:localhost/127.0.0.1:30111]' for 'GET' to 'http://localhost:30111/session/dbf996c3899b31020cccc709732eb81d/url'
21:28:35.870 [Forwarding getCurrentUrl on session dbf996c3899b31020cccc709732eb81d to remote] DEBUG org.asynchttpclient.netty.request.NettyRequestSender - Using open Channel [id: 0x5a9db78c, L:/127.0.0.1:62987 - R:localhost/127.0.0.1:30111] for GET '/session/dbf996c3899b31020cccc709732eb81d/url'
21:28:35.875 [AsyncHttpClient-1-2] DEBUG org.asynchttpclient.netty.handler.HttpHandler - 

Request DefaultFullHttpRequest(decodeResult: success, version: HTTP/1.1, content: EmptyByteBufBE)
GET /session/dbf996c3899b31020cccc709732eb81d/url HTTP/1.1
User-Agent: selenium/4.8.1 (java windows)
Cache-Control: no-cache
Content-Type: application/json; charset=utf-8
host: localhost:30111
accept: */*

Response DefaultHttpResponse(decodeResult: success, version: HTTP/1.1)
HTTP/1.1 200 OK
Content-Length: 62
Content-Type: application/json; charset=utf-8
cache-control: no-cache

21:28:35.876 [AsyncHttpClient-1-2] DEBUG org.asynchttpclient.netty.channel.ChannelManager - Adding key: http://localhost:30111 for channel [id: 0x5a9db78c, L:/127.0.0.1:62987 - R:localhost/127.0.0.1:30111]
21:28:35.878 [Forwarding screenshot on session dbf996c3899b31020cccc709732eb81d to remote] DEBUG org.asynchttpclient.netty.request.NettyRequestSender - Using pooled Channel '[id: 0x5a9db78c, L:/127.0.0.1:62987 - R:localhost/127.0.0.1:30111]' for 'GET' to 'http://localhost:30111/session/dbf996c3899b31020cccc709732eb81d/screenshot'
21:28:35.878 [Forwarding screenshot on session dbf996c3899b31020cccc709732eb81d to remote] DEBUG org.asynchttpclient.netty.request.NettyRequestSender - Using open Channel [id: 0x5a9db78c, L:/127.0.0.1:62987 - R:localhost/127.0.0.1:30111] for GET '/session/dbf996c3899b31020cccc709732eb81d/screenshot'
21:28:36.061 [AsyncHttpClient-1-2] DEBUG org.asynchttpclient.netty.handler.HttpHandler - 

Request DefaultFullHttpRequest(decodeResult: success, version: HTTP/1.1, content: EmptyByteBufBE)
GET /session/dbf996c3899b31020cccc709732eb81d/screenshot HTTP/1.1
User-Agent: selenium/4.8.1 (java windows)
Cache-Control: no-cache
Content-Type: application/json; charset=utf-8
host: localhost:30111
accept: */*

Response DefaultHttpResponse(decodeResult: success, version: HTTP/1.1)
HTTP/1.1 200 OK
Content-Length: 394948
Content-Type: application/json; charset=utf-8
cache-control: no-cache

21:28:36.064 [AsyncHttpClient-1-2] DEBUG org.asynchttpclient.netty.channel.ChannelManager - Adding key: http://localhost:30111 for channel [id: 0x5a9db78c, L:/127.0.0.1:62987 - R:localhost/127.0.0.1:30111]
21:28:36.072 [main] DEBUG net.serenitybdd.core.photography.Darkroom - Send negative for processing for target\site\serenity\bcfdcd256848c3940e98efffe7aa9a91dac3c87c0490e349898ed12de662f44e.png
21:28:36.072 [main] DEBUG net.thucydides.core.steps.StepInterceptor - STEP DONE: clickTheProduct
21:28:36.072 [Darkroom Processing Line] DEBUG net.serenitybdd.core.photography.DarkroomProcessingLine - Processing screenshot image in /var/screenshots/screenshot-17633299487480324910
  &amp#27;[32mAnd &amp#27;[0m&amp#27;[32mI select a product to add to my cart&amp#27;[0m   &amp#27;[90m# starter.stepdefinitions.AddToCartSteps.selectProduct()&amp#27;[0m
21:28:36.072 [Darkroom Processing Line] DEBUG net.serenitybdd.core.photography.DarkroomProcessingLine - Saving screenshot to target\site\serenity\bcfdcd256848c3940e98efffe7aa9a91dac3c87c0490e349898ed12de662f44e.png
21:28:36.084 [Forwarding getPageSource on session dbf996c3899b31020cccc709732eb81d to remote] DEBUG org.asynchttpclient.netty.request.NettyRequestSender - Using pooled Channel '[id: 0x5a9db78c, L:/127.0.0.1:62987 - R:localhost/127.0.0.1:30111]' for 'POST' to 'http://localhost:30111/session/dbf996c3899b31020cccc709732eb81d/execute/sync'
21:28:36.084 [Forwarding getPageSource on session dbf996c3899b31020cccc709732eb81d to remote] DEBUG org.asynchttpclient.netty.request.NettyRequestSender - Using open Channel [id: 0x5a9db78c, L:/127.0.0.1:62987 - R:localhost/127.0.0.1:30111] for POST '/session/dbf996c3899b31020cccc709732eb81d/execute/sync'
21:28:36.090 [AsyncHttpClient-1-2] DEBUG org.asynchttpclient.netty.handler.HttpHandler - 

Request DefaultHttpRequest(decodeResult: success, version: HTTP/1.1)
POST /session/dbf996c3899b31020cccc709732eb81d/execute/sync HTTP/1.1
User-Agent: selenium/4.8.1 (java windows)
Content-Length: 176
Content-Type: application/json; charset=utf-8
host: localhost:30111
accept: */*

Response DefaultHttpResponse(decodeResult: success, version: HTTP/1.1)
HTTP/1.1 200 OK
Content-Length: 12434
Content-Type: application/json; charset=utf-8
cache-control: no-cache

21:28:36.090 [AsyncHttpClient-1-2] DEBUG org.asynchttpclient.netty.channel.ChannelManager - Adding key: http://localhost:30111 for channel [id: 0x5a9db78c, L:/127.0.0.1:62987 - R:localhost/127.0.0.1:30111]
21:28:36.094 [Forwarding getCurrentUrl on session dbf996c3899b31020cccc709732eb81d to remote] DEBUG org.asynchttpclient.netty.request.NettyRequestSender - Using pooled Channel '[id: 0x5a9db78c, L:/127.0.0.1:62987 - R:localhost/127.0.0.1:30111]' for 'GET' to 'http://localhost:30111/session/dbf996c3899b31020cccc709732eb81d/url'
21:28:36.094 [Forwarding getCurrentUrl on session dbf996c3899b31020cccc709732eb81d to remote] DEBUG org.asynchttpclient.netty.request.NettyRequestSender - Using open Channel [id: 0x5a9db78c, L:/127.0.0.1:62987 - R:localhost/127.0.0.1:30111] for GET '/session/dbf996c3899b31020cccc709732eb81d/url'
21:28:36.101 [AsyncHttpClient-1-2] DEBUG org.asynchttpclient.netty.handler.HttpHandler - 

Request DefaultFullHttpRequest(decodeResult: success, version: HTTP/1.1, content: EmptyByteBufBE)
GET /session/dbf996c3899b31020cccc709732eb81d/url HTTP/1.1
User-Agent: selenium/4.8.1 (java windows)
Cache-Control: no-cache
Content-Type: application/json; charset=utf-8
host: localhost:30111
accept: */*

Response DefaultHttpResponse(decodeResult: success, version: HTTP/1.1)
HTTP/1.1 200 OK
Content-Length: 62
Content-Type: application/json; charset=utf-8
cache-control: no-cache

21:28:36.102 [AsyncHttpClient-1-2] DEBUG org.asynchttpclient.netty.channel.ChannelManager - Adding key: http://localhost:30111 for channel [id: 0x5a9db78c, L:/127.0.0.1:62987 - R:localhost/127.0.0.1:30111]
21:28:36.128 [Forwarding getAlertText on session dbf996c3899b31020cccc709732eb81d to remote] DEBUG org.asynchttpclient.netty.request.NettyRequestSender - Using pooled Channel '[id: 0x5a9db78c, L:/127.0.0.1:62987 - R:localhost/127.0.0.1:30111]' for 'GET' to 'http://localhost:30111/session/dbf996c3899b31020cccc709732eb81d/alert/text'
21:28:36.128 [Forwarding getAlertText on session dbf996c3899b31020cccc709732eb81d to remote] DEBUG org.asynchttpclient.netty.request.NettyRequestSender - Using open Channel [id: 0x5a9db78c, L:/127.0.0.1:62987 - R:localhost/127.0.0.1:30111] for GET '/session/dbf996c3899b31020cccc709732eb81d/alert/text'
21:28:36.131 [AsyncHttpClient-1-2] DEBUG org.asynchttpclient.netty.handler.HttpHandler - 

Request DefaultFullHttpRequest(decodeResult: success, version: HTTP/1.1, content: EmptyByteBufBE)
GET /session/dbf996c3899b31020cccc709732eb81d/alert/text HTTP/1.1
User-Agent: selenium/4.8.1 (java windows)
Cache-Control: no-cache
Content-Type: application/json; charset=utf-8
host: localhost:30111
accept: */*

Response DefaultHttpResponse(decodeResult: success, version: HTTP/1.1)
HTTP/1.1 404 Not Found
Content-Length: 836
Content-Type: application/json; charset=utf-8
cache-control: no-cache

21:28:36.132 [AsyncHttpClient-1-2] DEBUG org.asynchttpclient.netty.channel.ChannelManager - Adding key: http://localhost:30111 for channel [id: 0x5a9db78c, L:/127.0.0.1:62987 - R:localhost/127.0.0.1:30111]
21:28:36.135 [Forwarding getCurrentUrl on session dbf996c3899b31020cccc709732eb81d to remote] DEBUG org.asynchttpclient.netty.request.NettyRequestSender - Using pooled Channel '[id: 0x5a9db78c, L:/127.0.0.1:62987 - R:localhost/127.0.0.1:30111]' for 'GET' to 'http://localhost:30111/session/dbf996c3899b31020cccc709732eb81d/url'
21:28:36.135 [Forwarding getCurrentUrl on session dbf996c3899b31020cccc709732eb81d to remote] DEBUG org.asynchttpclient.netty.request.NettyRequestSender - Using open Channel [id: 0x5a9db78c, L:/127.0.0.1:62987 - R:localhost/127.0.0.1:30111] for GET '/session/dbf996c3899b31020cccc709732eb81d/url'
21:28:36.140 [AsyncHttpClient-1-2] DEBUG org.asynchttpclient.netty.handler.HttpHandler - 

Request DefaultFullHttpRequest(decodeResult: success, version: HTTP/1.1, content: EmptyByteBufBE)
GET /session/dbf996c3899b31020cccc709732eb81d/url HTTP/1.1
User-Agent: selenium/4.8.1 (java windows)
Cache-Control: no-cache
Content-Type: application/json; charset=utf-8
host: localhost:30111
accept: */*

Response DefaultHttpResponse(decodeResult: success, version: HTTP/1.1)
HTTP/1.1 200 OK
Content-Length: 62
Content-Type: application/json; charset=utf-8
cache-control: no-cache

21:28:36.141 [AsyncHttpClient-1-2] DEBUG org.asynchttpclient.netty.channel.ChannelManager - Adding key: http://localhost:30111 for channel [id: 0x5a9db78c, L:/127.0.0.1:62987 - R:localhost/127.0.0.1:30111]
21:28:36.144 [Forwarding screenshot on session dbf996c3899b31020cccc709732eb81d to remote] DEBUG org.asynchttpclient.netty.request.NettyRequestSender - Using pooled Channel '[id: 0x5a9db78c, L:/127.0.0.1:62987 - R:localhost/127.0.0.1:30111]' for 'GET' to 'http://localhost:30111/session/dbf996c3899b31020cccc709732eb81d/screenshot'
21:28:36.144 [Forwarding screenshot on session dbf996c3899b31020cccc709732eb81d to remote] DEBUG org.asynchttpclient.netty.request.NettyRequestSender - Using open Channel [id: 0x5a9db78c, L:/127.0.0.1:62987 - R:localhost/127.0.0.1:30111] for GET '/session/dbf996c3899b31020cccc709732eb81d/screenshot'
21:28:36.298 [AsyncHttpClient-1-2] DEBUG org.asynchttpclient.netty.handler.HttpHandler - 

Request DefaultFullHttpRequest(decodeResult: success, version: HTTP/1.1, content: EmptyByteBufBE)
GET /session/dbf996c3899b31020cccc709732eb81d/screenshot HTTP/1.1
User-Agent: selenium/4.8.1 (java windows)
Cache-Control: no-cache
Content-Type: application/json; charset=utf-8
host: localhost:30111
accept: */*

Response DefaultHttpResponse(decodeResult: success, version: HTTP/1.1)
HTTP/1.1 200 OK
Content-Length: 394948
Content-Type: application/json; charset=utf-8
cache-control: no-cache

21:28:36.300 [AsyncHttpClient-1-2] DEBUG org.asynchttpclient.netty.channel.ChannelManager - Adding key: http://localhost:30111 for channel [id: 0x5a9db78c, L:/127.0.0.1:62987 - R:localhost/127.0.0.1:30111]
21:28:36.307 [main] DEBUG net.serenitybdd.core.photography.Darkroom - Send negative for processing for target\site\serenity\bcfdcd256848c3940e98efffe7aa9a91dac3c87c0490e349898ed12de662f44e.png
21:28:36.308 [Forwarding getPageSource on session dbf996c3899b31020cccc709732eb81d to remote] DEBUG org.asynchttpclient.netty.request.NettyRequestSender - Using pooled Channel '[id: 0x5a9db78c, L:/127.0.0.1:62987 - R:localhost/127.0.0.1:30111]' for 'POST' to 'http://localhost:30111/session/dbf996c3899b31020cccc709732eb81d/execute/sync'
21:28:36.308 [Forwarding getPageSource on session dbf996c3899b31020cccc709732eb81d to remote] DEBUG org.asynchttpclient.netty.request.NettyRequestSender - Using open Channel [id: 0x5a9db78c, L:/127.0.0.1:62987 - R:localhost/127.0.0.1:30111] for POST '/session/dbf996c3899b31020cccc709732eb81d/execute/sync'
21:28:36.313 [AsyncHttpClient-1-2] DEBUG org.asynchttpclient.netty.handler.HttpHandler - 

Request DefaultHttpRequest(decodeResult: success, version: HTTP/1.1)
POST /session/dbf996c3899b31020cccc709732eb81d/execute/sync HTTP/1.1
User-Agent: selenium/4.8.1 (java windows)
Content-Length: 176
Content-Type: application/json; charset=utf-8
host: localhost:30111
accept: */*

Response DefaultHttpResponse(decodeResult: success, version: HTTP/1.1)
HTTP/1.1 200 OK
Content-Length: 12434
Content-Type: application/json; charset=utf-8
cache-control: no-cache

21:28:36.313 [AsyncHttpClient-1-2] DEBUG org.asynchttpclient.netty.channel.ChannelManager - Adding key: http://localhost:30111 for channel [id: 0x5a9db78c, L:/127.0.0.1:62987 - R:localhost/127.0.0.1:30111]
21:28:36.316 [Forwarding getCurrentUrl on session dbf996c3899b31020cccc709732eb81d to remote] DEBUG org.asynchttpclient.netty.request.NettyRequestSender - Using pooled Channel '[id: 0x5a9db78c, L:/127.0.0.1:62987 - R:localhost/127.0.0.1:30111]' for 'GET' to 'http://localhost:30111/session/dbf996c3899b31020cccc709732eb81d/url'
21:28:36.316 [Forwarding getCurrentUrl on session dbf996c3899b31020cccc709732eb81d to remote] DEBUG org.asynchttpclient.netty.request.NettyRequestSender - Using open Channel [id: 0x5a9db78c, L:/127.0.0.1:62987 - R:localhost/127.0.0.1:30111] for GET '/session/dbf996c3899b31020cccc709732eb81d/url'
21:28:36.319 [AsyncHttpClient-1-2] DEBUG org.asynchttpclient.netty.handler.HttpHandler - 

Request DefaultFullHttpRequest(decodeResult: success, version: HTTP/1.1, content: EmptyByteBufBE)
GET /session/dbf996c3899b31020cccc709732eb81d/url HTTP/1.1
User-Agent: selenium/4.8.1 (java windows)
Cache-Control: no-cache
Content-Type: application/json; charset=utf-8
host: localhost:30111
accept: */*

Response DefaultHttpResponse(decodeResult: success, version: HTTP/1.1)
HTTP/1.1 200 OK
Content-Length: 62
Content-Type: application/json; charset=utf-8
cache-control: no-cache

21:28:36.319 [AsyncHttpClient-1-2] DEBUG org.asynchttpclient.netty.channel.ChannelManager - Adding key: http://localhost:30111 for channel [id: 0x5a9db78c, L:/127.0.0.1:62987 - R:localhost/127.0.0.1:30111]
21:28:36.322 [main] DEBUG net.thucydides.core.steps.StepInterceptor - STARTING STEP: AddToCartSteps.AddToCart - clickAddToCart
21:28:36.324 [Forwarding findElement on session dbf996c3899b31020cccc709732eb81d to remote] DEBUG org.asynchttpclient.netty.request.NettyRequestSender - Using pooled Channel '[id: 0x5a9db78c, L:/127.0.0.1:62987 - R:localhost/127.0.0.1:30111]' for 'POST' to 'http://localhost:30111/session/dbf996c3899b31020cccc709732eb81d/element'
21:28:36.324 [Forwarding findElement on session dbf996c3899b31020cccc709732eb81d to remote] DEBUG org.asynchttpclient.netty.request.NettyRequestSender - Using open Channel [id: 0x5a9db78c, L:/127.0.0.1:62987 - R:localhost/127.0.0.1:30111] for POST '/session/dbf996c3899b31020cccc709732eb81d/element'
21:28:36.333 [AsyncHttpClient-1-2] DEBUG org.asynchttpclient.netty.handler.HttpHandler - 

Request DefaultHttpRequest(decodeResult: success, version: HTTP/1.1)
POST /session/dbf996c3899b31020cccc709732eb81d/element HTTP/1.1
User-Agent: selenium/4.8.1 (java windows)
Content-Length: 93
Content-Type: application/json; charset=utf-8
host: localhost:30111
accept: */*

Response DefaultHttpResponse(decodeResult: success, version: HTTP/1.1)
HTTP/1.1 200 OK
Content-Length: 88
Content-Type: application/json; charset=utf-8
cache-control: no-cache

21:28:36.334 [AsyncHttpClient-1-2] DEBUG org.asynchttpclient.netty.channel.ChannelManager - Adding key: http://localhost:30111 for channel [id: 0x5a9db78c, L:/127.0.0.1:62987 - R:localhost/127.0.0.1:30111]
21:28:36.335 [Forwarding getElementTagName on session dbf996c3899b31020cccc709732eb81d to remote] DEBUG org.asynchttpclient.netty.request.NettyRequestSender - Using pooled Channel '[id: 0x5a9db78c, L:/127.0.0.1:62987 - R:localhost/127.0.0.1:30111]' for 'GET' to 'http://localhost:30111/session/dbf996c3899b31020cccc709732eb81d/element/7428fa45-3b80-4152-92f0-b46837b71958/name'
21:28:36.335 [Forwarding getElementTagName on session dbf996c3899b31020cccc709732eb81d to remote] DEBUG org.asynchttpclient.netty.request.NettyRequestSender - Using open Channel [id: 0x5a9db78c, L:/127.0.0.1:62987 - R:localhost/127.0.0.1:30111] for GET '/session/dbf996c3899b31020cccc709732eb81d/element/7428fa45-3b80-4152-92f0-b46837b71958/name'
21:28:36.340 [AsyncHttpClient-1-2] DEBUG org.asynchttpclient.netty.handler.HttpHandler - 

Request DefaultFullHttpRequest(decodeResult: success, version: HTTP/1.1, content: EmptyByteBufBE)
GET /session/dbf996c3899b31020cccc709732eb81d/element/7428fa45-3b80-4152-92f0-b46837b71958/name HTTP/1.1
User-Agent: selenium/4.8.1 (java windows)
Cache-Control: no-cache
Content-Type: application/json; charset=utf-8
host: localhost:30111
accept: */*

Response DefaultHttpResponse(decodeResult: success, version: HTTP/1.1)
HTTP/1.1 200 OK
Content-Length: 18
Content-Type: application/json; charset=utf-8
cache-control: no-cache

21:28:36.340 [AsyncHttpClient-1-2] DEBUG org.asynchttpclient.netty.channel.ChannelManager - Adding key: http://localhost:30111 for channel [id: 0x5a9db78c, L:/127.0.0.1:62987 - R:localhost/127.0.0.1:30111]
21:28:36.341 [Forwarding getElementTagName on session dbf996c3899b31020cccc709732eb81d to remote] DEBUG org.asynchttpclient.netty.request.NettyRequestSender - Using pooled Channel '[id: 0x5a9db78c, L:/127.0.0.1:62987 - R:localhost/127.0.0.1:30111]' for 'GET' to 'http://localhost:30111/session/dbf996c3899b31020cccc709732eb81d/element/7428fa45-3b80-4152-92f0-b46837b71958/name'
21:28:36.342 [Forwarding getElementTagName on session dbf996c3899b31020cccc709732eb81d to remote] DEBUG org.asynchttpclient.netty.request.NettyRequestSender - Using open Channel [id: 0x5a9db78c, L:/127.0.0.1:62987 - R:localhost/127.0.0.1:30111] for GET '/session/dbf996c3899b31020cccc709732eb81d/element/7428fa45-3b80-4152-92f0-b46837b71958/name'
21:28:36.345 [AsyncHttpClient-1-2] DEBUG org.asynchttpclient.netty.handler.HttpHandler - 

Request DefaultFullHttpRequest(decodeResult: success, version: HTTP/1.1, content: EmptyByteBufBE)
GET /session/dbf996c3899b31020cccc709732eb81d/element/7428fa45-3b80-4152-92f0-b46837b71958/name HTTP/1.1
User-Agent: selenium/4.8.1 (java windows)
Cache-Control: no-cache
Content-Type: application/json; charset=utf-8
host: localhost:30111
accept: */*

Response DefaultHttpResponse(decodeResult: success, version: HTTP/1.1)
HTTP/1.1 200 OK
Content-Length: 18
Content-Type: application/json; charset=utf-8
cache-control: no-cache

21:28:36.345 [AsyncHttpClient-1-2] DEBUG org.asynchttpclient.netty.channel.ChannelManager - Adding key: http://localhost:30111 for channel [id: 0x5a9db78c, L:/127.0.0.1:62987 - R:localhost/127.0.0.1:30111]
21:28:36.347 [Forwarding isElementEnabled on session dbf996c3899b31020cccc709732eb81d to remote] DEBUG org.asynchttpclient.netty.request.NettyRequestSender - Using pooled Channel '[id: 0x5a9db78c, L:/127.0.0.1:62987 - R:localhost/127.0.0.1:30111]' for 'GET' to 'http://localhost:30111/session/dbf996c3899b31020cccc709732eb81d/element/7428fa45-3b80-4152-92f0-b46837b71958/enabled'
21:28:36.347 [Forwarding isElementEnabled on session dbf996c3899b31020cccc709732eb81d to remote] DEBUG org.asynchttpclient.netty.request.NettyRequestSender - Using open Channel [id: 0x5a9db78c, L:/127.0.0.1:62987 - R:localhost/127.0.0.1:30111] for GET '/session/dbf996c3899b31020cccc709732eb81d/element/7428fa45-3b80-4152-92f0-b46837b71958/enabled'
21:28:36.354 [AsyncHttpClient-1-2] DEBUG org.asynchttpclient.netty.handler.HttpHandler - 

Request DefaultFullHttpRequest(decodeResult: success, version: HTTP/1.1, content: EmptyByteBufBE)
GET /session/dbf996c3899b31020cccc709732eb81d/element/7428fa45-3b80-4152-92f0-b46837b71958/enabled HTTP/1.1
User-Agent: selenium/4.8.1 (java windows)
Cache-Control: no-cache
Content-Type: application/json; charset=utf-8
host: localhost:30111
accept: */*

Response DefaultHttpResponse(decodeResult: success, version: HTTP/1.1)
HTTP/1.1 200 OK
Content-Length: 14
Content-Type: application/json; charset=utf-8
cache-control: no-cache

21:28:36.354 [AsyncHttpClient-1-2] DEBUG org.asynchttpclient.netty.channel.ChannelManager - Adding key: http://localhost:30111 for channel [id: 0x5a9db78c, L:/127.0.0.1:62987 - R:localhost/127.0.0.1:30111]
21:28:36.355 [Forwarding isElementEnabled on session dbf996c3899b31020cccc709732eb81d to remote] DEBUG org.asynchttpclient.netty.request.NettyRequestSender - Using pooled Channel '[id: 0x5a9db78c, L:/127.0.0.1:62987 - R:localhost/127.0.0.1:30111]' for 'GET' to 'http://localhost:30111/session/dbf996c3899b31020cccc709732eb81d/element/7428fa45-3b80-4152-92f0-b46837b71958/enabled'
21:28:36.355 [Forwarding isElementEnabled on session dbf996c3899b31020cccc709732eb81d to remote] DEBUG org.asynchttpclient.netty.request.NettyRequestSender - Using open Channel [id: 0x5a9db78c, L:/127.0.0.1:62987 - R:localhost/127.0.0.1:30111] for GET '/session/dbf996c3899b31020cccc709732eb81d/element/7428fa45-3b80-4152-92f0-b46837b71958/enabled'
21:28:36.361 [AsyncHttpClient-1-2] DEBUG org.asynchttpclient.netty.handler.HttpHandler - 

Request DefaultFullHttpRequest(decodeResult: success, version: HTTP/1.1, content: EmptyByteBufBE)
GET /session/dbf996c3899b31020cccc709732eb81d/element/7428fa45-3b80-4152-92f0-b46837b71958/enabled HTTP/1.1
User-Agent: selenium/4.8.1 (java windows)
Cache-Control: no-cache
Content-Type: application/json; charset=utf-8
host: localhost:30111
accept: */*

Response DefaultHttpResponse(decodeResult: success, version: HTTP/1.1)
HTTP/1.1 200 OK
Content-Length: 14
Content-Type: application/json; charset=utf-8
cache-control: no-cache

21:28:36.361 [AsyncHttpClient-1-2] DEBUG org.asynchttpclient.netty.channel.ChannelManager - Adding key: http://localhost:30111 for channel [id: 0x5a9db78c, L:/127.0.0.1:62987 - R:localhost/127.0.0.1:30111]
21:28:36.363 [Forwarding findElement on session dbf996c3899b31020cccc709732eb81d to remote] DEBUG org.asynchttpclient.netty.request.NettyRequestSender - Using pooled Channel '[id: 0x5a9db78c, L:/127.0.0.1:62987 - R:localhost/127.0.0.1:30111]' for 'POST' to 'http://localhost:30111/session/dbf996c3899b31020cccc709732eb81d/element'
21:28:36.363 [Forwarding findElement on session dbf996c3899b31020cccc709732eb81d to remote] DEBUG org.asynchttpclient.netty.request.NettyRequestSender - Using open Channel [id: 0x5a9db78c, L:/127.0.0.1:62987 - R:localhost/127.0.0.1:30111] for POST '/session/dbf996c3899b31020cccc709732eb81d/element'
21:28:36.369 [AsyncHttpClient-1-2] DEBUG org.asynchttpclient.netty.handler.HttpHandler - 

Request DefaultHttpRequest(decodeResult: success, version: HTTP/1.1)
POST /session/dbf996c3899b31020cccc709732eb81d/element HTTP/1.1
User-Agent: selenium/4.8.1 (java windows)
Content-Length: 93
Content-Type: application/json; charset=utf-8
host: localhost:30111
accept: */*

Response DefaultHttpResponse(decodeResult: success, version: HTTP/1.1)
HTTP/1.1 200 OK
Content-Length: 88
Content-Type: application/json; charset=utf-8
cache-control: no-cache

21:28:36.369 [AsyncHttpClient-1-2] DEBUG org.asynchttpclient.netty.channel.ChannelManager - Adding key: http://localhost:30111 for channel [id: 0x5a9db78c, L:/127.0.0.1:62987 - R:localhost/127.0.0.1:30111]
21:28:36.371 [Forwarding clickElement on session dbf996c3899b31020cccc709732eb81d to remote] DEBUG org.asynchttpclient.netty.request.NettyRequestSender - Using pooled Channel '[id: 0x5a9db78c, L:/127.0.0.1:62987 - R:localhost/127.0.0.1:30111]' for 'POST' to 'http://localhost:30111/session/dbf996c3899b31020cccc709732eb81d/element/7428fa45-3b80-4152-92f0-b46837b71958/click'
21:28:36.371 [Forwarding clickElement on session dbf996c3899b31020cccc709732eb81d to remote] DEBUG org.asynchttpclient.netty.request.NettyRequestSender - Using open Channel [id: 0x5a9db78c, L:/127.0.0.1:62987 - R:localhost/127.0.0.1:30111] for POST '/session/dbf996c3899b31020cccc709732eb81d/element/7428fa45-3b80-4152-92f0-b46837b71958/click'
21:28:36.400 [AsyncHttpClient-1-2] DEBUG org.asynchttpclient.netty.handler.HttpHandler - 

Request DefaultHttpRequest(decodeResult: success, version: HTTP/1.1)
POST /session/dbf996c3899b31020cccc709732eb81d/element/7428fa45-3b80-4152-92f0-b46837b71958/click HTTP/1.1
User-Agent: selenium/4.8.1 (java windows)
Content-Length: 50
Content-Type: application/json; charset=utf-8
host: localhost:30111
accept: */*

Response DefaultHttpResponse(decodeResult: success, version: HTTP/1.1)
HTTP/1.1 200 OK
Content-Length: 14
Content-Type: application/json; charset=utf-8
cache-control: no-cache

21:28:36.400 [AsyncHttpClient-1-2] DEBUG org.asynchttpclient.netty.channel.ChannelManager - Adding key: http://localhost:30111 for channel [id: 0x5a9db78c, L:/127.0.0.1:62987 - R:localhost/127.0.0.1:30111]
21:28:36.407 [Forwarding getAlertText on session dbf996c3899b31020cccc709732eb81d to remote] DEBUG org.asynchttpclient.netty.request.NettyRequestSender - Using pooled Channel '[id: 0x5a9db78c, L:/127.0.0.1:62987 - R:localhost/127.0.0.1:30111]' for 'GET' to 'http://localhost:30111/session/dbf996c3899b31020cccc709732eb81d/alert/text'
21:28:36.407 [Forwarding getAlertText on session dbf996c3899b31020cccc709732eb81d to remote] DEBUG org.asynchttpclient.netty.request.NettyRequestSender - Using open Channel [id: 0x5a9db78c, L:/127.0.0.1:62987 - R:localhost/127.0.0.1:30111] for GET '/session/dbf996c3899b31020cccc709732eb81d/alert/text'
21:28:36.409 [AsyncHttpClient-1-2] DEBUG org.asynchttpclient.netty.handler.HttpHandler - 

Request DefaultFullHttpRequest(decodeResult: success, version: HTTP/1.1, content: EmptyByteBufBE)
GET /session/dbf996c3899b31020cccc709732eb81d/alert/text HTTP/1.1
User-Agent: selenium/4.8.1 (java windows)
Cache-Control: no-cache
Content-Type: application/json; charset=utf-8
host: localhost:30111
accept: */*

Response DefaultHttpResponse(decodeResult: success, version: HTTP/1.1)
HTTP/1.1 404 Not Found
Content-Length: 836
Content-Type: application/json; charset=utf-8
cache-control: no-cache

21:28:36.409 [AsyncHttpClient-1-2] DEBUG org.asynchttpclient.netty.channel.ChannelManager - Adding key: http://localhost:30111 for channel [id: 0x5a9db78c, L:/127.0.0.1:62987 - R:localhost/127.0.0.1:30111]
21:28:36.410 [Forwarding getCurrentUrl on session dbf996c3899b31020cccc709732eb81d to remote] DEBUG org.asynchttpclient.netty.request.NettyRequestSender - Using pooled Channel '[id: 0x5a9db78c, L:/127.0.0.1:62987 - R:localhost/127.0.0.1:30111]' for 'GET' to 'http://localhost:30111/session/dbf996c3899b31020cccc709732eb81d/url'
21:28:36.410 [Forwarding getCurrentUrl on session dbf996c3899b31020cccc709732eb81d to remote] DEBUG org.asynchttpclient.netty.request.NettyRequestSender - Using open Channel [id: 0x5a9db78c, L:/127.0.0.1:62987 - R:localhost/127.0.0.1:30111] for GET '/session/dbf996c3899b31020cccc709732eb81d/url'
21:28:36.414 [AsyncHttpClient-1-2] DEBUG org.asynchttpclient.netty.handler.HttpHandler - 

Request DefaultFullHttpRequest(decodeResult: success, version: HTTP/1.1, content: EmptyByteBufBE)
GET /session/dbf996c3899b31020cccc709732eb81d/url HTTP/1.1
User-Agent: selenium/4.8.1 (java windows)
Cache-Control: no-cache
Content-Type: application/json; charset=utf-8
host: localhost:30111
accept: */*

Response DefaultHttpResponse(decodeResult: success, version: HTTP/1.1)
HTTP/1.1 200 OK
Content-Length: 62
Content-Type: application/json; charset=utf-8
cache-control: no-cache

21:28:36.415 [AsyncHttpClient-1-2] DEBUG org.asynchttpclient.netty.channel.ChannelManager - Adding key: http://localhost:30111 for channel [id: 0x5a9db78c, L:/127.0.0.1:62987 - R:localhost/127.0.0.1:30111]
21:28:36.416 [Forwarding screenshot on session dbf996c3899b31020cccc709732eb81d to remote] DEBUG org.asynchttpclient.netty.request.NettyRequestSender - Using pooled Channel '[id: 0x5a9db78c, L:/127.0.0.1:62987 - R:localhost/127.0.0.1:30111]' for 'GET' to 'http://localhost:30111/session/dbf996c3899b31020cccc709732eb81d/screenshot'
21:28:36.416 [Forwarding screenshot on session dbf996c3899b31020cccc709732eb81d to remote] DEBUG org.asynchttpclient.netty.request.NettyRequestSender - Using open Channel [id: 0x5a9db78c, L:/127.0.0.1:62987 - R:localhost/127.0.0.1:30111] for GET '/session/dbf996c3899b31020cccc709732eb81d/screenshot'
21:28:36.538 [AsyncHttpClient-1-2] DEBUG org.asynchttpclient.netty.handler.HttpHandler - 

Request DefaultFullHttpRequest(decodeResult: success, version: HTTP/1.1, content: EmptyByteBufBE)
GET /session/dbf996c3899b31020cccc709732eb81d/screenshot HTTP/1.1
User-Agent: selenium/4.8.1 (java windows)
Cache-Control: no-cache
Content-Type: application/json; charset=utf-8
host: localhost:30111
accept: */*

Response DefaultHttpResponse(decodeResult: success, version: HTTP/1.1)
HTTP/1.1 200 OK
Content-Length: 394596
Content-Type: application/json; charset=utf-8
cache-control: no-cache

21:28:36.540 [AsyncHttpClient-1-2] DEBUG org.asynchttpclient.netty.channel.ChannelManager - Adding key: http://localhost:30111 for channel [id: 0x5a9db78c, L:/127.0.0.1:62987 - R:localhost/127.0.0.1:30111]
21:28:36.546 [main] DEBUG net.serenitybdd.core.photography.Darkroom - Send negative for processing for target\site\serenity\475a1ad6256e4aa70c8c7dc3480cd66d9e94e242aa83a9f3d230855cde3b668e.png
21:28:36.546 [main] DEBUG net.thucydides.core.steps.StepInterceptor - STEP DONE: clickAddToCart
  &amp#27;[32mAnd &amp#27;[0m&amp#27;[32mI click Add to Cart button&amp#27;[0m             &amp#27;[90m# starter.stepdefinitions.AddToCartSteps.AddToCart()&amp#27;[0m
21:28:36.546 [Darkroom Processing Line] DEBUG net.serenitybdd.core.photography.DarkroomProcessingLine - Processing screenshot image in /var/screenshots/screenshot-12773241107452133774
21:28:36.546 [Darkroom Processing Line] DEBUG net.serenitybdd.core.photography.DarkroomProcessingLine - Saving screenshot to target\site\serenity\475a1ad6256e4aa70c8c7dc3480cd66d9e94e242aa83a9f3d230855cde3b668e.png
21:28:36.555 [Forwarding getPageSource on session dbf996c3899b31020cccc709732eb81d to remote] DEBUG org.asynchttpclient.netty.request.NettyRequestSender - Using pooled Channel '[id: 0x5a9db78c, L:/127.0.0.1:62987 - R:localhost/127.0.0.1:30111]' for 'POST' to 'http://localhost:30111/session/dbf996c3899b31020cccc709732eb81d/execute/sync'
21:28:36.555 [Forwarding getPageSource on session dbf996c3899b31020cccc709732eb81d to remote] DEBUG org.asynchttpclient.netty.request.NettyRequestSender - Using open Channel [id: 0x5a9db78c, L:/127.0.0.1:62987 - R:localhost/127.0.0.1:30111] for POST '/session/dbf996c3899b31020cccc709732eb81d/execute/sync'
21:28:36.560 [AsyncHttpClient-1-2] DEBUG org.asynchttpclient.netty.handler.HttpHandler - 

Request DefaultHttpRequest(decodeResult: success, version: HTTP/1.1)
POST /session/dbf996c3899b31020cccc709732eb81d/execute/sync HTTP/1.1
User-Agent: selenium/4.8.1 (java windows)
Content-Length: 176
Content-Type: application/json; charset=utf-8
host: localhost:30111
accept: */*

Response DefaultHttpResponse(decodeResult: success, version: HTTP/1.1)
HTTP/1.1 200 OK
Content-Length: 12470
Content-Type: application/json; charset=utf-8
cache-control: no-cache

21:28:36.560 [AsyncHttpClient-1-2] DEBUG org.asynchttpclient.netty.channel.ChannelManager - Adding key: http://localhost:30111 for channel [id: 0x5a9db78c, L:/127.0.0.1:62987 - R:localhost/127.0.0.1:30111]
21:28:36.562 [Forwarding getCurrentUrl on session dbf996c3899b31020cccc709732eb81d to remote] DEBUG org.asynchttpclient.netty.request.NettyRequestSender - Using pooled Channel '[id: 0x5a9db78c, L:/127.0.0.1:62987 - R:localhost/127.0.0.1:30111]' for 'GET' to 'http://localhost:30111/session/dbf996c3899b31020cccc709732eb81d/url'
21:28:36.562 [Forwarding getCurrentUrl on session dbf996c3899b31020cccc709732eb81d to remote] DEBUG org.asynchttpclient.netty.request.NettyRequestSender - Using open Channel [id: 0x5a9db78c, L:/127.0.0.1:62987 - R:localhost/127.0.0.1:30111] for GET '/session/dbf996c3899b31020cccc709732eb81d/url'
21:28:36.566 [AsyncHttpClient-1-2] DEBUG org.asynchttpclient.netty.handler.HttpHandler - 

Request DefaultFullHttpRequest(decodeResult: success, version: HTTP/1.1, content: EmptyByteBufBE)
GET /session/dbf996c3899b31020cccc709732eb81d/url HTTP/1.1
User-Agent: selenium/4.8.1 (java windows)
Cache-Control: no-cache
Content-Type: application/json; charset=utf-8
host: localhost:30111
accept: */*

Response DefaultHttpResponse(decodeResult: success, version: HTTP/1.1)
HTTP/1.1 200 OK
Content-Length: 62
Content-Type: application/json; charset=utf-8
cache-control: no-cache

21:28:36.566 [AsyncHttpClient-1-2] DEBUG org.asynchttpclient.netty.channel.ChannelManager - Adding key: http://localhost:30111 for channel [id: 0x5a9db78c, L:/127.0.0.1:62987 - R:localhost/127.0.0.1:30111]
21:28:36.576 [Forwarding getPageSource on session dbf996c3899b31020cccc709732eb81d to remote] DEBUG org.asynchttpclient.netty.request.NettyRequestSender - Using pooled Channel '[id: 0x5a9db78c, L:/127.0.0.1:62987 - R:localhost/127.0.0.1:30111]' for 'POST' to 'http://localhost:30111/session/dbf996c3899b31020cccc709732eb81d/execute/sync'
21:28:36.576 [Forwarding getPageSource on session dbf996c3899b31020cccc709732eb81d to remote] DEBUG org.asynchttpclient.netty.request.NettyRequestSender - Using open Channel [id: 0x5a9db78c, L:/127.0.0.1:62987 - R:localhost/127.0.0.1:30111] for POST '/session/dbf996c3899b31020cccc709732eb81d/execute/sync'
21:28:36.580 [AsyncHttpClient-1-2] DEBUG org.asynchttpclient.netty.handler.HttpHandler - 

Request DefaultHttpRequest(decodeResult: success, version: HTTP/1.1)
POST /session/dbf996c3899b31020cccc709732eb81d/execute/sync HTTP/1.1
User-Agent: selenium/4.8.1 (java windows)
Content-Length: 176
Content-Type: application/json; charset=utf-8
host: localhost:30111
accept: */*

Response DefaultHttpResponse(decodeResult: success, version: HTTP/1.1)
HTTP/1.1 200 OK
Content-Length: 12470
Content-Type: application/json; charset=utf-8
cache-control: no-cache

21:28:36.580 [AsyncHttpClient-1-2] DEBUG org.asynchttpclient.netty.channel.ChannelManager - Adding key: http://localhost:30111 for channel [id: 0x5a9db78c, L:/127.0.0.1:62987 - R:localhost/127.0.0.1:30111]
21:28:36.583 [Forwarding getCurrentUrl on session dbf996c3899b31020cccc709732eb81d to remote] DEBUG org.asynchttpclient.netty.request.NettyRequestSender - Using pooled Channel '[id: 0x5a9db78c, L:/127.0.0.1:62987 - R:localhost/127.0.0.1:30111]' for 'GET' to 'http://localhost:30111/session/dbf996c3899b31020cccc709732eb81d/url'
21:28:36.583 [Forwarding getCurrentUrl on session dbf996c3899b31020cccc709732eb81d to remote] DEBUG org.asynchttpclient.netty.request.NettyRequestSender - Using open Channel [id: 0x5a9db78c, L:/127.0.0.1:62987 - R:localhost/127.0.0.1:30111] for GET '/session/dbf996c3899b31020cccc709732eb81d/url'
21:28:36.587 [AsyncHttpClient-1-2] DEBUG org.asynchttpclient.netty.handler.HttpHandler - 

Request DefaultFullHttpRequest(decodeResult: success, version: HTTP/1.1, content: EmptyByteBufBE)
GET /session/dbf996c3899b31020cccc709732eb81d/url HTTP/1.1
User-Agent: selenium/4.8.1 (java windows)
Cache-Control: no-cache
Content-Type: application/json; charset=utf-8
host: localhost:30111
accept: */*

Response DefaultHttpResponse(decodeResult: success, version: HTTP/1.1)
HTTP/1.1 200 OK
Content-Length: 62
Content-Type: application/json; charset=utf-8
cache-control: no-cache

21:28:36.587 [AsyncHttpClient-1-2] DEBUG org.asynchttpclient.netty.channel.ChannelManager - Adding key: http://localhost:30111 for channel [id: 0x5a9db78c, L:/127.0.0.1:62987 - R:localhost/127.0.0.1:30111]
21:28:36.589 [main] DEBUG net.thucydides.core.steps.StepInterceptor - STARTING STEP: AddToCartSteps.checkMyCart - clickCartIcon
21:28:36.591 [Forwarding findElement on session dbf996c3899b31020cccc709732eb81d to remote] DEBUG org.asynchttpclient.netty.request.NettyRequestSender - Using pooled Channel '[id: 0x5a9db78c, L:/127.0.0.1:62987 - R:localhost/127.0.0.1:30111]' for 'POST' to 'http://localhost:30111/session/dbf996c3899b31020cccc709732eb81d/element'
21:28:36.592 [Forwarding findElement on session dbf996c3899b31020cccc709732eb81d to remote] DEBUG org.asynchttpclient.netty.request.NettyRequestSender - Using open Channel [id: 0x5a9db78c, L:/127.0.0.1:62987 - R:localhost/127.0.0.1:30111] for POST '/session/dbf996c3899b31020cccc709732eb81d/element'
21:28:36.602 [AsyncHttpClient-1-2] DEBUG org.asynchttpclient.netty.handler.HttpHandler - 

Request DefaultHttpRequest(decodeResult: success, version: HTTP/1.1)
POST /session/dbf996c3899b31020cccc709732eb81d/element HTTP/1.1
User-Agent: selenium/4.8.1 (java windows)
Content-Length: 63
Content-Type: application/json; charset=utf-8
host: localhost:30111
accept: */*

Response DefaultHttpResponse(decodeResult: success, version: HTTP/1.1)
HTTP/1.1 200 OK
Content-Length: 88
Content-Type: application/json; charset=utf-8
cache-control: no-cache

21:28:36.605 [AsyncHttpClient-1-2] DEBUG org.asynchttpclient.netty.channel.ChannelManager - Adding key: http://localhost:30111 for channel [id: 0x5a9db78c, L:/127.0.0.1:62987 - R:localhost/127.0.0.1:30111]
21:28:36.607 [Forwarding getElementTagName on session dbf996c3899b31020cccc709732eb81d to remote] DEBUG org.asynchttpclient.netty.request.NettyRequestSender - Using pooled Channel '[id: 0x5a9db78c, L:/127.0.0.1:62987 - R:localhost/127.0.0.1:30111]' for 'GET' to 'http://localhost:30111/session/dbf996c3899b31020cccc709732eb81d/element/c854e486-6e46-4c49-bd05-ed4f785baf4d/name'
21:28:36.607 [Forwarding getElementTagName on session dbf996c3899b31020cccc709732eb81d to remote] DEBUG org.asynchttpclient.netty.request.NettyRequestSender - Using open Channel [id: 0x5a9db78c, L:/127.0.0.1:62987 - R:localhost/127.0.0.1:30111] for GET '/session/dbf996c3899b31020cccc709732eb81d/element/c854e486-6e46-4c49-bd05-ed4f785baf4d/name'
21:28:36.610 [AsyncHttpClient-1-2] DEBUG org.asynchttpclient.netty.handler.HttpHandler - 

Request DefaultFullHttpRequest(decodeResult: success, version: HTTP/1.1, content: EmptyByteBufBE)
GET /session/dbf996c3899b31020cccc709732eb81d/element/c854e486-6e46-4c49-bd05-ed4f785baf4d/name HTTP/1.1
User-Agent: selenium/4.8.1 (java windows)
Cache-Control: no-cache
Content-Type: application/json; charset=utf-8
host: localhost:30111
accept: */*

Response DefaultHttpResponse(decodeResult: success, version: HTTP/1.1)
HTTP/1.1 200 OK
Content-Length: 13
Content-Type: application/json; charset=utf-8
cache-control: no-cache

21:28:36.610 [AsyncHttpClient-1-2] DEBUG org.asynchttpclient.netty.channel.ChannelManager - Adding key: http://localhost:30111 for channel [id: 0x5a9db78c, L:/127.0.0.1:62987 - R:localhost/127.0.0.1:30111]
21:28:36.611 [Forwarding getElementTagName on session dbf996c3899b31020cccc709732eb81d to remote] DEBUG org.asynchttpclient.netty.request.NettyRequestSender - Using pooled Channel '[id: 0x5a9db78c, L:/127.0.0.1:62987 - R:localhost/127.0.0.1:30111]' for 'GET' to 'http://localhost:30111/session/dbf996c3899b31020cccc709732eb81d/element/c854e486-6e46-4c49-bd05-ed4f785baf4d/name'
21:28:36.612 [Forwarding getElementTagName on session dbf996c3899b31020cccc709732eb81d to remote] DEBUG org.asynchttpclient.netty.request.NettyRequestSender - Using open Channel [id: 0x5a9db78c, L:/127.0.0.1:62987 - R:localhost/127.0.0.1:30111] for GET '/session/dbf996c3899b31020cccc709732eb81d/element/c854e486-6e46-4c49-bd05-ed4f785baf4d/name'
21:28:36.615 [AsyncHttpClient-1-2] DEBUG org.asynchttpclient.netty.handler.HttpHandler - 

Request DefaultFullHttpRequest(decodeResult: success, version: HTTP/1.1, content: EmptyByteBufBE)
GET /session/dbf996c3899b31020cccc709732eb81d/element/c854e486-6e46-4c49-bd05-ed4f785baf4d/name HTTP/1.1
User-Agent: selenium/4.8.1 (java windows)
Cache-Control: no-cache
Content-Type: application/json; charset=utf-8
host: localhost:30111
accept: */*

Response DefaultHttpResponse(decodeResult: success, version: HTTP/1.1)
HTTP/1.1 200 OK
Content-Length: 13
Content-Type: application/json; charset=utf-8
cache-control: no-cache

21:28:36.615 [AsyncHttpClient-1-2] DEBUG org.asynchttpclient.netty.channel.ChannelManager - Adding key: http://localhost:30111 for channel [id: 0x5a9db78c, L:/127.0.0.1:62987 - R:localhost/127.0.0.1:30111]
21:28:36.616 [Forwarding findElement on session dbf996c3899b31020cccc709732eb81d to remote] DEBUG org.asynchttpclient.netty.request.NettyRequestSender - Using pooled Channel '[id: 0x5a9db78c, L:/127.0.0.1:62987 - R:localhost/127.0.0.1:30111]' for 'POST' to 'http://localhost:30111/session/dbf996c3899b31020cccc709732eb81d/element'
21:28:36.616 [Forwarding findElement on session dbf996c3899b31020cccc709732eb81d to remote] DEBUG org.asynchttpclient.netty.request.NettyRequestSender - Using open Channel [id: 0x5a9db78c, L:/127.0.0.1:62987 - R:localhost/127.0.0.1:30111] for POST '/session/dbf996c3899b31020cccc709732eb81d/element'
21:28:36.623 [AsyncHttpClient-1-2] DEBUG org.asynchttpclient.netty.handler.HttpHandler - 

Request DefaultHttpRequest(decodeResult: success, version: HTTP/1.1)
POST /session/dbf996c3899b31020cccc709732eb81d/element HTTP/1.1
User-Agent: selenium/4.8.1 (java windows)
Content-Length: 63
Content-Type: application/json; charset=utf-8
host: localhost:30111
accept: */*

Response DefaultHttpResponse(decodeResult: success, version: HTTP/1.1)
HTTP/1.1 200 OK
Content-Length: 88
Content-Type: application/json; charset=utf-8
cache-control: no-cache

21:28:36.623 [AsyncHttpClient-1-2] DEBUG org.asynchttpclient.netty.channel.ChannelManager - Adding key: http://localhost:30111 for channel [id: 0x5a9db78c, L:/127.0.0.1:62987 - R:localhost/127.0.0.1:30111]
21:28:36.624 [Forwarding clickElement on session dbf996c3899b31020cccc709732eb81d to remote] DEBUG org.asynchttpclient.netty.request.NettyRequestSender - Using pooled Channel '[id: 0x5a9db78c, L:/127.0.0.1:62987 - R:localhost/127.0.0.1:30111]' for 'POST' to 'http://localhost:30111/session/dbf996c3899b31020cccc709732eb81d/element/c854e486-6e46-4c49-bd05-ed4f785baf4d/click'
21:28:36.624 [Forwarding clickElement on session dbf996c3899b31020cccc709732eb81d to remote] DEBUG org.asynchttpclient.netty.request.NettyRequestSender - Using open Channel [id: 0x5a9db78c, L:/127.0.0.1:62987 - R:localhost/127.0.0.1:30111] for POST '/session/dbf996c3899b31020cccc709732eb81d/element/c854e486-6e46-4c49-bd05-ed4f785baf4d/click'
21:28:36.659 [AsyncHttpClient-1-2] DEBUG org.asynchttpclient.netty.handler.HttpHandler - 

Request DefaultHttpRequest(decodeResult: success, version: HTTP/1.1)
POST /session/dbf996c3899b31020cccc709732eb81d/element/c854e486-6e46-4c49-bd05-ed4f785baf4d/click HTTP/1.1
User-Agent: selenium/4.8.1 (java windows)
Content-Length: 50
Content-Type: application/json; charset=utf-8
host: localhost:30111
accept: */*

Response DefaultHttpResponse(decodeResult: success, version: HTTP/1.1)
HTTP/1.1 200 OK
Content-Length: 14
Content-Type: application/json; charset=utf-8
cache-control: no-cache

21:28:36.659 [AsyncHttpClient-1-2] DEBUG org.asynchttpclient.netty.channel.ChannelManager - Adding key: http://localhost:30111 for channel [id: 0x5a9db78c, L:/127.0.0.1:62987 - R:localhost/127.0.0.1:30111]
21:28:36.666 [Forwarding getAlertText on session dbf996c3899b31020cccc709732eb81d to remote] DEBUG org.asynchttpclient.netty.request.NettyRequestSender - Using pooled Channel '[id: 0x5a9db78c, L:/127.0.0.1:62987 - R:localhost/127.0.0.1:30111]' for 'GET' to 'http://localhost:30111/session/dbf996c3899b31020cccc709732eb81d/alert/text'
21:28:36.666 [Forwarding getAlertText on session dbf996c3899b31020cccc709732eb81d to remote] DEBUG org.asynchttpclient.netty.request.NettyRequestSender - Using open Channel [id: 0x5a9db78c, L:/127.0.0.1:62987 - R:localhost/127.0.0.1:30111] for GET '/session/dbf996c3899b31020cccc709732eb81d/alert/text'
21:28:36.668 [AsyncHttpClient-1-2] DEBUG org.asynchttpclient.netty.handler.HttpHandler - 

Request DefaultFullHttpRequest(decodeResult: success, version: HTTP/1.1, content: EmptyByteBufBE)
GET /session/dbf996c3899b31020cccc709732eb81d/alert/text HTTP/1.1
User-Agent: selenium/4.8.1 (java windows)
Cache-Control: no-cache
Content-Type: application/json; charset=utf-8
host: localhost:30111
accept: */*

Response DefaultHttpResponse(decodeResult: success, version: HTTP/1.1)
HTTP/1.1 404 Not Found
Content-Length: 836
Content-Type: application/json; charset=utf-8
cache-control: no-cache

21:28:36.668 [AsyncHttpClient-1-2] DEBUG org.asynchttpclient.netty.channel.ChannelManager - Adding key: http://localhost:30111 for channel [id: 0x5a9db78c, L:/127.0.0.1:62987 - R:localhost/127.0.0.1:30111]
21:28:36.671 [Forwarding getCurrentUrl on session dbf996c3899b31020cccc709732eb81d to remote] DEBUG org.asynchttpclient.netty.request.NettyRequestSender - Using pooled Channel '[id: 0x5a9db78c, L:/127.0.0.1:62987 - R:localhost/127.0.0.1:30111]' for 'GET' to 'http://localhost:30111/session/dbf996c3899b31020cccc709732eb81d/url'
21:28:36.671 [Forwarding getCurrentUrl on session dbf996c3899b31020cccc709732eb81d to remote] DEBUG org.asynchttpclient.netty.request.NettyRequestSender - Using open Channel [id: 0x5a9db78c, L:/127.0.0.1:62987 - R:localhost/127.0.0.1:30111] for GET '/session/dbf996c3899b31020cccc709732eb81d/url'
21:28:36.674 [AsyncHttpClient-1-2] DEBUG org.asynchttpclient.netty.handler.HttpHandler - 

Request DefaultFullHttpRequest(decodeResult: success, version: HTTP/1.1, content: EmptyByteBufBE)
GET /session/dbf996c3899b31020cccc709732eb81d/url HTTP/1.1
User-Agent: selenium/4.8.1 (java windows)
Cache-Control: no-cache
Content-Type: application/json; charset=utf-8
host: localhost:30111
accept: */*

Response DefaultHttpResponse(decodeResult: success, version: HTTP/1.1)
HTTP/1.1 200 OK
Content-Length: 47
Content-Type: application/json; charset=utf-8
cache-control: no-cache

21:28:36.675 [AsyncHttpClient-1-2] DEBUG org.asynchttpclient.netty.channel.ChannelManager - Adding key: http://localhost:30111 for channel [id: 0x5a9db78c, L:/127.0.0.1:62987 - R:localhost/127.0.0.1:30111]
21:28:36.676 [Forwarding screenshot on session dbf996c3899b31020cccc709732eb81d to remote] DEBUG org.asynchttpclient.netty.request.NettyRequestSender - Using pooled Channel '[id: 0x5a9db78c, L:/127.0.0.1:62987 - R:localhost/127.0.0.1:30111]' for 'GET' to 'http://localhost:30111/session/dbf996c3899b31020cccc709732eb81d/screenshot'
21:28:36.676 [Forwarding screenshot on session dbf996c3899b31020cccc709732eb81d to remote] DEBUG org.asynchttpclient.netty.request.NettyRequestSender - Using open Channel [id: 0x5a9db78c, L:/127.0.0.1:62987 - R:localhost/127.0.0.1:30111] for GET '/session/dbf996c3899b31020cccc709732eb81d/screenshot'
21:28:36.753 [AsyncHttpClient-1-2] DEBUG org.asynchttpclient.netty.handler.HttpHandler - 

Request DefaultFullHttpRequest(decodeResult: success, version: HTTP/1.1, content: EmptyByteBufBE)
GET /session/dbf996c3899b31020cccc709732eb81d/screenshot HTTP/1.1
User-Agent: selenium/4.8.1 (java windows)
Cache-Control: no-cache
Content-Type: application/json; charset=utf-8
host: localhost:30111
accept: */*

Response DefaultHttpResponse(decodeResult: success, version: HTTP/1.1)
HTTP/1.1 200 OK
Content-Length: 59316
Content-Type: application/json; charset=utf-8
cache-control: no-cache

21:28:36.753 [AsyncHttpClient-1-2] DEBUG org.asynchttpclient.netty.channel.ChannelManager - Adding key: http://localhost:30111 for channel [id: 0x5a9db78c, L:/127.0.0.1:62987 - R:localhost/127.0.0.1:30111]
21:28:36.755 [main] DEBUG net.serenitybdd.core.photography.Darkroom - Send negative for processing for target\site\serenity\d3e0722f559fcb50ed6dabd861a225300891dd61d12e0d265b88270c784a656c.png
21:28:36.756 [main] DEBUG net.thucydides.core.steps.StepInterceptor - STEP DONE: clickCartIcon
  &amp#27;[32mAnd &amp#27;[0m&amp#27;[32mI check my cart&amp#27;[0m                        &amp#27;[90m# starter.stepdefinitions.AddToCartSteps.checkMyCart()&amp#27;[0m
21:28:36.756 [Darkroom Processing Line] DEBUG net.serenitybdd.core.photography.DarkroomProcessingLine - Processing screenshot image in /var/screenshots/screenshot-6533356402766845266
21:28:36.756 [Darkroom Processing Line] DEBUG net.serenitybdd.core.photography.DarkroomProcessingLine - Saving screenshot to target\site\serenity\d3e0722f559fcb50ed6dabd861a225300891dd61d12e0d265b88270c784a656c.png
21:28:36.764 [Forwarding getPageSource on session dbf996c3899b31020cccc709732eb81d to remote] DEBUG org.asynchttpclient.netty.request.NettyRequestSender - Using pooled Channel '[id: 0x5a9db78c, L:/127.0.0.1:62987 - R:localhost/127.0.0.1:30111]' for 'POST' to 'http://localhost:30111/session/dbf996c3899b31020cccc709732eb81d/execute/sync'
21:28:36.765 [Forwarding getPageSource on session dbf996c3899b31020cccc709732eb81d to remote] DEBUG org.asynchttpclient.netty.request.NettyRequestSender - Using open Channel [id: 0x5a9db78c, L:/127.0.0.1:62987 - R:localhost/127.0.0.1:30111] for POST '/session/dbf996c3899b31020cccc709732eb81d/execute/sync'
21:28:36.772 [AsyncHttpClient-1-2] DEBUG org.asynchttpclient.netty.handler.HttpHandler - 

Request DefaultHttpRequest(decodeResult: success, version: HTTP/1.1)
POST /session/dbf996c3899b31020cccc709732eb81d/execute/sync HTTP/1.1
User-Agent: selenium/4.8.1 (java windows)
Content-Length: 176
Content-Type: application/json; charset=utf-8
host: localhost:30111
accept: */*

Response DefaultHttpResponse(decodeResult: success, version: HTTP/1.1)
HTTP/1.1 200 OK
Content-Length: 12640
Content-Type: application/json; charset=utf-8
cache-control: no-cache

21:28:36.772 [AsyncHttpClient-1-2] DEBUG org.asynchttpclient.netty.channel.ChannelManager - Adding key: http://localhost:30111 for channel [id: 0x5a9db78c, L:/127.0.0.1:62987 - R:localhost/127.0.0.1:30111]
21:28:36.777 [Forwarding getCurrentUrl on session dbf996c3899b31020cccc709732eb81d to remote] DEBUG org.asynchttpclient.netty.request.NettyRequestSender - Using pooled Channel '[id: 0x5a9db78c, L:/127.0.0.1:62987 - R:localhost/127.0.0.1:30111]' for 'GET' to 'http://localhost:30111/session/dbf996c3899b31020cccc709732eb81d/url'
21:28:36.777 [Forwarding getCurrentUrl on session dbf996c3899b31020cccc709732eb81d to remote] DEBUG org.asynchttpclient.netty.request.NettyRequestSender - Using open Channel [id: 0x5a9db78c, L:/127.0.0.1:62987 - R:localhost/127.0.0.1:30111] for GET '/session/dbf996c3899b31020cccc709732eb81d/url'
21:28:36.782 [AsyncHttpClient-1-2] DEBUG org.asynchttpclient.netty.handler.HttpHandler - 

Request DefaultFullHttpRequest(decodeResult: success, version: HTTP/1.1, content: EmptyByteBufBE)
GET /session/dbf996c3899b31020cccc709732eb81d/url HTTP/1.1
User-Agent: selenium/4.8.1 (java windows)
Cache-Control: no-cache
Content-Type: application/json; charset=utf-8
host: localhost:30111
accept: */*

Response DefaultHttpResponse(decodeResult: success, version: HTTP/1.1)
HTTP/1.1 200 OK
Content-Length: 47
Content-Type: application/json; charset=utf-8
cache-control: no-cache

21:28:36.782 [AsyncHttpClient-1-2] DEBUG org.asynchttpclient.netty.channel.ChannelManager - Adding key: http://localhost:30111 for channel [id: 0x5a9db78c, L:/127.0.0.1:62987 - R:localhost/127.0.0.1:30111]
21:28:36.797 [Forwarding getPageSource on session dbf996c3899b31020cccc709732eb81d to remote] DEBUG org.asynchttpclient.netty.request.NettyRequestSender - Using pooled Channel '[id: 0x5a9db78c, L:/127.0.0.1:62987 - R:localhost/127.0.0.1:30111]' for 'POST' to 'http://localhost:30111/session/dbf996c3899b31020cccc709732eb81d/execute/sync'
21:28:36.797 [Forwarding getPageSource on session dbf996c3899b31020cccc709732eb81d to remote] DEBUG org.asynchttpclient.netty.request.NettyRequestSender - Using open Channel [id: 0x5a9db78c, L:/127.0.0.1:62987 - R:localhost/127.0.0.1:30111] for POST '/session/dbf996c3899b31020cccc709732eb81d/execute/sync'
21:28:36.803 [AsyncHttpClient-1-2] DEBUG org.asynchttpclient.netty.handler.HttpHandler - 

Request DefaultHttpRequest(decodeResult: success, version: HTTP/1.1)
POST /session/dbf996c3899b31020cccc709732eb81d/execute/sync HTTP/1.1
User-Agent: selenium/4.8.1 (java windows)
Content-Length: 176
Content-Type: application/json; charset=utf-8
host: localhost:30111
accept: */*

Response DefaultHttpResponse(decodeResult: success, version: HTTP/1.1)
HTTP/1.1 200 OK
Content-Length: 12640
Content-Type: application/json; charset=utf-8
cache-control: no-cache

21:28:36.804 [AsyncHttpClient-1-2] DEBUG org.asynchttpclient.netty.channel.ChannelManager - Adding key: http://localhost:30111 for channel [id: 0x5a9db78c, L:/127.0.0.1:62987 - R:localhost/127.0.0.1:30111]
21:28:36.807 [Forwarding getCurrentUrl on session dbf996c3899b31020cccc709732eb81d to remote] DEBUG org.asynchttpclient.netty.request.NettyRequestSender - Using pooled Channel '[id: 0x5a9db78c, L:/127.0.0.1:62987 - R:localhost/127.0.0.1:30111]' for 'GET' to 'http://localhost:30111/session/dbf996c3899b31020cccc709732eb81d/url'
21:28:36.807 [Forwarding getCurrentUrl on session dbf996c3899b31020cccc709732eb81d to remote] DEBUG org.asynchttpclient.netty.request.NettyRequestSender - Using open Channel [id: 0x5a9db78c, L:/127.0.0.1:62987 - R:localhost/127.0.0.1:30111] for GET '/session/dbf996c3899b31020cccc709732eb81d/url'
21:28:36.812 [AsyncHttpClient-1-2] DEBUG org.asynchttpclient.netty.handler.HttpHandler - 

Request DefaultFullHttpRequest(decodeResult: success, version: HTTP/1.1, content: EmptyByteBufBE)
GET /session/dbf996c3899b31020cccc709732eb81d/url HTTP/1.1
User-Agent: selenium/4.8.1 (java windows)
Cache-Control: no-cache
Content-Type: application/json; charset=utf-8
host: localhost:30111
accept: */*

Response DefaultHttpResponse(decodeResult: success, version: HTTP/1.1)
HTTP/1.1 200 OK
Content-Length: 47
Content-Type: application/json; charset=utf-8
cache-control: no-cache

21:28:36.813 [AsyncHttpClient-1-2] DEBUG org.asynchttpclient.netty.channel.ChannelManager - Adding key: http://localhost:30111 for channel [id: 0x5a9db78c, L:/127.0.0.1:62987 - R:localhost/127.0.0.1:30111]
21:28:36.817 [main] DEBUG net.thucydides.core.steps.StepInterceptor - STARTING STEP: AddToCartSteps.validateTheProductHasBeenAdded - clickCartIcon
21:28:36.821 [Forwarding findElement on session dbf996c3899b31020cccc709732eb81d to remote] DEBUG org.asynchttpclient.netty.request.NettyRequestSender - Using pooled Channel '[id: 0x5a9db78c, L:/127.0.0.1:62987 - R:localhost/127.0.0.1:30111]' for 'POST' to 'http://localhost:30111/session/dbf996c3899b31020cccc709732eb81d/element'
21:28:36.822 [Forwarding findElement on session dbf996c3899b31020cccc709732eb81d to remote] DEBUG org.asynchttpclient.netty.request.NettyRequestSender - Using open Channel [id: 0x5a9db78c, L:/127.0.0.1:62987 - R:localhost/127.0.0.1:30111] for POST '/session/dbf996c3899b31020cccc709732eb81d/element'
21:28:36.831 [AsyncHttpClient-1-2] DEBUG org.asynchttpclient.netty.handler.HttpHandler - 

Request DefaultHttpRequest(decodeResult: success, version: HTTP/1.1)
POST /session/dbf996c3899b31020cccc709732eb81d/element HTTP/1.1
User-Agent: selenium/4.8.1 (java windows)
Content-Length: 63
Content-Type: application/json; charset=utf-8
host: localhost:30111
accept: */*

Response DefaultHttpResponse(decodeResult: success, version: HTTP/1.1)
HTTP/1.1 200 OK
Content-Length: 88
Content-Type: application/json; charset=utf-8
cache-control: no-cache

21:28:36.832 [AsyncHttpClient-1-2] DEBUG org.asynchttpclient.netty.channel.ChannelManager - Adding key: http://localhost:30111 for channel [id: 0x5a9db78c, L:/127.0.0.1:62987 - R:localhost/127.0.0.1:30111]
21:28:36.833 [Forwarding getElementTagName on session dbf996c3899b31020cccc709732eb81d to remote] DEBUG org.asynchttpclient.netty.request.NettyRequestSender - Using pooled Channel '[id: 0x5a9db78c, L:/127.0.0.1:62987 - R:localhost/127.0.0.1:30111]' for 'GET' to 'http://localhost:30111/session/dbf996c3899b31020cccc709732eb81d/element/8a387033-4d35-4d06-bed7-eeeea0b2c126/name'
21:28:36.834 [Forwarding getElementTagName on session dbf996c3899b31020cccc709732eb81d to remote] DEBUG org.asynchttpclient.netty.request.NettyRequestSender - Using open Channel [id: 0x5a9db78c, L:/127.0.0.1:62987 - R:localhost/127.0.0.1:30111] for GET '/session/dbf996c3899b31020cccc709732eb81d/element/8a387033-4d35-4d06-bed7-eeeea0b2c126/name'
21:28:36.840 [AsyncHttpClient-1-2] DEBUG org.asynchttpclient.netty.handler.HttpHandler - 

Request DefaultFullHttpRequest(decodeResult: success, version: HTTP/1.1, content: EmptyByteBufBE)
GET /session/dbf996c3899b31020cccc709732eb81d/element/8a387033-4d35-4d06-bed7-eeeea0b2c126/name HTTP/1.1
User-Agent: selenium/4.8.1 (java windows)
Cache-Control: no-cache
Content-Type: application/json; charset=utf-8
host: localhost:30111
accept: */*

Response DefaultHttpResponse(decodeResult: success, version: HTTP/1.1)
HTTP/1.1 200 OK
Content-Length: 13
Content-Type: application/json; charset=utf-8
cache-control: no-cache

21:28:36.841 [AsyncHttpClient-1-2] DEBUG org.asynchttpclient.netty.channel.ChannelManager - Adding key: http://localhost:30111 for channel [id: 0x5a9db78c, L:/127.0.0.1:62987 - R:localhost/127.0.0.1:30111]
21:28:36.842 [Forwarding getElementTagName on session dbf996c3899b31020cccc709732eb81d to remote] DEBUG org.asynchttpclient.netty.request.NettyRequestSender - Using pooled Channel '[id: 0x5a9db78c, L:/127.0.0.1:62987 - R:localhost/127.0.0.1:30111]' for 'GET' to 'http://localhost:30111/session/dbf996c3899b31020cccc709732eb81d/element/8a387033-4d35-4d06-bed7-eeeea0b2c126/name'
21:28:36.842 [Forwarding getElementTagName on session dbf996c3899b31020cccc709732eb81d to remote] DEBUG org.asynchttpclient.netty.request.NettyRequestSender - Using open Channel [id: 0x5a9db78c, L:/127.0.0.1:62987 - R:localhost/127.0.0.1:30111] for GET '/session/dbf996c3899b31020cccc709732eb81d/element/8a387033-4d35-4d06-bed7-eeeea0b2c126/name'
21:28:36.849 [AsyncHttpClient-1-2] DEBUG org.asynchttpclient.netty.handler.HttpHandler - 

Request DefaultFullHttpRequest(decodeResult: success, version: HTTP/1.1, content: EmptyByteBufBE)
GET /session/dbf996c3899b31020cccc709732eb81d/element/8a387033-4d35-4d06-bed7-eeeea0b2c126/name HTTP/1.1
User-Agent: selenium/4.8.1 (java windows)
Cache-Control: no-cache
Content-Type: application/json; charset=utf-8
host: localhost:30111
accept: */*

Response DefaultHttpResponse(decodeResult: success, version: HTTP/1.1)
HTTP/1.1 200 OK
Content-Length: 13
Content-Type: application/json; charset=utf-8
cache-control: no-cache

21:28:36.849 [AsyncHttpClient-1-2] DEBUG org.asynchttpclient.netty.channel.ChannelManager - Adding key: http://localhost:30111 for channel [id: 0x5a9db78c, L:/127.0.0.1:62987 - R:localhost/127.0.0.1:30111]
21:28:36.853 [Forwarding findElement on session dbf996c3899b31020cccc709732eb81d to remote] DEBUG org.asynchttpclient.netty.request.NettyRequestSender - Using pooled Channel '[id: 0x5a9db78c, L:/127.0.0.1:62987 - R:localhost/127.0.0.1:30111]' for 'POST' to 'http://localhost:30111/session/dbf996c3899b31020cccc709732eb81d/element'
21:28:36.853 [Forwarding findElement on session dbf996c3899b31020cccc709732eb81d to remote] DEBUG org.asynchttpclient.netty.request.NettyRequestSender - Using open Channel [id: 0x5a9db78c, L:/127.0.0.1:62987 - R:localhost/127.0.0.1:30111] for POST '/session/dbf996c3899b31020cccc709732eb81d/element'
21:28:36.863 [AsyncHttpClient-1-2] DEBUG org.asynchttpclient.netty.handler.HttpHandler - 

Request DefaultHttpRequest(decodeResult: success, version: HTTP/1.1)
POST /session/dbf996c3899b31020cccc709732eb81d/element HTTP/1.1
User-Agent: selenium/4.8.1 (java windows)
Content-Length: 63
Content-Type: application/json; charset=utf-8
host: localhost:30111
accept: */*

Response DefaultHttpResponse(decodeResult: success, version: HTTP/1.1)
HTTP/1.1 200 OK
Content-Length: 88
Content-Type: application/json; charset=utf-8
cache-control: no-cache

21:28:36.863 [AsyncHttpClient-1-2] DEBUG org.asynchttpclient.netty.channel.ChannelManager - Adding key: http://localhost:30111 for channel [id: 0x5a9db78c, L:/127.0.0.1:62987 - R:localhost/127.0.0.1:30111]
21:28:36.866 [Forwarding clickElement on session dbf996c3899b31020cccc709732eb81d to remote] DEBUG org.asynchttpclient.netty.request.NettyRequestSender - Using pooled Channel '[id: 0x5a9db78c, L:/127.0.0.1:62987 - R:localhost/127.0.0.1:30111]' for 'POST' to 'http://localhost:30111/session/dbf996c3899b31020cccc709732eb81d/element/8a387033-4d35-4d06-bed7-eeeea0b2c126/click'
21:28:36.866 [Forwarding clickElement on session dbf996c3899b31020cccc709732eb81d to remote] DEBUG org.asynchttpclient.netty.request.NettyRequestSender - Using open Channel [id: 0x5a9db78c, L:/127.0.0.1:62987 - R:localhost/127.0.0.1:30111] for POST '/session/dbf996c3899b31020cccc709732eb81d/element/8a387033-4d35-4d06-bed7-eeeea0b2c126/click'
21:28:36.885 [AsyncHttpClient-1-1] DEBUG org.asynchttpclient.netty.channel.DefaultChannelPool - Entry count for : http://localhost:62989 : 1
21:28:36.903 [AsyncHttpClient-1-2] DEBUG org.asynchttpclient.netty.handler.HttpHandler - 

Request DefaultHttpRequest(decodeResult: success, version: HTTP/1.1)
POST /session/dbf996c3899b31020cccc709732eb81d/element/8a387033-4d35-4d06-bed7-eeeea0b2c126/click HTTP/1.1
User-Agent: selenium/4.8.1 (java windows)
Content-Length: 50
Content-Type: application/json; charset=utf-8
host: localhost:30111
accept: */*

Response DefaultHttpResponse(decodeResult: success, version: HTTP/1.1)
HTTP/1.1 200 OK
Content-Length: 14
Content-Type: application/json; charset=utf-8
cache-control: no-cache

21:28:36.903 [AsyncHttpClient-1-2] DEBUG org.asynchttpclient.netty.channel.ChannelManager - Adding key: http://localhost:30111 for channel [id: 0x5a9db78c, L:/127.0.0.1:62987 - R:localhost/127.0.0.1:30111]
21:28:36.909 [Forwarding getAlertText on session dbf996c3899b31020cccc709732eb81d to remote] DEBUG org.asynchttpclient.netty.request.NettyRequestSender - Using pooled Channel '[id: 0x5a9db78c, L:/127.0.0.1:62987 - R:localhost/127.0.0.1:30111]' for 'GET' to 'http://localhost:30111/session/dbf996c3899b31020cccc709732eb81d/alert/text'
21:28:36.909 [Forwarding getAlertText on session dbf996c3899b31020cccc709732eb81d to remote] DEBUG org.asynchttpclient.netty.request.NettyRequestSender - Using open Channel [id: 0x5a9db78c, L:/127.0.0.1:62987 - R:localhost/127.0.0.1:30111] for GET '/session/dbf996c3899b31020cccc709732eb81d/alert/text'
21:28:36.911 [AsyncHttpClient-1-2] DEBUG org.asynchttpclient.netty.handler.HttpHandler - 

Request DefaultFullHttpRequest(decodeResult: success, version: HTTP/1.1, content: EmptyByteBufBE)
GET /session/dbf996c3899b31020cccc709732eb81d/alert/text HTTP/1.1
User-Agent: selenium/4.8.1 (java windows)
Cache-Control: no-cache
Content-Type: application/json; charset=utf-8
host: localhost:30111
accept: */*

Response DefaultHttpResponse(decodeResult: success, version: HTTP/1.1)
HTTP/1.1 404 Not Found
Content-Length: 836
Content-Type: application/json; charset=utf-8
cache-control: no-cache

21:28:36.911 [AsyncHttpClient-1-2] DEBUG org.asynchttpclient.netty.channel.ChannelManager - Adding key: http://localhost:30111 for channel [id: 0x5a9db78c, L:/127.0.0.1:62987 - R:localhost/127.0.0.1:30111]
21:28:36.913 [Forwarding getCurrentUrl on session dbf996c3899b31020cccc709732eb81d to remote] DEBUG org.asynchttpclient.netty.request.NettyRequestSender - Using pooled Channel '[id: 0x5a9db78c, L:/127.0.0.1:62987 - R:localhost/127.0.0.1:30111]' for 'GET' to 'http://localhost:30111/session/dbf996c3899b31020cccc709732eb81d/url'
21:28:36.913 [Forwarding getCurrentUrl on session dbf996c3899b31020cccc709732eb81d to remote] DEBUG org.asynchttpclient.netty.request.NettyRequestSender - Using open Channel [id: 0x5a9db78c, L:/127.0.0.1:62987 - R:localhost/127.0.0.1:30111] for GET '/session/dbf996c3899b31020cccc709732eb81d/url'
21:28:36.919 [AsyncHttpClient-1-2] DEBUG org.asynchttpclient.netty.handler.HttpHandler - 

Request DefaultFullHttpRequest(decodeResult: success, version: HTTP/1.1, content: EmptyByteBufBE)
GET /session/dbf996c3899b31020cccc709732eb81d/url HTTP/1.1
User-Agent: selenium/4.8.1 (java windows)
Cache-Control: no-cache
Content-Type: application/json; charset=utf-8
host: localhost:30111
accept: */*

Response DefaultHttpResponse(decodeResult: success, version: HTTP/1.1)
HTTP/1.1 200 OK
Content-Length: 47
Content-Type: application/json; charset=utf-8
cache-control: no-cache

21:28:36.919 [AsyncHttpClient-1-2] DEBUG org.asynchttpclient.netty.channel.ChannelManager - Adding key: http://localhost:30111 for channel [id: 0x5a9db78c, L:/127.0.0.1:62987 - R:localhost/127.0.0.1:30111]
21:28:36.920 [Forwarding screenshot on session dbf996c3899b31020cccc709732eb81d to remote] DEBUG org.asynchttpclient.netty.request.NettyRequestSender - Using pooled Channel '[id: 0x5a9db78c, L:/127.0.0.1:62987 - R:localhost/127.0.0.1:30111]' for 'GET' to 'http://localhost:30111/session/dbf996c3899b31020cccc709732eb81d/screenshot'
21:28:36.920 [Forwarding screenshot on session dbf996c3899b31020cccc709732eb81d to remote] DEBUG org.asynchttpclient.netty.request.NettyRequestSender - Using open Channel [id: 0x5a9db78c, L:/127.0.0.1:62987 - R:localhost/127.0.0.1:30111] for GET '/session/dbf996c3899b31020cccc709732eb81d/screenshot'
21:28:37.015 [AsyncHttpClient-1-2] DEBUG org.asynchttpclient.netty.handler.HttpHandler - 

Request DefaultFullHttpRequest(decodeResult: success, version: HTTP/1.1, content: EmptyByteBufBE)
GET /session/dbf996c3899b31020cccc709732eb81d/screenshot HTTP/1.1
User-Agent: selenium/4.8.1 (java windows)
Cache-Control: no-cache
Content-Type: application/json; charset=utf-8
host: localhost:30111
accept: */*

Response DefaultHttpResponse(decodeResult: success, version: HTTP/1.1)
HTTP/1.1 200 OK
Content-Length: 59316
Content-Type: application/json; charset=utf-8
cache-control: no-cache

21:28:37.015 [AsyncHttpClient-1-2] DEBUG org.asynchttpclient.netty.channel.ChannelManager - Adding key: http://localhost:30111 for channel [id: 0x5a9db78c, L:/127.0.0.1:62987 - R:localhost/127.0.0.1:30111]
21:28:37.017 [main] DEBUG net.serenitybdd.core.photography.Darkroom - Send negative for processing for target\site\serenity\d3e0722f559fcb50ed6dabd861a225300891dd61d12e0d265b88270c784a656c.png
21:28:37.018 [main] DEBUG net.thucydides.core.steps.StepInterceptor - STEP DONE: clickCartIcon
  &amp#27;[32mThen &amp#27;[0m&amp#27;[32mthe item should be added to my cart&amp#27;[0m   &amp#27;[90m# starter.stepdefinitions.AddToCartSteps.validateTheProductHasBeenAdded()&amp#27;[0m
21:28:37.027 [main] INFO  - 
  _____   ___   ___   _____     ___     _     ___   ___   ___   ___  
 |_   _| | __| / __| |_   _|   | _ \   /_\   / __| / __| | __| |   \ 
   | |   | _|  \__ \   | |     |  _/  / _ \  \__ \ \__ \ | _|  | |) |
   |_|   |___| |___/   |_|     |_|   /_/ \_\ |___/ |___/ |___| |___/ 

User Successfully add item to cart
----------------------------------------------------------------------
21:28:37.074 [Driver Command Executor] DEBUG org.asynchttpclient.netty.request.NettyRequestSender - Using pooled Channel '[id: 0x5a9db78c, L:/127.0.0.1:62987 - R:localhost/127.0.0.1:30111]' for 'DELETE' to 'http://localhost:30111/session/dbf996c3899b31020cccc709732eb81d'
21:28:37.074 [Driver Command Executor] DEBUG org.asynchttpclient.netty.request.NettyRequestSender - Using open Channel [id: 0x5a9db78c, L:/127.0.0.1:62987 - R:localhost/127.0.0.1:30111] for DELETE '/session/dbf996c3899b31020cccc709732eb81d'
21:28:37.166 [AsyncHttpClient-1-4] DEBUG org.asynchttpclient.netty.handler.WebSocketHandler - Unexpected I/O exception on channel [id: 0x131acb52, L:/127.0.0.1:62996 - R:localhost/127.0.0.1:62989]
java.net.SocketException: Connection reset
	at java.base/sun.nio.ch.SocketChannelImpl.throwConnectionReset(SocketChannelImpl.java:367)
	at java.base/sun.nio.ch.SocketChannelImpl.read(SocketChannelImpl.java:398)
	at io.netty.buffer.PooledByteBuf.setBytes(PooledByteBuf.java:259)
	at io.netty.buffer.AbstractByteBuf.writeBytes(AbstractByteBuf.java:1132)
	at io.netty.channel.socket.nio.NioSocketChannel.doReadBytes(NioSocketChannel.java:357)
	at io.netty.channel.nio.AbstractNioByteChannel$NioByteUnsafe.read(AbstractNioByteChannel.java:151)
	at io.netty.channel.nio.NioEventLoop.processSelectedKey(NioEventLoop.java:788)
	at io.netty.channel.nio.NioEventLoop.processSelectedKeysOptimized(NioEventLoop.java:724)
	at io.netty.channel.nio.NioEventLoop.processSelectedKeys(NioEventLoop.java:650)
	at io.netty.channel.nio.NioEventLoop.run(NioEventLoop.java:562)
	at io.netty.util.concurrent.SingleThreadEventExecutor$4.run(SingleThreadEventExecutor.java:997)
	at io.netty.util.internal.ThreadExecutorMap$2.run(ThreadExecutorMap.java:74)
	at io.netty.util.concurrent.FastThreadLocalRunnable.run(FastThreadLocalRunnable.java:30)
	at java.base/java.lang.Thread.run(Thread.java:832)
21:28:37.166 [AsyncHttpClient-1-3] DEBUG org.asynchttpclient.netty.handler.HttpHandler - Unexpected I/O exception on channel [id: 0x32618f07, L:/127.0.0.1:62995 - R:localhost/127.0.0.1:62989]
java.net.SocketException: Connection reset
	at java.base/sun.nio.ch.SocketChannelImpl.throwConnectionReset(SocketChannelImpl.java:367)
	at java.base/sun.nio.ch.SocketChannelImpl.read(SocketChannelImpl.java:398)
	at io.netty.buffer.PooledByteBuf.setBytes(PooledByteBuf.java:259)
	at io.netty.buffer.AbstractByteBuf.writeBytes(AbstractByteBuf.java:1132)
	at io.netty.channel.socket.nio.NioSocketChannel.doReadBytes(NioSocketChannel.java:357)
	at io.netty.channel.nio.AbstractNioByteChannel$NioByteUnsafe.read(AbstractNioByteChannel.java:151)
	at io.netty.channel.nio.NioEventLoop.processSelectedKey(NioEventLoop.java:788)
	at io.netty.channel.nio.NioEventLoop.processSelectedKeysOptimized(NioEventLoop.java:724)
	at io.netty.channel.nio.NioEventLoop.processSelectedKeys(NioEventLoop.java:650)
	at io.netty.channel.nio.NioEventLoop.run(NioEventLoop.java:562)
	at io.netty.util.concurrent.SingleThreadEventExecutor$4.run(SingleThreadEventExecutor.java:997)
	at io.netty.util.internal.ThreadExecutorMap$2.run(ThreadExecutorMap.java:74)
	at io.netty.util.concurrent.FastThreadLocalRunnable.run(FastThreadLocalRunnable.java:30)
	at java.base/java.lang.Thread.run(Thread.java:832)
21:28:37.167 [AsyncHttpClient-1-3] DEBUG org.asynchttpclient.netty.channel.ChannelManager - Closing Channel [id: 0x32618f07, L:/127.0.0.1:62995 - R:localhost/127.0.0.1:62989] 
21:28:37.169 [AsyncHttpClient-1-4] DEBUG org.asynchttpclient.netty.handler.WebSocketHandler - Was unable to recover Future: NettyResponseFuture{currentRetry=0,
	isDone=1,
	isCancelled=0,
	asyncHandler=org.asynchttpclient.ws.WebSocketUpgradeHandler@37075c53,
	nettyRequest=org.asynchttpclient.netty.request.NettyRequest@510cc9fe,
	future=java.util.concurrent.CompletableFuture@40539421[Completed normally],
	uri=ws://localhost:62989/devtools/browser/790e4318-5c63-44d9-8c21-0713ef1e3080,
	keepAlive=true,
	redirectCount=0,
	timeoutsHolder=null,
	inAuth=0,
	touch=1680704917167}
21:28:37.169 [AsyncHttpClient-1-4] DEBUG org.asynchttpclient.netty.channel.ChannelManager - Closing Channel [id: 0x131acb52, L:/127.0.0.1:62996 - R:localhost/127.0.0.1:62989] 
21:28:37.169 [AsyncHttpClient-1-4] WARN org.asynchttpclient.netty.handler.WebSocketHandler - onError
java.net.SocketException: Connection reset
	at java.base/sun.nio.ch.SocketChannelImpl.throwConnectionReset(SocketChannelImpl.java:367)
	at java.base/sun.nio.ch.SocketChannelImpl.read(SocketChannelImpl.java:398)
	at io.netty.buffer.PooledByteBuf.setBytes(PooledByteBuf.java:259)
	at io.netty.buffer.AbstractByteBuf.writeBytes(AbstractByteBuf.java:1132)
	at io.netty.channel.socket.nio.NioSocketChannel.doReadBytes(NioSocketChannel.java:357)
	at io.netty.channel.nio.AbstractNioByteChannel$NioByteUnsafe.read(AbstractNioByteChannel.java:151)
	at io.netty.channel.nio.NioEventLoop.processSelectedKey(NioEventLoop.java:788)
	at io.netty.channel.nio.NioEventLoop.processSelectedKeysOptimized(NioEventLoop.java:724)
	at io.netty.channel.nio.NioEventLoop.processSelectedKeys(NioEventLoop.java:650)
	at io.netty.channel.nio.NioEventLoop.run(NioEventLoop.java:562)
	at io.netty.util.concurrent.SingleThreadEventExecutor$4.run(SingleThreadEventExecutor.java:997)
	at io.netty.util.internal.ThreadExecutorMap$2.run(ThreadExecutorMap.java:74)
	at io.netty.util.concurrent.FastThreadLocalRunnable.run(FastThreadLocalRunnable.java:30)
	at java.base/java.lang.Thread.run(Thread.java:832)
21:28:37.172 [AsyncHttpClient-1-3] DEBUG org.asynchttpclient.netty.handler.HttpHandler - Channel Closed: [id: 0x32618f07, L:/127.0.0.1:62995 ! R:localhost/127.0.0.1:62989] with attribute DISCARD
21:28:37.173 [AsyncHttpClient-1-4] DEBUG org.asynchttpclient.netty.channel.ChannelManager - Closing Channel [id: 0x131acb52, L:/127.0.0.1:62996 ! R:localhost/127.0.0.1:62989] 
21:28:37.174 [AsyncHttpClient-1-4] DEBUG org.asynchttpclient.netty.handler.WebSocketHandler - Channel Closed: [id: 0x131acb52, L:/127.0.0.1:62996 ! R:localhost/127.0.0.1:62989] with attribute DISCARD
21:28:37.187 [AsyncHttpClient-1-2] DEBUG org.asynchttpclient.netty.handler.HttpHandler - 

Request DefaultFullHttpRequest(decodeResult: success, version: HTTP/1.1, content: EmptyByteBufBE)
DELETE /session/dbf996c3899b31020cccc709732eb81d HTTP/1.1
User-Agent: selenium/4.8.1 (java windows)
Content-Type: application/json; charset=utf-8
host: localhost:30111
accept: */*

Response DefaultHttpResponse(decodeResult: success, version: HTTP/1.1)
HTTP/1.1 200 OK
Content-Length: 14
Content-Type: application/json; charset=utf-8
cache-control: no-cache

21:28:37.188 [AsyncHttpClient-1-2] DEBUG org.asynchttpclient.netty.channel.ChannelManager - Adding key: http://localhost:30111 for channel [id: 0x5a9db78c, L:/127.0.0.1:62987 - R:localhost/127.0.0.1:30111]
21:28:37.333 [AsyncHttpClient-1-2] DEBUG org.asynchttpclient.netty.handler.HttpHandler - Channel Closed: [id: 0x5a9db78c, L:/127.0.0.1:62987 ! R:localhost/127.0.0.1:30111] with attribute DISCARD
]]></system-out>
    <system-err><![CDATA[Starting ChromeDriver 111.0.5563.64 (c710e93d5b63b7095afe8c2c17df34408078439d-refs/branch-heads/5563@{#995}) on port 30111
Only local connections are allowed.
Please see https://chromedriver.chromium.org/security-considerations for suggestions on keeping ChromeDriver safe.
ChromeDriver was started successfully.
Apr 05, 2023 9:28:31 PM org.openqa.selenium.devtools.CdpVersionFinder findNearestMatch
WARNING: Unable to find an exact match for CDP version 111, so returning the closest version found: 110
Apr 05, 2023 9:28:37 PM org.openqa.selenium.remote.http.WebSocket$Listener onError
WARNING: Connection reset
java.net.SocketException: Connection reset
	at java.base/sun.nio.ch.SocketChannelImpl.throwConnectionReset(SocketChannelImpl.java:367)
	at java.base/sun.nio.ch.SocketChannelImpl.read(SocketChannelImpl.java:398)
	at io.netty.buffer.PooledByteBuf.setBytes(PooledByteBuf.java:259)
	at io.netty.buffer.AbstractByteBuf.writeBytes(AbstractByteBuf.java:1132)
	at io.netty.channel.socket.nio.NioSocketChannel.doReadBytes(NioSocketChannel.java:357)
	at io.netty.channel.nio.AbstractNioByteChannel$NioByteUnsafe.read(AbstractNioByteChannel.java:151)
	at io.netty.channel.nio.NioEventLoop.processSelectedKey(NioEventLoop.java:788)
	at io.netty.channel.nio.NioEventLoop.processSelectedKeysOptimized(NioEventLoop.java:724)
	at io.netty.channel.nio.NioEventLoop.processSelectedKeys(NioEventLoop.java:650)
	at io.netty.channel.nio.NioEventLoop.run(NioEventLoop.java:562)
	at io.netty.util.concurrent.SingleThreadEventExecutor$4.run(SingleThreadEventExecutor.java:997)
	at io.netty.util.internal.ThreadExecutorMap$2.run(ThreadExecutorMap.java:74)
	at io.netty.util.concurrent.FastThreadLocalRunnable.run(FastThreadLocalRunnable.java:30)
	at java.base/java.lang.Thread.run(Thread.java:832)

]]></system-err>
  </testcase>
  <testcase name="User cannot checkout without providing postal code" classname="Checkout" time="0.224">
    <system-out><![CDATA[21:28:37.859 [main] DEBUG io.cucumber.core.plugin.SerenityReporter - Running feature from file:///C:/Users/WINDOWS%2010/Documents/GitHub/QE_Andira_Ms/11_Web_Programming_&_Testing/Praktikum/Testing_with_Serenity/Prioritas1/alta/src/test/resources/features/Checkout.feature
21:28:37.864 [main] DEBUG net.thucydides.core.steps.StepEventBus - Test suite started for story net.thucydides.core.model.Story@65fd1e8
21:28:37.865 [main] INFO  - Test Suite Started: Checkout

Scenario: User cannot checkout without providing postal code &amp#27;[90m# src/test/resources/features/Checkout.feature:3&amp#27;[0m
21:28:37.875 [main] DEBUG io.cucumber.core.plugin.SerenityReporter - Running feature from file:///C:/Users/WINDOWS%2010/Documents/GitHub/QE_Andira_Ms/11_Web_Programming_&_Testing/Praktikum/Testing_with_Serenity/Prioritas1/alta/src/test/resources/features/Checkout.feature
21:28:37.879 [main] INFO  - 
  _____   ___   ___   _____     ___   _____     _     ___   _____   ___   ___  
 |_   _| | __| / __| |_   _|   / __| |_   _|   /_\   | _ \ |_   _| | __| |   \ 
   | |   | _|  \__ \   | |     \__ \   | |    / _ \  |   /   | |   | _|  | |) |
   |_|   |___| |___/   |_|     |___/   |_|   /_/ \_\ |_|_\   |_|   |___| |___/ 

User cannot checkout without providing postal code(checkout;user-cannot-checkout-without-providing-postal-code)
--------------------------------------------------------------------------------
21:28:37.983 [AsyncHttpClient-1-1] DEBUG org.asynchttpclient.netty.channel.DefaultChannelPool - Entry count for : http://localhost:30111 : 1
21:28:37.983 [AsyncHttpClient-1-1] DEBUG org.asynchttpclient.netty.channel.DefaultChannelPool - Entry count for : http://localhost:62989 : 1
21:28:37.983 [AsyncHttpClient-1-1] DEBUG org.asynchttpclient.netty.channel.DefaultChannelPool - Adding Candidate expired Channel [id: 0x5a9db78c, L:/127.0.0.1:62987 ! R:localhost/127.0.0.1:30111] isIdleTimeoutExpired=false isRemotelyClosed=true isTtlExpired=false
21:28:37.983 [AsyncHttpClient-1-1] DEBUG org.asynchttpclient.netty.channel.DefaultChannelPool - Closing Idle Channel [id: 0x5a9db78c, L:/127.0.0.1:62987 ! R:localhost/127.0.0.1:30111]
21:28:37.983 [AsyncHttpClient-1-1] DEBUG org.asynchttpclient.netty.channel.DefaultChannelPool - Adding Candidate expired Channel [id: 0x32618f07, L:/127.0.0.1:62995 ! R:localhost/127.0.0.1:62989] isIdleTimeoutExpired=false isRemotelyClosed=true isTtlExpired=false
21:28:37.983 [AsyncHttpClient-1-1] DEBUG org.asynchttpclient.netty.channel.DefaultChannelPool - Closing Idle Channel [id: 0x32618f07, L:/127.0.0.1:62995 ! R:localhost/127.0.0.1:62989]
21:28:37.984 [AsyncHttpClient-1-1] DEBUG org.asynchttpclient.netty.channel.DefaultChannelPool - Closed 2 connections out of 2 in 0 ms
21:28:38.001 [main] DEBUG net.thucydides.core.steps.StepInterceptor - STARTING STEP: CartSteps.onTheCartPage - validateOnCartPage
21:28:38.004 [main] DEBUG net.thucydides.core.steps.StepInterceptor - STEP DONE: validateOnCartPage
  &amp#27;[32mGiven &amp#27;[0m&amp#27;[32mI am on the shopping cart page&amp#27;[0m                       &amp#27;[90m# starter.stepdefinitions.CartSteps.onTheCartPage()&amp#27;[0m
21:28:38.012 [main] DEBUG net.thucydides.core.steps.StepInterceptor - STARTING STEP: CartSteps.clickCheckoutButton - clickCheckoutButton
21:28:38.018 [main] DEBUG net.thucydides.core.steps.StepInterceptor - STEP DONE: clickCheckoutButton
  &amp#27;[32mWhen &amp#27;[0m&amp#27;[32mI click on checkout button&amp#27;[0m                            &amp#27;[90m# starter.stepdefinitions.CartSteps.clickCheckoutButton()&amp#27;[0m
21:28:38.028 [main] DEBUG net.thucydides.core.steps.StepInterceptor - STARTING STEP: CartSteps.inputMyInformation - inputFirstName
21:28:38.032 [main] DEBUG net.thucydides.core.steps.StepInterceptor - STEP DONE: inputFirstName
21:28:38.035 [main] DEBUG net.thucydides.core.steps.StepInterceptor - STARTING STEP: CartSteps.inputMyInformation - inputLastName
21:28:38.039 [main] DEBUG net.thucydides.core.steps.StepInterceptor - STEP DONE: inputLastName
21:28:38.043 [main] DEBUG net.thucydides.core.steps.StepInterceptor - STARTING STEP: CartSteps.inputMyInformation - inputPostalCode
21:28:38.046 [main] DEBUG net.thucydides.core.steps.StepInterceptor - STEP DONE: inputPostalCode
  &amp#27;[32mAnd &amp#27;[0m&amp#27;[32mI do not provide postal code&amp#27;[0m                           &amp#27;[90m# starter.stepdefinitions.CartSteps.inputMyInformation()&amp#27;[0m
21:28:38.058 [main] DEBUG net.thucydides.core.steps.StepInterceptor - STARTING STEP: CartSteps.clickContinueButton - clickContinueButton
21:28:38.063 [main] DEBUG net.thucydides.core.steps.StepInterceptor - STEP DONE: clickContinueButton
  &amp#27;[32mAnd &amp#27;[0m&amp#27;[32mI click on continue button&amp#27;[0m                             &amp#27;[90m# starter.stepdefinitions.CartSteps.clickContinueButton()&amp#27;[0m
21:28:38.075 [main] DEBUG net.thucydides.core.steps.StepInterceptor - STARTING STEP: CartSteps.errorMessageDisplayed - errorMessageDisplayed
21:28:38.079 [main] DEBUG net.thucydides.core.steps.StepInterceptor - STEP DONE: errorMessageDisplayed
  &amp#27;[32mThen &amp#27;[0m&amp#27;[32mI should see an error message for missing postal code&amp#27;[0m &amp#27;[90m# starter.stepdefinitions.CartSteps.errorMessageDisplayed()&amp#27;[0m
21:28:38.089 [main] INFO  - 
  _____   ___   ___   _____     ___     _     ___   ___   ___   ___  
 |_   _| | __| / __| |_   _|   | _ \   /_\   / __| / __| | __| |   \ 
   | |   | _|  \__ \   | |     |  _/  / _ \  \__ \ \__ \ | _|  | |) |
   |_|   |___| |___/   |_|     |_|   /_/ \_\ |___/ |___/ |___| |___/ 

User cannot checkout without providing postal code
----------------------------------------------------------------------
]]></system-out>
  </testcase>
  <testcase name="Logout after completing checkout" classname="Logout after checkout" time="0.159">
    <system-out><![CDATA[21:28:38.092 [main] DEBUG io.cucumber.core.plugin.SerenityReporter - Running feature from file:///C:/Users/WINDOWS%2010/Documents/GitHub/QE_Andira_Ms/11_Web_Programming_&_Testing/Praktikum/Testing_with_Serenity/Prioritas1/alta/src/test/resources/features/Logout.feature
21:28:38.105 [main] DEBUG net.thucydides.core.steps.StepEventBus - Test suite started for story net.thucydides.core.model.Story@827fa538
21:28:38.107 [main] INFO  - Test Suite Started: Logout after checkout

Scenario: Logout after completing checkout                                   &amp#27;[90m# src/test/resources/features/Logout.feature:6&amp#27;[0m
21:28:38.126 [main] DEBUG io.cucumber.core.plugin.SerenityReporter - Running feature from file:///C:/Users/WINDOWS%2010/Documents/GitHub/QE_Andira_Ms/11_Web_Programming_&_Testing/Praktikum/Testing_with_Serenity/Prioritas1/alta/src/test/resources/features/Logout.feature
21:28:38.140 [main] INFO  - 
  _____   ___   ___   _____     ___   _____     _     ___   _____   ___   ___  
 |_   _| | __| / __| |_   _|   / __| |_   _|   /_\   | _ \ |_   _| | __| |   \ 
   | |   | _|  \__ \   | |     \__ \   | |    / _ \  |   /   | |   | _|  | |) |
   |_|   |___| |___/   |_|     |___/   |_|   /_/ \_\ |_|_\   |_|   |___| |___/ 

Logout after completing checkout(logout-after-checkout;logout-after-completing-checkout)
--------------------------------------------------------------------------------
21:28:38.201 [main] DEBUG net.thucydides.core.steps.StepInterceptor - STARTING STEP: LogoutSteps.onTheCartPage - validateOnCartPage
21:28:38.203 [main] DEBUG net.thucydides.core.steps.StepInterceptor - STEP DONE: validateOnCartPage
  &amp#27;[32mGiven &amp#27;[0m&amp#27;[32mI am on the checkout page&amp#27;[0m                                            &amp#27;[90m# starter.stepdefinitions.LogoutSteps.onTheCartPage()&amp#27;[0m
21:28:38.212 [main] DEBUG net.thucydides.core.steps.StepInterceptor - STARTING STEP: LogoutSteps.validateCompleteCheckout - validateCompleteCheckout
21:28:38.214 [main] DEBUG net.thucydides.core.steps.StepInterceptor - STEP DONE: validateCompleteCheckout
  &amp#27;[32mWhen &amp#27;[0m&amp#27;[32mI have completed the checkout process&amp#27;[0m                                 &amp#27;[90m# starter.stepdefinitions.LogoutSteps.validateCompleteCheckout()&amp#27;[0m
21:28:38.225 [main] DEBUG net.thucydides.core.steps.StepInterceptor - STARTING STEP: LogoutSteps.clickBackHome - clickBackHome
21:28:38.229 [main] DEBUG net.thucydides.core.steps.StepInterceptor - STEP DONE: clickBackHome
  &amp#27;[32mAnd &amp#27;[0m&amp#27;[32mI click on the Back Home button&amp#27;[0m                                        &amp#27;[90m# starter.stepdefinitions.LogoutSteps.clickBackHome()&amp#27;[0m
21:28:38.236 [main] DEBUG net.thucydides.core.steps.StepInterceptor - STARTING STEP: LogoutSteps.clickMenuButton - clickMenuButton
21:28:38.240 [main] DEBUG net.thucydides.core.steps.StepInterceptor - STEP DONE: clickMenuButton
  &amp#27;[32mAnd &amp#27;[0m&amp#27;[32mI click on the Menu button&amp#27;[0m                                             &amp#27;[90m# starter.stepdefinitions.LogoutSteps.clickMenuButton()&amp#27;[0m
21:28:38.247 [main] DEBUG net.thucydides.core.steps.StepInterceptor - STARTING STEP: LogoutSteps.clickLogoutButton - clickLogoutButton
21:28:38.252 [main] DEBUG net.thucydides.core.steps.StepInterceptor - STEP DONE: clickLogoutButton
  &amp#27;[32mAnd &amp#27;[0m&amp#27;[32mI click on the Logout button&amp#27;[0m                                           &amp#27;[90m# starter.stepdefinitions.LogoutSteps.clickLogoutButton()&amp#27;[0m
21:28:38.262 [main] DEBUG net.thucydides.core.steps.StepInterceptor - STARTING STEP: LogoutSteps.validateOnLoginPage - validateOnLoginPage
21:28:38.263 [main] DEBUG net.thucydides.core.steps.StepInterceptor - STEP DONE: validateOnLoginPage
  &amp#27;[32mThen &amp#27;[0m&amp#27;[32mI should be logged out of my account and redirected to the login page&amp#27;[0m &amp#27;[90m# starter.stepdefinitions.LogoutSteps.validateOnLoginPage()&amp#27;[0m
21:28:38.268 [main] INFO  - 
  _____   ___   ___   _____     ___     _     ___   ___   ___   ___  
 |_   _| | __| / __| |_   _|   | _ \   /_\   / __| / __| | __| |   \ 
   | |   | _|  \__ \   | |     |  _/  / _ \  \__ \ \__ \ | _|  | |) |
   |_|   |___| |___/   |_|     |_|   /_/ \_\ |___/ |___/ |___| |___/ 

Logout after completing checkout
----------------------------------------------------------------------
]]></system-out>
  </testcase>
</testsuite>