<?xml version="1.0" encoding="UTF-8"?>
<testsuite xmlns:xsi="http://www.w3.org/2001/XMLSchema-instance" xsi:noNamespaceSchemaLocation="https://maven.apache.org/surefire/maven-failsafe-plugin/xsd/failsafe-test-report-3.0.xsd" version="3.0" name="starter.CucumberTestSuite" time="12.928" tests="3" errors="0" skipped="0" failures="0">
  <properties>
    <property name="java.specification.version" value="15"/>
    <property name="webdriver.chrome.driver" value="src/test/resources/webdriver/chromedriver.exe"/>
    <property name="sun.cpu.isalist" value="amd64"/>
    <property name="sun.jnu.encoding" value="Cp1252"/>
    <property name="java.class.path" value="C:\Users\WINDOWS 10\Documents\GitHub\QE_Andira_Ms\11_Web_Programming_&amp;_Testing\Praktikum\Testing_with_Serenity\Prioritas1\alta\target\test-classes;C:\Users\WINDOWS 10\.m2\repository\net\serenity-bdd\serenity-core\3.6.21\serenity-core-3.6.21.jar;C:\Users\WINDOWS 10\.m2\repository\net\serenity-bdd\serenity-model\3.6.21\serenity-model-3.6.21.jar;C:\Users\WINDOWS 10\.m2\repository\org\apache\commons\commons-text\1.10.0\commons-text-1.10.0.jar;C:\Users\WINDOWS 10\.m2\repository\commons-net\commons-net\3.9.0\commons-net-3.9.0.jar;C:\Users\WINDOWS 10\.m2\repository\com\google\guava\guava\31.1-jre\guava-31.1-jre.jar;C:\Users\WINDOWS 10\.m2\repository\com\google\guava\failureaccess\1.0.1\failureaccess-1.0.1.jar;C:\Users\WINDOWS 10\.m2\repository\com\google\guava\listenablefuture\9999.0-empty-to-avoid-conflict-with-guava\listenablefuture-9999.0-empty-to-avoid-conflict-with-guava.jar;C:\Users\WINDOWS 10\.m2\repository\com\google\code\findbugs\jsr305\3.0.2\jsr305-3.0.2.jar;C:\Users\WINDOWS 10\.m2\repository\org\checkerframework\checker-qual\3.12.0\checker-qual-3.12.0.jar;C:\Users\WINDOWS 10\.m2\repository\com\google\errorprone\error_prone_annotations\2.11.0\error_prone_annotations-2.11.0.jar;C:\Users\WINDOWS 10\.m2\repository\com\google\j2objc\j2objc-annotations\1.3\j2objc-annotations-1.3.jar;C:\Users\WINDOWS 10\.m2\repository\com\google\inject\guice\5.1.0\guice-5.1.0.jar;C:\Users\WINDOWS 10\.m2\repository\javax\inject\javax.inject\1\javax.inject-1.jar;C:\Users\WINDOWS 10\.m2\repository\aopalliance\aopalliance\1.0\aopalliance-1.0.jar;C:\Users\WINDOWS 10\.m2\repository\org\jsoup\jsoup\1.14.3\jsoup-1.14.3.jar;C:\Users\WINDOWS 10\.m2\repository\com\thoughtworks\xstream\xstream\1.4.20\xstream-1.4.20.jar;C:\Users\WINDOWS 10\.m2\repository\io\github\x-stream\mxparser\1.2.2\mxparser-1.2.2.jar;C:\Users\WINDOWS 10\.m2\repository\xmlpull\xmlpull\1.1.3.1\xmlpull-1.1.3.1.jar;C:\Users\WINDOWS 10\.m2\repository\com\typesafe\config\1.4.2\config-1.4.2.jar;C:\Users\WINDOWS 10\.m2\repository\org\imgscalr\imgscalr-lib\4.2\imgscalr-lib-4.2.jar;C:\Users\WINDOWS 10\.m2\repository\org\awaitility\awaitility\4.2.0\awaitility-4.2.0.jar;C:\Users\WINDOWS 10\.m2\repository\org\freemarker\freemarker\2.3.31\freemarker-2.3.31.jar;C:\Users\WINDOWS 10\.m2\repository\io\github\classgraph\classgraph\4.8.138\classgraph-4.8.138.jar;C:\Users\WINDOWS 10\.m2\repository\net\sourceforge\jexcelapi\jxl\2.6.12\jxl-2.6.12.jar;C:\Users\WINDOWS 10\.m2\repository\net\bytebuddy\byte-buddy-agent\1.14.2\byte-buddy-agent-1.14.2.jar;C:\Users\WINDOWS 10\.m2\repository\org\objenesis\objenesis\3.3\objenesis-3.3.jar;C:\Users\WINDOWS 10\.m2\repository\net\serenity-bdd\serenity-reports\3.6.21\serenity-reports-3.6.21.jar;C:\Users\WINDOWS 10\.m2\repository\net\serenity-bdd\serenity-stats\3.6.21\serenity-stats-3.6.21.jar;C:\Users\WINDOWS 10\.m2\repository\net\serenity-bdd\serenity-reports-configuration\3.6.21\serenity-reports-configuration-3.6.21.jar;C:\Users\WINDOWS 10\.m2\repository\com\vladsch\flexmark\flexmark-all\0.62.2\flexmark-all-0.62.2.jar;C:\Users\WINDOWS 10\.m2\repository\com\vladsch\flexmark\flexmark\0.62.2\flexmark-0.62.2.jar;C:\Users\WINDOWS 10\.m2\repository\com\vladsch\flexmark\flexmark-ext-abbreviation\0.62.2\flexmark-ext-abbreviation-0.62.2.jar;C:\Users\WINDOWS 10\.m2\repository\com\vladsch\flexmark\flexmark-util\0.62.2\flexmark-util-0.62.2.jar;C:\Users\WINDOWS 10\.m2\repository\com\vladsch\flexmark\flexmark-ext-admonition\0.62.2\flexmark-ext-admonition-0.62.2.jar;C:\Users\WINDOWS 10\.m2\repository\com\vladsch\flexmark\flexmark-ext-anchorlink\0.62.2\flexmark-ext-anchorlink-0.62.2.jar;C:\Users\WINDOWS 10\.m2\repository\com\vladsch\flexmark\flexmark-ext-aside\0.62.2\flexmark-ext-aside-0.62.2.jar;C:\Users\WINDOWS 10\.m2\repository\com\vladsch\flexmark\flexmark-ext-attributes\0.62.2\flexmark-ext-attributes-0.62.2.jar;C:\Users\WINDOWS 10\.m2\repository\com\vladsch\flexmark\flexmark-ext-autolink\0.62.2\flexmark-ext-autolink-0.62.2.jar;C:\Users\WINDOWS 10\.m2\repository\org\nibor\autolink\autolink\0.6.0\autolink-0.6.0.jar;C:\Users\WINDOWS 10\.m2\repository\com\vladsch\flexmark\flexmark-ext-definition\0.62.2\flexmark-ext-definition-0.62.2.jar;C:\Users\WINDOWS 10\.m2\repository\com\vladsch\flexmark\flexmark-ext-emoji\0.62.2\flexmark-ext-emoji-0.62.2.jar;C:\Users\WINDOWS 10\.m2\repository\com\vladsch\flexmark\flexmark-ext-enumerated-reference\0.62.2\flexmark-ext-enumerated-reference-0.62.2.jar;C:\Users\WINDOWS 10\.m2\repository\com\vladsch\flexmark\flexmark-ext-escaped-character\0.62.2\flexmark-ext-escaped-character-0.62.2.jar;C:\Users\WINDOWS 10\.m2\repository\com\vladsch\flexmark\flexmark-ext-footnotes\0.62.2\flexmark-ext-footnotes-0.62.2.jar;C:\Users\WINDOWS 10\.m2\repository\com\vladsch\flexmark\flexmark-ext-gfm-issues\0.62.2\flexmark-ext-gfm-issues-0.62.2.jar;C:\Users\WINDOWS 10\.m2\repository\com\vladsch\flexmark\flexmark-ext-gfm-strikethrough\0.62.2\flexmark-ext-gfm-strikethrough-0.62.2.jar;C:\Users\WINDOWS 10\.m2\repository\com\vladsch\flexmark\flexmark-ext-gfm-tasklist\0.62.2\flexmark-ext-gfm-tasklist-0.62.2.jar;C:\Users\WINDOWS 10\.m2\repository\com\vladsch\flexmark\flexmark-ext-gfm-users\0.62.2\flexmark-ext-gfm-users-0.62.2.jar;C:\Users\WINDOWS 10\.m2\repository\com\vladsch\flexmark\flexmark-ext-gitlab\0.62.2\flexmark-ext-gitlab-0.62.2.jar;C:\Users\WINDOWS 10\.m2\repository\com\vladsch\flexmark\flexmark-ext-jekyll-front-matter\0.62.2\flexmark-ext-jekyll-front-matter-0.62.2.jar;C:\Users\WINDOWS 10\.m2\repository\com\vladsch\flexmark\flexmark-ext-jekyll-tag\0.62.2\flexmark-ext-jekyll-tag-0.62.2.jar;C:\Users\WINDOWS 10\.m2\repository\com\vladsch\flexmark\flexmark-ext-media-tags\0.62.2\flexmark-ext-media-tags-0.62.2.jar;C:\Users\WINDOWS 10\.m2\repository\com\vladsch\flexmark\flexmark-ext-macros\0.62.2\flexmark-ext-macros-0.62.2.jar;C:\Users\WINDOWS 10\.m2\repository\com\vladsch\flexmark\flexmark-ext-ins\0.62.2\flexmark-ext-ins-0.62.2.jar;C:\Users\WINDOWS 10\.m2\repository\com\vladsch\flexmark\flexmark-ext-xwiki-macros\0.62.2\flexmark-ext-xwiki-macros-0.62.2.jar;C:\Users\WINDOWS 10\.m2\repository\com\vladsch\flexmark\flexmark-ext-superscript\0.62.2\flexmark-ext-superscript-0.62.2.jar;C:\Users\WINDOWS 10\.m2\repository\com\vladsch\flexmark\flexmark-ext-tables\0.62.2\flexmark-ext-tables-0.62.2.jar;C:\Users\WINDOWS 10\.m2\repository\com\vladsch\flexmark\flexmark-ext-toc\0.62.2\flexmark-ext-toc-0.62.2.jar;C:\Users\WINDOWS 10\.m2\repository\com\vladsch\flexmark\flexmark-ext-typographic\0.62.2\flexmark-ext-typographic-0.62.2.jar;C:\Users\WINDOWS 10\.m2\repository\com\vladsch\flexmark\flexmark-ext-wikilink\0.62.2\flexmark-ext-wikilink-0.62.2.jar;C:\Users\WINDOWS 10\.m2\repository\com\vladsch\flexmark\flexmark-ext-yaml-front-matter\0.62.2\flexmark-ext-yaml-front-matter-0.62.2.jar;C:\Users\WINDOWS 10\.m2\repository\com\vladsch\flexmark\flexmark-ext-youtube-embedded\0.62.2\flexmark-ext-youtube-embedded-0.62.2.jar;C:\Users\WINDOWS 10\.m2\repository\com\vladsch\flexmark\flexmark-html2md-converter\0.62.2\flexmark-html2md-converter-0.62.2.jar;C:\Users\WINDOWS 10\.m2\repository\com\vladsch\flexmark\flexmark-jira-converter\0.62.2\flexmark-jira-converter-0.62.2.jar;C:\Users\WINDOWS 10\.m2\repository\com\vladsch\flexmark\flexmark-pdf-converter\0.62.2\flexmark-pdf-converter-0.62.2.jar;C:\Users\WINDOWS 10\.m2\repository\com\openhtmltopdf\openhtmltopdf-core\1.0.0\openhtmltopdf-core-1.0.0.jar;C:\Users\WINDOWS 10\.m2\repository\com\openhtmltopdf\openhtmltopdf-pdfbox\1.0.0\openhtmltopdf-pdfbox-1.0.0.jar;C:\Users\WINDOWS 10\.m2\repository\org\apache\pdfbox\pdfbox\2.0.16\pdfbox-2.0.16.jar;C:\Users\WINDOWS 10\.m2\repository\org\apache\pdfbox\fontbox\2.0.16\fontbox-2.0.16.jar;C:\Users\WINDOWS 10\.m2\repository\org\apache\pdfbox\xmpbox\2.0.16\xmpbox-2.0.16.jar;C:\Users\WINDOWS 10\.m2\repository\de\rototor\pdfbox\graphics2d\0.24\graphics2d-0.24.jar;C:\Users\WINDOWS 10\.m2\repository\com\openhtmltopdf\openhtmltopdf-rtl-support\1.0.0\openhtmltopdf-rtl-support-1.0.0.jar;C:\Users\WINDOWS 10\.m2\repository\com\openhtmltopdf\openhtmltopdf-jsoup-dom-converter\1.0.0\openhtmltopdf-jsoup-dom-converter-1.0.0.jar;C:\Users\WINDOWS 10\.m2\repository\com\vladsch\flexmark\flexmark-profile-pegdown\0.62.2\flexmark-profile-pegdown-0.62.2.jar;C:\Users\WINDOWS 10\.m2\repository\com\vladsch\flexmark\flexmark-util-ast\0.62.2\flexmark-util-ast-0.62.2.jar;C:\Users\WINDOWS 10\.m2\repository\com\vladsch\flexmark\flexmark-util-builder\0.62.2\flexmark-util-builder-0.62.2.jar;C:\Users\WINDOWS 10\.m2\repository\com\vladsch\flexmark\flexmark-util-collection\0.62.2\flexmark-util-collection-0.62.2.jar;C:\Users\WINDOWS 10\.m2\repository\com\vladsch\flexmark\flexmark-util-data\0.62.2\flexmark-util-data-0.62.2.jar;C:\Users\WINDOWS 10\.m2\repository\com\vladsch\flexmark\flexmark-util-dependency\0.62.2\flexmark-util-dependency-0.62.2.jar;C:\Users\WINDOWS 10\.m2\repository\com\vladsch\flexmark\flexmark-util-format\0.62.2\flexmark-util-format-0.62.2.jar;C:\Users\WINDOWS 10\.m2\repository\com\vladsch\flexmark\flexmark-util-html\0.62.2\flexmark-util-html-0.62.2.jar;C:\Users\WINDOWS 10\.m2\repository\com\vladsch\flexmark\flexmark-util-misc\0.62.2\flexmark-util-misc-0.62.2.jar;C:\Users\WINDOWS 10\.m2\repository\com\vladsch\flexmark\flexmark-util-options\0.62.2\flexmark-util-options-0.62.2.jar;C:\Users\WINDOWS 10\.m2\repository\com\vladsch\flexmark\flexmark-util-sequence\0.62.2\flexmark-util-sequence-0.62.2.jar;C:\Users\WINDOWS 10\.m2\repository\com\vladsch\flexmark\flexmark-util-visitor\0.62.2\flexmark-util-visitor-0.62.2.jar;C:\Users\WINDOWS 10\.m2\repository\com\vladsch\flexmark\flexmark-youtrack-converter\0.62.2\flexmark-youtrack-converter-0.62.2.jar;C:\Users\WINDOWS 10\.m2\repository\com\ibm\icu\icu4j\72.1\icu4j-72.1.jar;C:\Users\WINDOWS 10\.m2\repository\es\nitaur\markdown\txtmark\0.16\txtmark-0.16.jar;C:\Users\WINDOWS 10\.m2\repository\net\serenity-bdd\serenity-report-resources\3.6.21\serenity-report-resources-3.6.21.jar;C:\Users\WINDOWS 10\.m2\repository\com\google\code\gson\gson\2.10.1\gson-2.10.1.jar;C:\Users\WINDOWS 10\.m2\repository\com\fasterxml\jackson\core\jackson-core\2.15.0-rc1\jackson-core-2.15.0-rc1.jar;C:\Users\WINDOWS 10\.m2\repository\com\fasterxml\jackson\core\jackson-databind\2.15.0-rc1\jackson-databind-2.15.0-rc1.jar;C:\Users\WINDOWS 10\.m2\repository\com\fasterxml\jackson\core\jackson-annotations\2.15.0-rc1\jackson-annotations-2.15.0-rc1.jar;C:\Users\WINDOWS 10\.m2\repository\commons-codec\commons-codec\1.15\commons-codec-1.15.jar;C:\Users\WINDOWS 10\.m2\repository\commons-io\commons-io\2.11.0\commons-io-2.11.0.jar;C:\Users\WINDOWS 10\.m2\repository\org\apache\httpcomponents\httpclient\4.5.13\httpclient-4.5.13.jar;C:\Users\WINDOWS 10\.m2\repository\org\apache\httpcomponents\httpcore\4.4.13\httpcore-4.4.13.jar;C:\Users\WINDOWS 10\.m2\repository\commons-logging\commons-logging\1.2\commons-logging-1.2.jar;C:\Users\WINDOWS 10\.m2\repository\org\seleniumhq\selenium\selenium-java\4.8.1\selenium-java-4.8.1.jar;C:\Users\WINDOWS 10\.m2\repository\org\seleniumhq\selenium\selenium-devtools-v108\4.8.1\selenium-devtools-v108-4.8.1.jar;C:\Users\WINDOWS 10\.m2\repository\org\seleniumhq\selenium\selenium-devtools-v109\4.8.1\selenium-devtools-v109-4.8.1.jar;C:\Users\WINDOWS 10\.m2\repository\org\seleniumhq\selenium\selenium-devtools-v110\4.8.1\selenium-devtools-v110-4.8.1.jar;C:\Users\WINDOWS 10\.m2\repository\org\seleniumhq\selenium\selenium-devtools-v85\4.8.1\selenium-devtools-v85-4.8.1.jar;C:\Users\WINDOWS 10\.m2\repository\org\seleniumhq\selenium\selenium-remote-driver\4.8.1\selenium-remote-driver-4.8.1.jar;C:\Users\WINDOWS 10\.m2\repository\com\beust\jcommander\1.82\jcommander-1.82.jar;C:\Users\WINDOWS 10\.m2\repository\io\netty\netty-buffer\4.1.87.Final\netty-buffer-4.1.87.Final.jar;C:\Users\WINDOWS 10\.m2\repository\io\netty\netty-codec-http\4.1.87.Final\netty-codec-http-4.1.87.Final.jar;C:\Users\WINDOWS 10\.m2\repository\io\netty\netty-codec\4.1.87.Final\netty-codec-4.1.87.Final.jar;C:\Users\WINDOWS 10\.m2\repository\io\netty\netty-handler\4.1.87.Final\netty-handler-4.1.87.Final.jar;C:\Users\WINDOWS 10\.m2\repository\io\netty\netty-common\4.1.87.Final\netty-common-4.1.87.Final.jar;C:\Users\WINDOWS 10\.m2\repository\io\netty\netty-transport-classes-epoll\4.1.87.Final\netty-transport-classes-epoll-4.1.87.Final.jar;C:\Users\WINDOWS 10\.m2\repository\io\netty\netty-transport-classes-kqueue\4.1.87.Final\netty-transport-classes-kqueue-4.1.87.Final.jar;C:\Users\WINDOWS 10\.m2\repository\io\netty\netty-transport-native-epoll\4.1.87.Final\netty-transport-native-epoll-4.1.87.Final.jar;C:\Users\WINDOWS 10\.m2\repository\io\netty\netty-transport-native-kqueue\4.1.87.Final\netty-transport-native-kqueue-4.1.87.Final.jar;C:\Users\WINDOWS 10\.m2\repository\io\netty\netty-transport-native-unix-common\4.1.87.Final\netty-transport-native-unix-common-4.1.87.Final.jar;C:\Users\WINDOWS 10\.m2\repository\io\netty\netty-transport\4.1.87.Final\netty-transport-4.1.87.Final.jar;C:\Users\WINDOWS 10\.m2\repository\io\netty\netty-resolver\4.1.87.Final\netty-resolver-4.1.87.Final.jar;C:\Users\WINDOWS 10\.m2\repository\io\opentelemetry\opentelemetry-api\1.22.0\opentelemetry-api-1.22.0.jar;C:\Users\WINDOWS 10\.m2\repository\io\opentelemetry\opentelemetry-context\1.22.0\opentelemetry-context-1.22.0.jar;C:\Users\WINDOWS 10\.m2\repository\io\opentelemetry\opentelemetry-exporter-logging\1.22.0\opentelemetry-exporter-logging-1.22.0.jar;C:\Users\WINDOWS 10\.m2\repository\io\opentelemetry\opentelemetry-sdk-metrics\1.22.0\opentelemetry-sdk-metrics-1.22.0.jar;C:\Users\WINDOWS 10\.m2\repository\io\opentelemetry\opentelemetry-sdk-logs\1.22.0-alpha\opentelemetry-sdk-logs-1.22.0-alpha.jar;C:\Users\WINDOWS 10\.m2\repository\io\opentelemetry\opentelemetry-api-logs\1.22.0-alpha\opentelemetry-api-logs-1.22.0-alpha.jar;C:\Users\WINDOWS 10\.m2\repository\io\opentelemetry\opentelemetry-sdk-common\1.22.0\opentelemetry-sdk-common-1.22.0.jar;C:\Users\WINDOWS 10\.m2\repository\io\opentelemetry\opentelemetry-sdk-extension-autoconfigure-spi\1.22.0\opentelemetry-sdk-extension-autoconfigure-spi-1.22.0.jar;C:\Users\WINDOWS 10\.m2\repository\io\opentelemetry\opentelemetry-sdk-extension-autoconfigure\1.22.0-alpha\opentelemetry-sdk-extension-autoconfigure-1.22.0-alpha.jar;C:\Users\WINDOWS 10\.m2\repository\io\opentelemetry\opentelemetry-sdk-trace\1.22.0\opentelemetry-sdk-trace-1.22.0.jar;C:\Users\WINDOWS 10\.m2\repository\io\opentelemetry\opentelemetry-sdk\1.22.0\opentelemetry-sdk-1.22.0.jar;C:\Users\WINDOWS 10\.m2\repository\io\opentelemetry\opentelemetry-semconv\1.22.0-alpha\opentelemetry-semconv-1.22.0-alpha.jar;C:\Users\WINDOWS 10\.m2\repository\io\ous\jtoml\2.0.0\jtoml-2.0.0.jar;C:\Users\WINDOWS 10\.m2\repository\org\apache\commons\commons-exec\1.3\commons-exec-1.3.jar;C:\Users\WINDOWS 10\.m2\repository\org\asynchttpclient\async-http-client\2.12.3\async-http-client-2.12.3.jar;C:\Users\WINDOWS 10\.m2\repository\org\asynchttpclient\async-http-client-netty-utils\2.12.3\async-http-client-netty-utils-2.12.3.jar;C:\Users\WINDOWS 10\.m2\repository\io\netty\netty-codec-socks\4.1.60.Final\netty-codec-socks-4.1.60.Final.jar;C:\Users\WINDOWS 10\.m2\repository\io\netty\netty-handler-proxy\4.1.60.Final\netty-handler-proxy-4.1.60.Final.jar;C:\Users\WINDOWS 10\.m2\repository\io\netty\netty-transport-native-epoll\4.1.60.Final\netty-transport-native-epoll-4.1.60.Final-linux-x86_64.jar;C:\Users\WINDOWS 10\.m2\repository\io\netty\netty-transport-native-kqueue\4.1.60.Final\netty-transport-native-kqueue-4.1.60.Final-osx-x86_64.jar;C:\Users\WINDOWS 10\.m2\repository\org\reactivestreams\reactive-streams\1.0.3\reactive-streams-1.0.3.jar;C:\Users\WINDOWS 10\.m2\repository\com\typesafe\netty\netty-reactive-streams\2.0.4\netty-reactive-streams-2.0.4.jar;C:\Users\WINDOWS 10\.m2\repository\org\seleniumhq\selenium\selenium-manager\4.8.1\selenium-manager-4.8.1.jar;C:\Users\WINDOWS 10\.m2\repository\org\seleniumhq\selenium\selenium-safari-driver\4.8.1\selenium-safari-driver-4.8.1.jar;C:\Users\WINDOWS 10\.m2\repository\org\seleniumhq\selenium\selenium-api\4.8.1\selenium-api-4.8.1.jar;C:\Users\WINDOWS 10\.m2\repository\org\seleniumhq\selenium\selenium-support\4.8.1\selenium-support-4.8.1.jar;C:\Users\WINDOWS 10\.m2\repository\com\google\auto\service\auto-service-annotations\1.0.1\auto-service-annotations-1.0.1.jar;C:\Users\WINDOWS 10\.m2\repository\com\google\auto\service\auto-service\1.0.1\auto-service-1.0.1.jar;C:\Users\WINDOWS 10\.m2\repository\com\google\auto\auto-common\1.2\auto-common-1.2.jar;C:\Users\WINDOWS 10\.m2\repository\org\seleniumhq\selenium\selenium-json\4.8.1\selenium-json-4.8.1.jar;C:\Users\WINDOWS 10\.m2\repository\org\seleniumhq\selenium\selenium-chrome-driver\4.8.1\selenium-chrome-driver-4.8.1.jar;C:\Users\WINDOWS 10\.m2\repository\org\seleniumhq\selenium\selenium-chromium-driver\4.8.1\selenium-chromium-driver-4.8.1.jar;C:\Users\WINDOWS 10\.m2\repository\org\seleniumhq\selenium\selenium-firefox-driver\4.8.1\selenium-firefox-driver-4.8.1.jar;C:\Users\WINDOWS 10\.m2\repository\org\seleniumhq\selenium\selenium-http\4.8.1\selenium-http-4.8.1.jar;C:\Users\WINDOWS 10\.m2\repository\dev\failsafe\failsafe\3.3.0\failsafe-3.3.0.jar;C:\Users\WINDOWS 10\.m2\repository\org\seleniumhq\selenium\selenium-edge-driver\4.8.1\selenium-edge-driver-4.8.1.jar;C:\Users\WINDOWS 10\.m2\repository\org\seleniumhq\selenium\selenium-ie-driver\4.8.1\selenium-ie-driver-4.8.1.jar;C:\Users\WINDOWS 10\.m2\repository\org\projectlombok\lombok\1.18.20\lombok-1.18.20.jar;C:\Users\WINDOWS 10\.m2\repository\io\appium\java-client\8.3.0\java-client-8.3.0.jar;C:\Users\WINDOWS 10\.m2\repository\commons-validator\commons-validator\1.7\commons-validator-1.7.jar;C:\Users\WINDOWS 10\.m2\repository\commons-digester\commons-digester\2.1\commons-digester-2.1.jar;C:\Users\WINDOWS 10\.m2\repository\org\apache\groovy\groovy\4.0.10\groovy-4.0.10.jar;C:\Users\WINDOWS 10\.m2\repository\net\sf\opencsv\opencsv\2.0\opencsv-2.0.jar;C:\Users\WINDOWS 10\.m2\repository\commons-beanutils\commons-beanutils\1.9.4\commons-beanutils-1.9.4.jar;C:\Users\WINDOWS 10\.m2\repository\org\apache\commons\commons-lang3\3.12.0\commons-lang3-3.12.0.jar;C:\Users\WINDOWS 10\.m2\repository\commons-collections\commons-collections\3.2.2\commons-collections-3.2.2.jar;C:\Users\WINDOWS 10\.m2\repository\org\fluentlenium\fluentlenium-core\0.10.2\fluentlenium-core-0.10.2.jar;C:\Users\WINDOWS 10\.m2\repository\io\github\bonigarcia\webdrivermanager\5.3.0\webdrivermanager-5.3.0.jar;C:\Users\WINDOWS 10\.m2\repository\com\github\docker-java\docker-java\3.2.13\docker-java-3.2.13.jar;C:\Users\WINDOWS 10\.m2\repository\com\github\docker-java\docker-java-core\3.2.13\docker-java-core-3.2.13.jar;C:\Users\WINDOWS 10\.m2\repository\com\github\docker-java\docker-java-api\3.2.13\docker-java-api-3.2.13.jar;C:\Users\WINDOWS 10\.m2\repository\org\apache\commons\commons-compress\1.21\commons-compress-1.21.jar;C:\Users\WINDOWS 10\.m2\repository\org\bouncycastle\bcpkix-jdk15on\1.64\bcpkix-jdk15on-1.64.jar;C:\Users\WINDOWS 10\.m2\repository\org\bouncycastle\bcprov-jdk15on\1.64\bcprov-jdk15on-1.64.jar;C:\Users\WINDOWS 10\.m2\repository\org\slf4j\jcl-over-slf4j\1.7.30\jcl-over-slf4j-1.7.30.jar;C:\Users\WINDOWS 10\.m2\repository\com\github\docker-java\docker-java-transport-httpclient5\3.2.13\docker-java-transport-httpclient5-3.2.13.jar;C:\Users\WINDOWS 10\.m2\repository\com\github\docker-java\docker-java-transport\3.2.13\docker-java-transport-3.2.13.jar;C:\Users\WINDOWS 10\.m2\repository\net\java\dev\jna\jna\5.8.0\jna-5.8.0.jar;C:\Users\WINDOWS 10\.m2\repository\org\brotli\dec\0.1.2\dec-0.1.2.jar;C:\Users\WINDOWS 10\.m2\repository\org\apache\httpcomponents\client5\httpclient5\5.1.3\httpclient5-5.1.3.jar;C:\Users\WINDOWS 10\.m2\repository\org\apache\httpcomponents\core5\httpcore5\5.1.3\httpcore5-5.1.3.jar;C:\Users\WINDOWS 10\.m2\repository\org\apache\httpcomponents\core5\httpcore5-h2\5.1.3\httpcore5-h2-5.1.3.jar;C:\Users\WINDOWS 10\.m2\repository\com\jhlabs\filters\2.0.235\filters-2.0.235.jar;C:\Users\WINDOWS 10\.m2\repository\com\paulhammant\ngwebdriver\1.1.6\ngwebdriver-1.1.6.jar;C:\Users\WINDOWS 10\.m2\repository\joda-time\joda-time\2.12.2\joda-time-2.12.2.jar;C:\Users\WINDOWS 10\.m2\repository\org\hamcrest\hamcrest\2.2\hamcrest-2.2.jar;C:\Users\WINDOWS 10\.m2\repository\com\google\jimfs\jimfs\1.2\jimfs-1.2.jar;C:\Users\WINDOWS 10\.m2\repository\org\mockito\mockito-core\3.3.3\mockito-core-3.3.3.jar;C:\Users\WINDOWS 10\.m2\repository\javax\xml\bind\jaxb-api\2.3.1\jaxb-api-2.3.1.jar;C:\Users\WINDOWS 10\.m2\repository\javax\activation\javax.activation-api\1.2.0\javax.activation-api-1.2.0.jar;C:\Users\WINDOWS 10\.m2\repository\com\sun\xml\bind\jaxb-core\2.3.0.1\jaxb-core-2.3.0.1.jar;C:\Users\WINDOWS 10\.m2\repository\com\sun\xml\bind\jaxb-impl\2.3.3\jaxb-impl-2.3.3.jar;C:\Users\WINDOWS 10\.m2\repository\jakarta\xml\bind\jakarta.xml.bind-api\2.3.3\jakarta.xml.bind-api-2.3.3.jar;C:\Users\WINDOWS 10\.m2\repository\com\sun\activation\jakarta.activation\1.2.2\jakarta.activation-1.2.2.jar;C:\Users\WINDOWS 10\.m2\repository\javax\activation\activation\1.1.1\activation-1.1.1.jar;C:\Users\WINDOWS 10\.m2\repository\net\serenity-bdd\serenity-cucumber\3.6.21\serenity-cucumber-3.6.21.jar;C:\Users\WINDOWS 10\.m2\repository\io\cucumber\cucumber-core\7.11.0\cucumber-core-7.11.0.jar;C:\Users\WINDOWS 10\.m2\repository\io\cucumber\cucumber-gherkin\7.11.0\cucumber-gherkin-7.11.0.jar;C:\Users\WINDOWS 10\.m2\repository\io\cucumber\cucumber-gherkin-messages\7.11.0\cucumber-gherkin-messages-7.11.0.jar;C:\Users\WINDOWS 10\.m2\repository\io\cucumber\gherkin\26.0.3\gherkin-26.0.3.jar;C:\Users\WINDOWS 10\.m2\repository\io\cucumber\messages\21.0.1\messages-21.0.1.jar;C:\Users\WINDOWS 10\.m2\repository\io\cucumber\tag-expressions\5.0.1\tag-expressions-5.0.1.jar;C:\Users\WINDOWS 10\.m2\repository\io\cucumber\cucumber-expressions\16.1.1\cucumber-expressions-16.1.1.jar;C:\Users\WINDOWS 10\.m2\repository\io\cucumber\datatable\7.11.0\datatable-7.11.0.jar;C:\Users\WINDOWS 10\.m2\repository\io\cucumber\cucumber-plugin\7.11.0\cucumber-plugin-7.11.0.jar;C:\Users\WINDOWS 10\.m2\repository\io\cucumber\docstring\7.11.0\docstring-7.11.0.jar;C:\Users\WINDOWS 10\.m2\repository\io\cucumber\html-formatter\20.2.1\html-formatter-20.2.1.jar;C:\Users\WINDOWS 10\.m2\repository\io\cucumber\junit-xml-formatter\0.1.0\junit-xml-formatter-0.1.0.jar;C:\Users\WINDOWS 10\.m2\repository\io\cucumber\ci-environment\9.1.0\ci-environment-9.1.0.jar;C:\Users\WINDOWS 10\.m2\repository\io\cucumber\cucumber-java\7.11.0\cucumber-java-7.11.0.jar;C:\Users\WINDOWS 10\.m2\repository\io\cucumber\cucumber-junit\7.11.0\cucumber-junit-7.11.0.jar;C:\Users\WINDOWS 10\.m2\repository\org\apache\commons\commons-csv\1.5\commons-csv-1.5.jar;C:\Users\WINDOWS 10\.m2\repository\net\serenity-bdd\serenity-screenplay\3.6.21\serenity-screenplay-3.6.21.jar;C:\Users\WINDOWS 10\.m2\repository\net\serenity-bdd\serenity-screenplay-webdriver\3.6.21\serenity-screenplay-webdriver-3.6.21.jar;C:\Users\WINDOWS 10\.m2\repository\net\serenity-bdd\serenity-ensure\3.6.21\serenity-ensure-3.6.21.jar;C:\Users\WINDOWS 10\.m2\repository\net\serenity-bdd\serenity-junit\3.6.21\serenity-junit-3.6.21.jar;C:\Users\WINDOWS 10\.m2\repository\org\jetbrains\kotlin\kotlin-stdlib\1.8.10\kotlin-stdlib-1.8.10.jar;C:\Users\WINDOWS 10\.m2\repository\org\jetbrains\kotlin\kotlin-stdlib-common\1.8.10\kotlin-stdlib-common-1.8.10.jar;C:\Users\WINDOWS 10\.m2\repository\org\jetbrains\annotations\13.0\annotations-13.0.jar;C:\Users\WINDOWS 10\.m2\repository\org\junit\platform\junit-platform-launcher\1.8.2\junit-platform-launcher-1.8.2.jar;C:\Users\WINDOWS 10\.m2\repository\org\junit\platform\junit-platform-engine\1.8.2\junit-platform-engine-1.8.2.jar;C:\Users\WINDOWS 10\.m2\repository\org\opentest4j\opentest4j\1.2.0\opentest4j-1.2.0.jar;C:\Users\WINDOWS 10\.m2\repository\org\junit\platform\junit-platform-commons\1.8.2\junit-platform-commons-1.8.2.jar;C:\Users\WINDOWS 10\.m2\repository\org\apiguardian\apiguardian-api\1.1.2\apiguardian-api-1.1.2.jar;C:\Users\WINDOWS 10\.m2\repository\org\junit\jupiter\junit-jupiter-engine\5.8.2\junit-jupiter-engine-5.8.2.jar;C:\Users\WINDOWS 10\.m2\repository\org\junit\jupiter\junit-jupiter-api\5.8.2\junit-jupiter-api-5.8.2.jar;C:\Users\WINDOWS 10\.m2\repository\org\junit\vintage\junit-vintage-engine\5.8.2\junit-vintage-engine-5.8.2.jar;C:\Users\WINDOWS 10\.m2\repository\junit\junit\4.13.2\junit-4.13.2.jar;C:\Users\WINDOWS 10\.m2\repository\org\hamcrest\hamcrest-core\1.3\hamcrest-core-1.3.jar;C:\Users\WINDOWS 10\.m2\repository\ch\qos\logback\logback-classic\1.2.10\logback-classic-1.2.10.jar;C:\Users\WINDOWS 10\.m2\repository\ch\qos\logback\logback-core\1.2.10\logback-core-1.2.10.jar;C:\Users\WINDOWS 10\.m2\repository\org\slf4j\slf4j-api\1.7.32\slf4j-api-1.7.32.jar;C:\Users\WINDOWS 10\.m2\repository\org\assertj\assertj-core\3.23.1\assertj-core-3.23.1.jar;C:\Users\WINDOWS 10\.m2\repository\net\bytebuddy\byte-buddy\1.12.10\byte-buddy-1.12.10.jar;"/>
    <property name="java.vm.vendor" value="Oracle Corporation"/>
    <property name="sun.arch.data.model" value="64"/>
    <property name="user.variant" value=""/>
    <property name="java.vendor.url" value="https://java.oracle.com/"/>
    <property name="user.timezone" value="Asia/Bangkok"/>
    <property name="os.name" value="Windows 10"/>
    <property name="java.vm.specification.version" value="15"/>
    <property name="sun.java.launcher" value="SUN_STANDARD"/>
    <property name="user.country" value="US"/>
    <property name="sun.boot.library.path" value="C:\Program Files\Java\jdk-15\bin"/>
    <property name="sun.java.command" value="org.apache.maven.surefire.booter.ForkedBooter C:\Users\WINDOWS 10\AppData\Local\Temp\surefire17811919077210810951 2023-04-09T02-05-06_572-jvmRun1 surefire9477294549317029580tmp surefire_018325946210731205744tmp"/>
    <property name="jdk.debug" value="release"/>
    <property name="surefire.test.class.path" value="C:\Users\WINDOWS 10\Documents\GitHub\QE_Andira_Ms\11_Web_Programming_&amp;_Testing\Praktikum\Testing_with_Serenity\Prioritas1\alta\target\test-classes;C:\Users\WINDOWS 10\.m2\repository\net\serenity-bdd\serenity-core\3.6.21\serenity-core-3.6.21.jar;C:\Users\WINDOWS 10\.m2\repository\net\serenity-bdd\serenity-model\3.6.21\serenity-model-3.6.21.jar;C:\Users\WINDOWS 10\.m2\repository\org\apache\commons\commons-text\1.10.0\commons-text-1.10.0.jar;C:\Users\WINDOWS 10\.m2\repository\commons-net\commons-net\3.9.0\commons-net-3.9.0.jar;C:\Users\WINDOWS 10\.m2\repository\com\google\guava\guava\31.1-jre\guava-31.1-jre.jar;C:\Users\WINDOWS 10\.m2\repository\com\google\guava\failureaccess\1.0.1\failureaccess-1.0.1.jar;C:\Users\WINDOWS 10\.m2\repository\com\google\guava\listenablefuture\9999.0-empty-to-avoid-conflict-with-guava\listenablefuture-9999.0-empty-to-avoid-conflict-with-guava.jar;C:\Users\WINDOWS 10\.m2\repository\com\google\code\findbugs\jsr305\3.0.2\jsr305-3.0.2.jar;C:\Users\WINDOWS 10\.m2\repository\org\checkerframework\checker-qual\3.12.0\checker-qual-3.12.0.jar;C:\Users\WINDOWS 10\.m2\repository\com\google\errorprone\error_prone_annotations\2.11.0\error_prone_annotations-2.11.0.jar;C:\Users\WINDOWS 10\.m2\repository\com\google\j2objc\j2objc-annotations\1.3\j2objc-annotations-1.3.jar;C:\Users\WINDOWS 10\.m2\repository\com\google\inject\guice\5.1.0\guice-5.1.0.jar;C:\Users\WINDOWS 10\.m2\repository\javax\inject\javax.inject\1\javax.inject-1.jar;C:\Users\WINDOWS 10\.m2\repository\aopalliance\aopalliance\1.0\aopalliance-1.0.jar;C:\Users\WINDOWS 10\.m2\repository\org\jsoup\jsoup\1.14.3\jsoup-1.14.3.jar;C:\Users\WINDOWS 10\.m2\repository\com\thoughtworks\xstream\xstream\1.4.20\xstream-1.4.20.jar;C:\Users\WINDOWS 10\.m2\repository\io\github\x-stream\mxparser\1.2.2\mxparser-1.2.2.jar;C:\Users\WINDOWS 10\.m2\repository\xmlpull\xmlpull\1.1.3.1\xmlpull-1.1.3.1.jar;C:\Users\WINDOWS 10\.m2\repository\com\typesafe\config\1.4.2\config-1.4.2.jar;C:\Users\WINDOWS 10\.m2\repository\org\imgscalr\imgscalr-lib\4.2\imgscalr-lib-4.2.jar;C:\Users\WINDOWS 10\.m2\repository\org\awaitility\awaitility\4.2.0\awaitility-4.2.0.jar;C:\Users\WINDOWS 10\.m2\repository\org\freemarker\freemarker\2.3.31\freemarker-2.3.31.jar;C:\Users\WINDOWS 10\.m2\repository\io\github\classgraph\classgraph\4.8.138\classgraph-4.8.138.jar;C:\Users\WINDOWS 10\.m2\repository\net\sourceforge\jexcelapi\jxl\2.6.12\jxl-2.6.12.jar;C:\Users\WINDOWS 10\.m2\repository\net\bytebuddy\byte-buddy-agent\1.14.2\byte-buddy-agent-1.14.2.jar;C:\Users\WINDOWS 10\.m2\repository\org\objenesis\objenesis\3.3\objenesis-3.3.jar;C:\Users\WINDOWS 10\.m2\repository\net\serenity-bdd\serenity-reports\3.6.21\serenity-reports-3.6.21.jar;C:\Users\WINDOWS 10\.m2\repository\net\serenity-bdd\serenity-stats\3.6.21\serenity-stats-3.6.21.jar;C:\Users\WINDOWS 10\.m2\repository\net\serenity-bdd\serenity-reports-configuration\3.6.21\serenity-reports-configuration-3.6.21.jar;C:\Users\WINDOWS 10\.m2\repository\com\vladsch\flexmark\flexmark-all\0.62.2\flexmark-all-0.62.2.jar;C:\Users\WINDOWS 10\.m2\repository\com\vladsch\flexmark\flexmark\0.62.2\flexmark-0.62.2.jar;C:\Users\WINDOWS 10\.m2\repository\com\vladsch\flexmark\flexmark-ext-abbreviation\0.62.2\flexmark-ext-abbreviation-0.62.2.jar;C:\Users\WINDOWS 10\.m2\repository\com\vladsch\flexmark\flexmark-util\0.62.2\flexmark-util-0.62.2.jar;C:\Users\WINDOWS 10\.m2\repository\com\vladsch\flexmark\flexmark-ext-admonition\0.62.2\flexmark-ext-admonition-0.62.2.jar;C:\Users\WINDOWS 10\.m2\repository\com\vladsch\flexmark\flexmark-ext-anchorlink\0.62.2\flexmark-ext-anchorlink-0.62.2.jar;C:\Users\WINDOWS 10\.m2\repository\com\vladsch\flexmark\flexmark-ext-aside\0.62.2\flexmark-ext-aside-0.62.2.jar;C:\Users\WINDOWS 10\.m2\repository\com\vladsch\flexmark\flexmark-ext-attributes\0.62.2\flexmark-ext-attributes-0.62.2.jar;C:\Users\WINDOWS 10\.m2\repository\com\vladsch\flexmark\flexmark-ext-autolink\0.62.2\flexmark-ext-autolink-0.62.2.jar;C:\Users\WINDOWS 10\.m2\repository\org\nibor\autolink\autolink\0.6.0\autolink-0.6.0.jar;C:\Users\WINDOWS 10\.m2\repository\com\vladsch\flexmark\flexmark-ext-definition\0.62.2\flexmark-ext-definition-0.62.2.jar;C:\Users\WINDOWS 10\.m2\repository\com\vladsch\flexmark\flexmark-ext-emoji\0.62.2\flexmark-ext-emoji-0.62.2.jar;C:\Users\WINDOWS 10\.m2\repository\com\vladsch\flexmark\flexmark-ext-enumerated-reference\0.62.2\flexmark-ext-enumerated-reference-0.62.2.jar;C:\Users\WINDOWS 10\.m2\repository\com\vladsch\flexmark\flexmark-ext-escaped-character\0.62.2\flexmark-ext-escaped-character-0.62.2.jar;C:\Users\WINDOWS 10\.m2\repository\com\vladsch\flexmark\flexmark-ext-footnotes\0.62.2\flexmark-ext-footnotes-0.62.2.jar;C:\Users\WINDOWS 10\.m2\repository\com\vladsch\flexmark\flexmark-ext-gfm-issues\0.62.2\flexmark-ext-gfm-issues-0.62.2.jar;C:\Users\WINDOWS 10\.m2\repository\com\vladsch\flexmark\flexmark-ext-gfm-strikethrough\0.62.2\flexmark-ext-gfm-strikethrough-0.62.2.jar;C:\Users\WINDOWS 10\.m2\repository\com\vladsch\flexmark\flexmark-ext-gfm-tasklist\0.62.2\flexmark-ext-gfm-tasklist-0.62.2.jar;C:\Users\WINDOWS 10\.m2\repository\com\vladsch\flexmark\flexmark-ext-gfm-users\0.62.2\flexmark-ext-gfm-users-0.62.2.jar;C:\Users\WINDOWS 10\.m2\repository\com\vladsch\flexmark\flexmark-ext-gitlab\0.62.2\flexmark-ext-gitlab-0.62.2.jar;C:\Users\WINDOWS 10\.m2\repository\com\vladsch\flexmark\flexmark-ext-jekyll-front-matter\0.62.2\flexmark-ext-jekyll-front-matter-0.62.2.jar;C:\Users\WINDOWS 10\.m2\repository\com\vladsch\flexmark\flexmark-ext-jekyll-tag\0.62.2\flexmark-ext-jekyll-tag-0.62.2.jar;C:\Users\WINDOWS 10\.m2\repository\com\vladsch\flexmark\flexmark-ext-media-tags\0.62.2\flexmark-ext-media-tags-0.62.2.jar;C:\Users\WINDOWS 10\.m2\repository\com\vladsch\flexmark\flexmark-ext-macros\0.62.2\flexmark-ext-macros-0.62.2.jar;C:\Users\WINDOWS 10\.m2\repository\com\vladsch\flexmark\flexmark-ext-ins\0.62.2\flexmark-ext-ins-0.62.2.jar;C:\Users\WINDOWS 10\.m2\repository\com\vladsch\flexmark\flexmark-ext-xwiki-macros\0.62.2\flexmark-ext-xwiki-macros-0.62.2.jar;C:\Users\WINDOWS 10\.m2\repository\com\vladsch\flexmark\flexmark-ext-superscript\0.62.2\flexmark-ext-superscript-0.62.2.jar;C:\Users\WINDOWS 10\.m2\repository\com\vladsch\flexmark\flexmark-ext-tables\0.62.2\flexmark-ext-tables-0.62.2.jar;C:\Users\WINDOWS 10\.m2\repository\com\vladsch\flexmark\flexmark-ext-toc\0.62.2\flexmark-ext-toc-0.62.2.jar;C:\Users\WINDOWS 10\.m2\repository\com\vladsch\flexmark\flexmark-ext-typographic\0.62.2\flexmark-ext-typographic-0.62.2.jar;C:\Users\WINDOWS 10\.m2\repository\com\vladsch\flexmark\flexmark-ext-wikilink\0.62.2\flexmark-ext-wikilink-0.62.2.jar;C:\Users\WINDOWS 10\.m2\repository\com\vladsch\flexmark\flexmark-ext-yaml-front-matter\0.62.2\flexmark-ext-yaml-front-matter-0.62.2.jar;C:\Users\WINDOWS 10\.m2\repository\com\vladsch\flexmark\flexmark-ext-youtube-embedded\0.62.2\flexmark-ext-youtube-embedded-0.62.2.jar;C:\Users\WINDOWS 10\.m2\repository\com\vladsch\flexmark\flexmark-html2md-converter\0.62.2\flexmark-html2md-converter-0.62.2.jar;C:\Users\WINDOWS 10\.m2\repository\com\vladsch\flexmark\flexmark-jira-converter\0.62.2\flexmark-jira-converter-0.62.2.jar;C:\Users\WINDOWS 10\.m2\repository\com\vladsch\flexmark\flexmark-pdf-converter\0.62.2\flexmark-pdf-converter-0.62.2.jar;C:\Users\WINDOWS 10\.m2\repository\com\openhtmltopdf\openhtmltopdf-core\1.0.0\openhtmltopdf-core-1.0.0.jar;C:\Users\WINDOWS 10\.m2\repository\com\openhtmltopdf\openhtmltopdf-pdfbox\1.0.0\openhtmltopdf-pdfbox-1.0.0.jar;C:\Users\WINDOWS 10\.m2\repository\org\apache\pdfbox\pdfbox\2.0.16\pdfbox-2.0.16.jar;C:\Users\WINDOWS 10\.m2\repository\org\apache\pdfbox\fontbox\2.0.16\fontbox-2.0.16.jar;C:\Users\WINDOWS 10\.m2\repository\org\apache\pdfbox\xmpbox\2.0.16\xmpbox-2.0.16.jar;C:\Users\WINDOWS 10\.m2\repository\de\rototor\pdfbox\graphics2d\0.24\graphics2d-0.24.jar;C:\Users\WINDOWS 10\.m2\repository\com\openhtmltopdf\openhtmltopdf-rtl-support\1.0.0\openhtmltopdf-rtl-support-1.0.0.jar;C:\Users\WINDOWS 10\.m2\repository\com\openhtmltopdf\openhtmltopdf-jsoup-dom-converter\1.0.0\openhtmltopdf-jsoup-dom-converter-1.0.0.jar;C:\Users\WINDOWS 10\.m2\repository\com\vladsch\flexmark\flexmark-profile-pegdown\0.62.2\flexmark-profile-pegdown-0.62.2.jar;C:\Users\WINDOWS 10\.m2\repository\com\vladsch\flexmark\flexmark-util-ast\0.62.2\flexmark-util-ast-0.62.2.jar;C:\Users\WINDOWS 10\.m2\repository\com\vladsch\flexmark\flexmark-util-builder\0.62.2\flexmark-util-builder-0.62.2.jar;C:\Users\WINDOWS 10\.m2\repository\com\vladsch\flexmark\flexmark-util-collection\0.62.2\flexmark-util-collection-0.62.2.jar;C:\Users\WINDOWS 10\.m2\repository\com\vladsch\flexmark\flexmark-util-data\0.62.2\flexmark-util-data-0.62.2.jar;C:\Users\WINDOWS 10\.m2\repository\com\vladsch\flexmark\flexmark-util-dependency\0.62.2\flexmark-util-dependency-0.62.2.jar;C:\Users\WINDOWS 10\.m2\repository\com\vladsch\flexmark\flexmark-util-format\0.62.2\flexmark-util-format-0.62.2.jar;C:\Users\WINDOWS 10\.m2\repository\com\vladsch\flexmark\flexmark-util-html\0.62.2\flexmark-util-html-0.62.2.jar;C:\Users\WINDOWS 10\.m2\repository\com\vladsch\flexmark\flexmark-util-misc\0.62.2\flexmark-util-misc-0.62.2.jar;C:\Users\WINDOWS 10\.m2\repository\com\vladsch\flexmark\flexmark-util-options\0.62.2\flexmark-util-options-0.62.2.jar;C:\Users\WINDOWS 10\.m2\repository\com\vladsch\flexmark\flexmark-util-sequence\0.62.2\flexmark-util-sequence-0.62.2.jar;C:\Users\WINDOWS 10\.m2\repository\com\vladsch\flexmark\flexmark-util-visitor\0.62.2\flexmark-util-visitor-0.62.2.jar;C:\Users\WINDOWS 10\.m2\repository\com\vladsch\flexmark\flexmark-youtrack-converter\0.62.2\flexmark-youtrack-converter-0.62.2.jar;C:\Users\WINDOWS 10\.m2\repository\com\ibm\icu\icu4j\72.1\icu4j-72.1.jar;C:\Users\WINDOWS 10\.m2\repository\es\nitaur\markdown\txtmark\0.16\txtmark-0.16.jar;C:\Users\WINDOWS 10\.m2\repository\net\serenity-bdd\serenity-report-resources\3.6.21\serenity-report-resources-3.6.21.jar;C:\Users\WINDOWS 10\.m2\repository\com\google\code\gson\gson\2.10.1\gson-2.10.1.jar;C:\Users\WINDOWS 10\.m2\repository\com\fasterxml\jackson\core\jackson-core\2.15.0-rc1\jackson-core-2.15.0-rc1.jar;C:\Users\WINDOWS 10\.m2\repository\com\fasterxml\jackson\core\jackson-databind\2.15.0-rc1\jackson-databind-2.15.0-rc1.jar;C:\Users\WINDOWS 10\.m2\repository\com\fasterxml\jackson\core\jackson-annotations\2.15.0-rc1\jackson-annotations-2.15.0-rc1.jar;C:\Users\WINDOWS 10\.m2\repository\commons-codec\commons-codec\1.15\commons-codec-1.15.jar;C:\Users\WINDOWS 10\.m2\repository\commons-io\commons-io\2.11.0\commons-io-2.11.0.jar;C:\Users\WINDOWS 10\.m2\repository\org\apache\httpcomponents\httpclient\4.5.13\httpclient-4.5.13.jar;C:\Users\WINDOWS 10\.m2\repository\org\apache\httpcomponents\httpcore\4.4.13\httpcore-4.4.13.jar;C:\Users\WINDOWS 10\.m2\repository\commons-logging\commons-logging\1.2\commons-logging-1.2.jar;C:\Users\WINDOWS 10\.m2\repository\org\seleniumhq\selenium\selenium-java\4.8.1\selenium-java-4.8.1.jar;C:\Users\WINDOWS 10\.m2\repository\org\seleniumhq\selenium\selenium-devtools-v108\4.8.1\selenium-devtools-v108-4.8.1.jar;C:\Users\WINDOWS 10\.m2\repository\org\seleniumhq\selenium\selenium-devtools-v109\4.8.1\selenium-devtools-v109-4.8.1.jar;C:\Users\WINDOWS 10\.m2\repository\org\seleniumhq\selenium\selenium-devtools-v110\4.8.1\selenium-devtools-v110-4.8.1.jar;C:\Users\WINDOWS 10\.m2\repository\org\seleniumhq\selenium\selenium-devtools-v85\4.8.1\selenium-devtools-v85-4.8.1.jar;C:\Users\WINDOWS 10\.m2\repository\org\seleniumhq\selenium\selenium-remote-driver\4.8.1\selenium-remote-driver-4.8.1.jar;C:\Users\WINDOWS 10\.m2\repository\com\beust\jcommander\1.82\jcommander-1.82.jar;C:\Users\WINDOWS 10\.m2\repository\io\netty\netty-buffer\4.1.87.Final\netty-buffer-4.1.87.Final.jar;C:\Users\WINDOWS 10\.m2\repository\io\netty\netty-codec-http\4.1.87.Final\netty-codec-http-4.1.87.Final.jar;C:\Users\WINDOWS 10\.m2\repository\io\netty\netty-codec\4.1.87.Final\netty-codec-4.1.87.Final.jar;C:\Users\WINDOWS 10\.m2\repository\io\netty\netty-handler\4.1.87.Final\netty-handler-4.1.87.Final.jar;C:\Users\WINDOWS 10\.m2\repository\io\netty\netty-common\4.1.87.Final\netty-common-4.1.87.Final.jar;C:\Users\WINDOWS 10\.m2\repository\io\netty\netty-transport-classes-epoll\4.1.87.Final\netty-transport-classes-epoll-4.1.87.Final.jar;C:\Users\WINDOWS 10\.m2\repository\io\netty\netty-transport-classes-kqueue\4.1.87.Final\netty-transport-classes-kqueue-4.1.87.Final.jar;C:\Users\WINDOWS 10\.m2\repository\io\netty\netty-transport-native-epoll\4.1.87.Final\netty-transport-native-epoll-4.1.87.Final.jar;C:\Users\WINDOWS 10\.m2\repository\io\netty\netty-transport-native-kqueue\4.1.87.Final\netty-transport-native-kqueue-4.1.87.Final.jar;C:\Users\WINDOWS 10\.m2\repository\io\netty\netty-transport-native-unix-common\4.1.87.Final\netty-transport-native-unix-common-4.1.87.Final.jar;C:\Users\WINDOWS 10\.m2\repository\io\netty\netty-transport\4.1.87.Final\netty-transport-4.1.87.Final.jar;C:\Users\WINDOWS 10\.m2\repository\io\netty\netty-resolver\4.1.87.Final\netty-resolver-4.1.87.Final.jar;C:\Users\WINDOWS 10\.m2\repository\io\opentelemetry\opentelemetry-api\1.22.0\opentelemetry-api-1.22.0.jar;C:\Users\WINDOWS 10\.m2\repository\io\opentelemetry\opentelemetry-context\1.22.0\opentelemetry-context-1.22.0.jar;C:\Users\WINDOWS 10\.m2\repository\io\opentelemetry\opentelemetry-exporter-logging\1.22.0\opentelemetry-exporter-logging-1.22.0.jar;C:\Users\WINDOWS 10\.m2\repository\io\opentelemetry\opentelemetry-sdk-metrics\1.22.0\opentelemetry-sdk-metrics-1.22.0.jar;C:\Users\WINDOWS 10\.m2\repository\io\opentelemetry\opentelemetry-sdk-logs\1.22.0-alpha\opentelemetry-sdk-logs-1.22.0-alpha.jar;C:\Users\WINDOWS 10\.m2\repository\io\opentelemetry\opentelemetry-api-logs\1.22.0-alpha\opentelemetry-api-logs-1.22.0-alpha.jar;C:\Users\WINDOWS 10\.m2\repository\io\opentelemetry\opentelemetry-sdk-common\1.22.0\opentelemetry-sdk-common-1.22.0.jar;C:\Users\WINDOWS 10\.m2\repository\io\opentelemetry\opentelemetry-sdk-extension-autoconfigure-spi\1.22.0\opentelemetry-sdk-extension-autoconfigure-spi-1.22.0.jar;C:\Users\WINDOWS 10\.m2\repository\io\opentelemetry\opentelemetry-sdk-extension-autoconfigure\1.22.0-alpha\opentelemetry-sdk-extension-autoconfigure-1.22.0-alpha.jar;C:\Users\WINDOWS 10\.m2\repository\io\opentelemetry\opentelemetry-sdk-trace\1.22.0\opentelemetry-sdk-trace-1.22.0.jar;C:\Users\WINDOWS 10\.m2\repository\io\opentelemetry\opentelemetry-sdk\1.22.0\opentelemetry-sdk-1.22.0.jar;C:\Users\WINDOWS 10\.m2\repository\io\opentelemetry\opentelemetry-semconv\1.22.0-alpha\opentelemetry-semconv-1.22.0-alpha.jar;C:\Users\WINDOWS 10\.m2\repository\io\ous\jtoml\2.0.0\jtoml-2.0.0.jar;C:\Users\WINDOWS 10\.m2\repository\org\apache\commons\commons-exec\1.3\commons-exec-1.3.jar;C:\Users\WINDOWS 10\.m2\repository\org\asynchttpclient\async-http-client\2.12.3\async-http-client-2.12.3.jar;C:\Users\WINDOWS 10\.m2\repository\org\asynchttpclient\async-http-client-netty-utils\2.12.3\async-http-client-netty-utils-2.12.3.jar;C:\Users\WINDOWS 10\.m2\repository\io\netty\netty-codec-socks\4.1.60.Final\netty-codec-socks-4.1.60.Final.jar;C:\Users\WINDOWS 10\.m2\repository\io\netty\netty-handler-proxy\4.1.60.Final\netty-handler-proxy-4.1.60.Final.jar;C:\Users\WINDOWS 10\.m2\repository\io\netty\netty-transport-native-epoll\4.1.60.Final\netty-transport-native-epoll-4.1.60.Final-linux-x86_64.jar;C:\Users\WINDOWS 10\.m2\repository\io\netty\netty-transport-native-kqueue\4.1.60.Final\netty-transport-native-kqueue-4.1.60.Final-osx-x86_64.jar;C:\Users\WINDOWS 10\.m2\repository\org\reactivestreams\reactive-streams\1.0.3\reactive-streams-1.0.3.jar;C:\Users\WINDOWS 10\.m2\repository\com\typesafe\netty\netty-reactive-streams\2.0.4\netty-reactive-streams-2.0.4.jar;C:\Users\WINDOWS 10\.m2\repository\org\seleniumhq\selenium\selenium-manager\4.8.1\selenium-manager-4.8.1.jar;C:\Users\WINDOWS 10\.m2\repository\org\seleniumhq\selenium\selenium-safari-driver\4.8.1\selenium-safari-driver-4.8.1.jar;C:\Users\WINDOWS 10\.m2\repository\org\seleniumhq\selenium\selenium-api\4.8.1\selenium-api-4.8.1.jar;C:\Users\WINDOWS 10\.m2\repository\org\seleniumhq\selenium\selenium-support\4.8.1\selenium-support-4.8.1.jar;C:\Users\WINDOWS 10\.m2\repository\com\google\auto\service\auto-service-annotations\1.0.1\auto-service-annotations-1.0.1.jar;C:\Users\WINDOWS 10\.m2\repository\com\google\auto\service\auto-service\1.0.1\auto-service-1.0.1.jar;C:\Users\WINDOWS 10\.m2\repository\com\google\auto\auto-common\1.2\auto-common-1.2.jar;C:\Users\WINDOWS 10\.m2\repository\org\seleniumhq\selenium\selenium-json\4.8.1\selenium-json-4.8.1.jar;C:\Users\WINDOWS 10\.m2\repository\org\seleniumhq\selenium\selenium-chrome-driver\4.8.1\selenium-chrome-driver-4.8.1.jar;C:\Users\WINDOWS 10\.m2\repository\org\seleniumhq\selenium\selenium-chromium-driver\4.8.1\selenium-chromium-driver-4.8.1.jar;C:\Users\WINDOWS 10\.m2\repository\org\seleniumhq\selenium\selenium-firefox-driver\4.8.1\selenium-firefox-driver-4.8.1.jar;C:\Users\WINDOWS 10\.m2\repository\org\seleniumhq\selenium\selenium-http\4.8.1\selenium-http-4.8.1.jar;C:\Users\WINDOWS 10\.m2\repository\dev\failsafe\failsafe\3.3.0\failsafe-3.3.0.jar;C:\Users\WINDOWS 10\.m2\repository\org\seleniumhq\selenium\selenium-edge-driver\4.8.1\selenium-edge-driver-4.8.1.jar;C:\Users\WINDOWS 10\.m2\repository\org\seleniumhq\selenium\selenium-ie-driver\4.8.1\selenium-ie-driver-4.8.1.jar;C:\Users\WINDOWS 10\.m2\repository\org\projectlombok\lombok\1.18.20\lombok-1.18.20.jar;C:\Users\WINDOWS 10\.m2\repository\io\appium\java-client\8.3.0\java-client-8.3.0.jar;C:\Users\WINDOWS 10\.m2\repository\commons-validator\commons-validator\1.7\commons-validator-1.7.jar;C:\Users\WINDOWS 10\.m2\repository\commons-digester\commons-digester\2.1\commons-digester-2.1.jar;C:\Users\WINDOWS 10\.m2\repository\org\apache\groovy\groovy\4.0.10\groovy-4.0.10.jar;C:\Users\WINDOWS 10\.m2\repository\net\sf\opencsv\opencsv\2.0\opencsv-2.0.jar;C:\Users\WINDOWS 10\.m2\repository\commons-beanutils\commons-beanutils\1.9.4\commons-beanutils-1.9.4.jar;C:\Users\WINDOWS 10\.m2\repository\org\apache\commons\commons-lang3\3.12.0\commons-lang3-3.12.0.jar;C:\Users\WINDOWS 10\.m2\repository\commons-collections\commons-collections\3.2.2\commons-collections-3.2.2.jar;C:\Users\WINDOWS 10\.m2\repository\org\fluentlenium\fluentlenium-core\0.10.2\fluentlenium-core-0.10.2.jar;C:\Users\WINDOWS 10\.m2\repository\io\github\bonigarcia\webdrivermanager\5.3.0\webdrivermanager-5.3.0.jar;C:\Users\WINDOWS 10\.m2\repository\com\github\docker-java\docker-java\3.2.13\docker-java-3.2.13.jar;C:\Users\WINDOWS 10\.m2\repository\com\github\docker-java\docker-java-core\3.2.13\docker-java-core-3.2.13.jar;C:\Users\WINDOWS 10\.m2\repository\com\github\docker-java\docker-java-api\3.2.13\docker-java-api-3.2.13.jar;C:\Users\WINDOWS 10\.m2\repository\org\apache\commons\commons-compress\1.21\commons-compress-1.21.jar;C:\Users\WINDOWS 10\.m2\repository\org\bouncycastle\bcpkix-jdk15on\1.64\bcpkix-jdk15on-1.64.jar;C:\Users\WINDOWS 10\.m2\repository\org\bouncycastle\bcprov-jdk15on\1.64\bcprov-jdk15on-1.64.jar;C:\Users\WINDOWS 10\.m2\repository\org\slf4j\jcl-over-slf4j\1.7.30\jcl-over-slf4j-1.7.30.jar;C:\Users\WINDOWS 10\.m2\repository\com\github\docker-java\docker-java-transport-httpclient5\3.2.13\docker-java-transport-httpclient5-3.2.13.jar;C:\Users\WINDOWS 10\.m2\repository\com\github\docker-java\docker-java-transport\3.2.13\docker-java-transport-3.2.13.jar;C:\Users\WINDOWS 10\.m2\repository\net\java\dev\jna\jna\5.8.0\jna-5.8.0.jar;C:\Users\WINDOWS 10\.m2\repository\org\brotli\dec\0.1.2\dec-0.1.2.jar;C:\Users\WINDOWS 10\.m2\repository\org\apache\httpcomponents\client5\httpclient5\5.1.3\httpclient5-5.1.3.jar;C:\Users\WINDOWS 10\.m2\repository\org\apache\httpcomponents\core5\httpcore5\5.1.3\httpcore5-5.1.3.jar;C:\Users\WINDOWS 10\.m2\repository\org\apache\httpcomponents\core5\httpcore5-h2\5.1.3\httpcore5-h2-5.1.3.jar;C:\Users\WINDOWS 10\.m2\repository\com\jhlabs\filters\2.0.235\filters-2.0.235.jar;C:\Users\WINDOWS 10\.m2\repository\com\paulhammant\ngwebdriver\1.1.6\ngwebdriver-1.1.6.jar;C:\Users\WINDOWS 10\.m2\repository\joda-time\joda-time\2.12.2\joda-time-2.12.2.jar;C:\Users\WINDOWS 10\.m2\repository\org\hamcrest\hamcrest\2.2\hamcrest-2.2.jar;C:\Users\WINDOWS 10\.m2\repository\com\google\jimfs\jimfs\1.2\jimfs-1.2.jar;C:\Users\WINDOWS 10\.m2\repository\org\mockito\mockito-core\3.3.3\mockito-core-3.3.3.jar;C:\Users\WINDOWS 10\.m2\repository\javax\xml\bind\jaxb-api\2.3.1\jaxb-api-2.3.1.jar;C:\Users\WINDOWS 10\.m2\repository\javax\activation\javax.activation-api\1.2.0\javax.activation-api-1.2.0.jar;C:\Users\WINDOWS 10\.m2\repository\com\sun\xml\bind\jaxb-core\2.3.0.1\jaxb-core-2.3.0.1.jar;C:\Users\WINDOWS 10\.m2\repository\com\sun\xml\bind\jaxb-impl\2.3.3\jaxb-impl-2.3.3.jar;C:\Users\WINDOWS 10\.m2\repository\jakarta\xml\bind\jakarta.xml.bind-api\2.3.3\jakarta.xml.bind-api-2.3.3.jar;C:\Users\WINDOWS 10\.m2\repository\com\sun\activation\jakarta.activation\1.2.2\jakarta.activation-1.2.2.jar;C:\Users\WINDOWS 10\.m2\repository\javax\activation\activation\1.1.1\activation-1.1.1.jar;C:\Users\WINDOWS 10\.m2\repository\net\serenity-bdd\serenity-cucumber\3.6.21\serenity-cucumber-3.6.21.jar;C:\Users\WINDOWS 10\.m2\repository\io\cucumber\cucumber-core\7.11.0\cucumber-core-7.11.0.jar;C:\Users\WINDOWS 10\.m2\repository\io\cucumber\cucumber-gherkin\7.11.0\cucumber-gherkin-7.11.0.jar;C:\Users\WINDOWS 10\.m2\repository\io\cucumber\cucumber-gherkin-messages\7.11.0\cucumber-gherkin-messages-7.11.0.jar;C:\Users\WINDOWS 10\.m2\repository\io\cucumber\gherkin\26.0.3\gherkin-26.0.3.jar;C:\Users\WINDOWS 10\.m2\repository\io\cucumber\messages\21.0.1\messages-21.0.1.jar;C:\Users\WINDOWS 10\.m2\repository\io\cucumber\tag-expressions\5.0.1\tag-expressions-5.0.1.jar;C:\Users\WINDOWS 10\.m2\repository\io\cucumber\cucumber-expressions\16.1.1\cucumber-expressions-16.1.1.jar;C:\Users\WINDOWS 10\.m2\repository\io\cucumber\datatable\7.11.0\datatable-7.11.0.jar;C:\Users\WINDOWS 10\.m2\repository\io\cucumber\cucumber-plugin\7.11.0\cucumber-plugin-7.11.0.jar;C:\Users\WINDOWS 10\.m2\repository\io\cucumber\docstring\7.11.0\docstring-7.11.0.jar;C:\Users\WINDOWS 10\.m2\repository\io\cucumber\html-formatter\20.2.1\html-formatter-20.2.1.jar;C:\Users\WINDOWS 10\.m2\repository\io\cucumber\junit-xml-formatter\0.1.0\junit-xml-formatter-0.1.0.jar;C:\Users\WINDOWS 10\.m2\repository\io\cucumber\ci-environment\9.1.0\ci-environment-9.1.0.jar;C:\Users\WINDOWS 10\.m2\repository\io\cucumber\cucumber-java\7.11.0\cucumber-java-7.11.0.jar;C:\Users\WINDOWS 10\.m2\repository\io\cucumber\cucumber-junit\7.11.0\cucumber-junit-7.11.0.jar;C:\Users\WINDOWS 10\.m2\repository\org\apache\commons\commons-csv\1.5\commons-csv-1.5.jar;C:\Users\WINDOWS 10\.m2\repository\net\serenity-bdd\serenity-screenplay\3.6.21\serenity-screenplay-3.6.21.jar;C:\Users\WINDOWS 10\.m2\repository\net\serenity-bdd\serenity-screenplay-webdriver\3.6.21\serenity-screenplay-webdriver-3.6.21.jar;C:\Users\WINDOWS 10\.m2\repository\net\serenity-bdd\serenity-ensure\3.6.21\serenity-ensure-3.6.21.jar;C:\Users\WINDOWS 10\.m2\repository\net\serenity-bdd\serenity-junit\3.6.21\serenity-junit-3.6.21.jar;C:\Users\WINDOWS 10\.m2\repository\org\jetbrains\kotlin\kotlin-stdlib\1.8.10\kotlin-stdlib-1.8.10.jar;C:\Users\WINDOWS 10\.m2\repository\org\jetbrains\kotlin\kotlin-stdlib-common\1.8.10\kotlin-stdlib-common-1.8.10.jar;C:\Users\WINDOWS 10\.m2\repository\org\jetbrains\annotations\13.0\annotations-13.0.jar;C:\Users\WINDOWS 10\.m2\repository\org\junit\platform\junit-platform-launcher\1.8.2\junit-platform-launcher-1.8.2.jar;C:\Users\WINDOWS 10\.m2\repository\org\junit\platform\junit-platform-engine\1.8.2\junit-platform-engine-1.8.2.jar;C:\Users\WINDOWS 10\.m2\repository\org\opentest4j\opentest4j\1.2.0\opentest4j-1.2.0.jar;C:\Users\WINDOWS 10\.m2\repository\org\junit\platform\junit-platform-commons\1.8.2\junit-platform-commons-1.8.2.jar;C:\Users\WINDOWS 10\.m2\repository\org\apiguardian\apiguardian-api\1.1.2\apiguardian-api-1.1.2.jar;C:\Users\WINDOWS 10\.m2\repository\org\junit\jupiter\junit-jupiter-engine\5.8.2\junit-jupiter-engine-5.8.2.jar;C:\Users\WINDOWS 10\.m2\repository\org\junit\jupiter\junit-jupiter-api\5.8.2\junit-jupiter-api-5.8.2.jar;C:\Users\WINDOWS 10\.m2\repository\org\junit\vintage\junit-vintage-engine\5.8.2\junit-vintage-engine-5.8.2.jar;C:\Users\WINDOWS 10\.m2\repository\junit\junit\4.13.2\junit-4.13.2.jar;C:\Users\WINDOWS 10\.m2\repository\org\hamcrest\hamcrest-core\1.3\hamcrest-core-1.3.jar;C:\Users\WINDOWS 10\.m2\repository\ch\qos\logback\logback-classic\1.2.10\logback-classic-1.2.10.jar;C:\Users\WINDOWS 10\.m2\repository\ch\qos\logback\logback-core\1.2.10\logback-core-1.2.10.jar;C:\Users\WINDOWS 10\.m2\repository\org\slf4j\slf4j-api\1.7.32\slf4j-api-1.7.32.jar;C:\Users\WINDOWS 10\.m2\repository\org\assertj\assertj-core\3.23.1\assertj-core-3.23.1.jar;C:\Users\WINDOWS 10\.m2\repository\net\bytebuddy\byte-buddy\1.12.10\byte-buddy-1.12.10.jar;"/>
    <property name="sun.cpu.endian" value="little"/>
    <property name="user.home" value="C:\Users\WINDOWS 10"/>
    <property name="user.language" value="en"/>
    <property name="java.specification.vendor" value="Oracle Corporation"/>
    <property name="jdk.module.path" value="C:\Users\WINDOWS 10\Documents\GitHub\QE_Andira_Ms\11_Web_Programming_&amp;_Testing\Praktikum\Testing_with_Serenity\Prioritas1\alta\target\alta-1.0-SNAPSHOT.jar"/>
    <property name="java.version.date" value="2020-09-15"/>
    <property name="java.home" value="C:\Program Files\Java\jdk-15"/>
    <property name="file.separator" value="\"/>
    <property name="basedir" value="C:\Users\WINDOWS 10\Documents\GitHub\QE_Andira_Ms\11_Web_Programming_&amp;_Testing\Praktikum\Testing_with_Serenity\Prioritas1\alta"/>
    <property name="java.vm.compressedOopsMode" value="Zero based"/>
    <property name="line.separator" value="&#10;"/>
    <property name="java.vm.specification.vendor" value="Oracle Corporation"/>
    <property name="java.specification.name" value="Java Platform API Specification"/>
    <property name="surefire.real.class.path" value="C:\Users\WINDOWS 10\.m2\repository\org\apache\maven\surefire\surefire-booter\3.0.0-M5\surefire-booter-3.0.0-M5.jar;C:\Users\WINDOWS 10\.m2\repository\org\apache\maven\surefire\surefire-api\3.0.0-M5\surefire-api-3.0.0-M5.jar;C:\Users\WINDOWS 10\.m2\repository\org\apache\maven\surefire\surefire-logger-api\3.0.0-M5\surefire-logger-api-3.0.0-M5.jar;C:\Users\WINDOWS 10\.m2\repository\org\apache\maven\surefire\surefire-shared-utils\3.0.0-M4\surefire-shared-utils-3.0.0-M4.jar;C:\Users\WINDOWS 10\.m2\repository\org\apache\maven\surefire\surefire-extensions-spi\3.0.0-M5\surefire-extensions-spi-3.0.0-M5.jar;C:\Users\WINDOWS 10\Documents\GitHub\QE_Andira_Ms\11_Web_Programming_&amp;_Testing\Praktikum\Testing_with_Serenity\Prioritas1\alta\target\test-classes;C:\Users\WINDOWS 10\.m2\repository\net\serenity-bdd\serenity-core\3.6.21\serenity-core-3.6.21.jar;C:\Users\WINDOWS 10\.m2\repository\net\serenity-bdd\serenity-model\3.6.21\serenity-model-3.6.21.jar;C:\Users\WINDOWS 10\.m2\repository\org\apache\commons\commons-text\1.10.0\commons-text-1.10.0.jar;C:\Users\WINDOWS 10\.m2\repository\commons-net\commons-net\3.9.0\commons-net-3.9.0.jar;C:\Users\WINDOWS 10\.m2\repository\com\google\guava\guava\31.1-jre\guava-31.1-jre.jar;C:\Users\WINDOWS 10\.m2\repository\com\google\guava\failureaccess\1.0.1\failureaccess-1.0.1.jar;C:\Users\WINDOWS 10\.m2\repository\com\google\guava\listenablefuture\9999.0-empty-to-avoid-conflict-with-guava\listenablefuture-9999.0-empty-to-avoid-conflict-with-guava.jar;C:\Users\WINDOWS 10\.m2\repository\com\google\code\findbugs\jsr305\3.0.2\jsr305-3.0.2.jar;C:\Users\WINDOWS 10\.m2\repository\org\checkerframework\checker-qual\3.12.0\checker-qual-3.12.0.jar;C:\Users\WINDOWS 10\.m2\repository\com\google\errorprone\error_prone_annotations\2.11.0\error_prone_annotations-2.11.0.jar;C:\Users\WINDOWS 10\.m2\repository\com\google\j2objc\j2objc-annotations\1.3\j2objc-annotations-1.3.jar;C:\Users\WINDOWS 10\.m2\repository\com\google\inject\guice\5.1.0\guice-5.1.0.jar;C:\Users\WINDOWS 10\.m2\repository\javax\inject\javax.inject\1\javax.inject-1.jar;C:\Users\WINDOWS 10\.m2\repository\aopalliance\aopalliance\1.0\aopalliance-1.0.jar;C:\Users\WINDOWS 10\.m2\repository\org\jsoup\jsoup\1.14.3\jsoup-1.14.3.jar;C:\Users\WINDOWS 10\.m2\repository\com\thoughtworks\xstream\xstream\1.4.20\xstream-1.4.20.jar;C:\Users\WINDOWS 10\.m2\repository\io\github\x-stream\mxparser\1.2.2\mxparser-1.2.2.jar;C:\Users\WINDOWS 10\.m2\repository\xmlpull\xmlpull\1.1.3.1\xmlpull-1.1.3.1.jar;C:\Users\WINDOWS 10\.m2\repository\com\typesafe\config\1.4.2\config-1.4.2.jar;C:\Users\WINDOWS 10\.m2\repository\org\imgscalr\imgscalr-lib\4.2\imgscalr-lib-4.2.jar;C:\Users\WINDOWS 10\.m2\repository\org\awaitility\awaitility\4.2.0\awaitility-4.2.0.jar;C:\Users\WINDOWS 10\.m2\repository\org\freemarker\freemarker\2.3.31\freemarker-2.3.31.jar;C:\Users\WINDOWS 10\.m2\repository\io\github\classgraph\classgraph\4.8.138\classgraph-4.8.138.jar;C:\Users\WINDOWS 10\.m2\repository\net\sourceforge\jexcelapi\jxl\2.6.12\jxl-2.6.12.jar;C:\Users\WINDOWS 10\.m2\repository\net\bytebuddy\byte-buddy-agent\1.14.2\byte-buddy-agent-1.14.2.jar;C:\Users\WINDOWS 10\.m2\repository\org\objenesis\objenesis\3.3\objenesis-3.3.jar;C:\Users\WINDOWS 10\.m2\repository\net\serenity-bdd\serenity-reports\3.6.21\serenity-reports-3.6.21.jar;C:\Users\WINDOWS 10\.m2\repository\net\serenity-bdd\serenity-stats\3.6.21\serenity-stats-3.6.21.jar;C:\Users\WINDOWS 10\.m2\repository\net\serenity-bdd\serenity-reports-configuration\3.6.21\serenity-reports-configuration-3.6.21.jar;C:\Users\WINDOWS 10\.m2\repository\com\vladsch\flexmark\flexmark-all\0.62.2\flexmark-all-0.62.2.jar;C:\Users\WINDOWS 10\.m2\repository\com\vladsch\flexmark\flexmark\0.62.2\flexmark-0.62.2.jar;C:\Users\WINDOWS 10\.m2\repository\com\vladsch\flexmark\flexmark-ext-abbreviation\0.62.2\flexmark-ext-abbreviation-0.62.2.jar;C:\Users\WINDOWS 10\.m2\repository\com\vladsch\flexmark\flexmark-util\0.62.2\flexmark-util-0.62.2.jar;C:\Users\WINDOWS 10\.m2\repository\com\vladsch\flexmark\flexmark-ext-admonition\0.62.2\flexmark-ext-admonition-0.62.2.jar;C:\Users\WINDOWS 10\.m2\repository\com\vladsch\flexmark\flexmark-ext-anchorlink\0.62.2\flexmark-ext-anchorlink-0.62.2.jar;C:\Users\WINDOWS 10\.m2\repository\com\vladsch\flexmark\flexmark-ext-aside\0.62.2\flexmark-ext-aside-0.62.2.jar;C:\Users\WINDOWS 10\.m2\repository\com\vladsch\flexmark\flexmark-ext-attributes\0.62.2\flexmark-ext-attributes-0.62.2.jar;C:\Users\WINDOWS 10\.m2\repository\com\vladsch\flexmark\flexmark-ext-autolink\0.62.2\flexmark-ext-autolink-0.62.2.jar;C:\Users\WINDOWS 10\.m2\repository\org\nibor\autolink\autolink\0.6.0\autolink-0.6.0.jar;C:\Users\WINDOWS 10\.m2\repository\com\vladsch\flexmark\flexmark-ext-definition\0.62.2\flexmark-ext-definition-0.62.2.jar;C:\Users\WINDOWS 10\.m2\repository\com\vladsch\flexmark\flexmark-ext-emoji\0.62.2\flexmark-ext-emoji-0.62.2.jar;C:\Users\WINDOWS 10\.m2\repository\com\vladsch\flexmark\flexmark-ext-enumerated-reference\0.62.2\flexmark-ext-enumerated-reference-0.62.2.jar;C:\Users\WINDOWS 10\.m2\repository\com\vladsch\flexmark\flexmark-ext-escaped-character\0.62.2\flexmark-ext-escaped-character-0.62.2.jar;C:\Users\WINDOWS 10\.m2\repository\com\vladsch\flexmark\flexmark-ext-footnotes\0.62.2\flexmark-ext-footnotes-0.62.2.jar;C:\Users\WINDOWS 10\.m2\repository\com\vladsch\flexmark\flexmark-ext-gfm-issues\0.62.2\flexmark-ext-gfm-issues-0.62.2.jar;C:\Users\WINDOWS 10\.m2\repository\com\vladsch\flexmark\flexmark-ext-gfm-strikethrough\0.62.2\flexmark-ext-gfm-strikethrough-0.62.2.jar;C:\Users\WINDOWS 10\.m2\repository\com\vladsch\flexmark\flexmark-ext-gfm-tasklist\0.62.2\flexmark-ext-gfm-tasklist-0.62.2.jar;C:\Users\WINDOWS 10\.m2\repository\com\vladsch\flexmark\flexmark-ext-gfm-users\0.62.2\flexmark-ext-gfm-users-0.62.2.jar;C:\Users\WINDOWS 10\.m2\repository\com\vladsch\flexmark\flexmark-ext-gitlab\0.62.2\flexmark-ext-gitlab-0.62.2.jar;C:\Users\WINDOWS 10\.m2\repository\com\vladsch\flexmark\flexmark-ext-jekyll-front-matter\0.62.2\flexmark-ext-jekyll-front-matter-0.62.2.jar;C:\Users\WINDOWS 10\.m2\repository\com\vladsch\flexmark\flexmark-ext-jekyll-tag\0.62.2\flexmark-ext-jekyll-tag-0.62.2.jar;C:\Users\WINDOWS 10\.m2\repository\com\vladsch\flexmark\flexmark-ext-media-tags\0.62.2\flexmark-ext-media-tags-0.62.2.jar;C:\Users\WINDOWS 10\.m2\repository\com\vladsch\flexmark\flexmark-ext-macros\0.62.2\flexmark-ext-macros-0.62.2.jar;C:\Users\WINDOWS 10\.m2\repository\com\vladsch\flexmark\flexmark-ext-ins\0.62.2\flexmark-ext-ins-0.62.2.jar;C:\Users\WINDOWS 10\.m2\repository\com\vladsch\flexmark\flexmark-ext-xwiki-macros\0.62.2\flexmark-ext-xwiki-macros-0.62.2.jar;C:\Users\WINDOWS 10\.m2\repository\com\vladsch\flexmark\flexmark-ext-superscript\0.62.2\flexmark-ext-superscript-0.62.2.jar;C:\Users\WINDOWS 10\.m2\repository\com\vladsch\flexmark\flexmark-ext-tables\0.62.2\flexmark-ext-tables-0.62.2.jar;C:\Users\WINDOWS 10\.m2\repository\com\vladsch\flexmark\flexmark-ext-toc\0.62.2\flexmark-ext-toc-0.62.2.jar;C:\Users\WINDOWS 10\.m2\repository\com\vladsch\flexmark\flexmark-ext-typographic\0.62.2\flexmark-ext-typographic-0.62.2.jar;C:\Users\WINDOWS 10\.m2\repository\com\vladsch\flexmark\flexmark-ext-wikilink\0.62.2\flexmark-ext-wikilink-0.62.2.jar;C:\Users\WINDOWS 10\.m2\repository\com\vladsch\flexmark\flexmark-ext-yaml-front-matter\0.62.2\flexmark-ext-yaml-front-matter-0.62.2.jar;C:\Users\WINDOWS 10\.m2\repository\com\vladsch\flexmark\flexmark-ext-youtube-embedded\0.62.2\flexmark-ext-youtube-embedded-0.62.2.jar;C:\Users\WINDOWS 10\.m2\repository\com\vladsch\flexmark\flexmark-html2md-converter\0.62.2\flexmark-html2md-converter-0.62.2.jar;C:\Users\WINDOWS 10\.m2\repository\com\vladsch\flexmark\flexmark-jira-converter\0.62.2\flexmark-jira-converter-0.62.2.jar;C:\Users\WINDOWS 10\.m2\repository\com\vladsch\flexmark\flexmark-pdf-converter\0.62.2\flexmark-pdf-converter-0.62.2.jar;C:\Users\WINDOWS 10\.m2\repository\com\openhtmltopdf\openhtmltopdf-core\1.0.0\openhtmltopdf-core-1.0.0.jar;C:\Users\WINDOWS 10\.m2\repository\com\openhtmltopdf\openhtmltopdf-pdfbox\1.0.0\openhtmltopdf-pdfbox-1.0.0.jar;C:\Users\WINDOWS 10\.m2\repository\org\apache\pdfbox\pdfbox\2.0.16\pdfbox-2.0.16.jar;C:\Users\WINDOWS 10\.m2\repository\org\apache\pdfbox\fontbox\2.0.16\fontbox-2.0.16.jar;C:\Users\WINDOWS 10\.m2\repository\org\apache\pdfbox\xmpbox\2.0.16\xmpbox-2.0.16.jar;C:\Users\WINDOWS 10\.m2\repository\de\rototor\pdfbox\graphics2d\0.24\graphics2d-0.24.jar;C:\Users\WINDOWS 10\.m2\repository\com\openhtmltopdf\openhtmltopdf-rtl-support\1.0.0\openhtmltopdf-rtl-support-1.0.0.jar;C:\Users\WINDOWS 10\.m2\repository\com\openhtmltopdf\openhtmltopdf-jsoup-dom-converter\1.0.0\openhtmltopdf-jsoup-dom-converter-1.0.0.jar;C:\Users\WINDOWS 10\.m2\repository\com\vladsch\flexmark\flexmark-profile-pegdown\0.62.2\flexmark-profile-pegdown-0.62.2.jar;C:\Users\WINDOWS 10\.m2\repository\com\vladsch\flexmark\flexmark-util-ast\0.62.2\flexmark-util-ast-0.62.2.jar;C:\Users\WINDOWS 10\.m2\repository\com\vladsch\flexmark\flexmark-util-builder\0.62.2\flexmark-util-builder-0.62.2.jar;C:\Users\WINDOWS 10\.m2\repository\com\vladsch\flexmark\flexmark-util-collection\0.62.2\flexmark-util-collection-0.62.2.jar;C:\Users\WINDOWS 10\.m2\repository\com\vladsch\flexmark\flexmark-util-data\0.62.2\flexmark-util-data-0.62.2.jar;C:\Users\WINDOWS 10\.m2\repository\com\vladsch\flexmark\flexmark-util-dependency\0.62.2\flexmark-util-dependency-0.62.2.jar;C:\Users\WINDOWS 10\.m2\repository\com\vladsch\flexmark\flexmark-util-format\0.62.2\flexmark-util-format-0.62.2.jar;C:\Users\WINDOWS 10\.m2\repository\com\vladsch\flexmark\flexmark-util-html\0.62.2\flexmark-util-html-0.62.2.jar;C:\Users\WINDOWS 10\.m2\repository\com\vladsch\flexmark\flexmark-util-misc\0.62.2\flexmark-util-misc-0.62.2.jar;C:\Users\WINDOWS 10\.m2\repository\com\vladsch\flexmark\flexmark-util-options\0.62.2\flexmark-util-options-0.62.2.jar;C:\Users\WINDOWS 10\.m2\repository\com\vladsch\flexmark\flexmark-util-sequence\0.62.2\flexmark-util-sequence-0.62.2.jar;C:\Users\WINDOWS 10\.m2\repository\com\vladsch\flexmark\flexmark-util-visitor\0.62.2\flexmark-util-visitor-0.62.2.jar;C:\Users\WINDOWS 10\.m2\repository\com\vladsch\flexmark\flexmark-youtrack-converter\0.62.2\flexmark-youtrack-converter-0.62.2.jar;C:\Users\WINDOWS 10\.m2\repository\com\ibm\icu\icu4j\72.1\icu4j-72.1.jar;C:\Users\WINDOWS 10\.m2\repository\es\nitaur\markdown\txtmark\0.16\txtmark-0.16.jar;C:\Users\WINDOWS 10\.m2\repository\net\serenity-bdd\serenity-report-resources\3.6.21\serenity-report-resources-3.6.21.jar;C:\Users\WINDOWS 10\.m2\repository\com\google\code\gson\gson\2.10.1\gson-2.10.1.jar;C:\Users\WINDOWS 10\.m2\repository\com\fasterxml\jackson\core\jackson-core\2.15.0-rc1\jackson-core-2.15.0-rc1.jar;C:\Users\WINDOWS 10\.m2\repository\com\fasterxml\jackson\core\jackson-databind\2.15.0-rc1\jackson-databind-2.15.0-rc1.jar;C:\Users\WINDOWS 10\.m2\repository\com\fasterxml\jackson\core\jackson-annotations\2.15.0-rc1\jackson-annotations-2.15.0-rc1.jar;C:\Users\WINDOWS 10\.m2\repository\commons-codec\commons-codec\1.15\commons-codec-1.15.jar;C:\Users\WINDOWS 10\.m2\repository\commons-io\commons-io\2.11.0\commons-io-2.11.0.jar;C:\Users\WINDOWS 10\.m2\repository\org\apache\httpcomponents\httpclient\4.5.13\httpclient-4.5.13.jar;C:\Users\WINDOWS 10\.m2\repository\org\apache\httpcomponents\httpcore\4.4.13\httpcore-4.4.13.jar;C:\Users\WINDOWS 10\.m2\repository\commons-logging\commons-logging\1.2\commons-logging-1.2.jar;C:\Users\WINDOWS 10\.m2\repository\org\seleniumhq\selenium\selenium-java\4.8.1\selenium-java-4.8.1.jar;C:\Users\WINDOWS 10\.m2\repository\org\seleniumhq\selenium\selenium-devtools-v108\4.8.1\selenium-devtools-v108-4.8.1.jar;C:\Users\WINDOWS 10\.m2\repository\org\seleniumhq\selenium\selenium-devtools-v109\4.8.1\selenium-devtools-v109-4.8.1.jar;C:\Users\WINDOWS 10\.m2\repository\org\seleniumhq\selenium\selenium-devtools-v110\4.8.1\selenium-devtools-v110-4.8.1.jar;C:\Users\WINDOWS 10\.m2\repository\org\seleniumhq\selenium\selenium-devtools-v85\4.8.1\selenium-devtools-v85-4.8.1.jar;C:\Users\WINDOWS 10\.m2\repository\org\seleniumhq\selenium\selenium-remote-driver\4.8.1\selenium-remote-driver-4.8.1.jar;C:\Users\WINDOWS 10\.m2\repository\com\beust\jcommander\1.82\jcommander-1.82.jar;C:\Users\WINDOWS 10\.m2\repository\io\netty\netty-buffer\4.1.87.Final\netty-buffer-4.1.87.Final.jar;C:\Users\WINDOWS 10\.m2\repository\io\netty\netty-codec-http\4.1.87.Final\netty-codec-http-4.1.87.Final.jar;C:\Users\WINDOWS 10\.m2\repository\io\netty\netty-codec\4.1.87.Final\netty-codec-4.1.87.Final.jar;C:\Users\WINDOWS 10\.m2\repository\io\netty\netty-handler\4.1.87.Final\netty-handler-4.1.87.Final.jar;C:\Users\WINDOWS 10\.m2\repository\io\netty\netty-common\4.1.87.Final\netty-common-4.1.87.Final.jar;C:\Users\WINDOWS 10\.m2\repository\io\netty\netty-transport-classes-epoll\4.1.87.Final\netty-transport-classes-epoll-4.1.87.Final.jar;C:\Users\WINDOWS 10\.m2\repository\io\netty\netty-transport-classes-kqueue\4.1.87.Final\netty-transport-classes-kqueue-4.1.87.Final.jar;C:\Users\WINDOWS 10\.m2\repository\io\netty\netty-transport-native-epoll\4.1.87.Final\netty-transport-native-epoll-4.1.87.Final.jar;C:\Users\WINDOWS 10\.m2\repository\io\netty\netty-transport-native-kqueue\4.1.87.Final\netty-transport-native-kqueue-4.1.87.Final.jar;C:\Users\WINDOWS 10\.m2\repository\io\netty\netty-transport-native-unix-common\4.1.87.Final\netty-transport-native-unix-common-4.1.87.Final.jar;C:\Users\WINDOWS 10\.m2\repository\io\netty\netty-transport\4.1.87.Final\netty-transport-4.1.87.Final.jar;C:\Users\WINDOWS 10\.m2\repository\io\netty\netty-resolver\4.1.87.Final\netty-resolver-4.1.87.Final.jar;C:\Users\WINDOWS 10\.m2\repository\io\opentelemetry\opentelemetry-api\1.22.0\opentelemetry-api-1.22.0.jar;C:\Users\WINDOWS 10\.m2\repository\io\opentelemetry\opentelemetry-context\1.22.0\opentelemetry-context-1.22.0.jar;C:\Users\WINDOWS 10\.m2\repository\io\opentelemetry\opentelemetry-exporter-logging\1.22.0\opentelemetry-exporter-logging-1.22.0.jar;C:\Users\WINDOWS 10\.m2\repository\io\opentelemetry\opentelemetry-sdk-metrics\1.22.0\opentelemetry-sdk-metrics-1.22.0.jar;C:\Users\WINDOWS 10\.m2\repository\io\opentelemetry\opentelemetry-sdk-logs\1.22.0-alpha\opentelemetry-sdk-logs-1.22.0-alpha.jar;C:\Users\WINDOWS 10\.m2\repository\io\opentelemetry\opentelemetry-api-logs\1.22.0-alpha\opentelemetry-api-logs-1.22.0-alpha.jar;C:\Users\WINDOWS 10\.m2\repository\io\opentelemetry\opentelemetry-sdk-common\1.22.0\opentelemetry-sdk-common-1.22.0.jar;C:\Users\WINDOWS 10\.m2\repository\io\opentelemetry\opentelemetry-sdk-extension-autoconfigure-spi\1.22.0\opentelemetry-sdk-extension-autoconfigure-spi-1.22.0.jar;C:\Users\WINDOWS 10\.m2\repository\io\opentelemetry\opentelemetry-sdk-extension-autoconfigure\1.22.0-alpha\opentelemetry-sdk-extension-autoconfigure-1.22.0-alpha.jar;C:\Users\WINDOWS 10\.m2\repository\io\opentelemetry\opentelemetry-sdk-trace\1.22.0\opentelemetry-sdk-trace-1.22.0.jar;C:\Users\WINDOWS 10\.m2\repository\io\opentelemetry\opentelemetry-sdk\1.22.0\opentelemetry-sdk-1.22.0.jar;C:\Users\WINDOWS 10\.m2\repository\io\opentelemetry\opentelemetry-semconv\1.22.0-alpha\opentelemetry-semconv-1.22.0-alpha.jar;C:\Users\WINDOWS 10\.m2\repository\io\ous\jtoml\2.0.0\jtoml-2.0.0.jar;C:\Users\WINDOWS 10\.m2\repository\org\apache\commons\commons-exec\1.3\commons-exec-1.3.jar;C:\Users\WINDOWS 10\.m2\repository\org\asynchttpclient\async-http-client\2.12.3\async-http-client-2.12.3.jar;C:\Users\WINDOWS 10\.m2\repository\org\asynchttpclient\async-http-client-netty-utils\2.12.3\async-http-client-netty-utils-2.12.3.jar;C:\Users\WINDOWS 10\.m2\repository\io\netty\netty-codec-socks\4.1.60.Final\netty-codec-socks-4.1.60.Final.jar;C:\Users\WINDOWS 10\.m2\repository\io\netty\netty-handler-proxy\4.1.60.Final\netty-handler-proxy-4.1.60.Final.jar;C:\Users\WINDOWS 10\.m2\repository\io\netty\netty-transport-native-epoll\4.1.60.Final\netty-transport-native-epoll-4.1.60.Final-linux-x86_64.jar;C:\Users\WINDOWS 10\.m2\repository\io\netty\netty-transport-native-kqueue\4.1.60.Final\netty-transport-native-kqueue-4.1.60.Final-osx-x86_64.jar;C:\Users\WINDOWS 10\.m2\repository\org\reactivestreams\reactive-streams\1.0.3\reactive-streams-1.0.3.jar;C:\Users\WINDOWS 10\.m2\repository\com\typesafe\netty\netty-reactive-streams\2.0.4\netty-reactive-streams-2.0.4.jar;C:\Users\WINDOWS 10\.m2\repository\org\seleniumhq\selenium\selenium-manager\4.8.1\selenium-manager-4.8.1.jar;C:\Users\WINDOWS 10\.m2\repository\org\seleniumhq\selenium\selenium-safari-driver\4.8.1\selenium-safari-driver-4.8.1.jar;C:\Users\WINDOWS 10\.m2\repository\org\seleniumhq\selenium\selenium-api\4.8.1\selenium-api-4.8.1.jar;C:\Users\WINDOWS 10\.m2\repository\org\seleniumhq\selenium\selenium-support\4.8.1\selenium-support-4.8.1.jar;C:\Users\WINDOWS 10\.m2\repository\com\google\auto\service\auto-service-annotations\1.0.1\auto-service-annotations-1.0.1.jar;C:\Users\WINDOWS 10\.m2\repository\com\google\auto\service\auto-service\1.0.1\auto-service-1.0.1.jar;C:\Users\WINDOWS 10\.m2\repository\com\google\auto\auto-common\1.2\auto-common-1.2.jar;C:\Users\WINDOWS 10\.m2\repository\org\seleniumhq\selenium\selenium-json\4.8.1\selenium-json-4.8.1.jar;C:\Users\WINDOWS 10\.m2\repository\org\seleniumhq\selenium\selenium-chrome-driver\4.8.1\selenium-chrome-driver-4.8.1.jar;C:\Users\WINDOWS 10\.m2\repository\org\seleniumhq\selenium\selenium-chromium-driver\4.8.1\selenium-chromium-driver-4.8.1.jar;C:\Users\WINDOWS 10\.m2\repository\org\seleniumhq\selenium\selenium-firefox-driver\4.8.1\selenium-firefox-driver-4.8.1.jar;C:\Users\WINDOWS 10\.m2\repository\org\seleniumhq\selenium\selenium-http\4.8.1\selenium-http-4.8.1.jar;C:\Users\WINDOWS 10\.m2\repository\dev\failsafe\failsafe\3.3.0\failsafe-3.3.0.jar;C:\Users\WINDOWS 10\.m2\repository\org\seleniumhq\selenium\selenium-edge-driver\4.8.1\selenium-edge-driver-4.8.1.jar;C:\Users\WINDOWS 10\.m2\repository\org\seleniumhq\selenium\selenium-ie-driver\4.8.1\selenium-ie-driver-4.8.1.jar;C:\Users\WINDOWS 10\.m2\repository\org\projectlombok\lombok\1.18.20\lombok-1.18.20.jar;C:\Users\WINDOWS 10\.m2\repository\io\appium\java-client\8.3.0\java-client-8.3.0.jar;C:\Users\WINDOWS 10\.m2\repository\commons-validator\commons-validator\1.7\commons-validator-1.7.jar;C:\Users\WINDOWS 10\.m2\repository\commons-digester\commons-digester\2.1\commons-digester-2.1.jar;C:\Users\WINDOWS 10\.m2\repository\org\apache\groovy\groovy\4.0.10\groovy-4.0.10.jar;C:\Users\WINDOWS 10\.m2\repository\net\sf\opencsv\opencsv\2.0\opencsv-2.0.jar;C:\Users\WINDOWS 10\.m2\repository\commons-beanutils\commons-beanutils\1.9.4\commons-beanutils-1.9.4.jar;C:\Users\WINDOWS 10\.m2\repository\org\apache\commons\commons-lang3\3.12.0\commons-lang3-3.12.0.jar;C:\Users\WINDOWS 10\.m2\repository\commons-collections\commons-collections\3.2.2\commons-collections-3.2.2.jar;C:\Users\WINDOWS 10\.m2\repository\org\fluentlenium\fluentlenium-core\0.10.2\fluentlenium-core-0.10.2.jar;C:\Users\WINDOWS 10\.m2\repository\io\github\bonigarcia\webdrivermanager\5.3.0\webdrivermanager-5.3.0.jar;C:\Users\WINDOWS 10\.m2\repository\com\github\docker-java\docker-java\3.2.13\docker-java-3.2.13.jar;C:\Users\WINDOWS 10\.m2\repository\com\github\docker-java\docker-java-core\3.2.13\docker-java-core-3.2.13.jar;C:\Users\WINDOWS 10\.m2\repository\com\github\docker-java\docker-java-api\3.2.13\docker-java-api-3.2.13.jar;C:\Users\WINDOWS 10\.m2\repository\org\apache\commons\commons-compress\1.21\commons-compress-1.21.jar;C:\Users\WINDOWS 10\.m2\repository\org\bouncycastle\bcpkix-jdk15on\1.64\bcpkix-jdk15on-1.64.jar;C:\Users\WINDOWS 10\.m2\repository\org\bouncycastle\bcprov-jdk15on\1.64\bcprov-jdk15on-1.64.jar;C:\Users\WINDOWS 10\.m2\repository\org\slf4j\jcl-over-slf4j\1.7.30\jcl-over-slf4j-1.7.30.jar;C:\Users\WINDOWS 10\.m2\repository\com\github\docker-java\docker-java-transport-httpclient5\3.2.13\docker-java-transport-httpclient5-3.2.13.jar;C:\Users\WINDOWS 10\.m2\repository\com\github\docker-java\docker-java-transport\3.2.13\docker-java-transport-3.2.13.jar;C:\Users\WINDOWS 10\.m2\repository\net\java\dev\jna\jna\5.8.0\jna-5.8.0.jar;C:\Users\WINDOWS 10\.m2\repository\org\brotli\dec\0.1.2\dec-0.1.2.jar;C:\Users\WINDOWS 10\.m2\repository\org\apache\httpcomponents\client5\httpclient5\5.1.3\httpclient5-5.1.3.jar;C:\Users\WINDOWS 10\.m2\repository\org\apache\httpcomponents\core5\httpcore5\5.1.3\httpcore5-5.1.3.jar;C:\Users\WINDOWS 10\.m2\repository\org\apache\httpcomponents\core5\httpcore5-h2\5.1.3\httpcore5-h2-5.1.3.jar;C:\Users\WINDOWS 10\.m2\repository\com\jhlabs\filters\2.0.235\filters-2.0.235.jar;C:\Users\WINDOWS 10\.m2\repository\com\paulhammant\ngwebdriver\1.1.6\ngwebdriver-1.1.6.jar;C:\Users\WINDOWS 10\.m2\repository\joda-time\joda-time\2.12.2\joda-time-2.12.2.jar;C:\Users\WINDOWS 10\.m2\repository\org\hamcrest\hamcrest\2.2\hamcrest-2.2.jar;C:\Users\WINDOWS 10\.m2\repository\com\google\jimfs\jimfs\1.2\jimfs-1.2.jar;C:\Users\WINDOWS 10\.m2\repository\org\mockito\mockito-core\3.3.3\mockito-core-3.3.3.jar;C:\Users\WINDOWS 10\.m2\repository\javax\xml\bind\jaxb-api\2.3.1\jaxb-api-2.3.1.jar;C:\Users\WINDOWS 10\.m2\repository\javax\activation\javax.activation-api\1.2.0\javax.activation-api-1.2.0.jar;C:\Users\WINDOWS 10\.m2\repository\com\sun\xml\bind\jaxb-core\2.3.0.1\jaxb-core-2.3.0.1.jar;C:\Users\WINDOWS 10\.m2\repository\com\sun\xml\bind\jaxb-impl\2.3.3\jaxb-impl-2.3.3.jar;C:\Users\WINDOWS 10\.m2\repository\jakarta\xml\bind\jakarta.xml.bind-api\2.3.3\jakarta.xml.bind-api-2.3.3.jar;C:\Users\WINDOWS 10\.m2\repository\com\sun\activation\jakarta.activation\1.2.2\jakarta.activation-1.2.2.jar;C:\Users\WINDOWS 10\.m2\repository\javax\activation\activation\1.1.1\activation-1.1.1.jar;C:\Users\WINDOWS 10\.m2\repository\net\serenity-bdd\serenity-cucumber\3.6.21\serenity-cucumber-3.6.21.jar;C:\Users\WINDOWS 10\.m2\repository\io\cucumber\cucumber-core\7.11.0\cucumber-core-7.11.0.jar;C:\Users\WINDOWS 10\.m2\repository\io\cucumber\cucumber-gherkin\7.11.0\cucumber-gherkin-7.11.0.jar;C:\Users\WINDOWS 10\.m2\repository\io\cucumber\cucumber-gherkin-messages\7.11.0\cucumber-gherkin-messages-7.11.0.jar;C:\Users\WINDOWS 10\.m2\repository\io\cucumber\gherkin\26.0.3\gherkin-26.0.3.jar;C:\Users\WINDOWS 10\.m2\repository\io\cucumber\messages\21.0.1\messages-21.0.1.jar;C:\Users\WINDOWS 10\.m2\repository\io\cucumber\tag-expressions\5.0.1\tag-expressions-5.0.1.jar;C:\Users\WINDOWS 10\.m2\repository\io\cucumber\cucumber-expressions\16.1.1\cucumber-expressions-16.1.1.jar;C:\Users\WINDOWS 10\.m2\repository\io\cucumber\datatable\7.11.0\datatable-7.11.0.jar;C:\Users\WINDOWS 10\.m2\repository\io\cucumber\cucumber-plugin\7.11.0\cucumber-plugin-7.11.0.jar;C:\Users\WINDOWS 10\.m2\repository\io\cucumber\docstring\7.11.0\docstring-7.11.0.jar;C:\Users\WINDOWS 10\.m2\repository\io\cucumber\html-formatter\20.2.1\html-formatter-20.2.1.jar;C:\Users\WINDOWS 10\.m2\repository\io\cucumber\junit-xml-formatter\0.1.0\junit-xml-formatter-0.1.0.jar;C:\Users\WINDOWS 10\.m2\repository\io\cucumber\ci-environment\9.1.0\ci-environment-9.1.0.jar;C:\Users\WINDOWS 10\.m2\repository\io\cucumber\cucumber-java\7.11.0\cucumber-java-7.11.0.jar;C:\Users\WINDOWS 10\.m2\repository\io\cucumber\cucumber-junit\7.11.0\cucumber-junit-7.11.0.jar;C:\Users\WINDOWS 10\.m2\repository\org\apache\commons\commons-csv\1.5\commons-csv-1.5.jar;C:\Users\WINDOWS 10\.m2\repository\net\serenity-bdd\serenity-screenplay\3.6.21\serenity-screenplay-3.6.21.jar;C:\Users\WINDOWS 10\.m2\repository\net\serenity-bdd\serenity-screenplay-webdriver\3.6.21\serenity-screenplay-webdriver-3.6.21.jar;C:\Users\WINDOWS 10\.m2\repository\net\serenity-bdd\serenity-ensure\3.6.21\serenity-ensure-3.6.21.jar;C:\Users\WINDOWS 10\.m2\repository\net\serenity-bdd\serenity-junit\3.6.21\serenity-junit-3.6.21.jar;C:\Users\WINDOWS 10\.m2\repository\org\jetbrains\kotlin\kotlin-stdlib\1.8.10\kotlin-stdlib-1.8.10.jar;C:\Users\WINDOWS 10\.m2\repository\org\jetbrains\kotlin\kotlin-stdlib-common\1.8.10\kotlin-stdlib-common-1.8.10.jar;C:\Users\WINDOWS 10\.m2\repository\org\jetbrains\annotations\13.0\annotations-13.0.jar;C:\Users\WINDOWS 10\.m2\repository\org\junit\platform\junit-platform-launcher\1.8.2\junit-platform-launcher-1.8.2.jar;C:\Users\WINDOWS 10\.m2\repository\org\junit\platform\junit-platform-engine\1.8.2\junit-platform-engine-1.8.2.jar;C:\Users\WINDOWS 10\.m2\repository\org\opentest4j\opentest4j\1.2.0\opentest4j-1.2.0.jar;C:\Users\WINDOWS 10\.m2\repository\org\junit\platform\junit-platform-commons\1.8.2\junit-platform-commons-1.8.2.jar;C:\Users\WINDOWS 10\.m2\repository\org\apiguardian\apiguardian-api\1.1.2\apiguardian-api-1.1.2.jar;C:\Users\WINDOWS 10\.m2\repository\org\junit\jupiter\junit-jupiter-engine\5.8.2\junit-jupiter-engine-5.8.2.jar;C:\Users\WINDOWS 10\.m2\repository\org\junit\jupiter\junit-jupiter-api\5.8.2\junit-jupiter-api-5.8.2.jar;C:\Users\WINDOWS 10\.m2\repository\org\junit\vintage\junit-vintage-engine\5.8.2\junit-vintage-engine-5.8.2.jar;C:\Users\WINDOWS 10\.m2\repository\junit\junit\4.13.2\junit-4.13.2.jar;C:\Users\WINDOWS 10\.m2\repository\org\hamcrest\hamcrest-core\1.3\hamcrest-core-1.3.jar;C:\Users\WINDOWS 10\.m2\repository\ch\qos\logback\logback-classic\1.2.10\logback-classic-1.2.10.jar;C:\Users\WINDOWS 10\.m2\repository\ch\qos\logback\logback-core\1.2.10\logback-core-1.2.10.jar;C:\Users\WINDOWS 10\.m2\repository\org\slf4j\slf4j-api\1.7.32\slf4j-api-1.7.32.jar;C:\Users\WINDOWS 10\.m2\repository\org\assertj\assertj-core\3.23.1\assertj-core-3.23.1.jar;C:\Users\WINDOWS 10\.m2\repository\net\bytebuddy\byte-buddy\1.12.10\byte-buddy-1.12.10.jar;C:\Users\WINDOWS 10\.m2\repository\org\apache\maven\surefire\surefire-junit-platform\3.0.0-M5\surefire-junit-platform-3.0.0-M5.jar;C:\Users\WINDOWS 10\.m2\repository\org\apache\maven\surefire\common-java5\3.0.0-M5\common-java5-3.0.0-M5.jar"/>
    <property name="user.script" value=""/>
    <property name="java.protocol.handler.pkgs" value="com.google.common"/>
    <property name="sun.management.compiler" value="HotSpot 64-Bit Tiered Compilers"/>
    <property name="java.runtime.version" value="15+36-1562"/>
    <property name="user.name" value="WINDOWS 10"/>
    <property name="path.separator" value=";"/>
    <property name="os.version" value="10.0"/>
    <property name="java.runtime.name" value="Java(TM) SE Runtime Environment"/>
    <property name="file.encoding" value="Cp1252"/>
    <property name="webdriver.base.url" value=""/>
    <property name="java.vm.name" value="Java HotSpot(TM) 64-Bit Server VM"/>
    <property name="localRepository" value="C:\Users\WINDOWS 10\.m2\repository"/>
    <property name="java.vendor.url.bug" value="https://bugreport.java.com/bugreport/"/>
    <property name="java.io.tmpdir" value="C:\Users\WINDOW~1\AppData\Local\Temp\"/>
    <property name="java.version" value="15"/>
    <property name="user.dir" value="C:\Users\WINDOWS 10\Documents\GitHub\QE_Andira_Ms\11_Web_Programming_&amp;_Testing\Praktikum\Testing_with_Serenity\Prioritas1\alta"/>
    <property name="os.arch" value="amd64"/>
    <property name="java.vm.specification.name" value="Java Virtual Machine Specification"/>
    <property name="sun.os.patch.level" value=""/>
    <property name="java.library.path" value="C:\Program Files\Java\jdk-15\bin;C:\WINDOWS\Sun\Java\bin;C:\WINDOWS\system32;C:\WINDOWS;C:\Program Files\Common Files\Oracle\Java\javapath;C:\Program Files (x86)\Common Files\Oracle\Java\javapath;C:\WINDOWS\system32;C:\WINDOWS;C:\WINDOWS\System32\Wbem;C:\WINDOWS\System32\WindowsPowerShell\v1.0\;C:\WINDOWS\System32\OpenSSH\;F:\PerCoolyeahan\Instalasi\XAMPP\php;C:\Program Files\Git\cmd;C:\ProgramData\ComposerSetup\bin;C:\Program Files\nodejs\;C:\PROGRA~1\IBM\SQLLIB~1\BIN;C:\PROGRA~1\IBM\SQLLIB~1\FUNCTION;C:\PROGRA~1\IBM\SQLLIB~1\SAMPLES\REPL;C:\Program Files\Cloudflare\Cloudflare WARP\;C:\Program Files\apache-maven-3.9.1\bin;C:\Program Files\MySQL\MySQL Shell 8.0\bin\;C:\Users\WINDOWS 10\AppData\Local\Microsoft\WindowsApps;C:\Users\WINDOWS 10\AppData\Local\Programs\Microsoft VS Code\bin;C:\Users\WINDOWS 10\AppData\Roaming\Composer\vendor\bin;C:\Users\WINDOWS 10\AppData\Roaming\npm;C:\Users\WINDOWS 10\AppData\Local\GitHubDesktop\bin;C:\Users\WINDOWS 10\AppData\Local\spicetify;."/>
    <property name="java.vm.info" value="mixed mode"/>
    <property name="java.vendor" value="Oracle Corporation"/>
    <property name="java.vm.version" value="15+36-1562"/>
    <property name="sun.io.unicode.encoding" value="UnicodeLittle"/>
    <property name="java.class.version" value="59.0"/>
  </properties>
  <testcase name="User Successfully add item to cart" classname="Add to Cart" time="8.053">
    <system-out><![CDATA[02:05:09.016 [main] DEBUG net.thucydides.core.guice.Injectors - Created injector for module net.thucydides.core.guice.ThucydidesModule
02:05:09.246 [main] DEBUG io.cucumber.core.plugin.SerenityReporter - Running feature from file:///C:/Users/WINDOWS%2010/Documents/GitHub/QE_Andira_Ms/11_Web_Programming_&_Testing/Praktikum/Testing_with_Serenity/Prioritas1/alta/src/test/resources/features/AddToCart.feature
02:05:09.368 [main] DEBUG net.thucydides.core.guice.Injectors - Created injector for module net.thucydides.core.guice.webdriver.WebDriverModule
02:05:09.387 [main] INFO  - 

-------------------------------------------------------------------------------------
     _______. _______ .______       _______ .__   __.  __  .___________.____    ____ 
    /       ||   ____||   _  \     |   ____||  \ |  | |  | |           |\   \  /   / 
   |   (----`|  |__   |  |_)  |    |  |__   |   \|  | |  | `---|  |----` \   \/   /  
    \   \    |   __|  |      /     |   __|  |  . `  | |  |     |  |       \_    _/   
.----)   |   |  |____ |  |\  \----.|  |____ |  |\   | |  |     |  |         |  |     
|_______/    |_______|| _| `._____||_______||__| \__| |__|     |__|         |__|    
                                                                                     
 News and tutorials at http://www.serenity-bdd.info                                  
 Documentation at https://wakaleo.gitbooks.io/the-serenity-book/content/             
 Join the Serenity Community on Gitter: https://gitter.im/serenity-bdd/serenity-core 
 Serenity BDD Support and Training at http://serenity-bdd.info/#/trainingandsupport  
-------------------------------------------------------------------------------------

02:05:09.389 [main] DEBUG net.thucydides.core.steps.StepEventBus - Test suite started for story net.thucydides.core.model.Story@f400f1de
02:05:09.391 [main] INFO  - Test Suite Started: Add to Cart
02:05:09.401 [main] DEBUG io.cucumber.core.plugin.SerenityReporter - Running feature from file:///C:/Users/WINDOWS%2010/Documents/GitHub/QE_Andira_Ms/11_Web_Programming_&_Testing/Praktikum/Testing_with_Serenity/Prioritas1/alta/src/test/resources/features/Checkout.feature
02:05:09.405 [main] DEBUG net.thucydides.core.steps.StepEventBus - Test suite started for story net.thucydides.core.model.Story@65fd1e8
02:05:09.407 [main] INFO  - Test Suite Started: Checkout
02:05:09.407 [main] DEBUG io.cucumber.core.plugin.SerenityReporter - Running feature from file:///C:/Users/WINDOWS%2010/Documents/GitHub/QE_Andira_Ms/11_Web_Programming_&_Testing/Praktikum/Testing_with_Serenity/Prioritas1/alta/src/test/resources/features/Logout.feature
02:05:09.410 [main] DEBUG net.thucydides.core.steps.StepEventBus - Test suite started for story net.thucydides.core.model.Story@827fa538
02:05:09.410 [main] INFO  - Test Suite Started: Logout after checkout
02:05:09.411 [main] DEBUG io.cucumber.core.plugin.SerenityReporter - Running feature from file:///C:/Users/WINDOWS%2010/Documents/GitHub/QE_Andira_Ms/11_Web_Programming_&_Testing/Praktikum/Testing_with_Serenity/Prioritas1/alta/src/test/resources/features/AddToCart.feature
02:05:09.414 [main] DEBUG net.thucydides.core.steps.StepEventBus - Test suite started for story net.thucydides.core.model.Story@f400f1de
02:05:09.414 [main] INFO  - Test Suite Started: Add to Cart

Scenario: User Successfully add item to cart &amp#27;[90m# src/test/resources/features/AddToCart.feature:6&amp#27;[0m
02:05:09.487 [main] DEBUG io.cucumber.core.plugin.SerenityReporter - Running feature from file:///C:/Users/WINDOWS%2010/Documents/GitHub/QE_Andira_Ms/11_Web_Programming_&_Testing/Praktikum/Testing_with_Serenity/Prioritas1/alta/src/test/resources/features/AddToCart.feature
02:05:09.586 [main] INFO  - 
  _____   ___   ___   _____     ___   _____     _     ___   _____   ___   ___  
 |_   _| | __| / __| |_   _|   / __| |_   _|   /_\   | _ \ |_   _| | __| |   \ 
   | |   | _|  \__ \   | |     \__ \   | |    / _ \  |   /   | |   | _|  | |) |
   |_|   |___| |___/   |_|     |___/   |_|   /_/ \_\ |_|_\   |_|   |___| |___/ 

User Successfully add item to cart(add-to-cart;user-successfully-add-item-to-cart)
--------------------------------------------------------------------------------
02:05:09.639 [main] DEBUG net.thucydides.core.requirements.model.cucumber.CucumberParser - Loading feature C:\Users\WINDOWS 10\Documents\GitHub\QE_Andira_Ms\11_Web_Programming_&_Testing\Praktikum\Testing_with_Serenity\Prioritas1\alta\src\test\resources\features\AddToCart.feature
02:05:09.652 [main] DEBUG net.thucydides.core.requirements.model.cucumber.CucumberParser - Loading feature C:\Users\WINDOWS 10\Documents\GitHub\QE_Andira_Ms\11_Web_Programming_&_Testing\Praktikum\Testing_with_Serenity\Prioritas1\alta\src\test\resources\features\Checkout.feature
02:05:09.655 [main] DEBUG net.thucydides.core.requirements.model.cucumber.CucumberParser - Loading feature C:\Users\WINDOWS 10\Documents\GitHub\QE_Andira_Ms\11_Web_Programming_&_Testing\Praktikum\Testing_with_Serenity\Prioritas1\alta\src\test\resources\features\Logout.feature
02:05:10.240 [main] DEBUG net.thucydides.core.steps.StepInterceptor - STARTING STEP: AddToCartSteps.onTheLoginPage - openPage
02:05:10.323 [main] INFO net.serenitybdd.core.webdriver.driverproviders.ChromeDriverProvider - Starting Chrome driver instance with capabilities:
02:05:10.325 [main] INFO net.serenitybdd.core.webdriver.driverproviders.ChromeDriverProvider - Capabilities {acceptInsecureCerts: false, browserName: chrome, goog:chromeOptions: {args: [remote-allow-origins=*], extensions: []}}
02:05:10.396 [main] DEBUG io.netty.util.internal.logging.InternalLoggerFactory - Using SLF4J as the default logging framework
02:05:10.398 [main] DEBUG io.netty.util.ResourceLeakDetector - -Dio.netty.leakDetection.level: simple
02:05:10.398 [main] DEBUG io.netty.util.ResourceLeakDetector - -Dio.netty.leakDetection.targetRecords: 4
02:05:10.401 [main] DEBUG io.netty.util.ResourceLeakDetectorFactory - Loaded default ResourceLeakDetector: io.netty.util.ResourceLeakDetector@6889f56f
02:05:10.415 [main] DEBUG io.netty.util.internal.PlatformDependent0 - -Dio.netty.noUnsafe: false
02:05:10.415 [main] DEBUG io.netty.util.internal.PlatformDependent0 - Java version: 15
02:05:10.416 [main] DEBUG io.netty.util.internal.PlatformDependent0 - sun.misc.Unsafe.theUnsafe: available
02:05:10.417 [main] DEBUG io.netty.util.internal.PlatformDependent0 - sun.misc.Unsafe.copyMemory: available
02:05:10.417 [main] DEBUG io.netty.util.internal.PlatformDependent0 - sun.misc.Unsafe.storeFence: available
02:05:10.418 [main] DEBUG io.netty.util.internal.PlatformDependent0 - java.nio.Buffer.address: available
02:05:10.419 [main] DEBUG io.netty.util.internal.PlatformDependent0 - direct buffer constructor: unavailable: Reflective setAccessible(true) disabled
02:05:10.420 [main] DEBUG io.netty.util.internal.PlatformDependent0 - java.nio.Bits.unaligned: available, true
02:05:10.421 [main] DEBUG io.netty.util.internal.PlatformDependent0 - jdk.internal.misc.Unsafe.allocateUninitializedArray(int): unavailable: class io.netty.util.internal.PlatformDependent0$7 cannot access class jdk.internal.misc.Unsafe (in module java.base) because module java.base does not export jdk.internal.misc to unnamed module @133e019b
02:05:10.422 [main] DEBUG io.netty.util.internal.PlatformDependent0 - java.nio.DirectByteBuffer.<init>(long, int): unavailable
02:05:10.422 [main] DEBUG io.netty.util.internal.PlatformDependent - sun.misc.Unsafe: available
02:05:10.423 [main] DEBUG io.netty.util.internal.PlatformDependent - maxDirectMemory: 4133486592 bytes (maybe)
02:05:10.424 [main] DEBUG io.netty.util.internal.PlatformDependent - -Dio.netty.tmpdir: C:\Users\WINDOW~1\AppData\Local\Temp (java.io.tmpdir)
02:05:10.424 [main] DEBUG io.netty.util.internal.PlatformDependent - -Dio.netty.bitMode: 64 (sun.arch.data.model)
02:05:10.424 [main] DEBUG io.netty.util.internal.PlatformDependent - Platform: Windows
02:05:10.425 [main] DEBUG io.netty.util.internal.PlatformDependent - -Dio.netty.maxDirectMemory: -1 bytes
02:05:10.425 [main] DEBUG io.netty.util.internal.PlatformDependent - -Dio.netty.uninitializedArrayAllocationThreshold: -1
02:05:10.426 [main] DEBUG io.netty.util.internal.CleanerJava9 - java.nio.ByteBuffer.cleaner(): available
02:05:10.426 [main] DEBUG io.netty.util.internal.PlatformDependent - -Dio.netty.noPreferDirect: false
02:05:10.433 [main] DEBUG io.netty.util.internal.PlatformDependent - org.jctools-core.MpscChunkedArrayQueue: available
02:05:10.453 [main] DEBUG io.netty.util.internal.InternalThreadLocalMap - -Dio.netty.threadLocalMap.stringBuilder.initialSize: 1024
02:05:10.453 [main] DEBUG io.netty.util.internal.InternalThreadLocalMap - -Dio.netty.threadLocalMap.stringBuilder.maxSize: 4096
02:05:10.605 [main] DEBUG io.netty.handler.ssl.JdkSslContext - Default protocols (JDK): [TLSv1.3, TLSv1.2, TLSv1.1, TLSv1] 
02:05:10.605 [main] DEBUG io.netty.handler.ssl.JdkSslContext - Default cipher suites (JDK): [TLS_ECDHE_ECDSA_WITH_AES_256_GCM_SHA384, TLS_ECDHE_ECDSA_WITH_AES_128_GCM_SHA256, TLS_ECDHE_RSA_WITH_AES_128_GCM_SHA256, TLS_ECDHE_RSA_WITH_AES_256_GCM_SHA384, TLS_ECDHE_RSA_WITH_AES_128_CBC_SHA, TLS_ECDHE_RSA_WITH_AES_256_CBC_SHA, TLS_RSA_WITH_AES_128_GCM_SHA256, TLS_RSA_WITH_AES_128_CBC_SHA, TLS_RSA_WITH_AES_256_CBC_SHA, TLS_AES_128_GCM_SHA256, TLS_AES_256_GCM_SHA384]
02:05:10.627 [main] DEBUG io.netty.channel.MultithreadEventLoopGroup - -Dio.netty.eventLoopThreads: 32
02:05:10.635 [main] DEBUG io.netty.channel.nio.NioEventLoop - -Dio.netty.noKeySetOptimization: false
02:05:10.635 [main] DEBUG io.netty.channel.nio.NioEventLoop - -Dio.netty.selectorAutoRebuildThreshold: 512
02:05:10.683 [main] DEBUG io.netty.buffer.PooledByteBufAllocator - -Dio.netty.allocator.numHeapArenas: 32
02:05:10.683 [main] DEBUG io.netty.buffer.PooledByteBufAllocator - -Dio.netty.allocator.numDirectArenas: 32
02:05:10.683 [main] DEBUG io.netty.buffer.PooledByteBufAllocator - -Dio.netty.allocator.pageSize: 8192
02:05:10.683 [main] DEBUG io.netty.buffer.PooledByteBufAllocator - -Dio.netty.allocator.maxOrder: 9
02:05:10.683 [main] DEBUG io.netty.buffer.PooledByteBufAllocator - -Dio.netty.allocator.chunkSize: 4194304
02:05:10.683 [main] DEBUG io.netty.buffer.PooledByteBufAllocator - -Dio.netty.allocator.smallCacheSize: 256
02:05:10.683 [main] DEBUG io.netty.buffer.PooledByteBufAllocator - -Dio.netty.allocator.normalCacheSize: 64
02:05:10.683 [main] DEBUG io.netty.buffer.PooledByteBufAllocator - -Dio.netty.allocator.maxCachedBufferCapacity: 32768
02:05:10.683 [main] DEBUG io.netty.buffer.PooledByteBufAllocator - -Dio.netty.allocator.cacheTrimInterval: 8192
02:05:10.683 [main] DEBUG io.netty.buffer.PooledByteBufAllocator - -Dio.netty.allocator.cacheTrimIntervalMillis: 0
02:05:10.684 [main] DEBUG io.netty.buffer.PooledByteBufAllocator - -Dio.netty.allocator.useCacheForAllThreads: false
02:05:10.684 [main] DEBUG io.netty.buffer.PooledByteBufAllocator - -Dio.netty.allocator.maxCachedByteBuffersPerChunk: 1023
02:05:10.694 [main] DEBUG io.netty.buffer.ByteBufUtil - -Dio.netty.allocator.type: pooled
02:05:10.694 [main] DEBUG io.netty.buffer.ByteBufUtil - -Dio.netty.threadLocalDirectBufferSize: 0
02:05:10.694 [main] DEBUG io.netty.buffer.ByteBufUtil - -Dio.netty.maxThreadLocalCharBufferSize: 16384
02:05:11.471 [Forwarding newSession on session null to remote] DEBUG io.netty.channel.DefaultChannelId - -Dio.netty.processId: 15372 (auto-detected)
02:05:11.473 [Forwarding newSession on session null to remote] DEBUG io.netty.util.NetUtil - -Djava.net.preferIPv4Stack: false
02:05:11.473 [Forwarding newSession on session null to remote] DEBUG io.netty.util.NetUtil - -Djava.net.preferIPv6Addresses: false
02:05:11.492 [Forwarding newSession on session null to remote] DEBUG io.netty.util.NetUtilInitializations - Loopback interface: lo (Software Loopback Interface 1, 127.0.0.1)
02:05:11.493 [Forwarding newSession on session null to remote] DEBUG io.netty.util.NetUtil - Failed to get SOMAXCONN from sysctl and file \proc\sys\net\core\somaxconn. Default: 200
02:05:11.538 [Forwarding newSession on session null to remote] DEBUG io.netty.channel.DefaultChannelId - -Dio.netty.machineId: 34:cf:f6:ff:fe:2b:0c:19 (auto-detected)
02:05:11.569 [AsyncHttpClient-1-2] DEBUG io.netty.buffer.AbstractByteBuf - -Dio.netty.buffer.checkAccessible: true
02:05:11.569 [AsyncHttpClient-1-2] DEBUG io.netty.buffer.AbstractByteBuf - -Dio.netty.buffer.checkBounds: true
02:05:11.569 [AsyncHttpClient-1-2] DEBUG io.netty.util.ResourceLeakDetectorFactory - Loaded default ResourceLeakDetector: io.netty.util.ResourceLeakDetector@7afa10f7
02:05:11.577 [AsyncHttpClient-1-2] DEBUG org.asynchttpclient.netty.channel.NettyConnectListener - Using new Channel '[id: 0x5c0d7474, L:/127.0.0.1:60251 - R:localhost/127.0.0.1:20088]' for 'POST' to '/session'
02:05:11.587 [AsyncHttpClient-1-2] DEBUG io.netty.util.Recycler - -Dio.netty.recycler.maxCapacityPerThread: 4096
02:05:11.588 [AsyncHttpClient-1-2] DEBUG io.netty.util.Recycler - -Dio.netty.recycler.ratio: 8
02:05:11.588 [AsyncHttpClient-1-2] DEBUG io.netty.util.Recycler - -Dio.netty.recycler.chunkSize: 32
02:05:11.588 [AsyncHttpClient-1-2] DEBUG io.netty.util.Recycler - -Dio.netty.recycler.blocking: false
02:05:12.193 [AsyncHttpClient-1-2] DEBUG io.netty.handler.codec.compression.Brotli - brotli4j not in the classpath; Brotli support will be unavailable.
02:05:12.194 [AsyncHttpClient-1-2] DEBUG org.asynchttpclient.netty.handler.HttpHandler - 

Request DefaultHttpRequest(decodeResult: success, version: HTTP/1.1)
POST /session HTTP/1.1
User-Agent: selenium/4.8.1 (java windows)
Content-Length: 507
Content-Type: application/json; charset=utf-8
host: localhost:20088
accept: */*

Response DefaultHttpResponse(decodeResult: success, version: HTTP/1.1)
HTTP/1.1 200 OK
Content-Length: 862
Content-Type: application/json; charset=utf-8
cache-control: no-cache

02:05:12.199 [AsyncHttpClient-1-2] DEBUG org.asynchttpclient.netty.channel.ChannelManager - Adding key: http://localhost:20088 for channel [id: 0x5c0d7474, L:/127.0.0.1:60251 - R:localhost/127.0.0.1:20088]
02:05:12.249 [AsyncHttpClient-1-3] DEBUG org.asynchttpclient.netty.channel.NettyConnectListener - Using new Channel '[id: 0xf6df153d, L:/127.0.0.1:60259 - R:localhost/127.0.0.1:60253]' for 'GET' to '/json/version'
02:05:12.252 [AsyncHttpClient-1-3] DEBUG org.asynchttpclient.netty.handler.HttpHandler - 

Request DefaultFullHttpRequest(decodeResult: success, version: HTTP/1.1, content: EmptyByteBufBE)
GET /json/version HTTP/1.1
User-Agent: selenium/4.8.1 (java windows)
host: localhost:60253
accept: */*

Response DefaultHttpResponse(decodeResult: success, version: HTTP/1.1)
HTTP/1.1 200 OK
Content-Security-Policy: frame-ancestors 'none'
Content-Length: 422
Content-Type: application/json; charset=UTF-8

02:05:12.252 [AsyncHttpClient-1-3] DEBUG org.asynchttpclient.netty.channel.ChannelManager - Adding key: http://localhost:60253 for channel [id: 0xf6df153d, L:/127.0.0.1:60259 - R:localhost/127.0.0.1:60253]
02:05:12.259 [main] DEBUG io.netty.util.internal.ThreadLocalRandom - -Dio.netty.initialSeedUniquifier: 0x5f2184223ae8d2dc
02:05:12.262 [AsyncHttpClient-1-4] DEBUG org.asynchttpclient.netty.channel.NettyConnectListener - Using new Channel '[id: 0xd360fef5, L:/127.0.0.1:60260 - R:localhost/127.0.0.1:60253]' for 'GET' to '/devtools/browser/9c6e2b53-80d8-485b-a446-bae52e5e844d'
02:05:12.264 [AsyncHttpClient-1-4] DEBUG org.asynchttpclient.netty.handler.WebSocketHandler - 

Request DefaultFullHttpRequest(decodeResult: success, version: HTTP/1.1, content: EmptyByteBufBE)
GET /devtools/browser/9c6e2b53-80d8-485b-a446-bae52e5e844d HTTP/1.1
upgrade: websocket
connection: upgrade
sec-websocket-key: PoMfmijwDk7Q2ESDvVKAiw==
sec-websocket-version: 13
origin: http://localhost:60253
host: localhost:60253
accept: */*
user-agent: AHC/2.1

Response DefaultHttpResponse(decodeResult: success, version: HTTP/1.1)
HTTP/1.1 101 WebSocket Protocol Handshake
Upgrade: WebSocket
Connection: Upgrade
Sec-WebSocket-Accept: 3eOlQEZvRPuLQ7ntTmBVTaNhktY=

02:05:12.337 [Forwarding get on session f60e30bb144684a48710ed8207bd2b55 to remote] DEBUG org.asynchttpclient.netty.request.NettyRequestSender - Using pooled Channel '[id: 0x5c0d7474, L:/127.0.0.1:60251 - R:localhost/127.0.0.1:20088]' for 'POST' to 'http://localhost:20088/session/f60e30bb144684a48710ed8207bd2b55/url'
02:05:12.337 [Forwarding get on session f60e30bb144684a48710ed8207bd2b55 to remote] DEBUG org.asynchttpclient.netty.request.NettyRequestSender - Using open Channel [id: 0x5c0d7474, L:/127.0.0.1:60251 - R:localhost/127.0.0.1:20088] for POST '/session/f60e30bb144684a48710ed8207bd2b55/url'
02:05:12.740 [AsyncHttpClient-1-1] DEBUG org.asynchttpclient.netty.channel.DefaultChannelPool - Entry count for : http://localhost:60253 : 1
02:05:13.657 [AsyncHttpClient-1-2] DEBUG org.asynchttpclient.netty.handler.HttpHandler - 

Request DefaultHttpRequest(decodeResult: success, version: HTTP/1.1)
POST /session/f60e30bb144684a48710ed8207bd2b55/url HTTP/1.1
User-Agent: selenium/4.8.1 (java windows)
Content-Length: 56
Content-Type: application/json; charset=utf-8
host: localhost:20088
accept: */*

Response DefaultHttpResponse(decodeResult: success, version: HTTP/1.1)
HTTP/1.1 200 OK
Content-Length: 14
Content-Type: application/json; charset=utf-8
cache-control: no-cache

02:05:13.657 [AsyncHttpClient-1-2] DEBUG org.asynchttpclient.netty.channel.ChannelManager - Adding key: http://localhost:20088 for channel [id: 0x5c0d7474, L:/127.0.0.1:60251 - R:localhost/127.0.0.1:20088]
02:05:13.661 [Forwarding setTimeout on session f60e30bb144684a48710ed8207bd2b55 to remote] DEBUG org.asynchttpclient.netty.request.NettyRequestSender - Using pooled Channel '[id: 0x5c0d7474, L:/127.0.0.1:60251 - R:localhost/127.0.0.1:20088]' for 'POST' to 'http://localhost:20088/session/f60e30bb144684a48710ed8207bd2b55/timeouts'
02:05:13.661 [Forwarding setTimeout on session f60e30bb144684a48710ed8207bd2b55 to remote] DEBUG org.asynchttpclient.netty.request.NettyRequestSender - Using open Channel [id: 0x5c0d7474, L:/127.0.0.1:60251 - R:localhost/127.0.0.1:20088] for POST '/session/f60e30bb144684a48710ed8207bd2b55/timeouts'
02:05:13.662 [AsyncHttpClient-1-2] DEBUG org.asynchttpclient.netty.handler.HttpHandler - 

Request DefaultHttpRequest(decodeResult: success, version: HTTP/1.1)
POST /session/f60e30bb144684a48710ed8207bd2b55/timeouts HTTP/1.1
User-Agent: selenium/4.8.1 (java windows)
Content-Length: 22
Content-Type: application/json; charset=utf-8
host: localhost:20088
accept: */*

Response DefaultHttpResponse(decodeResult: success, version: HTTP/1.1)
HTTP/1.1 200 OK
Content-Length: 14
Content-Type: application/json; charset=utf-8
cache-control: no-cache

02:05:13.662 [AsyncHttpClient-1-2] DEBUG org.asynchttpclient.netty.channel.ChannelManager - Adding key: http://localhost:20088 for channel [id: 0x5c0d7474, L:/127.0.0.1:60251 - R:localhost/127.0.0.1:20088]
02:05:13.685 [main] DEBUG net.serenitybdd.core.photography.Darkroom - Opening darkroom
02:05:13.686 [Darkroom Processing Line] DEBUG net.serenitybdd.core.photography.DarkroomProcessingLine - Darkroom processing line starting up
02:05:13.695 [Forwarding getAlertText on session f60e30bb144684a48710ed8207bd2b55 to remote] DEBUG org.asynchttpclient.netty.request.NettyRequestSender - Using pooled Channel '[id: 0x5c0d7474, L:/127.0.0.1:60251 - R:localhost/127.0.0.1:20088]' for 'GET' to 'http://localhost:20088/session/f60e30bb144684a48710ed8207bd2b55/alert/text'
02:05:13.695 [Forwarding getAlertText on session f60e30bb144684a48710ed8207bd2b55 to remote] DEBUG org.asynchttpclient.netty.request.NettyRequestSender - Using open Channel [id: 0x5c0d7474, L:/127.0.0.1:60251 - R:localhost/127.0.0.1:20088] for GET '/session/f60e30bb144684a48710ed8207bd2b55/alert/text'
02:05:13.697 [AsyncHttpClient-1-2] DEBUG org.asynchttpclient.netty.handler.HttpHandler - 

Request DefaultFullHttpRequest(decodeResult: success, version: HTTP/1.1, content: EmptyByteBufBE)
GET /session/f60e30bb144684a48710ed8207bd2b55/alert/text HTTP/1.1
User-Agent: selenium/4.8.1 (java windows)
Cache-Control: no-cache
Content-Type: application/json; charset=utf-8
host: localhost:20088
accept: */*

Response DefaultHttpResponse(decodeResult: success, version: HTTP/1.1)
HTTP/1.1 404 Not Found
Content-Length: 835
Content-Type: application/json; charset=utf-8
cache-control: no-cache

02:05:13.697 [AsyncHttpClient-1-2] DEBUG org.asynchttpclient.netty.channel.ChannelManager - Adding key: http://localhost:20088 for channel [id: 0x5c0d7474, L:/127.0.0.1:60251 - R:localhost/127.0.0.1:20088]
02:05:13.702 [Forwarding getCurrentUrl on session f60e30bb144684a48710ed8207bd2b55 to remote] DEBUG org.asynchttpclient.netty.request.NettyRequestSender - Using pooled Channel '[id: 0x5c0d7474, L:/127.0.0.1:60251 - R:localhost/127.0.0.1:20088]' for 'GET' to 'http://localhost:20088/session/f60e30bb144684a48710ed8207bd2b55/url'
02:05:13.703 [Forwarding getCurrentUrl on session f60e30bb144684a48710ed8207bd2b55 to remote] DEBUG org.asynchttpclient.netty.request.NettyRequestSender - Using open Channel [id: 0x5c0d7474, L:/127.0.0.1:60251 - R:localhost/127.0.0.1:20088] for GET '/session/f60e30bb144684a48710ed8207bd2b55/url'
02:05:13.708 [AsyncHttpClient-1-2] DEBUG org.asynchttpclient.netty.handler.HttpHandler - 

Request DefaultFullHttpRequest(decodeResult: success, version: HTTP/1.1, content: EmptyByteBufBE)
GET /session/f60e30bb144684a48710ed8207bd2b55/url HTTP/1.1
User-Agent: selenium/4.8.1 (java windows)
Cache-Control: no-cache
Content-Type: application/json; charset=utf-8
host: localhost:20088
accept: */*

Response DefaultHttpResponse(decodeResult: success, version: HTTP/1.1)
HTTP/1.1 200 OK
Content-Length: 38
Content-Type: application/json; charset=utf-8
cache-control: no-cache

02:05:13.708 [AsyncHttpClient-1-2] DEBUG org.asynchttpclient.netty.channel.ChannelManager - Adding key: http://localhost:20088 for channel [id: 0x5c0d7474, L:/127.0.0.1:60251 - R:localhost/127.0.0.1:20088]
02:05:13.710 [Forwarding screenshot on session f60e30bb144684a48710ed8207bd2b55 to remote] DEBUG org.asynchttpclient.netty.request.NettyRequestSender - Using pooled Channel '[id: 0x5c0d7474, L:/127.0.0.1:60251 - R:localhost/127.0.0.1:20088]' for 'GET' to 'http://localhost:20088/session/f60e30bb144684a48710ed8207bd2b55/screenshot'
02:05:13.710 [Forwarding screenshot on session f60e30bb144684a48710ed8207bd2b55 to remote] DEBUG org.asynchttpclient.netty.request.NettyRequestSender - Using open Channel [id: 0x5c0d7474, L:/127.0.0.1:60251 - R:localhost/127.0.0.1:20088] for GET '/session/f60e30bb144684a48710ed8207bd2b55/screenshot'
02:05:13.812 [AsyncHttpClient-1-2] DEBUG org.asynchttpclient.netty.handler.HttpHandler - 

Request DefaultFullHttpRequest(decodeResult: success, version: HTTP/1.1, content: EmptyByteBufBE)
GET /session/f60e30bb144684a48710ed8207bd2b55/screenshot HTTP/1.1
User-Agent: selenium/4.8.1 (java windows)
Cache-Control: no-cache
Content-Type: application/json; charset=utf-8
host: localhost:20088
accept: */*

Response DefaultHttpResponse(decodeResult: success, version: HTTP/1.1)
HTTP/1.1 200 OK
Content-Length: 38600
Content-Type: application/json; charset=utf-8
cache-control: no-cache

02:05:13.813 [AsyncHttpClient-1-2] DEBUG org.asynchttpclient.netty.channel.ChannelManager - Adding key: http://localhost:20088 for channel [id: 0x5c0d7474, L:/127.0.0.1:60251 - R:localhost/127.0.0.1:20088]
02:05:13.839 [AsyncHttpClient-1-1] DEBUG org.asynchttpclient.netty.channel.DefaultChannelPool - Entry count for : http://localhost:60253 : 1
02:05:13.839 [AsyncHttpClient-1-1] DEBUG org.asynchttpclient.netty.channel.DefaultChannelPool - Entry count for : http://localhost:20088 : 1
02:05:13.856 [main] DEBUG net.serenitybdd.core.photography.Darkroom - Send negative for processing for target\site\serenity\a6ae5bb822193849a5f03d86c993b56178bcf2d63c5f2b8d5352f0c7690073fa.png
02:05:13.856 [Darkroom Processing Line] DEBUG net.serenitybdd.core.photography.DarkroomProcessingLine - Processing screenshot image in /var/screenshots/screenshot-7966316977913139490
02:05:13.856 [Darkroom Processing Line] DEBUG net.serenitybdd.core.photography.DarkroomProcessingLine - Saving screenshot to target\site\serenity\a6ae5bb822193849a5f03d86c993b56178bcf2d63c5f2b8d5352f0c7690073fa.png
02:05:13.859 [main] DEBUG net.thucydides.core.steps.StepInterceptor - STEP DONE: openPage
02:05:13.865 [Forwarding getPageSource on session f60e30bb144684a48710ed8207bd2b55 to remote] DEBUG org.asynchttpclient.netty.request.NettyRequestSender - Using pooled Channel '[id: 0x5c0d7474, L:/127.0.0.1:60251 - R:localhost/127.0.0.1:20088]' for 'POST' to 'http://localhost:20088/session/f60e30bb144684a48710ed8207bd2b55/execute/sync'
02:05:13.865 [Forwarding getPageSource on session f60e30bb144684a48710ed8207bd2b55 to remote] DEBUG org.asynchttpclient.netty.request.NettyRequestSender - Using open Channel [id: 0x5c0d7474, L:/127.0.0.1:60251 - R:localhost/127.0.0.1:20088] for POST '/session/f60e30bb144684a48710ed8207bd2b55/execute/sync'
02:05:13.870 [AsyncHttpClient-1-2] DEBUG org.asynchttpclient.netty.handler.HttpHandler - 

Request DefaultHttpRequest(decodeResult: success, version: HTTP/1.1)
POST /session/f60e30bb144684a48710ed8207bd2b55/execute/sync HTTP/1.1
User-Agent: selenium/4.8.1 (java windows)
Content-Length: 176
Content-Type: application/json; charset=utf-8
host: localhost:20088
accept: */*

Response DefaultHttpResponse(decodeResult: success, version: HTTP/1.1)
HTTP/1.1 200 OK
Content-Length: 4286
Content-Type: application/json; charset=utf-8
cache-control: no-cache

02:05:13.870 [AsyncHttpClient-1-2] DEBUG org.asynchttpclient.netty.channel.ChannelManager - Adding key: http://localhost:20088 for channel [id: 0x5c0d7474, L:/127.0.0.1:60251 - R:localhost/127.0.0.1:20088]
02:05:13.916 [Forwarding getCurrentUrl on session f60e30bb144684a48710ed8207bd2b55 to remote] DEBUG org.asynchttpclient.netty.request.NettyRequestSender - Using pooled Channel '[id: 0x5c0d7474, L:/127.0.0.1:60251 - R:localhost/127.0.0.1:20088]' for 'GET' to 'http://localhost:20088/session/f60e30bb144684a48710ed8207bd2b55/url'
02:05:13.917 [Forwarding getCurrentUrl on session f60e30bb144684a48710ed8207bd2b55 to remote] DEBUG org.asynchttpclient.netty.request.NettyRequestSender - Using open Channel [id: 0x5c0d7474, L:/127.0.0.1:60251 - R:localhost/127.0.0.1:20088] for GET '/session/f60e30bb144684a48710ed8207bd2b55/url'
02:05:13.920 [AsyncHttpClient-1-2] DEBUG org.asynchttpclient.netty.handler.HttpHandler - 

Request DefaultFullHttpRequest(decodeResult: success, version: HTTP/1.1, content: EmptyByteBufBE)
GET /session/f60e30bb144684a48710ed8207bd2b55/url HTTP/1.1
User-Agent: selenium/4.8.1 (java windows)
Cache-Control: no-cache
Content-Type: application/json; charset=utf-8
host: localhost:20088
accept: */*

Response DefaultHttpResponse(decodeResult: success, version: HTTP/1.1)
HTTP/1.1 200 OK
Content-Length: 38
Content-Type: application/json; charset=utf-8
cache-control: no-cache

02:05:13.920 [AsyncHttpClient-1-2] DEBUG org.asynchttpclient.netty.channel.ChannelManager - Adding key: http://localhost:20088 for channel [id: 0x5c0d7474, L:/127.0.0.1:60251 - R:localhost/127.0.0.1:20088]
02:05:13.923 [main] DEBUG net.thucydides.core.steps.StepInterceptor - STARTING STEP: AddToCartSteps.onTheLoginPage - validateOnLoginPage
02:05:13.931 [Forwarding findElement on session f60e30bb144684a48710ed8207bd2b55 to remote] DEBUG org.asynchttpclient.netty.request.NettyRequestSender - Using pooled Channel '[id: 0x5c0d7474, L:/127.0.0.1:60251 - R:localhost/127.0.0.1:20088]' for 'POST' to 'http://localhost:20088/session/f60e30bb144684a48710ed8207bd2b55/element'
02:05:13.931 [Forwarding findElement on session f60e30bb144684a48710ed8207bd2b55 to remote] DEBUG org.asynchttpclient.netty.request.NettyRequestSender - Using open Channel [id: 0x5c0d7474, L:/127.0.0.1:60251 - R:localhost/127.0.0.1:20088] for POST '/session/f60e30bb144684a48710ed8207bd2b55/element'
02:05:13.940 [AsyncHttpClient-1-2] DEBUG org.asynchttpclient.netty.handler.HttpHandler - 

Request DefaultHttpRequest(decodeResult: success, version: HTTP/1.1)
POST /session/f60e30bb144684a48710ed8207bd2b55/element HTTP/1.1
User-Agent: selenium/4.8.1 (java windows)
Content-Length: 59
Content-Type: application/json; charset=utf-8
host: localhost:20088
accept: */*

Response DefaultHttpResponse(decodeResult: success, version: HTTP/1.1)
HTTP/1.1 200 OK
Content-Length: 88
Content-Type: application/json; charset=utf-8
cache-control: no-cache

02:05:13.940 [AsyncHttpClient-1-2] DEBUG org.asynchttpclient.netty.channel.ChannelManager - Adding key: http://localhost:20088 for channel [id: 0x5c0d7474, L:/127.0.0.1:60251 - R:localhost/127.0.0.1:20088]
02:05:13.955 [Forwarding isElementDisplayed on session f60e30bb144684a48710ed8207bd2b55 to remote] DEBUG org.asynchttpclient.netty.request.NettyRequestSender - Using pooled Channel '[id: 0x5c0d7474, L:/127.0.0.1:60251 - R:localhost/127.0.0.1:20088]' for 'POST' to 'http://localhost:20088/session/f60e30bb144684a48710ed8207bd2b55/execute/sync'
02:05:13.955 [Forwarding isElementDisplayed on session f60e30bb144684a48710ed8207bd2b55 to remote] DEBUG org.asynchttpclient.netty.request.NettyRequestSender - Using open Channel [id: 0x5c0d7474, L:/127.0.0.1:60251 - R:localhost/127.0.0.1:20088] for POST '/session/f60e30bb144684a48710ed8207bd2b55/execute/sync'
02:05:13.972 [AsyncHttpClient-1-2] DEBUG org.asynchttpclient.netty.handler.HttpHandler - 

Request DefaultHttpRequest(decodeResult: success, version: HTTP/1.1)
POST /session/f60e30bb144684a48710ed8207bd2b55/execute/sync HTTP/1.1
User-Agent: selenium/4.8.1 (java windows)
Content-Length: 48807
Content-Type: application/json; charset=utf-8
host: localhost:20088
accept: */*

Response DefaultHttpResponse(decodeResult: success, version: HTTP/1.1)
HTTP/1.1 200 OK
Content-Length: 14
Content-Type: application/json; charset=utf-8
cache-control: no-cache

02:05:13.972 [AsyncHttpClient-1-2] DEBUG org.asynchttpclient.netty.channel.ChannelManager - Adding key: http://localhost:20088 for channel [id: 0x5c0d7474, L:/127.0.0.1:60251 - R:localhost/127.0.0.1:20088]
02:05:13.978 [Forwarding getAlertText on session f60e30bb144684a48710ed8207bd2b55 to remote] DEBUG org.asynchttpclient.netty.request.NettyRequestSender - Using pooled Channel '[id: 0x5c0d7474, L:/127.0.0.1:60251 - R:localhost/127.0.0.1:20088]' for 'GET' to 'http://localhost:20088/session/f60e30bb144684a48710ed8207bd2b55/alert/text'
02:05:13.979 [Forwarding getAlertText on session f60e30bb144684a48710ed8207bd2b55 to remote] DEBUG org.asynchttpclient.netty.request.NettyRequestSender - Using open Channel [id: 0x5c0d7474, L:/127.0.0.1:60251 - R:localhost/127.0.0.1:20088] for GET '/session/f60e30bb144684a48710ed8207bd2b55/alert/text'
02:05:13.981 [AsyncHttpClient-1-2] DEBUG org.asynchttpclient.netty.handler.HttpHandler - 

Request DefaultFullHttpRequest(decodeResult: success, version: HTTP/1.1, content: EmptyByteBufBE)
GET /session/f60e30bb144684a48710ed8207bd2b55/alert/text HTTP/1.1
User-Agent: selenium/4.8.1 (java windows)
Cache-Control: no-cache
Content-Type: application/json; charset=utf-8
host: localhost:20088
accept: */*

Response DefaultHttpResponse(decodeResult: success, version: HTTP/1.1)
HTTP/1.1 404 Not Found
Content-Length: 835
Content-Type: application/json; charset=utf-8
cache-control: no-cache

02:05:13.981 [AsyncHttpClient-1-2] DEBUG org.asynchttpclient.netty.channel.ChannelManager - Adding key: http://localhost:20088 for channel [id: 0x5c0d7474, L:/127.0.0.1:60251 - R:localhost/127.0.0.1:20088]
02:05:13.983 [Forwarding getCurrentUrl on session f60e30bb144684a48710ed8207bd2b55 to remote] DEBUG org.asynchttpclient.netty.request.NettyRequestSender - Using pooled Channel '[id: 0x5c0d7474, L:/127.0.0.1:60251 - R:localhost/127.0.0.1:20088]' for 'GET' to 'http://localhost:20088/session/f60e30bb144684a48710ed8207bd2b55/url'
02:05:13.983 [Forwarding getCurrentUrl on session f60e30bb144684a48710ed8207bd2b55 to remote] DEBUG org.asynchttpclient.netty.request.NettyRequestSender - Using open Channel [id: 0x5c0d7474, L:/127.0.0.1:60251 - R:localhost/127.0.0.1:20088] for GET '/session/f60e30bb144684a48710ed8207bd2b55/url'
02:05:13.987 [AsyncHttpClient-1-2] DEBUG org.asynchttpclient.netty.handler.HttpHandler - 

Request DefaultFullHttpRequest(decodeResult: success, version: HTTP/1.1, content: EmptyByteBufBE)
GET /session/f60e30bb144684a48710ed8207bd2b55/url HTTP/1.1
User-Agent: selenium/4.8.1 (java windows)
Cache-Control: no-cache
Content-Type: application/json; charset=utf-8
host: localhost:20088
accept: */*

Response DefaultHttpResponse(decodeResult: success, version: HTTP/1.1)
HTTP/1.1 200 OK
Content-Length: 38
Content-Type: application/json; charset=utf-8
cache-control: no-cache

02:05:13.988 [AsyncHttpClient-1-2] DEBUG org.asynchttpclient.netty.channel.ChannelManager - Adding key: http://localhost:20088 for channel [id: 0x5c0d7474, L:/127.0.0.1:60251 - R:localhost/127.0.0.1:20088]
02:05:13.990 [Forwarding screenshot on session f60e30bb144684a48710ed8207bd2b55 to remote] DEBUG org.asynchttpclient.netty.request.NettyRequestSender - Using pooled Channel '[id: 0x5c0d7474, L:/127.0.0.1:60251 - R:localhost/127.0.0.1:20088]' for 'GET' to 'http://localhost:20088/session/f60e30bb144684a48710ed8207bd2b55/screenshot'
02:05:13.990 [Forwarding screenshot on session f60e30bb144684a48710ed8207bd2b55 to remote] DEBUG org.asynchttpclient.netty.request.NettyRequestSender - Using open Channel [id: 0x5c0d7474, L:/127.0.0.1:60251 - R:localhost/127.0.0.1:20088] for GET '/session/f60e30bb144684a48710ed8207bd2b55/screenshot'
02:05:14.079 [AsyncHttpClient-1-2] DEBUG org.asynchttpclient.netty.handler.HttpHandler - 

Request DefaultFullHttpRequest(decodeResult: success, version: HTTP/1.1, content: EmptyByteBufBE)
GET /session/f60e30bb144684a48710ed8207bd2b55/screenshot HTTP/1.1
User-Agent: selenium/4.8.1 (java windows)
Cache-Control: no-cache
Content-Type: application/json; charset=utf-8
host: localhost:20088
accept: */*

Response DefaultHttpResponse(decodeResult: success, version: HTTP/1.1)
HTTP/1.1 200 OK
Content-Length: 38600
Content-Type: application/json; charset=utf-8
cache-control: no-cache

02:05:14.080 [AsyncHttpClient-1-2] DEBUG org.asynchttpclient.netty.channel.ChannelManager - Adding key: http://localhost:20088 for channel [id: 0x5c0d7474, L:/127.0.0.1:60251 - R:localhost/127.0.0.1:20088]
02:05:14.082 [main] DEBUG net.serenitybdd.core.photography.Darkroom - Send negative for processing for target\site\serenity\a6ae5bb822193849a5f03d86c993b56178bcf2d63c5f2b8d5352f0c7690073fa.png
02:05:14.083 [main] DEBUG net.thucydides.core.steps.StepInterceptor - STEP DONE: validateOnLoginPage
  &amp#27;[32mGiven &amp#27;[0m&amp#27;[32mI am on the Saucedemo login page&amp#27;[0m     &amp#27;[90m# starter.stepdefinitions.AddToCartSteps.onTheLoginPage()&amp#27;[0m
02:05:14.095 [Forwarding getPageSource on session f60e30bb144684a48710ed8207bd2b55 to remote] DEBUG org.asynchttpclient.netty.request.NettyRequestSender - Using pooled Channel '[id: 0x5c0d7474, L:/127.0.0.1:60251 - R:localhost/127.0.0.1:20088]' for 'POST' to 'http://localhost:20088/session/f60e30bb144684a48710ed8207bd2b55/execute/sync'
02:05:14.095 [Forwarding getPageSource on session f60e30bb144684a48710ed8207bd2b55 to remote] DEBUG org.asynchttpclient.netty.request.NettyRequestSender - Using open Channel [id: 0x5c0d7474, L:/127.0.0.1:60251 - R:localhost/127.0.0.1:20088] for POST '/session/f60e30bb144684a48710ed8207bd2b55/execute/sync'
02:05:14.098 [AsyncHttpClient-1-2] DEBUG org.asynchttpclient.netty.handler.HttpHandler - 

Request DefaultHttpRequest(decodeResult: success, version: HTTP/1.1)
POST /session/f60e30bb144684a48710ed8207bd2b55/execute/sync HTTP/1.1
User-Agent: selenium/4.8.1 (java windows)
Content-Length: 176
Content-Type: application/json; charset=utf-8
host: localhost:20088
accept: */*

Response DefaultHttpResponse(decodeResult: success, version: HTTP/1.1)
HTTP/1.1 200 OK
Content-Length: 4286
Content-Type: application/json; charset=utf-8
cache-control: no-cache

02:05:14.098 [AsyncHttpClient-1-2] DEBUG org.asynchttpclient.netty.channel.ChannelManager - Adding key: http://localhost:20088 for channel [id: 0x5c0d7474, L:/127.0.0.1:60251 - R:localhost/127.0.0.1:20088]
02:05:14.111 [Forwarding getCurrentUrl on session f60e30bb144684a48710ed8207bd2b55 to remote] DEBUG org.asynchttpclient.netty.request.NettyRequestSender - Using pooled Channel '[id: 0x5c0d7474, L:/127.0.0.1:60251 - R:localhost/127.0.0.1:20088]' for 'GET' to 'http://localhost:20088/session/f60e30bb144684a48710ed8207bd2b55/url'
02:05:14.111 [Forwarding getCurrentUrl on session f60e30bb144684a48710ed8207bd2b55 to remote] DEBUG org.asynchttpclient.netty.request.NettyRequestSender - Using open Channel [id: 0x5c0d7474, L:/127.0.0.1:60251 - R:localhost/127.0.0.1:20088] for GET '/session/f60e30bb144684a48710ed8207bd2b55/url'
02:05:14.114 [AsyncHttpClient-1-2] DEBUG org.asynchttpclient.netty.handler.HttpHandler - 

Request DefaultFullHttpRequest(decodeResult: success, version: HTTP/1.1, content: EmptyByteBufBE)
GET /session/f60e30bb144684a48710ed8207bd2b55/url HTTP/1.1
User-Agent: selenium/4.8.1 (java windows)
Cache-Control: no-cache
Content-Type: application/json; charset=utf-8
host: localhost:20088
accept: */*

Response DefaultHttpResponse(decodeResult: success, version: HTTP/1.1)
HTTP/1.1 200 OK
Content-Length: 38
Content-Type: application/json; charset=utf-8
cache-control: no-cache

02:05:14.114 [AsyncHttpClient-1-2] DEBUG org.asynchttpclient.netty.channel.ChannelManager - Adding key: http://localhost:20088 for channel [id: 0x5c0d7474, L:/127.0.0.1:60251 - R:localhost/127.0.0.1:20088]
02:05:14.122 [Forwarding getPageSource on session f60e30bb144684a48710ed8207bd2b55 to remote] DEBUG org.asynchttpclient.netty.request.NettyRequestSender - Using pooled Channel '[id: 0x5c0d7474, L:/127.0.0.1:60251 - R:localhost/127.0.0.1:20088]' for 'POST' to 'http://localhost:20088/session/f60e30bb144684a48710ed8207bd2b55/execute/sync'
02:05:14.122 [Forwarding getPageSource on session f60e30bb144684a48710ed8207bd2b55 to remote] DEBUG org.asynchttpclient.netty.request.NettyRequestSender - Using open Channel [id: 0x5c0d7474, L:/127.0.0.1:60251 - R:localhost/127.0.0.1:20088] for POST '/session/f60e30bb144684a48710ed8207bd2b55/execute/sync'
02:05:14.125 [AsyncHttpClient-1-2] DEBUG org.asynchttpclient.netty.handler.HttpHandler - 

Request DefaultHttpRequest(decodeResult: success, version: HTTP/1.1)
POST /session/f60e30bb144684a48710ed8207bd2b55/execute/sync HTTP/1.1
User-Agent: selenium/4.8.1 (java windows)
Content-Length: 176
Content-Type: application/json; charset=utf-8
host: localhost:20088
accept: */*

Response DefaultHttpResponse(decodeResult: success, version: HTTP/1.1)
HTTP/1.1 200 OK
Content-Length: 4286
Content-Type: application/json; charset=utf-8
cache-control: no-cache

02:05:14.125 [AsyncHttpClient-1-2] DEBUG org.asynchttpclient.netty.channel.ChannelManager - Adding key: http://localhost:20088 for channel [id: 0x5c0d7474, L:/127.0.0.1:60251 - R:localhost/127.0.0.1:20088]
02:05:14.130 [Forwarding getCurrentUrl on session f60e30bb144684a48710ed8207bd2b55 to remote] DEBUG org.asynchttpclient.netty.request.NettyRequestSender - Using pooled Channel '[id: 0x5c0d7474, L:/127.0.0.1:60251 - R:localhost/127.0.0.1:20088]' for 'GET' to 'http://localhost:20088/session/f60e30bb144684a48710ed8207bd2b55/url'
02:05:14.130 [Forwarding getCurrentUrl on session f60e30bb144684a48710ed8207bd2b55 to remote] DEBUG org.asynchttpclient.netty.request.NettyRequestSender - Using open Channel [id: 0x5c0d7474, L:/127.0.0.1:60251 - R:localhost/127.0.0.1:20088] for GET '/session/f60e30bb144684a48710ed8207bd2b55/url'
02:05:14.132 [AsyncHttpClient-1-2] DEBUG org.asynchttpclient.netty.handler.HttpHandler - 

Request DefaultFullHttpRequest(decodeResult: success, version: HTTP/1.1, content: EmptyByteBufBE)
GET /session/f60e30bb144684a48710ed8207bd2b55/url HTTP/1.1
User-Agent: selenium/4.8.1 (java windows)
Cache-Control: no-cache
Content-Type: application/json; charset=utf-8
host: localhost:20088
accept: */*

Response DefaultHttpResponse(decodeResult: success, version: HTTP/1.1)
HTTP/1.1 200 OK
Content-Length: 38
Content-Type: application/json; charset=utf-8
cache-control: no-cache

02:05:14.133 [AsyncHttpClient-1-2] DEBUG org.asynchttpclient.netty.channel.ChannelManager - Adding key: http://localhost:20088 for channel [id: 0x5c0d7474, L:/127.0.0.1:60251 - R:localhost/127.0.0.1:20088]
02:05:14.134 [main] DEBUG net.thucydides.core.steps.StepInterceptor - STARTING STEP: AddToCartSteps.loginWithValid - inputUserName
02:05:14.138 [Forwarding findElement on session f60e30bb144684a48710ed8207bd2b55 to remote] DEBUG org.asynchttpclient.netty.request.NettyRequestSender - Using pooled Channel '[id: 0x5c0d7474, L:/127.0.0.1:60251 - R:localhost/127.0.0.1:20088]' for 'POST' to 'http://localhost:20088/session/f60e30bb144684a48710ed8207bd2b55/element'
02:05:14.138 [Forwarding findElement on session f60e30bb144684a48710ed8207bd2b55 to remote] DEBUG org.asynchttpclient.netty.request.NettyRequestSender - Using open Channel [id: 0x5c0d7474, L:/127.0.0.1:60251 - R:localhost/127.0.0.1:20088] for POST '/session/f60e30bb144684a48710ed8207bd2b55/element'
02:05:14.147 [AsyncHttpClient-1-2] DEBUG org.asynchttpclient.netty.handler.HttpHandler - 

Request DefaultHttpRequest(decodeResult: success, version: HTTP/1.1)
POST /session/f60e30bb144684a48710ed8207bd2b55/element HTTP/1.1
User-Agent: selenium/4.8.1 (java windows)
Content-Length: 56
Content-Type: application/json; charset=utf-8
host: localhost:20088
accept: */*

Response DefaultHttpResponse(decodeResult: success, version: HTTP/1.1)
HTTP/1.1 200 OK
Content-Length: 88
Content-Type: application/json; charset=utf-8
cache-control: no-cache

02:05:14.147 [AsyncHttpClient-1-2] DEBUG org.asynchttpclient.netty.channel.ChannelManager - Adding key: http://localhost:20088 for channel [id: 0x5c0d7474, L:/127.0.0.1:60251 - R:localhost/127.0.0.1:20088]
02:05:14.150 [Forwarding clearElement on session f60e30bb144684a48710ed8207bd2b55 to remote] DEBUG org.asynchttpclient.netty.request.NettyRequestSender - Using pooled Channel '[id: 0x5c0d7474, L:/127.0.0.1:60251 - R:localhost/127.0.0.1:20088]' for 'POST' to 'http://localhost:20088/session/f60e30bb144684a48710ed8207bd2b55/element/5f5ccb64-e954-46f4-a7cb-17b1ec2723e4/clear'
02:05:14.150 [Forwarding clearElement on session f60e30bb144684a48710ed8207bd2b55 to remote] DEBUG org.asynchttpclient.netty.request.NettyRequestSender - Using open Channel [id: 0x5c0d7474, L:/127.0.0.1:60251 - R:localhost/127.0.0.1:20088] for POST '/session/f60e30bb144684a48710ed8207bd2b55/element/5f5ccb64-e954-46f4-a7cb-17b1ec2723e4/clear'
02:05:14.173 [AsyncHttpClient-1-2] DEBUG org.asynchttpclient.netty.handler.HttpHandler - 

Request DefaultHttpRequest(decodeResult: success, version: HTTP/1.1)
POST /session/f60e30bb144684a48710ed8207bd2b55/element/5f5ccb64-e954-46f4-a7cb-17b1ec2723e4/clear HTTP/1.1
User-Agent: selenium/4.8.1 (java windows)
Content-Length: 50
Content-Type: application/json; charset=utf-8
host: localhost:20088
accept: */*

Response DefaultHttpResponse(decodeResult: success, version: HTTP/1.1)
HTTP/1.1 200 OK
Content-Length: 14
Content-Type: application/json; charset=utf-8
cache-control: no-cache

02:05:14.174 [AsyncHttpClient-1-2] DEBUG org.asynchttpclient.netty.channel.ChannelManager - Adding key: http://localhost:20088 for channel [id: 0x5c0d7474, L:/127.0.0.1:60251 - R:localhost/127.0.0.1:20088]
02:05:14.176 [Forwarding sendKeysToElement on session f60e30bb144684a48710ed8207bd2b55 to remote] DEBUG org.asynchttpclient.netty.request.NettyRequestSender - Using pooled Channel '[id: 0x5c0d7474, L:/127.0.0.1:60251 - R:localhost/127.0.0.1:20088]' for 'POST' to 'http://localhost:20088/session/f60e30bb144684a48710ed8207bd2b55/element/5f5ccb64-e954-46f4-a7cb-17b1ec2723e4/value'
02:05:14.177 [Forwarding sendKeysToElement on session f60e30bb144684a48710ed8207bd2b55 to remote] DEBUG org.asynchttpclient.netty.request.NettyRequestSender - Using open Channel [id: 0x5c0d7474, L:/127.0.0.1:60251 - R:localhost/127.0.0.1:20088] for POST '/session/f60e30bb144684a48710ed8207bd2b55/element/5f5ccb64-e954-46f4-a7cb-17b1ec2723e4/value'
02:05:14.219 [AsyncHttpClient-1-2] DEBUG org.asynchttpclient.netty.handler.HttpHandler - 

Request DefaultHttpRequest(decodeResult: success, version: HTTP/1.1)
POST /session/f60e30bb144684a48710ed8207bd2b55/element/5f5ccb64-e954-46f4-a7cb-17b1ec2723e4/value HTTP/1.1
User-Agent: selenium/4.8.1 (java windows)
Content-Length: 211
Content-Type: application/json; charset=utf-8
host: localhost:20088
accept: */*

Response DefaultHttpResponse(decodeResult: success, version: HTTP/1.1)
HTTP/1.1 200 OK
Content-Length: 14
Content-Type: application/json; charset=utf-8
cache-control: no-cache

02:05:14.220 [AsyncHttpClient-1-2] DEBUG org.asynchttpclient.netty.channel.ChannelManager - Adding key: http://localhost:20088 for channel [id: 0x5c0d7474, L:/127.0.0.1:60251 - R:localhost/127.0.0.1:20088]
02:05:14.227 [Forwarding getAlertText on session f60e30bb144684a48710ed8207bd2b55 to remote] DEBUG org.asynchttpclient.netty.request.NettyRequestSender - Using pooled Channel '[id: 0x5c0d7474, L:/127.0.0.1:60251 - R:localhost/127.0.0.1:20088]' for 'GET' to 'http://localhost:20088/session/f60e30bb144684a48710ed8207bd2b55/alert/text'
02:05:14.227 [Forwarding getAlertText on session f60e30bb144684a48710ed8207bd2b55 to remote] DEBUG org.asynchttpclient.netty.request.NettyRequestSender - Using open Channel [id: 0x5c0d7474, L:/127.0.0.1:60251 - R:localhost/127.0.0.1:20088] for GET '/session/f60e30bb144684a48710ed8207bd2b55/alert/text'
02:05:14.228 [AsyncHttpClient-1-2] DEBUG org.asynchttpclient.netty.handler.HttpHandler - 

Request DefaultFullHttpRequest(decodeResult: success, version: HTTP/1.1, content: EmptyByteBufBE)
GET /session/f60e30bb144684a48710ed8207bd2b55/alert/text HTTP/1.1
User-Agent: selenium/4.8.1 (java windows)
Cache-Control: no-cache
Content-Type: application/json; charset=utf-8
host: localhost:20088
accept: */*

Response DefaultHttpResponse(decodeResult: success, version: HTTP/1.1)
HTTP/1.1 404 Not Found
Content-Length: 835
Content-Type: application/json; charset=utf-8
cache-control: no-cache

02:05:14.228 [AsyncHttpClient-1-2] DEBUG org.asynchttpclient.netty.channel.ChannelManager - Adding key: http://localhost:20088 for channel [id: 0x5c0d7474, L:/127.0.0.1:60251 - R:localhost/127.0.0.1:20088]
02:05:14.231 [Forwarding getCurrentUrl on session f60e30bb144684a48710ed8207bd2b55 to remote] DEBUG org.asynchttpclient.netty.request.NettyRequestSender - Using pooled Channel '[id: 0x5c0d7474, L:/127.0.0.1:60251 - R:localhost/127.0.0.1:20088]' for 'GET' to 'http://localhost:20088/session/f60e30bb144684a48710ed8207bd2b55/url'
02:05:14.231 [Forwarding getCurrentUrl on session f60e30bb144684a48710ed8207bd2b55 to remote] DEBUG org.asynchttpclient.netty.request.NettyRequestSender - Using open Channel [id: 0x5c0d7474, L:/127.0.0.1:60251 - R:localhost/127.0.0.1:20088] for GET '/session/f60e30bb144684a48710ed8207bd2b55/url'
02:05:14.233 [AsyncHttpClient-1-2] DEBUG org.asynchttpclient.netty.handler.HttpHandler - 

Request DefaultFullHttpRequest(decodeResult: success, version: HTTP/1.1, content: EmptyByteBufBE)
GET /session/f60e30bb144684a48710ed8207bd2b55/url HTTP/1.1
User-Agent: selenium/4.8.1 (java windows)
Cache-Control: no-cache
Content-Type: application/json; charset=utf-8
host: localhost:20088
accept: */*

Response DefaultHttpResponse(decodeResult: success, version: HTTP/1.1)
HTTP/1.1 200 OK
Content-Length: 38
Content-Type: application/json; charset=utf-8
cache-control: no-cache

02:05:14.234 [AsyncHttpClient-1-2] DEBUG org.asynchttpclient.netty.channel.ChannelManager - Adding key: http://localhost:20088 for channel [id: 0x5c0d7474, L:/127.0.0.1:60251 - R:localhost/127.0.0.1:20088]
02:05:14.235 [Forwarding screenshot on session f60e30bb144684a48710ed8207bd2b55 to remote] DEBUG org.asynchttpclient.netty.request.NettyRequestSender - Using pooled Channel '[id: 0x5c0d7474, L:/127.0.0.1:60251 - R:localhost/127.0.0.1:20088]' for 'GET' to 'http://localhost:20088/session/f60e30bb144684a48710ed8207bd2b55/screenshot'
02:05:14.235 [Forwarding screenshot on session f60e30bb144684a48710ed8207bd2b55 to remote] DEBUG org.asynchttpclient.netty.request.NettyRequestSender - Using open Channel [id: 0x5c0d7474, L:/127.0.0.1:60251 - R:localhost/127.0.0.1:20088] for GET '/session/f60e30bb144684a48710ed8207bd2b55/screenshot'
02:05:14.384 [AsyncHttpClient-1-2] DEBUG org.asynchttpclient.netty.handler.HttpHandler - 

Request DefaultFullHttpRequest(decodeResult: success, version: HTTP/1.1, content: EmptyByteBufBE)
GET /session/f60e30bb144684a48710ed8207bd2b55/screenshot HTTP/1.1
User-Agent: selenium/4.8.1 (java windows)
Cache-Control: no-cache
Content-Type: application/json; charset=utf-8
host: localhost:20088
accept: */*

Response DefaultHttpResponse(decodeResult: success, version: HTTP/1.1)
HTTP/1.1 200 OK
Content-Length: 39156
Content-Type: application/json; charset=utf-8
cache-control: no-cache

02:05:14.385 [AsyncHttpClient-1-2] DEBUG org.asynchttpclient.netty.channel.ChannelManager - Adding key: http://localhost:20088 for channel [id: 0x5c0d7474, L:/127.0.0.1:60251 - R:localhost/127.0.0.1:20088]
02:05:14.391 [main] DEBUG net.serenitybdd.core.photography.Darkroom - Send negative for processing for target\site\serenity\f8939a303c266e61605ce97be6aaea17e160949fe10f6e4ea729b2ac7291246a.png
02:05:14.391 [main] DEBUG net.thucydides.core.steps.StepInterceptor - STEP DONE: inputUserName
02:05:14.392 [Darkroom Processing Line] DEBUG net.serenitybdd.core.photography.DarkroomProcessingLine - Processing screenshot image in /var/screenshots/screenshot-5731686787603656318
02:05:14.392 [Darkroom Processing Line] DEBUG net.serenitybdd.core.photography.DarkroomProcessingLine - Saving screenshot to target\site\serenity\f8939a303c266e61605ce97be6aaea17e160949fe10f6e4ea729b2ac7291246a.png
02:05:14.397 [Forwarding getPageSource on session f60e30bb144684a48710ed8207bd2b55 to remote] DEBUG org.asynchttpclient.netty.request.NettyRequestSender - Using pooled Channel '[id: 0x5c0d7474, L:/127.0.0.1:60251 - R:localhost/127.0.0.1:20088]' for 'POST' to 'http://localhost:20088/session/f60e30bb144684a48710ed8207bd2b55/execute/sync'
02:05:14.397 [Forwarding getPageSource on session f60e30bb144684a48710ed8207bd2b55 to remote] DEBUG org.asynchttpclient.netty.request.NettyRequestSender - Using open Channel [id: 0x5c0d7474, L:/127.0.0.1:60251 - R:localhost/127.0.0.1:20088] for POST '/session/f60e30bb144684a48710ed8207bd2b55/execute/sync'
02:05:14.401 [AsyncHttpClient-1-2] DEBUG org.asynchttpclient.netty.handler.HttpHandler - 

Request DefaultHttpRequest(decodeResult: success, version: HTTP/1.1)
POST /session/f60e30bb144684a48710ed8207bd2b55/execute/sync HTTP/1.1
User-Agent: selenium/4.8.1 (java windows)
Content-Length: 176
Content-Type: application/json; charset=utf-8
host: localhost:20088
accept: */*

Response DefaultHttpResponse(decodeResult: success, version: HTTP/1.1)
HTTP/1.1 200 OK
Content-Length: 4299
Content-Type: application/json; charset=utf-8
cache-control: no-cache

02:05:14.401 [AsyncHttpClient-1-2] DEBUG org.asynchttpclient.netty.channel.ChannelManager - Adding key: http://localhost:20088 for channel [id: 0x5c0d7474, L:/127.0.0.1:60251 - R:localhost/127.0.0.1:20088]
02:05:14.406 [Forwarding getCurrentUrl on session f60e30bb144684a48710ed8207bd2b55 to remote] DEBUG org.asynchttpclient.netty.request.NettyRequestSender - Using pooled Channel '[id: 0x5c0d7474, L:/127.0.0.1:60251 - R:localhost/127.0.0.1:20088]' for 'GET' to 'http://localhost:20088/session/f60e30bb144684a48710ed8207bd2b55/url'
02:05:14.406 [Forwarding getCurrentUrl on session f60e30bb144684a48710ed8207bd2b55 to remote] DEBUG org.asynchttpclient.netty.request.NettyRequestSender - Using open Channel [id: 0x5c0d7474, L:/127.0.0.1:60251 - R:localhost/127.0.0.1:20088] for GET '/session/f60e30bb144684a48710ed8207bd2b55/url'
02:05:14.409 [AsyncHttpClient-1-2] DEBUG org.asynchttpclient.netty.handler.HttpHandler - 

Request DefaultFullHttpRequest(decodeResult: success, version: HTTP/1.1, content: EmptyByteBufBE)
GET /session/f60e30bb144684a48710ed8207bd2b55/url HTTP/1.1
User-Agent: selenium/4.8.1 (java windows)
Cache-Control: no-cache
Content-Type: application/json; charset=utf-8
host: localhost:20088
accept: */*

Response DefaultHttpResponse(decodeResult: success, version: HTTP/1.1)
HTTP/1.1 200 OK
Content-Length: 38
Content-Type: application/json; charset=utf-8
cache-control: no-cache

02:05:14.409 [AsyncHttpClient-1-2] DEBUG org.asynchttpclient.netty.channel.ChannelManager - Adding key: http://localhost:20088 for channel [id: 0x5c0d7474, L:/127.0.0.1:60251 - R:localhost/127.0.0.1:20088]
02:05:14.410 [main] DEBUG net.thucydides.core.steps.StepInterceptor - STARTING STEP: AddToCartSteps.loginWithValid - inputPassword
02:05:14.412 [Forwarding findElement on session f60e30bb144684a48710ed8207bd2b55 to remote] DEBUG org.asynchttpclient.netty.request.NettyRequestSender - Using pooled Channel '[id: 0x5c0d7474, L:/127.0.0.1:60251 - R:localhost/127.0.0.1:20088]' for 'POST' to 'http://localhost:20088/session/f60e30bb144684a48710ed8207bd2b55/element'
02:05:14.412 [Forwarding findElement on session f60e30bb144684a48710ed8207bd2b55 to remote] DEBUG org.asynchttpclient.netty.request.NettyRequestSender - Using open Channel [id: 0x5c0d7474, L:/127.0.0.1:60251 - R:localhost/127.0.0.1:20088] for POST '/session/f60e30bb144684a48710ed8207bd2b55/element'
02:05:14.420 [AsyncHttpClient-1-2] DEBUG org.asynchttpclient.netty.handler.HttpHandler - 

Request DefaultHttpRequest(decodeResult: success, version: HTTP/1.1)
POST /session/f60e30bb144684a48710ed8207bd2b55/element HTTP/1.1
User-Agent: selenium/4.8.1 (java windows)
Content-Length: 53
Content-Type: application/json; charset=utf-8
host: localhost:20088
accept: */*

Response DefaultHttpResponse(decodeResult: success, version: HTTP/1.1)
HTTP/1.1 200 OK
Content-Length: 88
Content-Type: application/json; charset=utf-8
cache-control: no-cache

02:05:14.421 [AsyncHttpClient-1-2] DEBUG org.asynchttpclient.netty.channel.ChannelManager - Adding key: http://localhost:20088 for channel [id: 0x5c0d7474, L:/127.0.0.1:60251 - R:localhost/127.0.0.1:20088]
02:05:14.422 [Forwarding clearElement on session f60e30bb144684a48710ed8207bd2b55 to remote] DEBUG org.asynchttpclient.netty.request.NettyRequestSender - Using pooled Channel '[id: 0x5c0d7474, L:/127.0.0.1:60251 - R:localhost/127.0.0.1:20088]' for 'POST' to 'http://localhost:20088/session/f60e30bb144684a48710ed8207bd2b55/element/811456de-b646-4801-8bb3-5e4bde8680fe/clear'
02:05:14.422 [Forwarding clearElement on session f60e30bb144684a48710ed8207bd2b55 to remote] DEBUG org.asynchttpclient.netty.request.NettyRequestSender - Using open Channel [id: 0x5c0d7474, L:/127.0.0.1:60251 - R:localhost/127.0.0.1:20088] for POST '/session/f60e30bb144684a48710ed8207bd2b55/element/811456de-b646-4801-8bb3-5e4bde8680fe/clear'
02:05:14.445 [AsyncHttpClient-1-2] DEBUG org.asynchttpclient.netty.handler.HttpHandler - 

Request DefaultHttpRequest(decodeResult: success, version: HTTP/1.1)
POST /session/f60e30bb144684a48710ed8207bd2b55/element/811456de-b646-4801-8bb3-5e4bde8680fe/clear HTTP/1.1
User-Agent: selenium/4.8.1 (java windows)
Content-Length: 50
Content-Type: application/json; charset=utf-8
host: localhost:20088
accept: */*

Response DefaultHttpResponse(decodeResult: success, version: HTTP/1.1)
HTTP/1.1 200 OK
Content-Length: 14
Content-Type: application/json; charset=utf-8
cache-control: no-cache

02:05:14.446 [AsyncHttpClient-1-2] DEBUG org.asynchttpclient.netty.channel.ChannelManager - Adding key: http://localhost:20088 for channel [id: 0x5c0d7474, L:/127.0.0.1:60251 - R:localhost/127.0.0.1:20088]
02:05:14.448 [Forwarding sendKeysToElement on session f60e30bb144684a48710ed8207bd2b55 to remote] DEBUG org.asynchttpclient.netty.request.NettyRequestSender - Using pooled Channel '[id: 0x5c0d7474, L:/127.0.0.1:60251 - R:localhost/127.0.0.1:20088]' for 'POST' to 'http://localhost:20088/session/f60e30bb144684a48710ed8207bd2b55/element/811456de-b646-4801-8bb3-5e4bde8680fe/value'
02:05:14.448 [Forwarding sendKeysToElement on session f60e30bb144684a48710ed8207bd2b55 to remote] DEBUG org.asynchttpclient.netty.request.NettyRequestSender - Using open Channel [id: 0x5c0d7474, L:/127.0.0.1:60251 - R:localhost/127.0.0.1:20088] for POST '/session/f60e30bb144684a48710ed8207bd2b55/element/811456de-b646-4801-8bb3-5e4bde8680fe/value'
02:05:14.490 [AsyncHttpClient-1-2] DEBUG org.asynchttpclient.netty.handler.HttpHandler - 

Request DefaultHttpRequest(decodeResult: success, version: HTTP/1.1)
POST /session/f60e30bb144684a48710ed8207bd2b55/element/811456de-b646-4801-8bb3-5e4bde8680fe/value HTTP/1.1
User-Agent: selenium/4.8.1 (java windows)
Content-Length: 201
Content-Type: application/json; charset=utf-8
host: localhost:20088
accept: */*

Response DefaultHttpResponse(decodeResult: success, version: HTTP/1.1)
HTTP/1.1 200 OK
Content-Length: 14
Content-Type: application/json; charset=utf-8
cache-control: no-cache

02:05:14.490 [AsyncHttpClient-1-2] DEBUG org.asynchttpclient.netty.channel.ChannelManager - Adding key: http://localhost:20088 for channel [id: 0x5c0d7474, L:/127.0.0.1:60251 - R:localhost/127.0.0.1:20088]
02:05:14.495 [Forwarding getAlertText on session f60e30bb144684a48710ed8207bd2b55 to remote] DEBUG org.asynchttpclient.netty.request.NettyRequestSender - Using pooled Channel '[id: 0x5c0d7474, L:/127.0.0.1:60251 - R:localhost/127.0.0.1:20088]' for 'GET' to 'http://localhost:20088/session/f60e30bb144684a48710ed8207bd2b55/alert/text'
02:05:14.495 [Forwarding getAlertText on session f60e30bb144684a48710ed8207bd2b55 to remote] DEBUG org.asynchttpclient.netty.request.NettyRequestSender - Using open Channel [id: 0x5c0d7474, L:/127.0.0.1:60251 - R:localhost/127.0.0.1:20088] for GET '/session/f60e30bb144684a48710ed8207bd2b55/alert/text'
02:05:14.496 [AsyncHttpClient-1-2] DEBUG org.asynchttpclient.netty.handler.HttpHandler - 

Request DefaultFullHttpRequest(decodeResult: success, version: HTTP/1.1, content: EmptyByteBufBE)
GET /session/f60e30bb144684a48710ed8207bd2b55/alert/text HTTP/1.1
User-Agent: selenium/4.8.1 (java windows)
Cache-Control: no-cache
Content-Type: application/json; charset=utf-8
host: localhost:20088
accept: */*

Response DefaultHttpResponse(decodeResult: success, version: HTTP/1.1)
HTTP/1.1 404 Not Found
Content-Length: 835
Content-Type: application/json; charset=utf-8
cache-control: no-cache

02:05:14.496 [AsyncHttpClient-1-2] DEBUG org.asynchttpclient.netty.channel.ChannelManager - Adding key: http://localhost:20088 for channel [id: 0x5c0d7474, L:/127.0.0.1:60251 - R:localhost/127.0.0.1:20088]
02:05:14.498 [Forwarding getCurrentUrl on session f60e30bb144684a48710ed8207bd2b55 to remote] DEBUG org.asynchttpclient.netty.request.NettyRequestSender - Using pooled Channel '[id: 0x5c0d7474, L:/127.0.0.1:60251 - R:localhost/127.0.0.1:20088]' for 'GET' to 'http://localhost:20088/session/f60e30bb144684a48710ed8207bd2b55/url'
02:05:14.498 [Forwarding getCurrentUrl on session f60e30bb144684a48710ed8207bd2b55 to remote] DEBUG org.asynchttpclient.netty.request.NettyRequestSender - Using open Channel [id: 0x5c0d7474, L:/127.0.0.1:60251 - R:localhost/127.0.0.1:20088] for GET '/session/f60e30bb144684a48710ed8207bd2b55/url'
02:05:14.501 [AsyncHttpClient-1-2] DEBUG org.asynchttpclient.netty.handler.HttpHandler - 

Request DefaultFullHttpRequest(decodeResult: success, version: HTTP/1.1, content: EmptyByteBufBE)
GET /session/f60e30bb144684a48710ed8207bd2b55/url HTTP/1.1
User-Agent: selenium/4.8.1 (java windows)
Cache-Control: no-cache
Content-Type: application/json; charset=utf-8
host: localhost:20088
accept: */*

Response DefaultHttpResponse(decodeResult: success, version: HTTP/1.1)
HTTP/1.1 200 OK
Content-Length: 38
Content-Type: application/json; charset=utf-8
cache-control: no-cache

02:05:14.501 [AsyncHttpClient-1-2] DEBUG org.asynchttpclient.netty.channel.ChannelManager - Adding key: http://localhost:20088 for channel [id: 0x5c0d7474, L:/127.0.0.1:60251 - R:localhost/127.0.0.1:20088]
02:05:14.502 [Forwarding screenshot on session f60e30bb144684a48710ed8207bd2b55 to remote] DEBUG org.asynchttpclient.netty.request.NettyRequestSender - Using pooled Channel '[id: 0x5c0d7474, L:/127.0.0.1:60251 - R:localhost/127.0.0.1:20088]' for 'GET' to 'http://localhost:20088/session/f60e30bb144684a48710ed8207bd2b55/screenshot'
02:05:14.502 [Forwarding screenshot on session f60e30bb144684a48710ed8207bd2b55 to remote] DEBUG org.asynchttpclient.netty.request.NettyRequestSender - Using open Channel [id: 0x5c0d7474, L:/127.0.0.1:60251 - R:localhost/127.0.0.1:20088] for GET '/session/f60e30bb144684a48710ed8207bd2b55/screenshot'
02:05:14.580 [AsyncHttpClient-1-2] DEBUG org.asynchttpclient.netty.handler.HttpHandler - 

Request DefaultFullHttpRequest(decodeResult: success, version: HTTP/1.1, content: EmptyByteBufBE)
GET /session/f60e30bb144684a48710ed8207bd2b55/screenshot HTTP/1.1
User-Agent: selenium/4.8.1 (java windows)
Cache-Control: no-cache
Content-Type: application/json; charset=utf-8
host: localhost:20088
accept: */*

Response DefaultHttpResponse(decodeResult: success, version: HTTP/1.1)
HTTP/1.1 200 OK
Content-Length: 37996
Content-Type: application/json; charset=utf-8
cache-control: no-cache

02:05:14.581 [AsyncHttpClient-1-2] DEBUG org.asynchttpclient.netty.channel.ChannelManager - Adding key: http://localhost:20088 for channel [id: 0x5c0d7474, L:/127.0.0.1:60251 - R:localhost/127.0.0.1:20088]
02:05:14.586 [main] DEBUG net.serenitybdd.core.photography.Darkroom - Send negative for processing for target\site\serenity\12dec42d4273b8e4dd78cf234aad2ca463c80b2e44d83a2cbbcb6ed402fd3320.png
02:05:14.586 [main] DEBUG net.thucydides.core.steps.StepInterceptor - STEP DONE: inputPassword
02:05:14.587 [Darkroom Processing Line] DEBUG net.serenitybdd.core.photography.DarkroomProcessingLine - Processing screenshot image in /var/screenshots/screenshot-4877635124062583625
02:05:14.587 [Darkroom Processing Line] DEBUG net.serenitybdd.core.photography.DarkroomProcessingLine - Saving screenshot to target\site\serenity\12dec42d4273b8e4dd78cf234aad2ca463c80b2e44d83a2cbbcb6ed402fd3320.png
02:05:14.591 [Forwarding getPageSource on session f60e30bb144684a48710ed8207bd2b55 to remote] DEBUG org.asynchttpclient.netty.request.NettyRequestSender - Using pooled Channel '[id: 0x5c0d7474, L:/127.0.0.1:60251 - R:localhost/127.0.0.1:20088]' for 'POST' to 'http://localhost:20088/session/f60e30bb144684a48710ed8207bd2b55/execute/sync'
02:05:14.591 [Forwarding getPageSource on session f60e30bb144684a48710ed8207bd2b55 to remote] DEBUG org.asynchttpclient.netty.request.NettyRequestSender - Using open Channel [id: 0x5c0d7474, L:/127.0.0.1:60251 - R:localhost/127.0.0.1:20088] for POST '/session/f60e30bb144684a48710ed8207bd2b55/execute/sync'
02:05:14.595 [AsyncHttpClient-1-2] DEBUG org.asynchttpclient.netty.handler.HttpHandler - 

Request DefaultHttpRequest(decodeResult: success, version: HTTP/1.1)
POST /session/f60e30bb144684a48710ed8207bd2b55/execute/sync HTTP/1.1
User-Agent: selenium/4.8.1 (java windows)
Content-Length: 176
Content-Type: application/json; charset=utf-8
host: localhost:20088
accept: */*

Response DefaultHttpResponse(decodeResult: success, version: HTTP/1.1)
HTTP/1.1 200 OK
Content-Length: 4311
Content-Type: application/json; charset=utf-8
cache-control: no-cache

02:05:14.595 [AsyncHttpClient-1-2] DEBUG org.asynchttpclient.netty.channel.ChannelManager - Adding key: http://localhost:20088 for channel [id: 0x5c0d7474, L:/127.0.0.1:60251 - R:localhost/127.0.0.1:20088]
02:05:14.599 [Forwarding getCurrentUrl on session f60e30bb144684a48710ed8207bd2b55 to remote] DEBUG org.asynchttpclient.netty.request.NettyRequestSender - Using pooled Channel '[id: 0x5c0d7474, L:/127.0.0.1:60251 - R:localhost/127.0.0.1:20088]' for 'GET' to 'http://localhost:20088/session/f60e30bb144684a48710ed8207bd2b55/url'
02:05:14.600 [Forwarding getCurrentUrl on session f60e30bb144684a48710ed8207bd2b55 to remote] DEBUG org.asynchttpclient.netty.request.NettyRequestSender - Using open Channel [id: 0x5c0d7474, L:/127.0.0.1:60251 - R:localhost/127.0.0.1:20088] for GET '/session/f60e30bb144684a48710ed8207bd2b55/url'
02:05:14.602 [AsyncHttpClient-1-2] DEBUG org.asynchttpclient.netty.handler.HttpHandler - 

Request DefaultFullHttpRequest(decodeResult: success, version: HTTP/1.1, content: EmptyByteBufBE)
GET /session/f60e30bb144684a48710ed8207bd2b55/url HTTP/1.1
User-Agent: selenium/4.8.1 (java windows)
Cache-Control: no-cache
Content-Type: application/json; charset=utf-8
host: localhost:20088
accept: */*

Response DefaultHttpResponse(decodeResult: success, version: HTTP/1.1)
HTTP/1.1 200 OK
Content-Length: 38
Content-Type: application/json; charset=utf-8
cache-control: no-cache

02:05:14.602 [AsyncHttpClient-1-2] DEBUG org.asynchttpclient.netty.channel.ChannelManager - Adding key: http://localhost:20088 for channel [id: 0x5c0d7474, L:/127.0.0.1:60251 - R:localhost/127.0.0.1:20088]
02:05:14.604 [main] DEBUG net.thucydides.core.steps.StepInterceptor - STARTING STEP: AddToCartSteps.loginWithValid - clickLoginButton
02:05:14.608 [Forwarding findElement on session f60e30bb144684a48710ed8207bd2b55 to remote] DEBUG org.asynchttpclient.netty.request.NettyRequestSender - Using pooled Channel '[id: 0x5c0d7474, L:/127.0.0.1:60251 - R:localhost/127.0.0.1:20088]' for 'POST' to 'http://localhost:20088/session/f60e30bb144684a48710ed8207bd2b55/element'
02:05:14.608 [Forwarding findElement on session f60e30bb144684a48710ed8207bd2b55 to remote] DEBUG org.asynchttpclient.netty.request.NettyRequestSender - Using open Channel [id: 0x5c0d7474, L:/127.0.0.1:60251 - R:localhost/127.0.0.1:20088] for POST '/session/f60e30bb144684a48710ed8207bd2b55/element'
02:05:14.615 [AsyncHttpClient-1-2] DEBUG org.asynchttpclient.netty.handler.HttpHandler - 

Request DefaultHttpRequest(decodeResult: success, version: HTTP/1.1)
POST /session/f60e30bb144684a48710ed8207bd2b55/element HTTP/1.1
User-Agent: selenium/4.8.1 (java windows)
Content-Length: 59
Content-Type: application/json; charset=utf-8
host: localhost:20088
accept: */*

Response DefaultHttpResponse(decodeResult: success, version: HTTP/1.1)
HTTP/1.1 200 OK
Content-Length: 88
Content-Type: application/json; charset=utf-8
cache-control: no-cache

02:05:14.615 [AsyncHttpClient-1-2] DEBUG org.asynchttpclient.netty.channel.ChannelManager - Adding key: http://localhost:20088 for channel [id: 0x5c0d7474, L:/127.0.0.1:60251 - R:localhost/127.0.0.1:20088]
02:05:14.616 [Forwarding getElementTagName on session f60e30bb144684a48710ed8207bd2b55 to remote] DEBUG org.asynchttpclient.netty.request.NettyRequestSender - Using pooled Channel '[id: 0x5c0d7474, L:/127.0.0.1:60251 - R:localhost/127.0.0.1:20088]' for 'GET' to 'http://localhost:20088/session/f60e30bb144684a48710ed8207bd2b55/element/6bf8fec6-c41d-41f0-b03f-67e74e2c7a5e/name'
02:05:14.617 [Forwarding getElementTagName on session f60e30bb144684a48710ed8207bd2b55 to remote] DEBUG org.asynchttpclient.netty.request.NettyRequestSender - Using open Channel [id: 0x5c0d7474, L:/127.0.0.1:60251 - R:localhost/127.0.0.1:20088] for GET '/session/f60e30bb144684a48710ed8207bd2b55/element/6bf8fec6-c41d-41f0-b03f-67e74e2c7a5e/name'
02:05:14.620 [AsyncHttpClient-1-2] DEBUG org.asynchttpclient.netty.handler.HttpHandler - 

Request DefaultFullHttpRequest(decodeResult: success, version: HTTP/1.1, content: EmptyByteBufBE)
GET /session/f60e30bb144684a48710ed8207bd2b55/element/6bf8fec6-c41d-41f0-b03f-67e74e2c7a5e/name HTTP/1.1
User-Agent: selenium/4.8.1 (java windows)
Cache-Control: no-cache
Content-Type: application/json; charset=utf-8
host: localhost:20088
accept: */*

Response DefaultHttpResponse(decodeResult: success, version: HTTP/1.1)
HTTP/1.1 200 OK
Content-Length: 17
Content-Type: application/json; charset=utf-8
cache-control: no-cache

02:05:14.621 [AsyncHttpClient-1-2] DEBUG org.asynchttpclient.netty.channel.ChannelManager - Adding key: http://localhost:20088 for channel [id: 0x5c0d7474, L:/127.0.0.1:60251 - R:localhost/127.0.0.1:20088]
02:05:14.622 [Forwarding getElementTagName on session f60e30bb144684a48710ed8207bd2b55 to remote] DEBUG org.asynchttpclient.netty.request.NettyRequestSender - Using pooled Channel '[id: 0x5c0d7474, L:/127.0.0.1:60251 - R:localhost/127.0.0.1:20088]' for 'GET' to 'http://localhost:20088/session/f60e30bb144684a48710ed8207bd2b55/element/6bf8fec6-c41d-41f0-b03f-67e74e2c7a5e/name'
02:05:14.622 [Forwarding getElementTagName on session f60e30bb144684a48710ed8207bd2b55 to remote] DEBUG org.asynchttpclient.netty.request.NettyRequestSender - Using open Channel [id: 0x5c0d7474, L:/127.0.0.1:60251 - R:localhost/127.0.0.1:20088] for GET '/session/f60e30bb144684a48710ed8207bd2b55/element/6bf8fec6-c41d-41f0-b03f-67e74e2c7a5e/name'
02:05:14.626 [AsyncHttpClient-1-2] DEBUG org.asynchttpclient.netty.handler.HttpHandler - 

Request DefaultFullHttpRequest(decodeResult: success, version: HTTP/1.1, content: EmptyByteBufBE)
GET /session/f60e30bb144684a48710ed8207bd2b55/element/6bf8fec6-c41d-41f0-b03f-67e74e2c7a5e/name HTTP/1.1
User-Agent: selenium/4.8.1 (java windows)
Cache-Control: no-cache
Content-Type: application/json; charset=utf-8
host: localhost:20088
accept: */*

Response DefaultHttpResponse(decodeResult: success, version: HTTP/1.1)
HTTP/1.1 200 OK
Content-Length: 17
Content-Type: application/json; charset=utf-8
cache-control: no-cache

02:05:14.626 [AsyncHttpClient-1-2] DEBUG org.asynchttpclient.netty.channel.ChannelManager - Adding key: http://localhost:20088 for channel [id: 0x5c0d7474, L:/127.0.0.1:60251 - R:localhost/127.0.0.1:20088]
02:05:14.630 [Forwarding isElementEnabled on session f60e30bb144684a48710ed8207bd2b55 to remote] DEBUG org.asynchttpclient.netty.request.NettyRequestSender - Using pooled Channel '[id: 0x5c0d7474, L:/127.0.0.1:60251 - R:localhost/127.0.0.1:20088]' for 'GET' to 'http://localhost:20088/session/f60e30bb144684a48710ed8207bd2b55/element/6bf8fec6-c41d-41f0-b03f-67e74e2c7a5e/enabled'
02:05:14.630 [Forwarding isElementEnabled on session f60e30bb144684a48710ed8207bd2b55 to remote] DEBUG org.asynchttpclient.netty.request.NettyRequestSender - Using open Channel [id: 0x5c0d7474, L:/127.0.0.1:60251 - R:localhost/127.0.0.1:20088] for GET '/session/f60e30bb144684a48710ed8207bd2b55/element/6bf8fec6-c41d-41f0-b03f-67e74e2c7a5e/enabled'
02:05:14.636 [AsyncHttpClient-1-2] DEBUG org.asynchttpclient.netty.handler.HttpHandler - 

Request DefaultFullHttpRequest(decodeResult: success, version: HTTP/1.1, content: EmptyByteBufBE)
GET /session/f60e30bb144684a48710ed8207bd2b55/element/6bf8fec6-c41d-41f0-b03f-67e74e2c7a5e/enabled HTTP/1.1
User-Agent: selenium/4.8.1 (java windows)
Cache-Control: no-cache
Content-Type: application/json; charset=utf-8
host: localhost:20088
accept: */*

Response DefaultHttpResponse(decodeResult: success, version: HTTP/1.1)
HTTP/1.1 200 OK
Content-Length: 14
Content-Type: application/json; charset=utf-8
cache-control: no-cache

02:05:14.637 [AsyncHttpClient-1-2] DEBUG org.asynchttpclient.netty.channel.ChannelManager - Adding key: http://localhost:20088 for channel [id: 0x5c0d7474, L:/127.0.0.1:60251 - R:localhost/127.0.0.1:20088]
02:05:14.638 [Forwarding isElementEnabled on session f60e30bb144684a48710ed8207bd2b55 to remote] DEBUG org.asynchttpclient.netty.request.NettyRequestSender - Using pooled Channel '[id: 0x5c0d7474, L:/127.0.0.1:60251 - R:localhost/127.0.0.1:20088]' for 'GET' to 'http://localhost:20088/session/f60e30bb144684a48710ed8207bd2b55/element/6bf8fec6-c41d-41f0-b03f-67e74e2c7a5e/enabled'
02:05:14.638 [Forwarding isElementEnabled on session f60e30bb144684a48710ed8207bd2b55 to remote] DEBUG org.asynchttpclient.netty.request.NettyRequestSender - Using open Channel [id: 0x5c0d7474, L:/127.0.0.1:60251 - R:localhost/127.0.0.1:20088] for GET '/session/f60e30bb144684a48710ed8207bd2b55/element/6bf8fec6-c41d-41f0-b03f-67e74e2c7a5e/enabled'
02:05:14.644 [AsyncHttpClient-1-2] DEBUG org.asynchttpclient.netty.handler.HttpHandler - 

Request DefaultFullHttpRequest(decodeResult: success, version: HTTP/1.1, content: EmptyByteBufBE)
GET /session/f60e30bb144684a48710ed8207bd2b55/element/6bf8fec6-c41d-41f0-b03f-67e74e2c7a5e/enabled HTTP/1.1
User-Agent: selenium/4.8.1 (java windows)
Cache-Control: no-cache
Content-Type: application/json; charset=utf-8
host: localhost:20088
accept: */*

Response DefaultHttpResponse(decodeResult: success, version: HTTP/1.1)
HTTP/1.1 200 OK
Content-Length: 14
Content-Type: application/json; charset=utf-8
cache-control: no-cache

02:05:14.644 [AsyncHttpClient-1-2] DEBUG org.asynchttpclient.netty.channel.ChannelManager - Adding key: http://localhost:20088 for channel [id: 0x5c0d7474, L:/127.0.0.1:60251 - R:localhost/127.0.0.1:20088]
02:05:14.650 [Forwarding findElement on session f60e30bb144684a48710ed8207bd2b55 to remote] DEBUG org.asynchttpclient.netty.request.NettyRequestSender - Using pooled Channel '[id: 0x5c0d7474, L:/127.0.0.1:60251 - R:localhost/127.0.0.1:20088]' for 'POST' to 'http://localhost:20088/session/f60e30bb144684a48710ed8207bd2b55/element'
02:05:14.650 [Forwarding findElement on session f60e30bb144684a48710ed8207bd2b55 to remote] DEBUG org.asynchttpclient.netty.request.NettyRequestSender - Using open Channel [id: 0x5c0d7474, L:/127.0.0.1:60251 - R:localhost/127.0.0.1:20088] for POST '/session/f60e30bb144684a48710ed8207bd2b55/element'
02:05:14.659 [AsyncHttpClient-1-2] DEBUG org.asynchttpclient.netty.handler.HttpHandler - 

Request DefaultHttpRequest(decodeResult: success, version: HTTP/1.1)
POST /session/f60e30bb144684a48710ed8207bd2b55/element HTTP/1.1
User-Agent: selenium/4.8.1 (java windows)
Content-Length: 59
Content-Type: application/json; charset=utf-8
host: localhost:20088
accept: */*

Response DefaultHttpResponse(decodeResult: success, version: HTTP/1.1)
HTTP/1.1 200 OK
Content-Length: 88
Content-Type: application/json; charset=utf-8
cache-control: no-cache

02:05:14.659 [AsyncHttpClient-1-2] DEBUG org.asynchttpclient.netty.channel.ChannelManager - Adding key: http://localhost:20088 for channel [id: 0x5c0d7474, L:/127.0.0.1:60251 - R:localhost/127.0.0.1:20088]
02:05:14.662 [Forwarding clickElement on session f60e30bb144684a48710ed8207bd2b55 to remote] DEBUG org.asynchttpclient.netty.request.NettyRequestSender - Using pooled Channel '[id: 0x5c0d7474, L:/127.0.0.1:60251 - R:localhost/127.0.0.1:20088]' for 'POST' to 'http://localhost:20088/session/f60e30bb144684a48710ed8207bd2b55/element/6bf8fec6-c41d-41f0-b03f-67e74e2c7a5e/click'
02:05:14.662 [Forwarding clickElement on session f60e30bb144684a48710ed8207bd2b55 to remote] DEBUG org.asynchttpclient.netty.request.NettyRequestSender - Using open Channel [id: 0x5c0d7474, L:/127.0.0.1:60251 - R:localhost/127.0.0.1:20088] for POST '/session/f60e30bb144684a48710ed8207bd2b55/element/6bf8fec6-c41d-41f0-b03f-67e74e2c7a5e/click'
02:05:14.787 [AsyncHttpClient-1-2] DEBUG org.asynchttpclient.netty.handler.HttpHandler - 

Request DefaultHttpRequest(decodeResult: success, version: HTTP/1.1)
POST /session/f60e30bb144684a48710ed8207bd2b55/element/6bf8fec6-c41d-41f0-b03f-67e74e2c7a5e/click HTTP/1.1
User-Agent: selenium/4.8.1 (java windows)
Content-Length: 50
Content-Type: application/json; charset=utf-8
host: localhost:20088
accept: */*

Response DefaultHttpResponse(decodeResult: success, version: HTTP/1.1)
HTTP/1.1 200 OK
Content-Length: 14
Content-Type: application/json; charset=utf-8
cache-control: no-cache

02:05:14.788 [AsyncHttpClient-1-2] DEBUG org.asynchttpclient.netty.channel.ChannelManager - Adding key: http://localhost:20088 for channel [id: 0x5c0d7474, L:/127.0.0.1:60251 - R:localhost/127.0.0.1:20088]
02:05:14.797 [Forwarding getAlertText on session f60e30bb144684a48710ed8207bd2b55 to remote] DEBUG org.asynchttpclient.netty.request.NettyRequestSender - Using pooled Channel '[id: 0x5c0d7474, L:/127.0.0.1:60251 - R:localhost/127.0.0.1:20088]' for 'GET' to 'http://localhost:20088/session/f60e30bb144684a48710ed8207bd2b55/alert/text'
02:05:14.798 [Forwarding getAlertText on session f60e30bb144684a48710ed8207bd2b55 to remote] DEBUG org.asynchttpclient.netty.request.NettyRequestSender - Using open Channel [id: 0x5c0d7474, L:/127.0.0.1:60251 - R:localhost/127.0.0.1:20088] for GET '/session/f60e30bb144684a48710ed8207bd2b55/alert/text'
02:05:14.801 [AsyncHttpClient-1-2] DEBUG org.asynchttpclient.netty.handler.HttpHandler - 

Request DefaultFullHttpRequest(decodeResult: success, version: HTTP/1.1, content: EmptyByteBufBE)
GET /session/f60e30bb144684a48710ed8207bd2b55/alert/text HTTP/1.1
User-Agent: selenium/4.8.1 (java windows)
Cache-Control: no-cache
Content-Type: application/json; charset=utf-8
host: localhost:20088
accept: */*

Response DefaultHttpResponse(decodeResult: success, version: HTTP/1.1)
HTTP/1.1 404 Not Found
Content-Length: 835
Content-Type: application/json; charset=utf-8
cache-control: no-cache

02:05:14.801 [AsyncHttpClient-1-2] DEBUG org.asynchttpclient.netty.channel.ChannelManager - Adding key: http://localhost:20088 for channel [id: 0x5c0d7474, L:/127.0.0.1:60251 - R:localhost/127.0.0.1:20088]
02:05:14.805 [Forwarding getCurrentUrl on session f60e30bb144684a48710ed8207bd2b55 to remote] DEBUG org.asynchttpclient.netty.request.NettyRequestSender - Using pooled Channel '[id: 0x5c0d7474, L:/127.0.0.1:60251 - R:localhost/127.0.0.1:20088]' for 'GET' to 'http://localhost:20088/session/f60e30bb144684a48710ed8207bd2b55/url'
02:05:14.805 [Forwarding getCurrentUrl on session f60e30bb144684a48710ed8207bd2b55 to remote] DEBUG org.asynchttpclient.netty.request.NettyRequestSender - Using open Channel [id: 0x5c0d7474, L:/127.0.0.1:60251 - R:localhost/127.0.0.1:20088] for GET '/session/f60e30bb144684a48710ed8207bd2b55/url'
02:05:14.809 [AsyncHttpClient-1-2] DEBUG org.asynchttpclient.netty.handler.HttpHandler - 

Request DefaultFullHttpRequest(decodeResult: success, version: HTTP/1.1, content: EmptyByteBufBE)
GET /session/f60e30bb144684a48710ed8207bd2b55/url HTTP/1.1
User-Agent: selenium/4.8.1 (java windows)
Cache-Control: no-cache
Content-Type: application/json; charset=utf-8
host: localhost:20088
accept: */*

Response DefaultHttpResponse(decodeResult: success, version: HTTP/1.1)
HTTP/1.1 200 OK
Content-Length: 52
Content-Type: application/json; charset=utf-8
cache-control: no-cache

02:05:14.809 [AsyncHttpClient-1-2] DEBUG org.asynchttpclient.netty.channel.ChannelManager - Adding key: http://localhost:20088 for channel [id: 0x5c0d7474, L:/127.0.0.1:60251 - R:localhost/127.0.0.1:20088]
02:05:14.810 [Forwarding screenshot on session f60e30bb144684a48710ed8207bd2b55 to remote] DEBUG org.asynchttpclient.netty.request.NettyRequestSender - Using pooled Channel '[id: 0x5c0d7474, L:/127.0.0.1:60251 - R:localhost/127.0.0.1:20088]' for 'GET' to 'http://localhost:20088/session/f60e30bb144684a48710ed8207bd2b55/screenshot'
02:05:14.810 [Forwarding screenshot on session f60e30bb144684a48710ed8207bd2b55 to remote] DEBUG org.asynchttpclient.netty.request.NettyRequestSender - Using open Channel [id: 0x5c0d7474, L:/127.0.0.1:60251 - R:localhost/127.0.0.1:20088] for GET '/session/f60e30bb144684a48710ed8207bd2b55/screenshot'
02:05:14.941 [AsyncHttpClient-1-1] DEBUG org.asynchttpclient.netty.channel.DefaultChannelPool - Entry count for : http://localhost:60253 : 1
02:05:15.005 [AsyncHttpClient-1-2] DEBUG org.asynchttpclient.netty.handler.HttpHandler - 

Request DefaultFullHttpRequest(decodeResult: success, version: HTTP/1.1, content: EmptyByteBufBE)
GET /session/f60e30bb144684a48710ed8207bd2b55/screenshot HTTP/1.1
User-Agent: selenium/4.8.1 (java windows)
Cache-Control: no-cache
Content-Type: application/json; charset=utf-8
host: localhost:20088
accept: */*

Response DefaultHttpResponse(decodeResult: success, version: HTTP/1.1)
HTTP/1.1 200 OK
Content-Length: 216440
Content-Type: application/json; charset=utf-8
cache-control: no-cache

02:05:15.006 [AsyncHttpClient-1-2] DEBUG org.asynchttpclient.netty.channel.ChannelManager - Adding key: http://localhost:20088 for channel [id: 0x5c0d7474, L:/127.0.0.1:60251 - R:localhost/127.0.0.1:20088]
02:05:15.015 [main] DEBUG net.serenitybdd.core.photography.Darkroom - Send negative for processing for target\site\serenity\851be72f6d80a5565fb3a4785190fd85172c06d9bb16a556fcf903b42a7a4136.png
02:05:15.015 [main] DEBUG net.thucydides.core.steps.StepInterceptor - STEP DONE: clickLoginButton
02:05:15.015 [Darkroom Processing Line] DEBUG net.serenitybdd.core.photography.DarkroomProcessingLine - Processing screenshot image in /var/screenshots/screenshot-10668362547778709946
  &amp#27;[32mWhen &amp#27;[0m&amp#27;[32mI log in with valid credentials&amp#27;[0m       &amp#27;[90m# starter.stepdefinitions.AddToCartSteps.loginWithValid()&amp#27;[0m
02:05:15.015 [Darkroom Processing Line] DEBUG net.serenitybdd.core.photography.DarkroomProcessingLine - Saving screenshot to target\site\serenity\851be72f6d80a5565fb3a4785190fd85172c06d9bb16a556fcf903b42a7a4136.png
02:05:15.021 [Forwarding getPageSource on session f60e30bb144684a48710ed8207bd2b55 to remote] DEBUG org.asynchttpclient.netty.request.NettyRequestSender - Using pooled Channel '[id: 0x5c0d7474, L:/127.0.0.1:60251 - R:localhost/127.0.0.1:20088]' for 'POST' to 'http://localhost:20088/session/f60e30bb144684a48710ed8207bd2b55/execute/sync'
02:05:15.021 [Forwarding getPageSource on session f60e30bb144684a48710ed8207bd2b55 to remote] DEBUG org.asynchttpclient.netty.request.NettyRequestSender - Using open Channel [id: 0x5c0d7474, L:/127.0.0.1:60251 - R:localhost/127.0.0.1:20088] for POST '/session/f60e30bb144684a48710ed8207bd2b55/execute/sync'
02:05:15.027 [AsyncHttpClient-1-2] DEBUG org.asynchttpclient.netty.handler.HttpHandler - 

Request DefaultHttpRequest(decodeResult: success, version: HTTP/1.1)
POST /session/f60e30bb144684a48710ed8207bd2b55/execute/sync HTTP/1.1
User-Agent: selenium/4.8.1 (java windows)
Content-Length: 176
Content-Type: application/json; charset=utf-8
host: localhost:20088
accept: */*

Response DefaultHttpResponse(decodeResult: success, version: HTTP/1.1)
HTTP/1.1 200 OK
Content-Length: 16329
Content-Type: application/json; charset=utf-8
cache-control: no-cache

02:05:15.027 [AsyncHttpClient-1-2] DEBUG org.asynchttpclient.netty.channel.ChannelManager - Adding key: http://localhost:20088 for channel [id: 0x5c0d7474, L:/127.0.0.1:60251 - R:localhost/127.0.0.1:20088]
02:05:15.039 [Forwarding getCurrentUrl on session f60e30bb144684a48710ed8207bd2b55 to remote] DEBUG org.asynchttpclient.netty.request.NettyRequestSender - Using pooled Channel '[id: 0x5c0d7474, L:/127.0.0.1:60251 - R:localhost/127.0.0.1:20088]' for 'GET' to 'http://localhost:20088/session/f60e30bb144684a48710ed8207bd2b55/url'
02:05:15.039 [Forwarding getCurrentUrl on session f60e30bb144684a48710ed8207bd2b55 to remote] DEBUG org.asynchttpclient.netty.request.NettyRequestSender - Using open Channel [id: 0x5c0d7474, L:/127.0.0.1:60251 - R:localhost/127.0.0.1:20088] for GET '/session/f60e30bb144684a48710ed8207bd2b55/url'
02:05:15.042 [AsyncHttpClient-1-2] DEBUG org.asynchttpclient.netty.handler.HttpHandler - 

Request DefaultFullHttpRequest(decodeResult: success, version: HTTP/1.1, content: EmptyByteBufBE)
GET /session/f60e30bb144684a48710ed8207bd2b55/url HTTP/1.1
User-Agent: selenium/4.8.1 (java windows)
Cache-Control: no-cache
Content-Type: application/json; charset=utf-8
host: localhost:20088
accept: */*

Response DefaultHttpResponse(decodeResult: success, version: HTTP/1.1)
HTTP/1.1 200 OK
Content-Length: 52
Content-Type: application/json; charset=utf-8
cache-control: no-cache

02:05:15.042 [AsyncHttpClient-1-2] DEBUG org.asynchttpclient.netty.channel.ChannelManager - Adding key: http://localhost:20088 for channel [id: 0x5c0d7474, L:/127.0.0.1:60251 - R:localhost/127.0.0.1:20088]
02:05:15.049 [Forwarding getPageSource on session f60e30bb144684a48710ed8207bd2b55 to remote] DEBUG org.asynchttpclient.netty.request.NettyRequestSender - Using pooled Channel '[id: 0x5c0d7474, L:/127.0.0.1:60251 - R:localhost/127.0.0.1:20088]' for 'POST' to 'http://localhost:20088/session/f60e30bb144684a48710ed8207bd2b55/execute/sync'
02:05:15.050 [Forwarding getPageSource on session f60e30bb144684a48710ed8207bd2b55 to remote] DEBUG org.asynchttpclient.netty.request.NettyRequestSender - Using open Channel [id: 0x5c0d7474, L:/127.0.0.1:60251 - R:localhost/127.0.0.1:20088] for POST '/session/f60e30bb144684a48710ed8207bd2b55/execute/sync'
02:05:15.054 [AsyncHttpClient-1-2] DEBUG org.asynchttpclient.netty.handler.HttpHandler - 

Request DefaultHttpRequest(decodeResult: success, version: HTTP/1.1)
POST /session/f60e30bb144684a48710ed8207bd2b55/execute/sync HTTP/1.1
User-Agent: selenium/4.8.1 (java windows)
Content-Length: 176
Content-Type: application/json; charset=utf-8
host: localhost:20088
accept: */*

Response DefaultHttpResponse(decodeResult: success, version: HTTP/1.1)
HTTP/1.1 200 OK
Content-Length: 16329
Content-Type: application/json; charset=utf-8
cache-control: no-cache

02:05:15.054 [AsyncHttpClient-1-2] DEBUG org.asynchttpclient.netty.channel.ChannelManager - Adding key: http://localhost:20088 for channel [id: 0x5c0d7474, L:/127.0.0.1:60251 - R:localhost/127.0.0.1:20088]
02:05:15.059 [Forwarding getCurrentUrl on session f60e30bb144684a48710ed8207bd2b55 to remote] DEBUG org.asynchttpclient.netty.request.NettyRequestSender - Using pooled Channel '[id: 0x5c0d7474, L:/127.0.0.1:60251 - R:localhost/127.0.0.1:20088]' for 'GET' to 'http://localhost:20088/session/f60e30bb144684a48710ed8207bd2b55/url'
02:05:15.059 [Forwarding getCurrentUrl on session f60e30bb144684a48710ed8207bd2b55 to remote] DEBUG org.asynchttpclient.netty.request.NettyRequestSender - Using open Channel [id: 0x5c0d7474, L:/127.0.0.1:60251 - R:localhost/127.0.0.1:20088] for GET '/session/f60e30bb144684a48710ed8207bd2b55/url'
02:05:15.062 [AsyncHttpClient-1-2] DEBUG org.asynchttpclient.netty.handler.HttpHandler - 

Request DefaultFullHttpRequest(decodeResult: success, version: HTTP/1.1, content: EmptyByteBufBE)
GET /session/f60e30bb144684a48710ed8207bd2b55/url HTTP/1.1
User-Agent: selenium/4.8.1 (java windows)
Cache-Control: no-cache
Content-Type: application/json; charset=utf-8
host: localhost:20088
accept: */*

Response DefaultHttpResponse(decodeResult: success, version: HTTP/1.1)
HTTP/1.1 200 OK
Content-Length: 52
Content-Type: application/json; charset=utf-8
cache-control: no-cache

02:05:15.063 [AsyncHttpClient-1-2] DEBUG org.asynchttpclient.netty.channel.ChannelManager - Adding key: http://localhost:20088 for channel [id: 0x5c0d7474, L:/127.0.0.1:60251 - R:localhost/127.0.0.1:20088]
02:05:15.064 [main] DEBUG net.thucydides.core.steps.StepInterceptor - STARTING STEP: AddToCartSteps.onTheProductPage - validateOnProductPage
02:05:15.066 [Forwarding findElement on session f60e30bb144684a48710ed8207bd2b55 to remote] DEBUG org.asynchttpclient.netty.request.NettyRequestSender - Using pooled Channel '[id: 0x5c0d7474, L:/127.0.0.1:60251 - R:localhost/127.0.0.1:20088]' for 'POST' to 'http://localhost:20088/session/f60e30bb144684a48710ed8207bd2b55/element'
02:05:15.066 [Forwarding findElement on session f60e30bb144684a48710ed8207bd2b55 to remote] DEBUG org.asynchttpclient.netty.request.NettyRequestSender - Using open Channel [id: 0x5c0d7474, L:/127.0.0.1:60251 - R:localhost/127.0.0.1:20088] for POST '/session/f60e30bb144684a48710ed8207bd2b55/element'
02:05:15.075 [AsyncHttpClient-1-2] DEBUG org.asynchttpclient.netty.handler.HttpHandler - 

Request DefaultHttpRequest(decodeResult: success, version: HTTP/1.1)
POST /session/f60e30bb144684a48710ed8207bd2b55/element HTTP/1.1
User-Agent: selenium/4.8.1 (java windows)
Content-Length: 50
Content-Type: application/json; charset=utf-8
host: localhost:20088
accept: */*

Response DefaultHttpResponse(decodeResult: success, version: HTTP/1.1)
HTTP/1.1 200 OK
Content-Length: 88
Content-Type: application/json; charset=utf-8
cache-control: no-cache

02:05:15.075 [AsyncHttpClient-1-2] DEBUG org.asynchttpclient.netty.channel.ChannelManager - Adding key: http://localhost:20088 for channel [id: 0x5c0d7474, L:/127.0.0.1:60251 - R:localhost/127.0.0.1:20088]
02:05:15.078 [Forwarding isElementDisplayed on session f60e30bb144684a48710ed8207bd2b55 to remote] DEBUG org.asynchttpclient.netty.request.NettyRequestSender - Using pooled Channel '[id: 0x5c0d7474, L:/127.0.0.1:60251 - R:localhost/127.0.0.1:20088]' for 'POST' to 'http://localhost:20088/session/f60e30bb144684a48710ed8207bd2b55/execute/sync'
02:05:15.078 [Forwarding isElementDisplayed on session f60e30bb144684a48710ed8207bd2b55 to remote] DEBUG org.asynchttpclient.netty.request.NettyRequestSender - Using open Channel [id: 0x5c0d7474, L:/127.0.0.1:60251 - R:localhost/127.0.0.1:20088] for POST '/session/f60e30bb144684a48710ed8207bd2b55/execute/sync'
02:05:15.088 [AsyncHttpClient-1-2] DEBUG org.asynchttpclient.netty.handler.HttpHandler - 

Request DefaultHttpRequest(decodeResult: success, version: HTTP/1.1)
POST /session/f60e30bb144684a48710ed8207bd2b55/execute/sync HTTP/1.1
User-Agent: selenium/4.8.1 (java windows)
Content-Length: 48807
Content-Type: application/json; charset=utf-8
host: localhost:20088
accept: */*

Response DefaultHttpResponse(decodeResult: success, version: HTTP/1.1)
HTTP/1.1 200 OK
Content-Length: 14
Content-Type: application/json; charset=utf-8
cache-control: no-cache

02:05:15.088 [AsyncHttpClient-1-2] DEBUG org.asynchttpclient.netty.channel.ChannelManager - Adding key: http://localhost:20088 for channel [id: 0x5c0d7474, L:/127.0.0.1:60251 - R:localhost/127.0.0.1:20088]
02:05:15.092 [Forwarding getAlertText on session f60e30bb144684a48710ed8207bd2b55 to remote] DEBUG org.asynchttpclient.netty.request.NettyRequestSender - Using pooled Channel '[id: 0x5c0d7474, L:/127.0.0.1:60251 - R:localhost/127.0.0.1:20088]' for 'GET' to 'http://localhost:20088/session/f60e30bb144684a48710ed8207bd2b55/alert/text'
02:05:15.092 [Forwarding getAlertText on session f60e30bb144684a48710ed8207bd2b55 to remote] DEBUG org.asynchttpclient.netty.request.NettyRequestSender - Using open Channel [id: 0x5c0d7474, L:/127.0.0.1:60251 - R:localhost/127.0.0.1:20088] for GET '/session/f60e30bb144684a48710ed8207bd2b55/alert/text'
02:05:15.094 [AsyncHttpClient-1-2] DEBUG org.asynchttpclient.netty.handler.HttpHandler - 

Request DefaultFullHttpRequest(decodeResult: success, version: HTTP/1.1, content: EmptyByteBufBE)
GET /session/f60e30bb144684a48710ed8207bd2b55/alert/text HTTP/1.1
User-Agent: selenium/4.8.1 (java windows)
Cache-Control: no-cache
Content-Type: application/json; charset=utf-8
host: localhost:20088
accept: */*

Response DefaultHttpResponse(decodeResult: success, version: HTTP/1.1)
HTTP/1.1 404 Not Found
Content-Length: 835
Content-Type: application/json; charset=utf-8
cache-control: no-cache

02:05:15.094 [AsyncHttpClient-1-2] DEBUG org.asynchttpclient.netty.channel.ChannelManager - Adding key: http://localhost:20088 for channel [id: 0x5c0d7474, L:/127.0.0.1:60251 - R:localhost/127.0.0.1:20088]
02:05:15.095 [Forwarding getCurrentUrl on session f60e30bb144684a48710ed8207bd2b55 to remote] DEBUG org.asynchttpclient.netty.request.NettyRequestSender - Using pooled Channel '[id: 0x5c0d7474, L:/127.0.0.1:60251 - R:localhost/127.0.0.1:20088]' for 'GET' to 'http://localhost:20088/session/f60e30bb144684a48710ed8207bd2b55/url'
02:05:15.095 [Forwarding getCurrentUrl on session f60e30bb144684a48710ed8207bd2b55 to remote] DEBUG org.asynchttpclient.netty.request.NettyRequestSender - Using open Channel [id: 0x5c0d7474, L:/127.0.0.1:60251 - R:localhost/127.0.0.1:20088] for GET '/session/f60e30bb144684a48710ed8207bd2b55/url'
02:05:15.099 [AsyncHttpClient-1-2] DEBUG org.asynchttpclient.netty.handler.HttpHandler - 

Request DefaultFullHttpRequest(decodeResult: success, version: HTTP/1.1, content: EmptyByteBufBE)
GET /session/f60e30bb144684a48710ed8207bd2b55/url HTTP/1.1
User-Agent: selenium/4.8.1 (java windows)
Cache-Control: no-cache
Content-Type: application/json; charset=utf-8
host: localhost:20088
accept: */*

Response DefaultHttpResponse(decodeResult: success, version: HTTP/1.1)
HTTP/1.1 200 OK
Content-Length: 52
Content-Type: application/json; charset=utf-8
cache-control: no-cache

02:05:15.099 [AsyncHttpClient-1-2] DEBUG org.asynchttpclient.netty.channel.ChannelManager - Adding key: http://localhost:20088 for channel [id: 0x5c0d7474, L:/127.0.0.1:60251 - R:localhost/127.0.0.1:20088]
02:05:15.100 [Forwarding screenshot on session f60e30bb144684a48710ed8207bd2b55 to remote] DEBUG org.asynchttpclient.netty.request.NettyRequestSender - Using pooled Channel '[id: 0x5c0d7474, L:/127.0.0.1:60251 - R:localhost/127.0.0.1:20088]' for 'GET' to 'http://localhost:20088/session/f60e30bb144684a48710ed8207bd2b55/screenshot'
02:05:15.100 [Forwarding screenshot on session f60e30bb144684a48710ed8207bd2b55 to remote] DEBUG org.asynchttpclient.netty.request.NettyRequestSender - Using open Channel [id: 0x5c0d7474, L:/127.0.0.1:60251 - R:localhost/127.0.0.1:20088] for GET '/session/f60e30bb144684a48710ed8207bd2b55/screenshot'
02:05:15.196 [AsyncHttpClient-1-2] DEBUG org.asynchttpclient.netty.handler.HttpHandler - 

Request DefaultFullHttpRequest(decodeResult: success, version: HTTP/1.1, content: EmptyByteBufBE)
GET /session/f60e30bb144684a48710ed8207bd2b55/screenshot HTTP/1.1
User-Agent: selenium/4.8.1 (java windows)
Cache-Control: no-cache
Content-Type: application/json; charset=utf-8
host: localhost:20088
accept: */*

Response DefaultHttpResponse(decodeResult: success, version: HTTP/1.1)
HTTP/1.1 200 OK
Content-Length: 216440
Content-Type: application/json; charset=utf-8
cache-control: no-cache

02:05:15.198 [AsyncHttpClient-1-2] DEBUG org.asynchttpclient.netty.channel.ChannelManager - Adding key: http://localhost:20088 for channel [id: 0x5c0d7474, L:/127.0.0.1:60251 - R:localhost/127.0.0.1:20088]
02:05:15.202 [main] DEBUG net.serenitybdd.core.photography.Darkroom - Send negative for processing for target\site\serenity\851be72f6d80a5565fb3a4785190fd85172c06d9bb16a556fcf903b42a7a4136.png
02:05:15.202 [main] DEBUG net.thucydides.core.steps.StepInterceptor - STEP DONE: validateOnProductPage
  &amp#27;[32mAnd &amp#27;[0m&amp#27;[32mI navigate to the products page&amp#27;[0m        &amp#27;[90m# starter.stepdefinitions.AddToCartSteps.onTheProductPage()&amp#27;[0m
02:05:15.210 [Forwarding getPageSource on session f60e30bb144684a48710ed8207bd2b55 to remote] DEBUG org.asynchttpclient.netty.request.NettyRequestSender - Using pooled Channel '[id: 0x5c0d7474, L:/127.0.0.1:60251 - R:localhost/127.0.0.1:20088]' for 'POST' to 'http://localhost:20088/session/f60e30bb144684a48710ed8207bd2b55/execute/sync'
02:05:15.210 [Forwarding getPageSource on session f60e30bb144684a48710ed8207bd2b55 to remote] DEBUG org.asynchttpclient.netty.request.NettyRequestSender - Using open Channel [id: 0x5c0d7474, L:/127.0.0.1:60251 - R:localhost/127.0.0.1:20088] for POST '/session/f60e30bb144684a48710ed8207bd2b55/execute/sync'
02:05:15.215 [AsyncHttpClient-1-2] DEBUG org.asynchttpclient.netty.handler.HttpHandler - 

Request DefaultHttpRequest(decodeResult: success, version: HTTP/1.1)
POST /session/f60e30bb144684a48710ed8207bd2b55/execute/sync HTTP/1.1
User-Agent: selenium/4.8.1 (java windows)
Content-Length: 176
Content-Type: application/json; charset=utf-8
host: localhost:20088
accept: */*

Response DefaultHttpResponse(decodeResult: success, version: HTTP/1.1)
HTTP/1.1 200 OK
Content-Length: 16329
Content-Type: application/json; charset=utf-8
cache-control: no-cache

02:05:15.216 [AsyncHttpClient-1-2] DEBUG org.asynchttpclient.netty.channel.ChannelManager - Adding key: http://localhost:20088 for channel [id: 0x5c0d7474, L:/127.0.0.1:60251 - R:localhost/127.0.0.1:20088]
02:05:15.220 [Forwarding getCurrentUrl on session f60e30bb144684a48710ed8207bd2b55 to remote] DEBUG org.asynchttpclient.netty.request.NettyRequestSender - Using pooled Channel '[id: 0x5c0d7474, L:/127.0.0.1:60251 - R:localhost/127.0.0.1:20088]' for 'GET' to 'http://localhost:20088/session/f60e30bb144684a48710ed8207bd2b55/url'
02:05:15.221 [Forwarding getCurrentUrl on session f60e30bb144684a48710ed8207bd2b55 to remote] DEBUG org.asynchttpclient.netty.request.NettyRequestSender - Using open Channel [id: 0x5c0d7474, L:/127.0.0.1:60251 - R:localhost/127.0.0.1:20088] for GET '/session/f60e30bb144684a48710ed8207bd2b55/url'
02:05:15.223 [AsyncHttpClient-1-2] DEBUG org.asynchttpclient.netty.handler.HttpHandler - 

Request DefaultFullHttpRequest(decodeResult: success, version: HTTP/1.1, content: EmptyByteBufBE)
GET /session/f60e30bb144684a48710ed8207bd2b55/url HTTP/1.1
User-Agent: selenium/4.8.1 (java windows)
Cache-Control: no-cache
Content-Type: application/json; charset=utf-8
host: localhost:20088
accept: */*

Response DefaultHttpResponse(decodeResult: success, version: HTTP/1.1)
HTTP/1.1 200 OK
Content-Length: 52
Content-Type: application/json; charset=utf-8
cache-control: no-cache

02:05:15.224 [AsyncHttpClient-1-2] DEBUG org.asynchttpclient.netty.channel.ChannelManager - Adding key: http://localhost:20088 for channel [id: 0x5c0d7474, L:/127.0.0.1:60251 - R:localhost/127.0.0.1:20088]
02:05:15.275 [Forwarding getAlertText on session f60e30bb144684a48710ed8207bd2b55 to remote] DEBUG org.asynchttpclient.netty.request.NettyRequestSender - Using pooled Channel '[id: 0x5c0d7474, L:/127.0.0.1:60251 - R:localhost/127.0.0.1:20088]' for 'GET' to 'http://localhost:20088/session/f60e30bb144684a48710ed8207bd2b55/alert/text'
02:05:15.275 [Forwarding getAlertText on session f60e30bb144684a48710ed8207bd2b55 to remote] DEBUG org.asynchttpclient.netty.request.NettyRequestSender - Using open Channel [id: 0x5c0d7474, L:/127.0.0.1:60251 - R:localhost/127.0.0.1:20088] for GET '/session/f60e30bb144684a48710ed8207bd2b55/alert/text'
02:05:15.276 [AsyncHttpClient-1-2] DEBUG org.asynchttpclient.netty.handler.HttpHandler - 

Request DefaultFullHttpRequest(decodeResult: success, version: HTTP/1.1, content: EmptyByteBufBE)
GET /session/f60e30bb144684a48710ed8207bd2b55/alert/text HTTP/1.1
User-Agent: selenium/4.8.1 (java windows)
Cache-Control: no-cache
Content-Type: application/json; charset=utf-8
host: localhost:20088
accept: */*

Response DefaultHttpResponse(decodeResult: success, version: HTTP/1.1)
HTTP/1.1 404 Not Found
Content-Length: 835
Content-Type: application/json; charset=utf-8
cache-control: no-cache

02:05:15.277 [AsyncHttpClient-1-2] DEBUG org.asynchttpclient.netty.channel.ChannelManager - Adding key: http://localhost:20088 for channel [id: 0x5c0d7474, L:/127.0.0.1:60251 - R:localhost/127.0.0.1:20088]
02:05:15.278 [Forwarding getCurrentUrl on session f60e30bb144684a48710ed8207bd2b55 to remote] DEBUG org.asynchttpclient.netty.request.NettyRequestSender - Using pooled Channel '[id: 0x5c0d7474, L:/127.0.0.1:60251 - R:localhost/127.0.0.1:20088]' for 'GET' to 'http://localhost:20088/session/f60e30bb144684a48710ed8207bd2b55/url'
02:05:15.278 [Forwarding getCurrentUrl on session f60e30bb144684a48710ed8207bd2b55 to remote] DEBUG org.asynchttpclient.netty.request.NettyRequestSender - Using open Channel [id: 0x5c0d7474, L:/127.0.0.1:60251 - R:localhost/127.0.0.1:20088] for GET '/session/f60e30bb144684a48710ed8207bd2b55/url'
02:05:15.280 [AsyncHttpClient-1-2] DEBUG org.asynchttpclient.netty.handler.HttpHandler - 

Request DefaultFullHttpRequest(decodeResult: success, version: HTTP/1.1, content: EmptyByteBufBE)
GET /session/f60e30bb144684a48710ed8207bd2b55/url HTTP/1.1
User-Agent: selenium/4.8.1 (java windows)
Cache-Control: no-cache
Content-Type: application/json; charset=utf-8
host: localhost:20088
accept: */*

Response DefaultHttpResponse(decodeResult: success, version: HTTP/1.1)
HTTP/1.1 200 OK
Content-Length: 52
Content-Type: application/json; charset=utf-8
cache-control: no-cache

02:05:15.280 [AsyncHttpClient-1-2] DEBUG org.asynchttpclient.netty.channel.ChannelManager - Adding key: http://localhost:20088 for channel [id: 0x5c0d7474, L:/127.0.0.1:60251 - R:localhost/127.0.0.1:20088]
02:05:15.281 [Forwarding screenshot on session f60e30bb144684a48710ed8207bd2b55 to remote] DEBUG org.asynchttpclient.netty.request.NettyRequestSender - Using pooled Channel '[id: 0x5c0d7474, L:/127.0.0.1:60251 - R:localhost/127.0.0.1:20088]' for 'GET' to 'http://localhost:20088/session/f60e30bb144684a48710ed8207bd2b55/screenshot'
02:05:15.281 [Forwarding screenshot on session f60e30bb144684a48710ed8207bd2b55 to remote] DEBUG org.asynchttpclient.netty.request.NettyRequestSender - Using open Channel [id: 0x5c0d7474, L:/127.0.0.1:60251 - R:localhost/127.0.0.1:20088] for GET '/session/f60e30bb144684a48710ed8207bd2b55/screenshot'
02:05:15.378 [AsyncHttpClient-1-2] DEBUG org.asynchttpclient.netty.handler.HttpHandler - 

Request DefaultFullHttpRequest(decodeResult: success, version: HTTP/1.1, content: EmptyByteBufBE)
GET /session/f60e30bb144684a48710ed8207bd2b55/screenshot HTTP/1.1
User-Agent: selenium/4.8.1 (java windows)
Cache-Control: no-cache
Content-Type: application/json; charset=utf-8
host: localhost:20088
accept: */*

Response DefaultHttpResponse(decodeResult: success, version: HTTP/1.1)
HTTP/1.1 200 OK
Content-Length: 216440
Content-Type: application/json; charset=utf-8
cache-control: no-cache

02:05:15.379 [AsyncHttpClient-1-2] DEBUG org.asynchttpclient.netty.channel.ChannelManager - Adding key: http://localhost:20088 for channel [id: 0x5c0d7474, L:/127.0.0.1:60251 - R:localhost/127.0.0.1:20088]
02:05:15.383 [main] DEBUG net.serenitybdd.core.photography.Darkroom - Send negative for processing for target\site\serenity\851be72f6d80a5565fb3a4785190fd85172c06d9bb16a556fcf903b42a7a4136.png
02:05:15.384 [Forwarding getPageSource on session f60e30bb144684a48710ed8207bd2b55 to remote] DEBUG org.asynchttpclient.netty.request.NettyRequestSender - Using pooled Channel '[id: 0x5c0d7474, L:/127.0.0.1:60251 - R:localhost/127.0.0.1:20088]' for 'POST' to 'http://localhost:20088/session/f60e30bb144684a48710ed8207bd2b55/execute/sync'
02:05:15.384 [Forwarding getPageSource on session f60e30bb144684a48710ed8207bd2b55 to remote] DEBUG org.asynchttpclient.netty.request.NettyRequestSender - Using open Channel [id: 0x5c0d7474, L:/127.0.0.1:60251 - R:localhost/127.0.0.1:20088] for POST '/session/f60e30bb144684a48710ed8207bd2b55/execute/sync'
02:05:15.388 [AsyncHttpClient-1-2] DEBUG org.asynchttpclient.netty.handler.HttpHandler - 

Request DefaultHttpRequest(decodeResult: success, version: HTTP/1.1)
POST /session/f60e30bb144684a48710ed8207bd2b55/execute/sync HTTP/1.1
User-Agent: selenium/4.8.1 (java windows)
Content-Length: 176
Content-Type: application/json; charset=utf-8
host: localhost:20088
accept: */*

Response DefaultHttpResponse(decodeResult: success, version: HTTP/1.1)
HTTP/1.1 200 OK
Content-Length: 16345
Content-Type: application/json; charset=utf-8
cache-control: no-cache

02:05:15.388 [AsyncHttpClient-1-2] DEBUG org.asynchttpclient.netty.channel.ChannelManager - Adding key: http://localhost:20088 for channel [id: 0x5c0d7474, L:/127.0.0.1:60251 - R:localhost/127.0.0.1:20088]
02:05:15.393 [Forwarding getCurrentUrl on session f60e30bb144684a48710ed8207bd2b55 to remote] DEBUG org.asynchttpclient.netty.request.NettyRequestSender - Using pooled Channel '[id: 0x5c0d7474, L:/127.0.0.1:60251 - R:localhost/127.0.0.1:20088]' for 'GET' to 'http://localhost:20088/session/f60e30bb144684a48710ed8207bd2b55/url'
02:05:15.393 [Forwarding getCurrentUrl on session f60e30bb144684a48710ed8207bd2b55 to remote] DEBUG org.asynchttpclient.netty.request.NettyRequestSender - Using open Channel [id: 0x5c0d7474, L:/127.0.0.1:60251 - R:localhost/127.0.0.1:20088] for GET '/session/f60e30bb144684a48710ed8207bd2b55/url'
02:05:15.396 [AsyncHttpClient-1-2] DEBUG org.asynchttpclient.netty.handler.HttpHandler - 

Request DefaultFullHttpRequest(decodeResult: success, version: HTTP/1.1, content: EmptyByteBufBE)
GET /session/f60e30bb144684a48710ed8207bd2b55/url HTTP/1.1
User-Agent: selenium/4.8.1 (java windows)
Cache-Control: no-cache
Content-Type: application/json; charset=utf-8
host: localhost:20088
accept: */*

Response DefaultHttpResponse(decodeResult: success, version: HTTP/1.1)
HTTP/1.1 200 OK
Content-Length: 52
Content-Type: application/json; charset=utf-8
cache-control: no-cache

02:05:15.397 [AsyncHttpClient-1-2] DEBUG org.asynchttpclient.netty.channel.ChannelManager - Adding key: http://localhost:20088 for channel [id: 0x5c0d7474, L:/127.0.0.1:60251 - R:localhost/127.0.0.1:20088]
02:05:15.398 [main] DEBUG net.thucydides.core.steps.StepInterceptor - STARTING STEP: AddToCartSteps.selectProduct - clickTheProduct
02:05:15.402 [Forwarding findElement on session f60e30bb144684a48710ed8207bd2b55 to remote] DEBUG org.asynchttpclient.netty.request.NettyRequestSender - Using pooled Channel '[id: 0x5c0d7474, L:/127.0.0.1:60251 - R:localhost/127.0.0.1:20088]' for 'POST' to 'http://localhost:20088/session/f60e30bb144684a48710ed8207bd2b55/element'
02:05:15.402 [Forwarding findElement on session f60e30bb144684a48710ed8207bd2b55 to remote] DEBUG org.asynchttpclient.netty.request.NettyRequestSender - Using open Channel [id: 0x5c0d7474, L:/127.0.0.1:60251 - R:localhost/127.0.0.1:20088] for POST '/session/f60e30bb144684a48710ed8207bd2b55/element'
02:05:15.411 [AsyncHttpClient-1-2] DEBUG org.asynchttpclient.netty.handler.HttpHandler - 

Request DefaultHttpRequest(decodeResult: success, version: HTTP/1.1)
POST /session/f60e30bb144684a48710ed8207bd2b55/element HTTP/1.1
User-Agent: selenium/4.8.1 (java windows)
Content-Length: 62
Content-Type: application/json; charset=utf-8
host: localhost:20088
accept: */*

Response DefaultHttpResponse(decodeResult: success, version: HTTP/1.1)
HTTP/1.1 200 OK
Content-Length: 88
Content-Type: application/json; charset=utf-8
cache-control: no-cache

02:05:15.411 [AsyncHttpClient-1-2] DEBUG org.asynchttpclient.netty.channel.ChannelManager - Adding key: http://localhost:20088 for channel [id: 0x5c0d7474, L:/127.0.0.1:60251 - R:localhost/127.0.0.1:20088]
02:05:15.412 [Forwarding getElementTagName on session f60e30bb144684a48710ed8207bd2b55 to remote] DEBUG org.asynchttpclient.netty.request.NettyRequestSender - Using pooled Channel '[id: 0x5c0d7474, L:/127.0.0.1:60251 - R:localhost/127.0.0.1:20088]' for 'GET' to 'http://localhost:20088/session/f60e30bb144684a48710ed8207bd2b55/element/ab5ccfdb-4d98-4b70-8caf-6c339729e9f3/name'
02:05:15.412 [Forwarding getElementTagName on session f60e30bb144684a48710ed8207bd2b55 to remote] DEBUG org.asynchttpclient.netty.request.NettyRequestSender - Using open Channel [id: 0x5c0d7474, L:/127.0.0.1:60251 - R:localhost/127.0.0.1:20088] for GET '/session/f60e30bb144684a48710ed8207bd2b55/element/ab5ccfdb-4d98-4b70-8caf-6c339729e9f3/name'
02:05:15.416 [AsyncHttpClient-1-2] DEBUG org.asynchttpclient.netty.handler.HttpHandler - 

Request DefaultFullHttpRequest(decodeResult: success, version: HTTP/1.1, content: EmptyByteBufBE)
GET /session/f60e30bb144684a48710ed8207bd2b55/element/ab5ccfdb-4d98-4b70-8caf-6c339729e9f3/name HTTP/1.1
User-Agent: selenium/4.8.1 (java windows)
Cache-Control: no-cache
Content-Type: application/json; charset=utf-8
host: localhost:20088
accept: */*

Response DefaultHttpResponse(decodeResult: success, version: HTTP/1.1)
HTTP/1.1 200 OK
Content-Length: 13
Content-Type: application/json; charset=utf-8
cache-control: no-cache

02:05:15.417 [AsyncHttpClient-1-2] DEBUG org.asynchttpclient.netty.channel.ChannelManager - Adding key: http://localhost:20088 for channel [id: 0x5c0d7474, L:/127.0.0.1:60251 - R:localhost/127.0.0.1:20088]
02:05:15.418 [Forwarding getElementTagName on session f60e30bb144684a48710ed8207bd2b55 to remote] DEBUG org.asynchttpclient.netty.request.NettyRequestSender - Using pooled Channel '[id: 0x5c0d7474, L:/127.0.0.1:60251 - R:localhost/127.0.0.1:20088]' for 'GET' to 'http://localhost:20088/session/f60e30bb144684a48710ed8207bd2b55/element/ab5ccfdb-4d98-4b70-8caf-6c339729e9f3/name'
02:05:15.418 [Forwarding getElementTagName on session f60e30bb144684a48710ed8207bd2b55 to remote] DEBUG org.asynchttpclient.netty.request.NettyRequestSender - Using open Channel [id: 0x5c0d7474, L:/127.0.0.1:60251 - R:localhost/127.0.0.1:20088] for GET '/session/f60e30bb144684a48710ed8207bd2b55/element/ab5ccfdb-4d98-4b70-8caf-6c339729e9f3/name'
02:05:15.420 [AsyncHttpClient-1-2] DEBUG org.asynchttpclient.netty.handler.HttpHandler - 

Request DefaultFullHttpRequest(decodeResult: success, version: HTTP/1.1, content: EmptyByteBufBE)
GET /session/f60e30bb144684a48710ed8207bd2b55/element/ab5ccfdb-4d98-4b70-8caf-6c339729e9f3/name HTTP/1.1
User-Agent: selenium/4.8.1 (java windows)
Cache-Control: no-cache
Content-Type: application/json; charset=utf-8
host: localhost:20088
accept: */*

Response DefaultHttpResponse(decodeResult: success, version: HTTP/1.1)
HTTP/1.1 200 OK
Content-Length: 13
Content-Type: application/json; charset=utf-8
cache-control: no-cache

02:05:15.421 [AsyncHttpClient-1-2] DEBUG org.asynchttpclient.netty.channel.ChannelManager - Adding key: http://localhost:20088 for channel [id: 0x5c0d7474, L:/127.0.0.1:60251 - R:localhost/127.0.0.1:20088]
02:05:15.422 [Forwarding findElement on session f60e30bb144684a48710ed8207bd2b55 to remote] DEBUG org.asynchttpclient.netty.request.NettyRequestSender - Using pooled Channel '[id: 0x5c0d7474, L:/127.0.0.1:60251 - R:localhost/127.0.0.1:20088]' for 'POST' to 'http://localhost:20088/session/f60e30bb144684a48710ed8207bd2b55/element'
02:05:15.422 [Forwarding findElement on session f60e30bb144684a48710ed8207bd2b55 to remote] DEBUG org.asynchttpclient.netty.request.NettyRequestSender - Using open Channel [id: 0x5c0d7474, L:/127.0.0.1:60251 - R:localhost/127.0.0.1:20088] for POST '/session/f60e30bb144684a48710ed8207bd2b55/element'
02:05:15.427 [AsyncHttpClient-1-2] DEBUG org.asynchttpclient.netty.handler.HttpHandler - 

Request DefaultHttpRequest(decodeResult: success, version: HTTP/1.1)
POST /session/f60e30bb144684a48710ed8207bd2b55/element HTTP/1.1
User-Agent: selenium/4.8.1 (java windows)
Content-Length: 62
Content-Type: application/json; charset=utf-8
host: localhost:20088
accept: */*

Response DefaultHttpResponse(decodeResult: success, version: HTTP/1.1)
HTTP/1.1 200 OK
Content-Length: 88
Content-Type: application/json; charset=utf-8
cache-control: no-cache

02:05:15.427 [AsyncHttpClient-1-2] DEBUG org.asynchttpclient.netty.channel.ChannelManager - Adding key: http://localhost:20088 for channel [id: 0x5c0d7474, L:/127.0.0.1:60251 - R:localhost/127.0.0.1:20088]
02:05:15.428 [Forwarding clickElement on session f60e30bb144684a48710ed8207bd2b55 to remote] DEBUG org.asynchttpclient.netty.request.NettyRequestSender - Using pooled Channel '[id: 0x5c0d7474, L:/127.0.0.1:60251 - R:localhost/127.0.0.1:20088]' for 'POST' to 'http://localhost:20088/session/f60e30bb144684a48710ed8207bd2b55/element/ab5ccfdb-4d98-4b70-8caf-6c339729e9f3/click'
02:05:15.428 [Forwarding clickElement on session f60e30bb144684a48710ed8207bd2b55 to remote] DEBUG org.asynchttpclient.netty.request.NettyRequestSender - Using open Channel [id: 0x5c0d7474, L:/127.0.0.1:60251 - R:localhost/127.0.0.1:20088] for POST '/session/f60e30bb144684a48710ed8207bd2b55/element/ab5ccfdb-4d98-4b70-8caf-6c339729e9f3/click'
02:05:15.463 [AsyncHttpClient-1-2] DEBUG org.asynchttpclient.netty.handler.HttpHandler - 

Request DefaultHttpRequest(decodeResult: success, version: HTTP/1.1)
POST /session/f60e30bb144684a48710ed8207bd2b55/element/ab5ccfdb-4d98-4b70-8caf-6c339729e9f3/click HTTP/1.1
User-Agent: selenium/4.8.1 (java windows)
Content-Length: 50
Content-Type: application/json; charset=utf-8
host: localhost:20088
accept: */*

Response DefaultHttpResponse(decodeResult: success, version: HTTP/1.1)
HTTP/1.1 200 OK
Content-Length: 14
Content-Type: application/json; charset=utf-8
cache-control: no-cache

02:05:15.463 [AsyncHttpClient-1-2] DEBUG org.asynchttpclient.netty.channel.ChannelManager - Adding key: http://localhost:20088 for channel [id: 0x5c0d7474, L:/127.0.0.1:60251 - R:localhost/127.0.0.1:20088]
02:05:15.468 [Forwarding getAlertText on session f60e30bb144684a48710ed8207bd2b55 to remote] DEBUG org.asynchttpclient.netty.request.NettyRequestSender - Using pooled Channel '[id: 0x5c0d7474, L:/127.0.0.1:60251 - R:localhost/127.0.0.1:20088]' for 'GET' to 'http://localhost:20088/session/f60e30bb144684a48710ed8207bd2b55/alert/text'
02:05:15.468 [Forwarding getAlertText on session f60e30bb144684a48710ed8207bd2b55 to remote] DEBUG org.asynchttpclient.netty.request.NettyRequestSender - Using open Channel [id: 0x5c0d7474, L:/127.0.0.1:60251 - R:localhost/127.0.0.1:20088] for GET '/session/f60e30bb144684a48710ed8207bd2b55/alert/text'
02:05:15.470 [AsyncHttpClient-1-2] DEBUG org.asynchttpclient.netty.handler.HttpHandler - 

Request DefaultFullHttpRequest(decodeResult: success, version: HTTP/1.1, content: EmptyByteBufBE)
GET /session/f60e30bb144684a48710ed8207bd2b55/alert/text HTTP/1.1
User-Agent: selenium/4.8.1 (java windows)
Cache-Control: no-cache
Content-Type: application/json; charset=utf-8
host: localhost:20088
accept: */*

Response DefaultHttpResponse(decodeResult: success, version: HTTP/1.1)
HTTP/1.1 404 Not Found
Content-Length: 835
Content-Type: application/json; charset=utf-8
cache-control: no-cache

02:05:15.470 [AsyncHttpClient-1-2] DEBUG org.asynchttpclient.netty.channel.ChannelManager - Adding key: http://localhost:20088 for channel [id: 0x5c0d7474, L:/127.0.0.1:60251 - R:localhost/127.0.0.1:20088]
02:05:15.471 [Forwarding getCurrentUrl on session f60e30bb144684a48710ed8207bd2b55 to remote] DEBUG org.asynchttpclient.netty.request.NettyRequestSender - Using pooled Channel '[id: 0x5c0d7474, L:/127.0.0.1:60251 - R:localhost/127.0.0.1:20088]' for 'GET' to 'http://localhost:20088/session/f60e30bb144684a48710ed8207bd2b55/url'
02:05:15.471 [Forwarding getCurrentUrl on session f60e30bb144684a48710ed8207bd2b55 to remote] DEBUG org.asynchttpclient.netty.request.NettyRequestSender - Using open Channel [id: 0x5c0d7474, L:/127.0.0.1:60251 - R:localhost/127.0.0.1:20088] for GET '/session/f60e30bb144684a48710ed8207bd2b55/url'
02:05:15.474 [AsyncHttpClient-1-2] DEBUG org.asynchttpclient.netty.handler.HttpHandler - 

Request DefaultFullHttpRequest(decodeResult: success, version: HTTP/1.1, content: EmptyByteBufBE)
GET /session/f60e30bb144684a48710ed8207bd2b55/url HTTP/1.1
User-Agent: selenium/4.8.1 (java windows)
Cache-Control: no-cache
Content-Type: application/json; charset=utf-8
host: localhost:20088
accept: */*

Response DefaultHttpResponse(decodeResult: success, version: HTTP/1.1)
HTTP/1.1 200 OK
Content-Length: 62
Content-Type: application/json; charset=utf-8
cache-control: no-cache

02:05:15.474 [AsyncHttpClient-1-2] DEBUG org.asynchttpclient.netty.channel.ChannelManager - Adding key: http://localhost:20088 for channel [id: 0x5c0d7474, L:/127.0.0.1:60251 - R:localhost/127.0.0.1:20088]
02:05:15.475 [Forwarding screenshot on session f60e30bb144684a48710ed8207bd2b55 to remote] DEBUG org.asynchttpclient.netty.request.NettyRequestSender - Using pooled Channel '[id: 0x5c0d7474, L:/127.0.0.1:60251 - R:localhost/127.0.0.1:20088]' for 'GET' to 'http://localhost:20088/session/f60e30bb144684a48710ed8207bd2b55/screenshot'
02:05:15.476 [Forwarding screenshot on session f60e30bb144684a48710ed8207bd2b55 to remote] DEBUG org.asynchttpclient.netty.request.NettyRequestSender - Using open Channel [id: 0x5c0d7474, L:/127.0.0.1:60251 - R:localhost/127.0.0.1:20088] for GET '/session/f60e30bb144684a48710ed8207bd2b55/screenshot'
02:05:15.688 [AsyncHttpClient-1-2] DEBUG org.asynchttpclient.netty.handler.HttpHandler - 

Request DefaultFullHttpRequest(decodeResult: success, version: HTTP/1.1, content: EmptyByteBufBE)
GET /session/f60e30bb144684a48710ed8207bd2b55/screenshot HTTP/1.1
User-Agent: selenium/4.8.1 (java windows)
Cache-Control: no-cache
Content-Type: application/json; charset=utf-8
host: localhost:20088
accept: */*

Response DefaultHttpResponse(decodeResult: success, version: HTTP/1.1)
HTTP/1.1 200 OK
Content-Length: 394948
Content-Type: application/json; charset=utf-8
cache-control: no-cache

02:05:15.690 [AsyncHttpClient-1-2] DEBUG org.asynchttpclient.netty.channel.ChannelManager - Adding key: http://localhost:20088 for channel [id: 0x5c0d7474, L:/127.0.0.1:60251 - R:localhost/127.0.0.1:20088]
02:05:15.699 [main] DEBUG net.serenitybdd.core.photography.Darkroom - Send negative for processing for target\site\serenity\bcfdcd256848c3940e98efffe7aa9a91dac3c87c0490e349898ed12de662f44e.png
02:05:15.699 [main] DEBUG net.thucydides.core.steps.StepInterceptor - STEP DONE: clickTheProduct
  &amp#27;[32mAnd &amp#27;[0m&amp#27;[32mI select a product to add to my cart&amp#27;[0m   &amp#27;[90m# starter.stepdefinitions.AddToCartSteps.selectProduct()&amp#27;[0m
02:05:15.699 [Darkroom Processing Line] DEBUG net.serenitybdd.core.photography.DarkroomProcessingLine - Processing screenshot image in /var/screenshots/screenshot-13717801863854831793
02:05:15.699 [Darkroom Processing Line] DEBUG net.serenitybdd.core.photography.DarkroomProcessingLine - Saving screenshot to target\site\serenity\bcfdcd256848c3940e98efffe7aa9a91dac3c87c0490e349898ed12de662f44e.png
02:05:15.707 [Forwarding getPageSource on session f60e30bb144684a48710ed8207bd2b55 to remote] DEBUG org.asynchttpclient.netty.request.NettyRequestSender - Using pooled Channel '[id: 0x5c0d7474, L:/127.0.0.1:60251 - R:localhost/127.0.0.1:20088]' for 'POST' to 'http://localhost:20088/session/f60e30bb144684a48710ed8207bd2b55/execute/sync'
02:05:15.707 [Forwarding getPageSource on session f60e30bb144684a48710ed8207bd2b55 to remote] DEBUG org.asynchttpclient.netty.request.NettyRequestSender - Using open Channel [id: 0x5c0d7474, L:/127.0.0.1:60251 - R:localhost/127.0.0.1:20088] for POST '/session/f60e30bb144684a48710ed8207bd2b55/execute/sync'
02:05:15.711 [AsyncHttpClient-1-2] DEBUG org.asynchttpclient.netty.handler.HttpHandler - 

Request DefaultHttpRequest(decodeResult: success, version: HTTP/1.1)
POST /session/f60e30bb144684a48710ed8207bd2b55/execute/sync HTTP/1.1
User-Agent: selenium/4.8.1 (java windows)
Content-Length: 176
Content-Type: application/json; charset=utf-8
host: localhost:20088
accept: */*

Response DefaultHttpResponse(decodeResult: success, version: HTTP/1.1)
HTTP/1.1 200 OK
Content-Length: 12434
Content-Type: application/json; charset=utf-8
cache-control: no-cache

02:05:15.711 [AsyncHttpClient-1-2] DEBUG org.asynchttpclient.netty.channel.ChannelManager - Adding key: http://localhost:20088 for channel [id: 0x5c0d7474, L:/127.0.0.1:60251 - R:localhost/127.0.0.1:20088]
02:05:15.714 [Forwarding getCurrentUrl on session f60e30bb144684a48710ed8207bd2b55 to remote] DEBUG org.asynchttpclient.netty.request.NettyRequestSender - Using pooled Channel '[id: 0x5c0d7474, L:/127.0.0.1:60251 - R:localhost/127.0.0.1:20088]' for 'GET' to 'http://localhost:20088/session/f60e30bb144684a48710ed8207bd2b55/url'
02:05:15.714 [Forwarding getCurrentUrl on session f60e30bb144684a48710ed8207bd2b55 to remote] DEBUG org.asynchttpclient.netty.request.NettyRequestSender - Using open Channel [id: 0x5c0d7474, L:/127.0.0.1:60251 - R:localhost/127.0.0.1:20088] for GET '/session/f60e30bb144684a48710ed8207bd2b55/url'
02:05:15.717 [AsyncHttpClient-1-2] DEBUG org.asynchttpclient.netty.handler.HttpHandler - 

Request DefaultFullHttpRequest(decodeResult: success, version: HTTP/1.1, content: EmptyByteBufBE)
GET /session/f60e30bb144684a48710ed8207bd2b55/url HTTP/1.1
User-Agent: selenium/4.8.1 (java windows)
Cache-Control: no-cache
Content-Type: application/json; charset=utf-8
host: localhost:20088
accept: */*

Response DefaultHttpResponse(decodeResult: success, version: HTTP/1.1)
HTTP/1.1 200 OK
Content-Length: 62
Content-Type: application/json; charset=utf-8
cache-control: no-cache

02:05:15.717 [AsyncHttpClient-1-2] DEBUG org.asynchttpclient.netty.channel.ChannelManager - Adding key: http://localhost:20088 for channel [id: 0x5c0d7474, L:/127.0.0.1:60251 - R:localhost/127.0.0.1:20088]
02:05:15.723 [Forwarding getPageSource on session f60e30bb144684a48710ed8207bd2b55 to remote] DEBUG org.asynchttpclient.netty.request.NettyRequestSender - Using pooled Channel '[id: 0x5c0d7474, L:/127.0.0.1:60251 - R:localhost/127.0.0.1:20088]' for 'POST' to 'http://localhost:20088/session/f60e30bb144684a48710ed8207bd2b55/execute/sync'
02:05:15.723 [Forwarding getPageSource on session f60e30bb144684a48710ed8207bd2b55 to remote] DEBUG org.asynchttpclient.netty.request.NettyRequestSender - Using open Channel [id: 0x5c0d7474, L:/127.0.0.1:60251 - R:localhost/127.0.0.1:20088] for POST '/session/f60e30bb144684a48710ed8207bd2b55/execute/sync'
02:05:15.728 [AsyncHttpClient-1-2] DEBUG org.asynchttpclient.netty.handler.HttpHandler - 

Request DefaultHttpRequest(decodeResult: success, version: HTTP/1.1)
POST /session/f60e30bb144684a48710ed8207bd2b55/execute/sync HTTP/1.1
User-Agent: selenium/4.8.1 (java windows)
Content-Length: 176
Content-Type: application/json; charset=utf-8
host: localhost:20088
accept: */*

Response DefaultHttpResponse(decodeResult: success, version: HTTP/1.1)
HTTP/1.1 200 OK
Content-Length: 12434
Content-Type: application/json; charset=utf-8
cache-control: no-cache

02:05:15.728 [AsyncHttpClient-1-2] DEBUG org.asynchttpclient.netty.channel.ChannelManager - Adding key: http://localhost:20088 for channel [id: 0x5c0d7474, L:/127.0.0.1:60251 - R:localhost/127.0.0.1:20088]
02:05:15.730 [Forwarding getCurrentUrl on session f60e30bb144684a48710ed8207bd2b55 to remote] DEBUG org.asynchttpclient.netty.request.NettyRequestSender - Using pooled Channel '[id: 0x5c0d7474, L:/127.0.0.1:60251 - R:localhost/127.0.0.1:20088]' for 'GET' to 'http://localhost:20088/session/f60e30bb144684a48710ed8207bd2b55/url'
02:05:15.730 [Forwarding getCurrentUrl on session f60e30bb144684a48710ed8207bd2b55 to remote] DEBUG org.asynchttpclient.netty.request.NettyRequestSender - Using open Channel [id: 0x5c0d7474, L:/127.0.0.1:60251 - R:localhost/127.0.0.1:20088] for GET '/session/f60e30bb144684a48710ed8207bd2b55/url'
02:05:15.733 [AsyncHttpClient-1-2] DEBUG org.asynchttpclient.netty.handler.HttpHandler - 

Request DefaultFullHttpRequest(decodeResult: success, version: HTTP/1.1, content: EmptyByteBufBE)
GET /session/f60e30bb144684a48710ed8207bd2b55/url HTTP/1.1
User-Agent: selenium/4.8.1 (java windows)
Cache-Control: no-cache
Content-Type: application/json; charset=utf-8
host: localhost:20088
accept: */*

Response DefaultHttpResponse(decodeResult: success, version: HTTP/1.1)
HTTP/1.1 200 OK
Content-Length: 62
Content-Type: application/json; charset=utf-8
cache-control: no-cache

02:05:15.733 [AsyncHttpClient-1-2] DEBUG org.asynchttpclient.netty.channel.ChannelManager - Adding key: http://localhost:20088 for channel [id: 0x5c0d7474, L:/127.0.0.1:60251 - R:localhost/127.0.0.1:20088]
02:05:15.735 [main] DEBUG net.thucydides.core.steps.StepInterceptor - STARTING STEP: AddToCartSteps.AddToCart - clickAddToCart
02:05:15.736 [Forwarding findElement on session f60e30bb144684a48710ed8207bd2b55 to remote] DEBUG org.asynchttpclient.netty.request.NettyRequestSender - Using pooled Channel '[id: 0x5c0d7474, L:/127.0.0.1:60251 - R:localhost/127.0.0.1:20088]' for 'POST' to 'http://localhost:20088/session/f60e30bb144684a48710ed8207bd2b55/element'
02:05:15.736 [Forwarding findElement on session f60e30bb144684a48710ed8207bd2b55 to remote] DEBUG org.asynchttpclient.netty.request.NettyRequestSender - Using open Channel [id: 0x5c0d7474, L:/127.0.0.1:60251 - R:localhost/127.0.0.1:20088] for POST '/session/f60e30bb144684a48710ed8207bd2b55/element'
02:05:15.744 [AsyncHttpClient-1-2] DEBUG org.asynchttpclient.netty.handler.HttpHandler - 

Request DefaultHttpRequest(decodeResult: success, version: HTTP/1.1)
POST /session/f60e30bb144684a48710ed8207bd2b55/element HTTP/1.1
User-Agent: selenium/4.8.1 (java windows)
Content-Length: 93
Content-Type: application/json; charset=utf-8
host: localhost:20088
accept: */*

Response DefaultHttpResponse(decodeResult: success, version: HTTP/1.1)
HTTP/1.1 200 OK
Content-Length: 88
Content-Type: application/json; charset=utf-8
cache-control: no-cache

02:05:15.744 [AsyncHttpClient-1-2] DEBUG org.asynchttpclient.netty.channel.ChannelManager - Adding key: http://localhost:20088 for channel [id: 0x5c0d7474, L:/127.0.0.1:60251 - R:localhost/127.0.0.1:20088]
02:05:15.745 [Forwarding getElementTagName on session f60e30bb144684a48710ed8207bd2b55 to remote] DEBUG org.asynchttpclient.netty.request.NettyRequestSender - Using pooled Channel '[id: 0x5c0d7474, L:/127.0.0.1:60251 - R:localhost/127.0.0.1:20088]' for 'GET' to 'http://localhost:20088/session/f60e30bb144684a48710ed8207bd2b55/element/d5ecce7d-c602-43aa-bf15-adf704aaa51e/name'
02:05:15.745 [Forwarding getElementTagName on session f60e30bb144684a48710ed8207bd2b55 to remote] DEBUG org.asynchttpclient.netty.request.NettyRequestSender - Using open Channel [id: 0x5c0d7474, L:/127.0.0.1:60251 - R:localhost/127.0.0.1:20088] for GET '/session/f60e30bb144684a48710ed8207bd2b55/element/d5ecce7d-c602-43aa-bf15-adf704aaa51e/name'
02:05:15.749 [AsyncHttpClient-1-2] DEBUG org.asynchttpclient.netty.handler.HttpHandler - 

Request DefaultFullHttpRequest(decodeResult: success, version: HTTP/1.1, content: EmptyByteBufBE)
GET /session/f60e30bb144684a48710ed8207bd2b55/element/d5ecce7d-c602-43aa-bf15-adf704aaa51e/name HTTP/1.1
User-Agent: selenium/4.8.1 (java windows)
Cache-Control: no-cache
Content-Type: application/json; charset=utf-8
host: localhost:20088
accept: */*

Response DefaultHttpResponse(decodeResult: success, version: HTTP/1.1)
HTTP/1.1 200 OK
Content-Length: 18
Content-Type: application/json; charset=utf-8
cache-control: no-cache

02:05:15.749 [AsyncHttpClient-1-2] DEBUG org.asynchttpclient.netty.channel.ChannelManager - Adding key: http://localhost:20088 for channel [id: 0x5c0d7474, L:/127.0.0.1:60251 - R:localhost/127.0.0.1:20088]
02:05:15.750 [Forwarding getElementTagName on session f60e30bb144684a48710ed8207bd2b55 to remote] DEBUG org.asynchttpclient.netty.request.NettyRequestSender - Using pooled Channel '[id: 0x5c0d7474, L:/127.0.0.1:60251 - R:localhost/127.0.0.1:20088]' for 'GET' to 'http://localhost:20088/session/f60e30bb144684a48710ed8207bd2b55/element/d5ecce7d-c602-43aa-bf15-adf704aaa51e/name'
02:05:15.750 [Forwarding getElementTagName on session f60e30bb144684a48710ed8207bd2b55 to remote] DEBUG org.asynchttpclient.netty.request.NettyRequestSender - Using open Channel [id: 0x5c0d7474, L:/127.0.0.1:60251 - R:localhost/127.0.0.1:20088] for GET '/session/f60e30bb144684a48710ed8207bd2b55/element/d5ecce7d-c602-43aa-bf15-adf704aaa51e/name'
02:05:15.752 [AsyncHttpClient-1-2] DEBUG org.asynchttpclient.netty.handler.HttpHandler - 

Request DefaultFullHttpRequest(decodeResult: success, version: HTTP/1.1, content: EmptyByteBufBE)
GET /session/f60e30bb144684a48710ed8207bd2b55/element/d5ecce7d-c602-43aa-bf15-adf704aaa51e/name HTTP/1.1
User-Agent: selenium/4.8.1 (java windows)
Cache-Control: no-cache
Content-Type: application/json; charset=utf-8
host: localhost:20088
accept: */*

Response DefaultHttpResponse(decodeResult: success, version: HTTP/1.1)
HTTP/1.1 200 OK
Content-Length: 18
Content-Type: application/json; charset=utf-8
cache-control: no-cache

02:05:15.752 [AsyncHttpClient-1-2] DEBUG org.asynchttpclient.netty.channel.ChannelManager - Adding key: http://localhost:20088 for channel [id: 0x5c0d7474, L:/127.0.0.1:60251 - R:localhost/127.0.0.1:20088]
02:05:15.754 [Forwarding isElementEnabled on session f60e30bb144684a48710ed8207bd2b55 to remote] DEBUG org.asynchttpclient.netty.request.NettyRequestSender - Using pooled Channel '[id: 0x5c0d7474, L:/127.0.0.1:60251 - R:localhost/127.0.0.1:20088]' for 'GET' to 'http://localhost:20088/session/f60e30bb144684a48710ed8207bd2b55/element/d5ecce7d-c602-43aa-bf15-adf704aaa51e/enabled'
02:05:15.754 [Forwarding isElementEnabled on session f60e30bb144684a48710ed8207bd2b55 to remote] DEBUG org.asynchttpclient.netty.request.NettyRequestSender - Using open Channel [id: 0x5c0d7474, L:/127.0.0.1:60251 - R:localhost/127.0.0.1:20088] for GET '/session/f60e30bb144684a48710ed8207bd2b55/element/d5ecce7d-c602-43aa-bf15-adf704aaa51e/enabled'
02:05:15.760 [AsyncHttpClient-1-2] DEBUG org.asynchttpclient.netty.handler.HttpHandler - 

Request DefaultFullHttpRequest(decodeResult: success, version: HTTP/1.1, content: EmptyByteBufBE)
GET /session/f60e30bb144684a48710ed8207bd2b55/element/d5ecce7d-c602-43aa-bf15-adf704aaa51e/enabled HTTP/1.1
User-Agent: selenium/4.8.1 (java windows)
Cache-Control: no-cache
Content-Type: application/json; charset=utf-8
host: localhost:20088
accept: */*

Response DefaultHttpResponse(decodeResult: success, version: HTTP/1.1)
HTTP/1.1 200 OK
Content-Length: 14
Content-Type: application/json; charset=utf-8
cache-control: no-cache

02:05:15.760 [AsyncHttpClient-1-2] DEBUG org.asynchttpclient.netty.channel.ChannelManager - Adding key: http://localhost:20088 for channel [id: 0x5c0d7474, L:/127.0.0.1:60251 - R:localhost/127.0.0.1:20088]
02:05:15.761 [Forwarding isElementEnabled on session f60e30bb144684a48710ed8207bd2b55 to remote] DEBUG org.asynchttpclient.netty.request.NettyRequestSender - Using pooled Channel '[id: 0x5c0d7474, L:/127.0.0.1:60251 - R:localhost/127.0.0.1:20088]' for 'GET' to 'http://localhost:20088/session/f60e30bb144684a48710ed8207bd2b55/element/d5ecce7d-c602-43aa-bf15-adf704aaa51e/enabled'
02:05:15.761 [Forwarding isElementEnabled on session f60e30bb144684a48710ed8207bd2b55 to remote] DEBUG org.asynchttpclient.netty.request.NettyRequestSender - Using open Channel [id: 0x5c0d7474, L:/127.0.0.1:60251 - R:localhost/127.0.0.1:20088] for GET '/session/f60e30bb144684a48710ed8207bd2b55/element/d5ecce7d-c602-43aa-bf15-adf704aaa51e/enabled'
02:05:15.764 [AsyncHttpClient-1-2] DEBUG org.asynchttpclient.netty.handler.HttpHandler - 

Request DefaultFullHttpRequest(decodeResult: success, version: HTTP/1.1, content: EmptyByteBufBE)
GET /session/f60e30bb144684a48710ed8207bd2b55/element/d5ecce7d-c602-43aa-bf15-adf704aaa51e/enabled HTTP/1.1
User-Agent: selenium/4.8.1 (java windows)
Cache-Control: no-cache
Content-Type: application/json; charset=utf-8
host: localhost:20088
accept: */*

Response DefaultHttpResponse(decodeResult: success, version: HTTP/1.1)
HTTP/1.1 200 OK
Content-Length: 14
Content-Type: application/json; charset=utf-8
cache-control: no-cache

02:05:15.764 [AsyncHttpClient-1-2] DEBUG org.asynchttpclient.netty.channel.ChannelManager - Adding key: http://localhost:20088 for channel [id: 0x5c0d7474, L:/127.0.0.1:60251 - R:localhost/127.0.0.1:20088]
02:05:15.766 [Forwarding findElement on session f60e30bb144684a48710ed8207bd2b55 to remote] DEBUG org.asynchttpclient.netty.request.NettyRequestSender - Using pooled Channel '[id: 0x5c0d7474, L:/127.0.0.1:60251 - R:localhost/127.0.0.1:20088]' for 'POST' to 'http://localhost:20088/session/f60e30bb144684a48710ed8207bd2b55/element'
02:05:15.766 [Forwarding findElement on session f60e30bb144684a48710ed8207bd2b55 to remote] DEBUG org.asynchttpclient.netty.request.NettyRequestSender - Using open Channel [id: 0x5c0d7474, L:/127.0.0.1:60251 - R:localhost/127.0.0.1:20088] for POST '/session/f60e30bb144684a48710ed8207bd2b55/element'
02:05:15.770 [AsyncHttpClient-1-2] DEBUG org.asynchttpclient.netty.handler.HttpHandler - 

Request DefaultHttpRequest(decodeResult: success, version: HTTP/1.1)
POST /session/f60e30bb144684a48710ed8207bd2b55/element HTTP/1.1
User-Agent: selenium/4.8.1 (java windows)
Content-Length: 93
Content-Type: application/json; charset=utf-8
host: localhost:20088
accept: */*

Response DefaultHttpResponse(decodeResult: success, version: HTTP/1.1)
HTTP/1.1 200 OK
Content-Length: 88
Content-Type: application/json; charset=utf-8
cache-control: no-cache

02:05:15.770 [AsyncHttpClient-1-2] DEBUG org.asynchttpclient.netty.channel.ChannelManager - Adding key: http://localhost:20088 for channel [id: 0x5c0d7474, L:/127.0.0.1:60251 - R:localhost/127.0.0.1:20088]
02:05:15.771 [Forwarding clickElement on session f60e30bb144684a48710ed8207bd2b55 to remote] DEBUG org.asynchttpclient.netty.request.NettyRequestSender - Using pooled Channel '[id: 0x5c0d7474, L:/127.0.0.1:60251 - R:localhost/127.0.0.1:20088]' for 'POST' to 'http://localhost:20088/session/f60e30bb144684a48710ed8207bd2b55/element/d5ecce7d-c602-43aa-bf15-adf704aaa51e/click'
02:05:15.771 [Forwarding clickElement on session f60e30bb144684a48710ed8207bd2b55 to remote] DEBUG org.asynchttpclient.netty.request.NettyRequestSender - Using open Channel [id: 0x5c0d7474, L:/127.0.0.1:60251 - R:localhost/127.0.0.1:20088] for POST '/session/f60e30bb144684a48710ed8207bd2b55/element/d5ecce7d-c602-43aa-bf15-adf704aaa51e/click'
02:05:15.795 [AsyncHttpClient-1-2] DEBUG org.asynchttpclient.netty.handler.HttpHandler - 

Request DefaultHttpRequest(decodeResult: success, version: HTTP/1.1)
POST /session/f60e30bb144684a48710ed8207bd2b55/element/d5ecce7d-c602-43aa-bf15-adf704aaa51e/click HTTP/1.1
User-Agent: selenium/4.8.1 (java windows)
Content-Length: 50
Content-Type: application/json; charset=utf-8
host: localhost:20088
accept: */*

Response DefaultHttpResponse(decodeResult: success, version: HTTP/1.1)
HTTP/1.1 200 OK
Content-Length: 14
Content-Type: application/json; charset=utf-8
cache-control: no-cache

02:05:15.795 [AsyncHttpClient-1-2] DEBUG org.asynchttpclient.netty.channel.ChannelManager - Adding key: http://localhost:20088 for channel [id: 0x5c0d7474, L:/127.0.0.1:60251 - R:localhost/127.0.0.1:20088]
02:05:15.800 [Forwarding getAlertText on session f60e30bb144684a48710ed8207bd2b55 to remote] DEBUG org.asynchttpclient.netty.request.NettyRequestSender - Using pooled Channel '[id: 0x5c0d7474, L:/127.0.0.1:60251 - R:localhost/127.0.0.1:20088]' for 'GET' to 'http://localhost:20088/session/f60e30bb144684a48710ed8207bd2b55/alert/text'
02:05:15.801 [Forwarding getAlertText on session f60e30bb144684a48710ed8207bd2b55 to remote] DEBUG org.asynchttpclient.netty.request.NettyRequestSender - Using open Channel [id: 0x5c0d7474, L:/127.0.0.1:60251 - R:localhost/127.0.0.1:20088] for GET '/session/f60e30bb144684a48710ed8207bd2b55/alert/text'
02:05:15.802 [AsyncHttpClient-1-2] DEBUG org.asynchttpclient.netty.handler.HttpHandler - 

Request DefaultFullHttpRequest(decodeResult: success, version: HTTP/1.1, content: EmptyByteBufBE)
GET /session/f60e30bb144684a48710ed8207bd2b55/alert/text HTTP/1.1
User-Agent: selenium/4.8.1 (java windows)
Cache-Control: no-cache
Content-Type: application/json; charset=utf-8
host: localhost:20088
accept: */*

Response DefaultHttpResponse(decodeResult: success, version: HTTP/1.1)
HTTP/1.1 404 Not Found
Content-Length: 835
Content-Type: application/json; charset=utf-8
cache-control: no-cache

02:05:15.802 [AsyncHttpClient-1-2] DEBUG org.asynchttpclient.netty.channel.ChannelManager - Adding key: http://localhost:20088 for channel [id: 0x5c0d7474, L:/127.0.0.1:60251 - R:localhost/127.0.0.1:20088]
02:05:15.803 [Forwarding getCurrentUrl on session f60e30bb144684a48710ed8207bd2b55 to remote] DEBUG org.asynchttpclient.netty.request.NettyRequestSender - Using pooled Channel '[id: 0x5c0d7474, L:/127.0.0.1:60251 - R:localhost/127.0.0.1:20088]' for 'GET' to 'http://localhost:20088/session/f60e30bb144684a48710ed8207bd2b55/url'
02:05:15.803 [Forwarding getCurrentUrl on session f60e30bb144684a48710ed8207bd2b55 to remote] DEBUG org.asynchttpclient.netty.request.NettyRequestSender - Using open Channel [id: 0x5c0d7474, L:/127.0.0.1:60251 - R:localhost/127.0.0.1:20088] for GET '/session/f60e30bb144684a48710ed8207bd2b55/url'
02:05:15.807 [AsyncHttpClient-1-2] DEBUG org.asynchttpclient.netty.handler.HttpHandler - 

Request DefaultFullHttpRequest(decodeResult: success, version: HTTP/1.1, content: EmptyByteBufBE)
GET /session/f60e30bb144684a48710ed8207bd2b55/url HTTP/1.1
User-Agent: selenium/4.8.1 (java windows)
Cache-Control: no-cache
Content-Type: application/json; charset=utf-8
host: localhost:20088
accept: */*

Response DefaultHttpResponse(decodeResult: success, version: HTTP/1.1)
HTTP/1.1 200 OK
Content-Length: 62
Content-Type: application/json; charset=utf-8
cache-control: no-cache

02:05:15.807 [AsyncHttpClient-1-2] DEBUG org.asynchttpclient.netty.channel.ChannelManager - Adding key: http://localhost:20088 for channel [id: 0x5c0d7474, L:/127.0.0.1:60251 - R:localhost/127.0.0.1:20088]
02:05:15.808 [Forwarding screenshot on session f60e30bb144684a48710ed8207bd2b55 to remote] DEBUG org.asynchttpclient.netty.request.NettyRequestSender - Using pooled Channel '[id: 0x5c0d7474, L:/127.0.0.1:60251 - R:localhost/127.0.0.1:20088]' for 'GET' to 'http://localhost:20088/session/f60e30bb144684a48710ed8207bd2b55/screenshot'
02:05:15.808 [Forwarding screenshot on session f60e30bb144684a48710ed8207bd2b55 to remote] DEBUG org.asynchttpclient.netty.request.NettyRequestSender - Using open Channel [id: 0x5c0d7474, L:/127.0.0.1:60251 - R:localhost/127.0.0.1:20088] for GET '/session/f60e30bb144684a48710ed8207bd2b55/screenshot'
02:05:15.933 [AsyncHttpClient-1-2] DEBUG org.asynchttpclient.netty.handler.HttpHandler - 

Request DefaultFullHttpRequest(decodeResult: success, version: HTTP/1.1, content: EmptyByteBufBE)
GET /session/f60e30bb144684a48710ed8207bd2b55/screenshot HTTP/1.1
User-Agent: selenium/4.8.1 (java windows)
Cache-Control: no-cache
Content-Type: application/json; charset=utf-8
host: localhost:20088
accept: */*

Response DefaultHttpResponse(decodeResult: success, version: HTTP/1.1)
HTTP/1.1 200 OK
Content-Length: 394596
Content-Type: application/json; charset=utf-8
cache-control: no-cache

02:05:15.934 [AsyncHttpClient-1-2] DEBUG org.asynchttpclient.netty.channel.ChannelManager - Adding key: http://localhost:20088 for channel [id: 0x5c0d7474, L:/127.0.0.1:60251 - R:localhost/127.0.0.1:20088]
02:05:15.939 [main] DEBUG net.serenitybdd.core.photography.Darkroom - Send negative for processing for target\site\serenity\475a1ad6256e4aa70c8c7dc3480cd66d9e94e242aa83a9f3d230855cde3b668e.png
02:05:15.940 [main] DEBUG net.thucydides.core.steps.StepInterceptor - STEP DONE: clickAddToCart
02:05:15.940 [Darkroom Processing Line] DEBUG net.serenitybdd.core.photography.DarkroomProcessingLine - Processing screenshot image in /var/screenshots/screenshot-3755166512095721221
02:05:15.940 [Darkroom Processing Line] DEBUG net.serenitybdd.core.photography.DarkroomProcessingLine - Saving screenshot to target\site\serenity\475a1ad6256e4aa70c8c7dc3480cd66d9e94e242aa83a9f3d230855cde3b668e.png
  &amp#27;[32mAnd &amp#27;[0m&amp#27;[32mI click Add to Cart button&amp#27;[0m             &amp#27;[90m# starter.stepdefinitions.AddToCartSteps.AddToCart()&amp#27;[0m
02:05:15.946 [Forwarding getPageSource on session f60e30bb144684a48710ed8207bd2b55 to remote] DEBUG org.asynchttpclient.netty.request.NettyRequestSender - Using pooled Channel '[id: 0x5c0d7474, L:/127.0.0.1:60251 - R:localhost/127.0.0.1:20088]' for 'POST' to 'http://localhost:20088/session/f60e30bb144684a48710ed8207bd2b55/execute/sync'
02:05:15.946 [Forwarding getPageSource on session f60e30bb144684a48710ed8207bd2b55 to remote] DEBUG org.asynchttpclient.netty.request.NettyRequestSender - Using open Channel [id: 0x5c0d7474, L:/127.0.0.1:60251 - R:localhost/127.0.0.1:20088] for POST '/session/f60e30bb144684a48710ed8207bd2b55/execute/sync'
02:05:15.950 [AsyncHttpClient-1-2] DEBUG org.asynchttpclient.netty.handler.HttpHandler - 

Request DefaultHttpRequest(decodeResult: success, version: HTTP/1.1)
POST /session/f60e30bb144684a48710ed8207bd2b55/execute/sync HTTP/1.1
User-Agent: selenium/4.8.1 (java windows)
Content-Length: 176
Content-Type: application/json; charset=utf-8
host: localhost:20088
accept: */*

Response DefaultHttpResponse(decodeResult: success, version: HTTP/1.1)
HTTP/1.1 200 OK
Content-Length: 12470
Content-Type: application/json; charset=utf-8
cache-control: no-cache

02:05:15.950 [AsyncHttpClient-1-2] DEBUG org.asynchttpclient.netty.channel.ChannelManager - Adding key: http://localhost:20088 for channel [id: 0x5c0d7474, L:/127.0.0.1:60251 - R:localhost/127.0.0.1:20088]
02:05:15.952 [Forwarding getCurrentUrl on session f60e30bb144684a48710ed8207bd2b55 to remote] DEBUG org.asynchttpclient.netty.request.NettyRequestSender - Using pooled Channel '[id: 0x5c0d7474, L:/127.0.0.1:60251 - R:localhost/127.0.0.1:20088]' for 'GET' to 'http://localhost:20088/session/f60e30bb144684a48710ed8207bd2b55/url'
02:05:15.952 [Forwarding getCurrentUrl on session f60e30bb144684a48710ed8207bd2b55 to remote] DEBUG org.asynchttpclient.netty.request.NettyRequestSender - Using open Channel [id: 0x5c0d7474, L:/127.0.0.1:60251 - R:localhost/127.0.0.1:20088] for GET '/session/f60e30bb144684a48710ed8207bd2b55/url'
02:05:15.955 [AsyncHttpClient-1-2] DEBUG org.asynchttpclient.netty.handler.HttpHandler - 

Request DefaultFullHttpRequest(decodeResult: success, version: HTTP/1.1, content: EmptyByteBufBE)
GET /session/f60e30bb144684a48710ed8207bd2b55/url HTTP/1.1
User-Agent: selenium/4.8.1 (java windows)
Cache-Control: no-cache
Content-Type: application/json; charset=utf-8
host: localhost:20088
accept: */*

Response DefaultHttpResponse(decodeResult: success, version: HTTP/1.1)
HTTP/1.1 200 OK
Content-Length: 62
Content-Type: application/json; charset=utf-8
cache-control: no-cache

02:05:15.955 [AsyncHttpClient-1-2] DEBUG org.asynchttpclient.netty.channel.ChannelManager - Adding key: http://localhost:20088 for channel [id: 0x5c0d7474, L:/127.0.0.1:60251 - R:localhost/127.0.0.1:20088]
02:05:15.963 [Forwarding getPageSource on session f60e30bb144684a48710ed8207bd2b55 to remote] DEBUG org.asynchttpclient.netty.request.NettyRequestSender - Using pooled Channel '[id: 0x5c0d7474, L:/127.0.0.1:60251 - R:localhost/127.0.0.1:20088]' for 'POST' to 'http://localhost:20088/session/f60e30bb144684a48710ed8207bd2b55/execute/sync'
02:05:15.963 [Forwarding getPageSource on session f60e30bb144684a48710ed8207bd2b55 to remote] DEBUG org.asynchttpclient.netty.request.NettyRequestSender - Using open Channel [id: 0x5c0d7474, L:/127.0.0.1:60251 - R:localhost/127.0.0.1:20088] for POST '/session/f60e30bb144684a48710ed8207bd2b55/execute/sync'
02:05:15.968 [AsyncHttpClient-1-2] DEBUG org.asynchttpclient.netty.handler.HttpHandler - 

Request DefaultHttpRequest(decodeResult: success, version: HTTP/1.1)
POST /session/f60e30bb144684a48710ed8207bd2b55/execute/sync HTTP/1.1
User-Agent: selenium/4.8.1 (java windows)
Content-Length: 176
Content-Type: application/json; charset=utf-8
host: localhost:20088
accept: */*

Response DefaultHttpResponse(decodeResult: success, version: HTTP/1.1)
HTTP/1.1 200 OK
Content-Length: 12470
Content-Type: application/json; charset=utf-8
cache-control: no-cache

02:05:15.968 [AsyncHttpClient-1-2] DEBUG org.asynchttpclient.netty.channel.ChannelManager - Adding key: http://localhost:20088 for channel [id: 0x5c0d7474, L:/127.0.0.1:60251 - R:localhost/127.0.0.1:20088]
02:05:15.970 [Forwarding getCurrentUrl on session f60e30bb144684a48710ed8207bd2b55 to remote] DEBUG org.asynchttpclient.netty.request.NettyRequestSender - Using pooled Channel '[id: 0x5c0d7474, L:/127.0.0.1:60251 - R:localhost/127.0.0.1:20088]' for 'GET' to 'http://localhost:20088/session/f60e30bb144684a48710ed8207bd2b55/url'
02:05:15.970 [Forwarding getCurrentUrl on session f60e30bb144684a48710ed8207bd2b55 to remote] DEBUG org.asynchttpclient.netty.request.NettyRequestSender - Using open Channel [id: 0x5c0d7474, L:/127.0.0.1:60251 - R:localhost/127.0.0.1:20088] for GET '/session/f60e30bb144684a48710ed8207bd2b55/url'
02:05:15.973 [AsyncHttpClient-1-2] DEBUG org.asynchttpclient.netty.handler.HttpHandler - 

Request DefaultFullHttpRequest(decodeResult: success, version: HTTP/1.1, content: EmptyByteBufBE)
GET /session/f60e30bb144684a48710ed8207bd2b55/url HTTP/1.1
User-Agent: selenium/4.8.1 (java windows)
Cache-Control: no-cache
Content-Type: application/json; charset=utf-8
host: localhost:20088
accept: */*

Response DefaultHttpResponse(decodeResult: success, version: HTTP/1.1)
HTTP/1.1 200 OK
Content-Length: 62
Content-Type: application/json; charset=utf-8
cache-control: no-cache

02:05:15.973 [AsyncHttpClient-1-2] DEBUG org.asynchttpclient.netty.channel.ChannelManager - Adding key: http://localhost:20088 for channel [id: 0x5c0d7474, L:/127.0.0.1:60251 - R:localhost/127.0.0.1:20088]
02:05:15.975 [main] DEBUG net.thucydides.core.steps.StepInterceptor - STARTING STEP: AddToCartSteps.checkMyCart - clickCartIcon
02:05:15.976 [Forwarding findElement on session f60e30bb144684a48710ed8207bd2b55 to remote] DEBUG org.asynchttpclient.netty.request.NettyRequestSender - Using pooled Channel '[id: 0x5c0d7474, L:/127.0.0.1:60251 - R:localhost/127.0.0.1:20088]' for 'POST' to 'http://localhost:20088/session/f60e30bb144684a48710ed8207bd2b55/element'
02:05:15.977 [Forwarding findElement on session f60e30bb144684a48710ed8207bd2b55 to remote] DEBUG org.asynchttpclient.netty.request.NettyRequestSender - Using open Channel [id: 0x5c0d7474, L:/127.0.0.1:60251 - R:localhost/127.0.0.1:20088] for POST '/session/f60e30bb144684a48710ed8207bd2b55/element'
02:05:15.985 [AsyncHttpClient-1-2] DEBUG org.asynchttpclient.netty.handler.HttpHandler - 

Request DefaultHttpRequest(decodeResult: success, version: HTTP/1.1)
POST /session/f60e30bb144684a48710ed8207bd2b55/element HTTP/1.1
User-Agent: selenium/4.8.1 (java windows)
Content-Length: 63
Content-Type: application/json; charset=utf-8
host: localhost:20088
accept: */*

Response DefaultHttpResponse(decodeResult: success, version: HTTP/1.1)
HTTP/1.1 200 OK
Content-Length: 88
Content-Type: application/json; charset=utf-8
cache-control: no-cache

02:05:15.985 [AsyncHttpClient-1-2] DEBUG org.asynchttpclient.netty.channel.ChannelManager - Adding key: http://localhost:20088 for channel [id: 0x5c0d7474, L:/127.0.0.1:60251 - R:localhost/127.0.0.1:20088]
02:05:15.986 [Forwarding getElementTagName on session f60e30bb144684a48710ed8207bd2b55 to remote] DEBUG org.asynchttpclient.netty.request.NettyRequestSender - Using pooled Channel '[id: 0x5c0d7474, L:/127.0.0.1:60251 - R:localhost/127.0.0.1:20088]' for 'GET' to 'http://localhost:20088/session/f60e30bb144684a48710ed8207bd2b55/element/c9c22679-5748-4fd6-9628-9ae5aa1b0caa/name'
02:05:15.986 [Forwarding getElementTagName on session f60e30bb144684a48710ed8207bd2b55 to remote] DEBUG org.asynchttpclient.netty.request.NettyRequestSender - Using open Channel [id: 0x5c0d7474, L:/127.0.0.1:60251 - R:localhost/127.0.0.1:20088] for GET '/session/f60e30bb144684a48710ed8207bd2b55/element/c9c22679-5748-4fd6-9628-9ae5aa1b0caa/name'
02:05:15.990 [AsyncHttpClient-1-2] DEBUG org.asynchttpclient.netty.handler.HttpHandler - 

Request DefaultFullHttpRequest(decodeResult: success, version: HTTP/1.1, content: EmptyByteBufBE)
GET /session/f60e30bb144684a48710ed8207bd2b55/element/c9c22679-5748-4fd6-9628-9ae5aa1b0caa/name HTTP/1.1
User-Agent: selenium/4.8.1 (java windows)
Cache-Control: no-cache
Content-Type: application/json; charset=utf-8
host: localhost:20088
accept: */*

Response DefaultHttpResponse(decodeResult: success, version: HTTP/1.1)
HTTP/1.1 200 OK
Content-Length: 13
Content-Type: application/json; charset=utf-8
cache-control: no-cache

02:05:15.990 [AsyncHttpClient-1-2] DEBUG org.asynchttpclient.netty.channel.ChannelManager - Adding key: http://localhost:20088 for channel [id: 0x5c0d7474, L:/127.0.0.1:60251 - R:localhost/127.0.0.1:20088]
02:05:15.992 [Forwarding getElementTagName on session f60e30bb144684a48710ed8207bd2b55 to remote] DEBUG org.asynchttpclient.netty.request.NettyRequestSender - Using pooled Channel '[id: 0x5c0d7474, L:/127.0.0.1:60251 - R:localhost/127.0.0.1:20088]' for 'GET' to 'http://localhost:20088/session/f60e30bb144684a48710ed8207bd2b55/element/c9c22679-5748-4fd6-9628-9ae5aa1b0caa/name'
02:05:15.992 [Forwarding getElementTagName on session f60e30bb144684a48710ed8207bd2b55 to remote] DEBUG org.asynchttpclient.netty.request.NettyRequestSender - Using open Channel [id: 0x5c0d7474, L:/127.0.0.1:60251 - R:localhost/127.0.0.1:20088] for GET '/session/f60e30bb144684a48710ed8207bd2b55/element/c9c22679-5748-4fd6-9628-9ae5aa1b0caa/name'
02:05:15.995 [AsyncHttpClient-1-2] DEBUG org.asynchttpclient.netty.handler.HttpHandler - 

Request DefaultFullHttpRequest(decodeResult: success, version: HTTP/1.1, content: EmptyByteBufBE)
GET /session/f60e30bb144684a48710ed8207bd2b55/element/c9c22679-5748-4fd6-9628-9ae5aa1b0caa/name HTTP/1.1
User-Agent: selenium/4.8.1 (java windows)
Cache-Control: no-cache
Content-Type: application/json; charset=utf-8
host: localhost:20088
accept: */*

Response DefaultHttpResponse(decodeResult: success, version: HTTP/1.1)
HTTP/1.1 200 OK
Content-Length: 13
Content-Type: application/json; charset=utf-8
cache-control: no-cache

02:05:15.995 [AsyncHttpClient-1-2] DEBUG org.asynchttpclient.netty.channel.ChannelManager - Adding key: http://localhost:20088 for channel [id: 0x5c0d7474, L:/127.0.0.1:60251 - R:localhost/127.0.0.1:20088]
02:05:15.997 [Forwarding findElement on session f60e30bb144684a48710ed8207bd2b55 to remote] DEBUG org.asynchttpclient.netty.request.NettyRequestSender - Using pooled Channel '[id: 0x5c0d7474, L:/127.0.0.1:60251 - R:localhost/127.0.0.1:20088]' for 'POST' to 'http://localhost:20088/session/f60e30bb144684a48710ed8207bd2b55/element'
02:05:15.997 [Forwarding findElement on session f60e30bb144684a48710ed8207bd2b55 to remote] DEBUG org.asynchttpclient.netty.request.NettyRequestSender - Using open Channel [id: 0x5c0d7474, L:/127.0.0.1:60251 - R:localhost/127.0.0.1:20088] for POST '/session/f60e30bb144684a48710ed8207bd2b55/element'
02:05:16.002 [AsyncHttpClient-1-2] DEBUG org.asynchttpclient.netty.handler.HttpHandler - 

Request DefaultHttpRequest(decodeResult: success, version: HTTP/1.1)
POST /session/f60e30bb144684a48710ed8207bd2b55/element HTTP/1.1
User-Agent: selenium/4.8.1 (java windows)
Content-Length: 63
Content-Type: application/json; charset=utf-8
host: localhost:20088
accept: */*

Response DefaultHttpResponse(decodeResult: success, version: HTTP/1.1)
HTTP/1.1 200 OK
Content-Length: 88
Content-Type: application/json; charset=utf-8
cache-control: no-cache

02:05:16.003 [AsyncHttpClient-1-2] DEBUG org.asynchttpclient.netty.channel.ChannelManager - Adding key: http://localhost:20088 for channel [id: 0x5c0d7474, L:/127.0.0.1:60251 - R:localhost/127.0.0.1:20088]
02:05:16.004 [Forwarding clickElement on session f60e30bb144684a48710ed8207bd2b55 to remote] DEBUG org.asynchttpclient.netty.request.NettyRequestSender - Using pooled Channel '[id: 0x5c0d7474, L:/127.0.0.1:60251 - R:localhost/127.0.0.1:20088]' for 'POST' to 'http://localhost:20088/session/f60e30bb144684a48710ed8207bd2b55/element/c9c22679-5748-4fd6-9628-9ae5aa1b0caa/click'
02:05:16.004 [Forwarding clickElement on session f60e30bb144684a48710ed8207bd2b55 to remote] DEBUG org.asynchttpclient.netty.request.NettyRequestSender - Using open Channel [id: 0x5c0d7474, L:/127.0.0.1:60251 - R:localhost/127.0.0.1:20088] for POST '/session/f60e30bb144684a48710ed8207bd2b55/element/c9c22679-5748-4fd6-9628-9ae5aa1b0caa/click'
02:05:16.032 [AsyncHttpClient-1-2] DEBUG org.asynchttpclient.netty.handler.HttpHandler - 

Request DefaultHttpRequest(decodeResult: success, version: HTTP/1.1)
POST /session/f60e30bb144684a48710ed8207bd2b55/element/c9c22679-5748-4fd6-9628-9ae5aa1b0caa/click HTTP/1.1
User-Agent: selenium/4.8.1 (java windows)
Content-Length: 50
Content-Type: application/json; charset=utf-8
host: localhost:20088
accept: */*

Response DefaultHttpResponse(decodeResult: success, version: HTTP/1.1)
HTTP/1.1 200 OK
Content-Length: 14
Content-Type: application/json; charset=utf-8
cache-control: no-cache

02:05:16.033 [AsyncHttpClient-1-2] DEBUG org.asynchttpclient.netty.channel.ChannelManager - Adding key: http://localhost:20088 for channel [id: 0x5c0d7474, L:/127.0.0.1:60251 - R:localhost/127.0.0.1:20088]
02:05:16.037 [Forwarding getAlertText on session f60e30bb144684a48710ed8207bd2b55 to remote] DEBUG org.asynchttpclient.netty.request.NettyRequestSender - Using pooled Channel '[id: 0x5c0d7474, L:/127.0.0.1:60251 - R:localhost/127.0.0.1:20088]' for 'GET' to 'http://localhost:20088/session/f60e30bb144684a48710ed8207bd2b55/alert/text'
02:05:16.037 [Forwarding getAlertText on session f60e30bb144684a48710ed8207bd2b55 to remote] DEBUG org.asynchttpclient.netty.request.NettyRequestSender - Using open Channel [id: 0x5c0d7474, L:/127.0.0.1:60251 - R:localhost/127.0.0.1:20088] for GET '/session/f60e30bb144684a48710ed8207bd2b55/alert/text'
02:05:16.038 [AsyncHttpClient-1-2] DEBUG org.asynchttpclient.netty.handler.HttpHandler - 

Request DefaultFullHttpRequest(decodeResult: success, version: HTTP/1.1, content: EmptyByteBufBE)
GET /session/f60e30bb144684a48710ed8207bd2b55/alert/text HTTP/1.1
User-Agent: selenium/4.8.1 (java windows)
Cache-Control: no-cache
Content-Type: application/json; charset=utf-8
host: localhost:20088
accept: */*

Response DefaultHttpResponse(decodeResult: success, version: HTTP/1.1)
HTTP/1.1 404 Not Found
Content-Length: 835
Content-Type: application/json; charset=utf-8
cache-control: no-cache

02:05:16.038 [AsyncHttpClient-1-2] DEBUG org.asynchttpclient.netty.channel.ChannelManager - Adding key: http://localhost:20088 for channel [id: 0x5c0d7474, L:/127.0.0.1:60251 - R:localhost/127.0.0.1:20088]
02:05:16.039 [Forwarding getCurrentUrl on session f60e30bb144684a48710ed8207bd2b55 to remote] DEBUG org.asynchttpclient.netty.request.NettyRequestSender - Using pooled Channel '[id: 0x5c0d7474, L:/127.0.0.1:60251 - R:localhost/127.0.0.1:20088]' for 'GET' to 'http://localhost:20088/session/f60e30bb144684a48710ed8207bd2b55/url'
02:05:16.039 [Forwarding getCurrentUrl on session f60e30bb144684a48710ed8207bd2b55 to remote] DEBUG org.asynchttpclient.netty.request.NettyRequestSender - Using open Channel [id: 0x5c0d7474, L:/127.0.0.1:60251 - R:localhost/127.0.0.1:20088] for GET '/session/f60e30bb144684a48710ed8207bd2b55/url'
02:05:16.042 [AsyncHttpClient-1-2] DEBUG org.asynchttpclient.netty.handler.HttpHandler - 

Request DefaultFullHttpRequest(decodeResult: success, version: HTTP/1.1, content: EmptyByteBufBE)
GET /session/f60e30bb144684a48710ed8207bd2b55/url HTTP/1.1
User-Agent: selenium/4.8.1 (java windows)
Cache-Control: no-cache
Content-Type: application/json; charset=utf-8
host: localhost:20088
accept: */*

Response DefaultHttpResponse(decodeResult: success, version: HTTP/1.1)
HTTP/1.1 200 OK
Content-Length: 47
Content-Type: application/json; charset=utf-8
cache-control: no-cache

02:05:16.042 [AsyncHttpClient-1-2] DEBUG org.asynchttpclient.netty.channel.ChannelManager - Adding key: http://localhost:20088 for channel [id: 0x5c0d7474, L:/127.0.0.1:60251 - R:localhost/127.0.0.1:20088]
02:05:16.043 [AsyncHttpClient-1-1] DEBUG org.asynchttpclient.netty.channel.DefaultChannelPool - Entry count for : http://localhost:60253 : 1
02:05:16.043 [Forwarding screenshot on session f60e30bb144684a48710ed8207bd2b55 to remote] DEBUG org.asynchttpclient.netty.request.NettyRequestSender - Using pooled Channel '[id: 0x5c0d7474, L:/127.0.0.1:60251 - R:localhost/127.0.0.1:20088]' for 'GET' to 'http://localhost:20088/session/f60e30bb144684a48710ed8207bd2b55/screenshot'
02:05:16.043 [Forwarding screenshot on session f60e30bb144684a48710ed8207bd2b55 to remote] DEBUG org.asynchttpclient.netty.request.NettyRequestSender - Using open Channel [id: 0x5c0d7474, L:/127.0.0.1:60251 - R:localhost/127.0.0.1:20088] for GET '/session/f60e30bb144684a48710ed8207bd2b55/screenshot'
02:05:16.142 [AsyncHttpClient-1-2] DEBUG org.asynchttpclient.netty.handler.HttpHandler - 

Request DefaultFullHttpRequest(decodeResult: success, version: HTTP/1.1, content: EmptyByteBufBE)
GET /session/f60e30bb144684a48710ed8207bd2b55/screenshot HTTP/1.1
User-Agent: selenium/4.8.1 (java windows)
Cache-Control: no-cache
Content-Type: application/json; charset=utf-8
host: localhost:20088
accept: */*

Response DefaultHttpResponse(decodeResult: success, version: HTTP/1.1)
HTTP/1.1 200 OK
Content-Length: 59316
Content-Type: application/json; charset=utf-8
cache-control: no-cache

02:05:16.143 [AsyncHttpClient-1-2] DEBUG org.asynchttpclient.netty.channel.ChannelManager - Adding key: http://localhost:20088 for channel [id: 0x5c0d7474, L:/127.0.0.1:60251 - R:localhost/127.0.0.1:20088]
02:05:16.144 [main] DEBUG net.serenitybdd.core.photography.Darkroom - Send negative for processing for target\site\serenity\d3e0722f559fcb50ed6dabd861a225300891dd61d12e0d265b88270c784a656c.png
02:05:16.145 [main] DEBUG net.thucydides.core.steps.StepInterceptor - STEP DONE: clickCartIcon
  &amp#27;[32mAnd &amp#27;[0m&amp#27;[32mI check my cart&amp#27;[0m                        &amp#27;[90m# starter.stepdefinitions.AddToCartSteps.checkMyCart()&amp#27;[0m
02:05:16.145 [Darkroom Processing Line] DEBUG net.serenitybdd.core.photography.DarkroomProcessingLine - Processing screenshot image in /var/screenshots/screenshot-3975842950847008726
02:05:16.145 [Darkroom Processing Line] DEBUG net.serenitybdd.core.photography.DarkroomProcessingLine - Saving screenshot to target\site\serenity\d3e0722f559fcb50ed6dabd861a225300891dd61d12e0d265b88270c784a656c.png
02:05:16.150 [Forwarding getPageSource on session f60e30bb144684a48710ed8207bd2b55 to remote] DEBUG org.asynchttpclient.netty.request.NettyRequestSender - Using pooled Channel '[id: 0x5c0d7474, L:/127.0.0.1:60251 - R:localhost/127.0.0.1:20088]' for 'POST' to 'http://localhost:20088/session/f60e30bb144684a48710ed8207bd2b55/execute/sync'
02:05:16.151 [Forwarding getPageSource on session f60e30bb144684a48710ed8207bd2b55 to remote] DEBUG org.asynchttpclient.netty.request.NettyRequestSender - Using open Channel [id: 0x5c0d7474, L:/127.0.0.1:60251 - R:localhost/127.0.0.1:20088] for POST '/session/f60e30bb144684a48710ed8207bd2b55/execute/sync'
02:05:16.155 [AsyncHttpClient-1-2] DEBUG org.asynchttpclient.netty.handler.HttpHandler - 

Request DefaultHttpRequest(decodeResult: success, version: HTTP/1.1)
POST /session/f60e30bb144684a48710ed8207bd2b55/execute/sync HTTP/1.1
User-Agent: selenium/4.8.1 (java windows)
Content-Length: 176
Content-Type: application/json; charset=utf-8
host: localhost:20088
accept: */*

Response DefaultHttpResponse(decodeResult: success, version: HTTP/1.1)
HTTP/1.1 200 OK
Content-Length: 12640
Content-Type: application/json; charset=utf-8
cache-control: no-cache

02:05:16.155 [AsyncHttpClient-1-2] DEBUG org.asynchttpclient.netty.channel.ChannelManager - Adding key: http://localhost:20088 for channel [id: 0x5c0d7474, L:/127.0.0.1:60251 - R:localhost/127.0.0.1:20088]
02:05:16.157 [Forwarding getCurrentUrl on session f60e30bb144684a48710ed8207bd2b55 to remote] DEBUG org.asynchttpclient.netty.request.NettyRequestSender - Using pooled Channel '[id: 0x5c0d7474, L:/127.0.0.1:60251 - R:localhost/127.0.0.1:20088]' for 'GET' to 'http://localhost:20088/session/f60e30bb144684a48710ed8207bd2b55/url'
02:05:16.157 [Forwarding getCurrentUrl on session f60e30bb144684a48710ed8207bd2b55 to remote] DEBUG org.asynchttpclient.netty.request.NettyRequestSender - Using open Channel [id: 0x5c0d7474, L:/127.0.0.1:60251 - R:localhost/127.0.0.1:20088] for GET '/session/f60e30bb144684a48710ed8207bd2b55/url'
02:05:16.162 [AsyncHttpClient-1-2] DEBUG org.asynchttpclient.netty.handler.HttpHandler - 

Request DefaultFullHttpRequest(decodeResult: success, version: HTTP/1.1, content: EmptyByteBufBE)
GET /session/f60e30bb144684a48710ed8207bd2b55/url HTTP/1.1
User-Agent: selenium/4.8.1 (java windows)
Cache-Control: no-cache
Content-Type: application/json; charset=utf-8
host: localhost:20088
accept: */*

Response DefaultHttpResponse(decodeResult: success, version: HTTP/1.1)
HTTP/1.1 200 OK
Content-Length: 47
Content-Type: application/json; charset=utf-8
cache-control: no-cache

02:05:16.162 [AsyncHttpClient-1-2] DEBUG org.asynchttpclient.netty.channel.ChannelManager - Adding key: http://localhost:20088 for channel [id: 0x5c0d7474, L:/127.0.0.1:60251 - R:localhost/127.0.0.1:20088]
02:05:16.174 [Forwarding getPageSource on session f60e30bb144684a48710ed8207bd2b55 to remote] DEBUG org.asynchttpclient.netty.request.NettyRequestSender - Using pooled Channel '[id: 0x5c0d7474, L:/127.0.0.1:60251 - R:localhost/127.0.0.1:20088]' for 'POST' to 'http://localhost:20088/session/f60e30bb144684a48710ed8207bd2b55/execute/sync'
02:05:16.174 [Forwarding getPageSource on session f60e30bb144684a48710ed8207bd2b55 to remote] DEBUG org.asynchttpclient.netty.request.NettyRequestSender - Using open Channel [id: 0x5c0d7474, L:/127.0.0.1:60251 - R:localhost/127.0.0.1:20088] for POST '/session/f60e30bb144684a48710ed8207bd2b55/execute/sync'
02:05:16.179 [AsyncHttpClient-1-2] DEBUG org.asynchttpclient.netty.handler.HttpHandler - 

Request DefaultHttpRequest(decodeResult: success, version: HTTP/1.1)
POST /session/f60e30bb144684a48710ed8207bd2b55/execute/sync HTTP/1.1
User-Agent: selenium/4.8.1 (java windows)
Content-Length: 176
Content-Type: application/json; charset=utf-8
host: localhost:20088
accept: */*

Response DefaultHttpResponse(decodeResult: success, version: HTTP/1.1)
HTTP/1.1 200 OK
Content-Length: 12640
Content-Type: application/json; charset=utf-8
cache-control: no-cache

02:05:16.179 [AsyncHttpClient-1-2] DEBUG org.asynchttpclient.netty.channel.ChannelManager - Adding key: http://localhost:20088 for channel [id: 0x5c0d7474, L:/127.0.0.1:60251 - R:localhost/127.0.0.1:20088]
02:05:16.182 [Forwarding getCurrentUrl on session f60e30bb144684a48710ed8207bd2b55 to remote] DEBUG org.asynchttpclient.netty.request.NettyRequestSender - Using pooled Channel '[id: 0x5c0d7474, L:/127.0.0.1:60251 - R:localhost/127.0.0.1:20088]' for 'GET' to 'http://localhost:20088/session/f60e30bb144684a48710ed8207bd2b55/url'
02:05:16.182 [Forwarding getCurrentUrl on session f60e30bb144684a48710ed8207bd2b55 to remote] DEBUG org.asynchttpclient.netty.request.NettyRequestSender - Using open Channel [id: 0x5c0d7474, L:/127.0.0.1:60251 - R:localhost/127.0.0.1:20088] for GET '/session/f60e30bb144684a48710ed8207bd2b55/url'
02:05:16.187 [AsyncHttpClient-1-2] DEBUG org.asynchttpclient.netty.handler.HttpHandler - 

Request DefaultFullHttpRequest(decodeResult: success, version: HTTP/1.1, content: EmptyByteBufBE)
GET /session/f60e30bb144684a48710ed8207bd2b55/url HTTP/1.1
User-Agent: selenium/4.8.1 (java windows)
Cache-Control: no-cache
Content-Type: application/json; charset=utf-8
host: localhost:20088
accept: */*

Response DefaultHttpResponse(decodeResult: success, version: HTTP/1.1)
HTTP/1.1 200 OK
Content-Length: 47
Content-Type: application/json; charset=utf-8
cache-control: no-cache

02:05:16.187 [AsyncHttpClient-1-2] DEBUG org.asynchttpclient.netty.channel.ChannelManager - Adding key: http://localhost:20088 for channel [id: 0x5c0d7474, L:/127.0.0.1:60251 - R:localhost/127.0.0.1:20088]
02:05:16.190 [main] DEBUG net.thucydides.core.steps.StepInterceptor - STARTING STEP: AddToCartSteps.validateTheProductHasBeenAdded - clickCartIcon
02:05:16.194 [Forwarding findElement on session f60e30bb144684a48710ed8207bd2b55 to remote] DEBUG org.asynchttpclient.netty.request.NettyRequestSender - Using pooled Channel '[id: 0x5c0d7474, L:/127.0.0.1:60251 - R:localhost/127.0.0.1:20088]' for 'POST' to 'http://localhost:20088/session/f60e30bb144684a48710ed8207bd2b55/element'
02:05:16.194 [Forwarding findElement on session f60e30bb144684a48710ed8207bd2b55 to remote] DEBUG org.asynchttpclient.netty.request.NettyRequestSender - Using open Channel [id: 0x5c0d7474, L:/127.0.0.1:60251 - R:localhost/127.0.0.1:20088] for POST '/session/f60e30bb144684a48710ed8207bd2b55/element'
02:05:16.201 [AsyncHttpClient-1-2] DEBUG org.asynchttpclient.netty.handler.HttpHandler - 

Request DefaultHttpRequest(decodeResult: success, version: HTTP/1.1)
POST /session/f60e30bb144684a48710ed8207bd2b55/element HTTP/1.1
User-Agent: selenium/4.8.1 (java windows)
Content-Length: 63
Content-Type: application/json; charset=utf-8
host: localhost:20088
accept: */*

Response DefaultHttpResponse(decodeResult: success, version: HTTP/1.1)
HTTP/1.1 200 OK
Content-Length: 88
Content-Type: application/json; charset=utf-8
cache-control: no-cache

02:05:16.202 [AsyncHttpClient-1-2] DEBUG org.asynchttpclient.netty.channel.ChannelManager - Adding key: http://localhost:20088 for channel [id: 0x5c0d7474, L:/127.0.0.1:60251 - R:localhost/127.0.0.1:20088]
02:05:16.203 [Forwarding getElementTagName on session f60e30bb144684a48710ed8207bd2b55 to remote] DEBUG org.asynchttpclient.netty.request.NettyRequestSender - Using pooled Channel '[id: 0x5c0d7474, L:/127.0.0.1:60251 - R:localhost/127.0.0.1:20088]' for 'GET' to 'http://localhost:20088/session/f60e30bb144684a48710ed8207bd2b55/element/4245de21-898a-4f83-bc5e-b2d24fea1db1/name'
02:05:16.204 [Forwarding getElementTagName on session f60e30bb144684a48710ed8207bd2b55 to remote] DEBUG org.asynchttpclient.netty.request.NettyRequestSender - Using open Channel [id: 0x5c0d7474, L:/127.0.0.1:60251 - R:localhost/127.0.0.1:20088] for GET '/session/f60e30bb144684a48710ed8207bd2b55/element/4245de21-898a-4f83-bc5e-b2d24fea1db1/name'
02:05:16.208 [AsyncHttpClient-1-2] DEBUG org.asynchttpclient.netty.handler.HttpHandler - 

Request DefaultFullHttpRequest(decodeResult: success, version: HTTP/1.1, content: EmptyByteBufBE)
GET /session/f60e30bb144684a48710ed8207bd2b55/element/4245de21-898a-4f83-bc5e-b2d24fea1db1/name HTTP/1.1
User-Agent: selenium/4.8.1 (java windows)
Cache-Control: no-cache
Content-Type: application/json; charset=utf-8
host: localhost:20088
accept: */*

Response DefaultHttpResponse(decodeResult: success, version: HTTP/1.1)
HTTP/1.1 200 OK
Content-Length: 13
Content-Type: application/json; charset=utf-8
cache-control: no-cache

02:05:16.209 [AsyncHttpClient-1-2] DEBUG org.asynchttpclient.netty.channel.ChannelManager - Adding key: http://localhost:20088 for channel [id: 0x5c0d7474, L:/127.0.0.1:60251 - R:localhost/127.0.0.1:20088]
02:05:16.210 [Forwarding getElementTagName on session f60e30bb144684a48710ed8207bd2b55 to remote] DEBUG org.asynchttpclient.netty.request.NettyRequestSender - Using pooled Channel '[id: 0x5c0d7474, L:/127.0.0.1:60251 - R:localhost/127.0.0.1:20088]' for 'GET' to 'http://localhost:20088/session/f60e30bb144684a48710ed8207bd2b55/element/4245de21-898a-4f83-bc5e-b2d24fea1db1/name'
02:05:16.210 [Forwarding getElementTagName on session f60e30bb144684a48710ed8207bd2b55 to remote] DEBUG org.asynchttpclient.netty.request.NettyRequestSender - Using open Channel [id: 0x5c0d7474, L:/127.0.0.1:60251 - R:localhost/127.0.0.1:20088] for GET '/session/f60e30bb144684a48710ed8207bd2b55/element/4245de21-898a-4f83-bc5e-b2d24fea1db1/name'
02:05:16.215 [AsyncHttpClient-1-2] DEBUG org.asynchttpclient.netty.handler.HttpHandler - 

Request DefaultFullHttpRequest(decodeResult: success, version: HTTP/1.1, content: EmptyByteBufBE)
GET /session/f60e30bb144684a48710ed8207bd2b55/element/4245de21-898a-4f83-bc5e-b2d24fea1db1/name HTTP/1.1
User-Agent: selenium/4.8.1 (java windows)
Cache-Control: no-cache
Content-Type: application/json; charset=utf-8
host: localhost:20088
accept: */*

Response DefaultHttpResponse(decodeResult: success, version: HTTP/1.1)
HTTP/1.1 200 OK
Content-Length: 13
Content-Type: application/json; charset=utf-8
cache-control: no-cache

02:05:16.216 [AsyncHttpClient-1-2] DEBUG org.asynchttpclient.netty.channel.ChannelManager - Adding key: http://localhost:20088 for channel [id: 0x5c0d7474, L:/127.0.0.1:60251 - R:localhost/127.0.0.1:20088]
02:05:16.219 [Forwarding findElement on session f60e30bb144684a48710ed8207bd2b55 to remote] DEBUG org.asynchttpclient.netty.request.NettyRequestSender - Using pooled Channel '[id: 0x5c0d7474, L:/127.0.0.1:60251 - R:localhost/127.0.0.1:20088]' for 'POST' to 'http://localhost:20088/session/f60e30bb144684a48710ed8207bd2b55/element'
02:05:16.219 [Forwarding findElement on session f60e30bb144684a48710ed8207bd2b55 to remote] DEBUG org.asynchttpclient.netty.request.NettyRequestSender - Using open Channel [id: 0x5c0d7474, L:/127.0.0.1:60251 - R:localhost/127.0.0.1:20088] for POST '/session/f60e30bb144684a48710ed8207bd2b55/element'
02:05:16.225 [AsyncHttpClient-1-2] DEBUG org.asynchttpclient.netty.handler.HttpHandler - 

Request DefaultHttpRequest(decodeResult: success, version: HTTP/1.1)
POST /session/f60e30bb144684a48710ed8207bd2b55/element HTTP/1.1
User-Agent: selenium/4.8.1 (java windows)
Content-Length: 63
Content-Type: application/json; charset=utf-8
host: localhost:20088
accept: */*

Response DefaultHttpResponse(decodeResult: success, version: HTTP/1.1)
HTTP/1.1 200 OK
Content-Length: 88
Content-Type: application/json; charset=utf-8
cache-control: no-cache

02:05:16.225 [AsyncHttpClient-1-2] DEBUG org.asynchttpclient.netty.channel.ChannelManager - Adding key: http://localhost:20088 for channel [id: 0x5c0d7474, L:/127.0.0.1:60251 - R:localhost/127.0.0.1:20088]
02:05:16.227 [Forwarding clickElement on session f60e30bb144684a48710ed8207bd2b55 to remote] DEBUG org.asynchttpclient.netty.request.NettyRequestSender - Using pooled Channel '[id: 0x5c0d7474, L:/127.0.0.1:60251 - R:localhost/127.0.0.1:20088]' for 'POST' to 'http://localhost:20088/session/f60e30bb144684a48710ed8207bd2b55/element/4245de21-898a-4f83-bc5e-b2d24fea1db1/click'
02:05:16.227 [Forwarding clickElement on session f60e30bb144684a48710ed8207bd2b55 to remote] DEBUG org.asynchttpclient.netty.request.NettyRequestSender - Using open Channel [id: 0x5c0d7474, L:/127.0.0.1:60251 - R:localhost/127.0.0.1:20088] for POST '/session/f60e30bb144684a48710ed8207bd2b55/element/4245de21-898a-4f83-bc5e-b2d24fea1db1/click'
02:05:16.258 [AsyncHttpClient-1-2] DEBUG org.asynchttpclient.netty.handler.HttpHandler - 

Request DefaultHttpRequest(decodeResult: success, version: HTTP/1.1)
POST /session/f60e30bb144684a48710ed8207bd2b55/element/4245de21-898a-4f83-bc5e-b2d24fea1db1/click HTTP/1.1
User-Agent: selenium/4.8.1 (java windows)
Content-Length: 50
Content-Type: application/json; charset=utf-8
host: localhost:20088
accept: */*

Response DefaultHttpResponse(decodeResult: success, version: HTTP/1.1)
HTTP/1.1 200 OK
Content-Length: 14
Content-Type: application/json; charset=utf-8
cache-control: no-cache

02:05:16.258 [AsyncHttpClient-1-2] DEBUG org.asynchttpclient.netty.channel.ChannelManager - Adding key: http://localhost:20088 for channel [id: 0x5c0d7474, L:/127.0.0.1:60251 - R:localhost/127.0.0.1:20088]
02:05:16.263 [Forwarding getAlertText on session f60e30bb144684a48710ed8207bd2b55 to remote] DEBUG org.asynchttpclient.netty.request.NettyRequestSender - Using pooled Channel '[id: 0x5c0d7474, L:/127.0.0.1:60251 - R:localhost/127.0.0.1:20088]' for 'GET' to 'http://localhost:20088/session/f60e30bb144684a48710ed8207bd2b55/alert/text'
02:05:16.263 [Forwarding getAlertText on session f60e30bb144684a48710ed8207bd2b55 to remote] DEBUG org.asynchttpclient.netty.request.NettyRequestSender - Using open Channel [id: 0x5c0d7474, L:/127.0.0.1:60251 - R:localhost/127.0.0.1:20088] for GET '/session/f60e30bb144684a48710ed8207bd2b55/alert/text'
02:05:16.265 [AsyncHttpClient-1-2] DEBUG org.asynchttpclient.netty.handler.HttpHandler - 

Request DefaultFullHttpRequest(decodeResult: success, version: HTTP/1.1, content: EmptyByteBufBE)
GET /session/f60e30bb144684a48710ed8207bd2b55/alert/text HTTP/1.1
User-Agent: selenium/4.8.1 (java windows)
Cache-Control: no-cache
Content-Type: application/json; charset=utf-8
host: localhost:20088
accept: */*

Response DefaultHttpResponse(decodeResult: success, version: HTTP/1.1)
HTTP/1.1 404 Not Found
Content-Length: 835
Content-Type: application/json; charset=utf-8
cache-control: no-cache

02:05:16.265 [AsyncHttpClient-1-2] DEBUG org.asynchttpclient.netty.channel.ChannelManager - Adding key: http://localhost:20088 for channel [id: 0x5c0d7474, L:/127.0.0.1:60251 - R:localhost/127.0.0.1:20088]
02:05:16.266 [Forwarding getCurrentUrl on session f60e30bb144684a48710ed8207bd2b55 to remote] DEBUG org.asynchttpclient.netty.request.NettyRequestSender - Using pooled Channel '[id: 0x5c0d7474, L:/127.0.0.1:60251 - R:localhost/127.0.0.1:20088]' for 'GET' to 'http://localhost:20088/session/f60e30bb144684a48710ed8207bd2b55/url'
02:05:16.266 [Forwarding getCurrentUrl on session f60e30bb144684a48710ed8207bd2b55 to remote] DEBUG org.asynchttpclient.netty.request.NettyRequestSender - Using open Channel [id: 0x5c0d7474, L:/127.0.0.1:60251 - R:localhost/127.0.0.1:20088] for GET '/session/f60e30bb144684a48710ed8207bd2b55/url'
02:05:16.269 [AsyncHttpClient-1-2] DEBUG org.asynchttpclient.netty.handler.HttpHandler - 

Request DefaultFullHttpRequest(decodeResult: success, version: HTTP/1.1, content: EmptyByteBufBE)
GET /session/f60e30bb144684a48710ed8207bd2b55/url HTTP/1.1
User-Agent: selenium/4.8.1 (java windows)
Cache-Control: no-cache
Content-Type: application/json; charset=utf-8
host: localhost:20088
accept: */*

Response DefaultHttpResponse(decodeResult: success, version: HTTP/1.1)
HTTP/1.1 200 OK
Content-Length: 47
Content-Type: application/json; charset=utf-8
cache-control: no-cache

02:05:16.269 [AsyncHttpClient-1-2] DEBUG org.asynchttpclient.netty.channel.ChannelManager - Adding key: http://localhost:20088 for channel [id: 0x5c0d7474, L:/127.0.0.1:60251 - R:localhost/127.0.0.1:20088]
02:05:16.270 [Forwarding screenshot on session f60e30bb144684a48710ed8207bd2b55 to remote] DEBUG org.asynchttpclient.netty.request.NettyRequestSender - Using pooled Channel '[id: 0x5c0d7474, L:/127.0.0.1:60251 - R:localhost/127.0.0.1:20088]' for 'GET' to 'http://localhost:20088/session/f60e30bb144684a48710ed8207bd2b55/screenshot'
02:05:16.270 [Forwarding screenshot on session f60e30bb144684a48710ed8207bd2b55 to remote] DEBUG org.asynchttpclient.netty.request.NettyRequestSender - Using open Channel [id: 0x5c0d7474, L:/127.0.0.1:60251 - R:localhost/127.0.0.1:20088] for GET '/session/f60e30bb144684a48710ed8207bd2b55/screenshot'
02:05:16.357 [AsyncHttpClient-1-2] DEBUG org.asynchttpclient.netty.handler.HttpHandler - 

Request DefaultFullHttpRequest(decodeResult: success, version: HTTP/1.1, content: EmptyByteBufBE)
GET /session/f60e30bb144684a48710ed8207bd2b55/screenshot HTTP/1.1
User-Agent: selenium/4.8.1 (java windows)
Cache-Control: no-cache
Content-Type: application/json; charset=utf-8
host: localhost:20088
accept: */*

Response DefaultHttpResponse(decodeResult: success, version: HTTP/1.1)
HTTP/1.1 200 OK
Content-Length: 59316
Content-Type: application/json; charset=utf-8
cache-control: no-cache

02:05:16.358 [AsyncHttpClient-1-2] DEBUG org.asynchttpclient.netty.channel.ChannelManager - Adding key: http://localhost:20088 for channel [id: 0x5c0d7474, L:/127.0.0.1:60251 - R:localhost/127.0.0.1:20088]
02:05:16.360 [main] DEBUG net.serenitybdd.core.photography.Darkroom - Send negative for processing for target\site\serenity\d3e0722f559fcb50ed6dabd861a225300891dd61d12e0d265b88270c784a656c.png
02:05:16.360 [main] DEBUG net.thucydides.core.steps.StepInterceptor - STEP DONE: clickCartIcon
  &amp#27;[32mThen &amp#27;[0m&amp#27;[32mthe item should be added to my cart&amp#27;[0m   &amp#27;[90m# starter.stepdefinitions.AddToCartSteps.validateTheProductHasBeenAdded()&amp#27;[0m
02:05:16.367 [main] INFO  - 
  _____   ___   ___   _____     ___     _     ___   ___   ___   ___  
 |_   _| | __| / __| |_   _|   | _ \   /_\   / __| / __| | __| |   \ 
   | |   | _|  \__ \   | |     |  _/  / _ \  \__ \ \__ \ | _|  | |) |
   |_|   |___| |___/   |_|     |_|   /_/ \_\ |___/ |___/ |___| |___/ 

User Successfully add item to cart
----------------------------------------------------------------------
02:05:16.401 [Driver Command Executor] DEBUG org.asynchttpclient.netty.request.NettyRequestSender - Using pooled Channel '[id: 0x5c0d7474, L:/127.0.0.1:60251 - R:localhost/127.0.0.1:20088]' for 'DELETE' to 'http://localhost:20088/session/f60e30bb144684a48710ed8207bd2b55'
02:05:16.401 [Driver Command Executor] DEBUG org.asynchttpclient.netty.request.NettyRequestSender - Using open Channel [id: 0x5c0d7474, L:/127.0.0.1:60251 - R:localhost/127.0.0.1:20088] for DELETE '/session/f60e30bb144684a48710ed8207bd2b55'
02:05:16.437 [AsyncHttpClient-1-3] DEBUG org.asynchttpclient.netty.handler.HttpHandler - Unexpected I/O exception on channel [id: 0xf6df153d, L:/127.0.0.1:60259 - R:localhost/127.0.0.1:60253]
java.net.SocketException: Connection reset
	at java.base/sun.nio.ch.SocketChannelImpl.throwConnectionReset(SocketChannelImpl.java:367)
	at java.base/sun.nio.ch.SocketChannelImpl.read(SocketChannelImpl.java:398)
	at io.netty.buffer.PooledByteBuf.setBytes(PooledByteBuf.java:259)
	at io.netty.buffer.AbstractByteBuf.writeBytes(AbstractByteBuf.java:1132)
	at io.netty.channel.socket.nio.NioSocketChannel.doReadBytes(NioSocketChannel.java:357)
	at io.netty.channel.nio.AbstractNioByteChannel$NioByteUnsafe.read(AbstractNioByteChannel.java:151)
	at io.netty.channel.nio.NioEventLoop.processSelectedKey(NioEventLoop.java:788)
	at io.netty.channel.nio.NioEventLoop.processSelectedKeysOptimized(NioEventLoop.java:724)
	at io.netty.channel.nio.NioEventLoop.processSelectedKeys(NioEventLoop.java:650)
	at io.netty.channel.nio.NioEventLoop.run(NioEventLoop.java:562)
	at io.netty.util.concurrent.SingleThreadEventExecutor$4.run(SingleThreadEventExecutor.java:997)
	at io.netty.util.internal.ThreadExecutorMap$2.run(ThreadExecutorMap.java:74)
	at io.netty.util.concurrent.FastThreadLocalRunnable.run(FastThreadLocalRunnable.java:30)
	at java.base/java.lang.Thread.run(Thread.java:832)
02:05:16.437 [AsyncHttpClient-1-3] DEBUG org.asynchttpclient.netty.channel.ChannelManager - Closing Channel [id: 0xf6df153d, L:/127.0.0.1:60259 - R:localhost/127.0.0.1:60253] 
02:05:16.437 [AsyncHttpClient-1-4] DEBUG org.asynchttpclient.netty.handler.WebSocketHandler - Unexpected I/O exception on channel [id: 0xd360fef5, L:/127.0.0.1:60260 - R:localhost/127.0.0.1:60253]
java.net.SocketException: Connection reset
	at java.base/sun.nio.ch.SocketChannelImpl.throwConnectionReset(SocketChannelImpl.java:367)
	at java.base/sun.nio.ch.SocketChannelImpl.read(SocketChannelImpl.java:398)
	at io.netty.buffer.PooledByteBuf.setBytes(PooledByteBuf.java:259)
	at io.netty.buffer.AbstractByteBuf.writeBytes(AbstractByteBuf.java:1132)
	at io.netty.channel.socket.nio.NioSocketChannel.doReadBytes(NioSocketChannel.java:357)
	at io.netty.channel.nio.AbstractNioByteChannel$NioByteUnsafe.read(AbstractNioByteChannel.java:151)
	at io.netty.channel.nio.NioEventLoop.processSelectedKey(NioEventLoop.java:788)
	at io.netty.channel.nio.NioEventLoop.processSelectedKeysOptimized(NioEventLoop.java:724)
	at io.netty.channel.nio.NioEventLoop.processSelectedKeys(NioEventLoop.java:650)
	at io.netty.channel.nio.NioEventLoop.run(NioEventLoop.java:562)
	at io.netty.util.concurrent.SingleThreadEventExecutor$4.run(SingleThreadEventExecutor.java:997)
	at io.netty.util.internal.ThreadExecutorMap$2.run(ThreadExecutorMap.java:74)
	at io.netty.util.concurrent.FastThreadLocalRunnable.run(FastThreadLocalRunnable.java:30)
	at java.base/java.lang.Thread.run(Thread.java:832)
02:05:16.438 [AsyncHttpClient-1-4] DEBUG org.asynchttpclient.netty.handler.WebSocketHandler - Was unable to recover Future: NettyResponseFuture{currentRetry=0,
	isDone=1,
	isCancelled=0,
	asyncHandler=org.asynchttpclient.ws.WebSocketUpgradeHandler@4397bef1,
	nettyRequest=org.asynchttpclient.netty.request.NettyRequest@6a1605f,
	future=java.util.concurrent.CompletableFuture@606346f0[Completed normally],
	uri=ws://localhost:60253/devtools/browser/9c6e2b53-80d8-485b-a446-bae52e5e844d,
	keepAlive=true,
	redirectCount=0,
	timeoutsHolder=null,
	inAuth=0,
	touch=1680980716437}
02:05:16.438 [AsyncHttpClient-1-4] DEBUG org.asynchttpclient.netty.channel.ChannelManager - Closing Channel [id: 0xd360fef5, L:/127.0.0.1:60260 - R:localhost/127.0.0.1:60253] 
02:05:16.438 [AsyncHttpClient-1-4] WARN org.asynchttpclient.netty.handler.WebSocketHandler - onError
java.net.SocketException: Connection reset
	at java.base/sun.nio.ch.SocketChannelImpl.throwConnectionReset(SocketChannelImpl.java:367)
	at java.base/sun.nio.ch.SocketChannelImpl.read(SocketChannelImpl.java:398)
	at io.netty.buffer.PooledByteBuf.setBytes(PooledByteBuf.java:259)
	at io.netty.buffer.AbstractByteBuf.writeBytes(AbstractByteBuf.java:1132)
	at io.netty.channel.socket.nio.NioSocketChannel.doReadBytes(NioSocketChannel.java:357)
	at io.netty.channel.nio.AbstractNioByteChannel$NioByteUnsafe.read(AbstractNioByteChannel.java:151)
	at io.netty.channel.nio.NioEventLoop.processSelectedKey(NioEventLoop.java:788)
	at io.netty.channel.nio.NioEventLoop.processSelectedKeysOptimized(NioEventLoop.java:724)
	at io.netty.channel.nio.NioEventLoop.processSelectedKeys(NioEventLoop.java:650)
	at io.netty.channel.nio.NioEventLoop.run(NioEventLoop.java:562)
	at io.netty.util.concurrent.SingleThreadEventExecutor$4.run(SingleThreadEventExecutor.java:997)
	at io.netty.util.internal.ThreadExecutorMap$2.run(ThreadExecutorMap.java:74)
	at io.netty.util.concurrent.FastThreadLocalRunnable.run(FastThreadLocalRunnable.java:30)
	at java.base/java.lang.Thread.run(Thread.java:832)
02:05:16.440 [AsyncHttpClient-1-3] DEBUG org.asynchttpclient.netty.handler.HttpHandler - Channel Closed: [id: 0xf6df153d, L:/127.0.0.1:60259 ! R:localhost/127.0.0.1:60253] with attribute DISCARD
02:05:16.441 [AsyncHttpClient-1-4] DEBUG org.asynchttpclient.netty.channel.ChannelManager - Closing Channel [id: 0xd360fef5, L:/127.0.0.1:60260 ! R:localhost/127.0.0.1:60253] 
02:05:16.441 [AsyncHttpClient-1-4] DEBUG org.asynchttpclient.netty.handler.WebSocketHandler - Channel Closed: [id: 0xd360fef5, L:/127.0.0.1:60260 ! R:localhost/127.0.0.1:60253] with attribute DISCARD
02:05:16.450 [AsyncHttpClient-1-2] DEBUG org.asynchttpclient.netty.handler.HttpHandler - 

Request DefaultFullHttpRequest(decodeResult: success, version: HTTP/1.1, content: EmptyByteBufBE)
DELETE /session/f60e30bb144684a48710ed8207bd2b55 HTTP/1.1
User-Agent: selenium/4.8.1 (java windows)
Content-Type: application/json; charset=utf-8
host: localhost:20088
accept: */*

Response DefaultHttpResponse(decodeResult: success, version: HTTP/1.1)
HTTP/1.1 200 OK
Content-Length: 14
Content-Type: application/json; charset=utf-8
cache-control: no-cache

02:05:16.450 [AsyncHttpClient-1-2] DEBUG org.asynchttpclient.netty.channel.ChannelManager - Adding key: http://localhost:20088 for channel [id: 0x5c0d7474, L:/127.0.0.1:60251 - R:localhost/127.0.0.1:20088]
02:05:16.948 [AsyncHttpClient-1-2] DEBUG org.asynchttpclient.netty.handler.HttpHandler - Channel Closed: [id: 0x5c0d7474, L:/127.0.0.1:60251 ! R:localhost/127.0.0.1:20088] with attribute DISCARD
02:05:17.139 [AsyncHttpClient-1-1] DEBUG org.asynchttpclient.netty.channel.DefaultChannelPool - Entry count for : http://localhost:60253 : 1
02:05:17.139 [AsyncHttpClient-1-1] DEBUG org.asynchttpclient.netty.channel.DefaultChannelPool - Entry count for : http://localhost:20088 : 1
02:05:17.139 [AsyncHttpClient-1-1] DEBUG org.asynchttpclient.netty.channel.DefaultChannelPool - Adding Candidate expired Channel [id: 0xf6df153d, L:/127.0.0.1:60259 ! R:localhost/127.0.0.1:60253] isIdleTimeoutExpired=false isRemotelyClosed=true isTtlExpired=false
02:05:17.139 [AsyncHttpClient-1-1] DEBUG org.asynchttpclient.netty.channel.DefaultChannelPool - Closing Idle Channel [id: 0xf6df153d, L:/127.0.0.1:60259 ! R:localhost/127.0.0.1:60253]
02:05:17.139 [AsyncHttpClient-1-1] DEBUG org.asynchttpclient.netty.channel.DefaultChannelPool - Adding Candidate expired Channel [id: 0x5c0d7474, L:/127.0.0.1:60251 ! R:localhost/127.0.0.1:20088] isIdleTimeoutExpired=false isRemotelyClosed=true isTtlExpired=false
02:05:17.139 [AsyncHttpClient-1-1] DEBUG org.asynchttpclient.netty.channel.DefaultChannelPool - Closing Idle Channel [id: 0x5c0d7474, L:/127.0.0.1:60251 ! R:localhost/127.0.0.1:20088]
02:05:17.139 [AsyncHttpClient-1-1] DEBUG org.asynchttpclient.netty.channel.DefaultChannelPool - Closed 2 connections out of 2 in 0 ms
]]></system-out>
    <system-err><![CDATA[Starting ChromeDriver 111.0.5563.64 (c710e93d5b63b7095afe8c2c17df34408078439d-refs/branch-heads/5563@{#995}) on port 20088
Only local connections are allowed.
Please see https://chromedriver.chromium.org/security-considerations for suggestions on keeping ChromeDriver safe.
ChromeDriver was started successfully.
[1680980712.178][WARNING]: This version of ChromeDriver has not been tested with Chrome version 112.
Apr 09, 2023 2:05:12 AM org.openqa.selenium.devtools.CdpVersionFinder findNearestMatch
WARNING: Unable to find an exact match for CDP version 112, so returning the closest version found: 110
Apr 09, 2023 2:05:16 AM org.openqa.selenium.remote.http.WebSocket$Listener onError
WARNING: Connection reset
java.net.SocketException: Connection reset
	at java.base/sun.nio.ch.SocketChannelImpl.throwConnectionReset(SocketChannelImpl.java:367)
	at java.base/sun.nio.ch.SocketChannelImpl.read(SocketChannelImpl.java:398)
	at io.netty.buffer.PooledByteBuf.setBytes(PooledByteBuf.java:259)
	at io.netty.buffer.AbstractByteBuf.writeBytes(AbstractByteBuf.java:1132)
	at io.netty.channel.socket.nio.NioSocketChannel.doReadBytes(NioSocketChannel.java:357)
	at io.netty.channel.nio.AbstractNioByteChannel$NioByteUnsafe.read(AbstractNioByteChannel.java:151)
	at io.netty.channel.nio.NioEventLoop.processSelectedKey(NioEventLoop.java:788)
	at io.netty.channel.nio.NioEventLoop.processSelectedKeysOptimized(NioEventLoop.java:724)
	at io.netty.channel.nio.NioEventLoop.processSelectedKeys(NioEventLoop.java:650)
	at io.netty.channel.nio.NioEventLoop.run(NioEventLoop.java:562)
	at io.netty.util.concurrent.SingleThreadEventExecutor$4.run(SingleThreadEventExecutor.java:997)
	at io.netty.util.internal.ThreadExecutorMap$2.run(ThreadExecutorMap.java:74)
	at io.netty.util.concurrent.FastThreadLocalRunnable.run(FastThreadLocalRunnable.java:30)
	at java.base/java.lang.Thread.run(Thread.java:832)

]]></system-err>
  </testcase>
  <testcase name="User cannot checkout without providing postal code" classname="Checkout" time="0.131">
    <system-out><![CDATA[02:05:17.472 [main] DEBUG io.cucumber.core.plugin.SerenityReporter - Running feature from file:///C:/Users/WINDOWS%2010/Documents/GitHub/QE_Andira_Ms/11_Web_Programming_&_Testing/Praktikum/Testing_with_Serenity/Prioritas1/alta/src/test/resources/features/Checkout.feature
02:05:17.478 [main] DEBUG net.thucydides.core.steps.StepEventBus - Test suite started for story net.thucydides.core.model.Story@65fd1e8
02:05:17.480 [main] INFO  - Test Suite Started: Checkout

Scenario: User cannot checkout without providing postal code &amp#27;[90m# src/test/resources/features/Checkout.feature:3&amp#27;[0m
02:05:17.492 [main] DEBUG io.cucumber.core.plugin.SerenityReporter - Running feature from file:///C:/Users/WINDOWS%2010/Documents/GitHub/QE_Andira_Ms/11_Web_Programming_&_Testing/Praktikum/Testing_with_Serenity/Prioritas1/alta/src/test/resources/features/Checkout.feature
02:05:17.497 [main] INFO  - 
  _____   ___   ___   _____     ___   _____     _     ___   _____   ___   ___  
 |_   _| | __| / __| |_   _|   / __| |_   _|   /_\   | _ \ |_   _| | __| |   \ 
   | |   | _|  \__ \   | |     \__ \   | |    / _ \  |   /   | |   | _|  | |) |
   |_|   |___| |___/   |_|     |___/   |_|   /_/ \_\ |_|_\   |_|   |___| |___/ 

User cannot checkout without providing postal code(checkout;user-cannot-checkout-without-providing-postal-code)
--------------------------------------------------------------------------------
02:05:17.577 [main] DEBUG net.thucydides.core.steps.StepInterceptor - STARTING STEP: CartSteps.onTheCartPage - validateOnCartPage
02:05:17.579 [main] DEBUG net.thucydides.core.steps.StepInterceptor - STEP DONE: validateOnCartPage
  &amp#27;[32mGiven &amp#27;[0m&amp#27;[32mI am on the shopping cart page&amp#27;[0m                       &amp#27;[90m# starter.stepdefinitions.CartSteps.onTheCartPage()&amp#27;[0m
02:05:17.583 [main] DEBUG net.thucydides.core.steps.StepInterceptor - STARTING STEP: CartSteps.clickCheckoutButton - clickCheckoutButton
02:05:17.586 [main] DEBUG net.thucydides.core.steps.StepInterceptor - STEP DONE: clickCheckoutButton
  &amp#27;[32mWhen &amp#27;[0m&amp#27;[32mI click on checkout button&amp#27;[0m                            &amp#27;[90m# starter.stepdefinitions.CartSteps.clickCheckoutButton()&amp#27;[0m
02:05:17.590 [main] DEBUG net.thucydides.core.steps.StepInterceptor - STARTING STEP: CartSteps.inputMyInformation - inputFirstName
02:05:17.592 [main] DEBUG net.thucydides.core.steps.StepInterceptor - STEP DONE: inputFirstName
02:05:17.593 [main] DEBUG net.thucydides.core.steps.StepInterceptor - STARTING STEP: CartSteps.inputMyInformation - inputLastName
02:05:17.595 [main] DEBUG net.thucydides.core.steps.StepInterceptor - STEP DONE: inputLastName
02:05:17.596 [main] DEBUG net.thucydides.core.steps.StepInterceptor - STARTING STEP: CartSteps.inputMyInformation - inputPostalCode
02:05:17.598 [main] DEBUG net.thucydides.core.steps.StepInterceptor - STEP DONE: inputPostalCode
  &amp#27;[32mAnd &amp#27;[0m&amp#27;[32mI do not provide postal code&amp#27;[0m                           &amp#27;[90m# starter.stepdefinitions.CartSteps.inputMyInformation()&amp#27;[0m
02:05:17.603 [main] DEBUG net.thucydides.core.steps.StepInterceptor - STARTING STEP: CartSteps.clickContinueButton - clickContinueButton
02:05:17.605 [main] DEBUG net.thucydides.core.steps.StepInterceptor - STEP DONE: clickContinueButton
  &amp#27;[32mAnd &amp#27;[0m&amp#27;[32mI click on continue button&amp#27;[0m                             &amp#27;[90m# starter.stepdefinitions.CartSteps.clickContinueButton()&amp#27;[0m
02:05:17.610 [main] DEBUG net.thucydides.core.steps.StepInterceptor - STARTING STEP: CartSteps.errorMessageDisplayed - errorMessageDisplayed
02:05:17.611 [main] DEBUG net.thucydides.core.steps.StepInterceptor - STEP DONE: errorMessageDisplayed
  &amp#27;[32mThen &amp#27;[0m&amp#27;[32mI should see an error message for missing postal code&amp#27;[0m &amp#27;[90m# starter.stepdefinitions.CartSteps.errorMessageDisplayed()&amp#27;[0m
02:05:17.614 [main] INFO  - 
  _____   ___   ___   _____     ___     _     ___   ___   ___   ___  
 |_   _| | __| / __| |_   _|   | _ \   /_\   / __| / __| | __| |   \ 
   | |   | _|  \__ \   | |     |  _/  / _ \  \__ \ \__ \ | _|  | |) |
   |_|   |___| |___/   |_|     |_|   /_/ \_\ |___/ |___/ |___| |___/ 

User cannot checkout without providing postal code
----------------------------------------------------------------------
]]></system-out>
  </testcase>
  <testcase name="Logout after completing checkout" classname="Logout after checkout" time="0.072">
    <system-out><![CDATA[02:05:17.616 [main] DEBUG io.cucumber.core.plugin.SerenityReporter - Running feature from file:///C:/Users/WINDOWS%2010/Documents/GitHub/QE_Andira_Ms/11_Web_Programming_&_Testing/Praktikum/Testing_with_Serenity/Prioritas1/alta/src/test/resources/features/Logout.feature
02:05:17.620 [main] DEBUG net.thucydides.core.steps.StepEventBus - Test suite started for story net.thucydides.core.model.Story@827fa538
02:05:17.621 [main] INFO  - Test Suite Started: Logout after checkout

Scenario: Logout after completing checkout                                   &amp#27;[90m# src/test/resources/features/Logout.feature:6&amp#27;[0m
02:05:17.629 [main] DEBUG io.cucumber.core.plugin.SerenityReporter - Running feature from file:///C:/Users/WINDOWS%2010/Documents/GitHub/QE_Andira_Ms/11_Web_Programming_&_Testing/Praktikum/Testing_with_Serenity/Prioritas1/alta/src/test/resources/features/Logout.feature
02:05:17.632 [main] INFO  - 
  _____   ___   ___   _____     ___   _____     _     ___   _____   ___   ___  
 |_   _| | __| / __| |_   _|   / __| |_   _|   /_\   | _ \ |_   _| | __| |   \ 
   | |   | _|  \__ \   | |     \__ \   | |    / _ \  |   /   | |   | _|  | |) |
   |_|   |___| |___/   |_|     |___/   |_|   /_/ \_\ |_|_\   |_|   |___| |___/ 

Logout after completing checkout(logout-after-checkout;logout-after-completing-checkout)
--------------------------------------------------------------------------------
02:05:17.654 [main] DEBUG net.thucydides.core.steps.StepInterceptor - STARTING STEP: LogoutSteps.onTheCartPage - validateOnCartPage
02:05:17.655 [main] DEBUG net.thucydides.core.steps.StepInterceptor - STEP DONE: validateOnCartPage
  &amp#27;[32mGiven &amp#27;[0m&amp#27;[32mI am on the checkout page&amp#27;[0m                                            &amp#27;[90m# starter.stepdefinitions.LogoutSteps.onTheCartPage()&amp#27;[0m
02:05:17.660 [main] DEBUG net.thucydides.core.steps.StepInterceptor - STARTING STEP: LogoutSteps.validateCompleteCheckout - validateCompleteCheckout
02:05:17.661 [main] DEBUG net.thucydides.core.steps.StepInterceptor - STEP DONE: validateCompleteCheckout
  &amp#27;[32mWhen &amp#27;[0m&amp#27;[32mI have completed the checkout process&amp#27;[0m                                 &amp#27;[90m# starter.stepdefinitions.LogoutSteps.validateCompleteCheckout()&amp#27;[0m
02:05:17.668 [main] DEBUG net.thucydides.core.steps.StepInterceptor - STARTING STEP: LogoutSteps.clickBackHome - clickBackHome
02:05:17.670 [main] DEBUG net.thucydides.core.steps.StepInterceptor - STEP DONE: clickBackHome
  &amp#27;[32mAnd &amp#27;[0m&amp#27;[32mI click on the Back Home button&amp#27;[0m                                        &amp#27;[90m# starter.stepdefinitions.LogoutSteps.clickBackHome()&amp#27;[0m
02:05:17.676 [main] DEBUG net.thucydides.core.steps.StepInterceptor - STARTING STEP: LogoutSteps.clickMenuButton - clickMenuButton
02:05:17.678 [main] DEBUG net.thucydides.core.steps.StepInterceptor - STEP DONE: clickMenuButton
  &amp#27;[32mAnd &amp#27;[0m&amp#27;[32mI click on the Menu button&amp#27;[0m                                             &amp#27;[90m# starter.stepdefinitions.LogoutSteps.clickMenuButton()&amp#27;[0m
02:05:17.683 [main] DEBUG net.thucydides.core.steps.StepInterceptor - STARTING STEP: LogoutSteps.clickLogoutButton - clickLogoutButton
02:05:17.685 [main] DEBUG net.thucydides.core.steps.StepInterceptor - STEP DONE: clickLogoutButton
  &amp#27;[32mAnd &amp#27;[0m&amp#27;[32mI click on the Logout button&amp#27;[0m                                           &amp#27;[90m# starter.stepdefinitions.LogoutSteps.clickLogoutButton()&amp#27;[0m
02:05:17.690 [main] DEBUG net.thucydides.core.steps.StepInterceptor - STARTING STEP: LogoutSteps.validateOnLoginPage - validateOnLoginPage
02:05:17.691 [main] DEBUG net.thucydides.core.steps.StepInterceptor - STEP DONE: validateOnLoginPage
  &amp#27;[32mThen &amp#27;[0m&amp#27;[32mI should be logged out of my account and redirected to the login page&amp#27;[0m &amp#27;[90m# starter.stepdefinitions.LogoutSteps.validateOnLoginPage()&amp#27;[0m
02:05:17.694 [main] INFO  - 
  _____   ___   ___   _____     ___     _     ___   ___   ___   ___  
 |_   _| | __| / __| |_   _|   | _ \   /_\   / __| / __| | __| |   \ 
   | |   | _|  \__ \   | |     |  _/  / _ \  \__ \ \__ \ | _|  | |) |
   |_|   |___| |___/   |_|     |_|   /_/ \_\ |___/ |___/ |___| |___/ 

Logout after completing checkout
----------------------------------------------------------------------
]]></system-out>
  </testcase>
</testsuite>