<?xml version="1.0" encoding="UTF-8"?>
<testsuite xmlns:xsi="http://www.w3.org/2001/XMLSchema-instance" xsi:noNamespaceSchemaLocation="https://maven.apache.org/surefire/maven-failsafe-plugin/xsd/failsafe-test-report-3.0.xsd" version="3.0" name="starter.CucumberTestSuite" time="55.106" tests="6" errors="0" skipped="0" failures="0">
  <properties>
    <property name="java.specification.version" value="15"/>
    <property name="webdriver.chrome.driver" value="src/test/resources/webdriver/chromedriver.exe"/>
    <property name="sun.cpu.isalist" value="amd64"/>
    <property name="sun.jnu.encoding" value="Cp1252"/>
    <property name="java.class.path" value="C:\Users\WINDOWS 10\Documents\GitHub\QE_Andira_Ms\11_Web_Programming_&amp;_Testing\Praktikum\Testing_with_Serenity\Prioritas2\alta\target\test-classes;C:\Users\WINDOWS 10\.m2\repository\net\serenity-bdd\serenity-core\3.6.21\serenity-core-3.6.21.jar;C:\Users\WINDOWS 10\.m2\repository\net\serenity-bdd\serenity-model\3.6.21\serenity-model-3.6.21.jar;C:\Users\WINDOWS 10\.m2\repository\org\apache\commons\commons-text\1.10.0\commons-text-1.10.0.jar;C:\Users\WINDOWS 10\.m2\repository\commons-net\commons-net\3.9.0\commons-net-3.9.0.jar;C:\Users\WINDOWS 10\.m2\repository\com\google\guava\guava\31.1-jre\guava-31.1-jre.jar;C:\Users\WINDOWS 10\.m2\repository\com\google\guava\failureaccess\1.0.1\failureaccess-1.0.1.jar;C:\Users\WINDOWS 10\.m2\repository\com\google\guava\listenablefuture\9999.0-empty-to-avoid-conflict-with-guava\listenablefuture-9999.0-empty-to-avoid-conflict-with-guava.jar;C:\Users\WINDOWS 10\.m2\repository\com\google\code\findbugs\jsr305\3.0.2\jsr305-3.0.2.jar;C:\Users\WINDOWS 10\.m2\repository\org\checkerframework\checker-qual\3.12.0\checker-qual-3.12.0.jar;C:\Users\WINDOWS 10\.m2\repository\com\google\errorprone\error_prone_annotations\2.11.0\error_prone_annotations-2.11.0.jar;C:\Users\WINDOWS 10\.m2\repository\com\google\j2objc\j2objc-annotations\1.3\j2objc-annotations-1.3.jar;C:\Users\WINDOWS 10\.m2\repository\com\google\inject\guice\5.1.0\guice-5.1.0.jar;C:\Users\WINDOWS 10\.m2\repository\javax\inject\javax.inject\1\javax.inject-1.jar;C:\Users\WINDOWS 10\.m2\repository\aopalliance\aopalliance\1.0\aopalliance-1.0.jar;C:\Users\WINDOWS 10\.m2\repository\org\jsoup\jsoup\1.14.3\jsoup-1.14.3.jar;C:\Users\WINDOWS 10\.m2\repository\com\thoughtworks\xstream\xstream\1.4.20\xstream-1.4.20.jar;C:\Users\WINDOWS 10\.m2\repository\io\github\x-stream\mxparser\1.2.2\mxparser-1.2.2.jar;C:\Users\WINDOWS 10\.m2\repository\xmlpull\xmlpull\1.1.3.1\xmlpull-1.1.3.1.jar;C:\Users\WINDOWS 10\.m2\repository\com\typesafe\config\1.4.2\config-1.4.2.jar;C:\Users\WINDOWS 10\.m2\repository\org\imgscalr\imgscalr-lib\4.2\imgscalr-lib-4.2.jar;C:\Users\WINDOWS 10\.m2\repository\org\awaitility\awaitility\4.2.0\awaitility-4.2.0.jar;C:\Users\WINDOWS 10\.m2\repository\org\freemarker\freemarker\2.3.31\freemarker-2.3.31.jar;C:\Users\WINDOWS 10\.m2\repository\io\github\classgraph\classgraph\4.8.138\classgraph-4.8.138.jar;C:\Users\WINDOWS 10\.m2\repository\net\sourceforge\jexcelapi\jxl\2.6.12\jxl-2.6.12.jar;C:\Users\WINDOWS 10\.m2\repository\net\bytebuddy\byte-buddy-agent\1.14.2\byte-buddy-agent-1.14.2.jar;C:\Users\WINDOWS 10\.m2\repository\org\objenesis\objenesis\3.3\objenesis-3.3.jar;C:\Users\WINDOWS 10\.m2\repository\net\serenity-bdd\serenity-reports\3.6.21\serenity-reports-3.6.21.jar;C:\Users\WINDOWS 10\.m2\repository\net\serenity-bdd\serenity-stats\3.6.21\serenity-stats-3.6.21.jar;C:\Users\WINDOWS 10\.m2\repository\net\serenity-bdd\serenity-reports-configuration\3.6.21\serenity-reports-configuration-3.6.21.jar;C:\Users\WINDOWS 10\.m2\repository\com\vladsch\flexmark\flexmark-all\0.62.2\flexmark-all-0.62.2.jar;C:\Users\WINDOWS 10\.m2\repository\com\vladsch\flexmark\flexmark\0.62.2\flexmark-0.62.2.jar;C:\Users\WINDOWS 10\.m2\repository\com\vladsch\flexmark\flexmark-ext-abbreviation\0.62.2\flexmark-ext-abbreviation-0.62.2.jar;C:\Users\WINDOWS 10\.m2\repository\com\vladsch\flexmark\flexmark-util\0.62.2\flexmark-util-0.62.2.jar;C:\Users\WINDOWS 10\.m2\repository\com\vladsch\flexmark\flexmark-ext-admonition\0.62.2\flexmark-ext-admonition-0.62.2.jar;C:\Users\WINDOWS 10\.m2\repository\com\vladsch\flexmark\flexmark-ext-anchorlink\0.62.2\flexmark-ext-anchorlink-0.62.2.jar;C:\Users\WINDOWS 10\.m2\repository\com\vladsch\flexmark\flexmark-ext-aside\0.62.2\flexmark-ext-aside-0.62.2.jar;C:\Users\WINDOWS 10\.m2\repository\com\vladsch\flexmark\flexmark-ext-attributes\0.62.2\flexmark-ext-attributes-0.62.2.jar;C:\Users\WINDOWS 10\.m2\repository\com\vladsch\flexmark\flexmark-ext-autolink\0.62.2\flexmark-ext-autolink-0.62.2.jar;C:\Users\WINDOWS 10\.m2\repository\org\nibor\autolink\autolink\0.6.0\autolink-0.6.0.jar;C:\Users\WINDOWS 10\.m2\repository\com\vladsch\flexmark\flexmark-ext-definition\0.62.2\flexmark-ext-definition-0.62.2.jar;C:\Users\WINDOWS 10\.m2\repository\com\vladsch\flexmark\flexmark-ext-emoji\0.62.2\flexmark-ext-emoji-0.62.2.jar;C:\Users\WINDOWS 10\.m2\repository\com\vladsch\flexmark\flexmark-ext-enumerated-reference\0.62.2\flexmark-ext-enumerated-reference-0.62.2.jar;C:\Users\WINDOWS 10\.m2\repository\com\vladsch\flexmark\flexmark-ext-escaped-character\0.62.2\flexmark-ext-escaped-character-0.62.2.jar;C:\Users\WINDOWS 10\.m2\repository\com\vladsch\flexmark\flexmark-ext-footnotes\0.62.2\flexmark-ext-footnotes-0.62.2.jar;C:\Users\WINDOWS 10\.m2\repository\com\vladsch\flexmark\flexmark-ext-gfm-issues\0.62.2\flexmark-ext-gfm-issues-0.62.2.jar;C:\Users\WINDOWS 10\.m2\repository\com\vladsch\flexmark\flexmark-ext-gfm-strikethrough\0.62.2\flexmark-ext-gfm-strikethrough-0.62.2.jar;C:\Users\WINDOWS 10\.m2\repository\com\vladsch\flexmark\flexmark-ext-gfm-tasklist\0.62.2\flexmark-ext-gfm-tasklist-0.62.2.jar;C:\Users\WINDOWS 10\.m2\repository\com\vladsch\flexmark\flexmark-ext-gfm-users\0.62.2\flexmark-ext-gfm-users-0.62.2.jar;C:\Users\WINDOWS 10\.m2\repository\com\vladsch\flexmark\flexmark-ext-gitlab\0.62.2\flexmark-ext-gitlab-0.62.2.jar;C:\Users\WINDOWS 10\.m2\repository\com\vladsch\flexmark\flexmark-ext-jekyll-front-matter\0.62.2\flexmark-ext-jekyll-front-matter-0.62.2.jar;C:\Users\WINDOWS 10\.m2\repository\com\vladsch\flexmark\flexmark-ext-jekyll-tag\0.62.2\flexmark-ext-jekyll-tag-0.62.2.jar;C:\Users\WINDOWS 10\.m2\repository\com\vladsch\flexmark\flexmark-ext-media-tags\0.62.2\flexmark-ext-media-tags-0.62.2.jar;C:\Users\WINDOWS 10\.m2\repository\com\vladsch\flexmark\flexmark-ext-macros\0.62.2\flexmark-ext-macros-0.62.2.jar;C:\Users\WINDOWS 10\.m2\repository\com\vladsch\flexmark\flexmark-ext-ins\0.62.2\flexmark-ext-ins-0.62.2.jar;C:\Users\WINDOWS 10\.m2\repository\com\vladsch\flexmark\flexmark-ext-xwiki-macros\0.62.2\flexmark-ext-xwiki-macros-0.62.2.jar;C:\Users\WINDOWS 10\.m2\repository\com\vladsch\flexmark\flexmark-ext-superscript\0.62.2\flexmark-ext-superscript-0.62.2.jar;C:\Users\WINDOWS 10\.m2\repository\com\vladsch\flexmark\flexmark-ext-tables\0.62.2\flexmark-ext-tables-0.62.2.jar;C:\Users\WINDOWS 10\.m2\repository\com\vladsch\flexmark\flexmark-ext-toc\0.62.2\flexmark-ext-toc-0.62.2.jar;C:\Users\WINDOWS 10\.m2\repository\com\vladsch\flexmark\flexmark-ext-typographic\0.62.2\flexmark-ext-typographic-0.62.2.jar;C:\Users\WINDOWS 10\.m2\repository\com\vladsch\flexmark\flexmark-ext-wikilink\0.62.2\flexmark-ext-wikilink-0.62.2.jar;C:\Users\WINDOWS 10\.m2\repository\com\vladsch\flexmark\flexmark-ext-yaml-front-matter\0.62.2\flexmark-ext-yaml-front-matter-0.62.2.jar;C:\Users\WINDOWS 10\.m2\repository\com\vladsch\flexmark\flexmark-ext-youtube-embedded\0.62.2\flexmark-ext-youtube-embedded-0.62.2.jar;C:\Users\WINDOWS 10\.m2\repository\com\vladsch\flexmark\flexmark-html2md-converter\0.62.2\flexmark-html2md-converter-0.62.2.jar;C:\Users\WINDOWS 10\.m2\repository\com\vladsch\flexmark\flexmark-jira-converter\0.62.2\flexmark-jira-converter-0.62.2.jar;C:\Users\WINDOWS 10\.m2\repository\com\vladsch\flexmark\flexmark-pdf-converter\0.62.2\flexmark-pdf-converter-0.62.2.jar;C:\Users\WINDOWS 10\.m2\repository\com\openhtmltopdf\openhtmltopdf-core\1.0.0\openhtmltopdf-core-1.0.0.jar;C:\Users\WINDOWS 10\.m2\repository\com\openhtmltopdf\openhtmltopdf-pdfbox\1.0.0\openhtmltopdf-pdfbox-1.0.0.jar;C:\Users\WINDOWS 10\.m2\repository\org\apache\pdfbox\pdfbox\2.0.16\pdfbox-2.0.16.jar;C:\Users\WINDOWS 10\.m2\repository\org\apache\pdfbox\fontbox\2.0.16\fontbox-2.0.16.jar;C:\Users\WINDOWS 10\.m2\repository\org\apache\pdfbox\xmpbox\2.0.16\xmpbox-2.0.16.jar;C:\Users\WINDOWS 10\.m2\repository\de\rototor\pdfbox\graphics2d\0.24\graphics2d-0.24.jar;C:\Users\WINDOWS 10\.m2\repository\com\openhtmltopdf\openhtmltopdf-rtl-support\1.0.0\openhtmltopdf-rtl-support-1.0.0.jar;C:\Users\WINDOWS 10\.m2\repository\com\openhtmltopdf\openhtmltopdf-jsoup-dom-converter\1.0.0\openhtmltopdf-jsoup-dom-converter-1.0.0.jar;C:\Users\WINDOWS 10\.m2\repository\com\vladsch\flexmark\flexmark-profile-pegdown\0.62.2\flexmark-profile-pegdown-0.62.2.jar;C:\Users\WINDOWS 10\.m2\repository\com\vladsch\flexmark\flexmark-util-ast\0.62.2\flexmark-util-ast-0.62.2.jar;C:\Users\WINDOWS 10\.m2\repository\com\vladsch\flexmark\flexmark-util-builder\0.62.2\flexmark-util-builder-0.62.2.jar;C:\Users\WINDOWS 10\.m2\repository\com\vladsch\flexmark\flexmark-util-collection\0.62.2\flexmark-util-collection-0.62.2.jar;C:\Users\WINDOWS 10\.m2\repository\com\vladsch\flexmark\flexmark-util-data\0.62.2\flexmark-util-data-0.62.2.jar;C:\Users\WINDOWS 10\.m2\repository\com\vladsch\flexmark\flexmark-util-dependency\0.62.2\flexmark-util-dependency-0.62.2.jar;C:\Users\WINDOWS 10\.m2\repository\com\vladsch\flexmark\flexmark-util-format\0.62.2\flexmark-util-format-0.62.2.jar;C:\Users\WINDOWS 10\.m2\repository\com\vladsch\flexmark\flexmark-util-html\0.62.2\flexmark-util-html-0.62.2.jar;C:\Users\WINDOWS 10\.m2\repository\com\vladsch\flexmark\flexmark-util-misc\0.62.2\flexmark-util-misc-0.62.2.jar;C:\Users\WINDOWS 10\.m2\repository\com\vladsch\flexmark\flexmark-util-options\0.62.2\flexmark-util-options-0.62.2.jar;C:\Users\WINDOWS 10\.m2\repository\com\vladsch\flexmark\flexmark-util-sequence\0.62.2\flexmark-util-sequence-0.62.2.jar;C:\Users\WINDOWS 10\.m2\repository\com\vladsch\flexmark\flexmark-util-visitor\0.62.2\flexmark-util-visitor-0.62.2.jar;C:\Users\WINDOWS 10\.m2\repository\com\vladsch\flexmark\flexmark-youtrack-converter\0.62.2\flexmark-youtrack-converter-0.62.2.jar;C:\Users\WINDOWS 10\.m2\repository\com\ibm\icu\icu4j\72.1\icu4j-72.1.jar;C:\Users\WINDOWS 10\.m2\repository\es\nitaur\markdown\txtmark\0.16\txtmark-0.16.jar;C:\Users\WINDOWS 10\.m2\repository\net\serenity-bdd\serenity-report-resources\3.6.21\serenity-report-resources-3.6.21.jar;C:\Users\WINDOWS 10\.m2\repository\com\google\code\gson\gson\2.10.1\gson-2.10.1.jar;C:\Users\WINDOWS 10\.m2\repository\com\fasterxml\jackson\core\jackson-core\2.15.0-rc1\jackson-core-2.15.0-rc1.jar;C:\Users\WINDOWS 10\.m2\repository\com\fasterxml\jackson\core\jackson-databind\2.15.0-rc1\jackson-databind-2.15.0-rc1.jar;C:\Users\WINDOWS 10\.m2\repository\com\fasterxml\jackson\core\jackson-annotations\2.15.0-rc1\jackson-annotations-2.15.0-rc1.jar;C:\Users\WINDOWS 10\.m2\repository\commons-codec\commons-codec\1.15\commons-codec-1.15.jar;C:\Users\WINDOWS 10\.m2\repository\commons-io\commons-io\2.11.0\commons-io-2.11.0.jar;C:\Users\WINDOWS 10\.m2\repository\org\apache\httpcomponents\httpclient\4.5.13\httpclient-4.5.13.jar;C:\Users\WINDOWS 10\.m2\repository\org\apache\httpcomponents\httpcore\4.4.13\httpcore-4.4.13.jar;C:\Users\WINDOWS 10\.m2\repository\commons-logging\commons-logging\1.2\commons-logging-1.2.jar;C:\Users\WINDOWS 10\.m2\repository\org\seleniumhq\selenium\selenium-java\4.8.1\selenium-java-4.8.1.jar;C:\Users\WINDOWS 10\.m2\repository\org\seleniumhq\selenium\selenium-devtools-v108\4.8.1\selenium-devtools-v108-4.8.1.jar;C:\Users\WINDOWS 10\.m2\repository\org\seleniumhq\selenium\selenium-devtools-v109\4.8.1\selenium-devtools-v109-4.8.1.jar;C:\Users\WINDOWS 10\.m2\repository\org\seleniumhq\selenium\selenium-devtools-v110\4.8.1\selenium-devtools-v110-4.8.1.jar;C:\Users\WINDOWS 10\.m2\repository\org\seleniumhq\selenium\selenium-devtools-v85\4.8.1\selenium-devtools-v85-4.8.1.jar;C:\Users\WINDOWS 10\.m2\repository\org\seleniumhq\selenium\selenium-remote-driver\4.8.1\selenium-remote-driver-4.8.1.jar;C:\Users\WINDOWS 10\.m2\repository\com\beust\jcommander\1.82\jcommander-1.82.jar;C:\Users\WINDOWS 10\.m2\repository\io\netty\netty-buffer\4.1.87.Final\netty-buffer-4.1.87.Final.jar;C:\Users\WINDOWS 10\.m2\repository\io\netty\netty-codec-http\4.1.87.Final\netty-codec-http-4.1.87.Final.jar;C:\Users\WINDOWS 10\.m2\repository\io\netty\netty-codec\4.1.87.Final\netty-codec-4.1.87.Final.jar;C:\Users\WINDOWS 10\.m2\repository\io\netty\netty-handler\4.1.87.Final\netty-handler-4.1.87.Final.jar;C:\Users\WINDOWS 10\.m2\repository\io\netty\netty-common\4.1.87.Final\netty-common-4.1.87.Final.jar;C:\Users\WINDOWS 10\.m2\repository\io\netty\netty-transport-classes-epoll\4.1.87.Final\netty-transport-classes-epoll-4.1.87.Final.jar;C:\Users\WINDOWS 10\.m2\repository\io\netty\netty-transport-classes-kqueue\4.1.87.Final\netty-transport-classes-kqueue-4.1.87.Final.jar;C:\Users\WINDOWS 10\.m2\repository\io\netty\netty-transport-native-epoll\4.1.87.Final\netty-transport-native-epoll-4.1.87.Final.jar;C:\Users\WINDOWS 10\.m2\repository\io\netty\netty-transport-native-kqueue\4.1.87.Final\netty-transport-native-kqueue-4.1.87.Final.jar;C:\Users\WINDOWS 10\.m2\repository\io\netty\netty-transport-native-unix-common\4.1.87.Final\netty-transport-native-unix-common-4.1.87.Final.jar;C:\Users\WINDOWS 10\.m2\repository\io\netty\netty-transport\4.1.87.Final\netty-transport-4.1.87.Final.jar;C:\Users\WINDOWS 10\.m2\repository\io\netty\netty-resolver\4.1.87.Final\netty-resolver-4.1.87.Final.jar;C:\Users\WINDOWS 10\.m2\repository\io\opentelemetry\opentelemetry-api\1.22.0\opentelemetry-api-1.22.0.jar;C:\Users\WINDOWS 10\.m2\repository\io\opentelemetry\opentelemetry-context\1.22.0\opentelemetry-context-1.22.0.jar;C:\Users\WINDOWS 10\.m2\repository\io\opentelemetry\opentelemetry-exporter-logging\1.22.0\opentelemetry-exporter-logging-1.22.0.jar;C:\Users\WINDOWS 10\.m2\repository\io\opentelemetry\opentelemetry-sdk-metrics\1.22.0\opentelemetry-sdk-metrics-1.22.0.jar;C:\Users\WINDOWS 10\.m2\repository\io\opentelemetry\opentelemetry-sdk-logs\1.22.0-alpha\opentelemetry-sdk-logs-1.22.0-alpha.jar;C:\Users\WINDOWS 10\.m2\repository\io\opentelemetry\opentelemetry-api-logs\1.22.0-alpha\opentelemetry-api-logs-1.22.0-alpha.jar;C:\Users\WINDOWS 10\.m2\repository\io\opentelemetry\opentelemetry-sdk-common\1.22.0\opentelemetry-sdk-common-1.22.0.jar;C:\Users\WINDOWS 10\.m2\repository\io\opentelemetry\opentelemetry-sdk-extension-autoconfigure-spi\1.22.0\opentelemetry-sdk-extension-autoconfigure-spi-1.22.0.jar;C:\Users\WINDOWS 10\.m2\repository\io\opentelemetry\opentelemetry-sdk-extension-autoconfigure\1.22.0-alpha\opentelemetry-sdk-extension-autoconfigure-1.22.0-alpha.jar;C:\Users\WINDOWS 10\.m2\repository\io\opentelemetry\opentelemetry-sdk-trace\1.22.0\opentelemetry-sdk-trace-1.22.0.jar;C:\Users\WINDOWS 10\.m2\repository\io\opentelemetry\opentelemetry-sdk\1.22.0\opentelemetry-sdk-1.22.0.jar;C:\Users\WINDOWS 10\.m2\repository\io\opentelemetry\opentelemetry-semconv\1.22.0-alpha\opentelemetry-semconv-1.22.0-alpha.jar;C:\Users\WINDOWS 10\.m2\repository\io\ous\jtoml\2.0.0\jtoml-2.0.0.jar;C:\Users\WINDOWS 10\.m2\repository\org\apache\commons\commons-exec\1.3\commons-exec-1.3.jar;C:\Users\WINDOWS 10\.m2\repository\org\asynchttpclient\async-http-client\2.12.3\async-http-client-2.12.3.jar;C:\Users\WINDOWS 10\.m2\repository\org\asynchttpclient\async-http-client-netty-utils\2.12.3\async-http-client-netty-utils-2.12.3.jar;C:\Users\WINDOWS 10\.m2\repository\io\netty\netty-codec-socks\4.1.60.Final\netty-codec-socks-4.1.60.Final.jar;C:\Users\WINDOWS 10\.m2\repository\io\netty\netty-handler-proxy\4.1.60.Final\netty-handler-proxy-4.1.60.Final.jar;C:\Users\WINDOWS 10\.m2\repository\io\netty\netty-transport-native-epoll\4.1.60.Final\netty-transport-native-epoll-4.1.60.Final-linux-x86_64.jar;C:\Users\WINDOWS 10\.m2\repository\io\netty\netty-transport-native-kqueue\4.1.60.Final\netty-transport-native-kqueue-4.1.60.Final-osx-x86_64.jar;C:\Users\WINDOWS 10\.m2\repository\org\reactivestreams\reactive-streams\1.0.3\reactive-streams-1.0.3.jar;C:\Users\WINDOWS 10\.m2\repository\com\typesafe\netty\netty-reactive-streams\2.0.4\netty-reactive-streams-2.0.4.jar;C:\Users\WINDOWS 10\.m2\repository\org\seleniumhq\selenium\selenium-manager\4.8.1\selenium-manager-4.8.1.jar;C:\Users\WINDOWS 10\.m2\repository\org\seleniumhq\selenium\selenium-safari-driver\4.8.1\selenium-safari-driver-4.8.1.jar;C:\Users\WINDOWS 10\.m2\repository\org\seleniumhq\selenium\selenium-api\4.8.1\selenium-api-4.8.1.jar;C:\Users\WINDOWS 10\.m2\repository\org\seleniumhq\selenium\selenium-support\4.8.1\selenium-support-4.8.1.jar;C:\Users\WINDOWS 10\.m2\repository\com\google\auto\service\auto-service-annotations\1.0.1\auto-service-annotations-1.0.1.jar;C:\Users\WINDOWS 10\.m2\repository\com\google\auto\service\auto-service\1.0.1\auto-service-1.0.1.jar;C:\Users\WINDOWS 10\.m2\repository\com\google\auto\auto-common\1.2\auto-common-1.2.jar;C:\Users\WINDOWS 10\.m2\repository\org\seleniumhq\selenium\selenium-json\4.8.1\selenium-json-4.8.1.jar;C:\Users\WINDOWS 10\.m2\repository\org\seleniumhq\selenium\selenium-chrome-driver\4.8.1\selenium-chrome-driver-4.8.1.jar;C:\Users\WINDOWS 10\.m2\repository\org\seleniumhq\selenium\selenium-chromium-driver\4.8.1\selenium-chromium-driver-4.8.1.jar;C:\Users\WINDOWS 10\.m2\repository\org\seleniumhq\selenium\selenium-firefox-driver\4.8.1\selenium-firefox-driver-4.8.1.jar;C:\Users\WINDOWS 10\.m2\repository\org\seleniumhq\selenium\selenium-http\4.8.1\selenium-http-4.8.1.jar;C:\Users\WINDOWS 10\.m2\repository\dev\failsafe\failsafe\3.3.0\failsafe-3.3.0.jar;C:\Users\WINDOWS 10\.m2\repository\org\seleniumhq\selenium\selenium-edge-driver\4.8.1\selenium-edge-driver-4.8.1.jar;C:\Users\WINDOWS 10\.m2\repository\org\seleniumhq\selenium\selenium-ie-driver\4.8.1\selenium-ie-driver-4.8.1.jar;C:\Users\WINDOWS 10\.m2\repository\org\projectlombok\lombok\1.18.20\lombok-1.18.20.jar;C:\Users\WINDOWS 10\.m2\repository\io\appium\java-client\8.3.0\java-client-8.3.0.jar;C:\Users\WINDOWS 10\.m2\repository\commons-validator\commons-validator\1.7\commons-validator-1.7.jar;C:\Users\WINDOWS 10\.m2\repository\commons-digester\commons-digester\2.1\commons-digester-2.1.jar;C:\Users\WINDOWS 10\.m2\repository\org\apache\groovy\groovy\4.0.10\groovy-4.0.10.jar;C:\Users\WINDOWS 10\.m2\repository\net\sf\opencsv\opencsv\2.0\opencsv-2.0.jar;C:\Users\WINDOWS 10\.m2\repository\commons-beanutils\commons-beanutils\1.9.4\commons-beanutils-1.9.4.jar;C:\Users\WINDOWS 10\.m2\repository\org\apache\commons\commons-lang3\3.12.0\commons-lang3-3.12.0.jar;C:\Users\WINDOWS 10\.m2\repository\commons-collections\commons-collections\3.2.2\commons-collections-3.2.2.jar;C:\Users\WINDOWS 10\.m2\repository\org\fluentlenium\fluentlenium-core\0.10.2\fluentlenium-core-0.10.2.jar;C:\Users\WINDOWS 10\.m2\repository\io\github\bonigarcia\webdrivermanager\5.3.0\webdrivermanager-5.3.0.jar;C:\Users\WINDOWS 10\.m2\repository\com\github\docker-java\docker-java\3.2.13\docker-java-3.2.13.jar;C:\Users\WINDOWS 10\.m2\repository\com\github\docker-java\docker-java-core\3.2.13\docker-java-core-3.2.13.jar;C:\Users\WINDOWS 10\.m2\repository\com\github\docker-java\docker-java-api\3.2.13\docker-java-api-3.2.13.jar;C:\Users\WINDOWS 10\.m2\repository\org\apache\commons\commons-compress\1.21\commons-compress-1.21.jar;C:\Users\WINDOWS 10\.m2\repository\org\bouncycastle\bcpkix-jdk15on\1.64\bcpkix-jdk15on-1.64.jar;C:\Users\WINDOWS 10\.m2\repository\org\bouncycastle\bcprov-jdk15on\1.64\bcprov-jdk15on-1.64.jar;C:\Users\WINDOWS 10\.m2\repository\org\slf4j\jcl-over-slf4j\1.7.30\jcl-over-slf4j-1.7.30.jar;C:\Users\WINDOWS 10\.m2\repository\com\github\docker-java\docker-java-transport-httpclient5\3.2.13\docker-java-transport-httpclient5-3.2.13.jar;C:\Users\WINDOWS 10\.m2\repository\com\github\docker-java\docker-java-transport\3.2.13\docker-java-transport-3.2.13.jar;C:\Users\WINDOWS 10\.m2\repository\net\java\dev\jna\jna\5.8.0\jna-5.8.0.jar;C:\Users\WINDOWS 10\.m2\repository\org\brotli\dec\0.1.2\dec-0.1.2.jar;C:\Users\WINDOWS 10\.m2\repository\org\apache\httpcomponents\client5\httpclient5\5.1.3\httpclient5-5.1.3.jar;C:\Users\WINDOWS 10\.m2\repository\org\apache\httpcomponents\core5\httpcore5\5.1.3\httpcore5-5.1.3.jar;C:\Users\WINDOWS 10\.m2\repository\org\apache\httpcomponents\core5\httpcore5-h2\5.1.3\httpcore5-h2-5.1.3.jar;C:\Users\WINDOWS 10\.m2\repository\com\jhlabs\filters\2.0.235\filters-2.0.235.jar;C:\Users\WINDOWS 10\.m2\repository\com\paulhammant\ngwebdriver\1.1.6\ngwebdriver-1.1.6.jar;C:\Users\WINDOWS 10\.m2\repository\joda-time\joda-time\2.12.2\joda-time-2.12.2.jar;C:\Users\WINDOWS 10\.m2\repository\org\hamcrest\hamcrest\2.2\hamcrest-2.2.jar;C:\Users\WINDOWS 10\.m2\repository\com\google\jimfs\jimfs\1.2\jimfs-1.2.jar;C:\Users\WINDOWS 10\.m2\repository\org\mockito\mockito-core\3.3.3\mockito-core-3.3.3.jar;C:\Users\WINDOWS 10\.m2\repository\javax\xml\bind\jaxb-api\2.3.1\jaxb-api-2.3.1.jar;C:\Users\WINDOWS 10\.m2\repository\javax\activation\javax.activation-api\1.2.0\javax.activation-api-1.2.0.jar;C:\Users\WINDOWS 10\.m2\repository\com\sun\xml\bind\jaxb-core\2.3.0.1\jaxb-core-2.3.0.1.jar;C:\Users\WINDOWS 10\.m2\repository\com\sun\xml\bind\jaxb-impl\2.3.3\jaxb-impl-2.3.3.jar;C:\Users\WINDOWS 10\.m2\repository\jakarta\xml\bind\jakarta.xml.bind-api\2.3.3\jakarta.xml.bind-api-2.3.3.jar;C:\Users\WINDOWS 10\.m2\repository\com\sun\activation\jakarta.activation\1.2.2\jakarta.activation-1.2.2.jar;C:\Users\WINDOWS 10\.m2\repository\javax\activation\activation\1.1.1\activation-1.1.1.jar;C:\Users\WINDOWS 10\.m2\repository\net\serenity-bdd\serenity-cucumber\3.6.21\serenity-cucumber-3.6.21.jar;C:\Users\WINDOWS 10\.m2\repository\io\cucumber\cucumber-core\7.11.0\cucumber-core-7.11.0.jar;C:\Users\WINDOWS 10\.m2\repository\io\cucumber\cucumber-gherkin\7.11.0\cucumber-gherkin-7.11.0.jar;C:\Users\WINDOWS 10\.m2\repository\io\cucumber\cucumber-gherkin-messages\7.11.0\cucumber-gherkin-messages-7.11.0.jar;C:\Users\WINDOWS 10\.m2\repository\io\cucumber\gherkin\26.0.3\gherkin-26.0.3.jar;C:\Users\WINDOWS 10\.m2\repository\io\cucumber\messages\21.0.1\messages-21.0.1.jar;C:\Users\WINDOWS 10\.m2\repository\io\cucumber\tag-expressions\5.0.1\tag-expressions-5.0.1.jar;C:\Users\WINDOWS 10\.m2\repository\io\cucumber\cucumber-expressions\16.1.1\cucumber-expressions-16.1.1.jar;C:\Users\WINDOWS 10\.m2\repository\io\cucumber\datatable\7.11.0\datatable-7.11.0.jar;C:\Users\WINDOWS 10\.m2\repository\io\cucumber\cucumber-plugin\7.11.0\cucumber-plugin-7.11.0.jar;C:\Users\WINDOWS 10\.m2\repository\io\cucumber\docstring\7.11.0\docstring-7.11.0.jar;C:\Users\WINDOWS 10\.m2\repository\io\cucumber\html-formatter\20.2.1\html-formatter-20.2.1.jar;C:\Users\WINDOWS 10\.m2\repository\io\cucumber\junit-xml-formatter\0.1.0\junit-xml-formatter-0.1.0.jar;C:\Users\WINDOWS 10\.m2\repository\io\cucumber\ci-environment\9.1.0\ci-environment-9.1.0.jar;C:\Users\WINDOWS 10\.m2\repository\io\cucumber\cucumber-java\7.11.0\cucumber-java-7.11.0.jar;C:\Users\WINDOWS 10\.m2\repository\io\cucumber\cucumber-junit\7.11.0\cucumber-junit-7.11.0.jar;C:\Users\WINDOWS 10\.m2\repository\org\apache\commons\commons-csv\1.5\commons-csv-1.5.jar;C:\Users\WINDOWS 10\.m2\repository\net\serenity-bdd\serenity-screenplay\3.6.21\serenity-screenplay-3.6.21.jar;C:\Users\WINDOWS 10\.m2\repository\net\serenity-bdd\serenity-screenplay-webdriver\3.6.21\serenity-screenplay-webdriver-3.6.21.jar;C:\Users\WINDOWS 10\.m2\repository\net\serenity-bdd\serenity-ensure\3.6.21\serenity-ensure-3.6.21.jar;C:\Users\WINDOWS 10\.m2\repository\net\serenity-bdd\serenity-junit\3.6.21\serenity-junit-3.6.21.jar;C:\Users\WINDOWS 10\.m2\repository\org\jetbrains\kotlin\kotlin-stdlib\1.8.10\kotlin-stdlib-1.8.10.jar;C:\Users\WINDOWS 10\.m2\repository\org\jetbrains\kotlin\kotlin-stdlib-common\1.8.10\kotlin-stdlib-common-1.8.10.jar;C:\Users\WINDOWS 10\.m2\repository\org\jetbrains\annotations\13.0\annotations-13.0.jar;C:\Users\WINDOWS 10\.m2\repository\org\junit\platform\junit-platform-launcher\1.8.2\junit-platform-launcher-1.8.2.jar;C:\Users\WINDOWS 10\.m2\repository\org\junit\platform\junit-platform-engine\1.8.2\junit-platform-engine-1.8.2.jar;C:\Users\WINDOWS 10\.m2\repository\org\opentest4j\opentest4j\1.2.0\opentest4j-1.2.0.jar;C:\Users\WINDOWS 10\.m2\repository\org\junit\platform\junit-platform-commons\1.8.2\junit-platform-commons-1.8.2.jar;C:\Users\WINDOWS 10\.m2\repository\org\apiguardian\apiguardian-api\1.1.2\apiguardian-api-1.1.2.jar;C:\Users\WINDOWS 10\.m2\repository\org\junit\jupiter\junit-jupiter-engine\5.8.2\junit-jupiter-engine-5.8.2.jar;C:\Users\WINDOWS 10\.m2\repository\org\junit\jupiter\junit-jupiter-api\5.8.2\junit-jupiter-api-5.8.2.jar;C:\Users\WINDOWS 10\.m2\repository\org\junit\vintage\junit-vintage-engine\5.8.2\junit-vintage-engine-5.8.2.jar;C:\Users\WINDOWS 10\.m2\repository\junit\junit\4.13.2\junit-4.13.2.jar;C:\Users\WINDOWS 10\.m2\repository\org\hamcrest\hamcrest-core\1.3\hamcrest-core-1.3.jar;C:\Users\WINDOWS 10\.m2\repository\ch\qos\logback\logback-classic\1.2.10\logback-classic-1.2.10.jar;C:\Users\WINDOWS 10\.m2\repository\ch\qos\logback\logback-core\1.2.10\logback-core-1.2.10.jar;C:\Users\WINDOWS 10\.m2\repository\org\slf4j\slf4j-api\1.7.32\slf4j-api-1.7.32.jar;C:\Users\WINDOWS 10\.m2\repository\org\assertj\assertj-core\3.23.1\assertj-core-3.23.1.jar;C:\Users\WINDOWS 10\.m2\repository\net\bytebuddy\byte-buddy\1.12.10\byte-buddy-1.12.10.jar;"/>
    <property name="java.vm.vendor" value="Oracle Corporation"/>
    <property name="sun.arch.data.model" value="64"/>
    <property name="user.variant" value=""/>
    <property name="java.vendor.url" value="https://java.oracle.com/"/>
    <property name="user.timezone" value="Asia/Bangkok"/>
    <property name="os.name" value="Windows 10"/>
    <property name="java.vm.specification.version" value="15"/>
    <property name="sun.java.launcher" value="SUN_STANDARD"/>
    <property name="user.country" value="US"/>
    <property name="sun.boot.library.path" value="C:\Program Files\Java\jdk-15\bin"/>
    <property name="sun.java.command" value="org.apache.maven.surefire.booter.ForkedBooter C:\Users\WINDOWS 10\AppData\Local\Temp\surefire3021284923372837105 2023-04-09T01-36-02_788-jvmRun1 surefire4199385739396769416tmp surefire_012782184875006302390tmp"/>
    <property name="jdk.debug" value="release"/>
    <property name="surefire.test.class.path" value="C:\Users\WINDOWS 10\Documents\GitHub\QE_Andira_Ms\11_Web_Programming_&amp;_Testing\Praktikum\Testing_with_Serenity\Prioritas2\alta\target\test-classes;C:\Users\WINDOWS 10\.m2\repository\net\serenity-bdd\serenity-core\3.6.21\serenity-core-3.6.21.jar;C:\Users\WINDOWS 10\.m2\repository\net\serenity-bdd\serenity-model\3.6.21\serenity-model-3.6.21.jar;C:\Users\WINDOWS 10\.m2\repository\org\apache\commons\commons-text\1.10.0\commons-text-1.10.0.jar;C:\Users\WINDOWS 10\.m2\repository\commons-net\commons-net\3.9.0\commons-net-3.9.0.jar;C:\Users\WINDOWS 10\.m2\repository\com\google\guava\guava\31.1-jre\guava-31.1-jre.jar;C:\Users\WINDOWS 10\.m2\repository\com\google\guava\failureaccess\1.0.1\failureaccess-1.0.1.jar;C:\Users\WINDOWS 10\.m2\repository\com\google\guava\listenablefuture\9999.0-empty-to-avoid-conflict-with-guava\listenablefuture-9999.0-empty-to-avoid-conflict-with-guava.jar;C:\Users\WINDOWS 10\.m2\repository\com\google\code\findbugs\jsr305\3.0.2\jsr305-3.0.2.jar;C:\Users\WINDOWS 10\.m2\repository\org\checkerframework\checker-qual\3.12.0\checker-qual-3.12.0.jar;C:\Users\WINDOWS 10\.m2\repository\com\google\errorprone\error_prone_annotations\2.11.0\error_prone_annotations-2.11.0.jar;C:\Users\WINDOWS 10\.m2\repository\com\google\j2objc\j2objc-annotations\1.3\j2objc-annotations-1.3.jar;C:\Users\WINDOWS 10\.m2\repository\com\google\inject\guice\5.1.0\guice-5.1.0.jar;C:\Users\WINDOWS 10\.m2\repository\javax\inject\javax.inject\1\javax.inject-1.jar;C:\Users\WINDOWS 10\.m2\repository\aopalliance\aopalliance\1.0\aopalliance-1.0.jar;C:\Users\WINDOWS 10\.m2\repository\org\jsoup\jsoup\1.14.3\jsoup-1.14.3.jar;C:\Users\WINDOWS 10\.m2\repository\com\thoughtworks\xstream\xstream\1.4.20\xstream-1.4.20.jar;C:\Users\WINDOWS 10\.m2\repository\io\github\x-stream\mxparser\1.2.2\mxparser-1.2.2.jar;C:\Users\WINDOWS 10\.m2\repository\xmlpull\xmlpull\1.1.3.1\xmlpull-1.1.3.1.jar;C:\Users\WINDOWS 10\.m2\repository\com\typesafe\config\1.4.2\config-1.4.2.jar;C:\Users\WINDOWS 10\.m2\repository\org\imgscalr\imgscalr-lib\4.2\imgscalr-lib-4.2.jar;C:\Users\WINDOWS 10\.m2\repository\org\awaitility\awaitility\4.2.0\awaitility-4.2.0.jar;C:\Users\WINDOWS 10\.m2\repository\org\freemarker\freemarker\2.3.31\freemarker-2.3.31.jar;C:\Users\WINDOWS 10\.m2\repository\io\github\classgraph\classgraph\4.8.138\classgraph-4.8.138.jar;C:\Users\WINDOWS 10\.m2\repository\net\sourceforge\jexcelapi\jxl\2.6.12\jxl-2.6.12.jar;C:\Users\WINDOWS 10\.m2\repository\net\bytebuddy\byte-buddy-agent\1.14.2\byte-buddy-agent-1.14.2.jar;C:\Users\WINDOWS 10\.m2\repository\org\objenesis\objenesis\3.3\objenesis-3.3.jar;C:\Users\WINDOWS 10\.m2\repository\net\serenity-bdd\serenity-reports\3.6.21\serenity-reports-3.6.21.jar;C:\Users\WINDOWS 10\.m2\repository\net\serenity-bdd\serenity-stats\3.6.21\serenity-stats-3.6.21.jar;C:\Users\WINDOWS 10\.m2\repository\net\serenity-bdd\serenity-reports-configuration\3.6.21\serenity-reports-configuration-3.6.21.jar;C:\Users\WINDOWS 10\.m2\repository\com\vladsch\flexmark\flexmark-all\0.62.2\flexmark-all-0.62.2.jar;C:\Users\WINDOWS 10\.m2\repository\com\vladsch\flexmark\flexmark\0.62.2\flexmark-0.62.2.jar;C:\Users\WINDOWS 10\.m2\repository\com\vladsch\flexmark\flexmark-ext-abbreviation\0.62.2\flexmark-ext-abbreviation-0.62.2.jar;C:\Users\WINDOWS 10\.m2\repository\com\vladsch\flexmark\flexmark-util\0.62.2\flexmark-util-0.62.2.jar;C:\Users\WINDOWS 10\.m2\repository\com\vladsch\flexmark\flexmark-ext-admonition\0.62.2\flexmark-ext-admonition-0.62.2.jar;C:\Users\WINDOWS 10\.m2\repository\com\vladsch\flexmark\flexmark-ext-anchorlink\0.62.2\flexmark-ext-anchorlink-0.62.2.jar;C:\Users\WINDOWS 10\.m2\repository\com\vladsch\flexmark\flexmark-ext-aside\0.62.2\flexmark-ext-aside-0.62.2.jar;C:\Users\WINDOWS 10\.m2\repository\com\vladsch\flexmark\flexmark-ext-attributes\0.62.2\flexmark-ext-attributes-0.62.2.jar;C:\Users\WINDOWS 10\.m2\repository\com\vladsch\flexmark\flexmark-ext-autolink\0.62.2\flexmark-ext-autolink-0.62.2.jar;C:\Users\WINDOWS 10\.m2\repository\org\nibor\autolink\autolink\0.6.0\autolink-0.6.0.jar;C:\Users\WINDOWS 10\.m2\repository\com\vladsch\flexmark\flexmark-ext-definition\0.62.2\flexmark-ext-definition-0.62.2.jar;C:\Users\WINDOWS 10\.m2\repository\com\vladsch\flexmark\flexmark-ext-emoji\0.62.2\flexmark-ext-emoji-0.62.2.jar;C:\Users\WINDOWS 10\.m2\repository\com\vladsch\flexmark\flexmark-ext-enumerated-reference\0.62.2\flexmark-ext-enumerated-reference-0.62.2.jar;C:\Users\WINDOWS 10\.m2\repository\com\vladsch\flexmark\flexmark-ext-escaped-character\0.62.2\flexmark-ext-escaped-character-0.62.2.jar;C:\Users\WINDOWS 10\.m2\repository\com\vladsch\flexmark\flexmark-ext-footnotes\0.62.2\flexmark-ext-footnotes-0.62.2.jar;C:\Users\WINDOWS 10\.m2\repository\com\vladsch\flexmark\flexmark-ext-gfm-issues\0.62.2\flexmark-ext-gfm-issues-0.62.2.jar;C:\Users\WINDOWS 10\.m2\repository\com\vladsch\flexmark\flexmark-ext-gfm-strikethrough\0.62.2\flexmark-ext-gfm-strikethrough-0.62.2.jar;C:\Users\WINDOWS 10\.m2\repository\com\vladsch\flexmark\flexmark-ext-gfm-tasklist\0.62.2\flexmark-ext-gfm-tasklist-0.62.2.jar;C:\Users\WINDOWS 10\.m2\repository\com\vladsch\flexmark\flexmark-ext-gfm-users\0.62.2\flexmark-ext-gfm-users-0.62.2.jar;C:\Users\WINDOWS 10\.m2\repository\com\vladsch\flexmark\flexmark-ext-gitlab\0.62.2\flexmark-ext-gitlab-0.62.2.jar;C:\Users\WINDOWS 10\.m2\repository\com\vladsch\flexmark\flexmark-ext-jekyll-front-matter\0.62.2\flexmark-ext-jekyll-front-matter-0.62.2.jar;C:\Users\WINDOWS 10\.m2\repository\com\vladsch\flexmark\flexmark-ext-jekyll-tag\0.62.2\flexmark-ext-jekyll-tag-0.62.2.jar;C:\Users\WINDOWS 10\.m2\repository\com\vladsch\flexmark\flexmark-ext-media-tags\0.62.2\flexmark-ext-media-tags-0.62.2.jar;C:\Users\WINDOWS 10\.m2\repository\com\vladsch\flexmark\flexmark-ext-macros\0.62.2\flexmark-ext-macros-0.62.2.jar;C:\Users\WINDOWS 10\.m2\repository\com\vladsch\flexmark\flexmark-ext-ins\0.62.2\flexmark-ext-ins-0.62.2.jar;C:\Users\WINDOWS 10\.m2\repository\com\vladsch\flexmark\flexmark-ext-xwiki-macros\0.62.2\flexmark-ext-xwiki-macros-0.62.2.jar;C:\Users\WINDOWS 10\.m2\repository\com\vladsch\flexmark\flexmark-ext-superscript\0.62.2\flexmark-ext-superscript-0.62.2.jar;C:\Users\WINDOWS 10\.m2\repository\com\vladsch\flexmark\flexmark-ext-tables\0.62.2\flexmark-ext-tables-0.62.2.jar;C:\Users\WINDOWS 10\.m2\repository\com\vladsch\flexmark\flexmark-ext-toc\0.62.2\flexmark-ext-toc-0.62.2.jar;C:\Users\WINDOWS 10\.m2\repository\com\vladsch\flexmark\flexmark-ext-typographic\0.62.2\flexmark-ext-typographic-0.62.2.jar;C:\Users\WINDOWS 10\.m2\repository\com\vladsch\flexmark\flexmark-ext-wikilink\0.62.2\flexmark-ext-wikilink-0.62.2.jar;C:\Users\WINDOWS 10\.m2\repository\com\vladsch\flexmark\flexmark-ext-yaml-front-matter\0.62.2\flexmark-ext-yaml-front-matter-0.62.2.jar;C:\Users\WINDOWS 10\.m2\repository\com\vladsch\flexmark\flexmark-ext-youtube-embedded\0.62.2\flexmark-ext-youtube-embedded-0.62.2.jar;C:\Users\WINDOWS 10\.m2\repository\com\vladsch\flexmark\flexmark-html2md-converter\0.62.2\flexmark-html2md-converter-0.62.2.jar;C:\Users\WINDOWS 10\.m2\repository\com\vladsch\flexmark\flexmark-jira-converter\0.62.2\flexmark-jira-converter-0.62.2.jar;C:\Users\WINDOWS 10\.m2\repository\com\vladsch\flexmark\flexmark-pdf-converter\0.62.2\flexmark-pdf-converter-0.62.2.jar;C:\Users\WINDOWS 10\.m2\repository\com\openhtmltopdf\openhtmltopdf-core\1.0.0\openhtmltopdf-core-1.0.0.jar;C:\Users\WINDOWS 10\.m2\repository\com\openhtmltopdf\openhtmltopdf-pdfbox\1.0.0\openhtmltopdf-pdfbox-1.0.0.jar;C:\Users\WINDOWS 10\.m2\repository\org\apache\pdfbox\pdfbox\2.0.16\pdfbox-2.0.16.jar;C:\Users\WINDOWS 10\.m2\repository\org\apache\pdfbox\fontbox\2.0.16\fontbox-2.0.16.jar;C:\Users\WINDOWS 10\.m2\repository\org\apache\pdfbox\xmpbox\2.0.16\xmpbox-2.0.16.jar;C:\Users\WINDOWS 10\.m2\repository\de\rototor\pdfbox\graphics2d\0.24\graphics2d-0.24.jar;C:\Users\WINDOWS 10\.m2\repository\com\openhtmltopdf\openhtmltopdf-rtl-support\1.0.0\openhtmltopdf-rtl-support-1.0.0.jar;C:\Users\WINDOWS 10\.m2\repository\com\openhtmltopdf\openhtmltopdf-jsoup-dom-converter\1.0.0\openhtmltopdf-jsoup-dom-converter-1.0.0.jar;C:\Users\WINDOWS 10\.m2\repository\com\vladsch\flexmark\flexmark-profile-pegdown\0.62.2\flexmark-profile-pegdown-0.62.2.jar;C:\Users\WINDOWS 10\.m2\repository\com\vladsch\flexmark\flexmark-util-ast\0.62.2\flexmark-util-ast-0.62.2.jar;C:\Users\WINDOWS 10\.m2\repository\com\vladsch\flexmark\flexmark-util-builder\0.62.2\flexmark-util-builder-0.62.2.jar;C:\Users\WINDOWS 10\.m2\repository\com\vladsch\flexmark\flexmark-util-collection\0.62.2\flexmark-util-collection-0.62.2.jar;C:\Users\WINDOWS 10\.m2\repository\com\vladsch\flexmark\flexmark-util-data\0.62.2\flexmark-util-data-0.62.2.jar;C:\Users\WINDOWS 10\.m2\repository\com\vladsch\flexmark\flexmark-util-dependency\0.62.2\flexmark-util-dependency-0.62.2.jar;C:\Users\WINDOWS 10\.m2\repository\com\vladsch\flexmark\flexmark-util-format\0.62.2\flexmark-util-format-0.62.2.jar;C:\Users\WINDOWS 10\.m2\repository\com\vladsch\flexmark\flexmark-util-html\0.62.2\flexmark-util-html-0.62.2.jar;C:\Users\WINDOWS 10\.m2\repository\com\vladsch\flexmark\flexmark-util-misc\0.62.2\flexmark-util-misc-0.62.2.jar;C:\Users\WINDOWS 10\.m2\repository\com\vladsch\flexmark\flexmark-util-options\0.62.2\flexmark-util-options-0.62.2.jar;C:\Users\WINDOWS 10\.m2\repository\com\vladsch\flexmark\flexmark-util-sequence\0.62.2\flexmark-util-sequence-0.62.2.jar;C:\Users\WINDOWS 10\.m2\repository\com\vladsch\flexmark\flexmark-util-visitor\0.62.2\flexmark-util-visitor-0.62.2.jar;C:\Users\WINDOWS 10\.m2\repository\com\vladsch\flexmark\flexmark-youtrack-converter\0.62.2\flexmark-youtrack-converter-0.62.2.jar;C:\Users\WINDOWS 10\.m2\repository\com\ibm\icu\icu4j\72.1\icu4j-72.1.jar;C:\Users\WINDOWS 10\.m2\repository\es\nitaur\markdown\txtmark\0.16\txtmark-0.16.jar;C:\Users\WINDOWS 10\.m2\repository\net\serenity-bdd\serenity-report-resources\3.6.21\serenity-report-resources-3.6.21.jar;C:\Users\WINDOWS 10\.m2\repository\com\google\code\gson\gson\2.10.1\gson-2.10.1.jar;C:\Users\WINDOWS 10\.m2\repository\com\fasterxml\jackson\core\jackson-core\2.15.0-rc1\jackson-core-2.15.0-rc1.jar;C:\Users\WINDOWS 10\.m2\repository\com\fasterxml\jackson\core\jackson-databind\2.15.0-rc1\jackson-databind-2.15.0-rc1.jar;C:\Users\WINDOWS 10\.m2\repository\com\fasterxml\jackson\core\jackson-annotations\2.15.0-rc1\jackson-annotations-2.15.0-rc1.jar;C:\Users\WINDOWS 10\.m2\repository\commons-codec\commons-codec\1.15\commons-codec-1.15.jar;C:\Users\WINDOWS 10\.m2\repository\commons-io\commons-io\2.11.0\commons-io-2.11.0.jar;C:\Users\WINDOWS 10\.m2\repository\org\apache\httpcomponents\httpclient\4.5.13\httpclient-4.5.13.jar;C:\Users\WINDOWS 10\.m2\repository\org\apache\httpcomponents\httpcore\4.4.13\httpcore-4.4.13.jar;C:\Users\WINDOWS 10\.m2\repository\commons-logging\commons-logging\1.2\commons-logging-1.2.jar;C:\Users\WINDOWS 10\.m2\repository\org\seleniumhq\selenium\selenium-java\4.8.1\selenium-java-4.8.1.jar;C:\Users\WINDOWS 10\.m2\repository\org\seleniumhq\selenium\selenium-devtools-v108\4.8.1\selenium-devtools-v108-4.8.1.jar;C:\Users\WINDOWS 10\.m2\repository\org\seleniumhq\selenium\selenium-devtools-v109\4.8.1\selenium-devtools-v109-4.8.1.jar;C:\Users\WINDOWS 10\.m2\repository\org\seleniumhq\selenium\selenium-devtools-v110\4.8.1\selenium-devtools-v110-4.8.1.jar;C:\Users\WINDOWS 10\.m2\repository\org\seleniumhq\selenium\selenium-devtools-v85\4.8.1\selenium-devtools-v85-4.8.1.jar;C:\Users\WINDOWS 10\.m2\repository\org\seleniumhq\selenium\selenium-remote-driver\4.8.1\selenium-remote-driver-4.8.1.jar;C:\Users\WINDOWS 10\.m2\repository\com\beust\jcommander\1.82\jcommander-1.82.jar;C:\Users\WINDOWS 10\.m2\repository\io\netty\netty-buffer\4.1.87.Final\netty-buffer-4.1.87.Final.jar;C:\Users\WINDOWS 10\.m2\repository\io\netty\netty-codec-http\4.1.87.Final\netty-codec-http-4.1.87.Final.jar;C:\Users\WINDOWS 10\.m2\repository\io\netty\netty-codec\4.1.87.Final\netty-codec-4.1.87.Final.jar;C:\Users\WINDOWS 10\.m2\repository\io\netty\netty-handler\4.1.87.Final\netty-handler-4.1.87.Final.jar;C:\Users\WINDOWS 10\.m2\repository\io\netty\netty-common\4.1.87.Final\netty-common-4.1.87.Final.jar;C:\Users\WINDOWS 10\.m2\repository\io\netty\netty-transport-classes-epoll\4.1.87.Final\netty-transport-classes-epoll-4.1.87.Final.jar;C:\Users\WINDOWS 10\.m2\repository\io\netty\netty-transport-classes-kqueue\4.1.87.Final\netty-transport-classes-kqueue-4.1.87.Final.jar;C:\Users\WINDOWS 10\.m2\repository\io\netty\netty-transport-native-epoll\4.1.87.Final\netty-transport-native-epoll-4.1.87.Final.jar;C:\Users\WINDOWS 10\.m2\repository\io\netty\netty-transport-native-kqueue\4.1.87.Final\netty-transport-native-kqueue-4.1.87.Final.jar;C:\Users\WINDOWS 10\.m2\repository\io\netty\netty-transport-native-unix-common\4.1.87.Final\netty-transport-native-unix-common-4.1.87.Final.jar;C:\Users\WINDOWS 10\.m2\repository\io\netty\netty-transport\4.1.87.Final\netty-transport-4.1.87.Final.jar;C:\Users\WINDOWS 10\.m2\repository\io\netty\netty-resolver\4.1.87.Final\netty-resolver-4.1.87.Final.jar;C:\Users\WINDOWS 10\.m2\repository\io\opentelemetry\opentelemetry-api\1.22.0\opentelemetry-api-1.22.0.jar;C:\Users\WINDOWS 10\.m2\repository\io\opentelemetry\opentelemetry-context\1.22.0\opentelemetry-context-1.22.0.jar;C:\Users\WINDOWS 10\.m2\repository\io\opentelemetry\opentelemetry-exporter-logging\1.22.0\opentelemetry-exporter-logging-1.22.0.jar;C:\Users\WINDOWS 10\.m2\repository\io\opentelemetry\opentelemetry-sdk-metrics\1.22.0\opentelemetry-sdk-metrics-1.22.0.jar;C:\Users\WINDOWS 10\.m2\repository\io\opentelemetry\opentelemetry-sdk-logs\1.22.0-alpha\opentelemetry-sdk-logs-1.22.0-alpha.jar;C:\Users\WINDOWS 10\.m2\repository\io\opentelemetry\opentelemetry-api-logs\1.22.0-alpha\opentelemetry-api-logs-1.22.0-alpha.jar;C:\Users\WINDOWS 10\.m2\repository\io\opentelemetry\opentelemetry-sdk-common\1.22.0\opentelemetry-sdk-common-1.22.0.jar;C:\Users\WINDOWS 10\.m2\repository\io\opentelemetry\opentelemetry-sdk-extension-autoconfigure-spi\1.22.0\opentelemetry-sdk-extension-autoconfigure-spi-1.22.0.jar;C:\Users\WINDOWS 10\.m2\repository\io\opentelemetry\opentelemetry-sdk-extension-autoconfigure\1.22.0-alpha\opentelemetry-sdk-extension-autoconfigure-1.22.0-alpha.jar;C:\Users\WINDOWS 10\.m2\repository\io\opentelemetry\opentelemetry-sdk-trace\1.22.0\opentelemetry-sdk-trace-1.22.0.jar;C:\Users\WINDOWS 10\.m2\repository\io\opentelemetry\opentelemetry-sdk\1.22.0\opentelemetry-sdk-1.22.0.jar;C:\Users\WINDOWS 10\.m2\repository\io\opentelemetry\opentelemetry-semconv\1.22.0-alpha\opentelemetry-semconv-1.22.0-alpha.jar;C:\Users\WINDOWS 10\.m2\repository\io\ous\jtoml\2.0.0\jtoml-2.0.0.jar;C:\Users\WINDOWS 10\.m2\repository\org\apache\commons\commons-exec\1.3\commons-exec-1.3.jar;C:\Users\WINDOWS 10\.m2\repository\org\asynchttpclient\async-http-client\2.12.3\async-http-client-2.12.3.jar;C:\Users\WINDOWS 10\.m2\repository\org\asynchttpclient\async-http-client-netty-utils\2.12.3\async-http-client-netty-utils-2.12.3.jar;C:\Users\WINDOWS 10\.m2\repository\io\netty\netty-codec-socks\4.1.60.Final\netty-codec-socks-4.1.60.Final.jar;C:\Users\WINDOWS 10\.m2\repository\io\netty\netty-handler-proxy\4.1.60.Final\netty-handler-proxy-4.1.60.Final.jar;C:\Users\WINDOWS 10\.m2\repository\io\netty\netty-transport-native-epoll\4.1.60.Final\netty-transport-native-epoll-4.1.60.Final-linux-x86_64.jar;C:\Users\WINDOWS 10\.m2\repository\io\netty\netty-transport-native-kqueue\4.1.60.Final\netty-transport-native-kqueue-4.1.60.Final-osx-x86_64.jar;C:\Users\WINDOWS 10\.m2\repository\org\reactivestreams\reactive-streams\1.0.3\reactive-streams-1.0.3.jar;C:\Users\WINDOWS 10\.m2\repository\com\typesafe\netty\netty-reactive-streams\2.0.4\netty-reactive-streams-2.0.4.jar;C:\Users\WINDOWS 10\.m2\repository\org\seleniumhq\selenium\selenium-manager\4.8.1\selenium-manager-4.8.1.jar;C:\Users\WINDOWS 10\.m2\repository\org\seleniumhq\selenium\selenium-safari-driver\4.8.1\selenium-safari-driver-4.8.1.jar;C:\Users\WINDOWS 10\.m2\repository\org\seleniumhq\selenium\selenium-api\4.8.1\selenium-api-4.8.1.jar;C:\Users\WINDOWS 10\.m2\repository\org\seleniumhq\selenium\selenium-support\4.8.1\selenium-support-4.8.1.jar;C:\Users\WINDOWS 10\.m2\repository\com\google\auto\service\auto-service-annotations\1.0.1\auto-service-annotations-1.0.1.jar;C:\Users\WINDOWS 10\.m2\repository\com\google\auto\service\auto-service\1.0.1\auto-service-1.0.1.jar;C:\Users\WINDOWS 10\.m2\repository\com\google\auto\auto-common\1.2\auto-common-1.2.jar;C:\Users\WINDOWS 10\.m2\repository\org\seleniumhq\selenium\selenium-json\4.8.1\selenium-json-4.8.1.jar;C:\Users\WINDOWS 10\.m2\repository\org\seleniumhq\selenium\selenium-chrome-driver\4.8.1\selenium-chrome-driver-4.8.1.jar;C:\Users\WINDOWS 10\.m2\repository\org\seleniumhq\selenium\selenium-chromium-driver\4.8.1\selenium-chromium-driver-4.8.1.jar;C:\Users\WINDOWS 10\.m2\repository\org\seleniumhq\selenium\selenium-firefox-driver\4.8.1\selenium-firefox-driver-4.8.1.jar;C:\Users\WINDOWS 10\.m2\repository\org\seleniumhq\selenium\selenium-http\4.8.1\selenium-http-4.8.1.jar;C:\Users\WINDOWS 10\.m2\repository\dev\failsafe\failsafe\3.3.0\failsafe-3.3.0.jar;C:\Users\WINDOWS 10\.m2\repository\org\seleniumhq\selenium\selenium-edge-driver\4.8.1\selenium-edge-driver-4.8.1.jar;C:\Users\WINDOWS 10\.m2\repository\org\seleniumhq\selenium\selenium-ie-driver\4.8.1\selenium-ie-driver-4.8.1.jar;C:\Users\WINDOWS 10\.m2\repository\org\projectlombok\lombok\1.18.20\lombok-1.18.20.jar;C:\Users\WINDOWS 10\.m2\repository\io\appium\java-client\8.3.0\java-client-8.3.0.jar;C:\Users\WINDOWS 10\.m2\repository\commons-validator\commons-validator\1.7\commons-validator-1.7.jar;C:\Users\WINDOWS 10\.m2\repository\commons-digester\commons-digester\2.1\commons-digester-2.1.jar;C:\Users\WINDOWS 10\.m2\repository\org\apache\groovy\groovy\4.0.10\groovy-4.0.10.jar;C:\Users\WINDOWS 10\.m2\repository\net\sf\opencsv\opencsv\2.0\opencsv-2.0.jar;C:\Users\WINDOWS 10\.m2\repository\commons-beanutils\commons-beanutils\1.9.4\commons-beanutils-1.9.4.jar;C:\Users\WINDOWS 10\.m2\repository\org\apache\commons\commons-lang3\3.12.0\commons-lang3-3.12.0.jar;C:\Users\WINDOWS 10\.m2\repository\commons-collections\commons-collections\3.2.2\commons-collections-3.2.2.jar;C:\Users\WINDOWS 10\.m2\repository\org\fluentlenium\fluentlenium-core\0.10.2\fluentlenium-core-0.10.2.jar;C:\Users\WINDOWS 10\.m2\repository\io\github\bonigarcia\webdrivermanager\5.3.0\webdrivermanager-5.3.0.jar;C:\Users\WINDOWS 10\.m2\repository\com\github\docker-java\docker-java\3.2.13\docker-java-3.2.13.jar;C:\Users\WINDOWS 10\.m2\repository\com\github\docker-java\docker-java-core\3.2.13\docker-java-core-3.2.13.jar;C:\Users\WINDOWS 10\.m2\repository\com\github\docker-java\docker-java-api\3.2.13\docker-java-api-3.2.13.jar;C:\Users\WINDOWS 10\.m2\repository\org\apache\commons\commons-compress\1.21\commons-compress-1.21.jar;C:\Users\WINDOWS 10\.m2\repository\org\bouncycastle\bcpkix-jdk15on\1.64\bcpkix-jdk15on-1.64.jar;C:\Users\WINDOWS 10\.m2\repository\org\bouncycastle\bcprov-jdk15on\1.64\bcprov-jdk15on-1.64.jar;C:\Users\WINDOWS 10\.m2\repository\org\slf4j\jcl-over-slf4j\1.7.30\jcl-over-slf4j-1.7.30.jar;C:\Users\WINDOWS 10\.m2\repository\com\github\docker-java\docker-java-transport-httpclient5\3.2.13\docker-java-transport-httpclient5-3.2.13.jar;C:\Users\WINDOWS 10\.m2\repository\com\github\docker-java\docker-java-transport\3.2.13\docker-java-transport-3.2.13.jar;C:\Users\WINDOWS 10\.m2\repository\net\java\dev\jna\jna\5.8.0\jna-5.8.0.jar;C:\Users\WINDOWS 10\.m2\repository\org\brotli\dec\0.1.2\dec-0.1.2.jar;C:\Users\WINDOWS 10\.m2\repository\org\apache\httpcomponents\client5\httpclient5\5.1.3\httpclient5-5.1.3.jar;C:\Users\WINDOWS 10\.m2\repository\org\apache\httpcomponents\core5\httpcore5\5.1.3\httpcore5-5.1.3.jar;C:\Users\WINDOWS 10\.m2\repository\org\apache\httpcomponents\core5\httpcore5-h2\5.1.3\httpcore5-h2-5.1.3.jar;C:\Users\WINDOWS 10\.m2\repository\com\jhlabs\filters\2.0.235\filters-2.0.235.jar;C:\Users\WINDOWS 10\.m2\repository\com\paulhammant\ngwebdriver\1.1.6\ngwebdriver-1.1.6.jar;C:\Users\WINDOWS 10\.m2\repository\joda-time\joda-time\2.12.2\joda-time-2.12.2.jar;C:\Users\WINDOWS 10\.m2\repository\org\hamcrest\hamcrest\2.2\hamcrest-2.2.jar;C:\Users\WINDOWS 10\.m2\repository\com\google\jimfs\jimfs\1.2\jimfs-1.2.jar;C:\Users\WINDOWS 10\.m2\repository\org\mockito\mockito-core\3.3.3\mockito-core-3.3.3.jar;C:\Users\WINDOWS 10\.m2\repository\javax\xml\bind\jaxb-api\2.3.1\jaxb-api-2.3.1.jar;C:\Users\WINDOWS 10\.m2\repository\javax\activation\javax.activation-api\1.2.0\javax.activation-api-1.2.0.jar;C:\Users\WINDOWS 10\.m2\repository\com\sun\xml\bind\jaxb-core\2.3.0.1\jaxb-core-2.3.0.1.jar;C:\Users\WINDOWS 10\.m2\repository\com\sun\xml\bind\jaxb-impl\2.3.3\jaxb-impl-2.3.3.jar;C:\Users\WINDOWS 10\.m2\repository\jakarta\xml\bind\jakarta.xml.bind-api\2.3.3\jakarta.xml.bind-api-2.3.3.jar;C:\Users\WINDOWS 10\.m2\repository\com\sun\activation\jakarta.activation\1.2.2\jakarta.activation-1.2.2.jar;C:\Users\WINDOWS 10\.m2\repository\javax\activation\activation\1.1.1\activation-1.1.1.jar;C:\Users\WINDOWS 10\.m2\repository\net\serenity-bdd\serenity-cucumber\3.6.21\serenity-cucumber-3.6.21.jar;C:\Users\WINDOWS 10\.m2\repository\io\cucumber\cucumber-core\7.11.0\cucumber-core-7.11.0.jar;C:\Users\WINDOWS 10\.m2\repository\io\cucumber\cucumber-gherkin\7.11.0\cucumber-gherkin-7.11.0.jar;C:\Users\WINDOWS 10\.m2\repository\io\cucumber\cucumber-gherkin-messages\7.11.0\cucumber-gherkin-messages-7.11.0.jar;C:\Users\WINDOWS 10\.m2\repository\io\cucumber\gherkin\26.0.3\gherkin-26.0.3.jar;C:\Users\WINDOWS 10\.m2\repository\io\cucumber\messages\21.0.1\messages-21.0.1.jar;C:\Users\WINDOWS 10\.m2\repository\io\cucumber\tag-expressions\5.0.1\tag-expressions-5.0.1.jar;C:\Users\WINDOWS 10\.m2\repository\io\cucumber\cucumber-expressions\16.1.1\cucumber-expressions-16.1.1.jar;C:\Users\WINDOWS 10\.m2\repository\io\cucumber\datatable\7.11.0\datatable-7.11.0.jar;C:\Users\WINDOWS 10\.m2\repository\io\cucumber\cucumber-plugin\7.11.0\cucumber-plugin-7.11.0.jar;C:\Users\WINDOWS 10\.m2\repository\io\cucumber\docstring\7.11.0\docstring-7.11.0.jar;C:\Users\WINDOWS 10\.m2\repository\io\cucumber\html-formatter\20.2.1\html-formatter-20.2.1.jar;C:\Users\WINDOWS 10\.m2\repository\io\cucumber\junit-xml-formatter\0.1.0\junit-xml-formatter-0.1.0.jar;C:\Users\WINDOWS 10\.m2\repository\io\cucumber\ci-environment\9.1.0\ci-environment-9.1.0.jar;C:\Users\WINDOWS 10\.m2\repository\io\cucumber\cucumber-java\7.11.0\cucumber-java-7.11.0.jar;C:\Users\WINDOWS 10\.m2\repository\io\cucumber\cucumber-junit\7.11.0\cucumber-junit-7.11.0.jar;C:\Users\WINDOWS 10\.m2\repository\org\apache\commons\commons-csv\1.5\commons-csv-1.5.jar;C:\Users\WINDOWS 10\.m2\repository\net\serenity-bdd\serenity-screenplay\3.6.21\serenity-screenplay-3.6.21.jar;C:\Users\WINDOWS 10\.m2\repository\net\serenity-bdd\serenity-screenplay-webdriver\3.6.21\serenity-screenplay-webdriver-3.6.21.jar;C:\Users\WINDOWS 10\.m2\repository\net\serenity-bdd\serenity-ensure\3.6.21\serenity-ensure-3.6.21.jar;C:\Users\WINDOWS 10\.m2\repository\net\serenity-bdd\serenity-junit\3.6.21\serenity-junit-3.6.21.jar;C:\Users\WINDOWS 10\.m2\repository\org\jetbrains\kotlin\kotlin-stdlib\1.8.10\kotlin-stdlib-1.8.10.jar;C:\Users\WINDOWS 10\.m2\repository\org\jetbrains\kotlin\kotlin-stdlib-common\1.8.10\kotlin-stdlib-common-1.8.10.jar;C:\Users\WINDOWS 10\.m2\repository\org\jetbrains\annotations\13.0\annotations-13.0.jar;C:\Users\WINDOWS 10\.m2\repository\org\junit\platform\junit-platform-launcher\1.8.2\junit-platform-launcher-1.8.2.jar;C:\Users\WINDOWS 10\.m2\repository\org\junit\platform\junit-platform-engine\1.8.2\junit-platform-engine-1.8.2.jar;C:\Users\WINDOWS 10\.m2\repository\org\opentest4j\opentest4j\1.2.0\opentest4j-1.2.0.jar;C:\Users\WINDOWS 10\.m2\repository\org\junit\platform\junit-platform-commons\1.8.2\junit-platform-commons-1.8.2.jar;C:\Users\WINDOWS 10\.m2\repository\org\apiguardian\apiguardian-api\1.1.2\apiguardian-api-1.1.2.jar;C:\Users\WINDOWS 10\.m2\repository\org\junit\jupiter\junit-jupiter-engine\5.8.2\junit-jupiter-engine-5.8.2.jar;C:\Users\WINDOWS 10\.m2\repository\org\junit\jupiter\junit-jupiter-api\5.8.2\junit-jupiter-api-5.8.2.jar;C:\Users\WINDOWS 10\.m2\repository\org\junit\vintage\junit-vintage-engine\5.8.2\junit-vintage-engine-5.8.2.jar;C:\Users\WINDOWS 10\.m2\repository\junit\junit\4.13.2\junit-4.13.2.jar;C:\Users\WINDOWS 10\.m2\repository\org\hamcrest\hamcrest-core\1.3\hamcrest-core-1.3.jar;C:\Users\WINDOWS 10\.m2\repository\ch\qos\logback\logback-classic\1.2.10\logback-classic-1.2.10.jar;C:\Users\WINDOWS 10\.m2\repository\ch\qos\logback\logback-core\1.2.10\logback-core-1.2.10.jar;C:\Users\WINDOWS 10\.m2\repository\org\slf4j\slf4j-api\1.7.32\slf4j-api-1.7.32.jar;C:\Users\WINDOWS 10\.m2\repository\org\assertj\assertj-core\3.23.1\assertj-core-3.23.1.jar;C:\Users\WINDOWS 10\.m2\repository\net\bytebuddy\byte-buddy\1.12.10\byte-buddy-1.12.10.jar;"/>
    <property name="sun.cpu.endian" value="little"/>
    <property name="user.home" value="C:\Users\WINDOWS 10"/>
    <property name="user.language" value="en"/>
    <property name="java.specification.vendor" value="Oracle Corporation"/>
    <property name="jdk.module.path" value="C:\Users\WINDOWS 10\Documents\GitHub\QE_Andira_Ms\11_Web_Programming_&amp;_Testing\Praktikum\Testing_with_Serenity\Prioritas2\alta\target\alta-1.0-SNAPSHOT.jar"/>
    <property name="java.version.date" value="2020-09-15"/>
    <property name="java.home" value="C:\Program Files\Java\jdk-15"/>
    <property name="file.separator" value="\"/>
    <property name="basedir" value="C:\Users\WINDOWS 10\Documents\GitHub\QE_Andira_Ms\11_Web_Programming_&amp;_Testing\Praktikum\Testing_with_Serenity\Prioritas2\alta"/>
    <property name="java.vm.compressedOopsMode" value="Zero based"/>
    <property name="line.separator" value="&#10;"/>
    <property name="java.vm.specification.vendor" value="Oracle Corporation"/>
    <property name="java.specification.name" value="Java Platform API Specification"/>
    <property name="surefire.real.class.path" value="C:\Users\WINDOWS 10\.m2\repository\org\apache\maven\surefire\surefire-booter\3.0.0-M5\surefire-booter-3.0.0-M5.jar;C:\Users\WINDOWS 10\.m2\repository\org\apache\maven\surefire\surefire-api\3.0.0-M5\surefire-api-3.0.0-M5.jar;C:\Users\WINDOWS 10\.m2\repository\org\apache\maven\surefire\surefire-logger-api\3.0.0-M5\surefire-logger-api-3.0.0-M5.jar;C:\Users\WINDOWS 10\.m2\repository\org\apache\maven\surefire\surefire-shared-utils\3.0.0-M4\surefire-shared-utils-3.0.0-M4.jar;C:\Users\WINDOWS 10\.m2\repository\org\apache\maven\surefire\surefire-extensions-spi\3.0.0-M5\surefire-extensions-spi-3.0.0-M5.jar;C:\Users\WINDOWS 10\Documents\GitHub\QE_Andira_Ms\11_Web_Programming_&amp;_Testing\Praktikum\Testing_with_Serenity\Prioritas2\alta\target\test-classes;C:\Users\WINDOWS 10\.m2\repository\net\serenity-bdd\serenity-core\3.6.21\serenity-core-3.6.21.jar;C:\Users\WINDOWS 10\.m2\repository\net\serenity-bdd\serenity-model\3.6.21\serenity-model-3.6.21.jar;C:\Users\WINDOWS 10\.m2\repository\org\apache\commons\commons-text\1.10.0\commons-text-1.10.0.jar;C:\Users\WINDOWS 10\.m2\repository\commons-net\commons-net\3.9.0\commons-net-3.9.0.jar;C:\Users\WINDOWS 10\.m2\repository\com\google\guava\guava\31.1-jre\guava-31.1-jre.jar;C:\Users\WINDOWS 10\.m2\repository\com\google\guava\failureaccess\1.0.1\failureaccess-1.0.1.jar;C:\Users\WINDOWS 10\.m2\repository\com\google\guava\listenablefuture\9999.0-empty-to-avoid-conflict-with-guava\listenablefuture-9999.0-empty-to-avoid-conflict-with-guava.jar;C:\Users\WINDOWS 10\.m2\repository\com\google\code\findbugs\jsr305\3.0.2\jsr305-3.0.2.jar;C:\Users\WINDOWS 10\.m2\repository\org\checkerframework\checker-qual\3.12.0\checker-qual-3.12.0.jar;C:\Users\WINDOWS 10\.m2\repository\com\google\errorprone\error_prone_annotations\2.11.0\error_prone_annotations-2.11.0.jar;C:\Users\WINDOWS 10\.m2\repository\com\google\j2objc\j2objc-annotations\1.3\j2objc-annotations-1.3.jar;C:\Users\WINDOWS 10\.m2\repository\com\google\inject\guice\5.1.0\guice-5.1.0.jar;C:\Users\WINDOWS 10\.m2\repository\javax\inject\javax.inject\1\javax.inject-1.jar;C:\Users\WINDOWS 10\.m2\repository\aopalliance\aopalliance\1.0\aopalliance-1.0.jar;C:\Users\WINDOWS 10\.m2\repository\org\jsoup\jsoup\1.14.3\jsoup-1.14.3.jar;C:\Users\WINDOWS 10\.m2\repository\com\thoughtworks\xstream\xstream\1.4.20\xstream-1.4.20.jar;C:\Users\WINDOWS 10\.m2\repository\io\github\x-stream\mxparser\1.2.2\mxparser-1.2.2.jar;C:\Users\WINDOWS 10\.m2\repository\xmlpull\xmlpull\1.1.3.1\xmlpull-1.1.3.1.jar;C:\Users\WINDOWS 10\.m2\repository\com\typesafe\config\1.4.2\config-1.4.2.jar;C:\Users\WINDOWS 10\.m2\repository\org\imgscalr\imgscalr-lib\4.2\imgscalr-lib-4.2.jar;C:\Users\WINDOWS 10\.m2\repository\org\awaitility\awaitility\4.2.0\awaitility-4.2.0.jar;C:\Users\WINDOWS 10\.m2\repository\org\freemarker\freemarker\2.3.31\freemarker-2.3.31.jar;C:\Users\WINDOWS 10\.m2\repository\io\github\classgraph\classgraph\4.8.138\classgraph-4.8.138.jar;C:\Users\WINDOWS 10\.m2\repository\net\sourceforge\jexcelapi\jxl\2.6.12\jxl-2.6.12.jar;C:\Users\WINDOWS 10\.m2\repository\net\bytebuddy\byte-buddy-agent\1.14.2\byte-buddy-agent-1.14.2.jar;C:\Users\WINDOWS 10\.m2\repository\org\objenesis\objenesis\3.3\objenesis-3.3.jar;C:\Users\WINDOWS 10\.m2\repository\net\serenity-bdd\serenity-reports\3.6.21\serenity-reports-3.6.21.jar;C:\Users\WINDOWS 10\.m2\repository\net\serenity-bdd\serenity-stats\3.6.21\serenity-stats-3.6.21.jar;C:\Users\WINDOWS 10\.m2\repository\net\serenity-bdd\serenity-reports-configuration\3.6.21\serenity-reports-configuration-3.6.21.jar;C:\Users\WINDOWS 10\.m2\repository\com\vladsch\flexmark\flexmark-all\0.62.2\flexmark-all-0.62.2.jar;C:\Users\WINDOWS 10\.m2\repository\com\vladsch\flexmark\flexmark\0.62.2\flexmark-0.62.2.jar;C:\Users\WINDOWS 10\.m2\repository\com\vladsch\flexmark\flexmark-ext-abbreviation\0.62.2\flexmark-ext-abbreviation-0.62.2.jar;C:\Users\WINDOWS 10\.m2\repository\com\vladsch\flexmark\flexmark-util\0.62.2\flexmark-util-0.62.2.jar;C:\Users\WINDOWS 10\.m2\repository\com\vladsch\flexmark\flexmark-ext-admonition\0.62.2\flexmark-ext-admonition-0.62.2.jar;C:\Users\WINDOWS 10\.m2\repository\com\vladsch\flexmark\flexmark-ext-anchorlink\0.62.2\flexmark-ext-anchorlink-0.62.2.jar;C:\Users\WINDOWS 10\.m2\repository\com\vladsch\flexmark\flexmark-ext-aside\0.62.2\flexmark-ext-aside-0.62.2.jar;C:\Users\WINDOWS 10\.m2\repository\com\vladsch\flexmark\flexmark-ext-attributes\0.62.2\flexmark-ext-attributes-0.62.2.jar;C:\Users\WINDOWS 10\.m2\repository\com\vladsch\flexmark\flexmark-ext-autolink\0.62.2\flexmark-ext-autolink-0.62.2.jar;C:\Users\WINDOWS 10\.m2\repository\org\nibor\autolink\autolink\0.6.0\autolink-0.6.0.jar;C:\Users\WINDOWS 10\.m2\repository\com\vladsch\flexmark\flexmark-ext-definition\0.62.2\flexmark-ext-definition-0.62.2.jar;C:\Users\WINDOWS 10\.m2\repository\com\vladsch\flexmark\flexmark-ext-emoji\0.62.2\flexmark-ext-emoji-0.62.2.jar;C:\Users\WINDOWS 10\.m2\repository\com\vladsch\flexmark\flexmark-ext-enumerated-reference\0.62.2\flexmark-ext-enumerated-reference-0.62.2.jar;C:\Users\WINDOWS 10\.m2\repository\com\vladsch\flexmark\flexmark-ext-escaped-character\0.62.2\flexmark-ext-escaped-character-0.62.2.jar;C:\Users\WINDOWS 10\.m2\repository\com\vladsch\flexmark\flexmark-ext-footnotes\0.62.2\flexmark-ext-footnotes-0.62.2.jar;C:\Users\WINDOWS 10\.m2\repository\com\vladsch\flexmark\flexmark-ext-gfm-issues\0.62.2\flexmark-ext-gfm-issues-0.62.2.jar;C:\Users\WINDOWS 10\.m2\repository\com\vladsch\flexmark\flexmark-ext-gfm-strikethrough\0.62.2\flexmark-ext-gfm-strikethrough-0.62.2.jar;C:\Users\WINDOWS 10\.m2\repository\com\vladsch\flexmark\flexmark-ext-gfm-tasklist\0.62.2\flexmark-ext-gfm-tasklist-0.62.2.jar;C:\Users\WINDOWS 10\.m2\repository\com\vladsch\flexmark\flexmark-ext-gfm-users\0.62.2\flexmark-ext-gfm-users-0.62.2.jar;C:\Users\WINDOWS 10\.m2\repository\com\vladsch\flexmark\flexmark-ext-gitlab\0.62.2\flexmark-ext-gitlab-0.62.2.jar;C:\Users\WINDOWS 10\.m2\repository\com\vladsch\flexmark\flexmark-ext-jekyll-front-matter\0.62.2\flexmark-ext-jekyll-front-matter-0.62.2.jar;C:\Users\WINDOWS 10\.m2\repository\com\vladsch\flexmark\flexmark-ext-jekyll-tag\0.62.2\flexmark-ext-jekyll-tag-0.62.2.jar;C:\Users\WINDOWS 10\.m2\repository\com\vladsch\flexmark\flexmark-ext-media-tags\0.62.2\flexmark-ext-media-tags-0.62.2.jar;C:\Users\WINDOWS 10\.m2\repository\com\vladsch\flexmark\flexmark-ext-macros\0.62.2\flexmark-ext-macros-0.62.2.jar;C:\Users\WINDOWS 10\.m2\repository\com\vladsch\flexmark\flexmark-ext-ins\0.62.2\flexmark-ext-ins-0.62.2.jar;C:\Users\WINDOWS 10\.m2\repository\com\vladsch\flexmark\flexmark-ext-xwiki-macros\0.62.2\flexmark-ext-xwiki-macros-0.62.2.jar;C:\Users\WINDOWS 10\.m2\repository\com\vladsch\flexmark\flexmark-ext-superscript\0.62.2\flexmark-ext-superscript-0.62.2.jar;C:\Users\WINDOWS 10\.m2\repository\com\vladsch\flexmark\flexmark-ext-tables\0.62.2\flexmark-ext-tables-0.62.2.jar;C:\Users\WINDOWS 10\.m2\repository\com\vladsch\flexmark\flexmark-ext-toc\0.62.2\flexmark-ext-toc-0.62.2.jar;C:\Users\WINDOWS 10\.m2\repository\com\vladsch\flexmark\flexmark-ext-typographic\0.62.2\flexmark-ext-typographic-0.62.2.jar;C:\Users\WINDOWS 10\.m2\repository\com\vladsch\flexmark\flexmark-ext-wikilink\0.62.2\flexmark-ext-wikilink-0.62.2.jar;C:\Users\WINDOWS 10\.m2\repository\com\vladsch\flexmark\flexmark-ext-yaml-front-matter\0.62.2\flexmark-ext-yaml-front-matter-0.62.2.jar;C:\Users\WINDOWS 10\.m2\repository\com\vladsch\flexmark\flexmark-ext-youtube-embedded\0.62.2\flexmark-ext-youtube-embedded-0.62.2.jar;C:\Users\WINDOWS 10\.m2\repository\com\vladsch\flexmark\flexmark-html2md-converter\0.62.2\flexmark-html2md-converter-0.62.2.jar;C:\Users\WINDOWS 10\.m2\repository\com\vladsch\flexmark\flexmark-jira-converter\0.62.2\flexmark-jira-converter-0.62.2.jar;C:\Users\WINDOWS 10\.m2\repository\com\vladsch\flexmark\flexmark-pdf-converter\0.62.2\flexmark-pdf-converter-0.62.2.jar;C:\Users\WINDOWS 10\.m2\repository\com\openhtmltopdf\openhtmltopdf-core\1.0.0\openhtmltopdf-core-1.0.0.jar;C:\Users\WINDOWS 10\.m2\repository\com\openhtmltopdf\openhtmltopdf-pdfbox\1.0.0\openhtmltopdf-pdfbox-1.0.0.jar;C:\Users\WINDOWS 10\.m2\repository\org\apache\pdfbox\pdfbox\2.0.16\pdfbox-2.0.16.jar;C:\Users\WINDOWS 10\.m2\repository\org\apache\pdfbox\fontbox\2.0.16\fontbox-2.0.16.jar;C:\Users\WINDOWS 10\.m2\repository\org\apache\pdfbox\xmpbox\2.0.16\xmpbox-2.0.16.jar;C:\Users\WINDOWS 10\.m2\repository\de\rototor\pdfbox\graphics2d\0.24\graphics2d-0.24.jar;C:\Users\WINDOWS 10\.m2\repository\com\openhtmltopdf\openhtmltopdf-rtl-support\1.0.0\openhtmltopdf-rtl-support-1.0.0.jar;C:\Users\WINDOWS 10\.m2\repository\com\openhtmltopdf\openhtmltopdf-jsoup-dom-converter\1.0.0\openhtmltopdf-jsoup-dom-converter-1.0.0.jar;C:\Users\WINDOWS 10\.m2\repository\com\vladsch\flexmark\flexmark-profile-pegdown\0.62.2\flexmark-profile-pegdown-0.62.2.jar;C:\Users\WINDOWS 10\.m2\repository\com\vladsch\flexmark\flexmark-util-ast\0.62.2\flexmark-util-ast-0.62.2.jar;C:\Users\WINDOWS 10\.m2\repository\com\vladsch\flexmark\flexmark-util-builder\0.62.2\flexmark-util-builder-0.62.2.jar;C:\Users\WINDOWS 10\.m2\repository\com\vladsch\flexmark\flexmark-util-collection\0.62.2\flexmark-util-collection-0.62.2.jar;C:\Users\WINDOWS 10\.m2\repository\com\vladsch\flexmark\flexmark-util-data\0.62.2\flexmark-util-data-0.62.2.jar;C:\Users\WINDOWS 10\.m2\repository\com\vladsch\flexmark\flexmark-util-dependency\0.62.2\flexmark-util-dependency-0.62.2.jar;C:\Users\WINDOWS 10\.m2\repository\com\vladsch\flexmark\flexmark-util-format\0.62.2\flexmark-util-format-0.62.2.jar;C:\Users\WINDOWS 10\.m2\repository\com\vladsch\flexmark\flexmark-util-html\0.62.2\flexmark-util-html-0.62.2.jar;C:\Users\WINDOWS 10\.m2\repository\com\vladsch\flexmark\flexmark-util-misc\0.62.2\flexmark-util-misc-0.62.2.jar;C:\Users\WINDOWS 10\.m2\repository\com\vladsch\flexmark\flexmark-util-options\0.62.2\flexmark-util-options-0.62.2.jar;C:\Users\WINDOWS 10\.m2\repository\com\vladsch\flexmark\flexmark-util-sequence\0.62.2\flexmark-util-sequence-0.62.2.jar;C:\Users\WINDOWS 10\.m2\repository\com\vladsch\flexmark\flexmark-util-visitor\0.62.2\flexmark-util-visitor-0.62.2.jar;C:\Users\WINDOWS 10\.m2\repository\com\vladsch\flexmark\flexmark-youtrack-converter\0.62.2\flexmark-youtrack-converter-0.62.2.jar;C:\Users\WINDOWS 10\.m2\repository\com\ibm\icu\icu4j\72.1\icu4j-72.1.jar;C:\Users\WINDOWS 10\.m2\repository\es\nitaur\markdown\txtmark\0.16\txtmark-0.16.jar;C:\Users\WINDOWS 10\.m2\repository\net\serenity-bdd\serenity-report-resources\3.6.21\serenity-report-resources-3.6.21.jar;C:\Users\WINDOWS 10\.m2\repository\com\google\code\gson\gson\2.10.1\gson-2.10.1.jar;C:\Users\WINDOWS 10\.m2\repository\com\fasterxml\jackson\core\jackson-core\2.15.0-rc1\jackson-core-2.15.0-rc1.jar;C:\Users\WINDOWS 10\.m2\repository\com\fasterxml\jackson\core\jackson-databind\2.15.0-rc1\jackson-databind-2.15.0-rc1.jar;C:\Users\WINDOWS 10\.m2\repository\com\fasterxml\jackson\core\jackson-annotations\2.15.0-rc1\jackson-annotations-2.15.0-rc1.jar;C:\Users\WINDOWS 10\.m2\repository\commons-codec\commons-codec\1.15\commons-codec-1.15.jar;C:\Users\WINDOWS 10\.m2\repository\commons-io\commons-io\2.11.0\commons-io-2.11.0.jar;C:\Users\WINDOWS 10\.m2\repository\org\apache\httpcomponents\httpclient\4.5.13\httpclient-4.5.13.jar;C:\Users\WINDOWS 10\.m2\repository\org\apache\httpcomponents\httpcore\4.4.13\httpcore-4.4.13.jar;C:\Users\WINDOWS 10\.m2\repository\commons-logging\commons-logging\1.2\commons-logging-1.2.jar;C:\Users\WINDOWS 10\.m2\repository\org\seleniumhq\selenium\selenium-java\4.8.1\selenium-java-4.8.1.jar;C:\Users\WINDOWS 10\.m2\repository\org\seleniumhq\selenium\selenium-devtools-v108\4.8.1\selenium-devtools-v108-4.8.1.jar;C:\Users\WINDOWS 10\.m2\repository\org\seleniumhq\selenium\selenium-devtools-v109\4.8.1\selenium-devtools-v109-4.8.1.jar;C:\Users\WINDOWS 10\.m2\repository\org\seleniumhq\selenium\selenium-devtools-v110\4.8.1\selenium-devtools-v110-4.8.1.jar;C:\Users\WINDOWS 10\.m2\repository\org\seleniumhq\selenium\selenium-devtools-v85\4.8.1\selenium-devtools-v85-4.8.1.jar;C:\Users\WINDOWS 10\.m2\repository\org\seleniumhq\selenium\selenium-remote-driver\4.8.1\selenium-remote-driver-4.8.1.jar;C:\Users\WINDOWS 10\.m2\repository\com\beust\jcommander\1.82\jcommander-1.82.jar;C:\Users\WINDOWS 10\.m2\repository\io\netty\netty-buffer\4.1.87.Final\netty-buffer-4.1.87.Final.jar;C:\Users\WINDOWS 10\.m2\repository\io\netty\netty-codec-http\4.1.87.Final\netty-codec-http-4.1.87.Final.jar;C:\Users\WINDOWS 10\.m2\repository\io\netty\netty-codec\4.1.87.Final\netty-codec-4.1.87.Final.jar;C:\Users\WINDOWS 10\.m2\repository\io\netty\netty-handler\4.1.87.Final\netty-handler-4.1.87.Final.jar;C:\Users\WINDOWS 10\.m2\repository\io\netty\netty-common\4.1.87.Final\netty-common-4.1.87.Final.jar;C:\Users\WINDOWS 10\.m2\repository\io\netty\netty-transport-classes-epoll\4.1.87.Final\netty-transport-classes-epoll-4.1.87.Final.jar;C:\Users\WINDOWS 10\.m2\repository\io\netty\netty-transport-classes-kqueue\4.1.87.Final\netty-transport-classes-kqueue-4.1.87.Final.jar;C:\Users\WINDOWS 10\.m2\repository\io\netty\netty-transport-native-epoll\4.1.87.Final\netty-transport-native-epoll-4.1.87.Final.jar;C:\Users\WINDOWS 10\.m2\repository\io\netty\netty-transport-native-kqueue\4.1.87.Final\netty-transport-native-kqueue-4.1.87.Final.jar;C:\Users\WINDOWS 10\.m2\repository\io\netty\netty-transport-native-unix-common\4.1.87.Final\netty-transport-native-unix-common-4.1.87.Final.jar;C:\Users\WINDOWS 10\.m2\repository\io\netty\netty-transport\4.1.87.Final\netty-transport-4.1.87.Final.jar;C:\Users\WINDOWS 10\.m2\repository\io\netty\netty-resolver\4.1.87.Final\netty-resolver-4.1.87.Final.jar;C:\Users\WINDOWS 10\.m2\repository\io\opentelemetry\opentelemetry-api\1.22.0\opentelemetry-api-1.22.0.jar;C:\Users\WINDOWS 10\.m2\repository\io\opentelemetry\opentelemetry-context\1.22.0\opentelemetry-context-1.22.0.jar;C:\Users\WINDOWS 10\.m2\repository\io\opentelemetry\opentelemetry-exporter-logging\1.22.0\opentelemetry-exporter-logging-1.22.0.jar;C:\Users\WINDOWS 10\.m2\repository\io\opentelemetry\opentelemetry-sdk-metrics\1.22.0\opentelemetry-sdk-metrics-1.22.0.jar;C:\Users\WINDOWS 10\.m2\repository\io\opentelemetry\opentelemetry-sdk-logs\1.22.0-alpha\opentelemetry-sdk-logs-1.22.0-alpha.jar;C:\Users\WINDOWS 10\.m2\repository\io\opentelemetry\opentelemetry-api-logs\1.22.0-alpha\opentelemetry-api-logs-1.22.0-alpha.jar;C:\Users\WINDOWS 10\.m2\repository\io\opentelemetry\opentelemetry-sdk-common\1.22.0\opentelemetry-sdk-common-1.22.0.jar;C:\Users\WINDOWS 10\.m2\repository\io\opentelemetry\opentelemetry-sdk-extension-autoconfigure-spi\1.22.0\opentelemetry-sdk-extension-autoconfigure-spi-1.22.0.jar;C:\Users\WINDOWS 10\.m2\repository\io\opentelemetry\opentelemetry-sdk-extension-autoconfigure\1.22.0-alpha\opentelemetry-sdk-extension-autoconfigure-1.22.0-alpha.jar;C:\Users\WINDOWS 10\.m2\repository\io\opentelemetry\opentelemetry-sdk-trace\1.22.0\opentelemetry-sdk-trace-1.22.0.jar;C:\Users\WINDOWS 10\.m2\repository\io\opentelemetry\opentelemetry-sdk\1.22.0\opentelemetry-sdk-1.22.0.jar;C:\Users\WINDOWS 10\.m2\repository\io\opentelemetry\opentelemetry-semconv\1.22.0-alpha\opentelemetry-semconv-1.22.0-alpha.jar;C:\Users\WINDOWS 10\.m2\repository\io\ous\jtoml\2.0.0\jtoml-2.0.0.jar;C:\Users\WINDOWS 10\.m2\repository\org\apache\commons\commons-exec\1.3\commons-exec-1.3.jar;C:\Users\WINDOWS 10\.m2\repository\org\asynchttpclient\async-http-client\2.12.3\async-http-client-2.12.3.jar;C:\Users\WINDOWS 10\.m2\repository\org\asynchttpclient\async-http-client-netty-utils\2.12.3\async-http-client-netty-utils-2.12.3.jar;C:\Users\WINDOWS 10\.m2\repository\io\netty\netty-codec-socks\4.1.60.Final\netty-codec-socks-4.1.60.Final.jar;C:\Users\WINDOWS 10\.m2\repository\io\netty\netty-handler-proxy\4.1.60.Final\netty-handler-proxy-4.1.60.Final.jar;C:\Users\WINDOWS 10\.m2\repository\io\netty\netty-transport-native-epoll\4.1.60.Final\netty-transport-native-epoll-4.1.60.Final-linux-x86_64.jar;C:\Users\WINDOWS 10\.m2\repository\io\netty\netty-transport-native-kqueue\4.1.60.Final\netty-transport-native-kqueue-4.1.60.Final-osx-x86_64.jar;C:\Users\WINDOWS 10\.m2\repository\org\reactivestreams\reactive-streams\1.0.3\reactive-streams-1.0.3.jar;C:\Users\WINDOWS 10\.m2\repository\com\typesafe\netty\netty-reactive-streams\2.0.4\netty-reactive-streams-2.0.4.jar;C:\Users\WINDOWS 10\.m2\repository\org\seleniumhq\selenium\selenium-manager\4.8.1\selenium-manager-4.8.1.jar;C:\Users\WINDOWS 10\.m2\repository\org\seleniumhq\selenium\selenium-safari-driver\4.8.1\selenium-safari-driver-4.8.1.jar;C:\Users\WINDOWS 10\.m2\repository\org\seleniumhq\selenium\selenium-api\4.8.1\selenium-api-4.8.1.jar;C:\Users\WINDOWS 10\.m2\repository\org\seleniumhq\selenium\selenium-support\4.8.1\selenium-support-4.8.1.jar;C:\Users\WINDOWS 10\.m2\repository\com\google\auto\service\auto-service-annotations\1.0.1\auto-service-annotations-1.0.1.jar;C:\Users\WINDOWS 10\.m2\repository\com\google\auto\service\auto-service\1.0.1\auto-service-1.0.1.jar;C:\Users\WINDOWS 10\.m2\repository\com\google\auto\auto-common\1.2\auto-common-1.2.jar;C:\Users\WINDOWS 10\.m2\repository\org\seleniumhq\selenium\selenium-json\4.8.1\selenium-json-4.8.1.jar;C:\Users\WINDOWS 10\.m2\repository\org\seleniumhq\selenium\selenium-chrome-driver\4.8.1\selenium-chrome-driver-4.8.1.jar;C:\Users\WINDOWS 10\.m2\repository\org\seleniumhq\selenium\selenium-chromium-driver\4.8.1\selenium-chromium-driver-4.8.1.jar;C:\Users\WINDOWS 10\.m2\repository\org\seleniumhq\selenium\selenium-firefox-driver\4.8.1\selenium-firefox-driver-4.8.1.jar;C:\Users\WINDOWS 10\.m2\repository\org\seleniumhq\selenium\selenium-http\4.8.1\selenium-http-4.8.1.jar;C:\Users\WINDOWS 10\.m2\repository\dev\failsafe\failsafe\3.3.0\failsafe-3.3.0.jar;C:\Users\WINDOWS 10\.m2\repository\org\seleniumhq\selenium\selenium-edge-driver\4.8.1\selenium-edge-driver-4.8.1.jar;C:\Users\WINDOWS 10\.m2\repository\org\seleniumhq\selenium\selenium-ie-driver\4.8.1\selenium-ie-driver-4.8.1.jar;C:\Users\WINDOWS 10\.m2\repository\org\projectlombok\lombok\1.18.20\lombok-1.18.20.jar;C:\Users\WINDOWS 10\.m2\repository\io\appium\java-client\8.3.0\java-client-8.3.0.jar;C:\Users\WINDOWS 10\.m2\repository\commons-validator\commons-validator\1.7\commons-validator-1.7.jar;C:\Users\WINDOWS 10\.m2\repository\commons-digester\commons-digester\2.1\commons-digester-2.1.jar;C:\Users\WINDOWS 10\.m2\repository\org\apache\groovy\groovy\4.0.10\groovy-4.0.10.jar;C:\Users\WINDOWS 10\.m2\repository\net\sf\opencsv\opencsv\2.0\opencsv-2.0.jar;C:\Users\WINDOWS 10\.m2\repository\commons-beanutils\commons-beanutils\1.9.4\commons-beanutils-1.9.4.jar;C:\Users\WINDOWS 10\.m2\repository\org\apache\commons\commons-lang3\3.12.0\commons-lang3-3.12.0.jar;C:\Users\WINDOWS 10\.m2\repository\commons-collections\commons-collections\3.2.2\commons-collections-3.2.2.jar;C:\Users\WINDOWS 10\.m2\repository\org\fluentlenium\fluentlenium-core\0.10.2\fluentlenium-core-0.10.2.jar;C:\Users\WINDOWS 10\.m2\repository\io\github\bonigarcia\webdrivermanager\5.3.0\webdrivermanager-5.3.0.jar;C:\Users\WINDOWS 10\.m2\repository\com\github\docker-java\docker-java\3.2.13\docker-java-3.2.13.jar;C:\Users\WINDOWS 10\.m2\repository\com\github\docker-java\docker-java-core\3.2.13\docker-java-core-3.2.13.jar;C:\Users\WINDOWS 10\.m2\repository\com\github\docker-java\docker-java-api\3.2.13\docker-java-api-3.2.13.jar;C:\Users\WINDOWS 10\.m2\repository\org\apache\commons\commons-compress\1.21\commons-compress-1.21.jar;C:\Users\WINDOWS 10\.m2\repository\org\bouncycastle\bcpkix-jdk15on\1.64\bcpkix-jdk15on-1.64.jar;C:\Users\WINDOWS 10\.m2\repository\org\bouncycastle\bcprov-jdk15on\1.64\bcprov-jdk15on-1.64.jar;C:\Users\WINDOWS 10\.m2\repository\org\slf4j\jcl-over-slf4j\1.7.30\jcl-over-slf4j-1.7.30.jar;C:\Users\WINDOWS 10\.m2\repository\com\github\docker-java\docker-java-transport-httpclient5\3.2.13\docker-java-transport-httpclient5-3.2.13.jar;C:\Users\WINDOWS 10\.m2\repository\com\github\docker-java\docker-java-transport\3.2.13\docker-java-transport-3.2.13.jar;C:\Users\WINDOWS 10\.m2\repository\net\java\dev\jna\jna\5.8.0\jna-5.8.0.jar;C:\Users\WINDOWS 10\.m2\repository\org\brotli\dec\0.1.2\dec-0.1.2.jar;C:\Users\WINDOWS 10\.m2\repository\org\apache\httpcomponents\client5\httpclient5\5.1.3\httpclient5-5.1.3.jar;C:\Users\WINDOWS 10\.m2\repository\org\apache\httpcomponents\core5\httpcore5\5.1.3\httpcore5-5.1.3.jar;C:\Users\WINDOWS 10\.m2\repository\org\apache\httpcomponents\core5\httpcore5-h2\5.1.3\httpcore5-h2-5.1.3.jar;C:\Users\WINDOWS 10\.m2\repository\com\jhlabs\filters\2.0.235\filters-2.0.235.jar;C:\Users\WINDOWS 10\.m2\repository\com\paulhammant\ngwebdriver\1.1.6\ngwebdriver-1.1.6.jar;C:\Users\WINDOWS 10\.m2\repository\joda-time\joda-time\2.12.2\joda-time-2.12.2.jar;C:\Users\WINDOWS 10\.m2\repository\org\hamcrest\hamcrest\2.2\hamcrest-2.2.jar;C:\Users\WINDOWS 10\.m2\repository\com\google\jimfs\jimfs\1.2\jimfs-1.2.jar;C:\Users\WINDOWS 10\.m2\repository\org\mockito\mockito-core\3.3.3\mockito-core-3.3.3.jar;C:\Users\WINDOWS 10\.m2\repository\javax\xml\bind\jaxb-api\2.3.1\jaxb-api-2.3.1.jar;C:\Users\WINDOWS 10\.m2\repository\javax\activation\javax.activation-api\1.2.0\javax.activation-api-1.2.0.jar;C:\Users\WINDOWS 10\.m2\repository\com\sun\xml\bind\jaxb-core\2.3.0.1\jaxb-core-2.3.0.1.jar;C:\Users\WINDOWS 10\.m2\repository\com\sun\xml\bind\jaxb-impl\2.3.3\jaxb-impl-2.3.3.jar;C:\Users\WINDOWS 10\.m2\repository\jakarta\xml\bind\jakarta.xml.bind-api\2.3.3\jakarta.xml.bind-api-2.3.3.jar;C:\Users\WINDOWS 10\.m2\repository\com\sun\activation\jakarta.activation\1.2.2\jakarta.activation-1.2.2.jar;C:\Users\WINDOWS 10\.m2\repository\javax\activation\activation\1.1.1\activation-1.1.1.jar;C:\Users\WINDOWS 10\.m2\repository\net\serenity-bdd\serenity-cucumber\3.6.21\serenity-cucumber-3.6.21.jar;C:\Users\WINDOWS 10\.m2\repository\io\cucumber\cucumber-core\7.11.0\cucumber-core-7.11.0.jar;C:\Users\WINDOWS 10\.m2\repository\io\cucumber\cucumber-gherkin\7.11.0\cucumber-gherkin-7.11.0.jar;C:\Users\WINDOWS 10\.m2\repository\io\cucumber\cucumber-gherkin-messages\7.11.0\cucumber-gherkin-messages-7.11.0.jar;C:\Users\WINDOWS 10\.m2\repository\io\cucumber\gherkin\26.0.3\gherkin-26.0.3.jar;C:\Users\WINDOWS 10\.m2\repository\io\cucumber\messages\21.0.1\messages-21.0.1.jar;C:\Users\WINDOWS 10\.m2\repository\io\cucumber\tag-expressions\5.0.1\tag-expressions-5.0.1.jar;C:\Users\WINDOWS 10\.m2\repository\io\cucumber\cucumber-expressions\16.1.1\cucumber-expressions-16.1.1.jar;C:\Users\WINDOWS 10\.m2\repository\io\cucumber\datatable\7.11.0\datatable-7.11.0.jar;C:\Users\WINDOWS 10\.m2\repository\io\cucumber\cucumber-plugin\7.11.0\cucumber-plugin-7.11.0.jar;C:\Users\WINDOWS 10\.m2\repository\io\cucumber\docstring\7.11.0\docstring-7.11.0.jar;C:\Users\WINDOWS 10\.m2\repository\io\cucumber\html-formatter\20.2.1\html-formatter-20.2.1.jar;C:\Users\WINDOWS 10\.m2\repository\io\cucumber\junit-xml-formatter\0.1.0\junit-xml-formatter-0.1.0.jar;C:\Users\WINDOWS 10\.m2\repository\io\cucumber\ci-environment\9.1.0\ci-environment-9.1.0.jar;C:\Users\WINDOWS 10\.m2\repository\io\cucumber\cucumber-java\7.11.0\cucumber-java-7.11.0.jar;C:\Users\WINDOWS 10\.m2\repository\io\cucumber\cucumber-junit\7.11.0\cucumber-junit-7.11.0.jar;C:\Users\WINDOWS 10\.m2\repository\org\apache\commons\commons-csv\1.5\commons-csv-1.5.jar;C:\Users\WINDOWS 10\.m2\repository\net\serenity-bdd\serenity-screenplay\3.6.21\serenity-screenplay-3.6.21.jar;C:\Users\WINDOWS 10\.m2\repository\net\serenity-bdd\serenity-screenplay-webdriver\3.6.21\serenity-screenplay-webdriver-3.6.21.jar;C:\Users\WINDOWS 10\.m2\repository\net\serenity-bdd\serenity-ensure\3.6.21\serenity-ensure-3.6.21.jar;C:\Users\WINDOWS 10\.m2\repository\net\serenity-bdd\serenity-junit\3.6.21\serenity-junit-3.6.21.jar;C:\Users\WINDOWS 10\.m2\repository\org\jetbrains\kotlin\kotlin-stdlib\1.8.10\kotlin-stdlib-1.8.10.jar;C:\Users\WINDOWS 10\.m2\repository\org\jetbrains\kotlin\kotlin-stdlib-common\1.8.10\kotlin-stdlib-common-1.8.10.jar;C:\Users\WINDOWS 10\.m2\repository\org\jetbrains\annotations\13.0\annotations-13.0.jar;C:\Users\WINDOWS 10\.m2\repository\org\junit\platform\junit-platform-launcher\1.8.2\junit-platform-launcher-1.8.2.jar;C:\Users\WINDOWS 10\.m2\repository\org\junit\platform\junit-platform-engine\1.8.2\junit-platform-engine-1.8.2.jar;C:\Users\WINDOWS 10\.m2\repository\org\opentest4j\opentest4j\1.2.0\opentest4j-1.2.0.jar;C:\Users\WINDOWS 10\.m2\repository\org\junit\platform\junit-platform-commons\1.8.2\junit-platform-commons-1.8.2.jar;C:\Users\WINDOWS 10\.m2\repository\org\apiguardian\apiguardian-api\1.1.2\apiguardian-api-1.1.2.jar;C:\Users\WINDOWS 10\.m2\repository\org\junit\jupiter\junit-jupiter-engine\5.8.2\junit-jupiter-engine-5.8.2.jar;C:\Users\WINDOWS 10\.m2\repository\org\junit\jupiter\junit-jupiter-api\5.8.2\junit-jupiter-api-5.8.2.jar;C:\Users\WINDOWS 10\.m2\repository\org\junit\vintage\junit-vintage-engine\5.8.2\junit-vintage-engine-5.8.2.jar;C:\Users\WINDOWS 10\.m2\repository\junit\junit\4.13.2\junit-4.13.2.jar;C:\Users\WINDOWS 10\.m2\repository\org\hamcrest\hamcrest-core\1.3\hamcrest-core-1.3.jar;C:\Users\WINDOWS 10\.m2\repository\ch\qos\logback\logback-classic\1.2.10\logback-classic-1.2.10.jar;C:\Users\WINDOWS 10\.m2\repository\ch\qos\logback\logback-core\1.2.10\logback-core-1.2.10.jar;C:\Users\WINDOWS 10\.m2\repository\org\slf4j\slf4j-api\1.7.32\slf4j-api-1.7.32.jar;C:\Users\WINDOWS 10\.m2\repository\org\assertj\assertj-core\3.23.1\assertj-core-3.23.1.jar;C:\Users\WINDOWS 10\.m2\repository\net\bytebuddy\byte-buddy\1.12.10\byte-buddy-1.12.10.jar;C:\Users\WINDOWS 10\.m2\repository\org\apache\maven\surefire\surefire-junit-platform\3.0.0-M5\surefire-junit-platform-3.0.0-M5.jar;C:\Users\WINDOWS 10\.m2\repository\org\apache\maven\surefire\common-java5\3.0.0-M5\common-java5-3.0.0-M5.jar"/>
    <property name="user.script" value=""/>
    <property name="java.protocol.handler.pkgs" value="com.google.common"/>
    <property name="sun.management.compiler" value="HotSpot 64-Bit Tiered Compilers"/>
    <property name="java.runtime.version" value="15+36-1562"/>
    <property name="user.name" value="WINDOWS 10"/>
    <property name="path.separator" value=";"/>
    <property name="os.version" value="10.0"/>
    <property name="java.runtime.name" value="Java(TM) SE Runtime Environment"/>
    <property name="file.encoding" value="Cp1252"/>
    <property name="webdriver.base.url" value=""/>
    <property name="java.vm.name" value="Java HotSpot(TM) 64-Bit Server VM"/>
    <property name="localRepository" value="C:\Users\WINDOWS 10\.m2\repository"/>
    <property name="java.vendor.url.bug" value="https://bugreport.java.com/bugreport/"/>
    <property name="java.io.tmpdir" value="C:\Users\WINDOW~1\AppData\Local\Temp\"/>
    <property name="java.version" value="15"/>
    <property name="user.dir" value="C:\Users\WINDOWS 10\Documents\GitHub\QE_Andira_Ms\11_Web_Programming_&amp;_Testing\Praktikum\Testing_with_Serenity\Prioritas2\alta"/>
    <property name="os.arch" value="amd64"/>
    <property name="java.vm.specification.name" value="Java Virtual Machine Specification"/>
    <property name="sun.os.patch.level" value=""/>
    <property name="java.library.path" value="C:\Program Files\Java\jdk-15\bin;C:\WINDOWS\Sun\Java\bin;C:\WINDOWS\system32;C:\WINDOWS;C:\Program Files\Common Files\Oracle\Java\javapath;C:\Program Files (x86)\Common Files\Oracle\Java\javapath;C:\WINDOWS\system32;C:\WINDOWS;C:\WINDOWS\System32\Wbem;C:\WINDOWS\System32\WindowsPowerShell\v1.0\;C:\WINDOWS\System32\OpenSSH\;F:\PerCoolyeahan\Instalasi\XAMPP\php;C:\Program Files\Git\cmd;C:\ProgramData\ComposerSetup\bin;C:\Program Files\nodejs\;C:\PROGRA~1\IBM\SQLLIB~1\BIN;C:\PROGRA~1\IBM\SQLLIB~1\FUNCTION;C:\PROGRA~1\IBM\SQLLIB~1\SAMPLES\REPL;C:\Program Files\Cloudflare\Cloudflare WARP\;C:\Program Files\apache-maven-3.9.1\bin;C:\Program Files\MySQL\MySQL Shell 8.0\bin\;C:\Users\WINDOWS 10\AppData\Local\Microsoft\WindowsApps;C:\Users\WINDOWS 10\AppData\Local\Programs\Microsoft VS Code\bin;C:\Users\WINDOWS 10\AppData\Roaming\Composer\vendor\bin;C:\Users\WINDOWS 10\AppData\Roaming\npm;C:\Users\WINDOWS 10\AppData\Local\GitHubDesktop\bin;C:\Users\WINDOWS 10\AppData\Local\spicetify;."/>
    <property name="java.vm.info" value="mixed mode"/>
    <property name="java.vendor" value="Oracle Corporation"/>
    <property name="java.vm.version" value="15+36-1562"/>
    <property name="sun.io.unicode.encoding" value="UnicodeLittle"/>
    <property name="java.class.version" value="59.0"/>
  </properties>
  <testcase name="Login with correct credentials" classname="Login to Sepulsa Account" time="11.083">
    <system-out><![CDATA[01:36:04.932 [main] DEBUG net.thucydides.core.guice.Injectors - Created injector for module net.thucydides.core.guice.ThucydidesModule
01:36:05.182 [main] DEBUG io.cucumber.core.plugin.SerenityReporter - Running feature from file:///C:/Users/WINDOWS%2010/Documents/GitHub/QE_Andira_Ms/11_Web_Programming_&_Testing/Praktikum/Testing_with_Serenity/Prioritas2/alta/src/test/resources/features/Login.feature
01:36:05.307 [main] DEBUG net.thucydides.core.guice.Injectors - Created injector for module net.thucydides.core.guice.webdriver.WebDriverModule
01:36:05.325 [main] INFO  - 

-------------------------------------------------------------------------------------
     _______. _______ .______       _______ .__   __.  __  .___________.____    ____ 
    /       ||   ____||   _  \     |   ____||  \ |  | |  | |           |\   \  /   / 
   |   (----`|  |__   |  |_)  |    |  |__   |   \|  | |  | `---|  |----` \   \/   /  
    \   \    |   __|  |      /     |   __|  |  . `  | |  |     |  |       \_    _/   
.----)   |   |  |____ |  |\  \----.|  |____ |  |\   | |  |     |  |         |  |     
|_______/    |_______|| _| `._____||_______||__| \__| |__|     |__|         |__|    
                                                                                     
 News and tutorials at http://www.serenity-bdd.info                                  
 Documentation at https://wakaleo.gitbooks.io/the-serenity-book/content/             
 Join the Serenity Community on Gitter: https://gitter.im/serenity-bdd/serenity-core 
 Serenity BDD Support and Training at http://serenity-bdd.info/#/trainingandsupport  
-------------------------------------------------------------------------------------

01:36:05.328 [main] DEBUG net.thucydides.core.steps.StepEventBus - Test suite started for story net.thucydides.core.model.Story@d124f7c
01:36:05.329 [main] INFO  - Test Suite Started: Login to Sepulsa Account
01:36:05.339 [main] DEBUG io.cucumber.core.plugin.SerenityReporter - Running feature from file:///C:/Users/WINDOWS%2010/Documents/GitHub/QE_Andira_Ms/11_Web_Programming_&_Testing/Praktikum/Testing_with_Serenity/Prioritas2/alta/src/test/resources/features/PaymentMethod.feature
01:36:05.343 [main] DEBUG net.thucydides.core.steps.StepEventBus - Test suite started for story net.thucydides.core.model.Story@1f3cee16
01:36:05.344 [main] INFO  - Test Suite Started: Select Payment Method
01:36:05.344 [main] DEBUG io.cucumber.core.plugin.SerenityReporter - Running feature from file:///C:/Users/WINDOWS%2010/Documents/GitHub/QE_Andira_Ms/11_Web_Programming_&_Testing/Praktikum/Testing_with_Serenity/Prioritas2/alta/src/test/resources/features/SelectProduct.feature
01:36:05.348 [main] DEBUG net.thucydides.core.steps.StepEventBus - Test suite started for story net.thucydides.core.model.Story@d891cf10
01:36:05.349 [main] INFO  - Test Suite Started: Select Product ListrikPLN
01:36:05.349 [main] DEBUG io.cucumber.core.plugin.SerenityReporter - Running feature from file:///C:/Users/WINDOWS%2010/Documents/GitHub/QE_Andira_Ms/11_Web_Programming_&_Testing/Praktikum/Testing_with_Serenity/Prioritas2/alta/src/test/resources/features/Login.feature
01:36:05.353 [main] DEBUG net.thucydides.core.steps.StepEventBus - Test suite started for story net.thucydides.core.model.Story@d124f7c
01:36:05.353 [main] INFO  - Test Suite Started: Login to Sepulsa Account

Scenario: Login with correct credentials                      &amp#27;[90m# src/test/resources/features/Login.feature:3&amp#27;[0m
01:36:05.420 [main] DEBUG io.cucumber.core.plugin.SerenityReporter - Running feature from file:///C:/Users/WINDOWS%2010/Documents/GitHub/QE_Andira_Ms/11_Web_Programming_&_Testing/Praktikum/Testing_with_Serenity/Prioritas2/alta/src/test/resources/features/Login.feature
01:36:05.501 [main] INFO  - 
  _____   ___   ___   _____     ___   _____     _     ___   _____   ___   ___  
 |_   _| | __| / __| |_   _|   / __| |_   _|   /_\   | _ \ |_   _| | __| |   \ 
   | |   | _|  \__ \   | |     \__ \   | |    / _ \  |   /   | |   | _|  | |) |
   |_|   |___| |___/   |_|     |___/   |_|   /_/ \_\ |_|_\   |_|   |___| |___/ 

Login with correct credentials(login-to-sepulsa-account;login-with-correct-credentials)
--------------------------------------------------------------------------------
01:36:05.550 [main] DEBUG net.thucydides.core.requirements.model.cucumber.CucumberParser - Loading feature C:\Users\WINDOWS 10\Documents\GitHub\QE_Andira_Ms\11_Web_Programming_&_Testing\Praktikum\Testing_with_Serenity\Prioritas2\alta\src\test\resources\features\Login.feature
01:36:05.569 [main] DEBUG net.thucydides.core.requirements.model.cucumber.CucumberParser - Loading feature C:\Users\WINDOWS 10\Documents\GitHub\QE_Andira_Ms\11_Web_Programming_&_Testing\Praktikum\Testing_with_Serenity\Prioritas2\alta\src\test\resources\features\PaymentMethod.feature
01:36:05.573 [main] DEBUG net.thucydides.core.requirements.model.cucumber.CucumberParser - Loading feature C:\Users\WINDOWS 10\Documents\GitHub\QE_Andira_Ms\11_Web_Programming_&_Testing\Praktikum\Testing_with_Serenity\Prioritas2\alta\src\test\resources\features\SelectProduct.feature
01:36:06.183 [main] DEBUG net.thucydides.core.steps.StepInterceptor - STARTING STEP: LoginSteps.onTheLoginPage - openPage
01:36:06.267 [main] INFO net.serenitybdd.core.webdriver.driverproviders.ChromeDriverProvider - Starting Chrome driver instance with capabilities:
01:36:06.270 [main] INFO net.serenitybdd.core.webdriver.driverproviders.ChromeDriverProvider - Capabilities {acceptInsecureCerts: false, browserName: chrome, goog:chromeOptions: {args: [remote-allow-origins=*], extensions: []}}
01:36:06.345 [main] DEBUG io.netty.util.internal.logging.InternalLoggerFactory - Using SLF4J as the default logging framework
01:36:06.348 [main] DEBUG io.netty.util.ResourceLeakDetector - -Dio.netty.leakDetection.level: simple
01:36:06.348 [main] DEBUG io.netty.util.ResourceLeakDetector - -Dio.netty.leakDetection.targetRecords: 4
01:36:06.351 [main] DEBUG io.netty.util.ResourceLeakDetectorFactory - Loaded default ResourceLeakDetector: io.netty.util.ResourceLeakDetector@2b6fb197
01:36:06.364 [main] DEBUG io.netty.util.internal.PlatformDependent0 - -Dio.netty.noUnsafe: false
01:36:06.364 [main] DEBUG io.netty.util.internal.PlatformDependent0 - Java version: 15
01:36:06.365 [main] DEBUG io.netty.util.internal.PlatformDependent0 - sun.misc.Unsafe.theUnsafe: available
01:36:06.365 [main] DEBUG io.netty.util.internal.PlatformDependent0 - sun.misc.Unsafe.copyMemory: available
01:36:06.366 [main] DEBUG io.netty.util.internal.PlatformDependent0 - sun.misc.Unsafe.storeFence: available
01:36:06.366 [main] DEBUG io.netty.util.internal.PlatformDependent0 - java.nio.Buffer.address: available
01:36:06.366 [main] DEBUG io.netty.util.internal.PlatformDependent0 - direct buffer constructor: unavailable: Reflective setAccessible(true) disabled
01:36:06.367 [main] DEBUG io.netty.util.internal.PlatformDependent0 - java.nio.Bits.unaligned: available, true
01:36:06.368 [main] DEBUG io.netty.util.internal.PlatformDependent0 - jdk.internal.misc.Unsafe.allocateUninitializedArray(int): unavailable: class io.netty.util.internal.PlatformDependent0$7 cannot access class jdk.internal.misc.Unsafe (in module java.base) because module java.base does not export jdk.internal.misc to unnamed module @5ed190be
01:36:06.369 [main] DEBUG io.netty.util.internal.PlatformDependent0 - java.nio.DirectByteBuffer.<init>(long, int): unavailable
01:36:06.369 [main] DEBUG io.netty.util.internal.PlatformDependent - sun.misc.Unsafe: available
01:36:06.370 [main] DEBUG io.netty.util.internal.PlatformDependent - maxDirectMemory: 4133486592 bytes (maybe)
01:36:06.370 [main] DEBUG io.netty.util.internal.PlatformDependent - -Dio.netty.tmpdir: C:\Users\WINDOW~1\AppData\Local\Temp (java.io.tmpdir)
01:36:06.370 [main] DEBUG io.netty.util.internal.PlatformDependent - -Dio.netty.bitMode: 64 (sun.arch.data.model)
01:36:06.370 [main] DEBUG io.netty.util.internal.PlatformDependent - Platform: Windows
01:36:06.371 [main] DEBUG io.netty.util.internal.PlatformDependent - -Dio.netty.maxDirectMemory: -1 bytes
01:36:06.371 [main] DEBUG io.netty.util.internal.PlatformDependent - -Dio.netty.uninitializedArrayAllocationThreshold: -1
01:36:06.372 [main] DEBUG io.netty.util.internal.CleanerJava9 - java.nio.ByteBuffer.cleaner(): available
01:36:06.372 [main] DEBUG io.netty.util.internal.PlatformDependent - -Dio.netty.noPreferDirect: false
01:36:06.379 [main] DEBUG io.netty.util.internal.PlatformDependent - org.jctools-core.MpscChunkedArrayQueue: available
01:36:06.393 [main] DEBUG io.netty.util.internal.InternalThreadLocalMap - -Dio.netty.threadLocalMap.stringBuilder.initialSize: 1024
01:36:06.393 [main] DEBUG io.netty.util.internal.InternalThreadLocalMap - -Dio.netty.threadLocalMap.stringBuilder.maxSize: 4096
01:36:06.522 [main] DEBUG io.netty.handler.ssl.JdkSslContext - Default protocols (JDK): [TLSv1.3, TLSv1.2, TLSv1.1, TLSv1] 
01:36:06.523 [main] DEBUG io.netty.handler.ssl.JdkSslContext - Default cipher suites (JDK): [TLS_ECDHE_ECDSA_WITH_AES_256_GCM_SHA384, TLS_ECDHE_ECDSA_WITH_AES_128_GCM_SHA256, TLS_ECDHE_RSA_WITH_AES_128_GCM_SHA256, TLS_ECDHE_RSA_WITH_AES_256_GCM_SHA384, TLS_ECDHE_RSA_WITH_AES_128_CBC_SHA, TLS_ECDHE_RSA_WITH_AES_256_CBC_SHA, TLS_RSA_WITH_AES_128_GCM_SHA256, TLS_RSA_WITH_AES_128_CBC_SHA, TLS_RSA_WITH_AES_256_CBC_SHA, TLS_AES_128_GCM_SHA256, TLS_AES_256_GCM_SHA384]
01:36:06.541 [main] DEBUG io.netty.channel.MultithreadEventLoopGroup - -Dio.netty.eventLoopThreads: 32
01:36:06.548 [main] DEBUG io.netty.channel.nio.NioEventLoop - -Dio.netty.noKeySetOptimization: false
01:36:06.549 [main] DEBUG io.netty.channel.nio.NioEventLoop - -Dio.netty.selectorAutoRebuildThreshold: 512
01:36:06.592 [main] DEBUG io.netty.buffer.PooledByteBufAllocator - -Dio.netty.allocator.numHeapArenas: 32
01:36:06.593 [main] DEBUG io.netty.buffer.PooledByteBufAllocator - -Dio.netty.allocator.numDirectArenas: 32
01:36:06.593 [main] DEBUG io.netty.buffer.PooledByteBufAllocator - -Dio.netty.allocator.pageSize: 8192
01:36:06.593 [main] DEBUG io.netty.buffer.PooledByteBufAllocator - -Dio.netty.allocator.maxOrder: 9
01:36:06.593 [main] DEBUG io.netty.buffer.PooledByteBufAllocator - -Dio.netty.allocator.chunkSize: 4194304
01:36:06.593 [main] DEBUG io.netty.buffer.PooledByteBufAllocator - -Dio.netty.allocator.smallCacheSize: 256
01:36:06.593 [main] DEBUG io.netty.buffer.PooledByteBufAllocator - -Dio.netty.allocator.normalCacheSize: 64
01:36:06.593 [main] DEBUG io.netty.buffer.PooledByteBufAllocator - -Dio.netty.allocator.maxCachedBufferCapacity: 32768
01:36:06.593 [main] DEBUG io.netty.buffer.PooledByteBufAllocator - -Dio.netty.allocator.cacheTrimInterval: 8192
01:36:06.593 [main] DEBUG io.netty.buffer.PooledByteBufAllocator - -Dio.netty.allocator.cacheTrimIntervalMillis: 0
01:36:06.593 [main] DEBUG io.netty.buffer.PooledByteBufAllocator - -Dio.netty.allocator.useCacheForAllThreads: false
01:36:06.593 [main] DEBUG io.netty.buffer.PooledByteBufAllocator - -Dio.netty.allocator.maxCachedByteBuffersPerChunk: 1023
01:36:06.602 [main] DEBUG io.netty.buffer.ByteBufUtil - -Dio.netty.allocator.type: pooled
01:36:06.602 [main] DEBUG io.netty.buffer.ByteBufUtil - -Dio.netty.threadLocalDirectBufferSize: 0
01:36:06.602 [main] DEBUG io.netty.buffer.ByteBufUtil - -Dio.netty.maxThreadLocalCharBufferSize: 16384
01:36:06.792 [Forwarding newSession on session null to remote] DEBUG io.netty.channel.DefaultChannelId - -Dio.netty.processId: 12132 (auto-detected)
01:36:06.794 [Forwarding newSession on session null to remote] DEBUG io.netty.util.NetUtil - -Djava.net.preferIPv4Stack: false
01:36:06.794 [Forwarding newSession on session null to remote] DEBUG io.netty.util.NetUtil - -Djava.net.preferIPv6Addresses: false
01:36:06.813 [Forwarding newSession on session null to remote] DEBUG io.netty.util.NetUtilInitializations - Loopback interface: lo (Software Loopback Interface 1, 127.0.0.1)
01:36:06.813 [Forwarding newSession on session null to remote] DEBUG io.netty.util.NetUtil - Failed to get SOMAXCONN from sysctl and file \proc\sys\net\core\somaxconn. Default: 200
01:36:06.858 [Forwarding newSession on session null to remote] DEBUG io.netty.channel.DefaultChannelId - -Dio.netty.machineId: 34:cf:f6:ff:fe:2b:0c:19 (auto-detected)
01:36:06.893 [AsyncHttpClient-1-2] DEBUG io.netty.buffer.AbstractByteBuf - -Dio.netty.buffer.checkAccessible: true
01:36:06.893 [AsyncHttpClient-1-2] DEBUG io.netty.buffer.AbstractByteBuf - -Dio.netty.buffer.checkBounds: true
01:36:06.893 [AsyncHttpClient-1-2] DEBUG io.netty.util.ResourceLeakDetectorFactory - Loaded default ResourceLeakDetector: io.netty.util.ResourceLeakDetector@1eaacb67
01:36:06.901 [AsyncHttpClient-1-2] DEBUG org.asynchttpclient.netty.channel.NettyConnectListener - Using new Channel '[id: 0xf524ebe9, L:/127.0.0.1:56994 - R:localhost/127.0.0.1:46761]' for 'POST' to '/session'
01:36:06.912 [AsyncHttpClient-1-2] DEBUG io.netty.util.Recycler - -Dio.netty.recycler.maxCapacityPerThread: 4096
01:36:06.912 [AsyncHttpClient-1-2] DEBUG io.netty.util.Recycler - -Dio.netty.recycler.ratio: 8
01:36:06.912 [AsyncHttpClient-1-2] DEBUG io.netty.util.Recycler - -Dio.netty.recycler.chunkSize: 32
01:36:06.912 [AsyncHttpClient-1-2] DEBUG io.netty.util.Recycler - -Dio.netty.recycler.blocking: false
01:36:07.545 [AsyncHttpClient-1-2] DEBUG io.netty.handler.codec.compression.Brotli - brotli4j not in the classpath; Brotli support will be unavailable.
01:36:07.545 [AsyncHttpClient-1-2] DEBUG org.asynchttpclient.netty.handler.HttpHandler - 

Request DefaultHttpRequest(decodeResult: success, version: HTTP/1.1)
POST /session HTTP/1.1
User-Agent: selenium/4.8.1 (java windows)
Content-Length: 507
Content-Type: application/json; charset=utf-8
host: localhost:46761
accept: */*

Response DefaultHttpResponse(decodeResult: success, version: HTTP/1.1)
HTTP/1.1 200 OK
Content-Length: 862
Content-Type: application/json; charset=utf-8
cache-control: no-cache

01:36:07.551 [AsyncHttpClient-1-2] DEBUG org.asynchttpclient.netty.channel.ChannelManager - Adding key: http://localhost:46761 for channel [id: 0xf524ebe9, L:/127.0.0.1:56994 - R:localhost/127.0.0.1:46761]
01:36:07.590 [AsyncHttpClient-1-1] DEBUG org.asynchttpclient.netty.channel.DefaultChannelPool - Entry count for : http://localhost:46761 : 1
01:36:07.602 [AsyncHttpClient-1-3] DEBUG org.asynchttpclient.netty.channel.NettyConnectListener - Using new Channel '[id: 0xb3b50cd7, L:/127.0.0.1:57002 - R:localhost/127.0.0.1:56996]' for 'GET' to '/json/version'
01:36:07.605 [AsyncHttpClient-1-3] DEBUG org.asynchttpclient.netty.handler.HttpHandler - 

Request DefaultFullHttpRequest(decodeResult: success, version: HTTP/1.1, content: EmptyByteBufBE)
GET /json/version HTTP/1.1
User-Agent: selenium/4.8.1 (java windows)
host: localhost:56996
accept: */*

Response DefaultHttpResponse(decodeResult: success, version: HTTP/1.1)
HTTP/1.1 200 OK
Content-Security-Policy: frame-ancestors 'none'
Content-Length: 422
Content-Type: application/json; charset=UTF-8

01:36:07.605 [AsyncHttpClient-1-3] DEBUG org.asynchttpclient.netty.channel.ChannelManager - Adding key: http://localhost:56996 for channel [id: 0xb3b50cd7, L:/127.0.0.1:57002 - R:localhost/127.0.0.1:56996]
01:36:07.612 [main] DEBUG io.netty.util.internal.ThreadLocalRandom - -Dio.netty.initialSeedUniquifier: 0x6edc502e09efb043
01:36:07.615 [AsyncHttpClient-1-4] DEBUG org.asynchttpclient.netty.channel.NettyConnectListener - Using new Channel '[id: 0xff9646d3, L:/127.0.0.1:57003 - R:localhost/127.0.0.1:56996]' for 'GET' to '/devtools/browser/09523886-5ecd-47e5-b27f-80bd169c1bdd'
01:36:07.617 [AsyncHttpClient-1-4] DEBUG org.asynchttpclient.netty.handler.WebSocketHandler - 

Request DefaultFullHttpRequest(decodeResult: success, version: HTTP/1.1, content: EmptyByteBufBE)
GET /devtools/browser/09523886-5ecd-47e5-b27f-80bd169c1bdd HTTP/1.1
upgrade: websocket
connection: upgrade
sec-websocket-key: X0ReP3XK3K+ZniPyJWuBrw==
sec-websocket-version: 13
origin: http://localhost:56996
host: localhost:56996
accept: */*
user-agent: AHC/2.1

Response DefaultHttpResponse(decodeResult: success, version: HTTP/1.1)
HTTP/1.1 101 WebSocket Protocol Handshake
Upgrade: WebSocket
Connection: Upgrade
Sec-WebSocket-Accept: l7wPN4TB5ClLr/2IPxkVovUc9Fo=

01:36:07.686 [Forwarding get on session 08c5ef6a9a8a9d7f95af7d56111a251a to remote] DEBUG org.asynchttpclient.netty.request.NettyRequestSender - Using pooled Channel '[id: 0xf524ebe9, L:/127.0.0.1:56994 - R:localhost/127.0.0.1:46761]' for 'POST' to 'http://localhost:46761/session/08c5ef6a9a8a9d7f95af7d56111a251a/url'
01:36:07.686 [Forwarding get on session 08c5ef6a9a8a9d7f95af7d56111a251a to remote] DEBUG org.asynchttpclient.netty.request.NettyRequestSender - Using open Channel [id: 0xf524ebe9, L:/127.0.0.1:56994 - R:localhost/127.0.0.1:46761] for POST '/session/08c5ef6a9a8a9d7f95af7d56111a251a/url'
01:36:08.683 [AsyncHttpClient-1-1] DEBUG org.asynchttpclient.netty.channel.DefaultChannelPool - Entry count for : http://localhost:56996 : 1
01:36:09.785 [AsyncHttpClient-1-1] DEBUG org.asynchttpclient.netty.channel.DefaultChannelPool - Entry count for : http://localhost:56996 : 1
01:36:10.883 [AsyncHttpClient-1-1] DEBUG org.asynchttpclient.netty.channel.DefaultChannelPool - Entry count for : http://localhost:56996 : 1
01:36:11.986 [AsyncHttpClient-1-1] DEBUG org.asynchttpclient.netty.channel.DefaultChannelPool - Entry count for : http://localhost:56996 : 1
01:36:13.084 [AsyncHttpClient-1-1] DEBUG org.asynchttpclient.netty.channel.DefaultChannelPool - Entry count for : http://localhost:56996 : 1
01:36:13.088 [AsyncHttpClient-1-2] DEBUG org.asynchttpclient.netty.handler.HttpHandler - 

Request DefaultHttpRequest(decodeResult: success, version: HTTP/1.1)
POST /session/08c5ef6a9a8a9d7f95af7d56111a251a/url HTTP/1.1
User-Agent: selenium/4.8.1 (java windows)
Content-Length: 54
Content-Type: application/json; charset=utf-8
host: localhost:46761
accept: */*

Response DefaultHttpResponse(decodeResult: success, version: HTTP/1.1)
HTTP/1.1 200 OK
Content-Length: 14
Content-Type: application/json; charset=utf-8
cache-control: no-cache

01:36:13.088 [AsyncHttpClient-1-2] DEBUG org.asynchttpclient.netty.channel.ChannelManager - Adding key: http://localhost:46761 for channel [id: 0xf524ebe9, L:/127.0.0.1:56994 - R:localhost/127.0.0.1:46761]
01:36:13.092 [Forwarding setTimeout on session 08c5ef6a9a8a9d7f95af7d56111a251a to remote] DEBUG org.asynchttpclient.netty.request.NettyRequestSender - Using pooled Channel '[id: 0xf524ebe9, L:/127.0.0.1:56994 - R:localhost/127.0.0.1:46761]' for 'POST' to 'http://localhost:46761/session/08c5ef6a9a8a9d7f95af7d56111a251a/timeouts'
01:36:13.092 [Forwarding setTimeout on session 08c5ef6a9a8a9d7f95af7d56111a251a to remote] DEBUG org.asynchttpclient.netty.request.NettyRequestSender - Using open Channel [id: 0xf524ebe9, L:/127.0.0.1:56994 - R:localhost/127.0.0.1:46761] for POST '/session/08c5ef6a9a8a9d7f95af7d56111a251a/timeouts'
01:36:13.094 [AsyncHttpClient-1-2] DEBUG org.asynchttpclient.netty.handler.HttpHandler - 

Request DefaultHttpRequest(decodeResult: success, version: HTTP/1.1)
POST /session/08c5ef6a9a8a9d7f95af7d56111a251a/timeouts HTTP/1.1
User-Agent: selenium/4.8.1 (java windows)
Content-Length: 22
Content-Type: application/json; charset=utf-8
host: localhost:46761
accept: */*

Response DefaultHttpResponse(decodeResult: success, version: HTTP/1.1)
HTTP/1.1 200 OK
Content-Length: 14
Content-Type: application/json; charset=utf-8
cache-control: no-cache

01:36:13.094 [AsyncHttpClient-1-2] DEBUG org.asynchttpclient.netty.channel.ChannelManager - Adding key: http://localhost:46761 for channel [id: 0xf524ebe9, L:/127.0.0.1:56994 - R:localhost/127.0.0.1:46761]
01:36:13.114 [main] DEBUG net.serenitybdd.core.photography.Darkroom - Opening darkroom
01:36:13.115 [Darkroom Processing Line] DEBUG net.serenitybdd.core.photography.DarkroomProcessingLine - Darkroom processing line starting up
01:36:13.123 [Forwarding getAlertText on session 08c5ef6a9a8a9d7f95af7d56111a251a to remote] DEBUG org.asynchttpclient.netty.request.NettyRequestSender - Using pooled Channel '[id: 0xf524ebe9, L:/127.0.0.1:56994 - R:localhost/127.0.0.1:46761]' for 'GET' to 'http://localhost:46761/session/08c5ef6a9a8a9d7f95af7d56111a251a/alert/text'
01:36:13.123 [Forwarding getAlertText on session 08c5ef6a9a8a9d7f95af7d56111a251a to remote] DEBUG org.asynchttpclient.netty.request.NettyRequestSender - Using open Channel [id: 0xf524ebe9, L:/127.0.0.1:56994 - R:localhost/127.0.0.1:46761] for GET '/session/08c5ef6a9a8a9d7f95af7d56111a251a/alert/text'
01:36:13.125 [AsyncHttpClient-1-2] DEBUG org.asynchttpclient.netty.handler.HttpHandler - 

Request DefaultFullHttpRequest(decodeResult: success, version: HTTP/1.1, content: EmptyByteBufBE)
GET /session/08c5ef6a9a8a9d7f95af7d56111a251a/alert/text HTTP/1.1
User-Agent: selenium/4.8.1 (java windows)
Cache-Control: no-cache
Content-Type: application/json; charset=utf-8
host: localhost:46761
accept: */*

Response DefaultHttpResponse(decodeResult: success, version: HTTP/1.1)
HTTP/1.1 404 Not Found
Content-Length: 835
Content-Type: application/json; charset=utf-8
cache-control: no-cache

01:36:13.125 [AsyncHttpClient-1-2] DEBUG org.asynchttpclient.netty.channel.ChannelManager - Adding key: http://localhost:46761 for channel [id: 0xf524ebe9, L:/127.0.0.1:56994 - R:localhost/127.0.0.1:46761]
01:36:13.132 [Forwarding getCurrentUrl on session 08c5ef6a9a8a9d7f95af7d56111a251a to remote] DEBUG org.asynchttpclient.netty.request.NettyRequestSender - Using pooled Channel '[id: 0xf524ebe9, L:/127.0.0.1:56994 - R:localhost/127.0.0.1:46761]' for 'GET' to 'http://localhost:46761/session/08c5ef6a9a8a9d7f95af7d56111a251a/url'
01:36:13.132 [Forwarding getCurrentUrl on session 08c5ef6a9a8a9d7f95af7d56111a251a to remote] DEBUG org.asynchttpclient.netty.request.NettyRequestSender - Using open Channel [id: 0xf524ebe9, L:/127.0.0.1:56994 - R:localhost/127.0.0.1:46761] for GET '/session/08c5ef6a9a8a9d7f95af7d56111a251a/url'
01:36:13.136 [AsyncHttpClient-1-2] DEBUG org.asynchttpclient.netty.handler.HttpHandler - 

Request DefaultFullHttpRequest(decodeResult: success, version: HTTP/1.1, content: EmptyByteBufBE)
GET /session/08c5ef6a9a8a9d7f95af7d56111a251a/url HTTP/1.1
User-Agent: selenium/4.8.1 (java windows)
Cache-Control: no-cache
Content-Type: application/json; charset=utf-8
host: localhost:46761
accept: */*

Response DefaultHttpResponse(decodeResult: success, version: HTTP/1.1)
HTTP/1.1 200 OK
Content-Length: 36
Content-Type: application/json; charset=utf-8
cache-control: no-cache

01:36:13.136 [AsyncHttpClient-1-2] DEBUG org.asynchttpclient.netty.channel.ChannelManager - Adding key: http://localhost:46761 for channel [id: 0xf524ebe9, L:/127.0.0.1:56994 - R:localhost/127.0.0.1:46761]
01:36:13.138 [Forwarding screenshot on session 08c5ef6a9a8a9d7f95af7d56111a251a to remote] DEBUG org.asynchttpclient.netty.request.NettyRequestSender - Using pooled Channel '[id: 0xf524ebe9, L:/127.0.0.1:56994 - R:localhost/127.0.0.1:46761]' for 'GET' to 'http://localhost:46761/session/08c5ef6a9a8a9d7f95af7d56111a251a/screenshot'
01:36:13.139 [Forwarding screenshot on session 08c5ef6a9a8a9d7f95af7d56111a251a to remote] DEBUG org.asynchttpclient.netty.request.NettyRequestSender - Using open Channel [id: 0xf524ebe9, L:/127.0.0.1:56994 - R:localhost/127.0.0.1:46761] for GET '/session/08c5ef6a9a8a9d7f95af7d56111a251a/screenshot'
01:36:13.297 [AsyncHttpClient-1-2] DEBUG org.asynchttpclient.netty.handler.HttpHandler - 

Request DefaultFullHttpRequest(decodeResult: success, version: HTTP/1.1, content: EmptyByteBufBE)
GET /session/08c5ef6a9a8a9d7f95af7d56111a251a/screenshot HTTP/1.1
User-Agent: selenium/4.8.1 (java windows)
Cache-Control: no-cache
Content-Type: application/json; charset=utf-8
host: localhost:46761
accept: */*

Response DefaultHttpResponse(decodeResult: success, version: HTTP/1.1)
HTTP/1.1 200 OK
Content-Length: 528708
Content-Type: application/json; charset=utf-8
cache-control: no-cache

01:36:13.300 [AsyncHttpClient-1-2] DEBUG org.asynchttpclient.netty.channel.ChannelManager - Adding key: http://localhost:46761 for channel [id: 0xf524ebe9, L:/127.0.0.1:56994 - R:localhost/127.0.0.1:46761]
01:36:13.360 [main] DEBUG net.serenitybdd.core.photography.Darkroom - Send negative for processing for target\site\serenity\208f4568a17452920c723be76a5654ada0dbfcaa4b9a8ef77e175606945f197f.png
01:36:13.361 [Darkroom Processing Line] DEBUG net.serenitybdd.core.photography.DarkroomProcessingLine - Processing screenshot image in /var/screenshots/screenshot-8965466073005222526
01:36:13.361 [Darkroom Processing Line] DEBUG net.serenitybdd.core.photography.DarkroomProcessingLine - Saving screenshot to target\site\serenity\208f4568a17452920c723be76a5654ada0dbfcaa4b9a8ef77e175606945f197f.png
01:36:13.363 [main] DEBUG net.thucydides.core.steps.StepInterceptor - STEP DONE: openPage
01:36:13.372 [Forwarding getPageSource on session 08c5ef6a9a8a9d7f95af7d56111a251a to remote] DEBUG org.asynchttpclient.netty.request.NettyRequestSender - Using pooled Channel '[id: 0xf524ebe9, L:/127.0.0.1:56994 - R:localhost/127.0.0.1:46761]' for 'POST' to 'http://localhost:46761/session/08c5ef6a9a8a9d7f95af7d56111a251a/execute/sync'
01:36:13.372 [Forwarding getPageSource on session 08c5ef6a9a8a9d7f95af7d56111a251a to remote] DEBUG org.asynchttpclient.netty.request.NettyRequestSender - Using open Channel [id: 0xf524ebe9, L:/127.0.0.1:56994 - R:localhost/127.0.0.1:46761] for POST '/session/08c5ef6a9a8a9d7f95af7d56111a251a/execute/sync'
01:36:13.387 [AsyncHttpClient-1-2] DEBUG org.asynchttpclient.netty.handler.HttpHandler - 

Request DefaultHttpRequest(decodeResult: success, version: HTTP/1.1)
POST /session/08c5ef6a9a8a9d7f95af7d56111a251a/execute/sync HTTP/1.1
User-Agent: selenium/4.8.1 (java windows)
Content-Length: 176
Content-Type: application/json; charset=utf-8
host: localhost:46761
accept: */*

Response DefaultHttpResponse(decodeResult: success, version: HTTP/1.1)
HTTP/1.1 200 OK
Content-Length: 182088
Content-Type: application/json; charset=utf-8
cache-control: no-cache

01:36:13.388 [AsyncHttpClient-1-2] DEBUG org.asynchttpclient.netty.channel.ChannelManager - Adding key: http://localhost:46761 for channel [id: 0xf524ebe9, L:/127.0.0.1:56994 - R:localhost/127.0.0.1:46761]
01:36:13.522 [Forwarding getCurrentUrl on session 08c5ef6a9a8a9d7f95af7d56111a251a to remote] DEBUG org.asynchttpclient.netty.request.NettyRequestSender - Using pooled Channel '[id: 0xf524ebe9, L:/127.0.0.1:56994 - R:localhost/127.0.0.1:46761]' for 'GET' to 'http://localhost:46761/session/08c5ef6a9a8a9d7f95af7d56111a251a/url'
01:36:13.522 [Forwarding getCurrentUrl on session 08c5ef6a9a8a9d7f95af7d56111a251a to remote] DEBUG org.asynchttpclient.netty.request.NettyRequestSender - Using open Channel [id: 0xf524ebe9, L:/127.0.0.1:56994 - R:localhost/127.0.0.1:46761] for GET '/session/08c5ef6a9a8a9d7f95af7d56111a251a/url'
01:36:13.525 [AsyncHttpClient-1-2] DEBUG org.asynchttpclient.netty.handler.HttpHandler - 

Request DefaultFullHttpRequest(decodeResult: success, version: HTTP/1.1, content: EmptyByteBufBE)
GET /session/08c5ef6a9a8a9d7f95af7d56111a251a/url HTTP/1.1
User-Agent: selenium/4.8.1 (java windows)
Cache-Control: no-cache
Content-Type: application/json; charset=utf-8
host: localhost:46761
accept: */*

Response DefaultHttpResponse(decodeResult: success, version: HTTP/1.1)
HTTP/1.1 200 OK
Content-Length: 36
Content-Type: application/json; charset=utf-8
cache-control: no-cache

01:36:13.525 [AsyncHttpClient-1-2] DEBUG org.asynchttpclient.netty.channel.ChannelManager - Adding key: http://localhost:46761 for channel [id: 0xf524ebe9, L:/127.0.0.1:56994 - R:localhost/127.0.0.1:46761]
01:36:13.528 [main] DEBUG net.thucydides.core.steps.StepInterceptor - STARTING STEP: LoginSteps.onTheLoginPage - validateOnLoginPage
01:36:13.536 [Forwarding findElement on session 08c5ef6a9a8a9d7f95af7d56111a251a to remote] DEBUG org.asynchttpclient.netty.request.NettyRequestSender - Using pooled Channel '[id: 0xf524ebe9, L:/127.0.0.1:56994 - R:localhost/127.0.0.1:46761]' for 'POST' to 'http://localhost:46761/session/08c5ef6a9a8a9d7f95af7d56111a251a/element'
01:36:13.536 [Forwarding findElement on session 08c5ef6a9a8a9d7f95af7d56111a251a to remote] DEBUG org.asynchttpclient.netty.request.NettyRequestSender - Using open Channel [id: 0xf524ebe9, L:/127.0.0.1:56994 - R:localhost/127.0.0.1:46761] for POST '/session/08c5ef6a9a8a9d7f95af7d56111a251a/element'
01:36:13.550 [AsyncHttpClient-1-2] DEBUG org.asynchttpclient.netty.handler.HttpHandler - 

Request DefaultHttpRequest(decodeResult: success, version: HTTP/1.1)
POST /session/08c5ef6a9a8a9d7f95af7d56111a251a/element HTTP/1.1
User-Agent: selenium/4.8.1 (java windows)
Content-Length: 62
Content-Type: application/json; charset=utf-8
host: localhost:46761
accept: */*

Response DefaultHttpResponse(decodeResult: success, version: HTTP/1.1)
HTTP/1.1 200 OK
Content-Length: 88
Content-Type: application/json; charset=utf-8
cache-control: no-cache

01:36:13.551 [AsyncHttpClient-1-2] DEBUG org.asynchttpclient.netty.channel.ChannelManager - Adding key: http://localhost:46761 for channel [id: 0xf524ebe9, L:/127.0.0.1:56994 - R:localhost/127.0.0.1:46761]
01:36:13.565 [Forwarding isElementDisplayed on session 08c5ef6a9a8a9d7f95af7d56111a251a to remote] DEBUG org.asynchttpclient.netty.request.NettyRequestSender - Using pooled Channel '[id: 0xf524ebe9, L:/127.0.0.1:56994 - R:localhost/127.0.0.1:46761]' for 'POST' to 'http://localhost:46761/session/08c5ef6a9a8a9d7f95af7d56111a251a/execute/sync'
01:36:13.565 [Forwarding isElementDisplayed on session 08c5ef6a9a8a9d7f95af7d56111a251a to remote] DEBUG org.asynchttpclient.netty.request.NettyRequestSender - Using open Channel [id: 0xf524ebe9, L:/127.0.0.1:56994 - R:localhost/127.0.0.1:46761] for POST '/session/08c5ef6a9a8a9d7f95af7d56111a251a/execute/sync'
01:36:13.581 [AsyncHttpClient-1-2] DEBUG org.asynchttpclient.netty.handler.HttpHandler - 

Request DefaultHttpRequest(decodeResult: success, version: HTTP/1.1)
POST /session/08c5ef6a9a8a9d7f95af7d56111a251a/execute/sync HTTP/1.1
User-Agent: selenium/4.8.1 (java windows)
Content-Length: 48807
Content-Type: application/json; charset=utf-8
host: localhost:46761
accept: */*

Response DefaultHttpResponse(decodeResult: success, version: HTTP/1.1)
HTTP/1.1 200 OK
Content-Length: 14
Content-Type: application/json; charset=utf-8
cache-control: no-cache

01:36:13.582 [AsyncHttpClient-1-2] DEBUG org.asynchttpclient.netty.channel.ChannelManager - Adding key: http://localhost:46761 for channel [id: 0xf524ebe9, L:/127.0.0.1:56994 - R:localhost/127.0.0.1:46761]
01:36:13.589 [Forwarding getAlertText on session 08c5ef6a9a8a9d7f95af7d56111a251a to remote] DEBUG org.asynchttpclient.netty.request.NettyRequestSender - Using pooled Channel '[id: 0xf524ebe9, L:/127.0.0.1:56994 - R:localhost/127.0.0.1:46761]' for 'GET' to 'http://localhost:46761/session/08c5ef6a9a8a9d7f95af7d56111a251a/alert/text'
01:36:13.589 [Forwarding getAlertText on session 08c5ef6a9a8a9d7f95af7d56111a251a to remote] DEBUG org.asynchttpclient.netty.request.NettyRequestSender - Using open Channel [id: 0xf524ebe9, L:/127.0.0.1:56994 - R:localhost/127.0.0.1:46761] for GET '/session/08c5ef6a9a8a9d7f95af7d56111a251a/alert/text'
01:36:13.592 [AsyncHttpClient-1-2] DEBUG org.asynchttpclient.netty.handler.HttpHandler - 

Request DefaultFullHttpRequest(decodeResult: success, version: HTTP/1.1, content: EmptyByteBufBE)
GET /session/08c5ef6a9a8a9d7f95af7d56111a251a/alert/text HTTP/1.1
User-Agent: selenium/4.8.1 (java windows)
Cache-Control: no-cache
Content-Type: application/json; charset=utf-8
host: localhost:46761
accept: */*

Response DefaultHttpResponse(decodeResult: success, version: HTTP/1.1)
HTTP/1.1 404 Not Found
Content-Length: 835
Content-Type: application/json; charset=utf-8
cache-control: no-cache

01:36:13.592 [AsyncHttpClient-1-2] DEBUG org.asynchttpclient.netty.channel.ChannelManager - Adding key: http://localhost:46761 for channel [id: 0xf524ebe9, L:/127.0.0.1:56994 - R:localhost/127.0.0.1:46761]
01:36:13.596 [Forwarding getCurrentUrl on session 08c5ef6a9a8a9d7f95af7d56111a251a to remote] DEBUG org.asynchttpclient.netty.request.NettyRequestSender - Using pooled Channel '[id: 0xf524ebe9, L:/127.0.0.1:56994 - R:localhost/127.0.0.1:46761]' for 'GET' to 'http://localhost:46761/session/08c5ef6a9a8a9d7f95af7d56111a251a/url'
01:36:13.596 [Forwarding getCurrentUrl on session 08c5ef6a9a8a9d7f95af7d56111a251a to remote] DEBUG org.asynchttpclient.netty.request.NettyRequestSender - Using open Channel [id: 0xf524ebe9, L:/127.0.0.1:56994 - R:localhost/127.0.0.1:46761] for GET '/session/08c5ef6a9a8a9d7f95af7d56111a251a/url'
01:36:13.601 [AsyncHttpClient-1-2] DEBUG org.asynchttpclient.netty.handler.HttpHandler - 

Request DefaultFullHttpRequest(decodeResult: success, version: HTTP/1.1, content: EmptyByteBufBE)
GET /session/08c5ef6a9a8a9d7f95af7d56111a251a/url HTTP/1.1
User-Agent: selenium/4.8.1 (java windows)
Cache-Control: no-cache
Content-Type: application/json; charset=utf-8
host: localhost:46761
accept: */*

Response DefaultHttpResponse(decodeResult: success, version: HTTP/1.1)
HTTP/1.1 200 OK
Content-Length: 36
Content-Type: application/json; charset=utf-8
cache-control: no-cache

01:36:13.602 [AsyncHttpClient-1-2] DEBUG org.asynchttpclient.netty.channel.ChannelManager - Adding key: http://localhost:46761 for channel [id: 0xf524ebe9, L:/127.0.0.1:56994 - R:localhost/127.0.0.1:46761]
01:36:13.604 [Forwarding screenshot on session 08c5ef6a9a8a9d7f95af7d56111a251a to remote] DEBUG org.asynchttpclient.netty.request.NettyRequestSender - Using pooled Channel '[id: 0xf524ebe9, L:/127.0.0.1:56994 - R:localhost/127.0.0.1:46761]' for 'GET' to 'http://localhost:46761/session/08c5ef6a9a8a9d7f95af7d56111a251a/screenshot'
01:36:13.604 [Forwarding screenshot on session 08c5ef6a9a8a9d7f95af7d56111a251a to remote] DEBUG org.asynchttpclient.netty.request.NettyRequestSender - Using open Channel [id: 0xf524ebe9, L:/127.0.0.1:56994 - R:localhost/127.0.0.1:46761] for GET '/session/08c5ef6a9a8a9d7f95af7d56111a251a/screenshot'
01:36:13.758 [AsyncHttpClient-1-2] DEBUG org.asynchttpclient.netty.handler.HttpHandler - 

Request DefaultFullHttpRequest(decodeResult: success, version: HTTP/1.1, content: EmptyByteBufBE)
GET /session/08c5ef6a9a8a9d7f95af7d56111a251a/screenshot HTTP/1.1
User-Agent: selenium/4.8.1 (java windows)
Cache-Control: no-cache
Content-Type: application/json; charset=utf-8
host: localhost:46761
accept: */*

Response DefaultHttpResponse(decodeResult: success, version: HTTP/1.1)
HTTP/1.1 200 OK
Content-Length: 528708
Content-Type: application/json; charset=utf-8
cache-control: no-cache

01:36:13.761 [AsyncHttpClient-1-2] DEBUG org.asynchttpclient.netty.channel.ChannelManager - Adding key: http://localhost:46761 for channel [id: 0xf524ebe9, L:/127.0.0.1:56994 - R:localhost/127.0.0.1:46761]
01:36:13.771 [main] DEBUG net.serenitybdd.core.photography.Darkroom - Send negative for processing for target\site\serenity\208f4568a17452920c723be76a5654ada0dbfcaa4b9a8ef77e175606945f197f.png
01:36:13.772 [main] DEBUG net.thucydides.core.steps.StepInterceptor - STEP DONE: validateOnLoginPage
  &amp#27;[32mGiven &amp#27;[0m&amp#27;[32mI am on the Sepulsa login page&amp#27;[0m                        &amp#27;[90m# starter.stepdefintions.LoginSteps.onTheLoginPage()&amp#27;[0m
01:36:13.786 [Forwarding getPageSource on session 08c5ef6a9a8a9d7f95af7d56111a251a to remote] DEBUG org.asynchttpclient.netty.request.NettyRequestSender - Using pooled Channel '[id: 0xf524ebe9, L:/127.0.0.1:56994 - R:localhost/127.0.0.1:46761]' for 'POST' to 'http://localhost:46761/session/08c5ef6a9a8a9d7f95af7d56111a251a/execute/sync'
01:36:13.787 [Forwarding getPageSource on session 08c5ef6a9a8a9d7f95af7d56111a251a to remote] DEBUG org.asynchttpclient.netty.request.NettyRequestSender - Using open Channel [id: 0xf524ebe9, L:/127.0.0.1:56994 - R:localhost/127.0.0.1:46761] for POST '/session/08c5ef6a9a8a9d7f95af7d56111a251a/execute/sync'
01:36:13.803 [AsyncHttpClient-1-2] DEBUG org.asynchttpclient.netty.handler.HttpHandler - 

Request DefaultHttpRequest(decodeResult: success, version: HTTP/1.1)
POST /session/08c5ef6a9a8a9d7f95af7d56111a251a/execute/sync HTTP/1.1
User-Agent: selenium/4.8.1 (java windows)
Content-Length: 176
Content-Type: application/json; charset=utf-8
host: localhost:46761
accept: */*

Response DefaultHttpResponse(decodeResult: success, version: HTTP/1.1)
HTTP/1.1 200 OK
Content-Length: 182088
Content-Type: application/json; charset=utf-8
cache-control: no-cache

01:36:13.804 [AsyncHttpClient-1-2] DEBUG org.asynchttpclient.netty.channel.ChannelManager - Adding key: http://localhost:46761 for channel [id: 0xf524ebe9, L:/127.0.0.1:56994 - R:localhost/127.0.0.1:46761]
01:36:13.818 [Forwarding getCurrentUrl on session 08c5ef6a9a8a9d7f95af7d56111a251a to remote] DEBUG org.asynchttpclient.netty.request.NettyRequestSender - Using pooled Channel '[id: 0xf524ebe9, L:/127.0.0.1:56994 - R:localhost/127.0.0.1:46761]' for 'GET' to 'http://localhost:46761/session/08c5ef6a9a8a9d7f95af7d56111a251a/url'
01:36:13.818 [Forwarding getCurrentUrl on session 08c5ef6a9a8a9d7f95af7d56111a251a to remote] DEBUG org.asynchttpclient.netty.request.NettyRequestSender - Using open Channel [id: 0xf524ebe9, L:/127.0.0.1:56994 - R:localhost/127.0.0.1:46761] for GET '/session/08c5ef6a9a8a9d7f95af7d56111a251a/url'
01:36:13.822 [AsyncHttpClient-1-2] DEBUG org.asynchttpclient.netty.handler.HttpHandler - 

Request DefaultFullHttpRequest(decodeResult: success, version: HTTP/1.1, content: EmptyByteBufBE)
GET /session/08c5ef6a9a8a9d7f95af7d56111a251a/url HTTP/1.1
User-Agent: selenium/4.8.1 (java windows)
Cache-Control: no-cache
Content-Type: application/json; charset=utf-8
host: localhost:46761
accept: */*

Response DefaultHttpResponse(decodeResult: success, version: HTTP/1.1)
HTTP/1.1 200 OK
Content-Length: 36
Content-Type: application/json; charset=utf-8
cache-control: no-cache

01:36:13.822 [AsyncHttpClient-1-2] DEBUG org.asynchttpclient.netty.channel.ChannelManager - Adding key: http://localhost:46761 for channel [id: 0xf524ebe9, L:/127.0.0.1:56994 - R:localhost/127.0.0.1:46761]
01:36:13.832 [Forwarding getAlertText on session 08c5ef6a9a8a9d7f95af7d56111a251a to remote] DEBUG org.asynchttpclient.netty.request.NettyRequestSender - Using pooled Channel '[id: 0xf524ebe9, L:/127.0.0.1:56994 - R:localhost/127.0.0.1:46761]' for 'GET' to 'http://localhost:46761/session/08c5ef6a9a8a9d7f95af7d56111a251a/alert/text'
01:36:13.832 [Forwarding getAlertText on session 08c5ef6a9a8a9d7f95af7d56111a251a to remote] DEBUG org.asynchttpclient.netty.request.NettyRequestSender - Using open Channel [id: 0xf524ebe9, L:/127.0.0.1:56994 - R:localhost/127.0.0.1:46761] for GET '/session/08c5ef6a9a8a9d7f95af7d56111a251a/alert/text'
01:36:13.833 [AsyncHttpClient-1-2] DEBUG org.asynchttpclient.netty.handler.HttpHandler - 

Request DefaultFullHttpRequest(decodeResult: success, version: HTTP/1.1, content: EmptyByteBufBE)
GET /session/08c5ef6a9a8a9d7f95af7d56111a251a/alert/text HTTP/1.1
User-Agent: selenium/4.8.1 (java windows)
Cache-Control: no-cache
Content-Type: application/json; charset=utf-8
host: localhost:46761
accept: */*

Response DefaultHttpResponse(decodeResult: success, version: HTTP/1.1)
HTTP/1.1 404 Not Found
Content-Length: 835
Content-Type: application/json; charset=utf-8
cache-control: no-cache

01:36:13.833 [AsyncHttpClient-1-2] DEBUG org.asynchttpclient.netty.channel.ChannelManager - Adding key: http://localhost:46761 for channel [id: 0xf524ebe9, L:/127.0.0.1:56994 - R:localhost/127.0.0.1:46761]
01:36:13.835 [Forwarding getCurrentUrl on session 08c5ef6a9a8a9d7f95af7d56111a251a to remote] DEBUG org.asynchttpclient.netty.request.NettyRequestSender - Using pooled Channel '[id: 0xf524ebe9, L:/127.0.0.1:56994 - R:localhost/127.0.0.1:46761]' for 'GET' to 'http://localhost:46761/session/08c5ef6a9a8a9d7f95af7d56111a251a/url'
01:36:13.836 [Forwarding getCurrentUrl on session 08c5ef6a9a8a9d7f95af7d56111a251a to remote] DEBUG org.asynchttpclient.netty.request.NettyRequestSender - Using open Channel [id: 0xf524ebe9, L:/127.0.0.1:56994 - R:localhost/127.0.0.1:46761] for GET '/session/08c5ef6a9a8a9d7f95af7d56111a251a/url'
01:36:13.839 [AsyncHttpClient-1-2] DEBUG org.asynchttpclient.netty.handler.HttpHandler - 

Request DefaultFullHttpRequest(decodeResult: success, version: HTTP/1.1, content: EmptyByteBufBE)
GET /session/08c5ef6a9a8a9d7f95af7d56111a251a/url HTTP/1.1
User-Agent: selenium/4.8.1 (java windows)
Cache-Control: no-cache
Content-Type: application/json; charset=utf-8
host: localhost:46761
accept: */*

Response DefaultHttpResponse(decodeResult: success, version: HTTP/1.1)
HTTP/1.1 200 OK
Content-Length: 36
Content-Type: application/json; charset=utf-8
cache-control: no-cache

01:36:13.839 [AsyncHttpClient-1-2] DEBUG org.asynchttpclient.netty.channel.ChannelManager - Adding key: http://localhost:46761 for channel [id: 0xf524ebe9, L:/127.0.0.1:56994 - R:localhost/127.0.0.1:46761]
01:36:13.840 [Forwarding screenshot on session 08c5ef6a9a8a9d7f95af7d56111a251a to remote] DEBUG org.asynchttpclient.netty.request.NettyRequestSender - Using pooled Channel '[id: 0xf524ebe9, L:/127.0.0.1:56994 - R:localhost/127.0.0.1:46761]' for 'GET' to 'http://localhost:46761/session/08c5ef6a9a8a9d7f95af7d56111a251a/screenshot'
01:36:13.840 [Forwarding screenshot on session 08c5ef6a9a8a9d7f95af7d56111a251a to remote] DEBUG org.asynchttpclient.netty.request.NettyRequestSender - Using open Channel [id: 0xf524ebe9, L:/127.0.0.1:56994 - R:localhost/127.0.0.1:46761] for GET '/session/08c5ef6a9a8a9d7f95af7d56111a251a/screenshot'
01:36:13.996 [AsyncHttpClient-1-2] DEBUG org.asynchttpclient.netty.handler.HttpHandler - 

Request DefaultFullHttpRequest(decodeResult: success, version: HTTP/1.1, content: EmptyByteBufBE)
GET /session/08c5ef6a9a8a9d7f95af7d56111a251a/screenshot HTTP/1.1
User-Agent: selenium/4.8.1 (java windows)
Cache-Control: no-cache
Content-Type: application/json; charset=utf-8
host: localhost:46761
accept: */*

Response DefaultHttpResponse(decodeResult: success, version: HTTP/1.1)
HTTP/1.1 200 OK
Content-Length: 528708
Content-Type: application/json; charset=utf-8
cache-control: no-cache

01:36:13.998 [AsyncHttpClient-1-2] DEBUG org.asynchttpclient.netty.channel.ChannelManager - Adding key: http://localhost:46761 for channel [id: 0xf524ebe9, L:/127.0.0.1:56994 - R:localhost/127.0.0.1:46761]
01:36:14.009 [main] DEBUG net.serenitybdd.core.photography.Darkroom - Send negative for processing for target\site\serenity\208f4568a17452920c723be76a5654ada0dbfcaa4b9a8ef77e175606945f197f.png
01:36:14.011 [Forwarding getPageSource on session 08c5ef6a9a8a9d7f95af7d56111a251a to remote] DEBUG org.asynchttpclient.netty.request.NettyRequestSender - Using pooled Channel '[id: 0xf524ebe9, L:/127.0.0.1:56994 - R:localhost/127.0.0.1:46761]' for 'POST' to 'http://localhost:46761/session/08c5ef6a9a8a9d7f95af7d56111a251a/execute/sync'
01:36:14.011 [Forwarding getPageSource on session 08c5ef6a9a8a9d7f95af7d56111a251a to remote] DEBUG org.asynchttpclient.netty.request.NettyRequestSender - Using open Channel [id: 0xf524ebe9, L:/127.0.0.1:56994 - R:localhost/127.0.0.1:46761] for POST '/session/08c5ef6a9a8a9d7f95af7d56111a251a/execute/sync'
01:36:14.024 [AsyncHttpClient-1-2] DEBUG org.asynchttpclient.netty.handler.HttpHandler - 

Request DefaultHttpRequest(decodeResult: success, version: HTTP/1.1)
POST /session/08c5ef6a9a8a9d7f95af7d56111a251a/execute/sync HTTP/1.1
User-Agent: selenium/4.8.1 (java windows)
Content-Length: 176
Content-Type: application/json; charset=utf-8
host: localhost:46761
accept: */*

Response DefaultHttpResponse(decodeResult: success, version: HTTP/1.1)
HTTP/1.1 200 OK
Content-Length: 182088
Content-Type: application/json; charset=utf-8
cache-control: no-cache

01:36:14.025 [AsyncHttpClient-1-2] DEBUG org.asynchttpclient.netty.channel.ChannelManager - Adding key: http://localhost:46761 for channel [id: 0xf524ebe9, L:/127.0.0.1:56994 - R:localhost/127.0.0.1:46761]
01:36:14.040 [Forwarding getCurrentUrl on session 08c5ef6a9a8a9d7f95af7d56111a251a to remote] DEBUG org.asynchttpclient.netty.request.NettyRequestSender - Using pooled Channel '[id: 0xf524ebe9, L:/127.0.0.1:56994 - R:localhost/127.0.0.1:46761]' for 'GET' to 'http://localhost:46761/session/08c5ef6a9a8a9d7f95af7d56111a251a/url'
01:36:14.040 [Forwarding getCurrentUrl on session 08c5ef6a9a8a9d7f95af7d56111a251a to remote] DEBUG org.asynchttpclient.netty.request.NettyRequestSender - Using open Channel [id: 0xf524ebe9, L:/127.0.0.1:56994 - R:localhost/127.0.0.1:46761] for GET '/session/08c5ef6a9a8a9d7f95af7d56111a251a/url'
01:36:14.044 [AsyncHttpClient-1-2] DEBUG org.asynchttpclient.netty.handler.HttpHandler - 

Request DefaultFullHttpRequest(decodeResult: success, version: HTTP/1.1, content: EmptyByteBufBE)
GET /session/08c5ef6a9a8a9d7f95af7d56111a251a/url HTTP/1.1
User-Agent: selenium/4.8.1 (java windows)
Cache-Control: no-cache
Content-Type: application/json; charset=utf-8
host: localhost:46761
accept: */*

Response DefaultHttpResponse(decodeResult: success, version: HTTP/1.1)
HTTP/1.1 200 OK
Content-Length: 36
Content-Type: application/json; charset=utf-8
cache-control: no-cache

01:36:14.044 [AsyncHttpClient-1-2] DEBUG org.asynchttpclient.netty.channel.ChannelManager - Adding key: http://localhost:46761 for channel [id: 0xf524ebe9, L:/127.0.0.1:56994 - R:localhost/127.0.0.1:46761]
01:36:14.046 [main] DEBUG net.thucydides.core.steps.StepInterceptor - STARTING STEP: LoginSteps.clickLoginButton - clickLoginButton
01:36:14.050 [Forwarding findElement on session 08c5ef6a9a8a9d7f95af7d56111a251a to remote] DEBUG org.asynchttpclient.netty.request.NettyRequestSender - Using pooled Channel '[id: 0xf524ebe9, L:/127.0.0.1:56994 - R:localhost/127.0.0.1:46761]' for 'POST' to 'http://localhost:46761/session/08c5ef6a9a8a9d7f95af7d56111a251a/element'
01:36:14.050 [Forwarding findElement on session 08c5ef6a9a8a9d7f95af7d56111a251a to remote] DEBUG org.asynchttpclient.netty.request.NettyRequestSender - Using open Channel [id: 0xf524ebe9, L:/127.0.0.1:56994 - R:localhost/127.0.0.1:46761] for POST '/session/08c5ef6a9a8a9d7f95af7d56111a251a/element'
01:36:14.056 [AsyncHttpClient-1-2] DEBUG org.asynchttpclient.netty.handler.HttpHandler - 

Request DefaultHttpRequest(decodeResult: success, version: HTTP/1.1)
POST /session/08c5ef6a9a8a9d7f95af7d56111a251a/element HTTP/1.1
User-Agent: selenium/4.8.1 (java windows)
Content-Length: 62
Content-Type: application/json; charset=utf-8
host: localhost:46761
accept: */*

Response DefaultHttpResponse(decodeResult: success, version: HTTP/1.1)
HTTP/1.1 200 OK
Content-Length: 88
Content-Type: application/json; charset=utf-8
cache-control: no-cache

01:36:14.057 [AsyncHttpClient-1-2] DEBUG org.asynchttpclient.netty.channel.ChannelManager - Adding key: http://localhost:46761 for channel [id: 0xf524ebe9, L:/127.0.0.1:56994 - R:localhost/127.0.0.1:46761]
01:36:14.059 [Forwarding getElementTagName on session 08c5ef6a9a8a9d7f95af7d56111a251a to remote] DEBUG org.asynchttpclient.netty.request.NettyRequestSender - Using pooled Channel '[id: 0xf524ebe9, L:/127.0.0.1:56994 - R:localhost/127.0.0.1:46761]' for 'GET' to 'http://localhost:46761/session/08c5ef6a9a8a9d7f95af7d56111a251a/element/fe872b44-2c3e-4aaa-8461-59d1c6f82026/name'
01:36:14.059 [Forwarding getElementTagName on session 08c5ef6a9a8a9d7f95af7d56111a251a to remote] DEBUG org.asynchttpclient.netty.request.NettyRequestSender - Using open Channel [id: 0xf524ebe9, L:/127.0.0.1:56994 - R:localhost/127.0.0.1:46761] for GET '/session/08c5ef6a9a8a9d7f95af7d56111a251a/element/fe872b44-2c3e-4aaa-8461-59d1c6f82026/name'
01:36:14.062 [AsyncHttpClient-1-2] DEBUG org.asynchttpclient.netty.handler.HttpHandler - 

Request DefaultFullHttpRequest(decodeResult: success, version: HTTP/1.1, content: EmptyByteBufBE)
GET /session/08c5ef6a9a8a9d7f95af7d56111a251a/element/fe872b44-2c3e-4aaa-8461-59d1c6f82026/name HTTP/1.1
User-Agent: selenium/4.8.1 (java windows)
Cache-Control: no-cache
Content-Type: application/json; charset=utf-8
host: localhost:46761
accept: */*

Response DefaultHttpResponse(decodeResult: success, version: HTTP/1.1)
HTTP/1.1 200 OK
Content-Length: 16
Content-Type: application/json; charset=utf-8
cache-control: no-cache

01:36:14.063 [AsyncHttpClient-1-2] DEBUG org.asynchttpclient.netty.channel.ChannelManager - Adding key: http://localhost:46761 for channel [id: 0xf524ebe9, L:/127.0.0.1:56994 - R:localhost/127.0.0.1:46761]
01:36:14.064 [Forwarding getElementTagName on session 08c5ef6a9a8a9d7f95af7d56111a251a to remote] DEBUG org.asynchttpclient.netty.request.NettyRequestSender - Using pooled Channel '[id: 0xf524ebe9, L:/127.0.0.1:56994 - R:localhost/127.0.0.1:46761]' for 'GET' to 'http://localhost:46761/session/08c5ef6a9a8a9d7f95af7d56111a251a/element/fe872b44-2c3e-4aaa-8461-59d1c6f82026/name'
01:36:14.064 [Forwarding getElementTagName on session 08c5ef6a9a8a9d7f95af7d56111a251a to remote] DEBUG org.asynchttpclient.netty.request.NettyRequestSender - Using open Channel [id: 0xf524ebe9, L:/127.0.0.1:56994 - R:localhost/127.0.0.1:46761] for GET '/session/08c5ef6a9a8a9d7f95af7d56111a251a/element/fe872b44-2c3e-4aaa-8461-59d1c6f82026/name'
01:36:14.067 [AsyncHttpClient-1-2] DEBUG org.asynchttpclient.netty.handler.HttpHandler - 

Request DefaultFullHttpRequest(decodeResult: success, version: HTTP/1.1, content: EmptyByteBufBE)
GET /session/08c5ef6a9a8a9d7f95af7d56111a251a/element/fe872b44-2c3e-4aaa-8461-59d1c6f82026/name HTTP/1.1
User-Agent: selenium/4.8.1 (java windows)
Cache-Control: no-cache
Content-Type: application/json; charset=utf-8
host: localhost:46761
accept: */*

Response DefaultHttpResponse(decodeResult: success, version: HTTP/1.1)
HTTP/1.1 200 OK
Content-Length: 16
Content-Type: application/json; charset=utf-8
cache-control: no-cache

01:36:14.068 [AsyncHttpClient-1-2] DEBUG org.asynchttpclient.netty.channel.ChannelManager - Adding key: http://localhost:46761 for channel [id: 0xf524ebe9, L:/127.0.0.1:56994 - R:localhost/127.0.0.1:46761]
01:36:14.070 [Forwarding findElement on session 08c5ef6a9a8a9d7f95af7d56111a251a to remote] DEBUG org.asynchttpclient.netty.request.NettyRequestSender - Using pooled Channel '[id: 0xf524ebe9, L:/127.0.0.1:56994 - R:localhost/127.0.0.1:46761]' for 'POST' to 'http://localhost:46761/session/08c5ef6a9a8a9d7f95af7d56111a251a/element'
01:36:14.070 [Forwarding findElement on session 08c5ef6a9a8a9d7f95af7d56111a251a to remote] DEBUG org.asynchttpclient.netty.request.NettyRequestSender - Using open Channel [id: 0xf524ebe9, L:/127.0.0.1:56994 - R:localhost/127.0.0.1:46761] for POST '/session/08c5ef6a9a8a9d7f95af7d56111a251a/element'
01:36:14.075 [AsyncHttpClient-1-2] DEBUG org.asynchttpclient.netty.handler.HttpHandler - 

Request DefaultHttpRequest(decodeResult: success, version: HTTP/1.1)
POST /session/08c5ef6a9a8a9d7f95af7d56111a251a/element HTTP/1.1
User-Agent: selenium/4.8.1 (java windows)
Content-Length: 62
Content-Type: application/json; charset=utf-8
host: localhost:46761
accept: */*

Response DefaultHttpResponse(decodeResult: success, version: HTTP/1.1)
HTTP/1.1 200 OK
Content-Length: 88
Content-Type: application/json; charset=utf-8
cache-control: no-cache

01:36:14.075 [AsyncHttpClient-1-2] DEBUG org.asynchttpclient.netty.channel.ChannelManager - Adding key: http://localhost:46761 for channel [id: 0xf524ebe9, L:/127.0.0.1:56994 - R:localhost/127.0.0.1:46761]
01:36:14.076 [Forwarding clickElement on session 08c5ef6a9a8a9d7f95af7d56111a251a to remote] DEBUG org.asynchttpclient.netty.request.NettyRequestSender - Using pooled Channel '[id: 0xf524ebe9, L:/127.0.0.1:56994 - R:localhost/127.0.0.1:46761]' for 'POST' to 'http://localhost:46761/session/08c5ef6a9a8a9d7f95af7d56111a251a/element/fe872b44-2c3e-4aaa-8461-59d1c6f82026/click'
01:36:14.076 [Forwarding clickElement on session 08c5ef6a9a8a9d7f95af7d56111a251a to remote] DEBUG org.asynchttpclient.netty.request.NettyRequestSender - Using open Channel [id: 0xf524ebe9, L:/127.0.0.1:56994 - R:localhost/127.0.0.1:46761] for POST '/session/08c5ef6a9a8a9d7f95af7d56111a251a/element/fe872b44-2c3e-4aaa-8461-59d1c6f82026/click'
01:36:14.178 [AsyncHttpClient-1-2] DEBUG org.asynchttpclient.netty.handler.HttpHandler - 

Request DefaultHttpRequest(decodeResult: success, version: HTTP/1.1)
POST /session/08c5ef6a9a8a9d7f95af7d56111a251a/element/fe872b44-2c3e-4aaa-8461-59d1c6f82026/click HTTP/1.1
User-Agent: selenium/4.8.1 (java windows)
Content-Length: 50
Content-Type: application/json; charset=utf-8
host: localhost:46761
accept: */*

Response DefaultHttpResponse(decodeResult: success, version: HTTP/1.1)
HTTP/1.1 200 OK
Content-Length: 14
Content-Type: application/json; charset=utf-8
cache-control: no-cache

01:36:14.179 [AsyncHttpClient-1-2] DEBUG org.asynchttpclient.netty.channel.ChannelManager - Adding key: http://localhost:46761 for channel [id: 0xf524ebe9, L:/127.0.0.1:56994 - R:localhost/127.0.0.1:46761]
01:36:14.184 [AsyncHttpClient-1-1] DEBUG org.asynchttpclient.netty.channel.DefaultChannelPool - Entry count for : http://localhost:46761 : 1
01:36:14.184 [AsyncHttpClient-1-1] DEBUG org.asynchttpclient.netty.channel.DefaultChannelPool - Entry count for : http://localhost:56996 : 1
01:36:14.188 [Forwarding getAlertText on session 08c5ef6a9a8a9d7f95af7d56111a251a to remote] DEBUG org.asynchttpclient.netty.request.NettyRequestSender - Using pooled Channel '[id: 0xf524ebe9, L:/127.0.0.1:56994 - R:localhost/127.0.0.1:46761]' for 'GET' to 'http://localhost:46761/session/08c5ef6a9a8a9d7f95af7d56111a251a/alert/text'
01:36:14.188 [Forwarding getAlertText on session 08c5ef6a9a8a9d7f95af7d56111a251a to remote] DEBUG org.asynchttpclient.netty.request.NettyRequestSender - Using open Channel [id: 0xf524ebe9, L:/127.0.0.1:56994 - R:localhost/127.0.0.1:46761] for GET '/session/08c5ef6a9a8a9d7f95af7d56111a251a/alert/text'
01:36:14.203 [AsyncHttpClient-1-2] DEBUG org.asynchttpclient.netty.handler.HttpHandler - 

Request DefaultFullHttpRequest(decodeResult: success, version: HTTP/1.1, content: EmptyByteBufBE)
GET /session/08c5ef6a9a8a9d7f95af7d56111a251a/alert/text HTTP/1.1
User-Agent: selenium/4.8.1 (java windows)
Cache-Control: no-cache
Content-Type: application/json; charset=utf-8
host: localhost:46761
accept: */*

Response DefaultHttpResponse(decodeResult: success, version: HTTP/1.1)
HTTP/1.1 404 Not Found
Content-Length: 835
Content-Type: application/json; charset=utf-8
cache-control: no-cache

01:36:14.203 [AsyncHttpClient-1-2] DEBUG org.asynchttpclient.netty.channel.ChannelManager - Adding key: http://localhost:46761 for channel [id: 0xf524ebe9, L:/127.0.0.1:56994 - R:localhost/127.0.0.1:46761]
01:36:14.204 [Forwarding getCurrentUrl on session 08c5ef6a9a8a9d7f95af7d56111a251a to remote] DEBUG org.asynchttpclient.netty.request.NettyRequestSender - Using pooled Channel '[id: 0xf524ebe9, L:/127.0.0.1:56994 - R:localhost/127.0.0.1:46761]' for 'GET' to 'http://localhost:46761/session/08c5ef6a9a8a9d7f95af7d56111a251a/url'
01:36:14.204 [Forwarding getCurrentUrl on session 08c5ef6a9a8a9d7f95af7d56111a251a to remote] DEBUG org.asynchttpclient.netty.request.NettyRequestSender - Using open Channel [id: 0xf524ebe9, L:/127.0.0.1:56994 - R:localhost/127.0.0.1:46761] for GET '/session/08c5ef6a9a8a9d7f95af7d56111a251a/url'
01:36:14.211 [AsyncHttpClient-1-2] DEBUG org.asynchttpclient.netty.handler.HttpHandler - 

Request DefaultFullHttpRequest(decodeResult: success, version: HTTP/1.1, content: EmptyByteBufBE)
GET /session/08c5ef6a9a8a9d7f95af7d56111a251a/url HTTP/1.1
User-Agent: selenium/4.8.1 (java windows)
Cache-Control: no-cache
Content-Type: application/json; charset=utf-8
host: localhost:46761
accept: */*

Response DefaultHttpResponse(decodeResult: success, version: HTTP/1.1)
HTTP/1.1 200 OK
Content-Length: 42
Content-Type: application/json; charset=utf-8
cache-control: no-cache

01:36:14.212 [AsyncHttpClient-1-2] DEBUG org.asynchttpclient.netty.channel.ChannelManager - Adding key: http://localhost:46761 for channel [id: 0xf524ebe9, L:/127.0.0.1:56994 - R:localhost/127.0.0.1:46761]
01:36:14.213 [Forwarding screenshot on session 08c5ef6a9a8a9d7f95af7d56111a251a to remote] DEBUG org.asynchttpclient.netty.request.NettyRequestSender - Using pooled Channel '[id: 0xf524ebe9, L:/127.0.0.1:56994 - R:localhost/127.0.0.1:46761]' for 'GET' to 'http://localhost:46761/session/08c5ef6a9a8a9d7f95af7d56111a251a/screenshot'
01:36:14.213 [Forwarding screenshot on session 08c5ef6a9a8a9d7f95af7d56111a251a to remote] DEBUG org.asynchttpclient.netty.request.NettyRequestSender - Using open Channel [id: 0xf524ebe9, L:/127.0.0.1:56994 - R:localhost/127.0.0.1:46761] for GET '/session/08c5ef6a9a8a9d7f95af7d56111a251a/screenshot'
01:36:14.404 [AsyncHttpClient-1-2] DEBUG org.asynchttpclient.netty.handler.HttpHandler - 

Request DefaultFullHttpRequest(decodeResult: success, version: HTTP/1.1, content: EmptyByteBufBE)
GET /session/08c5ef6a9a8a9d7f95af7d56111a251a/screenshot HTTP/1.1
User-Agent: selenium/4.8.1 (java windows)
Cache-Control: no-cache
Content-Type: application/json; charset=utf-8
host: localhost:46761
accept: */*

Response DefaultHttpResponse(decodeResult: success, version: HTTP/1.1)
HTTP/1.1 200 OK
Content-Length: 255864
Content-Type: application/json; charset=utf-8
cache-control: no-cache

01:36:14.405 [AsyncHttpClient-1-2] DEBUG org.asynchttpclient.netty.channel.ChannelManager - Adding key: http://localhost:46761 for channel [id: 0xf524ebe9, L:/127.0.0.1:56994 - R:localhost/127.0.0.1:46761]
01:36:14.408 [main] DEBUG net.serenitybdd.core.photography.Darkroom - Send negative for processing for target\site\serenity\385bcadc27da1b2c4766a46f92f1b5bdc4e85f5718254a7d06d292689290915e.png
01:36:14.409 [main] DEBUG net.thucydides.core.steps.StepInterceptor - STEP DONE: clickLoginButton
01:36:14.409 [Darkroom Processing Line] DEBUG net.serenitybdd.core.photography.DarkroomProcessingLine - Processing screenshot image in /var/screenshots/screenshot-4130598631510741752
01:36:14.409 [Darkroom Processing Line] DEBUG net.serenitybdd.core.photography.DarkroomProcessingLine - Saving screenshot to target\site\serenity\385bcadc27da1b2c4766a46f92f1b5bdc4e85f5718254a7d06d292689290915e.png
  &amp#27;[32mWhen &amp#27;[0m&amp#27;[32mI click login button&amp#27;[0m                                   &amp#27;[90m# starter.stepdefintions.LoginSteps.clickLoginButton()&amp#27;[0m
01:36:14.415 [Forwarding getPageSource on session 08c5ef6a9a8a9d7f95af7d56111a251a to remote] DEBUG org.asynchttpclient.netty.request.NettyRequestSender - Using pooled Channel '[id: 0xf524ebe9, L:/127.0.0.1:56994 - R:localhost/127.0.0.1:46761]' for 'POST' to 'http://localhost:46761/session/08c5ef6a9a8a9d7f95af7d56111a251a/execute/sync'
01:36:14.416 [Forwarding getPageSource on session 08c5ef6a9a8a9d7f95af7d56111a251a to remote] DEBUG org.asynchttpclient.netty.request.NettyRequestSender - Using open Channel [id: 0xf524ebe9, L:/127.0.0.1:56994 - R:localhost/127.0.0.1:46761] for POST '/session/08c5ef6a9a8a9d7f95af7d56111a251a/execute/sync'
01:36:14.422 [AsyncHttpClient-1-2] DEBUG org.asynchttpclient.netty.handler.HttpHandler - 

Request DefaultHttpRequest(decodeResult: success, version: HTTP/1.1)
POST /session/08c5ef6a9a8a9d7f95af7d56111a251a/execute/sync HTTP/1.1
User-Agent: selenium/4.8.1 (java windows)
Content-Length: 176
Content-Type: application/json; charset=utf-8
host: localhost:46761
accept: */*

Response DefaultHttpResponse(decodeResult: success, version: HTTP/1.1)
HTTP/1.1 200 OK
Content-Length: 96996
Content-Type: application/json; charset=utf-8
cache-control: no-cache

01:36:14.424 [AsyncHttpClient-1-2] DEBUG org.asynchttpclient.netty.channel.ChannelManager - Adding key: http://localhost:46761 for channel [id: 0xf524ebe9, L:/127.0.0.1:56994 - R:localhost/127.0.0.1:46761]
01:36:14.430 [Forwarding getCurrentUrl on session 08c5ef6a9a8a9d7f95af7d56111a251a to remote] DEBUG org.asynchttpclient.netty.request.NettyRequestSender - Using pooled Channel '[id: 0xf524ebe9, L:/127.0.0.1:56994 - R:localhost/127.0.0.1:46761]' for 'GET' to 'http://localhost:46761/session/08c5ef6a9a8a9d7f95af7d56111a251a/url'
01:36:14.430 [Forwarding getCurrentUrl on session 08c5ef6a9a8a9d7f95af7d56111a251a to remote] DEBUG org.asynchttpclient.netty.request.NettyRequestSender - Using open Channel [id: 0xf524ebe9, L:/127.0.0.1:56994 - R:localhost/127.0.0.1:46761] for GET '/session/08c5ef6a9a8a9d7f95af7d56111a251a/url'
01:36:14.433 [AsyncHttpClient-1-2] DEBUG org.asynchttpclient.netty.handler.HttpHandler - 

Request DefaultFullHttpRequest(decodeResult: success, version: HTTP/1.1, content: EmptyByteBufBE)
GET /session/08c5ef6a9a8a9d7f95af7d56111a251a/url HTTP/1.1
User-Agent: selenium/4.8.1 (java windows)
Cache-Control: no-cache
Content-Type: application/json; charset=utf-8
host: localhost:46761
accept: */*

Response DefaultHttpResponse(decodeResult: success, version: HTTP/1.1)
HTTP/1.1 200 OK
Content-Length: 42
Content-Type: application/json; charset=utf-8
cache-control: no-cache

01:36:14.433 [AsyncHttpClient-1-2] DEBUG org.asynchttpclient.netty.channel.ChannelManager - Adding key: http://localhost:46761 for channel [id: 0xf524ebe9, L:/127.0.0.1:56994 - R:localhost/127.0.0.1:46761]
01:36:14.440 [Forwarding getPageSource on session 08c5ef6a9a8a9d7f95af7d56111a251a to remote] DEBUG org.asynchttpclient.netty.request.NettyRequestSender - Using pooled Channel '[id: 0xf524ebe9, L:/127.0.0.1:56994 - R:localhost/127.0.0.1:46761]' for 'POST' to 'http://localhost:46761/session/08c5ef6a9a8a9d7f95af7d56111a251a/execute/sync'
01:36:14.441 [Forwarding getPageSource on session 08c5ef6a9a8a9d7f95af7d56111a251a to remote] DEBUG org.asynchttpclient.netty.request.NettyRequestSender - Using open Channel [id: 0xf524ebe9, L:/127.0.0.1:56994 - R:localhost/127.0.0.1:46761] for POST '/session/08c5ef6a9a8a9d7f95af7d56111a251a/execute/sync'
01:36:14.449 [AsyncHttpClient-1-2] DEBUG org.asynchttpclient.netty.handler.HttpHandler - 

Request DefaultHttpRequest(decodeResult: success, version: HTTP/1.1)
POST /session/08c5ef6a9a8a9d7f95af7d56111a251a/execute/sync HTTP/1.1
User-Agent: selenium/4.8.1 (java windows)
Content-Length: 176
Content-Type: application/json; charset=utf-8
host: localhost:46761
accept: */*

Response DefaultHttpResponse(decodeResult: success, version: HTTP/1.1)
HTTP/1.1 200 OK
Content-Length: 96996
Content-Type: application/json; charset=utf-8
cache-control: no-cache

01:36:14.450 [AsyncHttpClient-1-2] DEBUG org.asynchttpclient.netty.channel.ChannelManager - Adding key: http://localhost:46761 for channel [id: 0xf524ebe9, L:/127.0.0.1:56994 - R:localhost/127.0.0.1:46761]
01:36:14.456 [Forwarding getCurrentUrl on session 08c5ef6a9a8a9d7f95af7d56111a251a to remote] DEBUG org.asynchttpclient.netty.request.NettyRequestSender - Using pooled Channel '[id: 0xf524ebe9, L:/127.0.0.1:56994 - R:localhost/127.0.0.1:46761]' for 'GET' to 'http://localhost:46761/session/08c5ef6a9a8a9d7f95af7d56111a251a/url'
01:36:14.456 [Forwarding getCurrentUrl on session 08c5ef6a9a8a9d7f95af7d56111a251a to remote] DEBUG org.asynchttpclient.netty.request.NettyRequestSender - Using open Channel [id: 0xf524ebe9, L:/127.0.0.1:56994 - R:localhost/127.0.0.1:46761] for GET '/session/08c5ef6a9a8a9d7f95af7d56111a251a/url'
01:36:14.459 [AsyncHttpClient-1-2] DEBUG org.asynchttpclient.netty.handler.HttpHandler - 

Request DefaultFullHttpRequest(decodeResult: success, version: HTTP/1.1, content: EmptyByteBufBE)
GET /session/08c5ef6a9a8a9d7f95af7d56111a251a/url HTTP/1.1
User-Agent: selenium/4.8.1 (java windows)
Cache-Control: no-cache
Content-Type: application/json; charset=utf-8
host: localhost:46761
accept: */*

Response DefaultHttpResponse(decodeResult: success, version: HTTP/1.1)
HTTP/1.1 200 OK
Content-Length: 42
Content-Type: application/json; charset=utf-8
cache-control: no-cache

01:36:14.459 [AsyncHttpClient-1-2] DEBUG org.asynchttpclient.netty.channel.ChannelManager - Adding key: http://localhost:46761 for channel [id: 0xf524ebe9, L:/127.0.0.1:56994 - R:localhost/127.0.0.1:46761]
01:36:14.462 [main] DEBUG net.thucydides.core.steps.StepInterceptor - STARTING STEP: LoginSteps.inputEmail - inputEmail
01:36:14.464 [Forwarding findElement on session 08c5ef6a9a8a9d7f95af7d56111a251a to remote] DEBUG org.asynchttpclient.netty.request.NettyRequestSender - Using pooled Channel '[id: 0xf524ebe9, L:/127.0.0.1:56994 - R:localhost/127.0.0.1:46761]' for 'POST' to 'http://localhost:46761/session/08c5ef6a9a8a9d7f95af7d56111a251a/element'
01:36:14.464 [Forwarding findElement on session 08c5ef6a9a8a9d7f95af7d56111a251a to remote] DEBUG org.asynchttpclient.netty.request.NettyRequestSender - Using open Channel [id: 0xf524ebe9, L:/127.0.0.1:56994 - R:localhost/127.0.0.1:46761] for POST '/session/08c5ef6a9a8a9d7f95af7d56111a251a/element'
01:36:14.474 [AsyncHttpClient-1-2] DEBUG org.asynchttpclient.netty.handler.HttpHandler - 

Request DefaultHttpRequest(decodeResult: success, version: HTTP/1.1)
POST /session/08c5ef6a9a8a9d7f95af7d56111a251a/element HTTP/1.1
User-Agent: selenium/4.8.1 (java windows)
Content-Length: 50
Content-Type: application/json; charset=utf-8
host: localhost:46761
accept: */*

Response DefaultHttpResponse(decodeResult: success, version: HTTP/1.1)
HTTP/1.1 200 OK
Content-Length: 88
Content-Type: application/json; charset=utf-8
cache-control: no-cache

01:36:14.474 [AsyncHttpClient-1-2] DEBUG org.asynchttpclient.netty.channel.ChannelManager - Adding key: http://localhost:46761 for channel [id: 0xf524ebe9, L:/127.0.0.1:56994 - R:localhost/127.0.0.1:46761]
01:36:14.475 [Forwarding clearElement on session 08c5ef6a9a8a9d7f95af7d56111a251a to remote] DEBUG org.asynchttpclient.netty.request.NettyRequestSender - Using pooled Channel '[id: 0xf524ebe9, L:/127.0.0.1:56994 - R:localhost/127.0.0.1:46761]' for 'POST' to 'http://localhost:46761/session/08c5ef6a9a8a9d7f95af7d56111a251a/element/b1603d5c-86c9-4572-965e-fd3f38d8b356/clear'
01:36:14.476 [Forwarding clearElement on session 08c5ef6a9a8a9d7f95af7d56111a251a to remote] DEBUG org.asynchttpclient.netty.request.NettyRequestSender - Using open Channel [id: 0xf524ebe9, L:/127.0.0.1:56994 - R:localhost/127.0.0.1:46761] for POST '/session/08c5ef6a9a8a9d7f95af7d56111a251a/element/b1603d5c-86c9-4572-965e-fd3f38d8b356/clear'
01:36:14.499 [AsyncHttpClient-1-2] DEBUG org.asynchttpclient.netty.handler.HttpHandler - 

Request DefaultHttpRequest(decodeResult: success, version: HTTP/1.1)
POST /session/08c5ef6a9a8a9d7f95af7d56111a251a/element/b1603d5c-86c9-4572-965e-fd3f38d8b356/clear HTTP/1.1
User-Agent: selenium/4.8.1 (java windows)
Content-Length: 50
Content-Type: application/json; charset=utf-8
host: localhost:46761
accept: */*

Response DefaultHttpResponse(decodeResult: success, version: HTTP/1.1)
HTTP/1.1 200 OK
Content-Length: 14
Content-Type: application/json; charset=utf-8
cache-control: no-cache

01:36:14.499 [AsyncHttpClient-1-2] DEBUG org.asynchttpclient.netty.channel.ChannelManager - Adding key: http://localhost:46761 for channel [id: 0xf524ebe9, L:/127.0.0.1:56994 - R:localhost/127.0.0.1:46761]
01:36:14.502 [Forwarding sendKeysToElement on session 08c5ef6a9a8a9d7f95af7d56111a251a to remote] DEBUG org.asynchttpclient.netty.request.NettyRequestSender - Using pooled Channel '[id: 0xf524ebe9, L:/127.0.0.1:56994 - R:localhost/127.0.0.1:46761]' for 'POST' to 'http://localhost:46761/session/08c5ef6a9a8a9d7f95af7d56111a251a/element/b1603d5c-86c9-4572-965e-fd3f38d8b356/value'
01:36:14.502 [Forwarding sendKeysToElement on session 08c5ef6a9a8a9d7f95af7d56111a251a to remote] DEBUG org.asynchttpclient.netty.request.NettyRequestSender - Using open Channel [id: 0xf524ebe9, L:/127.0.0.1:56994 - R:localhost/127.0.0.1:46761] for POST '/session/08c5ef6a9a8a9d7f95af7d56111a251a/element/b1603d5c-86c9-4572-965e-fd3f38d8b356/value'
01:36:14.596 [AsyncHttpClient-1-2] DEBUG org.asynchttpclient.netty.handler.HttpHandler - 

Request DefaultHttpRequest(decodeResult: success, version: HTTP/1.1)
POST /session/08c5ef6a9a8a9d7f95af7d56111a251a/element/b1603d5c-86c9-4572-965e-fd3f38d8b356/value HTTP/1.1
User-Agent: selenium/4.8.1 (java windows)
Content-Length: 351
Content-Type: application/json; charset=utf-8
host: localhost:46761
accept: */*

Response DefaultHttpResponse(decodeResult: success, version: HTTP/1.1)
HTTP/1.1 200 OK
Content-Length: 14
Content-Type: application/json; charset=utf-8
cache-control: no-cache

01:36:14.596 [AsyncHttpClient-1-2] DEBUG org.asynchttpclient.netty.channel.ChannelManager - Adding key: http://localhost:46761 for channel [id: 0xf524ebe9, L:/127.0.0.1:56994 - R:localhost/127.0.0.1:46761]
01:36:14.600 [Forwarding getAlertText on session 08c5ef6a9a8a9d7f95af7d56111a251a to remote] DEBUG org.asynchttpclient.netty.request.NettyRequestSender - Using pooled Channel '[id: 0xf524ebe9, L:/127.0.0.1:56994 - R:localhost/127.0.0.1:46761]' for 'GET' to 'http://localhost:46761/session/08c5ef6a9a8a9d7f95af7d56111a251a/alert/text'
01:36:14.600 [Forwarding getAlertText on session 08c5ef6a9a8a9d7f95af7d56111a251a to remote] DEBUG org.asynchttpclient.netty.request.NettyRequestSender - Using open Channel [id: 0xf524ebe9, L:/127.0.0.1:56994 - R:localhost/127.0.0.1:46761] for GET '/session/08c5ef6a9a8a9d7f95af7d56111a251a/alert/text'
01:36:14.602 [AsyncHttpClient-1-2] DEBUG org.asynchttpclient.netty.handler.HttpHandler - 

Request DefaultFullHttpRequest(decodeResult: success, version: HTTP/1.1, content: EmptyByteBufBE)
GET /session/08c5ef6a9a8a9d7f95af7d56111a251a/alert/text HTTP/1.1
User-Agent: selenium/4.8.1 (java windows)
Cache-Control: no-cache
Content-Type: application/json; charset=utf-8
host: localhost:46761
accept: */*

Response DefaultHttpResponse(decodeResult: success, version: HTTP/1.1)
HTTP/1.1 404 Not Found
Content-Length: 835
Content-Type: application/json; charset=utf-8
cache-control: no-cache

01:36:14.602 [AsyncHttpClient-1-2] DEBUG org.asynchttpclient.netty.channel.ChannelManager - Adding key: http://localhost:46761 for channel [id: 0xf524ebe9, L:/127.0.0.1:56994 - R:localhost/127.0.0.1:46761]
01:36:14.604 [Forwarding getCurrentUrl on session 08c5ef6a9a8a9d7f95af7d56111a251a to remote] DEBUG org.asynchttpclient.netty.request.NettyRequestSender - Using pooled Channel '[id: 0xf524ebe9, L:/127.0.0.1:56994 - R:localhost/127.0.0.1:46761]' for 'GET' to 'http://localhost:46761/session/08c5ef6a9a8a9d7f95af7d56111a251a/url'
01:36:14.604 [Forwarding getCurrentUrl on session 08c5ef6a9a8a9d7f95af7d56111a251a to remote] DEBUG org.asynchttpclient.netty.request.NettyRequestSender - Using open Channel [id: 0xf524ebe9, L:/127.0.0.1:56994 - R:localhost/127.0.0.1:46761] for GET '/session/08c5ef6a9a8a9d7f95af7d56111a251a/url'
01:36:14.606 [AsyncHttpClient-1-2] DEBUG org.asynchttpclient.netty.handler.HttpHandler - 

Request DefaultFullHttpRequest(decodeResult: success, version: HTTP/1.1, content: EmptyByteBufBE)
GET /session/08c5ef6a9a8a9d7f95af7d56111a251a/url HTTP/1.1
User-Agent: selenium/4.8.1 (java windows)
Cache-Control: no-cache
Content-Type: application/json; charset=utf-8
host: localhost:46761
accept: */*

Response DefaultHttpResponse(decodeResult: success, version: HTTP/1.1)
HTTP/1.1 200 OK
Content-Length: 42
Content-Type: application/json; charset=utf-8
cache-control: no-cache

01:36:14.607 [AsyncHttpClient-1-2] DEBUG org.asynchttpclient.netty.channel.ChannelManager - Adding key: http://localhost:46761 for channel [id: 0xf524ebe9, L:/127.0.0.1:56994 - R:localhost/127.0.0.1:46761]
01:36:14.608 [Forwarding screenshot on session 08c5ef6a9a8a9d7f95af7d56111a251a to remote] DEBUG org.asynchttpclient.netty.request.NettyRequestSender - Using pooled Channel '[id: 0xf524ebe9, L:/127.0.0.1:56994 - R:localhost/127.0.0.1:46761]' for 'GET' to 'http://localhost:46761/session/08c5ef6a9a8a9d7f95af7d56111a251a/screenshot'
01:36:14.608 [Forwarding screenshot on session 08c5ef6a9a8a9d7f95af7d56111a251a to remote] DEBUG org.asynchttpclient.netty.request.NettyRequestSender - Using open Channel [id: 0xf524ebe9, L:/127.0.0.1:56994 - R:localhost/127.0.0.1:46761] for GET '/session/08c5ef6a9a8a9d7f95af7d56111a251a/screenshot'
01:36:14.774 [AsyncHttpClient-1-2] DEBUG org.asynchttpclient.netty.handler.HttpHandler - 

Request DefaultFullHttpRequest(decodeResult: success, version: HTTP/1.1, content: EmptyByteBufBE)
GET /session/08c5ef6a9a8a9d7f95af7d56111a251a/screenshot HTTP/1.1
User-Agent: selenium/4.8.1 (java windows)
Cache-Control: no-cache
Content-Type: application/json; charset=utf-8
host: localhost:46761
accept: */*

Response DefaultHttpResponse(decodeResult: success, version: HTTP/1.1)
HTTP/1.1 200 OK
Content-Length: 259828
Content-Type: application/json; charset=utf-8
cache-control: no-cache

01:36:14.776 [AsyncHttpClient-1-2] DEBUG org.asynchttpclient.netty.channel.ChannelManager - Adding key: http://localhost:46761 for channel [id: 0xf524ebe9, L:/127.0.0.1:56994 - R:localhost/127.0.0.1:46761]
01:36:14.782 [main] DEBUG net.serenitybdd.core.photography.Darkroom - Send negative for processing for target\site\serenity\f741ff09a59837f440506a2c1beea7e81e78382a38340849f893a3de70b87cba.png
01:36:14.782 [main] DEBUG net.thucydides.core.steps.StepInterceptor - STEP DONE: inputEmail
01:36:14.782 [Darkroom Processing Line] DEBUG net.serenitybdd.core.photography.DarkroomProcessingLine - Processing screenshot image in /var/screenshots/screenshot-13977010528749512269
01:36:14.782 [Darkroom Processing Line] DEBUG net.serenitybdd.core.photography.DarkroomProcessingLine - Saving screenshot to target\site\serenity\f741ff09a59837f440506a2c1beea7e81e78382a38340849f893a3de70b87cba.png
  &amp#27;[32mAnd &amp#27;[0m&amp#27;[32mI enter correct email&amp#27;[0m                                   &amp#27;[90m# starter.stepdefintions.LoginSteps.inputEmail()&amp#27;[0m
01:36:14.790 [Forwarding getPageSource on session 08c5ef6a9a8a9d7f95af7d56111a251a to remote] DEBUG org.asynchttpclient.netty.request.NettyRequestSender - Using pooled Channel '[id: 0xf524ebe9, L:/127.0.0.1:56994 - R:localhost/127.0.0.1:46761]' for 'POST' to 'http://localhost:46761/session/08c5ef6a9a8a9d7f95af7d56111a251a/execute/sync'
01:36:14.790 [Forwarding getPageSource on session 08c5ef6a9a8a9d7f95af7d56111a251a to remote] DEBUG org.asynchttpclient.netty.request.NettyRequestSender - Using open Channel [id: 0xf524ebe9, L:/127.0.0.1:56994 - R:localhost/127.0.0.1:46761] for POST '/session/08c5ef6a9a8a9d7f95af7d56111a251a/execute/sync'
01:36:14.798 [AsyncHttpClient-1-2] DEBUG org.asynchttpclient.netty.handler.HttpHandler - 

Request DefaultHttpRequest(decodeResult: success, version: HTTP/1.1)
POST /session/08c5ef6a9a8a9d7f95af7d56111a251a/execute/sync HTTP/1.1
User-Agent: selenium/4.8.1 (java windows)
Content-Length: 176
Content-Type: application/json; charset=utf-8
host: localhost:46761
accept: */*

Response DefaultHttpResponse(decodeResult: success, version: HTTP/1.1)
HTTP/1.1 200 OK
Content-Length: 97047
Content-Type: application/json; charset=utf-8
cache-control: no-cache

01:36:14.798 [AsyncHttpClient-1-2] DEBUG org.asynchttpclient.netty.channel.ChannelManager - Adding key: http://localhost:46761 for channel [id: 0xf524ebe9, L:/127.0.0.1:56994 - R:localhost/127.0.0.1:46761]
01:36:14.805 [Forwarding getCurrentUrl on session 08c5ef6a9a8a9d7f95af7d56111a251a to remote] DEBUG org.asynchttpclient.netty.request.NettyRequestSender - Using pooled Channel '[id: 0xf524ebe9, L:/127.0.0.1:56994 - R:localhost/127.0.0.1:46761]' for 'GET' to 'http://localhost:46761/session/08c5ef6a9a8a9d7f95af7d56111a251a/url'
01:36:14.805 [Forwarding getCurrentUrl on session 08c5ef6a9a8a9d7f95af7d56111a251a to remote] DEBUG org.asynchttpclient.netty.request.NettyRequestSender - Using open Channel [id: 0xf524ebe9, L:/127.0.0.1:56994 - R:localhost/127.0.0.1:46761] for GET '/session/08c5ef6a9a8a9d7f95af7d56111a251a/url'
01:36:14.809 [AsyncHttpClient-1-2] DEBUG org.asynchttpclient.netty.handler.HttpHandler - 

Request DefaultFullHttpRequest(decodeResult: success, version: HTTP/1.1, content: EmptyByteBufBE)
GET /session/08c5ef6a9a8a9d7f95af7d56111a251a/url HTTP/1.1
User-Agent: selenium/4.8.1 (java windows)
Cache-Control: no-cache
Content-Type: application/json; charset=utf-8
host: localhost:46761
accept: */*

Response DefaultHttpResponse(decodeResult: success, version: HTTP/1.1)
HTTP/1.1 200 OK
Content-Length: 42
Content-Type: application/json; charset=utf-8
cache-control: no-cache

01:36:14.809 [AsyncHttpClient-1-2] DEBUG org.asynchttpclient.netty.channel.ChannelManager - Adding key: http://localhost:46761 for channel [id: 0xf524ebe9, L:/127.0.0.1:56994 - R:localhost/127.0.0.1:46761]
01:36:14.818 [Forwarding getPageSource on session 08c5ef6a9a8a9d7f95af7d56111a251a to remote] DEBUG org.asynchttpclient.netty.request.NettyRequestSender - Using pooled Channel '[id: 0xf524ebe9, L:/127.0.0.1:56994 - R:localhost/127.0.0.1:46761]' for 'POST' to 'http://localhost:46761/session/08c5ef6a9a8a9d7f95af7d56111a251a/execute/sync'
01:36:14.819 [Forwarding getPageSource on session 08c5ef6a9a8a9d7f95af7d56111a251a to remote] DEBUG org.asynchttpclient.netty.request.NettyRequestSender - Using open Channel [id: 0xf524ebe9, L:/127.0.0.1:56994 - R:localhost/127.0.0.1:46761] for POST '/session/08c5ef6a9a8a9d7f95af7d56111a251a/execute/sync'
01:36:14.825 [AsyncHttpClient-1-2] DEBUG org.asynchttpclient.netty.handler.HttpHandler - 

Request DefaultHttpRequest(decodeResult: success, version: HTTP/1.1)
POST /session/08c5ef6a9a8a9d7f95af7d56111a251a/execute/sync HTTP/1.1
User-Agent: selenium/4.8.1 (java windows)
Content-Length: 176
Content-Type: application/json; charset=utf-8
host: localhost:46761
accept: */*

Response DefaultHttpResponse(decodeResult: success, version: HTTP/1.1)
HTTP/1.1 200 OK
Content-Length: 97047
Content-Type: application/json; charset=utf-8
cache-control: no-cache

01:36:14.826 [AsyncHttpClient-1-2] DEBUG org.asynchttpclient.netty.channel.ChannelManager - Adding key: http://localhost:46761 for channel [id: 0xf524ebe9, L:/127.0.0.1:56994 - R:localhost/127.0.0.1:46761]
01:36:14.831 [Forwarding getCurrentUrl on session 08c5ef6a9a8a9d7f95af7d56111a251a to remote] DEBUG org.asynchttpclient.netty.request.NettyRequestSender - Using pooled Channel '[id: 0xf524ebe9, L:/127.0.0.1:56994 - R:localhost/127.0.0.1:46761]' for 'GET' to 'http://localhost:46761/session/08c5ef6a9a8a9d7f95af7d56111a251a/url'
01:36:14.831 [Forwarding getCurrentUrl on session 08c5ef6a9a8a9d7f95af7d56111a251a to remote] DEBUG org.asynchttpclient.netty.request.NettyRequestSender - Using open Channel [id: 0xf524ebe9, L:/127.0.0.1:56994 - R:localhost/127.0.0.1:46761] for GET '/session/08c5ef6a9a8a9d7f95af7d56111a251a/url'
01:36:14.834 [AsyncHttpClient-1-2] DEBUG org.asynchttpclient.netty.handler.HttpHandler - 

Request DefaultFullHttpRequest(decodeResult: success, version: HTTP/1.1, content: EmptyByteBufBE)
GET /session/08c5ef6a9a8a9d7f95af7d56111a251a/url HTTP/1.1
User-Agent: selenium/4.8.1 (java windows)
Cache-Control: no-cache
Content-Type: application/json; charset=utf-8
host: localhost:46761
accept: */*

Response DefaultHttpResponse(decodeResult: success, version: HTTP/1.1)
HTTP/1.1 200 OK
Content-Length: 42
Content-Type: application/json; charset=utf-8
cache-control: no-cache

01:36:14.835 [AsyncHttpClient-1-2] DEBUG org.asynchttpclient.netty.channel.ChannelManager - Adding key: http://localhost:46761 for channel [id: 0xf524ebe9, L:/127.0.0.1:56994 - R:localhost/127.0.0.1:46761]
01:36:14.837 [main] DEBUG net.thucydides.core.steps.StepInterceptor - STARTING STEP: LoginSteps.inputPassword - inputPassword
01:36:14.839 [Forwarding findElement on session 08c5ef6a9a8a9d7f95af7d56111a251a to remote] DEBUG org.asynchttpclient.netty.request.NettyRequestSender - Using pooled Channel '[id: 0xf524ebe9, L:/127.0.0.1:56994 - R:localhost/127.0.0.1:46761]' for 'POST' to 'http://localhost:46761/session/08c5ef6a9a8a9d7f95af7d56111a251a/element'
01:36:14.839 [Forwarding findElement on session 08c5ef6a9a8a9d7f95af7d56111a251a to remote] DEBUG org.asynchttpclient.netty.request.NettyRequestSender - Using open Channel [id: 0xf524ebe9, L:/127.0.0.1:56994 - R:localhost/127.0.0.1:46761] for POST '/session/08c5ef6a9a8a9d7f95af7d56111a251a/element'
01:36:14.847 [AsyncHttpClient-1-2] DEBUG org.asynchttpclient.netty.handler.HttpHandler - 

Request DefaultHttpRequest(decodeResult: success, version: HTTP/1.1)
POST /session/08c5ef6a9a8a9d7f95af7d56111a251a/element HTTP/1.1
User-Agent: selenium/4.8.1 (java windows)
Content-Length: 53
Content-Type: application/json; charset=utf-8
host: localhost:46761
accept: */*

Response DefaultHttpResponse(decodeResult: success, version: HTTP/1.1)
HTTP/1.1 200 OK
Content-Length: 88
Content-Type: application/json; charset=utf-8
cache-control: no-cache

01:36:14.847 [AsyncHttpClient-1-2] DEBUG org.asynchttpclient.netty.channel.ChannelManager - Adding key: http://localhost:46761 for channel [id: 0xf524ebe9, L:/127.0.0.1:56994 - R:localhost/127.0.0.1:46761]
01:36:14.848 [Forwarding clearElement on session 08c5ef6a9a8a9d7f95af7d56111a251a to remote] DEBUG org.asynchttpclient.netty.request.NettyRequestSender - Using pooled Channel '[id: 0xf524ebe9, L:/127.0.0.1:56994 - R:localhost/127.0.0.1:46761]' for 'POST' to 'http://localhost:46761/session/08c5ef6a9a8a9d7f95af7d56111a251a/element/98e9d7c1-fecc-413c-85cd-55e2fba8ac69/clear'
01:36:14.848 [Forwarding clearElement on session 08c5ef6a9a8a9d7f95af7d56111a251a to remote] DEBUG org.asynchttpclient.netty.request.NettyRequestSender - Using open Channel [id: 0xf524ebe9, L:/127.0.0.1:56994 - R:localhost/127.0.0.1:46761] for POST '/session/08c5ef6a9a8a9d7f95af7d56111a251a/element/98e9d7c1-fecc-413c-85cd-55e2fba8ac69/clear'
01:36:14.870 [AsyncHttpClient-1-2] DEBUG org.asynchttpclient.netty.handler.HttpHandler - 

Request DefaultHttpRequest(decodeResult: success, version: HTTP/1.1)
POST /session/08c5ef6a9a8a9d7f95af7d56111a251a/element/98e9d7c1-fecc-413c-85cd-55e2fba8ac69/clear HTTP/1.1
User-Agent: selenium/4.8.1 (java windows)
Content-Length: 50
Content-Type: application/json; charset=utf-8
host: localhost:46761
accept: */*

Response DefaultHttpResponse(decodeResult: success, version: HTTP/1.1)
HTTP/1.1 200 OK
Content-Length: 14
Content-Type: application/json; charset=utf-8
cache-control: no-cache

01:36:14.870 [AsyncHttpClient-1-2] DEBUG org.asynchttpclient.netty.channel.ChannelManager - Adding key: http://localhost:46761 for channel [id: 0xf524ebe9, L:/127.0.0.1:56994 - R:localhost/127.0.0.1:46761]
01:36:14.872 [Forwarding sendKeysToElement on session 08c5ef6a9a8a9d7f95af7d56111a251a to remote] DEBUG org.asynchttpclient.netty.request.NettyRequestSender - Using pooled Channel '[id: 0xf524ebe9, L:/127.0.0.1:56994 - R:localhost/127.0.0.1:46761]' for 'POST' to 'http://localhost:46761/session/08c5ef6a9a8a9d7f95af7d56111a251a/element/98e9d7c1-fecc-413c-85cd-55e2fba8ac69/value'
01:36:14.872 [Forwarding sendKeysToElement on session 08c5ef6a9a8a9d7f95af7d56111a251a to remote] DEBUG org.asynchttpclient.netty.request.NettyRequestSender - Using open Channel [id: 0xf524ebe9, L:/127.0.0.1:56994 - R:localhost/127.0.0.1:46761] for POST '/session/08c5ef6a9a8a9d7f95af7d56111a251a/element/98e9d7c1-fecc-413c-85cd-55e2fba8ac69/value'
01:36:14.921 [AsyncHttpClient-1-2] DEBUG org.asynchttpclient.netty.handler.HttpHandler - 

Request DefaultHttpRequest(decodeResult: success, version: HTTP/1.1)
POST /session/08c5ef6a9a8a9d7f95af7d56111a251a/element/98e9d7c1-fecc-413c-85cd-55e2fba8ac69/value HTTP/1.1
User-Agent: selenium/4.8.1 (java windows)
Content-Length: 181
Content-Type: application/json; charset=utf-8
host: localhost:46761
accept: */*

Response DefaultHttpResponse(decodeResult: success, version: HTTP/1.1)
HTTP/1.1 200 OK
Content-Length: 14
Content-Type: application/json; charset=utf-8
cache-control: no-cache

01:36:14.921 [AsyncHttpClient-1-2] DEBUG org.asynchttpclient.netty.channel.ChannelManager - Adding key: http://localhost:46761 for channel [id: 0xf524ebe9, L:/127.0.0.1:56994 - R:localhost/127.0.0.1:46761]
01:36:14.926 [Forwarding getAlertText on session 08c5ef6a9a8a9d7f95af7d56111a251a to remote] DEBUG org.asynchttpclient.netty.request.NettyRequestSender - Using pooled Channel '[id: 0xf524ebe9, L:/127.0.0.1:56994 - R:localhost/127.0.0.1:46761]' for 'GET' to 'http://localhost:46761/session/08c5ef6a9a8a9d7f95af7d56111a251a/alert/text'
01:36:14.926 [Forwarding getAlertText on session 08c5ef6a9a8a9d7f95af7d56111a251a to remote] DEBUG org.asynchttpclient.netty.request.NettyRequestSender - Using open Channel [id: 0xf524ebe9, L:/127.0.0.1:56994 - R:localhost/127.0.0.1:46761] for GET '/session/08c5ef6a9a8a9d7f95af7d56111a251a/alert/text'
01:36:14.928 [AsyncHttpClient-1-2] DEBUG org.asynchttpclient.netty.handler.HttpHandler - 

Request DefaultFullHttpRequest(decodeResult: success, version: HTTP/1.1, content: EmptyByteBufBE)
GET /session/08c5ef6a9a8a9d7f95af7d56111a251a/alert/text HTTP/1.1
User-Agent: selenium/4.8.1 (java windows)
Cache-Control: no-cache
Content-Type: application/json; charset=utf-8
host: localhost:46761
accept: */*

Response DefaultHttpResponse(decodeResult: success, version: HTTP/1.1)
HTTP/1.1 404 Not Found
Content-Length: 835
Content-Type: application/json; charset=utf-8
cache-control: no-cache

01:36:14.928 [AsyncHttpClient-1-2] DEBUG org.asynchttpclient.netty.channel.ChannelManager - Adding key: http://localhost:46761 for channel [id: 0xf524ebe9, L:/127.0.0.1:56994 - R:localhost/127.0.0.1:46761]
01:36:14.930 [Forwarding getCurrentUrl on session 08c5ef6a9a8a9d7f95af7d56111a251a to remote] DEBUG org.asynchttpclient.netty.request.NettyRequestSender - Using pooled Channel '[id: 0xf524ebe9, L:/127.0.0.1:56994 - R:localhost/127.0.0.1:46761]' for 'GET' to 'http://localhost:46761/session/08c5ef6a9a8a9d7f95af7d56111a251a/url'
01:36:14.930 [Forwarding getCurrentUrl on session 08c5ef6a9a8a9d7f95af7d56111a251a to remote] DEBUG org.asynchttpclient.netty.request.NettyRequestSender - Using open Channel [id: 0xf524ebe9, L:/127.0.0.1:56994 - R:localhost/127.0.0.1:46761] for GET '/session/08c5ef6a9a8a9d7f95af7d56111a251a/url'
01:36:14.932 [AsyncHttpClient-1-2] DEBUG org.asynchttpclient.netty.handler.HttpHandler - 

Request DefaultFullHttpRequest(decodeResult: success, version: HTTP/1.1, content: EmptyByteBufBE)
GET /session/08c5ef6a9a8a9d7f95af7d56111a251a/url HTTP/1.1
User-Agent: selenium/4.8.1 (java windows)
Cache-Control: no-cache
Content-Type: application/json; charset=utf-8
host: localhost:46761
accept: */*

Response DefaultHttpResponse(decodeResult: success, version: HTTP/1.1)
HTTP/1.1 200 OK
Content-Length: 42
Content-Type: application/json; charset=utf-8
cache-control: no-cache

01:36:14.932 [AsyncHttpClient-1-2] DEBUG org.asynchttpclient.netty.channel.ChannelManager - Adding key: http://localhost:46761 for channel [id: 0xf524ebe9, L:/127.0.0.1:56994 - R:localhost/127.0.0.1:46761]
01:36:14.933 [Forwarding screenshot on session 08c5ef6a9a8a9d7f95af7d56111a251a to remote] DEBUG org.asynchttpclient.netty.request.NettyRequestSender - Using pooled Channel '[id: 0xf524ebe9, L:/127.0.0.1:56994 - R:localhost/127.0.0.1:46761]' for 'GET' to 'http://localhost:46761/session/08c5ef6a9a8a9d7f95af7d56111a251a/screenshot'
01:36:14.933 [Forwarding screenshot on session 08c5ef6a9a8a9d7f95af7d56111a251a to remote] DEBUG org.asynchttpclient.netty.request.NettyRequestSender - Using open Channel [id: 0xf524ebe9, L:/127.0.0.1:56994 - R:localhost/127.0.0.1:46761] for GET '/session/08c5ef6a9a8a9d7f95af7d56111a251a/screenshot'
01:36:15.084 [AsyncHttpClient-1-2] DEBUG org.asynchttpclient.netty.handler.HttpHandler - 

Request DefaultFullHttpRequest(decodeResult: success, version: HTTP/1.1, content: EmptyByteBufBE)
GET /session/08c5ef6a9a8a9d7f95af7d56111a251a/screenshot HTTP/1.1
User-Agent: selenium/4.8.1 (java windows)
Cache-Control: no-cache
Content-Type: application/json; charset=utf-8
host: localhost:46761
accept: */*

Response DefaultHttpResponse(decodeResult: success, version: HTTP/1.1)
HTTP/1.1 200 OK
Content-Length: 259312
Content-Type: application/json; charset=utf-8
cache-control: no-cache

01:36:15.085 [AsyncHttpClient-1-2] DEBUG org.asynchttpclient.netty.channel.ChannelManager - Adding key: http://localhost:46761 for channel [id: 0xf524ebe9, L:/127.0.0.1:56994 - R:localhost/127.0.0.1:46761]
01:36:15.092 [main] DEBUG net.serenitybdd.core.photography.Darkroom - Send negative for processing for target\site\serenity\baa1cff1a67cf9e45da3ed4e80d52731d721957dd1d89c0adf3249b0e86451a8.png
01:36:15.092 [main] DEBUG net.thucydides.core.steps.StepInterceptor - STEP DONE: inputPassword
01:36:15.092 [Darkroom Processing Line] DEBUG net.serenitybdd.core.photography.DarkroomProcessingLine - Processing screenshot image in /var/screenshots/screenshot-1346233505779092629
01:36:15.092 [Darkroom Processing Line] DEBUG net.serenitybdd.core.photography.DarkroomProcessingLine - Saving screenshot to target\site\serenity\baa1cff1a67cf9e45da3ed4e80d52731d721957dd1d89c0adf3249b0e86451a8.png
  &amp#27;[32mAnd &amp#27;[0m&amp#27;[32mI enter correct password&amp#27;[0m                                &amp#27;[90m# starter.stepdefintions.LoginSteps.inputPassword()&amp#27;[0m
01:36:15.098 [Forwarding getPageSource on session 08c5ef6a9a8a9d7f95af7d56111a251a to remote] DEBUG org.asynchttpclient.netty.request.NettyRequestSender - Using pooled Channel '[id: 0xf524ebe9, L:/127.0.0.1:56994 - R:localhost/127.0.0.1:46761]' for 'POST' to 'http://localhost:46761/session/08c5ef6a9a8a9d7f95af7d56111a251a/execute/sync'
01:36:15.099 [Forwarding getPageSource on session 08c5ef6a9a8a9d7f95af7d56111a251a to remote] DEBUG org.asynchttpclient.netty.request.NettyRequestSender - Using open Channel [id: 0xf524ebe9, L:/127.0.0.1:56994 - R:localhost/127.0.0.1:46761] for POST '/session/08c5ef6a9a8a9d7f95af7d56111a251a/execute/sync'
01:36:15.106 [AsyncHttpClient-1-2] DEBUG org.asynchttpclient.netty.handler.HttpHandler - 

Request DefaultHttpRequest(decodeResult: success, version: HTTP/1.1)
POST /session/08c5ef6a9a8a9d7f95af7d56111a251a/execute/sync HTTP/1.1
User-Agent: selenium/4.8.1 (java windows)
Content-Length: 176
Content-Type: application/json; charset=utf-8
host: localhost:46761
accept: */*

Response DefaultHttpResponse(decodeResult: success, version: HTTP/1.1)
HTTP/1.1 200 OK
Content-Length: 97062
Content-Type: application/json; charset=utf-8
cache-control: no-cache

01:36:15.107 [AsyncHttpClient-1-2] DEBUG org.asynchttpclient.netty.channel.ChannelManager - Adding key: http://localhost:46761 for channel [id: 0xf524ebe9, L:/127.0.0.1:56994 - R:localhost/127.0.0.1:46761]
01:36:15.113 [Forwarding getCurrentUrl on session 08c5ef6a9a8a9d7f95af7d56111a251a to remote] DEBUG org.asynchttpclient.netty.request.NettyRequestSender - Using pooled Channel '[id: 0xf524ebe9, L:/127.0.0.1:56994 - R:localhost/127.0.0.1:46761]' for 'GET' to 'http://localhost:46761/session/08c5ef6a9a8a9d7f95af7d56111a251a/url'
01:36:15.113 [Forwarding getCurrentUrl on session 08c5ef6a9a8a9d7f95af7d56111a251a to remote] DEBUG org.asynchttpclient.netty.request.NettyRequestSender - Using open Channel [id: 0xf524ebe9, L:/127.0.0.1:56994 - R:localhost/127.0.0.1:46761] for GET '/session/08c5ef6a9a8a9d7f95af7d56111a251a/url'
01:36:15.116 [AsyncHttpClient-1-2] DEBUG org.asynchttpclient.netty.handler.HttpHandler - 

Request DefaultFullHttpRequest(decodeResult: success, version: HTTP/1.1, content: EmptyByteBufBE)
GET /session/08c5ef6a9a8a9d7f95af7d56111a251a/url HTTP/1.1
User-Agent: selenium/4.8.1 (java windows)
Cache-Control: no-cache
Content-Type: application/json; charset=utf-8
host: localhost:46761
accept: */*

Response DefaultHttpResponse(decodeResult: success, version: HTTP/1.1)
HTTP/1.1 200 OK
Content-Length: 42
Content-Type: application/json; charset=utf-8
cache-control: no-cache

01:36:15.116 [AsyncHttpClient-1-2] DEBUG org.asynchttpclient.netty.channel.ChannelManager - Adding key: http://localhost:46761 for channel [id: 0xf524ebe9, L:/127.0.0.1:56994 - R:localhost/127.0.0.1:46761]
01:36:15.125 [Forwarding getPageSource on session 08c5ef6a9a8a9d7f95af7d56111a251a to remote] DEBUG org.asynchttpclient.netty.request.NettyRequestSender - Using pooled Channel '[id: 0xf524ebe9, L:/127.0.0.1:56994 - R:localhost/127.0.0.1:46761]' for 'POST' to 'http://localhost:46761/session/08c5ef6a9a8a9d7f95af7d56111a251a/execute/sync'
01:36:15.125 [Forwarding getPageSource on session 08c5ef6a9a8a9d7f95af7d56111a251a to remote] DEBUG org.asynchttpclient.netty.request.NettyRequestSender - Using open Channel [id: 0xf524ebe9, L:/127.0.0.1:56994 - R:localhost/127.0.0.1:46761] for POST '/session/08c5ef6a9a8a9d7f95af7d56111a251a/execute/sync'
01:36:15.131 [AsyncHttpClient-1-2] DEBUG org.asynchttpclient.netty.handler.HttpHandler - 

Request DefaultHttpRequest(decodeResult: success, version: HTTP/1.1)
POST /session/08c5ef6a9a8a9d7f95af7d56111a251a/execute/sync HTTP/1.1
User-Agent: selenium/4.8.1 (java windows)
Content-Length: 176
Content-Type: application/json; charset=utf-8
host: localhost:46761
accept: */*

Response DefaultHttpResponse(decodeResult: success, version: HTTP/1.1)
HTTP/1.1 200 OK
Content-Length: 97062
Content-Type: application/json; charset=utf-8
cache-control: no-cache

01:36:15.132 [AsyncHttpClient-1-2] DEBUG org.asynchttpclient.netty.channel.ChannelManager - Adding key: http://localhost:46761 for channel [id: 0xf524ebe9, L:/127.0.0.1:56994 - R:localhost/127.0.0.1:46761]
01:36:15.136 [Forwarding getCurrentUrl on session 08c5ef6a9a8a9d7f95af7d56111a251a to remote] DEBUG org.asynchttpclient.netty.request.NettyRequestSender - Using pooled Channel '[id: 0xf524ebe9, L:/127.0.0.1:56994 - R:localhost/127.0.0.1:46761]' for 'GET' to 'http://localhost:46761/session/08c5ef6a9a8a9d7f95af7d56111a251a/url'
01:36:15.136 [Forwarding getCurrentUrl on session 08c5ef6a9a8a9d7f95af7d56111a251a to remote] DEBUG org.asynchttpclient.netty.request.NettyRequestSender - Using open Channel [id: 0xf524ebe9, L:/127.0.0.1:56994 - R:localhost/127.0.0.1:46761] for GET '/session/08c5ef6a9a8a9d7f95af7d56111a251a/url'
01:36:15.139 [AsyncHttpClient-1-2] DEBUG org.asynchttpclient.netty.handler.HttpHandler - 

Request DefaultFullHttpRequest(decodeResult: success, version: HTTP/1.1, content: EmptyByteBufBE)
GET /session/08c5ef6a9a8a9d7f95af7d56111a251a/url HTTP/1.1
User-Agent: selenium/4.8.1 (java windows)
Cache-Control: no-cache
Content-Type: application/json; charset=utf-8
host: localhost:46761
accept: */*

Response DefaultHttpResponse(decodeResult: success, version: HTTP/1.1)
HTTP/1.1 200 OK
Content-Length: 42
Content-Type: application/json; charset=utf-8
cache-control: no-cache

01:36:15.139 [AsyncHttpClient-1-2] DEBUG org.asynchttpclient.netty.channel.ChannelManager - Adding key: http://localhost:46761 for channel [id: 0xf524ebe9, L:/127.0.0.1:56994 - R:localhost/127.0.0.1:46761]
01:36:15.142 [main] DEBUG net.thucydides.core.steps.StepInterceptor - STARTING STEP: LoginSteps.clickSubmitButton - clickSubmitButton
01:36:15.144 [Forwarding findElement on session 08c5ef6a9a8a9d7f95af7d56111a251a to remote] DEBUG org.asynchttpclient.netty.request.NettyRequestSender - Using pooled Channel '[id: 0xf524ebe9, L:/127.0.0.1:56994 - R:localhost/127.0.0.1:46761]' for 'POST' to 'http://localhost:46761/session/08c5ef6a9a8a9d7f95af7d56111a251a/element'
01:36:15.144 [Forwarding findElement on session 08c5ef6a9a8a9d7f95af7d56111a251a to remote] DEBUG org.asynchttpclient.netty.request.NettyRequestSender - Using open Channel [id: 0xf524ebe9, L:/127.0.0.1:56994 - R:localhost/127.0.0.1:46761] for POST '/session/08c5ef6a9a8a9d7f95af7d56111a251a/element'
01:36:15.152 [AsyncHttpClient-1-2] DEBUG org.asynchttpclient.netty.handler.HttpHandler - 

Request DefaultHttpRequest(decodeResult: success, version: HTTP/1.1)
POST /session/08c5ef6a9a8a9d7f95af7d56111a251a/element HTTP/1.1
User-Agent: selenium/4.8.1 (java windows)
Content-Length: 57
Content-Type: application/json; charset=utf-8
host: localhost:46761
accept: */*

Response DefaultHttpResponse(decodeResult: success, version: HTTP/1.1)
HTTP/1.1 200 OK
Content-Length: 88
Content-Type: application/json; charset=utf-8
cache-control: no-cache

01:36:15.152 [AsyncHttpClient-1-2] DEBUG org.asynchttpclient.netty.channel.ChannelManager - Adding key: http://localhost:46761 for channel [id: 0xf524ebe9, L:/127.0.0.1:56994 - R:localhost/127.0.0.1:46761]
01:36:15.153 [Forwarding getElementTagName on session 08c5ef6a9a8a9d7f95af7d56111a251a to remote] DEBUG org.asynchttpclient.netty.request.NettyRequestSender - Using pooled Channel '[id: 0xf524ebe9, L:/127.0.0.1:56994 - R:localhost/127.0.0.1:46761]' for 'GET' to 'http://localhost:46761/session/08c5ef6a9a8a9d7f95af7d56111a251a/element/470b8e25-90f1-4568-a67b-39a4c36bc74a/name'
01:36:15.153 [Forwarding getElementTagName on session 08c5ef6a9a8a9d7f95af7d56111a251a to remote] DEBUG org.asynchttpclient.netty.request.NettyRequestSender - Using open Channel [id: 0xf524ebe9, L:/127.0.0.1:56994 - R:localhost/127.0.0.1:46761] for GET '/session/08c5ef6a9a8a9d7f95af7d56111a251a/element/470b8e25-90f1-4568-a67b-39a4c36bc74a/name'
01:36:15.157 [AsyncHttpClient-1-2] DEBUG org.asynchttpclient.netty.handler.HttpHandler - 

Request DefaultFullHttpRequest(decodeResult: success, version: HTTP/1.1, content: EmptyByteBufBE)
GET /session/08c5ef6a9a8a9d7f95af7d56111a251a/element/470b8e25-90f1-4568-a67b-39a4c36bc74a/name HTTP/1.1
User-Agent: selenium/4.8.1 (java windows)
Cache-Control: no-cache
Content-Type: application/json; charset=utf-8
host: localhost:46761
accept: */*

Response DefaultHttpResponse(decodeResult: success, version: HTTP/1.1)
HTTP/1.1 200 OK
Content-Length: 18
Content-Type: application/json; charset=utf-8
cache-control: no-cache

01:36:15.157 [AsyncHttpClient-1-2] DEBUG org.asynchttpclient.netty.channel.ChannelManager - Adding key: http://localhost:46761 for channel [id: 0xf524ebe9, L:/127.0.0.1:56994 - R:localhost/127.0.0.1:46761]
01:36:15.159 [Forwarding getElementTagName on session 08c5ef6a9a8a9d7f95af7d56111a251a to remote] DEBUG org.asynchttpclient.netty.request.NettyRequestSender - Using pooled Channel '[id: 0xf524ebe9, L:/127.0.0.1:56994 - R:localhost/127.0.0.1:46761]' for 'GET' to 'http://localhost:46761/session/08c5ef6a9a8a9d7f95af7d56111a251a/element/470b8e25-90f1-4568-a67b-39a4c36bc74a/name'
01:36:15.159 [Forwarding getElementTagName on session 08c5ef6a9a8a9d7f95af7d56111a251a to remote] DEBUG org.asynchttpclient.netty.request.NettyRequestSender - Using open Channel [id: 0xf524ebe9, L:/127.0.0.1:56994 - R:localhost/127.0.0.1:46761] for GET '/session/08c5ef6a9a8a9d7f95af7d56111a251a/element/470b8e25-90f1-4568-a67b-39a4c36bc74a/name'
01:36:15.161 [AsyncHttpClient-1-2] DEBUG org.asynchttpclient.netty.handler.HttpHandler - 

Request DefaultFullHttpRequest(decodeResult: success, version: HTTP/1.1, content: EmptyByteBufBE)
GET /session/08c5ef6a9a8a9d7f95af7d56111a251a/element/470b8e25-90f1-4568-a67b-39a4c36bc74a/name HTTP/1.1
User-Agent: selenium/4.8.1 (java windows)
Cache-Control: no-cache
Content-Type: application/json; charset=utf-8
host: localhost:46761
accept: */*

Response DefaultHttpResponse(decodeResult: success, version: HTTP/1.1)
HTTP/1.1 200 OK
Content-Length: 18
Content-Type: application/json; charset=utf-8
cache-control: no-cache

01:36:15.161 [AsyncHttpClient-1-2] DEBUG org.asynchttpclient.netty.channel.ChannelManager - Adding key: http://localhost:46761 for channel [id: 0xf524ebe9, L:/127.0.0.1:56994 - R:localhost/127.0.0.1:46761]
01:36:15.165 [Forwarding isElementEnabled on session 08c5ef6a9a8a9d7f95af7d56111a251a to remote] DEBUG org.asynchttpclient.netty.request.NettyRequestSender - Using pooled Channel '[id: 0xf524ebe9, L:/127.0.0.1:56994 - R:localhost/127.0.0.1:46761]' for 'GET' to 'http://localhost:46761/session/08c5ef6a9a8a9d7f95af7d56111a251a/element/470b8e25-90f1-4568-a67b-39a4c36bc74a/enabled'
01:36:15.165 [Forwarding isElementEnabled on session 08c5ef6a9a8a9d7f95af7d56111a251a to remote] DEBUG org.asynchttpclient.netty.request.NettyRequestSender - Using open Channel [id: 0xf524ebe9, L:/127.0.0.1:56994 - R:localhost/127.0.0.1:46761] for GET '/session/08c5ef6a9a8a9d7f95af7d56111a251a/element/470b8e25-90f1-4568-a67b-39a4c36bc74a/enabled'
01:36:15.172 [AsyncHttpClient-1-2] DEBUG org.asynchttpclient.netty.handler.HttpHandler - 

Request DefaultFullHttpRequest(decodeResult: success, version: HTTP/1.1, content: EmptyByteBufBE)
GET /session/08c5ef6a9a8a9d7f95af7d56111a251a/element/470b8e25-90f1-4568-a67b-39a4c36bc74a/enabled HTTP/1.1
User-Agent: selenium/4.8.1 (java windows)
Cache-Control: no-cache
Content-Type: application/json; charset=utf-8
host: localhost:46761
accept: */*

Response DefaultHttpResponse(decodeResult: success, version: HTTP/1.1)
HTTP/1.1 200 OK
Content-Length: 14
Content-Type: application/json; charset=utf-8
cache-control: no-cache

01:36:15.172 [AsyncHttpClient-1-2] DEBUG org.asynchttpclient.netty.channel.ChannelManager - Adding key: http://localhost:46761 for channel [id: 0xf524ebe9, L:/127.0.0.1:56994 - R:localhost/127.0.0.1:46761]
01:36:15.173 [Forwarding isElementEnabled on session 08c5ef6a9a8a9d7f95af7d56111a251a to remote] DEBUG org.asynchttpclient.netty.request.NettyRequestSender - Using pooled Channel '[id: 0xf524ebe9, L:/127.0.0.1:56994 - R:localhost/127.0.0.1:46761]' for 'GET' to 'http://localhost:46761/session/08c5ef6a9a8a9d7f95af7d56111a251a/element/470b8e25-90f1-4568-a67b-39a4c36bc74a/enabled'
01:36:15.174 [Forwarding isElementEnabled on session 08c5ef6a9a8a9d7f95af7d56111a251a to remote] DEBUG org.asynchttpclient.netty.request.NettyRequestSender - Using open Channel [id: 0xf524ebe9, L:/127.0.0.1:56994 - R:localhost/127.0.0.1:46761] for GET '/session/08c5ef6a9a8a9d7f95af7d56111a251a/element/470b8e25-90f1-4568-a67b-39a4c36bc74a/enabled'
01:36:15.178 [AsyncHttpClient-1-2] DEBUG org.asynchttpclient.netty.handler.HttpHandler - 

Request DefaultFullHttpRequest(decodeResult: success, version: HTTP/1.1, content: EmptyByteBufBE)
GET /session/08c5ef6a9a8a9d7f95af7d56111a251a/element/470b8e25-90f1-4568-a67b-39a4c36bc74a/enabled HTTP/1.1
User-Agent: selenium/4.8.1 (java windows)
Cache-Control: no-cache
Content-Type: application/json; charset=utf-8
host: localhost:46761
accept: */*

Response DefaultHttpResponse(decodeResult: success, version: HTTP/1.1)
HTTP/1.1 200 OK
Content-Length: 14
Content-Type: application/json; charset=utf-8
cache-control: no-cache

01:36:15.179 [AsyncHttpClient-1-2] DEBUG org.asynchttpclient.netty.channel.ChannelManager - Adding key: http://localhost:46761 for channel [id: 0xf524ebe9, L:/127.0.0.1:56994 - R:localhost/127.0.0.1:46761]
01:36:15.180 [Forwarding findElement on session 08c5ef6a9a8a9d7f95af7d56111a251a to remote] DEBUG org.asynchttpclient.netty.request.NettyRequestSender - Using pooled Channel '[id: 0xf524ebe9, L:/127.0.0.1:56994 - R:localhost/127.0.0.1:46761]' for 'POST' to 'http://localhost:46761/session/08c5ef6a9a8a9d7f95af7d56111a251a/element'
01:36:15.180 [Forwarding findElement on session 08c5ef6a9a8a9d7f95af7d56111a251a to remote] DEBUG org.asynchttpclient.netty.request.NettyRequestSender - Using open Channel [id: 0xf524ebe9, L:/127.0.0.1:56994 - R:localhost/127.0.0.1:46761] for POST '/session/08c5ef6a9a8a9d7f95af7d56111a251a/element'
01:36:15.192 [AsyncHttpClient-1-2] DEBUG org.asynchttpclient.netty.handler.HttpHandler - 

Request DefaultHttpRequest(decodeResult: success, version: HTTP/1.1)
POST /session/08c5ef6a9a8a9d7f95af7d56111a251a/element HTTP/1.1
User-Agent: selenium/4.8.1 (java windows)
Content-Length: 57
Content-Type: application/json; charset=utf-8
host: localhost:46761
accept: */*

Response DefaultHttpResponse(decodeResult: success, version: HTTP/1.1)
HTTP/1.1 200 OK
Content-Length: 88
Content-Type: application/json; charset=utf-8
cache-control: no-cache

01:36:15.193 [AsyncHttpClient-1-2] DEBUG org.asynchttpclient.netty.channel.ChannelManager - Adding key: http://localhost:46761 for channel [id: 0xf524ebe9, L:/127.0.0.1:56994 - R:localhost/127.0.0.1:46761]
01:36:15.194 [Forwarding clickElement on session 08c5ef6a9a8a9d7f95af7d56111a251a to remote] DEBUG org.asynchttpclient.netty.request.NettyRequestSender - Using pooled Channel '[id: 0xf524ebe9, L:/127.0.0.1:56994 - R:localhost/127.0.0.1:46761]' for 'POST' to 'http://localhost:46761/session/08c5ef6a9a8a9d7f95af7d56111a251a/element/470b8e25-90f1-4568-a67b-39a4c36bc74a/click'
01:36:15.194 [Forwarding clickElement on session 08c5ef6a9a8a9d7f95af7d56111a251a to remote] DEBUG org.asynchttpclient.netty.request.NettyRequestSender - Using open Channel [id: 0xf524ebe9, L:/127.0.0.1:56994 - R:localhost/127.0.0.1:46761] for POST '/session/08c5ef6a9a8a9d7f95af7d56111a251a/element/470b8e25-90f1-4568-a67b-39a4c36bc74a/click'
01:36:15.248 [AsyncHttpClient-1-2] DEBUG org.asynchttpclient.netty.handler.HttpHandler - 

Request DefaultHttpRequest(decodeResult: success, version: HTTP/1.1)
POST /session/08c5ef6a9a8a9d7f95af7d56111a251a/element/470b8e25-90f1-4568-a67b-39a4c36bc74a/click HTTP/1.1
User-Agent: selenium/4.8.1 (java windows)
Content-Length: 50
Content-Type: application/json; charset=utf-8
host: localhost:46761
accept: */*

Response DefaultHttpResponse(decodeResult: success, version: HTTP/1.1)
HTTP/1.1 200 OK
Content-Length: 14
Content-Type: application/json; charset=utf-8
cache-control: no-cache

01:36:15.248 [AsyncHttpClient-1-2] DEBUG org.asynchttpclient.netty.channel.ChannelManager - Adding key: http://localhost:46761 for channel [id: 0xf524ebe9, L:/127.0.0.1:56994 - R:localhost/127.0.0.1:46761]
01:36:15.254 [Forwarding getAlertText on session 08c5ef6a9a8a9d7f95af7d56111a251a to remote] DEBUG org.asynchttpclient.netty.request.NettyRequestSender - Using pooled Channel '[id: 0xf524ebe9, L:/127.0.0.1:56994 - R:localhost/127.0.0.1:46761]' for 'GET' to 'http://localhost:46761/session/08c5ef6a9a8a9d7f95af7d56111a251a/alert/text'
01:36:15.254 [Forwarding getAlertText on session 08c5ef6a9a8a9d7f95af7d56111a251a to remote] DEBUG org.asynchttpclient.netty.request.NettyRequestSender - Using open Channel [id: 0xf524ebe9, L:/127.0.0.1:56994 - R:localhost/127.0.0.1:46761] for GET '/session/08c5ef6a9a8a9d7f95af7d56111a251a/alert/text'
01:36:15.256 [AsyncHttpClient-1-2] DEBUG org.asynchttpclient.netty.handler.HttpHandler - 

Request DefaultFullHttpRequest(decodeResult: success, version: HTTP/1.1, content: EmptyByteBufBE)
GET /session/08c5ef6a9a8a9d7f95af7d56111a251a/alert/text HTTP/1.1
User-Agent: selenium/4.8.1 (java windows)
Cache-Control: no-cache
Content-Type: application/json; charset=utf-8
host: localhost:46761
accept: */*

Response DefaultHttpResponse(decodeResult: success, version: HTTP/1.1)
HTTP/1.1 404 Not Found
Content-Length: 835
Content-Type: application/json; charset=utf-8
cache-control: no-cache

01:36:15.256 [AsyncHttpClient-1-2] DEBUG org.asynchttpclient.netty.channel.ChannelManager - Adding key: http://localhost:46761 for channel [id: 0xf524ebe9, L:/127.0.0.1:56994 - R:localhost/127.0.0.1:46761]
01:36:15.258 [Forwarding getCurrentUrl on session 08c5ef6a9a8a9d7f95af7d56111a251a to remote] DEBUG org.asynchttpclient.netty.request.NettyRequestSender - Using pooled Channel '[id: 0xf524ebe9, L:/127.0.0.1:56994 - R:localhost/127.0.0.1:46761]' for 'GET' to 'http://localhost:46761/session/08c5ef6a9a8a9d7f95af7d56111a251a/url'
01:36:15.258 [Forwarding getCurrentUrl on session 08c5ef6a9a8a9d7f95af7d56111a251a to remote] DEBUG org.asynchttpclient.netty.request.NettyRequestSender - Using open Channel [id: 0xf524ebe9, L:/127.0.0.1:56994 - R:localhost/127.0.0.1:46761] for GET '/session/08c5ef6a9a8a9d7f95af7d56111a251a/url'
01:36:15.263 [AsyncHttpClient-1-2] DEBUG org.asynchttpclient.netty.handler.HttpHandler - 

Request DefaultFullHttpRequest(decodeResult: success, version: HTTP/1.1, content: EmptyByteBufBE)
GET /session/08c5ef6a9a8a9d7f95af7d56111a251a/url HTTP/1.1
User-Agent: selenium/4.8.1 (java windows)
Cache-Control: no-cache
Content-Type: application/json; charset=utf-8
host: localhost:46761
accept: */*

Response DefaultHttpResponse(decodeResult: success, version: HTTP/1.1)
HTTP/1.1 200 OK
Content-Length: 42
Content-Type: application/json; charset=utf-8
cache-control: no-cache

01:36:15.263 [AsyncHttpClient-1-2] DEBUG org.asynchttpclient.netty.channel.ChannelManager - Adding key: http://localhost:46761 for channel [id: 0xf524ebe9, L:/127.0.0.1:56994 - R:localhost/127.0.0.1:46761]
01:36:15.264 [Forwarding screenshot on session 08c5ef6a9a8a9d7f95af7d56111a251a to remote] DEBUG org.asynchttpclient.netty.request.NettyRequestSender - Using pooled Channel '[id: 0xf524ebe9, L:/127.0.0.1:56994 - R:localhost/127.0.0.1:46761]' for 'GET' to 'http://localhost:46761/session/08c5ef6a9a8a9d7f95af7d56111a251a/screenshot'
01:36:15.264 [Forwarding screenshot on session 08c5ef6a9a8a9d7f95af7d56111a251a to remote] DEBUG org.asynchttpclient.netty.request.NettyRequestSender - Using open Channel [id: 0xf524ebe9, L:/127.0.0.1:56994 - R:localhost/127.0.0.1:46761] for GET '/session/08c5ef6a9a8a9d7f95af7d56111a251a/screenshot'
01:36:15.285 [AsyncHttpClient-1-1] DEBUG org.asynchttpclient.netty.channel.DefaultChannelPool - Entry count for : http://localhost:56996 : 1
01:36:15.396 [AsyncHttpClient-1-2] DEBUG org.asynchttpclient.netty.handler.HttpHandler - 

Request DefaultFullHttpRequest(decodeResult: success, version: HTTP/1.1, content: EmptyByteBufBE)
GET /session/08c5ef6a9a8a9d7f95af7d56111a251a/screenshot HTTP/1.1
User-Agent: selenium/4.8.1 (java windows)
Cache-Control: no-cache
Content-Type: application/json; charset=utf-8
host: localhost:46761
accept: */*

Response DefaultHttpResponse(decodeResult: success, version: HTTP/1.1)
HTTP/1.1 200 OK
Content-Length: 148140
Content-Type: application/json; charset=utf-8
cache-control: no-cache

01:36:15.397 [AsyncHttpClient-1-2] DEBUG org.asynchttpclient.netty.channel.ChannelManager - Adding key: http://localhost:46761 for channel [id: 0xf524ebe9, L:/127.0.0.1:56994 - R:localhost/127.0.0.1:46761]
01:36:15.399 [main] DEBUG net.serenitybdd.core.photography.Darkroom - Send negative for processing for target\site\serenity\b85dcbf197632fb456daf5d8665e9ef5d43108b3c053a7b3a088554861bda191.png
01:36:15.399 [main] DEBUG net.thucydides.core.steps.StepInterceptor - STEP DONE: clickSubmitButton
01:36:15.400 [Darkroom Processing Line] DEBUG net.serenitybdd.core.photography.DarkroomProcessingLine - Processing screenshot image in /var/screenshots/screenshot-3931800305188828714
01:36:15.400 [Darkroom Processing Line] DEBUG net.serenitybdd.core.photography.DarkroomProcessingLine - Saving screenshot to target\site\serenity\b85dcbf197632fb456daf5d8665e9ef5d43108b3c053a7b3a088554861bda191.png
  &amp#27;[32mWhen &amp#27;[0m&amp#27;[32mI click on the submit button&amp#27;[0m                           &amp#27;[90m# starter.stepdefintions.LoginSteps.clickSubmitButton()&amp#27;[0m
01:36:15.407 [Forwarding getPageSource on session 08c5ef6a9a8a9d7f95af7d56111a251a to remote] DEBUG org.asynchttpclient.netty.request.NettyRequestSender - Using pooled Channel '[id: 0xf524ebe9, L:/127.0.0.1:56994 - R:localhost/127.0.0.1:46761]' for 'POST' to 'http://localhost:46761/session/08c5ef6a9a8a9d7f95af7d56111a251a/execute/sync'
01:36:15.407 [Forwarding getPageSource on session 08c5ef6a9a8a9d7f95af7d56111a251a to remote] DEBUG org.asynchttpclient.netty.request.NettyRequestSender - Using open Channel [id: 0xf524ebe9, L:/127.0.0.1:56994 - R:localhost/127.0.0.1:46761] for POST '/session/08c5ef6a9a8a9d7f95af7d56111a251a/execute/sync'
01:36:15.415 [AsyncHttpClient-1-2] DEBUG org.asynchttpclient.netty.handler.HttpHandler - 

Request DefaultHttpRequest(decodeResult: success, version: HTTP/1.1)
POST /session/08c5ef6a9a8a9d7f95af7d56111a251a/execute/sync HTTP/1.1
User-Agent: selenium/4.8.1 (java windows)
Content-Length: 176
Content-Type: application/json; charset=utf-8
host: localhost:46761
accept: */*

Response DefaultHttpResponse(decodeResult: success, version: HTTP/1.1)
HTTP/1.1 200 OK
Content-Length: 103528
Content-Type: application/json; charset=utf-8
cache-control: no-cache

01:36:15.415 [AsyncHttpClient-1-2] DEBUG org.asynchttpclient.netty.channel.ChannelManager - Adding key: http://localhost:46761 for channel [id: 0xf524ebe9, L:/127.0.0.1:56994 - R:localhost/127.0.0.1:46761]
01:36:15.421 [Forwarding getCurrentUrl on session 08c5ef6a9a8a9d7f95af7d56111a251a to remote] DEBUG org.asynchttpclient.netty.request.NettyRequestSender - Using pooled Channel '[id: 0xf524ebe9, L:/127.0.0.1:56994 - R:localhost/127.0.0.1:46761]' for 'GET' to 'http://localhost:46761/session/08c5ef6a9a8a9d7f95af7d56111a251a/url'
01:36:15.421 [Forwarding getCurrentUrl on session 08c5ef6a9a8a9d7f95af7d56111a251a to remote] DEBUG org.asynchttpclient.netty.request.NettyRequestSender - Using open Channel [id: 0xf524ebe9, L:/127.0.0.1:56994 - R:localhost/127.0.0.1:46761] for GET '/session/08c5ef6a9a8a9d7f95af7d56111a251a/url'
01:36:15.424 [AsyncHttpClient-1-2] DEBUG org.asynchttpclient.netty.handler.HttpHandler - 

Request DefaultFullHttpRequest(decodeResult: success, version: HTTP/1.1, content: EmptyByteBufBE)
GET /session/08c5ef6a9a8a9d7f95af7d56111a251a/url HTTP/1.1
User-Agent: selenium/4.8.1 (java windows)
Cache-Control: no-cache
Content-Type: application/json; charset=utf-8
host: localhost:46761
accept: */*

Response DefaultHttpResponse(decodeResult: success, version: HTTP/1.1)
HTTP/1.1 200 OK
Content-Length: 42
Content-Type: application/json; charset=utf-8
cache-control: no-cache

01:36:15.425 [AsyncHttpClient-1-2] DEBUG org.asynchttpclient.netty.channel.ChannelManager - Adding key: http://localhost:46761 for channel [id: 0xf524ebe9, L:/127.0.0.1:56994 - R:localhost/127.0.0.1:46761]
01:36:15.437 [Forwarding getPageSource on session 08c5ef6a9a8a9d7f95af7d56111a251a to remote] DEBUG org.asynchttpclient.netty.request.NettyRequestSender - Using pooled Channel '[id: 0xf524ebe9, L:/127.0.0.1:56994 - R:localhost/127.0.0.1:46761]' for 'POST' to 'http://localhost:46761/session/08c5ef6a9a8a9d7f95af7d56111a251a/execute/sync'
01:36:15.437 [Forwarding getPageSource on session 08c5ef6a9a8a9d7f95af7d56111a251a to remote] DEBUG org.asynchttpclient.netty.request.NettyRequestSender - Using open Channel [id: 0xf524ebe9, L:/127.0.0.1:56994 - R:localhost/127.0.0.1:46761] for POST '/session/08c5ef6a9a8a9d7f95af7d56111a251a/execute/sync'
01:36:15.447 [AsyncHttpClient-1-2] DEBUG org.asynchttpclient.netty.handler.HttpHandler - 

Request DefaultHttpRequest(decodeResult: success, version: HTTP/1.1)
POST /session/08c5ef6a9a8a9d7f95af7d56111a251a/execute/sync HTTP/1.1
User-Agent: selenium/4.8.1 (java windows)
Content-Length: 176
Content-Type: application/json; charset=utf-8
host: localhost:46761
accept: */*

Response DefaultHttpResponse(decodeResult: success, version: HTTP/1.1)
HTTP/1.1 200 OK
Content-Length: 103528
Content-Type: application/json; charset=utf-8
cache-control: no-cache

01:36:15.447 [AsyncHttpClient-1-2] DEBUG org.asynchttpclient.netty.channel.ChannelManager - Adding key: http://localhost:46761 for channel [id: 0xf524ebe9, L:/127.0.0.1:56994 - R:localhost/127.0.0.1:46761]
01:36:15.455 [Forwarding getCurrentUrl on session 08c5ef6a9a8a9d7f95af7d56111a251a to remote] DEBUG org.asynchttpclient.netty.request.NettyRequestSender - Using pooled Channel '[id: 0xf524ebe9, L:/127.0.0.1:56994 - R:localhost/127.0.0.1:46761]' for 'GET' to 'http://localhost:46761/session/08c5ef6a9a8a9d7f95af7d56111a251a/url'
01:36:15.456 [Forwarding getCurrentUrl on session 08c5ef6a9a8a9d7f95af7d56111a251a to remote] DEBUG org.asynchttpclient.netty.request.NettyRequestSender - Using open Channel [id: 0xf524ebe9, L:/127.0.0.1:56994 - R:localhost/127.0.0.1:46761] for GET '/session/08c5ef6a9a8a9d7f95af7d56111a251a/url'
01:36:15.462 [AsyncHttpClient-1-2] DEBUG org.asynchttpclient.netty.handler.HttpHandler - 

Request DefaultFullHttpRequest(decodeResult: success, version: HTTP/1.1, content: EmptyByteBufBE)
GET /session/08c5ef6a9a8a9d7f95af7d56111a251a/url HTTP/1.1
User-Agent: selenium/4.8.1 (java windows)
Cache-Control: no-cache
Content-Type: application/json; charset=utf-8
host: localhost:46761
accept: */*

Response DefaultHttpResponse(decodeResult: success, version: HTTP/1.1)
HTTP/1.1 200 OK
Content-Length: 42
Content-Type: application/json; charset=utf-8
cache-control: no-cache

01:36:15.462 [AsyncHttpClient-1-2] DEBUG org.asynchttpclient.netty.channel.ChannelManager - Adding key: http://localhost:46761 for channel [id: 0xf524ebe9, L:/127.0.0.1:56994 - R:localhost/127.0.0.1:46761]
01:36:15.466 [main] DEBUG net.thucydides.core.steps.StepInterceptor - STARTING STEP: LoginSteps.validateLoginSuccess - validateLoginSuccess
01:36:15.469 [Forwarding findElement on session 08c5ef6a9a8a9d7f95af7d56111a251a to remote] DEBUG org.asynchttpclient.netty.request.NettyRequestSender - Using pooled Channel '[id: 0xf524ebe9, L:/127.0.0.1:56994 - R:localhost/127.0.0.1:46761]' for 'POST' to 'http://localhost:46761/session/08c5ef6a9a8a9d7f95af7d56111a251a/element'
01:36:15.469 [Forwarding findElement on session 08c5ef6a9a8a9d7f95af7d56111a251a to remote] DEBUG org.asynchttpclient.netty.request.NettyRequestSender - Using open Channel [id: 0xf524ebe9, L:/127.0.0.1:56994 - R:localhost/127.0.0.1:46761] for POST '/session/08c5ef6a9a8a9d7f95af7d56111a251a/element'
01:36:15.478 [AsyncHttpClient-1-2] DEBUG org.asynchttpclient.netty.handler.HttpHandler - 

Request DefaultHttpRequest(decodeResult: success, version: HTTP/1.1)
POST /session/08c5ef6a9a8a9d7f95af7d56111a251a/element HTTP/1.1
User-Agent: selenium/4.8.1 (java windows)
Content-Length: 62
Content-Type: application/json; charset=utf-8
host: localhost:46761
accept: */*

Response DefaultHttpResponse(decodeResult: success, version: HTTP/1.1)
HTTP/1.1 200 OK
Content-Length: 88
Content-Type: application/json; charset=utf-8
cache-control: no-cache

01:36:15.478 [AsyncHttpClient-1-2] DEBUG org.asynchttpclient.netty.channel.ChannelManager - Adding key: http://localhost:46761 for channel [id: 0xf524ebe9, L:/127.0.0.1:56994 - R:localhost/127.0.0.1:46761]
01:36:15.483 [Forwarding isElementDisplayed on session 08c5ef6a9a8a9d7f95af7d56111a251a to remote] DEBUG org.asynchttpclient.netty.request.NettyRequestSender - Using pooled Channel '[id: 0xf524ebe9, L:/127.0.0.1:56994 - R:localhost/127.0.0.1:46761]' for 'POST' to 'http://localhost:46761/session/08c5ef6a9a8a9d7f95af7d56111a251a/execute/sync'
01:36:15.483 [Forwarding isElementDisplayed on session 08c5ef6a9a8a9d7f95af7d56111a251a to remote] DEBUG org.asynchttpclient.netty.request.NettyRequestSender - Using open Channel [id: 0xf524ebe9, L:/127.0.0.1:56994 - R:localhost/127.0.0.1:46761] for POST '/session/08c5ef6a9a8a9d7f95af7d56111a251a/execute/sync'
01:36:15.501 [AsyncHttpClient-1-2] DEBUG org.asynchttpclient.netty.handler.HttpHandler - 

Request DefaultHttpRequest(decodeResult: success, version: HTTP/1.1)
POST /session/08c5ef6a9a8a9d7f95af7d56111a251a/execute/sync HTTP/1.1
User-Agent: selenium/4.8.1 (java windows)
Content-Length: 48807
Content-Type: application/json; charset=utf-8
host: localhost:46761
accept: */*

Response DefaultHttpResponse(decodeResult: success, version: HTTP/1.1)
HTTP/1.1 200 OK
Content-Length: 14
Content-Type: application/json; charset=utf-8
cache-control: no-cache

01:36:15.501 [AsyncHttpClient-1-2] DEBUG org.asynchttpclient.netty.channel.ChannelManager - Adding key: http://localhost:46761 for channel [id: 0xf524ebe9, L:/127.0.0.1:56994 - R:localhost/127.0.0.1:46761]
01:36:15.511 [Forwarding getAlertText on session 08c5ef6a9a8a9d7f95af7d56111a251a to remote] DEBUG org.asynchttpclient.netty.request.NettyRequestSender - Using pooled Channel '[id: 0xf524ebe9, L:/127.0.0.1:56994 - R:localhost/127.0.0.1:46761]' for 'GET' to 'http://localhost:46761/session/08c5ef6a9a8a9d7f95af7d56111a251a/alert/text'
01:36:15.511 [Forwarding getAlertText on session 08c5ef6a9a8a9d7f95af7d56111a251a to remote] DEBUG org.asynchttpclient.netty.request.NettyRequestSender - Using open Channel [id: 0xf524ebe9, L:/127.0.0.1:56994 - R:localhost/127.0.0.1:46761] for GET '/session/08c5ef6a9a8a9d7f95af7d56111a251a/alert/text'
01:36:15.513 [AsyncHttpClient-1-2] DEBUG org.asynchttpclient.netty.handler.HttpHandler - 

Request DefaultFullHttpRequest(decodeResult: success, version: HTTP/1.1, content: EmptyByteBufBE)
GET /session/08c5ef6a9a8a9d7f95af7d56111a251a/alert/text HTTP/1.1
User-Agent: selenium/4.8.1 (java windows)
Cache-Control: no-cache
Content-Type: application/json; charset=utf-8
host: localhost:46761
accept: */*

Response DefaultHttpResponse(decodeResult: success, version: HTTP/1.1)
HTTP/1.1 404 Not Found
Content-Length: 835
Content-Type: application/json; charset=utf-8
cache-control: no-cache

01:36:15.513 [AsyncHttpClient-1-2] DEBUG org.asynchttpclient.netty.channel.ChannelManager - Adding key: http://localhost:46761 for channel [id: 0xf524ebe9, L:/127.0.0.1:56994 - R:localhost/127.0.0.1:46761]
01:36:15.515 [Forwarding getCurrentUrl on session 08c5ef6a9a8a9d7f95af7d56111a251a to remote] DEBUG org.asynchttpclient.netty.request.NettyRequestSender - Using pooled Channel '[id: 0xf524ebe9, L:/127.0.0.1:56994 - R:localhost/127.0.0.1:46761]' for 'GET' to 'http://localhost:46761/session/08c5ef6a9a8a9d7f95af7d56111a251a/url'
01:36:15.516 [Forwarding getCurrentUrl on session 08c5ef6a9a8a9d7f95af7d56111a251a to remote] DEBUG org.asynchttpclient.netty.request.NettyRequestSender - Using open Channel [id: 0xf524ebe9, L:/127.0.0.1:56994 - R:localhost/127.0.0.1:46761] for GET '/session/08c5ef6a9a8a9d7f95af7d56111a251a/url'
01:36:15.520 [AsyncHttpClient-1-2] DEBUG org.asynchttpclient.netty.handler.HttpHandler - 

Request DefaultFullHttpRequest(decodeResult: success, version: HTTP/1.1, content: EmptyByteBufBE)
GET /session/08c5ef6a9a8a9d7f95af7d56111a251a/url HTTP/1.1
User-Agent: selenium/4.8.1 (java windows)
Cache-Control: no-cache
Content-Type: application/json; charset=utf-8
host: localhost:46761
accept: */*

Response DefaultHttpResponse(decodeResult: success, version: HTTP/1.1)
HTTP/1.1 200 OK
Content-Length: 42
Content-Type: application/json; charset=utf-8
cache-control: no-cache

01:36:15.521 [AsyncHttpClient-1-2] DEBUG org.asynchttpclient.netty.channel.ChannelManager - Adding key: http://localhost:46761 for channel [id: 0xf524ebe9, L:/127.0.0.1:56994 - R:localhost/127.0.0.1:46761]
01:36:15.523 [Forwarding screenshot on session 08c5ef6a9a8a9d7f95af7d56111a251a to remote] DEBUG org.asynchttpclient.netty.request.NettyRequestSender - Using pooled Channel '[id: 0xf524ebe9, L:/127.0.0.1:56994 - R:localhost/127.0.0.1:46761]' for 'GET' to 'http://localhost:46761/session/08c5ef6a9a8a9d7f95af7d56111a251a/screenshot'
01:36:15.523 [Forwarding screenshot on session 08c5ef6a9a8a9d7f95af7d56111a251a to remote] DEBUG org.asynchttpclient.netty.request.NettyRequestSender - Using open Channel [id: 0xf524ebe9, L:/127.0.0.1:56994 - R:localhost/127.0.0.1:46761] for GET '/session/08c5ef6a9a8a9d7f95af7d56111a251a/screenshot'
01:36:15.667 [AsyncHttpClient-1-2] DEBUG org.asynchttpclient.netty.handler.HttpHandler - 

Request DefaultFullHttpRequest(decodeResult: success, version: HTTP/1.1, content: EmptyByteBufBE)
GET /session/08c5ef6a9a8a9d7f95af7d56111a251a/screenshot HTTP/1.1
User-Agent: selenium/4.8.1 (java windows)
Cache-Control: no-cache
Content-Type: application/json; charset=utf-8
host: localhost:46761
accept: */*

Response DefaultHttpResponse(decodeResult: success, version: HTTP/1.1)
HTTP/1.1 200 OK
Content-Length: 148308
Content-Type: application/json; charset=utf-8
cache-control: no-cache

01:36:15.668 [AsyncHttpClient-1-2] DEBUG org.asynchttpclient.netty.channel.ChannelManager - Adding key: http://localhost:46761 for channel [id: 0xf524ebe9, L:/127.0.0.1:56994 - R:localhost/127.0.0.1:46761]
01:36:15.672 [main] DEBUG net.serenitybdd.core.photography.Darkroom - Send negative for processing for target\site\serenity\b2baa8721548b420c63abe91095d7ae9a1273416ba8f82a981d64f9468c4ac1f.png
01:36:15.672 [main] DEBUG net.thucydides.core.steps.StepInterceptor - STEP DONE: validateLoginSuccess
01:36:15.672 [Darkroom Processing Line] DEBUG net.serenitybdd.core.photography.DarkroomProcessingLine - Processing screenshot image in /var/screenshots/screenshot-1693698324481299699
01:36:15.672 [Darkroom Processing Line] DEBUG net.serenitybdd.core.photography.DarkroomProcessingLine - Saving screenshot to target\site\serenity\b2baa8721548b420c63abe91095d7ae9a1273416ba8f82a981d64f9468c4ac1f.png
  &amp#27;[32mThen &amp#27;[0m&amp#27;[32mI should be redirected to my Sepulsa account dashboard&amp#27;[0m &amp#27;[90m# starter.stepdefintions.LoginSteps.validateLoginSuccess()&amp#27;[0m
01:36:15.681 [main] INFO  - 
  _____   ___   ___   _____     ___     _     ___   ___   ___   ___  
 |_   _| | __| / __| |_   _|   | _ \   /_\   / __| / __| | __| |   \ 
   | |   | _|  \__ \   | |     |  _/  / _ \  \__ \ \__ \ | _|  | |) |
   |_|   |___| |___/   |_|     |_|   /_/ \_\ |___/ |___/ |___| |___/ 

Login with correct credentials
----------------------------------------------------------------------
01:36:15.718 [Driver Command Executor] DEBUG org.asynchttpclient.netty.request.NettyRequestSender - Using pooled Channel '[id: 0xf524ebe9, L:/127.0.0.1:56994 - R:localhost/127.0.0.1:46761]' for 'DELETE' to 'http://localhost:46761/session/08c5ef6a9a8a9d7f95af7d56111a251a'
01:36:15.718 [Driver Command Executor] DEBUG org.asynchttpclient.netty.request.NettyRequestSender - Using open Channel [id: 0xf524ebe9, L:/127.0.0.1:56994 - R:localhost/127.0.0.1:46761] for DELETE '/session/08c5ef6a9a8a9d7f95af7d56111a251a'
01:36:15.751 [AsyncHttpClient-1-4] DEBUG org.asynchttpclient.netty.handler.WebSocketHandler - Unexpected I/O exception on channel [id: 0xff9646d3, L:/127.0.0.1:57003 - R:localhost/127.0.0.1:56996]
java.net.SocketException: Connection reset
	at java.base/sun.nio.ch.SocketChannelImpl.throwConnectionReset(SocketChannelImpl.java:367)
	at java.base/sun.nio.ch.SocketChannelImpl.read(SocketChannelImpl.java:398)
	at io.netty.buffer.PooledByteBuf.setBytes(PooledByteBuf.java:259)
	at io.netty.buffer.AbstractByteBuf.writeBytes(AbstractByteBuf.java:1132)
	at io.netty.channel.socket.nio.NioSocketChannel.doReadBytes(NioSocketChannel.java:357)
	at io.netty.channel.nio.AbstractNioByteChannel$NioByteUnsafe.read(AbstractNioByteChannel.java:151)
	at io.netty.channel.nio.NioEventLoop.processSelectedKey(NioEventLoop.java:788)
	at io.netty.channel.nio.NioEventLoop.processSelectedKeysOptimized(NioEventLoop.java:724)
	at io.netty.channel.nio.NioEventLoop.processSelectedKeys(NioEventLoop.java:650)
	at io.netty.channel.nio.NioEventLoop.run(NioEventLoop.java:562)
	at io.netty.util.concurrent.SingleThreadEventExecutor$4.run(SingleThreadEventExecutor.java:997)
	at io.netty.util.internal.ThreadExecutorMap$2.run(ThreadExecutorMap.java:74)
	at io.netty.util.concurrent.FastThreadLocalRunnable.run(FastThreadLocalRunnable.java:30)
	at java.base/java.lang.Thread.run(Thread.java:832)
01:36:15.751 [AsyncHttpClient-1-3] DEBUG org.asynchttpclient.netty.handler.HttpHandler - Unexpected I/O exception on channel [id: 0xb3b50cd7, L:/127.0.0.1:57002 - R:localhost/127.0.0.1:56996]
java.net.SocketException: Connection reset
	at java.base/sun.nio.ch.SocketChannelImpl.throwConnectionReset(SocketChannelImpl.java:367)
	at java.base/sun.nio.ch.SocketChannelImpl.read(SocketChannelImpl.java:398)
	at io.netty.buffer.PooledByteBuf.setBytes(PooledByteBuf.java:259)
	at io.netty.buffer.AbstractByteBuf.writeBytes(AbstractByteBuf.java:1132)
	at io.netty.channel.socket.nio.NioSocketChannel.doReadBytes(NioSocketChannel.java:357)
	at io.netty.channel.nio.AbstractNioByteChannel$NioByteUnsafe.read(AbstractNioByteChannel.java:151)
	at io.netty.channel.nio.NioEventLoop.processSelectedKey(NioEventLoop.java:788)
	at io.netty.channel.nio.NioEventLoop.processSelectedKeysOptimized(NioEventLoop.java:724)
	at io.netty.channel.nio.NioEventLoop.processSelectedKeys(NioEventLoop.java:650)
	at io.netty.channel.nio.NioEventLoop.run(NioEventLoop.java:562)
	at io.netty.util.concurrent.SingleThreadEventExecutor$4.run(SingleThreadEventExecutor.java:997)
	at io.netty.util.internal.ThreadExecutorMap$2.run(ThreadExecutorMap.java:74)
	at io.netty.util.concurrent.FastThreadLocalRunnable.run(FastThreadLocalRunnable.java:30)
	at java.base/java.lang.Thread.run(Thread.java:832)
01:36:15.752 [AsyncHttpClient-1-3] DEBUG org.asynchttpclient.netty.channel.ChannelManager - Closing Channel [id: 0xb3b50cd7, L:/127.0.0.1:57002 - R:localhost/127.0.0.1:56996] 
01:36:15.753 [AsyncHttpClient-1-4] DEBUG org.asynchttpclient.netty.handler.WebSocketHandler - Was unable to recover Future: NettyResponseFuture{currentRetry=0,
	isDone=1,
	isCancelled=0,
	asyncHandler=org.asynchttpclient.ws.WebSocketUpgradeHandler@508a8b4f,
	nettyRequest=org.asynchttpclient.netty.request.NettyRequest@4ad38979,
	future=java.util.concurrent.CompletableFuture@4b05d4de[Completed normally],
	uri=ws://localhost:56996/devtools/browser/09523886-5ecd-47e5-b27f-80bd169c1bdd,
	keepAlive=true,
	redirectCount=0,
	timeoutsHolder=null,
	inAuth=0,
	touch=1680978975752}
01:36:15.753 [AsyncHttpClient-1-4] DEBUG org.asynchttpclient.netty.channel.ChannelManager - Closing Channel [id: 0xff9646d3, L:/127.0.0.1:57003 - R:localhost/127.0.0.1:56996] 
01:36:15.753 [AsyncHttpClient-1-4] WARN org.asynchttpclient.netty.handler.WebSocketHandler - onError
java.net.SocketException: Connection reset
	at java.base/sun.nio.ch.SocketChannelImpl.throwConnectionReset(SocketChannelImpl.java:367)
	at java.base/sun.nio.ch.SocketChannelImpl.read(SocketChannelImpl.java:398)
	at io.netty.buffer.PooledByteBuf.setBytes(PooledByteBuf.java:259)
	at io.netty.buffer.AbstractByteBuf.writeBytes(AbstractByteBuf.java:1132)
	at io.netty.channel.socket.nio.NioSocketChannel.doReadBytes(NioSocketChannel.java:357)
	at io.netty.channel.nio.AbstractNioByteChannel$NioByteUnsafe.read(AbstractNioByteChannel.java:151)
	at io.netty.channel.nio.NioEventLoop.processSelectedKey(NioEventLoop.java:788)
	at io.netty.channel.nio.NioEventLoop.processSelectedKeysOptimized(NioEventLoop.java:724)
	at io.netty.channel.nio.NioEventLoop.processSelectedKeys(NioEventLoop.java:650)
	at io.netty.channel.nio.NioEventLoop.run(NioEventLoop.java:562)
	at io.netty.util.concurrent.SingleThreadEventExecutor$4.run(SingleThreadEventExecutor.java:997)
	at io.netty.util.internal.ThreadExecutorMap$2.run(ThreadExecutorMap.java:74)
	at io.netty.util.concurrent.FastThreadLocalRunnable.run(FastThreadLocalRunnable.java:30)
	at java.base/java.lang.Thread.run(Thread.java:832)
01:36:15.755 [AsyncHttpClient-1-3] DEBUG org.asynchttpclient.netty.handler.HttpHandler - Channel Closed: [id: 0xb3b50cd7, L:/127.0.0.1:57002 ! R:localhost/127.0.0.1:56996] with attribute DISCARD
01:36:15.756 [AsyncHttpClient-1-4] DEBUG org.asynchttpclient.netty.channel.ChannelManager - Closing Channel [id: 0xff9646d3, L:/127.0.0.1:57003 ! R:localhost/127.0.0.1:56996] 
01:36:15.756 [AsyncHttpClient-1-4] DEBUG org.asynchttpclient.netty.handler.WebSocketHandler - Channel Closed: [id: 0xff9646d3, L:/127.0.0.1:57003 ! R:localhost/127.0.0.1:56996] with attribute DISCARD
01:36:15.765 [AsyncHttpClient-1-2] DEBUG org.asynchttpclient.netty.handler.HttpHandler - 

Request DefaultFullHttpRequest(decodeResult: success, version: HTTP/1.1, content: EmptyByteBufBE)
DELETE /session/08c5ef6a9a8a9d7f95af7d56111a251a HTTP/1.1
User-Agent: selenium/4.8.1 (java windows)
Content-Type: application/json; charset=utf-8
host: localhost:46761
accept: */*

Response DefaultHttpResponse(decodeResult: success, version: HTTP/1.1)
HTTP/1.1 200 OK
Content-Length: 14
Content-Type: application/json; charset=utf-8
cache-control: no-cache

01:36:15.765 [AsyncHttpClient-1-2] DEBUG org.asynchttpclient.netty.channel.ChannelManager - Adding key: http://localhost:46761 for channel [id: 0xf524ebe9, L:/127.0.0.1:56994 - R:localhost/127.0.0.1:46761]
01:36:15.913 [AsyncHttpClient-1-2] DEBUG org.asynchttpclient.netty.handler.HttpHandler - Channel Closed: [id: 0xf524ebe9, L:/127.0.0.1:56994 ! R:localhost/127.0.0.1:46761] with attribute DISCARD
01:36:16.389 [AsyncHttpClient-1-1] DEBUG org.asynchttpclient.netty.channel.DefaultChannelPool - Entry count for : http://localhost:46761 : 1
01:36:16.389 [AsyncHttpClient-1-1] DEBUG org.asynchttpclient.netty.channel.DefaultChannelPool - Entry count for : http://localhost:56996 : 1
01:36:16.389 [AsyncHttpClient-1-1] DEBUG org.asynchttpclient.netty.channel.DefaultChannelPool - Adding Candidate expired Channel [id: 0xf524ebe9, L:/127.0.0.1:56994 ! R:localhost/127.0.0.1:46761] isIdleTimeoutExpired=false isRemotelyClosed=true isTtlExpired=false
01:36:16.389 [AsyncHttpClient-1-1] DEBUG org.asynchttpclient.netty.channel.DefaultChannelPool - Closing Idle Channel [id: 0xf524ebe9, L:/127.0.0.1:56994 ! R:localhost/127.0.0.1:46761]
01:36:16.389 [AsyncHttpClient-1-1] DEBUG org.asynchttpclient.netty.channel.DefaultChannelPool - Adding Candidate expired Channel [id: 0xb3b50cd7, L:/127.0.0.1:57002 ! R:localhost/127.0.0.1:56996] isIdleTimeoutExpired=false isRemotelyClosed=true isTtlExpired=false
01:36:16.389 [AsyncHttpClient-1-1] DEBUG org.asynchttpclient.netty.channel.DefaultChannelPool - Closing Idle Channel [id: 0xb3b50cd7, L:/127.0.0.1:57002 ! R:localhost/127.0.0.1:56996]
01:36:16.390 [AsyncHttpClient-1-1] DEBUG org.asynchttpclient.netty.channel.DefaultChannelPool - Closed 2 connections out of 2 in 0 ms
]]></system-out>
    <system-err><![CDATA[Starting ChromeDriver 111.0.5563.64 (c710e93d5b63b7095afe8c2c17df34408078439d-refs/branch-heads/5563@{#995}) on port 46761
Only local connections are allowed.
Please see https://chromedriver.chromium.org/security-considerations for suggestions on keeping ChromeDriver safe.
ChromeDriver was started successfully.
[1680978967.529][WARNING]: This version of ChromeDriver has not been tested with Chrome version 112.
Apr 09, 2023 1:36:07 AM org.openqa.selenium.devtools.CdpVersionFinder findNearestMatch
WARNING: Unable to find an exact match for CDP version 112, so returning the closest version found: 110
Apr 09, 2023 1:36:15 AM org.openqa.selenium.remote.http.WebSocket$Listener onError
WARNING: Connection reset
java.net.SocketException: Connection reset
	at java.base/sun.nio.ch.SocketChannelImpl.throwConnectionReset(SocketChannelImpl.java:367)
	at java.base/sun.nio.ch.SocketChannelImpl.read(SocketChannelImpl.java:398)
	at io.netty.buffer.PooledByteBuf.setBytes(PooledByteBuf.java:259)
	at io.netty.buffer.AbstractByteBuf.writeBytes(AbstractByteBuf.java:1132)
	at io.netty.channel.socket.nio.NioSocketChannel.doReadBytes(NioSocketChannel.java:357)
	at io.netty.channel.nio.AbstractNioByteChannel$NioByteUnsafe.read(AbstractNioByteChannel.java:151)
	at io.netty.channel.nio.NioEventLoop.processSelectedKey(NioEventLoop.java:788)
	at io.netty.channel.nio.NioEventLoop.processSelectedKeysOptimized(NioEventLoop.java:724)
	at io.netty.channel.nio.NioEventLoop.processSelectedKeys(NioEventLoop.java:650)
	at io.netty.channel.nio.NioEventLoop.run(NioEventLoop.java:562)
	at io.netty.util.concurrent.SingleThreadEventExecutor$4.run(SingleThreadEventExecutor.java:997)
	at io.netty.util.internal.ThreadExecutorMap$2.run(ThreadExecutorMap.java:74)
	at io.netty.util.concurrent.FastThreadLocalRunnable.run(FastThreadLocalRunnable.java:30)
	at java.base/java.lang.Thread.run(Thread.java:832)

]]></system-err>
  </testcase>
  <testcase name="Login with incorrect password" classname="Login to Sepulsa Account" time="8.74">
    <system-out><![CDATA[
Scenario: Login with incorrect password &amp#27;[90m# src/test/resources/features/Login.feature:11&amp#27;[0m
01:36:16.446 [main] DEBUG io.cucumber.core.plugin.SerenityReporter - Running feature from file:///C:/Users/WINDOWS%2010/Documents/GitHub/QE_Andira_Ms/11_Web_Programming_&_Testing/Praktikum/Testing_with_Serenity/Prioritas2/alta/src/test/resources/features/Login.feature
01:36:16.450 [main] INFO  - 
  _____   ___   ___   _____     ___   _____     _     ___   _____   ___   ___  
 |_   _| | __| / __| |_   _|   / __| |_   _|   /_\   | _ \ |_   _| | __| |   \ 
   | |   | _|  \__ \   | |     \__ \   | |    / _ \  |   /   | |   | _|  | |) |
   |_|   |___| |___/   |_|     |___/   |_|   /_/ \_\ |_|_\   |_|   |___| |___/ 

Login with incorrect password(login-to-sepulsa-account;login-with-incorrect-password)
--------------------------------------------------------------------------------
01:36:16.475 [main] DEBUG net.thucydides.core.steps.StepInterceptor - STARTING STEP: LoginSteps.onTheLoginPage - openPage
01:36:16.504 [main] INFO net.serenitybdd.core.webdriver.driverproviders.ChromeDriverProvider - Starting Chrome driver instance with capabilities:
01:36:16.504 [main] INFO net.serenitybdd.core.webdriver.driverproviders.ChromeDriverProvider - Capabilities {acceptInsecureCerts: false, browserName: chrome, goog:chromeOptions: {args: [remote-allow-origins=*], extensions: []}}
01:36:16.568 [AsyncHttpClient-1-5] DEBUG org.asynchttpclient.netty.channel.NettyConnectListener - Using new Channel '[id: 0x3adb5ee1, L:/127.0.0.1:57051 - R:localhost/127.0.0.1:37422]' for 'POST' to '/session'
01:36:17.156 [AsyncHttpClient-1-5] DEBUG org.asynchttpclient.netty.handler.HttpHandler - 

Request DefaultHttpRequest(decodeResult: success, version: HTTP/1.1)
POST /session HTTP/1.1
User-Agent: selenium/4.8.1 (java windows)
Content-Length: 507
Content-Type: application/json; charset=utf-8
host: localhost:37422
accept: */*

Response DefaultHttpResponse(decodeResult: success, version: HTTP/1.1)
HTTP/1.1 200 OK
Content-Length: 861
Content-Type: application/json; charset=utf-8
cache-control: no-cache

01:36:17.156 [AsyncHttpClient-1-5] DEBUG org.asynchttpclient.netty.channel.ChannelManager - Adding key: http://localhost:37422 for channel [id: 0x3adb5ee1, L:/127.0.0.1:57051 - R:localhost/127.0.0.1:37422]
01:36:17.162 [AsyncHttpClient-1-6] DEBUG org.asynchttpclient.netty.channel.NettyConnectListener - Using new Channel '[id: 0xfb83e1ca, L:/127.0.0.1:57057 - R:localhost/127.0.0.1:57052]' for 'GET' to '/json/version'
01:36:17.164 [AsyncHttpClient-1-6] DEBUG org.asynchttpclient.netty.handler.HttpHandler - 

Request DefaultFullHttpRequest(decodeResult: success, version: HTTP/1.1, content: EmptyByteBufBE)
GET /json/version HTTP/1.1
User-Agent: selenium/4.8.1 (java windows)
host: localhost:57052
accept: */*

Response DefaultHttpResponse(decodeResult: success, version: HTTP/1.1)
HTTP/1.1 200 OK
Content-Security-Policy: frame-ancestors 'none'
Content-Length: 422
Content-Type: application/json; charset=UTF-8

01:36:17.164 [AsyncHttpClient-1-6] DEBUG org.asynchttpclient.netty.channel.ChannelManager - Adding key: http://localhost:57052 for channel [id: 0xfb83e1ca, L:/127.0.0.1:57057 - R:localhost/127.0.0.1:57052]
01:36:17.166 [AsyncHttpClient-1-7] DEBUG org.asynchttpclient.netty.channel.NettyConnectListener - Using new Channel '[id: 0x0001a2b6, L:/127.0.0.1:57058 - R:localhost/127.0.0.1:57052]' for 'GET' to '/devtools/browser/d7cd668f-d032-4d3c-bc1c-79592620c500'
01:36:17.168 [AsyncHttpClient-1-7] DEBUG org.asynchttpclient.netty.handler.WebSocketHandler - 

Request DefaultFullHttpRequest(decodeResult: success, version: HTTP/1.1, content: EmptyByteBufBE)
GET /devtools/browser/d7cd668f-d032-4d3c-bc1c-79592620c500 HTTP/1.1
upgrade: websocket
connection: upgrade
sec-websocket-key: L1SvckkqKbgILIGaKNxf+Q==
sec-websocket-version: 13
origin: http://localhost:57052
host: localhost:57052
accept: */*
user-agent: AHC/2.1

Response DefaultHttpResponse(decodeResult: success, version: HTTP/1.1)
HTTP/1.1 101 WebSocket Protocol Handshake
Upgrade: WebSocket
Connection: Upgrade
Sec-WebSocket-Accept: BK+gmltJ4b8exQV+NnEobH8t+l4=

01:36:17.171 [Forwarding get on session 87b8b752f225f90fe66fe9be8aba164e to remote] DEBUG org.asynchttpclient.netty.request.NettyRequestSender - Using pooled Channel '[id: 0x3adb5ee1, L:/127.0.0.1:57051 - R:localhost/127.0.0.1:37422]' for 'POST' to 'http://localhost:37422/session/87b8b752f225f90fe66fe9be8aba164e/url'
01:36:17.171 [Forwarding get on session 87b8b752f225f90fe66fe9be8aba164e to remote] DEBUG org.asynchttpclient.netty.request.NettyRequestSender - Using open Channel [id: 0x3adb5ee1, L:/127.0.0.1:57051 - R:localhost/127.0.0.1:37422] for POST '/session/87b8b752f225f90fe66fe9be8aba164e/url'
01:36:17.483 [AsyncHttpClient-1-1] DEBUG org.asynchttpclient.netty.channel.DefaultChannelPool - Entry count for : http://localhost:57052 : 1
01:36:18.585 [AsyncHttpClient-1-1] DEBUG org.asynchttpclient.netty.channel.DefaultChannelPool - Entry count for : http://localhost:57052 : 1
01:36:19.684 [AsyncHttpClient-1-1] DEBUG org.asynchttpclient.netty.channel.DefaultChannelPool - Entry count for : http://localhost:57052 : 1
01:36:20.082 [AsyncHttpClient-1-5] DEBUG org.asynchttpclient.netty.handler.HttpHandler - 

Request DefaultHttpRequest(decodeResult: success, version: HTTP/1.1)
POST /session/87b8b752f225f90fe66fe9be8aba164e/url HTTP/1.1
User-Agent: selenium/4.8.1 (java windows)
Content-Length: 54
Content-Type: application/json; charset=utf-8
host: localhost:37422
accept: */*

Response DefaultHttpResponse(decodeResult: success, version: HTTP/1.1)
HTTP/1.1 200 OK
Content-Length: 14
Content-Type: application/json; charset=utf-8
cache-control: no-cache

01:36:20.082 [AsyncHttpClient-1-5] DEBUG org.asynchttpclient.netty.channel.ChannelManager - Adding key: http://localhost:37422 for channel [id: 0x3adb5ee1, L:/127.0.0.1:57051 - R:localhost/127.0.0.1:37422]
01:36:20.084 [Forwarding setTimeout on session 87b8b752f225f90fe66fe9be8aba164e to remote] DEBUG org.asynchttpclient.netty.request.NettyRequestSender - Using pooled Channel '[id: 0x3adb5ee1, L:/127.0.0.1:57051 - R:localhost/127.0.0.1:37422]' for 'POST' to 'http://localhost:37422/session/87b8b752f225f90fe66fe9be8aba164e/timeouts'
01:36:20.084 [Forwarding setTimeout on session 87b8b752f225f90fe66fe9be8aba164e to remote] DEBUG org.asynchttpclient.netty.request.NettyRequestSender - Using open Channel [id: 0x3adb5ee1, L:/127.0.0.1:57051 - R:localhost/127.0.0.1:37422] for POST '/session/87b8b752f225f90fe66fe9be8aba164e/timeouts'
01:36:20.085 [AsyncHttpClient-1-5] DEBUG org.asynchttpclient.netty.handler.HttpHandler - 

Request DefaultHttpRequest(decodeResult: success, version: HTTP/1.1)
POST /session/87b8b752f225f90fe66fe9be8aba164e/timeouts HTTP/1.1
User-Agent: selenium/4.8.1 (java windows)
Content-Length: 22
Content-Type: application/json; charset=utf-8
host: localhost:37422
accept: */*

Response DefaultHttpResponse(decodeResult: success, version: HTTP/1.1)
HTTP/1.1 200 OK
Content-Length: 14
Content-Type: application/json; charset=utf-8
cache-control: no-cache

01:36:20.085 [AsyncHttpClient-1-5] DEBUG org.asynchttpclient.netty.channel.ChannelManager - Adding key: http://localhost:37422 for channel [id: 0x3adb5ee1, L:/127.0.0.1:57051 - R:localhost/127.0.0.1:37422]
01:36:20.093 [Forwarding getAlertText on session 87b8b752f225f90fe66fe9be8aba164e to remote] DEBUG org.asynchttpclient.netty.request.NettyRequestSender - Using pooled Channel '[id: 0x3adb5ee1, L:/127.0.0.1:57051 - R:localhost/127.0.0.1:37422]' for 'GET' to 'http://localhost:37422/session/87b8b752f225f90fe66fe9be8aba164e/alert/text'
01:36:20.093 [Forwarding getAlertText on session 87b8b752f225f90fe66fe9be8aba164e to remote] DEBUG org.asynchttpclient.netty.request.NettyRequestSender - Using open Channel [id: 0x3adb5ee1, L:/127.0.0.1:57051 - R:localhost/127.0.0.1:37422] for GET '/session/87b8b752f225f90fe66fe9be8aba164e/alert/text'
01:36:20.094 [AsyncHttpClient-1-5] DEBUG org.asynchttpclient.netty.handler.HttpHandler - 

Request DefaultFullHttpRequest(decodeResult: success, version: HTTP/1.1, content: EmptyByteBufBE)
GET /session/87b8b752f225f90fe66fe9be8aba164e/alert/text HTTP/1.1
User-Agent: selenium/4.8.1 (java windows)
Cache-Control: no-cache
Content-Type: application/json; charset=utf-8
host: localhost:37422
accept: */*

Response DefaultHttpResponse(decodeResult: success, version: HTTP/1.1)
HTTP/1.1 404 Not Found
Content-Length: 835
Content-Type: application/json; charset=utf-8
cache-control: no-cache

01:36:20.095 [AsyncHttpClient-1-5] DEBUG org.asynchttpclient.netty.channel.ChannelManager - Adding key: http://localhost:37422 for channel [id: 0x3adb5ee1, L:/127.0.0.1:57051 - R:localhost/127.0.0.1:37422]
01:36:20.096 [Forwarding getCurrentUrl on session 87b8b752f225f90fe66fe9be8aba164e to remote] DEBUG org.asynchttpclient.netty.request.NettyRequestSender - Using pooled Channel '[id: 0x3adb5ee1, L:/127.0.0.1:57051 - R:localhost/127.0.0.1:37422]' for 'GET' to 'http://localhost:37422/session/87b8b752f225f90fe66fe9be8aba164e/url'
01:36:20.096 [Forwarding getCurrentUrl on session 87b8b752f225f90fe66fe9be8aba164e to remote] DEBUG org.asynchttpclient.netty.request.NettyRequestSender - Using open Channel [id: 0x3adb5ee1, L:/127.0.0.1:57051 - R:localhost/127.0.0.1:37422] for GET '/session/87b8b752f225f90fe66fe9be8aba164e/url'
01:36:20.099 [AsyncHttpClient-1-5] DEBUG org.asynchttpclient.netty.handler.HttpHandler - 

Request DefaultFullHttpRequest(decodeResult: success, version: HTTP/1.1, content: EmptyByteBufBE)
GET /session/87b8b752f225f90fe66fe9be8aba164e/url HTTP/1.1
User-Agent: selenium/4.8.1 (java windows)
Cache-Control: no-cache
Content-Type: application/json; charset=utf-8
host: localhost:37422
accept: */*

Response DefaultHttpResponse(decodeResult: success, version: HTTP/1.1)
HTTP/1.1 200 OK
Content-Length: 36
Content-Type: application/json; charset=utf-8
cache-control: no-cache

01:36:20.099 [AsyncHttpClient-1-5] DEBUG org.asynchttpclient.netty.channel.ChannelManager - Adding key: http://localhost:37422 for channel [id: 0x3adb5ee1, L:/127.0.0.1:57051 - R:localhost/127.0.0.1:37422]
01:36:20.100 [Forwarding screenshot on session 87b8b752f225f90fe66fe9be8aba164e to remote] DEBUG org.asynchttpclient.netty.request.NettyRequestSender - Using pooled Channel '[id: 0x3adb5ee1, L:/127.0.0.1:57051 - R:localhost/127.0.0.1:37422]' for 'GET' to 'http://localhost:37422/session/87b8b752f225f90fe66fe9be8aba164e/screenshot'
01:36:20.100 [Forwarding screenshot on session 87b8b752f225f90fe66fe9be8aba164e to remote] DEBUG org.asynchttpclient.netty.request.NettyRequestSender - Using open Channel [id: 0x3adb5ee1, L:/127.0.0.1:57051 - R:localhost/127.0.0.1:37422] for GET '/session/87b8b752f225f90fe66fe9be8aba164e/screenshot'
01:36:20.271 [AsyncHttpClient-1-5] DEBUG org.asynchttpclient.netty.handler.HttpHandler - 

Request DefaultFullHttpRequest(decodeResult: success, version: HTTP/1.1, content: EmptyByteBufBE)
GET /session/87b8b752f225f90fe66fe9be8aba164e/screenshot HTTP/1.1
User-Agent: selenium/4.8.1 (java windows)
Cache-Control: no-cache
Content-Type: application/json; charset=utf-8
host: localhost:37422
accept: */*

Response DefaultHttpResponse(decodeResult: success, version: HTTP/1.1)
HTTP/1.1 200 OK
Content-Length: 527468
Content-Type: application/json; charset=utf-8
cache-control: no-cache

01:36:20.272 [AsyncHttpClient-1-5] DEBUG org.asynchttpclient.netty.channel.ChannelManager - Adding key: http://localhost:37422 for channel [id: 0x3adb5ee1, L:/127.0.0.1:57051 - R:localhost/127.0.0.1:37422]
01:36:20.281 [main] DEBUG net.serenitybdd.core.photography.Darkroom - Send negative for processing for target\site\serenity\b33df01541b5b19264f32bba79ed319e8f9492d619030d4e88c940b717e50670.png
01:36:20.281 [main] DEBUG net.thucydides.core.steps.StepInterceptor - STEP DONE: openPage
01:36:20.282 [Darkroom Processing Line] DEBUG net.serenitybdd.core.photography.DarkroomProcessingLine - Processing screenshot image in /var/screenshots/screenshot-1699844806659642109
01:36:20.282 [Darkroom Processing Line] DEBUG net.serenitybdd.core.photography.DarkroomProcessingLine - Saving screenshot to target\site\serenity\b33df01541b5b19264f32bba79ed319e8f9492d619030d4e88c940b717e50670.png
01:36:20.292 [Forwarding getPageSource on session 87b8b752f225f90fe66fe9be8aba164e to remote] DEBUG org.asynchttpclient.netty.request.NettyRequestSender - Using pooled Channel '[id: 0x3adb5ee1, L:/127.0.0.1:57051 - R:localhost/127.0.0.1:37422]' for 'POST' to 'http://localhost:37422/session/87b8b752f225f90fe66fe9be8aba164e/execute/sync'
01:36:20.292 [Forwarding getPageSource on session 87b8b752f225f90fe66fe9be8aba164e to remote] DEBUG org.asynchttpclient.netty.request.NettyRequestSender - Using open Channel [id: 0x3adb5ee1, L:/127.0.0.1:57051 - R:localhost/127.0.0.1:37422] for POST '/session/87b8b752f225f90fe66fe9be8aba164e/execute/sync'
01:36:20.306 [AsyncHttpClient-1-5] DEBUG org.asynchttpclient.netty.handler.HttpHandler - 

Request DefaultHttpRequest(decodeResult: success, version: HTTP/1.1)
POST /session/87b8b752f225f90fe66fe9be8aba164e/execute/sync HTTP/1.1
User-Agent: selenium/4.8.1 (java windows)
Content-Length: 176
Content-Type: application/json; charset=utf-8
host: localhost:37422
accept: */*

Response DefaultHttpResponse(decodeResult: success, version: HTTP/1.1)
HTTP/1.1 200 OK
Content-Length: 182088
Content-Type: application/json; charset=utf-8
cache-control: no-cache

01:36:20.306 [AsyncHttpClient-1-5] DEBUG org.asynchttpclient.netty.channel.ChannelManager - Adding key: http://localhost:37422 for channel [id: 0x3adb5ee1, L:/127.0.0.1:57051 - R:localhost/127.0.0.1:37422]
01:36:20.317 [Forwarding getCurrentUrl on session 87b8b752f225f90fe66fe9be8aba164e to remote] DEBUG org.asynchttpclient.netty.request.NettyRequestSender - Using pooled Channel '[id: 0x3adb5ee1, L:/127.0.0.1:57051 - R:localhost/127.0.0.1:37422]' for 'GET' to 'http://localhost:37422/session/87b8b752f225f90fe66fe9be8aba164e/url'
01:36:20.318 [Forwarding getCurrentUrl on session 87b8b752f225f90fe66fe9be8aba164e to remote] DEBUG org.asynchttpclient.netty.request.NettyRequestSender - Using open Channel [id: 0x3adb5ee1, L:/127.0.0.1:57051 - R:localhost/127.0.0.1:37422] for GET '/session/87b8b752f225f90fe66fe9be8aba164e/url'
01:36:20.320 [AsyncHttpClient-1-5] DEBUG org.asynchttpclient.netty.handler.HttpHandler - 

Request DefaultFullHttpRequest(decodeResult: success, version: HTTP/1.1, content: EmptyByteBufBE)
GET /session/87b8b752f225f90fe66fe9be8aba164e/url HTTP/1.1
User-Agent: selenium/4.8.1 (java windows)
Cache-Control: no-cache
Content-Type: application/json; charset=utf-8
host: localhost:37422
accept: */*

Response DefaultHttpResponse(decodeResult: success, version: HTTP/1.1)
HTTP/1.1 200 OK
Content-Length: 36
Content-Type: application/json; charset=utf-8
cache-control: no-cache

01:36:20.321 [AsyncHttpClient-1-5] DEBUG org.asynchttpclient.netty.channel.ChannelManager - Adding key: http://localhost:37422 for channel [id: 0x3adb5ee1, L:/127.0.0.1:57051 - R:localhost/127.0.0.1:37422]
01:36:20.323 [main] DEBUG net.thucydides.core.steps.StepInterceptor - STARTING STEP: LoginSteps.onTheLoginPage - validateOnLoginPage
01:36:20.325 [Forwarding findElement on session 87b8b752f225f90fe66fe9be8aba164e to remote] DEBUG org.asynchttpclient.netty.request.NettyRequestSender - Using pooled Channel '[id: 0x3adb5ee1, L:/127.0.0.1:57051 - R:localhost/127.0.0.1:37422]' for 'POST' to 'http://localhost:37422/session/87b8b752f225f90fe66fe9be8aba164e/element'
01:36:20.325 [Forwarding findElement on session 87b8b752f225f90fe66fe9be8aba164e to remote] DEBUG org.asynchttpclient.netty.request.NettyRequestSender - Using open Channel [id: 0x3adb5ee1, L:/127.0.0.1:57051 - R:localhost/127.0.0.1:37422] for POST '/session/87b8b752f225f90fe66fe9be8aba164e/element'
01:36:20.334 [AsyncHttpClient-1-5] DEBUG org.asynchttpclient.netty.handler.HttpHandler - 

Request DefaultHttpRequest(decodeResult: success, version: HTTP/1.1)
POST /session/87b8b752f225f90fe66fe9be8aba164e/element HTTP/1.1
User-Agent: selenium/4.8.1 (java windows)
Content-Length: 62
Content-Type: application/json; charset=utf-8
host: localhost:37422
accept: */*

Response DefaultHttpResponse(decodeResult: success, version: HTTP/1.1)
HTTP/1.1 200 OK
Content-Length: 88
Content-Type: application/json; charset=utf-8
cache-control: no-cache

01:36:20.334 [AsyncHttpClient-1-5] DEBUG org.asynchttpclient.netty.channel.ChannelManager - Adding key: http://localhost:37422 for channel [id: 0x3adb5ee1, L:/127.0.0.1:57051 - R:localhost/127.0.0.1:37422]
01:36:20.336 [Forwarding isElementDisplayed on session 87b8b752f225f90fe66fe9be8aba164e to remote] DEBUG org.asynchttpclient.netty.request.NettyRequestSender - Using pooled Channel '[id: 0x3adb5ee1, L:/127.0.0.1:57051 - R:localhost/127.0.0.1:37422]' for 'POST' to 'http://localhost:37422/session/87b8b752f225f90fe66fe9be8aba164e/execute/sync'
01:36:20.336 [Forwarding isElementDisplayed on session 87b8b752f225f90fe66fe9be8aba164e to remote] DEBUG org.asynchttpclient.netty.request.NettyRequestSender - Using open Channel [id: 0x3adb5ee1, L:/127.0.0.1:57051 - R:localhost/127.0.0.1:37422] for POST '/session/87b8b752f225f90fe66fe9be8aba164e/execute/sync'
01:36:20.346 [AsyncHttpClient-1-5] DEBUG org.asynchttpclient.netty.handler.HttpHandler - 

Request DefaultHttpRequest(decodeResult: success, version: HTTP/1.1)
POST /session/87b8b752f225f90fe66fe9be8aba164e/execute/sync HTTP/1.1
User-Agent: selenium/4.8.1 (java windows)
Content-Length: 48807
Content-Type: application/json; charset=utf-8
host: localhost:37422
accept: */*

Response DefaultHttpResponse(decodeResult: success, version: HTTP/1.1)
HTTP/1.1 200 OK
Content-Length: 14
Content-Type: application/json; charset=utf-8
cache-control: no-cache

01:36:20.347 [AsyncHttpClient-1-5] DEBUG org.asynchttpclient.netty.channel.ChannelManager - Adding key: http://localhost:37422 for channel [id: 0x3adb5ee1, L:/127.0.0.1:57051 - R:localhost/127.0.0.1:37422]
01:36:20.352 [Forwarding getAlertText on session 87b8b752f225f90fe66fe9be8aba164e to remote] DEBUG org.asynchttpclient.netty.request.NettyRequestSender - Using pooled Channel '[id: 0x3adb5ee1, L:/127.0.0.1:57051 - R:localhost/127.0.0.1:37422]' for 'GET' to 'http://localhost:37422/session/87b8b752f225f90fe66fe9be8aba164e/alert/text'
01:36:20.352 [Forwarding getAlertText on session 87b8b752f225f90fe66fe9be8aba164e to remote] DEBUG org.asynchttpclient.netty.request.NettyRequestSender - Using open Channel [id: 0x3adb5ee1, L:/127.0.0.1:57051 - R:localhost/127.0.0.1:37422] for GET '/session/87b8b752f225f90fe66fe9be8aba164e/alert/text'
01:36:20.354 [AsyncHttpClient-1-5] DEBUG org.asynchttpclient.netty.handler.HttpHandler - 

Request DefaultFullHttpRequest(decodeResult: success, version: HTTP/1.1, content: EmptyByteBufBE)
GET /session/87b8b752f225f90fe66fe9be8aba164e/alert/text HTTP/1.1
User-Agent: selenium/4.8.1 (java windows)
Cache-Control: no-cache
Content-Type: application/json; charset=utf-8
host: localhost:37422
accept: */*

Response DefaultHttpResponse(decodeResult: success, version: HTTP/1.1)
HTTP/1.1 404 Not Found
Content-Length: 835
Content-Type: application/json; charset=utf-8
cache-control: no-cache

01:36:20.354 [AsyncHttpClient-1-5] DEBUG org.asynchttpclient.netty.channel.ChannelManager - Adding key: http://localhost:37422 for channel [id: 0x3adb5ee1, L:/127.0.0.1:57051 - R:localhost/127.0.0.1:37422]
01:36:20.355 [Forwarding getCurrentUrl on session 87b8b752f225f90fe66fe9be8aba164e to remote] DEBUG org.asynchttpclient.netty.request.NettyRequestSender - Using pooled Channel '[id: 0x3adb5ee1, L:/127.0.0.1:57051 - R:localhost/127.0.0.1:37422]' for 'GET' to 'http://localhost:37422/session/87b8b752f225f90fe66fe9be8aba164e/url'
01:36:20.355 [Forwarding getCurrentUrl on session 87b8b752f225f90fe66fe9be8aba164e to remote] DEBUG org.asynchttpclient.netty.request.NettyRequestSender - Using open Channel [id: 0x3adb5ee1, L:/127.0.0.1:57051 - R:localhost/127.0.0.1:37422] for GET '/session/87b8b752f225f90fe66fe9be8aba164e/url'
01:36:20.358 [AsyncHttpClient-1-5] DEBUG org.asynchttpclient.netty.handler.HttpHandler - 

Request DefaultFullHttpRequest(decodeResult: success, version: HTTP/1.1, content: EmptyByteBufBE)
GET /session/87b8b752f225f90fe66fe9be8aba164e/url HTTP/1.1
User-Agent: selenium/4.8.1 (java windows)
Cache-Control: no-cache
Content-Type: application/json; charset=utf-8
host: localhost:37422
accept: */*

Response DefaultHttpResponse(decodeResult: success, version: HTTP/1.1)
HTTP/1.1 200 OK
Content-Length: 36
Content-Type: application/json; charset=utf-8
cache-control: no-cache

01:36:20.358 [AsyncHttpClient-1-5] DEBUG org.asynchttpclient.netty.channel.ChannelManager - Adding key: http://localhost:37422 for channel [id: 0x3adb5ee1, L:/127.0.0.1:57051 - R:localhost/127.0.0.1:37422]
01:36:20.359 [Forwarding screenshot on session 87b8b752f225f90fe66fe9be8aba164e to remote] DEBUG org.asynchttpclient.netty.request.NettyRequestSender - Using pooled Channel '[id: 0x3adb5ee1, L:/127.0.0.1:57051 - R:localhost/127.0.0.1:37422]' for 'GET' to 'http://localhost:37422/session/87b8b752f225f90fe66fe9be8aba164e/screenshot'
01:36:20.359 [Forwarding screenshot on session 87b8b752f225f90fe66fe9be8aba164e to remote] DEBUG org.asynchttpclient.netty.request.NettyRequestSender - Using open Channel [id: 0x3adb5ee1, L:/127.0.0.1:57051 - R:localhost/127.0.0.1:37422] for GET '/session/87b8b752f225f90fe66fe9be8aba164e/screenshot'
01:36:20.511 [AsyncHttpClient-1-5] DEBUG org.asynchttpclient.netty.handler.HttpHandler - 

Request DefaultFullHttpRequest(decodeResult: success, version: HTTP/1.1, content: EmptyByteBufBE)
GET /session/87b8b752f225f90fe66fe9be8aba164e/screenshot HTTP/1.1
User-Agent: selenium/4.8.1 (java windows)
Cache-Control: no-cache
Content-Type: application/json; charset=utf-8
host: localhost:37422
accept: */*

Response DefaultHttpResponse(decodeResult: success, version: HTTP/1.1)
HTTP/1.1 200 OK
Content-Length: 527468
Content-Type: application/json; charset=utf-8
cache-control: no-cache

01:36:20.512 [AsyncHttpClient-1-5] DEBUG org.asynchttpclient.netty.channel.ChannelManager - Adding key: http://localhost:37422 for channel [id: 0x3adb5ee1, L:/127.0.0.1:57051 - R:localhost/127.0.0.1:37422]
01:36:20.520 [main] DEBUG net.serenitybdd.core.photography.Darkroom - Send negative for processing for target\site\serenity\b33df01541b5b19264f32bba79ed319e8f9492d619030d4e88c940b717e50670.png
01:36:20.520 [main] DEBUG net.thucydides.core.steps.StepInterceptor - STEP DONE: validateOnLoginPage
  &amp#27;[32mGiven &amp#27;[0m&amp#27;[32mI am on the Sepulsa login page&amp#27;[0m  &amp#27;[90m# starter.stepdefintions.LoginSteps.onTheLoginPage()&amp#27;[0m
01:36:20.531 [Forwarding getPageSource on session 87b8b752f225f90fe66fe9be8aba164e to remote] DEBUG org.asynchttpclient.netty.request.NettyRequestSender - Using pooled Channel '[id: 0x3adb5ee1, L:/127.0.0.1:57051 - R:localhost/127.0.0.1:37422]' for 'POST' to 'http://localhost:37422/session/87b8b752f225f90fe66fe9be8aba164e/execute/sync'
01:36:20.531 [Forwarding getPageSource on session 87b8b752f225f90fe66fe9be8aba164e to remote] DEBUG org.asynchttpclient.netty.request.NettyRequestSender - Using open Channel [id: 0x3adb5ee1, L:/127.0.0.1:57051 - R:localhost/127.0.0.1:37422] for POST '/session/87b8b752f225f90fe66fe9be8aba164e/execute/sync'
01:36:20.545 [AsyncHttpClient-1-5] DEBUG org.asynchttpclient.netty.handler.HttpHandler - 

Request DefaultHttpRequest(decodeResult: success, version: HTTP/1.1)
POST /session/87b8b752f225f90fe66fe9be8aba164e/execute/sync HTTP/1.1
User-Agent: selenium/4.8.1 (java windows)
Content-Length: 176
Content-Type: application/json; charset=utf-8
host: localhost:37422
accept: */*

Response DefaultHttpResponse(decodeResult: success, version: HTTP/1.1)
HTTP/1.1 200 OK
Content-Length: 182088
Content-Type: application/json; charset=utf-8
cache-control: no-cache

01:36:20.546 [AsyncHttpClient-1-5] DEBUG org.asynchttpclient.netty.channel.ChannelManager - Adding key: http://localhost:37422 for channel [id: 0x3adb5ee1, L:/127.0.0.1:57051 - R:localhost/127.0.0.1:37422]
01:36:20.559 [Forwarding getCurrentUrl on session 87b8b752f225f90fe66fe9be8aba164e to remote] DEBUG org.asynchttpclient.netty.request.NettyRequestSender - Using pooled Channel '[id: 0x3adb5ee1, L:/127.0.0.1:57051 - R:localhost/127.0.0.1:37422]' for 'GET' to 'http://localhost:37422/session/87b8b752f225f90fe66fe9be8aba164e/url'
01:36:20.559 [Forwarding getCurrentUrl on session 87b8b752f225f90fe66fe9be8aba164e to remote] DEBUG org.asynchttpclient.netty.request.NettyRequestSender - Using open Channel [id: 0x3adb5ee1, L:/127.0.0.1:57051 - R:localhost/127.0.0.1:37422] for GET '/session/87b8b752f225f90fe66fe9be8aba164e/url'
01:36:20.563 [AsyncHttpClient-1-5] DEBUG org.asynchttpclient.netty.handler.HttpHandler - 

Request DefaultFullHttpRequest(decodeResult: success, version: HTTP/1.1, content: EmptyByteBufBE)
GET /session/87b8b752f225f90fe66fe9be8aba164e/url HTTP/1.1
User-Agent: selenium/4.8.1 (java windows)
Cache-Control: no-cache
Content-Type: application/json; charset=utf-8
host: localhost:37422
accept: */*

Response DefaultHttpResponse(decodeResult: success, version: HTTP/1.1)
HTTP/1.1 200 OK
Content-Length: 36
Content-Type: application/json; charset=utf-8
cache-control: no-cache

01:36:20.563 [AsyncHttpClient-1-5] DEBUG org.asynchttpclient.netty.channel.ChannelManager - Adding key: http://localhost:37422 for channel [id: 0x3adb5ee1, L:/127.0.0.1:57051 - R:localhost/127.0.0.1:37422]
01:36:20.570 [Forwarding getAlertText on session 87b8b752f225f90fe66fe9be8aba164e to remote] DEBUG org.asynchttpclient.netty.request.NettyRequestSender - Using pooled Channel '[id: 0x3adb5ee1, L:/127.0.0.1:57051 - R:localhost/127.0.0.1:37422]' for 'GET' to 'http://localhost:37422/session/87b8b752f225f90fe66fe9be8aba164e/alert/text'
01:36:20.570 [Forwarding getAlertText on session 87b8b752f225f90fe66fe9be8aba164e to remote] DEBUG org.asynchttpclient.netty.request.NettyRequestSender - Using open Channel [id: 0x3adb5ee1, L:/127.0.0.1:57051 - R:localhost/127.0.0.1:37422] for GET '/session/87b8b752f225f90fe66fe9be8aba164e/alert/text'
01:36:20.572 [AsyncHttpClient-1-5] DEBUG org.asynchttpclient.netty.handler.HttpHandler - 

Request DefaultFullHttpRequest(decodeResult: success, version: HTTP/1.1, content: EmptyByteBufBE)
GET /session/87b8b752f225f90fe66fe9be8aba164e/alert/text HTTP/1.1
User-Agent: selenium/4.8.1 (java windows)
Cache-Control: no-cache
Content-Type: application/json; charset=utf-8
host: localhost:37422
accept: */*

Response DefaultHttpResponse(decodeResult: success, version: HTTP/1.1)
HTTP/1.1 404 Not Found
Content-Length: 835
Content-Type: application/json; charset=utf-8
cache-control: no-cache

01:36:20.572 [AsyncHttpClient-1-5] DEBUG org.asynchttpclient.netty.channel.ChannelManager - Adding key: http://localhost:37422 for channel [id: 0x3adb5ee1, L:/127.0.0.1:57051 - R:localhost/127.0.0.1:37422]
01:36:20.573 [Forwarding getCurrentUrl on session 87b8b752f225f90fe66fe9be8aba164e to remote] DEBUG org.asynchttpclient.netty.request.NettyRequestSender - Using pooled Channel '[id: 0x3adb5ee1, L:/127.0.0.1:57051 - R:localhost/127.0.0.1:37422]' for 'GET' to 'http://localhost:37422/session/87b8b752f225f90fe66fe9be8aba164e/url'
01:36:20.573 [Forwarding getCurrentUrl on session 87b8b752f225f90fe66fe9be8aba164e to remote] DEBUG org.asynchttpclient.netty.request.NettyRequestSender - Using open Channel [id: 0x3adb5ee1, L:/127.0.0.1:57051 - R:localhost/127.0.0.1:37422] for GET '/session/87b8b752f225f90fe66fe9be8aba164e/url'
01:36:20.577 [AsyncHttpClient-1-5] DEBUG org.asynchttpclient.netty.handler.HttpHandler - 

Request DefaultFullHttpRequest(decodeResult: success, version: HTTP/1.1, content: EmptyByteBufBE)
GET /session/87b8b752f225f90fe66fe9be8aba164e/url HTTP/1.1
User-Agent: selenium/4.8.1 (java windows)
Cache-Control: no-cache
Content-Type: application/json; charset=utf-8
host: localhost:37422
accept: */*

Response DefaultHttpResponse(decodeResult: success, version: HTTP/1.1)
HTTP/1.1 200 OK
Content-Length: 36
Content-Type: application/json; charset=utf-8
cache-control: no-cache

01:36:20.577 [AsyncHttpClient-1-5] DEBUG org.asynchttpclient.netty.channel.ChannelManager - Adding key: http://localhost:37422 for channel [id: 0x3adb5ee1, L:/127.0.0.1:57051 - R:localhost/127.0.0.1:37422]
01:36:20.578 [Forwarding screenshot on session 87b8b752f225f90fe66fe9be8aba164e to remote] DEBUG org.asynchttpclient.netty.request.NettyRequestSender - Using pooled Channel '[id: 0x3adb5ee1, L:/127.0.0.1:57051 - R:localhost/127.0.0.1:37422]' for 'GET' to 'http://localhost:37422/session/87b8b752f225f90fe66fe9be8aba164e/screenshot'
01:36:20.578 [Forwarding screenshot on session 87b8b752f225f90fe66fe9be8aba164e to remote] DEBUG org.asynchttpclient.netty.request.NettyRequestSender - Using open Channel [id: 0x3adb5ee1, L:/127.0.0.1:57051 - R:localhost/127.0.0.1:37422] for GET '/session/87b8b752f225f90fe66fe9be8aba164e/screenshot'
01:36:20.754 [AsyncHttpClient-1-5] DEBUG org.asynchttpclient.netty.handler.HttpHandler - 

Request DefaultFullHttpRequest(decodeResult: success, version: HTTP/1.1, content: EmptyByteBufBE)
GET /session/87b8b752f225f90fe66fe9be8aba164e/screenshot HTTP/1.1
User-Agent: selenium/4.8.1 (java windows)
Cache-Control: no-cache
Content-Type: application/json; charset=utf-8
host: localhost:37422
accept: */*

Response DefaultHttpResponse(decodeResult: success, version: HTTP/1.1)
HTTP/1.1 200 OK
Content-Length: 527468
Content-Type: application/json; charset=utf-8
cache-control: no-cache

01:36:20.756 [AsyncHttpClient-1-5] DEBUG org.asynchttpclient.netty.channel.ChannelManager - Adding key: http://localhost:37422 for channel [id: 0x3adb5ee1, L:/127.0.0.1:57051 - R:localhost/127.0.0.1:37422]
01:36:20.764 [main] DEBUG net.serenitybdd.core.photography.Darkroom - Send negative for processing for target\site\serenity\b33df01541b5b19264f32bba79ed319e8f9492d619030d4e88c940b717e50670.png
01:36:20.765 [Forwarding getPageSource on session 87b8b752f225f90fe66fe9be8aba164e to remote] DEBUG org.asynchttpclient.netty.request.NettyRequestSender - Using pooled Channel '[id: 0x3adb5ee1, L:/127.0.0.1:57051 - R:localhost/127.0.0.1:37422]' for 'POST' to 'http://localhost:37422/session/87b8b752f225f90fe66fe9be8aba164e/execute/sync'
01:36:20.765 [Forwarding getPageSource on session 87b8b752f225f90fe66fe9be8aba164e to remote] DEBUG org.asynchttpclient.netty.request.NettyRequestSender - Using open Channel [id: 0x3adb5ee1, L:/127.0.0.1:57051 - R:localhost/127.0.0.1:37422] for POST '/session/87b8b752f225f90fe66fe9be8aba164e/execute/sync'
01:36:20.778 [AsyncHttpClient-1-5] DEBUG org.asynchttpclient.netty.handler.HttpHandler - 

Request DefaultHttpRequest(decodeResult: success, version: HTTP/1.1)
POST /session/87b8b752f225f90fe66fe9be8aba164e/execute/sync HTTP/1.1
User-Agent: selenium/4.8.1 (java windows)
Content-Length: 176
Content-Type: application/json; charset=utf-8
host: localhost:37422
accept: */*

Response DefaultHttpResponse(decodeResult: success, version: HTTP/1.1)
HTTP/1.1 200 OK
Content-Length: 182088
Content-Type: application/json; charset=utf-8
cache-control: no-cache

01:36:20.778 [AsyncHttpClient-1-5] DEBUG org.asynchttpclient.netty.channel.ChannelManager - Adding key: http://localhost:37422 for channel [id: 0x3adb5ee1, L:/127.0.0.1:57051 - R:localhost/127.0.0.1:37422]
01:36:20.784 [AsyncHttpClient-1-1] DEBUG org.asynchttpclient.netty.channel.DefaultChannelPool - Entry count for : http://localhost:37422 : 1
01:36:20.784 [AsyncHttpClient-1-1] DEBUG org.asynchttpclient.netty.channel.DefaultChannelPool - Entry count for : http://localhost:57052 : 1
01:36:20.787 [Forwarding getCurrentUrl on session 87b8b752f225f90fe66fe9be8aba164e to remote] DEBUG org.asynchttpclient.netty.request.NettyRequestSender - Using pooled Channel '[id: 0x3adb5ee1, L:/127.0.0.1:57051 - R:localhost/127.0.0.1:37422]' for 'GET' to 'http://localhost:37422/session/87b8b752f225f90fe66fe9be8aba164e/url'
01:36:20.787 [Forwarding getCurrentUrl on session 87b8b752f225f90fe66fe9be8aba164e to remote] DEBUG org.asynchttpclient.netty.request.NettyRequestSender - Using open Channel [id: 0x3adb5ee1, L:/127.0.0.1:57051 - R:localhost/127.0.0.1:37422] for GET '/session/87b8b752f225f90fe66fe9be8aba164e/url'
01:36:20.790 [AsyncHttpClient-1-5] DEBUG org.asynchttpclient.netty.handler.HttpHandler - 

Request DefaultFullHttpRequest(decodeResult: success, version: HTTP/1.1, content: EmptyByteBufBE)
GET /session/87b8b752f225f90fe66fe9be8aba164e/url HTTP/1.1
User-Agent: selenium/4.8.1 (java windows)
Cache-Control: no-cache
Content-Type: application/json; charset=utf-8
host: localhost:37422
accept: */*

Response DefaultHttpResponse(decodeResult: success, version: HTTP/1.1)
HTTP/1.1 200 OK
Content-Length: 36
Content-Type: application/json; charset=utf-8
cache-control: no-cache

01:36:20.790 [AsyncHttpClient-1-5] DEBUG org.asynchttpclient.netty.channel.ChannelManager - Adding key: http://localhost:37422 for channel [id: 0x3adb5ee1, L:/127.0.0.1:57051 - R:localhost/127.0.0.1:37422]
01:36:20.792 [main] DEBUG net.thucydides.core.steps.StepInterceptor - STARTING STEP: LoginSteps.clickLoginButton - clickLoginButton
01:36:20.794 [Forwarding findElement on session 87b8b752f225f90fe66fe9be8aba164e to remote] DEBUG org.asynchttpclient.netty.request.NettyRequestSender - Using pooled Channel '[id: 0x3adb5ee1, L:/127.0.0.1:57051 - R:localhost/127.0.0.1:37422]' for 'POST' to 'http://localhost:37422/session/87b8b752f225f90fe66fe9be8aba164e/element'
01:36:20.794 [Forwarding findElement on session 87b8b752f225f90fe66fe9be8aba164e to remote] DEBUG org.asynchttpclient.netty.request.NettyRequestSender - Using open Channel [id: 0x3adb5ee1, L:/127.0.0.1:57051 - R:localhost/127.0.0.1:37422] for POST '/session/87b8b752f225f90fe66fe9be8aba164e/element'
01:36:20.800 [AsyncHttpClient-1-5] DEBUG org.asynchttpclient.netty.handler.HttpHandler - 

Request DefaultHttpRequest(decodeResult: success, version: HTTP/1.1)
POST /session/87b8b752f225f90fe66fe9be8aba164e/element HTTP/1.1
User-Agent: selenium/4.8.1 (java windows)
Content-Length: 62
Content-Type: application/json; charset=utf-8
host: localhost:37422
accept: */*

Response DefaultHttpResponse(decodeResult: success, version: HTTP/1.1)
HTTP/1.1 200 OK
Content-Length: 88
Content-Type: application/json; charset=utf-8
cache-control: no-cache

01:36:20.801 [AsyncHttpClient-1-5] DEBUG org.asynchttpclient.netty.channel.ChannelManager - Adding key: http://localhost:37422 for channel [id: 0x3adb5ee1, L:/127.0.0.1:57051 - R:localhost/127.0.0.1:37422]
01:36:20.802 [Forwarding getElementTagName on session 87b8b752f225f90fe66fe9be8aba164e to remote] DEBUG org.asynchttpclient.netty.request.NettyRequestSender - Using pooled Channel '[id: 0x3adb5ee1, L:/127.0.0.1:57051 - R:localhost/127.0.0.1:37422]' for 'GET' to 'http://localhost:37422/session/87b8b752f225f90fe66fe9be8aba164e/element/ea3b5eee-7788-44a1-a136-c0aa159da128/name'
01:36:20.802 [Forwarding getElementTagName on session 87b8b752f225f90fe66fe9be8aba164e to remote] DEBUG org.asynchttpclient.netty.request.NettyRequestSender - Using open Channel [id: 0x3adb5ee1, L:/127.0.0.1:57051 - R:localhost/127.0.0.1:37422] for GET '/session/87b8b752f225f90fe66fe9be8aba164e/element/ea3b5eee-7788-44a1-a136-c0aa159da128/name'
01:36:20.806 [AsyncHttpClient-1-5] DEBUG org.asynchttpclient.netty.handler.HttpHandler - 

Request DefaultFullHttpRequest(decodeResult: success, version: HTTP/1.1, content: EmptyByteBufBE)
GET /session/87b8b752f225f90fe66fe9be8aba164e/element/ea3b5eee-7788-44a1-a136-c0aa159da128/name HTTP/1.1
User-Agent: selenium/4.8.1 (java windows)
Cache-Control: no-cache
Content-Type: application/json; charset=utf-8
host: localhost:37422
accept: */*

Response DefaultHttpResponse(decodeResult: success, version: HTTP/1.1)
HTTP/1.1 200 OK
Content-Length: 16
Content-Type: application/json; charset=utf-8
cache-control: no-cache

01:36:20.806 [AsyncHttpClient-1-5] DEBUG org.asynchttpclient.netty.channel.ChannelManager - Adding key: http://localhost:37422 for channel [id: 0x3adb5ee1, L:/127.0.0.1:57051 - R:localhost/127.0.0.1:37422]
01:36:20.808 [Forwarding getElementTagName on session 87b8b752f225f90fe66fe9be8aba164e to remote] DEBUG org.asynchttpclient.netty.request.NettyRequestSender - Using pooled Channel '[id: 0x3adb5ee1, L:/127.0.0.1:57051 - R:localhost/127.0.0.1:37422]' for 'GET' to 'http://localhost:37422/session/87b8b752f225f90fe66fe9be8aba164e/element/ea3b5eee-7788-44a1-a136-c0aa159da128/name'
01:36:20.808 [Forwarding getElementTagName on session 87b8b752f225f90fe66fe9be8aba164e to remote] DEBUG org.asynchttpclient.netty.request.NettyRequestSender - Using open Channel [id: 0x3adb5ee1, L:/127.0.0.1:57051 - R:localhost/127.0.0.1:37422] for GET '/session/87b8b752f225f90fe66fe9be8aba164e/element/ea3b5eee-7788-44a1-a136-c0aa159da128/name'
01:36:20.811 [AsyncHttpClient-1-5] DEBUG org.asynchttpclient.netty.handler.HttpHandler - 

Request DefaultFullHttpRequest(decodeResult: success, version: HTTP/1.1, content: EmptyByteBufBE)
GET /session/87b8b752f225f90fe66fe9be8aba164e/element/ea3b5eee-7788-44a1-a136-c0aa159da128/name HTTP/1.1
User-Agent: selenium/4.8.1 (java windows)
Cache-Control: no-cache
Content-Type: application/json; charset=utf-8
host: localhost:37422
accept: */*

Response DefaultHttpResponse(decodeResult: success, version: HTTP/1.1)
HTTP/1.1 200 OK
Content-Length: 16
Content-Type: application/json; charset=utf-8
cache-control: no-cache

01:36:20.811 [AsyncHttpClient-1-5] DEBUG org.asynchttpclient.netty.channel.ChannelManager - Adding key: http://localhost:37422 for channel [id: 0x3adb5ee1, L:/127.0.0.1:57051 - R:localhost/127.0.0.1:37422]
01:36:20.813 [Forwarding findElement on session 87b8b752f225f90fe66fe9be8aba164e to remote] DEBUG org.asynchttpclient.netty.request.NettyRequestSender - Using pooled Channel '[id: 0x3adb5ee1, L:/127.0.0.1:57051 - R:localhost/127.0.0.1:37422]' for 'POST' to 'http://localhost:37422/session/87b8b752f225f90fe66fe9be8aba164e/element'
01:36:20.813 [Forwarding findElement on session 87b8b752f225f90fe66fe9be8aba164e to remote] DEBUG org.asynchttpclient.netty.request.NettyRequestSender - Using open Channel [id: 0x3adb5ee1, L:/127.0.0.1:57051 - R:localhost/127.0.0.1:37422] for POST '/session/87b8b752f225f90fe66fe9be8aba164e/element'
01:36:20.817 [AsyncHttpClient-1-5] DEBUG org.asynchttpclient.netty.handler.HttpHandler - 

Request DefaultHttpRequest(decodeResult: success, version: HTTP/1.1)
POST /session/87b8b752f225f90fe66fe9be8aba164e/element HTTP/1.1
User-Agent: selenium/4.8.1 (java windows)
Content-Length: 62
Content-Type: application/json; charset=utf-8
host: localhost:37422
accept: */*

Response DefaultHttpResponse(decodeResult: success, version: HTTP/1.1)
HTTP/1.1 200 OK
Content-Length: 88
Content-Type: application/json; charset=utf-8
cache-control: no-cache

01:36:20.818 [AsyncHttpClient-1-5] DEBUG org.asynchttpclient.netty.channel.ChannelManager - Adding key: http://localhost:37422 for channel [id: 0x3adb5ee1, L:/127.0.0.1:57051 - R:localhost/127.0.0.1:37422]
01:36:20.818 [Forwarding clickElement on session 87b8b752f225f90fe66fe9be8aba164e to remote] DEBUG org.asynchttpclient.netty.request.NettyRequestSender - Using pooled Channel '[id: 0x3adb5ee1, L:/127.0.0.1:57051 - R:localhost/127.0.0.1:37422]' for 'POST' to 'http://localhost:37422/session/87b8b752f225f90fe66fe9be8aba164e/element/ea3b5eee-7788-44a1-a136-c0aa159da128/click'
01:36:20.818 [Forwarding clickElement on session 87b8b752f225f90fe66fe9be8aba164e to remote] DEBUG org.asynchttpclient.netty.request.NettyRequestSender - Using open Channel [id: 0x3adb5ee1, L:/127.0.0.1:57051 - R:localhost/127.0.0.1:37422] for POST '/session/87b8b752f225f90fe66fe9be8aba164e/element/ea3b5eee-7788-44a1-a136-c0aa159da128/click'
01:36:21.359 [AsyncHttpClient-1-5] DEBUG org.asynchttpclient.netty.handler.HttpHandler - 

Request DefaultHttpRequest(decodeResult: success, version: HTTP/1.1)
POST /session/87b8b752f225f90fe66fe9be8aba164e/element/ea3b5eee-7788-44a1-a136-c0aa159da128/click HTTP/1.1
User-Agent: selenium/4.8.1 (java windows)
Content-Length: 50
Content-Type: application/json; charset=utf-8
host: localhost:37422
accept: */*

Response DefaultHttpResponse(decodeResult: success, version: HTTP/1.1)
HTTP/1.1 200 OK
Content-Length: 14
Content-Type: application/json; charset=utf-8
cache-control: no-cache

01:36:21.359 [AsyncHttpClient-1-5] DEBUG org.asynchttpclient.netty.channel.ChannelManager - Adding key: http://localhost:37422 for channel [id: 0x3adb5ee1, L:/127.0.0.1:57051 - R:localhost/127.0.0.1:37422]
01:36:21.369 [Forwarding getAlertText on session 87b8b752f225f90fe66fe9be8aba164e to remote] DEBUG org.asynchttpclient.netty.request.NettyRequestSender - Using pooled Channel '[id: 0x3adb5ee1, L:/127.0.0.1:57051 - R:localhost/127.0.0.1:37422]' for 'GET' to 'http://localhost:37422/session/87b8b752f225f90fe66fe9be8aba164e/alert/text'
01:36:21.370 [Forwarding getAlertText on session 87b8b752f225f90fe66fe9be8aba164e to remote] DEBUG org.asynchttpclient.netty.request.NettyRequestSender - Using open Channel [id: 0x3adb5ee1, L:/127.0.0.1:57051 - R:localhost/127.0.0.1:37422] for GET '/session/87b8b752f225f90fe66fe9be8aba164e/alert/text'
01:36:21.390 [AsyncHttpClient-1-5] DEBUG org.asynchttpclient.netty.handler.HttpHandler - 

Request DefaultFullHttpRequest(decodeResult: success, version: HTTP/1.1, content: EmptyByteBufBE)
GET /session/87b8b752f225f90fe66fe9be8aba164e/alert/text HTTP/1.1
User-Agent: selenium/4.8.1 (java windows)
Cache-Control: no-cache
Content-Type: application/json; charset=utf-8
host: localhost:37422
accept: */*

Response DefaultHttpResponse(decodeResult: success, version: HTTP/1.1)
HTTP/1.1 404 Not Found
Content-Length: 835
Content-Type: application/json; charset=utf-8
cache-control: no-cache

01:36:21.390 [AsyncHttpClient-1-5] DEBUG org.asynchttpclient.netty.channel.ChannelManager - Adding key: http://localhost:37422 for channel [id: 0x3adb5ee1, L:/127.0.0.1:57051 - R:localhost/127.0.0.1:37422]
01:36:21.391 [Forwarding getCurrentUrl on session 87b8b752f225f90fe66fe9be8aba164e to remote] DEBUG org.asynchttpclient.netty.request.NettyRequestSender - Using pooled Channel '[id: 0x3adb5ee1, L:/127.0.0.1:57051 - R:localhost/127.0.0.1:37422]' for 'GET' to 'http://localhost:37422/session/87b8b752f225f90fe66fe9be8aba164e/url'
01:36:21.392 [Forwarding getCurrentUrl on session 87b8b752f225f90fe66fe9be8aba164e to remote] DEBUG org.asynchttpclient.netty.request.NettyRequestSender - Using open Channel [id: 0x3adb5ee1, L:/127.0.0.1:57051 - R:localhost/127.0.0.1:37422] for GET '/session/87b8b752f225f90fe66fe9be8aba164e/url'
01:36:21.394 [AsyncHttpClient-1-5] DEBUG org.asynchttpclient.netty.handler.HttpHandler - 

Request DefaultFullHttpRequest(decodeResult: success, version: HTTP/1.1, content: EmptyByteBufBE)
GET /session/87b8b752f225f90fe66fe9be8aba164e/url HTTP/1.1
User-Agent: selenium/4.8.1 (java windows)
Cache-Control: no-cache
Content-Type: application/json; charset=utf-8
host: localhost:37422
accept: */*

Response DefaultHttpResponse(decodeResult: success, version: HTTP/1.1)
HTTP/1.1 200 OK
Content-Length: 42
Content-Type: application/json; charset=utf-8
cache-control: no-cache

01:36:21.395 [AsyncHttpClient-1-5] DEBUG org.asynchttpclient.netty.channel.ChannelManager - Adding key: http://localhost:37422 for channel [id: 0x3adb5ee1, L:/127.0.0.1:57051 - R:localhost/127.0.0.1:37422]
01:36:21.395 [Forwarding screenshot on session 87b8b752f225f90fe66fe9be8aba164e to remote] DEBUG org.asynchttpclient.netty.request.NettyRequestSender - Using pooled Channel '[id: 0x3adb5ee1, L:/127.0.0.1:57051 - R:localhost/127.0.0.1:37422]' for 'GET' to 'http://localhost:37422/session/87b8b752f225f90fe66fe9be8aba164e/screenshot'
01:36:21.395 [Forwarding screenshot on session 87b8b752f225f90fe66fe9be8aba164e to remote] DEBUG org.asynchttpclient.netty.request.NettyRequestSender - Using open Channel [id: 0x3adb5ee1, L:/127.0.0.1:57051 - R:localhost/127.0.0.1:37422] for GET '/session/87b8b752f225f90fe66fe9be8aba164e/screenshot'
01:36:21.562 [AsyncHttpClient-1-5] DEBUG org.asynchttpclient.netty.handler.HttpHandler - 

Request DefaultFullHttpRequest(decodeResult: success, version: HTTP/1.1, content: EmptyByteBufBE)
GET /session/87b8b752f225f90fe66fe9be8aba164e/screenshot HTTP/1.1
User-Agent: selenium/4.8.1 (java windows)
Cache-Control: no-cache
Content-Type: application/json; charset=utf-8
host: localhost:37422
accept: */*

Response DefaultHttpResponse(decodeResult: success, version: HTTP/1.1)
HTTP/1.1 200 OK
Content-Length: 255864
Content-Type: application/json; charset=utf-8
cache-control: no-cache

01:36:21.562 [AsyncHttpClient-1-5] DEBUG org.asynchttpclient.netty.channel.ChannelManager - Adding key: http://localhost:37422 for channel [id: 0x3adb5ee1, L:/127.0.0.1:57051 - R:localhost/127.0.0.1:37422]
01:36:21.566 [main] DEBUG net.serenitybdd.core.photography.Darkroom - Send negative for processing for target\site\serenity\385bcadc27da1b2c4766a46f92f1b5bdc4e85f5718254a7d06d292689290915e.png
01:36:21.567 [main] DEBUG net.thucydides.core.steps.StepInterceptor - STEP DONE: clickLoginButton
  &amp#27;[32mWhen &amp#27;[0m&amp#27;[32mI click login button&amp#27;[0m             &amp#27;[90m# starter.stepdefintions.LoginSteps.clickLoginButton()&amp#27;[0m
01:36:21.574 [Forwarding getPageSource on session 87b8b752f225f90fe66fe9be8aba164e to remote] DEBUG org.asynchttpclient.netty.request.NettyRequestSender - Using pooled Channel '[id: 0x3adb5ee1, L:/127.0.0.1:57051 - R:localhost/127.0.0.1:37422]' for 'POST' to 'http://localhost:37422/session/87b8b752f225f90fe66fe9be8aba164e/execute/sync'
01:36:21.574 [Forwarding getPageSource on session 87b8b752f225f90fe66fe9be8aba164e to remote] DEBUG org.asynchttpclient.netty.request.NettyRequestSender - Using open Channel [id: 0x3adb5ee1, L:/127.0.0.1:57051 - R:localhost/127.0.0.1:37422] for POST '/session/87b8b752f225f90fe66fe9be8aba164e/execute/sync'
01:36:21.581 [AsyncHttpClient-1-5] DEBUG org.asynchttpclient.netty.handler.HttpHandler - 

Request DefaultHttpRequest(decodeResult: success, version: HTTP/1.1)
POST /session/87b8b752f225f90fe66fe9be8aba164e/execute/sync HTTP/1.1
User-Agent: selenium/4.8.1 (java windows)
Content-Length: 176
Content-Type: application/json; charset=utf-8
host: localhost:37422
accept: */*

Response DefaultHttpResponse(decodeResult: success, version: HTTP/1.1)
HTTP/1.1 200 OK
Content-Length: 96996
Content-Type: application/json; charset=utf-8
cache-control: no-cache

01:36:21.581 [AsyncHttpClient-1-5] DEBUG org.asynchttpclient.netty.channel.ChannelManager - Adding key: http://localhost:37422 for channel [id: 0x3adb5ee1, L:/127.0.0.1:57051 - R:localhost/127.0.0.1:37422]
01:36:21.585 [Forwarding getCurrentUrl on session 87b8b752f225f90fe66fe9be8aba164e to remote] DEBUG org.asynchttpclient.netty.request.NettyRequestSender - Using pooled Channel '[id: 0x3adb5ee1, L:/127.0.0.1:57051 - R:localhost/127.0.0.1:37422]' for 'GET' to 'http://localhost:37422/session/87b8b752f225f90fe66fe9be8aba164e/url'
01:36:21.585 [Forwarding getCurrentUrl on session 87b8b752f225f90fe66fe9be8aba164e to remote] DEBUG org.asynchttpclient.netty.request.NettyRequestSender - Using open Channel [id: 0x3adb5ee1, L:/127.0.0.1:57051 - R:localhost/127.0.0.1:37422] for GET '/session/87b8b752f225f90fe66fe9be8aba164e/url'
01:36:21.588 [AsyncHttpClient-1-5] DEBUG org.asynchttpclient.netty.handler.HttpHandler - 

Request DefaultFullHttpRequest(decodeResult: success, version: HTTP/1.1, content: EmptyByteBufBE)
GET /session/87b8b752f225f90fe66fe9be8aba164e/url HTTP/1.1
User-Agent: selenium/4.8.1 (java windows)
Cache-Control: no-cache
Content-Type: application/json; charset=utf-8
host: localhost:37422
accept: */*

Response DefaultHttpResponse(decodeResult: success, version: HTTP/1.1)
HTTP/1.1 200 OK
Content-Length: 42
Content-Type: application/json; charset=utf-8
cache-control: no-cache

01:36:21.588 [AsyncHttpClient-1-5] DEBUG org.asynchttpclient.netty.channel.ChannelManager - Adding key: http://localhost:37422 for channel [id: 0x3adb5ee1, L:/127.0.0.1:57051 - R:localhost/127.0.0.1:37422]
01:36:21.595 [Forwarding getPageSource on session 87b8b752f225f90fe66fe9be8aba164e to remote] DEBUG org.asynchttpclient.netty.request.NettyRequestSender - Using pooled Channel '[id: 0x3adb5ee1, L:/127.0.0.1:57051 - R:localhost/127.0.0.1:37422]' for 'POST' to 'http://localhost:37422/session/87b8b752f225f90fe66fe9be8aba164e/execute/sync'
01:36:21.595 [Forwarding getPageSource on session 87b8b752f225f90fe66fe9be8aba164e to remote] DEBUG org.asynchttpclient.netty.request.NettyRequestSender - Using open Channel [id: 0x3adb5ee1, L:/127.0.0.1:57051 - R:localhost/127.0.0.1:37422] for POST '/session/87b8b752f225f90fe66fe9be8aba164e/execute/sync'
01:36:21.602 [AsyncHttpClient-1-5] DEBUG org.asynchttpclient.netty.handler.HttpHandler - 

Request DefaultHttpRequest(decodeResult: success, version: HTTP/1.1)
POST /session/87b8b752f225f90fe66fe9be8aba164e/execute/sync HTTP/1.1
User-Agent: selenium/4.8.1 (java windows)
Content-Length: 176
Content-Type: application/json; charset=utf-8
host: localhost:37422
accept: */*

Response DefaultHttpResponse(decodeResult: success, version: HTTP/1.1)
HTTP/1.1 200 OK
Content-Length: 96996
Content-Type: application/json; charset=utf-8
cache-control: no-cache

01:36:21.602 [AsyncHttpClient-1-5] DEBUG org.asynchttpclient.netty.channel.ChannelManager - Adding key: http://localhost:37422 for channel [id: 0x3adb5ee1, L:/127.0.0.1:57051 - R:localhost/127.0.0.1:37422]
01:36:21.606 [Forwarding getCurrentUrl on session 87b8b752f225f90fe66fe9be8aba164e to remote] DEBUG org.asynchttpclient.netty.request.NettyRequestSender - Using pooled Channel '[id: 0x3adb5ee1, L:/127.0.0.1:57051 - R:localhost/127.0.0.1:37422]' for 'GET' to 'http://localhost:37422/session/87b8b752f225f90fe66fe9be8aba164e/url'
01:36:21.606 [Forwarding getCurrentUrl on session 87b8b752f225f90fe66fe9be8aba164e to remote] DEBUG org.asynchttpclient.netty.request.NettyRequestSender - Using open Channel [id: 0x3adb5ee1, L:/127.0.0.1:57051 - R:localhost/127.0.0.1:37422] for GET '/session/87b8b752f225f90fe66fe9be8aba164e/url'
01:36:21.608 [AsyncHttpClient-1-5] DEBUG org.asynchttpclient.netty.handler.HttpHandler - 

Request DefaultFullHttpRequest(decodeResult: success, version: HTTP/1.1, content: EmptyByteBufBE)
GET /session/87b8b752f225f90fe66fe9be8aba164e/url HTTP/1.1
User-Agent: selenium/4.8.1 (java windows)
Cache-Control: no-cache
Content-Type: application/json; charset=utf-8
host: localhost:37422
accept: */*

Response DefaultHttpResponse(decodeResult: success, version: HTTP/1.1)
HTTP/1.1 200 OK
Content-Length: 42
Content-Type: application/json; charset=utf-8
cache-control: no-cache

01:36:21.608 [AsyncHttpClient-1-5] DEBUG org.asynchttpclient.netty.channel.ChannelManager - Adding key: http://localhost:37422 for channel [id: 0x3adb5ee1, L:/127.0.0.1:57051 - R:localhost/127.0.0.1:37422]
01:36:21.610 [main] DEBUG net.thucydides.core.steps.StepInterceptor - STARTING STEP: LoginSteps.inputEmail - inputEmail
01:36:21.612 [Forwarding findElement on session 87b8b752f225f90fe66fe9be8aba164e to remote] DEBUG org.asynchttpclient.netty.request.NettyRequestSender - Using pooled Channel '[id: 0x3adb5ee1, L:/127.0.0.1:57051 - R:localhost/127.0.0.1:37422]' for 'POST' to 'http://localhost:37422/session/87b8b752f225f90fe66fe9be8aba164e/element'
01:36:21.612 [Forwarding findElement on session 87b8b752f225f90fe66fe9be8aba164e to remote] DEBUG org.asynchttpclient.netty.request.NettyRequestSender - Using open Channel [id: 0x3adb5ee1, L:/127.0.0.1:57051 - R:localhost/127.0.0.1:37422] for POST '/session/87b8b752f225f90fe66fe9be8aba164e/element'
01:36:21.619 [AsyncHttpClient-1-5] DEBUG org.asynchttpclient.netty.handler.HttpHandler - 

Request DefaultHttpRequest(decodeResult: success, version: HTTP/1.1)
POST /session/87b8b752f225f90fe66fe9be8aba164e/element HTTP/1.1
User-Agent: selenium/4.8.1 (java windows)
Content-Length: 50
Content-Type: application/json; charset=utf-8
host: localhost:37422
accept: */*

Response DefaultHttpResponse(decodeResult: success, version: HTTP/1.1)
HTTP/1.1 200 OK
Content-Length: 88
Content-Type: application/json; charset=utf-8
cache-control: no-cache

01:36:21.619 [AsyncHttpClient-1-5] DEBUG org.asynchttpclient.netty.channel.ChannelManager - Adding key: http://localhost:37422 for channel [id: 0x3adb5ee1, L:/127.0.0.1:57051 - R:localhost/127.0.0.1:37422]
01:36:21.620 [Forwarding clearElement on session 87b8b752f225f90fe66fe9be8aba164e to remote] DEBUG org.asynchttpclient.netty.request.NettyRequestSender - Using pooled Channel '[id: 0x3adb5ee1, L:/127.0.0.1:57051 - R:localhost/127.0.0.1:37422]' for 'POST' to 'http://localhost:37422/session/87b8b752f225f90fe66fe9be8aba164e/element/d3ac0bcc-61ba-4dad-a2dc-aa46625b5567/clear'
01:36:21.620 [Forwarding clearElement on session 87b8b752f225f90fe66fe9be8aba164e to remote] DEBUG org.asynchttpclient.netty.request.NettyRequestSender - Using open Channel [id: 0x3adb5ee1, L:/127.0.0.1:57051 - R:localhost/127.0.0.1:37422] for POST '/session/87b8b752f225f90fe66fe9be8aba164e/element/d3ac0bcc-61ba-4dad-a2dc-aa46625b5567/clear'
01:36:21.643 [AsyncHttpClient-1-5] DEBUG org.asynchttpclient.netty.handler.HttpHandler - 

Request DefaultHttpRequest(decodeResult: success, version: HTTP/1.1)
POST /session/87b8b752f225f90fe66fe9be8aba164e/element/d3ac0bcc-61ba-4dad-a2dc-aa46625b5567/clear HTTP/1.1
User-Agent: selenium/4.8.1 (java windows)
Content-Length: 50
Content-Type: application/json; charset=utf-8
host: localhost:37422
accept: */*

Response DefaultHttpResponse(decodeResult: success, version: HTTP/1.1)
HTTP/1.1 200 OK
Content-Length: 14
Content-Type: application/json; charset=utf-8
cache-control: no-cache

01:36:21.643 [AsyncHttpClient-1-5] DEBUG org.asynchttpclient.netty.channel.ChannelManager - Adding key: http://localhost:37422 for channel [id: 0x3adb5ee1, L:/127.0.0.1:57051 - R:localhost/127.0.0.1:37422]
01:36:21.645 [Forwarding sendKeysToElement on session 87b8b752f225f90fe66fe9be8aba164e to remote] DEBUG org.asynchttpclient.netty.request.NettyRequestSender - Using pooled Channel '[id: 0x3adb5ee1, L:/127.0.0.1:57051 - R:localhost/127.0.0.1:37422]' for 'POST' to 'http://localhost:37422/session/87b8b752f225f90fe66fe9be8aba164e/element/d3ac0bcc-61ba-4dad-a2dc-aa46625b5567/value'
01:36:21.645 [Forwarding sendKeysToElement on session 87b8b752f225f90fe66fe9be8aba164e to remote] DEBUG org.asynchttpclient.netty.request.NettyRequestSender - Using open Channel [id: 0x3adb5ee1, L:/127.0.0.1:57051 - R:localhost/127.0.0.1:37422] for POST '/session/87b8b752f225f90fe66fe9be8aba164e/element/d3ac0bcc-61ba-4dad-a2dc-aa46625b5567/value'
01:36:21.737 [AsyncHttpClient-1-5] DEBUG org.asynchttpclient.netty.handler.HttpHandler - 

Request DefaultHttpRequest(decodeResult: success, version: HTTP/1.1)
POST /session/87b8b752f225f90fe66fe9be8aba164e/element/d3ac0bcc-61ba-4dad-a2dc-aa46625b5567/value HTTP/1.1
User-Agent: selenium/4.8.1 (java windows)
Content-Length: 351
Content-Type: application/json; charset=utf-8
host: localhost:37422
accept: */*

Response DefaultHttpResponse(decodeResult: success, version: HTTP/1.1)
HTTP/1.1 200 OK
Content-Length: 14
Content-Type: application/json; charset=utf-8
cache-control: no-cache

01:36:21.738 [AsyncHttpClient-1-5] DEBUG org.asynchttpclient.netty.channel.ChannelManager - Adding key: http://localhost:37422 for channel [id: 0x3adb5ee1, L:/127.0.0.1:57051 - R:localhost/127.0.0.1:37422]
01:36:21.741 [Forwarding getAlertText on session 87b8b752f225f90fe66fe9be8aba164e to remote] DEBUG org.asynchttpclient.netty.request.NettyRequestSender - Using pooled Channel '[id: 0x3adb5ee1, L:/127.0.0.1:57051 - R:localhost/127.0.0.1:37422]' for 'GET' to 'http://localhost:37422/session/87b8b752f225f90fe66fe9be8aba164e/alert/text'
01:36:21.741 [Forwarding getAlertText on session 87b8b752f225f90fe66fe9be8aba164e to remote] DEBUG org.asynchttpclient.netty.request.NettyRequestSender - Using open Channel [id: 0x3adb5ee1, L:/127.0.0.1:57051 - R:localhost/127.0.0.1:37422] for GET '/session/87b8b752f225f90fe66fe9be8aba164e/alert/text'
01:36:21.744 [AsyncHttpClient-1-5] DEBUG org.asynchttpclient.netty.handler.HttpHandler - 

Request DefaultFullHttpRequest(decodeResult: success, version: HTTP/1.1, content: EmptyByteBufBE)
GET /session/87b8b752f225f90fe66fe9be8aba164e/alert/text HTTP/1.1
User-Agent: selenium/4.8.1 (java windows)
Cache-Control: no-cache
Content-Type: application/json; charset=utf-8
host: localhost:37422
accept: */*

Response DefaultHttpResponse(decodeResult: success, version: HTTP/1.1)
HTTP/1.1 404 Not Found
Content-Length: 835
Content-Type: application/json; charset=utf-8
cache-control: no-cache

01:36:21.744 [AsyncHttpClient-1-5] DEBUG org.asynchttpclient.netty.channel.ChannelManager - Adding key: http://localhost:37422 for channel [id: 0x3adb5ee1, L:/127.0.0.1:57051 - R:localhost/127.0.0.1:37422]
01:36:21.745 [Forwarding getCurrentUrl on session 87b8b752f225f90fe66fe9be8aba164e to remote] DEBUG org.asynchttpclient.netty.request.NettyRequestSender - Using pooled Channel '[id: 0x3adb5ee1, L:/127.0.0.1:57051 - R:localhost/127.0.0.1:37422]' for 'GET' to 'http://localhost:37422/session/87b8b752f225f90fe66fe9be8aba164e/url'
01:36:21.745 [Forwarding getCurrentUrl on session 87b8b752f225f90fe66fe9be8aba164e to remote] DEBUG org.asynchttpclient.netty.request.NettyRequestSender - Using open Channel [id: 0x3adb5ee1, L:/127.0.0.1:57051 - R:localhost/127.0.0.1:37422] for GET '/session/87b8b752f225f90fe66fe9be8aba164e/url'
01:36:21.747 [AsyncHttpClient-1-5] DEBUG org.asynchttpclient.netty.handler.HttpHandler - 

Request DefaultFullHttpRequest(decodeResult: success, version: HTTP/1.1, content: EmptyByteBufBE)
GET /session/87b8b752f225f90fe66fe9be8aba164e/url HTTP/1.1
User-Agent: selenium/4.8.1 (java windows)
Cache-Control: no-cache
Content-Type: application/json; charset=utf-8
host: localhost:37422
accept: */*

Response DefaultHttpResponse(decodeResult: success, version: HTTP/1.1)
HTTP/1.1 200 OK
Content-Length: 42
Content-Type: application/json; charset=utf-8
cache-control: no-cache

01:36:21.747 [AsyncHttpClient-1-5] DEBUG org.asynchttpclient.netty.channel.ChannelManager - Adding key: http://localhost:37422 for channel [id: 0x3adb5ee1, L:/127.0.0.1:57051 - R:localhost/127.0.0.1:37422]
01:36:21.748 [Forwarding screenshot on session 87b8b752f225f90fe66fe9be8aba164e to remote] DEBUG org.asynchttpclient.netty.request.NettyRequestSender - Using pooled Channel '[id: 0x3adb5ee1, L:/127.0.0.1:57051 - R:localhost/127.0.0.1:37422]' for 'GET' to 'http://localhost:37422/session/87b8b752f225f90fe66fe9be8aba164e/screenshot'
01:36:21.748 [Forwarding screenshot on session 87b8b752f225f90fe66fe9be8aba164e to remote] DEBUG org.asynchttpclient.netty.request.NettyRequestSender - Using open Channel [id: 0x3adb5ee1, L:/127.0.0.1:57051 - R:localhost/127.0.0.1:37422] for GET '/session/87b8b752f225f90fe66fe9be8aba164e/screenshot'
01:36:21.885 [AsyncHttpClient-1-1] DEBUG org.asynchttpclient.netty.channel.DefaultChannelPool - Entry count for : http://localhost:57052 : 1
01:36:21.908 [AsyncHttpClient-1-5] DEBUG org.asynchttpclient.netty.handler.HttpHandler - 

Request DefaultFullHttpRequest(decodeResult: success, version: HTTP/1.1, content: EmptyByteBufBE)
GET /session/87b8b752f225f90fe66fe9be8aba164e/screenshot HTTP/1.1
User-Agent: selenium/4.8.1 (java windows)
Cache-Control: no-cache
Content-Type: application/json; charset=utf-8
host: localhost:37422
accept: */*

Response DefaultHttpResponse(decodeResult: success, version: HTTP/1.1)
HTTP/1.1 200 OK
Content-Length: 259828
Content-Type: application/json; charset=utf-8
cache-control: no-cache

01:36:21.909 [AsyncHttpClient-1-5] DEBUG org.asynchttpclient.netty.channel.ChannelManager - Adding key: http://localhost:37422 for channel [id: 0x3adb5ee1, L:/127.0.0.1:57051 - R:localhost/127.0.0.1:37422]
01:36:21.913 [main] DEBUG net.serenitybdd.core.photography.Darkroom - Send negative for processing for target\site\serenity\49afd598ecad7110a25f120a678c5d3acd66483f788518497de0a21a11569889.png
01:36:21.913 [main] DEBUG net.thucydides.core.steps.StepInterceptor - STEP DONE: inputEmail
  &amp#27;[32mAnd &amp#27;[0m&amp#27;[32mI enter correct email&amp#27;[0m             &amp#27;[90m# starter.stepdefintions.LoginSteps.inputEmail()&amp#27;[0m
01:36:21.913 [Darkroom Processing Line] DEBUG net.serenitybdd.core.photography.DarkroomProcessingLine - Processing screenshot image in /var/screenshots/screenshot-9979506621794878694
01:36:21.913 [Darkroom Processing Line] DEBUG net.serenitybdd.core.photography.DarkroomProcessingLine - Saving screenshot to target\site\serenity\49afd598ecad7110a25f120a678c5d3acd66483f788518497de0a21a11569889.png
01:36:21.919 [Forwarding getPageSource on session 87b8b752f225f90fe66fe9be8aba164e to remote] DEBUG org.asynchttpclient.netty.request.NettyRequestSender - Using pooled Channel '[id: 0x3adb5ee1, L:/127.0.0.1:57051 - R:localhost/127.0.0.1:37422]' for 'POST' to 'http://localhost:37422/session/87b8b752f225f90fe66fe9be8aba164e/execute/sync'
01:36:21.919 [Forwarding getPageSource on session 87b8b752f225f90fe66fe9be8aba164e to remote] DEBUG org.asynchttpclient.netty.request.NettyRequestSender - Using open Channel [id: 0x3adb5ee1, L:/127.0.0.1:57051 - R:localhost/127.0.0.1:37422] for POST '/session/87b8b752f225f90fe66fe9be8aba164e/execute/sync'
01:36:21.925 [AsyncHttpClient-1-5] DEBUG org.asynchttpclient.netty.handler.HttpHandler - 

Request DefaultHttpRequest(decodeResult: success, version: HTTP/1.1)
POST /session/87b8b752f225f90fe66fe9be8aba164e/execute/sync HTTP/1.1
User-Agent: selenium/4.8.1 (java windows)
Content-Length: 176
Content-Type: application/json; charset=utf-8
host: localhost:37422
accept: */*

Response DefaultHttpResponse(decodeResult: success, version: HTTP/1.1)
HTTP/1.1 200 OK
Content-Length: 97047
Content-Type: application/json; charset=utf-8
cache-control: no-cache

01:36:21.926 [AsyncHttpClient-1-5] DEBUG org.asynchttpclient.netty.channel.ChannelManager - Adding key: http://localhost:37422 for channel [id: 0x3adb5ee1, L:/127.0.0.1:57051 - R:localhost/127.0.0.1:37422]
01:36:21.930 [Forwarding getCurrentUrl on session 87b8b752f225f90fe66fe9be8aba164e to remote] DEBUG org.asynchttpclient.netty.request.NettyRequestSender - Using pooled Channel '[id: 0x3adb5ee1, L:/127.0.0.1:57051 - R:localhost/127.0.0.1:37422]' for 'GET' to 'http://localhost:37422/session/87b8b752f225f90fe66fe9be8aba164e/url'
01:36:21.930 [Forwarding getCurrentUrl on session 87b8b752f225f90fe66fe9be8aba164e to remote] DEBUG org.asynchttpclient.netty.request.NettyRequestSender - Using open Channel [id: 0x3adb5ee1, L:/127.0.0.1:57051 - R:localhost/127.0.0.1:37422] for GET '/session/87b8b752f225f90fe66fe9be8aba164e/url'
01:36:21.933 [AsyncHttpClient-1-5] DEBUG org.asynchttpclient.netty.handler.HttpHandler - 

Request DefaultFullHttpRequest(decodeResult: success, version: HTTP/1.1, content: EmptyByteBufBE)
GET /session/87b8b752f225f90fe66fe9be8aba164e/url HTTP/1.1
User-Agent: selenium/4.8.1 (java windows)
Cache-Control: no-cache
Content-Type: application/json; charset=utf-8
host: localhost:37422
accept: */*

Response DefaultHttpResponse(decodeResult: success, version: HTTP/1.1)
HTTP/1.1 200 OK
Content-Length: 42
Content-Type: application/json; charset=utf-8
cache-control: no-cache

01:36:21.933 [AsyncHttpClient-1-5] DEBUG org.asynchttpclient.netty.channel.ChannelManager - Adding key: http://localhost:37422 for channel [id: 0x3adb5ee1, L:/127.0.0.1:57051 - R:localhost/127.0.0.1:37422]
01:36:21.941 [Forwarding getPageSource on session 87b8b752f225f90fe66fe9be8aba164e to remote] DEBUG org.asynchttpclient.netty.request.NettyRequestSender - Using pooled Channel '[id: 0x3adb5ee1, L:/127.0.0.1:57051 - R:localhost/127.0.0.1:37422]' for 'POST' to 'http://localhost:37422/session/87b8b752f225f90fe66fe9be8aba164e/execute/sync'
01:36:21.941 [Forwarding getPageSource on session 87b8b752f225f90fe66fe9be8aba164e to remote] DEBUG org.asynchttpclient.netty.request.NettyRequestSender - Using open Channel [id: 0x3adb5ee1, L:/127.0.0.1:57051 - R:localhost/127.0.0.1:37422] for POST '/session/87b8b752f225f90fe66fe9be8aba164e/execute/sync'
01:36:21.948 [AsyncHttpClient-1-5] DEBUG org.asynchttpclient.netty.handler.HttpHandler - 

Request DefaultHttpRequest(decodeResult: success, version: HTTP/1.1)
POST /session/87b8b752f225f90fe66fe9be8aba164e/execute/sync HTTP/1.1
User-Agent: selenium/4.8.1 (java windows)
Content-Length: 176
Content-Type: application/json; charset=utf-8
host: localhost:37422
accept: */*

Response DefaultHttpResponse(decodeResult: success, version: HTTP/1.1)
HTTP/1.1 200 OK
Content-Length: 97047
Content-Type: application/json; charset=utf-8
cache-control: no-cache

01:36:21.948 [AsyncHttpClient-1-5] DEBUG org.asynchttpclient.netty.channel.ChannelManager - Adding key: http://localhost:37422 for channel [id: 0x3adb5ee1, L:/127.0.0.1:57051 - R:localhost/127.0.0.1:37422]
01:36:21.952 [Forwarding getCurrentUrl on session 87b8b752f225f90fe66fe9be8aba164e to remote] DEBUG org.asynchttpclient.netty.request.NettyRequestSender - Using pooled Channel '[id: 0x3adb5ee1, L:/127.0.0.1:57051 - R:localhost/127.0.0.1:37422]' for 'GET' to 'http://localhost:37422/session/87b8b752f225f90fe66fe9be8aba164e/url'
01:36:21.952 [Forwarding getCurrentUrl on session 87b8b752f225f90fe66fe9be8aba164e to remote] DEBUG org.asynchttpclient.netty.request.NettyRequestSender - Using open Channel [id: 0x3adb5ee1, L:/127.0.0.1:57051 - R:localhost/127.0.0.1:37422] for GET '/session/87b8b752f225f90fe66fe9be8aba164e/url'
01:36:21.954 [AsyncHttpClient-1-5] DEBUG org.asynchttpclient.netty.handler.HttpHandler - 

Request DefaultFullHttpRequest(decodeResult: success, version: HTTP/1.1, content: EmptyByteBufBE)
GET /session/87b8b752f225f90fe66fe9be8aba164e/url HTTP/1.1
User-Agent: selenium/4.8.1 (java windows)
Cache-Control: no-cache
Content-Type: application/json; charset=utf-8
host: localhost:37422
accept: */*

Response DefaultHttpResponse(decodeResult: success, version: HTTP/1.1)
HTTP/1.1 200 OK
Content-Length: 42
Content-Type: application/json; charset=utf-8
cache-control: no-cache

01:36:21.954 [AsyncHttpClient-1-5] DEBUG org.asynchttpclient.netty.channel.ChannelManager - Adding key: http://localhost:37422 for channel [id: 0x3adb5ee1, L:/127.0.0.1:57051 - R:localhost/127.0.0.1:37422]
01:36:21.956 [main] DEBUG net.thucydides.core.steps.StepInterceptor - STARTING STEP: LoginSteps.inputIncorrectPassword - inputPassword
01:36:21.957 [Forwarding findElement on session 87b8b752f225f90fe66fe9be8aba164e to remote] DEBUG org.asynchttpclient.netty.request.NettyRequestSender - Using pooled Channel '[id: 0x3adb5ee1, L:/127.0.0.1:57051 - R:localhost/127.0.0.1:37422]' for 'POST' to 'http://localhost:37422/session/87b8b752f225f90fe66fe9be8aba164e/element'
01:36:21.957 [Forwarding findElement on session 87b8b752f225f90fe66fe9be8aba164e to remote] DEBUG org.asynchttpclient.netty.request.NettyRequestSender - Using open Channel [id: 0x3adb5ee1, L:/127.0.0.1:57051 - R:localhost/127.0.0.1:37422] for POST '/session/87b8b752f225f90fe66fe9be8aba164e/element'
01:36:21.965 [AsyncHttpClient-1-5] DEBUG org.asynchttpclient.netty.handler.HttpHandler - 

Request DefaultHttpRequest(decodeResult: success, version: HTTP/1.1)
POST /session/87b8b752f225f90fe66fe9be8aba164e/element HTTP/1.1
User-Agent: selenium/4.8.1 (java windows)
Content-Length: 53
Content-Type: application/json; charset=utf-8
host: localhost:37422
accept: */*

Response DefaultHttpResponse(decodeResult: success, version: HTTP/1.1)
HTTP/1.1 200 OK
Content-Length: 88
Content-Type: application/json; charset=utf-8
cache-control: no-cache

01:36:21.965 [AsyncHttpClient-1-5] DEBUG org.asynchttpclient.netty.channel.ChannelManager - Adding key: http://localhost:37422 for channel [id: 0x3adb5ee1, L:/127.0.0.1:57051 - R:localhost/127.0.0.1:37422]
01:36:21.966 [Forwarding clearElement on session 87b8b752f225f90fe66fe9be8aba164e to remote] DEBUG org.asynchttpclient.netty.request.NettyRequestSender - Using pooled Channel '[id: 0x3adb5ee1, L:/127.0.0.1:57051 - R:localhost/127.0.0.1:37422]' for 'POST' to 'http://localhost:37422/session/87b8b752f225f90fe66fe9be8aba164e/element/1c47e387-28fb-4af4-9674-1c17b751e9a0/clear'
01:36:21.966 [Forwarding clearElement on session 87b8b752f225f90fe66fe9be8aba164e to remote] DEBUG org.asynchttpclient.netty.request.NettyRequestSender - Using open Channel [id: 0x3adb5ee1, L:/127.0.0.1:57051 - R:localhost/127.0.0.1:37422] for POST '/session/87b8b752f225f90fe66fe9be8aba164e/element/1c47e387-28fb-4af4-9674-1c17b751e9a0/clear'
01:36:21.987 [AsyncHttpClient-1-5] DEBUG org.asynchttpclient.netty.handler.HttpHandler - 

Request DefaultHttpRequest(decodeResult: success, version: HTTP/1.1)
POST /session/87b8b752f225f90fe66fe9be8aba164e/element/1c47e387-28fb-4af4-9674-1c17b751e9a0/clear HTTP/1.1
User-Agent: selenium/4.8.1 (java windows)
Content-Length: 50
Content-Type: application/json; charset=utf-8
host: localhost:37422
accept: */*

Response DefaultHttpResponse(decodeResult: success, version: HTTP/1.1)
HTTP/1.1 200 OK
Content-Length: 14
Content-Type: application/json; charset=utf-8
cache-control: no-cache

01:36:21.987 [AsyncHttpClient-1-5] DEBUG org.asynchttpclient.netty.channel.ChannelManager - Adding key: http://localhost:37422 for channel [id: 0x3adb5ee1, L:/127.0.0.1:57051 - R:localhost/127.0.0.1:37422]
01:36:21.989 [Forwarding sendKeysToElement on session 87b8b752f225f90fe66fe9be8aba164e to remote] DEBUG org.asynchttpclient.netty.request.NettyRequestSender - Using pooled Channel '[id: 0x3adb5ee1, L:/127.0.0.1:57051 - R:localhost/127.0.0.1:37422]' for 'POST' to 'http://localhost:37422/session/87b8b752f225f90fe66fe9be8aba164e/element/1c47e387-28fb-4af4-9674-1c17b751e9a0/value'
01:36:21.989 [Forwarding sendKeysToElement on session 87b8b752f225f90fe66fe9be8aba164e to remote] DEBUG org.asynchttpclient.netty.request.NettyRequestSender - Using open Channel [id: 0x3adb5ee1, L:/127.0.0.1:57051 - R:localhost/127.0.0.1:37422] for POST '/session/87b8b752f225f90fe66fe9be8aba164e/element/1c47e387-28fb-4af4-9674-1c17b751e9a0/value'
01:36:22.064 [AsyncHttpClient-1-5] DEBUG org.asynchttpclient.netty.handler.HttpHandler - 

Request DefaultHttpRequest(decodeResult: success, version: HTTP/1.1)
POST /session/87b8b752f225f90fe66fe9be8aba164e/element/1c47e387-28fb-4af4-9674-1c17b751e9a0/value HTTP/1.1
User-Agent: selenium/4.8.1 (java windows)
Content-Length: 161
Content-Type: application/json; charset=utf-8
host: localhost:37422
accept: */*

Response DefaultHttpResponse(decodeResult: success, version: HTTP/1.1)
HTTP/1.1 200 OK
Content-Length: 14
Content-Type: application/json; charset=utf-8
cache-control: no-cache

01:36:22.065 [AsyncHttpClient-1-5] DEBUG org.asynchttpclient.netty.channel.ChannelManager - Adding key: http://localhost:37422 for channel [id: 0x3adb5ee1, L:/127.0.0.1:57051 - R:localhost/127.0.0.1:37422]
01:36:22.074 [Forwarding getAlertText on session 87b8b752f225f90fe66fe9be8aba164e to remote] DEBUG org.asynchttpclient.netty.request.NettyRequestSender - Using pooled Channel '[id: 0x3adb5ee1, L:/127.0.0.1:57051 - R:localhost/127.0.0.1:37422]' for 'GET' to 'http://localhost:37422/session/87b8b752f225f90fe66fe9be8aba164e/alert/text'
01:36:22.074 [Forwarding getAlertText on session 87b8b752f225f90fe66fe9be8aba164e to remote] DEBUG org.asynchttpclient.netty.request.NettyRequestSender - Using open Channel [id: 0x3adb5ee1, L:/127.0.0.1:57051 - R:localhost/127.0.0.1:37422] for GET '/session/87b8b752f225f90fe66fe9be8aba164e/alert/text'
01:36:22.077 [AsyncHttpClient-1-5] DEBUG org.asynchttpclient.netty.handler.HttpHandler - 

Request DefaultFullHttpRequest(decodeResult: success, version: HTTP/1.1, content: EmptyByteBufBE)
GET /session/87b8b752f225f90fe66fe9be8aba164e/alert/text HTTP/1.1
User-Agent: selenium/4.8.1 (java windows)
Cache-Control: no-cache
Content-Type: application/json; charset=utf-8
host: localhost:37422
accept: */*

Response DefaultHttpResponse(decodeResult: success, version: HTTP/1.1)
HTTP/1.1 404 Not Found
Content-Length: 835
Content-Type: application/json; charset=utf-8
cache-control: no-cache

01:36:22.077 [AsyncHttpClient-1-5] DEBUG org.asynchttpclient.netty.channel.ChannelManager - Adding key: http://localhost:37422 for channel [id: 0x3adb5ee1, L:/127.0.0.1:57051 - R:localhost/127.0.0.1:37422]
01:36:22.079 [Forwarding getCurrentUrl on session 87b8b752f225f90fe66fe9be8aba164e to remote] DEBUG org.asynchttpclient.netty.request.NettyRequestSender - Using pooled Channel '[id: 0x3adb5ee1, L:/127.0.0.1:57051 - R:localhost/127.0.0.1:37422]' for 'GET' to 'http://localhost:37422/session/87b8b752f225f90fe66fe9be8aba164e/url'
01:36:22.079 [Forwarding getCurrentUrl on session 87b8b752f225f90fe66fe9be8aba164e to remote] DEBUG org.asynchttpclient.netty.request.NettyRequestSender - Using open Channel [id: 0x3adb5ee1, L:/127.0.0.1:57051 - R:localhost/127.0.0.1:37422] for GET '/session/87b8b752f225f90fe66fe9be8aba164e/url'
01:36:22.083 [AsyncHttpClient-1-5] DEBUG org.asynchttpclient.netty.handler.HttpHandler - 

Request DefaultFullHttpRequest(decodeResult: success, version: HTTP/1.1, content: EmptyByteBufBE)
GET /session/87b8b752f225f90fe66fe9be8aba164e/url HTTP/1.1
User-Agent: selenium/4.8.1 (java windows)
Cache-Control: no-cache
Content-Type: application/json; charset=utf-8
host: localhost:37422
accept: */*

Response DefaultHttpResponse(decodeResult: success, version: HTTP/1.1)
HTTP/1.1 200 OK
Content-Length: 42
Content-Type: application/json; charset=utf-8
cache-control: no-cache

01:36:22.083 [AsyncHttpClient-1-5] DEBUG org.asynchttpclient.netty.channel.ChannelManager - Adding key: http://localhost:37422 for channel [id: 0x3adb5ee1, L:/127.0.0.1:57051 - R:localhost/127.0.0.1:37422]
01:36:22.085 [Forwarding screenshot on session 87b8b752f225f90fe66fe9be8aba164e to remote] DEBUG org.asynchttpclient.netty.request.NettyRequestSender - Using pooled Channel '[id: 0x3adb5ee1, L:/127.0.0.1:57051 - R:localhost/127.0.0.1:37422]' for 'GET' to 'http://localhost:37422/session/87b8b752f225f90fe66fe9be8aba164e/screenshot'
01:36:22.085 [Forwarding screenshot on session 87b8b752f225f90fe66fe9be8aba164e to remote] DEBUG org.asynchttpclient.netty.request.NettyRequestSender - Using open Channel [id: 0x3adb5ee1, L:/127.0.0.1:57051 - R:localhost/127.0.0.1:37422] for GET '/session/87b8b752f225f90fe66fe9be8aba164e/screenshot'
01:36:22.240 [AsyncHttpClient-1-5] DEBUG org.asynchttpclient.netty.handler.HttpHandler - 

Request DefaultFullHttpRequest(decodeResult: success, version: HTTP/1.1, content: EmptyByteBufBE)
GET /session/87b8b752f225f90fe66fe9be8aba164e/screenshot HTTP/1.1
User-Agent: selenium/4.8.1 (java windows)
Cache-Control: no-cache
Content-Type: application/json; charset=utf-8
host: localhost:37422
accept: */*

Response DefaultHttpResponse(decodeResult: success, version: HTTP/1.1)
HTTP/1.1 200 OK
Content-Length: 258936
Content-Type: application/json; charset=utf-8
cache-control: no-cache

01:36:22.241 [AsyncHttpClient-1-5] DEBUG org.asynchttpclient.netty.channel.ChannelManager - Adding key: http://localhost:37422 for channel [id: 0x3adb5ee1, L:/127.0.0.1:57051 - R:localhost/127.0.0.1:37422]
01:36:22.245 [main] DEBUG net.serenitybdd.core.photography.Darkroom - Send negative for processing for target\site\serenity\011fc74ec2f4c863d6fafd73c3733712a2a33175d7dfd36f38bad224062be730.png
01:36:22.245 [main] DEBUG net.thucydides.core.steps.StepInterceptor - STEP DONE: inputPassword
  &amp#27;[32mAnd &amp#27;[0m&amp#27;[32mI enter incorrect password&amp#27;[0m        &amp#27;[90m# starter.stepdefintions.LoginSteps.inputIncorrectPassword()&amp#27;[0m
01:36:22.245 [Darkroom Processing Line] DEBUG net.serenitybdd.core.photography.DarkroomProcessingLine - Processing screenshot image in /var/screenshots/screenshot-1485771147413388280
01:36:22.245 [Darkroom Processing Line] DEBUG net.serenitybdd.core.photography.DarkroomProcessingLine - Saving screenshot to target\site\serenity\011fc74ec2f4c863d6fafd73c3733712a2a33175d7dfd36f38bad224062be730.png
01:36:22.252 [Forwarding getPageSource on session 87b8b752f225f90fe66fe9be8aba164e to remote] DEBUG org.asynchttpclient.netty.request.NettyRequestSender - Using pooled Channel '[id: 0x3adb5ee1, L:/127.0.0.1:57051 - R:localhost/127.0.0.1:37422]' for 'POST' to 'http://localhost:37422/session/87b8b752f225f90fe66fe9be8aba164e/execute/sync'
01:36:22.252 [Forwarding getPageSource on session 87b8b752f225f90fe66fe9be8aba164e to remote] DEBUG org.asynchttpclient.netty.request.NettyRequestSender - Using open Channel [id: 0x3adb5ee1, L:/127.0.0.1:57051 - R:localhost/127.0.0.1:37422] for POST '/session/87b8b752f225f90fe66fe9be8aba164e/execute/sync'
01:36:22.260 [AsyncHttpClient-1-5] DEBUG org.asynchttpclient.netty.handler.HttpHandler - 

Request DefaultHttpRequest(decodeResult: success, version: HTTP/1.1)
POST /session/87b8b752f225f90fe66fe9be8aba164e/execute/sync HTTP/1.1
User-Agent: selenium/4.8.1 (java windows)
Content-Length: 176
Content-Type: application/json; charset=utf-8
host: localhost:37422
accept: */*

Response DefaultHttpResponse(decodeResult: success, version: HTTP/1.1)
HTTP/1.1 200 OK
Content-Length: 97060
Content-Type: application/json; charset=utf-8
cache-control: no-cache

01:36:22.260 [AsyncHttpClient-1-5] DEBUG org.asynchttpclient.netty.channel.ChannelManager - Adding key: http://localhost:37422 for channel [id: 0x3adb5ee1, L:/127.0.0.1:57051 - R:localhost/127.0.0.1:37422]
01:36:22.265 [Forwarding getCurrentUrl on session 87b8b752f225f90fe66fe9be8aba164e to remote] DEBUG org.asynchttpclient.netty.request.NettyRequestSender - Using pooled Channel '[id: 0x3adb5ee1, L:/127.0.0.1:57051 - R:localhost/127.0.0.1:37422]' for 'GET' to 'http://localhost:37422/session/87b8b752f225f90fe66fe9be8aba164e/url'
01:36:22.265 [Forwarding getCurrentUrl on session 87b8b752f225f90fe66fe9be8aba164e to remote] DEBUG org.asynchttpclient.netty.request.NettyRequestSender - Using open Channel [id: 0x3adb5ee1, L:/127.0.0.1:57051 - R:localhost/127.0.0.1:37422] for GET '/session/87b8b752f225f90fe66fe9be8aba164e/url'
01:36:22.268 [AsyncHttpClient-1-5] DEBUG org.asynchttpclient.netty.handler.HttpHandler - 

Request DefaultFullHttpRequest(decodeResult: success, version: HTTP/1.1, content: EmptyByteBufBE)
GET /session/87b8b752f225f90fe66fe9be8aba164e/url HTTP/1.1
User-Agent: selenium/4.8.1 (java windows)
Cache-Control: no-cache
Content-Type: application/json; charset=utf-8
host: localhost:37422
accept: */*

Response DefaultHttpResponse(decodeResult: success, version: HTTP/1.1)
HTTP/1.1 200 OK
Content-Length: 42
Content-Type: application/json; charset=utf-8
cache-control: no-cache

01:36:22.269 [AsyncHttpClient-1-5] DEBUG org.asynchttpclient.netty.channel.ChannelManager - Adding key: http://localhost:37422 for channel [id: 0x3adb5ee1, L:/127.0.0.1:57051 - R:localhost/127.0.0.1:37422]
01:36:22.275 [Forwarding getPageSource on session 87b8b752f225f90fe66fe9be8aba164e to remote] DEBUG org.asynchttpclient.netty.request.NettyRequestSender - Using pooled Channel '[id: 0x3adb5ee1, L:/127.0.0.1:57051 - R:localhost/127.0.0.1:37422]' for 'POST' to 'http://localhost:37422/session/87b8b752f225f90fe66fe9be8aba164e/execute/sync'
01:36:22.275 [Forwarding getPageSource on session 87b8b752f225f90fe66fe9be8aba164e to remote] DEBUG org.asynchttpclient.netty.request.NettyRequestSender - Using open Channel [id: 0x3adb5ee1, L:/127.0.0.1:57051 - R:localhost/127.0.0.1:37422] for POST '/session/87b8b752f225f90fe66fe9be8aba164e/execute/sync'
01:36:22.284 [AsyncHttpClient-1-5] DEBUG org.asynchttpclient.netty.handler.HttpHandler - 

Request DefaultHttpRequest(decodeResult: success, version: HTTP/1.1)
POST /session/87b8b752f225f90fe66fe9be8aba164e/execute/sync HTTP/1.1
User-Agent: selenium/4.8.1 (java windows)
Content-Length: 176
Content-Type: application/json; charset=utf-8
host: localhost:37422
accept: */*

Response DefaultHttpResponse(decodeResult: success, version: HTTP/1.1)
HTTP/1.1 200 OK
Content-Length: 97060
Content-Type: application/json; charset=utf-8
cache-control: no-cache

01:36:22.285 [AsyncHttpClient-1-5] DEBUG org.asynchttpclient.netty.channel.ChannelManager - Adding key: http://localhost:37422 for channel [id: 0x3adb5ee1, L:/127.0.0.1:57051 - R:localhost/127.0.0.1:37422]
01:36:22.289 [Forwarding getCurrentUrl on session 87b8b752f225f90fe66fe9be8aba164e to remote] DEBUG org.asynchttpclient.netty.request.NettyRequestSender - Using pooled Channel '[id: 0x3adb5ee1, L:/127.0.0.1:57051 - R:localhost/127.0.0.1:37422]' for 'GET' to 'http://localhost:37422/session/87b8b752f225f90fe66fe9be8aba164e/url'
01:36:22.289 [Forwarding getCurrentUrl on session 87b8b752f225f90fe66fe9be8aba164e to remote] DEBUG org.asynchttpclient.netty.request.NettyRequestSender - Using open Channel [id: 0x3adb5ee1, L:/127.0.0.1:57051 - R:localhost/127.0.0.1:37422] for GET '/session/87b8b752f225f90fe66fe9be8aba164e/url'
01:36:22.292 [AsyncHttpClient-1-5] DEBUG org.asynchttpclient.netty.handler.HttpHandler - 

Request DefaultFullHttpRequest(decodeResult: success, version: HTTP/1.1, content: EmptyByteBufBE)
GET /session/87b8b752f225f90fe66fe9be8aba164e/url HTTP/1.1
User-Agent: selenium/4.8.1 (java windows)
Cache-Control: no-cache
Content-Type: application/json; charset=utf-8
host: localhost:37422
accept: */*

Response DefaultHttpResponse(decodeResult: success, version: HTTP/1.1)
HTTP/1.1 200 OK
Content-Length: 42
Content-Type: application/json; charset=utf-8
cache-control: no-cache

01:36:22.292 [AsyncHttpClient-1-5] DEBUG org.asynchttpclient.netty.channel.ChannelManager - Adding key: http://localhost:37422 for channel [id: 0x3adb5ee1, L:/127.0.0.1:57051 - R:localhost/127.0.0.1:37422]
01:36:22.294 [main] DEBUG net.thucydides.core.steps.StepInterceptor - STARTING STEP: LoginSteps.clickSubmitButton - clickSubmitButton
01:36:22.296 [Forwarding findElement on session 87b8b752f225f90fe66fe9be8aba164e to remote] DEBUG org.asynchttpclient.netty.request.NettyRequestSender - Using pooled Channel '[id: 0x3adb5ee1, L:/127.0.0.1:57051 - R:localhost/127.0.0.1:37422]' for 'POST' to 'http://localhost:37422/session/87b8b752f225f90fe66fe9be8aba164e/element'
01:36:22.296 [Forwarding findElement on session 87b8b752f225f90fe66fe9be8aba164e to remote] DEBUG org.asynchttpclient.netty.request.NettyRequestSender - Using open Channel [id: 0x3adb5ee1, L:/127.0.0.1:57051 - R:localhost/127.0.0.1:37422] for POST '/session/87b8b752f225f90fe66fe9be8aba164e/element'
01:36:22.304 [AsyncHttpClient-1-5] DEBUG org.asynchttpclient.netty.handler.HttpHandler - 

Request DefaultHttpRequest(decodeResult: success, version: HTTP/1.1)
POST /session/87b8b752f225f90fe66fe9be8aba164e/element HTTP/1.1
User-Agent: selenium/4.8.1 (java windows)
Content-Length: 57
Content-Type: application/json; charset=utf-8
host: localhost:37422
accept: */*

Response DefaultHttpResponse(decodeResult: success, version: HTTP/1.1)
HTTP/1.1 200 OK
Content-Length: 88
Content-Type: application/json; charset=utf-8
cache-control: no-cache

01:36:22.304 [AsyncHttpClient-1-5] DEBUG org.asynchttpclient.netty.channel.ChannelManager - Adding key: http://localhost:37422 for channel [id: 0x3adb5ee1, L:/127.0.0.1:57051 - R:localhost/127.0.0.1:37422]
01:36:22.306 [Forwarding getElementTagName on session 87b8b752f225f90fe66fe9be8aba164e to remote] DEBUG org.asynchttpclient.netty.request.NettyRequestSender - Using pooled Channel '[id: 0x3adb5ee1, L:/127.0.0.1:57051 - R:localhost/127.0.0.1:37422]' for 'GET' to 'http://localhost:37422/session/87b8b752f225f90fe66fe9be8aba164e/element/28708bfd-a217-4405-ba95-85beca687ba7/name'
01:36:22.306 [Forwarding getElementTagName on session 87b8b752f225f90fe66fe9be8aba164e to remote] DEBUG org.asynchttpclient.netty.request.NettyRequestSender - Using open Channel [id: 0x3adb5ee1, L:/127.0.0.1:57051 - R:localhost/127.0.0.1:37422] for GET '/session/87b8b752f225f90fe66fe9be8aba164e/element/28708bfd-a217-4405-ba95-85beca687ba7/name'
01:36:22.309 [AsyncHttpClient-1-5] DEBUG org.asynchttpclient.netty.handler.HttpHandler - 

Request DefaultFullHttpRequest(decodeResult: success, version: HTTP/1.1, content: EmptyByteBufBE)
GET /session/87b8b752f225f90fe66fe9be8aba164e/element/28708bfd-a217-4405-ba95-85beca687ba7/name HTTP/1.1
User-Agent: selenium/4.8.1 (java windows)
Cache-Control: no-cache
Content-Type: application/json; charset=utf-8
host: localhost:37422
accept: */*

Response DefaultHttpResponse(decodeResult: success, version: HTTP/1.1)
HTTP/1.1 200 OK
Content-Length: 18
Content-Type: application/json; charset=utf-8
cache-control: no-cache

01:36:22.309 [AsyncHttpClient-1-5] DEBUG org.asynchttpclient.netty.channel.ChannelManager - Adding key: http://localhost:37422 for channel [id: 0x3adb5ee1, L:/127.0.0.1:57051 - R:localhost/127.0.0.1:37422]
01:36:22.311 [Forwarding getElementTagName on session 87b8b752f225f90fe66fe9be8aba164e to remote] DEBUG org.asynchttpclient.netty.request.NettyRequestSender - Using pooled Channel '[id: 0x3adb5ee1, L:/127.0.0.1:57051 - R:localhost/127.0.0.1:37422]' for 'GET' to 'http://localhost:37422/session/87b8b752f225f90fe66fe9be8aba164e/element/28708bfd-a217-4405-ba95-85beca687ba7/name'
01:36:22.311 [Forwarding getElementTagName on session 87b8b752f225f90fe66fe9be8aba164e to remote] DEBUG org.asynchttpclient.netty.request.NettyRequestSender - Using open Channel [id: 0x3adb5ee1, L:/127.0.0.1:57051 - R:localhost/127.0.0.1:37422] for GET '/session/87b8b752f225f90fe66fe9be8aba164e/element/28708bfd-a217-4405-ba95-85beca687ba7/name'
01:36:22.313 [AsyncHttpClient-1-5] DEBUG org.asynchttpclient.netty.handler.HttpHandler - 

Request DefaultFullHttpRequest(decodeResult: success, version: HTTP/1.1, content: EmptyByteBufBE)
GET /session/87b8b752f225f90fe66fe9be8aba164e/element/28708bfd-a217-4405-ba95-85beca687ba7/name HTTP/1.1
User-Agent: selenium/4.8.1 (java windows)
Cache-Control: no-cache
Content-Type: application/json; charset=utf-8
host: localhost:37422
accept: */*

Response DefaultHttpResponse(decodeResult: success, version: HTTP/1.1)
HTTP/1.1 200 OK
Content-Length: 18
Content-Type: application/json; charset=utf-8
cache-control: no-cache

01:36:22.313 [AsyncHttpClient-1-5] DEBUG org.asynchttpclient.netty.channel.ChannelManager - Adding key: http://localhost:37422 for channel [id: 0x3adb5ee1, L:/127.0.0.1:57051 - R:localhost/127.0.0.1:37422]
01:36:22.316 [Forwarding isElementEnabled on session 87b8b752f225f90fe66fe9be8aba164e to remote] DEBUG org.asynchttpclient.netty.request.NettyRequestSender - Using pooled Channel '[id: 0x3adb5ee1, L:/127.0.0.1:57051 - R:localhost/127.0.0.1:37422]' for 'GET' to 'http://localhost:37422/session/87b8b752f225f90fe66fe9be8aba164e/element/28708bfd-a217-4405-ba95-85beca687ba7/enabled'
01:36:22.316 [Forwarding isElementEnabled on session 87b8b752f225f90fe66fe9be8aba164e to remote] DEBUG org.asynchttpclient.netty.request.NettyRequestSender - Using open Channel [id: 0x3adb5ee1, L:/127.0.0.1:57051 - R:localhost/127.0.0.1:37422] for GET '/session/87b8b752f225f90fe66fe9be8aba164e/element/28708bfd-a217-4405-ba95-85beca687ba7/enabled'
01:36:22.322 [AsyncHttpClient-1-5] DEBUG org.asynchttpclient.netty.handler.HttpHandler - 

Request DefaultFullHttpRequest(decodeResult: success, version: HTTP/1.1, content: EmptyByteBufBE)
GET /session/87b8b752f225f90fe66fe9be8aba164e/element/28708bfd-a217-4405-ba95-85beca687ba7/enabled HTTP/1.1
User-Agent: selenium/4.8.1 (java windows)
Cache-Control: no-cache
Content-Type: application/json; charset=utf-8
host: localhost:37422
accept: */*

Response DefaultHttpResponse(decodeResult: success, version: HTTP/1.1)
HTTP/1.1 200 OK
Content-Length: 14
Content-Type: application/json; charset=utf-8
cache-control: no-cache

01:36:22.322 [AsyncHttpClient-1-5] DEBUG org.asynchttpclient.netty.channel.ChannelManager - Adding key: http://localhost:37422 for channel [id: 0x3adb5ee1, L:/127.0.0.1:57051 - R:localhost/127.0.0.1:37422]
01:36:22.323 [Forwarding isElementEnabled on session 87b8b752f225f90fe66fe9be8aba164e to remote] DEBUG org.asynchttpclient.netty.request.NettyRequestSender - Using pooled Channel '[id: 0x3adb5ee1, L:/127.0.0.1:57051 - R:localhost/127.0.0.1:37422]' for 'GET' to 'http://localhost:37422/session/87b8b752f225f90fe66fe9be8aba164e/element/28708bfd-a217-4405-ba95-85beca687ba7/enabled'
01:36:22.323 [Forwarding isElementEnabled on session 87b8b752f225f90fe66fe9be8aba164e to remote] DEBUG org.asynchttpclient.netty.request.NettyRequestSender - Using open Channel [id: 0x3adb5ee1, L:/127.0.0.1:57051 - R:localhost/127.0.0.1:37422] for GET '/session/87b8b752f225f90fe66fe9be8aba164e/element/28708bfd-a217-4405-ba95-85beca687ba7/enabled'
01:36:22.326 [AsyncHttpClient-1-5] DEBUG org.asynchttpclient.netty.handler.HttpHandler - 

Request DefaultFullHttpRequest(decodeResult: success, version: HTTP/1.1, content: EmptyByteBufBE)
GET /session/87b8b752f225f90fe66fe9be8aba164e/element/28708bfd-a217-4405-ba95-85beca687ba7/enabled HTTP/1.1
User-Agent: selenium/4.8.1 (java windows)
Cache-Control: no-cache
Content-Type: application/json; charset=utf-8
host: localhost:37422
accept: */*

Response DefaultHttpResponse(decodeResult: success, version: HTTP/1.1)
HTTP/1.1 200 OK
Content-Length: 14
Content-Type: application/json; charset=utf-8
cache-control: no-cache

01:36:22.326 [AsyncHttpClient-1-5] DEBUG org.asynchttpclient.netty.channel.ChannelManager - Adding key: http://localhost:37422 for channel [id: 0x3adb5ee1, L:/127.0.0.1:57051 - R:localhost/127.0.0.1:37422]
01:36:22.328 [Forwarding findElement on session 87b8b752f225f90fe66fe9be8aba164e to remote] DEBUG org.asynchttpclient.netty.request.NettyRequestSender - Using pooled Channel '[id: 0x3adb5ee1, L:/127.0.0.1:57051 - R:localhost/127.0.0.1:37422]' for 'POST' to 'http://localhost:37422/session/87b8b752f225f90fe66fe9be8aba164e/element'
01:36:22.328 [Forwarding findElement on session 87b8b752f225f90fe66fe9be8aba164e to remote] DEBUG org.asynchttpclient.netty.request.NettyRequestSender - Using open Channel [id: 0x3adb5ee1, L:/127.0.0.1:57051 - R:localhost/127.0.0.1:37422] for POST '/session/87b8b752f225f90fe66fe9be8aba164e/element'
01:36:22.333 [AsyncHttpClient-1-5] DEBUG org.asynchttpclient.netty.handler.HttpHandler - 

Request DefaultHttpRequest(decodeResult: success, version: HTTP/1.1)
POST /session/87b8b752f225f90fe66fe9be8aba164e/element HTTP/1.1
User-Agent: selenium/4.8.1 (java windows)
Content-Length: 57
Content-Type: application/json; charset=utf-8
host: localhost:37422
accept: */*

Response DefaultHttpResponse(decodeResult: success, version: HTTP/1.1)
HTTP/1.1 200 OK
Content-Length: 88
Content-Type: application/json; charset=utf-8
cache-control: no-cache

01:36:22.334 [AsyncHttpClient-1-5] DEBUG org.asynchttpclient.netty.channel.ChannelManager - Adding key: http://localhost:37422 for channel [id: 0x3adb5ee1, L:/127.0.0.1:57051 - R:localhost/127.0.0.1:37422]
01:36:22.335 [Forwarding clickElement on session 87b8b752f225f90fe66fe9be8aba164e to remote] DEBUG org.asynchttpclient.netty.request.NettyRequestSender - Using pooled Channel '[id: 0x3adb5ee1, L:/127.0.0.1:57051 - R:localhost/127.0.0.1:37422]' for 'POST' to 'http://localhost:37422/session/87b8b752f225f90fe66fe9be8aba164e/element/28708bfd-a217-4405-ba95-85beca687ba7/click'
01:36:22.335 [Forwarding clickElement on session 87b8b752f225f90fe66fe9be8aba164e to remote] DEBUG org.asynchttpclient.netty.request.NettyRequestSender - Using open Channel [id: 0x3adb5ee1, L:/127.0.0.1:57051 - R:localhost/127.0.0.1:37422] for POST '/session/87b8b752f225f90fe66fe9be8aba164e/element/28708bfd-a217-4405-ba95-85beca687ba7/click'
01:36:22.388 [AsyncHttpClient-1-5] DEBUG org.asynchttpclient.netty.handler.HttpHandler - 

Request DefaultHttpRequest(decodeResult: success, version: HTTP/1.1)
POST /session/87b8b752f225f90fe66fe9be8aba164e/element/28708bfd-a217-4405-ba95-85beca687ba7/click HTTP/1.1
User-Agent: selenium/4.8.1 (java windows)
Content-Length: 50
Content-Type: application/json; charset=utf-8
host: localhost:37422
accept: */*

Response DefaultHttpResponse(decodeResult: success, version: HTTP/1.1)
HTTP/1.1 200 OK
Content-Length: 14
Content-Type: application/json; charset=utf-8
cache-control: no-cache

01:36:22.388 [AsyncHttpClient-1-5] DEBUG org.asynchttpclient.netty.channel.ChannelManager - Adding key: http://localhost:37422 for channel [id: 0x3adb5ee1, L:/127.0.0.1:57051 - R:localhost/127.0.0.1:37422]
01:36:22.391 [Forwarding getAlertText on session 87b8b752f225f90fe66fe9be8aba164e to remote] DEBUG org.asynchttpclient.netty.request.NettyRequestSender - Using pooled Channel '[id: 0x3adb5ee1, L:/127.0.0.1:57051 - R:localhost/127.0.0.1:37422]' for 'GET' to 'http://localhost:37422/session/87b8b752f225f90fe66fe9be8aba164e/alert/text'
01:36:22.391 [Forwarding getAlertText on session 87b8b752f225f90fe66fe9be8aba164e to remote] DEBUG org.asynchttpclient.netty.request.NettyRequestSender - Using open Channel [id: 0x3adb5ee1, L:/127.0.0.1:57051 - R:localhost/127.0.0.1:37422] for GET '/session/87b8b752f225f90fe66fe9be8aba164e/alert/text'
01:36:22.393 [AsyncHttpClient-1-5] DEBUG org.asynchttpclient.netty.handler.HttpHandler - 

Request DefaultFullHttpRequest(decodeResult: success, version: HTTP/1.1, content: EmptyByteBufBE)
GET /session/87b8b752f225f90fe66fe9be8aba164e/alert/text HTTP/1.1
User-Agent: selenium/4.8.1 (java windows)
Cache-Control: no-cache
Content-Type: application/json; charset=utf-8
host: localhost:37422
accept: */*

Response DefaultHttpResponse(decodeResult: success, version: HTTP/1.1)
HTTP/1.1 404 Not Found
Content-Length: 835
Content-Type: application/json; charset=utf-8
cache-control: no-cache

01:36:22.393 [AsyncHttpClient-1-5] DEBUG org.asynchttpclient.netty.channel.ChannelManager - Adding key: http://localhost:37422 for channel [id: 0x3adb5ee1, L:/127.0.0.1:57051 - R:localhost/127.0.0.1:37422]
01:36:22.394 [Forwarding getCurrentUrl on session 87b8b752f225f90fe66fe9be8aba164e to remote] DEBUG org.asynchttpclient.netty.request.NettyRequestSender - Using pooled Channel '[id: 0x3adb5ee1, L:/127.0.0.1:57051 - R:localhost/127.0.0.1:37422]' for 'GET' to 'http://localhost:37422/session/87b8b752f225f90fe66fe9be8aba164e/url'
01:36:22.394 [Forwarding getCurrentUrl on session 87b8b752f225f90fe66fe9be8aba164e to remote] DEBUG org.asynchttpclient.netty.request.NettyRequestSender - Using open Channel [id: 0x3adb5ee1, L:/127.0.0.1:57051 - R:localhost/127.0.0.1:37422] for GET '/session/87b8b752f225f90fe66fe9be8aba164e/url'
01:36:22.396 [AsyncHttpClient-1-5] DEBUG org.asynchttpclient.netty.handler.HttpHandler - 

Request DefaultFullHttpRequest(decodeResult: success, version: HTTP/1.1, content: EmptyByteBufBE)
GET /session/87b8b752f225f90fe66fe9be8aba164e/url HTTP/1.1
User-Agent: selenium/4.8.1 (java windows)
Cache-Control: no-cache
Content-Type: application/json; charset=utf-8
host: localhost:37422
accept: */*

Response DefaultHttpResponse(decodeResult: success, version: HTTP/1.1)
HTTP/1.1 200 OK
Content-Length: 42
Content-Type: application/json; charset=utf-8
cache-control: no-cache

01:36:22.396 [AsyncHttpClient-1-5] DEBUG org.asynchttpclient.netty.channel.ChannelManager - Adding key: http://localhost:37422 for channel [id: 0x3adb5ee1, L:/127.0.0.1:57051 - R:localhost/127.0.0.1:37422]
01:36:22.397 [Forwarding screenshot on session 87b8b752f225f90fe66fe9be8aba164e to remote] DEBUG org.asynchttpclient.netty.request.NettyRequestSender - Using pooled Channel '[id: 0x3adb5ee1, L:/127.0.0.1:57051 - R:localhost/127.0.0.1:37422]' for 'GET' to 'http://localhost:37422/session/87b8b752f225f90fe66fe9be8aba164e/screenshot'
01:36:22.397 [Forwarding screenshot on session 87b8b752f225f90fe66fe9be8aba164e to remote] DEBUG org.asynchttpclient.netty.request.NettyRequestSender - Using open Channel [id: 0x3adb5ee1, L:/127.0.0.1:57051 - R:localhost/127.0.0.1:37422] for GET '/session/87b8b752f225f90fe66fe9be8aba164e/screenshot'
01:36:22.533 [AsyncHttpClient-1-5] DEBUG org.asynchttpclient.netty.handler.HttpHandler - 

Request DefaultFullHttpRequest(decodeResult: success, version: HTTP/1.1, content: EmptyByteBufBE)
GET /session/87b8b752f225f90fe66fe9be8aba164e/screenshot HTTP/1.1
User-Agent: selenium/4.8.1 (java windows)
Cache-Control: no-cache
Content-Type: application/json; charset=utf-8
host: localhost:37422
accept: */*

Response DefaultHttpResponse(decodeResult: success, version: HTTP/1.1)
HTTP/1.1 200 OK
Content-Length: 148304
Content-Type: application/json; charset=utf-8
cache-control: no-cache

01:36:22.533 [AsyncHttpClient-1-5] DEBUG org.asynchttpclient.netty.channel.ChannelManager - Adding key: http://localhost:37422 for channel [id: 0x3adb5ee1, L:/127.0.0.1:57051 - R:localhost/127.0.0.1:37422]
01:36:22.536 [main] DEBUG net.serenitybdd.core.photography.Darkroom - Send negative for processing for target\site\serenity\ceb85c3b5e2fd90dbed857fd026a636a2b3d8dfed08966341519cedb76b9df87.png
01:36:22.536 [main] DEBUG net.thucydides.core.steps.StepInterceptor - STEP DONE: clickSubmitButton
  &amp#27;[32mWhen &amp#27;[0m&amp#27;[32mI click on the submit button&amp#27;[0m     &amp#27;[90m# starter.stepdefintions.LoginSteps.clickSubmitButton()&amp#27;[0m
01:36:22.536 [Darkroom Processing Line] DEBUG net.serenitybdd.core.photography.DarkroomProcessingLine - Processing screenshot image in /var/screenshots/screenshot-16496141127039289573
01:36:22.536 [Darkroom Processing Line] DEBUG net.serenitybdd.core.photography.DarkroomProcessingLine - Saving screenshot to target\site\serenity\ceb85c3b5e2fd90dbed857fd026a636a2b3d8dfed08966341519cedb76b9df87.png
01:36:22.542 [Forwarding getPageSource on session 87b8b752f225f90fe66fe9be8aba164e to remote] DEBUG org.asynchttpclient.netty.request.NettyRequestSender - Using pooled Channel '[id: 0x3adb5ee1, L:/127.0.0.1:57051 - R:localhost/127.0.0.1:37422]' for 'POST' to 'http://localhost:37422/session/87b8b752f225f90fe66fe9be8aba164e/execute/sync'
01:36:22.542 [Forwarding getPageSource on session 87b8b752f225f90fe66fe9be8aba164e to remote] DEBUG org.asynchttpclient.netty.request.NettyRequestSender - Using open Channel [id: 0x3adb5ee1, L:/127.0.0.1:57051 - R:localhost/127.0.0.1:37422] for POST '/session/87b8b752f225f90fe66fe9be8aba164e/execute/sync'
01:36:22.551 [AsyncHttpClient-1-5] DEBUG org.asynchttpclient.netty.handler.HttpHandler - 

Request DefaultHttpRequest(decodeResult: success, version: HTTP/1.1)
POST /session/87b8b752f225f90fe66fe9be8aba164e/execute/sync HTTP/1.1
User-Agent: selenium/4.8.1 (java windows)
Content-Length: 176
Content-Type: application/json; charset=utf-8
host: localhost:37422
accept: */*

Response DefaultHttpResponse(decodeResult: success, version: HTTP/1.1)
HTTP/1.1 200 OK
Content-Length: 103526
Content-Type: application/json; charset=utf-8
cache-control: no-cache

01:36:22.551 [AsyncHttpClient-1-5] DEBUG org.asynchttpclient.netty.channel.ChannelManager - Adding key: http://localhost:37422 for channel [id: 0x3adb5ee1, L:/127.0.0.1:57051 - R:localhost/127.0.0.1:37422]
01:36:22.555 [Forwarding getCurrentUrl on session 87b8b752f225f90fe66fe9be8aba164e to remote] DEBUG org.asynchttpclient.netty.request.NettyRequestSender - Using pooled Channel '[id: 0x3adb5ee1, L:/127.0.0.1:57051 - R:localhost/127.0.0.1:37422]' for 'GET' to 'http://localhost:37422/session/87b8b752f225f90fe66fe9be8aba164e/url'
01:36:22.555 [Forwarding getCurrentUrl on session 87b8b752f225f90fe66fe9be8aba164e to remote] DEBUG org.asynchttpclient.netty.request.NettyRequestSender - Using open Channel [id: 0x3adb5ee1, L:/127.0.0.1:57051 - R:localhost/127.0.0.1:37422] for GET '/session/87b8b752f225f90fe66fe9be8aba164e/url'
01:36:22.557 [AsyncHttpClient-1-5] DEBUG org.asynchttpclient.netty.handler.HttpHandler - 

Request DefaultFullHttpRequest(decodeResult: success, version: HTTP/1.1, content: EmptyByteBufBE)
GET /session/87b8b752f225f90fe66fe9be8aba164e/url HTTP/1.1
User-Agent: selenium/4.8.1 (java windows)
Cache-Control: no-cache
Content-Type: application/json; charset=utf-8
host: localhost:37422
accept: */*

Response DefaultHttpResponse(decodeResult: success, version: HTTP/1.1)
HTTP/1.1 200 OK
Content-Length: 42
Content-Type: application/json; charset=utf-8
cache-control: no-cache

01:36:22.558 [AsyncHttpClient-1-5] DEBUG org.asynchttpclient.netty.channel.ChannelManager - Adding key: http://localhost:37422 for channel [id: 0x3adb5ee1, L:/127.0.0.1:57051 - R:localhost/127.0.0.1:37422]
01:36:22.564 [Forwarding getPageSource on session 87b8b752f225f90fe66fe9be8aba164e to remote] DEBUG org.asynchttpclient.netty.request.NettyRequestSender - Using pooled Channel '[id: 0x3adb5ee1, L:/127.0.0.1:57051 - R:localhost/127.0.0.1:37422]' for 'POST' to 'http://localhost:37422/session/87b8b752f225f90fe66fe9be8aba164e/execute/sync'
01:36:22.564 [Forwarding getPageSource on session 87b8b752f225f90fe66fe9be8aba164e to remote] DEBUG org.asynchttpclient.netty.request.NettyRequestSender - Using open Channel [id: 0x3adb5ee1, L:/127.0.0.1:57051 - R:localhost/127.0.0.1:37422] for POST '/session/87b8b752f225f90fe66fe9be8aba164e/execute/sync'
01:36:22.572 [AsyncHttpClient-1-5] DEBUG org.asynchttpclient.netty.handler.HttpHandler - 

Request DefaultHttpRequest(decodeResult: success, version: HTTP/1.1)
POST /session/87b8b752f225f90fe66fe9be8aba164e/execute/sync HTTP/1.1
User-Agent: selenium/4.8.1 (java windows)
Content-Length: 176
Content-Type: application/json; charset=utf-8
host: localhost:37422
accept: */*

Response DefaultHttpResponse(decodeResult: success, version: HTTP/1.1)
HTTP/1.1 200 OK
Content-Length: 103525
Content-Type: application/json; charset=utf-8
cache-control: no-cache

01:36:22.572 [AsyncHttpClient-1-5] DEBUG org.asynchttpclient.netty.channel.ChannelManager - Adding key: http://localhost:37422 for channel [id: 0x3adb5ee1, L:/127.0.0.1:57051 - R:localhost/127.0.0.1:37422]
01:36:22.578 [Forwarding getCurrentUrl on session 87b8b752f225f90fe66fe9be8aba164e to remote] DEBUG org.asynchttpclient.netty.request.NettyRequestSender - Using pooled Channel '[id: 0x3adb5ee1, L:/127.0.0.1:57051 - R:localhost/127.0.0.1:37422]' for 'GET' to 'http://localhost:37422/session/87b8b752f225f90fe66fe9be8aba164e/url'
01:36:22.578 [Forwarding getCurrentUrl on session 87b8b752f225f90fe66fe9be8aba164e to remote] DEBUG org.asynchttpclient.netty.request.NettyRequestSender - Using open Channel [id: 0x3adb5ee1, L:/127.0.0.1:57051 - R:localhost/127.0.0.1:37422] for GET '/session/87b8b752f225f90fe66fe9be8aba164e/url'
01:36:22.586 [AsyncHttpClient-1-5] DEBUG org.asynchttpclient.netty.handler.HttpHandler - 

Request DefaultFullHttpRequest(decodeResult: success, version: HTTP/1.1, content: EmptyByteBufBE)
GET /session/87b8b752f225f90fe66fe9be8aba164e/url HTTP/1.1
User-Agent: selenium/4.8.1 (java windows)
Cache-Control: no-cache
Content-Type: application/json; charset=utf-8
host: localhost:37422
accept: */*

Response DefaultHttpResponse(decodeResult: success, version: HTTP/1.1)
HTTP/1.1 200 OK
Content-Length: 42
Content-Type: application/json; charset=utf-8
cache-control: no-cache

01:36:22.586 [AsyncHttpClient-1-5] DEBUG org.asynchttpclient.netty.channel.ChannelManager - Adding key: http://localhost:37422 for channel [id: 0x3adb5ee1, L:/127.0.0.1:57051 - R:localhost/127.0.0.1:37422]
01:36:22.588 [main] DEBUG net.thucydides.core.steps.StepInterceptor - STARTING STEP: LoginSteps.credentialAlert - incorrectCredentialAlert
01:36:22.590 [Forwarding findElement on session 87b8b752f225f90fe66fe9be8aba164e to remote] DEBUG org.asynchttpclient.netty.request.NettyRequestSender - Using pooled Channel '[id: 0x3adb5ee1, L:/127.0.0.1:57051 - R:localhost/127.0.0.1:37422]' for 'POST' to 'http://localhost:37422/session/87b8b752f225f90fe66fe9be8aba164e/element'
01:36:22.590 [Forwarding findElement on session 87b8b752f225f90fe66fe9be8aba164e to remote] DEBUG org.asynchttpclient.netty.request.NettyRequestSender - Using open Channel [id: 0x3adb5ee1, L:/127.0.0.1:57051 - R:localhost/127.0.0.1:37422] for POST '/session/87b8b752f225f90fe66fe9be8aba164e/element'
01:36:22.984 [AsyncHttpClient-1-1] DEBUG org.asynchttpclient.netty.channel.DefaultChannelPool - Entry count for : http://localhost:57052 : 1
01:36:24.084 [AsyncHttpClient-1-1] DEBUG org.asynchttpclient.netty.channel.DefaultChannelPool - Entry count for : http://localhost:57052 : 1
01:36:24.242 [AsyncHttpClient-1-5] DEBUG org.asynchttpclient.netty.handler.HttpHandler - 

Request DefaultHttpRequest(decodeResult: success, version: HTTP/1.1)
POST /session/87b8b752f225f90fe66fe9be8aba164e/element HTTP/1.1
User-Agent: selenium/4.8.1 (java windows)
Content-Length: 62
Content-Type: application/json; charset=utf-8
host: localhost:37422
accept: */*

Response DefaultHttpResponse(decodeResult: success, version: HTTP/1.1)
HTTP/1.1 200 OK
Content-Length: 88
Content-Type: application/json; charset=utf-8
cache-control: no-cache

01:36:24.242 [AsyncHttpClient-1-5] DEBUG org.asynchttpclient.netty.channel.ChannelManager - Adding key: http://localhost:37422 for channel [id: 0x3adb5ee1, L:/127.0.0.1:57051 - R:localhost/127.0.0.1:37422]
01:36:24.246 [Forwarding isElementDisplayed on session 87b8b752f225f90fe66fe9be8aba164e to remote] DEBUG org.asynchttpclient.netty.request.NettyRequestSender - Using pooled Channel '[id: 0x3adb5ee1, L:/127.0.0.1:57051 - R:localhost/127.0.0.1:37422]' for 'POST' to 'http://localhost:37422/session/87b8b752f225f90fe66fe9be8aba164e/execute/sync'
01:36:24.246 [Forwarding isElementDisplayed on session 87b8b752f225f90fe66fe9be8aba164e to remote] DEBUG org.asynchttpclient.netty.request.NettyRequestSender - Using open Channel [id: 0x3adb5ee1, L:/127.0.0.1:57051 - R:localhost/127.0.0.1:37422] for POST '/session/87b8b752f225f90fe66fe9be8aba164e/execute/sync'
01:36:24.260 [AsyncHttpClient-1-5] DEBUG org.asynchttpclient.netty.handler.HttpHandler - 

Request DefaultHttpRequest(decodeResult: success, version: HTTP/1.1)
POST /session/87b8b752f225f90fe66fe9be8aba164e/execute/sync HTTP/1.1
User-Agent: selenium/4.8.1 (java windows)
Content-Length: 48807
Content-Type: application/json; charset=utf-8
host: localhost:37422
accept: */*

Response DefaultHttpResponse(decodeResult: success, version: HTTP/1.1)
HTTP/1.1 200 OK
Content-Length: 14
Content-Type: application/json; charset=utf-8
cache-control: no-cache

01:36:24.261 [AsyncHttpClient-1-5] DEBUG org.asynchttpclient.netty.channel.ChannelManager - Adding key: http://localhost:37422 for channel [id: 0x3adb5ee1, L:/127.0.0.1:57051 - R:localhost/127.0.0.1:37422]
01:36:24.264 [Forwarding getAlertText on session 87b8b752f225f90fe66fe9be8aba164e to remote] DEBUG org.asynchttpclient.netty.request.NettyRequestSender - Using pooled Channel '[id: 0x3adb5ee1, L:/127.0.0.1:57051 - R:localhost/127.0.0.1:37422]' for 'GET' to 'http://localhost:37422/session/87b8b752f225f90fe66fe9be8aba164e/alert/text'
01:36:24.264 [Forwarding getAlertText on session 87b8b752f225f90fe66fe9be8aba164e to remote] DEBUG org.asynchttpclient.netty.request.NettyRequestSender - Using open Channel [id: 0x3adb5ee1, L:/127.0.0.1:57051 - R:localhost/127.0.0.1:37422] for GET '/session/87b8b752f225f90fe66fe9be8aba164e/alert/text'
01:36:24.266 [AsyncHttpClient-1-5] DEBUG org.asynchttpclient.netty.handler.HttpHandler - 

Request DefaultFullHttpRequest(decodeResult: success, version: HTTP/1.1, content: EmptyByteBufBE)
GET /session/87b8b752f225f90fe66fe9be8aba164e/alert/text HTTP/1.1
User-Agent: selenium/4.8.1 (java windows)
Cache-Control: no-cache
Content-Type: application/json; charset=utf-8
host: localhost:37422
accept: */*

Response DefaultHttpResponse(decodeResult: success, version: HTTP/1.1)
HTTP/1.1 404 Not Found
Content-Length: 835
Content-Type: application/json; charset=utf-8
cache-control: no-cache

01:36:24.266 [AsyncHttpClient-1-5] DEBUG org.asynchttpclient.netty.channel.ChannelManager - Adding key: http://localhost:37422 for channel [id: 0x3adb5ee1, L:/127.0.0.1:57051 - R:localhost/127.0.0.1:37422]
01:36:24.268 [Forwarding getCurrentUrl on session 87b8b752f225f90fe66fe9be8aba164e to remote] DEBUG org.asynchttpclient.netty.request.NettyRequestSender - Using pooled Channel '[id: 0x3adb5ee1, L:/127.0.0.1:57051 - R:localhost/127.0.0.1:37422]' for 'GET' to 'http://localhost:37422/session/87b8b752f225f90fe66fe9be8aba164e/url'
01:36:24.268 [Forwarding getCurrentUrl on session 87b8b752f225f90fe66fe9be8aba164e to remote] DEBUG org.asynchttpclient.netty.request.NettyRequestSender - Using open Channel [id: 0x3adb5ee1, L:/127.0.0.1:57051 - R:localhost/127.0.0.1:37422] for GET '/session/87b8b752f225f90fe66fe9be8aba164e/url'
01:36:24.270 [AsyncHttpClient-1-5] DEBUG org.asynchttpclient.netty.handler.HttpHandler - 

Request DefaultFullHttpRequest(decodeResult: success, version: HTTP/1.1, content: EmptyByteBufBE)
GET /session/87b8b752f225f90fe66fe9be8aba164e/url HTTP/1.1
User-Agent: selenium/4.8.1 (java windows)
Cache-Control: no-cache
Content-Type: application/json; charset=utf-8
host: localhost:37422
accept: */*

Response DefaultHttpResponse(decodeResult: success, version: HTTP/1.1)
HTTP/1.1 200 OK
Content-Length: 42
Content-Type: application/json; charset=utf-8
cache-control: no-cache

01:36:24.271 [AsyncHttpClient-1-5] DEBUG org.asynchttpclient.netty.channel.ChannelManager - Adding key: http://localhost:37422 for channel [id: 0x3adb5ee1, L:/127.0.0.1:57051 - R:localhost/127.0.0.1:37422]
01:36:24.272 [Forwarding screenshot on session 87b8b752f225f90fe66fe9be8aba164e to remote] DEBUG org.asynchttpclient.netty.request.NettyRequestSender - Using pooled Channel '[id: 0x3adb5ee1, L:/127.0.0.1:57051 - R:localhost/127.0.0.1:37422]' for 'GET' to 'http://localhost:37422/session/87b8b752f225f90fe66fe9be8aba164e/screenshot'
01:36:24.272 [Forwarding screenshot on session 87b8b752f225f90fe66fe9be8aba164e to remote] DEBUG org.asynchttpclient.netty.request.NettyRequestSender - Using open Channel [id: 0x3adb5ee1, L:/127.0.0.1:57051 - R:localhost/127.0.0.1:37422] for GET '/session/87b8b752f225f90fe66fe9be8aba164e/screenshot'
01:36:24.397 [AsyncHttpClient-1-5] DEBUG org.asynchttpclient.netty.handler.HttpHandler - 

Request DefaultFullHttpRequest(decodeResult: success, version: HTTP/1.1, content: EmptyByteBufBE)
GET /session/87b8b752f225f90fe66fe9be8aba164e/screenshot HTTP/1.1
User-Agent: selenium/4.8.1 (java windows)
Cache-Control: no-cache
Content-Type: application/json; charset=utf-8
host: localhost:37422
accept: */*

Response DefaultHttpResponse(decodeResult: success, version: HTTP/1.1)
HTTP/1.1 200 OK
Content-Length: 265000
Content-Type: application/json; charset=utf-8
cache-control: no-cache

01:36:24.397 [AsyncHttpClient-1-5] DEBUG org.asynchttpclient.netty.channel.ChannelManager - Adding key: http://localhost:37422 for channel [id: 0x3adb5ee1, L:/127.0.0.1:57051 - R:localhost/127.0.0.1:37422]
01:36:24.405 [main] DEBUG net.serenitybdd.core.photography.Darkroom - Send negative for processing for target\site\serenity\2514e0c25b91c9b31d6bb8553a8fcc55205c4a71ea9e60bf433166eb446d25f5.png
01:36:24.405 [main] DEBUG net.thucydides.core.steps.StepInterceptor - STEP DONE: incorrectCredentialAlert
  &amp#27;[32mThen &amp#27;[0m&amp#27;[32mI should see the error message&amp#27;[0m   &amp#27;[90m# starter.stepdefintions.LoginSteps.credentialAlert()&amp#27;[0m
01:36:24.405 [Darkroom Processing Line] DEBUG net.serenitybdd.core.photography.DarkroomProcessingLine - Processing screenshot image in /var/screenshots/screenshot-14104660355613318664
01:36:24.405 [Darkroom Processing Line] DEBUG net.serenitybdd.core.photography.DarkroomProcessingLine - Saving screenshot to target\site\serenity\2514e0c25b91c9b31d6bb8553a8fcc55205c4a71ea9e60bf433166eb446d25f5.png
01:36:24.412 [main] INFO  - 
  _____   ___   ___   _____     ___     _     ___   ___   ___   ___  
 |_   _| | __| / __| |_   _|   | _ \   /_\   / __| / __| | __| |   \ 
   | |   | _|  \__ \   | |     |  _/  / _ \  \__ \ \__ \ | _|  | |) |
   |_|   |___| |___/   |_|     |_|   /_/ \_\ |___/ |___/ |___| |___/ 

Login with incorrect password
----------------------------------------------------------------------
01:36:24.413 [Driver Command Executor] DEBUG org.asynchttpclient.netty.request.NettyRequestSender - Using pooled Channel '[id: 0x3adb5ee1, L:/127.0.0.1:57051 - R:localhost/127.0.0.1:37422]' for 'DELETE' to 'http://localhost:37422/session/87b8b752f225f90fe66fe9be8aba164e'
01:36:24.413 [Driver Command Executor] DEBUG org.asynchttpclient.netty.request.NettyRequestSender - Using open Channel [id: 0x3adb5ee1, L:/127.0.0.1:57051 - R:localhost/127.0.0.1:37422] for DELETE '/session/87b8b752f225f90fe66fe9be8aba164e'
01:36:24.413 [AsyncHttpClient-1-7] DEBUG org.asynchttpclient.netty.handler.WebSocketHandler - Channel Closed: [id: 0x0001a2b6, L:/127.0.0.1:57058 ! R:localhost/127.0.0.1:57052] with attribute NettyResponseFuture{currentRetry=0,
	isDone=1,
	isCancelled=0,
	asyncHandler=org.asynchttpclient.ws.WebSocketUpgradeHandler@4ebb44d6,
	nettyRequest=org.asynchttpclient.netty.request.NettyRequest@bb9c365,
	future=java.util.concurrent.CompletableFuture@565ae3ab[Completed normally],
	uri=ws://localhost:57052/devtools/browser/d7cd668f-d032-4d3c-bc1c-79592620c500,
	keepAlive=true,
	redirectCount=0,
	timeoutsHolder=null,
	inAuth=0,
	touch=1680978977168}
01:36:24.414 [AsyncHttpClient-1-7] DEBUG org.asynchttpclient.netty.channel.ChannelManager - Closing Channel [id: 0x0001a2b6, L:/127.0.0.1:57058 ! R:localhost/127.0.0.1:57052] 
01:36:24.442 [AsyncHttpClient-1-6] DEBUG org.asynchttpclient.netty.handler.HttpHandler - Unexpected I/O exception on channel [id: 0xfb83e1ca, L:/127.0.0.1:57057 - R:localhost/127.0.0.1:57052]
java.net.SocketException: Connection reset
	at java.base/sun.nio.ch.SocketChannelImpl.throwConnectionReset(SocketChannelImpl.java:367)
	at java.base/sun.nio.ch.SocketChannelImpl.read(SocketChannelImpl.java:398)
	at io.netty.buffer.PooledByteBuf.setBytes(PooledByteBuf.java:259)
	at io.netty.buffer.AbstractByteBuf.writeBytes(AbstractByteBuf.java:1132)
	at io.netty.channel.socket.nio.NioSocketChannel.doReadBytes(NioSocketChannel.java:357)
	at io.netty.channel.nio.AbstractNioByteChannel$NioByteUnsafe.read(AbstractNioByteChannel.java:151)
	at io.netty.channel.nio.NioEventLoop.processSelectedKey(NioEventLoop.java:788)
	at io.netty.channel.nio.NioEventLoop.processSelectedKeysOptimized(NioEventLoop.java:724)
	at io.netty.channel.nio.NioEventLoop.processSelectedKeys(NioEventLoop.java:650)
	at io.netty.channel.nio.NioEventLoop.run(NioEventLoop.java:562)
	at io.netty.util.concurrent.SingleThreadEventExecutor$4.run(SingleThreadEventExecutor.java:997)
	at io.netty.util.internal.ThreadExecutorMap$2.run(ThreadExecutorMap.java:74)
	at io.netty.util.concurrent.FastThreadLocalRunnable.run(FastThreadLocalRunnable.java:30)
	at java.base/java.lang.Thread.run(Thread.java:832)
01:36:24.442 [AsyncHttpClient-1-6] DEBUG org.asynchttpclient.netty.channel.ChannelManager - Closing Channel [id: 0xfb83e1ca, L:/127.0.0.1:57057 - R:localhost/127.0.0.1:57052] 
01:36:24.443 [AsyncHttpClient-1-6] DEBUG org.asynchttpclient.netty.handler.HttpHandler - Channel Closed: [id: 0xfb83e1ca, L:/127.0.0.1:57057 ! R:localhost/127.0.0.1:57052] with attribute DISCARD
01:36:24.470 [AsyncHttpClient-1-5] DEBUG org.asynchttpclient.netty.handler.HttpHandler - 

Request DefaultFullHttpRequest(decodeResult: success, version: HTTP/1.1, content: EmptyByteBufBE)
DELETE /session/87b8b752f225f90fe66fe9be8aba164e HTTP/1.1
User-Agent: selenium/4.8.1 (java windows)
Content-Type: application/json; charset=utf-8
host: localhost:37422
accept: */*

Response DefaultHttpResponse(decodeResult: success, version: HTTP/1.1)
HTTP/1.1 200 OK
Content-Length: 14
Content-Type: application/json; charset=utf-8
cache-control: no-cache

01:36:24.470 [AsyncHttpClient-1-5] DEBUG org.asynchttpclient.netty.channel.ChannelManager - Adding key: http://localhost:37422 for channel [id: 0x3adb5ee1, L:/127.0.0.1:57051 - R:localhost/127.0.0.1:37422]
01:36:24.651 [AsyncHttpClient-1-5] DEBUG org.asynchttpclient.netty.handler.HttpHandler - Channel Closed: [id: 0x3adb5ee1, L:/127.0.0.1:57051 ! R:localhost/127.0.0.1:37422] with attribute DISCARD
]]></system-out>
    <system-err><![CDATA[Starting ChromeDriver 111.0.5563.64 (c710e93d5b63b7095afe8c2c17df34408078439d-refs/branch-heads/5563@{#995}) on port 37422
Only local connections are allowed.
Please see https://chromedriver.chromium.org/security-considerations for suggestions on keeping ChromeDriver safe.
ChromeDriver was started successfully.
[1680978977.145][WARNING]: This version of ChromeDriver has not been tested with Chrome version 112.
Apr 09, 2023 1:36:17 AM org.openqa.selenium.devtools.CdpVersionFinder findNearestMatch
WARNING: Unable to find an exact match for CDP version 112, so returning the closest version found: 110
]]></system-err>
  </testcase>
  <testcase name="Select Payment Method Dana After Choosing Product" classname="Select Payment Method" time="14.598">
    <system-out><![CDATA[01:36:25.180 [main] DEBUG io.cucumber.core.plugin.SerenityReporter - Running feature from file:///C:/Users/WINDOWS%2010/Documents/GitHub/QE_Andira_Ms/11_Web_Programming_&_Testing/Praktikum/Testing_with_Serenity/Prioritas2/alta/src/test/resources/features/PaymentMethod.feature
01:36:25.184 [main] DEBUG net.thucydides.core.steps.StepEventBus - Test suite started for story net.thucydides.core.model.Story@1f3cee16
01:36:25.184 [main] INFO  - Test Suite Started: Select Payment Method
01:36:25.185 [AsyncHttpClient-1-1] DEBUG org.asynchttpclient.netty.channel.DefaultChannelPool - Entry count for : http://localhost:37422 : 1
01:36:25.185 [AsyncHttpClient-1-1] DEBUG org.asynchttpclient.netty.channel.DefaultChannelPool - Entry count for : http://localhost:57052 : 1
01:36:25.185 [AsyncHttpClient-1-1] DEBUG org.asynchttpclient.netty.channel.DefaultChannelPool - Adding Candidate expired Channel [id: 0x3adb5ee1, L:/127.0.0.1:57051 ! R:localhost/127.0.0.1:37422] isIdleTimeoutExpired=false isRemotelyClosed=true isTtlExpired=false
01:36:25.185 [AsyncHttpClient-1-1] DEBUG org.asynchttpclient.netty.channel.DefaultChannelPool - Closing Idle Channel [id: 0x3adb5ee1, L:/127.0.0.1:57051 ! R:localhost/127.0.0.1:37422]
01:36:25.185 [AsyncHttpClient-1-1] DEBUG org.asynchttpclient.netty.channel.DefaultChannelPool - Adding Candidate expired Channel [id: 0xfb83e1ca, L:/127.0.0.1:57057 ! R:localhost/127.0.0.1:57052] isIdleTimeoutExpired=false isRemotelyClosed=true isTtlExpired=false
01:36:25.185 [AsyncHttpClient-1-1] DEBUG org.asynchttpclient.netty.channel.DefaultChannelPool - Closing Idle Channel [id: 0xfb83e1ca, L:/127.0.0.1:57057 ! R:localhost/127.0.0.1:57052]
01:36:25.185 [AsyncHttpClient-1-1] DEBUG org.asynchttpclient.netty.channel.DefaultChannelPool - Closed 2 connections out of 2 in 0 ms

Scenario: Select Payment Method Dana After Choosing Product &amp#27;[90m# src/test/resources/features/PaymentMethod.feature:3&amp#27;[0m
01:36:25.191 [main] DEBUG io.cucumber.core.plugin.SerenityReporter - Running feature from file:///C:/Users/WINDOWS%2010/Documents/GitHub/QE_Andira_Ms/11_Web_Programming_&_Testing/Praktikum/Testing_with_Serenity/Prioritas2/alta/src/test/resources/features/PaymentMethod.feature
01:36:25.194 [main] INFO  - 
  _____   ___   ___   _____     ___   _____     _     ___   _____   ___   ___  
 |_   _| | __| / __| |_   _|   / __| |_   _|   /_\   | _ \ |_   _| | __| |   \ 
   | |   | _|  \__ \   | |     \__ \   | |    / _ \  |   /   | |   | _|  | |) |
   |_|   |___| |___/   |_|     |___/   |_|   /_/ \_\ |_|_\   |_|   |___| |___/ 

Select Payment Method Dana After Choosing Product(select-payment-method;select-payment-method-dana-after-choosing-product)
--------------------------------------------------------------------------------
01:36:25.278 [main] DEBUG net.thucydides.core.steps.StepInterceptor - STARTING STEP: PaymentMethodSteps.onTheListrikPLNPage - openPage
01:36:25.309 [main] INFO net.serenitybdd.core.webdriver.driverproviders.ChromeDriverProvider - Starting Chrome driver instance with capabilities:
01:36:25.309 [main] INFO net.serenitybdd.core.webdriver.driverproviders.ChromeDriverProvider - Capabilities {acceptInsecureCerts: false, browserName: chrome, goog:chromeOptions: {args: [remote-allow-origins=*], extensions: []}}
01:36:25.376 [AsyncHttpClient-1-8] DEBUG org.asynchttpclient.netty.channel.NettyConnectListener - Using new Channel '[id: 0x5ebf348f, L:/127.0.0.1:57103 - R:localhost/127.0.0.1:40350]' for 'POST' to '/session'
01:36:25.966 [AsyncHttpClient-1-8] DEBUG org.asynchttpclient.netty.handler.HttpHandler - 

Request DefaultHttpRequest(decodeResult: success, version: HTTP/1.1)
POST /session HTTP/1.1
User-Agent: selenium/4.8.1 (java windows)
Content-Length: 507
Content-Type: application/json; charset=utf-8
host: localhost:40350
accept: */*

Response DefaultHttpResponse(decodeResult: success, version: HTTP/1.1)
HTTP/1.1 200 OK
Content-Length: 861
Content-Type: application/json; charset=utf-8
cache-control: no-cache

01:36:25.966 [AsyncHttpClient-1-8] DEBUG org.asynchttpclient.netty.channel.ChannelManager - Adding key: http://localhost:40350 for channel [id: 0x5ebf348f, L:/127.0.0.1:57103 - R:localhost/127.0.0.1:40350]
01:36:25.971 [AsyncHttpClient-1-9] DEBUG org.asynchttpclient.netty.channel.NettyConnectListener - Using new Channel '[id: 0x07378e59, L:/127.0.0.1:57109 - R:localhost/127.0.0.1:57104]' for 'GET' to '/json/version'
01:36:25.973 [AsyncHttpClient-1-9] DEBUG org.asynchttpclient.netty.handler.HttpHandler - 

Request DefaultFullHttpRequest(decodeResult: success, version: HTTP/1.1, content: EmptyByteBufBE)
GET /json/version HTTP/1.1
User-Agent: selenium/4.8.1 (java windows)
host: localhost:57104
accept: */*

Response DefaultHttpResponse(decodeResult: success, version: HTTP/1.1)
HTTP/1.1 200 OK
Content-Security-Policy: frame-ancestors 'none'
Content-Length: 422
Content-Type: application/json; charset=UTF-8

01:36:25.973 [AsyncHttpClient-1-9] DEBUG org.asynchttpclient.netty.channel.ChannelManager - Adding key: http://localhost:57104 for channel [id: 0x07378e59, L:/127.0.0.1:57109 - R:localhost/127.0.0.1:57104]
01:36:25.975 [AsyncHttpClient-1-10] DEBUG org.asynchttpclient.netty.channel.NettyConnectListener - Using new Channel '[id: 0xa825891e, L:/127.0.0.1:57110 - R:localhost/127.0.0.1:57104]' for 'GET' to '/devtools/browser/e809c53d-d06d-478d-b6bf-67cb334eac4d'
01:36:25.977 [AsyncHttpClient-1-10] DEBUG org.asynchttpclient.netty.handler.WebSocketHandler - 

Request DefaultFullHttpRequest(decodeResult: success, version: HTTP/1.1, content: EmptyByteBufBE)
GET /devtools/browser/e809c53d-d06d-478d-b6bf-67cb334eac4d HTTP/1.1
upgrade: websocket
connection: upgrade
sec-websocket-key: ynT9N9H95pIbuV/FS7gVmg==
sec-websocket-version: 13
origin: http://localhost:57104
host: localhost:57104
accept: */*
user-agent: AHC/2.1

Response DefaultHttpResponse(decodeResult: success, version: HTTP/1.1)
HTTP/1.1 101 WebSocket Protocol Handshake
Upgrade: WebSocket
Connection: Upgrade
Sec-WebSocket-Accept: 4dtHZep3I382dV3H0tddrVrYcq0=

01:36:25.980 [Forwarding get on session f1b5aaf75b9d196da690e1c2f1a0cb3e to remote] DEBUG org.asynchttpclient.netty.request.NettyRequestSender - Using pooled Channel '[id: 0x5ebf348f, L:/127.0.0.1:57103 - R:localhost/127.0.0.1:40350]' for 'POST' to 'http://localhost:40350/session/f1b5aaf75b9d196da690e1c2f1a0cb3e/url'
01:36:25.980 [Forwarding get on session f1b5aaf75b9d196da690e1c2f1a0cb3e to remote] DEBUG org.asynchttpclient.netty.request.NettyRequestSender - Using open Channel [id: 0x5ebf348f, L:/127.0.0.1:57103 - R:localhost/127.0.0.1:40350] for POST '/session/f1b5aaf75b9d196da690e1c2f1a0cb3e/url'
01:36:26.291 [AsyncHttpClient-1-1] DEBUG org.asynchttpclient.netty.channel.DefaultChannelPool - Entry count for : http://localhost:57104 : 1
01:36:27.387 [AsyncHttpClient-1-1] DEBUG org.asynchttpclient.netty.channel.DefaultChannelPool - Entry count for : http://localhost:57104 : 1
01:36:28.484 [AsyncHttpClient-1-1] DEBUG org.asynchttpclient.netty.channel.DefaultChannelPool - Entry count for : http://localhost:57104 : 1
01:36:28.546 [AsyncHttpClient-1-8] DEBUG org.asynchttpclient.netty.handler.HttpHandler - 

Request DefaultHttpRequest(decodeResult: success, version: HTTP/1.1)
POST /session/f1b5aaf75b9d196da690e1c2f1a0cb3e/url HTTP/1.1
User-Agent: selenium/4.8.1 (java windows)
Content-Length: 54
Content-Type: application/json; charset=utf-8
host: localhost:40350
accept: */*

Response DefaultHttpResponse(decodeResult: success, version: HTTP/1.1)
HTTP/1.1 200 OK
Content-Length: 14
Content-Type: application/json; charset=utf-8
cache-control: no-cache

01:36:28.546 [AsyncHttpClient-1-8] DEBUG org.asynchttpclient.netty.channel.ChannelManager - Adding key: http://localhost:40350 for channel [id: 0x5ebf348f, L:/127.0.0.1:57103 - R:localhost/127.0.0.1:40350]
01:36:28.547 [Forwarding setTimeout on session f1b5aaf75b9d196da690e1c2f1a0cb3e to remote] DEBUG org.asynchttpclient.netty.request.NettyRequestSender - Using pooled Channel '[id: 0x5ebf348f, L:/127.0.0.1:57103 - R:localhost/127.0.0.1:40350]' for 'POST' to 'http://localhost:40350/session/f1b5aaf75b9d196da690e1c2f1a0cb3e/timeouts'
01:36:28.547 [Forwarding setTimeout on session f1b5aaf75b9d196da690e1c2f1a0cb3e to remote] DEBUG org.asynchttpclient.netty.request.NettyRequestSender - Using open Channel [id: 0x5ebf348f, L:/127.0.0.1:57103 - R:localhost/127.0.0.1:40350] for POST '/session/f1b5aaf75b9d196da690e1c2f1a0cb3e/timeouts'
01:36:28.548 [AsyncHttpClient-1-8] DEBUG org.asynchttpclient.netty.handler.HttpHandler - 

Request DefaultHttpRequest(decodeResult: success, version: HTTP/1.1)
POST /session/f1b5aaf75b9d196da690e1c2f1a0cb3e/timeouts HTTP/1.1
User-Agent: selenium/4.8.1 (java windows)
Content-Length: 22
Content-Type: application/json; charset=utf-8
host: localhost:40350
accept: */*

Response DefaultHttpResponse(decodeResult: success, version: HTTP/1.1)
HTTP/1.1 200 OK
Content-Length: 14
Content-Type: application/json; charset=utf-8
cache-control: no-cache

01:36:28.548 [AsyncHttpClient-1-8] DEBUG org.asynchttpclient.netty.channel.ChannelManager - Adding key: http://localhost:40350 for channel [id: 0x5ebf348f, L:/127.0.0.1:57103 - R:localhost/127.0.0.1:40350]
01:36:28.551 [main] DEBUG net.serenitybdd.core.photography.Darkroom - Opening darkroom
01:36:28.552 [Darkroom Processing Line] DEBUG net.serenitybdd.core.photography.DarkroomProcessingLine - Darkroom processing line starting up
01:36:28.552 [Forwarding getAlertText on session f1b5aaf75b9d196da690e1c2f1a0cb3e to remote] DEBUG org.asynchttpclient.netty.request.NettyRequestSender - Using pooled Channel '[id: 0x5ebf348f, L:/127.0.0.1:57103 - R:localhost/127.0.0.1:40350]' for 'GET' to 'http://localhost:40350/session/f1b5aaf75b9d196da690e1c2f1a0cb3e/alert/text'
01:36:28.552 [Forwarding getAlertText on session f1b5aaf75b9d196da690e1c2f1a0cb3e to remote] DEBUG org.asynchttpclient.netty.request.NettyRequestSender - Using open Channel [id: 0x5ebf348f, L:/127.0.0.1:57103 - R:localhost/127.0.0.1:40350] for GET '/session/f1b5aaf75b9d196da690e1c2f1a0cb3e/alert/text'
01:36:28.553 [AsyncHttpClient-1-8] DEBUG org.asynchttpclient.netty.handler.HttpHandler - 

Request DefaultFullHttpRequest(decodeResult: success, version: HTTP/1.1, content: EmptyByteBufBE)
GET /session/f1b5aaf75b9d196da690e1c2f1a0cb3e/alert/text HTTP/1.1
User-Agent: selenium/4.8.1 (java windows)
Cache-Control: no-cache
Content-Type: application/json; charset=utf-8
host: localhost:40350
accept: */*

Response DefaultHttpResponse(decodeResult: success, version: HTTP/1.1)
HTTP/1.1 404 Not Found
Content-Length: 835
Content-Type: application/json; charset=utf-8
cache-control: no-cache

01:36:28.554 [AsyncHttpClient-1-8] DEBUG org.asynchttpclient.netty.channel.ChannelManager - Adding key: http://localhost:40350 for channel [id: 0x5ebf348f, L:/127.0.0.1:57103 - R:localhost/127.0.0.1:40350]
01:36:28.554 [Forwarding getCurrentUrl on session f1b5aaf75b9d196da690e1c2f1a0cb3e to remote] DEBUG org.asynchttpclient.netty.request.NettyRequestSender - Using pooled Channel '[id: 0x5ebf348f, L:/127.0.0.1:57103 - R:localhost/127.0.0.1:40350]' for 'GET' to 'http://localhost:40350/session/f1b5aaf75b9d196da690e1c2f1a0cb3e/url'
01:36:28.555 [Forwarding getCurrentUrl on session f1b5aaf75b9d196da690e1c2f1a0cb3e to remote] DEBUG org.asynchttpclient.netty.request.NettyRequestSender - Using open Channel [id: 0x5ebf348f, L:/127.0.0.1:57103 - R:localhost/127.0.0.1:40350] for GET '/session/f1b5aaf75b9d196da690e1c2f1a0cb3e/url'
01:36:28.558 [AsyncHttpClient-1-8] DEBUG org.asynchttpclient.netty.handler.HttpHandler - 

Request DefaultFullHttpRequest(decodeResult: success, version: HTTP/1.1, content: EmptyByteBufBE)
GET /session/f1b5aaf75b9d196da690e1c2f1a0cb3e/url HTTP/1.1
User-Agent: selenium/4.8.1 (java windows)
Cache-Control: no-cache
Content-Type: application/json; charset=utf-8
host: localhost:40350
accept: */*

Response DefaultHttpResponse(decodeResult: success, version: HTTP/1.1)
HTTP/1.1 200 OK
Content-Length: 36
Content-Type: application/json; charset=utf-8
cache-control: no-cache

01:36:28.558 [AsyncHttpClient-1-8] DEBUG org.asynchttpclient.netty.channel.ChannelManager - Adding key: http://localhost:40350 for channel [id: 0x5ebf348f, L:/127.0.0.1:57103 - R:localhost/127.0.0.1:40350]
01:36:28.558 [Forwarding screenshot on session f1b5aaf75b9d196da690e1c2f1a0cb3e to remote] DEBUG org.asynchttpclient.netty.request.NettyRequestSender - Using pooled Channel '[id: 0x5ebf348f, L:/127.0.0.1:57103 - R:localhost/127.0.0.1:40350]' for 'GET' to 'http://localhost:40350/session/f1b5aaf75b9d196da690e1c2f1a0cb3e/screenshot'
01:36:28.558 [Forwarding screenshot on session f1b5aaf75b9d196da690e1c2f1a0cb3e to remote] DEBUG org.asynchttpclient.netty.request.NettyRequestSender - Using open Channel [id: 0x5ebf348f, L:/127.0.0.1:57103 - R:localhost/127.0.0.1:40350] for GET '/session/f1b5aaf75b9d196da690e1c2f1a0cb3e/screenshot'
01:36:28.732 [AsyncHttpClient-1-8] DEBUG org.asynchttpclient.netty.handler.HttpHandler - 

Request DefaultFullHttpRequest(decodeResult: success, version: HTTP/1.1, content: EmptyByteBufBE)
GET /session/f1b5aaf75b9d196da690e1c2f1a0cb3e/screenshot HTTP/1.1
User-Agent: selenium/4.8.1 (java windows)
Cache-Control: no-cache
Content-Type: application/json; charset=utf-8
host: localhost:40350
accept: */*

Response DefaultHttpResponse(decodeResult: success, version: HTTP/1.1)
HTTP/1.1 200 OK
Content-Length: 527468
Content-Type: application/json; charset=utf-8
cache-control: no-cache

01:36:28.733 [AsyncHttpClient-1-8] DEBUG org.asynchttpclient.netty.channel.ChannelManager - Adding key: http://localhost:40350 for channel [id: 0x5ebf348f, L:/127.0.0.1:57103 - R:localhost/127.0.0.1:40350]
01:36:28.749 [main] DEBUG net.serenitybdd.core.photography.Darkroom - Send negative for processing for target\site\serenity\b33df01541b5b19264f32bba79ed319e8f9492d619030d4e88c940b717e50670.png
01:36:28.750 [main] DEBUG net.thucydides.core.steps.StepInterceptor - STEP DONE: openPage
01:36:28.755 [Forwarding getPageSource on session f1b5aaf75b9d196da690e1c2f1a0cb3e to remote] DEBUG org.asynchttpclient.netty.request.NettyRequestSender - Using pooled Channel '[id: 0x5ebf348f, L:/127.0.0.1:57103 - R:localhost/127.0.0.1:40350]' for 'POST' to 'http://localhost:40350/session/f1b5aaf75b9d196da690e1c2f1a0cb3e/execute/sync'
01:36:28.756 [Forwarding getPageSource on session f1b5aaf75b9d196da690e1c2f1a0cb3e to remote] DEBUG org.asynchttpclient.netty.request.NettyRequestSender - Using open Channel [id: 0x5ebf348f, L:/127.0.0.1:57103 - R:localhost/127.0.0.1:40350] for POST '/session/f1b5aaf75b9d196da690e1c2f1a0cb3e/execute/sync'
01:36:28.771 [AsyncHttpClient-1-8] DEBUG org.asynchttpclient.netty.handler.HttpHandler - 

Request DefaultHttpRequest(decodeResult: success, version: HTTP/1.1)
POST /session/f1b5aaf75b9d196da690e1c2f1a0cb3e/execute/sync HTTP/1.1
User-Agent: selenium/4.8.1 (java windows)
Content-Length: 176
Content-Type: application/json; charset=utf-8
host: localhost:40350
accept: */*

Response DefaultHttpResponse(decodeResult: success, version: HTTP/1.1)
HTTP/1.1 200 OK
Content-Length: 182088
Content-Type: application/json; charset=utf-8
cache-control: no-cache

01:36:28.772 [AsyncHttpClient-1-8] DEBUG org.asynchttpclient.netty.channel.ChannelManager - Adding key: http://localhost:40350 for channel [id: 0x5ebf348f, L:/127.0.0.1:57103 - R:localhost/127.0.0.1:40350]
01:36:28.783 [Forwarding getCurrentUrl on session f1b5aaf75b9d196da690e1c2f1a0cb3e to remote] DEBUG org.asynchttpclient.netty.request.NettyRequestSender - Using pooled Channel '[id: 0x5ebf348f, L:/127.0.0.1:57103 - R:localhost/127.0.0.1:40350]' for 'GET' to 'http://localhost:40350/session/f1b5aaf75b9d196da690e1c2f1a0cb3e/url'
01:36:28.783 [Forwarding getCurrentUrl on session f1b5aaf75b9d196da690e1c2f1a0cb3e to remote] DEBUG org.asynchttpclient.netty.request.NettyRequestSender - Using open Channel [id: 0x5ebf348f, L:/127.0.0.1:57103 - R:localhost/127.0.0.1:40350] for GET '/session/f1b5aaf75b9d196da690e1c2f1a0cb3e/url'
01:36:28.786 [AsyncHttpClient-1-8] DEBUG org.asynchttpclient.netty.handler.HttpHandler - 

Request DefaultFullHttpRequest(decodeResult: success, version: HTTP/1.1, content: EmptyByteBufBE)
GET /session/f1b5aaf75b9d196da690e1c2f1a0cb3e/url HTTP/1.1
User-Agent: selenium/4.8.1 (java windows)
Cache-Control: no-cache
Content-Type: application/json; charset=utf-8
host: localhost:40350
accept: */*

Response DefaultHttpResponse(decodeResult: success, version: HTTP/1.1)
HTTP/1.1 200 OK
Content-Length: 36
Content-Type: application/json; charset=utf-8
cache-control: no-cache

01:36:28.786 [AsyncHttpClient-1-8] DEBUG org.asynchttpclient.netty.channel.ChannelManager - Adding key: http://localhost:40350 for channel [id: 0x5ebf348f, L:/127.0.0.1:57103 - R:localhost/127.0.0.1:40350]
01:36:28.788 [main] DEBUG net.thucydides.core.steps.StepInterceptor - STARTING STEP: PaymentMethodSteps.onTheListrikPLNPage - clickLoginButton
01:36:28.790 [Forwarding findElement on session f1b5aaf75b9d196da690e1c2f1a0cb3e to remote] DEBUG org.asynchttpclient.netty.request.NettyRequestSender - Using pooled Channel '[id: 0x5ebf348f, L:/127.0.0.1:57103 - R:localhost/127.0.0.1:40350]' for 'POST' to 'http://localhost:40350/session/f1b5aaf75b9d196da690e1c2f1a0cb3e/element'
01:36:28.790 [Forwarding findElement on session f1b5aaf75b9d196da690e1c2f1a0cb3e to remote] DEBUG org.asynchttpclient.netty.request.NettyRequestSender - Using open Channel [id: 0x5ebf348f, L:/127.0.0.1:57103 - R:localhost/127.0.0.1:40350] for POST '/session/f1b5aaf75b9d196da690e1c2f1a0cb3e/element'
01:36:28.800 [AsyncHttpClient-1-8] DEBUG org.asynchttpclient.netty.handler.HttpHandler - 

Request DefaultHttpRequest(decodeResult: success, version: HTTP/1.1)
POST /session/f1b5aaf75b9d196da690e1c2f1a0cb3e/element HTTP/1.1
User-Agent: selenium/4.8.1 (java windows)
Content-Length: 62
Content-Type: application/json; charset=utf-8
host: localhost:40350
accept: */*

Response DefaultHttpResponse(decodeResult: success, version: HTTP/1.1)
HTTP/1.1 200 OK
Content-Length: 88
Content-Type: application/json; charset=utf-8
cache-control: no-cache

01:36:28.800 [AsyncHttpClient-1-8] DEBUG org.asynchttpclient.netty.channel.ChannelManager - Adding key: http://localhost:40350 for channel [id: 0x5ebf348f, L:/127.0.0.1:57103 - R:localhost/127.0.0.1:40350]
01:36:28.801 [Forwarding getElementTagName on session f1b5aaf75b9d196da690e1c2f1a0cb3e to remote] DEBUG org.asynchttpclient.netty.request.NettyRequestSender - Using pooled Channel '[id: 0x5ebf348f, L:/127.0.0.1:57103 - R:localhost/127.0.0.1:40350]' for 'GET' to 'http://localhost:40350/session/f1b5aaf75b9d196da690e1c2f1a0cb3e/element/dd8c5a4d-0ceb-45eb-a287-71d014a85c87/name'
01:36:28.801 [Forwarding getElementTagName on session f1b5aaf75b9d196da690e1c2f1a0cb3e to remote] DEBUG org.asynchttpclient.netty.request.NettyRequestSender - Using open Channel [id: 0x5ebf348f, L:/127.0.0.1:57103 - R:localhost/127.0.0.1:40350] for GET '/session/f1b5aaf75b9d196da690e1c2f1a0cb3e/element/dd8c5a4d-0ceb-45eb-a287-71d014a85c87/name'
01:36:28.805 [AsyncHttpClient-1-8] DEBUG org.asynchttpclient.netty.handler.HttpHandler - 

Request DefaultFullHttpRequest(decodeResult: success, version: HTTP/1.1, content: EmptyByteBufBE)
GET /session/f1b5aaf75b9d196da690e1c2f1a0cb3e/element/dd8c5a4d-0ceb-45eb-a287-71d014a85c87/name HTTP/1.1
User-Agent: selenium/4.8.1 (java windows)
Cache-Control: no-cache
Content-Type: application/json; charset=utf-8
host: localhost:40350
accept: */*

Response DefaultHttpResponse(decodeResult: success, version: HTTP/1.1)
HTTP/1.1 200 OK
Content-Length: 16
Content-Type: application/json; charset=utf-8
cache-control: no-cache

01:36:28.805 [AsyncHttpClient-1-8] DEBUG org.asynchttpclient.netty.channel.ChannelManager - Adding key: http://localhost:40350 for channel [id: 0x5ebf348f, L:/127.0.0.1:57103 - R:localhost/127.0.0.1:40350]
01:36:28.806 [Forwarding getElementTagName on session f1b5aaf75b9d196da690e1c2f1a0cb3e to remote] DEBUG org.asynchttpclient.netty.request.NettyRequestSender - Using pooled Channel '[id: 0x5ebf348f, L:/127.0.0.1:57103 - R:localhost/127.0.0.1:40350]' for 'GET' to 'http://localhost:40350/session/f1b5aaf75b9d196da690e1c2f1a0cb3e/element/dd8c5a4d-0ceb-45eb-a287-71d014a85c87/name'
01:36:28.806 [Forwarding getElementTagName on session f1b5aaf75b9d196da690e1c2f1a0cb3e to remote] DEBUG org.asynchttpclient.netty.request.NettyRequestSender - Using open Channel [id: 0x5ebf348f, L:/127.0.0.1:57103 - R:localhost/127.0.0.1:40350] for GET '/session/f1b5aaf75b9d196da690e1c2f1a0cb3e/element/dd8c5a4d-0ceb-45eb-a287-71d014a85c87/name'
01:36:28.808 [AsyncHttpClient-1-8] DEBUG org.asynchttpclient.netty.handler.HttpHandler - 

Request DefaultFullHttpRequest(decodeResult: success, version: HTTP/1.1, content: EmptyByteBufBE)
GET /session/f1b5aaf75b9d196da690e1c2f1a0cb3e/element/dd8c5a4d-0ceb-45eb-a287-71d014a85c87/name HTTP/1.1
User-Agent: selenium/4.8.1 (java windows)
Cache-Control: no-cache
Content-Type: application/json; charset=utf-8
host: localhost:40350
accept: */*

Response DefaultHttpResponse(decodeResult: success, version: HTTP/1.1)
HTTP/1.1 200 OK
Content-Length: 16
Content-Type: application/json; charset=utf-8
cache-control: no-cache

01:36:28.808 [AsyncHttpClient-1-8] DEBUG org.asynchttpclient.netty.channel.ChannelManager - Adding key: http://localhost:40350 for channel [id: 0x5ebf348f, L:/127.0.0.1:57103 - R:localhost/127.0.0.1:40350]
01:36:28.810 [Forwarding findElement on session f1b5aaf75b9d196da690e1c2f1a0cb3e to remote] DEBUG org.asynchttpclient.netty.request.NettyRequestSender - Using pooled Channel '[id: 0x5ebf348f, L:/127.0.0.1:57103 - R:localhost/127.0.0.1:40350]' for 'POST' to 'http://localhost:40350/session/f1b5aaf75b9d196da690e1c2f1a0cb3e/element'
01:36:28.810 [Forwarding findElement on session f1b5aaf75b9d196da690e1c2f1a0cb3e to remote] DEBUG org.asynchttpclient.netty.request.NettyRequestSender - Using open Channel [id: 0x5ebf348f, L:/127.0.0.1:57103 - R:localhost/127.0.0.1:40350] for POST '/session/f1b5aaf75b9d196da690e1c2f1a0cb3e/element'
01:36:28.815 [AsyncHttpClient-1-8] DEBUG org.asynchttpclient.netty.handler.HttpHandler - 

Request DefaultHttpRequest(decodeResult: success, version: HTTP/1.1)
POST /session/f1b5aaf75b9d196da690e1c2f1a0cb3e/element HTTP/1.1
User-Agent: selenium/4.8.1 (java windows)
Content-Length: 62
Content-Type: application/json; charset=utf-8
host: localhost:40350
accept: */*

Response DefaultHttpResponse(decodeResult: success, version: HTTP/1.1)
HTTP/1.1 200 OK
Content-Length: 88
Content-Type: application/json; charset=utf-8
cache-control: no-cache

01:36:28.815 [AsyncHttpClient-1-8] DEBUG org.asynchttpclient.netty.channel.ChannelManager - Adding key: http://localhost:40350 for channel [id: 0x5ebf348f, L:/127.0.0.1:57103 - R:localhost/127.0.0.1:40350]
01:36:28.816 [Forwarding clickElement on session f1b5aaf75b9d196da690e1c2f1a0cb3e to remote] DEBUG org.asynchttpclient.netty.request.NettyRequestSender - Using pooled Channel '[id: 0x5ebf348f, L:/127.0.0.1:57103 - R:localhost/127.0.0.1:40350]' for 'POST' to 'http://localhost:40350/session/f1b5aaf75b9d196da690e1c2f1a0cb3e/element/dd8c5a4d-0ceb-45eb-a287-71d014a85c87/click'
01:36:28.816 [Forwarding clickElement on session f1b5aaf75b9d196da690e1c2f1a0cb3e to remote] DEBUG org.asynchttpclient.netty.request.NettyRequestSender - Using open Channel [id: 0x5ebf348f, L:/127.0.0.1:57103 - R:localhost/127.0.0.1:40350] for POST '/session/f1b5aaf75b9d196da690e1c2f1a0cb3e/element/dd8c5a4d-0ceb-45eb-a287-71d014a85c87/click'
01:36:29.589 [AsyncHttpClient-1-1] DEBUG org.asynchttpclient.netty.channel.DefaultChannelPool - Entry count for : http://localhost:57104 : 1
01:36:29.891 [AsyncHttpClient-1-8] DEBUG org.asynchttpclient.netty.handler.HttpHandler - 

Request DefaultHttpRequest(decodeResult: success, version: HTTP/1.1)
POST /session/f1b5aaf75b9d196da690e1c2f1a0cb3e/element/dd8c5a4d-0ceb-45eb-a287-71d014a85c87/click HTTP/1.1
User-Agent: selenium/4.8.1 (java windows)
Content-Length: 50
Content-Type: application/json; charset=utf-8
host: localhost:40350
accept: */*

Response DefaultHttpResponse(decodeResult: success, version: HTTP/1.1)
HTTP/1.1 400 Bad Request
Content-Length: 1188
Content-Type: application/json; charset=utf-8
cache-control: no-cache

01:36:29.891 [AsyncHttpClient-1-8] DEBUG org.asynchttpclient.netty.channel.ChannelManager - Adding key: http://localhost:40350 for channel [id: 0x5ebf348f, L:/127.0.0.1:57103 - R:localhost/127.0.0.1:40350]
01:36:30.153 [Forwarding clickElement on session f1b5aaf75b9d196da690e1c2f1a0cb3e to remote] DEBUG org.asynchttpclient.netty.request.NettyRequestSender - Using pooled Channel '[id: 0x5ebf348f, L:/127.0.0.1:57103 - R:localhost/127.0.0.1:40350]' for 'POST' to 'http://localhost:40350/session/f1b5aaf75b9d196da690e1c2f1a0cb3e/element/dd8c5a4d-0ceb-45eb-a287-71d014a85c87/click'
01:36:30.153 [Forwarding clickElement on session f1b5aaf75b9d196da690e1c2f1a0cb3e to remote] DEBUG org.asynchttpclient.netty.request.NettyRequestSender - Using open Channel [id: 0x5ebf348f, L:/127.0.0.1:57103 - R:localhost/127.0.0.1:40350] for POST '/session/f1b5aaf75b9d196da690e1c2f1a0cb3e/element/dd8c5a4d-0ceb-45eb-a287-71d014a85c87/click'
01:36:30.183 [AsyncHttpClient-1-8] DEBUG org.asynchttpclient.netty.handler.HttpHandler - 

Request DefaultHttpRequest(decodeResult: success, version: HTTP/1.1)
POST /session/f1b5aaf75b9d196da690e1c2f1a0cb3e/element/dd8c5a4d-0ceb-45eb-a287-71d014a85c87/click HTTP/1.1
User-Agent: selenium/4.8.1 (java windows)
Content-Length: 50
Content-Type: application/json; charset=utf-8
host: localhost:40350
accept: */*

Response DefaultHttpResponse(decodeResult: success, version: HTTP/1.1)
HTTP/1.1 200 OK
Content-Length: 14
Content-Type: application/json; charset=utf-8
cache-control: no-cache

01:36:30.184 [AsyncHttpClient-1-8] DEBUG org.asynchttpclient.netty.channel.ChannelManager - Adding key: http://localhost:40350 for channel [id: 0x5ebf348f, L:/127.0.0.1:57103 - R:localhost/127.0.0.1:40350]
01:36:30.187 [Forwarding getAlertText on session f1b5aaf75b9d196da690e1c2f1a0cb3e to remote] DEBUG org.asynchttpclient.netty.request.NettyRequestSender - Using pooled Channel '[id: 0x5ebf348f, L:/127.0.0.1:57103 - R:localhost/127.0.0.1:40350]' for 'GET' to 'http://localhost:40350/session/f1b5aaf75b9d196da690e1c2f1a0cb3e/alert/text'
01:36:30.187 [Forwarding getAlertText on session f1b5aaf75b9d196da690e1c2f1a0cb3e to remote] DEBUG org.asynchttpclient.netty.request.NettyRequestSender - Using open Channel [id: 0x5ebf348f, L:/127.0.0.1:57103 - R:localhost/127.0.0.1:40350] for GET '/session/f1b5aaf75b9d196da690e1c2f1a0cb3e/alert/text'
01:36:30.189 [AsyncHttpClient-1-8] DEBUG org.asynchttpclient.netty.handler.HttpHandler - 

Request DefaultFullHttpRequest(decodeResult: success, version: HTTP/1.1, content: EmptyByteBufBE)
GET /session/f1b5aaf75b9d196da690e1c2f1a0cb3e/alert/text HTTP/1.1
User-Agent: selenium/4.8.1 (java windows)
Cache-Control: no-cache
Content-Type: application/json; charset=utf-8
host: localhost:40350
accept: */*

Response DefaultHttpResponse(decodeResult: success, version: HTTP/1.1)
HTTP/1.1 404 Not Found
Content-Length: 835
Content-Type: application/json; charset=utf-8
cache-control: no-cache

01:36:30.189 [AsyncHttpClient-1-8] DEBUG org.asynchttpclient.netty.channel.ChannelManager - Adding key: http://localhost:40350 for channel [id: 0x5ebf348f, L:/127.0.0.1:57103 - R:localhost/127.0.0.1:40350]
01:36:30.190 [Forwarding getCurrentUrl on session f1b5aaf75b9d196da690e1c2f1a0cb3e to remote] DEBUG org.asynchttpclient.netty.request.NettyRequestSender - Using pooled Channel '[id: 0x5ebf348f, L:/127.0.0.1:57103 - R:localhost/127.0.0.1:40350]' for 'GET' to 'http://localhost:40350/session/f1b5aaf75b9d196da690e1c2f1a0cb3e/url'
01:36:30.190 [Forwarding getCurrentUrl on session f1b5aaf75b9d196da690e1c2f1a0cb3e to remote] DEBUG org.asynchttpclient.netty.request.NettyRequestSender - Using open Channel [id: 0x5ebf348f, L:/127.0.0.1:57103 - R:localhost/127.0.0.1:40350] for GET '/session/f1b5aaf75b9d196da690e1c2f1a0cb3e/url'
01:36:30.193 [AsyncHttpClient-1-8] DEBUG org.asynchttpclient.netty.handler.HttpHandler - 

Request DefaultFullHttpRequest(decodeResult: success, version: HTTP/1.1, content: EmptyByteBufBE)
GET /session/f1b5aaf75b9d196da690e1c2f1a0cb3e/url HTTP/1.1
User-Agent: selenium/4.8.1 (java windows)
Cache-Control: no-cache
Content-Type: application/json; charset=utf-8
host: localhost:40350
accept: */*

Response DefaultHttpResponse(decodeResult: success, version: HTTP/1.1)
HTTP/1.1 200 OK
Content-Length: 36
Content-Type: application/json; charset=utf-8
cache-control: no-cache

01:36:30.193 [AsyncHttpClient-1-8] DEBUG org.asynchttpclient.netty.channel.ChannelManager - Adding key: http://localhost:40350 for channel [id: 0x5ebf348f, L:/127.0.0.1:57103 - R:localhost/127.0.0.1:40350]
01:36:30.194 [Forwarding screenshot on session f1b5aaf75b9d196da690e1c2f1a0cb3e to remote] DEBUG org.asynchttpclient.netty.request.NettyRequestSender - Using pooled Channel '[id: 0x5ebf348f, L:/127.0.0.1:57103 - R:localhost/127.0.0.1:40350]' for 'GET' to 'http://localhost:40350/session/f1b5aaf75b9d196da690e1c2f1a0cb3e/screenshot'
01:36:30.194 [Forwarding screenshot on session f1b5aaf75b9d196da690e1c2f1a0cb3e to remote] DEBUG org.asynchttpclient.netty.request.NettyRequestSender - Using open Channel [id: 0x5ebf348f, L:/127.0.0.1:57103 - R:localhost/127.0.0.1:40350] for GET '/session/f1b5aaf75b9d196da690e1c2f1a0cb3e/screenshot'
01:36:30.452 [AsyncHttpClient-1-8] DEBUG org.asynchttpclient.netty.handler.HttpHandler - 

Request DefaultFullHttpRequest(decodeResult: success, version: HTTP/1.1, content: EmptyByteBufBE)
GET /session/f1b5aaf75b9d196da690e1c2f1a0cb3e/screenshot HTTP/1.1
User-Agent: selenium/4.8.1 (java windows)
Cache-Control: no-cache
Content-Type: application/json; charset=utf-8
host: localhost:40350
accept: */*

Response DefaultHttpResponse(decodeResult: success, version: HTTP/1.1)
HTTP/1.1 200 OK
Content-Length: 527572
Content-Type: application/json; charset=utf-8
cache-control: no-cache

01:36:30.452 [AsyncHttpClient-1-8] DEBUG org.asynchttpclient.netty.channel.ChannelManager - Adding key: http://localhost:40350 for channel [id: 0x5ebf348f, L:/127.0.0.1:57103 - R:localhost/127.0.0.1:40350]
01:36:30.460 [main] DEBUG net.serenitybdd.core.photography.Darkroom - Send negative for processing for target\site\serenity\f2fbd73397bf715a02b25e325d8a773c61d058a3f89c4a332eb411a4232bc26b.png
01:36:30.460 [main] DEBUG net.thucydides.core.steps.StepInterceptor - STEP DONE: clickLoginButton
01:36:30.460 [Darkroom Processing Line] DEBUG net.serenitybdd.core.photography.DarkroomProcessingLine - Processing screenshot image in /var/screenshots/screenshot-6875094989462911970
01:36:30.460 [Darkroom Processing Line] DEBUG net.serenitybdd.core.photography.DarkroomProcessingLine - Saving screenshot to target\site\serenity\f2fbd73397bf715a02b25e325d8a773c61d058a3f89c4a332eb411a4232bc26b.png
01:36:30.469 [Forwarding getPageSource on session f1b5aaf75b9d196da690e1c2f1a0cb3e to remote] DEBUG org.asynchttpclient.netty.request.NettyRequestSender - Using pooled Channel '[id: 0x5ebf348f, L:/127.0.0.1:57103 - R:localhost/127.0.0.1:40350]' for 'POST' to 'http://localhost:40350/session/f1b5aaf75b9d196da690e1c2f1a0cb3e/execute/sync'
01:36:30.469 [Forwarding getPageSource on session f1b5aaf75b9d196da690e1c2f1a0cb3e to remote] DEBUG org.asynchttpclient.netty.request.NettyRequestSender - Using open Channel [id: 0x5ebf348f, L:/127.0.0.1:57103 - R:localhost/127.0.0.1:40350] for POST '/session/f1b5aaf75b9d196da690e1c2f1a0cb3e/execute/sync'
01:36:30.476 [AsyncHttpClient-1-8] DEBUG org.asynchttpclient.netty.handler.HttpHandler - 

Request DefaultHttpRequest(decodeResult: success, version: HTTP/1.1)
POST /session/f1b5aaf75b9d196da690e1c2f1a0cb3e/execute/sync HTTP/1.1
User-Agent: selenium/4.8.1 (java windows)
Content-Length: 176
Content-Type: application/json; charset=utf-8
host: localhost:40350
accept: */*

Response DefaultHttpResponse(decodeResult: success, version: HTTP/1.1)
HTTP/1.1 200 OK
Content-Length: 96996
Content-Type: application/json; charset=utf-8
cache-control: no-cache

01:36:30.476 [AsyncHttpClient-1-8] DEBUG org.asynchttpclient.netty.channel.ChannelManager - Adding key: http://localhost:40350 for channel [id: 0x5ebf348f, L:/127.0.0.1:57103 - R:localhost/127.0.0.1:40350]
01:36:30.481 [Forwarding getCurrentUrl on session f1b5aaf75b9d196da690e1c2f1a0cb3e to remote] DEBUG org.asynchttpclient.netty.request.NettyRequestSender - Using pooled Channel '[id: 0x5ebf348f, L:/127.0.0.1:57103 - R:localhost/127.0.0.1:40350]' for 'GET' to 'http://localhost:40350/session/f1b5aaf75b9d196da690e1c2f1a0cb3e/url'
01:36:30.481 [Forwarding getCurrentUrl on session f1b5aaf75b9d196da690e1c2f1a0cb3e to remote] DEBUG org.asynchttpclient.netty.request.NettyRequestSender - Using open Channel [id: 0x5ebf348f, L:/127.0.0.1:57103 - R:localhost/127.0.0.1:40350] for GET '/session/f1b5aaf75b9d196da690e1c2f1a0cb3e/url'
01:36:30.483 [AsyncHttpClient-1-8] DEBUG org.asynchttpclient.netty.handler.HttpHandler - 

Request DefaultFullHttpRequest(decodeResult: success, version: HTTP/1.1, content: EmptyByteBufBE)
GET /session/f1b5aaf75b9d196da690e1c2f1a0cb3e/url HTTP/1.1
User-Agent: selenium/4.8.1 (java windows)
Cache-Control: no-cache
Content-Type: application/json; charset=utf-8
host: localhost:40350
accept: */*

Response DefaultHttpResponse(decodeResult: success, version: HTTP/1.1)
HTTP/1.1 200 OK
Content-Length: 42
Content-Type: application/json; charset=utf-8
cache-control: no-cache

01:36:30.483 [AsyncHttpClient-1-8] DEBUG org.asynchttpclient.netty.channel.ChannelManager - Adding key: http://localhost:40350 for channel [id: 0x5ebf348f, L:/127.0.0.1:57103 - R:localhost/127.0.0.1:40350]
01:36:30.485 [main] DEBUG net.thucydides.core.steps.StepInterceptor - STARTING STEP: PaymentMethodSteps.onTheListrikPLNPage - inputEmail
01:36:30.486 [Forwarding findElement on session f1b5aaf75b9d196da690e1c2f1a0cb3e to remote] DEBUG org.asynchttpclient.netty.request.NettyRequestSender - Using pooled Channel '[id: 0x5ebf348f, L:/127.0.0.1:57103 - R:localhost/127.0.0.1:40350]' for 'POST' to 'http://localhost:40350/session/f1b5aaf75b9d196da690e1c2f1a0cb3e/element'
01:36:30.486 [Forwarding findElement on session f1b5aaf75b9d196da690e1c2f1a0cb3e to remote] DEBUG org.asynchttpclient.netty.request.NettyRequestSender - Using open Channel [id: 0x5ebf348f, L:/127.0.0.1:57103 - R:localhost/127.0.0.1:40350] for POST '/session/f1b5aaf75b9d196da690e1c2f1a0cb3e/element'
01:36:30.494 [AsyncHttpClient-1-8] DEBUG org.asynchttpclient.netty.handler.HttpHandler - 

Request DefaultHttpRequest(decodeResult: success, version: HTTP/1.1)
POST /session/f1b5aaf75b9d196da690e1c2f1a0cb3e/element HTTP/1.1
User-Agent: selenium/4.8.1 (java windows)
Content-Length: 50
Content-Type: application/json; charset=utf-8
host: localhost:40350
accept: */*

Response DefaultHttpResponse(decodeResult: success, version: HTTP/1.1)
HTTP/1.1 200 OK
Content-Length: 88
Content-Type: application/json; charset=utf-8
cache-control: no-cache

01:36:30.494 [AsyncHttpClient-1-8] DEBUG org.asynchttpclient.netty.channel.ChannelManager - Adding key: http://localhost:40350 for channel [id: 0x5ebf348f, L:/127.0.0.1:57103 - R:localhost/127.0.0.1:40350]
01:36:30.495 [Forwarding clearElement on session f1b5aaf75b9d196da690e1c2f1a0cb3e to remote] DEBUG org.asynchttpclient.netty.request.NettyRequestSender - Using pooled Channel '[id: 0x5ebf348f, L:/127.0.0.1:57103 - R:localhost/127.0.0.1:40350]' for 'POST' to 'http://localhost:40350/session/f1b5aaf75b9d196da690e1c2f1a0cb3e/element/53055ab1-e6e1-452e-8bf6-91f6a6a04f69/clear'
01:36:30.495 [Forwarding clearElement on session f1b5aaf75b9d196da690e1c2f1a0cb3e to remote] DEBUG org.asynchttpclient.netty.request.NettyRequestSender - Using open Channel [id: 0x5ebf348f, L:/127.0.0.1:57103 - R:localhost/127.0.0.1:40350] for POST '/session/f1b5aaf75b9d196da690e1c2f1a0cb3e/element/53055ab1-e6e1-452e-8bf6-91f6a6a04f69/clear'
01:36:30.515 [AsyncHttpClient-1-8] DEBUG org.asynchttpclient.netty.handler.HttpHandler - 

Request DefaultHttpRequest(decodeResult: success, version: HTTP/1.1)
POST /session/f1b5aaf75b9d196da690e1c2f1a0cb3e/element/53055ab1-e6e1-452e-8bf6-91f6a6a04f69/clear HTTP/1.1
User-Agent: selenium/4.8.1 (java windows)
Content-Length: 50
Content-Type: application/json; charset=utf-8
host: localhost:40350
accept: */*

Response DefaultHttpResponse(decodeResult: success, version: HTTP/1.1)
HTTP/1.1 200 OK
Content-Length: 14
Content-Type: application/json; charset=utf-8
cache-control: no-cache

01:36:30.516 [AsyncHttpClient-1-8] DEBUG org.asynchttpclient.netty.channel.ChannelManager - Adding key: http://localhost:40350 for channel [id: 0x5ebf348f, L:/127.0.0.1:57103 - R:localhost/127.0.0.1:40350]
01:36:30.517 [Forwarding sendKeysToElement on session f1b5aaf75b9d196da690e1c2f1a0cb3e to remote] DEBUG org.asynchttpclient.netty.request.NettyRequestSender - Using pooled Channel '[id: 0x5ebf348f, L:/127.0.0.1:57103 - R:localhost/127.0.0.1:40350]' for 'POST' to 'http://localhost:40350/session/f1b5aaf75b9d196da690e1c2f1a0cb3e/element/53055ab1-e6e1-452e-8bf6-91f6a6a04f69/value'
01:36:30.517 [Forwarding sendKeysToElement on session f1b5aaf75b9d196da690e1c2f1a0cb3e to remote] DEBUG org.asynchttpclient.netty.request.NettyRequestSender - Using open Channel [id: 0x5ebf348f, L:/127.0.0.1:57103 - R:localhost/127.0.0.1:40350] for POST '/session/f1b5aaf75b9d196da690e1c2f1a0cb3e/element/53055ab1-e6e1-452e-8bf6-91f6a6a04f69/value'
01:36:30.613 [AsyncHttpClient-1-8] DEBUG org.asynchttpclient.netty.handler.HttpHandler - 

Request DefaultHttpRequest(decodeResult: success, version: HTTP/1.1)
POST /session/f1b5aaf75b9d196da690e1c2f1a0cb3e/element/53055ab1-e6e1-452e-8bf6-91f6a6a04f69/value HTTP/1.1
User-Agent: selenium/4.8.1 (java windows)
Content-Length: 341
Content-Type: application/json; charset=utf-8
host: localhost:40350
accept: */*

Response DefaultHttpResponse(decodeResult: success, version: HTTP/1.1)
HTTP/1.1 200 OK
Content-Length: 14
Content-Type: application/json; charset=utf-8
cache-control: no-cache

01:36:30.613 [AsyncHttpClient-1-8] DEBUG org.asynchttpclient.netty.channel.ChannelManager - Adding key: http://localhost:40350 for channel [id: 0x5ebf348f, L:/127.0.0.1:57103 - R:localhost/127.0.0.1:40350]
01:36:30.617 [Forwarding getAlertText on session f1b5aaf75b9d196da690e1c2f1a0cb3e to remote] DEBUG org.asynchttpclient.netty.request.NettyRequestSender - Using pooled Channel '[id: 0x5ebf348f, L:/127.0.0.1:57103 - R:localhost/127.0.0.1:40350]' for 'GET' to 'http://localhost:40350/session/f1b5aaf75b9d196da690e1c2f1a0cb3e/alert/text'
01:36:30.617 [Forwarding getAlertText on session f1b5aaf75b9d196da690e1c2f1a0cb3e to remote] DEBUG org.asynchttpclient.netty.request.NettyRequestSender - Using open Channel [id: 0x5ebf348f, L:/127.0.0.1:57103 - R:localhost/127.0.0.1:40350] for GET '/session/f1b5aaf75b9d196da690e1c2f1a0cb3e/alert/text'
01:36:30.619 [AsyncHttpClient-1-8] DEBUG org.asynchttpclient.netty.handler.HttpHandler - 

Request DefaultFullHttpRequest(decodeResult: success, version: HTTP/1.1, content: EmptyByteBufBE)
GET /session/f1b5aaf75b9d196da690e1c2f1a0cb3e/alert/text HTTP/1.1
User-Agent: selenium/4.8.1 (java windows)
Cache-Control: no-cache
Content-Type: application/json; charset=utf-8
host: localhost:40350
accept: */*

Response DefaultHttpResponse(decodeResult: success, version: HTTP/1.1)
HTTP/1.1 404 Not Found
Content-Length: 835
Content-Type: application/json; charset=utf-8
cache-control: no-cache

01:36:30.619 [AsyncHttpClient-1-8] DEBUG org.asynchttpclient.netty.channel.ChannelManager - Adding key: http://localhost:40350 for channel [id: 0x5ebf348f, L:/127.0.0.1:57103 - R:localhost/127.0.0.1:40350]
01:36:30.620 [Forwarding getCurrentUrl on session f1b5aaf75b9d196da690e1c2f1a0cb3e to remote] DEBUG org.asynchttpclient.netty.request.NettyRequestSender - Using pooled Channel '[id: 0x5ebf348f, L:/127.0.0.1:57103 - R:localhost/127.0.0.1:40350]' for 'GET' to 'http://localhost:40350/session/f1b5aaf75b9d196da690e1c2f1a0cb3e/url'
01:36:30.620 [Forwarding getCurrentUrl on session f1b5aaf75b9d196da690e1c2f1a0cb3e to remote] DEBUG org.asynchttpclient.netty.request.NettyRequestSender - Using open Channel [id: 0x5ebf348f, L:/127.0.0.1:57103 - R:localhost/127.0.0.1:40350] for GET '/session/f1b5aaf75b9d196da690e1c2f1a0cb3e/url'
01:36:30.622 [AsyncHttpClient-1-8] DEBUG org.asynchttpclient.netty.handler.HttpHandler - 

Request DefaultFullHttpRequest(decodeResult: success, version: HTTP/1.1, content: EmptyByteBufBE)
GET /session/f1b5aaf75b9d196da690e1c2f1a0cb3e/url HTTP/1.1
User-Agent: selenium/4.8.1 (java windows)
Cache-Control: no-cache
Content-Type: application/json; charset=utf-8
host: localhost:40350
accept: */*

Response DefaultHttpResponse(decodeResult: success, version: HTTP/1.1)
HTTP/1.1 200 OK
Content-Length: 42
Content-Type: application/json; charset=utf-8
cache-control: no-cache

01:36:30.623 [AsyncHttpClient-1-8] DEBUG org.asynchttpclient.netty.channel.ChannelManager - Adding key: http://localhost:40350 for channel [id: 0x5ebf348f, L:/127.0.0.1:57103 - R:localhost/127.0.0.1:40350]
01:36:30.624 [Forwarding screenshot on session f1b5aaf75b9d196da690e1c2f1a0cb3e to remote] DEBUG org.asynchttpclient.netty.request.NettyRequestSender - Using pooled Channel '[id: 0x5ebf348f, L:/127.0.0.1:57103 - R:localhost/127.0.0.1:40350]' for 'GET' to 'http://localhost:40350/session/f1b5aaf75b9d196da690e1c2f1a0cb3e/screenshot'
01:36:30.624 [Forwarding screenshot on session f1b5aaf75b9d196da690e1c2f1a0cb3e to remote] DEBUG org.asynchttpclient.netty.request.NettyRequestSender - Using open Channel [id: 0x5ebf348f, L:/127.0.0.1:57103 - R:localhost/127.0.0.1:40350] for GET '/session/f1b5aaf75b9d196da690e1c2f1a0cb3e/screenshot'
01:36:30.686 [AsyncHttpClient-1-1] DEBUG org.asynchttpclient.netty.channel.DefaultChannelPool - Entry count for : http://localhost:57104 : 1
01:36:30.803 [AsyncHttpClient-1-8] DEBUG org.asynchttpclient.netty.handler.HttpHandler - 

Request DefaultFullHttpRequest(decodeResult: success, version: HTTP/1.1, content: EmptyByteBufBE)
GET /session/f1b5aaf75b9d196da690e1c2f1a0cb3e/screenshot HTTP/1.1
User-Agent: selenium/4.8.1 (java windows)
Cache-Control: no-cache
Content-Type: application/json; charset=utf-8
host: localhost:40350
accept: */*

Response DefaultHttpResponse(decodeResult: success, version: HTTP/1.1)
HTTP/1.1 200 OK
Content-Length: 259640
Content-Type: application/json; charset=utf-8
cache-control: no-cache

01:36:30.804 [AsyncHttpClient-1-8] DEBUG org.asynchttpclient.netty.channel.ChannelManager - Adding key: http://localhost:40350 for channel [id: 0x5ebf348f, L:/127.0.0.1:57103 - R:localhost/127.0.0.1:40350]
01:36:30.808 [main] DEBUG net.serenitybdd.core.photography.Darkroom - Send negative for processing for target\site\serenity\5ec18b9ce7d9ffce1ca57137b8fa159b06144d999764884c1b8c85973edc0e95.png
01:36:30.808 [main] DEBUG net.thucydides.core.steps.StepInterceptor - STEP DONE: inputEmail
01:36:30.809 [Darkroom Processing Line] DEBUG net.serenitybdd.core.photography.DarkroomProcessingLine - Processing screenshot image in /var/screenshots/screenshot-7747965983377581421
01:36:30.809 [Darkroom Processing Line] DEBUG net.serenitybdd.core.photography.DarkroomProcessingLine - Saving screenshot to target\site\serenity\5ec18b9ce7d9ffce1ca57137b8fa159b06144d999764884c1b8c85973edc0e95.png
01:36:30.812 [Forwarding getPageSource on session f1b5aaf75b9d196da690e1c2f1a0cb3e to remote] DEBUG org.asynchttpclient.netty.request.NettyRequestSender - Using pooled Channel '[id: 0x5ebf348f, L:/127.0.0.1:57103 - R:localhost/127.0.0.1:40350]' for 'POST' to 'http://localhost:40350/session/f1b5aaf75b9d196da690e1c2f1a0cb3e/execute/sync'
01:36:30.812 [Forwarding getPageSource on session f1b5aaf75b9d196da690e1c2f1a0cb3e to remote] DEBUG org.asynchttpclient.netty.request.NettyRequestSender - Using open Channel [id: 0x5ebf348f, L:/127.0.0.1:57103 - R:localhost/127.0.0.1:40350] for POST '/session/f1b5aaf75b9d196da690e1c2f1a0cb3e/execute/sync'
01:36:30.819 [AsyncHttpClient-1-8] DEBUG org.asynchttpclient.netty.handler.HttpHandler - 

Request DefaultHttpRequest(decodeResult: success, version: HTTP/1.1)
POST /session/f1b5aaf75b9d196da690e1c2f1a0cb3e/execute/sync HTTP/1.1
User-Agent: selenium/4.8.1 (java windows)
Content-Length: 176
Content-Type: application/json; charset=utf-8
host: localhost:40350
accept: */*

Response DefaultHttpResponse(decodeResult: success, version: HTTP/1.1)
HTTP/1.1 200 OK
Content-Length: 97046
Content-Type: application/json; charset=utf-8
cache-control: no-cache

01:36:30.820 [AsyncHttpClient-1-8] DEBUG org.asynchttpclient.netty.channel.ChannelManager - Adding key: http://localhost:40350 for channel [id: 0x5ebf348f, L:/127.0.0.1:57103 - R:localhost/127.0.0.1:40350]
01:36:30.824 [Forwarding getCurrentUrl on session f1b5aaf75b9d196da690e1c2f1a0cb3e to remote] DEBUG org.asynchttpclient.netty.request.NettyRequestSender - Using pooled Channel '[id: 0x5ebf348f, L:/127.0.0.1:57103 - R:localhost/127.0.0.1:40350]' for 'GET' to 'http://localhost:40350/session/f1b5aaf75b9d196da690e1c2f1a0cb3e/url'
01:36:30.824 [Forwarding getCurrentUrl on session f1b5aaf75b9d196da690e1c2f1a0cb3e to remote] DEBUG org.asynchttpclient.netty.request.NettyRequestSender - Using open Channel [id: 0x5ebf348f, L:/127.0.0.1:57103 - R:localhost/127.0.0.1:40350] for GET '/session/f1b5aaf75b9d196da690e1c2f1a0cb3e/url'
01:36:30.827 [AsyncHttpClient-1-8] DEBUG org.asynchttpclient.netty.handler.HttpHandler - 

Request DefaultFullHttpRequest(decodeResult: success, version: HTTP/1.1, content: EmptyByteBufBE)
GET /session/f1b5aaf75b9d196da690e1c2f1a0cb3e/url HTTP/1.1
User-Agent: selenium/4.8.1 (java windows)
Cache-Control: no-cache
Content-Type: application/json; charset=utf-8
host: localhost:40350
accept: */*

Response DefaultHttpResponse(decodeResult: success, version: HTTP/1.1)
HTTP/1.1 200 OK
Content-Length: 42
Content-Type: application/json; charset=utf-8
cache-control: no-cache

01:36:30.827 [AsyncHttpClient-1-8] DEBUG org.asynchttpclient.netty.channel.ChannelManager - Adding key: http://localhost:40350 for channel [id: 0x5ebf348f, L:/127.0.0.1:57103 - R:localhost/127.0.0.1:40350]
01:36:30.829 [main] DEBUG net.thucydides.core.steps.StepInterceptor - STARTING STEP: PaymentMethodSteps.onTheListrikPLNPage - inputPassword
01:36:30.831 [Forwarding findElement on session f1b5aaf75b9d196da690e1c2f1a0cb3e to remote] DEBUG org.asynchttpclient.netty.request.NettyRequestSender - Using pooled Channel '[id: 0x5ebf348f, L:/127.0.0.1:57103 - R:localhost/127.0.0.1:40350]' for 'POST' to 'http://localhost:40350/session/f1b5aaf75b9d196da690e1c2f1a0cb3e/element'
01:36:30.831 [Forwarding findElement on session f1b5aaf75b9d196da690e1c2f1a0cb3e to remote] DEBUG org.asynchttpclient.netty.request.NettyRequestSender - Using open Channel [id: 0x5ebf348f, L:/127.0.0.1:57103 - R:localhost/127.0.0.1:40350] for POST '/session/f1b5aaf75b9d196da690e1c2f1a0cb3e/element'
01:36:30.839 [AsyncHttpClient-1-8] DEBUG org.asynchttpclient.netty.handler.HttpHandler - 

Request DefaultHttpRequest(decodeResult: success, version: HTTP/1.1)
POST /session/f1b5aaf75b9d196da690e1c2f1a0cb3e/element HTTP/1.1
User-Agent: selenium/4.8.1 (java windows)
Content-Length: 53
Content-Type: application/json; charset=utf-8
host: localhost:40350
accept: */*

Response DefaultHttpResponse(decodeResult: success, version: HTTP/1.1)
HTTP/1.1 200 OK
Content-Length: 88
Content-Type: application/json; charset=utf-8
cache-control: no-cache

01:36:30.839 [AsyncHttpClient-1-8] DEBUG org.asynchttpclient.netty.channel.ChannelManager - Adding key: http://localhost:40350 for channel [id: 0x5ebf348f, L:/127.0.0.1:57103 - R:localhost/127.0.0.1:40350]
01:36:30.840 [Forwarding clearElement on session f1b5aaf75b9d196da690e1c2f1a0cb3e to remote] DEBUG org.asynchttpclient.netty.request.NettyRequestSender - Using pooled Channel '[id: 0x5ebf348f, L:/127.0.0.1:57103 - R:localhost/127.0.0.1:40350]' for 'POST' to 'http://localhost:40350/session/f1b5aaf75b9d196da690e1c2f1a0cb3e/element/07bbf24d-f3d1-468a-a3ad-bae41ae6be79/clear'
01:36:30.840 [Forwarding clearElement on session f1b5aaf75b9d196da690e1c2f1a0cb3e to remote] DEBUG org.asynchttpclient.netty.request.NettyRequestSender - Using open Channel [id: 0x5ebf348f, L:/127.0.0.1:57103 - R:localhost/127.0.0.1:40350] for POST '/session/f1b5aaf75b9d196da690e1c2f1a0cb3e/element/07bbf24d-f3d1-468a-a3ad-bae41ae6be79/clear'
01:36:30.863 [AsyncHttpClient-1-8] DEBUG org.asynchttpclient.netty.handler.HttpHandler - 

Request DefaultHttpRequest(decodeResult: success, version: HTTP/1.1)
POST /session/f1b5aaf75b9d196da690e1c2f1a0cb3e/element/07bbf24d-f3d1-468a-a3ad-bae41ae6be79/clear HTTP/1.1
User-Agent: selenium/4.8.1 (java windows)
Content-Length: 50
Content-Type: application/json; charset=utf-8
host: localhost:40350
accept: */*

Response DefaultHttpResponse(decodeResult: success, version: HTTP/1.1)
HTTP/1.1 200 OK
Content-Length: 14
Content-Type: application/json; charset=utf-8
cache-control: no-cache

01:36:30.864 [AsyncHttpClient-1-8] DEBUG org.asynchttpclient.netty.channel.ChannelManager - Adding key: http://localhost:40350 for channel [id: 0x5ebf348f, L:/127.0.0.1:57103 - R:localhost/127.0.0.1:40350]
01:36:30.865 [Forwarding sendKeysToElement on session f1b5aaf75b9d196da690e1c2f1a0cb3e to remote] DEBUG org.asynchttpclient.netty.request.NettyRequestSender - Using pooled Channel '[id: 0x5ebf348f, L:/127.0.0.1:57103 - R:localhost/127.0.0.1:40350]' for 'POST' to 'http://localhost:40350/session/f1b5aaf75b9d196da690e1c2f1a0cb3e/element/07bbf24d-f3d1-468a-a3ad-bae41ae6be79/value'
01:36:30.865 [Forwarding sendKeysToElement on session f1b5aaf75b9d196da690e1c2f1a0cb3e to remote] DEBUG org.asynchttpclient.netty.request.NettyRequestSender - Using open Channel [id: 0x5ebf348f, L:/127.0.0.1:57103 - R:localhost/127.0.0.1:40350] for POST '/session/f1b5aaf75b9d196da690e1c2f1a0cb3e/element/07bbf24d-f3d1-468a-a3ad-bae41ae6be79/value'
01:36:30.920 [AsyncHttpClient-1-8] DEBUG org.asynchttpclient.netty.handler.HttpHandler - 

Request DefaultHttpRequest(decodeResult: success, version: HTTP/1.1)
POST /session/f1b5aaf75b9d196da690e1c2f1a0cb3e/element/07bbf24d-f3d1-468a-a3ad-bae41ae6be79/value HTTP/1.1
User-Agent: selenium/4.8.1 (java windows)
Content-Length: 181
Content-Type: application/json; charset=utf-8
host: localhost:40350
accept: */*

Response DefaultHttpResponse(decodeResult: success, version: HTTP/1.1)
HTTP/1.1 200 OK
Content-Length: 14
Content-Type: application/json; charset=utf-8
cache-control: no-cache

01:36:30.920 [AsyncHttpClient-1-8] DEBUG org.asynchttpclient.netty.channel.ChannelManager - Adding key: http://localhost:40350 for channel [id: 0x5ebf348f, L:/127.0.0.1:57103 - R:localhost/127.0.0.1:40350]
01:36:30.925 [Forwarding getAlertText on session f1b5aaf75b9d196da690e1c2f1a0cb3e to remote] DEBUG org.asynchttpclient.netty.request.NettyRequestSender - Using pooled Channel '[id: 0x5ebf348f, L:/127.0.0.1:57103 - R:localhost/127.0.0.1:40350]' for 'GET' to 'http://localhost:40350/session/f1b5aaf75b9d196da690e1c2f1a0cb3e/alert/text'
01:36:30.925 [Forwarding getAlertText on session f1b5aaf75b9d196da690e1c2f1a0cb3e to remote] DEBUG org.asynchttpclient.netty.request.NettyRequestSender - Using open Channel [id: 0x5ebf348f, L:/127.0.0.1:57103 - R:localhost/127.0.0.1:40350] for GET '/session/f1b5aaf75b9d196da690e1c2f1a0cb3e/alert/text'
01:36:30.927 [AsyncHttpClient-1-8] DEBUG org.asynchttpclient.netty.handler.HttpHandler - 

Request DefaultFullHttpRequest(decodeResult: success, version: HTTP/1.1, content: EmptyByteBufBE)
GET /session/f1b5aaf75b9d196da690e1c2f1a0cb3e/alert/text HTTP/1.1
User-Agent: selenium/4.8.1 (java windows)
Cache-Control: no-cache
Content-Type: application/json; charset=utf-8
host: localhost:40350
accept: */*

Response DefaultHttpResponse(decodeResult: success, version: HTTP/1.1)
HTTP/1.1 404 Not Found
Content-Length: 835
Content-Type: application/json; charset=utf-8
cache-control: no-cache

01:36:30.927 [AsyncHttpClient-1-8] DEBUG org.asynchttpclient.netty.channel.ChannelManager - Adding key: http://localhost:40350 for channel [id: 0x5ebf348f, L:/127.0.0.1:57103 - R:localhost/127.0.0.1:40350]
01:36:30.928 [Forwarding getCurrentUrl on session f1b5aaf75b9d196da690e1c2f1a0cb3e to remote] DEBUG org.asynchttpclient.netty.request.NettyRequestSender - Using pooled Channel '[id: 0x5ebf348f, L:/127.0.0.1:57103 - R:localhost/127.0.0.1:40350]' for 'GET' to 'http://localhost:40350/session/f1b5aaf75b9d196da690e1c2f1a0cb3e/url'
01:36:30.928 [Forwarding getCurrentUrl on session f1b5aaf75b9d196da690e1c2f1a0cb3e to remote] DEBUG org.asynchttpclient.netty.request.NettyRequestSender - Using open Channel [id: 0x5ebf348f, L:/127.0.0.1:57103 - R:localhost/127.0.0.1:40350] for GET '/session/f1b5aaf75b9d196da690e1c2f1a0cb3e/url'
01:36:30.931 [AsyncHttpClient-1-8] DEBUG org.asynchttpclient.netty.handler.HttpHandler - 

Request DefaultFullHttpRequest(decodeResult: success, version: HTTP/1.1, content: EmptyByteBufBE)
GET /session/f1b5aaf75b9d196da690e1c2f1a0cb3e/url HTTP/1.1
User-Agent: selenium/4.8.1 (java windows)
Cache-Control: no-cache
Content-Type: application/json; charset=utf-8
host: localhost:40350
accept: */*

Response DefaultHttpResponse(decodeResult: success, version: HTTP/1.1)
HTTP/1.1 200 OK
Content-Length: 42
Content-Type: application/json; charset=utf-8
cache-control: no-cache

01:36:30.931 [AsyncHttpClient-1-8] DEBUG org.asynchttpclient.netty.channel.ChannelManager - Adding key: http://localhost:40350 for channel [id: 0x5ebf348f, L:/127.0.0.1:57103 - R:localhost/127.0.0.1:40350]
01:36:30.931 [Forwarding screenshot on session f1b5aaf75b9d196da690e1c2f1a0cb3e to remote] DEBUG org.asynchttpclient.netty.request.NettyRequestSender - Using pooled Channel '[id: 0x5ebf348f, L:/127.0.0.1:57103 - R:localhost/127.0.0.1:40350]' for 'GET' to 'http://localhost:40350/session/f1b5aaf75b9d196da690e1c2f1a0cb3e/screenshot'
01:36:30.931 [Forwarding screenshot on session f1b5aaf75b9d196da690e1c2f1a0cb3e to remote] DEBUG org.asynchttpclient.netty.request.NettyRequestSender - Using open Channel [id: 0x5ebf348f, L:/127.0.0.1:57103 - R:localhost/127.0.0.1:40350] for GET '/session/f1b5aaf75b9d196da690e1c2f1a0cb3e/screenshot'
01:36:31.073 [AsyncHttpClient-1-8] DEBUG org.asynchttpclient.netty.handler.HttpHandler - 

Request DefaultFullHttpRequest(decodeResult: success, version: HTTP/1.1, content: EmptyByteBufBE)
GET /session/f1b5aaf75b9d196da690e1c2f1a0cb3e/screenshot HTTP/1.1
User-Agent: selenium/4.8.1 (java windows)
Cache-Control: no-cache
Content-Type: application/json; charset=utf-8
host: localhost:40350
accept: */*

Response DefaultHttpResponse(decodeResult: success, version: HTTP/1.1)
HTTP/1.1 200 OK
Content-Length: 259116
Content-Type: application/json; charset=utf-8
cache-control: no-cache

01:36:31.074 [AsyncHttpClient-1-8] DEBUG org.asynchttpclient.netty.channel.ChannelManager - Adding key: http://localhost:40350 for channel [id: 0x5ebf348f, L:/127.0.0.1:57103 - R:localhost/127.0.0.1:40350]
01:36:31.078 [main] DEBUG net.serenitybdd.core.photography.Darkroom - Send negative for processing for target\site\serenity\43ee1a9aece0c64e9e2981526cae9909db933e56f9d950c17feb5f7e32661225.png
01:36:31.078 [main] DEBUG net.thucydides.core.steps.StepInterceptor - STEP DONE: inputPassword
01:36:31.078 [Darkroom Processing Line] DEBUG net.serenitybdd.core.photography.DarkroomProcessingLine - Processing screenshot image in /var/screenshots/screenshot-13931024613171004863
01:36:31.078 [Darkroom Processing Line] DEBUG net.serenitybdd.core.photography.DarkroomProcessingLine - Saving screenshot to target\site\serenity\43ee1a9aece0c64e9e2981526cae9909db933e56f9d950c17feb5f7e32661225.png
01:36:31.083 [Forwarding getPageSource on session f1b5aaf75b9d196da690e1c2f1a0cb3e to remote] DEBUG org.asynchttpclient.netty.request.NettyRequestSender - Using pooled Channel '[id: 0x5ebf348f, L:/127.0.0.1:57103 - R:localhost/127.0.0.1:40350]' for 'POST' to 'http://localhost:40350/session/f1b5aaf75b9d196da690e1c2f1a0cb3e/execute/sync'
01:36:31.083 [Forwarding getPageSource on session f1b5aaf75b9d196da690e1c2f1a0cb3e to remote] DEBUG org.asynchttpclient.netty.request.NettyRequestSender - Using open Channel [id: 0x5ebf348f, L:/127.0.0.1:57103 - R:localhost/127.0.0.1:40350] for POST '/session/f1b5aaf75b9d196da690e1c2f1a0cb3e/execute/sync'
01:36:31.091 [AsyncHttpClient-1-8] DEBUG org.asynchttpclient.netty.handler.HttpHandler - 

Request DefaultHttpRequest(decodeResult: success, version: HTTP/1.1)
POST /session/f1b5aaf75b9d196da690e1c2f1a0cb3e/execute/sync HTTP/1.1
User-Agent: selenium/4.8.1 (java windows)
Content-Length: 176
Content-Type: application/json; charset=utf-8
host: localhost:40350
accept: */*

Response DefaultHttpResponse(decodeResult: success, version: HTTP/1.1)
HTTP/1.1 200 OK
Content-Length: 97061
Content-Type: application/json; charset=utf-8
cache-control: no-cache

01:36:31.091 [AsyncHttpClient-1-8] DEBUG org.asynchttpclient.netty.channel.ChannelManager - Adding key: http://localhost:40350 for channel [id: 0x5ebf348f, L:/127.0.0.1:57103 - R:localhost/127.0.0.1:40350]
01:36:31.096 [Forwarding getCurrentUrl on session f1b5aaf75b9d196da690e1c2f1a0cb3e to remote] DEBUG org.asynchttpclient.netty.request.NettyRequestSender - Using pooled Channel '[id: 0x5ebf348f, L:/127.0.0.1:57103 - R:localhost/127.0.0.1:40350]' for 'GET' to 'http://localhost:40350/session/f1b5aaf75b9d196da690e1c2f1a0cb3e/url'
01:36:31.096 [Forwarding getCurrentUrl on session f1b5aaf75b9d196da690e1c2f1a0cb3e to remote] DEBUG org.asynchttpclient.netty.request.NettyRequestSender - Using open Channel [id: 0x5ebf348f, L:/127.0.0.1:57103 - R:localhost/127.0.0.1:40350] for GET '/session/f1b5aaf75b9d196da690e1c2f1a0cb3e/url'
01:36:31.099 [AsyncHttpClient-1-8] DEBUG org.asynchttpclient.netty.handler.HttpHandler - 

Request DefaultFullHttpRequest(decodeResult: success, version: HTTP/1.1, content: EmptyByteBufBE)
GET /session/f1b5aaf75b9d196da690e1c2f1a0cb3e/url HTTP/1.1
User-Agent: selenium/4.8.1 (java windows)
Cache-Control: no-cache
Content-Type: application/json; charset=utf-8
host: localhost:40350
accept: */*

Response DefaultHttpResponse(decodeResult: success, version: HTTP/1.1)
HTTP/1.1 200 OK
Content-Length: 42
Content-Type: application/json; charset=utf-8
cache-control: no-cache

01:36:31.099 [AsyncHttpClient-1-8] DEBUG org.asynchttpclient.netty.channel.ChannelManager - Adding key: http://localhost:40350 for channel [id: 0x5ebf348f, L:/127.0.0.1:57103 - R:localhost/127.0.0.1:40350]
01:36:31.101 [main] DEBUG net.thucydides.core.steps.StepInterceptor - STARTING STEP: PaymentMethodSteps.onTheListrikPLNPage - clickSubmitButton
01:36:31.103 [Forwarding findElement on session f1b5aaf75b9d196da690e1c2f1a0cb3e to remote] DEBUG org.asynchttpclient.netty.request.NettyRequestSender - Using pooled Channel '[id: 0x5ebf348f, L:/127.0.0.1:57103 - R:localhost/127.0.0.1:40350]' for 'POST' to 'http://localhost:40350/session/f1b5aaf75b9d196da690e1c2f1a0cb3e/element'
01:36:31.103 [Forwarding findElement on session f1b5aaf75b9d196da690e1c2f1a0cb3e to remote] DEBUG org.asynchttpclient.netty.request.NettyRequestSender - Using open Channel [id: 0x5ebf348f, L:/127.0.0.1:57103 - R:localhost/127.0.0.1:40350] for POST '/session/f1b5aaf75b9d196da690e1c2f1a0cb3e/element'
01:36:31.111 [AsyncHttpClient-1-8] DEBUG org.asynchttpclient.netty.handler.HttpHandler - 

Request DefaultHttpRequest(decodeResult: success, version: HTTP/1.1)
POST /session/f1b5aaf75b9d196da690e1c2f1a0cb3e/element HTTP/1.1
User-Agent: selenium/4.8.1 (java windows)
Content-Length: 57
Content-Type: application/json; charset=utf-8
host: localhost:40350
accept: */*

Response DefaultHttpResponse(decodeResult: success, version: HTTP/1.1)
HTTP/1.1 200 OK
Content-Length: 88
Content-Type: application/json; charset=utf-8
cache-control: no-cache

01:36:31.111 [AsyncHttpClient-1-8] DEBUG org.asynchttpclient.netty.channel.ChannelManager - Adding key: http://localhost:40350 for channel [id: 0x5ebf348f, L:/127.0.0.1:57103 - R:localhost/127.0.0.1:40350]
01:36:31.112 [Forwarding getElementTagName on session f1b5aaf75b9d196da690e1c2f1a0cb3e to remote] DEBUG org.asynchttpclient.netty.request.NettyRequestSender - Using pooled Channel '[id: 0x5ebf348f, L:/127.0.0.1:57103 - R:localhost/127.0.0.1:40350]' for 'GET' to 'http://localhost:40350/session/f1b5aaf75b9d196da690e1c2f1a0cb3e/element/0eedf377-a0d3-4903-b216-09c80fd02d2f/name'
01:36:31.112 [Forwarding getElementTagName on session f1b5aaf75b9d196da690e1c2f1a0cb3e to remote] DEBUG org.asynchttpclient.netty.request.NettyRequestSender - Using open Channel [id: 0x5ebf348f, L:/127.0.0.1:57103 - R:localhost/127.0.0.1:40350] for GET '/session/f1b5aaf75b9d196da690e1c2f1a0cb3e/element/0eedf377-a0d3-4903-b216-09c80fd02d2f/name'
01:36:31.116 [AsyncHttpClient-1-8] DEBUG org.asynchttpclient.netty.handler.HttpHandler - 

Request DefaultFullHttpRequest(decodeResult: success, version: HTTP/1.1, content: EmptyByteBufBE)
GET /session/f1b5aaf75b9d196da690e1c2f1a0cb3e/element/0eedf377-a0d3-4903-b216-09c80fd02d2f/name HTTP/1.1
User-Agent: selenium/4.8.1 (java windows)
Cache-Control: no-cache
Content-Type: application/json; charset=utf-8
host: localhost:40350
accept: */*

Response DefaultHttpResponse(decodeResult: success, version: HTTP/1.1)
HTTP/1.1 200 OK
Content-Length: 18
Content-Type: application/json; charset=utf-8
cache-control: no-cache

01:36:31.116 [AsyncHttpClient-1-8] DEBUG org.asynchttpclient.netty.channel.ChannelManager - Adding key: http://localhost:40350 for channel [id: 0x5ebf348f, L:/127.0.0.1:57103 - R:localhost/127.0.0.1:40350]
01:36:31.117 [Forwarding getElementTagName on session f1b5aaf75b9d196da690e1c2f1a0cb3e to remote] DEBUG org.asynchttpclient.netty.request.NettyRequestSender - Using pooled Channel '[id: 0x5ebf348f, L:/127.0.0.1:57103 - R:localhost/127.0.0.1:40350]' for 'GET' to 'http://localhost:40350/session/f1b5aaf75b9d196da690e1c2f1a0cb3e/element/0eedf377-a0d3-4903-b216-09c80fd02d2f/name'
01:36:31.117 [Forwarding getElementTagName on session f1b5aaf75b9d196da690e1c2f1a0cb3e to remote] DEBUG org.asynchttpclient.netty.request.NettyRequestSender - Using open Channel [id: 0x5ebf348f, L:/127.0.0.1:57103 - R:localhost/127.0.0.1:40350] for GET '/session/f1b5aaf75b9d196da690e1c2f1a0cb3e/element/0eedf377-a0d3-4903-b216-09c80fd02d2f/name'
01:36:31.121 [AsyncHttpClient-1-8] DEBUG org.asynchttpclient.netty.handler.HttpHandler - 

Request DefaultFullHttpRequest(decodeResult: success, version: HTTP/1.1, content: EmptyByteBufBE)
GET /session/f1b5aaf75b9d196da690e1c2f1a0cb3e/element/0eedf377-a0d3-4903-b216-09c80fd02d2f/name HTTP/1.1
User-Agent: selenium/4.8.1 (java windows)
Cache-Control: no-cache
Content-Type: application/json; charset=utf-8
host: localhost:40350
accept: */*

Response DefaultHttpResponse(decodeResult: success, version: HTTP/1.1)
HTTP/1.1 200 OK
Content-Length: 18
Content-Type: application/json; charset=utf-8
cache-control: no-cache

01:36:31.121 [AsyncHttpClient-1-8] DEBUG org.asynchttpclient.netty.channel.ChannelManager - Adding key: http://localhost:40350 for channel [id: 0x5ebf348f, L:/127.0.0.1:57103 - R:localhost/127.0.0.1:40350]
01:36:31.122 [Forwarding isElementEnabled on session f1b5aaf75b9d196da690e1c2f1a0cb3e to remote] DEBUG org.asynchttpclient.netty.request.NettyRequestSender - Using pooled Channel '[id: 0x5ebf348f, L:/127.0.0.1:57103 - R:localhost/127.0.0.1:40350]' for 'GET' to 'http://localhost:40350/session/f1b5aaf75b9d196da690e1c2f1a0cb3e/element/0eedf377-a0d3-4903-b216-09c80fd02d2f/enabled'
01:36:31.122 [Forwarding isElementEnabled on session f1b5aaf75b9d196da690e1c2f1a0cb3e to remote] DEBUG org.asynchttpclient.netty.request.NettyRequestSender - Using open Channel [id: 0x5ebf348f, L:/127.0.0.1:57103 - R:localhost/127.0.0.1:40350] for GET '/session/f1b5aaf75b9d196da690e1c2f1a0cb3e/element/0eedf377-a0d3-4903-b216-09c80fd02d2f/enabled'
01:36:31.128 [AsyncHttpClient-1-8] DEBUG org.asynchttpclient.netty.handler.HttpHandler - 

Request DefaultFullHttpRequest(decodeResult: success, version: HTTP/1.1, content: EmptyByteBufBE)
GET /session/f1b5aaf75b9d196da690e1c2f1a0cb3e/element/0eedf377-a0d3-4903-b216-09c80fd02d2f/enabled HTTP/1.1
User-Agent: selenium/4.8.1 (java windows)
Cache-Control: no-cache
Content-Type: application/json; charset=utf-8
host: localhost:40350
accept: */*

Response DefaultHttpResponse(decodeResult: success, version: HTTP/1.1)
HTTP/1.1 200 OK
Content-Length: 14
Content-Type: application/json; charset=utf-8
cache-control: no-cache

01:36:31.128 [AsyncHttpClient-1-8] DEBUG org.asynchttpclient.netty.channel.ChannelManager - Adding key: http://localhost:40350 for channel [id: 0x5ebf348f, L:/127.0.0.1:57103 - R:localhost/127.0.0.1:40350]
01:36:31.129 [Forwarding isElementEnabled on session f1b5aaf75b9d196da690e1c2f1a0cb3e to remote] DEBUG org.asynchttpclient.netty.request.NettyRequestSender - Using pooled Channel '[id: 0x5ebf348f, L:/127.0.0.1:57103 - R:localhost/127.0.0.1:40350]' for 'GET' to 'http://localhost:40350/session/f1b5aaf75b9d196da690e1c2f1a0cb3e/element/0eedf377-a0d3-4903-b216-09c80fd02d2f/enabled'
01:36:31.129 [Forwarding isElementEnabled on session f1b5aaf75b9d196da690e1c2f1a0cb3e to remote] DEBUG org.asynchttpclient.netty.request.NettyRequestSender - Using open Channel [id: 0x5ebf348f, L:/127.0.0.1:57103 - R:localhost/127.0.0.1:40350] for GET '/session/f1b5aaf75b9d196da690e1c2f1a0cb3e/element/0eedf377-a0d3-4903-b216-09c80fd02d2f/enabled'
01:36:31.133 [AsyncHttpClient-1-8] DEBUG org.asynchttpclient.netty.handler.HttpHandler - 

Request DefaultFullHttpRequest(decodeResult: success, version: HTTP/1.1, content: EmptyByteBufBE)
GET /session/f1b5aaf75b9d196da690e1c2f1a0cb3e/element/0eedf377-a0d3-4903-b216-09c80fd02d2f/enabled HTTP/1.1
User-Agent: selenium/4.8.1 (java windows)
Cache-Control: no-cache
Content-Type: application/json; charset=utf-8
host: localhost:40350
accept: */*

Response DefaultHttpResponse(decodeResult: success, version: HTTP/1.1)
HTTP/1.1 200 OK
Content-Length: 14
Content-Type: application/json; charset=utf-8
cache-control: no-cache

01:36:31.133 [AsyncHttpClient-1-8] DEBUG org.asynchttpclient.netty.channel.ChannelManager - Adding key: http://localhost:40350 for channel [id: 0x5ebf348f, L:/127.0.0.1:57103 - R:localhost/127.0.0.1:40350]
01:36:31.135 [Forwarding findElement on session f1b5aaf75b9d196da690e1c2f1a0cb3e to remote] DEBUG org.asynchttpclient.netty.request.NettyRequestSender - Using pooled Channel '[id: 0x5ebf348f, L:/127.0.0.1:57103 - R:localhost/127.0.0.1:40350]' for 'POST' to 'http://localhost:40350/session/f1b5aaf75b9d196da690e1c2f1a0cb3e/element'
01:36:31.135 [Forwarding findElement on session f1b5aaf75b9d196da690e1c2f1a0cb3e to remote] DEBUG org.asynchttpclient.netty.request.NettyRequestSender - Using open Channel [id: 0x5ebf348f, L:/127.0.0.1:57103 - R:localhost/127.0.0.1:40350] for POST '/session/f1b5aaf75b9d196da690e1c2f1a0cb3e/element'
01:36:31.139 [AsyncHttpClient-1-8] DEBUG org.asynchttpclient.netty.handler.HttpHandler - 

Request DefaultHttpRequest(decodeResult: success, version: HTTP/1.1)
POST /session/f1b5aaf75b9d196da690e1c2f1a0cb3e/element HTTP/1.1
User-Agent: selenium/4.8.1 (java windows)
Content-Length: 57
Content-Type: application/json; charset=utf-8
host: localhost:40350
accept: */*

Response DefaultHttpResponse(decodeResult: success, version: HTTP/1.1)
HTTP/1.1 200 OK
Content-Length: 88
Content-Type: application/json; charset=utf-8
cache-control: no-cache

01:36:31.140 [AsyncHttpClient-1-8] DEBUG org.asynchttpclient.netty.channel.ChannelManager - Adding key: http://localhost:40350 for channel [id: 0x5ebf348f, L:/127.0.0.1:57103 - R:localhost/127.0.0.1:40350]
01:36:31.141 [Forwarding clickElement on session f1b5aaf75b9d196da690e1c2f1a0cb3e to remote] DEBUG org.asynchttpclient.netty.request.NettyRequestSender - Using pooled Channel '[id: 0x5ebf348f, L:/127.0.0.1:57103 - R:localhost/127.0.0.1:40350]' for 'POST' to 'http://localhost:40350/session/f1b5aaf75b9d196da690e1c2f1a0cb3e/element/0eedf377-a0d3-4903-b216-09c80fd02d2f/click'
01:36:31.141 [Forwarding clickElement on session f1b5aaf75b9d196da690e1c2f1a0cb3e to remote] DEBUG org.asynchttpclient.netty.request.NettyRequestSender - Using open Channel [id: 0x5ebf348f, L:/127.0.0.1:57103 - R:localhost/127.0.0.1:40350] for POST '/session/f1b5aaf75b9d196da690e1c2f1a0cb3e/element/0eedf377-a0d3-4903-b216-09c80fd02d2f/click'
01:36:31.188 [AsyncHttpClient-1-8] DEBUG org.asynchttpclient.netty.handler.HttpHandler - 

Request DefaultHttpRequest(decodeResult: success, version: HTTP/1.1)
POST /session/f1b5aaf75b9d196da690e1c2f1a0cb3e/element/0eedf377-a0d3-4903-b216-09c80fd02d2f/click HTTP/1.1
User-Agent: selenium/4.8.1 (java windows)
Content-Length: 50
Content-Type: application/json; charset=utf-8
host: localhost:40350
accept: */*

Response DefaultHttpResponse(decodeResult: success, version: HTTP/1.1)
HTTP/1.1 200 OK
Content-Length: 14
Content-Type: application/json; charset=utf-8
cache-control: no-cache

01:36:31.188 [AsyncHttpClient-1-8] DEBUG org.asynchttpclient.netty.channel.ChannelManager - Adding key: http://localhost:40350 for channel [id: 0x5ebf348f, L:/127.0.0.1:57103 - R:localhost/127.0.0.1:40350]
01:36:31.192 [Forwarding getAlertText on session f1b5aaf75b9d196da690e1c2f1a0cb3e to remote] DEBUG org.asynchttpclient.netty.request.NettyRequestSender - Using pooled Channel '[id: 0x5ebf348f, L:/127.0.0.1:57103 - R:localhost/127.0.0.1:40350]' for 'GET' to 'http://localhost:40350/session/f1b5aaf75b9d196da690e1c2f1a0cb3e/alert/text'
01:36:31.192 [Forwarding getAlertText on session f1b5aaf75b9d196da690e1c2f1a0cb3e to remote] DEBUG org.asynchttpclient.netty.request.NettyRequestSender - Using open Channel [id: 0x5ebf348f, L:/127.0.0.1:57103 - R:localhost/127.0.0.1:40350] for GET '/session/f1b5aaf75b9d196da690e1c2f1a0cb3e/alert/text'
01:36:31.194 [AsyncHttpClient-1-8] DEBUG org.asynchttpclient.netty.handler.HttpHandler - 

Request DefaultFullHttpRequest(decodeResult: success, version: HTTP/1.1, content: EmptyByteBufBE)
GET /session/f1b5aaf75b9d196da690e1c2f1a0cb3e/alert/text HTTP/1.1
User-Agent: selenium/4.8.1 (java windows)
Cache-Control: no-cache
Content-Type: application/json; charset=utf-8
host: localhost:40350
accept: */*

Response DefaultHttpResponse(decodeResult: success, version: HTTP/1.1)
HTTP/1.1 404 Not Found
Content-Length: 835
Content-Type: application/json; charset=utf-8
cache-control: no-cache

01:36:31.194 [AsyncHttpClient-1-8] DEBUG org.asynchttpclient.netty.channel.ChannelManager - Adding key: http://localhost:40350 for channel [id: 0x5ebf348f, L:/127.0.0.1:57103 - R:localhost/127.0.0.1:40350]
01:36:31.194 [Forwarding getCurrentUrl on session f1b5aaf75b9d196da690e1c2f1a0cb3e to remote] DEBUG org.asynchttpclient.netty.request.NettyRequestSender - Using pooled Channel '[id: 0x5ebf348f, L:/127.0.0.1:57103 - R:localhost/127.0.0.1:40350]' for 'GET' to 'http://localhost:40350/session/f1b5aaf75b9d196da690e1c2f1a0cb3e/url'
01:36:31.194 [Forwarding getCurrentUrl on session f1b5aaf75b9d196da690e1c2f1a0cb3e to remote] DEBUG org.asynchttpclient.netty.request.NettyRequestSender - Using open Channel [id: 0x5ebf348f, L:/127.0.0.1:57103 - R:localhost/127.0.0.1:40350] for GET '/session/f1b5aaf75b9d196da690e1c2f1a0cb3e/url'
01:36:31.197 [AsyncHttpClient-1-8] DEBUG org.asynchttpclient.netty.handler.HttpHandler - 

Request DefaultFullHttpRequest(decodeResult: success, version: HTTP/1.1, content: EmptyByteBufBE)
GET /session/f1b5aaf75b9d196da690e1c2f1a0cb3e/url HTTP/1.1
User-Agent: selenium/4.8.1 (java windows)
Cache-Control: no-cache
Content-Type: application/json; charset=utf-8
host: localhost:40350
accept: */*

Response DefaultHttpResponse(decodeResult: success, version: HTTP/1.1)
HTTP/1.1 200 OK
Content-Length: 42
Content-Type: application/json; charset=utf-8
cache-control: no-cache

01:36:31.197 [AsyncHttpClient-1-8] DEBUG org.asynchttpclient.netty.channel.ChannelManager - Adding key: http://localhost:40350 for channel [id: 0x5ebf348f, L:/127.0.0.1:57103 - R:localhost/127.0.0.1:40350]
01:36:31.198 [Forwarding screenshot on session f1b5aaf75b9d196da690e1c2f1a0cb3e to remote] DEBUG org.asynchttpclient.netty.request.NettyRequestSender - Using pooled Channel '[id: 0x5ebf348f, L:/127.0.0.1:57103 - R:localhost/127.0.0.1:40350]' for 'GET' to 'http://localhost:40350/session/f1b5aaf75b9d196da690e1c2f1a0cb3e/screenshot'
01:36:31.198 [Forwarding screenshot on session f1b5aaf75b9d196da690e1c2f1a0cb3e to remote] DEBUG org.asynchttpclient.netty.request.NettyRequestSender - Using open Channel [id: 0x5ebf348f, L:/127.0.0.1:57103 - R:localhost/127.0.0.1:40350] for GET '/session/f1b5aaf75b9d196da690e1c2f1a0cb3e/screenshot'
01:36:31.347 [AsyncHttpClient-1-8] DEBUG org.asynchttpclient.netty.handler.HttpHandler - 

Request DefaultFullHttpRequest(decodeResult: success, version: HTTP/1.1, content: EmptyByteBufBE)
GET /session/f1b5aaf75b9d196da690e1c2f1a0cb3e/screenshot HTTP/1.1
User-Agent: selenium/4.8.1 (java windows)
Cache-Control: no-cache
Content-Type: application/json; charset=utf-8
host: localhost:40350
accept: */*

Response DefaultHttpResponse(decodeResult: success, version: HTTP/1.1)
HTTP/1.1 200 OK
Content-Length: 147724
Content-Type: application/json; charset=utf-8
cache-control: no-cache

01:36:31.348 [AsyncHttpClient-1-8] DEBUG org.asynchttpclient.netty.channel.ChannelManager - Adding key: http://localhost:40350 for channel [id: 0x5ebf348f, L:/127.0.0.1:57103 - R:localhost/127.0.0.1:40350]
01:36:31.351 [main] DEBUG net.serenitybdd.core.photography.Darkroom - Send negative for processing for target\site\serenity\44eeaf4792887f26d00024aada2add2ebf3f26533bf36c5e60d6f455a680841a.png
01:36:31.351 [main] DEBUG net.thucydides.core.steps.StepInterceptor - STEP DONE: clickSubmitButton
  &amp#27;[32mGiven &amp#27;[0m&amp#27;[32mI am on the Listrik PLN Page&amp#27;[0m                        &amp#27;[90m# starter.stepdefintions.PaymentMethodSteps.onTheListrikPLNPage()&amp#27;[0m
01:36:31.351 [Darkroom Processing Line] DEBUG net.serenitybdd.core.photography.DarkroomProcessingLine - Processing screenshot image in /var/screenshots/screenshot-10652653574911616639
01:36:31.351 [Darkroom Processing Line] DEBUG net.serenitybdd.core.photography.DarkroomProcessingLine - Saving screenshot to target\site\serenity\44eeaf4792887f26d00024aada2add2ebf3f26533bf36c5e60d6f455a680841a.png
01:36:31.357 [Forwarding getPageSource on session f1b5aaf75b9d196da690e1c2f1a0cb3e to remote] DEBUG org.asynchttpclient.netty.request.NettyRequestSender - Using pooled Channel '[id: 0x5ebf348f, L:/127.0.0.1:57103 - R:localhost/127.0.0.1:40350]' for 'POST' to 'http://localhost:40350/session/f1b5aaf75b9d196da690e1c2f1a0cb3e/execute/sync'
01:36:31.357 [Forwarding getPageSource on session f1b5aaf75b9d196da690e1c2f1a0cb3e to remote] DEBUG org.asynchttpclient.netty.request.NettyRequestSender - Using open Channel [id: 0x5ebf348f, L:/127.0.0.1:57103 - R:localhost/127.0.0.1:40350] for POST '/session/f1b5aaf75b9d196da690e1c2f1a0cb3e/execute/sync'
01:36:31.365 [AsyncHttpClient-1-8] DEBUG org.asynchttpclient.netty.handler.HttpHandler - 

Request DefaultHttpRequest(decodeResult: success, version: HTTP/1.1)
POST /session/f1b5aaf75b9d196da690e1c2f1a0cb3e/execute/sync HTTP/1.1
User-Agent: selenium/4.8.1 (java windows)
Content-Length: 176
Content-Type: application/json; charset=utf-8
host: localhost:40350
accept: */*

Response DefaultHttpResponse(decodeResult: success, version: HTTP/1.1)
HTTP/1.1 200 OK
Content-Length: 103526
Content-Type: application/json; charset=utf-8
cache-control: no-cache

01:36:31.366 [AsyncHttpClient-1-8] DEBUG org.asynchttpclient.netty.channel.ChannelManager - Adding key: http://localhost:40350 for channel [id: 0x5ebf348f, L:/127.0.0.1:57103 - R:localhost/127.0.0.1:40350]
01:36:31.370 [Forwarding getCurrentUrl on session f1b5aaf75b9d196da690e1c2f1a0cb3e to remote] DEBUG org.asynchttpclient.netty.request.NettyRequestSender - Using pooled Channel '[id: 0x5ebf348f, L:/127.0.0.1:57103 - R:localhost/127.0.0.1:40350]' for 'GET' to 'http://localhost:40350/session/f1b5aaf75b9d196da690e1c2f1a0cb3e/url'
01:36:31.370 [Forwarding getCurrentUrl on session f1b5aaf75b9d196da690e1c2f1a0cb3e to remote] DEBUG org.asynchttpclient.netty.request.NettyRequestSender - Using open Channel [id: 0x5ebf348f, L:/127.0.0.1:57103 - R:localhost/127.0.0.1:40350] for GET '/session/f1b5aaf75b9d196da690e1c2f1a0cb3e/url'
01:36:31.373 [AsyncHttpClient-1-8] DEBUG org.asynchttpclient.netty.handler.HttpHandler - 

Request DefaultFullHttpRequest(decodeResult: success, version: HTTP/1.1, content: EmptyByteBufBE)
GET /session/f1b5aaf75b9d196da690e1c2f1a0cb3e/url HTTP/1.1
User-Agent: selenium/4.8.1 (java windows)
Cache-Control: no-cache
Content-Type: application/json; charset=utf-8
host: localhost:40350
accept: */*

Response DefaultHttpResponse(decodeResult: success, version: HTTP/1.1)
HTTP/1.1 200 OK
Content-Length: 42
Content-Type: application/json; charset=utf-8
cache-control: no-cache

01:36:31.373 [AsyncHttpClient-1-8] DEBUG org.asynchttpclient.netty.channel.ChannelManager - Adding key: http://localhost:40350 for channel [id: 0x5ebf348f, L:/127.0.0.1:57103 - R:localhost/127.0.0.1:40350]
01:36:31.379 [Forwarding getPageSource on session f1b5aaf75b9d196da690e1c2f1a0cb3e to remote] DEBUG org.asynchttpclient.netty.request.NettyRequestSender - Using pooled Channel '[id: 0x5ebf348f, L:/127.0.0.1:57103 - R:localhost/127.0.0.1:40350]' for 'POST' to 'http://localhost:40350/session/f1b5aaf75b9d196da690e1c2f1a0cb3e/execute/sync'
01:36:31.380 [Forwarding getPageSource on session f1b5aaf75b9d196da690e1c2f1a0cb3e to remote] DEBUG org.asynchttpclient.netty.request.NettyRequestSender - Using open Channel [id: 0x5ebf348f, L:/127.0.0.1:57103 - R:localhost/127.0.0.1:40350] for POST '/session/f1b5aaf75b9d196da690e1c2f1a0cb3e/execute/sync'
01:36:31.388 [AsyncHttpClient-1-8] DEBUG org.asynchttpclient.netty.handler.HttpHandler - 

Request DefaultHttpRequest(decodeResult: success, version: HTTP/1.1)
POST /session/f1b5aaf75b9d196da690e1c2f1a0cb3e/execute/sync HTTP/1.1
User-Agent: selenium/4.8.1 (java windows)
Content-Length: 176
Content-Type: application/json; charset=utf-8
host: localhost:40350
accept: */*

Response DefaultHttpResponse(decodeResult: success, version: HTTP/1.1)
HTTP/1.1 200 OK
Content-Length: 103526
Content-Type: application/json; charset=utf-8
cache-control: no-cache

01:36:31.388 [AsyncHttpClient-1-8] DEBUG org.asynchttpclient.netty.channel.ChannelManager - Adding key: http://localhost:40350 for channel [id: 0x5ebf348f, L:/127.0.0.1:57103 - R:localhost/127.0.0.1:40350]
01:36:31.392 [Forwarding getCurrentUrl on session f1b5aaf75b9d196da690e1c2f1a0cb3e to remote] DEBUG org.asynchttpclient.netty.request.NettyRequestSender - Using pooled Channel '[id: 0x5ebf348f, L:/127.0.0.1:57103 - R:localhost/127.0.0.1:40350]' for 'GET' to 'http://localhost:40350/session/f1b5aaf75b9d196da690e1c2f1a0cb3e/url'
01:36:31.392 [Forwarding getCurrentUrl on session f1b5aaf75b9d196da690e1c2f1a0cb3e to remote] DEBUG org.asynchttpclient.netty.request.NettyRequestSender - Using open Channel [id: 0x5ebf348f, L:/127.0.0.1:57103 - R:localhost/127.0.0.1:40350] for GET '/session/f1b5aaf75b9d196da690e1c2f1a0cb3e/url'
01:36:31.395 [AsyncHttpClient-1-8] DEBUG org.asynchttpclient.netty.handler.HttpHandler - 

Request DefaultFullHttpRequest(decodeResult: success, version: HTTP/1.1, content: EmptyByteBufBE)
GET /session/f1b5aaf75b9d196da690e1c2f1a0cb3e/url HTTP/1.1
User-Agent: selenium/4.8.1 (java windows)
Cache-Control: no-cache
Content-Type: application/json; charset=utf-8
host: localhost:40350
accept: */*

Response DefaultHttpResponse(decodeResult: success, version: HTTP/1.1)
HTTP/1.1 200 OK
Content-Length: 42
Content-Type: application/json; charset=utf-8
cache-control: no-cache

01:36:31.395 [AsyncHttpClient-1-8] DEBUG org.asynchttpclient.netty.channel.ChannelManager - Adding key: http://localhost:40350 for channel [id: 0x5ebf348f, L:/127.0.0.1:57103 - R:localhost/127.0.0.1:40350]
01:36:31.397 [main] DEBUG net.thucydides.core.steps.StepInterceptor - STARTING STEP: PaymentMethodSteps.proceedsToCheckout - clickProductItem
01:36:31.399 [Forwarding findElement on session f1b5aaf75b9d196da690e1c2f1a0cb3e to remote] DEBUG org.asynchttpclient.netty.request.NettyRequestSender - Using pooled Channel '[id: 0x5ebf348f, L:/127.0.0.1:57103 - R:localhost/127.0.0.1:40350]' for 'POST' to 'http://localhost:40350/session/f1b5aaf75b9d196da690e1c2f1a0cb3e/element'
01:36:31.399 [Forwarding findElement on session f1b5aaf75b9d196da690e1c2f1a0cb3e to remote] DEBUG org.asynchttpclient.netty.request.NettyRequestSender - Using open Channel [id: 0x5ebf348f, L:/127.0.0.1:57103 - R:localhost/127.0.0.1:40350] for POST '/session/f1b5aaf75b9d196da690e1c2f1a0cb3e/element'
01:36:31.788 [AsyncHttpClient-1-1] DEBUG org.asynchttpclient.netty.channel.DefaultChannelPool - Entry count for : http://localhost:57104 : 1
01:36:32.884 [AsyncHttpClient-1-1] DEBUG org.asynchttpclient.netty.channel.DefaultChannelPool - Entry count for : http://localhost:57104 : 1
01:36:33.453 [AsyncHttpClient-1-8] DEBUG org.asynchttpclient.netty.handler.HttpHandler - 

Request DefaultHttpRequest(decodeResult: success, version: HTTP/1.1)
POST /session/f1b5aaf75b9d196da690e1c2f1a0cb3e/element HTTP/1.1
User-Agent: selenium/4.8.1 (java windows)
Content-Length: 59
Content-Type: application/json; charset=utf-8
host: localhost:40350
accept: */*

Response DefaultHttpResponse(decodeResult: success, version: HTTP/1.1)
HTTP/1.1 404 Not Found
Content-Length: 957
Content-Type: application/json; charset=utf-8
cache-control: no-cache

01:36:33.453 [AsyncHttpClient-1-8] DEBUG org.asynchttpclient.netty.channel.ChannelManager - Adding key: http://localhost:40350 for channel [id: 0x5ebf348f, L:/127.0.0.1:57103 - R:localhost/127.0.0.1:40350]
01:36:33.556 [Forwarding findElement on session f1b5aaf75b9d196da690e1c2f1a0cb3e to remote] DEBUG org.asynchttpclient.netty.request.NettyRequestSender - Using pooled Channel '[id: 0x5ebf348f, L:/127.0.0.1:57103 - R:localhost/127.0.0.1:40350]' for 'POST' to 'http://localhost:40350/session/f1b5aaf75b9d196da690e1c2f1a0cb3e/element'
01:36:33.556 [Forwarding findElement on session f1b5aaf75b9d196da690e1c2f1a0cb3e to remote] DEBUG org.asynchttpclient.netty.request.NettyRequestSender - Using open Channel [id: 0x5ebf348f, L:/127.0.0.1:57103 - R:localhost/127.0.0.1:40350] for POST '/session/f1b5aaf75b9d196da690e1c2f1a0cb3e/element'
01:36:33.984 [AsyncHttpClient-1-1] DEBUG org.asynchttpclient.netty.channel.DefaultChannelPool - Entry count for : http://localhost:57104 : 1
01:36:34.547 [AsyncHttpClient-1-8] DEBUG org.asynchttpclient.netty.handler.HttpHandler - 

Request DefaultHttpRequest(decodeResult: success, version: HTTP/1.1)
POST /session/f1b5aaf75b9d196da690e1c2f1a0cb3e/element HTTP/1.1
User-Agent: selenium/4.8.1 (java windows)
Content-Length: 59
Content-Type: application/json; charset=utf-8
host: localhost:40350
accept: */*

Response DefaultHttpResponse(decodeResult: success, version: HTTP/1.1)
HTTP/1.1 200 OK
Content-Length: 88
Content-Type: application/json; charset=utf-8
cache-control: no-cache

01:36:34.547 [AsyncHttpClient-1-8] DEBUG org.asynchttpclient.netty.channel.ChannelManager - Adding key: http://localhost:40350 for channel [id: 0x5ebf348f, L:/127.0.0.1:57103 - R:localhost/127.0.0.1:40350]
01:36:34.548 [Forwarding getElementTagName on session f1b5aaf75b9d196da690e1c2f1a0cb3e to remote] DEBUG org.asynchttpclient.netty.request.NettyRequestSender - Using pooled Channel '[id: 0x5ebf348f, L:/127.0.0.1:57103 - R:localhost/127.0.0.1:40350]' for 'GET' to 'http://localhost:40350/session/f1b5aaf75b9d196da690e1c2f1a0cb3e/element/13be08ca-d7f5-4054-ac17-b25576f06e3e/name'
01:36:34.549 [Forwarding getElementTagName on session f1b5aaf75b9d196da690e1c2f1a0cb3e to remote] DEBUG org.asynchttpclient.netty.request.NettyRequestSender - Using open Channel [id: 0x5ebf348f, L:/127.0.0.1:57103 - R:localhost/127.0.0.1:40350] for GET '/session/f1b5aaf75b9d196da690e1c2f1a0cb3e/element/13be08ca-d7f5-4054-ac17-b25576f06e3e/name'
01:36:34.552 [AsyncHttpClient-1-8] DEBUG org.asynchttpclient.netty.handler.HttpHandler - 

Request DefaultFullHttpRequest(decodeResult: success, version: HTTP/1.1, content: EmptyByteBufBE)
GET /session/f1b5aaf75b9d196da690e1c2f1a0cb3e/element/13be08ca-d7f5-4054-ac17-b25576f06e3e/name HTTP/1.1
User-Agent: selenium/4.8.1 (java windows)
Cache-Control: no-cache
Content-Type: application/json; charset=utf-8
host: localhost:40350
accept: */*

Response DefaultHttpResponse(decodeResult: success, version: HTTP/1.1)
HTTP/1.1 200 OK
Content-Length: 15
Content-Type: application/json; charset=utf-8
cache-control: no-cache

01:36:34.552 [AsyncHttpClient-1-8] DEBUG org.asynchttpclient.netty.channel.ChannelManager - Adding key: http://localhost:40350 for channel [id: 0x5ebf348f, L:/127.0.0.1:57103 - R:localhost/127.0.0.1:40350]
01:36:34.553 [Forwarding getElementTagName on session f1b5aaf75b9d196da690e1c2f1a0cb3e to remote] DEBUG org.asynchttpclient.netty.request.NettyRequestSender - Using pooled Channel '[id: 0x5ebf348f, L:/127.0.0.1:57103 - R:localhost/127.0.0.1:40350]' for 'GET' to 'http://localhost:40350/session/f1b5aaf75b9d196da690e1c2f1a0cb3e/element/13be08ca-d7f5-4054-ac17-b25576f06e3e/name'
01:36:34.553 [Forwarding getElementTagName on session f1b5aaf75b9d196da690e1c2f1a0cb3e to remote] DEBUG org.asynchttpclient.netty.request.NettyRequestSender - Using open Channel [id: 0x5ebf348f, L:/127.0.0.1:57103 - R:localhost/127.0.0.1:40350] for GET '/session/f1b5aaf75b9d196da690e1c2f1a0cb3e/element/13be08ca-d7f5-4054-ac17-b25576f06e3e/name'
01:36:34.557 [AsyncHttpClient-1-8] DEBUG org.asynchttpclient.netty.handler.HttpHandler - 

Request DefaultFullHttpRequest(decodeResult: success, version: HTTP/1.1, content: EmptyByteBufBE)
GET /session/f1b5aaf75b9d196da690e1c2f1a0cb3e/element/13be08ca-d7f5-4054-ac17-b25576f06e3e/name HTTP/1.1
User-Agent: selenium/4.8.1 (java windows)
Cache-Control: no-cache
Content-Type: application/json; charset=utf-8
host: localhost:40350
accept: */*

Response DefaultHttpResponse(decodeResult: success, version: HTTP/1.1)
HTTP/1.1 200 OK
Content-Length: 15
Content-Type: application/json; charset=utf-8
cache-control: no-cache

01:36:34.557 [AsyncHttpClient-1-8] DEBUG org.asynchttpclient.netty.channel.ChannelManager - Adding key: http://localhost:40350 for channel [id: 0x5ebf348f, L:/127.0.0.1:57103 - R:localhost/127.0.0.1:40350]
01:36:34.558 [Forwarding findElement on session f1b5aaf75b9d196da690e1c2f1a0cb3e to remote] DEBUG org.asynchttpclient.netty.request.NettyRequestSender - Using pooled Channel '[id: 0x5ebf348f, L:/127.0.0.1:57103 - R:localhost/127.0.0.1:40350]' for 'POST' to 'http://localhost:40350/session/f1b5aaf75b9d196da690e1c2f1a0cb3e/element'
01:36:34.558 [Forwarding findElement on session f1b5aaf75b9d196da690e1c2f1a0cb3e to remote] DEBUG org.asynchttpclient.netty.request.NettyRequestSender - Using open Channel [id: 0x5ebf348f, L:/127.0.0.1:57103 - R:localhost/127.0.0.1:40350] for POST '/session/f1b5aaf75b9d196da690e1c2f1a0cb3e/element'
01:36:34.563 [AsyncHttpClient-1-8] DEBUG org.asynchttpclient.netty.handler.HttpHandler - 

Request DefaultHttpRequest(decodeResult: success, version: HTTP/1.1)
POST /session/f1b5aaf75b9d196da690e1c2f1a0cb3e/element HTTP/1.1
User-Agent: selenium/4.8.1 (java windows)
Content-Length: 59
Content-Type: application/json; charset=utf-8
host: localhost:40350
accept: */*

Response DefaultHttpResponse(decodeResult: success, version: HTTP/1.1)
HTTP/1.1 200 OK
Content-Length: 88
Content-Type: application/json; charset=utf-8
cache-control: no-cache

01:36:34.564 [AsyncHttpClient-1-8] DEBUG org.asynchttpclient.netty.channel.ChannelManager - Adding key: http://localhost:40350 for channel [id: 0x5ebf348f, L:/127.0.0.1:57103 - R:localhost/127.0.0.1:40350]
01:36:34.565 [Forwarding clickElement on session f1b5aaf75b9d196da690e1c2f1a0cb3e to remote] DEBUG org.asynchttpclient.netty.request.NettyRequestSender - Using pooled Channel '[id: 0x5ebf348f, L:/127.0.0.1:57103 - R:localhost/127.0.0.1:40350]' for 'POST' to 'http://localhost:40350/session/f1b5aaf75b9d196da690e1c2f1a0cb3e/element/13be08ca-d7f5-4054-ac17-b25576f06e3e/click'
01:36:34.565 [Forwarding clickElement on session f1b5aaf75b9d196da690e1c2f1a0cb3e to remote] DEBUG org.asynchttpclient.netty.request.NettyRequestSender - Using open Channel [id: 0x5ebf348f, L:/127.0.0.1:57103 - R:localhost/127.0.0.1:40350] for POST '/session/f1b5aaf75b9d196da690e1c2f1a0cb3e/element/13be08ca-d7f5-4054-ac17-b25576f06e3e/click'
01:36:34.599 [AsyncHttpClient-1-8] DEBUG org.asynchttpclient.netty.handler.HttpHandler - 

Request DefaultHttpRequest(decodeResult: success, version: HTTP/1.1)
POST /session/f1b5aaf75b9d196da690e1c2f1a0cb3e/element/13be08ca-d7f5-4054-ac17-b25576f06e3e/click HTTP/1.1
User-Agent: selenium/4.8.1 (java windows)
Content-Length: 50
Content-Type: application/json; charset=utf-8
host: localhost:40350
accept: */*

Response DefaultHttpResponse(decodeResult: success, version: HTTP/1.1)
HTTP/1.1 200 OK
Content-Length: 14
Content-Type: application/json; charset=utf-8
cache-control: no-cache

01:36:34.600 [AsyncHttpClient-1-8] DEBUG org.asynchttpclient.netty.channel.ChannelManager - Adding key: http://localhost:40350 for channel [id: 0x5ebf348f, L:/127.0.0.1:57103 - R:localhost/127.0.0.1:40350]
01:36:34.604 [Forwarding getAlertText on session f1b5aaf75b9d196da690e1c2f1a0cb3e to remote] DEBUG org.asynchttpclient.netty.request.NettyRequestSender - Using pooled Channel '[id: 0x5ebf348f, L:/127.0.0.1:57103 - R:localhost/127.0.0.1:40350]' for 'GET' to 'http://localhost:40350/session/f1b5aaf75b9d196da690e1c2f1a0cb3e/alert/text'
01:36:34.604 [Forwarding getAlertText on session f1b5aaf75b9d196da690e1c2f1a0cb3e to remote] DEBUG org.asynchttpclient.netty.request.NettyRequestSender - Using open Channel [id: 0x5ebf348f, L:/127.0.0.1:57103 - R:localhost/127.0.0.1:40350] for GET '/session/f1b5aaf75b9d196da690e1c2f1a0cb3e/alert/text'
01:36:34.638 [AsyncHttpClient-1-8] DEBUG org.asynchttpclient.netty.handler.HttpHandler - 

Request DefaultFullHttpRequest(decodeResult: success, version: HTTP/1.1, content: EmptyByteBufBE)
GET /session/f1b5aaf75b9d196da690e1c2f1a0cb3e/alert/text HTTP/1.1
User-Agent: selenium/4.8.1 (java windows)
Cache-Control: no-cache
Content-Type: application/json; charset=utf-8
host: localhost:40350
accept: */*

Response DefaultHttpResponse(decodeResult: success, version: HTTP/1.1)
HTTP/1.1 404 Not Found
Content-Length: 835
Content-Type: application/json; charset=utf-8
cache-control: no-cache

01:36:34.639 [AsyncHttpClient-1-8] DEBUG org.asynchttpclient.netty.channel.ChannelManager - Adding key: http://localhost:40350 for channel [id: 0x5ebf348f, L:/127.0.0.1:57103 - R:localhost/127.0.0.1:40350]
01:36:34.640 [Forwarding getCurrentUrl on session f1b5aaf75b9d196da690e1c2f1a0cb3e to remote] DEBUG org.asynchttpclient.netty.request.NettyRequestSender - Using pooled Channel '[id: 0x5ebf348f, L:/127.0.0.1:57103 - R:localhost/127.0.0.1:40350]' for 'GET' to 'http://localhost:40350/session/f1b5aaf75b9d196da690e1c2f1a0cb3e/url'
01:36:34.640 [Forwarding getCurrentUrl on session f1b5aaf75b9d196da690e1c2f1a0cb3e to remote] DEBUG org.asynchttpclient.netty.request.NettyRequestSender - Using open Channel [id: 0x5ebf348f, L:/127.0.0.1:57103 - R:localhost/127.0.0.1:40350] for GET '/session/f1b5aaf75b9d196da690e1c2f1a0cb3e/url'
01:36:34.649 [AsyncHttpClient-1-8] DEBUG org.asynchttpclient.netty.handler.HttpHandler - 

Request DefaultFullHttpRequest(decodeResult: success, version: HTTP/1.1, content: EmptyByteBufBE)
GET /session/f1b5aaf75b9d196da690e1c2f1a0cb3e/url HTTP/1.1
User-Agent: selenium/4.8.1 (java windows)
Cache-Control: no-cache
Content-Type: application/json; charset=utf-8
host: localhost:40350
accept: */*

Response DefaultHttpResponse(decodeResult: success, version: HTTP/1.1)
HTTP/1.1 200 OK
Content-Length: 51
Content-Type: application/json; charset=utf-8
cache-control: no-cache

01:36:34.649 [AsyncHttpClient-1-8] DEBUG org.asynchttpclient.netty.channel.ChannelManager - Adding key: http://localhost:40350 for channel [id: 0x5ebf348f, L:/127.0.0.1:57103 - R:localhost/127.0.0.1:40350]
01:36:34.650 [Forwarding screenshot on session f1b5aaf75b9d196da690e1c2f1a0cb3e to remote] DEBUG org.asynchttpclient.netty.request.NettyRequestSender - Using pooled Channel '[id: 0x5ebf348f, L:/127.0.0.1:57103 - R:localhost/127.0.0.1:40350]' for 'GET' to 'http://localhost:40350/session/f1b5aaf75b9d196da690e1c2f1a0cb3e/screenshot'
01:36:34.650 [Forwarding screenshot on session f1b5aaf75b9d196da690e1c2f1a0cb3e to remote] DEBUG org.asynchttpclient.netty.request.NettyRequestSender - Using open Channel [id: 0x5ebf348f, L:/127.0.0.1:57103 - R:localhost/127.0.0.1:40350] for GET '/session/f1b5aaf75b9d196da690e1c2f1a0cb3e/screenshot'
01:36:34.804 [AsyncHttpClient-1-8] DEBUG org.asynchttpclient.netty.handler.HttpHandler - 

Request DefaultFullHttpRequest(decodeResult: success, version: HTTP/1.1, content: EmptyByteBufBE)
GET /session/f1b5aaf75b9d196da690e1c2f1a0cb3e/screenshot HTTP/1.1
User-Agent: selenium/4.8.1 (java windows)
Cache-Control: no-cache
Content-Type: application/json; charset=utf-8
host: localhost:40350
accept: */*

Response DefaultHttpResponse(decodeResult: success, version: HTTP/1.1)
HTTP/1.1 200 OK
Content-Length: 166104
Content-Type: application/json; charset=utf-8
cache-control: no-cache

01:36:34.804 [AsyncHttpClient-1-8] DEBUG org.asynchttpclient.netty.channel.ChannelManager - Adding key: http://localhost:40350 for channel [id: 0x5ebf348f, L:/127.0.0.1:57103 - R:localhost/127.0.0.1:40350]
01:36:34.807 [main] DEBUG net.serenitybdd.core.photography.Darkroom - Send negative for processing for target\site\serenity\ab1bd7be5e4253912728757337ea8b29f9d29851883ea64fef177bbdc523ccbb.png
01:36:34.807 [main] DEBUG net.thucydides.core.steps.StepInterceptor - STEP DONE: clickProductItem
01:36:34.807 [Darkroom Processing Line] DEBUG net.serenitybdd.core.photography.DarkroomProcessingLine - Processing screenshot image in /var/screenshots/screenshot-5790004929211119631
01:36:34.807 [Darkroom Processing Line] DEBUG net.serenitybdd.core.photography.DarkroomProcessingLine - Saving screenshot to target\site\serenity\ab1bd7be5e4253912728757337ea8b29f9d29851883ea64fef177bbdc523ccbb.png
01:36:34.856 [Forwarding getPageSource on session f1b5aaf75b9d196da690e1c2f1a0cb3e to remote] DEBUG org.asynchttpclient.netty.request.NettyRequestSender - Using pooled Channel '[id: 0x5ebf348f, L:/127.0.0.1:57103 - R:localhost/127.0.0.1:40350]' for 'POST' to 'http://localhost:40350/session/f1b5aaf75b9d196da690e1c2f1a0cb3e/execute/sync'
01:36:34.857 [Forwarding getPageSource on session f1b5aaf75b9d196da690e1c2f1a0cb3e to remote] DEBUG org.asynchttpclient.netty.request.NettyRequestSender - Using open Channel [id: 0x5ebf348f, L:/127.0.0.1:57103 - R:localhost/127.0.0.1:40350] for POST '/session/f1b5aaf75b9d196da690e1c2f1a0cb3e/execute/sync'
01:36:34.863 [AsyncHttpClient-1-8] DEBUG org.asynchttpclient.netty.handler.HttpHandler - 

Request DefaultHttpRequest(decodeResult: success, version: HTTP/1.1)
POST /session/f1b5aaf75b9d196da690e1c2f1a0cb3e/execute/sync HTTP/1.1
User-Agent: selenium/4.8.1 (java windows)
Content-Length: 176
Content-Type: application/json; charset=utf-8
host: localhost:40350
accept: */*

Response DefaultHttpResponse(decodeResult: success, version: HTTP/1.1)
HTTP/1.1 200 OK
Content-Length: 100630
Content-Type: application/json; charset=utf-8
cache-control: no-cache

01:36:34.864 [AsyncHttpClient-1-8] DEBUG org.asynchttpclient.netty.channel.ChannelManager - Adding key: http://localhost:40350 for channel [id: 0x5ebf348f, L:/127.0.0.1:57103 - R:localhost/127.0.0.1:40350]
01:36:34.870 [Forwarding getCurrentUrl on session f1b5aaf75b9d196da690e1c2f1a0cb3e to remote] DEBUG org.asynchttpclient.netty.request.NettyRequestSender - Using pooled Channel '[id: 0x5ebf348f, L:/127.0.0.1:57103 - R:localhost/127.0.0.1:40350]' for 'GET' to 'http://localhost:40350/session/f1b5aaf75b9d196da690e1c2f1a0cb3e/url'
01:36:34.870 [Forwarding getCurrentUrl on session f1b5aaf75b9d196da690e1c2f1a0cb3e to remote] DEBUG org.asynchttpclient.netty.request.NettyRequestSender - Using open Channel [id: 0x5ebf348f, L:/127.0.0.1:57103 - R:localhost/127.0.0.1:40350] for GET '/session/f1b5aaf75b9d196da690e1c2f1a0cb3e/url'
01:36:34.872 [AsyncHttpClient-1-8] DEBUG org.asynchttpclient.netty.handler.HttpHandler - 

Request DefaultFullHttpRequest(decodeResult: success, version: HTTP/1.1, content: EmptyByteBufBE)
GET /session/f1b5aaf75b9d196da690e1c2f1a0cb3e/url HTTP/1.1
User-Agent: selenium/4.8.1 (java windows)
Cache-Control: no-cache
Content-Type: application/json; charset=utf-8
host: localhost:40350
accept: */*

Response DefaultHttpResponse(decodeResult: success, version: HTTP/1.1)
HTTP/1.1 200 OK
Content-Length: 51
Content-Type: application/json; charset=utf-8
cache-control: no-cache

01:36:34.873 [AsyncHttpClient-1-8] DEBUG org.asynchttpclient.netty.channel.ChannelManager - Adding key: http://localhost:40350 for channel [id: 0x5ebf348f, L:/127.0.0.1:57103 - R:localhost/127.0.0.1:40350]
01:36:34.876 [main] DEBUG net.thucydides.core.steps.StepInterceptor - STARTING STEP: SelectProductSteps.inputNomorMeter - inputNomorMeter
01:36:34.877 [Forwarding findElement on session f1b5aaf75b9d196da690e1c2f1a0cb3e to remote] DEBUG org.asynchttpclient.netty.request.NettyRequestSender - Using pooled Channel '[id: 0x5ebf348f, L:/127.0.0.1:57103 - R:localhost/127.0.0.1:40350]' for 'POST' to 'http://localhost:40350/session/f1b5aaf75b9d196da690e1c2f1a0cb3e/element'
01:36:34.877 [Forwarding findElement on session f1b5aaf75b9d196da690e1c2f1a0cb3e to remote] DEBUG org.asynchttpclient.netty.request.NettyRequestSender - Using open Channel [id: 0x5ebf348f, L:/127.0.0.1:57103 - R:localhost/127.0.0.1:40350] for POST '/session/f1b5aaf75b9d196da690e1c2f1a0cb3e/element'
01:36:34.885 [AsyncHttpClient-1-8] DEBUG org.asynchttpclient.netty.handler.HttpHandler - 

Request DefaultHttpRequest(decodeResult: success, version: HTTP/1.1)
POST /session/f1b5aaf75b9d196da690e1c2f1a0cb3e/element HTTP/1.1
User-Agent: selenium/4.8.1 (java windows)
Content-Length: 58
Content-Type: application/json; charset=utf-8
host: localhost:40350
accept: */*

Response DefaultHttpResponse(decodeResult: success, version: HTTP/1.1)
HTTP/1.1 200 OK
Content-Length: 88
Content-Type: application/json; charset=utf-8
cache-control: no-cache

01:36:34.885 [AsyncHttpClient-1-8] DEBUG org.asynchttpclient.netty.channel.ChannelManager - Adding key: http://localhost:40350 for channel [id: 0x5ebf348f, L:/127.0.0.1:57103 - R:localhost/127.0.0.1:40350]
01:36:34.885 [Forwarding clearElement on session f1b5aaf75b9d196da690e1c2f1a0cb3e to remote] DEBUG org.asynchttpclient.netty.request.NettyRequestSender - Using pooled Channel '[id: 0x5ebf348f, L:/127.0.0.1:57103 - R:localhost/127.0.0.1:40350]' for 'POST' to 'http://localhost:40350/session/f1b5aaf75b9d196da690e1c2f1a0cb3e/element/5bca8790-2253-41b5-b9f5-5714d9ba304a/clear'
01:36:34.886 [Forwarding clearElement on session f1b5aaf75b9d196da690e1c2f1a0cb3e to remote] DEBUG org.asynchttpclient.netty.request.NettyRequestSender - Using open Channel [id: 0x5ebf348f, L:/127.0.0.1:57103 - R:localhost/127.0.0.1:40350] for POST '/session/f1b5aaf75b9d196da690e1c2f1a0cb3e/element/5bca8790-2253-41b5-b9f5-5714d9ba304a/clear'
01:36:34.910 [AsyncHttpClient-1-8] DEBUG org.asynchttpclient.netty.handler.HttpHandler - 

Request DefaultHttpRequest(decodeResult: success, version: HTTP/1.1)
POST /session/f1b5aaf75b9d196da690e1c2f1a0cb3e/element/5bca8790-2253-41b5-b9f5-5714d9ba304a/clear HTTP/1.1
User-Agent: selenium/4.8.1 (java windows)
Content-Length: 50
Content-Type: application/json; charset=utf-8
host: localhost:40350
accept: */*

Response DefaultHttpResponse(decodeResult: success, version: HTTP/1.1)
HTTP/1.1 200 OK
Content-Length: 14
Content-Type: application/json; charset=utf-8
cache-control: no-cache

01:36:34.910 [AsyncHttpClient-1-8] DEBUG org.asynchttpclient.netty.channel.ChannelManager - Adding key: http://localhost:40350 for channel [id: 0x5ebf348f, L:/127.0.0.1:57103 - R:localhost/127.0.0.1:40350]
01:36:34.911 [Forwarding sendKeysToElement on session f1b5aaf75b9d196da690e1c2f1a0cb3e to remote] DEBUG org.asynchttpclient.netty.request.NettyRequestSender - Using pooled Channel '[id: 0x5ebf348f, L:/127.0.0.1:57103 - R:localhost/127.0.0.1:40350]' for 'POST' to 'http://localhost:40350/session/f1b5aaf75b9d196da690e1c2f1a0cb3e/element/5bca8790-2253-41b5-b9f5-5714d9ba304a/value'
01:36:34.911 [Forwarding sendKeysToElement on session f1b5aaf75b9d196da690e1c2f1a0cb3e to remote] DEBUG org.asynchttpclient.netty.request.NettyRequestSender - Using open Channel [id: 0x5ebf348f, L:/127.0.0.1:57103 - R:localhost/127.0.0.1:40350] for POST '/session/f1b5aaf75b9d196da690e1c2f1a0cb3e/element/5bca8790-2253-41b5-b9f5-5714d9ba304a/value'
01:36:35.008 [AsyncHttpClient-1-8] DEBUG org.asynchttpclient.netty.handler.HttpHandler - 

Request DefaultHttpRequest(decodeResult: success, version: HTTP/1.1)
POST /session/f1b5aaf75b9d196da690e1c2f1a0cb3e/element/5bca8790-2253-41b5-b9f5-5714d9ba304a/value HTTP/1.1
User-Agent: selenium/4.8.1 (java windows)
Content-Length: 191
Content-Type: application/json; charset=utf-8
host: localhost:40350
accept: */*

Response DefaultHttpResponse(decodeResult: success, version: HTTP/1.1)
HTTP/1.1 200 OK
Content-Length: 14
Content-Type: application/json; charset=utf-8
cache-control: no-cache

01:36:35.008 [AsyncHttpClient-1-8] DEBUG org.asynchttpclient.netty.channel.ChannelManager - Adding key: http://localhost:40350 for channel [id: 0x5ebf348f, L:/127.0.0.1:57103 - R:localhost/127.0.0.1:40350]
01:36:35.014 [Forwarding getAlertText on session f1b5aaf75b9d196da690e1c2f1a0cb3e to remote] DEBUG org.asynchttpclient.netty.request.NettyRequestSender - Using pooled Channel '[id: 0x5ebf348f, L:/127.0.0.1:57103 - R:localhost/127.0.0.1:40350]' for 'GET' to 'http://localhost:40350/session/f1b5aaf75b9d196da690e1c2f1a0cb3e/alert/text'
01:36:35.014 [Forwarding getAlertText on session f1b5aaf75b9d196da690e1c2f1a0cb3e to remote] DEBUG org.asynchttpclient.netty.request.NettyRequestSender - Using open Channel [id: 0x5ebf348f, L:/127.0.0.1:57103 - R:localhost/127.0.0.1:40350] for GET '/session/f1b5aaf75b9d196da690e1c2f1a0cb3e/alert/text'
01:36:35.016 [AsyncHttpClient-1-8] DEBUG org.asynchttpclient.netty.handler.HttpHandler - 

Request DefaultFullHttpRequest(decodeResult: success, version: HTTP/1.1, content: EmptyByteBufBE)
GET /session/f1b5aaf75b9d196da690e1c2f1a0cb3e/alert/text HTTP/1.1
User-Agent: selenium/4.8.1 (java windows)
Cache-Control: no-cache
Content-Type: application/json; charset=utf-8
host: localhost:40350
accept: */*

Response DefaultHttpResponse(decodeResult: success, version: HTTP/1.1)
HTTP/1.1 404 Not Found
Content-Length: 835
Content-Type: application/json; charset=utf-8
cache-control: no-cache

01:36:35.016 [AsyncHttpClient-1-8] DEBUG org.asynchttpclient.netty.channel.ChannelManager - Adding key: http://localhost:40350 for channel [id: 0x5ebf348f, L:/127.0.0.1:57103 - R:localhost/127.0.0.1:40350]
01:36:35.017 [Forwarding getCurrentUrl on session f1b5aaf75b9d196da690e1c2f1a0cb3e to remote] DEBUG org.asynchttpclient.netty.request.NettyRequestSender - Using pooled Channel '[id: 0x5ebf348f, L:/127.0.0.1:57103 - R:localhost/127.0.0.1:40350]' for 'GET' to 'http://localhost:40350/session/f1b5aaf75b9d196da690e1c2f1a0cb3e/url'
01:36:35.017 [Forwarding getCurrentUrl on session f1b5aaf75b9d196da690e1c2f1a0cb3e to remote] DEBUG org.asynchttpclient.netty.request.NettyRequestSender - Using open Channel [id: 0x5ebf348f, L:/127.0.0.1:57103 - R:localhost/127.0.0.1:40350] for GET '/session/f1b5aaf75b9d196da690e1c2f1a0cb3e/url'
01:36:35.020 [AsyncHttpClient-1-8] DEBUG org.asynchttpclient.netty.handler.HttpHandler - 

Request DefaultFullHttpRequest(decodeResult: success, version: HTTP/1.1, content: EmptyByteBufBE)
GET /session/f1b5aaf75b9d196da690e1c2f1a0cb3e/url HTTP/1.1
User-Agent: selenium/4.8.1 (java windows)
Cache-Control: no-cache
Content-Type: application/json; charset=utf-8
host: localhost:40350
accept: */*

Response DefaultHttpResponse(decodeResult: success, version: HTTP/1.1)
HTTP/1.1 200 OK
Content-Length: 51
Content-Type: application/json; charset=utf-8
cache-control: no-cache

01:36:35.020 [AsyncHttpClient-1-8] DEBUG org.asynchttpclient.netty.channel.ChannelManager - Adding key: http://localhost:40350 for channel [id: 0x5ebf348f, L:/127.0.0.1:57103 - R:localhost/127.0.0.1:40350]
01:36:35.021 [Forwarding screenshot on session f1b5aaf75b9d196da690e1c2f1a0cb3e to remote] DEBUG org.asynchttpclient.netty.request.NettyRequestSender - Using pooled Channel '[id: 0x5ebf348f, L:/127.0.0.1:57103 - R:localhost/127.0.0.1:40350]' for 'GET' to 'http://localhost:40350/session/f1b5aaf75b9d196da690e1c2f1a0cb3e/screenshot'
01:36:35.021 [Forwarding screenshot on session f1b5aaf75b9d196da690e1c2f1a0cb3e to remote] DEBUG org.asynchttpclient.netty.request.NettyRequestSender - Using open Channel [id: 0x5ebf348f, L:/127.0.0.1:57103 - R:localhost/127.0.0.1:40350] for GET '/session/f1b5aaf75b9d196da690e1c2f1a0cb3e/screenshot'
01:36:35.088 [AsyncHttpClient-1-1] DEBUG org.asynchttpclient.netty.channel.DefaultChannelPool - Entry count for : http://localhost:57104 : 1
01:36:35.158 [AsyncHttpClient-1-8] DEBUG org.asynchttpclient.netty.handler.HttpHandler - 

Request DefaultFullHttpRequest(decodeResult: success, version: HTTP/1.1, content: EmptyByteBufBE)
GET /session/f1b5aaf75b9d196da690e1c2f1a0cb3e/screenshot HTTP/1.1
User-Agent: selenium/4.8.1 (java windows)
Cache-Control: no-cache
Content-Type: application/json; charset=utf-8
host: localhost:40350
accept: */*

Response DefaultHttpResponse(decodeResult: success, version: HTTP/1.1)
HTTP/1.1 200 OK
Content-Length: 231988
Content-Type: application/json; charset=utf-8
cache-control: no-cache

01:36:35.158 [AsyncHttpClient-1-8] DEBUG org.asynchttpclient.netty.channel.ChannelManager - Adding key: http://localhost:40350 for channel [id: 0x5ebf348f, L:/127.0.0.1:57103 - R:localhost/127.0.0.1:40350]
01:36:35.165 [main] DEBUG net.serenitybdd.core.photography.Darkroom - Send negative for processing for target\site\serenity\39c186c543937d0a6c863d319603cd6336ee87706abe4d5ad1ad53bb92c4d7f6.png
01:36:35.165 [main] DEBUG net.thucydides.core.steps.StepInterceptor - STEP DONE: inputNomorMeter
01:36:35.166 [Darkroom Processing Line] DEBUG net.serenitybdd.core.photography.DarkroomProcessingLine - Processing screenshot image in /var/screenshots/screenshot-13295901385504636911
01:36:35.166 [Darkroom Processing Line] DEBUG net.serenitybdd.core.photography.DarkroomProcessingLine - Saving screenshot to target\site\serenity\39c186c543937d0a6c863d319603cd6336ee87706abe4d5ad1ad53bb92c4d7f6.png
01:36:35.172 [Forwarding getPageSource on session f1b5aaf75b9d196da690e1c2f1a0cb3e to remote] DEBUG org.asynchttpclient.netty.request.NettyRequestSender - Using pooled Channel '[id: 0x5ebf348f, L:/127.0.0.1:57103 - R:localhost/127.0.0.1:40350]' for 'POST' to 'http://localhost:40350/session/f1b5aaf75b9d196da690e1c2f1a0cb3e/execute/sync'
01:36:35.172 [Forwarding getPageSource on session f1b5aaf75b9d196da690e1c2f1a0cb3e to remote] DEBUG org.asynchttpclient.netty.request.NettyRequestSender - Using open Channel [id: 0x5ebf348f, L:/127.0.0.1:57103 - R:localhost/127.0.0.1:40350] for POST '/session/f1b5aaf75b9d196da690e1c2f1a0cb3e/execute/sync'
01:36:35.183 [AsyncHttpClient-1-8] DEBUG org.asynchttpclient.netty.handler.HttpHandler - 

Request DefaultHttpRequest(decodeResult: success, version: HTTP/1.1)
POST /session/f1b5aaf75b9d196da690e1c2f1a0cb3e/execute/sync HTTP/1.1
User-Agent: selenium/4.8.1 (java windows)
Content-Length: 176
Content-Type: application/json; charset=utf-8
host: localhost:40350
accept: */*

Response DefaultHttpResponse(decodeResult: success, version: HTTP/1.1)
HTTP/1.1 200 OK
Content-Length: 96943
Content-Type: application/json; charset=utf-8
cache-control: no-cache

01:36:35.183 [AsyncHttpClient-1-8] DEBUG org.asynchttpclient.netty.channel.ChannelManager - Adding key: http://localhost:40350 for channel [id: 0x5ebf348f, L:/127.0.0.1:57103 - R:localhost/127.0.0.1:40350]
01:36:35.190 [Forwarding getCurrentUrl on session f1b5aaf75b9d196da690e1c2f1a0cb3e to remote] DEBUG org.asynchttpclient.netty.request.NettyRequestSender - Using pooled Channel '[id: 0x5ebf348f, L:/127.0.0.1:57103 - R:localhost/127.0.0.1:40350]' for 'GET' to 'http://localhost:40350/session/f1b5aaf75b9d196da690e1c2f1a0cb3e/url'
01:36:35.190 [Forwarding getCurrentUrl on session f1b5aaf75b9d196da690e1c2f1a0cb3e to remote] DEBUG org.asynchttpclient.netty.request.NettyRequestSender - Using open Channel [id: 0x5ebf348f, L:/127.0.0.1:57103 - R:localhost/127.0.0.1:40350] for GET '/session/f1b5aaf75b9d196da690e1c2f1a0cb3e/url'
01:36:35.193 [AsyncHttpClient-1-8] DEBUG org.asynchttpclient.netty.handler.HttpHandler - 

Request DefaultFullHttpRequest(decodeResult: success, version: HTTP/1.1, content: EmptyByteBufBE)
GET /session/f1b5aaf75b9d196da690e1c2f1a0cb3e/url HTTP/1.1
User-Agent: selenium/4.8.1 (java windows)
Cache-Control: no-cache
Content-Type: application/json; charset=utf-8
host: localhost:40350
accept: */*

Response DefaultHttpResponse(decodeResult: success, version: HTTP/1.1)
HTTP/1.1 200 OK
Content-Length: 51
Content-Type: application/json; charset=utf-8
cache-control: no-cache

01:36:35.193 [AsyncHttpClient-1-8] DEBUG org.asynchttpclient.netty.channel.ChannelManager - Adding key: http://localhost:40350 for channel [id: 0x5ebf348f, L:/127.0.0.1:57103 - R:localhost/127.0.0.1:40350]
01:36:35.195 [main] DEBUG net.thucydides.core.steps.StepInterceptor - STARTING STEP: SelectProductSteps.inputNomorHandphone - inputNomorHandphone
01:36:35.197 [Forwarding findElement on session f1b5aaf75b9d196da690e1c2f1a0cb3e to remote] DEBUG org.asynchttpclient.netty.request.NettyRequestSender - Using pooled Channel '[id: 0x5ebf348f, L:/127.0.0.1:57103 - R:localhost/127.0.0.1:40350]' for 'POST' to 'http://localhost:40350/session/f1b5aaf75b9d196da690e1c2f1a0cb3e/element'
01:36:35.197 [Forwarding findElement on session f1b5aaf75b9d196da690e1c2f1a0cb3e to remote] DEBUG org.asynchttpclient.netty.request.NettyRequestSender - Using open Channel [id: 0x5ebf348f, L:/127.0.0.1:57103 - R:localhost/127.0.0.1:40350] for POST '/session/f1b5aaf75b9d196da690e1c2f1a0cb3e/element'
01:36:35.205 [AsyncHttpClient-1-8] DEBUG org.asynchttpclient.netty.handler.HttpHandler - 

Request DefaultHttpRequest(decodeResult: success, version: HTTP/1.1)
POST /session/f1b5aaf75b9d196da690e1c2f1a0cb3e/element HTTP/1.1
User-Agent: selenium/4.8.1 (java windows)
Content-Length: 62
Content-Type: application/json; charset=utf-8
host: localhost:40350
accept: */*

Response DefaultHttpResponse(decodeResult: success, version: HTTP/1.1)
HTTP/1.1 200 OK
Content-Length: 88
Content-Type: application/json; charset=utf-8
cache-control: no-cache

01:36:35.205 [AsyncHttpClient-1-8] DEBUG org.asynchttpclient.netty.channel.ChannelManager - Adding key: http://localhost:40350 for channel [id: 0x5ebf348f, L:/127.0.0.1:57103 - R:localhost/127.0.0.1:40350]
01:36:35.207 [Forwarding clearElement on session f1b5aaf75b9d196da690e1c2f1a0cb3e to remote] DEBUG org.asynchttpclient.netty.request.NettyRequestSender - Using pooled Channel '[id: 0x5ebf348f, L:/127.0.0.1:57103 - R:localhost/127.0.0.1:40350]' for 'POST' to 'http://localhost:40350/session/f1b5aaf75b9d196da690e1c2f1a0cb3e/element/97a5c3c9-3985-4f8b-bbf9-fee80ed803ae/clear'
01:36:35.207 [Forwarding clearElement on session f1b5aaf75b9d196da690e1c2f1a0cb3e to remote] DEBUG org.asynchttpclient.netty.request.NettyRequestSender - Using open Channel [id: 0x5ebf348f, L:/127.0.0.1:57103 - R:localhost/127.0.0.1:40350] for POST '/session/f1b5aaf75b9d196da690e1c2f1a0cb3e/element/97a5c3c9-3985-4f8b-bbf9-fee80ed803ae/clear'
01:36:35.232 [AsyncHttpClient-1-8] DEBUG org.asynchttpclient.netty.handler.HttpHandler - 

Request DefaultHttpRequest(decodeResult: success, version: HTTP/1.1)
POST /session/f1b5aaf75b9d196da690e1c2f1a0cb3e/element/97a5c3c9-3985-4f8b-bbf9-fee80ed803ae/clear HTTP/1.1
User-Agent: selenium/4.8.1 (java windows)
Content-Length: 50
Content-Type: application/json; charset=utf-8
host: localhost:40350
accept: */*

Response DefaultHttpResponse(decodeResult: success, version: HTTP/1.1)
HTTP/1.1 200 OK
Content-Length: 14
Content-Type: application/json; charset=utf-8
cache-control: no-cache

01:36:35.232 [AsyncHttpClient-1-8] DEBUG org.asynchttpclient.netty.channel.ChannelManager - Adding key: http://localhost:40350 for channel [id: 0x5ebf348f, L:/127.0.0.1:57103 - R:localhost/127.0.0.1:40350]
01:36:35.233 [Forwarding sendKeysToElement on session f1b5aaf75b9d196da690e1c2f1a0cb3e to remote] DEBUG org.asynchttpclient.netty.request.NettyRequestSender - Using pooled Channel '[id: 0x5ebf348f, L:/127.0.0.1:57103 - R:localhost/127.0.0.1:40350]' for 'POST' to 'http://localhost:40350/session/f1b5aaf75b9d196da690e1c2f1a0cb3e/element/97a5c3c9-3985-4f8b-bbf9-fee80ed803ae/value'
01:36:35.233 [Forwarding sendKeysToElement on session f1b5aaf75b9d196da690e1c2f1a0cb3e to remote] DEBUG org.asynchttpclient.netty.request.NettyRequestSender - Using open Channel [id: 0x5ebf348f, L:/127.0.0.1:57103 - R:localhost/127.0.0.1:40350] for POST '/session/f1b5aaf75b9d196da690e1c2f1a0cb3e/element/97a5c3c9-3985-4f8b-bbf9-fee80ed803ae/value'
01:36:35.325 [AsyncHttpClient-1-8] DEBUG org.asynchttpclient.netty.handler.HttpHandler - 

Request DefaultHttpRequest(decodeResult: success, version: HTTP/1.1)
POST /session/f1b5aaf75b9d196da690e1c2f1a0cb3e/element/97a5c3c9-3985-4f8b-bbf9-fee80ed803ae/value HTTP/1.1
User-Agent: selenium/4.8.1 (java windows)
Content-Length: 201
Content-Type: application/json; charset=utf-8
host: localhost:40350
accept: */*

Response DefaultHttpResponse(decodeResult: success, version: HTTP/1.1)
HTTP/1.1 200 OK
Content-Length: 14
Content-Type: application/json; charset=utf-8
cache-control: no-cache

01:36:35.325 [AsyncHttpClient-1-8] DEBUG org.asynchttpclient.netty.channel.ChannelManager - Adding key: http://localhost:40350 for channel [id: 0x5ebf348f, L:/127.0.0.1:57103 - R:localhost/127.0.0.1:40350]
01:36:35.329 [Forwarding getAlertText on session f1b5aaf75b9d196da690e1c2f1a0cb3e to remote] DEBUG org.asynchttpclient.netty.request.NettyRequestSender - Using pooled Channel '[id: 0x5ebf348f, L:/127.0.0.1:57103 - R:localhost/127.0.0.1:40350]' for 'GET' to 'http://localhost:40350/session/f1b5aaf75b9d196da690e1c2f1a0cb3e/alert/text'
01:36:35.329 [Forwarding getAlertText on session f1b5aaf75b9d196da690e1c2f1a0cb3e to remote] DEBUG org.asynchttpclient.netty.request.NettyRequestSender - Using open Channel [id: 0x5ebf348f, L:/127.0.0.1:57103 - R:localhost/127.0.0.1:40350] for GET '/session/f1b5aaf75b9d196da690e1c2f1a0cb3e/alert/text'
01:36:35.331 [AsyncHttpClient-1-8] DEBUG org.asynchttpclient.netty.handler.HttpHandler - 

Request DefaultFullHttpRequest(decodeResult: success, version: HTTP/1.1, content: EmptyByteBufBE)
GET /session/f1b5aaf75b9d196da690e1c2f1a0cb3e/alert/text HTTP/1.1
User-Agent: selenium/4.8.1 (java windows)
Cache-Control: no-cache
Content-Type: application/json; charset=utf-8
host: localhost:40350
accept: */*

Response DefaultHttpResponse(decodeResult: success, version: HTTP/1.1)
HTTP/1.1 404 Not Found
Content-Length: 835
Content-Type: application/json; charset=utf-8
cache-control: no-cache

01:36:35.331 [AsyncHttpClient-1-8] DEBUG org.asynchttpclient.netty.channel.ChannelManager - Adding key: http://localhost:40350 for channel [id: 0x5ebf348f, L:/127.0.0.1:57103 - R:localhost/127.0.0.1:40350]
01:36:35.332 [Forwarding getCurrentUrl on session f1b5aaf75b9d196da690e1c2f1a0cb3e to remote] DEBUG org.asynchttpclient.netty.request.NettyRequestSender - Using pooled Channel '[id: 0x5ebf348f, L:/127.0.0.1:57103 - R:localhost/127.0.0.1:40350]' for 'GET' to 'http://localhost:40350/session/f1b5aaf75b9d196da690e1c2f1a0cb3e/url'
01:36:35.332 [Forwarding getCurrentUrl on session f1b5aaf75b9d196da690e1c2f1a0cb3e to remote] DEBUG org.asynchttpclient.netty.request.NettyRequestSender - Using open Channel [id: 0x5ebf348f, L:/127.0.0.1:57103 - R:localhost/127.0.0.1:40350] for GET '/session/f1b5aaf75b9d196da690e1c2f1a0cb3e/url'
01:36:35.336 [AsyncHttpClient-1-8] DEBUG org.asynchttpclient.netty.handler.HttpHandler - 

Request DefaultFullHttpRequest(decodeResult: success, version: HTTP/1.1, content: EmptyByteBufBE)
GET /session/f1b5aaf75b9d196da690e1c2f1a0cb3e/url HTTP/1.1
User-Agent: selenium/4.8.1 (java windows)
Cache-Control: no-cache
Content-Type: application/json; charset=utf-8
host: localhost:40350
accept: */*

Response DefaultHttpResponse(decodeResult: success, version: HTTP/1.1)
HTTP/1.1 200 OK
Content-Length: 51
Content-Type: application/json; charset=utf-8
cache-control: no-cache

01:36:35.336 [AsyncHttpClient-1-8] DEBUG org.asynchttpclient.netty.channel.ChannelManager - Adding key: http://localhost:40350 for channel [id: 0x5ebf348f, L:/127.0.0.1:57103 - R:localhost/127.0.0.1:40350]
01:36:35.337 [Forwarding screenshot on session f1b5aaf75b9d196da690e1c2f1a0cb3e to remote] DEBUG org.asynchttpclient.netty.request.NettyRequestSender - Using pooled Channel '[id: 0x5ebf348f, L:/127.0.0.1:57103 - R:localhost/127.0.0.1:40350]' for 'GET' to 'http://localhost:40350/session/f1b5aaf75b9d196da690e1c2f1a0cb3e/screenshot'
01:36:35.337 [Forwarding screenshot on session f1b5aaf75b9d196da690e1c2f1a0cb3e to remote] DEBUG org.asynchttpclient.netty.request.NettyRequestSender - Using open Channel [id: 0x5ebf348f, L:/127.0.0.1:57103 - R:localhost/127.0.0.1:40350] for GET '/session/f1b5aaf75b9d196da690e1c2f1a0cb3e/screenshot'
01:36:35.499 [AsyncHttpClient-1-8] DEBUG org.asynchttpclient.netty.handler.HttpHandler - 

Request DefaultFullHttpRequest(decodeResult: success, version: HTTP/1.1, content: EmptyByteBufBE)
GET /session/f1b5aaf75b9d196da690e1c2f1a0cb3e/screenshot HTTP/1.1
User-Agent: selenium/4.8.1 (java windows)
Cache-Control: no-cache
Content-Type: application/json; charset=utf-8
host: localhost:40350
accept: */*

Response DefaultHttpResponse(decodeResult: success, version: HTTP/1.1)
HTTP/1.1 200 OK
Content-Length: 235052
Content-Type: application/json; charset=utf-8
cache-control: no-cache

01:36:35.500 [AsyncHttpClient-1-8] DEBUG org.asynchttpclient.netty.channel.ChannelManager - Adding key: http://localhost:40350 for channel [id: 0x5ebf348f, L:/127.0.0.1:57103 - R:localhost/127.0.0.1:40350]
01:36:35.504 [main] DEBUG net.serenitybdd.core.photography.Darkroom - Send negative for processing for target\site\serenity\53d8b2ab966605e97ef995bc4e18e1be591abbd9b9389101edde914d38e531a1.png
01:36:35.504 [main] DEBUG net.thucydides.core.steps.StepInterceptor - STEP DONE: inputNomorHandphone
01:36:35.505 [Darkroom Processing Line] DEBUG net.serenitybdd.core.photography.DarkroomProcessingLine - Processing screenshot image in /var/screenshots/screenshot-6528515077848762728
01:36:35.505 [Darkroom Processing Line] DEBUG net.serenitybdd.core.photography.DarkroomProcessingLine - Saving screenshot to target\site\serenity\53d8b2ab966605e97ef995bc4e18e1be591abbd9b9389101edde914d38e531a1.png
01:36:35.508 [Forwarding getPageSource on session f1b5aaf75b9d196da690e1c2f1a0cb3e to remote] DEBUG org.asynchttpclient.netty.request.NettyRequestSender - Using pooled Channel '[id: 0x5ebf348f, L:/127.0.0.1:57103 - R:localhost/127.0.0.1:40350]' for 'POST' to 'http://localhost:40350/session/f1b5aaf75b9d196da690e1c2f1a0cb3e/execute/sync'
01:36:35.508 [Forwarding getPageSource on session f1b5aaf75b9d196da690e1c2f1a0cb3e to remote] DEBUG org.asynchttpclient.netty.request.NettyRequestSender - Using open Channel [id: 0x5ebf348f, L:/127.0.0.1:57103 - R:localhost/127.0.0.1:40350] for POST '/session/f1b5aaf75b9d196da690e1c2f1a0cb3e/execute/sync'
01:36:35.515 [AsyncHttpClient-1-8] DEBUG org.asynchttpclient.netty.handler.HttpHandler - 

Request DefaultHttpRequest(decodeResult: success, version: HTTP/1.1)
POST /session/f1b5aaf75b9d196da690e1c2f1a0cb3e/execute/sync HTTP/1.1
User-Agent: selenium/4.8.1 (java windows)
Content-Length: 176
Content-Type: application/json; charset=utf-8
host: localhost:40350
accept: */*

Response DefaultHttpResponse(decodeResult: success, version: HTTP/1.1)
HTTP/1.1 200 OK
Content-Length: 97464
Content-Type: application/json; charset=utf-8
cache-control: no-cache

01:36:35.515 [AsyncHttpClient-1-8] DEBUG org.asynchttpclient.netty.channel.ChannelManager - Adding key: http://localhost:40350 for channel [id: 0x5ebf348f, L:/127.0.0.1:57103 - R:localhost/127.0.0.1:40350]
01:36:35.519 [Forwarding getCurrentUrl on session f1b5aaf75b9d196da690e1c2f1a0cb3e to remote] DEBUG org.asynchttpclient.netty.request.NettyRequestSender - Using pooled Channel '[id: 0x5ebf348f, L:/127.0.0.1:57103 - R:localhost/127.0.0.1:40350]' for 'GET' to 'http://localhost:40350/session/f1b5aaf75b9d196da690e1c2f1a0cb3e/url'
01:36:35.519 [Forwarding getCurrentUrl on session f1b5aaf75b9d196da690e1c2f1a0cb3e to remote] DEBUG org.asynchttpclient.netty.request.NettyRequestSender - Using open Channel [id: 0x5ebf348f, L:/127.0.0.1:57103 - R:localhost/127.0.0.1:40350] for GET '/session/f1b5aaf75b9d196da690e1c2f1a0cb3e/url'
01:36:35.523 [AsyncHttpClient-1-8] DEBUG org.asynchttpclient.netty.handler.HttpHandler - 

Request DefaultFullHttpRequest(decodeResult: success, version: HTTP/1.1, content: EmptyByteBufBE)
GET /session/f1b5aaf75b9d196da690e1c2f1a0cb3e/url HTTP/1.1
User-Agent: selenium/4.8.1 (java windows)
Cache-Control: no-cache
Content-Type: application/json; charset=utf-8
host: localhost:40350
accept: */*

Response DefaultHttpResponse(decodeResult: success, version: HTTP/1.1)
HTTP/1.1 200 OK
Content-Length: 51
Content-Type: application/json; charset=utf-8
cache-control: no-cache

01:36:35.523 [AsyncHttpClient-1-8] DEBUG org.asynchttpclient.netty.channel.ChannelManager - Adding key: http://localhost:40350 for channel [id: 0x5ebf348f, L:/127.0.0.1:57103 - R:localhost/127.0.0.1:40350]
01:36:35.525 [main] DEBUG net.thucydides.core.steps.StepInterceptor - STARTING STEP: PaymentMethodSteps.proceedsToCheckout - clickLanjutkanButton
01:36:35.529 [Forwarding getPageSource on session f1b5aaf75b9d196da690e1c2f1a0cb3e to remote] DEBUG org.asynchttpclient.netty.request.NettyRequestSender - Using pooled Channel '[id: 0x5ebf348f, L:/127.0.0.1:57103 - R:localhost/127.0.0.1:40350]' for 'POST' to 'http://localhost:40350/session/f1b5aaf75b9d196da690e1c2f1a0cb3e/execute/sync'
01:36:35.529 [Forwarding getPageSource on session f1b5aaf75b9d196da690e1c2f1a0cb3e to remote] DEBUG org.asynchttpclient.netty.request.NettyRequestSender - Using open Channel [id: 0x5ebf348f, L:/127.0.0.1:57103 - R:localhost/127.0.0.1:40350] for POST '/session/f1b5aaf75b9d196da690e1c2f1a0cb3e/execute/sync'
01:36:35.536 [AsyncHttpClient-1-8] DEBUG org.asynchttpclient.netty.handler.HttpHandler - 

Request DefaultHttpRequest(decodeResult: success, version: HTTP/1.1)
POST /session/f1b5aaf75b9d196da690e1c2f1a0cb3e/execute/sync HTTP/1.1
User-Agent: selenium/4.8.1 (java windows)
Content-Length: 176
Content-Type: application/json; charset=utf-8
host: localhost:40350
accept: */*

Response DefaultHttpResponse(decodeResult: success, version: HTTP/1.1)
HTTP/1.1 200 OK
Content-Length: 97464
Content-Type: application/json; charset=utf-8
cache-control: no-cache

01:36:35.536 [AsyncHttpClient-1-8] DEBUG org.asynchttpclient.netty.channel.ChannelManager - Adding key: http://localhost:40350 for channel [id: 0x5ebf348f, L:/127.0.0.1:57103 - R:localhost/127.0.0.1:40350]
01:36:35.542 [Forwarding getCurrentUrl on session f1b5aaf75b9d196da690e1c2f1a0cb3e to remote] DEBUG org.asynchttpclient.netty.request.NettyRequestSender - Using pooled Channel '[id: 0x5ebf348f, L:/127.0.0.1:57103 - R:localhost/127.0.0.1:40350]' for 'GET' to 'http://localhost:40350/session/f1b5aaf75b9d196da690e1c2f1a0cb3e/url'
01:36:35.542 [Forwarding getCurrentUrl on session f1b5aaf75b9d196da690e1c2f1a0cb3e to remote] DEBUG org.asynchttpclient.netty.request.NettyRequestSender - Using open Channel [id: 0x5ebf348f, L:/127.0.0.1:57103 - R:localhost/127.0.0.1:40350] for GET '/session/f1b5aaf75b9d196da690e1c2f1a0cb3e/url'
01:36:35.545 [AsyncHttpClient-1-8] DEBUG org.asynchttpclient.netty.handler.HttpHandler - 

Request DefaultFullHttpRequest(decodeResult: success, version: HTTP/1.1, content: EmptyByteBufBE)
GET /session/f1b5aaf75b9d196da690e1c2f1a0cb3e/url HTTP/1.1
User-Agent: selenium/4.8.1 (java windows)
Cache-Control: no-cache
Content-Type: application/json; charset=utf-8
host: localhost:40350
accept: */*

Response DefaultHttpResponse(decodeResult: success, version: HTTP/1.1)
HTTP/1.1 200 OK
Content-Length: 51
Content-Type: application/json; charset=utf-8
cache-control: no-cache

01:36:35.545 [AsyncHttpClient-1-8] DEBUG org.asynchttpclient.netty.channel.ChannelManager - Adding key: http://localhost:40350 for channel [id: 0x5ebf348f, L:/127.0.0.1:57103 - R:localhost/127.0.0.1:40350]
01:36:35.547 [main] DEBUG net.thucydides.core.steps.StepInterceptor - STARTING STEP: SelectProductSteps.clickLanjutkanButton - clickLanjutkanButton
01:36:35.549 [Forwarding findElement on session f1b5aaf75b9d196da690e1c2f1a0cb3e to remote] DEBUG org.asynchttpclient.netty.request.NettyRequestSender - Using pooled Channel '[id: 0x5ebf348f, L:/127.0.0.1:57103 - R:localhost/127.0.0.1:40350]' for 'POST' to 'http://localhost:40350/session/f1b5aaf75b9d196da690e1c2f1a0cb3e/element'
01:36:35.549 [Forwarding findElement on session f1b5aaf75b9d196da690e1c2f1a0cb3e to remote] DEBUG org.asynchttpclient.netty.request.NettyRequestSender - Using open Channel [id: 0x5ebf348f, L:/127.0.0.1:57103 - R:localhost/127.0.0.1:40350] for POST '/session/f1b5aaf75b9d196da690e1c2f1a0cb3e/element'
01:36:35.554 [AsyncHttpClient-1-8] DEBUG org.asynchttpclient.netty.handler.HttpHandler - 

Request DefaultHttpRequest(decodeResult: success, version: HTTP/1.1)
POST /session/f1b5aaf75b9d196da690e1c2f1a0cb3e/element HTTP/1.1
User-Agent: selenium/4.8.1 (java windows)
Content-Length: 62
Content-Type: application/json; charset=utf-8
host: localhost:40350
accept: */*

Response DefaultHttpResponse(decodeResult: success, version: HTTP/1.1)
HTTP/1.1 200 OK
Content-Length: 88
Content-Type: application/json; charset=utf-8
cache-control: no-cache

01:36:35.554 [AsyncHttpClient-1-8] DEBUG org.asynchttpclient.netty.channel.ChannelManager - Adding key: http://localhost:40350 for channel [id: 0x5ebf348f, L:/127.0.0.1:57103 - R:localhost/127.0.0.1:40350]
01:36:35.555 [Forwarding getElementTagName on session f1b5aaf75b9d196da690e1c2f1a0cb3e to remote] DEBUG org.asynchttpclient.netty.request.NettyRequestSender - Using pooled Channel '[id: 0x5ebf348f, L:/127.0.0.1:57103 - R:localhost/127.0.0.1:40350]' for 'GET' to 'http://localhost:40350/session/f1b5aaf75b9d196da690e1c2f1a0cb3e/element/4f217b61-cf88-49fd-aec3-2c93c1a0e67e/name'
01:36:35.556 [Forwarding getElementTagName on session f1b5aaf75b9d196da690e1c2f1a0cb3e to remote] DEBUG org.asynchttpclient.netty.request.NettyRequestSender - Using open Channel [id: 0x5ebf348f, L:/127.0.0.1:57103 - R:localhost/127.0.0.1:40350] for GET '/session/f1b5aaf75b9d196da690e1c2f1a0cb3e/element/4f217b61-cf88-49fd-aec3-2c93c1a0e67e/name'
01:36:35.559 [AsyncHttpClient-1-8] DEBUG org.asynchttpclient.netty.handler.HttpHandler - 

Request DefaultFullHttpRequest(decodeResult: success, version: HTTP/1.1, content: EmptyByteBufBE)
GET /session/f1b5aaf75b9d196da690e1c2f1a0cb3e/element/4f217b61-cf88-49fd-aec3-2c93c1a0e67e/name HTTP/1.1
User-Agent: selenium/4.8.1 (java windows)
Cache-Control: no-cache
Content-Type: application/json; charset=utf-8
host: localhost:40350
accept: */*

Response DefaultHttpResponse(decodeResult: success, version: HTTP/1.1)
HTTP/1.1 200 OK
Content-Length: 16
Content-Type: application/json; charset=utf-8
cache-control: no-cache

01:36:35.559 [AsyncHttpClient-1-8] DEBUG org.asynchttpclient.netty.channel.ChannelManager - Adding key: http://localhost:40350 for channel [id: 0x5ebf348f, L:/127.0.0.1:57103 - R:localhost/127.0.0.1:40350]
01:36:35.560 [Forwarding getElementTagName on session f1b5aaf75b9d196da690e1c2f1a0cb3e to remote] DEBUG org.asynchttpclient.netty.request.NettyRequestSender - Using pooled Channel '[id: 0x5ebf348f, L:/127.0.0.1:57103 - R:localhost/127.0.0.1:40350]' for 'GET' to 'http://localhost:40350/session/f1b5aaf75b9d196da690e1c2f1a0cb3e/element/4f217b61-cf88-49fd-aec3-2c93c1a0e67e/name'
01:36:35.560 [Forwarding getElementTagName on session f1b5aaf75b9d196da690e1c2f1a0cb3e to remote] DEBUG org.asynchttpclient.netty.request.NettyRequestSender - Using open Channel [id: 0x5ebf348f, L:/127.0.0.1:57103 - R:localhost/127.0.0.1:40350] for GET '/session/f1b5aaf75b9d196da690e1c2f1a0cb3e/element/4f217b61-cf88-49fd-aec3-2c93c1a0e67e/name'
01:36:35.562 [AsyncHttpClient-1-8] DEBUG org.asynchttpclient.netty.handler.HttpHandler - 

Request DefaultFullHttpRequest(decodeResult: success, version: HTTP/1.1, content: EmptyByteBufBE)
GET /session/f1b5aaf75b9d196da690e1c2f1a0cb3e/element/4f217b61-cf88-49fd-aec3-2c93c1a0e67e/name HTTP/1.1
User-Agent: selenium/4.8.1 (java windows)
Cache-Control: no-cache
Content-Type: application/json; charset=utf-8
host: localhost:40350
accept: */*

Response DefaultHttpResponse(decodeResult: success, version: HTTP/1.1)
HTTP/1.1 200 OK
Content-Length: 16
Content-Type: application/json; charset=utf-8
cache-control: no-cache

01:36:35.563 [AsyncHttpClient-1-8] DEBUG org.asynchttpclient.netty.channel.ChannelManager - Adding key: http://localhost:40350 for channel [id: 0x5ebf348f, L:/127.0.0.1:57103 - R:localhost/127.0.0.1:40350]
01:36:35.564 [Forwarding findElement on session f1b5aaf75b9d196da690e1c2f1a0cb3e to remote] DEBUG org.asynchttpclient.netty.request.NettyRequestSender - Using pooled Channel '[id: 0x5ebf348f, L:/127.0.0.1:57103 - R:localhost/127.0.0.1:40350]' for 'POST' to 'http://localhost:40350/session/f1b5aaf75b9d196da690e1c2f1a0cb3e/element'
01:36:35.564 [Forwarding findElement on session f1b5aaf75b9d196da690e1c2f1a0cb3e to remote] DEBUG org.asynchttpclient.netty.request.NettyRequestSender - Using open Channel [id: 0x5ebf348f, L:/127.0.0.1:57103 - R:localhost/127.0.0.1:40350] for POST '/session/f1b5aaf75b9d196da690e1c2f1a0cb3e/element'
01:36:35.569 [AsyncHttpClient-1-8] DEBUG org.asynchttpclient.netty.handler.HttpHandler - 

Request DefaultHttpRequest(decodeResult: success, version: HTTP/1.1)
POST /session/f1b5aaf75b9d196da690e1c2f1a0cb3e/element HTTP/1.1
User-Agent: selenium/4.8.1 (java windows)
Content-Length: 62
Content-Type: application/json; charset=utf-8
host: localhost:40350
accept: */*

Response DefaultHttpResponse(decodeResult: success, version: HTTP/1.1)
HTTP/1.1 200 OK
Content-Length: 88
Content-Type: application/json; charset=utf-8
cache-control: no-cache

01:36:35.569 [AsyncHttpClient-1-8] DEBUG org.asynchttpclient.netty.channel.ChannelManager - Adding key: http://localhost:40350 for channel [id: 0x5ebf348f, L:/127.0.0.1:57103 - R:localhost/127.0.0.1:40350]
01:36:35.570 [Forwarding clickElement on session f1b5aaf75b9d196da690e1c2f1a0cb3e to remote] DEBUG org.asynchttpclient.netty.request.NettyRequestSender - Using pooled Channel '[id: 0x5ebf348f, L:/127.0.0.1:57103 - R:localhost/127.0.0.1:40350]' for 'POST' to 'http://localhost:40350/session/f1b5aaf75b9d196da690e1c2f1a0cb3e/element/4f217b61-cf88-49fd-aec3-2c93c1a0e67e/click'
01:36:35.571 [Forwarding clickElement on session f1b5aaf75b9d196da690e1c2f1a0cb3e to remote] DEBUG org.asynchttpclient.netty.request.NettyRequestSender - Using open Channel [id: 0x5ebf348f, L:/127.0.0.1:57103 - R:localhost/127.0.0.1:40350] for POST '/session/f1b5aaf75b9d196da690e1c2f1a0cb3e/element/4f217b61-cf88-49fd-aec3-2c93c1a0e67e/click'
01:36:35.607 [AsyncHttpClient-1-8] DEBUG org.asynchttpclient.netty.handler.HttpHandler - 

Request DefaultHttpRequest(decodeResult: success, version: HTTP/1.1)
POST /session/f1b5aaf75b9d196da690e1c2f1a0cb3e/element/4f217b61-cf88-49fd-aec3-2c93c1a0e67e/click HTTP/1.1
User-Agent: selenium/4.8.1 (java windows)
Content-Length: 50
Content-Type: application/json; charset=utf-8
host: localhost:40350
accept: */*

Response DefaultHttpResponse(decodeResult: success, version: HTTP/1.1)
HTTP/1.1 200 OK
Content-Length: 14
Content-Type: application/json; charset=utf-8
cache-control: no-cache

01:36:35.607 [AsyncHttpClient-1-8] DEBUG org.asynchttpclient.netty.channel.ChannelManager - Adding key: http://localhost:40350 for channel [id: 0x5ebf348f, L:/127.0.0.1:57103 - R:localhost/127.0.0.1:40350]
01:36:35.613 [Forwarding getAlertText on session f1b5aaf75b9d196da690e1c2f1a0cb3e to remote] DEBUG org.asynchttpclient.netty.request.NettyRequestSender - Using pooled Channel '[id: 0x5ebf348f, L:/127.0.0.1:57103 - R:localhost/127.0.0.1:40350]' for 'GET' to 'http://localhost:40350/session/f1b5aaf75b9d196da690e1c2f1a0cb3e/alert/text'
01:36:35.613 [Forwarding getAlertText on session f1b5aaf75b9d196da690e1c2f1a0cb3e to remote] DEBUG org.asynchttpclient.netty.request.NettyRequestSender - Using open Channel [id: 0x5ebf348f, L:/127.0.0.1:57103 - R:localhost/127.0.0.1:40350] for GET '/session/f1b5aaf75b9d196da690e1c2f1a0cb3e/alert/text'
01:36:35.616 [AsyncHttpClient-1-8] DEBUG org.asynchttpclient.netty.handler.HttpHandler - 

Request DefaultFullHttpRequest(decodeResult: success, version: HTTP/1.1, content: EmptyByteBufBE)
GET /session/f1b5aaf75b9d196da690e1c2f1a0cb3e/alert/text HTTP/1.1
User-Agent: selenium/4.8.1 (java windows)
Cache-Control: no-cache
Content-Type: application/json; charset=utf-8
host: localhost:40350
accept: */*

Response DefaultHttpResponse(decodeResult: success, version: HTTP/1.1)
HTTP/1.1 404 Not Found
Content-Length: 835
Content-Type: application/json; charset=utf-8
cache-control: no-cache

01:36:35.616 [AsyncHttpClient-1-8] DEBUG org.asynchttpclient.netty.channel.ChannelManager - Adding key: http://localhost:40350 for channel [id: 0x5ebf348f, L:/127.0.0.1:57103 - R:localhost/127.0.0.1:40350]
01:36:35.617 [Forwarding getCurrentUrl on session f1b5aaf75b9d196da690e1c2f1a0cb3e to remote] DEBUG org.asynchttpclient.netty.request.NettyRequestSender - Using pooled Channel '[id: 0x5ebf348f, L:/127.0.0.1:57103 - R:localhost/127.0.0.1:40350]' for 'GET' to 'http://localhost:40350/session/f1b5aaf75b9d196da690e1c2f1a0cb3e/url'
01:36:35.617 [Forwarding getCurrentUrl on session f1b5aaf75b9d196da690e1c2f1a0cb3e to remote] DEBUG org.asynchttpclient.netty.request.NettyRequestSender - Using open Channel [id: 0x5ebf348f, L:/127.0.0.1:57103 - R:localhost/127.0.0.1:40350] for GET '/session/f1b5aaf75b9d196da690e1c2f1a0cb3e/url'
01:36:35.619 [AsyncHttpClient-1-8] DEBUG org.asynchttpclient.netty.handler.HttpHandler - 

Request DefaultFullHttpRequest(decodeResult: success, version: HTTP/1.1, content: EmptyByteBufBE)
GET /session/f1b5aaf75b9d196da690e1c2f1a0cb3e/url HTTP/1.1
User-Agent: selenium/4.8.1 (java windows)
Cache-Control: no-cache
Content-Type: application/json; charset=utf-8
host: localhost:40350
accept: */*

Response DefaultHttpResponse(decodeResult: success, version: HTTP/1.1)
HTTP/1.1 200 OK
Content-Length: 51
Content-Type: application/json; charset=utf-8
cache-control: no-cache

01:36:35.619 [AsyncHttpClient-1-8] DEBUG org.asynchttpclient.netty.channel.ChannelManager - Adding key: http://localhost:40350 for channel [id: 0x5ebf348f, L:/127.0.0.1:57103 - R:localhost/127.0.0.1:40350]
01:36:35.619 [Forwarding screenshot on session f1b5aaf75b9d196da690e1c2f1a0cb3e to remote] DEBUG org.asynchttpclient.netty.request.NettyRequestSender - Using pooled Channel '[id: 0x5ebf348f, L:/127.0.0.1:57103 - R:localhost/127.0.0.1:40350]' for 'GET' to 'http://localhost:40350/session/f1b5aaf75b9d196da690e1c2f1a0cb3e/screenshot'
01:36:35.619 [Forwarding screenshot on session f1b5aaf75b9d196da690e1c2f1a0cb3e to remote] DEBUG org.asynchttpclient.netty.request.NettyRequestSender - Using open Channel [id: 0x5ebf348f, L:/127.0.0.1:57103 - R:localhost/127.0.0.1:40350] for GET '/session/f1b5aaf75b9d196da690e1c2f1a0cb3e/screenshot'
01:36:35.754 [AsyncHttpClient-1-8] DEBUG org.asynchttpclient.netty.handler.HttpHandler - 

Request DefaultFullHttpRequest(decodeResult: success, version: HTTP/1.1, content: EmptyByteBufBE)
GET /session/f1b5aaf75b9d196da690e1c2f1a0cb3e/screenshot HTTP/1.1
User-Agent: selenium/4.8.1 (java windows)
Cache-Control: no-cache
Content-Type: application/json; charset=utf-8
host: localhost:40350
accept: */*

Response DefaultHttpResponse(decodeResult: success, version: HTTP/1.1)
HTTP/1.1 200 OK
Content-Length: 170960
Content-Type: application/json; charset=utf-8
cache-control: no-cache

01:36:35.754 [AsyncHttpClient-1-8] DEBUG org.asynchttpclient.netty.channel.ChannelManager - Adding key: http://localhost:40350 for channel [id: 0x5ebf348f, L:/127.0.0.1:57103 - R:localhost/127.0.0.1:40350]
01:36:35.757 [main] DEBUG net.serenitybdd.core.photography.Darkroom - Send negative for processing for target\site\serenity\1af39685acc8feca861475ef8538ebae2199868e75bf2d3d279cd0a13fc91f7b.png
01:36:35.757 [main] DEBUG net.thucydides.core.steps.StepInterceptor - STEP DONE: clickLanjutkanButton
01:36:35.758 [Darkroom Processing Line] DEBUG net.serenitybdd.core.photography.DarkroomProcessingLine - Processing screenshot image in /var/screenshots/screenshot-5824339938482217247
01:36:35.758 [Darkroom Processing Line] DEBUG net.serenitybdd.core.photography.DarkroomProcessingLine - Saving screenshot to target\site\serenity\1af39685acc8feca861475ef8538ebae2199868e75bf2d3d279cd0a13fc91f7b.png
01:36:35.759 [main] DEBUG net.thucydides.core.steps.StepInterceptor - STEP DONE: clickLanjutkanButton
  &amp#27;[32mWhen &amp#27;[0m&amp#27;[32mI select a product and proceeds to checkout&amp#27;[0m          &amp#27;[90m# starter.stepdefintions.PaymentMethodSteps.proceedsToCheckout()&amp#27;[0m
01:36:35.765 [Forwarding getPageSource on session f1b5aaf75b9d196da690e1c2f1a0cb3e to remote] DEBUG org.asynchttpclient.netty.request.NettyRequestSender - Using pooled Channel '[id: 0x5ebf348f, L:/127.0.0.1:57103 - R:localhost/127.0.0.1:40350]' for 'POST' to 'http://localhost:40350/session/f1b5aaf75b9d196da690e1c2f1a0cb3e/execute/sync'
01:36:35.765 [Forwarding getPageSource on session f1b5aaf75b9d196da690e1c2f1a0cb3e to remote] DEBUG org.asynchttpclient.netty.request.NettyRequestSender - Using open Channel [id: 0x5ebf348f, L:/127.0.0.1:57103 - R:localhost/127.0.0.1:40350] for POST '/session/f1b5aaf75b9d196da690e1c2f1a0cb3e/execute/sync'
01:36:35.772 [AsyncHttpClient-1-8] DEBUG org.asynchttpclient.netty.handler.HttpHandler - 

Request DefaultHttpRequest(decodeResult: success, version: HTTP/1.1)
POST /session/f1b5aaf75b9d196da690e1c2f1a0cb3e/execute/sync HTTP/1.1
User-Agent: selenium/4.8.1 (java windows)
Content-Length: 176
Content-Type: application/json; charset=utf-8
host: localhost:40350
accept: */*

Response DefaultHttpResponse(decodeResult: success, version: HTTP/1.1)
HTTP/1.1 200 OK
Content-Length: 101912
Content-Type: application/json; charset=utf-8
cache-control: no-cache

01:36:35.773 [AsyncHttpClient-1-8] DEBUG org.asynchttpclient.netty.channel.ChannelManager - Adding key: http://localhost:40350 for channel [id: 0x5ebf348f, L:/127.0.0.1:57103 - R:localhost/127.0.0.1:40350]
01:36:35.777 [Forwarding getCurrentUrl on session f1b5aaf75b9d196da690e1c2f1a0cb3e to remote] DEBUG org.asynchttpclient.netty.request.NettyRequestSender - Using pooled Channel '[id: 0x5ebf348f, L:/127.0.0.1:57103 - R:localhost/127.0.0.1:40350]' for 'GET' to 'http://localhost:40350/session/f1b5aaf75b9d196da690e1c2f1a0cb3e/url'
01:36:35.777 [Forwarding getCurrentUrl on session f1b5aaf75b9d196da690e1c2f1a0cb3e to remote] DEBUG org.asynchttpclient.netty.request.NettyRequestSender - Using open Channel [id: 0x5ebf348f, L:/127.0.0.1:57103 - R:localhost/127.0.0.1:40350] for GET '/session/f1b5aaf75b9d196da690e1c2f1a0cb3e/url'
01:36:35.780 [AsyncHttpClient-1-8] DEBUG org.asynchttpclient.netty.handler.HttpHandler - 

Request DefaultFullHttpRequest(decodeResult: success, version: HTTP/1.1, content: EmptyByteBufBE)
GET /session/f1b5aaf75b9d196da690e1c2f1a0cb3e/url HTTP/1.1
User-Agent: selenium/4.8.1 (java windows)
Cache-Control: no-cache
Content-Type: application/json; charset=utf-8
host: localhost:40350
accept: */*

Response DefaultHttpResponse(decodeResult: success, version: HTTP/1.1)
HTTP/1.1 200 OK
Content-Length: 51
Content-Type: application/json; charset=utf-8
cache-control: no-cache

01:36:35.780 [AsyncHttpClient-1-8] DEBUG org.asynchttpclient.netty.channel.ChannelManager - Adding key: http://localhost:40350 for channel [id: 0x5ebf348f, L:/127.0.0.1:57103 - R:localhost/127.0.0.1:40350]
01:36:35.787 [Forwarding getPageSource on session f1b5aaf75b9d196da690e1c2f1a0cb3e to remote] DEBUG org.asynchttpclient.netty.request.NettyRequestSender - Using pooled Channel '[id: 0x5ebf348f, L:/127.0.0.1:57103 - R:localhost/127.0.0.1:40350]' for 'POST' to 'http://localhost:40350/session/f1b5aaf75b9d196da690e1c2f1a0cb3e/execute/sync'
01:36:35.787 [Forwarding getPageSource on session f1b5aaf75b9d196da690e1c2f1a0cb3e to remote] DEBUG org.asynchttpclient.netty.request.NettyRequestSender - Using open Channel [id: 0x5ebf348f, L:/127.0.0.1:57103 - R:localhost/127.0.0.1:40350] for POST '/session/f1b5aaf75b9d196da690e1c2f1a0cb3e/execute/sync'
01:36:35.794 [AsyncHttpClient-1-8] DEBUG org.asynchttpclient.netty.handler.HttpHandler - 

Request DefaultHttpRequest(decodeResult: success, version: HTTP/1.1)
POST /session/f1b5aaf75b9d196da690e1c2f1a0cb3e/execute/sync HTTP/1.1
User-Agent: selenium/4.8.1 (java windows)
Content-Length: 176
Content-Type: application/json; charset=utf-8
host: localhost:40350
accept: */*

Response DefaultHttpResponse(decodeResult: success, version: HTTP/1.1)
HTTP/1.1 200 OK
Content-Length: 101911
Content-Type: application/json; charset=utf-8
cache-control: no-cache

01:36:35.794 [AsyncHttpClient-1-8] DEBUG org.asynchttpclient.netty.channel.ChannelManager - Adding key: http://localhost:40350 for channel [id: 0x5ebf348f, L:/127.0.0.1:57103 - R:localhost/127.0.0.1:40350]
01:36:35.798 [Forwarding getCurrentUrl on session f1b5aaf75b9d196da690e1c2f1a0cb3e to remote] DEBUG org.asynchttpclient.netty.request.NettyRequestSender - Using pooled Channel '[id: 0x5ebf348f, L:/127.0.0.1:57103 - R:localhost/127.0.0.1:40350]' for 'GET' to 'http://localhost:40350/session/f1b5aaf75b9d196da690e1c2f1a0cb3e/url'
01:36:35.798 [Forwarding getCurrentUrl on session f1b5aaf75b9d196da690e1c2f1a0cb3e to remote] DEBUG org.asynchttpclient.netty.request.NettyRequestSender - Using open Channel [id: 0x5ebf348f, L:/127.0.0.1:57103 - R:localhost/127.0.0.1:40350] for GET '/session/f1b5aaf75b9d196da690e1c2f1a0cb3e/url'
01:36:35.802 [AsyncHttpClient-1-8] DEBUG org.asynchttpclient.netty.handler.HttpHandler - 

Request DefaultFullHttpRequest(decodeResult: success, version: HTTP/1.1, content: EmptyByteBufBE)
GET /session/f1b5aaf75b9d196da690e1c2f1a0cb3e/url HTTP/1.1
User-Agent: selenium/4.8.1 (java windows)
Cache-Control: no-cache
Content-Type: application/json; charset=utf-8
host: localhost:40350
accept: */*

Response DefaultHttpResponse(decodeResult: success, version: HTTP/1.1)
HTTP/1.1 200 OK
Content-Length: 51
Content-Type: application/json; charset=utf-8
cache-control: no-cache

01:36:35.802 [AsyncHttpClient-1-8] DEBUG org.asynchttpclient.netty.channel.ChannelManager - Adding key: http://localhost:40350 for channel [id: 0x5ebf348f, L:/127.0.0.1:57103 - R:localhost/127.0.0.1:40350]
01:36:35.804 [main] DEBUG net.thucydides.core.steps.StepInterceptor - STARTING STEP: PaymentMethodSteps.chooseNominal - chooseNominal
01:36:35.806 [Forwarding findElement on session f1b5aaf75b9d196da690e1c2f1a0cb3e to remote] DEBUG org.asynchttpclient.netty.request.NettyRequestSender - Using pooled Channel '[id: 0x5ebf348f, L:/127.0.0.1:57103 - R:localhost/127.0.0.1:40350]' for 'POST' to 'http://localhost:40350/session/f1b5aaf75b9d196da690e1c2f1a0cb3e/element'
01:36:35.806 [Forwarding findElement on session f1b5aaf75b9d196da690e1c2f1a0cb3e to remote] DEBUG org.asynchttpclient.netty.request.NettyRequestSender - Using open Channel [id: 0x5ebf348f, L:/127.0.0.1:57103 - R:localhost/127.0.0.1:40350] for POST '/session/f1b5aaf75b9d196da690e1c2f1a0cb3e/element'
01:36:36.184 [AsyncHttpClient-1-1] DEBUG org.asynchttpclient.netty.channel.DefaultChannelPool - Entry count for : http://localhost:57104 : 1
01:36:36.312 [AsyncHttpClient-1-8] DEBUG org.asynchttpclient.netty.handler.HttpHandler - 

Request DefaultHttpRequest(decodeResult: success, version: HTTP/1.1)
POST /session/f1b5aaf75b9d196da690e1c2f1a0cb3e/element HTTP/1.1
User-Agent: selenium/4.8.1 (java windows)
Content-Length: 65
Content-Type: application/json; charset=utf-8
host: localhost:40350
accept: */*

Response DefaultHttpResponse(decodeResult: success, version: HTTP/1.1)
HTTP/1.1 200 OK
Content-Length: 88
Content-Type: application/json; charset=utf-8
cache-control: no-cache

01:36:36.313 [AsyncHttpClient-1-8] DEBUG org.asynchttpclient.netty.channel.ChannelManager - Adding key: http://localhost:40350 for channel [id: 0x5ebf348f, L:/127.0.0.1:57103 - R:localhost/127.0.0.1:40350]
01:36:36.313 [Forwarding getElementTagName on session f1b5aaf75b9d196da690e1c2f1a0cb3e to remote] DEBUG org.asynchttpclient.netty.request.NettyRequestSender - Using pooled Channel '[id: 0x5ebf348f, L:/127.0.0.1:57103 - R:localhost/127.0.0.1:40350]' for 'GET' to 'http://localhost:40350/session/f1b5aaf75b9d196da690e1c2f1a0cb3e/element/efde51a3-f215-4989-8310-a0d601133892/name'
01:36:36.313 [Forwarding getElementTagName on session f1b5aaf75b9d196da690e1c2f1a0cb3e to remote] DEBUG org.asynchttpclient.netty.request.NettyRequestSender - Using open Channel [id: 0x5ebf348f, L:/127.0.0.1:57103 - R:localhost/127.0.0.1:40350] for GET '/session/f1b5aaf75b9d196da690e1c2f1a0cb3e/element/efde51a3-f215-4989-8310-a0d601133892/name'
01:36:36.317 [AsyncHttpClient-1-8] DEBUG org.asynchttpclient.netty.handler.HttpHandler - 

Request DefaultFullHttpRequest(decodeResult: success, version: HTTP/1.1, content: EmptyByteBufBE)
GET /session/f1b5aaf75b9d196da690e1c2f1a0cb3e/element/efde51a3-f215-4989-8310-a0d601133892/name HTTP/1.1
User-Agent: selenium/4.8.1 (java windows)
Cache-Control: no-cache
Content-Type: application/json; charset=utf-8
host: localhost:40350
accept: */*

Response DefaultHttpResponse(decodeResult: success, version: HTTP/1.1)
HTTP/1.1 200 OK
Content-Length: 15
Content-Type: application/json; charset=utf-8
cache-control: no-cache

01:36:36.317 [AsyncHttpClient-1-8] DEBUG org.asynchttpclient.netty.channel.ChannelManager - Adding key: http://localhost:40350 for channel [id: 0x5ebf348f, L:/127.0.0.1:57103 - R:localhost/127.0.0.1:40350]
01:36:36.318 [Forwarding getElementTagName on session f1b5aaf75b9d196da690e1c2f1a0cb3e to remote] DEBUG org.asynchttpclient.netty.request.NettyRequestSender - Using pooled Channel '[id: 0x5ebf348f, L:/127.0.0.1:57103 - R:localhost/127.0.0.1:40350]' for 'GET' to 'http://localhost:40350/session/f1b5aaf75b9d196da690e1c2f1a0cb3e/element/efde51a3-f215-4989-8310-a0d601133892/name'
01:36:36.318 [Forwarding getElementTagName on session f1b5aaf75b9d196da690e1c2f1a0cb3e to remote] DEBUG org.asynchttpclient.netty.request.NettyRequestSender - Using open Channel [id: 0x5ebf348f, L:/127.0.0.1:57103 - R:localhost/127.0.0.1:40350] for GET '/session/f1b5aaf75b9d196da690e1c2f1a0cb3e/element/efde51a3-f215-4989-8310-a0d601133892/name'
01:36:36.321 [AsyncHttpClient-1-8] DEBUG org.asynchttpclient.netty.handler.HttpHandler - 

Request DefaultFullHttpRequest(decodeResult: success, version: HTTP/1.1, content: EmptyByteBufBE)
GET /session/f1b5aaf75b9d196da690e1c2f1a0cb3e/element/efde51a3-f215-4989-8310-a0d601133892/name HTTP/1.1
User-Agent: selenium/4.8.1 (java windows)
Cache-Control: no-cache
Content-Type: application/json; charset=utf-8
host: localhost:40350
accept: */*

Response DefaultHttpResponse(decodeResult: success, version: HTTP/1.1)
HTTP/1.1 200 OK
Content-Length: 15
Content-Type: application/json; charset=utf-8
cache-control: no-cache

01:36:36.321 [AsyncHttpClient-1-8] DEBUG org.asynchttpclient.netty.channel.ChannelManager - Adding key: http://localhost:40350 for channel [id: 0x5ebf348f, L:/127.0.0.1:57103 - R:localhost/127.0.0.1:40350]
01:36:36.322 [Forwarding findElement on session f1b5aaf75b9d196da690e1c2f1a0cb3e to remote] DEBUG org.asynchttpclient.netty.request.NettyRequestSender - Using pooled Channel '[id: 0x5ebf348f, L:/127.0.0.1:57103 - R:localhost/127.0.0.1:40350]' for 'POST' to 'http://localhost:40350/session/f1b5aaf75b9d196da690e1c2f1a0cb3e/element'
01:36:36.322 [Forwarding findElement on session f1b5aaf75b9d196da690e1c2f1a0cb3e to remote] DEBUG org.asynchttpclient.netty.request.NettyRequestSender - Using open Channel [id: 0x5ebf348f, L:/127.0.0.1:57103 - R:localhost/127.0.0.1:40350] for POST '/session/f1b5aaf75b9d196da690e1c2f1a0cb3e/element'
01:36:36.329 [AsyncHttpClient-1-8] DEBUG org.asynchttpclient.netty.handler.HttpHandler - 

Request DefaultHttpRequest(decodeResult: success, version: HTTP/1.1)
POST /session/f1b5aaf75b9d196da690e1c2f1a0cb3e/element HTTP/1.1
User-Agent: selenium/4.8.1 (java windows)
Content-Length: 65
Content-Type: application/json; charset=utf-8
host: localhost:40350
accept: */*

Response DefaultHttpResponse(decodeResult: success, version: HTTP/1.1)
HTTP/1.1 200 OK
Content-Length: 88
Content-Type: application/json; charset=utf-8
cache-control: no-cache

01:36:36.329 [AsyncHttpClient-1-8] DEBUG org.asynchttpclient.netty.channel.ChannelManager - Adding key: http://localhost:40350 for channel [id: 0x5ebf348f, L:/127.0.0.1:57103 - R:localhost/127.0.0.1:40350]
01:36:36.330 [Forwarding clickElement on session f1b5aaf75b9d196da690e1c2f1a0cb3e to remote] DEBUG org.asynchttpclient.netty.request.NettyRequestSender - Using pooled Channel '[id: 0x5ebf348f, L:/127.0.0.1:57103 - R:localhost/127.0.0.1:40350]' for 'POST' to 'http://localhost:40350/session/f1b5aaf75b9d196da690e1c2f1a0cb3e/element/efde51a3-f215-4989-8310-a0d601133892/click'
01:36:36.330 [Forwarding clickElement on session f1b5aaf75b9d196da690e1c2f1a0cb3e to remote] DEBUG org.asynchttpclient.netty.request.NettyRequestSender - Using open Channel [id: 0x5ebf348f, L:/127.0.0.1:57103 - R:localhost/127.0.0.1:40350] for POST '/session/f1b5aaf75b9d196da690e1c2f1a0cb3e/element/efde51a3-f215-4989-8310-a0d601133892/click'
01:36:36.359 [AsyncHttpClient-1-8] DEBUG org.asynchttpclient.netty.handler.HttpHandler - 

Request DefaultHttpRequest(decodeResult: success, version: HTTP/1.1)
POST /session/f1b5aaf75b9d196da690e1c2f1a0cb3e/element/efde51a3-f215-4989-8310-a0d601133892/click HTTP/1.1
User-Agent: selenium/4.8.1 (java windows)
Content-Length: 50
Content-Type: application/json; charset=utf-8
host: localhost:40350
accept: */*

Response DefaultHttpResponse(decodeResult: success, version: HTTP/1.1)
HTTP/1.1 200 OK
Content-Length: 14
Content-Type: application/json; charset=utf-8
cache-control: no-cache

01:36:36.359 [AsyncHttpClient-1-8] DEBUG org.asynchttpclient.netty.channel.ChannelManager - Adding key: http://localhost:40350 for channel [id: 0x5ebf348f, L:/127.0.0.1:57103 - R:localhost/127.0.0.1:40350]
01:36:36.363 [Forwarding getAlertText on session f1b5aaf75b9d196da690e1c2f1a0cb3e to remote] DEBUG org.asynchttpclient.netty.request.NettyRequestSender - Using pooled Channel '[id: 0x5ebf348f, L:/127.0.0.1:57103 - R:localhost/127.0.0.1:40350]' for 'GET' to 'http://localhost:40350/session/f1b5aaf75b9d196da690e1c2f1a0cb3e/alert/text'
01:36:36.363 [Forwarding getAlertText on session f1b5aaf75b9d196da690e1c2f1a0cb3e to remote] DEBUG org.asynchttpclient.netty.request.NettyRequestSender - Using open Channel [id: 0x5ebf348f, L:/127.0.0.1:57103 - R:localhost/127.0.0.1:40350] for GET '/session/f1b5aaf75b9d196da690e1c2f1a0cb3e/alert/text'
01:36:36.364 [AsyncHttpClient-1-8] DEBUG org.asynchttpclient.netty.handler.HttpHandler - 

Request DefaultFullHttpRequest(decodeResult: success, version: HTTP/1.1, content: EmptyByteBufBE)
GET /session/f1b5aaf75b9d196da690e1c2f1a0cb3e/alert/text HTTP/1.1
User-Agent: selenium/4.8.1 (java windows)
Cache-Control: no-cache
Content-Type: application/json; charset=utf-8
host: localhost:40350
accept: */*

Response DefaultHttpResponse(decodeResult: success, version: HTTP/1.1)
HTTP/1.1 404 Not Found
Content-Length: 835
Content-Type: application/json; charset=utf-8
cache-control: no-cache

01:36:36.364 [AsyncHttpClient-1-8] DEBUG org.asynchttpclient.netty.channel.ChannelManager - Adding key: http://localhost:40350 for channel [id: 0x5ebf348f, L:/127.0.0.1:57103 - R:localhost/127.0.0.1:40350]
01:36:36.365 [Forwarding getCurrentUrl on session f1b5aaf75b9d196da690e1c2f1a0cb3e to remote] DEBUG org.asynchttpclient.netty.request.NettyRequestSender - Using pooled Channel '[id: 0x5ebf348f, L:/127.0.0.1:57103 - R:localhost/127.0.0.1:40350]' for 'GET' to 'http://localhost:40350/session/f1b5aaf75b9d196da690e1c2f1a0cb3e/url'
01:36:36.365 [Forwarding getCurrentUrl on session f1b5aaf75b9d196da690e1c2f1a0cb3e to remote] DEBUG org.asynchttpclient.netty.request.NettyRequestSender - Using open Channel [id: 0x5ebf348f, L:/127.0.0.1:57103 - R:localhost/127.0.0.1:40350] for GET '/session/f1b5aaf75b9d196da690e1c2f1a0cb3e/url'
01:36:36.368 [AsyncHttpClient-1-8] DEBUG org.asynchttpclient.netty.handler.HttpHandler - 

Request DefaultFullHttpRequest(decodeResult: success, version: HTTP/1.1, content: EmptyByteBufBE)
GET /session/f1b5aaf75b9d196da690e1c2f1a0cb3e/url HTTP/1.1
User-Agent: selenium/4.8.1 (java windows)
Cache-Control: no-cache
Content-Type: application/json; charset=utf-8
host: localhost:40350
accept: */*

Response DefaultHttpResponse(decodeResult: success, version: HTTP/1.1)
HTTP/1.1 200 OK
Content-Length: 51
Content-Type: application/json; charset=utf-8
cache-control: no-cache

01:36:36.368 [AsyncHttpClient-1-8] DEBUG org.asynchttpclient.netty.channel.ChannelManager - Adding key: http://localhost:40350 for channel [id: 0x5ebf348f, L:/127.0.0.1:57103 - R:localhost/127.0.0.1:40350]
01:36:36.369 [Forwarding screenshot on session f1b5aaf75b9d196da690e1c2f1a0cb3e to remote] DEBUG org.asynchttpclient.netty.request.NettyRequestSender - Using pooled Channel '[id: 0x5ebf348f, L:/127.0.0.1:57103 - R:localhost/127.0.0.1:40350]' for 'GET' to 'http://localhost:40350/session/f1b5aaf75b9d196da690e1c2f1a0cb3e/screenshot'
01:36:36.369 [Forwarding screenshot on session f1b5aaf75b9d196da690e1c2f1a0cb3e to remote] DEBUG org.asynchttpclient.netty.request.NettyRequestSender - Using open Channel [id: 0x5ebf348f, L:/127.0.0.1:57103 - R:localhost/127.0.0.1:40350] for GET '/session/f1b5aaf75b9d196da690e1c2f1a0cb3e/screenshot'
01:36:36.489 [AsyncHttpClient-1-8] DEBUG org.asynchttpclient.netty.handler.HttpHandler - 

Request DefaultFullHttpRequest(decodeResult: success, version: HTTP/1.1, content: EmptyByteBufBE)
GET /session/f1b5aaf75b9d196da690e1c2f1a0cb3e/screenshot HTTP/1.1
User-Agent: selenium/4.8.1 (java windows)
Cache-Control: no-cache
Content-Type: application/json; charset=utf-8
host: localhost:40350
accept: */*

Response DefaultHttpResponse(decodeResult: success, version: HTTP/1.1)
HTTP/1.1 200 OK
Content-Length: 158172
Content-Type: application/json; charset=utf-8
cache-control: no-cache

01:36:36.489 [AsyncHttpClient-1-8] DEBUG org.asynchttpclient.netty.channel.ChannelManager - Adding key: http://localhost:40350 for channel [id: 0x5ebf348f, L:/127.0.0.1:57103 - R:localhost/127.0.0.1:40350]
01:36:36.492 [main] DEBUG net.serenitybdd.core.photography.Darkroom - Send negative for processing for target\site\serenity\b54c12742a59cbf85a6e473c5512a6aac9044145c722bb49210d67f475d24029.png
01:36:36.493 [main] DEBUG net.thucydides.core.steps.StepInterceptor - STEP DONE: chooseNominal
  &amp#27;[32mAnd &amp#27;[0m&amp#27;[32mI choose the Nominal of Listrik PLN&amp#27;[0m                   &amp#27;[90m# starter.stepdefintions.PaymentMethodSteps.chooseNominal()&amp#27;[0m
01:36:36.493 [Darkroom Processing Line] DEBUG net.serenitybdd.core.photography.DarkroomProcessingLine - Processing screenshot image in /var/screenshots/screenshot-814310807004884514
01:36:36.493 [Darkroom Processing Line] DEBUG net.serenitybdd.core.photography.DarkroomProcessingLine - Saving screenshot to target\site\serenity\b54c12742a59cbf85a6e473c5512a6aac9044145c722bb49210d67f475d24029.png
01:36:36.498 [Forwarding getPageSource on session f1b5aaf75b9d196da690e1c2f1a0cb3e to remote] DEBUG org.asynchttpclient.netty.request.NettyRequestSender - Using pooled Channel '[id: 0x5ebf348f, L:/127.0.0.1:57103 - R:localhost/127.0.0.1:40350]' for 'POST' to 'http://localhost:40350/session/f1b5aaf75b9d196da690e1c2f1a0cb3e/execute/sync'
01:36:36.498 [Forwarding getPageSource on session f1b5aaf75b9d196da690e1c2f1a0cb3e to remote] DEBUG org.asynchttpclient.netty.request.NettyRequestSender - Using open Channel [id: 0x5ebf348f, L:/127.0.0.1:57103 - R:localhost/127.0.0.1:40350] for POST '/session/f1b5aaf75b9d196da690e1c2f1a0cb3e/execute/sync'
01:36:36.506 [AsyncHttpClient-1-8] DEBUG org.asynchttpclient.netty.handler.HttpHandler - 

Request DefaultHttpRequest(decodeResult: success, version: HTTP/1.1)
POST /session/f1b5aaf75b9d196da690e1c2f1a0cb3e/execute/sync HTTP/1.1
User-Agent: selenium/4.8.1 (java windows)
Content-Length: 176
Content-Type: application/json; charset=utf-8
host: localhost:40350
accept: */*

Response DefaultHttpResponse(decodeResult: success, version: HTTP/1.1)
HTTP/1.1 200 OK
Content-Length: 87953
Content-Type: application/json; charset=utf-8
cache-control: no-cache

01:36:36.506 [AsyncHttpClient-1-8] DEBUG org.asynchttpclient.netty.channel.ChannelManager - Adding key: http://localhost:40350 for channel [id: 0x5ebf348f, L:/127.0.0.1:57103 - R:localhost/127.0.0.1:40350]
01:36:36.512 [Forwarding getCurrentUrl on session f1b5aaf75b9d196da690e1c2f1a0cb3e to remote] DEBUG org.asynchttpclient.netty.request.NettyRequestSender - Using pooled Channel '[id: 0x5ebf348f, L:/127.0.0.1:57103 - R:localhost/127.0.0.1:40350]' for 'GET' to 'http://localhost:40350/session/f1b5aaf75b9d196da690e1c2f1a0cb3e/url'
01:36:36.512 [Forwarding getCurrentUrl on session f1b5aaf75b9d196da690e1c2f1a0cb3e to remote] DEBUG org.asynchttpclient.netty.request.NettyRequestSender - Using open Channel [id: 0x5ebf348f, L:/127.0.0.1:57103 - R:localhost/127.0.0.1:40350] for GET '/session/f1b5aaf75b9d196da690e1c2f1a0cb3e/url'
01:36:36.516 [AsyncHttpClient-1-8] DEBUG org.asynchttpclient.netty.handler.HttpHandler - 

Request DefaultFullHttpRequest(decodeResult: success, version: HTTP/1.1, content: EmptyByteBufBE)
GET /session/f1b5aaf75b9d196da690e1c2f1a0cb3e/url HTTP/1.1
User-Agent: selenium/4.8.1 (java windows)
Cache-Control: no-cache
Content-Type: application/json; charset=utf-8
host: localhost:40350
accept: */*

Response DefaultHttpResponse(decodeResult: success, version: HTTP/1.1)
HTTP/1.1 200 OK
Content-Length: 51
Content-Type: application/json; charset=utf-8
cache-control: no-cache

01:36:36.516 [AsyncHttpClient-1-8] DEBUG org.asynchttpclient.netty.channel.ChannelManager - Adding key: http://localhost:40350 for channel [id: 0x5ebf348f, L:/127.0.0.1:57103 - R:localhost/127.0.0.1:40350]
01:36:36.532 [Forwarding getPageSource on session f1b5aaf75b9d196da690e1c2f1a0cb3e to remote] DEBUG org.asynchttpclient.netty.request.NettyRequestSender - Using pooled Channel '[id: 0x5ebf348f, L:/127.0.0.1:57103 - R:localhost/127.0.0.1:40350]' for 'POST' to 'http://localhost:40350/session/f1b5aaf75b9d196da690e1c2f1a0cb3e/execute/sync'
01:36:36.532 [Forwarding getPageSource on session f1b5aaf75b9d196da690e1c2f1a0cb3e to remote] DEBUG org.asynchttpclient.netty.request.NettyRequestSender - Using open Channel [id: 0x5ebf348f, L:/127.0.0.1:57103 - R:localhost/127.0.0.1:40350] for POST '/session/f1b5aaf75b9d196da690e1c2f1a0cb3e/execute/sync'
01:36:36.540 [AsyncHttpClient-1-8] DEBUG org.asynchttpclient.netty.handler.HttpHandler - 

Request DefaultHttpRequest(decodeResult: success, version: HTTP/1.1)
POST /session/f1b5aaf75b9d196da690e1c2f1a0cb3e/execute/sync HTTP/1.1
User-Agent: selenium/4.8.1 (java windows)
Content-Length: 176
Content-Type: application/json; charset=utf-8
host: localhost:40350
accept: */*

Response DefaultHttpResponse(decodeResult: success, version: HTTP/1.1)
HTTP/1.1 200 OK
Content-Length: 87953
Content-Type: application/json; charset=utf-8
cache-control: no-cache

01:36:36.541 [AsyncHttpClient-1-8] DEBUG org.asynchttpclient.netty.channel.ChannelManager - Adding key: http://localhost:40350 for channel [id: 0x5ebf348f, L:/127.0.0.1:57103 - R:localhost/127.0.0.1:40350]
01:36:36.545 [Forwarding getCurrentUrl on session f1b5aaf75b9d196da690e1c2f1a0cb3e to remote] DEBUG org.asynchttpclient.netty.request.NettyRequestSender - Using pooled Channel '[id: 0x5ebf348f, L:/127.0.0.1:57103 - R:localhost/127.0.0.1:40350]' for 'GET' to 'http://localhost:40350/session/f1b5aaf75b9d196da690e1c2f1a0cb3e/url'
01:36:36.545 [Forwarding getCurrentUrl on session f1b5aaf75b9d196da690e1c2f1a0cb3e to remote] DEBUG org.asynchttpclient.netty.request.NettyRequestSender - Using open Channel [id: 0x5ebf348f, L:/127.0.0.1:57103 - R:localhost/127.0.0.1:40350] for GET '/session/f1b5aaf75b9d196da690e1c2f1a0cb3e/url'
01:36:36.548 [AsyncHttpClient-1-8] DEBUG org.asynchttpclient.netty.handler.HttpHandler - 

Request DefaultFullHttpRequest(decodeResult: success, version: HTTP/1.1, content: EmptyByteBufBE)
GET /session/f1b5aaf75b9d196da690e1c2f1a0cb3e/url HTTP/1.1
User-Agent: selenium/4.8.1 (java windows)
Cache-Control: no-cache
Content-Type: application/json; charset=utf-8
host: localhost:40350
accept: */*

Response DefaultHttpResponse(decodeResult: success, version: HTTP/1.1)
HTTP/1.1 200 OK
Content-Length: 51
Content-Type: application/json; charset=utf-8
cache-control: no-cache

01:36:36.548 [AsyncHttpClient-1-8] DEBUG org.asynchttpclient.netty.channel.ChannelManager - Adding key: http://localhost:40350 for channel [id: 0x5ebf348f, L:/127.0.0.1:57103 - R:localhost/127.0.0.1:40350]
01:36:36.562 [main] DEBUG net.thucydides.core.steps.StepInterceptor - STARTING STEP: PaymentMethodSteps.selectPaymentMethod - choosePaymentMethod
01:36:36.565 [Forwarding findElement on session f1b5aaf75b9d196da690e1c2f1a0cb3e to remote] DEBUG org.asynchttpclient.netty.request.NettyRequestSender - Using pooled Channel '[id: 0x5ebf348f, L:/127.0.0.1:57103 - R:localhost/127.0.0.1:40350]' for 'POST' to 'http://localhost:40350/session/f1b5aaf75b9d196da690e1c2f1a0cb3e/element'
01:36:36.565 [Forwarding findElement on session f1b5aaf75b9d196da690e1c2f1a0cb3e to remote] DEBUG org.asynchttpclient.netty.request.NettyRequestSender - Using open Channel [id: 0x5ebf348f, L:/127.0.0.1:57103 - R:localhost/127.0.0.1:40350] for POST '/session/f1b5aaf75b9d196da690e1c2f1a0cb3e/element'
01:36:37.286 [AsyncHttpClient-1-1] DEBUG org.asynchttpclient.netty.channel.DefaultChannelPool - Entry count for : http://localhost:57104 : 1
01:36:37.512 [AsyncHttpClient-1-8] DEBUG org.asynchttpclient.netty.handler.HttpHandler - 

Request DefaultHttpRequest(decodeResult: success, version: HTTP/1.1)
POST /session/f1b5aaf75b9d196da690e1c2f1a0cb3e/element HTTP/1.1
User-Agent: selenium/4.8.1 (java windows)
Content-Length: 57
Content-Type: application/json; charset=utf-8
host: localhost:40350
accept: */*

Response DefaultHttpResponse(decodeResult: success, version: HTTP/1.1)
HTTP/1.1 200 OK
Content-Length: 88
Content-Type: application/json; charset=utf-8
cache-control: no-cache

01:36:37.512 [AsyncHttpClient-1-8] DEBUG org.asynchttpclient.netty.channel.ChannelManager - Adding key: http://localhost:40350 for channel [id: 0x5ebf348f, L:/127.0.0.1:57103 - R:localhost/127.0.0.1:40350]
01:36:37.513 [Forwarding getElementTagName on session f1b5aaf75b9d196da690e1c2f1a0cb3e to remote] DEBUG org.asynchttpclient.netty.request.NettyRequestSender - Using pooled Channel '[id: 0x5ebf348f, L:/127.0.0.1:57103 - R:localhost/127.0.0.1:40350]' for 'GET' to 'http://localhost:40350/session/f1b5aaf75b9d196da690e1c2f1a0cb3e/element/015fc3d6-dd5c-4c1b-bbda-773997035e07/name'
01:36:37.513 [Forwarding getElementTagName on session f1b5aaf75b9d196da690e1c2f1a0cb3e to remote] DEBUG org.asynchttpclient.netty.request.NettyRequestSender - Using open Channel [id: 0x5ebf348f, L:/127.0.0.1:57103 - R:localhost/127.0.0.1:40350] for GET '/session/f1b5aaf75b9d196da690e1c2f1a0cb3e/element/015fc3d6-dd5c-4c1b-bbda-773997035e07/name'
01:36:37.516 [AsyncHttpClient-1-8] DEBUG org.asynchttpclient.netty.handler.HttpHandler - 

Request DefaultFullHttpRequest(decodeResult: success, version: HTTP/1.1, content: EmptyByteBufBE)
GET /session/f1b5aaf75b9d196da690e1c2f1a0cb3e/element/015fc3d6-dd5c-4c1b-bbda-773997035e07/name HTTP/1.1
User-Agent: selenium/4.8.1 (java windows)
Cache-Control: no-cache
Content-Type: application/json; charset=utf-8
host: localhost:40350
accept: */*

Response DefaultHttpResponse(decodeResult: success, version: HTTP/1.1)
HTTP/1.1 200 OK
Content-Length: 17
Content-Type: application/json; charset=utf-8
cache-control: no-cache

01:36:37.517 [AsyncHttpClient-1-8] DEBUG org.asynchttpclient.netty.channel.ChannelManager - Adding key: http://localhost:40350 for channel [id: 0x5ebf348f, L:/127.0.0.1:57103 - R:localhost/127.0.0.1:40350]
01:36:37.517 [Forwarding getElementTagName on session f1b5aaf75b9d196da690e1c2f1a0cb3e to remote] DEBUG org.asynchttpclient.netty.request.NettyRequestSender - Using pooled Channel '[id: 0x5ebf348f, L:/127.0.0.1:57103 - R:localhost/127.0.0.1:40350]' for 'GET' to 'http://localhost:40350/session/f1b5aaf75b9d196da690e1c2f1a0cb3e/element/015fc3d6-dd5c-4c1b-bbda-773997035e07/name'
01:36:37.517 [Forwarding getElementTagName on session f1b5aaf75b9d196da690e1c2f1a0cb3e to remote] DEBUG org.asynchttpclient.netty.request.NettyRequestSender - Using open Channel [id: 0x5ebf348f, L:/127.0.0.1:57103 - R:localhost/127.0.0.1:40350] for GET '/session/f1b5aaf75b9d196da690e1c2f1a0cb3e/element/015fc3d6-dd5c-4c1b-bbda-773997035e07/name'
01:36:37.520 [AsyncHttpClient-1-8] DEBUG org.asynchttpclient.netty.handler.HttpHandler - 

Request DefaultFullHttpRequest(decodeResult: success, version: HTTP/1.1, content: EmptyByteBufBE)
GET /session/f1b5aaf75b9d196da690e1c2f1a0cb3e/element/015fc3d6-dd5c-4c1b-bbda-773997035e07/name HTTP/1.1
User-Agent: selenium/4.8.1 (java windows)
Cache-Control: no-cache
Content-Type: application/json; charset=utf-8
host: localhost:40350
accept: */*

Response DefaultHttpResponse(decodeResult: success, version: HTTP/1.1)
HTTP/1.1 200 OK
Content-Length: 17
Content-Type: application/json; charset=utf-8
cache-control: no-cache

01:36:37.520 [AsyncHttpClient-1-8] DEBUG org.asynchttpclient.netty.channel.ChannelManager - Adding key: http://localhost:40350 for channel [id: 0x5ebf348f, L:/127.0.0.1:57103 - R:localhost/127.0.0.1:40350]
01:36:37.522 [Forwarding findElement on session f1b5aaf75b9d196da690e1c2f1a0cb3e to remote] DEBUG org.asynchttpclient.netty.request.NettyRequestSender - Using pooled Channel '[id: 0x5ebf348f, L:/127.0.0.1:57103 - R:localhost/127.0.0.1:40350]' for 'POST' to 'http://localhost:40350/session/f1b5aaf75b9d196da690e1c2f1a0cb3e/element'
01:36:37.522 [Forwarding findElement on session f1b5aaf75b9d196da690e1c2f1a0cb3e to remote] DEBUG org.asynchttpclient.netty.request.NettyRequestSender - Using open Channel [id: 0x5ebf348f, L:/127.0.0.1:57103 - R:localhost/127.0.0.1:40350] for POST '/session/f1b5aaf75b9d196da690e1c2f1a0cb3e/element'
01:36:37.528 [AsyncHttpClient-1-8] DEBUG org.asynchttpclient.netty.handler.HttpHandler - 

Request DefaultHttpRequest(decodeResult: success, version: HTTP/1.1)
POST /session/f1b5aaf75b9d196da690e1c2f1a0cb3e/element HTTP/1.1
User-Agent: selenium/4.8.1 (java windows)
Content-Length: 57
Content-Type: application/json; charset=utf-8
host: localhost:40350
accept: */*

Response DefaultHttpResponse(decodeResult: success, version: HTTP/1.1)
HTTP/1.1 200 OK
Content-Length: 88
Content-Type: application/json; charset=utf-8
cache-control: no-cache

01:36:37.529 [AsyncHttpClient-1-8] DEBUG org.asynchttpclient.netty.channel.ChannelManager - Adding key: http://localhost:40350 for channel [id: 0x5ebf348f, L:/127.0.0.1:57103 - R:localhost/127.0.0.1:40350]
01:36:37.529 [Forwarding clickElement on session f1b5aaf75b9d196da690e1c2f1a0cb3e to remote] DEBUG org.asynchttpclient.netty.request.NettyRequestSender - Using pooled Channel '[id: 0x5ebf348f, L:/127.0.0.1:57103 - R:localhost/127.0.0.1:40350]' for 'POST' to 'http://localhost:40350/session/f1b5aaf75b9d196da690e1c2f1a0cb3e/element/015fc3d6-dd5c-4c1b-bbda-773997035e07/click'
01:36:37.530 [Forwarding clickElement on session f1b5aaf75b9d196da690e1c2f1a0cb3e to remote] DEBUG org.asynchttpclient.netty.request.NettyRequestSender - Using open Channel [id: 0x5ebf348f, L:/127.0.0.1:57103 - R:localhost/127.0.0.1:40350] for POST '/session/f1b5aaf75b9d196da690e1c2f1a0cb3e/element/015fc3d6-dd5c-4c1b-bbda-773997035e07/click'
01:36:38.387 [AsyncHttpClient-1-1] DEBUG org.asynchttpclient.netty.channel.DefaultChannelPool - Entry count for : http://localhost:57104 : 1
01:36:38.604 [AsyncHttpClient-1-8] DEBUG org.asynchttpclient.netty.handler.HttpHandler - 

Request DefaultHttpRequest(decodeResult: success, version: HTTP/1.1)
POST /session/f1b5aaf75b9d196da690e1c2f1a0cb3e/element/015fc3d6-dd5c-4c1b-bbda-773997035e07/click HTTP/1.1
User-Agent: selenium/4.8.1 (java windows)
Content-Length: 50
Content-Type: application/json; charset=utf-8
host: localhost:40350
accept: */*

Response DefaultHttpResponse(decodeResult: success, version: HTTP/1.1)
HTTP/1.1 400 Bad Request
Content-Length: 1220
Content-Type: application/json; charset=utf-8
cache-control: no-cache

01:36:38.604 [AsyncHttpClient-1-8] DEBUG org.asynchttpclient.netty.channel.ChannelManager - Adding key: http://localhost:40350 for channel [id: 0x5ebf348f, L:/127.0.0.1:57103 - R:localhost/127.0.0.1:40350]
01:36:38.868 [Forwarding clickElement on session f1b5aaf75b9d196da690e1c2f1a0cb3e to remote] DEBUG org.asynchttpclient.netty.request.NettyRequestSender - Using pooled Channel '[id: 0x5ebf348f, L:/127.0.0.1:57103 - R:localhost/127.0.0.1:40350]' for 'POST' to 'http://localhost:40350/session/f1b5aaf75b9d196da690e1c2f1a0cb3e/element/015fc3d6-dd5c-4c1b-bbda-773997035e07/click'
01:36:38.868 [Forwarding clickElement on session f1b5aaf75b9d196da690e1c2f1a0cb3e to remote] DEBUG org.asynchttpclient.netty.request.NettyRequestSender - Using open Channel [id: 0x5ebf348f, L:/127.0.0.1:57103 - R:localhost/127.0.0.1:40350] for POST '/session/f1b5aaf75b9d196da690e1c2f1a0cb3e/element/015fc3d6-dd5c-4c1b-bbda-773997035e07/click'
01:36:38.904 [AsyncHttpClient-1-8] DEBUG org.asynchttpclient.netty.handler.HttpHandler - 

Request DefaultHttpRequest(decodeResult: success, version: HTTP/1.1)
POST /session/f1b5aaf75b9d196da690e1c2f1a0cb3e/element/015fc3d6-dd5c-4c1b-bbda-773997035e07/click HTTP/1.1
User-Agent: selenium/4.8.1 (java windows)
Content-Length: 50
Content-Type: application/json; charset=utf-8
host: localhost:40350
accept: */*

Response DefaultHttpResponse(decodeResult: success, version: HTTP/1.1)
HTTP/1.1 200 OK
Content-Length: 14
Content-Type: application/json; charset=utf-8
cache-control: no-cache

01:36:38.904 [AsyncHttpClient-1-8] DEBUG org.asynchttpclient.netty.channel.ChannelManager - Adding key: http://localhost:40350 for channel [id: 0x5ebf348f, L:/127.0.0.1:57103 - R:localhost/127.0.0.1:40350]
01:36:38.908 [Forwarding getAlertText on session f1b5aaf75b9d196da690e1c2f1a0cb3e to remote] DEBUG org.asynchttpclient.netty.request.NettyRequestSender - Using pooled Channel '[id: 0x5ebf348f, L:/127.0.0.1:57103 - R:localhost/127.0.0.1:40350]' for 'GET' to 'http://localhost:40350/session/f1b5aaf75b9d196da690e1c2f1a0cb3e/alert/text'
01:36:38.908 [Forwarding getAlertText on session f1b5aaf75b9d196da690e1c2f1a0cb3e to remote] DEBUG org.asynchttpclient.netty.request.NettyRequestSender - Using open Channel [id: 0x5ebf348f, L:/127.0.0.1:57103 - R:localhost/127.0.0.1:40350] for GET '/session/f1b5aaf75b9d196da690e1c2f1a0cb3e/alert/text'
01:36:38.910 [AsyncHttpClient-1-8] DEBUG org.asynchttpclient.netty.handler.HttpHandler - 

Request DefaultFullHttpRequest(decodeResult: success, version: HTTP/1.1, content: EmptyByteBufBE)
GET /session/f1b5aaf75b9d196da690e1c2f1a0cb3e/alert/text HTTP/1.1
User-Agent: selenium/4.8.1 (java windows)
Cache-Control: no-cache
Content-Type: application/json; charset=utf-8
host: localhost:40350
accept: */*

Response DefaultHttpResponse(decodeResult: success, version: HTTP/1.1)
HTTP/1.1 404 Not Found
Content-Length: 835
Content-Type: application/json; charset=utf-8
cache-control: no-cache

01:36:38.910 [AsyncHttpClient-1-8] DEBUG org.asynchttpclient.netty.channel.ChannelManager - Adding key: http://localhost:40350 for channel [id: 0x5ebf348f, L:/127.0.0.1:57103 - R:localhost/127.0.0.1:40350]
01:36:38.911 [Forwarding getCurrentUrl on session f1b5aaf75b9d196da690e1c2f1a0cb3e to remote] DEBUG org.asynchttpclient.netty.request.NettyRequestSender - Using pooled Channel '[id: 0x5ebf348f, L:/127.0.0.1:57103 - R:localhost/127.0.0.1:40350]' for 'GET' to 'http://localhost:40350/session/f1b5aaf75b9d196da690e1c2f1a0cb3e/url'
01:36:38.911 [Forwarding getCurrentUrl on session f1b5aaf75b9d196da690e1c2f1a0cb3e to remote] DEBUG org.asynchttpclient.netty.request.NettyRequestSender - Using open Channel [id: 0x5ebf348f, L:/127.0.0.1:57103 - R:localhost/127.0.0.1:40350] for GET '/session/f1b5aaf75b9d196da690e1c2f1a0cb3e/url'
01:36:38.914 [AsyncHttpClient-1-8] DEBUG org.asynchttpclient.netty.handler.HttpHandler - 

Request DefaultFullHttpRequest(decodeResult: success, version: HTTP/1.1, content: EmptyByteBufBE)
GET /session/f1b5aaf75b9d196da690e1c2f1a0cb3e/url HTTP/1.1
User-Agent: selenium/4.8.1 (java windows)
Cache-Control: no-cache
Content-Type: application/json; charset=utf-8
host: localhost:40350
accept: */*

Response DefaultHttpResponse(decodeResult: success, version: HTTP/1.1)
HTTP/1.1 200 OK
Content-Length: 56
Content-Type: application/json; charset=utf-8
cache-control: no-cache

01:36:38.915 [AsyncHttpClient-1-8] DEBUG org.asynchttpclient.netty.channel.ChannelManager - Adding key: http://localhost:40350 for channel [id: 0x5ebf348f, L:/127.0.0.1:57103 - R:localhost/127.0.0.1:40350]
01:36:38.915 [Forwarding screenshot on session f1b5aaf75b9d196da690e1c2f1a0cb3e to remote] DEBUG org.asynchttpclient.netty.request.NettyRequestSender - Using pooled Channel '[id: 0x5ebf348f, L:/127.0.0.1:57103 - R:localhost/127.0.0.1:40350]' for 'GET' to 'http://localhost:40350/session/f1b5aaf75b9d196da690e1c2f1a0cb3e/screenshot'
01:36:38.915 [Forwarding screenshot on session f1b5aaf75b9d196da690e1c2f1a0cb3e to remote] DEBUG org.asynchttpclient.netty.request.NettyRequestSender - Using open Channel [id: 0x5ebf348f, L:/127.0.0.1:57103 - R:localhost/127.0.0.1:40350] for GET '/session/f1b5aaf75b9d196da690e1c2f1a0cb3e/screenshot'
01:36:39.046 [AsyncHttpClient-1-8] DEBUG org.asynchttpclient.netty.handler.HttpHandler - 

Request DefaultFullHttpRequest(decodeResult: success, version: HTTP/1.1, content: EmptyByteBufBE)
GET /session/f1b5aaf75b9d196da690e1c2f1a0cb3e/screenshot HTTP/1.1
User-Agent: selenium/4.8.1 (java windows)
Cache-Control: no-cache
Content-Type: application/json; charset=utf-8
host: localhost:40350
accept: */*

Response DefaultHttpResponse(decodeResult: success, version: HTTP/1.1)
HTTP/1.1 200 OK
Content-Length: 166756
Content-Type: application/json; charset=utf-8
cache-control: no-cache

01:36:39.046 [AsyncHttpClient-1-8] DEBUG org.asynchttpclient.netty.channel.ChannelManager - Adding key: http://localhost:40350 for channel [id: 0x5ebf348f, L:/127.0.0.1:57103 - R:localhost/127.0.0.1:40350]
01:36:39.051 [main] DEBUG net.serenitybdd.core.photography.Darkroom - Send negative for processing for target\site\serenity\923140012fbe2be784a5c1dcfce28e77cf88026e0015643dd79353542b396ba1.png
01:36:39.052 [Darkroom Processing Line] DEBUG net.serenitybdd.core.photography.DarkroomProcessingLine - Processing screenshot image in /var/screenshots/screenshot-14430929907898458311
01:36:39.052 [Darkroom Processing Line] DEBUG net.serenitybdd.core.photography.DarkroomProcessingLine - Saving screenshot to target\site\serenity\923140012fbe2be784a5c1dcfce28e77cf88026e0015643dd79353542b396ba1.png
01:36:39.052 [main] DEBUG net.thucydides.core.steps.StepInterceptor - STEP DONE: choosePaymentMethod
  &amp#27;[32mThen &amp#27;[0m&amp#27;[32mI select the payment method with DANA&amp#27;[0m                &amp#27;[90m# starter.stepdefintions.PaymentMethodSteps.selectPaymentMethod()&amp#27;[0m
01:36:39.056 [main] INFO  - 
  _____   ___   ___   _____     ___     _     ___   ___   ___   ___  
 |_   _| | __| / __| |_   _|   | _ \   /_\   / __| / __| | __| |   \ 
   | |   | _|  \__ \   | |     |  _/  / _ \  \__ \ \__ \ | _|  | |) |
   |_|   |___| |___/   |_|     |_|   /_/ \_\ |___/ |___/ |___| |___/ 

Select Payment Method Dana After Choosing Product
----------------------------------------------------------------------
01:36:39.057 [AsyncHttpClient-1-10] DEBUG org.asynchttpclient.netty.handler.WebSocketHandler - Channel Closed: [id: 0xa825891e, L:/127.0.0.1:57110 ! R:localhost/127.0.0.1:57104] with attribute NettyResponseFuture{currentRetry=0,
	isDone=1,
	isCancelled=0,
	asyncHandler=org.asynchttpclient.ws.WebSocketUpgradeHandler@60bdd45a,
	nettyRequest=org.asynchttpclient.netty.request.NettyRequest@25bf5629,
	future=java.util.concurrent.CompletableFuture@62c4015b[Completed normally],
	uri=ws://localhost:57104/devtools/browser/e809c53d-d06d-478d-b6bf-67cb334eac4d,
	keepAlive=true,
	redirectCount=0,
	timeoutsHolder=null,
	inAuth=0,
	touch=1680978985977}
01:36:39.058 [AsyncHttpClient-1-10] DEBUG org.asynchttpclient.netty.channel.ChannelManager - Closing Channel [id: 0xa825891e, L:/127.0.0.1:57110 ! R:localhost/127.0.0.1:57104] 
01:36:39.058 [Driver Command Executor] DEBUG org.asynchttpclient.netty.request.NettyRequestSender - Using pooled Channel '[id: 0x5ebf348f, L:/127.0.0.1:57103 - R:localhost/127.0.0.1:40350]' for 'DELETE' to 'http://localhost:40350/session/f1b5aaf75b9d196da690e1c2f1a0cb3e'
01:36:39.058 [Driver Command Executor] DEBUG org.asynchttpclient.netty.request.NettyRequestSender - Using open Channel [id: 0x5ebf348f, L:/127.0.0.1:57103 - R:localhost/127.0.0.1:40350] for DELETE '/session/f1b5aaf75b9d196da690e1c2f1a0cb3e'
01:36:39.083 [AsyncHttpClient-1-9] DEBUG org.asynchttpclient.netty.handler.HttpHandler - Unexpected I/O exception on channel [id: 0x07378e59, L:/127.0.0.1:57109 - R:localhost/127.0.0.1:57104]
java.net.SocketException: Connection reset
	at java.base/sun.nio.ch.SocketChannelImpl.throwConnectionReset(SocketChannelImpl.java:367)
	at java.base/sun.nio.ch.SocketChannelImpl.read(SocketChannelImpl.java:398)
	at io.netty.buffer.PooledByteBuf.setBytes(PooledByteBuf.java:259)
	at io.netty.buffer.AbstractByteBuf.writeBytes(AbstractByteBuf.java:1132)
	at io.netty.channel.socket.nio.NioSocketChannel.doReadBytes(NioSocketChannel.java:357)
	at io.netty.channel.nio.AbstractNioByteChannel$NioByteUnsafe.read(AbstractNioByteChannel.java:151)
	at io.netty.channel.nio.NioEventLoop.processSelectedKey(NioEventLoop.java:788)
	at io.netty.channel.nio.NioEventLoop.processSelectedKeysOptimized(NioEventLoop.java:724)
	at io.netty.channel.nio.NioEventLoop.processSelectedKeys(NioEventLoop.java:650)
	at io.netty.channel.nio.NioEventLoop.run(NioEventLoop.java:562)
	at io.netty.util.concurrent.SingleThreadEventExecutor$4.run(SingleThreadEventExecutor.java:997)
	at io.netty.util.internal.ThreadExecutorMap$2.run(ThreadExecutorMap.java:74)
	at io.netty.util.concurrent.FastThreadLocalRunnable.run(FastThreadLocalRunnable.java:30)
	at java.base/java.lang.Thread.run(Thread.java:832)
01:36:39.083 [AsyncHttpClient-1-9] DEBUG org.asynchttpclient.netty.channel.ChannelManager - Closing Channel [id: 0x07378e59, L:/127.0.0.1:57109 - R:localhost/127.0.0.1:57104] 
01:36:39.084 [AsyncHttpClient-1-9] DEBUG org.asynchttpclient.netty.handler.HttpHandler - Channel Closed: [id: 0x07378e59, L:/127.0.0.1:57109 ! R:localhost/127.0.0.1:57104] with attribute DISCARD
01:36:39.096 [AsyncHttpClient-1-8] DEBUG org.asynchttpclient.netty.handler.HttpHandler - 

Request DefaultFullHttpRequest(decodeResult: success, version: HTTP/1.1, content: EmptyByteBufBE)
DELETE /session/f1b5aaf75b9d196da690e1c2f1a0cb3e HTTP/1.1
User-Agent: selenium/4.8.1 (java windows)
Content-Type: application/json; charset=utf-8
host: localhost:40350
accept: */*

Response DefaultHttpResponse(decodeResult: success, version: HTTP/1.1)
HTTP/1.1 200 OK
Content-Length: 14
Content-Type: application/json; charset=utf-8
cache-control: no-cache

01:36:39.097 [AsyncHttpClient-1-8] DEBUG org.asynchttpclient.netty.channel.ChannelManager - Adding key: http://localhost:40350 for channel [id: 0x5ebf348f, L:/127.0.0.1:57103 - R:localhost/127.0.0.1:40350]
01:36:39.258 [AsyncHttpClient-1-8] DEBUG org.asynchttpclient.netty.handler.HttpHandler - Channel Closed: [id: 0x5ebf348f, L:/127.0.0.1:57103 ! R:localhost/127.0.0.1:40350] with attribute DISCARD
01:36:39.487 [AsyncHttpClient-1-1] DEBUG org.asynchttpclient.netty.channel.DefaultChannelPool - Entry count for : http://localhost:57104 : 1
01:36:39.487 [AsyncHttpClient-1-1] DEBUG org.asynchttpclient.netty.channel.DefaultChannelPool - Entry count for : http://localhost:40350 : 1
01:36:39.487 [AsyncHttpClient-1-1] DEBUG org.asynchttpclient.netty.channel.DefaultChannelPool - Adding Candidate expired Channel [id: 0x07378e59, L:/127.0.0.1:57109 ! R:localhost/127.0.0.1:57104] isIdleTimeoutExpired=false isRemotelyClosed=true isTtlExpired=false
01:36:39.487 [AsyncHttpClient-1-1] DEBUG org.asynchttpclient.netty.channel.DefaultChannelPool - Closing Idle Channel [id: 0x07378e59, L:/127.0.0.1:57109 ! R:localhost/127.0.0.1:57104]
01:36:39.487 [AsyncHttpClient-1-1] DEBUG org.asynchttpclient.netty.channel.DefaultChannelPool - Adding Candidate expired Channel [id: 0x5ebf348f, L:/127.0.0.1:57103 ! R:localhost/127.0.0.1:40350] isIdleTimeoutExpired=false isRemotelyClosed=true isTtlExpired=false
01:36:39.487 [AsyncHttpClient-1-1] DEBUG org.asynchttpclient.netty.channel.DefaultChannelPool - Closing Idle Channel [id: 0x5ebf348f, L:/127.0.0.1:57103 ! R:localhost/127.0.0.1:40350]
01:36:39.487 [AsyncHttpClient-1-1] DEBUG org.asynchttpclient.netty.channel.DefaultChannelPool - Closed 2 connections out of 2 in 0 ms
]]></system-out>
    <system-err><![CDATA[Starting ChromeDriver 111.0.5563.64 (c710e93d5b63b7095afe8c2c17df34408078439d-refs/branch-heads/5563@{#995}) on port 40350
Only local connections are allowed.
Please see https://chromedriver.chromium.org/security-considerations for suggestions on keeping ChromeDriver safe.
ChromeDriver was started successfully.
[1680978985.952][WARNING]: This version of ChromeDriver has not been tested with Chrome version 112.
Apr 09, 2023 1:36:25 AM org.openqa.selenium.devtools.CdpVersionFinder findNearestMatch
WARNING: Unable to find an exact match for CDP version 112, so returning the closest version found: 110
]]></system-err>
  </testcase>
  <testcase name="Not choosing a Payment Method After Selecting a Product" classname="Select Payment Method" time="0.098">
    <system-out><![CDATA[
Scenario: Not choosing a Payment Method After Selecting a Product           &amp#27;[90m# src/test/resources/features/PaymentMethod.feature:9&amp#27;[0m
01:36:39.792 [main] DEBUG io.cucumber.core.plugin.SerenityReporter - Running feature from file:///C:/Users/WINDOWS%2010/Documents/GitHub/QE_Andira_Ms/11_Web_Programming_&_Testing/Praktikum/Testing_with_Serenity/Prioritas2/alta/src/test/resources/features/PaymentMethod.feature
01:36:39.795 [main] INFO  - 
  _____   ___   ___   _____     ___   _____     _     ___   _____   ___   ___  
 |_   _| | __| / __| |_   _|   / __| |_   _|   /_\   | _ \ |_   _| | __| |   \ 
   | |   | _|  \__ \   | |     \__ \   | |    / _ \  |   /   | |   | _|  | |) |
   |_|   |___| |___/   |_|     |___/   |_|   /_/ \_\ |_|_\   |_|   |___| |___/ 

Not choosing a Payment Method After Selecting a Product(select-payment-method;not-choosing-a-payment-method-after-selecting-a-product)
--------------------------------------------------------------------------------
01:36:39.836 [main] DEBUG net.thucydides.core.steps.StepInterceptor - STARTING STEP: PaymentMethodSteps.signedInAndGoToListrikPLNPage - clickLoginButton
01:36:39.839 [main] DEBUG net.thucydides.core.steps.StepInterceptor - STEP DONE: clickLoginButton
01:36:39.840 [main] DEBUG net.thucydides.core.steps.StepInterceptor - STARTING STEP: PaymentMethodSteps.signedInAndGoToListrikPLNPage - inputEmail
01:36:39.841 [main] DEBUG net.thucydides.core.steps.StepInterceptor - STEP DONE: inputEmail
01:36:39.843 [main] DEBUG net.thucydides.core.steps.StepInterceptor - STARTING STEP: PaymentMethodSteps.signedInAndGoToListrikPLNPage - inputPassword
01:36:39.844 [main] DEBUG net.thucydides.core.steps.StepInterceptor - STEP DONE: inputPassword
01:36:39.846 [main] DEBUG net.thucydides.core.steps.StepInterceptor - STARTING STEP: PaymentMethodSteps.signedInAndGoToListrikPLNPage - clickSubmitButton
01:36:39.848 [main] DEBUG net.thucydides.core.steps.StepInterceptor - STEP DONE: clickSubmitButton
  &amp#27;[32mGiven &amp#27;[0m&amp#27;[32mI already login with correct account and go to the Listrik PLN Page&amp#27;[0m &amp#27;[90m# starter.stepdefintions.PaymentMethodSteps.signedInAndGoToListrikPLNPage()&amp#27;[0m
01:36:39.852 [main] DEBUG net.thucydides.core.steps.StepInterceptor - STARTING STEP: PaymentMethodSteps.proceedsToCheckout - clickProductItem
01:36:39.853 [main] DEBUG net.thucydides.core.steps.StepInterceptor - STEP DONE: clickProductItem
01:36:39.855 [main] DEBUG net.thucydides.core.steps.StepInterceptor - STARTING STEP: SelectProductSteps.inputNomorMeter - inputNomorMeter
01:36:39.858 [main] DEBUG net.thucydides.core.steps.StepInterceptor - STEP DONE: inputNomorMeter
01:36:39.860 [main] DEBUG net.thucydides.core.steps.StepInterceptor - STARTING STEP: SelectProductSteps.inputNomorHandphone - inputNomorHandphone
01:36:39.861 [main] DEBUG net.thucydides.core.steps.StepInterceptor - STEP DONE: inputNomorHandphone
01:36:39.862 [main] DEBUG net.thucydides.core.steps.StepInterceptor - STARTING STEP: PaymentMethodSteps.proceedsToCheckout - clickLanjutkanButton
01:36:39.863 [main] DEBUG net.thucydides.core.steps.StepInterceptor - STARTING STEP: SelectProductSteps.clickLanjutkanButton - clickLanjutkanButton
01:36:39.865 [main] DEBUG net.thucydides.core.steps.StepInterceptor - STEP DONE: clickLanjutkanButton
01:36:39.865 [main] DEBUG net.thucydides.core.steps.StepInterceptor - STEP DONE: clickLanjutkanButton
  &amp#27;[32mAnd &amp#27;[0m&amp#27;[32mI select a product and proceeds to checkout&amp#27;[0m                           &amp#27;[90m# starter.stepdefintions.PaymentMethodSteps.proceedsToCheckout()&amp#27;[0m
01:36:39.868 [main] DEBUG net.thucydides.core.steps.StepInterceptor - STARTING STEP: PaymentMethodSteps.chooseNominal - chooseNominal
01:36:39.870 [main] DEBUG net.thucydides.core.steps.StepInterceptor - STEP DONE: chooseNominal
  &amp#27;[32mAnd &amp#27;[0m&amp#27;[32mI choose the Nominal of Listrik PLN&amp#27;[0m                                   &amp#27;[90m# starter.stepdefintions.PaymentMethodSteps.chooseNominal()&amp#27;[0m
01:36:39.873 [main] DEBUG net.thucydides.core.steps.StepInterceptor - STARTING STEP: PaymentMethodSteps.clickBayarSekarang - clickBayarSekarang
01:36:39.875 [main] DEBUG net.thucydides.core.steps.StepInterceptor - STEP DONE: clickBayarSekarang
  &amp#27;[32mWhen &amp#27;[0m&amp#27;[32mI do not select any payment method and click Bayar Sekarang button&amp#27;[0m   &amp#27;[90m# starter.stepdefintions.PaymentMethodSteps.clickBayarSekarang()&amp#27;[0m
01:36:39.879 [main] DEBUG net.thucydides.core.steps.StepInterceptor - STARTING STEP: PaymentMethodSteps.validateReminderMessage - validateReminderMessage
01:36:39.880 [main] DEBUG net.thucydides.core.steps.StepInterceptor - STEP DONE: validateReminderMessage
  &amp#27;[32mThen &amp#27;[0m&amp#27;[32mI should see a reminder message&amp#27;[0m                                      &amp#27;[90m# starter.stepdefintions.PaymentMethodSteps.validateReminderMessage()&amp#27;[0m
01:36:39.882 [main] INFO  - 
  _____   ___   ___   _____     ___     _     ___   ___   ___   ___  
 |_   _| | __| / __| |_   _|   | _ \   /_\   / __| / __| | __| |   \ 
   | |   | _|  \__ \   | |     |  _/  / _ \  \__ \ \__ \ | _|  | |) |
   |_|   |___| |___/   |_|     |_|   /_/ \_\ |___/ |___/ |___| |___/ 

Not choosing a Payment Method After Selecting a Product
----------------------------------------------------------------------
]]></system-out>
  </testcase>
  <testcase name="Input correct nomor meter and correct nomor handphone" classname="Select Product ListrikPLN" time="7.828">
    <system-out><![CDATA[01:36:39.883 [main] DEBUG io.cucumber.core.plugin.SerenityReporter - Running feature from file:///C:/Users/WINDOWS%2010/Documents/GitHub/QE_Andira_Ms/11_Web_Programming_&_Testing/Praktikum/Testing_with_Serenity/Prioritas2/alta/src/test/resources/features/SelectProduct.feature
01:36:39.886 [main] DEBUG net.thucydides.core.steps.StepEventBus - Test suite started for story net.thucydides.core.model.Story@d891cf10
01:36:39.887 [main] INFO  - Test Suite Started: Select Product ListrikPLN

Scenario: Input correct nomor meter and correct nomor handphone &amp#27;[90m# src/test/resources/features/SelectProduct.feature:3&amp#27;[0m
01:36:39.893 [main] DEBUG io.cucumber.core.plugin.SerenityReporter - Running feature from file:///C:/Users/WINDOWS%2010/Documents/GitHub/QE_Andira_Ms/11_Web_Programming_&_Testing/Praktikum/Testing_with_Serenity/Prioritas2/alta/src/test/resources/features/SelectProduct.feature
01:36:39.896 [main] INFO  - 
  _____   ___   ___   _____     ___   _____     _     ___   _____   ___   ___  
 |_   _| | __| / __| |_   _|   / __| |_   _|   /_\   | _ \ |_   _| | __| |   \ 
   | |   | _|  \__ \   | |     \__ \   | |    / _ \  |   /   | |   | _|  | |) |
   |_|   |___| |___/   |_|     |___/   |_|   /_/ \_\ |_|_\   |_|   |___| |___/ 

Input correct nomor meter and correct nomor handphone(select-product-listrikpln;input-correct-nomor-meter-and-correct-nomor-handphone)
--------------------------------------------------------------------------------
01:36:39.923 [main] DEBUG net.thucydides.core.steps.StepInterceptor - STARTING STEP: SelectProductSteps.onTheHomePage - openPage
01:36:39.954 [main] INFO net.serenitybdd.core.webdriver.driverproviders.ChromeDriverProvider - Starting Chrome driver instance with capabilities:
01:36:39.955 [main] INFO net.serenitybdd.core.webdriver.driverproviders.ChromeDriverProvider - Capabilities {acceptInsecureCerts: false, browserName: chrome, goog:chromeOptions: {args: [remote-allow-origins=*], extensions: []}}
01:36:40.024 [AsyncHttpClient-1-11] DEBUG org.asynchttpclient.netty.channel.NettyConnectListener - Using new Channel '[id: 0xcb766a74, L:/127.0.0.1:57171 - R:localhost/127.0.0.1:7223]' for 'POST' to '/session'
01:36:40.566 [AsyncHttpClient-1-11] DEBUG org.asynchttpclient.netty.handler.HttpHandler - 

Request DefaultHttpRequest(decodeResult: success, version: HTTP/1.1)
POST /session HTTP/1.1
User-Agent: selenium/4.8.1 (java windows)
Content-Length: 507
Content-Type: application/json; charset=utf-8
host: localhost:7223
accept: */*

Response DefaultHttpResponse(decodeResult: success, version: HTTP/1.1)
HTTP/1.1 200 OK
Content-Length: 861
Content-Type: application/json; charset=utf-8
cache-control: no-cache

01:36:40.566 [AsyncHttpClient-1-11] DEBUG org.asynchttpclient.netty.channel.ChannelManager - Adding key: http://localhost:7223 for channel [id: 0xcb766a74, L:/127.0.0.1:57171 - R:localhost/127.0.0.1:7223]
01:36:40.571 [AsyncHttpClient-1-12] DEBUG org.asynchttpclient.netty.channel.NettyConnectListener - Using new Channel '[id: 0x8db93743, L:/127.0.0.1:57179 - R:localhost/127.0.0.1:57173]' for 'GET' to '/json/version'
01:36:40.573 [AsyncHttpClient-1-12] DEBUG org.asynchttpclient.netty.handler.HttpHandler - 

Request DefaultFullHttpRequest(decodeResult: success, version: HTTP/1.1, content: EmptyByteBufBE)
GET /json/version HTTP/1.1
User-Agent: selenium/4.8.1 (java windows)
host: localhost:57173
accept: */*

Response DefaultHttpResponse(decodeResult: success, version: HTTP/1.1)
HTTP/1.1 200 OK
Content-Security-Policy: frame-ancestors 'none'
Content-Length: 422
Content-Type: application/json; charset=UTF-8

01:36:40.574 [AsyncHttpClient-1-12] DEBUG org.asynchttpclient.netty.channel.ChannelManager - Adding key: http://localhost:57173 for channel [id: 0x8db93743, L:/127.0.0.1:57179 - R:localhost/127.0.0.1:57173]
01:36:40.575 [AsyncHttpClient-1-13] DEBUG org.asynchttpclient.netty.channel.NettyConnectListener - Using new Channel '[id: 0xe237e3ad, L:/127.0.0.1:57180 - R:localhost/127.0.0.1:57173]' for 'GET' to '/devtools/browser/eda68259-3816-479d-a24e-63707bb8fa73'
01:36:40.577 [AsyncHttpClient-1-13] DEBUG org.asynchttpclient.netty.handler.WebSocketHandler - 

Request DefaultFullHttpRequest(decodeResult: success, version: HTTP/1.1, content: EmptyByteBufBE)
GET /devtools/browser/eda68259-3816-479d-a24e-63707bb8fa73 HTTP/1.1
upgrade: websocket
connection: upgrade
sec-websocket-key: 69odlOhkGL/oiKyonAmIWQ==
sec-websocket-version: 13
origin: http://localhost:57173
host: localhost:57173
accept: */*
user-agent: AHC/2.1

Response DefaultHttpResponse(decodeResult: success, version: HTTP/1.1)
HTTP/1.1 101 WebSocket Protocol Handshake
Upgrade: WebSocket
Connection: Upgrade
Sec-WebSocket-Accept: VW0F5hmR82hFNh8nhssiEYAnrTE=

01:36:40.580 [Forwarding get on session 3c09ba49483bdf48def016df0df7c6ba to remote] DEBUG org.asynchttpclient.netty.request.NettyRequestSender - Using pooled Channel '[id: 0xcb766a74, L:/127.0.0.1:57171 - R:localhost/127.0.0.1:7223]' for 'POST' to 'http://localhost:7223/session/3c09ba49483bdf48def016df0df7c6ba/url'
01:36:40.580 [Forwarding get on session 3c09ba49483bdf48def016df0df7c6ba to remote] DEBUG org.asynchttpclient.netty.request.NettyRequestSender - Using open Channel [id: 0xcb766a74, L:/127.0.0.1:57171 - R:localhost/127.0.0.1:7223] for POST '/session/3c09ba49483bdf48def016df0df7c6ba/url'
01:36:40.599 [AsyncHttpClient-1-1] DEBUG org.asynchttpclient.netty.channel.DefaultChannelPool - Entry count for : http://localhost:57173 : 1
01:36:41.685 [AsyncHttpClient-1-1] DEBUG org.asynchttpclient.netty.channel.DefaultChannelPool - Entry count for : http://localhost:57173 : 1
01:36:42.784 [AsyncHttpClient-1-1] DEBUG org.asynchttpclient.netty.channel.DefaultChannelPool - Entry count for : http://localhost:57173 : 1
01:36:42.985 [AsyncHttpClient-1-11] DEBUG org.asynchttpclient.netty.handler.HttpHandler - 

Request DefaultHttpRequest(decodeResult: success, version: HTTP/1.1)
POST /session/3c09ba49483bdf48def016df0df7c6ba/url HTTP/1.1
User-Agent: selenium/4.8.1 (java windows)
Content-Length: 54
Content-Type: application/json; charset=utf-8
host: localhost:7223
accept: */*

Response DefaultHttpResponse(decodeResult: success, version: HTTP/1.1)
HTTP/1.1 200 OK
Content-Length: 14
Content-Type: application/json; charset=utf-8
cache-control: no-cache

01:36:42.985 [AsyncHttpClient-1-11] DEBUG org.asynchttpclient.netty.channel.ChannelManager - Adding key: http://localhost:7223 for channel [id: 0xcb766a74, L:/127.0.0.1:57171 - R:localhost/127.0.0.1:7223]
01:36:42.986 [Forwarding setTimeout on session 3c09ba49483bdf48def016df0df7c6ba to remote] DEBUG org.asynchttpclient.netty.request.NettyRequestSender - Using pooled Channel '[id: 0xcb766a74, L:/127.0.0.1:57171 - R:localhost/127.0.0.1:7223]' for 'POST' to 'http://localhost:7223/session/3c09ba49483bdf48def016df0df7c6ba/timeouts'
01:36:42.986 [Forwarding setTimeout on session 3c09ba49483bdf48def016df0df7c6ba to remote] DEBUG org.asynchttpclient.netty.request.NettyRequestSender - Using open Channel [id: 0xcb766a74, L:/127.0.0.1:57171 - R:localhost/127.0.0.1:7223] for POST '/session/3c09ba49483bdf48def016df0df7c6ba/timeouts'
01:36:42.986 [AsyncHttpClient-1-11] DEBUG org.asynchttpclient.netty.handler.HttpHandler - 

Request DefaultHttpRequest(decodeResult: success, version: HTTP/1.1)
POST /session/3c09ba49483bdf48def016df0df7c6ba/timeouts HTTP/1.1
User-Agent: selenium/4.8.1 (java windows)
Content-Length: 22
Content-Type: application/json; charset=utf-8
host: localhost:7223
accept: */*

Response DefaultHttpResponse(decodeResult: success, version: HTTP/1.1)
HTTP/1.1 200 OK
Content-Length: 14
Content-Type: application/json; charset=utf-8
cache-control: no-cache

01:36:42.986 [AsyncHttpClient-1-11] DEBUG org.asynchttpclient.netty.channel.ChannelManager - Adding key: http://localhost:7223 for channel [id: 0xcb766a74, L:/127.0.0.1:57171 - R:localhost/127.0.0.1:7223]
01:36:42.989 [main] DEBUG net.serenitybdd.core.photography.Darkroom - Opening darkroom
01:36:42.989 [Darkroom Processing Line] DEBUG net.serenitybdd.core.photography.DarkroomProcessingLine - Darkroom processing line starting up
01:36:42.990 [Forwarding getAlertText on session 3c09ba49483bdf48def016df0df7c6ba to remote] DEBUG org.asynchttpclient.netty.request.NettyRequestSender - Using pooled Channel '[id: 0xcb766a74, L:/127.0.0.1:57171 - R:localhost/127.0.0.1:7223]' for 'GET' to 'http://localhost:7223/session/3c09ba49483bdf48def016df0df7c6ba/alert/text'
01:36:42.990 [Forwarding getAlertText on session 3c09ba49483bdf48def016df0df7c6ba to remote] DEBUG org.asynchttpclient.netty.request.NettyRequestSender - Using open Channel [id: 0xcb766a74, L:/127.0.0.1:57171 - R:localhost/127.0.0.1:7223] for GET '/session/3c09ba49483bdf48def016df0df7c6ba/alert/text'
01:36:42.991 [AsyncHttpClient-1-11] DEBUG org.asynchttpclient.netty.handler.HttpHandler - 

Request DefaultFullHttpRequest(decodeResult: success, version: HTTP/1.1, content: EmptyByteBufBE)
GET /session/3c09ba49483bdf48def016df0df7c6ba/alert/text HTTP/1.1
User-Agent: selenium/4.8.1 (java windows)
Cache-Control: no-cache
Content-Type: application/json; charset=utf-8
host: localhost:7223
accept: */*

Response DefaultHttpResponse(decodeResult: success, version: HTTP/1.1)
HTTP/1.1 404 Not Found
Content-Length: 835
Content-Type: application/json; charset=utf-8
cache-control: no-cache

01:36:42.991 [AsyncHttpClient-1-11] DEBUG org.asynchttpclient.netty.channel.ChannelManager - Adding key: http://localhost:7223 for channel [id: 0xcb766a74, L:/127.0.0.1:57171 - R:localhost/127.0.0.1:7223]
01:36:42.992 [Forwarding getCurrentUrl on session 3c09ba49483bdf48def016df0df7c6ba to remote] DEBUG org.asynchttpclient.netty.request.NettyRequestSender - Using pooled Channel '[id: 0xcb766a74, L:/127.0.0.1:57171 - R:localhost/127.0.0.1:7223]' for 'GET' to 'http://localhost:7223/session/3c09ba49483bdf48def016df0df7c6ba/url'
01:36:42.992 [Forwarding getCurrentUrl on session 3c09ba49483bdf48def016df0df7c6ba to remote] DEBUG org.asynchttpclient.netty.request.NettyRequestSender - Using open Channel [id: 0xcb766a74, L:/127.0.0.1:57171 - R:localhost/127.0.0.1:7223] for GET '/session/3c09ba49483bdf48def016df0df7c6ba/url'
01:36:42.995 [AsyncHttpClient-1-11] DEBUG org.asynchttpclient.netty.handler.HttpHandler - 

Request DefaultFullHttpRequest(decodeResult: success, version: HTTP/1.1, content: EmptyByteBufBE)
GET /session/3c09ba49483bdf48def016df0df7c6ba/url HTTP/1.1
User-Agent: selenium/4.8.1 (java windows)
Cache-Control: no-cache
Content-Type: application/json; charset=utf-8
host: localhost:7223
accept: */*

Response DefaultHttpResponse(decodeResult: success, version: HTTP/1.1)
HTTP/1.1 200 OK
Content-Length: 36
Content-Type: application/json; charset=utf-8
cache-control: no-cache

01:36:42.995 [AsyncHttpClient-1-11] DEBUG org.asynchttpclient.netty.channel.ChannelManager - Adding key: http://localhost:7223 for channel [id: 0xcb766a74, L:/127.0.0.1:57171 - R:localhost/127.0.0.1:7223]
01:36:42.995 [Forwarding screenshot on session 3c09ba49483bdf48def016df0df7c6ba to remote] DEBUG org.asynchttpclient.netty.request.NettyRequestSender - Using pooled Channel '[id: 0xcb766a74, L:/127.0.0.1:57171 - R:localhost/127.0.0.1:7223]' for 'GET' to 'http://localhost:7223/session/3c09ba49483bdf48def016df0df7c6ba/screenshot'
01:36:42.995 [Forwarding screenshot on session 3c09ba49483bdf48def016df0df7c6ba to remote] DEBUG org.asynchttpclient.netty.request.NettyRequestSender - Using open Channel [id: 0xcb766a74, L:/127.0.0.1:57171 - R:localhost/127.0.0.1:7223] for GET '/session/3c09ba49483bdf48def016df0df7c6ba/screenshot'
01:36:43.167 [AsyncHttpClient-1-11] DEBUG org.asynchttpclient.netty.handler.HttpHandler - 

Request DefaultFullHttpRequest(decodeResult: success, version: HTTP/1.1, content: EmptyByteBufBE)
GET /session/3c09ba49483bdf48def016df0df7c6ba/screenshot HTTP/1.1
User-Agent: selenium/4.8.1 (java windows)
Cache-Control: no-cache
Content-Type: application/json; charset=utf-8
host: localhost:7223
accept: */*

Response DefaultHttpResponse(decodeResult: success, version: HTTP/1.1)
HTTP/1.1 200 OK
Content-Length: 527468
Content-Type: application/json; charset=utf-8
cache-control: no-cache

01:36:43.168 [AsyncHttpClient-1-11] DEBUG org.asynchttpclient.netty.channel.ChannelManager - Adding key: http://localhost:7223 for channel [id: 0xcb766a74, L:/127.0.0.1:57171 - R:localhost/127.0.0.1:7223]
01:36:43.177 [main] DEBUG net.serenitybdd.core.photography.Darkroom - Send negative for processing for target\site\serenity\b33df01541b5b19264f32bba79ed319e8f9492d619030d4e88c940b717e50670.png
01:36:43.178 [main] DEBUG net.thucydides.core.steps.StepInterceptor - STEP DONE: openPage
  &amp#27;[32mGiven &amp#27;[0m&amp#27;[32mI am on the home page&amp#27;[0m                                   &amp#27;[90m# starter.stepdefintions.SelectProductSteps.onTheHomePage()&amp#27;[0m
01:36:43.188 [Forwarding getPageSource on session 3c09ba49483bdf48def016df0df7c6ba to remote] DEBUG org.asynchttpclient.netty.request.NettyRequestSender - Using pooled Channel '[id: 0xcb766a74, L:/127.0.0.1:57171 - R:localhost/127.0.0.1:7223]' for 'POST' to 'http://localhost:7223/session/3c09ba49483bdf48def016df0df7c6ba/execute/sync'
01:36:43.188 [Forwarding getPageSource on session 3c09ba49483bdf48def016df0df7c6ba to remote] DEBUG org.asynchttpclient.netty.request.NettyRequestSender - Using open Channel [id: 0xcb766a74, L:/127.0.0.1:57171 - R:localhost/127.0.0.1:7223] for POST '/session/3c09ba49483bdf48def016df0df7c6ba/execute/sync'
01:36:43.201 [AsyncHttpClient-1-11] DEBUG org.asynchttpclient.netty.handler.HttpHandler - 

Request DefaultHttpRequest(decodeResult: success, version: HTTP/1.1)
POST /session/3c09ba49483bdf48def016df0df7c6ba/execute/sync HTTP/1.1
User-Agent: selenium/4.8.1 (java windows)
Content-Length: 176
Content-Type: application/json; charset=utf-8
host: localhost:7223
accept: */*

Response DefaultHttpResponse(decodeResult: success, version: HTTP/1.1)
HTTP/1.1 200 OK
Content-Length: 182088
Content-Type: application/json; charset=utf-8
cache-control: no-cache

01:36:43.202 [AsyncHttpClient-1-11] DEBUG org.asynchttpclient.netty.channel.ChannelManager - Adding key: http://localhost:7223 for channel [id: 0xcb766a74, L:/127.0.0.1:57171 - R:localhost/127.0.0.1:7223]
01:36:43.214 [Forwarding getCurrentUrl on session 3c09ba49483bdf48def016df0df7c6ba to remote] DEBUG org.asynchttpclient.netty.request.NettyRequestSender - Using pooled Channel '[id: 0xcb766a74, L:/127.0.0.1:57171 - R:localhost/127.0.0.1:7223]' for 'GET' to 'http://localhost:7223/session/3c09ba49483bdf48def016df0df7c6ba/url'
01:36:43.214 [Forwarding getCurrentUrl on session 3c09ba49483bdf48def016df0df7c6ba to remote] DEBUG org.asynchttpclient.netty.request.NettyRequestSender - Using open Channel [id: 0xcb766a74, L:/127.0.0.1:57171 - R:localhost/127.0.0.1:7223] for GET '/session/3c09ba49483bdf48def016df0df7c6ba/url'
01:36:43.216 [AsyncHttpClient-1-11] DEBUG org.asynchttpclient.netty.handler.HttpHandler - 

Request DefaultFullHttpRequest(decodeResult: success, version: HTTP/1.1, content: EmptyByteBufBE)
GET /session/3c09ba49483bdf48def016df0df7c6ba/url HTTP/1.1
User-Agent: selenium/4.8.1 (java windows)
Cache-Control: no-cache
Content-Type: application/json; charset=utf-8
host: localhost:7223
accept: */*

Response DefaultHttpResponse(decodeResult: success, version: HTTP/1.1)
HTTP/1.1 200 OK
Content-Length: 36
Content-Type: application/json; charset=utf-8
cache-control: no-cache

01:36:43.216 [AsyncHttpClient-1-11] DEBUG org.asynchttpclient.netty.channel.ChannelManager - Adding key: http://localhost:7223 for channel [id: 0xcb766a74, L:/127.0.0.1:57171 - R:localhost/127.0.0.1:7223]
01:36:43.223 [Forwarding getPageSource on session 3c09ba49483bdf48def016df0df7c6ba to remote] DEBUG org.asynchttpclient.netty.request.NettyRequestSender - Using pooled Channel '[id: 0xcb766a74, L:/127.0.0.1:57171 - R:localhost/127.0.0.1:7223]' for 'POST' to 'http://localhost:7223/session/3c09ba49483bdf48def016df0df7c6ba/execute/sync'
01:36:43.223 [Forwarding getPageSource on session 3c09ba49483bdf48def016df0df7c6ba to remote] DEBUG org.asynchttpclient.netty.request.NettyRequestSender - Using open Channel [id: 0xcb766a74, L:/127.0.0.1:57171 - R:localhost/127.0.0.1:7223] for POST '/session/3c09ba49483bdf48def016df0df7c6ba/execute/sync'
01:36:43.236 [AsyncHttpClient-1-11] DEBUG org.asynchttpclient.netty.handler.HttpHandler - 

Request DefaultHttpRequest(decodeResult: success, version: HTTP/1.1)
POST /session/3c09ba49483bdf48def016df0df7c6ba/execute/sync HTTP/1.1
User-Agent: selenium/4.8.1 (java windows)
Content-Length: 176
Content-Type: application/json; charset=utf-8
host: localhost:7223
accept: */*

Response DefaultHttpResponse(decodeResult: success, version: HTTP/1.1)
HTTP/1.1 200 OK
Content-Length: 182088
Content-Type: application/json; charset=utf-8
cache-control: no-cache

01:36:43.236 [AsyncHttpClient-1-11] DEBUG org.asynchttpclient.netty.channel.ChannelManager - Adding key: http://localhost:7223 for channel [id: 0xcb766a74, L:/127.0.0.1:57171 - R:localhost/127.0.0.1:7223]
01:36:43.247 [Forwarding getCurrentUrl on session 3c09ba49483bdf48def016df0df7c6ba to remote] DEBUG org.asynchttpclient.netty.request.NettyRequestSender - Using pooled Channel '[id: 0xcb766a74, L:/127.0.0.1:57171 - R:localhost/127.0.0.1:7223]' for 'GET' to 'http://localhost:7223/session/3c09ba49483bdf48def016df0df7c6ba/url'
01:36:43.247 [Forwarding getCurrentUrl on session 3c09ba49483bdf48def016df0df7c6ba to remote] DEBUG org.asynchttpclient.netty.request.NettyRequestSender - Using open Channel [id: 0xcb766a74, L:/127.0.0.1:57171 - R:localhost/127.0.0.1:7223] for GET '/session/3c09ba49483bdf48def016df0df7c6ba/url'
01:36:43.250 [AsyncHttpClient-1-11] DEBUG org.asynchttpclient.netty.handler.HttpHandler - 

Request DefaultFullHttpRequest(decodeResult: success, version: HTTP/1.1, content: EmptyByteBufBE)
GET /session/3c09ba49483bdf48def016df0df7c6ba/url HTTP/1.1
User-Agent: selenium/4.8.1 (java windows)
Cache-Control: no-cache
Content-Type: application/json; charset=utf-8
host: localhost:7223
accept: */*

Response DefaultHttpResponse(decodeResult: success, version: HTTP/1.1)
HTTP/1.1 200 OK
Content-Length: 36
Content-Type: application/json; charset=utf-8
cache-control: no-cache

01:36:43.250 [AsyncHttpClient-1-11] DEBUG org.asynchttpclient.netty.channel.ChannelManager - Adding key: http://localhost:7223 for channel [id: 0xcb766a74, L:/127.0.0.1:57171 - R:localhost/127.0.0.1:7223]
01:36:43.252 [main] DEBUG net.thucydides.core.steps.StepInterceptor - STARTING STEP: SelectProductSteps.clickListrikPLN - clickProductItem
01:36:43.254 [Forwarding findElement on session 3c09ba49483bdf48def016df0df7c6ba to remote] DEBUG org.asynchttpclient.netty.request.NettyRequestSender - Using pooled Channel '[id: 0xcb766a74, L:/127.0.0.1:57171 - R:localhost/127.0.0.1:7223]' for 'POST' to 'http://localhost:7223/session/3c09ba49483bdf48def016df0df7c6ba/element'
01:36:43.254 [Forwarding findElement on session 3c09ba49483bdf48def016df0df7c6ba to remote] DEBUG org.asynchttpclient.netty.request.NettyRequestSender - Using open Channel [id: 0xcb766a74, L:/127.0.0.1:57171 - R:localhost/127.0.0.1:7223] for POST '/session/3c09ba49483bdf48def016df0df7c6ba/element'
01:36:43.264 [AsyncHttpClient-1-11] DEBUG org.asynchttpclient.netty.handler.HttpHandler - 

Request DefaultHttpRequest(decodeResult: success, version: HTTP/1.1)
POST /session/3c09ba49483bdf48def016df0df7c6ba/element HTTP/1.1
User-Agent: selenium/4.8.1 (java windows)
Content-Length: 59
Content-Type: application/json; charset=utf-8
host: localhost:7223
accept: */*

Response DefaultHttpResponse(decodeResult: success, version: HTTP/1.1)
HTTP/1.1 200 OK
Content-Length: 88
Content-Type: application/json; charset=utf-8
cache-control: no-cache

01:36:43.264 [AsyncHttpClient-1-11] DEBUG org.asynchttpclient.netty.channel.ChannelManager - Adding key: http://localhost:7223 for channel [id: 0xcb766a74, L:/127.0.0.1:57171 - R:localhost/127.0.0.1:7223]
01:36:43.265 [Forwarding getElementTagName on session 3c09ba49483bdf48def016df0df7c6ba to remote] DEBUG org.asynchttpclient.netty.request.NettyRequestSender - Using pooled Channel '[id: 0xcb766a74, L:/127.0.0.1:57171 - R:localhost/127.0.0.1:7223]' for 'GET' to 'http://localhost:7223/session/3c09ba49483bdf48def016df0df7c6ba/element/057b149b-279e-4921-af03-3a9d2b07ee66/name'
01:36:43.265 [Forwarding getElementTagName on session 3c09ba49483bdf48def016df0df7c6ba to remote] DEBUG org.asynchttpclient.netty.request.NettyRequestSender - Using open Channel [id: 0xcb766a74, L:/127.0.0.1:57171 - R:localhost/127.0.0.1:7223] for GET '/session/3c09ba49483bdf48def016df0df7c6ba/element/057b149b-279e-4921-af03-3a9d2b07ee66/name'
01:36:43.269 [AsyncHttpClient-1-11] DEBUG org.asynchttpclient.netty.handler.HttpHandler - 

Request DefaultFullHttpRequest(decodeResult: success, version: HTTP/1.1, content: EmptyByteBufBE)
GET /session/3c09ba49483bdf48def016df0df7c6ba/element/057b149b-279e-4921-af03-3a9d2b07ee66/name HTTP/1.1
User-Agent: selenium/4.8.1 (java windows)
Cache-Control: no-cache
Content-Type: application/json; charset=utf-8
host: localhost:7223
accept: */*

Response DefaultHttpResponse(decodeResult: success, version: HTTP/1.1)
HTTP/1.1 200 OK
Content-Length: 15
Content-Type: application/json; charset=utf-8
cache-control: no-cache

01:36:43.269 [AsyncHttpClient-1-11] DEBUG org.asynchttpclient.netty.channel.ChannelManager - Adding key: http://localhost:7223 for channel [id: 0xcb766a74, L:/127.0.0.1:57171 - R:localhost/127.0.0.1:7223]
01:36:43.270 [Forwarding getElementTagName on session 3c09ba49483bdf48def016df0df7c6ba to remote] DEBUG org.asynchttpclient.netty.request.NettyRequestSender - Using pooled Channel '[id: 0xcb766a74, L:/127.0.0.1:57171 - R:localhost/127.0.0.1:7223]' for 'GET' to 'http://localhost:7223/session/3c09ba49483bdf48def016df0df7c6ba/element/057b149b-279e-4921-af03-3a9d2b07ee66/name'
01:36:43.270 [Forwarding getElementTagName on session 3c09ba49483bdf48def016df0df7c6ba to remote] DEBUG org.asynchttpclient.netty.request.NettyRequestSender - Using open Channel [id: 0xcb766a74, L:/127.0.0.1:57171 - R:localhost/127.0.0.1:7223] for GET '/session/3c09ba49483bdf48def016df0df7c6ba/element/057b149b-279e-4921-af03-3a9d2b07ee66/name'
01:36:43.272 [AsyncHttpClient-1-11] DEBUG org.asynchttpclient.netty.handler.HttpHandler - 

Request DefaultFullHttpRequest(decodeResult: success, version: HTTP/1.1, content: EmptyByteBufBE)
GET /session/3c09ba49483bdf48def016df0df7c6ba/element/057b149b-279e-4921-af03-3a9d2b07ee66/name HTTP/1.1
User-Agent: selenium/4.8.1 (java windows)
Cache-Control: no-cache
Content-Type: application/json; charset=utf-8
host: localhost:7223
accept: */*

Response DefaultHttpResponse(decodeResult: success, version: HTTP/1.1)
HTTP/1.1 200 OK
Content-Length: 15
Content-Type: application/json; charset=utf-8
cache-control: no-cache

01:36:43.273 [AsyncHttpClient-1-11] DEBUG org.asynchttpclient.netty.channel.ChannelManager - Adding key: http://localhost:7223 for channel [id: 0xcb766a74, L:/127.0.0.1:57171 - R:localhost/127.0.0.1:7223]
01:36:43.274 [Forwarding findElement on session 3c09ba49483bdf48def016df0df7c6ba to remote] DEBUG org.asynchttpclient.netty.request.NettyRequestSender - Using pooled Channel '[id: 0xcb766a74, L:/127.0.0.1:57171 - R:localhost/127.0.0.1:7223]' for 'POST' to 'http://localhost:7223/session/3c09ba49483bdf48def016df0df7c6ba/element'
01:36:43.274 [Forwarding findElement on session 3c09ba49483bdf48def016df0df7c6ba to remote] DEBUG org.asynchttpclient.netty.request.NettyRequestSender - Using open Channel [id: 0xcb766a74, L:/127.0.0.1:57171 - R:localhost/127.0.0.1:7223] for POST '/session/3c09ba49483bdf48def016df0df7c6ba/element'
01:36:43.279 [AsyncHttpClient-1-11] DEBUG org.asynchttpclient.netty.handler.HttpHandler - 

Request DefaultHttpRequest(decodeResult: success, version: HTTP/1.1)
POST /session/3c09ba49483bdf48def016df0df7c6ba/element HTTP/1.1
User-Agent: selenium/4.8.1 (java windows)
Content-Length: 59
Content-Type: application/json; charset=utf-8
host: localhost:7223
accept: */*

Response DefaultHttpResponse(decodeResult: success, version: HTTP/1.1)
HTTP/1.1 200 OK
Content-Length: 88
Content-Type: application/json; charset=utf-8
cache-control: no-cache

01:36:43.279 [AsyncHttpClient-1-11] DEBUG org.asynchttpclient.netty.channel.ChannelManager - Adding key: http://localhost:7223 for channel [id: 0xcb766a74, L:/127.0.0.1:57171 - R:localhost/127.0.0.1:7223]
01:36:43.280 [Forwarding clickElement on session 3c09ba49483bdf48def016df0df7c6ba to remote] DEBUG org.asynchttpclient.netty.request.NettyRequestSender - Using pooled Channel '[id: 0xcb766a74, L:/127.0.0.1:57171 - R:localhost/127.0.0.1:7223]' for 'POST' to 'http://localhost:7223/session/3c09ba49483bdf48def016df0df7c6ba/element/057b149b-279e-4921-af03-3a9d2b07ee66/click'
01:36:43.280 [Forwarding clickElement on session 3c09ba49483bdf48def016df0df7c6ba to remote] DEBUG org.asynchttpclient.netty.request.NettyRequestSender - Using open Channel [id: 0xcb766a74, L:/127.0.0.1:57171 - R:localhost/127.0.0.1:7223] for POST '/session/3c09ba49483bdf48def016df0df7c6ba/element/057b149b-279e-4921-af03-3a9d2b07ee66/click'
01:36:43.883 [AsyncHttpClient-1-1] DEBUG org.asynchttpclient.netty.channel.DefaultChannelPool - Entry count for : http://localhost:57173 : 1
01:36:44.361 [AsyncHttpClient-1-11] DEBUG org.asynchttpclient.netty.handler.HttpHandler - 

Request DefaultHttpRequest(decodeResult: success, version: HTTP/1.1)
POST /session/3c09ba49483bdf48def016df0df7c6ba/element/057b149b-279e-4921-af03-3a9d2b07ee66/click HTTP/1.1
User-Agent: selenium/4.8.1 (java windows)
Content-Length: 50
Content-Type: application/json; charset=utf-8
host: localhost:7223
accept: */*

Response DefaultHttpResponse(decodeResult: success, version: HTTP/1.1)
HTTP/1.1 400 Bad Request
Content-Length: 1283
Content-Type: application/json; charset=utf-8
cache-control: no-cache

01:36:44.361 [AsyncHttpClient-1-11] DEBUG org.asynchttpclient.netty.channel.ChannelManager - Adding key: http://localhost:7223 for channel [id: 0xcb766a74, L:/127.0.0.1:57171 - R:localhost/127.0.0.1:7223]
01:36:44.623 [Forwarding clickElement on session 3c09ba49483bdf48def016df0df7c6ba to remote] DEBUG org.asynchttpclient.netty.request.NettyRequestSender - Using pooled Channel '[id: 0xcb766a74, L:/127.0.0.1:57171 - R:localhost/127.0.0.1:7223]' for 'POST' to 'http://localhost:7223/session/3c09ba49483bdf48def016df0df7c6ba/element/057b149b-279e-4921-af03-3a9d2b07ee66/click'
01:36:44.624 [Forwarding clickElement on session 3c09ba49483bdf48def016df0df7c6ba to remote] DEBUG org.asynchttpclient.netty.request.NettyRequestSender - Using open Channel [id: 0xcb766a74, L:/127.0.0.1:57171 - R:localhost/127.0.0.1:7223] for POST '/session/3c09ba49483bdf48def016df0df7c6ba/element/057b149b-279e-4921-af03-3a9d2b07ee66/click'
01:36:44.775 [AsyncHttpClient-1-11] DEBUG org.asynchttpclient.netty.handler.HttpHandler - 

Request DefaultHttpRequest(decodeResult: success, version: HTTP/1.1)
POST /session/3c09ba49483bdf48def016df0df7c6ba/element/057b149b-279e-4921-af03-3a9d2b07ee66/click HTTP/1.1
User-Agent: selenium/4.8.1 (java windows)
Content-Length: 50
Content-Type: application/json; charset=utf-8
host: localhost:7223
accept: */*

Response DefaultHttpResponse(decodeResult: success, version: HTTP/1.1)
HTTP/1.1 200 OK
Content-Length: 14
Content-Type: application/json; charset=utf-8
cache-control: no-cache

01:36:44.775 [AsyncHttpClient-1-11] DEBUG org.asynchttpclient.netty.channel.ChannelManager - Adding key: http://localhost:7223 for channel [id: 0xcb766a74, L:/127.0.0.1:57171 - R:localhost/127.0.0.1:7223]
01:36:44.780 [Forwarding getAlertText on session 3c09ba49483bdf48def016df0df7c6ba to remote] DEBUG org.asynchttpclient.netty.request.NettyRequestSender - Using pooled Channel '[id: 0xcb766a74, L:/127.0.0.1:57171 - R:localhost/127.0.0.1:7223]' for 'GET' to 'http://localhost:7223/session/3c09ba49483bdf48def016df0df7c6ba/alert/text'
01:36:44.781 [Forwarding getAlertText on session 3c09ba49483bdf48def016df0df7c6ba to remote] DEBUG org.asynchttpclient.netty.request.NettyRequestSender - Using open Channel [id: 0xcb766a74, L:/127.0.0.1:57171 - R:localhost/127.0.0.1:7223] for GET '/session/3c09ba49483bdf48def016df0df7c6ba/alert/text'
01:36:44.861 [AsyncHttpClient-1-11] DEBUG org.asynchttpclient.netty.handler.HttpHandler - 

Request DefaultFullHttpRequest(decodeResult: success, version: HTTP/1.1, content: EmptyByteBufBE)
GET /session/3c09ba49483bdf48def016df0df7c6ba/alert/text HTTP/1.1
User-Agent: selenium/4.8.1 (java windows)
Cache-Control: no-cache
Content-Type: application/json; charset=utf-8
host: localhost:7223
accept: */*

Response DefaultHttpResponse(decodeResult: success, version: HTTP/1.1)
HTTP/1.1 404 Not Found
Content-Length: 835
Content-Type: application/json; charset=utf-8
cache-control: no-cache

01:36:44.862 [AsyncHttpClient-1-11] DEBUG org.asynchttpclient.netty.channel.ChannelManager - Adding key: http://localhost:7223 for channel [id: 0xcb766a74, L:/127.0.0.1:57171 - R:localhost/127.0.0.1:7223]
01:36:44.863 [Forwarding getCurrentUrl on session 3c09ba49483bdf48def016df0df7c6ba to remote] DEBUG org.asynchttpclient.netty.request.NettyRequestSender - Using pooled Channel '[id: 0xcb766a74, L:/127.0.0.1:57171 - R:localhost/127.0.0.1:7223]' for 'GET' to 'http://localhost:7223/session/3c09ba49483bdf48def016df0df7c6ba/url'
01:36:44.863 [Forwarding getCurrentUrl on session 3c09ba49483bdf48def016df0df7c6ba to remote] DEBUG org.asynchttpclient.netty.request.NettyRequestSender - Using open Channel [id: 0xcb766a74, L:/127.0.0.1:57171 - R:localhost/127.0.0.1:7223] for GET '/session/3c09ba49483bdf48def016df0df7c6ba/url'
01:36:44.871 [AsyncHttpClient-1-11] DEBUG org.asynchttpclient.netty.handler.HttpHandler - 

Request DefaultFullHttpRequest(decodeResult: success, version: HTTP/1.1, content: EmptyByteBufBE)
GET /session/3c09ba49483bdf48def016df0df7c6ba/url HTTP/1.1
User-Agent: selenium/4.8.1 (java windows)
Cache-Control: no-cache
Content-Type: application/json; charset=utf-8
host: localhost:7223
accept: */*

Response DefaultHttpResponse(decodeResult: success, version: HTTP/1.1)
HTTP/1.1 200 OK
Content-Length: 51
Content-Type: application/json; charset=utf-8
cache-control: no-cache

01:36:44.871 [AsyncHttpClient-1-11] DEBUG org.asynchttpclient.netty.channel.ChannelManager - Adding key: http://localhost:7223 for channel [id: 0xcb766a74, L:/127.0.0.1:57171 - R:localhost/127.0.0.1:7223]
01:36:44.872 [Forwarding screenshot on session 3c09ba49483bdf48def016df0df7c6ba to remote] DEBUG org.asynchttpclient.netty.request.NettyRequestSender - Using pooled Channel '[id: 0xcb766a74, L:/127.0.0.1:57171 - R:localhost/127.0.0.1:7223]' for 'GET' to 'http://localhost:7223/session/3c09ba49483bdf48def016df0df7c6ba/screenshot'
01:36:44.872 [Forwarding screenshot on session 3c09ba49483bdf48def016df0df7c6ba to remote] DEBUG org.asynchttpclient.netty.request.NettyRequestSender - Using open Channel [id: 0xcb766a74, L:/127.0.0.1:57171 - R:localhost/127.0.0.1:7223] for GET '/session/3c09ba49483bdf48def016df0df7c6ba/screenshot'
01:36:44.983 [AsyncHttpClient-1-1] DEBUG org.asynchttpclient.netty.channel.DefaultChannelPool - Entry count for : http://localhost:57173 : 1
01:36:45.117 [AsyncHttpClient-1-11] DEBUG org.asynchttpclient.netty.handler.HttpHandler - 

Request DefaultFullHttpRequest(decodeResult: success, version: HTTP/1.1, content: EmptyByteBufBE)
GET /session/3c09ba49483bdf48def016df0df7c6ba/screenshot HTTP/1.1
User-Agent: selenium/4.8.1 (java windows)
Cache-Control: no-cache
Content-Type: application/json; charset=utf-8
host: localhost:7223
accept: */*

Response DefaultHttpResponse(decodeResult: success, version: HTTP/1.1)
HTTP/1.1 200 OK
Content-Length: 166224
Content-Type: application/json; charset=utf-8
cache-control: no-cache

01:36:45.117 [AsyncHttpClient-1-11] DEBUG org.asynchttpclient.netty.channel.ChannelManager - Adding key: http://localhost:7223 for channel [id: 0xcb766a74, L:/127.0.0.1:57171 - R:localhost/127.0.0.1:7223]
01:36:45.120 [main] DEBUG net.serenitybdd.core.photography.Darkroom - Send negative for processing for target\site\serenity\5453da2b59c85dba4dc13c3396669bfa474b5f549b9dd37d7e4641a4207a8ae8.png
01:36:45.120 [main] DEBUG net.thucydides.core.steps.StepInterceptor - STEP DONE: clickProductItem
  &amp#27;[32mWhen &amp#27;[0m&amp#27;[32mI click Listrik PLN product&amp#27;[0m                              &amp#27;[90m# starter.stepdefintions.SelectProductSteps.clickListrikPLN()&amp#27;[0m
01:36:45.120 [Darkroom Processing Line] DEBUG net.serenitybdd.core.photography.DarkroomProcessingLine - Processing screenshot image in /var/screenshots/screenshot-2185213953437646736
01:36:45.120 [Darkroom Processing Line] DEBUG net.serenitybdd.core.photography.DarkroomProcessingLine - Saving screenshot to target\site\serenity\5453da2b59c85dba4dc13c3396669bfa474b5f549b9dd37d7e4641a4207a8ae8.png
01:36:45.127 [Forwarding getPageSource on session 3c09ba49483bdf48def016df0df7c6ba to remote] DEBUG org.asynchttpclient.netty.request.NettyRequestSender - Using pooled Channel '[id: 0xcb766a74, L:/127.0.0.1:57171 - R:localhost/127.0.0.1:7223]' for 'POST' to 'http://localhost:7223/session/3c09ba49483bdf48def016df0df7c6ba/execute/sync'
01:36:45.127 [Forwarding getPageSource on session 3c09ba49483bdf48def016df0df7c6ba to remote] DEBUG org.asynchttpclient.netty.request.NettyRequestSender - Using open Channel [id: 0xcb766a74, L:/127.0.0.1:57171 - R:localhost/127.0.0.1:7223] for POST '/session/3c09ba49483bdf48def016df0df7c6ba/execute/sync'
01:36:45.133 [AsyncHttpClient-1-11] DEBUG org.asynchttpclient.netty.handler.HttpHandler - 

Request DefaultHttpRequest(decodeResult: success, version: HTTP/1.1)
POST /session/3c09ba49483bdf48def016df0df7c6ba/execute/sync HTTP/1.1
User-Agent: selenium/4.8.1 (java windows)
Content-Length: 176
Content-Type: application/json; charset=utf-8
host: localhost:7223
accept: */*

Response DefaultHttpResponse(decodeResult: success, version: HTTP/1.1)
HTTP/1.1 200 OK
Content-Length: 97549
Content-Type: application/json; charset=utf-8
cache-control: no-cache

01:36:45.133 [AsyncHttpClient-1-11] DEBUG org.asynchttpclient.netty.channel.ChannelManager - Adding key: http://localhost:7223 for channel [id: 0xcb766a74, L:/127.0.0.1:57171 - R:localhost/127.0.0.1:7223]
01:36:45.137 [Forwarding getCurrentUrl on session 3c09ba49483bdf48def016df0df7c6ba to remote] DEBUG org.asynchttpclient.netty.request.NettyRequestSender - Using pooled Channel '[id: 0xcb766a74, L:/127.0.0.1:57171 - R:localhost/127.0.0.1:7223]' for 'GET' to 'http://localhost:7223/session/3c09ba49483bdf48def016df0df7c6ba/url'
01:36:45.137 [Forwarding getCurrentUrl on session 3c09ba49483bdf48def016df0df7c6ba to remote] DEBUG org.asynchttpclient.netty.request.NettyRequestSender - Using open Channel [id: 0xcb766a74, L:/127.0.0.1:57171 - R:localhost/127.0.0.1:7223] for GET '/session/3c09ba49483bdf48def016df0df7c6ba/url'
01:36:45.140 [AsyncHttpClient-1-11] DEBUG org.asynchttpclient.netty.handler.HttpHandler - 

Request DefaultFullHttpRequest(decodeResult: success, version: HTTP/1.1, content: EmptyByteBufBE)
GET /session/3c09ba49483bdf48def016df0df7c6ba/url HTTP/1.1
User-Agent: selenium/4.8.1 (java windows)
Cache-Control: no-cache
Content-Type: application/json; charset=utf-8
host: localhost:7223
accept: */*

Response DefaultHttpResponse(decodeResult: success, version: HTTP/1.1)
HTTP/1.1 200 OK
Content-Length: 51
Content-Type: application/json; charset=utf-8
cache-control: no-cache

01:36:45.140 [AsyncHttpClient-1-11] DEBUG org.asynchttpclient.netty.channel.ChannelManager - Adding key: http://localhost:7223 for channel [id: 0xcb766a74, L:/127.0.0.1:57171 - R:localhost/127.0.0.1:7223]
01:36:45.147 [Forwarding getPageSource on session 3c09ba49483bdf48def016df0df7c6ba to remote] DEBUG org.asynchttpclient.netty.request.NettyRequestSender - Using pooled Channel '[id: 0xcb766a74, L:/127.0.0.1:57171 - R:localhost/127.0.0.1:7223]' for 'POST' to 'http://localhost:7223/session/3c09ba49483bdf48def016df0df7c6ba/execute/sync'
01:36:45.147 [Forwarding getPageSource on session 3c09ba49483bdf48def016df0df7c6ba to remote] DEBUG org.asynchttpclient.netty.request.NettyRequestSender - Using open Channel [id: 0xcb766a74, L:/127.0.0.1:57171 - R:localhost/127.0.0.1:7223] for POST '/session/3c09ba49483bdf48def016df0df7c6ba/execute/sync'
01:36:45.153 [AsyncHttpClient-1-11] DEBUG org.asynchttpclient.netty.handler.HttpHandler - 

Request DefaultHttpRequest(decodeResult: success, version: HTTP/1.1)
POST /session/3c09ba49483bdf48def016df0df7c6ba/execute/sync HTTP/1.1
User-Agent: selenium/4.8.1 (java windows)
Content-Length: 176
Content-Type: application/json; charset=utf-8
host: localhost:7223
accept: */*

Response DefaultHttpResponse(decodeResult: success, version: HTTP/1.1)
HTTP/1.1 200 OK
Content-Length: 97532
Content-Type: application/json; charset=utf-8
cache-control: no-cache

01:36:45.153 [AsyncHttpClient-1-11] DEBUG org.asynchttpclient.netty.channel.ChannelManager - Adding key: http://localhost:7223 for channel [id: 0xcb766a74, L:/127.0.0.1:57171 - R:localhost/127.0.0.1:7223]
01:36:45.158 [Forwarding getCurrentUrl on session 3c09ba49483bdf48def016df0df7c6ba to remote] DEBUG org.asynchttpclient.netty.request.NettyRequestSender - Using pooled Channel '[id: 0xcb766a74, L:/127.0.0.1:57171 - R:localhost/127.0.0.1:7223]' for 'GET' to 'http://localhost:7223/session/3c09ba49483bdf48def016df0df7c6ba/url'
01:36:45.158 [Forwarding getCurrentUrl on session 3c09ba49483bdf48def016df0df7c6ba to remote] DEBUG org.asynchttpclient.netty.request.NettyRequestSender - Using open Channel [id: 0xcb766a74, L:/127.0.0.1:57171 - R:localhost/127.0.0.1:7223] for GET '/session/3c09ba49483bdf48def016df0df7c6ba/url'
01:36:45.160 [AsyncHttpClient-1-11] DEBUG org.asynchttpclient.netty.handler.HttpHandler - 

Request DefaultFullHttpRequest(decodeResult: success, version: HTTP/1.1, content: EmptyByteBufBE)
GET /session/3c09ba49483bdf48def016df0df7c6ba/url HTTP/1.1
User-Agent: selenium/4.8.1 (java windows)
Cache-Control: no-cache
Content-Type: application/json; charset=utf-8
host: localhost:7223
accept: */*

Response DefaultHttpResponse(decodeResult: success, version: HTTP/1.1)
HTTP/1.1 200 OK
Content-Length: 51
Content-Type: application/json; charset=utf-8
cache-control: no-cache

01:36:45.160 [AsyncHttpClient-1-11] DEBUG org.asynchttpclient.netty.channel.ChannelManager - Adding key: http://localhost:7223 for channel [id: 0xcb766a74, L:/127.0.0.1:57171 - R:localhost/127.0.0.1:7223]
01:36:45.162 [main] DEBUG net.thucydides.core.steps.StepInterceptor - STARTING STEP: SelectProductSteps.inputNomorMeter - inputNomorMeter
01:36:45.163 [Forwarding findElement on session 3c09ba49483bdf48def016df0df7c6ba to remote] DEBUG org.asynchttpclient.netty.request.NettyRequestSender - Using pooled Channel '[id: 0xcb766a74, L:/127.0.0.1:57171 - R:localhost/127.0.0.1:7223]' for 'POST' to 'http://localhost:7223/session/3c09ba49483bdf48def016df0df7c6ba/element'
01:36:45.163 [Forwarding findElement on session 3c09ba49483bdf48def016df0df7c6ba to remote] DEBUG org.asynchttpclient.netty.request.NettyRequestSender - Using open Channel [id: 0xcb766a74, L:/127.0.0.1:57171 - R:localhost/127.0.0.1:7223] for POST '/session/3c09ba49483bdf48def016df0df7c6ba/element'
01:36:45.170 [AsyncHttpClient-1-11] DEBUG org.asynchttpclient.netty.handler.HttpHandler - 

Request DefaultHttpRequest(decodeResult: success, version: HTTP/1.1)
POST /session/3c09ba49483bdf48def016df0df7c6ba/element HTTP/1.1
User-Agent: selenium/4.8.1 (java windows)
Content-Length: 58
Content-Type: application/json; charset=utf-8
host: localhost:7223
accept: */*

Response DefaultHttpResponse(decodeResult: success, version: HTTP/1.1)
HTTP/1.1 200 OK
Content-Length: 88
Content-Type: application/json; charset=utf-8
cache-control: no-cache

01:36:45.170 [AsyncHttpClient-1-11] DEBUG org.asynchttpclient.netty.channel.ChannelManager - Adding key: http://localhost:7223 for channel [id: 0xcb766a74, L:/127.0.0.1:57171 - R:localhost/127.0.0.1:7223]
01:36:45.171 [Forwarding clearElement on session 3c09ba49483bdf48def016df0df7c6ba to remote] DEBUG org.asynchttpclient.netty.request.NettyRequestSender - Using pooled Channel '[id: 0xcb766a74, L:/127.0.0.1:57171 - R:localhost/127.0.0.1:7223]' for 'POST' to 'http://localhost:7223/session/3c09ba49483bdf48def016df0df7c6ba/element/fcb3a36d-85ba-4934-87a0-99901528eabf/clear'
01:36:45.171 [Forwarding clearElement on session 3c09ba49483bdf48def016df0df7c6ba to remote] DEBUG org.asynchttpclient.netty.request.NettyRequestSender - Using open Channel [id: 0xcb766a74, L:/127.0.0.1:57171 - R:localhost/127.0.0.1:7223] for POST '/session/3c09ba49483bdf48def016df0df7c6ba/element/fcb3a36d-85ba-4934-87a0-99901528eabf/clear'
01:36:45.192 [AsyncHttpClient-1-11] DEBUG org.asynchttpclient.netty.handler.HttpHandler - 

Request DefaultHttpRequest(decodeResult: success, version: HTTP/1.1)
POST /session/3c09ba49483bdf48def016df0df7c6ba/element/fcb3a36d-85ba-4934-87a0-99901528eabf/clear HTTP/1.1
User-Agent: selenium/4.8.1 (java windows)
Content-Length: 50
Content-Type: application/json; charset=utf-8
host: localhost:7223
accept: */*

Response DefaultHttpResponse(decodeResult: success, version: HTTP/1.1)
HTTP/1.1 200 OK
Content-Length: 14
Content-Type: application/json; charset=utf-8
cache-control: no-cache

01:36:45.192 [AsyncHttpClient-1-11] DEBUG org.asynchttpclient.netty.channel.ChannelManager - Adding key: http://localhost:7223 for channel [id: 0xcb766a74, L:/127.0.0.1:57171 - R:localhost/127.0.0.1:7223]
01:36:45.194 [Forwarding sendKeysToElement on session 3c09ba49483bdf48def016df0df7c6ba to remote] DEBUG org.asynchttpclient.netty.request.NettyRequestSender - Using pooled Channel '[id: 0xcb766a74, L:/127.0.0.1:57171 - R:localhost/127.0.0.1:7223]' for 'POST' to 'http://localhost:7223/session/3c09ba49483bdf48def016df0df7c6ba/element/fcb3a36d-85ba-4934-87a0-99901528eabf/value'
01:36:45.194 [Forwarding sendKeysToElement on session 3c09ba49483bdf48def016df0df7c6ba to remote] DEBUG org.asynchttpclient.netty.request.NettyRequestSender - Using open Channel [id: 0xcb766a74, L:/127.0.0.1:57171 - R:localhost/127.0.0.1:7223] for POST '/session/3c09ba49483bdf48def016df0df7c6ba/element/fcb3a36d-85ba-4934-87a0-99901528eabf/value'
01:36:45.293 [AsyncHttpClient-1-11] DEBUG org.asynchttpclient.netty.handler.HttpHandler - 

Request DefaultHttpRequest(decodeResult: success, version: HTTP/1.1)
POST /session/3c09ba49483bdf48def016df0df7c6ba/element/fcb3a36d-85ba-4934-87a0-99901528eabf/value HTTP/1.1
User-Agent: selenium/4.8.1 (java windows)
Content-Length: 191
Content-Type: application/json; charset=utf-8
host: localhost:7223
accept: */*

Response DefaultHttpResponse(decodeResult: success, version: HTTP/1.1)
HTTP/1.1 200 OK
Content-Length: 14
Content-Type: application/json; charset=utf-8
cache-control: no-cache

01:36:45.293 [AsyncHttpClient-1-11] DEBUG org.asynchttpclient.netty.channel.ChannelManager - Adding key: http://localhost:7223 for channel [id: 0xcb766a74, L:/127.0.0.1:57171 - R:localhost/127.0.0.1:7223]
01:36:45.297 [Forwarding getAlertText on session 3c09ba49483bdf48def016df0df7c6ba to remote] DEBUG org.asynchttpclient.netty.request.NettyRequestSender - Using pooled Channel '[id: 0xcb766a74, L:/127.0.0.1:57171 - R:localhost/127.0.0.1:7223]' for 'GET' to 'http://localhost:7223/session/3c09ba49483bdf48def016df0df7c6ba/alert/text'
01:36:45.297 [Forwarding getAlertText on session 3c09ba49483bdf48def016df0df7c6ba to remote] DEBUG org.asynchttpclient.netty.request.NettyRequestSender - Using open Channel [id: 0xcb766a74, L:/127.0.0.1:57171 - R:localhost/127.0.0.1:7223] for GET '/session/3c09ba49483bdf48def016df0df7c6ba/alert/text'
01:36:45.299 [AsyncHttpClient-1-11] DEBUG org.asynchttpclient.netty.handler.HttpHandler - 

Request DefaultFullHttpRequest(decodeResult: success, version: HTTP/1.1, content: EmptyByteBufBE)
GET /session/3c09ba49483bdf48def016df0df7c6ba/alert/text HTTP/1.1
User-Agent: selenium/4.8.1 (java windows)
Cache-Control: no-cache
Content-Type: application/json; charset=utf-8
host: localhost:7223
accept: */*

Response DefaultHttpResponse(decodeResult: success, version: HTTP/1.1)
HTTP/1.1 404 Not Found
Content-Length: 835
Content-Type: application/json; charset=utf-8
cache-control: no-cache

01:36:45.299 [AsyncHttpClient-1-11] DEBUG org.asynchttpclient.netty.channel.ChannelManager - Adding key: http://localhost:7223 for channel [id: 0xcb766a74, L:/127.0.0.1:57171 - R:localhost/127.0.0.1:7223]
01:36:45.300 [Forwarding getCurrentUrl on session 3c09ba49483bdf48def016df0df7c6ba to remote] DEBUG org.asynchttpclient.netty.request.NettyRequestSender - Using pooled Channel '[id: 0xcb766a74, L:/127.0.0.1:57171 - R:localhost/127.0.0.1:7223]' for 'GET' to 'http://localhost:7223/session/3c09ba49483bdf48def016df0df7c6ba/url'
01:36:45.300 [Forwarding getCurrentUrl on session 3c09ba49483bdf48def016df0df7c6ba to remote] DEBUG org.asynchttpclient.netty.request.NettyRequestSender - Using open Channel [id: 0xcb766a74, L:/127.0.0.1:57171 - R:localhost/127.0.0.1:7223] for GET '/session/3c09ba49483bdf48def016df0df7c6ba/url'
01:36:45.302 [AsyncHttpClient-1-11] DEBUG org.asynchttpclient.netty.handler.HttpHandler - 

Request DefaultFullHttpRequest(decodeResult: success, version: HTTP/1.1, content: EmptyByteBufBE)
GET /session/3c09ba49483bdf48def016df0df7c6ba/url HTTP/1.1
User-Agent: selenium/4.8.1 (java windows)
Cache-Control: no-cache
Content-Type: application/json; charset=utf-8
host: localhost:7223
accept: */*

Response DefaultHttpResponse(decodeResult: success, version: HTTP/1.1)
HTTP/1.1 200 OK
Content-Length: 51
Content-Type: application/json; charset=utf-8
cache-control: no-cache

01:36:45.303 [AsyncHttpClient-1-11] DEBUG org.asynchttpclient.netty.channel.ChannelManager - Adding key: http://localhost:7223 for channel [id: 0xcb766a74, L:/127.0.0.1:57171 - R:localhost/127.0.0.1:7223]
01:36:45.303 [Forwarding screenshot on session 3c09ba49483bdf48def016df0df7c6ba to remote] DEBUG org.asynchttpclient.netty.request.NettyRequestSender - Using pooled Channel '[id: 0xcb766a74, L:/127.0.0.1:57171 - R:localhost/127.0.0.1:7223]' for 'GET' to 'http://localhost:7223/session/3c09ba49483bdf48def016df0df7c6ba/screenshot'
01:36:45.303 [Forwarding screenshot on session 3c09ba49483bdf48def016df0df7c6ba to remote] DEBUG org.asynchttpclient.netty.request.NettyRequestSender - Using open Channel [id: 0xcb766a74, L:/127.0.0.1:57171 - R:localhost/127.0.0.1:7223] for GET '/session/3c09ba49483bdf48def016df0df7c6ba/screenshot'
01:36:45.468 [AsyncHttpClient-1-11] DEBUG org.asynchttpclient.netty.handler.HttpHandler - 

Request DefaultFullHttpRequest(decodeResult: success, version: HTTP/1.1, content: EmptyByteBufBE)
GET /session/3c09ba49483bdf48def016df0df7c6ba/screenshot HTTP/1.1
User-Agent: selenium/4.8.1 (java windows)
Cache-Control: no-cache
Content-Type: application/json; charset=utf-8
host: localhost:7223
accept: */*

Response DefaultHttpResponse(decodeResult: success, version: HTTP/1.1)
HTTP/1.1 200 OK
Content-Length: 169196
Content-Type: application/json; charset=utf-8
cache-control: no-cache

01:36:45.469 [AsyncHttpClient-1-11] DEBUG org.asynchttpclient.netty.channel.ChannelManager - Adding key: http://localhost:7223 for channel [id: 0xcb766a74, L:/127.0.0.1:57171 - R:localhost/127.0.0.1:7223]
01:36:45.472 [main] DEBUG net.serenitybdd.core.photography.Darkroom - Send negative for processing for target\site\serenity\d48d9668170fb68b05111ca292190f5352145fc30dd07a1c5d0e9ee6c607e934.png
01:36:45.472 [main] DEBUG net.thucydides.core.steps.StepInterceptor - STEP DONE: inputNomorMeter
  &amp#27;[32mAnd &amp#27;[0m&amp#27;[32mI enter correct nomor meter PLN&amp#27;[0m                           &amp#27;[90m# starter.stepdefintions.SelectProductSteps.inputNomorMeter()&amp#27;[0m
01:36:45.472 [Darkroom Processing Line] DEBUG net.serenitybdd.core.photography.DarkroomProcessingLine - Processing screenshot image in /var/screenshots/screenshot-3280546871307499411
01:36:45.472 [Darkroom Processing Line] DEBUG net.serenitybdd.core.photography.DarkroomProcessingLine - Saving screenshot to target\site\serenity\d48d9668170fb68b05111ca292190f5352145fc30dd07a1c5d0e9ee6c607e934.png
01:36:45.478 [Forwarding getPageSource on session 3c09ba49483bdf48def016df0df7c6ba to remote] DEBUG org.asynchttpclient.netty.request.NettyRequestSender - Using pooled Channel '[id: 0xcb766a74, L:/127.0.0.1:57171 - R:localhost/127.0.0.1:7223]' for 'POST' to 'http://localhost:7223/session/3c09ba49483bdf48def016df0df7c6ba/execute/sync'
01:36:45.478 [Forwarding getPageSource on session 3c09ba49483bdf48def016df0df7c6ba to remote] DEBUG org.asynchttpclient.netty.request.NettyRequestSender - Using open Channel [id: 0xcb766a74, L:/127.0.0.1:57171 - R:localhost/127.0.0.1:7223] for POST '/session/3c09ba49483bdf48def016df0df7c6ba/execute/sync'
01:36:45.485 [AsyncHttpClient-1-11] DEBUG org.asynchttpclient.netty.handler.HttpHandler - 

Request DefaultHttpRequest(decodeResult: success, version: HTTP/1.1)
POST /session/3c09ba49483bdf48def016df0df7c6ba/execute/sync HTTP/1.1
User-Agent: selenium/4.8.1 (java windows)
Content-Length: 176
Content-Type: application/json; charset=utf-8
host: localhost:7223
accept: */*

Response DefaultHttpResponse(decodeResult: success, version: HTTP/1.1)
HTTP/1.1 200 OK
Content-Length: 98708
Content-Type: application/json; charset=utf-8
cache-control: no-cache

01:36:45.487 [AsyncHttpClient-1-11] DEBUG org.asynchttpclient.netty.channel.ChannelManager - Adding key: http://localhost:7223 for channel [id: 0xcb766a74, L:/127.0.0.1:57171 - R:localhost/127.0.0.1:7223]
01:36:45.492 [Forwarding getCurrentUrl on session 3c09ba49483bdf48def016df0df7c6ba to remote] DEBUG org.asynchttpclient.netty.request.NettyRequestSender - Using pooled Channel '[id: 0xcb766a74, L:/127.0.0.1:57171 - R:localhost/127.0.0.1:7223]' for 'GET' to 'http://localhost:7223/session/3c09ba49483bdf48def016df0df7c6ba/url'
01:36:45.492 [Forwarding getCurrentUrl on session 3c09ba49483bdf48def016df0df7c6ba to remote] DEBUG org.asynchttpclient.netty.request.NettyRequestSender - Using open Channel [id: 0xcb766a74, L:/127.0.0.1:57171 - R:localhost/127.0.0.1:7223] for GET '/session/3c09ba49483bdf48def016df0df7c6ba/url'
01:36:45.495 [AsyncHttpClient-1-11] DEBUG org.asynchttpclient.netty.handler.HttpHandler - 

Request DefaultFullHttpRequest(decodeResult: success, version: HTTP/1.1, content: EmptyByteBufBE)
GET /session/3c09ba49483bdf48def016df0df7c6ba/url HTTP/1.1
User-Agent: selenium/4.8.1 (java windows)
Cache-Control: no-cache
Content-Type: application/json; charset=utf-8
host: localhost:7223
accept: */*

Response DefaultHttpResponse(decodeResult: success, version: HTTP/1.1)
HTTP/1.1 200 OK
Content-Length: 51
Content-Type: application/json; charset=utf-8
cache-control: no-cache

01:36:45.495 [AsyncHttpClient-1-11] DEBUG org.asynchttpclient.netty.channel.ChannelManager - Adding key: http://localhost:7223 for channel [id: 0xcb766a74, L:/127.0.0.1:57171 - R:localhost/127.0.0.1:7223]
01:36:45.506 [Forwarding getPageSource on session 3c09ba49483bdf48def016df0df7c6ba to remote] DEBUG org.asynchttpclient.netty.request.NettyRequestSender - Using pooled Channel '[id: 0xcb766a74, L:/127.0.0.1:57171 - R:localhost/127.0.0.1:7223]' for 'POST' to 'http://localhost:7223/session/3c09ba49483bdf48def016df0df7c6ba/execute/sync'
01:36:45.506 [Forwarding getPageSource on session 3c09ba49483bdf48def016df0df7c6ba to remote] DEBUG org.asynchttpclient.netty.request.NettyRequestSender - Using open Channel [id: 0xcb766a74, L:/127.0.0.1:57171 - R:localhost/127.0.0.1:7223] for POST '/session/3c09ba49483bdf48def016df0df7c6ba/execute/sync'
01:36:45.516 [AsyncHttpClient-1-11] DEBUG org.asynchttpclient.netty.handler.HttpHandler - 

Request DefaultHttpRequest(decodeResult: success, version: HTTP/1.1)
POST /session/3c09ba49483bdf48def016df0df7c6ba/execute/sync HTTP/1.1
User-Agent: selenium/4.8.1 (java windows)
Content-Length: 176
Content-Type: application/json; charset=utf-8
host: localhost:7223
accept: */*

Response DefaultHttpResponse(decodeResult: success, version: HTTP/1.1)
HTTP/1.1 200 OK
Content-Length: 93866
Content-Type: application/json; charset=utf-8
cache-control: no-cache

01:36:45.516 [AsyncHttpClient-1-11] DEBUG org.asynchttpclient.netty.channel.ChannelManager - Adding key: http://localhost:7223 for channel [id: 0xcb766a74, L:/127.0.0.1:57171 - R:localhost/127.0.0.1:7223]
01:36:45.520 [Forwarding getCurrentUrl on session 3c09ba49483bdf48def016df0df7c6ba to remote] DEBUG org.asynchttpclient.netty.request.NettyRequestSender - Using pooled Channel '[id: 0xcb766a74, L:/127.0.0.1:57171 - R:localhost/127.0.0.1:7223]' for 'GET' to 'http://localhost:7223/session/3c09ba49483bdf48def016df0df7c6ba/url'
01:36:45.520 [Forwarding getCurrentUrl on session 3c09ba49483bdf48def016df0df7c6ba to remote] DEBUG org.asynchttpclient.netty.request.NettyRequestSender - Using open Channel [id: 0xcb766a74, L:/127.0.0.1:57171 - R:localhost/127.0.0.1:7223] for GET '/session/3c09ba49483bdf48def016df0df7c6ba/url'
01:36:45.525 [AsyncHttpClient-1-11] DEBUG org.asynchttpclient.netty.handler.HttpHandler - 

Request DefaultFullHttpRequest(decodeResult: success, version: HTTP/1.1, content: EmptyByteBufBE)
GET /session/3c09ba49483bdf48def016df0df7c6ba/url HTTP/1.1
User-Agent: selenium/4.8.1 (java windows)
Cache-Control: no-cache
Content-Type: application/json; charset=utf-8
host: localhost:7223
accept: */*

Response DefaultHttpResponse(decodeResult: success, version: HTTP/1.1)
HTTP/1.1 200 OK
Content-Length: 51
Content-Type: application/json; charset=utf-8
cache-control: no-cache

01:36:45.525 [AsyncHttpClient-1-11] DEBUG org.asynchttpclient.netty.channel.ChannelManager - Adding key: http://localhost:7223 for channel [id: 0xcb766a74, L:/127.0.0.1:57171 - R:localhost/127.0.0.1:7223]
01:36:45.526 [main] DEBUG net.thucydides.core.steps.StepInterceptor - STARTING STEP: SelectProductSteps.inputNomorHandphone - inputNomorHandphone
01:36:45.527 [Forwarding findElement on session 3c09ba49483bdf48def016df0df7c6ba to remote] DEBUG org.asynchttpclient.netty.request.NettyRequestSender - Using pooled Channel '[id: 0xcb766a74, L:/127.0.0.1:57171 - R:localhost/127.0.0.1:7223]' for 'POST' to 'http://localhost:7223/session/3c09ba49483bdf48def016df0df7c6ba/element'
01:36:45.528 [Forwarding findElement on session 3c09ba49483bdf48def016df0df7c6ba to remote] DEBUG org.asynchttpclient.netty.request.NettyRequestSender - Using open Channel [id: 0xcb766a74, L:/127.0.0.1:57171 - R:localhost/127.0.0.1:7223] for POST '/session/3c09ba49483bdf48def016df0df7c6ba/element'
01:36:45.536 [AsyncHttpClient-1-11] DEBUG org.asynchttpclient.netty.handler.HttpHandler - 

Request DefaultHttpRequest(decodeResult: success, version: HTTP/1.1)
POST /session/3c09ba49483bdf48def016df0df7c6ba/element HTTP/1.1
User-Agent: selenium/4.8.1 (java windows)
Content-Length: 62
Content-Type: application/json; charset=utf-8
host: localhost:7223
accept: */*

Response DefaultHttpResponse(decodeResult: success, version: HTTP/1.1)
HTTP/1.1 200 OK
Content-Length: 88
Content-Type: application/json; charset=utf-8
cache-control: no-cache

01:36:45.536 [AsyncHttpClient-1-11] DEBUG org.asynchttpclient.netty.channel.ChannelManager - Adding key: http://localhost:7223 for channel [id: 0xcb766a74, L:/127.0.0.1:57171 - R:localhost/127.0.0.1:7223]
01:36:45.537 [Forwarding clearElement on session 3c09ba49483bdf48def016df0df7c6ba to remote] DEBUG org.asynchttpclient.netty.request.NettyRequestSender - Using pooled Channel '[id: 0xcb766a74, L:/127.0.0.1:57171 - R:localhost/127.0.0.1:7223]' for 'POST' to 'http://localhost:7223/session/3c09ba49483bdf48def016df0df7c6ba/element/218f9dc7-a8fd-4b5d-a8d5-b4410153b2b4/clear'
01:36:45.537 [Forwarding clearElement on session 3c09ba49483bdf48def016df0df7c6ba to remote] DEBUG org.asynchttpclient.netty.request.NettyRequestSender - Using open Channel [id: 0xcb766a74, L:/127.0.0.1:57171 - R:localhost/127.0.0.1:7223] for POST '/session/3c09ba49483bdf48def016df0df7c6ba/element/218f9dc7-a8fd-4b5d-a8d5-b4410153b2b4/clear'
01:36:45.560 [AsyncHttpClient-1-11] DEBUG org.asynchttpclient.netty.handler.HttpHandler - 

Request DefaultHttpRequest(decodeResult: success, version: HTTP/1.1)
POST /session/3c09ba49483bdf48def016df0df7c6ba/element/218f9dc7-a8fd-4b5d-a8d5-b4410153b2b4/clear HTTP/1.1
User-Agent: selenium/4.8.1 (java windows)
Content-Length: 50
Content-Type: application/json; charset=utf-8
host: localhost:7223
accept: */*

Response DefaultHttpResponse(decodeResult: success, version: HTTP/1.1)
HTTP/1.1 200 OK
Content-Length: 14
Content-Type: application/json; charset=utf-8
cache-control: no-cache

01:36:45.561 [AsyncHttpClient-1-11] DEBUG org.asynchttpclient.netty.channel.ChannelManager - Adding key: http://localhost:7223 for channel [id: 0xcb766a74, L:/127.0.0.1:57171 - R:localhost/127.0.0.1:7223]
01:36:45.562 [Forwarding sendKeysToElement on session 3c09ba49483bdf48def016df0df7c6ba to remote] DEBUG org.asynchttpclient.netty.request.NettyRequestSender - Using pooled Channel '[id: 0xcb766a74, L:/127.0.0.1:57171 - R:localhost/127.0.0.1:7223]' for 'POST' to 'http://localhost:7223/session/3c09ba49483bdf48def016df0df7c6ba/element/218f9dc7-a8fd-4b5d-a8d5-b4410153b2b4/value'
01:36:45.562 [Forwarding sendKeysToElement on session 3c09ba49483bdf48def016df0df7c6ba to remote] DEBUG org.asynchttpclient.netty.request.NettyRequestSender - Using open Channel [id: 0xcb766a74, L:/127.0.0.1:57171 - R:localhost/127.0.0.1:7223] for POST '/session/3c09ba49483bdf48def016df0df7c6ba/element/218f9dc7-a8fd-4b5d-a8d5-b4410153b2b4/value'
01:36:45.657 [AsyncHttpClient-1-11] DEBUG org.asynchttpclient.netty.handler.HttpHandler - 

Request DefaultHttpRequest(decodeResult: success, version: HTTP/1.1)
POST /session/3c09ba49483bdf48def016df0df7c6ba/element/218f9dc7-a8fd-4b5d-a8d5-b4410153b2b4/value HTTP/1.1
User-Agent: selenium/4.8.1 (java windows)
Content-Length: 201
Content-Type: application/json; charset=utf-8
host: localhost:7223
accept: */*

Response DefaultHttpResponse(decodeResult: success, version: HTTP/1.1)
HTTP/1.1 200 OK
Content-Length: 14
Content-Type: application/json; charset=utf-8
cache-control: no-cache

01:36:45.657 [AsyncHttpClient-1-11] DEBUG org.asynchttpclient.netty.channel.ChannelManager - Adding key: http://localhost:7223 for channel [id: 0xcb766a74, L:/127.0.0.1:57171 - R:localhost/127.0.0.1:7223]
01:36:45.661 [Forwarding getAlertText on session 3c09ba49483bdf48def016df0df7c6ba to remote] DEBUG org.asynchttpclient.netty.request.NettyRequestSender - Using pooled Channel '[id: 0xcb766a74, L:/127.0.0.1:57171 - R:localhost/127.0.0.1:7223]' for 'GET' to 'http://localhost:7223/session/3c09ba49483bdf48def016df0df7c6ba/alert/text'
01:36:45.661 [Forwarding getAlertText on session 3c09ba49483bdf48def016df0df7c6ba to remote] DEBUG org.asynchttpclient.netty.request.NettyRequestSender - Using open Channel [id: 0xcb766a74, L:/127.0.0.1:57171 - R:localhost/127.0.0.1:7223] for GET '/session/3c09ba49483bdf48def016df0df7c6ba/alert/text'
01:36:45.663 [AsyncHttpClient-1-11] DEBUG org.asynchttpclient.netty.handler.HttpHandler - 

Request DefaultFullHttpRequest(decodeResult: success, version: HTTP/1.1, content: EmptyByteBufBE)
GET /session/3c09ba49483bdf48def016df0df7c6ba/alert/text HTTP/1.1
User-Agent: selenium/4.8.1 (java windows)
Cache-Control: no-cache
Content-Type: application/json; charset=utf-8
host: localhost:7223
accept: */*

Response DefaultHttpResponse(decodeResult: success, version: HTTP/1.1)
HTTP/1.1 404 Not Found
Content-Length: 835
Content-Type: application/json; charset=utf-8
cache-control: no-cache

01:36:45.663 [AsyncHttpClient-1-11] DEBUG org.asynchttpclient.netty.channel.ChannelManager - Adding key: http://localhost:7223 for channel [id: 0xcb766a74, L:/127.0.0.1:57171 - R:localhost/127.0.0.1:7223]
01:36:45.664 [Forwarding getCurrentUrl on session 3c09ba49483bdf48def016df0df7c6ba to remote] DEBUG org.asynchttpclient.netty.request.NettyRequestSender - Using pooled Channel '[id: 0xcb766a74, L:/127.0.0.1:57171 - R:localhost/127.0.0.1:7223]' for 'GET' to 'http://localhost:7223/session/3c09ba49483bdf48def016df0df7c6ba/url'
01:36:45.664 [Forwarding getCurrentUrl on session 3c09ba49483bdf48def016df0df7c6ba to remote] DEBUG org.asynchttpclient.netty.request.NettyRequestSender - Using open Channel [id: 0xcb766a74, L:/127.0.0.1:57171 - R:localhost/127.0.0.1:7223] for GET '/session/3c09ba49483bdf48def016df0df7c6ba/url'
01:36:45.667 [AsyncHttpClient-1-11] DEBUG org.asynchttpclient.netty.handler.HttpHandler - 

Request DefaultFullHttpRequest(decodeResult: success, version: HTTP/1.1, content: EmptyByteBufBE)
GET /session/3c09ba49483bdf48def016df0df7c6ba/url HTTP/1.1
User-Agent: selenium/4.8.1 (java windows)
Cache-Control: no-cache
Content-Type: application/json; charset=utf-8
host: localhost:7223
accept: */*

Response DefaultHttpResponse(decodeResult: success, version: HTTP/1.1)
HTTP/1.1 200 OK
Content-Length: 51
Content-Type: application/json; charset=utf-8
cache-control: no-cache

01:36:45.667 [AsyncHttpClient-1-11] DEBUG org.asynchttpclient.netty.channel.ChannelManager - Adding key: http://localhost:7223 for channel [id: 0xcb766a74, L:/127.0.0.1:57171 - R:localhost/127.0.0.1:7223]
01:36:45.668 [Forwarding screenshot on session 3c09ba49483bdf48def016df0df7c6ba to remote] DEBUG org.asynchttpclient.netty.request.NettyRequestSender - Using pooled Channel '[id: 0xcb766a74, L:/127.0.0.1:57171 - R:localhost/127.0.0.1:7223]' for 'GET' to 'http://localhost:7223/session/3c09ba49483bdf48def016df0df7c6ba/screenshot'
01:36:45.668 [Forwarding screenshot on session 3c09ba49483bdf48def016df0df7c6ba to remote] DEBUG org.asynchttpclient.netty.request.NettyRequestSender - Using open Channel [id: 0xcb766a74, L:/127.0.0.1:57171 - R:localhost/127.0.0.1:7223] for GET '/session/3c09ba49483bdf48def016df0df7c6ba/screenshot'
01:36:45.806 [AsyncHttpClient-1-11] DEBUG org.asynchttpclient.netty.handler.HttpHandler - 

Request DefaultFullHttpRequest(decodeResult: success, version: HTTP/1.1, content: EmptyByteBufBE)
GET /session/3c09ba49483bdf48def016df0df7c6ba/screenshot HTTP/1.1
User-Agent: selenium/4.8.1 (java windows)
Cache-Control: no-cache
Content-Type: application/json; charset=utf-8
host: localhost:7223
accept: */*

Response DefaultHttpResponse(decodeResult: success, version: HTTP/1.1)
HTTP/1.1 200 OK
Content-Length: 235036
Content-Type: application/json; charset=utf-8
cache-control: no-cache

01:36:45.806 [AsyncHttpClient-1-11] DEBUG org.asynchttpclient.netty.channel.ChannelManager - Adding key: http://localhost:7223 for channel [id: 0xcb766a74, L:/127.0.0.1:57171 - R:localhost/127.0.0.1:7223]
01:36:45.809 [main] DEBUG net.serenitybdd.core.photography.Darkroom - Send negative for processing for target\site\serenity\7ee2935246b54aae1751ab555da7327ef3a475e16b9862c14202a223127f5368.png
01:36:45.810 [main] DEBUG net.thucydides.core.steps.StepInterceptor - STEP DONE: inputNomorHandphone
  &amp#27;[32mAnd &amp#27;[0m&amp#27;[32mI enter correct nomor handphone&amp#27;[0m                           &amp#27;[90m# starter.stepdefintions.SelectProductSteps.inputNomorHandphone()&amp#27;[0m
01:36:45.810 [Darkroom Processing Line] DEBUG net.serenitybdd.core.photography.DarkroomProcessingLine - Processing screenshot image in /var/screenshots/screenshot-4690370416405265246
01:36:45.810 [Darkroom Processing Line] DEBUG net.serenitybdd.core.photography.DarkroomProcessingLine - Saving screenshot to target\site\serenity\7ee2935246b54aae1751ab555da7327ef3a475e16b9862c14202a223127f5368.png
01:36:45.815 [Forwarding getPageSource on session 3c09ba49483bdf48def016df0df7c6ba to remote] DEBUG org.asynchttpclient.netty.request.NettyRequestSender - Using pooled Channel '[id: 0xcb766a74, L:/127.0.0.1:57171 - R:localhost/127.0.0.1:7223]' for 'POST' to 'http://localhost:7223/session/3c09ba49483bdf48def016df0df7c6ba/execute/sync'
01:36:45.815 [Forwarding getPageSource on session 3c09ba49483bdf48def016df0df7c6ba to remote] DEBUG org.asynchttpclient.netty.request.NettyRequestSender - Using open Channel [id: 0xcb766a74, L:/127.0.0.1:57171 - R:localhost/127.0.0.1:7223] for POST '/session/3c09ba49483bdf48def016df0df7c6ba/execute/sync'
01:36:45.822 [AsyncHttpClient-1-11] DEBUG org.asynchttpclient.netty.handler.HttpHandler - 

Request DefaultHttpRequest(decodeResult: success, version: HTTP/1.1)
POST /session/3c09ba49483bdf48def016df0df7c6ba/execute/sync HTTP/1.1
User-Agent: selenium/4.8.1 (java windows)
Content-Length: 176
Content-Type: application/json; charset=utf-8
host: localhost:7223
accept: */*

Response DefaultHttpResponse(decodeResult: success, version: HTTP/1.1)
HTTP/1.1 200 OK
Content-Length: 94387
Content-Type: application/json; charset=utf-8
cache-control: no-cache

01:36:45.822 [AsyncHttpClient-1-11] DEBUG org.asynchttpclient.netty.channel.ChannelManager - Adding key: http://localhost:7223 for channel [id: 0xcb766a74, L:/127.0.0.1:57171 - R:localhost/127.0.0.1:7223]
01:36:45.827 [Forwarding getCurrentUrl on session 3c09ba49483bdf48def016df0df7c6ba to remote] DEBUG org.asynchttpclient.netty.request.NettyRequestSender - Using pooled Channel '[id: 0xcb766a74, L:/127.0.0.1:57171 - R:localhost/127.0.0.1:7223]' for 'GET' to 'http://localhost:7223/session/3c09ba49483bdf48def016df0df7c6ba/url'
01:36:45.827 [Forwarding getCurrentUrl on session 3c09ba49483bdf48def016df0df7c6ba to remote] DEBUG org.asynchttpclient.netty.request.NettyRequestSender - Using open Channel [id: 0xcb766a74, L:/127.0.0.1:57171 - R:localhost/127.0.0.1:7223] for GET '/session/3c09ba49483bdf48def016df0df7c6ba/url'
01:36:45.830 [AsyncHttpClient-1-11] DEBUG org.asynchttpclient.netty.handler.HttpHandler - 

Request DefaultFullHttpRequest(decodeResult: success, version: HTTP/1.1, content: EmptyByteBufBE)
GET /session/3c09ba49483bdf48def016df0df7c6ba/url HTTP/1.1
User-Agent: selenium/4.8.1 (java windows)
Cache-Control: no-cache
Content-Type: application/json; charset=utf-8
host: localhost:7223
accept: */*

Response DefaultHttpResponse(decodeResult: success, version: HTTP/1.1)
HTTP/1.1 200 OK
Content-Length: 51
Content-Type: application/json; charset=utf-8
cache-control: no-cache

01:36:45.830 [AsyncHttpClient-1-11] DEBUG org.asynchttpclient.netty.channel.ChannelManager - Adding key: http://localhost:7223 for channel [id: 0xcb766a74, L:/127.0.0.1:57171 - R:localhost/127.0.0.1:7223]
01:36:45.836 [Forwarding getPageSource on session 3c09ba49483bdf48def016df0df7c6ba to remote] DEBUG org.asynchttpclient.netty.request.NettyRequestSender - Using pooled Channel '[id: 0xcb766a74, L:/127.0.0.1:57171 - R:localhost/127.0.0.1:7223]' for 'POST' to 'http://localhost:7223/session/3c09ba49483bdf48def016df0df7c6ba/execute/sync'
01:36:45.836 [Forwarding getPageSource on session 3c09ba49483bdf48def016df0df7c6ba to remote] DEBUG org.asynchttpclient.netty.request.NettyRequestSender - Using open Channel [id: 0xcb766a74, L:/127.0.0.1:57171 - R:localhost/127.0.0.1:7223] for POST '/session/3c09ba49483bdf48def016df0df7c6ba/execute/sync'
01:36:45.842 [AsyncHttpClient-1-11] DEBUG org.asynchttpclient.netty.handler.HttpHandler - 

Request DefaultHttpRequest(decodeResult: success, version: HTTP/1.1)
POST /session/3c09ba49483bdf48def016df0df7c6ba/execute/sync HTTP/1.1
User-Agent: selenium/4.8.1 (java windows)
Content-Length: 176
Content-Type: application/json; charset=utf-8
host: localhost:7223
accept: */*

Response DefaultHttpResponse(decodeResult: success, version: HTTP/1.1)
HTTP/1.1 200 OK
Content-Length: 94387
Content-Type: application/json; charset=utf-8
cache-control: no-cache

01:36:45.843 [AsyncHttpClient-1-11] DEBUG org.asynchttpclient.netty.channel.ChannelManager - Adding key: http://localhost:7223 for channel [id: 0xcb766a74, L:/127.0.0.1:57171 - R:localhost/127.0.0.1:7223]
01:36:45.847 [Forwarding getCurrentUrl on session 3c09ba49483bdf48def016df0df7c6ba to remote] DEBUG org.asynchttpclient.netty.request.NettyRequestSender - Using pooled Channel '[id: 0xcb766a74, L:/127.0.0.1:57171 - R:localhost/127.0.0.1:7223]' for 'GET' to 'http://localhost:7223/session/3c09ba49483bdf48def016df0df7c6ba/url'
01:36:45.847 [Forwarding getCurrentUrl on session 3c09ba49483bdf48def016df0df7c6ba to remote] DEBUG org.asynchttpclient.netty.request.NettyRequestSender - Using open Channel [id: 0xcb766a74, L:/127.0.0.1:57171 - R:localhost/127.0.0.1:7223] for GET '/session/3c09ba49483bdf48def016df0df7c6ba/url'
01:36:45.850 [AsyncHttpClient-1-11] DEBUG org.asynchttpclient.netty.handler.HttpHandler - 

Request DefaultFullHttpRequest(decodeResult: success, version: HTTP/1.1, content: EmptyByteBufBE)
GET /session/3c09ba49483bdf48def016df0df7c6ba/url HTTP/1.1
User-Agent: selenium/4.8.1 (java windows)
Cache-Control: no-cache
Content-Type: application/json; charset=utf-8
host: localhost:7223
accept: */*

Response DefaultHttpResponse(decodeResult: success, version: HTTP/1.1)
HTTP/1.1 200 OK
Content-Length: 51
Content-Type: application/json; charset=utf-8
cache-control: no-cache

01:36:45.850 [AsyncHttpClient-1-11] DEBUG org.asynchttpclient.netty.channel.ChannelManager - Adding key: http://localhost:7223 for channel [id: 0xcb766a74, L:/127.0.0.1:57171 - R:localhost/127.0.0.1:7223]
01:36:45.852 [main] DEBUG net.thucydides.core.steps.StepInterceptor - STARTING STEP: SelectProductSteps.clickLanjutkanButton - clickLanjutkanButton
01:36:45.854 [Forwarding findElement on session 3c09ba49483bdf48def016df0df7c6ba to remote] DEBUG org.asynchttpclient.netty.request.NettyRequestSender - Using pooled Channel '[id: 0xcb766a74, L:/127.0.0.1:57171 - R:localhost/127.0.0.1:7223]' for 'POST' to 'http://localhost:7223/session/3c09ba49483bdf48def016df0df7c6ba/element'
01:36:45.854 [Forwarding findElement on session 3c09ba49483bdf48def016df0df7c6ba to remote] DEBUG org.asynchttpclient.netty.request.NettyRequestSender - Using open Channel [id: 0xcb766a74, L:/127.0.0.1:57171 - R:localhost/127.0.0.1:7223] for POST '/session/3c09ba49483bdf48def016df0df7c6ba/element'
01:36:45.862 [AsyncHttpClient-1-11] DEBUG org.asynchttpclient.netty.handler.HttpHandler - 

Request DefaultHttpRequest(decodeResult: success, version: HTTP/1.1)
POST /session/3c09ba49483bdf48def016df0df7c6ba/element HTTP/1.1
User-Agent: selenium/4.8.1 (java windows)
Content-Length: 62
Content-Type: application/json; charset=utf-8
host: localhost:7223
accept: */*

Response DefaultHttpResponse(decodeResult: success, version: HTTP/1.1)
HTTP/1.1 200 OK
Content-Length: 88
Content-Type: application/json; charset=utf-8
cache-control: no-cache

01:36:45.862 [AsyncHttpClient-1-11] DEBUG org.asynchttpclient.netty.channel.ChannelManager - Adding key: http://localhost:7223 for channel [id: 0xcb766a74, L:/127.0.0.1:57171 - R:localhost/127.0.0.1:7223]
01:36:45.863 [Forwarding getElementTagName on session 3c09ba49483bdf48def016df0df7c6ba to remote] DEBUG org.asynchttpclient.netty.request.NettyRequestSender - Using pooled Channel '[id: 0xcb766a74, L:/127.0.0.1:57171 - R:localhost/127.0.0.1:7223]' for 'GET' to 'http://localhost:7223/session/3c09ba49483bdf48def016df0df7c6ba/element/3c2b1b36-0821-48fa-9b5d-42e95b806263/name'
01:36:45.863 [Forwarding getElementTagName on session 3c09ba49483bdf48def016df0df7c6ba to remote] DEBUG org.asynchttpclient.netty.request.NettyRequestSender - Using open Channel [id: 0xcb766a74, L:/127.0.0.1:57171 - R:localhost/127.0.0.1:7223] for GET '/session/3c09ba49483bdf48def016df0df7c6ba/element/3c2b1b36-0821-48fa-9b5d-42e95b806263/name'
01:36:45.867 [AsyncHttpClient-1-11] DEBUG org.asynchttpclient.netty.handler.HttpHandler - 

Request DefaultFullHttpRequest(decodeResult: success, version: HTTP/1.1, content: EmptyByteBufBE)
GET /session/3c09ba49483bdf48def016df0df7c6ba/element/3c2b1b36-0821-48fa-9b5d-42e95b806263/name HTTP/1.1
User-Agent: selenium/4.8.1 (java windows)
Cache-Control: no-cache
Content-Type: application/json; charset=utf-8
host: localhost:7223
accept: */*

Response DefaultHttpResponse(decodeResult: success, version: HTTP/1.1)
HTTP/1.1 200 OK
Content-Length: 16
Content-Type: application/json; charset=utf-8
cache-control: no-cache

01:36:45.867 [AsyncHttpClient-1-11] DEBUG org.asynchttpclient.netty.channel.ChannelManager - Adding key: http://localhost:7223 for channel [id: 0xcb766a74, L:/127.0.0.1:57171 - R:localhost/127.0.0.1:7223]
01:36:45.868 [Forwarding getElementTagName on session 3c09ba49483bdf48def016df0df7c6ba to remote] DEBUG org.asynchttpclient.netty.request.NettyRequestSender - Using pooled Channel '[id: 0xcb766a74, L:/127.0.0.1:57171 - R:localhost/127.0.0.1:7223]' for 'GET' to 'http://localhost:7223/session/3c09ba49483bdf48def016df0df7c6ba/element/3c2b1b36-0821-48fa-9b5d-42e95b806263/name'
01:36:45.869 [Forwarding getElementTagName on session 3c09ba49483bdf48def016df0df7c6ba to remote] DEBUG org.asynchttpclient.netty.request.NettyRequestSender - Using open Channel [id: 0xcb766a74, L:/127.0.0.1:57171 - R:localhost/127.0.0.1:7223] for GET '/session/3c09ba49483bdf48def016df0df7c6ba/element/3c2b1b36-0821-48fa-9b5d-42e95b806263/name'
01:36:45.872 [AsyncHttpClient-1-11] DEBUG org.asynchttpclient.netty.handler.HttpHandler - 

Request DefaultFullHttpRequest(decodeResult: success, version: HTTP/1.1, content: EmptyByteBufBE)
GET /session/3c09ba49483bdf48def016df0df7c6ba/element/3c2b1b36-0821-48fa-9b5d-42e95b806263/name HTTP/1.1
User-Agent: selenium/4.8.1 (java windows)
Cache-Control: no-cache
Content-Type: application/json; charset=utf-8
host: localhost:7223
accept: */*

Response DefaultHttpResponse(decodeResult: success, version: HTTP/1.1)
HTTP/1.1 200 OK
Content-Length: 16
Content-Type: application/json; charset=utf-8
cache-control: no-cache

01:36:45.872 [AsyncHttpClient-1-11] DEBUG org.asynchttpclient.netty.channel.ChannelManager - Adding key: http://localhost:7223 for channel [id: 0xcb766a74, L:/127.0.0.1:57171 - R:localhost/127.0.0.1:7223]
01:36:45.874 [Forwarding findElement on session 3c09ba49483bdf48def016df0df7c6ba to remote] DEBUG org.asynchttpclient.netty.request.NettyRequestSender - Using pooled Channel '[id: 0xcb766a74, L:/127.0.0.1:57171 - R:localhost/127.0.0.1:7223]' for 'POST' to 'http://localhost:7223/session/3c09ba49483bdf48def016df0df7c6ba/element'
01:36:45.874 [Forwarding findElement on session 3c09ba49483bdf48def016df0df7c6ba to remote] DEBUG org.asynchttpclient.netty.request.NettyRequestSender - Using open Channel [id: 0xcb766a74, L:/127.0.0.1:57171 - R:localhost/127.0.0.1:7223] for POST '/session/3c09ba49483bdf48def016df0df7c6ba/element'
01:36:45.880 [AsyncHttpClient-1-11] DEBUG org.asynchttpclient.netty.handler.HttpHandler - 

Request DefaultHttpRequest(decodeResult: success, version: HTTP/1.1)
POST /session/3c09ba49483bdf48def016df0df7c6ba/element HTTP/1.1
User-Agent: selenium/4.8.1 (java windows)
Content-Length: 62
Content-Type: application/json; charset=utf-8
host: localhost:7223
accept: */*

Response DefaultHttpResponse(decodeResult: success, version: HTTP/1.1)
HTTP/1.1 200 OK
Content-Length: 88
Content-Type: application/json; charset=utf-8
cache-control: no-cache

01:36:45.880 [AsyncHttpClient-1-11] DEBUG org.asynchttpclient.netty.channel.ChannelManager - Adding key: http://localhost:7223 for channel [id: 0xcb766a74, L:/127.0.0.1:57171 - R:localhost/127.0.0.1:7223]
01:36:45.882 [Forwarding clickElement on session 3c09ba49483bdf48def016df0df7c6ba to remote] DEBUG org.asynchttpclient.netty.request.NettyRequestSender - Using pooled Channel '[id: 0xcb766a74, L:/127.0.0.1:57171 - R:localhost/127.0.0.1:7223]' for 'POST' to 'http://localhost:7223/session/3c09ba49483bdf48def016df0df7c6ba/element/3c2b1b36-0821-48fa-9b5d-42e95b806263/click'
01:36:45.882 [Forwarding clickElement on session 3c09ba49483bdf48def016df0df7c6ba to remote] DEBUG org.asynchttpclient.netty.request.NettyRequestSender - Using open Channel [id: 0xcb766a74, L:/127.0.0.1:57171 - R:localhost/127.0.0.1:7223] for POST '/session/3c09ba49483bdf48def016df0df7c6ba/element/3c2b1b36-0821-48fa-9b5d-42e95b806263/click'
01:36:45.950 [AsyncHttpClient-1-11] DEBUG org.asynchttpclient.netty.handler.HttpHandler - 

Request DefaultHttpRequest(decodeResult: success, version: HTTP/1.1)
POST /session/3c09ba49483bdf48def016df0df7c6ba/element/3c2b1b36-0821-48fa-9b5d-42e95b806263/click HTTP/1.1
User-Agent: selenium/4.8.1 (java windows)
Content-Length: 50
Content-Type: application/json; charset=utf-8
host: localhost:7223
accept: */*

Response DefaultHttpResponse(decodeResult: success, version: HTTP/1.1)
HTTP/1.1 200 OK
Content-Length: 14
Content-Type: application/json; charset=utf-8
cache-control: no-cache

01:36:45.950 [AsyncHttpClient-1-11] DEBUG org.asynchttpclient.netty.channel.ChannelManager - Adding key: http://localhost:7223 for channel [id: 0xcb766a74, L:/127.0.0.1:57171 - R:localhost/127.0.0.1:7223]
01:36:45.957 [Forwarding getAlertText on session 3c09ba49483bdf48def016df0df7c6ba to remote] DEBUG org.asynchttpclient.netty.request.NettyRequestSender - Using pooled Channel '[id: 0xcb766a74, L:/127.0.0.1:57171 - R:localhost/127.0.0.1:7223]' for 'GET' to 'http://localhost:7223/session/3c09ba49483bdf48def016df0df7c6ba/alert/text'
01:36:45.957 [Forwarding getAlertText on session 3c09ba49483bdf48def016df0df7c6ba to remote] DEBUG org.asynchttpclient.netty.request.NettyRequestSender - Using open Channel [id: 0xcb766a74, L:/127.0.0.1:57171 - R:localhost/127.0.0.1:7223] for GET '/session/3c09ba49483bdf48def016df0df7c6ba/alert/text'
01:36:45.958 [AsyncHttpClient-1-11] DEBUG org.asynchttpclient.netty.handler.HttpHandler - 

Request DefaultFullHttpRequest(decodeResult: success, version: HTTP/1.1, content: EmptyByteBufBE)
GET /session/3c09ba49483bdf48def016df0df7c6ba/alert/text HTTP/1.1
User-Agent: selenium/4.8.1 (java windows)
Cache-Control: no-cache
Content-Type: application/json; charset=utf-8
host: localhost:7223
accept: */*

Response DefaultHttpResponse(decodeResult: success, version: HTTP/1.1)
HTTP/1.1 404 Not Found
Content-Length: 835
Content-Type: application/json; charset=utf-8
cache-control: no-cache

01:36:45.958 [AsyncHttpClient-1-11] DEBUG org.asynchttpclient.netty.channel.ChannelManager - Adding key: http://localhost:7223 for channel [id: 0xcb766a74, L:/127.0.0.1:57171 - R:localhost/127.0.0.1:7223]
01:36:45.960 [Forwarding getCurrentUrl on session 3c09ba49483bdf48def016df0df7c6ba to remote] DEBUG org.asynchttpclient.netty.request.NettyRequestSender - Using pooled Channel '[id: 0xcb766a74, L:/127.0.0.1:57171 - R:localhost/127.0.0.1:7223]' for 'GET' to 'http://localhost:7223/session/3c09ba49483bdf48def016df0df7c6ba/url'
01:36:45.960 [Forwarding getCurrentUrl on session 3c09ba49483bdf48def016df0df7c6ba to remote] DEBUG org.asynchttpclient.netty.request.NettyRequestSender - Using open Channel [id: 0xcb766a74, L:/127.0.0.1:57171 - R:localhost/127.0.0.1:7223] for GET '/session/3c09ba49483bdf48def016df0df7c6ba/url'
01:36:45.963 [AsyncHttpClient-1-11] DEBUG org.asynchttpclient.netty.handler.HttpHandler - 

Request DefaultFullHttpRequest(decodeResult: success, version: HTTP/1.1, content: EmptyByteBufBE)
GET /session/3c09ba49483bdf48def016df0df7c6ba/url HTTP/1.1
User-Agent: selenium/4.8.1 (java windows)
Cache-Control: no-cache
Content-Type: application/json; charset=utf-8
host: localhost:7223
accept: */*

Response DefaultHttpResponse(decodeResult: success, version: HTTP/1.1)
HTTP/1.1 200 OK
Content-Length: 51
Content-Type: application/json; charset=utf-8
cache-control: no-cache

01:36:45.963 [AsyncHttpClient-1-11] DEBUG org.asynchttpclient.netty.channel.ChannelManager - Adding key: http://localhost:7223 for channel [id: 0xcb766a74, L:/127.0.0.1:57171 - R:localhost/127.0.0.1:7223]
01:36:45.964 [Forwarding screenshot on session 3c09ba49483bdf48def016df0df7c6ba to remote] DEBUG org.asynchttpclient.netty.request.NettyRequestSender - Using pooled Channel '[id: 0xcb766a74, L:/127.0.0.1:57171 - R:localhost/127.0.0.1:7223]' for 'GET' to 'http://localhost:7223/session/3c09ba49483bdf48def016df0df7c6ba/screenshot'
01:36:45.964 [Forwarding screenshot on session 3c09ba49483bdf48def016df0df7c6ba to remote] DEBUG org.asynchttpclient.netty.request.NettyRequestSender - Using open Channel [id: 0xcb766a74, L:/127.0.0.1:57171 - R:localhost/127.0.0.1:7223] for GET '/session/3c09ba49483bdf48def016df0df7c6ba/screenshot'
01:36:46.084 [AsyncHttpClient-1-1] DEBUG org.asynchttpclient.netty.channel.DefaultChannelPool - Entry count for : http://localhost:57173 : 1
01:36:46.107 [AsyncHttpClient-1-11] DEBUG org.asynchttpclient.netty.handler.HttpHandler - 

Request DefaultFullHttpRequest(decodeResult: success, version: HTTP/1.1, content: EmptyByteBufBE)
GET /session/3c09ba49483bdf48def016df0df7c6ba/screenshot HTTP/1.1
User-Agent: selenium/4.8.1 (java windows)
Cache-Control: no-cache
Content-Type: application/json; charset=utf-8
host: localhost:7223
accept: */*

Response DefaultHttpResponse(decodeResult: success, version: HTTP/1.1)
HTTP/1.1 200 OK
Content-Length: 171420
Content-Type: application/json; charset=utf-8
cache-control: no-cache

01:36:46.107 [AsyncHttpClient-1-11] DEBUG org.asynchttpclient.netty.channel.ChannelManager - Adding key: http://localhost:7223 for channel [id: 0xcb766a74, L:/127.0.0.1:57171 - R:localhost/127.0.0.1:7223]
01:36:46.111 [main] DEBUG net.serenitybdd.core.photography.Darkroom - Send negative for processing for target\site\serenity\dfa0c59ea3f23711a3ce42b2f0e16dac2df413ef7ba9a3f2e78e7e5f868982c3.png
01:36:46.111 [main] DEBUG net.thucydides.core.steps.StepInterceptor - STEP DONE: clickLanjutkanButton
  &amp#27;[32mWhen &amp#27;[0m&amp#27;[32mI click on the lanjutkan button&amp#27;[0m                          &amp#27;[90m# starter.stepdefintions.SelectProductSteps.clickLanjutkanButton()&amp#27;[0m
01:36:46.111 [Darkroom Processing Line] DEBUG net.serenitybdd.core.photography.DarkroomProcessingLine - Processing screenshot image in /var/screenshots/screenshot-15562771384558304795
01:36:46.111 [Darkroom Processing Line] DEBUG net.serenitybdd.core.photography.DarkroomProcessingLine - Saving screenshot to target\site\serenity\dfa0c59ea3f23711a3ce42b2f0e16dac2df413ef7ba9a3f2e78e7e5f868982c3.png
01:36:46.116 [Forwarding getPageSource on session 3c09ba49483bdf48def016df0df7c6ba to remote] DEBUG org.asynchttpclient.netty.request.NettyRequestSender - Using pooled Channel '[id: 0xcb766a74, L:/127.0.0.1:57171 - R:localhost/127.0.0.1:7223]' for 'POST' to 'http://localhost:7223/session/3c09ba49483bdf48def016df0df7c6ba/execute/sync'
01:36:46.116 [Forwarding getPageSource on session 3c09ba49483bdf48def016df0df7c6ba to remote] DEBUG org.asynchttpclient.netty.request.NettyRequestSender - Using open Channel [id: 0xcb766a74, L:/127.0.0.1:57171 - R:localhost/127.0.0.1:7223] for POST '/session/3c09ba49483bdf48def016df0df7c6ba/execute/sync'
01:36:46.124 [AsyncHttpClient-1-11] DEBUG org.asynchttpclient.netty.handler.HttpHandler - 

Request DefaultHttpRequest(decodeResult: success, version: HTTP/1.1)
POST /session/3c09ba49483bdf48def016df0df7c6ba/execute/sync HTTP/1.1
User-Agent: selenium/4.8.1 (java windows)
Content-Length: 176
Content-Type: application/json; charset=utf-8
host: localhost:7223
accept: */*

Response DefaultHttpResponse(decodeResult: success, version: HTTP/1.1)
HTTP/1.1 200 OK
Content-Length: 98834
Content-Type: application/json; charset=utf-8
cache-control: no-cache

01:36:46.124 [AsyncHttpClient-1-11] DEBUG org.asynchttpclient.netty.channel.ChannelManager - Adding key: http://localhost:7223 for channel [id: 0xcb766a74, L:/127.0.0.1:57171 - R:localhost/127.0.0.1:7223]
01:36:46.130 [Forwarding getCurrentUrl on session 3c09ba49483bdf48def016df0df7c6ba to remote] DEBUG org.asynchttpclient.netty.request.NettyRequestSender - Using pooled Channel '[id: 0xcb766a74, L:/127.0.0.1:57171 - R:localhost/127.0.0.1:7223]' for 'GET' to 'http://localhost:7223/session/3c09ba49483bdf48def016df0df7c6ba/url'
01:36:46.130 [Forwarding getCurrentUrl on session 3c09ba49483bdf48def016df0df7c6ba to remote] DEBUG org.asynchttpclient.netty.request.NettyRequestSender - Using open Channel [id: 0xcb766a74, L:/127.0.0.1:57171 - R:localhost/127.0.0.1:7223] for GET '/session/3c09ba49483bdf48def016df0df7c6ba/url'
01:36:46.133 [AsyncHttpClient-1-11] DEBUG org.asynchttpclient.netty.handler.HttpHandler - 

Request DefaultFullHttpRequest(decodeResult: success, version: HTTP/1.1, content: EmptyByteBufBE)
GET /session/3c09ba49483bdf48def016df0df7c6ba/url HTTP/1.1
User-Agent: selenium/4.8.1 (java windows)
Cache-Control: no-cache
Content-Type: application/json; charset=utf-8
host: localhost:7223
accept: */*

Response DefaultHttpResponse(decodeResult: success, version: HTTP/1.1)
HTTP/1.1 200 OK
Content-Length: 51
Content-Type: application/json; charset=utf-8
cache-control: no-cache

01:36:46.133 [AsyncHttpClient-1-11] DEBUG org.asynchttpclient.netty.channel.ChannelManager - Adding key: http://localhost:7223 for channel [id: 0xcb766a74, L:/127.0.0.1:57171 - R:localhost/127.0.0.1:7223]
01:36:46.140 [Forwarding getPageSource on session 3c09ba49483bdf48def016df0df7c6ba to remote] DEBUG org.asynchttpclient.netty.request.NettyRequestSender - Using pooled Channel '[id: 0xcb766a74, L:/127.0.0.1:57171 - R:localhost/127.0.0.1:7223]' for 'POST' to 'http://localhost:7223/session/3c09ba49483bdf48def016df0df7c6ba/execute/sync'
01:36:46.140 [Forwarding getPageSource on session 3c09ba49483bdf48def016df0df7c6ba to remote] DEBUG org.asynchttpclient.netty.request.NettyRequestSender - Using open Channel [id: 0xcb766a74, L:/127.0.0.1:57171 - R:localhost/127.0.0.1:7223] for POST '/session/3c09ba49483bdf48def016df0df7c6ba/execute/sync'
01:36:46.148 [AsyncHttpClient-1-11] DEBUG org.asynchttpclient.netty.handler.HttpHandler - 

Request DefaultHttpRequest(decodeResult: success, version: HTTP/1.1)
POST /session/3c09ba49483bdf48def016df0df7c6ba/execute/sync HTTP/1.1
User-Agent: selenium/4.8.1 (java windows)
Content-Length: 176
Content-Type: application/json; charset=utf-8
host: localhost:7223
accept: */*

Response DefaultHttpResponse(decodeResult: success, version: HTTP/1.1)
HTTP/1.1 200 OK
Content-Length: 98834
Content-Type: application/json; charset=utf-8
cache-control: no-cache

01:36:46.148 [AsyncHttpClient-1-11] DEBUG org.asynchttpclient.netty.channel.ChannelManager - Adding key: http://localhost:7223 for channel [id: 0xcb766a74, L:/127.0.0.1:57171 - R:localhost/127.0.0.1:7223]
01:36:46.153 [Forwarding getCurrentUrl on session 3c09ba49483bdf48def016df0df7c6ba to remote] DEBUG org.asynchttpclient.netty.request.NettyRequestSender - Using pooled Channel '[id: 0xcb766a74, L:/127.0.0.1:57171 - R:localhost/127.0.0.1:7223]' for 'GET' to 'http://localhost:7223/session/3c09ba49483bdf48def016df0df7c6ba/url'
01:36:46.153 [Forwarding getCurrentUrl on session 3c09ba49483bdf48def016df0df7c6ba to remote] DEBUG org.asynchttpclient.netty.request.NettyRequestSender - Using open Channel [id: 0xcb766a74, L:/127.0.0.1:57171 - R:localhost/127.0.0.1:7223] for GET '/session/3c09ba49483bdf48def016df0df7c6ba/url'
01:36:46.156 [AsyncHttpClient-1-11] DEBUG org.asynchttpclient.netty.handler.HttpHandler - 

Request DefaultFullHttpRequest(decodeResult: success, version: HTTP/1.1, content: EmptyByteBufBE)
GET /session/3c09ba49483bdf48def016df0df7c6ba/url HTTP/1.1
User-Agent: selenium/4.8.1 (java windows)
Cache-Control: no-cache
Content-Type: application/json; charset=utf-8
host: localhost:7223
accept: */*

Response DefaultHttpResponse(decodeResult: success, version: HTTP/1.1)
HTTP/1.1 200 OK
Content-Length: 51
Content-Type: application/json; charset=utf-8
cache-control: no-cache

01:36:46.156 [AsyncHttpClient-1-11] DEBUG org.asynchttpclient.netty.channel.ChannelManager - Adding key: http://localhost:7223 for channel [id: 0xcb766a74, L:/127.0.0.1:57171 - R:localhost/127.0.0.1:7223]
01:36:46.157 [main] DEBUG net.thucydides.core.steps.StepInterceptor - STARTING STEP: SelectProductSteps.validateOnSelectNominal - validateOnSelectNominal
01:36:46.158 [Forwarding findElement on session 3c09ba49483bdf48def016df0df7c6ba to remote] DEBUG org.asynchttpclient.netty.request.NettyRequestSender - Using pooled Channel '[id: 0xcb766a74, L:/127.0.0.1:57171 - R:localhost/127.0.0.1:7223]' for 'POST' to 'http://localhost:7223/session/3c09ba49483bdf48def016df0df7c6ba/element'
01:36:46.158 [Forwarding findElement on session 3c09ba49483bdf48def016df0df7c6ba to remote] DEBUG org.asynchttpclient.netty.request.NettyRequestSender - Using open Channel [id: 0xcb766a74, L:/127.0.0.1:57171 - R:localhost/127.0.0.1:7223] for POST '/session/3c09ba49483bdf48def016df0df7c6ba/element'
01:36:46.863 [AsyncHttpClient-1-11] DEBUG org.asynchttpclient.netty.handler.HttpHandler - 

Request DefaultHttpRequest(decodeResult: success, version: HTTP/1.1)
POST /session/3c09ba49483bdf48def016df0df7c6ba/element HTTP/1.1
User-Agent: selenium/4.8.1 (java windows)
Content-Length: 63
Content-Type: application/json; charset=utf-8
host: localhost:7223
accept: */*

Response DefaultHttpResponse(decodeResult: success, version: HTTP/1.1)
HTTP/1.1 200 OK
Content-Length: 88
Content-Type: application/json; charset=utf-8
cache-control: no-cache

01:36:46.864 [AsyncHttpClient-1-11] DEBUG org.asynchttpclient.netty.channel.ChannelManager - Adding key: http://localhost:7223 for channel [id: 0xcb766a74, L:/127.0.0.1:57171 - R:localhost/127.0.0.1:7223]
01:36:46.866 [Forwarding isElementDisplayed on session 3c09ba49483bdf48def016df0df7c6ba to remote] DEBUG org.asynchttpclient.netty.request.NettyRequestSender - Using pooled Channel '[id: 0xcb766a74, L:/127.0.0.1:57171 - R:localhost/127.0.0.1:7223]' for 'POST' to 'http://localhost:7223/session/3c09ba49483bdf48def016df0df7c6ba/execute/sync'
01:36:46.866 [Forwarding isElementDisplayed on session 3c09ba49483bdf48def016df0df7c6ba to remote] DEBUG org.asynchttpclient.netty.request.NettyRequestSender - Using open Channel [id: 0xcb766a74, L:/127.0.0.1:57171 - R:localhost/127.0.0.1:7223] for POST '/session/3c09ba49483bdf48def016df0df7c6ba/execute/sync'
01:36:46.877 [AsyncHttpClient-1-11] DEBUG org.asynchttpclient.netty.handler.HttpHandler - 

Request DefaultHttpRequest(decodeResult: success, version: HTTP/1.1)
POST /session/3c09ba49483bdf48def016df0df7c6ba/execute/sync HTTP/1.1
User-Agent: selenium/4.8.1 (java windows)
Content-Length: 48807
Content-Type: application/json; charset=utf-8
host: localhost:7223
accept: */*

Response DefaultHttpResponse(decodeResult: success, version: HTTP/1.1)
HTTP/1.1 200 OK
Content-Length: 14
Content-Type: application/json; charset=utf-8
cache-control: no-cache

01:36:46.877 [AsyncHttpClient-1-11] DEBUG org.asynchttpclient.netty.channel.ChannelManager - Adding key: http://localhost:7223 for channel [id: 0xcb766a74, L:/127.0.0.1:57171 - R:localhost/127.0.0.1:7223]
01:36:46.880 [Forwarding getAlertText on session 3c09ba49483bdf48def016df0df7c6ba to remote] DEBUG org.asynchttpclient.netty.request.NettyRequestSender - Using pooled Channel '[id: 0xcb766a74, L:/127.0.0.1:57171 - R:localhost/127.0.0.1:7223]' for 'GET' to 'http://localhost:7223/session/3c09ba49483bdf48def016df0df7c6ba/alert/text'
01:36:46.880 [Forwarding getAlertText on session 3c09ba49483bdf48def016df0df7c6ba to remote] DEBUG org.asynchttpclient.netty.request.NettyRequestSender - Using open Channel [id: 0xcb766a74, L:/127.0.0.1:57171 - R:localhost/127.0.0.1:7223] for GET '/session/3c09ba49483bdf48def016df0df7c6ba/alert/text'
01:36:46.881 [AsyncHttpClient-1-11] DEBUG org.asynchttpclient.netty.handler.HttpHandler - 

Request DefaultFullHttpRequest(decodeResult: success, version: HTTP/1.1, content: EmptyByteBufBE)
GET /session/3c09ba49483bdf48def016df0df7c6ba/alert/text HTTP/1.1
User-Agent: selenium/4.8.1 (java windows)
Cache-Control: no-cache
Content-Type: application/json; charset=utf-8
host: localhost:7223
accept: */*

Response DefaultHttpResponse(decodeResult: success, version: HTTP/1.1)
HTTP/1.1 404 Not Found
Content-Length: 835
Content-Type: application/json; charset=utf-8
cache-control: no-cache

01:36:46.881 [AsyncHttpClient-1-11] DEBUG org.asynchttpclient.netty.channel.ChannelManager - Adding key: http://localhost:7223 for channel [id: 0xcb766a74, L:/127.0.0.1:57171 - R:localhost/127.0.0.1:7223]
01:36:46.882 [Forwarding getCurrentUrl on session 3c09ba49483bdf48def016df0df7c6ba to remote] DEBUG org.asynchttpclient.netty.request.NettyRequestSender - Using pooled Channel '[id: 0xcb766a74, L:/127.0.0.1:57171 - R:localhost/127.0.0.1:7223]' for 'GET' to 'http://localhost:7223/session/3c09ba49483bdf48def016df0df7c6ba/url'
01:36:46.882 [Forwarding getCurrentUrl on session 3c09ba49483bdf48def016df0df7c6ba to remote] DEBUG org.asynchttpclient.netty.request.NettyRequestSender - Using open Channel [id: 0xcb766a74, L:/127.0.0.1:57171 - R:localhost/127.0.0.1:7223] for GET '/session/3c09ba49483bdf48def016df0df7c6ba/url'
01:36:46.885 [AsyncHttpClient-1-11] DEBUG org.asynchttpclient.netty.handler.HttpHandler - 

Request DefaultFullHttpRequest(decodeResult: success, version: HTTP/1.1, content: EmptyByteBufBE)
GET /session/3c09ba49483bdf48def016df0df7c6ba/url HTTP/1.1
User-Agent: selenium/4.8.1 (java windows)
Cache-Control: no-cache
Content-Type: application/json; charset=utf-8
host: localhost:7223
accept: */*

Response DefaultHttpResponse(decodeResult: success, version: HTTP/1.1)
HTTP/1.1 200 OK
Content-Length: 51
Content-Type: application/json; charset=utf-8
cache-control: no-cache

01:36:46.885 [AsyncHttpClient-1-11] DEBUG org.asynchttpclient.netty.channel.ChannelManager - Adding key: http://localhost:7223 for channel [id: 0xcb766a74, L:/127.0.0.1:57171 - R:localhost/127.0.0.1:7223]
01:36:46.886 [Forwarding screenshot on session 3c09ba49483bdf48def016df0df7c6ba to remote] DEBUG org.asynchttpclient.netty.request.NettyRequestSender - Using pooled Channel '[id: 0xcb766a74, L:/127.0.0.1:57171 - R:localhost/127.0.0.1:7223]' for 'GET' to 'http://localhost:7223/session/3c09ba49483bdf48def016df0df7c6ba/screenshot'
01:36:46.886 [Forwarding screenshot on session 3c09ba49483bdf48def016df0df7c6ba to remote] DEBUG org.asynchttpclient.netty.request.NettyRequestSender - Using open Channel [id: 0xcb766a74, L:/127.0.0.1:57171 - R:localhost/127.0.0.1:7223] for GET '/session/3c09ba49483bdf48def016df0df7c6ba/screenshot'
01:36:47.000 [AsyncHttpClient-1-11] DEBUG org.asynchttpclient.netty.handler.HttpHandler - 

Request DefaultFullHttpRequest(decodeResult: success, version: HTTP/1.1, content: EmptyByteBufBE)
GET /session/3c09ba49483bdf48def016df0df7c6ba/screenshot HTTP/1.1
User-Agent: selenium/4.8.1 (java windows)
Cache-Control: no-cache
Content-Type: application/json; charset=utf-8
host: localhost:7223
accept: */*

Response DefaultHttpResponse(decodeResult: success, version: HTTP/1.1)
HTTP/1.1 200 OK
Content-Length: 210984
Content-Type: application/json; charset=utf-8
cache-control: no-cache

01:36:47.000 [AsyncHttpClient-1-11] DEBUG org.asynchttpclient.netty.channel.ChannelManager - Adding key: http://localhost:7223 for channel [id: 0xcb766a74, L:/127.0.0.1:57171 - R:localhost/127.0.0.1:7223]
01:36:47.004 [main] DEBUG net.serenitybdd.core.photography.Darkroom - Send negative for processing for target\site\serenity\feeb2824cf5c53a209454eb7124d51a12c7b9fab7208177e4bc8efe6ccfbee57.png
01:36:47.005 [main] DEBUG net.thucydides.core.steps.StepInterceptor - STEP DONE: validateOnSelectNominal
01:36:47.005 [Darkroom Processing Line] DEBUG net.serenitybdd.core.photography.DarkroomProcessingLine - Processing screenshot image in /var/screenshots/screenshot-18267258291815403492
  &amp#27;[32mThen &amp#27;[0m&amp#27;[32mI should be redirected to select nominal&amp#27;[0m                 &amp#27;[90m# starter.stepdefintions.SelectProductSteps.validateOnSelectNominal()&amp#27;[0m
01:36:47.005 [Darkroom Processing Line] DEBUG net.serenitybdd.core.photography.DarkroomProcessingLine - Saving screenshot to target\site\serenity\feeb2824cf5c53a209454eb7124d51a12c7b9fab7208177e4bc8efe6ccfbee57.png
01:36:47.008 [main] INFO  - 
  _____   ___   ___   _____     ___     _     ___   ___   ___   ___  
 |_   _| | __| / __| |_   _|   | _ \   /_\   / __| / __| | __| |   \ 
   | |   | _|  \__ \   | |     |  _/  / _ \  \__ \ \__ \ | _|  | |) |
   |_|   |___| |___/   |_|     |_|   /_/ \_\ |___/ |___/ |___| |___/ 

Input correct nomor meter and correct nomor handphone
----------------------------------------------------------------------
01:36:47.009 [AsyncHttpClient-1-13] DEBUG org.asynchttpclient.netty.handler.WebSocketHandler - Channel Closed: [id: 0xe237e3ad, L:/127.0.0.1:57180 ! R:localhost/127.0.0.1:57173] with attribute NettyResponseFuture{currentRetry=0,
	isDone=1,
	isCancelled=0,
	asyncHandler=org.asynchttpclient.ws.WebSocketUpgradeHandler@4b832420,
	nettyRequest=org.asynchttpclient.netty.request.NettyRequest@e81b334,
	future=java.util.concurrent.CompletableFuture@151b6c7b[Completed normally],
	uri=ws://localhost:57173/devtools/browser/eda68259-3816-479d-a24e-63707bb8fa73,
	keepAlive=true,
	redirectCount=0,
	timeoutsHolder=null,
	inAuth=0,
	touch=1680979000577}
01:36:47.009 [AsyncHttpClient-1-13] DEBUG org.asynchttpclient.netty.channel.ChannelManager - Closing Channel [id: 0xe237e3ad, L:/127.0.0.1:57180 ! R:localhost/127.0.0.1:57173] 
01:36:47.009 [Driver Command Executor] DEBUG org.asynchttpclient.netty.request.NettyRequestSender - Using pooled Channel '[id: 0xcb766a74, L:/127.0.0.1:57171 - R:localhost/127.0.0.1:7223]' for 'DELETE' to 'http://localhost:7223/session/3c09ba49483bdf48def016df0df7c6ba'
01:36:47.009 [Driver Command Executor] DEBUG org.asynchttpclient.netty.request.NettyRequestSender - Using open Channel [id: 0xcb766a74, L:/127.0.0.1:57171 - R:localhost/127.0.0.1:7223] for DELETE '/session/3c09ba49483bdf48def016df0df7c6ba'
01:36:47.034 [AsyncHttpClient-1-12] DEBUG org.asynchttpclient.netty.handler.HttpHandler - Unexpected I/O exception on channel [id: 0x8db93743, L:/127.0.0.1:57179 - R:localhost/127.0.0.1:57173]
java.net.SocketException: Connection reset
	at java.base/sun.nio.ch.SocketChannelImpl.throwConnectionReset(SocketChannelImpl.java:367)
	at java.base/sun.nio.ch.SocketChannelImpl.read(SocketChannelImpl.java:398)
	at io.netty.buffer.PooledByteBuf.setBytes(PooledByteBuf.java:259)
	at io.netty.buffer.AbstractByteBuf.writeBytes(AbstractByteBuf.java:1132)
	at io.netty.channel.socket.nio.NioSocketChannel.doReadBytes(NioSocketChannel.java:357)
	at io.netty.channel.nio.AbstractNioByteChannel$NioByteUnsafe.read(AbstractNioByteChannel.java:151)
	at io.netty.channel.nio.NioEventLoop.processSelectedKey(NioEventLoop.java:788)
	at io.netty.channel.nio.NioEventLoop.processSelectedKeysOptimized(NioEventLoop.java:724)
	at io.netty.channel.nio.NioEventLoop.processSelectedKeys(NioEventLoop.java:650)
	at io.netty.channel.nio.NioEventLoop.run(NioEventLoop.java:562)
	at io.netty.util.concurrent.SingleThreadEventExecutor$4.run(SingleThreadEventExecutor.java:997)
	at io.netty.util.internal.ThreadExecutorMap$2.run(ThreadExecutorMap.java:74)
	at io.netty.util.concurrent.FastThreadLocalRunnable.run(FastThreadLocalRunnable.java:30)
	at java.base/java.lang.Thread.run(Thread.java:832)
01:36:47.034 [AsyncHttpClient-1-12] DEBUG org.asynchttpclient.netty.channel.ChannelManager - Closing Channel [id: 0x8db93743, L:/127.0.0.1:57179 - R:localhost/127.0.0.1:57173] 
01:36:47.034 [AsyncHttpClient-1-12] DEBUG org.asynchttpclient.netty.handler.HttpHandler - Channel Closed: [id: 0x8db93743, L:/127.0.0.1:57179 ! R:localhost/127.0.0.1:57173] with attribute DISCARD
01:36:47.046 [AsyncHttpClient-1-11] DEBUG org.asynchttpclient.netty.handler.HttpHandler - 

Request DefaultFullHttpRequest(decodeResult: success, version: HTTP/1.1, content: EmptyByteBufBE)
DELETE /session/3c09ba49483bdf48def016df0df7c6ba HTTP/1.1
User-Agent: selenium/4.8.1 (java windows)
Content-Type: application/json; charset=utf-8
host: localhost:7223
accept: */*

Response DefaultHttpResponse(decodeResult: success, version: HTTP/1.1)
HTTP/1.1 200 OK
Content-Length: 14
Content-Type: application/json; charset=utf-8
cache-control: no-cache

01:36:47.046 [AsyncHttpClient-1-11] DEBUG org.asynchttpclient.netty.channel.ChannelManager - Adding key: http://localhost:7223 for channel [id: 0xcb766a74, L:/127.0.0.1:57171 - R:localhost/127.0.0.1:7223]
01:36:47.184 [AsyncHttpClient-1-1] DEBUG org.asynchttpclient.netty.channel.DefaultChannelPool - Entry count for : http://localhost:57173 : 1
01:36:47.184 [AsyncHttpClient-1-1] DEBUG org.asynchttpclient.netty.channel.DefaultChannelPool - Entry count for : http://localhost:7223 : 1
01:36:47.184 [AsyncHttpClient-1-1] DEBUG org.asynchttpclient.netty.channel.DefaultChannelPool - Adding Candidate expired Channel [id: 0x8db93743, L:/127.0.0.1:57179 ! R:localhost/127.0.0.1:57173] isIdleTimeoutExpired=false isRemotelyClosed=true isTtlExpired=false
01:36:47.184 [AsyncHttpClient-1-1] DEBUG org.asynchttpclient.netty.channel.DefaultChannelPool - Closing Idle Channel [id: 0x8db93743, L:/127.0.0.1:57179 ! R:localhost/127.0.0.1:57173]
01:36:47.184 [AsyncHttpClient-1-1] DEBUG org.asynchttpclient.netty.channel.DefaultChannelPool - Closed 1 connections out of 2 in 0 ms
01:36:47.193 [AsyncHttpClient-1-11] DEBUG org.asynchttpclient.netty.handler.HttpHandler - Channel Closed: [id: 0xcb766a74, L:/127.0.0.1:57171 ! R:localhost/127.0.0.1:7223] with attribute DISCARD
]]></system-out>
    <system-err><![CDATA[Starting ChromeDriver 111.0.5563.64 (c710e93d5b63b7095afe8c2c17df34408078439d-refs/branch-heads/5563@{#995}) on port 7223
Only local connections are allowed.
Please see https://chromedriver.chromium.org/security-considerations for suggestions on keeping ChromeDriver safe.
ChromeDriver was started successfully.
[1680979000.553][WARNING]: This version of ChromeDriver has not been tested with Chrome version 112.
Apr 09, 2023 1:36:40 AM org.openqa.selenium.devtools.CdpVersionFinder findNearestMatch
WARNING: Unable to find an exact match for CDP version 112, so returning the closest version found: 110
]]></system-err>
  </testcase>
  <testcase name="Input incorrect nomor meter and correct nomor handphone" classname="Select Product ListrikPLN" time="8.665">
    <system-out><![CDATA[
Scenario: Input incorrect nomor meter and correct nomor handphone &amp#27;[90m# src/test/resources/features/SelectProduct.feature:11&amp#27;[0m
01:36:47.719 [main] DEBUG io.cucumber.core.plugin.SerenityReporter - Running feature from file:///C:/Users/WINDOWS%2010/Documents/GitHub/QE_Andira_Ms/11_Web_Programming_&_Testing/Praktikum/Testing_with_Serenity/Prioritas2/alta/src/test/resources/features/SelectProduct.feature
01:36:47.721 [main] INFO  - 
  _____   ___   ___   _____     ___   _____     _     ___   _____   ___   ___  
 |_   _| | __| / __| |_   _|   / __| |_   _|   /_\   | _ \ |_   _| | __| |   \ 
   | |   | _|  \__ \   | |     \__ \   | |    / _ \  |   /   | |   | _|  | |) |
   |_|   |___| |___/   |_|     |___/   |_|   /_/ \_\ |_|_\   |_|   |___| |___/ 

Input incorrect nomor meter and correct nomor handphone(select-product-listrikpln;input-incorrect-nomor-meter-and-correct-nomor-handphone)
--------------------------------------------------------------------------------
01:36:47.751 [main] DEBUG net.thucydides.core.steps.StepInterceptor - STARTING STEP: SelectProductSteps.onTheHomePage - openPage
01:36:47.791 [main] INFO net.serenitybdd.core.webdriver.driverproviders.ChromeDriverProvider - Starting Chrome driver instance with capabilities:
01:36:47.791 [main] INFO net.serenitybdd.core.webdriver.driverproviders.ChromeDriverProvider - Capabilities {acceptInsecureCerts: false, browserName: chrome, goog:chromeOptions: {args: [remote-allow-origins=*], extensions: []}}
01:36:47.863 [AsyncHttpClient-1-14] DEBUG org.asynchttpclient.netty.channel.NettyConnectListener - Using new Channel '[id: 0x16be695e, L:/127.0.0.1:57217 - R:localhost/127.0.0.1:12245]' for 'POST' to '/session'
01:36:48.285 [AsyncHttpClient-1-1] DEBUG org.asynchttpclient.netty.channel.DefaultChannelPool - Entry count for : http://localhost:7223 : 1
01:36:48.285 [AsyncHttpClient-1-1] DEBUG org.asynchttpclient.netty.channel.DefaultChannelPool - Adding Candidate expired Channel [id: 0xcb766a74, L:/127.0.0.1:57171 ! R:localhost/127.0.0.1:7223] isIdleTimeoutExpired=false isRemotelyClosed=true isTtlExpired=false
01:36:48.285 [AsyncHttpClient-1-1] DEBUG org.asynchttpclient.netty.channel.DefaultChannelPool - Closing Idle Channel [id: 0xcb766a74, L:/127.0.0.1:57171 ! R:localhost/127.0.0.1:7223]
01:36:48.285 [AsyncHttpClient-1-1] DEBUG org.asynchttpclient.netty.channel.DefaultChannelPool - Closed 1 connections out of 1 in 0 ms
01:36:48.450 [AsyncHttpClient-1-14] DEBUG org.asynchttpclient.netty.handler.HttpHandler - 

Request DefaultHttpRequest(decodeResult: success, version: HTTP/1.1)
POST /session HTTP/1.1
User-Agent: selenium/4.8.1 (java windows)
Content-Length: 507
Content-Type: application/json; charset=utf-8
host: localhost:12245
accept: */*

Response DefaultHttpResponse(decodeResult: success, version: HTTP/1.1)
HTTP/1.1 200 OK
Content-Length: 862
Content-Type: application/json; charset=utf-8
cache-control: no-cache

01:36:48.450 [AsyncHttpClient-1-14] DEBUG org.asynchttpclient.netty.channel.ChannelManager - Adding key: http://localhost:12245 for channel [id: 0x16be695e, L:/127.0.0.1:57217 - R:localhost/127.0.0.1:12245]
01:36:48.454 [AsyncHttpClient-1-15] DEBUG org.asynchttpclient.netty.channel.NettyConnectListener - Using new Channel '[id: 0xb88085f0, L:/127.0.0.1:57226 - R:localhost/127.0.0.1:57219]' for 'GET' to '/json/version'
01:36:48.456 [AsyncHttpClient-1-15] DEBUG org.asynchttpclient.netty.handler.HttpHandler - 

Request DefaultFullHttpRequest(decodeResult: success, version: HTTP/1.1, content: EmptyByteBufBE)
GET /json/version HTTP/1.1
User-Agent: selenium/4.8.1 (java windows)
host: localhost:57219
accept: */*

Response DefaultHttpResponse(decodeResult: success, version: HTTP/1.1)
HTTP/1.1 200 OK
Content-Security-Policy: frame-ancestors 'none'
Content-Length: 422
Content-Type: application/json; charset=UTF-8

01:36:48.456 [AsyncHttpClient-1-15] DEBUG org.asynchttpclient.netty.channel.ChannelManager - Adding key: http://localhost:57219 for channel [id: 0xb88085f0, L:/127.0.0.1:57226 - R:localhost/127.0.0.1:57219]
01:36:48.458 [AsyncHttpClient-1-16] DEBUG org.asynchttpclient.netty.channel.NettyConnectListener - Using new Channel '[id: 0x3d446c60, L:/127.0.0.1:57227 - R:localhost/127.0.0.1:57219]' for 'GET' to '/devtools/browser/d5ac2d76-b43b-49dc-a1a1-2fd0d5e56612'
01:36:48.459 [AsyncHttpClient-1-16] DEBUG org.asynchttpclient.netty.handler.WebSocketHandler - 

Request DefaultFullHttpRequest(decodeResult: success, version: HTTP/1.1, content: EmptyByteBufBE)
GET /devtools/browser/d5ac2d76-b43b-49dc-a1a1-2fd0d5e56612 HTTP/1.1
upgrade: websocket
connection: upgrade
sec-websocket-key: 4aVBXJOyKc7lfziTW43rYA==
sec-websocket-version: 13
origin: http://localhost:57219
host: localhost:57219
accept: */*
user-agent: AHC/2.1

Response DefaultHttpResponse(decodeResult: success, version: HTTP/1.1)
HTTP/1.1 101 WebSocket Protocol Handshake
Upgrade: WebSocket
Connection: Upgrade
Sec-WebSocket-Accept: llOYVumBgJaUBtm/glheZmsEMls=

01:36:48.462 [Forwarding get on session 2462a0d942548af2608fdc2b247b27e6 to remote] DEBUG org.asynchttpclient.netty.request.NettyRequestSender - Using pooled Channel '[id: 0x16be695e, L:/127.0.0.1:57217 - R:localhost/127.0.0.1:12245]' for 'POST' to 'http://localhost:12245/session/2462a0d942548af2608fdc2b247b27e6/url'
01:36:48.462 [Forwarding get on session 2462a0d942548af2608fdc2b247b27e6 to remote] DEBUG org.asynchttpclient.netty.request.NettyRequestSender - Using open Channel [id: 0x16be695e, L:/127.0.0.1:57217 - R:localhost/127.0.0.1:12245] for POST '/session/2462a0d942548af2608fdc2b247b27e6/url'
01:36:49.383 [AsyncHttpClient-1-1] DEBUG org.asynchttpclient.netty.channel.DefaultChannelPool - Entry count for : http://localhost:57219 : 1
01:36:50.483 [AsyncHttpClient-1-1] DEBUG org.asynchttpclient.netty.channel.DefaultChannelPool - Entry count for : http://localhost:57219 : 1
01:36:51.584 [AsyncHttpClient-1-1] DEBUG org.asynchttpclient.netty.channel.DefaultChannelPool - Entry count for : http://localhost:57219 : 1
01:36:52.684 [AsyncHttpClient-1-1] DEBUG org.asynchttpclient.netty.channel.DefaultChannelPool - Entry count for : http://localhost:57219 : 1
01:36:52.945 [AsyncHttpClient-1-14] DEBUG org.asynchttpclient.netty.handler.HttpHandler - 

Request DefaultHttpRequest(decodeResult: success, version: HTTP/1.1)
POST /session/2462a0d942548af2608fdc2b247b27e6/url HTTP/1.1
User-Agent: selenium/4.8.1 (java windows)
Content-Length: 54
Content-Type: application/json; charset=utf-8
host: localhost:12245
accept: */*

Response DefaultHttpResponse(decodeResult: success, version: HTTP/1.1)
HTTP/1.1 200 OK
Content-Length: 14
Content-Type: application/json; charset=utf-8
cache-control: no-cache

01:36:52.945 [AsyncHttpClient-1-14] DEBUG org.asynchttpclient.netty.channel.ChannelManager - Adding key: http://localhost:12245 for channel [id: 0x16be695e, L:/127.0.0.1:57217 - R:localhost/127.0.0.1:12245]
01:36:52.946 [Forwarding setTimeout on session 2462a0d942548af2608fdc2b247b27e6 to remote] DEBUG org.asynchttpclient.netty.request.NettyRequestSender - Using pooled Channel '[id: 0x16be695e, L:/127.0.0.1:57217 - R:localhost/127.0.0.1:12245]' for 'POST' to 'http://localhost:12245/session/2462a0d942548af2608fdc2b247b27e6/timeouts'
01:36:52.946 [Forwarding setTimeout on session 2462a0d942548af2608fdc2b247b27e6 to remote] DEBUG org.asynchttpclient.netty.request.NettyRequestSender - Using open Channel [id: 0x16be695e, L:/127.0.0.1:57217 - R:localhost/127.0.0.1:12245] for POST '/session/2462a0d942548af2608fdc2b247b27e6/timeouts'
01:36:52.947 [AsyncHttpClient-1-14] DEBUG org.asynchttpclient.netty.handler.HttpHandler - 

Request DefaultHttpRequest(decodeResult: success, version: HTTP/1.1)
POST /session/2462a0d942548af2608fdc2b247b27e6/timeouts HTTP/1.1
User-Agent: selenium/4.8.1 (java windows)
Content-Length: 22
Content-Type: application/json; charset=utf-8
host: localhost:12245
accept: */*

Response DefaultHttpResponse(decodeResult: success, version: HTTP/1.1)
HTTP/1.1 200 OK
Content-Length: 14
Content-Type: application/json; charset=utf-8
cache-control: no-cache

01:36:52.947 [AsyncHttpClient-1-14] DEBUG org.asynchttpclient.netty.channel.ChannelManager - Adding key: http://localhost:12245 for channel [id: 0x16be695e, L:/127.0.0.1:57217 - R:localhost/127.0.0.1:12245]
01:36:52.950 [Forwarding getAlertText on session 2462a0d942548af2608fdc2b247b27e6 to remote] DEBUG org.asynchttpclient.netty.request.NettyRequestSender - Using pooled Channel '[id: 0x16be695e, L:/127.0.0.1:57217 - R:localhost/127.0.0.1:12245]' for 'GET' to 'http://localhost:12245/session/2462a0d942548af2608fdc2b247b27e6/alert/text'
01:36:52.950 [Forwarding getAlertText on session 2462a0d942548af2608fdc2b247b27e6 to remote] DEBUG org.asynchttpclient.netty.request.NettyRequestSender - Using open Channel [id: 0x16be695e, L:/127.0.0.1:57217 - R:localhost/127.0.0.1:12245] for GET '/session/2462a0d942548af2608fdc2b247b27e6/alert/text'
01:36:52.952 [AsyncHttpClient-1-14] DEBUG org.asynchttpclient.netty.handler.HttpHandler - 

Request DefaultFullHttpRequest(decodeResult: success, version: HTTP/1.1, content: EmptyByteBufBE)
GET /session/2462a0d942548af2608fdc2b247b27e6/alert/text HTTP/1.1
User-Agent: selenium/4.8.1 (java windows)
Cache-Control: no-cache
Content-Type: application/json; charset=utf-8
host: localhost:12245
accept: */*

Response DefaultHttpResponse(decodeResult: success, version: HTTP/1.1)
HTTP/1.1 404 Not Found
Content-Length: 835
Content-Type: application/json; charset=utf-8
cache-control: no-cache

01:36:52.952 [AsyncHttpClient-1-14] DEBUG org.asynchttpclient.netty.channel.ChannelManager - Adding key: http://localhost:12245 for channel [id: 0x16be695e, L:/127.0.0.1:57217 - R:localhost/127.0.0.1:12245]
01:36:52.953 [Forwarding getCurrentUrl on session 2462a0d942548af2608fdc2b247b27e6 to remote] DEBUG org.asynchttpclient.netty.request.NettyRequestSender - Using pooled Channel '[id: 0x16be695e, L:/127.0.0.1:57217 - R:localhost/127.0.0.1:12245]' for 'GET' to 'http://localhost:12245/session/2462a0d942548af2608fdc2b247b27e6/url'
01:36:52.953 [Forwarding getCurrentUrl on session 2462a0d942548af2608fdc2b247b27e6 to remote] DEBUG org.asynchttpclient.netty.request.NettyRequestSender - Using open Channel [id: 0x16be695e, L:/127.0.0.1:57217 - R:localhost/127.0.0.1:12245] for GET '/session/2462a0d942548af2608fdc2b247b27e6/url'
01:36:52.957 [AsyncHttpClient-1-14] DEBUG org.asynchttpclient.netty.handler.HttpHandler - 

Request DefaultFullHttpRequest(decodeResult: success, version: HTTP/1.1, content: EmptyByteBufBE)
GET /session/2462a0d942548af2608fdc2b247b27e6/url HTTP/1.1
User-Agent: selenium/4.8.1 (java windows)
Cache-Control: no-cache
Content-Type: application/json; charset=utf-8
host: localhost:12245
accept: */*

Response DefaultHttpResponse(decodeResult: success, version: HTTP/1.1)
HTTP/1.1 200 OK
Content-Length: 36
Content-Type: application/json; charset=utf-8
cache-control: no-cache

01:36:52.957 [AsyncHttpClient-1-14] DEBUG org.asynchttpclient.netty.channel.ChannelManager - Adding key: http://localhost:12245 for channel [id: 0x16be695e, L:/127.0.0.1:57217 - R:localhost/127.0.0.1:12245]
01:36:52.958 [Forwarding screenshot on session 2462a0d942548af2608fdc2b247b27e6 to remote] DEBUG org.asynchttpclient.netty.request.NettyRequestSender - Using pooled Channel '[id: 0x16be695e, L:/127.0.0.1:57217 - R:localhost/127.0.0.1:12245]' for 'GET' to 'http://localhost:12245/session/2462a0d942548af2608fdc2b247b27e6/screenshot'
01:36:52.958 [Forwarding screenshot on session 2462a0d942548af2608fdc2b247b27e6 to remote] DEBUG org.asynchttpclient.netty.request.NettyRequestSender - Using open Channel [id: 0x16be695e, L:/127.0.0.1:57217 - R:localhost/127.0.0.1:12245] for GET '/session/2462a0d942548af2608fdc2b247b27e6/screenshot'
01:36:53.133 [AsyncHttpClient-1-14] DEBUG org.asynchttpclient.netty.handler.HttpHandler - 

Request DefaultFullHttpRequest(decodeResult: success, version: HTTP/1.1, content: EmptyByteBufBE)
GET /session/2462a0d942548af2608fdc2b247b27e6/screenshot HTTP/1.1
User-Agent: selenium/4.8.1 (java windows)
Cache-Control: no-cache
Content-Type: application/json; charset=utf-8
host: localhost:12245
accept: */*

Response DefaultHttpResponse(decodeResult: success, version: HTTP/1.1)
HTTP/1.1 200 OK
Content-Length: 527468
Content-Type: application/json; charset=utf-8
cache-control: no-cache

01:36:53.134 [AsyncHttpClient-1-14] DEBUG org.asynchttpclient.netty.channel.ChannelManager - Adding key: http://localhost:12245 for channel [id: 0x16be695e, L:/127.0.0.1:57217 - R:localhost/127.0.0.1:12245]
01:36:53.143 [main] DEBUG net.serenitybdd.core.photography.Darkroom - Send negative for processing for target\site\serenity\b33df01541b5b19264f32bba79ed319e8f9492d619030d4e88c940b717e50670.png
01:36:53.143 [main] DEBUG net.thucydides.core.steps.StepInterceptor - STEP DONE: openPage
  &amp#27;[32mGiven &amp#27;[0m&amp#27;[32mI am on the home page&amp#27;[0m                                     &amp#27;[90m# starter.stepdefintions.SelectProductSteps.onTheHomePage()&amp#27;[0m
01:36:53.153 [Forwarding getPageSource on session 2462a0d942548af2608fdc2b247b27e6 to remote] DEBUG org.asynchttpclient.netty.request.NettyRequestSender - Using pooled Channel '[id: 0x16be695e, L:/127.0.0.1:57217 - R:localhost/127.0.0.1:12245]' for 'POST' to 'http://localhost:12245/session/2462a0d942548af2608fdc2b247b27e6/execute/sync'
01:36:53.153 [Forwarding getPageSource on session 2462a0d942548af2608fdc2b247b27e6 to remote] DEBUG org.asynchttpclient.netty.request.NettyRequestSender - Using open Channel [id: 0x16be695e, L:/127.0.0.1:57217 - R:localhost/127.0.0.1:12245] for POST '/session/2462a0d942548af2608fdc2b247b27e6/execute/sync'
01:36:53.168 [AsyncHttpClient-1-14] DEBUG org.asynchttpclient.netty.handler.HttpHandler - 

Request DefaultHttpRequest(decodeResult: success, version: HTTP/1.1)
POST /session/2462a0d942548af2608fdc2b247b27e6/execute/sync HTTP/1.1
User-Agent: selenium/4.8.1 (java windows)
Content-Length: 176
Content-Type: application/json; charset=utf-8
host: localhost:12245
accept: */*

Response DefaultHttpResponse(decodeResult: success, version: HTTP/1.1)
HTTP/1.1 200 OK
Content-Length: 182088
Content-Type: application/json; charset=utf-8
cache-control: no-cache

01:36:53.168 [AsyncHttpClient-1-14] DEBUG org.asynchttpclient.netty.channel.ChannelManager - Adding key: http://localhost:12245 for channel [id: 0x16be695e, L:/127.0.0.1:57217 - R:localhost/127.0.0.1:12245]
01:36:53.178 [Forwarding getCurrentUrl on session 2462a0d942548af2608fdc2b247b27e6 to remote] DEBUG org.asynchttpclient.netty.request.NettyRequestSender - Using pooled Channel '[id: 0x16be695e, L:/127.0.0.1:57217 - R:localhost/127.0.0.1:12245]' for 'GET' to 'http://localhost:12245/session/2462a0d942548af2608fdc2b247b27e6/url'
01:36:53.178 [Forwarding getCurrentUrl on session 2462a0d942548af2608fdc2b247b27e6 to remote] DEBUG org.asynchttpclient.netty.request.NettyRequestSender - Using open Channel [id: 0x16be695e, L:/127.0.0.1:57217 - R:localhost/127.0.0.1:12245] for GET '/session/2462a0d942548af2608fdc2b247b27e6/url'
01:36:53.181 [AsyncHttpClient-1-14] DEBUG org.asynchttpclient.netty.handler.HttpHandler - 

Request DefaultFullHttpRequest(decodeResult: success, version: HTTP/1.1, content: EmptyByteBufBE)
GET /session/2462a0d942548af2608fdc2b247b27e6/url HTTP/1.1
User-Agent: selenium/4.8.1 (java windows)
Cache-Control: no-cache
Content-Type: application/json; charset=utf-8
host: localhost:12245
accept: */*

Response DefaultHttpResponse(decodeResult: success, version: HTTP/1.1)
HTTP/1.1 200 OK
Content-Length: 36
Content-Type: application/json; charset=utf-8
cache-control: no-cache

01:36:53.181 [AsyncHttpClient-1-14] DEBUG org.asynchttpclient.netty.channel.ChannelManager - Adding key: http://localhost:12245 for channel [id: 0x16be695e, L:/127.0.0.1:57217 - R:localhost/127.0.0.1:12245]
01:36:53.187 [Forwarding getPageSource on session 2462a0d942548af2608fdc2b247b27e6 to remote] DEBUG org.asynchttpclient.netty.request.NettyRequestSender - Using pooled Channel '[id: 0x16be695e, L:/127.0.0.1:57217 - R:localhost/127.0.0.1:12245]' for 'POST' to 'http://localhost:12245/session/2462a0d942548af2608fdc2b247b27e6/execute/sync'
01:36:53.187 [Forwarding getPageSource on session 2462a0d942548af2608fdc2b247b27e6 to remote] DEBUG org.asynchttpclient.netty.request.NettyRequestSender - Using open Channel [id: 0x16be695e, L:/127.0.0.1:57217 - R:localhost/127.0.0.1:12245] for POST '/session/2462a0d942548af2608fdc2b247b27e6/execute/sync'
01:36:53.200 [AsyncHttpClient-1-14] DEBUG org.asynchttpclient.netty.handler.HttpHandler - 

Request DefaultHttpRequest(decodeResult: success, version: HTTP/1.1)
POST /session/2462a0d942548af2608fdc2b247b27e6/execute/sync HTTP/1.1
User-Agent: selenium/4.8.1 (java windows)
Content-Length: 176
Content-Type: application/json; charset=utf-8
host: localhost:12245
accept: */*

Response DefaultHttpResponse(decodeResult: success, version: HTTP/1.1)
HTTP/1.1 200 OK
Content-Length: 182088
Content-Type: application/json; charset=utf-8
cache-control: no-cache

01:36:53.200 [AsyncHttpClient-1-14] DEBUG org.asynchttpclient.netty.channel.ChannelManager - Adding key: http://localhost:12245 for channel [id: 0x16be695e, L:/127.0.0.1:57217 - R:localhost/127.0.0.1:12245]
01:36:53.210 [Forwarding getCurrentUrl on session 2462a0d942548af2608fdc2b247b27e6 to remote] DEBUG org.asynchttpclient.netty.request.NettyRequestSender - Using pooled Channel '[id: 0x16be695e, L:/127.0.0.1:57217 - R:localhost/127.0.0.1:12245]' for 'GET' to 'http://localhost:12245/session/2462a0d942548af2608fdc2b247b27e6/url'
01:36:53.210 [Forwarding getCurrentUrl on session 2462a0d942548af2608fdc2b247b27e6 to remote] DEBUG org.asynchttpclient.netty.request.NettyRequestSender - Using open Channel [id: 0x16be695e, L:/127.0.0.1:57217 - R:localhost/127.0.0.1:12245] for GET '/session/2462a0d942548af2608fdc2b247b27e6/url'
01:36:53.214 [AsyncHttpClient-1-14] DEBUG org.asynchttpclient.netty.handler.HttpHandler - 

Request DefaultFullHttpRequest(decodeResult: success, version: HTTP/1.1, content: EmptyByteBufBE)
GET /session/2462a0d942548af2608fdc2b247b27e6/url HTTP/1.1
User-Agent: selenium/4.8.1 (java windows)
Cache-Control: no-cache
Content-Type: application/json; charset=utf-8
host: localhost:12245
accept: */*

Response DefaultHttpResponse(decodeResult: success, version: HTTP/1.1)
HTTP/1.1 200 OK
Content-Length: 36
Content-Type: application/json; charset=utf-8
cache-control: no-cache

01:36:53.214 [AsyncHttpClient-1-14] DEBUG org.asynchttpclient.netty.channel.ChannelManager - Adding key: http://localhost:12245 for channel [id: 0x16be695e, L:/127.0.0.1:57217 - R:localhost/127.0.0.1:12245]
01:36:53.215 [main] DEBUG net.thucydides.core.steps.StepInterceptor - STARTING STEP: SelectProductSteps.clickListrikPLN - clickProductItem
01:36:53.217 [Forwarding findElement on session 2462a0d942548af2608fdc2b247b27e6 to remote] DEBUG org.asynchttpclient.netty.request.NettyRequestSender - Using pooled Channel '[id: 0x16be695e, L:/127.0.0.1:57217 - R:localhost/127.0.0.1:12245]' for 'POST' to 'http://localhost:12245/session/2462a0d942548af2608fdc2b247b27e6/element'
01:36:53.217 [Forwarding findElement on session 2462a0d942548af2608fdc2b247b27e6 to remote] DEBUG org.asynchttpclient.netty.request.NettyRequestSender - Using open Channel [id: 0x16be695e, L:/127.0.0.1:57217 - R:localhost/127.0.0.1:12245] for POST '/session/2462a0d942548af2608fdc2b247b27e6/element'
01:36:53.226 [AsyncHttpClient-1-14] DEBUG org.asynchttpclient.netty.handler.HttpHandler - 

Request DefaultHttpRequest(decodeResult: success, version: HTTP/1.1)
POST /session/2462a0d942548af2608fdc2b247b27e6/element HTTP/1.1
User-Agent: selenium/4.8.1 (java windows)
Content-Length: 59
Content-Type: application/json; charset=utf-8
host: localhost:12245
accept: */*

Response DefaultHttpResponse(decodeResult: success, version: HTTP/1.1)
HTTP/1.1 200 OK
Content-Length: 88
Content-Type: application/json; charset=utf-8
cache-control: no-cache

01:36:53.226 [AsyncHttpClient-1-14] DEBUG org.asynchttpclient.netty.channel.ChannelManager - Adding key: http://localhost:12245 for channel [id: 0x16be695e, L:/127.0.0.1:57217 - R:localhost/127.0.0.1:12245]
01:36:53.227 [Forwarding getElementTagName on session 2462a0d942548af2608fdc2b247b27e6 to remote] DEBUG org.asynchttpclient.netty.request.NettyRequestSender - Using pooled Channel '[id: 0x16be695e, L:/127.0.0.1:57217 - R:localhost/127.0.0.1:12245]' for 'GET' to 'http://localhost:12245/session/2462a0d942548af2608fdc2b247b27e6/element/aa2d2c58-260b-438b-b85f-5b3203835559/name'
01:36:53.227 [Forwarding getElementTagName on session 2462a0d942548af2608fdc2b247b27e6 to remote] DEBUG org.asynchttpclient.netty.request.NettyRequestSender - Using open Channel [id: 0x16be695e, L:/127.0.0.1:57217 - R:localhost/127.0.0.1:12245] for GET '/session/2462a0d942548af2608fdc2b247b27e6/element/aa2d2c58-260b-438b-b85f-5b3203835559/name'
01:36:53.231 [AsyncHttpClient-1-14] DEBUG org.asynchttpclient.netty.handler.HttpHandler - 

Request DefaultFullHttpRequest(decodeResult: success, version: HTTP/1.1, content: EmptyByteBufBE)
GET /session/2462a0d942548af2608fdc2b247b27e6/element/aa2d2c58-260b-438b-b85f-5b3203835559/name HTTP/1.1
User-Agent: selenium/4.8.1 (java windows)
Cache-Control: no-cache
Content-Type: application/json; charset=utf-8
host: localhost:12245
accept: */*

Response DefaultHttpResponse(decodeResult: success, version: HTTP/1.1)
HTTP/1.1 200 OK
Content-Length: 15
Content-Type: application/json; charset=utf-8
cache-control: no-cache

01:36:53.231 [AsyncHttpClient-1-14] DEBUG org.asynchttpclient.netty.channel.ChannelManager - Adding key: http://localhost:12245 for channel [id: 0x16be695e, L:/127.0.0.1:57217 - R:localhost/127.0.0.1:12245]
01:36:53.231 [Forwarding getElementTagName on session 2462a0d942548af2608fdc2b247b27e6 to remote] DEBUG org.asynchttpclient.netty.request.NettyRequestSender - Using pooled Channel '[id: 0x16be695e, L:/127.0.0.1:57217 - R:localhost/127.0.0.1:12245]' for 'GET' to 'http://localhost:12245/session/2462a0d942548af2608fdc2b247b27e6/element/aa2d2c58-260b-438b-b85f-5b3203835559/name'
01:36:53.231 [Forwarding getElementTagName on session 2462a0d942548af2608fdc2b247b27e6 to remote] DEBUG org.asynchttpclient.netty.request.NettyRequestSender - Using open Channel [id: 0x16be695e, L:/127.0.0.1:57217 - R:localhost/127.0.0.1:12245] for GET '/session/2462a0d942548af2608fdc2b247b27e6/element/aa2d2c58-260b-438b-b85f-5b3203835559/name'
01:36:53.234 [AsyncHttpClient-1-14] DEBUG org.asynchttpclient.netty.handler.HttpHandler - 

Request DefaultFullHttpRequest(decodeResult: success, version: HTTP/1.1, content: EmptyByteBufBE)
GET /session/2462a0d942548af2608fdc2b247b27e6/element/aa2d2c58-260b-438b-b85f-5b3203835559/name HTTP/1.1
User-Agent: selenium/4.8.1 (java windows)
Cache-Control: no-cache
Content-Type: application/json; charset=utf-8
host: localhost:12245
accept: */*

Response DefaultHttpResponse(decodeResult: success, version: HTTP/1.1)
HTTP/1.1 200 OK
Content-Length: 15
Content-Type: application/json; charset=utf-8
cache-control: no-cache

01:36:53.234 [AsyncHttpClient-1-14] DEBUG org.asynchttpclient.netty.channel.ChannelManager - Adding key: http://localhost:12245 for channel [id: 0x16be695e, L:/127.0.0.1:57217 - R:localhost/127.0.0.1:12245]
01:36:53.235 [Forwarding findElement on session 2462a0d942548af2608fdc2b247b27e6 to remote] DEBUG org.asynchttpclient.netty.request.NettyRequestSender - Using pooled Channel '[id: 0x16be695e, L:/127.0.0.1:57217 - R:localhost/127.0.0.1:12245]' for 'POST' to 'http://localhost:12245/session/2462a0d942548af2608fdc2b247b27e6/element'
01:36:53.235 [Forwarding findElement on session 2462a0d942548af2608fdc2b247b27e6 to remote] DEBUG org.asynchttpclient.netty.request.NettyRequestSender - Using open Channel [id: 0x16be695e, L:/127.0.0.1:57217 - R:localhost/127.0.0.1:12245] for POST '/session/2462a0d942548af2608fdc2b247b27e6/element'
01:36:53.240 [AsyncHttpClient-1-14] DEBUG org.asynchttpclient.netty.handler.HttpHandler - 

Request DefaultHttpRequest(decodeResult: success, version: HTTP/1.1)
POST /session/2462a0d942548af2608fdc2b247b27e6/element HTTP/1.1
User-Agent: selenium/4.8.1 (java windows)
Content-Length: 59
Content-Type: application/json; charset=utf-8
host: localhost:12245
accept: */*

Response DefaultHttpResponse(decodeResult: success, version: HTTP/1.1)
HTTP/1.1 200 OK
Content-Length: 88
Content-Type: application/json; charset=utf-8
cache-control: no-cache

01:36:53.240 [AsyncHttpClient-1-14] DEBUG org.asynchttpclient.netty.channel.ChannelManager - Adding key: http://localhost:12245 for channel [id: 0x16be695e, L:/127.0.0.1:57217 - R:localhost/127.0.0.1:12245]
01:36:53.241 [Forwarding clickElement on session 2462a0d942548af2608fdc2b247b27e6 to remote] DEBUG org.asynchttpclient.netty.request.NettyRequestSender - Using pooled Channel '[id: 0x16be695e, L:/127.0.0.1:57217 - R:localhost/127.0.0.1:12245]' for 'POST' to 'http://localhost:12245/session/2462a0d942548af2608fdc2b247b27e6/element/aa2d2c58-260b-438b-b85f-5b3203835559/click'
01:36:53.241 [Forwarding clickElement on session 2462a0d942548af2608fdc2b247b27e6 to remote] DEBUG org.asynchttpclient.netty.request.NettyRequestSender - Using open Channel [id: 0x16be695e, L:/127.0.0.1:57217 - R:localhost/127.0.0.1:12245] for POST '/session/2462a0d942548af2608fdc2b247b27e6/element/aa2d2c58-260b-438b-b85f-5b3203835559/click'
01:36:53.650 [AsyncHttpClient-1-14] DEBUG org.asynchttpclient.netty.handler.HttpHandler - 

Request DefaultHttpRequest(decodeResult: success, version: HTTP/1.1)
POST /session/2462a0d942548af2608fdc2b247b27e6/element/aa2d2c58-260b-438b-b85f-5b3203835559/click HTTP/1.1
User-Agent: selenium/4.8.1 (java windows)
Content-Length: 50
Content-Type: application/json; charset=utf-8
host: localhost:12245
accept: */*

Response DefaultHttpResponse(decodeResult: success, version: HTTP/1.1)
HTTP/1.1 200 OK
Content-Length: 14
Content-Type: application/json; charset=utf-8
cache-control: no-cache

01:36:53.650 [AsyncHttpClient-1-14] DEBUG org.asynchttpclient.netty.channel.ChannelManager - Adding key: http://localhost:12245 for channel [id: 0x16be695e, L:/127.0.0.1:57217 - R:localhost/127.0.0.1:12245]
01:36:53.654 [Forwarding getAlertText on session 2462a0d942548af2608fdc2b247b27e6 to remote] DEBUG org.asynchttpclient.netty.request.NettyRequestSender - Using pooled Channel '[id: 0x16be695e, L:/127.0.0.1:57217 - R:localhost/127.0.0.1:12245]' for 'GET' to 'http://localhost:12245/session/2462a0d942548af2608fdc2b247b27e6/alert/text'
01:36:53.654 [Forwarding getAlertText on session 2462a0d942548af2608fdc2b247b27e6 to remote] DEBUG org.asynchttpclient.netty.request.NettyRequestSender - Using open Channel [id: 0x16be695e, L:/127.0.0.1:57217 - R:localhost/127.0.0.1:12245] for GET '/session/2462a0d942548af2608fdc2b247b27e6/alert/text'
01:36:53.656 [AsyncHttpClient-1-14] DEBUG org.asynchttpclient.netty.handler.HttpHandler - 

Request DefaultFullHttpRequest(decodeResult: success, version: HTTP/1.1, content: EmptyByteBufBE)
GET /session/2462a0d942548af2608fdc2b247b27e6/alert/text HTTP/1.1
User-Agent: selenium/4.8.1 (java windows)
Cache-Control: no-cache
Content-Type: application/json; charset=utf-8
host: localhost:12245
accept: */*

Response DefaultHttpResponse(decodeResult: success, version: HTTP/1.1)
HTTP/1.1 404 Not Found
Content-Length: 835
Content-Type: application/json; charset=utf-8
cache-control: no-cache

01:36:53.656 [AsyncHttpClient-1-14] DEBUG org.asynchttpclient.netty.channel.ChannelManager - Adding key: http://localhost:12245 for channel [id: 0x16be695e, L:/127.0.0.1:57217 - R:localhost/127.0.0.1:12245]
01:36:53.657 [Forwarding getCurrentUrl on session 2462a0d942548af2608fdc2b247b27e6 to remote] DEBUG org.asynchttpclient.netty.request.NettyRequestSender - Using pooled Channel '[id: 0x16be695e, L:/127.0.0.1:57217 - R:localhost/127.0.0.1:12245]' for 'GET' to 'http://localhost:12245/session/2462a0d942548af2608fdc2b247b27e6/url'
01:36:53.657 [Forwarding getCurrentUrl on session 2462a0d942548af2608fdc2b247b27e6 to remote] DEBUG org.asynchttpclient.netty.request.NettyRequestSender - Using open Channel [id: 0x16be695e, L:/127.0.0.1:57217 - R:localhost/127.0.0.1:12245] for GET '/session/2462a0d942548af2608fdc2b247b27e6/url'
01:36:53.661 [AsyncHttpClient-1-14] DEBUG org.asynchttpclient.netty.handler.HttpHandler - 

Request DefaultFullHttpRequest(decodeResult: success, version: HTTP/1.1, content: EmptyByteBufBE)
GET /session/2462a0d942548af2608fdc2b247b27e6/url HTTP/1.1
User-Agent: selenium/4.8.1 (java windows)
Cache-Control: no-cache
Content-Type: application/json; charset=utf-8
host: localhost:12245
accept: */*

Response DefaultHttpResponse(decodeResult: success, version: HTTP/1.1)
HTTP/1.1 200 OK
Content-Length: 36
Content-Type: application/json; charset=utf-8
cache-control: no-cache

01:36:53.661 [AsyncHttpClient-1-14] DEBUG org.asynchttpclient.netty.channel.ChannelManager - Adding key: http://localhost:12245 for channel [id: 0x16be695e, L:/127.0.0.1:57217 - R:localhost/127.0.0.1:12245]
01:36:53.662 [Forwarding screenshot on session 2462a0d942548af2608fdc2b247b27e6 to remote] DEBUG org.asynchttpclient.netty.request.NettyRequestSender - Using pooled Channel '[id: 0x16be695e, L:/127.0.0.1:57217 - R:localhost/127.0.0.1:12245]' for 'GET' to 'http://localhost:12245/session/2462a0d942548af2608fdc2b247b27e6/screenshot'
01:36:53.662 [Forwarding screenshot on session 2462a0d942548af2608fdc2b247b27e6 to remote] DEBUG org.asynchttpclient.netty.request.NettyRequestSender - Using open Channel [id: 0x16be695e, L:/127.0.0.1:57217 - R:localhost/127.0.0.1:12245] for GET '/session/2462a0d942548af2608fdc2b247b27e6/screenshot'
01:36:53.783 [AsyncHttpClient-1-1] DEBUG org.asynchttpclient.netty.channel.DefaultChannelPool - Entry count for : http://localhost:57219 : 1
01:36:53.908 [AsyncHttpClient-1-14] DEBUG org.asynchttpclient.netty.handler.HttpHandler - 

Request DefaultFullHttpRequest(decodeResult: success, version: HTTP/1.1, content: EmptyByteBufBE)
GET /session/2462a0d942548af2608fdc2b247b27e6/screenshot HTTP/1.1
User-Agent: selenium/4.8.1 (java windows)
Cache-Control: no-cache
Content-Type: application/json; charset=utf-8
host: localhost:12245
accept: */*

Response DefaultHttpResponse(decodeResult: success, version: HTTP/1.1)
HTTP/1.1 200 OK
Content-Length: 166140
Content-Type: application/json; charset=utf-8
cache-control: no-cache

01:36:53.908 [AsyncHttpClient-1-14] DEBUG org.asynchttpclient.netty.channel.ChannelManager - Adding key: http://localhost:12245 for channel [id: 0x16be695e, L:/127.0.0.1:57217 - R:localhost/127.0.0.1:12245]
01:36:53.911 [main] DEBUG net.serenitybdd.core.photography.Darkroom - Send negative for processing for target\site\serenity\e7260dd85dc250c9765782931bb5d170da1233f7c6c2726f87adc15c11eae383.png
01:36:53.911 [main] DEBUG net.thucydides.core.steps.StepInterceptor - STEP DONE: clickProductItem
  &amp#27;[32mWhen &amp#27;[0m&amp#27;[32mI click Listrik PLN product&amp#27;[0m                                &amp#27;[90m# starter.stepdefintions.SelectProductSteps.clickListrikPLN()&amp#27;[0m
01:36:53.911 [Darkroom Processing Line] DEBUG net.serenitybdd.core.photography.DarkroomProcessingLine - Processing screenshot image in /var/screenshots/screenshot-7657706282796303752
01:36:53.912 [Darkroom Processing Line] DEBUG net.serenitybdd.core.photography.DarkroomProcessingLine - Saving screenshot to target\site\serenity\e7260dd85dc250c9765782931bb5d170da1233f7c6c2726f87adc15c11eae383.png
01:36:53.916 [Forwarding getPageSource on session 2462a0d942548af2608fdc2b247b27e6 to remote] DEBUG org.asynchttpclient.netty.request.NettyRequestSender - Using pooled Channel '[id: 0x16be695e, L:/127.0.0.1:57217 - R:localhost/127.0.0.1:12245]' for 'POST' to 'http://localhost:12245/session/2462a0d942548af2608fdc2b247b27e6/execute/sync'
01:36:53.916 [Forwarding getPageSource on session 2462a0d942548af2608fdc2b247b27e6 to remote] DEBUG org.asynchttpclient.netty.request.NettyRequestSender - Using open Channel [id: 0x16be695e, L:/127.0.0.1:57217 - R:localhost/127.0.0.1:12245] for POST '/session/2462a0d942548af2608fdc2b247b27e6/execute/sync'
01:36:53.924 [AsyncHttpClient-1-14] DEBUG org.asynchttpclient.netty.handler.HttpHandler - 

Request DefaultHttpRequest(decodeResult: success, version: HTTP/1.1)
POST /session/2462a0d942548af2608fdc2b247b27e6/execute/sync HTTP/1.1
User-Agent: selenium/4.8.1 (java windows)
Content-Length: 176
Content-Type: application/json; charset=utf-8
host: localhost:12245
accept: */*

Response DefaultHttpResponse(decodeResult: success, version: HTTP/1.1)
HTTP/1.1 200 OK
Content-Length: 97549
Content-Type: application/json; charset=utf-8
cache-control: no-cache

01:36:53.924 [AsyncHttpClient-1-14] DEBUG org.asynchttpclient.netty.channel.ChannelManager - Adding key: http://localhost:12245 for channel [id: 0x16be695e, L:/127.0.0.1:57217 - R:localhost/127.0.0.1:12245]
01:36:53.928 [Forwarding getCurrentUrl on session 2462a0d942548af2608fdc2b247b27e6 to remote] DEBUG org.asynchttpclient.netty.request.NettyRequestSender - Using pooled Channel '[id: 0x16be695e, L:/127.0.0.1:57217 - R:localhost/127.0.0.1:12245]' for 'GET' to 'http://localhost:12245/session/2462a0d942548af2608fdc2b247b27e6/url'
01:36:53.929 [Forwarding getCurrentUrl on session 2462a0d942548af2608fdc2b247b27e6 to remote] DEBUG org.asynchttpclient.netty.request.NettyRequestSender - Using open Channel [id: 0x16be695e, L:/127.0.0.1:57217 - R:localhost/127.0.0.1:12245] for GET '/session/2462a0d942548af2608fdc2b247b27e6/url'
01:36:53.931 [AsyncHttpClient-1-14] DEBUG org.asynchttpclient.netty.handler.HttpHandler - 

Request DefaultFullHttpRequest(decodeResult: success, version: HTTP/1.1, content: EmptyByteBufBE)
GET /session/2462a0d942548af2608fdc2b247b27e6/url HTTP/1.1
User-Agent: selenium/4.8.1 (java windows)
Cache-Control: no-cache
Content-Type: application/json; charset=utf-8
host: localhost:12245
accept: */*

Response DefaultHttpResponse(decodeResult: success, version: HTTP/1.1)
HTTP/1.1 200 OK
Content-Length: 51
Content-Type: application/json; charset=utf-8
cache-control: no-cache

01:36:53.931 [AsyncHttpClient-1-14] DEBUG org.asynchttpclient.netty.channel.ChannelManager - Adding key: http://localhost:12245 for channel [id: 0x16be695e, L:/127.0.0.1:57217 - R:localhost/127.0.0.1:12245]
01:36:53.936 [Forwarding getPageSource on session 2462a0d942548af2608fdc2b247b27e6 to remote] DEBUG org.asynchttpclient.netty.request.NettyRequestSender - Using pooled Channel '[id: 0x16be695e, L:/127.0.0.1:57217 - R:localhost/127.0.0.1:12245]' for 'POST' to 'http://localhost:12245/session/2462a0d942548af2608fdc2b247b27e6/execute/sync'
01:36:53.936 [Forwarding getPageSource on session 2462a0d942548af2608fdc2b247b27e6 to remote] DEBUG org.asynchttpclient.netty.request.NettyRequestSender - Using open Channel [id: 0x16be695e, L:/127.0.0.1:57217 - R:localhost/127.0.0.1:12245] for POST '/session/2462a0d942548af2608fdc2b247b27e6/execute/sync'
01:36:53.946 [AsyncHttpClient-1-14] DEBUG org.asynchttpclient.netty.handler.HttpHandler - 

Request DefaultHttpRequest(decodeResult: success, version: HTTP/1.1)
POST /session/2462a0d942548af2608fdc2b247b27e6/execute/sync HTTP/1.1
User-Agent: selenium/4.8.1 (java windows)
Content-Length: 176
Content-Type: application/json; charset=utf-8
host: localhost:12245
accept: */*

Response DefaultHttpResponse(decodeResult: success, version: HTTP/1.1)
HTTP/1.1 200 OK
Content-Length: 97549
Content-Type: application/json; charset=utf-8
cache-control: no-cache

01:36:53.946 [AsyncHttpClient-1-14] DEBUG org.asynchttpclient.netty.channel.ChannelManager - Adding key: http://localhost:12245 for channel [id: 0x16be695e, L:/127.0.0.1:57217 - R:localhost/127.0.0.1:12245]
01:36:53.949 [Forwarding getCurrentUrl on session 2462a0d942548af2608fdc2b247b27e6 to remote] DEBUG org.asynchttpclient.netty.request.NettyRequestSender - Using pooled Channel '[id: 0x16be695e, L:/127.0.0.1:57217 - R:localhost/127.0.0.1:12245]' for 'GET' to 'http://localhost:12245/session/2462a0d942548af2608fdc2b247b27e6/url'
01:36:53.950 [Forwarding getCurrentUrl on session 2462a0d942548af2608fdc2b247b27e6 to remote] DEBUG org.asynchttpclient.netty.request.NettyRequestSender - Using open Channel [id: 0x16be695e, L:/127.0.0.1:57217 - R:localhost/127.0.0.1:12245] for GET '/session/2462a0d942548af2608fdc2b247b27e6/url'
01:36:53.952 [AsyncHttpClient-1-14] DEBUG org.asynchttpclient.netty.handler.HttpHandler - 

Request DefaultFullHttpRequest(decodeResult: success, version: HTTP/1.1, content: EmptyByteBufBE)
GET /session/2462a0d942548af2608fdc2b247b27e6/url HTTP/1.1
User-Agent: selenium/4.8.1 (java windows)
Cache-Control: no-cache
Content-Type: application/json; charset=utf-8
host: localhost:12245
accept: */*

Response DefaultHttpResponse(decodeResult: success, version: HTTP/1.1)
HTTP/1.1 200 OK
Content-Length: 51
Content-Type: application/json; charset=utf-8
cache-control: no-cache

01:36:53.952 [AsyncHttpClient-1-14] DEBUG org.asynchttpclient.netty.channel.ChannelManager - Adding key: http://localhost:12245 for channel [id: 0x16be695e, L:/127.0.0.1:57217 - R:localhost/127.0.0.1:12245]
01:36:53.953 [main] DEBUG net.thucydides.core.steps.StepInterceptor - STARTING STEP: SelectProductSteps.inputIncorrectNomorMeter - inputNomorMeter
01:36:53.955 [Forwarding findElement on session 2462a0d942548af2608fdc2b247b27e6 to remote] DEBUG org.asynchttpclient.netty.request.NettyRequestSender - Using pooled Channel '[id: 0x16be695e, L:/127.0.0.1:57217 - R:localhost/127.0.0.1:12245]' for 'POST' to 'http://localhost:12245/session/2462a0d942548af2608fdc2b247b27e6/element'
01:36:53.955 [Forwarding findElement on session 2462a0d942548af2608fdc2b247b27e6 to remote] DEBUG org.asynchttpclient.netty.request.NettyRequestSender - Using open Channel [id: 0x16be695e, L:/127.0.0.1:57217 - R:localhost/127.0.0.1:12245] for POST '/session/2462a0d942548af2608fdc2b247b27e6/element'
01:36:53.963 [AsyncHttpClient-1-14] DEBUG org.asynchttpclient.netty.handler.HttpHandler - 

Request DefaultHttpRequest(decodeResult: success, version: HTTP/1.1)
POST /session/2462a0d942548af2608fdc2b247b27e6/element HTTP/1.1
User-Agent: selenium/4.8.1 (java windows)
Content-Length: 58
Content-Type: application/json; charset=utf-8
host: localhost:12245
accept: */*

Response DefaultHttpResponse(decodeResult: success, version: HTTP/1.1)
HTTP/1.1 200 OK
Content-Length: 88
Content-Type: application/json; charset=utf-8
cache-control: no-cache

01:36:53.963 [AsyncHttpClient-1-14] DEBUG org.asynchttpclient.netty.channel.ChannelManager - Adding key: http://localhost:12245 for channel [id: 0x16be695e, L:/127.0.0.1:57217 - R:localhost/127.0.0.1:12245]
01:36:53.964 [Forwarding clearElement on session 2462a0d942548af2608fdc2b247b27e6 to remote] DEBUG org.asynchttpclient.netty.request.NettyRequestSender - Using pooled Channel '[id: 0x16be695e, L:/127.0.0.1:57217 - R:localhost/127.0.0.1:12245]' for 'POST' to 'http://localhost:12245/session/2462a0d942548af2608fdc2b247b27e6/element/58794e26-b59b-4b9b-b957-fa8e20d9caf2/clear'
01:36:53.964 [Forwarding clearElement on session 2462a0d942548af2608fdc2b247b27e6 to remote] DEBUG org.asynchttpclient.netty.request.NettyRequestSender - Using open Channel [id: 0x16be695e, L:/127.0.0.1:57217 - R:localhost/127.0.0.1:12245] for POST '/session/2462a0d942548af2608fdc2b247b27e6/element/58794e26-b59b-4b9b-b957-fa8e20d9caf2/clear'
01:36:53.986 [AsyncHttpClient-1-14] DEBUG org.asynchttpclient.netty.handler.HttpHandler - 

Request DefaultHttpRequest(decodeResult: success, version: HTTP/1.1)
POST /session/2462a0d942548af2608fdc2b247b27e6/element/58794e26-b59b-4b9b-b957-fa8e20d9caf2/clear HTTP/1.1
User-Agent: selenium/4.8.1 (java windows)
Content-Length: 50
Content-Type: application/json; charset=utf-8
host: localhost:12245
accept: */*

Response DefaultHttpResponse(decodeResult: success, version: HTTP/1.1)
HTTP/1.1 200 OK
Content-Length: 14
Content-Type: application/json; charset=utf-8
cache-control: no-cache

01:36:53.986 [AsyncHttpClient-1-14] DEBUG org.asynchttpclient.netty.channel.ChannelManager - Adding key: http://localhost:12245 for channel [id: 0x16be695e, L:/127.0.0.1:57217 - R:localhost/127.0.0.1:12245]
01:36:53.987 [Forwarding sendKeysToElement on session 2462a0d942548af2608fdc2b247b27e6 to remote] DEBUG org.asynchttpclient.netty.request.NettyRequestSender - Using pooled Channel '[id: 0x16be695e, L:/127.0.0.1:57217 - R:localhost/127.0.0.1:12245]' for 'POST' to 'http://localhost:12245/session/2462a0d942548af2608fdc2b247b27e6/element/58794e26-b59b-4b9b-b957-fa8e20d9caf2/value'
01:36:53.987 [Forwarding sendKeysToElement on session 2462a0d942548af2608fdc2b247b27e6 to remote] DEBUG org.asynchttpclient.netty.request.NettyRequestSender - Using open Channel [id: 0x16be695e, L:/127.0.0.1:57217 - R:localhost/127.0.0.1:12245] for POST '/session/2462a0d942548af2608fdc2b247b27e6/element/58794e26-b59b-4b9b-b957-fa8e20d9caf2/value'
01:36:54.084 [AsyncHttpClient-1-14] DEBUG org.asynchttpclient.netty.handler.HttpHandler - 

Request DefaultHttpRequest(decodeResult: success, version: HTTP/1.1)
POST /session/2462a0d942548af2608fdc2b247b27e6/element/58794e26-b59b-4b9b-b957-fa8e20d9caf2/value HTTP/1.1
User-Agent: selenium/4.8.1 (java windows)
Content-Length: 191
Content-Type: application/json; charset=utf-8
host: localhost:12245
accept: */*

Response DefaultHttpResponse(decodeResult: success, version: HTTP/1.1)
HTTP/1.1 200 OK
Content-Length: 14
Content-Type: application/json; charset=utf-8
cache-control: no-cache

01:36:54.084 [AsyncHttpClient-1-14] DEBUG org.asynchttpclient.netty.channel.ChannelManager - Adding key: http://localhost:12245 for channel [id: 0x16be695e, L:/127.0.0.1:57217 - R:localhost/127.0.0.1:12245]
01:36:54.087 [Forwarding getAlertText on session 2462a0d942548af2608fdc2b247b27e6 to remote] DEBUG org.asynchttpclient.netty.request.NettyRequestSender - Using pooled Channel '[id: 0x16be695e, L:/127.0.0.1:57217 - R:localhost/127.0.0.1:12245]' for 'GET' to 'http://localhost:12245/session/2462a0d942548af2608fdc2b247b27e6/alert/text'
01:36:54.088 [Forwarding getAlertText on session 2462a0d942548af2608fdc2b247b27e6 to remote] DEBUG org.asynchttpclient.netty.request.NettyRequestSender - Using open Channel [id: 0x16be695e, L:/127.0.0.1:57217 - R:localhost/127.0.0.1:12245] for GET '/session/2462a0d942548af2608fdc2b247b27e6/alert/text'
01:36:54.089 [AsyncHttpClient-1-14] DEBUG org.asynchttpclient.netty.handler.HttpHandler - 

Request DefaultFullHttpRequest(decodeResult: success, version: HTTP/1.1, content: EmptyByteBufBE)
GET /session/2462a0d942548af2608fdc2b247b27e6/alert/text HTTP/1.1
User-Agent: selenium/4.8.1 (java windows)
Cache-Control: no-cache
Content-Type: application/json; charset=utf-8
host: localhost:12245
accept: */*

Response DefaultHttpResponse(decodeResult: success, version: HTTP/1.1)
HTTP/1.1 404 Not Found
Content-Length: 835
Content-Type: application/json; charset=utf-8
cache-control: no-cache

01:36:54.089 [AsyncHttpClient-1-14] DEBUG org.asynchttpclient.netty.channel.ChannelManager - Adding key: http://localhost:12245 for channel [id: 0x16be695e, L:/127.0.0.1:57217 - R:localhost/127.0.0.1:12245]
01:36:54.090 [Forwarding getCurrentUrl on session 2462a0d942548af2608fdc2b247b27e6 to remote] DEBUG org.asynchttpclient.netty.request.NettyRequestSender - Using pooled Channel '[id: 0x16be695e, L:/127.0.0.1:57217 - R:localhost/127.0.0.1:12245]' for 'GET' to 'http://localhost:12245/session/2462a0d942548af2608fdc2b247b27e6/url'
01:36:54.090 [Forwarding getCurrentUrl on session 2462a0d942548af2608fdc2b247b27e6 to remote] DEBUG org.asynchttpclient.netty.request.NettyRequestSender - Using open Channel [id: 0x16be695e, L:/127.0.0.1:57217 - R:localhost/127.0.0.1:12245] for GET '/session/2462a0d942548af2608fdc2b247b27e6/url'
01:36:54.096 [AsyncHttpClient-1-14] DEBUG org.asynchttpclient.netty.handler.HttpHandler - 

Request DefaultFullHttpRequest(decodeResult: success, version: HTTP/1.1, content: EmptyByteBufBE)
GET /session/2462a0d942548af2608fdc2b247b27e6/url HTTP/1.1
User-Agent: selenium/4.8.1 (java windows)
Cache-Control: no-cache
Content-Type: application/json; charset=utf-8
host: localhost:12245
accept: */*

Response DefaultHttpResponse(decodeResult: success, version: HTTP/1.1)
HTTP/1.1 200 OK
Content-Length: 51
Content-Type: application/json; charset=utf-8
cache-control: no-cache

01:36:54.096 [AsyncHttpClient-1-14] DEBUG org.asynchttpclient.netty.channel.ChannelManager - Adding key: http://localhost:12245 for channel [id: 0x16be695e, L:/127.0.0.1:57217 - R:localhost/127.0.0.1:12245]
01:36:54.096 [Forwarding screenshot on session 2462a0d942548af2608fdc2b247b27e6 to remote] DEBUG org.asynchttpclient.netty.request.NettyRequestSender - Using pooled Channel '[id: 0x16be695e, L:/127.0.0.1:57217 - R:localhost/127.0.0.1:12245]' for 'GET' to 'http://localhost:12245/session/2462a0d942548af2608fdc2b247b27e6/screenshot'
01:36:54.096 [Forwarding screenshot on session 2462a0d942548af2608fdc2b247b27e6 to remote] DEBUG org.asynchttpclient.netty.request.NettyRequestSender - Using open Channel [id: 0x16be695e, L:/127.0.0.1:57217 - R:localhost/127.0.0.1:12245] for GET '/session/2462a0d942548af2608fdc2b247b27e6/screenshot'
01:36:54.281 [AsyncHttpClient-1-14] DEBUG org.asynchttpclient.netty.handler.HttpHandler - 

Request DefaultFullHttpRequest(decodeResult: success, version: HTTP/1.1, content: EmptyByteBufBE)
GET /session/2462a0d942548af2608fdc2b247b27e6/screenshot HTTP/1.1
User-Agent: selenium/4.8.1 (java windows)
Cache-Control: no-cache
Content-Type: application/json; charset=utf-8
host: localhost:12245
accept: */*

Response DefaultHttpResponse(decodeResult: success, version: HTTP/1.1)
HTTP/1.1 200 OK
Content-Length: 231892
Content-Type: application/json; charset=utf-8
cache-control: no-cache

01:36:54.281 [AsyncHttpClient-1-14] DEBUG org.asynchttpclient.netty.channel.ChannelManager - Adding key: http://localhost:12245 for channel [id: 0x16be695e, L:/127.0.0.1:57217 - R:localhost/127.0.0.1:12245]
01:36:54.285 [main] DEBUG net.serenitybdd.core.photography.Darkroom - Send negative for processing for target\site\serenity\a645f32dea4042659fa9200793e225f9a050bcf4059b0d988b07f4b8467bb105.png
01:36:54.285 [main] DEBUG net.thucydides.core.steps.StepInterceptor - STEP DONE: inputNomorMeter
  &amp#27;[32mAnd &amp#27;[0m&amp#27;[32mI enter incorrect nomor meter PLN&amp#27;[0m                           &amp#27;[90m# starter.stepdefintions.SelectProductSteps.inputIncorrectNomorMeter()&amp#27;[0m
01:36:54.285 [Darkroom Processing Line] DEBUG net.serenitybdd.core.photography.DarkroomProcessingLine - Processing screenshot image in /var/screenshots/screenshot-2935187091810409236
01:36:54.285 [Darkroom Processing Line] DEBUG net.serenitybdd.core.photography.DarkroomProcessingLine - Saving screenshot to target\site\serenity\a645f32dea4042659fa9200793e225f9a050bcf4059b0d988b07f4b8467bb105.png
01:36:54.290 [Forwarding getPageSource on session 2462a0d942548af2608fdc2b247b27e6 to remote] DEBUG org.asynchttpclient.netty.request.NettyRequestSender - Using pooled Channel '[id: 0x16be695e, L:/127.0.0.1:57217 - R:localhost/127.0.0.1:12245]' for 'POST' to 'http://localhost:12245/session/2462a0d942548af2608fdc2b247b27e6/execute/sync'
01:36:54.290 [Forwarding getPageSource on session 2462a0d942548af2608fdc2b247b27e6 to remote] DEBUG org.asynchttpclient.netty.request.NettyRequestSender - Using open Channel [id: 0x16be695e, L:/127.0.0.1:57217 - R:localhost/127.0.0.1:12245] for POST '/session/2462a0d942548af2608fdc2b247b27e6/execute/sync'
01:36:54.300 [AsyncHttpClient-1-14] DEBUG org.asynchttpclient.netty.handler.HttpHandler - 

Request DefaultHttpRequest(decodeResult: success, version: HTTP/1.1)
POST /session/2462a0d942548af2608fdc2b247b27e6/execute/sync HTTP/1.1
User-Agent: selenium/4.8.1 (java windows)
Content-Length: 176
Content-Type: application/json; charset=utf-8
host: localhost:12245
accept: */*

Response DefaultHttpResponse(decodeResult: success, version: HTTP/1.1)
HTTP/1.1 200 OK
Content-Length: 93866
Content-Type: application/json; charset=utf-8
cache-control: no-cache

01:36:54.300 [AsyncHttpClient-1-14] DEBUG org.asynchttpclient.netty.channel.ChannelManager - Adding key: http://localhost:12245 for channel [id: 0x16be695e, L:/127.0.0.1:57217 - R:localhost/127.0.0.1:12245]
01:36:54.303 [Forwarding getCurrentUrl on session 2462a0d942548af2608fdc2b247b27e6 to remote] DEBUG org.asynchttpclient.netty.request.NettyRequestSender - Using pooled Channel '[id: 0x16be695e, L:/127.0.0.1:57217 - R:localhost/127.0.0.1:12245]' for 'GET' to 'http://localhost:12245/session/2462a0d942548af2608fdc2b247b27e6/url'
01:36:54.304 [Forwarding getCurrentUrl on session 2462a0d942548af2608fdc2b247b27e6 to remote] DEBUG org.asynchttpclient.netty.request.NettyRequestSender - Using open Channel [id: 0x16be695e, L:/127.0.0.1:57217 - R:localhost/127.0.0.1:12245] for GET '/session/2462a0d942548af2608fdc2b247b27e6/url'
01:36:54.307 [AsyncHttpClient-1-14] DEBUG org.asynchttpclient.netty.handler.HttpHandler - 

Request DefaultFullHttpRequest(decodeResult: success, version: HTTP/1.1, content: EmptyByteBufBE)
GET /session/2462a0d942548af2608fdc2b247b27e6/url HTTP/1.1
User-Agent: selenium/4.8.1 (java windows)
Cache-Control: no-cache
Content-Type: application/json; charset=utf-8
host: localhost:12245
accept: */*

Response DefaultHttpResponse(decodeResult: success, version: HTTP/1.1)
HTTP/1.1 200 OK
Content-Length: 51
Content-Type: application/json; charset=utf-8
cache-control: no-cache

01:36:54.307 [AsyncHttpClient-1-14] DEBUG org.asynchttpclient.netty.channel.ChannelManager - Adding key: http://localhost:12245 for channel [id: 0x16be695e, L:/127.0.0.1:57217 - R:localhost/127.0.0.1:12245]
01:36:54.313 [Forwarding getPageSource on session 2462a0d942548af2608fdc2b247b27e6 to remote] DEBUG org.asynchttpclient.netty.request.NettyRequestSender - Using pooled Channel '[id: 0x16be695e, L:/127.0.0.1:57217 - R:localhost/127.0.0.1:12245]' for 'POST' to 'http://localhost:12245/session/2462a0d942548af2608fdc2b247b27e6/execute/sync'
01:36:54.313 [Forwarding getPageSource on session 2462a0d942548af2608fdc2b247b27e6 to remote] DEBUG org.asynchttpclient.netty.request.NettyRequestSender - Using open Channel [id: 0x16be695e, L:/127.0.0.1:57217 - R:localhost/127.0.0.1:12245] for POST '/session/2462a0d942548af2608fdc2b247b27e6/execute/sync'
01:36:54.320 [AsyncHttpClient-1-14] DEBUG org.asynchttpclient.netty.handler.HttpHandler - 

Request DefaultHttpRequest(decodeResult: success, version: HTTP/1.1)
POST /session/2462a0d942548af2608fdc2b247b27e6/execute/sync HTTP/1.1
User-Agent: selenium/4.8.1 (java windows)
Content-Length: 176
Content-Type: application/json; charset=utf-8
host: localhost:12245
accept: */*

Response DefaultHttpResponse(decodeResult: success, version: HTTP/1.1)
HTTP/1.1 200 OK
Content-Length: 93866
Content-Type: application/json; charset=utf-8
cache-control: no-cache

01:36:54.320 [AsyncHttpClient-1-14] DEBUG org.asynchttpclient.netty.channel.ChannelManager - Adding key: http://localhost:12245 for channel [id: 0x16be695e, L:/127.0.0.1:57217 - R:localhost/127.0.0.1:12245]
01:36:54.327 [Forwarding getCurrentUrl on session 2462a0d942548af2608fdc2b247b27e6 to remote] DEBUG org.asynchttpclient.netty.request.NettyRequestSender - Using pooled Channel '[id: 0x16be695e, L:/127.0.0.1:57217 - R:localhost/127.0.0.1:12245]' for 'GET' to 'http://localhost:12245/session/2462a0d942548af2608fdc2b247b27e6/url'
01:36:54.327 [Forwarding getCurrentUrl on session 2462a0d942548af2608fdc2b247b27e6 to remote] DEBUG org.asynchttpclient.netty.request.NettyRequestSender - Using open Channel [id: 0x16be695e, L:/127.0.0.1:57217 - R:localhost/127.0.0.1:12245] for GET '/session/2462a0d942548af2608fdc2b247b27e6/url'
01:36:54.330 [AsyncHttpClient-1-14] DEBUG org.asynchttpclient.netty.handler.HttpHandler - 

Request DefaultFullHttpRequest(decodeResult: success, version: HTTP/1.1, content: EmptyByteBufBE)
GET /session/2462a0d942548af2608fdc2b247b27e6/url HTTP/1.1
User-Agent: selenium/4.8.1 (java windows)
Cache-Control: no-cache
Content-Type: application/json; charset=utf-8
host: localhost:12245
accept: */*

Response DefaultHttpResponse(decodeResult: success, version: HTTP/1.1)
HTTP/1.1 200 OK
Content-Length: 51
Content-Type: application/json; charset=utf-8
cache-control: no-cache

01:36:54.330 [AsyncHttpClient-1-14] DEBUG org.asynchttpclient.netty.channel.ChannelManager - Adding key: http://localhost:12245 for channel [id: 0x16be695e, L:/127.0.0.1:57217 - R:localhost/127.0.0.1:12245]
01:36:54.332 [main] DEBUG net.thucydides.core.steps.StepInterceptor - STARTING STEP: SelectProductSteps.inputNomorHandphone - inputNomorHandphone
01:36:54.338 [Forwarding findElement on session 2462a0d942548af2608fdc2b247b27e6 to remote] DEBUG org.asynchttpclient.netty.request.NettyRequestSender - Using pooled Channel '[id: 0x16be695e, L:/127.0.0.1:57217 - R:localhost/127.0.0.1:12245]' for 'POST' to 'http://localhost:12245/session/2462a0d942548af2608fdc2b247b27e6/element'
01:36:54.338 [Forwarding findElement on session 2462a0d942548af2608fdc2b247b27e6 to remote] DEBUG org.asynchttpclient.netty.request.NettyRequestSender - Using open Channel [id: 0x16be695e, L:/127.0.0.1:57217 - R:localhost/127.0.0.1:12245] for POST '/session/2462a0d942548af2608fdc2b247b27e6/element'
01:36:54.347 [AsyncHttpClient-1-14] DEBUG org.asynchttpclient.netty.handler.HttpHandler - 

Request DefaultHttpRequest(decodeResult: success, version: HTTP/1.1)
POST /session/2462a0d942548af2608fdc2b247b27e6/element HTTP/1.1
User-Agent: selenium/4.8.1 (java windows)
Content-Length: 62
Content-Type: application/json; charset=utf-8
host: localhost:12245
accept: */*

Response DefaultHttpResponse(decodeResult: success, version: HTTP/1.1)
HTTP/1.1 200 OK
Content-Length: 88
Content-Type: application/json; charset=utf-8
cache-control: no-cache

01:36:54.347 [AsyncHttpClient-1-14] DEBUG org.asynchttpclient.netty.channel.ChannelManager - Adding key: http://localhost:12245 for channel [id: 0x16be695e, L:/127.0.0.1:57217 - R:localhost/127.0.0.1:12245]
01:36:54.348 [Forwarding clearElement on session 2462a0d942548af2608fdc2b247b27e6 to remote] DEBUG org.asynchttpclient.netty.request.NettyRequestSender - Using pooled Channel '[id: 0x16be695e, L:/127.0.0.1:57217 - R:localhost/127.0.0.1:12245]' for 'POST' to 'http://localhost:12245/session/2462a0d942548af2608fdc2b247b27e6/element/ae52211b-28af-48f3-960a-4ce5e1814231/clear'
01:36:54.348 [Forwarding clearElement on session 2462a0d942548af2608fdc2b247b27e6 to remote] DEBUG org.asynchttpclient.netty.request.NettyRequestSender - Using open Channel [id: 0x16be695e, L:/127.0.0.1:57217 - R:localhost/127.0.0.1:12245] for POST '/session/2462a0d942548af2608fdc2b247b27e6/element/ae52211b-28af-48f3-960a-4ce5e1814231/clear'
01:36:54.370 [AsyncHttpClient-1-14] DEBUG org.asynchttpclient.netty.handler.HttpHandler - 

Request DefaultHttpRequest(decodeResult: success, version: HTTP/1.1)
POST /session/2462a0d942548af2608fdc2b247b27e6/element/ae52211b-28af-48f3-960a-4ce5e1814231/clear HTTP/1.1
User-Agent: selenium/4.8.1 (java windows)
Content-Length: 50
Content-Type: application/json; charset=utf-8
host: localhost:12245
accept: */*

Response DefaultHttpResponse(decodeResult: success, version: HTTP/1.1)
HTTP/1.1 200 OK
Content-Length: 14
Content-Type: application/json; charset=utf-8
cache-control: no-cache

01:36:54.370 [AsyncHttpClient-1-14] DEBUG org.asynchttpclient.netty.channel.ChannelManager - Adding key: http://localhost:12245 for channel [id: 0x16be695e, L:/127.0.0.1:57217 - R:localhost/127.0.0.1:12245]
01:36:54.371 [Forwarding sendKeysToElement on session 2462a0d942548af2608fdc2b247b27e6 to remote] DEBUG org.asynchttpclient.netty.request.NettyRequestSender - Using pooled Channel '[id: 0x16be695e, L:/127.0.0.1:57217 - R:localhost/127.0.0.1:12245]' for 'POST' to 'http://localhost:12245/session/2462a0d942548af2608fdc2b247b27e6/element/ae52211b-28af-48f3-960a-4ce5e1814231/value'
01:36:54.371 [Forwarding sendKeysToElement on session 2462a0d942548af2608fdc2b247b27e6 to remote] DEBUG org.asynchttpclient.netty.request.NettyRequestSender - Using open Channel [id: 0x16be695e, L:/127.0.0.1:57217 - R:localhost/127.0.0.1:12245] for POST '/session/2462a0d942548af2608fdc2b247b27e6/element/ae52211b-28af-48f3-960a-4ce5e1814231/value'
01:36:54.461 [AsyncHttpClient-1-14] DEBUG org.asynchttpclient.netty.handler.HttpHandler - 

Request DefaultHttpRequest(decodeResult: success, version: HTTP/1.1)
POST /session/2462a0d942548af2608fdc2b247b27e6/element/ae52211b-28af-48f3-960a-4ce5e1814231/value HTTP/1.1
User-Agent: selenium/4.8.1 (java windows)
Content-Length: 201
Content-Type: application/json; charset=utf-8
host: localhost:12245
accept: */*

Response DefaultHttpResponse(decodeResult: success, version: HTTP/1.1)
HTTP/1.1 200 OK
Content-Length: 14
Content-Type: application/json; charset=utf-8
cache-control: no-cache

01:36:54.462 [AsyncHttpClient-1-14] DEBUG org.asynchttpclient.netty.channel.ChannelManager - Adding key: http://localhost:12245 for channel [id: 0x16be695e, L:/127.0.0.1:57217 - R:localhost/127.0.0.1:12245]
01:36:54.466 [Forwarding getAlertText on session 2462a0d942548af2608fdc2b247b27e6 to remote] DEBUG org.asynchttpclient.netty.request.NettyRequestSender - Using pooled Channel '[id: 0x16be695e, L:/127.0.0.1:57217 - R:localhost/127.0.0.1:12245]' for 'GET' to 'http://localhost:12245/session/2462a0d942548af2608fdc2b247b27e6/alert/text'
01:36:54.466 [Forwarding getAlertText on session 2462a0d942548af2608fdc2b247b27e6 to remote] DEBUG org.asynchttpclient.netty.request.NettyRequestSender - Using open Channel [id: 0x16be695e, L:/127.0.0.1:57217 - R:localhost/127.0.0.1:12245] for GET '/session/2462a0d942548af2608fdc2b247b27e6/alert/text'
01:36:54.468 [AsyncHttpClient-1-14] DEBUG org.asynchttpclient.netty.handler.HttpHandler - 

Request DefaultFullHttpRequest(decodeResult: success, version: HTTP/1.1, content: EmptyByteBufBE)
GET /session/2462a0d942548af2608fdc2b247b27e6/alert/text HTTP/1.1
User-Agent: selenium/4.8.1 (java windows)
Cache-Control: no-cache
Content-Type: application/json; charset=utf-8
host: localhost:12245
accept: */*

Response DefaultHttpResponse(decodeResult: success, version: HTTP/1.1)
HTTP/1.1 404 Not Found
Content-Length: 835
Content-Type: application/json; charset=utf-8
cache-control: no-cache

01:36:54.468 [AsyncHttpClient-1-14] DEBUG org.asynchttpclient.netty.channel.ChannelManager - Adding key: http://localhost:12245 for channel [id: 0x16be695e, L:/127.0.0.1:57217 - R:localhost/127.0.0.1:12245]
01:36:54.469 [Forwarding getCurrentUrl on session 2462a0d942548af2608fdc2b247b27e6 to remote] DEBUG org.asynchttpclient.netty.request.NettyRequestSender - Using pooled Channel '[id: 0x16be695e, L:/127.0.0.1:57217 - R:localhost/127.0.0.1:12245]' for 'GET' to 'http://localhost:12245/session/2462a0d942548af2608fdc2b247b27e6/url'
01:36:54.469 [Forwarding getCurrentUrl on session 2462a0d942548af2608fdc2b247b27e6 to remote] DEBUG org.asynchttpclient.netty.request.NettyRequestSender - Using open Channel [id: 0x16be695e, L:/127.0.0.1:57217 - R:localhost/127.0.0.1:12245] for GET '/session/2462a0d942548af2608fdc2b247b27e6/url'
01:36:54.472 [AsyncHttpClient-1-14] DEBUG org.asynchttpclient.netty.handler.HttpHandler - 

Request DefaultFullHttpRequest(decodeResult: success, version: HTTP/1.1, content: EmptyByteBufBE)
GET /session/2462a0d942548af2608fdc2b247b27e6/url HTTP/1.1
User-Agent: selenium/4.8.1 (java windows)
Cache-Control: no-cache
Content-Type: application/json; charset=utf-8
host: localhost:12245
accept: */*

Response DefaultHttpResponse(decodeResult: success, version: HTTP/1.1)
HTTP/1.1 200 OK
Content-Length: 51
Content-Type: application/json; charset=utf-8
cache-control: no-cache

01:36:54.472 [AsyncHttpClient-1-14] DEBUG org.asynchttpclient.netty.channel.ChannelManager - Adding key: http://localhost:12245 for channel [id: 0x16be695e, L:/127.0.0.1:57217 - R:localhost/127.0.0.1:12245]
01:36:54.473 [Forwarding screenshot on session 2462a0d942548af2608fdc2b247b27e6 to remote] DEBUG org.asynchttpclient.netty.request.NettyRequestSender - Using pooled Channel '[id: 0x16be695e, L:/127.0.0.1:57217 - R:localhost/127.0.0.1:12245]' for 'GET' to 'http://localhost:12245/session/2462a0d942548af2608fdc2b247b27e6/screenshot'
01:36:54.473 [Forwarding screenshot on session 2462a0d942548af2608fdc2b247b27e6 to remote] DEBUG org.asynchttpclient.netty.request.NettyRequestSender - Using open Channel [id: 0x16be695e, L:/127.0.0.1:57217 - R:localhost/127.0.0.1:12245] for GET '/session/2462a0d942548af2608fdc2b247b27e6/screenshot'
01:36:54.612 [AsyncHttpClient-1-14] DEBUG org.asynchttpclient.netty.handler.HttpHandler - 

Request DefaultFullHttpRequest(decodeResult: success, version: HTTP/1.1, content: EmptyByteBufBE)
GET /session/2462a0d942548af2608fdc2b247b27e6/screenshot HTTP/1.1
User-Agent: selenium/4.8.1 (java windows)
Cache-Control: no-cache
Content-Type: application/json; charset=utf-8
host: localhost:12245
accept: */*

Response DefaultHttpResponse(decodeResult: success, version: HTTP/1.1)
HTTP/1.1 200 OK
Content-Length: 234920
Content-Type: application/json; charset=utf-8
cache-control: no-cache

01:36:54.613 [AsyncHttpClient-1-14] DEBUG org.asynchttpclient.netty.channel.ChannelManager - Adding key: http://localhost:12245 for channel [id: 0x16be695e, L:/127.0.0.1:57217 - R:localhost/127.0.0.1:12245]
01:36:54.616 [main] DEBUG net.serenitybdd.core.photography.Darkroom - Send negative for processing for target\site\serenity\f656fdf8e16e4337f9ea7e31e385c5f2e1b5509ffa1ad3a9bbbfce2fce27c950.png
01:36:54.616 [main] DEBUG net.thucydides.core.steps.StepInterceptor - STEP DONE: inputNomorHandphone
  &amp#27;[32mAnd &amp#27;[0m&amp#27;[32mI enter correct nomor handphone&amp#27;[0m                             &amp#27;[90m# starter.stepdefintions.SelectProductSteps.inputNomorHandphone()&amp#27;[0m
01:36:54.616 [Darkroom Processing Line] DEBUG net.serenitybdd.core.photography.DarkroomProcessingLine - Processing screenshot image in /var/screenshots/screenshot-5419438521510456861
01:36:54.616 [Darkroom Processing Line] DEBUG net.serenitybdd.core.photography.DarkroomProcessingLine - Saving screenshot to target\site\serenity\f656fdf8e16e4337f9ea7e31e385c5f2e1b5509ffa1ad3a9bbbfce2fce27c950.png
01:36:54.621 [Forwarding getPageSource on session 2462a0d942548af2608fdc2b247b27e6 to remote] DEBUG org.asynchttpclient.netty.request.NettyRequestSender - Using pooled Channel '[id: 0x16be695e, L:/127.0.0.1:57217 - R:localhost/127.0.0.1:12245]' for 'POST' to 'http://localhost:12245/session/2462a0d942548af2608fdc2b247b27e6/execute/sync'
01:36:54.621 [Forwarding getPageSource on session 2462a0d942548af2608fdc2b247b27e6 to remote] DEBUG org.asynchttpclient.netty.request.NettyRequestSender - Using open Channel [id: 0x16be695e, L:/127.0.0.1:57217 - R:localhost/127.0.0.1:12245] for POST '/session/2462a0d942548af2608fdc2b247b27e6/execute/sync'
01:36:54.633 [AsyncHttpClient-1-14] DEBUG org.asynchttpclient.netty.handler.HttpHandler - 

Request DefaultHttpRequest(decodeResult: success, version: HTTP/1.1)
POST /session/2462a0d942548af2608fdc2b247b27e6/execute/sync HTTP/1.1
User-Agent: selenium/4.8.1 (java windows)
Content-Length: 176
Content-Type: application/json; charset=utf-8
host: localhost:12245
accept: */*

Response DefaultHttpResponse(decodeResult: success, version: HTTP/1.1)
HTTP/1.1 200 OK
Content-Length: 94387
Content-Type: application/json; charset=utf-8
cache-control: no-cache

01:36:54.634 [AsyncHttpClient-1-14] DEBUG org.asynchttpclient.netty.channel.ChannelManager - Adding key: http://localhost:12245 for channel [id: 0x16be695e, L:/127.0.0.1:57217 - R:localhost/127.0.0.1:12245]
01:36:54.638 [Forwarding getCurrentUrl on session 2462a0d942548af2608fdc2b247b27e6 to remote] DEBUG org.asynchttpclient.netty.request.NettyRequestSender - Using pooled Channel '[id: 0x16be695e, L:/127.0.0.1:57217 - R:localhost/127.0.0.1:12245]' for 'GET' to 'http://localhost:12245/session/2462a0d942548af2608fdc2b247b27e6/url'
01:36:54.638 [Forwarding getCurrentUrl on session 2462a0d942548af2608fdc2b247b27e6 to remote] DEBUG org.asynchttpclient.netty.request.NettyRequestSender - Using open Channel [id: 0x16be695e, L:/127.0.0.1:57217 - R:localhost/127.0.0.1:12245] for GET '/session/2462a0d942548af2608fdc2b247b27e6/url'
01:36:54.641 [AsyncHttpClient-1-14] DEBUG org.asynchttpclient.netty.handler.HttpHandler - 

Request DefaultFullHttpRequest(decodeResult: success, version: HTTP/1.1, content: EmptyByteBufBE)
GET /session/2462a0d942548af2608fdc2b247b27e6/url HTTP/1.1
User-Agent: selenium/4.8.1 (java windows)
Cache-Control: no-cache
Content-Type: application/json; charset=utf-8
host: localhost:12245
accept: */*

Response DefaultHttpResponse(decodeResult: success, version: HTTP/1.1)
HTTP/1.1 200 OK
Content-Length: 51
Content-Type: application/json; charset=utf-8
cache-control: no-cache

01:36:54.641 [AsyncHttpClient-1-14] DEBUG org.asynchttpclient.netty.channel.ChannelManager - Adding key: http://localhost:12245 for channel [id: 0x16be695e, L:/127.0.0.1:57217 - R:localhost/127.0.0.1:12245]
01:36:54.650 [Forwarding getPageSource on session 2462a0d942548af2608fdc2b247b27e6 to remote] DEBUG org.asynchttpclient.netty.request.NettyRequestSender - Using pooled Channel '[id: 0x16be695e, L:/127.0.0.1:57217 - R:localhost/127.0.0.1:12245]' for 'POST' to 'http://localhost:12245/session/2462a0d942548af2608fdc2b247b27e6/execute/sync'
01:36:54.650 [Forwarding getPageSource on session 2462a0d942548af2608fdc2b247b27e6 to remote] DEBUG org.asynchttpclient.netty.request.NettyRequestSender - Using open Channel [id: 0x16be695e, L:/127.0.0.1:57217 - R:localhost/127.0.0.1:12245] for POST '/session/2462a0d942548af2608fdc2b247b27e6/execute/sync'
01:36:54.658 [AsyncHttpClient-1-14] DEBUG org.asynchttpclient.netty.handler.HttpHandler - 

Request DefaultHttpRequest(decodeResult: success, version: HTTP/1.1)
POST /session/2462a0d942548af2608fdc2b247b27e6/execute/sync HTTP/1.1
User-Agent: selenium/4.8.1 (java windows)
Content-Length: 176
Content-Type: application/json; charset=utf-8
host: localhost:12245
accept: */*

Response DefaultHttpResponse(decodeResult: success, version: HTTP/1.1)
HTTP/1.1 200 OK
Content-Length: 94387
Content-Type: application/json; charset=utf-8
cache-control: no-cache

01:36:54.658 [AsyncHttpClient-1-14] DEBUG org.asynchttpclient.netty.channel.ChannelManager - Adding key: http://localhost:12245 for channel [id: 0x16be695e, L:/127.0.0.1:57217 - R:localhost/127.0.0.1:12245]
01:36:54.661 [Forwarding getCurrentUrl on session 2462a0d942548af2608fdc2b247b27e6 to remote] DEBUG org.asynchttpclient.netty.request.NettyRequestSender - Using pooled Channel '[id: 0x16be695e, L:/127.0.0.1:57217 - R:localhost/127.0.0.1:12245]' for 'GET' to 'http://localhost:12245/session/2462a0d942548af2608fdc2b247b27e6/url'
01:36:54.661 [Forwarding getCurrentUrl on session 2462a0d942548af2608fdc2b247b27e6 to remote] DEBUG org.asynchttpclient.netty.request.NettyRequestSender - Using open Channel [id: 0x16be695e, L:/127.0.0.1:57217 - R:localhost/127.0.0.1:12245] for GET '/session/2462a0d942548af2608fdc2b247b27e6/url'
01:36:54.664 [AsyncHttpClient-1-14] DEBUG org.asynchttpclient.netty.handler.HttpHandler - 

Request DefaultFullHttpRequest(decodeResult: success, version: HTTP/1.1, content: EmptyByteBufBE)
GET /session/2462a0d942548af2608fdc2b247b27e6/url HTTP/1.1
User-Agent: selenium/4.8.1 (java windows)
Cache-Control: no-cache
Content-Type: application/json; charset=utf-8
host: localhost:12245
accept: */*

Response DefaultHttpResponse(decodeResult: success, version: HTTP/1.1)
HTTP/1.1 200 OK
Content-Length: 51
Content-Type: application/json; charset=utf-8
cache-control: no-cache

01:36:54.664 [AsyncHttpClient-1-14] DEBUG org.asynchttpclient.netty.channel.ChannelManager - Adding key: http://localhost:12245 for channel [id: 0x16be695e, L:/127.0.0.1:57217 - R:localhost/127.0.0.1:12245]
01:36:54.666 [main] DEBUG net.thucydides.core.steps.StepInterceptor - STARTING STEP: SelectProductSteps.clickLanjutkanButton - clickLanjutkanButton
01:36:54.667 [Forwarding findElement on session 2462a0d942548af2608fdc2b247b27e6 to remote] DEBUG org.asynchttpclient.netty.request.NettyRequestSender - Using pooled Channel '[id: 0x16be695e, L:/127.0.0.1:57217 - R:localhost/127.0.0.1:12245]' for 'POST' to 'http://localhost:12245/session/2462a0d942548af2608fdc2b247b27e6/element'
01:36:54.667 [Forwarding findElement on session 2462a0d942548af2608fdc2b247b27e6 to remote] DEBUG org.asynchttpclient.netty.request.NettyRequestSender - Using open Channel [id: 0x16be695e, L:/127.0.0.1:57217 - R:localhost/127.0.0.1:12245] for POST '/session/2462a0d942548af2608fdc2b247b27e6/element'
01:36:54.684 [AsyncHttpClient-1-14] DEBUG org.asynchttpclient.netty.handler.HttpHandler - 

Request DefaultHttpRequest(decodeResult: success, version: HTTP/1.1)
POST /session/2462a0d942548af2608fdc2b247b27e6/element HTTP/1.1
User-Agent: selenium/4.8.1 (java windows)
Content-Length: 62
Content-Type: application/json; charset=utf-8
host: localhost:12245
accept: */*

Response DefaultHttpResponse(decodeResult: success, version: HTTP/1.1)
HTTP/1.1 200 OK
Content-Length: 88
Content-Type: application/json; charset=utf-8
cache-control: no-cache

01:36:54.684 [AsyncHttpClient-1-14] DEBUG org.asynchttpclient.netty.channel.ChannelManager - Adding key: http://localhost:12245 for channel [id: 0x16be695e, L:/127.0.0.1:57217 - R:localhost/127.0.0.1:12245]
01:36:54.686 [Forwarding getElementTagName on session 2462a0d942548af2608fdc2b247b27e6 to remote] DEBUG org.asynchttpclient.netty.request.NettyRequestSender - Using pooled Channel '[id: 0x16be695e, L:/127.0.0.1:57217 - R:localhost/127.0.0.1:12245]' for 'GET' to 'http://localhost:12245/session/2462a0d942548af2608fdc2b247b27e6/element/4bc2d4bd-7f1b-4b99-bbc8-4b8897ff6169/name'
01:36:54.686 [Forwarding getElementTagName on session 2462a0d942548af2608fdc2b247b27e6 to remote] DEBUG org.asynchttpclient.netty.request.NettyRequestSender - Using open Channel [id: 0x16be695e, L:/127.0.0.1:57217 - R:localhost/127.0.0.1:12245] for GET '/session/2462a0d942548af2608fdc2b247b27e6/element/4bc2d4bd-7f1b-4b99-bbc8-4b8897ff6169/name'
01:36:54.689 [AsyncHttpClient-1-14] DEBUG org.asynchttpclient.netty.handler.HttpHandler - 

Request DefaultFullHttpRequest(decodeResult: success, version: HTTP/1.1, content: EmptyByteBufBE)
GET /session/2462a0d942548af2608fdc2b247b27e6/element/4bc2d4bd-7f1b-4b99-bbc8-4b8897ff6169/name HTTP/1.1
User-Agent: selenium/4.8.1 (java windows)
Cache-Control: no-cache
Content-Type: application/json; charset=utf-8
host: localhost:12245
accept: */*

Response DefaultHttpResponse(decodeResult: success, version: HTTP/1.1)
HTTP/1.1 200 OK
Content-Length: 16
Content-Type: application/json; charset=utf-8
cache-control: no-cache

01:36:54.689 [AsyncHttpClient-1-14] DEBUG org.asynchttpclient.netty.channel.ChannelManager - Adding key: http://localhost:12245 for channel [id: 0x16be695e, L:/127.0.0.1:57217 - R:localhost/127.0.0.1:12245]
01:36:54.691 [Forwarding getElementTagName on session 2462a0d942548af2608fdc2b247b27e6 to remote] DEBUG org.asynchttpclient.netty.request.NettyRequestSender - Using pooled Channel '[id: 0x16be695e, L:/127.0.0.1:57217 - R:localhost/127.0.0.1:12245]' for 'GET' to 'http://localhost:12245/session/2462a0d942548af2608fdc2b247b27e6/element/4bc2d4bd-7f1b-4b99-bbc8-4b8897ff6169/name'
01:36:54.691 [Forwarding getElementTagName on session 2462a0d942548af2608fdc2b247b27e6 to remote] DEBUG org.asynchttpclient.netty.request.NettyRequestSender - Using open Channel [id: 0x16be695e, L:/127.0.0.1:57217 - R:localhost/127.0.0.1:12245] for GET '/session/2462a0d942548af2608fdc2b247b27e6/element/4bc2d4bd-7f1b-4b99-bbc8-4b8897ff6169/name'
01:36:54.695 [AsyncHttpClient-1-14] DEBUG org.asynchttpclient.netty.handler.HttpHandler - 

Request DefaultFullHttpRequest(decodeResult: success, version: HTTP/1.1, content: EmptyByteBufBE)
GET /session/2462a0d942548af2608fdc2b247b27e6/element/4bc2d4bd-7f1b-4b99-bbc8-4b8897ff6169/name HTTP/1.1
User-Agent: selenium/4.8.1 (java windows)
Cache-Control: no-cache
Content-Type: application/json; charset=utf-8
host: localhost:12245
accept: */*

Response DefaultHttpResponse(decodeResult: success, version: HTTP/1.1)
HTTP/1.1 200 OK
Content-Length: 16
Content-Type: application/json; charset=utf-8
cache-control: no-cache

01:36:54.695 [AsyncHttpClient-1-14] DEBUG org.asynchttpclient.netty.channel.ChannelManager - Adding key: http://localhost:12245 for channel [id: 0x16be695e, L:/127.0.0.1:57217 - R:localhost/127.0.0.1:12245]
01:36:54.697 [Forwarding findElement on session 2462a0d942548af2608fdc2b247b27e6 to remote] DEBUG org.asynchttpclient.netty.request.NettyRequestSender - Using pooled Channel '[id: 0x16be695e, L:/127.0.0.1:57217 - R:localhost/127.0.0.1:12245]' for 'POST' to 'http://localhost:12245/session/2462a0d942548af2608fdc2b247b27e6/element'
01:36:54.697 [Forwarding findElement on session 2462a0d942548af2608fdc2b247b27e6 to remote] DEBUG org.asynchttpclient.netty.request.NettyRequestSender - Using open Channel [id: 0x16be695e, L:/127.0.0.1:57217 - R:localhost/127.0.0.1:12245] for POST '/session/2462a0d942548af2608fdc2b247b27e6/element'
01:36:54.702 [AsyncHttpClient-1-14] DEBUG org.asynchttpclient.netty.handler.HttpHandler - 

Request DefaultHttpRequest(decodeResult: success, version: HTTP/1.1)
POST /session/2462a0d942548af2608fdc2b247b27e6/element HTTP/1.1
User-Agent: selenium/4.8.1 (java windows)
Content-Length: 62
Content-Type: application/json; charset=utf-8
host: localhost:12245
accept: */*

Response DefaultHttpResponse(decodeResult: success, version: HTTP/1.1)
HTTP/1.1 200 OK
Content-Length: 88
Content-Type: application/json; charset=utf-8
cache-control: no-cache

01:36:54.703 [AsyncHttpClient-1-14] DEBUG org.asynchttpclient.netty.channel.ChannelManager - Adding key: http://localhost:12245 for channel [id: 0x16be695e, L:/127.0.0.1:57217 - R:localhost/127.0.0.1:12245]
01:36:54.704 [Forwarding clickElement on session 2462a0d942548af2608fdc2b247b27e6 to remote] DEBUG org.asynchttpclient.netty.request.NettyRequestSender - Using pooled Channel '[id: 0x16be695e, L:/127.0.0.1:57217 - R:localhost/127.0.0.1:12245]' for 'POST' to 'http://localhost:12245/session/2462a0d942548af2608fdc2b247b27e6/element/4bc2d4bd-7f1b-4b99-bbc8-4b8897ff6169/click'
01:36:54.704 [Forwarding clickElement on session 2462a0d942548af2608fdc2b247b27e6 to remote] DEBUG org.asynchttpclient.netty.request.NettyRequestSender - Using open Channel [id: 0x16be695e, L:/127.0.0.1:57217 - R:localhost/127.0.0.1:12245] for POST '/session/2462a0d942548af2608fdc2b247b27e6/element/4bc2d4bd-7f1b-4b99-bbc8-4b8897ff6169/click'
01:36:54.776 [AsyncHttpClient-1-14] DEBUG org.asynchttpclient.netty.handler.HttpHandler - 

Request DefaultHttpRequest(decodeResult: success, version: HTTP/1.1)
POST /session/2462a0d942548af2608fdc2b247b27e6/element/4bc2d4bd-7f1b-4b99-bbc8-4b8897ff6169/click HTTP/1.1
User-Agent: selenium/4.8.1 (java windows)
Content-Length: 50
Content-Type: application/json; charset=utf-8
host: localhost:12245
accept: */*

Response DefaultHttpResponse(decodeResult: success, version: HTTP/1.1)
HTTP/1.1 200 OK
Content-Length: 14
Content-Type: application/json; charset=utf-8
cache-control: no-cache

01:36:54.777 [AsyncHttpClient-1-14] DEBUG org.asynchttpclient.netty.channel.ChannelManager - Adding key: http://localhost:12245 for channel [id: 0x16be695e, L:/127.0.0.1:57217 - R:localhost/127.0.0.1:12245]
01:36:54.782 [Forwarding getAlertText on session 2462a0d942548af2608fdc2b247b27e6 to remote] DEBUG org.asynchttpclient.netty.request.NettyRequestSender - Using pooled Channel '[id: 0x16be695e, L:/127.0.0.1:57217 - R:localhost/127.0.0.1:12245]' for 'GET' to 'http://localhost:12245/session/2462a0d942548af2608fdc2b247b27e6/alert/text'
01:36:54.782 [Forwarding getAlertText on session 2462a0d942548af2608fdc2b247b27e6 to remote] DEBUG org.asynchttpclient.netty.request.NettyRequestSender - Using open Channel [id: 0x16be695e, L:/127.0.0.1:57217 - R:localhost/127.0.0.1:12245] for GET '/session/2462a0d942548af2608fdc2b247b27e6/alert/text'
01:36:54.783 [AsyncHttpClient-1-14] DEBUG org.asynchttpclient.netty.handler.HttpHandler - 

Request DefaultFullHttpRequest(decodeResult: success, version: HTTP/1.1, content: EmptyByteBufBE)
GET /session/2462a0d942548af2608fdc2b247b27e6/alert/text HTTP/1.1
User-Agent: selenium/4.8.1 (java windows)
Cache-Control: no-cache
Content-Type: application/json; charset=utf-8
host: localhost:12245
accept: */*

Response DefaultHttpResponse(decodeResult: success, version: HTTP/1.1)
HTTP/1.1 404 Not Found
Content-Length: 835
Content-Type: application/json; charset=utf-8
cache-control: no-cache

01:36:54.784 [AsyncHttpClient-1-14] DEBUG org.asynchttpclient.netty.channel.ChannelManager - Adding key: http://localhost:12245 for channel [id: 0x16be695e, L:/127.0.0.1:57217 - R:localhost/127.0.0.1:12245]
01:36:54.785 [Forwarding getCurrentUrl on session 2462a0d942548af2608fdc2b247b27e6 to remote] DEBUG org.asynchttpclient.netty.request.NettyRequestSender - Using pooled Channel '[id: 0x16be695e, L:/127.0.0.1:57217 - R:localhost/127.0.0.1:12245]' for 'GET' to 'http://localhost:12245/session/2462a0d942548af2608fdc2b247b27e6/url'
01:36:54.785 [Forwarding getCurrentUrl on session 2462a0d942548af2608fdc2b247b27e6 to remote] DEBUG org.asynchttpclient.netty.request.NettyRequestSender - Using open Channel [id: 0x16be695e, L:/127.0.0.1:57217 - R:localhost/127.0.0.1:12245] for GET '/session/2462a0d942548af2608fdc2b247b27e6/url'
01:36:54.788 [AsyncHttpClient-1-14] DEBUG org.asynchttpclient.netty.handler.HttpHandler - 

Request DefaultFullHttpRequest(decodeResult: success, version: HTTP/1.1, content: EmptyByteBufBE)
GET /session/2462a0d942548af2608fdc2b247b27e6/url HTTP/1.1
User-Agent: selenium/4.8.1 (java windows)
Cache-Control: no-cache
Content-Type: application/json; charset=utf-8
host: localhost:12245
accept: */*

Response DefaultHttpResponse(decodeResult: success, version: HTTP/1.1)
HTTP/1.1 200 OK
Content-Length: 51
Content-Type: application/json; charset=utf-8
cache-control: no-cache

01:36:54.788 [AsyncHttpClient-1-14] DEBUG org.asynchttpclient.netty.channel.ChannelManager - Adding key: http://localhost:12245 for channel [id: 0x16be695e, L:/127.0.0.1:57217 - R:localhost/127.0.0.1:12245]
01:36:54.789 [Forwarding screenshot on session 2462a0d942548af2608fdc2b247b27e6 to remote] DEBUG org.asynchttpclient.netty.request.NettyRequestSender - Using pooled Channel '[id: 0x16be695e, L:/127.0.0.1:57217 - R:localhost/127.0.0.1:12245]' for 'GET' to 'http://localhost:12245/session/2462a0d942548af2608fdc2b247b27e6/screenshot'
01:36:54.789 [Forwarding screenshot on session 2462a0d942548af2608fdc2b247b27e6 to remote] DEBUG org.asynchttpclient.netty.request.NettyRequestSender - Using open Channel [id: 0x16be695e, L:/127.0.0.1:57217 - R:localhost/127.0.0.1:12245] for GET '/session/2462a0d942548af2608fdc2b247b27e6/screenshot'
01:36:54.885 [AsyncHttpClient-1-1] DEBUG org.asynchttpclient.netty.channel.DefaultChannelPool - Entry count for : http://localhost:57219 : 1
01:36:54.940 [AsyncHttpClient-1-14] DEBUG org.asynchttpclient.netty.handler.HttpHandler - 

Request DefaultFullHttpRequest(decodeResult: success, version: HTTP/1.1, content: EmptyByteBufBE)
GET /session/2462a0d942548af2608fdc2b247b27e6/screenshot HTTP/1.1
User-Agent: selenium/4.8.1 (java windows)
Cache-Control: no-cache
Content-Type: application/json; charset=utf-8
host: localhost:12245
accept: */*

Response DefaultHttpResponse(decodeResult: success, version: HTTP/1.1)
HTTP/1.1 200 OK
Content-Length: 171172
Content-Type: application/json; charset=utf-8
cache-control: no-cache

01:36:54.941 [AsyncHttpClient-1-14] DEBUG org.asynchttpclient.netty.channel.ChannelManager - Adding key: http://localhost:12245 for channel [id: 0x16be695e, L:/127.0.0.1:57217 - R:localhost/127.0.0.1:12245]
01:36:54.943 [main] DEBUG net.serenitybdd.core.photography.Darkroom - Send negative for processing for target\site\serenity\dc8812999f42565dde374039f15ee1bab64ec786deea9d68755073c2bce39bb1.png
01:36:54.944 [main] DEBUG net.thucydides.core.steps.StepInterceptor - STEP DONE: clickLanjutkanButton
  &amp#27;[32mWhen &amp#27;[0m&amp#27;[32mI click on the lanjutkan button&amp#27;[0m                            &amp#27;[90m# starter.stepdefintions.SelectProductSteps.clickLanjutkanButton()&amp#27;[0m
01:36:54.944 [Darkroom Processing Line] DEBUG net.serenitybdd.core.photography.DarkroomProcessingLine - Processing screenshot image in /var/screenshots/screenshot-13718689687269956157
01:36:54.944 [Darkroom Processing Line] DEBUG net.serenitybdd.core.photography.DarkroomProcessingLine - Saving screenshot to target\site\serenity\dc8812999f42565dde374039f15ee1bab64ec786deea9d68755073c2bce39bb1.png
01:36:54.949 [Forwarding getPageSource on session 2462a0d942548af2608fdc2b247b27e6 to remote] DEBUG org.asynchttpclient.netty.request.NettyRequestSender - Using pooled Channel '[id: 0x16be695e, L:/127.0.0.1:57217 - R:localhost/127.0.0.1:12245]' for 'POST' to 'http://localhost:12245/session/2462a0d942548af2608fdc2b247b27e6/execute/sync'
01:36:54.949 [Forwarding getPageSource on session 2462a0d942548af2608fdc2b247b27e6 to remote] DEBUG org.asynchttpclient.netty.request.NettyRequestSender - Using open Channel [id: 0x16be695e, L:/127.0.0.1:57217 - R:localhost/127.0.0.1:12245] for POST '/session/2462a0d942548af2608fdc2b247b27e6/execute/sync'
01:36:54.956 [AsyncHttpClient-1-14] DEBUG org.asynchttpclient.netty.handler.HttpHandler - 

Request DefaultHttpRequest(decodeResult: success, version: HTTP/1.1)
POST /session/2462a0d942548af2608fdc2b247b27e6/execute/sync HTTP/1.1
User-Agent: selenium/4.8.1 (java windows)
Content-Length: 176
Content-Type: application/json; charset=utf-8
host: localhost:12245
accept: */*

Response DefaultHttpResponse(decodeResult: success, version: HTTP/1.1)
HTTP/1.1 200 OK
Content-Length: 98834
Content-Type: application/json; charset=utf-8
cache-control: no-cache

01:36:54.956 [AsyncHttpClient-1-14] DEBUG org.asynchttpclient.netty.channel.ChannelManager - Adding key: http://localhost:12245 for channel [id: 0x16be695e, L:/127.0.0.1:57217 - R:localhost/127.0.0.1:12245]
01:36:54.961 [Forwarding getCurrentUrl on session 2462a0d942548af2608fdc2b247b27e6 to remote] DEBUG org.asynchttpclient.netty.request.NettyRequestSender - Using pooled Channel '[id: 0x16be695e, L:/127.0.0.1:57217 - R:localhost/127.0.0.1:12245]' for 'GET' to 'http://localhost:12245/session/2462a0d942548af2608fdc2b247b27e6/url'
01:36:54.961 [Forwarding getCurrentUrl on session 2462a0d942548af2608fdc2b247b27e6 to remote] DEBUG org.asynchttpclient.netty.request.NettyRequestSender - Using open Channel [id: 0x16be695e, L:/127.0.0.1:57217 - R:localhost/127.0.0.1:12245] for GET '/session/2462a0d942548af2608fdc2b247b27e6/url'
01:36:54.964 [AsyncHttpClient-1-14] DEBUG org.asynchttpclient.netty.handler.HttpHandler - 

Request DefaultFullHttpRequest(decodeResult: success, version: HTTP/1.1, content: EmptyByteBufBE)
GET /session/2462a0d942548af2608fdc2b247b27e6/url HTTP/1.1
User-Agent: selenium/4.8.1 (java windows)
Cache-Control: no-cache
Content-Type: application/json; charset=utf-8
host: localhost:12245
accept: */*

Response DefaultHttpResponse(decodeResult: success, version: HTTP/1.1)
HTTP/1.1 200 OK
Content-Length: 51
Content-Type: application/json; charset=utf-8
cache-control: no-cache

01:36:54.964 [AsyncHttpClient-1-14] DEBUG org.asynchttpclient.netty.channel.ChannelManager - Adding key: http://localhost:12245 for channel [id: 0x16be695e, L:/127.0.0.1:57217 - R:localhost/127.0.0.1:12245]
01:36:54.970 [Forwarding getPageSource on session 2462a0d942548af2608fdc2b247b27e6 to remote] DEBUG org.asynchttpclient.netty.request.NettyRequestSender - Using pooled Channel '[id: 0x16be695e, L:/127.0.0.1:57217 - R:localhost/127.0.0.1:12245]' for 'POST' to 'http://localhost:12245/session/2462a0d942548af2608fdc2b247b27e6/execute/sync'
01:36:54.970 [Forwarding getPageSource on session 2462a0d942548af2608fdc2b247b27e6 to remote] DEBUG org.asynchttpclient.netty.request.NettyRequestSender - Using open Channel [id: 0x16be695e, L:/127.0.0.1:57217 - R:localhost/127.0.0.1:12245] for POST '/session/2462a0d942548af2608fdc2b247b27e6/execute/sync'
01:36:54.977 [AsyncHttpClient-1-14] DEBUG org.asynchttpclient.netty.handler.HttpHandler - 

Request DefaultHttpRequest(decodeResult: success, version: HTTP/1.1)
POST /session/2462a0d942548af2608fdc2b247b27e6/execute/sync HTTP/1.1
User-Agent: selenium/4.8.1 (java windows)
Content-Length: 176
Content-Type: application/json; charset=utf-8
host: localhost:12245
accept: */*

Response DefaultHttpResponse(decodeResult: success, version: HTTP/1.1)
HTTP/1.1 200 OK
Content-Length: 98834
Content-Type: application/json; charset=utf-8
cache-control: no-cache

01:36:54.977 [AsyncHttpClient-1-14] DEBUG org.asynchttpclient.netty.channel.ChannelManager - Adding key: http://localhost:12245 for channel [id: 0x16be695e, L:/127.0.0.1:57217 - R:localhost/127.0.0.1:12245]
01:36:54.980 [Forwarding getCurrentUrl on session 2462a0d942548af2608fdc2b247b27e6 to remote] DEBUG org.asynchttpclient.netty.request.NettyRequestSender - Using pooled Channel '[id: 0x16be695e, L:/127.0.0.1:57217 - R:localhost/127.0.0.1:12245]' for 'GET' to 'http://localhost:12245/session/2462a0d942548af2608fdc2b247b27e6/url'
01:36:54.980 [Forwarding getCurrentUrl on session 2462a0d942548af2608fdc2b247b27e6 to remote] DEBUG org.asynchttpclient.netty.request.NettyRequestSender - Using open Channel [id: 0x16be695e, L:/127.0.0.1:57217 - R:localhost/127.0.0.1:12245] for GET '/session/2462a0d942548af2608fdc2b247b27e6/url'
01:36:54.983 [AsyncHttpClient-1-14] DEBUG org.asynchttpclient.netty.handler.HttpHandler - 

Request DefaultFullHttpRequest(decodeResult: success, version: HTTP/1.1, content: EmptyByteBufBE)
GET /session/2462a0d942548af2608fdc2b247b27e6/url HTTP/1.1
User-Agent: selenium/4.8.1 (java windows)
Cache-Control: no-cache
Content-Type: application/json; charset=utf-8
host: localhost:12245
accept: */*

Response DefaultHttpResponse(decodeResult: success, version: HTTP/1.1)
HTTP/1.1 200 OK
Content-Length: 51
Content-Type: application/json; charset=utf-8
cache-control: no-cache

01:36:54.983 [AsyncHttpClient-1-14] DEBUG org.asynchttpclient.netty.channel.ChannelManager - Adding key: http://localhost:12245 for channel [id: 0x16be695e, L:/127.0.0.1:57217 - R:localhost/127.0.0.1:12245]
01:36:54.985 [main] DEBUG net.thucydides.core.steps.StepInterceptor - STARTING STEP: SelectProductSteps.validateWarningMessage - validateWarningMessage
01:36:54.986 [Forwarding findElement on session 2462a0d942548af2608fdc2b247b27e6 to remote] DEBUG org.asynchttpclient.netty.request.NettyRequestSender - Using pooled Channel '[id: 0x16be695e, L:/127.0.0.1:57217 - R:localhost/127.0.0.1:12245]' for 'POST' to 'http://localhost:12245/session/2462a0d942548af2608fdc2b247b27e6/element'
01:36:54.986 [Forwarding findElement on session 2462a0d942548af2608fdc2b247b27e6 to remote] DEBUG org.asynchttpclient.netty.request.NettyRequestSender - Using open Channel [id: 0x16be695e, L:/127.0.0.1:57217 - R:localhost/127.0.0.1:12245] for POST '/session/2462a0d942548af2608fdc2b247b27e6/element'
01:36:55.492 [AsyncHttpClient-1-14] DEBUG org.asynchttpclient.netty.handler.HttpHandler - 

Request DefaultHttpRequest(decodeResult: success, version: HTTP/1.1)
POST /session/2462a0d942548af2608fdc2b247b27e6/element HTTP/1.1
User-Agent: selenium/4.8.1 (java windows)
Content-Length: 114
Content-Type: application/json; charset=utf-8
host: localhost:12245
accept: */*

Response DefaultHttpResponse(decodeResult: success, version: HTTP/1.1)
HTTP/1.1 200 OK
Content-Length: 88
Content-Type: application/json; charset=utf-8
cache-control: no-cache

01:36:55.492 [AsyncHttpClient-1-14] DEBUG org.asynchttpclient.netty.channel.ChannelManager - Adding key: http://localhost:12245 for channel [id: 0x16be695e, L:/127.0.0.1:57217 - R:localhost/127.0.0.1:12245]
01:36:55.494 [Forwarding isElementDisplayed on session 2462a0d942548af2608fdc2b247b27e6 to remote] DEBUG org.asynchttpclient.netty.request.NettyRequestSender - Using pooled Channel '[id: 0x16be695e, L:/127.0.0.1:57217 - R:localhost/127.0.0.1:12245]' for 'POST' to 'http://localhost:12245/session/2462a0d942548af2608fdc2b247b27e6/execute/sync'
01:36:55.494 [Forwarding isElementDisplayed on session 2462a0d942548af2608fdc2b247b27e6 to remote] DEBUG org.asynchttpclient.netty.request.NettyRequestSender - Using open Channel [id: 0x16be695e, L:/127.0.0.1:57217 - R:localhost/127.0.0.1:12245] for POST '/session/2462a0d942548af2608fdc2b247b27e6/execute/sync'
01:36:55.504 [AsyncHttpClient-1-14] DEBUG org.asynchttpclient.netty.handler.HttpHandler - 

Request DefaultHttpRequest(decodeResult: success, version: HTTP/1.1)
POST /session/2462a0d942548af2608fdc2b247b27e6/execute/sync HTTP/1.1
User-Agent: selenium/4.8.1 (java windows)
Content-Length: 48807
Content-Type: application/json; charset=utf-8
host: localhost:12245
accept: */*

Response DefaultHttpResponse(decodeResult: success, version: HTTP/1.1)
HTTP/1.1 200 OK
Content-Length: 14
Content-Type: application/json; charset=utf-8
cache-control: no-cache

01:36:55.504 [AsyncHttpClient-1-14] DEBUG org.asynchttpclient.netty.channel.ChannelManager - Adding key: http://localhost:12245 for channel [id: 0x16be695e, L:/127.0.0.1:57217 - R:localhost/127.0.0.1:12245]
01:36:55.507 [Forwarding getAlertText on session 2462a0d942548af2608fdc2b247b27e6 to remote] DEBUG org.asynchttpclient.netty.request.NettyRequestSender - Using pooled Channel '[id: 0x16be695e, L:/127.0.0.1:57217 - R:localhost/127.0.0.1:12245]' for 'GET' to 'http://localhost:12245/session/2462a0d942548af2608fdc2b247b27e6/alert/text'
01:36:55.507 [Forwarding getAlertText on session 2462a0d942548af2608fdc2b247b27e6 to remote] DEBUG org.asynchttpclient.netty.request.NettyRequestSender - Using open Channel [id: 0x16be695e, L:/127.0.0.1:57217 - R:localhost/127.0.0.1:12245] for GET '/session/2462a0d942548af2608fdc2b247b27e6/alert/text'
01:36:55.508 [AsyncHttpClient-1-14] DEBUG org.asynchttpclient.netty.handler.HttpHandler - 

Request DefaultFullHttpRequest(decodeResult: success, version: HTTP/1.1, content: EmptyByteBufBE)
GET /session/2462a0d942548af2608fdc2b247b27e6/alert/text HTTP/1.1
User-Agent: selenium/4.8.1 (java windows)
Cache-Control: no-cache
Content-Type: application/json; charset=utf-8
host: localhost:12245
accept: */*

Response DefaultHttpResponse(decodeResult: success, version: HTTP/1.1)
HTTP/1.1 404 Not Found
Content-Length: 835
Content-Type: application/json; charset=utf-8
cache-control: no-cache

01:36:55.508 [AsyncHttpClient-1-14] DEBUG org.asynchttpclient.netty.channel.ChannelManager - Adding key: http://localhost:12245 for channel [id: 0x16be695e, L:/127.0.0.1:57217 - R:localhost/127.0.0.1:12245]
01:36:55.509 [Forwarding getCurrentUrl on session 2462a0d942548af2608fdc2b247b27e6 to remote] DEBUG org.asynchttpclient.netty.request.NettyRequestSender - Using pooled Channel '[id: 0x16be695e, L:/127.0.0.1:57217 - R:localhost/127.0.0.1:12245]' for 'GET' to 'http://localhost:12245/session/2462a0d942548af2608fdc2b247b27e6/url'
01:36:55.509 [Forwarding getCurrentUrl on session 2462a0d942548af2608fdc2b247b27e6 to remote] DEBUG org.asynchttpclient.netty.request.NettyRequestSender - Using open Channel [id: 0x16be695e, L:/127.0.0.1:57217 - R:localhost/127.0.0.1:12245] for GET '/session/2462a0d942548af2608fdc2b247b27e6/url'
01:36:55.512 [AsyncHttpClient-1-14] DEBUG org.asynchttpclient.netty.handler.HttpHandler - 

Request DefaultFullHttpRequest(decodeResult: success, version: HTTP/1.1, content: EmptyByteBufBE)
GET /session/2462a0d942548af2608fdc2b247b27e6/url HTTP/1.1
User-Agent: selenium/4.8.1 (java windows)
Cache-Control: no-cache
Content-Type: application/json; charset=utf-8
host: localhost:12245
accept: */*

Response DefaultHttpResponse(decodeResult: success, version: HTTP/1.1)
HTTP/1.1 200 OK
Content-Length: 51
Content-Type: application/json; charset=utf-8
cache-control: no-cache

01:36:55.512 [AsyncHttpClient-1-14] DEBUG org.asynchttpclient.netty.channel.ChannelManager - Adding key: http://localhost:12245 for channel [id: 0x16be695e, L:/127.0.0.1:57217 - R:localhost/127.0.0.1:12245]
01:36:55.513 [Forwarding screenshot on session 2462a0d942548af2608fdc2b247b27e6 to remote] DEBUG org.asynchttpclient.netty.request.NettyRequestSender - Using pooled Channel '[id: 0x16be695e, L:/127.0.0.1:57217 - R:localhost/127.0.0.1:12245]' for 'GET' to 'http://localhost:12245/session/2462a0d942548af2608fdc2b247b27e6/screenshot'
01:36:55.513 [Forwarding screenshot on session 2462a0d942548af2608fdc2b247b27e6 to remote] DEBUG org.asynchttpclient.netty.request.NettyRequestSender - Using open Channel [id: 0x16be695e, L:/127.0.0.1:57217 - R:localhost/127.0.0.1:12245] for GET '/session/2462a0d942548af2608fdc2b247b27e6/screenshot'
01:36:55.645 [AsyncHttpClient-1-14] DEBUG org.asynchttpclient.netty.handler.HttpHandler - 

Request DefaultFullHttpRequest(decodeResult: success, version: HTTP/1.1, content: EmptyByteBufBE)
GET /session/2462a0d942548af2608fdc2b247b27e6/screenshot HTTP/1.1
User-Agent: selenium/4.8.1 (java windows)
Cache-Control: no-cache
Content-Type: application/json; charset=utf-8
host: localhost:12245
accept: */*

Response DefaultHttpResponse(decodeResult: success, version: HTTP/1.1)
HTTP/1.1 200 OK
Content-Length: 237984
Content-Type: application/json; charset=utf-8
cache-control: no-cache

01:36:55.647 [AsyncHttpClient-1-14] DEBUG org.asynchttpclient.netty.channel.ChannelManager - Adding key: http://localhost:12245 for channel [id: 0x16be695e, L:/127.0.0.1:57217 - R:localhost/127.0.0.1:12245]
01:36:55.650 [main] DEBUG net.serenitybdd.core.photography.Darkroom - Send negative for processing for target\site\serenity\766fab28d36120a49ffb4216347f69161bd97ab99bb9612ac3667ba1bc27fda4.png
01:36:55.651 [main] DEBUG net.thucydides.core.steps.StepInterceptor - STEP DONE: validateWarningMessage
  &amp#27;[32mThen &amp#27;[0m&amp#27;[32mI should see the warning message&amp#27;[0m                           &amp#27;[90m# starter.stepdefintions.SelectProductSteps.validateWarningMessage()&amp#27;[0m
01:36:55.651 [Darkroom Processing Line] DEBUG net.serenitybdd.core.photography.DarkroomProcessingLine - Processing screenshot image in /var/screenshots/screenshot-10539616795696198154
01:36:55.651 [Darkroom Processing Line] DEBUG net.serenitybdd.core.photography.DarkroomProcessingLine - Saving screenshot to target\site\serenity\766fab28d36120a49ffb4216347f69161bd97ab99bb9612ac3667ba1bc27fda4.png
01:36:55.654 [main] INFO  - 
  _____   ___   ___   _____     ___     _     ___   ___   ___   ___  
 |_   _| | __| / __| |_   _|   | _ \   /_\   / __| / __| | __| |   \ 
   | |   | _|  \__ \   | |     |  _/  / _ \  \__ \ \__ \ | _|  | |) |
   |_|   |___| |___/   |_|     |_|   /_/ \_\ |___/ |___/ |___| |___/ 

Input incorrect nomor meter and correct nomor handphone
----------------------------------------------------------------------
01:36:55.655 [AsyncHttpClient-1-16] DEBUG org.asynchttpclient.netty.handler.WebSocketHandler - Channel Closed: [id: 0x3d446c60, L:/127.0.0.1:57227 ! R:localhost/127.0.0.1:57219] with attribute NettyResponseFuture{currentRetry=0,
	isDone=1,
	isCancelled=0,
	asyncHandler=org.asynchttpclient.ws.WebSocketUpgradeHandler@6d0b3d03,
	nettyRequest=org.asynchttpclient.netty.request.NettyRequest@2809bec6,
	future=java.util.concurrent.CompletableFuture@5534357a[Completed normally],
	uri=ws://localhost:57219/devtools/browser/d5ac2d76-b43b-49dc-a1a1-2fd0d5e56612,
	keepAlive=true,
	redirectCount=0,
	timeoutsHolder=null,
	inAuth=0,
	touch=1680979008460}
01:36:55.655 [AsyncHttpClient-1-16] DEBUG org.asynchttpclient.netty.channel.ChannelManager - Closing Channel [id: 0x3d446c60, L:/127.0.0.1:57227 ! R:localhost/127.0.0.1:57219] 
01:36:55.655 [Driver Command Executor] DEBUG org.asynchttpclient.netty.request.NettyRequestSender - Using pooled Channel '[id: 0x16be695e, L:/127.0.0.1:57217 - R:localhost/127.0.0.1:12245]' for 'DELETE' to 'http://localhost:12245/session/2462a0d942548af2608fdc2b247b27e6'
01:36:55.655 [Driver Command Executor] DEBUG org.asynchttpclient.netty.request.NettyRequestSender - Using open Channel [id: 0x16be695e, L:/127.0.0.1:57217 - R:localhost/127.0.0.1:12245] for DELETE '/session/2462a0d942548af2608fdc2b247b27e6'
01:36:55.677 [AsyncHttpClient-1-15] DEBUG org.asynchttpclient.netty.handler.HttpHandler - Unexpected I/O exception on channel [id: 0xb88085f0, L:/127.0.0.1:57226 - R:localhost/127.0.0.1:57219]
java.net.SocketException: Connection reset
	at java.base/sun.nio.ch.SocketChannelImpl.throwConnectionReset(SocketChannelImpl.java:367)
	at java.base/sun.nio.ch.SocketChannelImpl.read(SocketChannelImpl.java:398)
	at io.netty.buffer.PooledByteBuf.setBytes(PooledByteBuf.java:259)
	at io.netty.buffer.AbstractByteBuf.writeBytes(AbstractByteBuf.java:1132)
	at io.netty.channel.socket.nio.NioSocketChannel.doReadBytes(NioSocketChannel.java:357)
	at io.netty.channel.nio.AbstractNioByteChannel$NioByteUnsafe.read(AbstractNioByteChannel.java:151)
	at io.netty.channel.nio.NioEventLoop.processSelectedKey(NioEventLoop.java:788)
	at io.netty.channel.nio.NioEventLoop.processSelectedKeysOptimized(NioEventLoop.java:724)
	at io.netty.channel.nio.NioEventLoop.processSelectedKeys(NioEventLoop.java:650)
	at io.netty.channel.nio.NioEventLoop.run(NioEventLoop.java:562)
	at io.netty.util.concurrent.SingleThreadEventExecutor$4.run(SingleThreadEventExecutor.java:997)
	at io.netty.util.internal.ThreadExecutorMap$2.run(ThreadExecutorMap.java:74)
	at io.netty.util.concurrent.FastThreadLocalRunnable.run(FastThreadLocalRunnable.java:30)
	at java.base/java.lang.Thread.run(Thread.java:832)
01:36:55.677 [AsyncHttpClient-1-15] DEBUG org.asynchttpclient.netty.channel.ChannelManager - Closing Channel [id: 0xb88085f0, L:/127.0.0.1:57226 - R:localhost/127.0.0.1:57219] 
01:36:55.677 [AsyncHttpClient-1-15] DEBUG org.asynchttpclient.netty.handler.HttpHandler - Channel Closed: [id: 0xb88085f0, L:/127.0.0.1:57226 ! R:localhost/127.0.0.1:57219] with attribute DISCARD
01:36:55.688 [AsyncHttpClient-1-14] DEBUG org.asynchttpclient.netty.handler.HttpHandler - 

Request DefaultFullHttpRequest(decodeResult: success, version: HTTP/1.1, content: EmptyByteBufBE)
DELETE /session/2462a0d942548af2608fdc2b247b27e6 HTTP/1.1
User-Agent: selenium/4.8.1 (java windows)
Content-Type: application/json; charset=utf-8
host: localhost:12245
accept: */*

Response DefaultHttpResponse(decodeResult: success, version: HTTP/1.1)
HTTP/1.1 200 OK
Content-Length: 14
Content-Type: application/json; charset=utf-8
cache-control: no-cache

01:36:55.688 [AsyncHttpClient-1-14] DEBUG org.asynchttpclient.netty.channel.ChannelManager - Adding key: http://localhost:12245 for channel [id: 0x16be695e, L:/127.0.0.1:57217 - R:localhost/127.0.0.1:12245]
01:36:55.864 [AsyncHttpClient-1-14] DEBUG org.asynchttpclient.netty.handler.HttpHandler - Channel Closed: [id: 0x16be695e, L:/127.0.0.1:57217 ! R:localhost/127.0.0.1:12245] with attribute DISCARD
01:36:55.988 [AsyncHttpClient-1-1] DEBUG org.asynchttpclient.netty.channel.DefaultChannelPool - Entry count for : http://localhost:12245 : 1
01:36:55.988 [AsyncHttpClient-1-1] DEBUG org.asynchttpclient.netty.channel.DefaultChannelPool - Entry count for : http://localhost:57219 : 1
01:36:55.988 [AsyncHttpClient-1-1] DEBUG org.asynchttpclient.netty.channel.DefaultChannelPool - Adding Candidate expired Channel [id: 0x16be695e, L:/127.0.0.1:57217 ! R:localhost/127.0.0.1:12245] isIdleTimeoutExpired=false isRemotelyClosed=true isTtlExpired=false
01:36:55.988 [AsyncHttpClient-1-1] DEBUG org.asynchttpclient.netty.channel.DefaultChannelPool - Closing Idle Channel [id: 0x16be695e, L:/127.0.0.1:57217 ! R:localhost/127.0.0.1:12245]
01:36:55.988 [AsyncHttpClient-1-1] DEBUG org.asynchttpclient.netty.channel.DefaultChannelPool - Adding Candidate expired Channel [id: 0xb88085f0, L:/127.0.0.1:57226 ! R:localhost/127.0.0.1:57219] isIdleTimeoutExpired=false isRemotelyClosed=true isTtlExpired=false
01:36:55.988 [AsyncHttpClient-1-1] DEBUG org.asynchttpclient.netty.channel.DefaultChannelPool - Closing Idle Channel [id: 0xb88085f0, L:/127.0.0.1:57226 ! R:localhost/127.0.0.1:57219]
01:36:55.988 [AsyncHttpClient-1-1] DEBUG org.asynchttpclient.netty.channel.DefaultChannelPool - Closed 2 connections out of 2 in 0 ms
]]></system-out>
    <system-err><![CDATA[Starting ChromeDriver 111.0.5563.64 (c710e93d5b63b7095afe8c2c17df34408078439d-refs/branch-heads/5563@{#995}) on port 12245
Only local connections are allowed.
Please see https://chromedriver.chromium.org/security-considerations for suggestions on keeping ChromeDriver safe.
ChromeDriver was started successfully.
[1680979008.438][WARNING]: This version of ChromeDriver has not been tested with Chrome version 112.
Apr 09, 2023 1:36:48 AM org.openqa.selenium.devtools.CdpVersionFinder findNearestMatch
WARNING: Unable to find an exact match for CDP version 112, so returning the closest version found: 110
]]></system-err>
  </testcase>
</testsuite>