<?xml version="1.0" encoding="UTF-8"?>
<testsuite xmlns:xsi="http://www.w3.org/2001/XMLSchema-instance" xsi:noNamespaceSchemaLocation="https://maven.apache.org/surefire/maven-failsafe-plugin/xsd/failsafe-test-report-3.0.xsd" version="3.0" name="starter.CucumberTestSuite" time="73.718" tests="5" errors="0" skipped="0" failures="0">
  <properties>
    <property name="java.specification.version" value="15"/>
    <property name="webdriver.chrome.driver" value="src/test/resources/webdriver/chromedriver.exe"/>
    <property name="sun.cpu.isalist" value="amd64"/>
    <property name="sun.jnu.encoding" value="Cp1252"/>
    <property name="java.class.path" value="C:\Users\WINDOWS 10\Documents\GitHub\QE_Andira_Ms\11_Web_Programming_&amp;_Testing\Praktikum\Testing_with_Serenity\Prioritas2\alta\target\test-classes;C:\Users\WINDOWS 10\.m2\repository\net\serenity-bdd\serenity-core\3.6.21\serenity-core-3.6.21.jar;C:\Users\WINDOWS 10\.m2\repository\net\serenity-bdd\serenity-model\3.6.21\serenity-model-3.6.21.jar;C:\Users\WINDOWS 10\.m2\repository\org\apache\commons\commons-text\1.10.0\commons-text-1.10.0.jar;C:\Users\WINDOWS 10\.m2\repository\commons-net\commons-net\3.9.0\commons-net-3.9.0.jar;C:\Users\WINDOWS 10\.m2\repository\com\google\guava\guava\31.1-jre\guava-31.1-jre.jar;C:\Users\WINDOWS 10\.m2\repository\com\google\guava\failureaccess\1.0.1\failureaccess-1.0.1.jar;C:\Users\WINDOWS 10\.m2\repository\com\google\guava\listenablefuture\9999.0-empty-to-avoid-conflict-with-guava\listenablefuture-9999.0-empty-to-avoid-conflict-with-guava.jar;C:\Users\WINDOWS 10\.m2\repository\com\google\code\findbugs\jsr305\3.0.2\jsr305-3.0.2.jar;C:\Users\WINDOWS 10\.m2\repository\org\checkerframework\checker-qual\3.12.0\checker-qual-3.12.0.jar;C:\Users\WINDOWS 10\.m2\repository\com\google\errorprone\error_prone_annotations\2.11.0\error_prone_annotations-2.11.0.jar;C:\Users\WINDOWS 10\.m2\repository\com\google\j2objc\j2objc-annotations\1.3\j2objc-annotations-1.3.jar;C:\Users\WINDOWS 10\.m2\repository\com\google\inject\guice\5.1.0\guice-5.1.0.jar;C:\Users\WINDOWS 10\.m2\repository\javax\inject\javax.inject\1\javax.inject-1.jar;C:\Users\WINDOWS 10\.m2\repository\aopalliance\aopalliance\1.0\aopalliance-1.0.jar;C:\Users\WINDOWS 10\.m2\repository\org\jsoup\jsoup\1.14.3\jsoup-1.14.3.jar;C:\Users\WINDOWS 10\.m2\repository\com\thoughtworks\xstream\xstream\1.4.20\xstream-1.4.20.jar;C:\Users\WINDOWS 10\.m2\repository\io\github\x-stream\mxparser\1.2.2\mxparser-1.2.2.jar;C:\Users\WINDOWS 10\.m2\repository\xmlpull\xmlpull\1.1.3.1\xmlpull-1.1.3.1.jar;C:\Users\WINDOWS 10\.m2\repository\com\typesafe\config\1.4.2\config-1.4.2.jar;C:\Users\WINDOWS 10\.m2\repository\org\imgscalr\imgscalr-lib\4.2\imgscalr-lib-4.2.jar;C:\Users\WINDOWS 10\.m2\repository\org\awaitility\awaitility\4.2.0\awaitility-4.2.0.jar;C:\Users\WINDOWS 10\.m2\repository\org\freemarker\freemarker\2.3.31\freemarker-2.3.31.jar;C:\Users\WINDOWS 10\.m2\repository\io\github\classgraph\classgraph\4.8.138\classgraph-4.8.138.jar;C:\Users\WINDOWS 10\.m2\repository\net\sourceforge\jexcelapi\jxl\2.6.12\jxl-2.6.12.jar;C:\Users\WINDOWS 10\.m2\repository\net\bytebuddy\byte-buddy-agent\1.14.2\byte-buddy-agent-1.14.2.jar;C:\Users\WINDOWS 10\.m2\repository\org\objenesis\objenesis\3.3\objenesis-3.3.jar;C:\Users\WINDOWS 10\.m2\repository\net\serenity-bdd\serenity-reports\3.6.21\serenity-reports-3.6.21.jar;C:\Users\WINDOWS 10\.m2\repository\net\serenity-bdd\serenity-stats\3.6.21\serenity-stats-3.6.21.jar;C:\Users\WINDOWS 10\.m2\repository\net\serenity-bdd\serenity-reports-configuration\3.6.21\serenity-reports-configuration-3.6.21.jar;C:\Users\WINDOWS 10\.m2\repository\com\vladsch\flexmark\flexmark-all\0.62.2\flexmark-all-0.62.2.jar;C:\Users\WINDOWS 10\.m2\repository\com\vladsch\flexmark\flexmark\0.62.2\flexmark-0.62.2.jar;C:\Users\WINDOWS 10\.m2\repository\com\vladsch\flexmark\flexmark-ext-abbreviation\0.62.2\flexmark-ext-abbreviation-0.62.2.jar;C:\Users\WINDOWS 10\.m2\repository\com\vladsch\flexmark\flexmark-util\0.62.2\flexmark-util-0.62.2.jar;C:\Users\WINDOWS 10\.m2\repository\com\vladsch\flexmark\flexmark-ext-admonition\0.62.2\flexmark-ext-admonition-0.62.2.jar;C:\Users\WINDOWS 10\.m2\repository\com\vladsch\flexmark\flexmark-ext-anchorlink\0.62.2\flexmark-ext-anchorlink-0.62.2.jar;C:\Users\WINDOWS 10\.m2\repository\com\vladsch\flexmark\flexmark-ext-aside\0.62.2\flexmark-ext-aside-0.62.2.jar;C:\Users\WINDOWS 10\.m2\repository\com\vladsch\flexmark\flexmark-ext-attributes\0.62.2\flexmark-ext-attributes-0.62.2.jar;C:\Users\WINDOWS 10\.m2\repository\com\vladsch\flexmark\flexmark-ext-autolink\0.62.2\flexmark-ext-autolink-0.62.2.jar;C:\Users\WINDOWS 10\.m2\repository\org\nibor\autolink\autolink\0.6.0\autolink-0.6.0.jar;C:\Users\WINDOWS 10\.m2\repository\com\vladsch\flexmark\flexmark-ext-definition\0.62.2\flexmark-ext-definition-0.62.2.jar;C:\Users\WINDOWS 10\.m2\repository\com\vladsch\flexmark\flexmark-ext-emoji\0.62.2\flexmark-ext-emoji-0.62.2.jar;C:\Users\WINDOWS 10\.m2\repository\com\vladsch\flexmark\flexmark-ext-enumerated-reference\0.62.2\flexmark-ext-enumerated-reference-0.62.2.jar;C:\Users\WINDOWS 10\.m2\repository\com\vladsch\flexmark\flexmark-ext-escaped-character\0.62.2\flexmark-ext-escaped-character-0.62.2.jar;C:\Users\WINDOWS 10\.m2\repository\com\vladsch\flexmark\flexmark-ext-footnotes\0.62.2\flexmark-ext-footnotes-0.62.2.jar;C:\Users\WINDOWS 10\.m2\repository\com\vladsch\flexmark\flexmark-ext-gfm-issues\0.62.2\flexmark-ext-gfm-issues-0.62.2.jar;C:\Users\WINDOWS 10\.m2\repository\com\vladsch\flexmark\flexmark-ext-gfm-strikethrough\0.62.2\flexmark-ext-gfm-strikethrough-0.62.2.jar;C:\Users\WINDOWS 10\.m2\repository\com\vladsch\flexmark\flexmark-ext-gfm-tasklist\0.62.2\flexmark-ext-gfm-tasklist-0.62.2.jar;C:\Users\WINDOWS 10\.m2\repository\com\vladsch\flexmark\flexmark-ext-gfm-users\0.62.2\flexmark-ext-gfm-users-0.62.2.jar;C:\Users\WINDOWS 10\.m2\repository\com\vladsch\flexmark\flexmark-ext-gitlab\0.62.2\flexmark-ext-gitlab-0.62.2.jar;C:\Users\WINDOWS 10\.m2\repository\com\vladsch\flexmark\flexmark-ext-jekyll-front-matter\0.62.2\flexmark-ext-jekyll-front-matter-0.62.2.jar;C:\Users\WINDOWS 10\.m2\repository\com\vladsch\flexmark\flexmark-ext-jekyll-tag\0.62.2\flexmark-ext-jekyll-tag-0.62.2.jar;C:\Users\WINDOWS 10\.m2\repository\com\vladsch\flexmark\flexmark-ext-media-tags\0.62.2\flexmark-ext-media-tags-0.62.2.jar;C:\Users\WINDOWS 10\.m2\repository\com\vladsch\flexmark\flexmark-ext-macros\0.62.2\flexmark-ext-macros-0.62.2.jar;C:\Users\WINDOWS 10\.m2\repository\com\vladsch\flexmark\flexmark-ext-ins\0.62.2\flexmark-ext-ins-0.62.2.jar;C:\Users\WINDOWS 10\.m2\repository\com\vladsch\flexmark\flexmark-ext-xwiki-macros\0.62.2\flexmark-ext-xwiki-macros-0.62.2.jar;C:\Users\WINDOWS 10\.m2\repository\com\vladsch\flexmark\flexmark-ext-superscript\0.62.2\flexmark-ext-superscript-0.62.2.jar;C:\Users\WINDOWS 10\.m2\repository\com\vladsch\flexmark\flexmark-ext-tables\0.62.2\flexmark-ext-tables-0.62.2.jar;C:\Users\WINDOWS 10\.m2\repository\com\vladsch\flexmark\flexmark-ext-toc\0.62.2\flexmark-ext-toc-0.62.2.jar;C:\Users\WINDOWS 10\.m2\repository\com\vladsch\flexmark\flexmark-ext-typographic\0.62.2\flexmark-ext-typographic-0.62.2.jar;C:\Users\WINDOWS 10\.m2\repository\com\vladsch\flexmark\flexmark-ext-wikilink\0.62.2\flexmark-ext-wikilink-0.62.2.jar;C:\Users\WINDOWS 10\.m2\repository\com\vladsch\flexmark\flexmark-ext-yaml-front-matter\0.62.2\flexmark-ext-yaml-front-matter-0.62.2.jar;C:\Users\WINDOWS 10\.m2\repository\com\vladsch\flexmark\flexmark-ext-youtube-embedded\0.62.2\flexmark-ext-youtube-embedded-0.62.2.jar;C:\Users\WINDOWS 10\.m2\repository\com\vladsch\flexmark\flexmark-html2md-converter\0.62.2\flexmark-html2md-converter-0.62.2.jar;C:\Users\WINDOWS 10\.m2\repository\com\vladsch\flexmark\flexmark-jira-converter\0.62.2\flexmark-jira-converter-0.62.2.jar;C:\Users\WINDOWS 10\.m2\repository\com\vladsch\flexmark\flexmark-pdf-converter\0.62.2\flexmark-pdf-converter-0.62.2.jar;C:\Users\WINDOWS 10\.m2\repository\com\openhtmltopdf\openhtmltopdf-core\1.0.0\openhtmltopdf-core-1.0.0.jar;C:\Users\WINDOWS 10\.m2\repository\com\openhtmltopdf\openhtmltopdf-pdfbox\1.0.0\openhtmltopdf-pdfbox-1.0.0.jar;C:\Users\WINDOWS 10\.m2\repository\org\apache\pdfbox\pdfbox\2.0.16\pdfbox-2.0.16.jar;C:\Users\WINDOWS 10\.m2\repository\org\apache\pdfbox\fontbox\2.0.16\fontbox-2.0.16.jar;C:\Users\WINDOWS 10\.m2\repository\org\apache\pdfbox\xmpbox\2.0.16\xmpbox-2.0.16.jar;C:\Users\WINDOWS 10\.m2\repository\de\rototor\pdfbox\graphics2d\0.24\graphics2d-0.24.jar;C:\Users\WINDOWS 10\.m2\repository\com\openhtmltopdf\openhtmltopdf-rtl-support\1.0.0\openhtmltopdf-rtl-support-1.0.0.jar;C:\Users\WINDOWS 10\.m2\repository\com\openhtmltopdf\openhtmltopdf-jsoup-dom-converter\1.0.0\openhtmltopdf-jsoup-dom-converter-1.0.0.jar;C:\Users\WINDOWS 10\.m2\repository\com\vladsch\flexmark\flexmark-profile-pegdown\0.62.2\flexmark-profile-pegdown-0.62.2.jar;C:\Users\WINDOWS 10\.m2\repository\com\vladsch\flexmark\flexmark-util-ast\0.62.2\flexmark-util-ast-0.62.2.jar;C:\Users\WINDOWS 10\.m2\repository\com\vladsch\flexmark\flexmark-util-builder\0.62.2\flexmark-util-builder-0.62.2.jar;C:\Users\WINDOWS 10\.m2\repository\com\vladsch\flexmark\flexmark-util-collection\0.62.2\flexmark-util-collection-0.62.2.jar;C:\Users\WINDOWS 10\.m2\repository\com\vladsch\flexmark\flexmark-util-data\0.62.2\flexmark-util-data-0.62.2.jar;C:\Users\WINDOWS 10\.m2\repository\com\vladsch\flexmark\flexmark-util-dependency\0.62.2\flexmark-util-dependency-0.62.2.jar;C:\Users\WINDOWS 10\.m2\repository\com\vladsch\flexmark\flexmark-util-format\0.62.2\flexmark-util-format-0.62.2.jar;C:\Users\WINDOWS 10\.m2\repository\com\vladsch\flexmark\flexmark-util-html\0.62.2\flexmark-util-html-0.62.2.jar;C:\Users\WINDOWS 10\.m2\repository\com\vladsch\flexmark\flexmark-util-misc\0.62.2\flexmark-util-misc-0.62.2.jar;C:\Users\WINDOWS 10\.m2\repository\com\vladsch\flexmark\flexmark-util-options\0.62.2\flexmark-util-options-0.62.2.jar;C:\Users\WINDOWS 10\.m2\repository\com\vladsch\flexmark\flexmark-util-sequence\0.62.2\flexmark-util-sequence-0.62.2.jar;C:\Users\WINDOWS 10\.m2\repository\com\vladsch\flexmark\flexmark-util-visitor\0.62.2\flexmark-util-visitor-0.62.2.jar;C:\Users\WINDOWS 10\.m2\repository\com\vladsch\flexmark\flexmark-youtrack-converter\0.62.2\flexmark-youtrack-converter-0.62.2.jar;C:\Users\WINDOWS 10\.m2\repository\com\ibm\icu\icu4j\72.1\icu4j-72.1.jar;C:\Users\WINDOWS 10\.m2\repository\es\nitaur\markdown\txtmark\0.16\txtmark-0.16.jar;C:\Users\WINDOWS 10\.m2\repository\net\serenity-bdd\serenity-report-resources\3.6.21\serenity-report-resources-3.6.21.jar;C:\Users\WINDOWS 10\.m2\repository\com\google\code\gson\gson\2.10.1\gson-2.10.1.jar;C:\Users\WINDOWS 10\.m2\repository\com\fasterxml\jackson\core\jackson-core\2.15.0-rc1\jackson-core-2.15.0-rc1.jar;C:\Users\WINDOWS 10\.m2\repository\com\fasterxml\jackson\core\jackson-databind\2.15.0-rc1\jackson-databind-2.15.0-rc1.jar;C:\Users\WINDOWS 10\.m2\repository\com\fasterxml\jackson\core\jackson-annotations\2.15.0-rc1\jackson-annotations-2.15.0-rc1.jar;C:\Users\WINDOWS 10\.m2\repository\commons-codec\commons-codec\1.15\commons-codec-1.15.jar;C:\Users\WINDOWS 10\.m2\repository\commons-io\commons-io\2.11.0\commons-io-2.11.0.jar;C:\Users\WINDOWS 10\.m2\repository\org\apache\httpcomponents\httpclient\4.5.13\httpclient-4.5.13.jar;C:\Users\WINDOWS 10\.m2\repository\org\apache\httpcomponents\httpcore\4.4.13\httpcore-4.4.13.jar;C:\Users\WINDOWS 10\.m2\repository\commons-logging\commons-logging\1.2\commons-logging-1.2.jar;C:\Users\WINDOWS 10\.m2\repository\org\seleniumhq\selenium\selenium-java\4.8.1\selenium-java-4.8.1.jar;C:\Users\WINDOWS 10\.m2\repository\org\seleniumhq\selenium\selenium-devtools-v108\4.8.1\selenium-devtools-v108-4.8.1.jar;C:\Users\WINDOWS 10\.m2\repository\org\seleniumhq\selenium\selenium-devtools-v109\4.8.1\selenium-devtools-v109-4.8.1.jar;C:\Users\WINDOWS 10\.m2\repository\org\seleniumhq\selenium\selenium-devtools-v110\4.8.1\selenium-devtools-v110-4.8.1.jar;C:\Users\WINDOWS 10\.m2\repository\org\seleniumhq\selenium\selenium-devtools-v85\4.8.1\selenium-devtools-v85-4.8.1.jar;C:\Users\WINDOWS 10\.m2\repository\org\seleniumhq\selenium\selenium-remote-driver\4.8.1\selenium-remote-driver-4.8.1.jar;C:\Users\WINDOWS 10\.m2\repository\com\beust\jcommander\1.82\jcommander-1.82.jar;C:\Users\WINDOWS 10\.m2\repository\io\netty\netty-buffer\4.1.87.Final\netty-buffer-4.1.87.Final.jar;C:\Users\WINDOWS 10\.m2\repository\io\netty\netty-codec-http\4.1.87.Final\netty-codec-http-4.1.87.Final.jar;C:\Users\WINDOWS 10\.m2\repository\io\netty\netty-codec\4.1.87.Final\netty-codec-4.1.87.Final.jar;C:\Users\WINDOWS 10\.m2\repository\io\netty\netty-handler\4.1.87.Final\netty-handler-4.1.87.Final.jar;C:\Users\WINDOWS 10\.m2\repository\io\netty\netty-common\4.1.87.Final\netty-common-4.1.87.Final.jar;C:\Users\WINDOWS 10\.m2\repository\io\netty\netty-transport-classes-epoll\4.1.87.Final\netty-transport-classes-epoll-4.1.87.Final.jar;C:\Users\WINDOWS 10\.m2\repository\io\netty\netty-transport-classes-kqueue\4.1.87.Final\netty-transport-classes-kqueue-4.1.87.Final.jar;C:\Users\WINDOWS 10\.m2\repository\io\netty\netty-transport-native-epoll\4.1.87.Final\netty-transport-native-epoll-4.1.87.Final.jar;C:\Users\WINDOWS 10\.m2\repository\io\netty\netty-transport-native-kqueue\4.1.87.Final\netty-transport-native-kqueue-4.1.87.Final.jar;C:\Users\WINDOWS 10\.m2\repository\io\netty\netty-transport-native-unix-common\4.1.87.Final\netty-transport-native-unix-common-4.1.87.Final.jar;C:\Users\WINDOWS 10\.m2\repository\io\netty\netty-transport\4.1.87.Final\netty-transport-4.1.87.Final.jar;C:\Users\WINDOWS 10\.m2\repository\io\netty\netty-resolver\4.1.87.Final\netty-resolver-4.1.87.Final.jar;C:\Users\WINDOWS 10\.m2\repository\io\opentelemetry\opentelemetry-api\1.22.0\opentelemetry-api-1.22.0.jar;C:\Users\WINDOWS 10\.m2\repository\io\opentelemetry\opentelemetry-context\1.22.0\opentelemetry-context-1.22.0.jar;C:\Users\WINDOWS 10\.m2\repository\io\opentelemetry\opentelemetry-exporter-logging\1.22.0\opentelemetry-exporter-logging-1.22.0.jar;C:\Users\WINDOWS 10\.m2\repository\io\opentelemetry\opentelemetry-sdk-metrics\1.22.0\opentelemetry-sdk-metrics-1.22.0.jar;C:\Users\WINDOWS 10\.m2\repository\io\opentelemetry\opentelemetry-sdk-logs\1.22.0-alpha\opentelemetry-sdk-logs-1.22.0-alpha.jar;C:\Users\WINDOWS 10\.m2\repository\io\opentelemetry\opentelemetry-api-logs\1.22.0-alpha\opentelemetry-api-logs-1.22.0-alpha.jar;C:\Users\WINDOWS 10\.m2\repository\io\opentelemetry\opentelemetry-sdk-common\1.22.0\opentelemetry-sdk-common-1.22.0.jar;C:\Users\WINDOWS 10\.m2\repository\io\opentelemetry\opentelemetry-sdk-extension-autoconfigure-spi\1.22.0\opentelemetry-sdk-extension-autoconfigure-spi-1.22.0.jar;C:\Users\WINDOWS 10\.m2\repository\io\opentelemetry\opentelemetry-sdk-extension-autoconfigure\1.22.0-alpha\opentelemetry-sdk-extension-autoconfigure-1.22.0-alpha.jar;C:\Users\WINDOWS 10\.m2\repository\io\opentelemetry\opentelemetry-sdk-trace\1.22.0\opentelemetry-sdk-trace-1.22.0.jar;C:\Users\WINDOWS 10\.m2\repository\io\opentelemetry\opentelemetry-sdk\1.22.0\opentelemetry-sdk-1.22.0.jar;C:\Users\WINDOWS 10\.m2\repository\io\opentelemetry\opentelemetry-semconv\1.22.0-alpha\opentelemetry-semconv-1.22.0-alpha.jar;C:\Users\WINDOWS 10\.m2\repository\io\ous\jtoml\2.0.0\jtoml-2.0.0.jar;C:\Users\WINDOWS 10\.m2\repository\org\apache\commons\commons-exec\1.3\commons-exec-1.3.jar;C:\Users\WINDOWS 10\.m2\repository\org\asynchttpclient\async-http-client\2.12.3\async-http-client-2.12.3.jar;C:\Users\WINDOWS 10\.m2\repository\org\asynchttpclient\async-http-client-netty-utils\2.12.3\async-http-client-netty-utils-2.12.3.jar;C:\Users\WINDOWS 10\.m2\repository\io\netty\netty-codec-socks\4.1.60.Final\netty-codec-socks-4.1.60.Final.jar;C:\Users\WINDOWS 10\.m2\repository\io\netty\netty-handler-proxy\4.1.60.Final\netty-handler-proxy-4.1.60.Final.jar;C:\Users\WINDOWS 10\.m2\repository\io\netty\netty-transport-native-epoll\4.1.60.Final\netty-transport-native-epoll-4.1.60.Final-linux-x86_64.jar;C:\Users\WINDOWS 10\.m2\repository\io\netty\netty-transport-native-kqueue\4.1.60.Final\netty-transport-native-kqueue-4.1.60.Final-osx-x86_64.jar;C:\Users\WINDOWS 10\.m2\repository\org\reactivestreams\reactive-streams\1.0.3\reactive-streams-1.0.3.jar;C:\Users\WINDOWS 10\.m2\repository\com\typesafe\netty\netty-reactive-streams\2.0.4\netty-reactive-streams-2.0.4.jar;C:\Users\WINDOWS 10\.m2\repository\org\seleniumhq\selenium\selenium-manager\4.8.1\selenium-manager-4.8.1.jar;C:\Users\WINDOWS 10\.m2\repository\org\seleniumhq\selenium\selenium-safari-driver\4.8.1\selenium-safari-driver-4.8.1.jar;C:\Users\WINDOWS 10\.m2\repository\org\seleniumhq\selenium\selenium-api\4.8.1\selenium-api-4.8.1.jar;C:\Users\WINDOWS 10\.m2\repository\org\seleniumhq\selenium\selenium-support\4.8.1\selenium-support-4.8.1.jar;C:\Users\WINDOWS 10\.m2\repository\com\google\auto\service\auto-service-annotations\1.0.1\auto-service-annotations-1.0.1.jar;C:\Users\WINDOWS 10\.m2\repository\com\google\auto\service\auto-service\1.0.1\auto-service-1.0.1.jar;C:\Users\WINDOWS 10\.m2\repository\com\google\auto\auto-common\1.2\auto-common-1.2.jar;C:\Users\WINDOWS 10\.m2\repository\org\seleniumhq\selenium\selenium-json\4.8.1\selenium-json-4.8.1.jar;C:\Users\WINDOWS 10\.m2\repository\org\seleniumhq\selenium\selenium-chrome-driver\4.8.1\selenium-chrome-driver-4.8.1.jar;C:\Users\WINDOWS 10\.m2\repository\org\seleniumhq\selenium\selenium-chromium-driver\4.8.1\selenium-chromium-driver-4.8.1.jar;C:\Users\WINDOWS 10\.m2\repository\org\seleniumhq\selenium\selenium-firefox-driver\4.8.1\selenium-firefox-driver-4.8.1.jar;C:\Users\WINDOWS 10\.m2\repository\org\seleniumhq\selenium\selenium-http\4.8.1\selenium-http-4.8.1.jar;C:\Users\WINDOWS 10\.m2\repository\dev\failsafe\failsafe\3.3.0\failsafe-3.3.0.jar;C:\Users\WINDOWS 10\.m2\repository\org\seleniumhq\selenium\selenium-edge-driver\4.8.1\selenium-edge-driver-4.8.1.jar;C:\Users\WINDOWS 10\.m2\repository\org\seleniumhq\selenium\selenium-ie-driver\4.8.1\selenium-ie-driver-4.8.1.jar;C:\Users\WINDOWS 10\.m2\repository\org\projectlombok\lombok\1.18.20\lombok-1.18.20.jar;C:\Users\WINDOWS 10\.m2\repository\io\appium\java-client\8.3.0\java-client-8.3.0.jar;C:\Users\WINDOWS 10\.m2\repository\commons-validator\commons-validator\1.7\commons-validator-1.7.jar;C:\Users\WINDOWS 10\.m2\repository\commons-digester\commons-digester\2.1\commons-digester-2.1.jar;C:\Users\WINDOWS 10\.m2\repository\org\apache\groovy\groovy\4.0.10\groovy-4.0.10.jar;C:\Users\WINDOWS 10\.m2\repository\net\sf\opencsv\opencsv\2.0\opencsv-2.0.jar;C:\Users\WINDOWS 10\.m2\repository\commons-beanutils\commons-beanutils\1.9.4\commons-beanutils-1.9.4.jar;C:\Users\WINDOWS 10\.m2\repository\org\apache\commons\commons-lang3\3.12.0\commons-lang3-3.12.0.jar;C:\Users\WINDOWS 10\.m2\repository\commons-collections\commons-collections\3.2.2\commons-collections-3.2.2.jar;C:\Users\WINDOWS 10\.m2\repository\org\fluentlenium\fluentlenium-core\0.10.2\fluentlenium-core-0.10.2.jar;C:\Users\WINDOWS 10\.m2\repository\io\github\bonigarcia\webdrivermanager\5.3.0\webdrivermanager-5.3.0.jar;C:\Users\WINDOWS 10\.m2\repository\com\github\docker-java\docker-java\3.2.13\docker-java-3.2.13.jar;C:\Users\WINDOWS 10\.m2\repository\com\github\docker-java\docker-java-core\3.2.13\docker-java-core-3.2.13.jar;C:\Users\WINDOWS 10\.m2\repository\com\github\docker-java\docker-java-api\3.2.13\docker-java-api-3.2.13.jar;C:\Users\WINDOWS 10\.m2\repository\org\apache\commons\commons-compress\1.21\commons-compress-1.21.jar;C:\Users\WINDOWS 10\.m2\repository\org\bouncycastle\bcpkix-jdk15on\1.64\bcpkix-jdk15on-1.64.jar;C:\Users\WINDOWS 10\.m2\repository\org\bouncycastle\bcprov-jdk15on\1.64\bcprov-jdk15on-1.64.jar;C:\Users\WINDOWS 10\.m2\repository\org\slf4j\jcl-over-slf4j\1.7.30\jcl-over-slf4j-1.7.30.jar;C:\Users\WINDOWS 10\.m2\repository\com\github\docker-java\docker-java-transport-httpclient5\3.2.13\docker-java-transport-httpclient5-3.2.13.jar;C:\Users\WINDOWS 10\.m2\repository\com\github\docker-java\docker-java-transport\3.2.13\docker-java-transport-3.2.13.jar;C:\Users\WINDOWS 10\.m2\repository\net\java\dev\jna\jna\5.8.0\jna-5.8.0.jar;C:\Users\WINDOWS 10\.m2\repository\org\brotli\dec\0.1.2\dec-0.1.2.jar;C:\Users\WINDOWS 10\.m2\repository\org\apache\httpcomponents\client5\httpclient5\5.1.3\httpclient5-5.1.3.jar;C:\Users\WINDOWS 10\.m2\repository\org\apache\httpcomponents\core5\httpcore5\5.1.3\httpcore5-5.1.3.jar;C:\Users\WINDOWS 10\.m2\repository\org\apache\httpcomponents\core5\httpcore5-h2\5.1.3\httpcore5-h2-5.1.3.jar;C:\Users\WINDOWS 10\.m2\repository\com\jhlabs\filters\2.0.235\filters-2.0.235.jar;C:\Users\WINDOWS 10\.m2\repository\com\paulhammant\ngwebdriver\1.1.6\ngwebdriver-1.1.6.jar;C:\Users\WINDOWS 10\.m2\repository\joda-time\joda-time\2.12.2\joda-time-2.12.2.jar;C:\Users\WINDOWS 10\.m2\repository\org\hamcrest\hamcrest\2.2\hamcrest-2.2.jar;C:\Users\WINDOWS 10\.m2\repository\com\google\jimfs\jimfs\1.2\jimfs-1.2.jar;C:\Users\WINDOWS 10\.m2\repository\org\mockito\mockito-core\3.3.3\mockito-core-3.3.3.jar;C:\Users\WINDOWS 10\.m2\repository\javax\xml\bind\jaxb-api\2.3.1\jaxb-api-2.3.1.jar;C:\Users\WINDOWS 10\.m2\repository\javax\activation\javax.activation-api\1.2.0\javax.activation-api-1.2.0.jar;C:\Users\WINDOWS 10\.m2\repository\com\sun\xml\bind\jaxb-core\2.3.0.1\jaxb-core-2.3.0.1.jar;C:\Users\WINDOWS 10\.m2\repository\com\sun\xml\bind\jaxb-impl\2.3.3\jaxb-impl-2.3.3.jar;C:\Users\WINDOWS 10\.m2\repository\jakarta\xml\bind\jakarta.xml.bind-api\2.3.3\jakarta.xml.bind-api-2.3.3.jar;C:\Users\WINDOWS 10\.m2\repository\com\sun\activation\jakarta.activation\1.2.2\jakarta.activation-1.2.2.jar;C:\Users\WINDOWS 10\.m2\repository\javax\activation\activation\1.1.1\activation-1.1.1.jar;C:\Users\WINDOWS 10\.m2\repository\net\serenity-bdd\serenity-cucumber\3.6.21\serenity-cucumber-3.6.21.jar;C:\Users\WINDOWS 10\.m2\repository\io\cucumber\cucumber-core\7.11.0\cucumber-core-7.11.0.jar;C:\Users\WINDOWS 10\.m2\repository\io\cucumber\cucumber-gherkin\7.11.0\cucumber-gherkin-7.11.0.jar;C:\Users\WINDOWS 10\.m2\repository\io\cucumber\cucumber-gherkin-messages\7.11.0\cucumber-gherkin-messages-7.11.0.jar;C:\Users\WINDOWS 10\.m2\repository\io\cucumber\gherkin\26.0.3\gherkin-26.0.3.jar;C:\Users\WINDOWS 10\.m2\repository\io\cucumber\messages\21.0.1\messages-21.0.1.jar;C:\Users\WINDOWS 10\.m2\repository\io\cucumber\tag-expressions\5.0.1\tag-expressions-5.0.1.jar;C:\Users\WINDOWS 10\.m2\repository\io\cucumber\cucumber-expressions\16.1.1\cucumber-expressions-16.1.1.jar;C:\Users\WINDOWS 10\.m2\repository\io\cucumber\datatable\7.11.0\datatable-7.11.0.jar;C:\Users\WINDOWS 10\.m2\repository\io\cucumber\cucumber-plugin\7.11.0\cucumber-plugin-7.11.0.jar;C:\Users\WINDOWS 10\.m2\repository\io\cucumber\docstring\7.11.0\docstring-7.11.0.jar;C:\Users\WINDOWS 10\.m2\repository\io\cucumber\html-formatter\20.2.1\html-formatter-20.2.1.jar;C:\Users\WINDOWS 10\.m2\repository\io\cucumber\junit-xml-formatter\0.1.0\junit-xml-formatter-0.1.0.jar;C:\Users\WINDOWS 10\.m2\repository\io\cucumber\ci-environment\9.1.0\ci-environment-9.1.0.jar;C:\Users\WINDOWS 10\.m2\repository\io\cucumber\cucumber-java\7.11.0\cucumber-java-7.11.0.jar;C:\Users\WINDOWS 10\.m2\repository\io\cucumber\cucumber-junit\7.11.0\cucumber-junit-7.11.0.jar;C:\Users\WINDOWS 10\.m2\repository\org\apache\commons\commons-csv\1.5\commons-csv-1.5.jar;C:\Users\WINDOWS 10\.m2\repository\net\serenity-bdd\serenity-screenplay\3.6.21\serenity-screenplay-3.6.21.jar;C:\Users\WINDOWS 10\.m2\repository\net\serenity-bdd\serenity-screenplay-webdriver\3.6.21\serenity-screenplay-webdriver-3.6.21.jar;C:\Users\WINDOWS 10\.m2\repository\net\serenity-bdd\serenity-ensure\3.6.21\serenity-ensure-3.6.21.jar;C:\Users\WINDOWS 10\.m2\repository\net\serenity-bdd\serenity-junit\3.6.21\serenity-junit-3.6.21.jar;C:\Users\WINDOWS 10\.m2\repository\org\jetbrains\kotlin\kotlin-stdlib\1.8.10\kotlin-stdlib-1.8.10.jar;C:\Users\WINDOWS 10\.m2\repository\org\jetbrains\kotlin\kotlin-stdlib-common\1.8.10\kotlin-stdlib-common-1.8.10.jar;C:\Users\WINDOWS 10\.m2\repository\org\jetbrains\annotations\13.0\annotations-13.0.jar;C:\Users\WINDOWS 10\.m2\repository\org\junit\platform\junit-platform-launcher\1.8.2\junit-platform-launcher-1.8.2.jar;C:\Users\WINDOWS 10\.m2\repository\org\junit\platform\junit-platform-engine\1.8.2\junit-platform-engine-1.8.2.jar;C:\Users\WINDOWS 10\.m2\repository\org\opentest4j\opentest4j\1.2.0\opentest4j-1.2.0.jar;C:\Users\WINDOWS 10\.m2\repository\org\junit\platform\junit-platform-commons\1.8.2\junit-platform-commons-1.8.2.jar;C:\Users\WINDOWS 10\.m2\repository\org\apiguardian\apiguardian-api\1.1.2\apiguardian-api-1.1.2.jar;C:\Users\WINDOWS 10\.m2\repository\org\junit\jupiter\junit-jupiter-engine\5.8.2\junit-jupiter-engine-5.8.2.jar;C:\Users\WINDOWS 10\.m2\repository\org\junit\jupiter\junit-jupiter-api\5.8.2\junit-jupiter-api-5.8.2.jar;C:\Users\WINDOWS 10\.m2\repository\org\junit\vintage\junit-vintage-engine\5.8.2\junit-vintage-engine-5.8.2.jar;C:\Users\WINDOWS 10\.m2\repository\junit\junit\4.13.2\junit-4.13.2.jar;C:\Users\WINDOWS 10\.m2\repository\org\hamcrest\hamcrest-core\1.3\hamcrest-core-1.3.jar;C:\Users\WINDOWS 10\.m2\repository\ch\qos\logback\logback-classic\1.2.10\logback-classic-1.2.10.jar;C:\Users\WINDOWS 10\.m2\repository\ch\qos\logback\logback-core\1.2.10\logback-core-1.2.10.jar;C:\Users\WINDOWS 10\.m2\repository\org\slf4j\slf4j-api\1.7.32\slf4j-api-1.7.32.jar;C:\Users\WINDOWS 10\.m2\repository\org\assertj\assertj-core\3.23.1\assertj-core-3.23.1.jar;C:\Users\WINDOWS 10\.m2\repository\net\bytebuddy\byte-buddy\1.12.10\byte-buddy-1.12.10.jar;"/>
    <property name="java.vm.vendor" value="Oracle Corporation"/>
    <property name="sun.arch.data.model" value="64"/>
    <property name="user.variant" value=""/>
    <property name="java.vendor.url" value="https://java.oracle.com/"/>
    <property name="user.timezone" value="Asia/Bangkok"/>
    <property name="os.name" value="Windows 10"/>
    <property name="java.vm.specification.version" value="15"/>
    <property name="sun.java.launcher" value="SUN_STANDARD"/>
    <property name="user.country" value="US"/>
    <property name="sun.boot.library.path" value="C:\Program Files\Java\jdk-15\bin"/>
    <property name="sun.java.command" value="org.apache.maven.surefire.booter.ForkedBooter C:\Users\WINDOWS 10\AppData\Local\Temp\surefire17901364825468498416 2023-04-08T02-14-46_093-jvmRun1 surefire12316432512710650350tmp surefire_02081989578839556765tmp"/>
    <property name="jdk.debug" value="release"/>
    <property name="surefire.test.class.path" value="C:\Users\WINDOWS 10\Documents\GitHub\QE_Andira_Ms\11_Web_Programming_&amp;_Testing\Praktikum\Testing_with_Serenity\Prioritas2\alta\target\test-classes;C:\Users\WINDOWS 10\.m2\repository\net\serenity-bdd\serenity-core\3.6.21\serenity-core-3.6.21.jar;C:\Users\WINDOWS 10\.m2\repository\net\serenity-bdd\serenity-model\3.6.21\serenity-model-3.6.21.jar;C:\Users\WINDOWS 10\.m2\repository\org\apache\commons\commons-text\1.10.0\commons-text-1.10.0.jar;C:\Users\WINDOWS 10\.m2\repository\commons-net\commons-net\3.9.0\commons-net-3.9.0.jar;C:\Users\WINDOWS 10\.m2\repository\com\google\guava\guava\31.1-jre\guava-31.1-jre.jar;C:\Users\WINDOWS 10\.m2\repository\com\google\guava\failureaccess\1.0.1\failureaccess-1.0.1.jar;C:\Users\WINDOWS 10\.m2\repository\com\google\guava\listenablefuture\9999.0-empty-to-avoid-conflict-with-guava\listenablefuture-9999.0-empty-to-avoid-conflict-with-guava.jar;C:\Users\WINDOWS 10\.m2\repository\com\google\code\findbugs\jsr305\3.0.2\jsr305-3.0.2.jar;C:\Users\WINDOWS 10\.m2\repository\org\checkerframework\checker-qual\3.12.0\checker-qual-3.12.0.jar;C:\Users\WINDOWS 10\.m2\repository\com\google\errorprone\error_prone_annotations\2.11.0\error_prone_annotations-2.11.0.jar;C:\Users\WINDOWS 10\.m2\repository\com\google\j2objc\j2objc-annotations\1.3\j2objc-annotations-1.3.jar;C:\Users\WINDOWS 10\.m2\repository\com\google\inject\guice\5.1.0\guice-5.1.0.jar;C:\Users\WINDOWS 10\.m2\repository\javax\inject\javax.inject\1\javax.inject-1.jar;C:\Users\WINDOWS 10\.m2\repository\aopalliance\aopalliance\1.0\aopalliance-1.0.jar;C:\Users\WINDOWS 10\.m2\repository\org\jsoup\jsoup\1.14.3\jsoup-1.14.3.jar;C:\Users\WINDOWS 10\.m2\repository\com\thoughtworks\xstream\xstream\1.4.20\xstream-1.4.20.jar;C:\Users\WINDOWS 10\.m2\repository\io\github\x-stream\mxparser\1.2.2\mxparser-1.2.2.jar;C:\Users\WINDOWS 10\.m2\repository\xmlpull\xmlpull\1.1.3.1\xmlpull-1.1.3.1.jar;C:\Users\WINDOWS 10\.m2\repository\com\typesafe\config\1.4.2\config-1.4.2.jar;C:\Users\WINDOWS 10\.m2\repository\org\imgscalr\imgscalr-lib\4.2\imgscalr-lib-4.2.jar;C:\Users\WINDOWS 10\.m2\repository\org\awaitility\awaitility\4.2.0\awaitility-4.2.0.jar;C:\Users\WINDOWS 10\.m2\repository\org\freemarker\freemarker\2.3.31\freemarker-2.3.31.jar;C:\Users\WINDOWS 10\.m2\repository\io\github\classgraph\classgraph\4.8.138\classgraph-4.8.138.jar;C:\Users\WINDOWS 10\.m2\repository\net\sourceforge\jexcelapi\jxl\2.6.12\jxl-2.6.12.jar;C:\Users\WINDOWS 10\.m2\repository\net\bytebuddy\byte-buddy-agent\1.14.2\byte-buddy-agent-1.14.2.jar;C:\Users\WINDOWS 10\.m2\repository\org\objenesis\objenesis\3.3\objenesis-3.3.jar;C:\Users\WINDOWS 10\.m2\repository\net\serenity-bdd\serenity-reports\3.6.21\serenity-reports-3.6.21.jar;C:\Users\WINDOWS 10\.m2\repository\net\serenity-bdd\serenity-stats\3.6.21\serenity-stats-3.6.21.jar;C:\Users\WINDOWS 10\.m2\repository\net\serenity-bdd\serenity-reports-configuration\3.6.21\serenity-reports-configuration-3.6.21.jar;C:\Users\WINDOWS 10\.m2\repository\com\vladsch\flexmark\flexmark-all\0.62.2\flexmark-all-0.62.2.jar;C:\Users\WINDOWS 10\.m2\repository\com\vladsch\flexmark\flexmark\0.62.2\flexmark-0.62.2.jar;C:\Users\WINDOWS 10\.m2\repository\com\vladsch\flexmark\flexmark-ext-abbreviation\0.62.2\flexmark-ext-abbreviation-0.62.2.jar;C:\Users\WINDOWS 10\.m2\repository\com\vladsch\flexmark\flexmark-util\0.62.2\flexmark-util-0.62.2.jar;C:\Users\WINDOWS 10\.m2\repository\com\vladsch\flexmark\flexmark-ext-admonition\0.62.2\flexmark-ext-admonition-0.62.2.jar;C:\Users\WINDOWS 10\.m2\repository\com\vladsch\flexmark\flexmark-ext-anchorlink\0.62.2\flexmark-ext-anchorlink-0.62.2.jar;C:\Users\WINDOWS 10\.m2\repository\com\vladsch\flexmark\flexmark-ext-aside\0.62.2\flexmark-ext-aside-0.62.2.jar;C:\Users\WINDOWS 10\.m2\repository\com\vladsch\flexmark\flexmark-ext-attributes\0.62.2\flexmark-ext-attributes-0.62.2.jar;C:\Users\WINDOWS 10\.m2\repository\com\vladsch\flexmark\flexmark-ext-autolink\0.62.2\flexmark-ext-autolink-0.62.2.jar;C:\Users\WINDOWS 10\.m2\repository\org\nibor\autolink\autolink\0.6.0\autolink-0.6.0.jar;C:\Users\WINDOWS 10\.m2\repository\com\vladsch\flexmark\flexmark-ext-definition\0.62.2\flexmark-ext-definition-0.62.2.jar;C:\Users\WINDOWS 10\.m2\repository\com\vladsch\flexmark\flexmark-ext-emoji\0.62.2\flexmark-ext-emoji-0.62.2.jar;C:\Users\WINDOWS 10\.m2\repository\com\vladsch\flexmark\flexmark-ext-enumerated-reference\0.62.2\flexmark-ext-enumerated-reference-0.62.2.jar;C:\Users\WINDOWS 10\.m2\repository\com\vladsch\flexmark\flexmark-ext-escaped-character\0.62.2\flexmark-ext-escaped-character-0.62.2.jar;C:\Users\WINDOWS 10\.m2\repository\com\vladsch\flexmark\flexmark-ext-footnotes\0.62.2\flexmark-ext-footnotes-0.62.2.jar;C:\Users\WINDOWS 10\.m2\repository\com\vladsch\flexmark\flexmark-ext-gfm-issues\0.62.2\flexmark-ext-gfm-issues-0.62.2.jar;C:\Users\WINDOWS 10\.m2\repository\com\vladsch\flexmark\flexmark-ext-gfm-strikethrough\0.62.2\flexmark-ext-gfm-strikethrough-0.62.2.jar;C:\Users\WINDOWS 10\.m2\repository\com\vladsch\flexmark\flexmark-ext-gfm-tasklist\0.62.2\flexmark-ext-gfm-tasklist-0.62.2.jar;C:\Users\WINDOWS 10\.m2\repository\com\vladsch\flexmark\flexmark-ext-gfm-users\0.62.2\flexmark-ext-gfm-users-0.62.2.jar;C:\Users\WINDOWS 10\.m2\repository\com\vladsch\flexmark\flexmark-ext-gitlab\0.62.2\flexmark-ext-gitlab-0.62.2.jar;C:\Users\WINDOWS 10\.m2\repository\com\vladsch\flexmark\flexmark-ext-jekyll-front-matter\0.62.2\flexmark-ext-jekyll-front-matter-0.62.2.jar;C:\Users\WINDOWS 10\.m2\repository\com\vladsch\flexmark\flexmark-ext-jekyll-tag\0.62.2\flexmark-ext-jekyll-tag-0.62.2.jar;C:\Users\WINDOWS 10\.m2\repository\com\vladsch\flexmark\flexmark-ext-media-tags\0.62.2\flexmark-ext-media-tags-0.62.2.jar;C:\Users\WINDOWS 10\.m2\repository\com\vladsch\flexmark\flexmark-ext-macros\0.62.2\flexmark-ext-macros-0.62.2.jar;C:\Users\WINDOWS 10\.m2\repository\com\vladsch\flexmark\flexmark-ext-ins\0.62.2\flexmark-ext-ins-0.62.2.jar;C:\Users\WINDOWS 10\.m2\repository\com\vladsch\flexmark\flexmark-ext-xwiki-macros\0.62.2\flexmark-ext-xwiki-macros-0.62.2.jar;C:\Users\WINDOWS 10\.m2\repository\com\vladsch\flexmark\flexmark-ext-superscript\0.62.2\flexmark-ext-superscript-0.62.2.jar;C:\Users\WINDOWS 10\.m2\repository\com\vladsch\flexmark\flexmark-ext-tables\0.62.2\flexmark-ext-tables-0.62.2.jar;C:\Users\WINDOWS 10\.m2\repository\com\vladsch\flexmark\flexmark-ext-toc\0.62.2\flexmark-ext-toc-0.62.2.jar;C:\Users\WINDOWS 10\.m2\repository\com\vladsch\flexmark\flexmark-ext-typographic\0.62.2\flexmark-ext-typographic-0.62.2.jar;C:\Users\WINDOWS 10\.m2\repository\com\vladsch\flexmark\flexmark-ext-wikilink\0.62.2\flexmark-ext-wikilink-0.62.2.jar;C:\Users\WINDOWS 10\.m2\repository\com\vladsch\flexmark\flexmark-ext-yaml-front-matter\0.62.2\flexmark-ext-yaml-front-matter-0.62.2.jar;C:\Users\WINDOWS 10\.m2\repository\com\vladsch\flexmark\flexmark-ext-youtube-embedded\0.62.2\flexmark-ext-youtube-embedded-0.62.2.jar;C:\Users\WINDOWS 10\.m2\repository\com\vladsch\flexmark\flexmark-html2md-converter\0.62.2\flexmark-html2md-converter-0.62.2.jar;C:\Users\WINDOWS 10\.m2\repository\com\vladsch\flexmark\flexmark-jira-converter\0.62.2\flexmark-jira-converter-0.62.2.jar;C:\Users\WINDOWS 10\.m2\repository\com\vladsch\flexmark\flexmark-pdf-converter\0.62.2\flexmark-pdf-converter-0.62.2.jar;C:\Users\WINDOWS 10\.m2\repository\com\openhtmltopdf\openhtmltopdf-core\1.0.0\openhtmltopdf-core-1.0.0.jar;C:\Users\WINDOWS 10\.m2\repository\com\openhtmltopdf\openhtmltopdf-pdfbox\1.0.0\openhtmltopdf-pdfbox-1.0.0.jar;C:\Users\WINDOWS 10\.m2\repository\org\apache\pdfbox\pdfbox\2.0.16\pdfbox-2.0.16.jar;C:\Users\WINDOWS 10\.m2\repository\org\apache\pdfbox\fontbox\2.0.16\fontbox-2.0.16.jar;C:\Users\WINDOWS 10\.m2\repository\org\apache\pdfbox\xmpbox\2.0.16\xmpbox-2.0.16.jar;C:\Users\WINDOWS 10\.m2\repository\de\rototor\pdfbox\graphics2d\0.24\graphics2d-0.24.jar;C:\Users\WINDOWS 10\.m2\repository\com\openhtmltopdf\openhtmltopdf-rtl-support\1.0.0\openhtmltopdf-rtl-support-1.0.0.jar;C:\Users\WINDOWS 10\.m2\repository\com\openhtmltopdf\openhtmltopdf-jsoup-dom-converter\1.0.0\openhtmltopdf-jsoup-dom-converter-1.0.0.jar;C:\Users\WINDOWS 10\.m2\repository\com\vladsch\flexmark\flexmark-profile-pegdown\0.62.2\flexmark-profile-pegdown-0.62.2.jar;C:\Users\WINDOWS 10\.m2\repository\com\vladsch\flexmark\flexmark-util-ast\0.62.2\flexmark-util-ast-0.62.2.jar;C:\Users\WINDOWS 10\.m2\repository\com\vladsch\flexmark\flexmark-util-builder\0.62.2\flexmark-util-builder-0.62.2.jar;C:\Users\WINDOWS 10\.m2\repository\com\vladsch\flexmark\flexmark-util-collection\0.62.2\flexmark-util-collection-0.62.2.jar;C:\Users\WINDOWS 10\.m2\repository\com\vladsch\flexmark\flexmark-util-data\0.62.2\flexmark-util-data-0.62.2.jar;C:\Users\WINDOWS 10\.m2\repository\com\vladsch\flexmark\flexmark-util-dependency\0.62.2\flexmark-util-dependency-0.62.2.jar;C:\Users\WINDOWS 10\.m2\repository\com\vladsch\flexmark\flexmark-util-format\0.62.2\flexmark-util-format-0.62.2.jar;C:\Users\WINDOWS 10\.m2\repository\com\vladsch\flexmark\flexmark-util-html\0.62.2\flexmark-util-html-0.62.2.jar;C:\Users\WINDOWS 10\.m2\repository\com\vladsch\flexmark\flexmark-util-misc\0.62.2\flexmark-util-misc-0.62.2.jar;C:\Users\WINDOWS 10\.m2\repository\com\vladsch\flexmark\flexmark-util-options\0.62.2\flexmark-util-options-0.62.2.jar;C:\Users\WINDOWS 10\.m2\repository\com\vladsch\flexmark\flexmark-util-sequence\0.62.2\flexmark-util-sequence-0.62.2.jar;C:\Users\WINDOWS 10\.m2\repository\com\vladsch\flexmark\flexmark-util-visitor\0.62.2\flexmark-util-visitor-0.62.2.jar;C:\Users\WINDOWS 10\.m2\repository\com\vladsch\flexmark\flexmark-youtrack-converter\0.62.2\flexmark-youtrack-converter-0.62.2.jar;C:\Users\WINDOWS 10\.m2\repository\com\ibm\icu\icu4j\72.1\icu4j-72.1.jar;C:\Users\WINDOWS 10\.m2\repository\es\nitaur\markdown\txtmark\0.16\txtmark-0.16.jar;C:\Users\WINDOWS 10\.m2\repository\net\serenity-bdd\serenity-report-resources\3.6.21\serenity-report-resources-3.6.21.jar;C:\Users\WINDOWS 10\.m2\repository\com\google\code\gson\gson\2.10.1\gson-2.10.1.jar;C:\Users\WINDOWS 10\.m2\repository\com\fasterxml\jackson\core\jackson-core\2.15.0-rc1\jackson-core-2.15.0-rc1.jar;C:\Users\WINDOWS 10\.m2\repository\com\fasterxml\jackson\core\jackson-databind\2.15.0-rc1\jackson-databind-2.15.0-rc1.jar;C:\Users\WINDOWS 10\.m2\repository\com\fasterxml\jackson\core\jackson-annotations\2.15.0-rc1\jackson-annotations-2.15.0-rc1.jar;C:\Users\WINDOWS 10\.m2\repository\commons-codec\commons-codec\1.15\commons-codec-1.15.jar;C:\Users\WINDOWS 10\.m2\repository\commons-io\commons-io\2.11.0\commons-io-2.11.0.jar;C:\Users\WINDOWS 10\.m2\repository\org\apache\httpcomponents\httpclient\4.5.13\httpclient-4.5.13.jar;C:\Users\WINDOWS 10\.m2\repository\org\apache\httpcomponents\httpcore\4.4.13\httpcore-4.4.13.jar;C:\Users\WINDOWS 10\.m2\repository\commons-logging\commons-logging\1.2\commons-logging-1.2.jar;C:\Users\WINDOWS 10\.m2\repository\org\seleniumhq\selenium\selenium-java\4.8.1\selenium-java-4.8.1.jar;C:\Users\WINDOWS 10\.m2\repository\org\seleniumhq\selenium\selenium-devtools-v108\4.8.1\selenium-devtools-v108-4.8.1.jar;C:\Users\WINDOWS 10\.m2\repository\org\seleniumhq\selenium\selenium-devtools-v109\4.8.1\selenium-devtools-v109-4.8.1.jar;C:\Users\WINDOWS 10\.m2\repository\org\seleniumhq\selenium\selenium-devtools-v110\4.8.1\selenium-devtools-v110-4.8.1.jar;C:\Users\WINDOWS 10\.m2\repository\org\seleniumhq\selenium\selenium-devtools-v85\4.8.1\selenium-devtools-v85-4.8.1.jar;C:\Users\WINDOWS 10\.m2\repository\org\seleniumhq\selenium\selenium-remote-driver\4.8.1\selenium-remote-driver-4.8.1.jar;C:\Users\WINDOWS 10\.m2\repository\com\beust\jcommander\1.82\jcommander-1.82.jar;C:\Users\WINDOWS 10\.m2\repository\io\netty\netty-buffer\4.1.87.Final\netty-buffer-4.1.87.Final.jar;C:\Users\WINDOWS 10\.m2\repository\io\netty\netty-codec-http\4.1.87.Final\netty-codec-http-4.1.87.Final.jar;C:\Users\WINDOWS 10\.m2\repository\io\netty\netty-codec\4.1.87.Final\netty-codec-4.1.87.Final.jar;C:\Users\WINDOWS 10\.m2\repository\io\netty\netty-handler\4.1.87.Final\netty-handler-4.1.87.Final.jar;C:\Users\WINDOWS 10\.m2\repository\io\netty\netty-common\4.1.87.Final\netty-common-4.1.87.Final.jar;C:\Users\WINDOWS 10\.m2\repository\io\netty\netty-transport-classes-epoll\4.1.87.Final\netty-transport-classes-epoll-4.1.87.Final.jar;C:\Users\WINDOWS 10\.m2\repository\io\netty\netty-transport-classes-kqueue\4.1.87.Final\netty-transport-classes-kqueue-4.1.87.Final.jar;C:\Users\WINDOWS 10\.m2\repository\io\netty\netty-transport-native-epoll\4.1.87.Final\netty-transport-native-epoll-4.1.87.Final.jar;C:\Users\WINDOWS 10\.m2\repository\io\netty\netty-transport-native-kqueue\4.1.87.Final\netty-transport-native-kqueue-4.1.87.Final.jar;C:\Users\WINDOWS 10\.m2\repository\io\netty\netty-transport-native-unix-common\4.1.87.Final\netty-transport-native-unix-common-4.1.87.Final.jar;C:\Users\WINDOWS 10\.m2\repository\io\netty\netty-transport\4.1.87.Final\netty-transport-4.1.87.Final.jar;C:\Users\WINDOWS 10\.m2\repository\io\netty\netty-resolver\4.1.87.Final\netty-resolver-4.1.87.Final.jar;C:\Users\WINDOWS 10\.m2\repository\io\opentelemetry\opentelemetry-api\1.22.0\opentelemetry-api-1.22.0.jar;C:\Users\WINDOWS 10\.m2\repository\io\opentelemetry\opentelemetry-context\1.22.0\opentelemetry-context-1.22.0.jar;C:\Users\WINDOWS 10\.m2\repository\io\opentelemetry\opentelemetry-exporter-logging\1.22.0\opentelemetry-exporter-logging-1.22.0.jar;C:\Users\WINDOWS 10\.m2\repository\io\opentelemetry\opentelemetry-sdk-metrics\1.22.0\opentelemetry-sdk-metrics-1.22.0.jar;C:\Users\WINDOWS 10\.m2\repository\io\opentelemetry\opentelemetry-sdk-logs\1.22.0-alpha\opentelemetry-sdk-logs-1.22.0-alpha.jar;C:\Users\WINDOWS 10\.m2\repository\io\opentelemetry\opentelemetry-api-logs\1.22.0-alpha\opentelemetry-api-logs-1.22.0-alpha.jar;C:\Users\WINDOWS 10\.m2\repository\io\opentelemetry\opentelemetry-sdk-common\1.22.0\opentelemetry-sdk-common-1.22.0.jar;C:\Users\WINDOWS 10\.m2\repository\io\opentelemetry\opentelemetry-sdk-extension-autoconfigure-spi\1.22.0\opentelemetry-sdk-extension-autoconfigure-spi-1.22.0.jar;C:\Users\WINDOWS 10\.m2\repository\io\opentelemetry\opentelemetry-sdk-extension-autoconfigure\1.22.0-alpha\opentelemetry-sdk-extension-autoconfigure-1.22.0-alpha.jar;C:\Users\WINDOWS 10\.m2\repository\io\opentelemetry\opentelemetry-sdk-trace\1.22.0\opentelemetry-sdk-trace-1.22.0.jar;C:\Users\WINDOWS 10\.m2\repository\io\opentelemetry\opentelemetry-sdk\1.22.0\opentelemetry-sdk-1.22.0.jar;C:\Users\WINDOWS 10\.m2\repository\io\opentelemetry\opentelemetry-semconv\1.22.0-alpha\opentelemetry-semconv-1.22.0-alpha.jar;C:\Users\WINDOWS 10\.m2\repository\io\ous\jtoml\2.0.0\jtoml-2.0.0.jar;C:\Users\WINDOWS 10\.m2\repository\org\apache\commons\commons-exec\1.3\commons-exec-1.3.jar;C:\Users\WINDOWS 10\.m2\repository\org\asynchttpclient\async-http-client\2.12.3\async-http-client-2.12.3.jar;C:\Users\WINDOWS 10\.m2\repository\org\asynchttpclient\async-http-client-netty-utils\2.12.3\async-http-client-netty-utils-2.12.3.jar;C:\Users\WINDOWS 10\.m2\repository\io\netty\netty-codec-socks\4.1.60.Final\netty-codec-socks-4.1.60.Final.jar;C:\Users\WINDOWS 10\.m2\repository\io\netty\netty-handler-proxy\4.1.60.Final\netty-handler-proxy-4.1.60.Final.jar;C:\Users\WINDOWS 10\.m2\repository\io\netty\netty-transport-native-epoll\4.1.60.Final\netty-transport-native-epoll-4.1.60.Final-linux-x86_64.jar;C:\Users\WINDOWS 10\.m2\repository\io\netty\netty-transport-native-kqueue\4.1.60.Final\netty-transport-native-kqueue-4.1.60.Final-osx-x86_64.jar;C:\Users\WINDOWS 10\.m2\repository\org\reactivestreams\reactive-streams\1.0.3\reactive-streams-1.0.3.jar;C:\Users\WINDOWS 10\.m2\repository\com\typesafe\netty\netty-reactive-streams\2.0.4\netty-reactive-streams-2.0.4.jar;C:\Users\WINDOWS 10\.m2\repository\org\seleniumhq\selenium\selenium-manager\4.8.1\selenium-manager-4.8.1.jar;C:\Users\WINDOWS 10\.m2\repository\org\seleniumhq\selenium\selenium-safari-driver\4.8.1\selenium-safari-driver-4.8.1.jar;C:\Users\WINDOWS 10\.m2\repository\org\seleniumhq\selenium\selenium-api\4.8.1\selenium-api-4.8.1.jar;C:\Users\WINDOWS 10\.m2\repository\org\seleniumhq\selenium\selenium-support\4.8.1\selenium-support-4.8.1.jar;C:\Users\WINDOWS 10\.m2\repository\com\google\auto\service\auto-service-annotations\1.0.1\auto-service-annotations-1.0.1.jar;C:\Users\WINDOWS 10\.m2\repository\com\google\auto\service\auto-service\1.0.1\auto-service-1.0.1.jar;C:\Users\WINDOWS 10\.m2\repository\com\google\auto\auto-common\1.2\auto-common-1.2.jar;C:\Users\WINDOWS 10\.m2\repository\org\seleniumhq\selenium\selenium-json\4.8.1\selenium-json-4.8.1.jar;C:\Users\WINDOWS 10\.m2\repository\org\seleniumhq\selenium\selenium-chrome-driver\4.8.1\selenium-chrome-driver-4.8.1.jar;C:\Users\WINDOWS 10\.m2\repository\org\seleniumhq\selenium\selenium-chromium-driver\4.8.1\selenium-chromium-driver-4.8.1.jar;C:\Users\WINDOWS 10\.m2\repository\org\seleniumhq\selenium\selenium-firefox-driver\4.8.1\selenium-firefox-driver-4.8.1.jar;C:\Users\WINDOWS 10\.m2\repository\org\seleniumhq\selenium\selenium-http\4.8.1\selenium-http-4.8.1.jar;C:\Users\WINDOWS 10\.m2\repository\dev\failsafe\failsafe\3.3.0\failsafe-3.3.0.jar;C:\Users\WINDOWS 10\.m2\repository\org\seleniumhq\selenium\selenium-edge-driver\4.8.1\selenium-edge-driver-4.8.1.jar;C:\Users\WINDOWS 10\.m2\repository\org\seleniumhq\selenium\selenium-ie-driver\4.8.1\selenium-ie-driver-4.8.1.jar;C:\Users\WINDOWS 10\.m2\repository\org\projectlombok\lombok\1.18.20\lombok-1.18.20.jar;C:\Users\WINDOWS 10\.m2\repository\io\appium\java-client\8.3.0\java-client-8.3.0.jar;C:\Users\WINDOWS 10\.m2\repository\commons-validator\commons-validator\1.7\commons-validator-1.7.jar;C:\Users\WINDOWS 10\.m2\repository\commons-digester\commons-digester\2.1\commons-digester-2.1.jar;C:\Users\WINDOWS 10\.m2\repository\org\apache\groovy\groovy\4.0.10\groovy-4.0.10.jar;C:\Users\WINDOWS 10\.m2\repository\net\sf\opencsv\opencsv\2.0\opencsv-2.0.jar;C:\Users\WINDOWS 10\.m2\repository\commons-beanutils\commons-beanutils\1.9.4\commons-beanutils-1.9.4.jar;C:\Users\WINDOWS 10\.m2\repository\org\apache\commons\commons-lang3\3.12.0\commons-lang3-3.12.0.jar;C:\Users\WINDOWS 10\.m2\repository\commons-collections\commons-collections\3.2.2\commons-collections-3.2.2.jar;C:\Users\WINDOWS 10\.m2\repository\org\fluentlenium\fluentlenium-core\0.10.2\fluentlenium-core-0.10.2.jar;C:\Users\WINDOWS 10\.m2\repository\io\github\bonigarcia\webdrivermanager\5.3.0\webdrivermanager-5.3.0.jar;C:\Users\WINDOWS 10\.m2\repository\com\github\docker-java\docker-java\3.2.13\docker-java-3.2.13.jar;C:\Users\WINDOWS 10\.m2\repository\com\github\docker-java\docker-java-core\3.2.13\docker-java-core-3.2.13.jar;C:\Users\WINDOWS 10\.m2\repository\com\github\docker-java\docker-java-api\3.2.13\docker-java-api-3.2.13.jar;C:\Users\WINDOWS 10\.m2\repository\org\apache\commons\commons-compress\1.21\commons-compress-1.21.jar;C:\Users\WINDOWS 10\.m2\repository\org\bouncycastle\bcpkix-jdk15on\1.64\bcpkix-jdk15on-1.64.jar;C:\Users\WINDOWS 10\.m2\repository\org\bouncycastle\bcprov-jdk15on\1.64\bcprov-jdk15on-1.64.jar;C:\Users\WINDOWS 10\.m2\repository\org\slf4j\jcl-over-slf4j\1.7.30\jcl-over-slf4j-1.7.30.jar;C:\Users\WINDOWS 10\.m2\repository\com\github\docker-java\docker-java-transport-httpclient5\3.2.13\docker-java-transport-httpclient5-3.2.13.jar;C:\Users\WINDOWS 10\.m2\repository\com\github\docker-java\docker-java-transport\3.2.13\docker-java-transport-3.2.13.jar;C:\Users\WINDOWS 10\.m2\repository\net\java\dev\jna\jna\5.8.0\jna-5.8.0.jar;C:\Users\WINDOWS 10\.m2\repository\org\brotli\dec\0.1.2\dec-0.1.2.jar;C:\Users\WINDOWS 10\.m2\repository\org\apache\httpcomponents\client5\httpclient5\5.1.3\httpclient5-5.1.3.jar;C:\Users\WINDOWS 10\.m2\repository\org\apache\httpcomponents\core5\httpcore5\5.1.3\httpcore5-5.1.3.jar;C:\Users\WINDOWS 10\.m2\repository\org\apache\httpcomponents\core5\httpcore5-h2\5.1.3\httpcore5-h2-5.1.3.jar;C:\Users\WINDOWS 10\.m2\repository\com\jhlabs\filters\2.0.235\filters-2.0.235.jar;C:\Users\WINDOWS 10\.m2\repository\com\paulhammant\ngwebdriver\1.1.6\ngwebdriver-1.1.6.jar;C:\Users\WINDOWS 10\.m2\repository\joda-time\joda-time\2.12.2\joda-time-2.12.2.jar;C:\Users\WINDOWS 10\.m2\repository\org\hamcrest\hamcrest\2.2\hamcrest-2.2.jar;C:\Users\WINDOWS 10\.m2\repository\com\google\jimfs\jimfs\1.2\jimfs-1.2.jar;C:\Users\WINDOWS 10\.m2\repository\org\mockito\mockito-core\3.3.3\mockito-core-3.3.3.jar;C:\Users\WINDOWS 10\.m2\repository\javax\xml\bind\jaxb-api\2.3.1\jaxb-api-2.3.1.jar;C:\Users\WINDOWS 10\.m2\repository\javax\activation\javax.activation-api\1.2.0\javax.activation-api-1.2.0.jar;C:\Users\WINDOWS 10\.m2\repository\com\sun\xml\bind\jaxb-core\2.3.0.1\jaxb-core-2.3.0.1.jar;C:\Users\WINDOWS 10\.m2\repository\com\sun\xml\bind\jaxb-impl\2.3.3\jaxb-impl-2.3.3.jar;C:\Users\WINDOWS 10\.m2\repository\jakarta\xml\bind\jakarta.xml.bind-api\2.3.3\jakarta.xml.bind-api-2.3.3.jar;C:\Users\WINDOWS 10\.m2\repository\com\sun\activation\jakarta.activation\1.2.2\jakarta.activation-1.2.2.jar;C:\Users\WINDOWS 10\.m2\repository\javax\activation\activation\1.1.1\activation-1.1.1.jar;C:\Users\WINDOWS 10\.m2\repository\net\serenity-bdd\serenity-cucumber\3.6.21\serenity-cucumber-3.6.21.jar;C:\Users\WINDOWS 10\.m2\repository\io\cucumber\cucumber-core\7.11.0\cucumber-core-7.11.0.jar;C:\Users\WINDOWS 10\.m2\repository\io\cucumber\cucumber-gherkin\7.11.0\cucumber-gherkin-7.11.0.jar;C:\Users\WINDOWS 10\.m2\repository\io\cucumber\cucumber-gherkin-messages\7.11.0\cucumber-gherkin-messages-7.11.0.jar;C:\Users\WINDOWS 10\.m2\repository\io\cucumber\gherkin\26.0.3\gherkin-26.0.3.jar;C:\Users\WINDOWS 10\.m2\repository\io\cucumber\messages\21.0.1\messages-21.0.1.jar;C:\Users\WINDOWS 10\.m2\repository\io\cucumber\tag-expressions\5.0.1\tag-expressions-5.0.1.jar;C:\Users\WINDOWS 10\.m2\repository\io\cucumber\cucumber-expressions\16.1.1\cucumber-expressions-16.1.1.jar;C:\Users\WINDOWS 10\.m2\repository\io\cucumber\datatable\7.11.0\datatable-7.11.0.jar;C:\Users\WINDOWS 10\.m2\repository\io\cucumber\cucumber-plugin\7.11.0\cucumber-plugin-7.11.0.jar;C:\Users\WINDOWS 10\.m2\repository\io\cucumber\docstring\7.11.0\docstring-7.11.0.jar;C:\Users\WINDOWS 10\.m2\repository\io\cucumber\html-formatter\20.2.1\html-formatter-20.2.1.jar;C:\Users\WINDOWS 10\.m2\repository\io\cucumber\junit-xml-formatter\0.1.0\junit-xml-formatter-0.1.0.jar;C:\Users\WINDOWS 10\.m2\repository\io\cucumber\ci-environment\9.1.0\ci-environment-9.1.0.jar;C:\Users\WINDOWS 10\.m2\repository\io\cucumber\cucumber-java\7.11.0\cucumber-java-7.11.0.jar;C:\Users\WINDOWS 10\.m2\repository\io\cucumber\cucumber-junit\7.11.0\cucumber-junit-7.11.0.jar;C:\Users\WINDOWS 10\.m2\repository\org\apache\commons\commons-csv\1.5\commons-csv-1.5.jar;C:\Users\WINDOWS 10\.m2\repository\net\serenity-bdd\serenity-screenplay\3.6.21\serenity-screenplay-3.6.21.jar;C:\Users\WINDOWS 10\.m2\repository\net\serenity-bdd\serenity-screenplay-webdriver\3.6.21\serenity-screenplay-webdriver-3.6.21.jar;C:\Users\WINDOWS 10\.m2\repository\net\serenity-bdd\serenity-ensure\3.6.21\serenity-ensure-3.6.21.jar;C:\Users\WINDOWS 10\.m2\repository\net\serenity-bdd\serenity-junit\3.6.21\serenity-junit-3.6.21.jar;C:\Users\WINDOWS 10\.m2\repository\org\jetbrains\kotlin\kotlin-stdlib\1.8.10\kotlin-stdlib-1.8.10.jar;C:\Users\WINDOWS 10\.m2\repository\org\jetbrains\kotlin\kotlin-stdlib-common\1.8.10\kotlin-stdlib-common-1.8.10.jar;C:\Users\WINDOWS 10\.m2\repository\org\jetbrains\annotations\13.0\annotations-13.0.jar;C:\Users\WINDOWS 10\.m2\repository\org\junit\platform\junit-platform-launcher\1.8.2\junit-platform-launcher-1.8.2.jar;C:\Users\WINDOWS 10\.m2\repository\org\junit\platform\junit-platform-engine\1.8.2\junit-platform-engine-1.8.2.jar;C:\Users\WINDOWS 10\.m2\repository\org\opentest4j\opentest4j\1.2.0\opentest4j-1.2.0.jar;C:\Users\WINDOWS 10\.m2\repository\org\junit\platform\junit-platform-commons\1.8.2\junit-platform-commons-1.8.2.jar;C:\Users\WINDOWS 10\.m2\repository\org\apiguardian\apiguardian-api\1.1.2\apiguardian-api-1.1.2.jar;C:\Users\WINDOWS 10\.m2\repository\org\junit\jupiter\junit-jupiter-engine\5.8.2\junit-jupiter-engine-5.8.2.jar;C:\Users\WINDOWS 10\.m2\repository\org\junit\jupiter\junit-jupiter-api\5.8.2\junit-jupiter-api-5.8.2.jar;C:\Users\WINDOWS 10\.m2\repository\org\junit\vintage\junit-vintage-engine\5.8.2\junit-vintage-engine-5.8.2.jar;C:\Users\WINDOWS 10\.m2\repository\junit\junit\4.13.2\junit-4.13.2.jar;C:\Users\WINDOWS 10\.m2\repository\org\hamcrest\hamcrest-core\1.3\hamcrest-core-1.3.jar;C:\Users\WINDOWS 10\.m2\repository\ch\qos\logback\logback-classic\1.2.10\logback-classic-1.2.10.jar;C:\Users\WINDOWS 10\.m2\repository\ch\qos\logback\logback-core\1.2.10\logback-core-1.2.10.jar;C:\Users\WINDOWS 10\.m2\repository\org\slf4j\slf4j-api\1.7.32\slf4j-api-1.7.32.jar;C:\Users\WINDOWS 10\.m2\repository\org\assertj\assertj-core\3.23.1\assertj-core-3.23.1.jar;C:\Users\WINDOWS 10\.m2\repository\net\bytebuddy\byte-buddy\1.12.10\byte-buddy-1.12.10.jar;"/>
    <property name="sun.cpu.endian" value="little"/>
    <property name="user.home" value="C:\Users\WINDOWS 10"/>
    <property name="user.language" value="en"/>
    <property name="java.specification.vendor" value="Oracle Corporation"/>
    <property name="jdk.module.path" value="C:\Users\WINDOWS 10\Documents\GitHub\QE_Andira_Ms\11_Web_Programming_&amp;_Testing\Praktikum\Testing_with_Serenity\Prioritas2\alta\target\alta-1.0-SNAPSHOT.jar"/>
    <property name="java.version.date" value="2020-09-15"/>
    <property name="java.home" value="C:\Program Files\Java\jdk-15"/>
    <property name="file.separator" value="\"/>
    <property name="basedir" value="C:\Users\WINDOWS 10\Documents\GitHub\QE_Andira_Ms\11_Web_Programming_&amp;_Testing\Praktikum\Testing_with_Serenity\Prioritas2\alta"/>
    <property name="java.vm.compressedOopsMode" value="Zero based"/>
    <property name="line.separator" value="&#10;"/>
    <property name="java.vm.specification.vendor" value="Oracle Corporation"/>
    <property name="java.specification.name" value="Java Platform API Specification"/>
    <property name="surefire.real.class.path" value="C:\Users\WINDOWS 10\.m2\repository\org\apache\maven\surefire\surefire-booter\3.0.0-M5\surefire-booter-3.0.0-M5.jar;C:\Users\WINDOWS 10\.m2\repository\org\apache\maven\surefire\surefire-api\3.0.0-M5\surefire-api-3.0.0-M5.jar;C:\Users\WINDOWS 10\.m2\repository\org\apache\maven\surefire\surefire-logger-api\3.0.0-M5\surefire-logger-api-3.0.0-M5.jar;C:\Users\WINDOWS 10\.m2\repository\org\apache\maven\surefire\surefire-shared-utils\3.0.0-M4\surefire-shared-utils-3.0.0-M4.jar;C:\Users\WINDOWS 10\.m2\repository\org\apache\maven\surefire\surefire-extensions-spi\3.0.0-M5\surefire-extensions-spi-3.0.0-M5.jar;C:\Users\WINDOWS 10\Documents\GitHub\QE_Andira_Ms\11_Web_Programming_&amp;_Testing\Praktikum\Testing_with_Serenity\Prioritas2\alta\target\test-classes;C:\Users\WINDOWS 10\.m2\repository\net\serenity-bdd\serenity-core\3.6.21\serenity-core-3.6.21.jar;C:\Users\WINDOWS 10\.m2\repository\net\serenity-bdd\serenity-model\3.6.21\serenity-model-3.6.21.jar;C:\Users\WINDOWS 10\.m2\repository\org\apache\commons\commons-text\1.10.0\commons-text-1.10.0.jar;C:\Users\WINDOWS 10\.m2\repository\commons-net\commons-net\3.9.0\commons-net-3.9.0.jar;C:\Users\WINDOWS 10\.m2\repository\com\google\guava\guava\31.1-jre\guava-31.1-jre.jar;C:\Users\WINDOWS 10\.m2\repository\com\google\guava\failureaccess\1.0.1\failureaccess-1.0.1.jar;C:\Users\WINDOWS 10\.m2\repository\com\google\guava\listenablefuture\9999.0-empty-to-avoid-conflict-with-guava\listenablefuture-9999.0-empty-to-avoid-conflict-with-guava.jar;C:\Users\WINDOWS 10\.m2\repository\com\google\code\findbugs\jsr305\3.0.2\jsr305-3.0.2.jar;C:\Users\WINDOWS 10\.m2\repository\org\checkerframework\checker-qual\3.12.0\checker-qual-3.12.0.jar;C:\Users\WINDOWS 10\.m2\repository\com\google\errorprone\error_prone_annotations\2.11.0\error_prone_annotations-2.11.0.jar;C:\Users\WINDOWS 10\.m2\repository\com\google\j2objc\j2objc-annotations\1.3\j2objc-annotations-1.3.jar;C:\Users\WINDOWS 10\.m2\repository\com\google\inject\guice\5.1.0\guice-5.1.0.jar;C:\Users\WINDOWS 10\.m2\repository\javax\inject\javax.inject\1\javax.inject-1.jar;C:\Users\WINDOWS 10\.m2\repository\aopalliance\aopalliance\1.0\aopalliance-1.0.jar;C:\Users\WINDOWS 10\.m2\repository\org\jsoup\jsoup\1.14.3\jsoup-1.14.3.jar;C:\Users\WINDOWS 10\.m2\repository\com\thoughtworks\xstream\xstream\1.4.20\xstream-1.4.20.jar;C:\Users\WINDOWS 10\.m2\repository\io\github\x-stream\mxparser\1.2.2\mxparser-1.2.2.jar;C:\Users\WINDOWS 10\.m2\repository\xmlpull\xmlpull\1.1.3.1\xmlpull-1.1.3.1.jar;C:\Users\WINDOWS 10\.m2\repository\com\typesafe\config\1.4.2\config-1.4.2.jar;C:\Users\WINDOWS 10\.m2\repository\org\imgscalr\imgscalr-lib\4.2\imgscalr-lib-4.2.jar;C:\Users\WINDOWS 10\.m2\repository\org\awaitility\awaitility\4.2.0\awaitility-4.2.0.jar;C:\Users\WINDOWS 10\.m2\repository\org\freemarker\freemarker\2.3.31\freemarker-2.3.31.jar;C:\Users\WINDOWS 10\.m2\repository\io\github\classgraph\classgraph\4.8.138\classgraph-4.8.138.jar;C:\Users\WINDOWS 10\.m2\repository\net\sourceforge\jexcelapi\jxl\2.6.12\jxl-2.6.12.jar;C:\Users\WINDOWS 10\.m2\repository\net\bytebuddy\byte-buddy-agent\1.14.2\byte-buddy-agent-1.14.2.jar;C:\Users\WINDOWS 10\.m2\repository\org\objenesis\objenesis\3.3\objenesis-3.3.jar;C:\Users\WINDOWS 10\.m2\repository\net\serenity-bdd\serenity-reports\3.6.21\serenity-reports-3.6.21.jar;C:\Users\WINDOWS 10\.m2\repository\net\serenity-bdd\serenity-stats\3.6.21\serenity-stats-3.6.21.jar;C:\Users\WINDOWS 10\.m2\repository\net\serenity-bdd\serenity-reports-configuration\3.6.21\serenity-reports-configuration-3.6.21.jar;C:\Users\WINDOWS 10\.m2\repository\com\vladsch\flexmark\flexmark-all\0.62.2\flexmark-all-0.62.2.jar;C:\Users\WINDOWS 10\.m2\repository\com\vladsch\flexmark\flexmark\0.62.2\flexmark-0.62.2.jar;C:\Users\WINDOWS 10\.m2\repository\com\vladsch\flexmark\flexmark-ext-abbreviation\0.62.2\flexmark-ext-abbreviation-0.62.2.jar;C:\Users\WINDOWS 10\.m2\repository\com\vladsch\flexmark\flexmark-util\0.62.2\flexmark-util-0.62.2.jar;C:\Users\WINDOWS 10\.m2\repository\com\vladsch\flexmark\flexmark-ext-admonition\0.62.2\flexmark-ext-admonition-0.62.2.jar;C:\Users\WINDOWS 10\.m2\repository\com\vladsch\flexmark\flexmark-ext-anchorlink\0.62.2\flexmark-ext-anchorlink-0.62.2.jar;C:\Users\WINDOWS 10\.m2\repository\com\vladsch\flexmark\flexmark-ext-aside\0.62.2\flexmark-ext-aside-0.62.2.jar;C:\Users\WINDOWS 10\.m2\repository\com\vladsch\flexmark\flexmark-ext-attributes\0.62.2\flexmark-ext-attributes-0.62.2.jar;C:\Users\WINDOWS 10\.m2\repository\com\vladsch\flexmark\flexmark-ext-autolink\0.62.2\flexmark-ext-autolink-0.62.2.jar;C:\Users\WINDOWS 10\.m2\repository\org\nibor\autolink\autolink\0.6.0\autolink-0.6.0.jar;C:\Users\WINDOWS 10\.m2\repository\com\vladsch\flexmark\flexmark-ext-definition\0.62.2\flexmark-ext-definition-0.62.2.jar;C:\Users\WINDOWS 10\.m2\repository\com\vladsch\flexmark\flexmark-ext-emoji\0.62.2\flexmark-ext-emoji-0.62.2.jar;C:\Users\WINDOWS 10\.m2\repository\com\vladsch\flexmark\flexmark-ext-enumerated-reference\0.62.2\flexmark-ext-enumerated-reference-0.62.2.jar;C:\Users\WINDOWS 10\.m2\repository\com\vladsch\flexmark\flexmark-ext-escaped-character\0.62.2\flexmark-ext-escaped-character-0.62.2.jar;C:\Users\WINDOWS 10\.m2\repository\com\vladsch\flexmark\flexmark-ext-footnotes\0.62.2\flexmark-ext-footnotes-0.62.2.jar;C:\Users\WINDOWS 10\.m2\repository\com\vladsch\flexmark\flexmark-ext-gfm-issues\0.62.2\flexmark-ext-gfm-issues-0.62.2.jar;C:\Users\WINDOWS 10\.m2\repository\com\vladsch\flexmark\flexmark-ext-gfm-strikethrough\0.62.2\flexmark-ext-gfm-strikethrough-0.62.2.jar;C:\Users\WINDOWS 10\.m2\repository\com\vladsch\flexmark\flexmark-ext-gfm-tasklist\0.62.2\flexmark-ext-gfm-tasklist-0.62.2.jar;C:\Users\WINDOWS 10\.m2\repository\com\vladsch\flexmark\flexmark-ext-gfm-users\0.62.2\flexmark-ext-gfm-users-0.62.2.jar;C:\Users\WINDOWS 10\.m2\repository\com\vladsch\flexmark\flexmark-ext-gitlab\0.62.2\flexmark-ext-gitlab-0.62.2.jar;C:\Users\WINDOWS 10\.m2\repository\com\vladsch\flexmark\flexmark-ext-jekyll-front-matter\0.62.2\flexmark-ext-jekyll-front-matter-0.62.2.jar;C:\Users\WINDOWS 10\.m2\repository\com\vladsch\flexmark\flexmark-ext-jekyll-tag\0.62.2\flexmark-ext-jekyll-tag-0.62.2.jar;C:\Users\WINDOWS 10\.m2\repository\com\vladsch\flexmark\flexmark-ext-media-tags\0.62.2\flexmark-ext-media-tags-0.62.2.jar;C:\Users\WINDOWS 10\.m2\repository\com\vladsch\flexmark\flexmark-ext-macros\0.62.2\flexmark-ext-macros-0.62.2.jar;C:\Users\WINDOWS 10\.m2\repository\com\vladsch\flexmark\flexmark-ext-ins\0.62.2\flexmark-ext-ins-0.62.2.jar;C:\Users\WINDOWS 10\.m2\repository\com\vladsch\flexmark\flexmark-ext-xwiki-macros\0.62.2\flexmark-ext-xwiki-macros-0.62.2.jar;C:\Users\WINDOWS 10\.m2\repository\com\vladsch\flexmark\flexmark-ext-superscript\0.62.2\flexmark-ext-superscript-0.62.2.jar;C:\Users\WINDOWS 10\.m2\repository\com\vladsch\flexmark\flexmark-ext-tables\0.62.2\flexmark-ext-tables-0.62.2.jar;C:\Users\WINDOWS 10\.m2\repository\com\vladsch\flexmark\flexmark-ext-toc\0.62.2\flexmark-ext-toc-0.62.2.jar;C:\Users\WINDOWS 10\.m2\repository\com\vladsch\flexmark\flexmark-ext-typographic\0.62.2\flexmark-ext-typographic-0.62.2.jar;C:\Users\WINDOWS 10\.m2\repository\com\vladsch\flexmark\flexmark-ext-wikilink\0.62.2\flexmark-ext-wikilink-0.62.2.jar;C:\Users\WINDOWS 10\.m2\repository\com\vladsch\flexmark\flexmark-ext-yaml-front-matter\0.62.2\flexmark-ext-yaml-front-matter-0.62.2.jar;C:\Users\WINDOWS 10\.m2\repository\com\vladsch\flexmark\flexmark-ext-youtube-embedded\0.62.2\flexmark-ext-youtube-embedded-0.62.2.jar;C:\Users\WINDOWS 10\.m2\repository\com\vladsch\flexmark\flexmark-html2md-converter\0.62.2\flexmark-html2md-converter-0.62.2.jar;C:\Users\WINDOWS 10\.m2\repository\com\vladsch\flexmark\flexmark-jira-converter\0.62.2\flexmark-jira-converter-0.62.2.jar;C:\Users\WINDOWS 10\.m2\repository\com\vladsch\flexmark\flexmark-pdf-converter\0.62.2\flexmark-pdf-converter-0.62.2.jar;C:\Users\WINDOWS 10\.m2\repository\com\openhtmltopdf\openhtmltopdf-core\1.0.0\openhtmltopdf-core-1.0.0.jar;C:\Users\WINDOWS 10\.m2\repository\com\openhtmltopdf\openhtmltopdf-pdfbox\1.0.0\openhtmltopdf-pdfbox-1.0.0.jar;C:\Users\WINDOWS 10\.m2\repository\org\apache\pdfbox\pdfbox\2.0.16\pdfbox-2.0.16.jar;C:\Users\WINDOWS 10\.m2\repository\org\apache\pdfbox\fontbox\2.0.16\fontbox-2.0.16.jar;C:\Users\WINDOWS 10\.m2\repository\org\apache\pdfbox\xmpbox\2.0.16\xmpbox-2.0.16.jar;C:\Users\WINDOWS 10\.m2\repository\de\rototor\pdfbox\graphics2d\0.24\graphics2d-0.24.jar;C:\Users\WINDOWS 10\.m2\repository\com\openhtmltopdf\openhtmltopdf-rtl-support\1.0.0\openhtmltopdf-rtl-support-1.0.0.jar;C:\Users\WINDOWS 10\.m2\repository\com\openhtmltopdf\openhtmltopdf-jsoup-dom-converter\1.0.0\openhtmltopdf-jsoup-dom-converter-1.0.0.jar;C:\Users\WINDOWS 10\.m2\repository\com\vladsch\flexmark\flexmark-profile-pegdown\0.62.2\flexmark-profile-pegdown-0.62.2.jar;C:\Users\WINDOWS 10\.m2\repository\com\vladsch\flexmark\flexmark-util-ast\0.62.2\flexmark-util-ast-0.62.2.jar;C:\Users\WINDOWS 10\.m2\repository\com\vladsch\flexmark\flexmark-util-builder\0.62.2\flexmark-util-builder-0.62.2.jar;C:\Users\WINDOWS 10\.m2\repository\com\vladsch\flexmark\flexmark-util-collection\0.62.2\flexmark-util-collection-0.62.2.jar;C:\Users\WINDOWS 10\.m2\repository\com\vladsch\flexmark\flexmark-util-data\0.62.2\flexmark-util-data-0.62.2.jar;C:\Users\WINDOWS 10\.m2\repository\com\vladsch\flexmark\flexmark-util-dependency\0.62.2\flexmark-util-dependency-0.62.2.jar;C:\Users\WINDOWS 10\.m2\repository\com\vladsch\flexmark\flexmark-util-format\0.62.2\flexmark-util-format-0.62.2.jar;C:\Users\WINDOWS 10\.m2\repository\com\vladsch\flexmark\flexmark-util-html\0.62.2\flexmark-util-html-0.62.2.jar;C:\Users\WINDOWS 10\.m2\repository\com\vladsch\flexmark\flexmark-util-misc\0.62.2\flexmark-util-misc-0.62.2.jar;C:\Users\WINDOWS 10\.m2\repository\com\vladsch\flexmark\flexmark-util-options\0.62.2\flexmark-util-options-0.62.2.jar;C:\Users\WINDOWS 10\.m2\repository\com\vladsch\flexmark\flexmark-util-sequence\0.62.2\flexmark-util-sequence-0.62.2.jar;C:\Users\WINDOWS 10\.m2\repository\com\vladsch\flexmark\flexmark-util-visitor\0.62.2\flexmark-util-visitor-0.62.2.jar;C:\Users\WINDOWS 10\.m2\repository\com\vladsch\flexmark\flexmark-youtrack-converter\0.62.2\flexmark-youtrack-converter-0.62.2.jar;C:\Users\WINDOWS 10\.m2\repository\com\ibm\icu\icu4j\72.1\icu4j-72.1.jar;C:\Users\WINDOWS 10\.m2\repository\es\nitaur\markdown\txtmark\0.16\txtmark-0.16.jar;C:\Users\WINDOWS 10\.m2\repository\net\serenity-bdd\serenity-report-resources\3.6.21\serenity-report-resources-3.6.21.jar;C:\Users\WINDOWS 10\.m2\repository\com\google\code\gson\gson\2.10.1\gson-2.10.1.jar;C:\Users\WINDOWS 10\.m2\repository\com\fasterxml\jackson\core\jackson-core\2.15.0-rc1\jackson-core-2.15.0-rc1.jar;C:\Users\WINDOWS 10\.m2\repository\com\fasterxml\jackson\core\jackson-databind\2.15.0-rc1\jackson-databind-2.15.0-rc1.jar;C:\Users\WINDOWS 10\.m2\repository\com\fasterxml\jackson\core\jackson-annotations\2.15.0-rc1\jackson-annotations-2.15.0-rc1.jar;C:\Users\WINDOWS 10\.m2\repository\commons-codec\commons-codec\1.15\commons-codec-1.15.jar;C:\Users\WINDOWS 10\.m2\repository\commons-io\commons-io\2.11.0\commons-io-2.11.0.jar;C:\Users\WINDOWS 10\.m2\repository\org\apache\httpcomponents\httpclient\4.5.13\httpclient-4.5.13.jar;C:\Users\WINDOWS 10\.m2\repository\org\apache\httpcomponents\httpcore\4.4.13\httpcore-4.4.13.jar;C:\Users\WINDOWS 10\.m2\repository\commons-logging\commons-logging\1.2\commons-logging-1.2.jar;C:\Users\WINDOWS 10\.m2\repository\org\seleniumhq\selenium\selenium-java\4.8.1\selenium-java-4.8.1.jar;C:\Users\WINDOWS 10\.m2\repository\org\seleniumhq\selenium\selenium-devtools-v108\4.8.1\selenium-devtools-v108-4.8.1.jar;C:\Users\WINDOWS 10\.m2\repository\org\seleniumhq\selenium\selenium-devtools-v109\4.8.1\selenium-devtools-v109-4.8.1.jar;C:\Users\WINDOWS 10\.m2\repository\org\seleniumhq\selenium\selenium-devtools-v110\4.8.1\selenium-devtools-v110-4.8.1.jar;C:\Users\WINDOWS 10\.m2\repository\org\seleniumhq\selenium\selenium-devtools-v85\4.8.1\selenium-devtools-v85-4.8.1.jar;C:\Users\WINDOWS 10\.m2\repository\org\seleniumhq\selenium\selenium-remote-driver\4.8.1\selenium-remote-driver-4.8.1.jar;C:\Users\WINDOWS 10\.m2\repository\com\beust\jcommander\1.82\jcommander-1.82.jar;C:\Users\WINDOWS 10\.m2\repository\io\netty\netty-buffer\4.1.87.Final\netty-buffer-4.1.87.Final.jar;C:\Users\WINDOWS 10\.m2\repository\io\netty\netty-codec-http\4.1.87.Final\netty-codec-http-4.1.87.Final.jar;C:\Users\WINDOWS 10\.m2\repository\io\netty\netty-codec\4.1.87.Final\netty-codec-4.1.87.Final.jar;C:\Users\WINDOWS 10\.m2\repository\io\netty\netty-handler\4.1.87.Final\netty-handler-4.1.87.Final.jar;C:\Users\WINDOWS 10\.m2\repository\io\netty\netty-common\4.1.87.Final\netty-common-4.1.87.Final.jar;C:\Users\WINDOWS 10\.m2\repository\io\netty\netty-transport-classes-epoll\4.1.87.Final\netty-transport-classes-epoll-4.1.87.Final.jar;C:\Users\WINDOWS 10\.m2\repository\io\netty\netty-transport-classes-kqueue\4.1.87.Final\netty-transport-classes-kqueue-4.1.87.Final.jar;C:\Users\WINDOWS 10\.m2\repository\io\netty\netty-transport-native-epoll\4.1.87.Final\netty-transport-native-epoll-4.1.87.Final.jar;C:\Users\WINDOWS 10\.m2\repository\io\netty\netty-transport-native-kqueue\4.1.87.Final\netty-transport-native-kqueue-4.1.87.Final.jar;C:\Users\WINDOWS 10\.m2\repository\io\netty\netty-transport-native-unix-common\4.1.87.Final\netty-transport-native-unix-common-4.1.87.Final.jar;C:\Users\WINDOWS 10\.m2\repository\io\netty\netty-transport\4.1.87.Final\netty-transport-4.1.87.Final.jar;C:\Users\WINDOWS 10\.m2\repository\io\netty\netty-resolver\4.1.87.Final\netty-resolver-4.1.87.Final.jar;C:\Users\WINDOWS 10\.m2\repository\io\opentelemetry\opentelemetry-api\1.22.0\opentelemetry-api-1.22.0.jar;C:\Users\WINDOWS 10\.m2\repository\io\opentelemetry\opentelemetry-context\1.22.0\opentelemetry-context-1.22.0.jar;C:\Users\WINDOWS 10\.m2\repository\io\opentelemetry\opentelemetry-exporter-logging\1.22.0\opentelemetry-exporter-logging-1.22.0.jar;C:\Users\WINDOWS 10\.m2\repository\io\opentelemetry\opentelemetry-sdk-metrics\1.22.0\opentelemetry-sdk-metrics-1.22.0.jar;C:\Users\WINDOWS 10\.m2\repository\io\opentelemetry\opentelemetry-sdk-logs\1.22.0-alpha\opentelemetry-sdk-logs-1.22.0-alpha.jar;C:\Users\WINDOWS 10\.m2\repository\io\opentelemetry\opentelemetry-api-logs\1.22.0-alpha\opentelemetry-api-logs-1.22.0-alpha.jar;C:\Users\WINDOWS 10\.m2\repository\io\opentelemetry\opentelemetry-sdk-common\1.22.0\opentelemetry-sdk-common-1.22.0.jar;C:\Users\WINDOWS 10\.m2\repository\io\opentelemetry\opentelemetry-sdk-extension-autoconfigure-spi\1.22.0\opentelemetry-sdk-extension-autoconfigure-spi-1.22.0.jar;C:\Users\WINDOWS 10\.m2\repository\io\opentelemetry\opentelemetry-sdk-extension-autoconfigure\1.22.0-alpha\opentelemetry-sdk-extension-autoconfigure-1.22.0-alpha.jar;C:\Users\WINDOWS 10\.m2\repository\io\opentelemetry\opentelemetry-sdk-trace\1.22.0\opentelemetry-sdk-trace-1.22.0.jar;C:\Users\WINDOWS 10\.m2\repository\io\opentelemetry\opentelemetry-sdk\1.22.0\opentelemetry-sdk-1.22.0.jar;C:\Users\WINDOWS 10\.m2\repository\io\opentelemetry\opentelemetry-semconv\1.22.0-alpha\opentelemetry-semconv-1.22.0-alpha.jar;C:\Users\WINDOWS 10\.m2\repository\io\ous\jtoml\2.0.0\jtoml-2.0.0.jar;C:\Users\WINDOWS 10\.m2\repository\org\apache\commons\commons-exec\1.3\commons-exec-1.3.jar;C:\Users\WINDOWS 10\.m2\repository\org\asynchttpclient\async-http-client\2.12.3\async-http-client-2.12.3.jar;C:\Users\WINDOWS 10\.m2\repository\org\asynchttpclient\async-http-client-netty-utils\2.12.3\async-http-client-netty-utils-2.12.3.jar;C:\Users\WINDOWS 10\.m2\repository\io\netty\netty-codec-socks\4.1.60.Final\netty-codec-socks-4.1.60.Final.jar;C:\Users\WINDOWS 10\.m2\repository\io\netty\netty-handler-proxy\4.1.60.Final\netty-handler-proxy-4.1.60.Final.jar;C:\Users\WINDOWS 10\.m2\repository\io\netty\netty-transport-native-epoll\4.1.60.Final\netty-transport-native-epoll-4.1.60.Final-linux-x86_64.jar;C:\Users\WINDOWS 10\.m2\repository\io\netty\netty-transport-native-kqueue\4.1.60.Final\netty-transport-native-kqueue-4.1.60.Final-osx-x86_64.jar;C:\Users\WINDOWS 10\.m2\repository\org\reactivestreams\reactive-streams\1.0.3\reactive-streams-1.0.3.jar;C:\Users\WINDOWS 10\.m2\repository\com\typesafe\netty\netty-reactive-streams\2.0.4\netty-reactive-streams-2.0.4.jar;C:\Users\WINDOWS 10\.m2\repository\org\seleniumhq\selenium\selenium-manager\4.8.1\selenium-manager-4.8.1.jar;C:\Users\WINDOWS 10\.m2\repository\org\seleniumhq\selenium\selenium-safari-driver\4.8.1\selenium-safari-driver-4.8.1.jar;C:\Users\WINDOWS 10\.m2\repository\org\seleniumhq\selenium\selenium-api\4.8.1\selenium-api-4.8.1.jar;C:\Users\WINDOWS 10\.m2\repository\org\seleniumhq\selenium\selenium-support\4.8.1\selenium-support-4.8.1.jar;C:\Users\WINDOWS 10\.m2\repository\com\google\auto\service\auto-service-annotations\1.0.1\auto-service-annotations-1.0.1.jar;C:\Users\WINDOWS 10\.m2\repository\com\google\auto\service\auto-service\1.0.1\auto-service-1.0.1.jar;C:\Users\WINDOWS 10\.m2\repository\com\google\auto\auto-common\1.2\auto-common-1.2.jar;C:\Users\WINDOWS 10\.m2\repository\org\seleniumhq\selenium\selenium-json\4.8.1\selenium-json-4.8.1.jar;C:\Users\WINDOWS 10\.m2\repository\org\seleniumhq\selenium\selenium-chrome-driver\4.8.1\selenium-chrome-driver-4.8.1.jar;C:\Users\WINDOWS 10\.m2\repository\org\seleniumhq\selenium\selenium-chromium-driver\4.8.1\selenium-chromium-driver-4.8.1.jar;C:\Users\WINDOWS 10\.m2\repository\org\seleniumhq\selenium\selenium-firefox-driver\4.8.1\selenium-firefox-driver-4.8.1.jar;C:\Users\WINDOWS 10\.m2\repository\org\seleniumhq\selenium\selenium-http\4.8.1\selenium-http-4.8.1.jar;C:\Users\WINDOWS 10\.m2\repository\dev\failsafe\failsafe\3.3.0\failsafe-3.3.0.jar;C:\Users\WINDOWS 10\.m2\repository\org\seleniumhq\selenium\selenium-edge-driver\4.8.1\selenium-edge-driver-4.8.1.jar;C:\Users\WINDOWS 10\.m2\repository\org\seleniumhq\selenium\selenium-ie-driver\4.8.1\selenium-ie-driver-4.8.1.jar;C:\Users\WINDOWS 10\.m2\repository\org\projectlombok\lombok\1.18.20\lombok-1.18.20.jar;C:\Users\WINDOWS 10\.m2\repository\io\appium\java-client\8.3.0\java-client-8.3.0.jar;C:\Users\WINDOWS 10\.m2\repository\commons-validator\commons-validator\1.7\commons-validator-1.7.jar;C:\Users\WINDOWS 10\.m2\repository\commons-digester\commons-digester\2.1\commons-digester-2.1.jar;C:\Users\WINDOWS 10\.m2\repository\org\apache\groovy\groovy\4.0.10\groovy-4.0.10.jar;C:\Users\WINDOWS 10\.m2\repository\net\sf\opencsv\opencsv\2.0\opencsv-2.0.jar;C:\Users\WINDOWS 10\.m2\repository\commons-beanutils\commons-beanutils\1.9.4\commons-beanutils-1.9.4.jar;C:\Users\WINDOWS 10\.m2\repository\org\apache\commons\commons-lang3\3.12.0\commons-lang3-3.12.0.jar;C:\Users\WINDOWS 10\.m2\repository\commons-collections\commons-collections\3.2.2\commons-collections-3.2.2.jar;C:\Users\WINDOWS 10\.m2\repository\org\fluentlenium\fluentlenium-core\0.10.2\fluentlenium-core-0.10.2.jar;C:\Users\WINDOWS 10\.m2\repository\io\github\bonigarcia\webdrivermanager\5.3.0\webdrivermanager-5.3.0.jar;C:\Users\WINDOWS 10\.m2\repository\com\github\docker-java\docker-java\3.2.13\docker-java-3.2.13.jar;C:\Users\WINDOWS 10\.m2\repository\com\github\docker-java\docker-java-core\3.2.13\docker-java-core-3.2.13.jar;C:\Users\WINDOWS 10\.m2\repository\com\github\docker-java\docker-java-api\3.2.13\docker-java-api-3.2.13.jar;C:\Users\WINDOWS 10\.m2\repository\org\apache\commons\commons-compress\1.21\commons-compress-1.21.jar;C:\Users\WINDOWS 10\.m2\repository\org\bouncycastle\bcpkix-jdk15on\1.64\bcpkix-jdk15on-1.64.jar;C:\Users\WINDOWS 10\.m2\repository\org\bouncycastle\bcprov-jdk15on\1.64\bcprov-jdk15on-1.64.jar;C:\Users\WINDOWS 10\.m2\repository\org\slf4j\jcl-over-slf4j\1.7.30\jcl-over-slf4j-1.7.30.jar;C:\Users\WINDOWS 10\.m2\repository\com\github\docker-java\docker-java-transport-httpclient5\3.2.13\docker-java-transport-httpclient5-3.2.13.jar;C:\Users\WINDOWS 10\.m2\repository\com\github\docker-java\docker-java-transport\3.2.13\docker-java-transport-3.2.13.jar;C:\Users\WINDOWS 10\.m2\repository\net\java\dev\jna\jna\5.8.0\jna-5.8.0.jar;C:\Users\WINDOWS 10\.m2\repository\org\brotli\dec\0.1.2\dec-0.1.2.jar;C:\Users\WINDOWS 10\.m2\repository\org\apache\httpcomponents\client5\httpclient5\5.1.3\httpclient5-5.1.3.jar;C:\Users\WINDOWS 10\.m2\repository\org\apache\httpcomponents\core5\httpcore5\5.1.3\httpcore5-5.1.3.jar;C:\Users\WINDOWS 10\.m2\repository\org\apache\httpcomponents\core5\httpcore5-h2\5.1.3\httpcore5-h2-5.1.3.jar;C:\Users\WINDOWS 10\.m2\repository\com\jhlabs\filters\2.0.235\filters-2.0.235.jar;C:\Users\WINDOWS 10\.m2\repository\com\paulhammant\ngwebdriver\1.1.6\ngwebdriver-1.1.6.jar;C:\Users\WINDOWS 10\.m2\repository\joda-time\joda-time\2.12.2\joda-time-2.12.2.jar;C:\Users\WINDOWS 10\.m2\repository\org\hamcrest\hamcrest\2.2\hamcrest-2.2.jar;C:\Users\WINDOWS 10\.m2\repository\com\google\jimfs\jimfs\1.2\jimfs-1.2.jar;C:\Users\WINDOWS 10\.m2\repository\org\mockito\mockito-core\3.3.3\mockito-core-3.3.3.jar;C:\Users\WINDOWS 10\.m2\repository\javax\xml\bind\jaxb-api\2.3.1\jaxb-api-2.3.1.jar;C:\Users\WINDOWS 10\.m2\repository\javax\activation\javax.activation-api\1.2.0\javax.activation-api-1.2.0.jar;C:\Users\WINDOWS 10\.m2\repository\com\sun\xml\bind\jaxb-core\2.3.0.1\jaxb-core-2.3.0.1.jar;C:\Users\WINDOWS 10\.m2\repository\com\sun\xml\bind\jaxb-impl\2.3.3\jaxb-impl-2.3.3.jar;C:\Users\WINDOWS 10\.m2\repository\jakarta\xml\bind\jakarta.xml.bind-api\2.3.3\jakarta.xml.bind-api-2.3.3.jar;C:\Users\WINDOWS 10\.m2\repository\com\sun\activation\jakarta.activation\1.2.2\jakarta.activation-1.2.2.jar;C:\Users\WINDOWS 10\.m2\repository\javax\activation\activation\1.1.1\activation-1.1.1.jar;C:\Users\WINDOWS 10\.m2\repository\net\serenity-bdd\serenity-cucumber\3.6.21\serenity-cucumber-3.6.21.jar;C:\Users\WINDOWS 10\.m2\repository\io\cucumber\cucumber-core\7.11.0\cucumber-core-7.11.0.jar;C:\Users\WINDOWS 10\.m2\repository\io\cucumber\cucumber-gherkin\7.11.0\cucumber-gherkin-7.11.0.jar;C:\Users\WINDOWS 10\.m2\repository\io\cucumber\cucumber-gherkin-messages\7.11.0\cucumber-gherkin-messages-7.11.0.jar;C:\Users\WINDOWS 10\.m2\repository\io\cucumber\gherkin\26.0.3\gherkin-26.0.3.jar;C:\Users\WINDOWS 10\.m2\repository\io\cucumber\messages\21.0.1\messages-21.0.1.jar;C:\Users\WINDOWS 10\.m2\repository\io\cucumber\tag-expressions\5.0.1\tag-expressions-5.0.1.jar;C:\Users\WINDOWS 10\.m2\repository\io\cucumber\cucumber-expressions\16.1.1\cucumber-expressions-16.1.1.jar;C:\Users\WINDOWS 10\.m2\repository\io\cucumber\datatable\7.11.0\datatable-7.11.0.jar;C:\Users\WINDOWS 10\.m2\repository\io\cucumber\cucumber-plugin\7.11.0\cucumber-plugin-7.11.0.jar;C:\Users\WINDOWS 10\.m2\repository\io\cucumber\docstring\7.11.0\docstring-7.11.0.jar;C:\Users\WINDOWS 10\.m2\repository\io\cucumber\html-formatter\20.2.1\html-formatter-20.2.1.jar;C:\Users\WINDOWS 10\.m2\repository\io\cucumber\junit-xml-formatter\0.1.0\junit-xml-formatter-0.1.0.jar;C:\Users\WINDOWS 10\.m2\repository\io\cucumber\ci-environment\9.1.0\ci-environment-9.1.0.jar;C:\Users\WINDOWS 10\.m2\repository\io\cucumber\cucumber-java\7.11.0\cucumber-java-7.11.0.jar;C:\Users\WINDOWS 10\.m2\repository\io\cucumber\cucumber-junit\7.11.0\cucumber-junit-7.11.0.jar;C:\Users\WINDOWS 10\.m2\repository\org\apache\commons\commons-csv\1.5\commons-csv-1.5.jar;C:\Users\WINDOWS 10\.m2\repository\net\serenity-bdd\serenity-screenplay\3.6.21\serenity-screenplay-3.6.21.jar;C:\Users\WINDOWS 10\.m2\repository\net\serenity-bdd\serenity-screenplay-webdriver\3.6.21\serenity-screenplay-webdriver-3.6.21.jar;C:\Users\WINDOWS 10\.m2\repository\net\serenity-bdd\serenity-ensure\3.6.21\serenity-ensure-3.6.21.jar;C:\Users\WINDOWS 10\.m2\repository\net\serenity-bdd\serenity-junit\3.6.21\serenity-junit-3.6.21.jar;C:\Users\WINDOWS 10\.m2\repository\org\jetbrains\kotlin\kotlin-stdlib\1.8.10\kotlin-stdlib-1.8.10.jar;C:\Users\WINDOWS 10\.m2\repository\org\jetbrains\kotlin\kotlin-stdlib-common\1.8.10\kotlin-stdlib-common-1.8.10.jar;C:\Users\WINDOWS 10\.m2\repository\org\jetbrains\annotations\13.0\annotations-13.0.jar;C:\Users\WINDOWS 10\.m2\repository\org\junit\platform\junit-platform-launcher\1.8.2\junit-platform-launcher-1.8.2.jar;C:\Users\WINDOWS 10\.m2\repository\org\junit\platform\junit-platform-engine\1.8.2\junit-platform-engine-1.8.2.jar;C:\Users\WINDOWS 10\.m2\repository\org\opentest4j\opentest4j\1.2.0\opentest4j-1.2.0.jar;C:\Users\WINDOWS 10\.m2\repository\org\junit\platform\junit-platform-commons\1.8.2\junit-platform-commons-1.8.2.jar;C:\Users\WINDOWS 10\.m2\repository\org\apiguardian\apiguardian-api\1.1.2\apiguardian-api-1.1.2.jar;C:\Users\WINDOWS 10\.m2\repository\org\junit\jupiter\junit-jupiter-engine\5.8.2\junit-jupiter-engine-5.8.2.jar;C:\Users\WINDOWS 10\.m2\repository\org\junit\jupiter\junit-jupiter-api\5.8.2\junit-jupiter-api-5.8.2.jar;C:\Users\WINDOWS 10\.m2\repository\org\junit\vintage\junit-vintage-engine\5.8.2\junit-vintage-engine-5.8.2.jar;C:\Users\WINDOWS 10\.m2\repository\junit\junit\4.13.2\junit-4.13.2.jar;C:\Users\WINDOWS 10\.m2\repository\org\hamcrest\hamcrest-core\1.3\hamcrest-core-1.3.jar;C:\Users\WINDOWS 10\.m2\repository\ch\qos\logback\logback-classic\1.2.10\logback-classic-1.2.10.jar;C:\Users\WINDOWS 10\.m2\repository\ch\qos\logback\logback-core\1.2.10\logback-core-1.2.10.jar;C:\Users\WINDOWS 10\.m2\repository\org\slf4j\slf4j-api\1.7.32\slf4j-api-1.7.32.jar;C:\Users\WINDOWS 10\.m2\repository\org\assertj\assertj-core\3.23.1\assertj-core-3.23.1.jar;C:\Users\WINDOWS 10\.m2\repository\net\bytebuddy\byte-buddy\1.12.10\byte-buddy-1.12.10.jar;C:\Users\WINDOWS 10\.m2\repository\org\apache\maven\surefire\surefire-junit-platform\3.0.0-M5\surefire-junit-platform-3.0.0-M5.jar;C:\Users\WINDOWS 10\.m2\repository\org\apache\maven\surefire\common-java5\3.0.0-M5\common-java5-3.0.0-M5.jar"/>
    <property name="user.script" value=""/>
    <property name="java.protocol.handler.pkgs" value="com.google.common"/>
    <property name="sun.management.compiler" value="HotSpot 64-Bit Tiered Compilers"/>
    <property name="java.runtime.version" value="15+36-1562"/>
    <property name="user.name" value="WINDOWS 10"/>
    <property name="path.separator" value=";"/>
    <property name="os.version" value="10.0"/>
    <property name="java.runtime.name" value="Java(TM) SE Runtime Environment"/>
    <property name="file.encoding" value="Cp1252"/>
    <property name="webdriver.base.url" value=""/>
    <property name="java.vm.name" value="Java HotSpot(TM) 64-Bit Server VM"/>
    <property name="localRepository" value="C:\Users\WINDOWS 10\.m2\repository"/>
    <property name="java.vendor.url.bug" value="https://bugreport.java.com/bugreport/"/>
    <property name="java.io.tmpdir" value="C:\Users\WINDOW~1\AppData\Local\Temp\"/>
    <property name="java.version" value="15"/>
    <property name="user.dir" value="C:\Users\WINDOWS 10\Documents\GitHub\QE_Andira_Ms\11_Web_Programming_&amp;_Testing\Praktikum\Testing_with_Serenity\Prioritas2\alta"/>
    <property name="os.arch" value="amd64"/>
    <property name="java.vm.specification.name" value="Java Virtual Machine Specification"/>
    <property name="sun.os.patch.level" value=""/>
    <property name="java.library.path" value="C:\Program Files\Java\jdk-15\bin;C:\WINDOWS\Sun\Java\bin;C:\WINDOWS\system32;C:\WINDOWS;C:\Program Files\Common Files\Oracle\Java\javapath;C:\Program Files (x86)\Common Files\Oracle\Java\javapath;C:\WINDOWS\system32;C:\WINDOWS;C:\WINDOWS\System32\Wbem;C:\WINDOWS\System32\WindowsPowerShell\v1.0\;C:\WINDOWS\System32\OpenSSH\;F:\PerCoolyeahan\Instalasi\XAMPP\php;C:\Program Files\Git\cmd;C:\ProgramData\ComposerSetup\bin;C:\Program Files\nodejs\;C:\PROGRA~1\IBM\SQLLIB~1\BIN;C:\PROGRA~1\IBM\SQLLIB~1\FUNCTION;C:\PROGRA~1\IBM\SQLLIB~1\SAMPLES\REPL;C:\Program Files\Cloudflare\Cloudflare WARP\;C:\Program Files\apache-maven-3.9.1\bin;C:\Program Files\MySQL\MySQL Shell 8.0\bin\;C:\Users\WINDOWS 10\AppData\Local\Microsoft\WindowsApps;C:\Users\WINDOWS 10\AppData\Local\Programs\Microsoft VS Code\bin;C:\Users\WINDOWS 10\AppData\Roaming\Composer\vendor\bin;C:\Users\WINDOWS 10\AppData\Roaming\npm;C:\Users\WINDOWS 10\AppData\Local\GitHubDesktop\bin;C:\Users\WINDOWS 10\AppData\Local\spicetify;."/>
    <property name="java.vm.info" value="mixed mode"/>
    <property name="java.vendor" value="Oracle Corporation"/>
    <property name="java.vm.version" value="15+36-1562"/>
    <property name="sun.io.unicode.encoding" value="UnicodeLittle"/>
    <property name="java.class.version" value="59.0"/>
  </properties>
  <testcase name="Login with correct credentials" classname="Login to Sepulsa Account" time="17.082">
    <system-out><![CDATA[02:14:48.877 [main] DEBUG net.thucydides.core.guice.Injectors - Created injector for module net.thucydides.core.guice.ThucydidesModule
02:14:49.144 [main] DEBUG io.cucumber.core.plugin.SerenityReporter - Running feature from file:///C:/Users/WINDOWS%2010/Documents/GitHub/QE_Andira_Ms/11_Web_Programming_&_Testing/Praktikum/Testing_with_Serenity/Prioritas2/alta/src/test/resources/features/Login.feature
02:14:49.289 [main] DEBUG net.thucydides.core.guice.Injectors - Created injector for module net.thucydides.core.guice.webdriver.WebDriverModule
02:14:49.308 [main] INFO  - 

-------------------------------------------------------------------------------------
     _______. _______ .______       _______ .__   __.  __  .___________.____    ____ 
    /       ||   ____||   _  \     |   ____||  \ |  | |  | |           |\   \  /   / 
   |   (----`|  |__   |  |_)  |    |  |__   |   \|  | |  | `---|  |----` \   \/   /  
    \   \    |   __|  |      /     |   __|  |  . `  | |  |     |  |       \_    _/   
.----)   |   |  |____ |  |\  \----.|  |____ |  |\   | |  |     |  |         |  |     
|_______/    |_______|| _| `._____||_______||__| \__| |__|     |__|         |__|    
                                                                                     
 News and tutorials at http://www.serenity-bdd.info                                  
 Documentation at https://wakaleo.gitbooks.io/the-serenity-book/content/             
 Join the Serenity Community on Gitter: https://gitter.im/serenity-bdd/serenity-core 
 Serenity BDD Support and Training at http://serenity-bdd.info/#/trainingandsupport  
-------------------------------------------------------------------------------------

02:14:49.310 [main] DEBUG net.thucydides.core.steps.StepEventBus - Test suite started for story net.thucydides.core.model.Story@d124f7c
02:14:49.312 [main] INFO  - Test Suite Started: Login to Sepulsa Account
02:14:49.327 [main] DEBUG io.cucumber.core.plugin.SerenityReporter - Running feature from file:///C:/Users/WINDOWS%2010/Documents/GitHub/QE_Andira_Ms/11_Web_Programming_&_Testing/Praktikum/Testing_with_Serenity/Prioritas2/alta/src/test/resources/features/PaymentMethod.feature
02:14:49.331 [main] DEBUG net.thucydides.core.steps.StepEventBus - Test suite started for story net.thucydides.core.model.Story@1f3cee16
02:14:49.331 [main] INFO  - Test Suite Started: Select Payment Method
02:14:49.331 [main] DEBUG io.cucumber.core.plugin.SerenityReporter - Running feature from file:///C:/Users/WINDOWS%2010/Documents/GitHub/QE_Andira_Ms/11_Web_Programming_&_Testing/Praktikum/Testing_with_Serenity/Prioritas2/alta/src/test/resources/features/SelectProduct.feature
02:14:49.335 [main] DEBUG net.thucydides.core.steps.StepEventBus - Test suite started for story net.thucydides.core.model.Story@d891cf10
02:14:49.336 [main] INFO  - Test Suite Started: Select Product ListrikPLN
02:14:49.336 [main] DEBUG io.cucumber.core.plugin.SerenityReporter - Running feature from file:///C:/Users/WINDOWS%2010/Documents/GitHub/QE_Andira_Ms/11_Web_Programming_&_Testing/Praktikum/Testing_with_Serenity/Prioritas2/alta/src/test/resources/features/Login.feature
02:14:49.340 [main] DEBUG net.thucydides.core.steps.StepEventBus - Test suite started for story net.thucydides.core.model.Story@d124f7c
02:14:49.340 [main] INFO  - Test Suite Started: Login to Sepulsa Account

Scenario: Login with correct credentials                      &amp#27;[90m# src/test/resources/features/Login.feature:3&amp#27;[0m
02:14:49.426 [main] DEBUG io.cucumber.core.plugin.SerenityReporter - Running feature from file:///C:/Users/WINDOWS%2010/Documents/GitHub/QE_Andira_Ms/11_Web_Programming_&_Testing/Praktikum/Testing_with_Serenity/Prioritas2/alta/src/test/resources/features/Login.feature
02:14:49.576 [main] INFO  - 
  _____   ___   ___   _____     ___   _____     _     ___   _____   ___   ___  
 |_   _| | __| / __| |_   _|   / __| |_   _|   /_\   | _ \ |_   _| | __| |   \ 
   | |   | _|  \__ \   | |     \__ \   | |    / _ \  |   /   | |   | _|  | |) |
   |_|   |___| |___/   |_|     |___/   |_|   /_/ \_\ |_|_\   |_|   |___| |___/ 

Login with correct credentials(login-to-sepulsa-account;login-with-correct-credentials)
--------------------------------------------------------------------------------
02:14:49.646 [main] DEBUG net.thucydides.core.requirements.model.cucumber.CucumberParser - Loading feature C:\Users\WINDOWS 10\Documents\GitHub\QE_Andira_Ms\11_Web_Programming_&_Testing\Praktikum\Testing_with_Serenity\Prioritas2\alta\src\test\resources\features\Login.feature
02:14:49.663 [main] DEBUG net.thucydides.core.requirements.model.cucumber.CucumberParser - Loading feature C:\Users\WINDOWS 10\Documents\GitHub\QE_Andira_Ms\11_Web_Programming_&_Testing\Praktikum\Testing_with_Serenity\Prioritas2\alta\src\test\resources\features\PaymentMethod.feature
02:14:49.668 [main] DEBUG net.thucydides.core.requirements.model.cucumber.CucumberParser - Loading feature C:\Users\WINDOWS 10\Documents\GitHub\QE_Andira_Ms\11_Web_Programming_&_Testing\Praktikum\Testing_with_Serenity\Prioritas2\alta\src\test\resources\features\SelectProduct.feature
02:14:50.392 [main] DEBUG net.thucydides.core.steps.StepInterceptor - STARTING STEP: LoginSteps.onTheLoginPage - openPage
02:14:50.486 [main] INFO net.serenitybdd.core.webdriver.driverproviders.ChromeDriverProvider - Starting Chrome driver instance with capabilities:
02:14:50.489 [main] INFO net.serenitybdd.core.webdriver.driverproviders.ChromeDriverProvider - Capabilities {acceptInsecureCerts: false, browserName: chrome, goog:chromeOptions: {args: [remote-allow-origins=*], extensions: []}}
02:14:50.594 [main] DEBUG io.netty.util.internal.logging.InternalLoggerFactory - Using SLF4J as the default logging framework
02:14:50.599 [main] DEBUG io.netty.util.ResourceLeakDetector - -Dio.netty.leakDetection.level: simple
02:14:50.599 [main] DEBUG io.netty.util.ResourceLeakDetector - -Dio.netty.leakDetection.targetRecords: 4
02:14:50.604 [main] DEBUG io.netty.util.ResourceLeakDetectorFactory - Loaded default ResourceLeakDetector: io.netty.util.ResourceLeakDetector@2b43f314
02:14:50.623 [main] DEBUG io.netty.util.internal.PlatformDependent0 - -Dio.netty.noUnsafe: false
02:14:50.623 [main] DEBUG io.netty.util.internal.PlatformDependent0 - Java version: 15
02:14:50.624 [main] DEBUG io.netty.util.internal.PlatformDependent0 - sun.misc.Unsafe.theUnsafe: available
02:14:50.625 [main] DEBUG io.netty.util.internal.PlatformDependent0 - sun.misc.Unsafe.copyMemory: available
02:14:50.625 [main] DEBUG io.netty.util.internal.PlatformDependent0 - sun.misc.Unsafe.storeFence: available
02:14:50.626 [main] DEBUG io.netty.util.internal.PlatformDependent0 - java.nio.Buffer.address: available
02:14:50.626 [main] DEBUG io.netty.util.internal.PlatformDependent0 - direct buffer constructor: unavailable: Reflective setAccessible(true) disabled
02:14:50.627 [main] DEBUG io.netty.util.internal.PlatformDependent0 - java.nio.Bits.unaligned: available, true
02:14:50.629 [main] DEBUG io.netty.util.internal.PlatformDependent0 - jdk.internal.misc.Unsafe.allocateUninitializedArray(int): unavailable: class io.netty.util.internal.PlatformDependent0$7 cannot access class jdk.internal.misc.Unsafe (in module java.base) because module java.base does not export jdk.internal.misc to unnamed module @5ed190be
02:14:50.631 [main] DEBUG io.netty.util.internal.PlatformDependent0 - java.nio.DirectByteBuffer.<init>(long, int): unavailable
02:14:50.631 [main] DEBUG io.netty.util.internal.PlatformDependent - sun.misc.Unsafe: available
02:14:50.633 [main] DEBUG io.netty.util.internal.PlatformDependent - maxDirectMemory: 4133486592 bytes (maybe)
02:14:50.633 [main] DEBUG io.netty.util.internal.PlatformDependent - -Dio.netty.tmpdir: C:\Users\WINDOW~1\AppData\Local\Temp (java.io.tmpdir)
02:14:50.634 [main] DEBUG io.netty.util.internal.PlatformDependent - -Dio.netty.bitMode: 64 (sun.arch.data.model)
02:14:50.634 [main] DEBUG io.netty.util.internal.PlatformDependent - Platform: Windows
02:14:50.634 [main] DEBUG io.netty.util.internal.PlatformDependent - -Dio.netty.maxDirectMemory: -1 bytes
02:14:50.635 [main] DEBUG io.netty.util.internal.PlatformDependent - -Dio.netty.uninitializedArrayAllocationThreshold: -1
02:14:50.636 [main] DEBUG io.netty.util.internal.CleanerJava9 - java.nio.ByteBuffer.cleaner(): available
02:14:50.636 [main] DEBUG io.netty.util.internal.PlatformDependent - -Dio.netty.noPreferDirect: false
02:14:50.642 [main] DEBUG io.netty.util.internal.PlatformDependent - org.jctools-core.MpscChunkedArrayQueue: available
02:14:50.668 [main] DEBUG io.netty.util.internal.InternalThreadLocalMap - -Dio.netty.threadLocalMap.stringBuilder.initialSize: 1024
02:14:50.668 [main] DEBUG io.netty.util.internal.InternalThreadLocalMap - -Dio.netty.threadLocalMap.stringBuilder.maxSize: 4096
02:14:50.887 [main] DEBUG io.netty.handler.ssl.JdkSslContext - Default protocols (JDK): [TLSv1.3, TLSv1.2, TLSv1.1, TLSv1] 
02:14:50.887 [main] DEBUG io.netty.handler.ssl.JdkSslContext - Default cipher suites (JDK): [TLS_ECDHE_ECDSA_WITH_AES_256_GCM_SHA384, TLS_ECDHE_ECDSA_WITH_AES_128_GCM_SHA256, TLS_ECDHE_RSA_WITH_AES_128_GCM_SHA256, TLS_ECDHE_RSA_WITH_AES_256_GCM_SHA384, TLS_ECDHE_RSA_WITH_AES_128_CBC_SHA, TLS_ECDHE_RSA_WITH_AES_256_CBC_SHA, TLS_RSA_WITH_AES_128_GCM_SHA256, TLS_RSA_WITH_AES_128_CBC_SHA, TLS_RSA_WITH_AES_256_CBC_SHA, TLS_AES_128_GCM_SHA256, TLS_AES_256_GCM_SHA384]
02:14:50.925 [main] DEBUG io.netty.channel.MultithreadEventLoopGroup - -Dio.netty.eventLoopThreads: 32
02:14:50.938 [main] DEBUG io.netty.channel.nio.NioEventLoop - -Dio.netty.noKeySetOptimization: false
02:14:50.938 [main] DEBUG io.netty.channel.nio.NioEventLoop - -Dio.netty.selectorAutoRebuildThreshold: 512
02:14:51.000 [main] DEBUG io.netty.buffer.PooledByteBufAllocator - -Dio.netty.allocator.numHeapArenas: 32
02:14:51.000 [main] DEBUG io.netty.buffer.PooledByteBufAllocator - -Dio.netty.allocator.numDirectArenas: 32
02:14:51.000 [main] DEBUG io.netty.buffer.PooledByteBufAllocator - -Dio.netty.allocator.pageSize: 8192
02:14:51.000 [main] DEBUG io.netty.buffer.PooledByteBufAllocator - -Dio.netty.allocator.maxOrder: 9
02:14:51.000 [main] DEBUG io.netty.buffer.PooledByteBufAllocator - -Dio.netty.allocator.chunkSize: 4194304
02:14:51.000 [main] DEBUG io.netty.buffer.PooledByteBufAllocator - -Dio.netty.allocator.smallCacheSize: 256
02:14:51.000 [main] DEBUG io.netty.buffer.PooledByteBufAllocator - -Dio.netty.allocator.normalCacheSize: 64
02:14:51.000 [main] DEBUG io.netty.buffer.PooledByteBufAllocator - -Dio.netty.allocator.maxCachedBufferCapacity: 32768
02:14:51.000 [main] DEBUG io.netty.buffer.PooledByteBufAllocator - -Dio.netty.allocator.cacheTrimInterval: 8192
02:14:51.000 [main] DEBUG io.netty.buffer.PooledByteBufAllocator - -Dio.netty.allocator.cacheTrimIntervalMillis: 0
02:14:51.000 [main] DEBUG io.netty.buffer.PooledByteBufAllocator - -Dio.netty.allocator.useCacheForAllThreads: false
02:14:51.000 [main] DEBUG io.netty.buffer.PooledByteBufAllocator - -Dio.netty.allocator.maxCachedByteBuffersPerChunk: 1023
02:14:51.012 [main] DEBUG io.netty.buffer.ByteBufUtil - -Dio.netty.allocator.type: pooled
02:14:51.012 [main] DEBUG io.netty.buffer.ByteBufUtil - -Dio.netty.threadLocalDirectBufferSize: 0
02:14:51.012 [main] DEBUG io.netty.buffer.ByteBufUtil - -Dio.netty.maxThreadLocalCharBufferSize: 16384
02:14:51.870 [Forwarding newSession on session null to remote] DEBUG io.netty.channel.DefaultChannelId - -Dio.netty.processId: 2684 (auto-detected)
02:14:51.872 [Forwarding newSession on session null to remote] DEBUG io.netty.util.NetUtil - -Djava.net.preferIPv4Stack: false
02:14:51.872 [Forwarding newSession on session null to remote] DEBUG io.netty.util.NetUtil - -Djava.net.preferIPv6Addresses: false
02:14:51.894 [Forwarding newSession on session null to remote] DEBUG io.netty.util.NetUtilInitializations - Loopback interface: lo (Software Loopback Interface 1, 127.0.0.1)
02:14:51.894 [Forwarding newSession on session null to remote] DEBUG io.netty.util.NetUtil - Failed to get SOMAXCONN from sysctl and file \proc\sys\net\core\somaxconn. Default: 200
02:14:51.942 [Forwarding newSession on session null to remote] DEBUG io.netty.channel.DefaultChannelId - -Dio.netty.machineId: 34:cf:f6:ff:fe:2b:0c:19 (auto-detected)
02:14:51.991 [AsyncHttpClient-1-2] DEBUG io.netty.buffer.AbstractByteBuf - -Dio.netty.buffer.checkAccessible: true
02:14:51.991 [AsyncHttpClient-1-2] DEBUG io.netty.buffer.AbstractByteBuf - -Dio.netty.buffer.checkBounds: true
02:14:51.991 [AsyncHttpClient-1-2] DEBUG io.netty.util.ResourceLeakDetectorFactory - Loaded default ResourceLeakDetector: io.netty.util.ResourceLeakDetector@3e7f24c
02:14:52.003 [AsyncHttpClient-1-2] DEBUG org.asynchttpclient.netty.channel.NettyConnectListener - Using new Channel '[id: 0x746f5d7c, L:/127.0.0.1:50737 - R:localhost/127.0.0.1:45814]' for 'POST' to '/session'
02:14:52.016 [AsyncHttpClient-1-2] DEBUG io.netty.util.Recycler - -Dio.netty.recycler.maxCapacityPerThread: 4096
02:14:52.016 [AsyncHttpClient-1-2] DEBUG io.netty.util.Recycler - -Dio.netty.recycler.ratio: 8
02:14:52.016 [AsyncHttpClient-1-2] DEBUG io.netty.util.Recycler - -Dio.netty.recycler.chunkSize: 32
02:14:52.016 [AsyncHttpClient-1-2] DEBUG io.netty.util.Recycler - -Dio.netty.recycler.blocking: false
02:14:52.827 [AsyncHttpClient-1-2] DEBUG io.netty.handler.codec.compression.Brotli - brotli4j not in the classpath; Brotli support will be unavailable.
02:14:52.827 [AsyncHttpClient-1-2] DEBUG org.asynchttpclient.netty.handler.HttpHandler - 

Request DefaultHttpRequest(decodeResult: success, version: HTTP/1.1)
POST /session HTTP/1.1
User-Agent: selenium/4.8.1 (java windows)
Content-Length: 507
Content-Type: application/json; charset=utf-8
host: localhost:45814
accept: */*

Response DefaultHttpResponse(decodeResult: success, version: HTTP/1.1)
HTTP/1.1 200 OK
Content-Length: 861
Content-Type: application/json; charset=utf-8
cache-control: no-cache

02:14:52.834 [AsyncHttpClient-1-2] DEBUG org.asynchttpclient.netty.channel.ChannelManager - Adding key: http://localhost:45814 for channel [id: 0x746f5d7c, L:/127.0.0.1:50737 - R:localhost/127.0.0.1:45814]
02:14:52.886 [AsyncHttpClient-1-3] DEBUG org.asynchttpclient.netty.channel.NettyConnectListener - Using new Channel '[id: 0xe13a5ec5, L:/127.0.0.1:50744 - R:localhost/127.0.0.1:50738]' for 'GET' to '/json/version'
02:14:52.889 [AsyncHttpClient-1-3] DEBUG org.asynchttpclient.netty.handler.HttpHandler - 

Request DefaultFullHttpRequest(decodeResult: success, version: HTTP/1.1, content: EmptyByteBufBE)
GET /json/version HTTP/1.1
User-Agent: selenium/4.8.1 (java windows)
host: localhost:50738
accept: */*

Response DefaultHttpResponse(decodeResult: success, version: HTTP/1.1)
HTTP/1.1 200 OK
Content-Security-Policy: frame-ancestors 'none'
Content-Length: 422
Content-Type: application/json; charset=UTF-8

02:14:52.889 [AsyncHttpClient-1-3] DEBUG org.asynchttpclient.netty.channel.ChannelManager - Adding key: http://localhost:50738 for channel [id: 0xe13a5ec5, L:/127.0.0.1:50744 - R:localhost/127.0.0.1:50738]
02:14:52.896 [main] DEBUG io.netty.util.internal.ThreadLocalRandom - -Dio.netty.initialSeedUniquifier: 0xb428a9fde1952a1d
02:14:52.899 [AsyncHttpClient-1-4] DEBUG org.asynchttpclient.netty.channel.NettyConnectListener - Using new Channel '[id: 0x79ab0c3a, L:/127.0.0.1:50745 - R:localhost/127.0.0.1:50738]' for 'GET' to '/devtools/browser/3a162bc7-0020-4913-b18f-604de0ee869a'
02:14:52.901 [AsyncHttpClient-1-4] DEBUG org.asynchttpclient.netty.handler.WebSocketHandler - 

Request DefaultFullHttpRequest(decodeResult: success, version: HTTP/1.1, content: EmptyByteBufBE)
GET /devtools/browser/3a162bc7-0020-4913-b18f-604de0ee869a HTTP/1.1
upgrade: websocket
connection: upgrade
sec-websocket-key: xiRWrECiJE4uwW7UQnUESA==
sec-websocket-version: 13
origin: http://localhost:50738
host: localhost:50738
accept: */*
user-agent: AHC/2.1

Response DefaultHttpResponse(decodeResult: success, version: HTTP/1.1)
HTTP/1.1 101 WebSocket Protocol Handshake
Upgrade: WebSocket
Connection: Upgrade
Sec-WebSocket-Accept: NXFyUiWKaqNKUhyMdzWufFlqg+4=

02:14:52.989 [Forwarding get on session 6a3a9c7b2bdcd98ad0a89b98cba49c84 to remote] DEBUG org.asynchttpclient.netty.request.NettyRequestSender - Using pooled Channel '[id: 0x746f5d7c, L:/127.0.0.1:50737 - R:localhost/127.0.0.1:45814]' for 'POST' to 'http://localhost:45814/session/6a3a9c7b2bdcd98ad0a89b98cba49c84/url'
02:14:52.989 [Forwarding get on session 6a3a9c7b2bdcd98ad0a89b98cba49c84 to remote] DEBUG org.asynchttpclient.netty.request.NettyRequestSender - Using open Channel [id: 0x746f5d7c, L:/127.0.0.1:50737 - R:localhost/127.0.0.1:45814] for POST '/session/6a3a9c7b2bdcd98ad0a89b98cba49c84/url'
02:14:53.051 [AsyncHttpClient-1-1] DEBUG org.asynchttpclient.netty.channel.DefaultChannelPool - Entry count for : http://localhost:50738 : 1
02:14:54.149 [AsyncHttpClient-1-1] DEBUG org.asynchttpclient.netty.channel.DefaultChannelPool - Entry count for : http://localhost:50738 : 1
02:14:55.255 [AsyncHttpClient-1-1] DEBUG org.asynchttpclient.netty.channel.DefaultChannelPool - Entry count for : http://localhost:50738 : 1
02:14:56.350 [AsyncHttpClient-1-1] DEBUG org.asynchttpclient.netty.channel.DefaultChannelPool - Entry count for : http://localhost:50738 : 1
02:14:57.450 [AsyncHttpClient-1-1] DEBUG org.asynchttpclient.netty.channel.DefaultChannelPool - Entry count for : http://localhost:50738 : 1
02:14:58.548 [AsyncHttpClient-1-1] DEBUG org.asynchttpclient.netty.channel.DefaultChannelPool - Entry count for : http://localhost:50738 : 1
02:14:59.651 [AsyncHttpClient-1-1] DEBUG org.asynchttpclient.netty.channel.DefaultChannelPool - Entry count for : http://localhost:50738 : 1
02:15:00.748 [AsyncHttpClient-1-1] DEBUG org.asynchttpclient.netty.channel.DefaultChannelPool - Entry count for : http://localhost:50738 : 1
02:15:01.840 [AsyncHttpClient-1-2] DEBUG org.asynchttpclient.netty.handler.HttpHandler - 

Request DefaultHttpRequest(decodeResult: success, version: HTTP/1.1)
POST /session/6a3a9c7b2bdcd98ad0a89b98cba49c84/url HTTP/1.1
User-Agent: selenium/4.8.1 (java windows)
Content-Length: 54
Content-Type: application/json; charset=utf-8
host: localhost:45814
accept: */*

Response DefaultHttpResponse(decodeResult: success, version: HTTP/1.1)
HTTP/1.1 200 OK
Content-Length: 14
Content-Type: application/json; charset=utf-8
cache-control: no-cache

02:15:01.840 [AsyncHttpClient-1-2] DEBUG org.asynchttpclient.netty.channel.ChannelManager - Adding key: http://localhost:45814 for channel [id: 0x746f5d7c, L:/127.0.0.1:50737 - R:localhost/127.0.0.1:45814]
02:15:01.845 [Forwarding setTimeout on session 6a3a9c7b2bdcd98ad0a89b98cba49c84 to remote] DEBUG org.asynchttpclient.netty.request.NettyRequestSender - Using pooled Channel '[id: 0x746f5d7c, L:/127.0.0.1:50737 - R:localhost/127.0.0.1:45814]' for 'POST' to 'http://localhost:45814/session/6a3a9c7b2bdcd98ad0a89b98cba49c84/timeouts'
02:15:01.845 [Forwarding setTimeout on session 6a3a9c7b2bdcd98ad0a89b98cba49c84 to remote] DEBUG org.asynchttpclient.netty.request.NettyRequestSender - Using open Channel [id: 0x746f5d7c, L:/127.0.0.1:50737 - R:localhost/127.0.0.1:45814] for POST '/session/6a3a9c7b2bdcd98ad0a89b98cba49c84/timeouts'
02:15:01.846 [AsyncHttpClient-1-2] DEBUG org.asynchttpclient.netty.handler.HttpHandler - 

Request DefaultHttpRequest(decodeResult: success, version: HTTP/1.1)
POST /session/6a3a9c7b2bdcd98ad0a89b98cba49c84/timeouts HTTP/1.1
User-Agent: selenium/4.8.1 (java windows)
Content-Length: 22
Content-Type: application/json; charset=utf-8
host: localhost:45814
accept: */*

Response DefaultHttpResponse(decodeResult: success, version: HTTP/1.1)
HTTP/1.1 200 OK
Content-Length: 14
Content-Type: application/json; charset=utf-8
cache-control: no-cache

02:15:01.846 [AsyncHttpClient-1-2] DEBUG org.asynchttpclient.netty.channel.ChannelManager - Adding key: http://localhost:45814 for channel [id: 0x746f5d7c, L:/127.0.0.1:50737 - R:localhost/127.0.0.1:45814]
02:15:01.853 [AsyncHttpClient-1-1] DEBUG org.asynchttpclient.netty.channel.DefaultChannelPool - Entry count for : http://localhost:45814 : 1
02:15:01.853 [AsyncHttpClient-1-1] DEBUG org.asynchttpclient.netty.channel.DefaultChannelPool - Entry count for : http://localhost:50738 : 1
02:15:01.869 [main] DEBUG net.serenitybdd.core.photography.Darkroom - Opening darkroom
02:15:01.870 [Darkroom Processing Line] DEBUG net.serenitybdd.core.photography.DarkroomProcessingLine - Darkroom processing line starting up
02:15:01.885 [Forwarding getAlertText on session 6a3a9c7b2bdcd98ad0a89b98cba49c84 to remote] DEBUG org.asynchttpclient.netty.request.NettyRequestSender - Using pooled Channel '[id: 0x746f5d7c, L:/127.0.0.1:50737 - R:localhost/127.0.0.1:45814]' for 'GET' to 'http://localhost:45814/session/6a3a9c7b2bdcd98ad0a89b98cba49c84/alert/text'
02:15:01.885 [Forwarding getAlertText on session 6a3a9c7b2bdcd98ad0a89b98cba49c84 to remote] DEBUG org.asynchttpclient.netty.request.NettyRequestSender - Using open Channel [id: 0x746f5d7c, L:/127.0.0.1:50737 - R:localhost/127.0.0.1:45814] for GET '/session/6a3a9c7b2bdcd98ad0a89b98cba49c84/alert/text'
02:15:01.887 [AsyncHttpClient-1-2] DEBUG org.asynchttpclient.netty.handler.HttpHandler - 

Request DefaultFullHttpRequest(decodeResult: success, version: HTTP/1.1, content: EmptyByteBufBE)
GET /session/6a3a9c7b2bdcd98ad0a89b98cba49c84/alert/text HTTP/1.1
User-Agent: selenium/4.8.1 (java windows)
Cache-Control: no-cache
Content-Type: application/json; charset=utf-8
host: localhost:45814
accept: */*

Response DefaultHttpResponse(decodeResult: success, version: HTTP/1.1)
HTTP/1.1 404 Not Found
Content-Length: 835
Content-Type: application/json; charset=utf-8
cache-control: no-cache

02:15:01.887 [AsyncHttpClient-1-2] DEBUG org.asynchttpclient.netty.channel.ChannelManager - Adding key: http://localhost:45814 for channel [id: 0x746f5d7c, L:/127.0.0.1:50737 - R:localhost/127.0.0.1:45814]
02:15:01.894 [Forwarding getCurrentUrl on session 6a3a9c7b2bdcd98ad0a89b98cba49c84 to remote] DEBUG org.asynchttpclient.netty.request.NettyRequestSender - Using pooled Channel '[id: 0x746f5d7c, L:/127.0.0.1:50737 - R:localhost/127.0.0.1:45814]' for 'GET' to 'http://localhost:45814/session/6a3a9c7b2bdcd98ad0a89b98cba49c84/url'
02:15:01.894 [Forwarding getCurrentUrl on session 6a3a9c7b2bdcd98ad0a89b98cba49c84 to remote] DEBUG org.asynchttpclient.netty.request.NettyRequestSender - Using open Channel [id: 0x746f5d7c, L:/127.0.0.1:50737 - R:localhost/127.0.0.1:45814] for GET '/session/6a3a9c7b2bdcd98ad0a89b98cba49c84/url'
02:15:01.898 [AsyncHttpClient-1-2] DEBUG org.asynchttpclient.netty.handler.HttpHandler - 

Request DefaultFullHttpRequest(decodeResult: success, version: HTTP/1.1, content: EmptyByteBufBE)
GET /session/6a3a9c7b2bdcd98ad0a89b98cba49c84/url HTTP/1.1
User-Agent: selenium/4.8.1 (java windows)
Cache-Control: no-cache
Content-Type: application/json; charset=utf-8
host: localhost:45814
accept: */*

Response DefaultHttpResponse(decodeResult: success, version: HTTP/1.1)
HTTP/1.1 200 OK
Content-Length: 36
Content-Type: application/json; charset=utf-8
cache-control: no-cache

02:15:01.898 [AsyncHttpClient-1-2] DEBUG org.asynchttpclient.netty.channel.ChannelManager - Adding key: http://localhost:45814 for channel [id: 0x746f5d7c, L:/127.0.0.1:50737 - R:localhost/127.0.0.1:45814]
02:15:01.901 [Forwarding screenshot on session 6a3a9c7b2bdcd98ad0a89b98cba49c84 to remote] DEBUG org.asynchttpclient.netty.request.NettyRequestSender - Using pooled Channel '[id: 0x746f5d7c, L:/127.0.0.1:50737 - R:localhost/127.0.0.1:45814]' for 'GET' to 'http://localhost:45814/session/6a3a9c7b2bdcd98ad0a89b98cba49c84/screenshot'
02:15:01.901 [Forwarding screenshot on session 6a3a9c7b2bdcd98ad0a89b98cba49c84 to remote] DEBUG org.asynchttpclient.netty.request.NettyRequestSender - Using open Channel [id: 0x746f5d7c, L:/127.0.0.1:50737 - R:localhost/127.0.0.1:45814] for GET '/session/6a3a9c7b2bdcd98ad0a89b98cba49c84/screenshot'
02:15:02.061 [AsyncHttpClient-1-2] DEBUG org.asynchttpclient.netty.handler.HttpHandler - 

Request DefaultFullHttpRequest(decodeResult: success, version: HTTP/1.1, content: EmptyByteBufBE)
GET /session/6a3a9c7b2bdcd98ad0a89b98cba49c84/screenshot HTTP/1.1
User-Agent: selenium/4.8.1 (java windows)
Cache-Control: no-cache
Content-Type: application/json; charset=utf-8
host: localhost:45814
accept: */*

Response DefaultHttpResponse(decodeResult: success, version: HTTP/1.1)
HTTP/1.1 200 OK
Content-Length: 527468
Content-Type: application/json; charset=utf-8
cache-control: no-cache

02:15:02.065 [AsyncHttpClient-1-2] DEBUG org.asynchttpclient.netty.channel.ChannelManager - Adding key: http://localhost:45814 for channel [id: 0x746f5d7c, L:/127.0.0.1:50737 - R:localhost/127.0.0.1:45814]
02:15:02.140 [main] DEBUG net.serenitybdd.core.photography.Darkroom - Send negative for processing for target\site\serenity\b33df01541b5b19264f32bba79ed319e8f9492d619030d4e88c940b717e50670.png
02:15:02.141 [Darkroom Processing Line] DEBUG net.serenitybdd.core.photography.DarkroomProcessingLine - Processing screenshot image in /var/screenshots/screenshot-16079047505912018828
02:15:02.141 [Darkroom Processing Line] DEBUG net.serenitybdd.core.photography.DarkroomProcessingLine - Saving screenshot to target\site\serenity\b33df01541b5b19264f32bba79ed319e8f9492d619030d4e88c940b717e50670.png
02:15:02.145 [main] DEBUG net.thucydides.core.steps.StepInterceptor - STEP DONE: openPage
02:15:02.153 [Forwarding getPageSource on session 6a3a9c7b2bdcd98ad0a89b98cba49c84 to remote] DEBUG org.asynchttpclient.netty.request.NettyRequestSender - Using pooled Channel '[id: 0x746f5d7c, L:/127.0.0.1:50737 - R:localhost/127.0.0.1:45814]' for 'POST' to 'http://localhost:45814/session/6a3a9c7b2bdcd98ad0a89b98cba49c84/execute/sync'
02:15:02.153 [Forwarding getPageSource on session 6a3a9c7b2bdcd98ad0a89b98cba49c84 to remote] DEBUG org.asynchttpclient.netty.request.NettyRequestSender - Using open Channel [id: 0x746f5d7c, L:/127.0.0.1:50737 - R:localhost/127.0.0.1:45814] for POST '/session/6a3a9c7b2bdcd98ad0a89b98cba49c84/execute/sync'
02:15:02.169 [AsyncHttpClient-1-2] DEBUG org.asynchttpclient.netty.handler.HttpHandler - 

Request DefaultHttpRequest(decodeResult: success, version: HTTP/1.1)
POST /session/6a3a9c7b2bdcd98ad0a89b98cba49c84/execute/sync HTTP/1.1
User-Agent: selenium/4.8.1 (java windows)
Content-Length: 176
Content-Type: application/json; charset=utf-8
host: localhost:45814
accept: */*

Response DefaultHttpResponse(decodeResult: success, version: HTTP/1.1)
HTTP/1.1 200 OK
Content-Length: 182088
Content-Type: application/json; charset=utf-8
cache-control: no-cache

02:15:02.170 [AsyncHttpClient-1-2] DEBUG org.asynchttpclient.netty.channel.ChannelManager - Adding key: http://localhost:45814 for channel [id: 0x746f5d7c, L:/127.0.0.1:50737 - R:localhost/127.0.0.1:45814]
02:15:02.326 [Forwarding getCurrentUrl on session 6a3a9c7b2bdcd98ad0a89b98cba49c84 to remote] DEBUG org.asynchttpclient.netty.request.NettyRequestSender - Using pooled Channel '[id: 0x746f5d7c, L:/127.0.0.1:50737 - R:localhost/127.0.0.1:45814]' for 'GET' to 'http://localhost:45814/session/6a3a9c7b2bdcd98ad0a89b98cba49c84/url'
02:15:02.326 [Forwarding getCurrentUrl on session 6a3a9c7b2bdcd98ad0a89b98cba49c84 to remote] DEBUG org.asynchttpclient.netty.request.NettyRequestSender - Using open Channel [id: 0x746f5d7c, L:/127.0.0.1:50737 - R:localhost/127.0.0.1:45814] for GET '/session/6a3a9c7b2bdcd98ad0a89b98cba49c84/url'
02:15:02.330 [AsyncHttpClient-1-2] DEBUG org.asynchttpclient.netty.handler.HttpHandler - 

Request DefaultFullHttpRequest(decodeResult: success, version: HTTP/1.1, content: EmptyByteBufBE)
GET /session/6a3a9c7b2bdcd98ad0a89b98cba49c84/url HTTP/1.1
User-Agent: selenium/4.8.1 (java windows)
Cache-Control: no-cache
Content-Type: application/json; charset=utf-8
host: localhost:45814
accept: */*

Response DefaultHttpResponse(decodeResult: success, version: HTTP/1.1)
HTTP/1.1 200 OK
Content-Length: 36
Content-Type: application/json; charset=utf-8
cache-control: no-cache

02:15:02.330 [AsyncHttpClient-1-2] DEBUG org.asynchttpclient.netty.channel.ChannelManager - Adding key: http://localhost:45814 for channel [id: 0x746f5d7c, L:/127.0.0.1:50737 - R:localhost/127.0.0.1:45814]
02:15:02.334 [main] DEBUG net.thucydides.core.steps.StepInterceptor - STARTING STEP: LoginSteps.onTheLoginPage - validateOnLoginPage
02:15:02.350 [Forwarding findElement on session 6a3a9c7b2bdcd98ad0a89b98cba49c84 to remote] DEBUG org.asynchttpclient.netty.request.NettyRequestSender - Using pooled Channel '[id: 0x746f5d7c, L:/127.0.0.1:50737 - R:localhost/127.0.0.1:45814]' for 'POST' to 'http://localhost:45814/session/6a3a9c7b2bdcd98ad0a89b98cba49c84/element'
02:15:02.350 [Forwarding findElement on session 6a3a9c7b2bdcd98ad0a89b98cba49c84 to remote] DEBUG org.asynchttpclient.netty.request.NettyRequestSender - Using open Channel [id: 0x746f5d7c, L:/127.0.0.1:50737 - R:localhost/127.0.0.1:45814] for POST '/session/6a3a9c7b2bdcd98ad0a89b98cba49c84/element'
02:15:02.364 [AsyncHttpClient-1-2] DEBUG org.asynchttpclient.netty.handler.HttpHandler - 

Request DefaultHttpRequest(decodeResult: success, version: HTTP/1.1)
POST /session/6a3a9c7b2bdcd98ad0a89b98cba49c84/element HTTP/1.1
User-Agent: selenium/4.8.1 (java windows)
Content-Length: 62
Content-Type: application/json; charset=utf-8
host: localhost:45814
accept: */*

Response DefaultHttpResponse(decodeResult: success, version: HTTP/1.1)
HTTP/1.1 200 OK
Content-Length: 88
Content-Type: application/json; charset=utf-8
cache-control: no-cache

02:15:02.365 [AsyncHttpClient-1-2] DEBUG org.asynchttpclient.netty.channel.ChannelManager - Adding key: http://localhost:45814 for channel [id: 0x746f5d7c, L:/127.0.0.1:50737 - R:localhost/127.0.0.1:45814]
02:15:02.379 [Forwarding isElementDisplayed on session 6a3a9c7b2bdcd98ad0a89b98cba49c84 to remote] DEBUG org.asynchttpclient.netty.request.NettyRequestSender - Using pooled Channel '[id: 0x746f5d7c, L:/127.0.0.1:50737 - R:localhost/127.0.0.1:45814]' for 'POST' to 'http://localhost:45814/session/6a3a9c7b2bdcd98ad0a89b98cba49c84/execute/sync'
02:15:02.379 [Forwarding isElementDisplayed on session 6a3a9c7b2bdcd98ad0a89b98cba49c84 to remote] DEBUG org.asynchttpclient.netty.request.NettyRequestSender - Using open Channel [id: 0x746f5d7c, L:/127.0.0.1:50737 - R:localhost/127.0.0.1:45814] for POST '/session/6a3a9c7b2bdcd98ad0a89b98cba49c84/execute/sync'
02:15:02.394 [AsyncHttpClient-1-2] DEBUG org.asynchttpclient.netty.handler.HttpHandler - 

Request DefaultHttpRequest(decodeResult: success, version: HTTP/1.1)
POST /session/6a3a9c7b2bdcd98ad0a89b98cba49c84/execute/sync HTTP/1.1
User-Agent: selenium/4.8.1 (java windows)
Content-Length: 48807
Content-Type: application/json; charset=utf-8
host: localhost:45814
accept: */*

Response DefaultHttpResponse(decodeResult: success, version: HTTP/1.1)
HTTP/1.1 200 OK
Content-Length: 14
Content-Type: application/json; charset=utf-8
cache-control: no-cache

02:15:02.395 [AsyncHttpClient-1-2] DEBUG org.asynchttpclient.netty.channel.ChannelManager - Adding key: http://localhost:45814 for channel [id: 0x746f5d7c, L:/127.0.0.1:50737 - R:localhost/127.0.0.1:45814]
02:15:02.403 [Forwarding getAlertText on session 6a3a9c7b2bdcd98ad0a89b98cba49c84 to remote] DEBUG org.asynchttpclient.netty.request.NettyRequestSender - Using pooled Channel '[id: 0x746f5d7c, L:/127.0.0.1:50737 - R:localhost/127.0.0.1:45814]' for 'GET' to 'http://localhost:45814/session/6a3a9c7b2bdcd98ad0a89b98cba49c84/alert/text'
02:15:02.403 [Forwarding getAlertText on session 6a3a9c7b2bdcd98ad0a89b98cba49c84 to remote] DEBUG org.asynchttpclient.netty.request.NettyRequestSender - Using open Channel [id: 0x746f5d7c, L:/127.0.0.1:50737 - R:localhost/127.0.0.1:45814] for GET '/session/6a3a9c7b2bdcd98ad0a89b98cba49c84/alert/text'
02:15:02.406 [AsyncHttpClient-1-2] DEBUG org.asynchttpclient.netty.handler.HttpHandler - 

Request DefaultFullHttpRequest(decodeResult: success, version: HTTP/1.1, content: EmptyByteBufBE)
GET /session/6a3a9c7b2bdcd98ad0a89b98cba49c84/alert/text HTTP/1.1
User-Agent: selenium/4.8.1 (java windows)
Cache-Control: no-cache
Content-Type: application/json; charset=utf-8
host: localhost:45814
accept: */*

Response DefaultHttpResponse(decodeResult: success, version: HTTP/1.1)
HTTP/1.1 404 Not Found
Content-Length: 835
Content-Type: application/json; charset=utf-8
cache-control: no-cache

02:15:02.406 [AsyncHttpClient-1-2] DEBUG org.asynchttpclient.netty.channel.ChannelManager - Adding key: http://localhost:45814 for channel [id: 0x746f5d7c, L:/127.0.0.1:50737 - R:localhost/127.0.0.1:45814]
02:15:02.408 [Forwarding getCurrentUrl on session 6a3a9c7b2bdcd98ad0a89b98cba49c84 to remote] DEBUG org.asynchttpclient.netty.request.NettyRequestSender - Using pooled Channel '[id: 0x746f5d7c, L:/127.0.0.1:50737 - R:localhost/127.0.0.1:45814]' for 'GET' to 'http://localhost:45814/session/6a3a9c7b2bdcd98ad0a89b98cba49c84/url'
02:15:02.408 [Forwarding getCurrentUrl on session 6a3a9c7b2bdcd98ad0a89b98cba49c84 to remote] DEBUG org.asynchttpclient.netty.request.NettyRequestSender - Using open Channel [id: 0x746f5d7c, L:/127.0.0.1:50737 - R:localhost/127.0.0.1:45814] for GET '/session/6a3a9c7b2bdcd98ad0a89b98cba49c84/url'
02:15:02.412 [AsyncHttpClient-1-2] DEBUG org.asynchttpclient.netty.handler.HttpHandler - 

Request DefaultFullHttpRequest(decodeResult: success, version: HTTP/1.1, content: EmptyByteBufBE)
GET /session/6a3a9c7b2bdcd98ad0a89b98cba49c84/url HTTP/1.1
User-Agent: selenium/4.8.1 (java windows)
Cache-Control: no-cache
Content-Type: application/json; charset=utf-8
host: localhost:45814
accept: */*

Response DefaultHttpResponse(decodeResult: success, version: HTTP/1.1)
HTTP/1.1 200 OK
Content-Length: 36
Content-Type: application/json; charset=utf-8
cache-control: no-cache

02:15:02.412 [AsyncHttpClient-1-2] DEBUG org.asynchttpclient.netty.channel.ChannelManager - Adding key: http://localhost:45814 for channel [id: 0x746f5d7c, L:/127.0.0.1:50737 - R:localhost/127.0.0.1:45814]
02:15:02.414 [Forwarding screenshot on session 6a3a9c7b2bdcd98ad0a89b98cba49c84 to remote] DEBUG org.asynchttpclient.netty.request.NettyRequestSender - Using pooled Channel '[id: 0x746f5d7c, L:/127.0.0.1:50737 - R:localhost/127.0.0.1:45814]' for 'GET' to 'http://localhost:45814/session/6a3a9c7b2bdcd98ad0a89b98cba49c84/screenshot'
02:15:02.414 [Forwarding screenshot on session 6a3a9c7b2bdcd98ad0a89b98cba49c84 to remote] DEBUG org.asynchttpclient.netty.request.NettyRequestSender - Using open Channel [id: 0x746f5d7c, L:/127.0.0.1:50737 - R:localhost/127.0.0.1:45814] for GET '/session/6a3a9c7b2bdcd98ad0a89b98cba49c84/screenshot'
02:15:02.572 [AsyncHttpClient-1-2] DEBUG org.asynchttpclient.netty.handler.HttpHandler - 

Request DefaultFullHttpRequest(decodeResult: success, version: HTTP/1.1, content: EmptyByteBufBE)
GET /session/6a3a9c7b2bdcd98ad0a89b98cba49c84/screenshot HTTP/1.1
User-Agent: selenium/4.8.1 (java windows)
Cache-Control: no-cache
Content-Type: application/json; charset=utf-8
host: localhost:45814
accept: */*

Response DefaultHttpResponse(decodeResult: success, version: HTTP/1.1)
HTTP/1.1 200 OK
Content-Length: 527468
Content-Type: application/json; charset=utf-8
cache-control: no-cache

02:15:02.575 [AsyncHttpClient-1-2] DEBUG org.asynchttpclient.netty.channel.ChannelManager - Adding key: http://localhost:45814 for channel [id: 0x746f5d7c, L:/127.0.0.1:50737 - R:localhost/127.0.0.1:45814]
02:15:02.584 [main] DEBUG net.serenitybdd.core.photography.Darkroom - Send negative for processing for target\site\serenity\b33df01541b5b19264f32bba79ed319e8f9492d619030d4e88c940b717e50670.png
02:15:02.585 [main] DEBUG net.thucydides.core.steps.StepInterceptor - STEP DONE: validateOnLoginPage
  &amp#27;[32mGiven &amp#27;[0m&amp#27;[32mI am on the Sepulsa login page&amp#27;[0m                        &amp#27;[90m# starter.stepdefintions.LoginSteps.onTheLoginPage()&amp#27;[0m
02:15:02.599 [Forwarding getPageSource on session 6a3a9c7b2bdcd98ad0a89b98cba49c84 to remote] DEBUG org.asynchttpclient.netty.request.NettyRequestSender - Using pooled Channel '[id: 0x746f5d7c, L:/127.0.0.1:50737 - R:localhost/127.0.0.1:45814]' for 'POST' to 'http://localhost:45814/session/6a3a9c7b2bdcd98ad0a89b98cba49c84/execute/sync'
02:15:02.599 [Forwarding getPageSource on session 6a3a9c7b2bdcd98ad0a89b98cba49c84 to remote] DEBUG org.asynchttpclient.netty.request.NettyRequestSender - Using open Channel [id: 0x746f5d7c, L:/127.0.0.1:50737 - R:localhost/127.0.0.1:45814] for POST '/session/6a3a9c7b2bdcd98ad0a89b98cba49c84/execute/sync'
02:15:02.614 [AsyncHttpClient-1-2] DEBUG org.asynchttpclient.netty.handler.HttpHandler - 

Request DefaultHttpRequest(decodeResult: success, version: HTTP/1.1)
POST /session/6a3a9c7b2bdcd98ad0a89b98cba49c84/execute/sync HTTP/1.1
User-Agent: selenium/4.8.1 (java windows)
Content-Length: 176
Content-Type: application/json; charset=utf-8
host: localhost:45814
accept: */*

Response DefaultHttpResponse(decodeResult: success, version: HTTP/1.1)
HTTP/1.1 200 OK
Content-Length: 182088
Content-Type: application/json; charset=utf-8
cache-control: no-cache

02:15:02.616 [AsyncHttpClient-1-2] DEBUG org.asynchttpclient.netty.channel.ChannelManager - Adding key: http://localhost:45814 for channel [id: 0x746f5d7c, L:/127.0.0.1:50737 - R:localhost/127.0.0.1:45814]
02:15:02.638 [Forwarding getCurrentUrl on session 6a3a9c7b2bdcd98ad0a89b98cba49c84 to remote] DEBUG org.asynchttpclient.netty.request.NettyRequestSender - Using pooled Channel '[id: 0x746f5d7c, L:/127.0.0.1:50737 - R:localhost/127.0.0.1:45814]' for 'GET' to 'http://localhost:45814/session/6a3a9c7b2bdcd98ad0a89b98cba49c84/url'
02:15:02.639 [Forwarding getCurrentUrl on session 6a3a9c7b2bdcd98ad0a89b98cba49c84 to remote] DEBUG org.asynchttpclient.netty.request.NettyRequestSender - Using open Channel [id: 0x746f5d7c, L:/127.0.0.1:50737 - R:localhost/127.0.0.1:45814] for GET '/session/6a3a9c7b2bdcd98ad0a89b98cba49c84/url'
02:15:02.642 [AsyncHttpClient-1-2] DEBUG org.asynchttpclient.netty.handler.HttpHandler - 

Request DefaultFullHttpRequest(decodeResult: success, version: HTTP/1.1, content: EmptyByteBufBE)
GET /session/6a3a9c7b2bdcd98ad0a89b98cba49c84/url HTTP/1.1
User-Agent: selenium/4.8.1 (java windows)
Cache-Control: no-cache
Content-Type: application/json; charset=utf-8
host: localhost:45814
accept: */*

Response DefaultHttpResponse(decodeResult: success, version: HTTP/1.1)
HTTP/1.1 200 OK
Content-Length: 36
Content-Type: application/json; charset=utf-8
cache-control: no-cache

02:15:02.642 [AsyncHttpClient-1-2] DEBUG org.asynchttpclient.netty.channel.ChannelManager - Adding key: http://localhost:45814 for channel [id: 0x746f5d7c, L:/127.0.0.1:50737 - R:localhost/127.0.0.1:45814]
02:15:02.658 [Forwarding getAlertText on session 6a3a9c7b2bdcd98ad0a89b98cba49c84 to remote] DEBUG org.asynchttpclient.netty.request.NettyRequestSender - Using pooled Channel '[id: 0x746f5d7c, L:/127.0.0.1:50737 - R:localhost/127.0.0.1:45814]' for 'GET' to 'http://localhost:45814/session/6a3a9c7b2bdcd98ad0a89b98cba49c84/alert/text'
02:15:02.658 [Forwarding getAlertText on session 6a3a9c7b2bdcd98ad0a89b98cba49c84 to remote] DEBUG org.asynchttpclient.netty.request.NettyRequestSender - Using open Channel [id: 0x746f5d7c, L:/127.0.0.1:50737 - R:localhost/127.0.0.1:45814] for GET '/session/6a3a9c7b2bdcd98ad0a89b98cba49c84/alert/text'
02:15:02.660 [AsyncHttpClient-1-2] DEBUG org.asynchttpclient.netty.handler.HttpHandler - 

Request DefaultFullHttpRequest(decodeResult: success, version: HTTP/1.1, content: EmptyByteBufBE)
GET /session/6a3a9c7b2bdcd98ad0a89b98cba49c84/alert/text HTTP/1.1
User-Agent: selenium/4.8.1 (java windows)
Cache-Control: no-cache
Content-Type: application/json; charset=utf-8
host: localhost:45814
accept: */*

Response DefaultHttpResponse(decodeResult: success, version: HTTP/1.1)
HTTP/1.1 404 Not Found
Content-Length: 835
Content-Type: application/json; charset=utf-8
cache-control: no-cache

02:15:02.660 [AsyncHttpClient-1-2] DEBUG org.asynchttpclient.netty.channel.ChannelManager - Adding key: http://localhost:45814 for channel [id: 0x746f5d7c, L:/127.0.0.1:50737 - R:localhost/127.0.0.1:45814]
02:15:02.662 [Forwarding getCurrentUrl on session 6a3a9c7b2bdcd98ad0a89b98cba49c84 to remote] DEBUG org.asynchttpclient.netty.request.NettyRequestSender - Using pooled Channel '[id: 0x746f5d7c, L:/127.0.0.1:50737 - R:localhost/127.0.0.1:45814]' for 'GET' to 'http://localhost:45814/session/6a3a9c7b2bdcd98ad0a89b98cba49c84/url'
02:15:02.662 [Forwarding getCurrentUrl on session 6a3a9c7b2bdcd98ad0a89b98cba49c84 to remote] DEBUG org.asynchttpclient.netty.request.NettyRequestSender - Using open Channel [id: 0x746f5d7c, L:/127.0.0.1:50737 - R:localhost/127.0.0.1:45814] for GET '/session/6a3a9c7b2bdcd98ad0a89b98cba49c84/url'
02:15:02.664 [AsyncHttpClient-1-2] DEBUG org.asynchttpclient.netty.handler.HttpHandler - 

Request DefaultFullHttpRequest(decodeResult: success, version: HTTP/1.1, content: EmptyByteBufBE)
GET /session/6a3a9c7b2bdcd98ad0a89b98cba49c84/url HTTP/1.1
User-Agent: selenium/4.8.1 (java windows)
Cache-Control: no-cache
Content-Type: application/json; charset=utf-8
host: localhost:45814
accept: */*

Response DefaultHttpResponse(decodeResult: success, version: HTTP/1.1)
HTTP/1.1 200 OK
Content-Length: 36
Content-Type: application/json; charset=utf-8
cache-control: no-cache

02:15:02.665 [AsyncHttpClient-1-2] DEBUG org.asynchttpclient.netty.channel.ChannelManager - Adding key: http://localhost:45814 for channel [id: 0x746f5d7c, L:/127.0.0.1:50737 - R:localhost/127.0.0.1:45814]
02:15:02.666 [Forwarding screenshot on session 6a3a9c7b2bdcd98ad0a89b98cba49c84 to remote] DEBUG org.asynchttpclient.netty.request.NettyRequestSender - Using pooled Channel '[id: 0x746f5d7c, L:/127.0.0.1:50737 - R:localhost/127.0.0.1:45814]' for 'GET' to 'http://localhost:45814/session/6a3a9c7b2bdcd98ad0a89b98cba49c84/screenshot'
02:15:02.666 [Forwarding screenshot on session 6a3a9c7b2bdcd98ad0a89b98cba49c84 to remote] DEBUG org.asynchttpclient.netty.request.NettyRequestSender - Using open Channel [id: 0x746f5d7c, L:/127.0.0.1:50737 - R:localhost/127.0.0.1:45814] for GET '/session/6a3a9c7b2bdcd98ad0a89b98cba49c84/screenshot'
02:15:02.809 [AsyncHttpClient-1-2] DEBUG org.asynchttpclient.netty.handler.HttpHandler - 

Request DefaultFullHttpRequest(decodeResult: success, version: HTTP/1.1, content: EmptyByteBufBE)
GET /session/6a3a9c7b2bdcd98ad0a89b98cba49c84/screenshot HTTP/1.1
User-Agent: selenium/4.8.1 (java windows)
Cache-Control: no-cache
Content-Type: application/json; charset=utf-8
host: localhost:45814
accept: */*

Response DefaultHttpResponse(decodeResult: success, version: HTTP/1.1)
HTTP/1.1 200 OK
Content-Length: 527468
Content-Type: application/json; charset=utf-8
cache-control: no-cache

02:15:02.812 [AsyncHttpClient-1-2] DEBUG org.asynchttpclient.netty.channel.ChannelManager - Adding key: http://localhost:45814 for channel [id: 0x746f5d7c, L:/127.0.0.1:50737 - R:localhost/127.0.0.1:45814]
02:15:02.820 [main] DEBUG net.serenitybdd.core.photography.Darkroom - Send negative for processing for target\site\serenity\b33df01541b5b19264f32bba79ed319e8f9492d619030d4e88c940b717e50670.png
02:15:02.822 [Forwarding getPageSource on session 6a3a9c7b2bdcd98ad0a89b98cba49c84 to remote] DEBUG org.asynchttpclient.netty.request.NettyRequestSender - Using pooled Channel '[id: 0x746f5d7c, L:/127.0.0.1:50737 - R:localhost/127.0.0.1:45814]' for 'POST' to 'http://localhost:45814/session/6a3a9c7b2bdcd98ad0a89b98cba49c84/execute/sync'
02:15:02.822 [Forwarding getPageSource on session 6a3a9c7b2bdcd98ad0a89b98cba49c84 to remote] DEBUG org.asynchttpclient.netty.request.NettyRequestSender - Using open Channel [id: 0x746f5d7c, L:/127.0.0.1:50737 - R:localhost/127.0.0.1:45814] for POST '/session/6a3a9c7b2bdcd98ad0a89b98cba49c84/execute/sync'
02:15:02.834 [AsyncHttpClient-1-2] DEBUG org.asynchttpclient.netty.handler.HttpHandler - 

Request DefaultHttpRequest(decodeResult: success, version: HTTP/1.1)
POST /session/6a3a9c7b2bdcd98ad0a89b98cba49c84/execute/sync HTTP/1.1
User-Agent: selenium/4.8.1 (java windows)
Content-Length: 176
Content-Type: application/json; charset=utf-8
host: localhost:45814
accept: */*

Response DefaultHttpResponse(decodeResult: success, version: HTTP/1.1)
HTTP/1.1 200 OK
Content-Length: 182088
Content-Type: application/json; charset=utf-8
cache-control: no-cache

02:15:02.835 [AsyncHttpClient-1-2] DEBUG org.asynchttpclient.netty.channel.ChannelManager - Adding key: http://localhost:45814 for channel [id: 0x746f5d7c, L:/127.0.0.1:50737 - R:localhost/127.0.0.1:45814]
02:15:02.850 [Forwarding getCurrentUrl on session 6a3a9c7b2bdcd98ad0a89b98cba49c84 to remote] DEBUG org.asynchttpclient.netty.request.NettyRequestSender - Using pooled Channel '[id: 0x746f5d7c, L:/127.0.0.1:50737 - R:localhost/127.0.0.1:45814]' for 'GET' to 'http://localhost:45814/session/6a3a9c7b2bdcd98ad0a89b98cba49c84/url'
02:15:02.850 [Forwarding getCurrentUrl on session 6a3a9c7b2bdcd98ad0a89b98cba49c84 to remote] DEBUG org.asynchttpclient.netty.request.NettyRequestSender - Using open Channel [id: 0x746f5d7c, L:/127.0.0.1:50737 - R:localhost/127.0.0.1:45814] for GET '/session/6a3a9c7b2bdcd98ad0a89b98cba49c84/url'
02:15:02.853 [AsyncHttpClient-1-2] DEBUG org.asynchttpclient.netty.handler.HttpHandler - 

Request DefaultFullHttpRequest(decodeResult: success, version: HTTP/1.1, content: EmptyByteBufBE)
GET /session/6a3a9c7b2bdcd98ad0a89b98cba49c84/url HTTP/1.1
User-Agent: selenium/4.8.1 (java windows)
Cache-Control: no-cache
Content-Type: application/json; charset=utf-8
host: localhost:45814
accept: */*

Response DefaultHttpResponse(decodeResult: success, version: HTTP/1.1)
HTTP/1.1 200 OK
Content-Length: 36
Content-Type: application/json; charset=utf-8
cache-control: no-cache

02:15:02.853 [AsyncHttpClient-1-2] DEBUG org.asynchttpclient.netty.channel.ChannelManager - Adding key: http://localhost:45814 for channel [id: 0x746f5d7c, L:/127.0.0.1:50737 - R:localhost/127.0.0.1:45814]
02:15:02.855 [main] DEBUG net.thucydides.core.steps.StepInterceptor - STARTING STEP: LoginSteps.clickLoginButton - clickLoginButton
02:15:02.862 [Forwarding findElement on session 6a3a9c7b2bdcd98ad0a89b98cba49c84 to remote] DEBUG org.asynchttpclient.netty.request.NettyRequestSender - Using pooled Channel '[id: 0x746f5d7c, L:/127.0.0.1:50737 - R:localhost/127.0.0.1:45814]' for 'POST' to 'http://localhost:45814/session/6a3a9c7b2bdcd98ad0a89b98cba49c84/element'
02:15:02.862 [Forwarding findElement on session 6a3a9c7b2bdcd98ad0a89b98cba49c84 to remote] DEBUG org.asynchttpclient.netty.request.NettyRequestSender - Using open Channel [id: 0x746f5d7c, L:/127.0.0.1:50737 - R:localhost/127.0.0.1:45814] for POST '/session/6a3a9c7b2bdcd98ad0a89b98cba49c84/element'
02:15:02.867 [AsyncHttpClient-1-2] DEBUG org.asynchttpclient.netty.handler.HttpHandler - 

Request DefaultHttpRequest(decodeResult: success, version: HTTP/1.1)
POST /session/6a3a9c7b2bdcd98ad0a89b98cba49c84/element HTTP/1.1
User-Agent: selenium/4.8.1 (java windows)
Content-Length: 62
Content-Type: application/json; charset=utf-8
host: localhost:45814
accept: */*

Response DefaultHttpResponse(decodeResult: success, version: HTTP/1.1)
HTTP/1.1 200 OK
Content-Length: 88
Content-Type: application/json; charset=utf-8
cache-control: no-cache

02:15:02.867 [AsyncHttpClient-1-2] DEBUG org.asynchttpclient.netty.channel.ChannelManager - Adding key: http://localhost:45814 for channel [id: 0x746f5d7c, L:/127.0.0.1:50737 - R:localhost/127.0.0.1:45814]
02:15:02.869 [Forwarding getElementTagName on session 6a3a9c7b2bdcd98ad0a89b98cba49c84 to remote] DEBUG org.asynchttpclient.netty.request.NettyRequestSender - Using pooled Channel '[id: 0x746f5d7c, L:/127.0.0.1:50737 - R:localhost/127.0.0.1:45814]' for 'GET' to 'http://localhost:45814/session/6a3a9c7b2bdcd98ad0a89b98cba49c84/element/1a06fae2-5b99-4328-ac63-24542010ac81/name'
02:15:02.869 [Forwarding getElementTagName on session 6a3a9c7b2bdcd98ad0a89b98cba49c84 to remote] DEBUG org.asynchttpclient.netty.request.NettyRequestSender - Using open Channel [id: 0x746f5d7c, L:/127.0.0.1:50737 - R:localhost/127.0.0.1:45814] for GET '/session/6a3a9c7b2bdcd98ad0a89b98cba49c84/element/1a06fae2-5b99-4328-ac63-24542010ac81/name'
02:15:02.872 [AsyncHttpClient-1-2] DEBUG org.asynchttpclient.netty.handler.HttpHandler - 

Request DefaultFullHttpRequest(decodeResult: success, version: HTTP/1.1, content: EmptyByteBufBE)
GET /session/6a3a9c7b2bdcd98ad0a89b98cba49c84/element/1a06fae2-5b99-4328-ac63-24542010ac81/name HTTP/1.1
User-Agent: selenium/4.8.1 (java windows)
Cache-Control: no-cache
Content-Type: application/json; charset=utf-8
host: localhost:45814
accept: */*

Response DefaultHttpResponse(decodeResult: success, version: HTTP/1.1)
HTTP/1.1 200 OK
Content-Length: 16
Content-Type: application/json; charset=utf-8
cache-control: no-cache

02:15:02.873 [AsyncHttpClient-1-2] DEBUG org.asynchttpclient.netty.channel.ChannelManager - Adding key: http://localhost:45814 for channel [id: 0x746f5d7c, L:/127.0.0.1:50737 - R:localhost/127.0.0.1:45814]
02:15:02.874 [Forwarding getElementTagName on session 6a3a9c7b2bdcd98ad0a89b98cba49c84 to remote] DEBUG org.asynchttpclient.netty.request.NettyRequestSender - Using pooled Channel '[id: 0x746f5d7c, L:/127.0.0.1:50737 - R:localhost/127.0.0.1:45814]' for 'GET' to 'http://localhost:45814/session/6a3a9c7b2bdcd98ad0a89b98cba49c84/element/1a06fae2-5b99-4328-ac63-24542010ac81/name'
02:15:02.874 [Forwarding getElementTagName on session 6a3a9c7b2bdcd98ad0a89b98cba49c84 to remote] DEBUG org.asynchttpclient.netty.request.NettyRequestSender - Using open Channel [id: 0x746f5d7c, L:/127.0.0.1:50737 - R:localhost/127.0.0.1:45814] for GET '/session/6a3a9c7b2bdcd98ad0a89b98cba49c84/element/1a06fae2-5b99-4328-ac63-24542010ac81/name'
02:15:02.877 [AsyncHttpClient-1-2] DEBUG org.asynchttpclient.netty.handler.HttpHandler - 

Request DefaultFullHttpRequest(decodeResult: success, version: HTTP/1.1, content: EmptyByteBufBE)
GET /session/6a3a9c7b2bdcd98ad0a89b98cba49c84/element/1a06fae2-5b99-4328-ac63-24542010ac81/name HTTP/1.1
User-Agent: selenium/4.8.1 (java windows)
Cache-Control: no-cache
Content-Type: application/json; charset=utf-8
host: localhost:45814
accept: */*

Response DefaultHttpResponse(decodeResult: success, version: HTTP/1.1)
HTTP/1.1 200 OK
Content-Length: 16
Content-Type: application/json; charset=utf-8
cache-control: no-cache

02:15:02.877 [AsyncHttpClient-1-2] DEBUG org.asynchttpclient.netty.channel.ChannelManager - Adding key: http://localhost:45814 for channel [id: 0x746f5d7c, L:/127.0.0.1:50737 - R:localhost/127.0.0.1:45814]
02:15:02.880 [Forwarding findElement on session 6a3a9c7b2bdcd98ad0a89b98cba49c84 to remote] DEBUG org.asynchttpclient.netty.request.NettyRequestSender - Using pooled Channel '[id: 0x746f5d7c, L:/127.0.0.1:50737 - R:localhost/127.0.0.1:45814]' for 'POST' to 'http://localhost:45814/session/6a3a9c7b2bdcd98ad0a89b98cba49c84/element'
02:15:02.880 [Forwarding findElement on session 6a3a9c7b2bdcd98ad0a89b98cba49c84 to remote] DEBUG org.asynchttpclient.netty.request.NettyRequestSender - Using open Channel [id: 0x746f5d7c, L:/127.0.0.1:50737 - R:localhost/127.0.0.1:45814] for POST '/session/6a3a9c7b2bdcd98ad0a89b98cba49c84/element'
02:15:02.885 [AsyncHttpClient-1-2] DEBUG org.asynchttpclient.netty.handler.HttpHandler - 

Request DefaultHttpRequest(decodeResult: success, version: HTTP/1.1)
POST /session/6a3a9c7b2bdcd98ad0a89b98cba49c84/element HTTP/1.1
User-Agent: selenium/4.8.1 (java windows)
Content-Length: 62
Content-Type: application/json; charset=utf-8
host: localhost:45814
accept: */*

Response DefaultHttpResponse(decodeResult: success, version: HTTP/1.1)
HTTP/1.1 200 OK
Content-Length: 88
Content-Type: application/json; charset=utf-8
cache-control: no-cache

02:15:02.885 [AsyncHttpClient-1-2] DEBUG org.asynchttpclient.netty.channel.ChannelManager - Adding key: http://localhost:45814 for channel [id: 0x746f5d7c, L:/127.0.0.1:50737 - R:localhost/127.0.0.1:45814]
02:15:02.886 [Forwarding clickElement on session 6a3a9c7b2bdcd98ad0a89b98cba49c84 to remote] DEBUG org.asynchttpclient.netty.request.NettyRequestSender - Using pooled Channel '[id: 0x746f5d7c, L:/127.0.0.1:50737 - R:localhost/127.0.0.1:45814]' for 'POST' to 'http://localhost:45814/session/6a3a9c7b2bdcd98ad0a89b98cba49c84/element/1a06fae2-5b99-4328-ac63-24542010ac81/click'
02:15:02.886 [Forwarding clickElement on session 6a3a9c7b2bdcd98ad0a89b98cba49c84 to remote] DEBUG org.asynchttpclient.netty.request.NettyRequestSender - Using open Channel [id: 0x746f5d7c, L:/127.0.0.1:50737 - R:localhost/127.0.0.1:45814] for POST '/session/6a3a9c7b2bdcd98ad0a89b98cba49c84/element/1a06fae2-5b99-4328-ac63-24542010ac81/click'
02:15:02.949 [AsyncHttpClient-1-1] DEBUG org.asynchttpclient.netty.channel.DefaultChannelPool - Entry count for : http://localhost:50738 : 1
02:15:03.933 [AsyncHttpClient-1-2] DEBUG org.asynchttpclient.netty.handler.HttpHandler - 

Request DefaultHttpRequest(decodeResult: success, version: HTTP/1.1)
POST /session/6a3a9c7b2bdcd98ad0a89b98cba49c84/element/1a06fae2-5b99-4328-ac63-24542010ac81/click HTTP/1.1
User-Agent: selenium/4.8.1 (java windows)
Content-Length: 50
Content-Type: application/json; charset=utf-8
host: localhost:45814
accept: */*

Response DefaultHttpResponse(decodeResult: success, version: HTTP/1.1)
HTTP/1.1 400 Bad Request
Content-Length: 1188
Content-Type: application/json; charset=utf-8
cache-control: no-cache

02:15:03.934 [AsyncHttpClient-1-2] DEBUG org.asynchttpclient.netty.channel.ChannelManager - Adding key: http://localhost:45814 for channel [id: 0x746f5d7c, L:/127.0.0.1:50737 - R:localhost/127.0.0.1:45814]
02:15:04.049 [AsyncHttpClient-1-1] DEBUG org.asynchttpclient.netty.channel.DefaultChannelPool - Entry count for : http://localhost:45814 : 1
02:15:04.049 [AsyncHttpClient-1-1] DEBUG org.asynchttpclient.netty.channel.DefaultChannelPool - Entry count for : http://localhost:50738 : 1
02:15:04.201 [Forwarding clickElement on session 6a3a9c7b2bdcd98ad0a89b98cba49c84 to remote] DEBUG org.asynchttpclient.netty.request.NettyRequestSender - Using pooled Channel '[id: 0x746f5d7c, L:/127.0.0.1:50737 - R:localhost/127.0.0.1:45814]' for 'POST' to 'http://localhost:45814/session/6a3a9c7b2bdcd98ad0a89b98cba49c84/element/1a06fae2-5b99-4328-ac63-24542010ac81/click'
02:15:04.201 [Forwarding clickElement on session 6a3a9c7b2bdcd98ad0a89b98cba49c84 to remote] DEBUG org.asynchttpclient.netty.request.NettyRequestSender - Using open Channel [id: 0x746f5d7c, L:/127.0.0.1:50737 - R:localhost/127.0.0.1:45814] for POST '/session/6a3a9c7b2bdcd98ad0a89b98cba49c84/element/1a06fae2-5b99-4328-ac63-24542010ac81/click'
02:15:04.230 [AsyncHttpClient-1-2] DEBUG org.asynchttpclient.netty.handler.HttpHandler - 

Request DefaultHttpRequest(decodeResult: success, version: HTTP/1.1)
POST /session/6a3a9c7b2bdcd98ad0a89b98cba49c84/element/1a06fae2-5b99-4328-ac63-24542010ac81/click HTTP/1.1
User-Agent: selenium/4.8.1 (java windows)
Content-Length: 50
Content-Type: application/json; charset=utf-8
host: localhost:45814
accept: */*

Response DefaultHttpResponse(decodeResult: success, version: HTTP/1.1)
HTTP/1.1 200 OK
Content-Length: 14
Content-Type: application/json; charset=utf-8
cache-control: no-cache

02:15:04.230 [AsyncHttpClient-1-2] DEBUG org.asynchttpclient.netty.channel.ChannelManager - Adding key: http://localhost:45814 for channel [id: 0x746f5d7c, L:/127.0.0.1:50737 - R:localhost/127.0.0.1:45814]
02:15:04.240 [Forwarding getAlertText on session 6a3a9c7b2bdcd98ad0a89b98cba49c84 to remote] DEBUG org.asynchttpclient.netty.request.NettyRequestSender - Using pooled Channel '[id: 0x746f5d7c, L:/127.0.0.1:50737 - R:localhost/127.0.0.1:45814]' for 'GET' to 'http://localhost:45814/session/6a3a9c7b2bdcd98ad0a89b98cba49c84/alert/text'
02:15:04.240 [Forwarding getAlertText on session 6a3a9c7b2bdcd98ad0a89b98cba49c84 to remote] DEBUG org.asynchttpclient.netty.request.NettyRequestSender - Using open Channel [id: 0x746f5d7c, L:/127.0.0.1:50737 - R:localhost/127.0.0.1:45814] for GET '/session/6a3a9c7b2bdcd98ad0a89b98cba49c84/alert/text'
02:15:04.264 [AsyncHttpClient-1-2] DEBUG org.asynchttpclient.netty.handler.HttpHandler - 

Request DefaultFullHttpRequest(decodeResult: success, version: HTTP/1.1, content: EmptyByteBufBE)
GET /session/6a3a9c7b2bdcd98ad0a89b98cba49c84/alert/text HTTP/1.1
User-Agent: selenium/4.8.1 (java windows)
Cache-Control: no-cache
Content-Type: application/json; charset=utf-8
host: localhost:45814
accept: */*

Response DefaultHttpResponse(decodeResult: success, version: HTTP/1.1)
HTTP/1.1 404 Not Found
Content-Length: 835
Content-Type: application/json; charset=utf-8
cache-control: no-cache

02:15:04.264 [AsyncHttpClient-1-2] DEBUG org.asynchttpclient.netty.channel.ChannelManager - Adding key: http://localhost:45814 for channel [id: 0x746f5d7c, L:/127.0.0.1:50737 - R:localhost/127.0.0.1:45814]
02:15:04.266 [Forwarding getCurrentUrl on session 6a3a9c7b2bdcd98ad0a89b98cba49c84 to remote] DEBUG org.asynchttpclient.netty.request.NettyRequestSender - Using pooled Channel '[id: 0x746f5d7c, L:/127.0.0.1:50737 - R:localhost/127.0.0.1:45814]' for 'GET' to 'http://localhost:45814/session/6a3a9c7b2bdcd98ad0a89b98cba49c84/url'
02:15:04.266 [Forwarding getCurrentUrl on session 6a3a9c7b2bdcd98ad0a89b98cba49c84 to remote] DEBUG org.asynchttpclient.netty.request.NettyRequestSender - Using open Channel [id: 0x746f5d7c, L:/127.0.0.1:50737 - R:localhost/127.0.0.1:45814] for GET '/session/6a3a9c7b2bdcd98ad0a89b98cba49c84/url'
02:15:04.269 [AsyncHttpClient-1-2] DEBUG org.asynchttpclient.netty.handler.HttpHandler - 

Request DefaultFullHttpRequest(decodeResult: success, version: HTTP/1.1, content: EmptyByteBufBE)
GET /session/6a3a9c7b2bdcd98ad0a89b98cba49c84/url HTTP/1.1
User-Agent: selenium/4.8.1 (java windows)
Cache-Control: no-cache
Content-Type: application/json; charset=utf-8
host: localhost:45814
accept: */*

Response DefaultHttpResponse(decodeResult: success, version: HTTP/1.1)
HTTP/1.1 200 OK
Content-Length: 42
Content-Type: application/json; charset=utf-8
cache-control: no-cache

02:15:04.270 [AsyncHttpClient-1-2] DEBUG org.asynchttpclient.netty.channel.ChannelManager - Adding key: http://localhost:45814 for channel [id: 0x746f5d7c, L:/127.0.0.1:50737 - R:localhost/127.0.0.1:45814]
02:15:04.271 [Forwarding screenshot on session 6a3a9c7b2bdcd98ad0a89b98cba49c84 to remote] DEBUG org.asynchttpclient.netty.request.NettyRequestSender - Using pooled Channel '[id: 0x746f5d7c, L:/127.0.0.1:50737 - R:localhost/127.0.0.1:45814]' for 'GET' to 'http://localhost:45814/session/6a3a9c7b2bdcd98ad0a89b98cba49c84/screenshot'
02:15:04.271 [Forwarding screenshot on session 6a3a9c7b2bdcd98ad0a89b98cba49c84 to remote] DEBUG org.asynchttpclient.netty.request.NettyRequestSender - Using open Channel [id: 0x746f5d7c, L:/127.0.0.1:50737 - R:localhost/127.0.0.1:45814] for GET '/session/6a3a9c7b2bdcd98ad0a89b98cba49c84/screenshot'
02:15:04.421 [AsyncHttpClient-1-2] DEBUG org.asynchttpclient.netty.handler.HttpHandler - 

Request DefaultFullHttpRequest(decodeResult: success, version: HTTP/1.1, content: EmptyByteBufBE)
GET /session/6a3a9c7b2bdcd98ad0a89b98cba49c84/screenshot HTTP/1.1
User-Agent: selenium/4.8.1 (java windows)
Cache-Control: no-cache
Content-Type: application/json; charset=utf-8
host: localhost:45814
accept: */*

Response DefaultHttpResponse(decodeResult: success, version: HTTP/1.1)
HTTP/1.1 200 OK
Content-Length: 255864
Content-Type: application/json; charset=utf-8
cache-control: no-cache

02:15:04.423 [AsyncHttpClient-1-2] DEBUG org.asynchttpclient.netty.channel.ChannelManager - Adding key: http://localhost:45814 for channel [id: 0x746f5d7c, L:/127.0.0.1:50737 - R:localhost/127.0.0.1:45814]
02:15:04.427 [main] DEBUG net.serenitybdd.core.photography.Darkroom - Send negative for processing for target\site\serenity\385bcadc27da1b2c4766a46f92f1b5bdc4e85f5718254a7d06d292689290915e.png
02:15:04.427 [Darkroom Processing Line] DEBUG net.serenitybdd.core.photography.DarkroomProcessingLine - Processing screenshot image in /var/screenshots/screenshot-8253805338152143469
02:15:04.427 [main] DEBUG net.thucydides.core.steps.StepInterceptor - STEP DONE: clickLoginButton
02:15:04.427 [Darkroom Processing Line] DEBUG net.serenitybdd.core.photography.DarkroomProcessingLine - Saving screenshot to target\site\serenity\385bcadc27da1b2c4766a46f92f1b5bdc4e85f5718254a7d06d292689290915e.png
  &amp#27;[32mWhen &amp#27;[0m&amp#27;[32mI click login button&amp#27;[0m                                   &amp#27;[90m# starter.stepdefintions.LoginSteps.clickLoginButton()&amp#27;[0m
02:15:04.434 [Forwarding getPageSource on session 6a3a9c7b2bdcd98ad0a89b98cba49c84 to remote] DEBUG org.asynchttpclient.netty.request.NettyRequestSender - Using pooled Channel '[id: 0x746f5d7c, L:/127.0.0.1:50737 - R:localhost/127.0.0.1:45814]' for 'POST' to 'http://localhost:45814/session/6a3a9c7b2bdcd98ad0a89b98cba49c84/execute/sync'
02:15:04.434 [Forwarding getPageSource on session 6a3a9c7b2bdcd98ad0a89b98cba49c84 to remote] DEBUG org.asynchttpclient.netty.request.NettyRequestSender - Using open Channel [id: 0x746f5d7c, L:/127.0.0.1:50737 - R:localhost/127.0.0.1:45814] for POST '/session/6a3a9c7b2bdcd98ad0a89b98cba49c84/execute/sync'
02:15:04.443 [AsyncHttpClient-1-2] DEBUG org.asynchttpclient.netty.handler.HttpHandler - 

Request DefaultHttpRequest(decodeResult: success, version: HTTP/1.1)
POST /session/6a3a9c7b2bdcd98ad0a89b98cba49c84/execute/sync HTTP/1.1
User-Agent: selenium/4.8.1 (java windows)
Content-Length: 176
Content-Type: application/json; charset=utf-8
host: localhost:45814
accept: */*

Response DefaultHttpResponse(decodeResult: success, version: HTTP/1.1)
HTTP/1.1 200 OK
Content-Length: 96996
Content-Type: application/json; charset=utf-8
cache-control: no-cache

02:15:04.443 [AsyncHttpClient-1-2] DEBUG org.asynchttpclient.netty.channel.ChannelManager - Adding key: http://localhost:45814 for channel [id: 0x746f5d7c, L:/127.0.0.1:50737 - R:localhost/127.0.0.1:45814]
02:15:04.451 [Forwarding getCurrentUrl on session 6a3a9c7b2bdcd98ad0a89b98cba49c84 to remote] DEBUG org.asynchttpclient.netty.request.NettyRequestSender - Using pooled Channel '[id: 0x746f5d7c, L:/127.0.0.1:50737 - R:localhost/127.0.0.1:45814]' for 'GET' to 'http://localhost:45814/session/6a3a9c7b2bdcd98ad0a89b98cba49c84/url'
02:15:04.451 [Forwarding getCurrentUrl on session 6a3a9c7b2bdcd98ad0a89b98cba49c84 to remote] DEBUG org.asynchttpclient.netty.request.NettyRequestSender - Using open Channel [id: 0x746f5d7c, L:/127.0.0.1:50737 - R:localhost/127.0.0.1:45814] for GET '/session/6a3a9c7b2bdcd98ad0a89b98cba49c84/url'
02:15:04.454 [AsyncHttpClient-1-2] DEBUG org.asynchttpclient.netty.handler.HttpHandler - 

Request DefaultFullHttpRequest(decodeResult: success, version: HTTP/1.1, content: EmptyByteBufBE)
GET /session/6a3a9c7b2bdcd98ad0a89b98cba49c84/url HTTP/1.1
User-Agent: selenium/4.8.1 (java windows)
Cache-Control: no-cache
Content-Type: application/json; charset=utf-8
host: localhost:45814
accept: */*

Response DefaultHttpResponse(decodeResult: success, version: HTTP/1.1)
HTTP/1.1 200 OK
Content-Length: 42
Content-Type: application/json; charset=utf-8
cache-control: no-cache

02:15:04.454 [AsyncHttpClient-1-2] DEBUG org.asynchttpclient.netty.channel.ChannelManager - Adding key: http://localhost:45814 for channel [id: 0x746f5d7c, L:/127.0.0.1:50737 - R:localhost/127.0.0.1:45814]
02:15:04.462 [Forwarding getPageSource on session 6a3a9c7b2bdcd98ad0a89b98cba49c84 to remote] DEBUG org.asynchttpclient.netty.request.NettyRequestSender - Using pooled Channel '[id: 0x746f5d7c, L:/127.0.0.1:50737 - R:localhost/127.0.0.1:45814]' for 'POST' to 'http://localhost:45814/session/6a3a9c7b2bdcd98ad0a89b98cba49c84/execute/sync'
02:15:04.462 [Forwarding getPageSource on session 6a3a9c7b2bdcd98ad0a89b98cba49c84 to remote] DEBUG org.asynchttpclient.netty.request.NettyRequestSender - Using open Channel [id: 0x746f5d7c, L:/127.0.0.1:50737 - R:localhost/127.0.0.1:45814] for POST '/session/6a3a9c7b2bdcd98ad0a89b98cba49c84/execute/sync'
02:15:04.469 [AsyncHttpClient-1-2] DEBUG org.asynchttpclient.netty.handler.HttpHandler - 

Request DefaultHttpRequest(decodeResult: success, version: HTTP/1.1)
POST /session/6a3a9c7b2bdcd98ad0a89b98cba49c84/execute/sync HTTP/1.1
User-Agent: selenium/4.8.1 (java windows)
Content-Length: 176
Content-Type: application/json; charset=utf-8
host: localhost:45814
accept: */*

Response DefaultHttpResponse(decodeResult: success, version: HTTP/1.1)
HTTP/1.1 200 OK
Content-Length: 96996
Content-Type: application/json; charset=utf-8
cache-control: no-cache

02:15:04.470 [AsyncHttpClient-1-2] DEBUG org.asynchttpclient.netty.channel.ChannelManager - Adding key: http://localhost:45814 for channel [id: 0x746f5d7c, L:/127.0.0.1:50737 - R:localhost/127.0.0.1:45814]
02:15:04.475 [Forwarding getCurrentUrl on session 6a3a9c7b2bdcd98ad0a89b98cba49c84 to remote] DEBUG org.asynchttpclient.netty.request.NettyRequestSender - Using pooled Channel '[id: 0x746f5d7c, L:/127.0.0.1:50737 - R:localhost/127.0.0.1:45814]' for 'GET' to 'http://localhost:45814/session/6a3a9c7b2bdcd98ad0a89b98cba49c84/url'
02:15:04.475 [Forwarding getCurrentUrl on session 6a3a9c7b2bdcd98ad0a89b98cba49c84 to remote] DEBUG org.asynchttpclient.netty.request.NettyRequestSender - Using open Channel [id: 0x746f5d7c, L:/127.0.0.1:50737 - R:localhost/127.0.0.1:45814] for GET '/session/6a3a9c7b2bdcd98ad0a89b98cba49c84/url'
02:15:04.478 [AsyncHttpClient-1-2] DEBUG org.asynchttpclient.netty.handler.HttpHandler - 

Request DefaultFullHttpRequest(decodeResult: success, version: HTTP/1.1, content: EmptyByteBufBE)
GET /session/6a3a9c7b2bdcd98ad0a89b98cba49c84/url HTTP/1.1
User-Agent: selenium/4.8.1 (java windows)
Cache-Control: no-cache
Content-Type: application/json; charset=utf-8
host: localhost:45814
accept: */*

Response DefaultHttpResponse(decodeResult: success, version: HTTP/1.1)
HTTP/1.1 200 OK
Content-Length: 42
Content-Type: application/json; charset=utf-8
cache-control: no-cache

02:15:04.478 [AsyncHttpClient-1-2] DEBUG org.asynchttpclient.netty.channel.ChannelManager - Adding key: http://localhost:45814 for channel [id: 0x746f5d7c, L:/127.0.0.1:50737 - R:localhost/127.0.0.1:45814]
02:15:04.480 [main] DEBUG net.thucydides.core.steps.StepInterceptor - STARTING STEP: LoginSteps.inputEmail - inputEmail
02:15:04.484 [Forwarding findElement on session 6a3a9c7b2bdcd98ad0a89b98cba49c84 to remote] DEBUG org.asynchttpclient.netty.request.NettyRequestSender - Using pooled Channel '[id: 0x746f5d7c, L:/127.0.0.1:50737 - R:localhost/127.0.0.1:45814]' for 'POST' to 'http://localhost:45814/session/6a3a9c7b2bdcd98ad0a89b98cba49c84/element'
02:15:04.484 [Forwarding findElement on session 6a3a9c7b2bdcd98ad0a89b98cba49c84 to remote] DEBUG org.asynchttpclient.netty.request.NettyRequestSender - Using open Channel [id: 0x746f5d7c, L:/127.0.0.1:50737 - R:localhost/127.0.0.1:45814] for POST '/session/6a3a9c7b2bdcd98ad0a89b98cba49c84/element'
02:15:04.492 [AsyncHttpClient-1-2] DEBUG org.asynchttpclient.netty.handler.HttpHandler - 

Request DefaultHttpRequest(decodeResult: success, version: HTTP/1.1)
POST /session/6a3a9c7b2bdcd98ad0a89b98cba49c84/element HTTP/1.1
User-Agent: selenium/4.8.1 (java windows)
Content-Length: 50
Content-Type: application/json; charset=utf-8
host: localhost:45814
accept: */*

Response DefaultHttpResponse(decodeResult: success, version: HTTP/1.1)
HTTP/1.1 200 OK
Content-Length: 88
Content-Type: application/json; charset=utf-8
cache-control: no-cache

02:15:04.492 [AsyncHttpClient-1-2] DEBUG org.asynchttpclient.netty.channel.ChannelManager - Adding key: http://localhost:45814 for channel [id: 0x746f5d7c, L:/127.0.0.1:50737 - R:localhost/127.0.0.1:45814]
02:15:04.494 [Forwarding clearElement on session 6a3a9c7b2bdcd98ad0a89b98cba49c84 to remote] DEBUG org.asynchttpclient.netty.request.NettyRequestSender - Using pooled Channel '[id: 0x746f5d7c, L:/127.0.0.1:50737 - R:localhost/127.0.0.1:45814]' for 'POST' to 'http://localhost:45814/session/6a3a9c7b2bdcd98ad0a89b98cba49c84/element/7ed13d6c-7feb-41da-bc5a-678dd85b593e/clear'
02:15:04.494 [Forwarding clearElement on session 6a3a9c7b2bdcd98ad0a89b98cba49c84 to remote] DEBUG org.asynchttpclient.netty.request.NettyRequestSender - Using open Channel [id: 0x746f5d7c, L:/127.0.0.1:50737 - R:localhost/127.0.0.1:45814] for POST '/session/6a3a9c7b2bdcd98ad0a89b98cba49c84/element/7ed13d6c-7feb-41da-bc5a-678dd85b593e/clear'
02:15:04.516 [AsyncHttpClient-1-2] DEBUG org.asynchttpclient.netty.handler.HttpHandler - 

Request DefaultHttpRequest(decodeResult: success, version: HTTP/1.1)
POST /session/6a3a9c7b2bdcd98ad0a89b98cba49c84/element/7ed13d6c-7feb-41da-bc5a-678dd85b593e/clear HTTP/1.1
User-Agent: selenium/4.8.1 (java windows)
Content-Length: 50
Content-Type: application/json; charset=utf-8
host: localhost:45814
accept: */*

Response DefaultHttpResponse(decodeResult: success, version: HTTP/1.1)
HTTP/1.1 200 OK
Content-Length: 14
Content-Type: application/json; charset=utf-8
cache-control: no-cache

02:15:04.516 [AsyncHttpClient-1-2] DEBUG org.asynchttpclient.netty.channel.ChannelManager - Adding key: http://localhost:45814 for channel [id: 0x746f5d7c, L:/127.0.0.1:50737 - R:localhost/127.0.0.1:45814]
02:15:04.519 [Forwarding sendKeysToElement on session 6a3a9c7b2bdcd98ad0a89b98cba49c84 to remote] DEBUG org.asynchttpclient.netty.request.NettyRequestSender - Using pooled Channel '[id: 0x746f5d7c, L:/127.0.0.1:50737 - R:localhost/127.0.0.1:45814]' for 'POST' to 'http://localhost:45814/session/6a3a9c7b2bdcd98ad0a89b98cba49c84/element/7ed13d6c-7feb-41da-bc5a-678dd85b593e/value'
02:15:04.519 [Forwarding sendKeysToElement on session 6a3a9c7b2bdcd98ad0a89b98cba49c84 to remote] DEBUG org.asynchttpclient.netty.request.NettyRequestSender - Using open Channel [id: 0x746f5d7c, L:/127.0.0.1:50737 - R:localhost/127.0.0.1:45814] for POST '/session/6a3a9c7b2bdcd98ad0a89b98cba49c84/element/7ed13d6c-7feb-41da-bc5a-678dd85b593e/value'
02:15:04.625 [AsyncHttpClient-1-2] DEBUG org.asynchttpclient.netty.handler.HttpHandler - 

Request DefaultHttpRequest(decodeResult: success, version: HTTP/1.1)
POST /session/6a3a9c7b2bdcd98ad0a89b98cba49c84/element/7ed13d6c-7feb-41da-bc5a-678dd85b593e/value HTTP/1.1
User-Agent: selenium/4.8.1 (java windows)
Content-Length: 341
Content-Type: application/json; charset=utf-8
host: localhost:45814
accept: */*

Response DefaultHttpResponse(decodeResult: success, version: HTTP/1.1)
HTTP/1.1 200 OK
Content-Length: 14
Content-Type: application/json; charset=utf-8
cache-control: no-cache

02:15:04.626 [AsyncHttpClient-1-2] DEBUG org.asynchttpclient.netty.channel.ChannelManager - Adding key: http://localhost:45814 for channel [id: 0x746f5d7c, L:/127.0.0.1:50737 - R:localhost/127.0.0.1:45814]
02:15:04.631 [Forwarding getAlertText on session 6a3a9c7b2bdcd98ad0a89b98cba49c84 to remote] DEBUG org.asynchttpclient.netty.request.NettyRequestSender - Using pooled Channel '[id: 0x746f5d7c, L:/127.0.0.1:50737 - R:localhost/127.0.0.1:45814]' for 'GET' to 'http://localhost:45814/session/6a3a9c7b2bdcd98ad0a89b98cba49c84/alert/text'
02:15:04.631 [Forwarding getAlertText on session 6a3a9c7b2bdcd98ad0a89b98cba49c84 to remote] DEBUG org.asynchttpclient.netty.request.NettyRequestSender - Using open Channel [id: 0x746f5d7c, L:/127.0.0.1:50737 - R:localhost/127.0.0.1:45814] for GET '/session/6a3a9c7b2bdcd98ad0a89b98cba49c84/alert/text'
02:15:04.634 [AsyncHttpClient-1-2] DEBUG org.asynchttpclient.netty.handler.HttpHandler - 

Request DefaultFullHttpRequest(decodeResult: success, version: HTTP/1.1, content: EmptyByteBufBE)
GET /session/6a3a9c7b2bdcd98ad0a89b98cba49c84/alert/text HTTP/1.1
User-Agent: selenium/4.8.1 (java windows)
Cache-Control: no-cache
Content-Type: application/json; charset=utf-8
host: localhost:45814
accept: */*

Response DefaultHttpResponse(decodeResult: success, version: HTTP/1.1)
HTTP/1.1 404 Not Found
Content-Length: 835
Content-Type: application/json; charset=utf-8
cache-control: no-cache

02:15:04.634 [AsyncHttpClient-1-2] DEBUG org.asynchttpclient.netty.channel.ChannelManager - Adding key: http://localhost:45814 for channel [id: 0x746f5d7c, L:/127.0.0.1:50737 - R:localhost/127.0.0.1:45814]
02:15:04.636 [Forwarding getCurrentUrl on session 6a3a9c7b2bdcd98ad0a89b98cba49c84 to remote] DEBUG org.asynchttpclient.netty.request.NettyRequestSender - Using pooled Channel '[id: 0x746f5d7c, L:/127.0.0.1:50737 - R:localhost/127.0.0.1:45814]' for 'GET' to 'http://localhost:45814/session/6a3a9c7b2bdcd98ad0a89b98cba49c84/url'
02:15:04.636 [Forwarding getCurrentUrl on session 6a3a9c7b2bdcd98ad0a89b98cba49c84 to remote] DEBUG org.asynchttpclient.netty.request.NettyRequestSender - Using open Channel [id: 0x746f5d7c, L:/127.0.0.1:50737 - R:localhost/127.0.0.1:45814] for GET '/session/6a3a9c7b2bdcd98ad0a89b98cba49c84/url'
02:15:04.642 [AsyncHttpClient-1-2] DEBUG org.asynchttpclient.netty.handler.HttpHandler - 

Request DefaultFullHttpRequest(decodeResult: success, version: HTTP/1.1, content: EmptyByteBufBE)
GET /session/6a3a9c7b2bdcd98ad0a89b98cba49c84/url HTTP/1.1
User-Agent: selenium/4.8.1 (java windows)
Cache-Control: no-cache
Content-Type: application/json; charset=utf-8
host: localhost:45814
accept: */*

Response DefaultHttpResponse(decodeResult: success, version: HTTP/1.1)
HTTP/1.1 200 OK
Content-Length: 42
Content-Type: application/json; charset=utf-8
cache-control: no-cache

02:15:04.643 [AsyncHttpClient-1-2] DEBUG org.asynchttpclient.netty.channel.ChannelManager - Adding key: http://localhost:45814 for channel [id: 0x746f5d7c, L:/127.0.0.1:50737 - R:localhost/127.0.0.1:45814]
02:15:04.645 [Forwarding screenshot on session 6a3a9c7b2bdcd98ad0a89b98cba49c84 to remote] DEBUG org.asynchttpclient.netty.request.NettyRequestSender - Using pooled Channel '[id: 0x746f5d7c, L:/127.0.0.1:50737 - R:localhost/127.0.0.1:45814]' for 'GET' to 'http://localhost:45814/session/6a3a9c7b2bdcd98ad0a89b98cba49c84/screenshot'
02:15:04.646 [Forwarding screenshot on session 6a3a9c7b2bdcd98ad0a89b98cba49c84 to remote] DEBUG org.asynchttpclient.netty.request.NettyRequestSender - Using open Channel [id: 0x746f5d7c, L:/127.0.0.1:50737 - R:localhost/127.0.0.1:45814] for GET '/session/6a3a9c7b2bdcd98ad0a89b98cba49c84/screenshot'
02:15:04.797 [AsyncHttpClient-1-2] DEBUG org.asynchttpclient.netty.handler.HttpHandler - 

Request DefaultFullHttpRequest(decodeResult: success, version: HTTP/1.1, content: EmptyByteBufBE)
GET /session/6a3a9c7b2bdcd98ad0a89b98cba49c84/screenshot HTTP/1.1
User-Agent: selenium/4.8.1 (java windows)
Cache-Control: no-cache
Content-Type: application/json; charset=utf-8
host: localhost:45814
accept: */*

Response DefaultHttpResponse(decodeResult: success, version: HTTP/1.1)
HTTP/1.1 200 OK
Content-Length: 259640
Content-Type: application/json; charset=utf-8
cache-control: no-cache

02:15:04.798 [AsyncHttpClient-1-2] DEBUG org.asynchttpclient.netty.channel.ChannelManager - Adding key: http://localhost:45814 for channel [id: 0x746f5d7c, L:/127.0.0.1:50737 - R:localhost/127.0.0.1:45814]
02:15:04.803 [main] DEBUG net.serenitybdd.core.photography.Darkroom - Send negative for processing for target\site\serenity\3911cac8684440b81e0c0c49a1fb2998c89271cf329788e722dec6f2a2dca628.png
02:15:04.803 [main] DEBUG net.thucydides.core.steps.StepInterceptor - STEP DONE: inputEmail
02:15:04.803 [Darkroom Processing Line] DEBUG net.serenitybdd.core.photography.DarkroomProcessingLine - Processing screenshot image in /var/screenshots/screenshot-12638269018736810737
02:15:04.803 [Darkroom Processing Line] DEBUG net.serenitybdd.core.photography.DarkroomProcessingLine - Saving screenshot to target\site\serenity\3911cac8684440b81e0c0c49a1fb2998c89271cf329788e722dec6f2a2dca628.png
  &amp#27;[32mAnd &amp#27;[0m&amp#27;[32mI enter correct email&amp#27;[0m                                   &amp#27;[90m# starter.stepdefintions.LoginSteps.inputEmail()&amp#27;[0m
02:15:04.811 [Forwarding getPageSource on session 6a3a9c7b2bdcd98ad0a89b98cba49c84 to remote] DEBUG org.asynchttpclient.netty.request.NettyRequestSender - Using pooled Channel '[id: 0x746f5d7c, L:/127.0.0.1:50737 - R:localhost/127.0.0.1:45814]' for 'POST' to 'http://localhost:45814/session/6a3a9c7b2bdcd98ad0a89b98cba49c84/execute/sync'
02:15:04.811 [Forwarding getPageSource on session 6a3a9c7b2bdcd98ad0a89b98cba49c84 to remote] DEBUG org.asynchttpclient.netty.request.NettyRequestSender - Using open Channel [id: 0x746f5d7c, L:/127.0.0.1:50737 - R:localhost/127.0.0.1:45814] for POST '/session/6a3a9c7b2bdcd98ad0a89b98cba49c84/execute/sync'
02:15:04.818 [AsyncHttpClient-1-2] DEBUG org.asynchttpclient.netty.handler.HttpHandler - 

Request DefaultHttpRequest(decodeResult: success, version: HTTP/1.1)
POST /session/6a3a9c7b2bdcd98ad0a89b98cba49c84/execute/sync HTTP/1.1
User-Agent: selenium/4.8.1 (java windows)
Content-Length: 176
Content-Type: application/json; charset=utf-8
host: localhost:45814
accept: */*

Response DefaultHttpResponse(decodeResult: success, version: HTTP/1.1)
HTTP/1.1 200 OK
Content-Length: 97046
Content-Type: application/json; charset=utf-8
cache-control: no-cache

02:15:04.819 [AsyncHttpClient-1-2] DEBUG org.asynchttpclient.netty.channel.ChannelManager - Adding key: http://localhost:45814 for channel [id: 0x746f5d7c, L:/127.0.0.1:50737 - R:localhost/127.0.0.1:45814]
02:15:04.826 [Forwarding getCurrentUrl on session 6a3a9c7b2bdcd98ad0a89b98cba49c84 to remote] DEBUG org.asynchttpclient.netty.request.NettyRequestSender - Using pooled Channel '[id: 0x746f5d7c, L:/127.0.0.1:50737 - R:localhost/127.0.0.1:45814]' for 'GET' to 'http://localhost:45814/session/6a3a9c7b2bdcd98ad0a89b98cba49c84/url'
02:15:04.826 [Forwarding getCurrentUrl on session 6a3a9c7b2bdcd98ad0a89b98cba49c84 to remote] DEBUG org.asynchttpclient.netty.request.NettyRequestSender - Using open Channel [id: 0x746f5d7c, L:/127.0.0.1:50737 - R:localhost/127.0.0.1:45814] for GET '/session/6a3a9c7b2bdcd98ad0a89b98cba49c84/url'
02:15:04.828 [AsyncHttpClient-1-2] DEBUG org.asynchttpclient.netty.handler.HttpHandler - 

Request DefaultFullHttpRequest(decodeResult: success, version: HTTP/1.1, content: EmptyByteBufBE)
GET /session/6a3a9c7b2bdcd98ad0a89b98cba49c84/url HTTP/1.1
User-Agent: selenium/4.8.1 (java windows)
Cache-Control: no-cache
Content-Type: application/json; charset=utf-8
host: localhost:45814
accept: */*

Response DefaultHttpResponse(decodeResult: success, version: HTTP/1.1)
HTTP/1.1 200 OK
Content-Length: 42
Content-Type: application/json; charset=utf-8
cache-control: no-cache

02:15:04.829 [AsyncHttpClient-1-2] DEBUG org.asynchttpclient.netty.channel.ChannelManager - Adding key: http://localhost:45814 for channel [id: 0x746f5d7c, L:/127.0.0.1:50737 - R:localhost/127.0.0.1:45814]
02:15:04.837 [Forwarding getPageSource on session 6a3a9c7b2bdcd98ad0a89b98cba49c84 to remote] DEBUG org.asynchttpclient.netty.request.NettyRequestSender - Using pooled Channel '[id: 0x746f5d7c, L:/127.0.0.1:50737 - R:localhost/127.0.0.1:45814]' for 'POST' to 'http://localhost:45814/session/6a3a9c7b2bdcd98ad0a89b98cba49c84/execute/sync'
02:15:04.837 [Forwarding getPageSource on session 6a3a9c7b2bdcd98ad0a89b98cba49c84 to remote] DEBUG org.asynchttpclient.netty.request.NettyRequestSender - Using open Channel [id: 0x746f5d7c, L:/127.0.0.1:50737 - R:localhost/127.0.0.1:45814] for POST '/session/6a3a9c7b2bdcd98ad0a89b98cba49c84/execute/sync'
02:15:04.844 [AsyncHttpClient-1-2] DEBUG org.asynchttpclient.netty.handler.HttpHandler - 

Request DefaultHttpRequest(decodeResult: success, version: HTTP/1.1)
POST /session/6a3a9c7b2bdcd98ad0a89b98cba49c84/execute/sync HTTP/1.1
User-Agent: selenium/4.8.1 (java windows)
Content-Length: 176
Content-Type: application/json; charset=utf-8
host: localhost:45814
accept: */*

Response DefaultHttpResponse(decodeResult: success, version: HTTP/1.1)
HTTP/1.1 200 OK
Content-Length: 97046
Content-Type: application/json; charset=utf-8
cache-control: no-cache

02:15:04.845 [AsyncHttpClient-1-2] DEBUG org.asynchttpclient.netty.channel.ChannelManager - Adding key: http://localhost:45814 for channel [id: 0x746f5d7c, L:/127.0.0.1:50737 - R:localhost/127.0.0.1:45814]
02:15:04.850 [Forwarding getCurrentUrl on session 6a3a9c7b2bdcd98ad0a89b98cba49c84 to remote] DEBUG org.asynchttpclient.netty.request.NettyRequestSender - Using pooled Channel '[id: 0x746f5d7c, L:/127.0.0.1:50737 - R:localhost/127.0.0.1:45814]' for 'GET' to 'http://localhost:45814/session/6a3a9c7b2bdcd98ad0a89b98cba49c84/url'
02:15:04.850 [Forwarding getCurrentUrl on session 6a3a9c7b2bdcd98ad0a89b98cba49c84 to remote] DEBUG org.asynchttpclient.netty.request.NettyRequestSender - Using open Channel [id: 0x746f5d7c, L:/127.0.0.1:50737 - R:localhost/127.0.0.1:45814] for GET '/session/6a3a9c7b2bdcd98ad0a89b98cba49c84/url'
02:15:04.853 [AsyncHttpClient-1-2] DEBUG org.asynchttpclient.netty.handler.HttpHandler - 

Request DefaultFullHttpRequest(decodeResult: success, version: HTTP/1.1, content: EmptyByteBufBE)
GET /session/6a3a9c7b2bdcd98ad0a89b98cba49c84/url HTTP/1.1
User-Agent: selenium/4.8.1 (java windows)
Cache-Control: no-cache
Content-Type: application/json; charset=utf-8
host: localhost:45814
accept: */*

Response DefaultHttpResponse(decodeResult: success, version: HTTP/1.1)
HTTP/1.1 200 OK
Content-Length: 42
Content-Type: application/json; charset=utf-8
cache-control: no-cache

02:15:04.853 [AsyncHttpClient-1-2] DEBUG org.asynchttpclient.netty.channel.ChannelManager - Adding key: http://localhost:45814 for channel [id: 0x746f5d7c, L:/127.0.0.1:50737 - R:localhost/127.0.0.1:45814]
02:15:04.855 [main] DEBUG net.thucydides.core.steps.StepInterceptor - STARTING STEP: LoginSteps.inputPassword - inputPassword
02:15:04.857 [Forwarding findElement on session 6a3a9c7b2bdcd98ad0a89b98cba49c84 to remote] DEBUG org.asynchttpclient.netty.request.NettyRequestSender - Using pooled Channel '[id: 0x746f5d7c, L:/127.0.0.1:50737 - R:localhost/127.0.0.1:45814]' for 'POST' to 'http://localhost:45814/session/6a3a9c7b2bdcd98ad0a89b98cba49c84/element'
02:15:04.858 [Forwarding findElement on session 6a3a9c7b2bdcd98ad0a89b98cba49c84 to remote] DEBUG org.asynchttpclient.netty.request.NettyRequestSender - Using open Channel [id: 0x746f5d7c, L:/127.0.0.1:50737 - R:localhost/127.0.0.1:45814] for POST '/session/6a3a9c7b2bdcd98ad0a89b98cba49c84/element'
02:15:04.865 [AsyncHttpClient-1-2] DEBUG org.asynchttpclient.netty.handler.HttpHandler - 

Request DefaultHttpRequest(decodeResult: success, version: HTTP/1.1)
POST /session/6a3a9c7b2bdcd98ad0a89b98cba49c84/element HTTP/1.1
User-Agent: selenium/4.8.1 (java windows)
Content-Length: 53
Content-Type: application/json; charset=utf-8
host: localhost:45814
accept: */*

Response DefaultHttpResponse(decodeResult: success, version: HTTP/1.1)
HTTP/1.1 200 OK
Content-Length: 88
Content-Type: application/json; charset=utf-8
cache-control: no-cache

02:15:04.865 [AsyncHttpClient-1-2] DEBUG org.asynchttpclient.netty.channel.ChannelManager - Adding key: http://localhost:45814 for channel [id: 0x746f5d7c, L:/127.0.0.1:50737 - R:localhost/127.0.0.1:45814]
02:15:04.867 [Forwarding clearElement on session 6a3a9c7b2bdcd98ad0a89b98cba49c84 to remote] DEBUG org.asynchttpclient.netty.request.NettyRequestSender - Using pooled Channel '[id: 0x746f5d7c, L:/127.0.0.1:50737 - R:localhost/127.0.0.1:45814]' for 'POST' to 'http://localhost:45814/session/6a3a9c7b2bdcd98ad0a89b98cba49c84/element/e99d0444-b241-4d99-a4e0-e296e496f211/clear'
02:15:04.867 [Forwarding clearElement on session 6a3a9c7b2bdcd98ad0a89b98cba49c84 to remote] DEBUG org.asynchttpclient.netty.request.NettyRequestSender - Using open Channel [id: 0x746f5d7c, L:/127.0.0.1:50737 - R:localhost/127.0.0.1:45814] for POST '/session/6a3a9c7b2bdcd98ad0a89b98cba49c84/element/e99d0444-b241-4d99-a4e0-e296e496f211/clear'
02:15:04.890 [AsyncHttpClient-1-2] DEBUG org.asynchttpclient.netty.handler.HttpHandler - 

Request DefaultHttpRequest(decodeResult: success, version: HTTP/1.1)
POST /session/6a3a9c7b2bdcd98ad0a89b98cba49c84/element/e99d0444-b241-4d99-a4e0-e296e496f211/clear HTTP/1.1
User-Agent: selenium/4.8.1 (java windows)
Content-Length: 50
Content-Type: application/json; charset=utf-8
host: localhost:45814
accept: */*

Response DefaultHttpResponse(decodeResult: success, version: HTTP/1.1)
HTTP/1.1 200 OK
Content-Length: 14
Content-Type: application/json; charset=utf-8
cache-control: no-cache

02:15:04.890 [AsyncHttpClient-1-2] DEBUG org.asynchttpclient.netty.channel.ChannelManager - Adding key: http://localhost:45814 for channel [id: 0x746f5d7c, L:/127.0.0.1:50737 - R:localhost/127.0.0.1:45814]
02:15:04.892 [Forwarding sendKeysToElement on session 6a3a9c7b2bdcd98ad0a89b98cba49c84 to remote] DEBUG org.asynchttpclient.netty.request.NettyRequestSender - Using pooled Channel '[id: 0x746f5d7c, L:/127.0.0.1:50737 - R:localhost/127.0.0.1:45814]' for 'POST' to 'http://localhost:45814/session/6a3a9c7b2bdcd98ad0a89b98cba49c84/element/e99d0444-b241-4d99-a4e0-e296e496f211/value'
02:15:04.892 [Forwarding sendKeysToElement on session 6a3a9c7b2bdcd98ad0a89b98cba49c84 to remote] DEBUG org.asynchttpclient.netty.request.NettyRequestSender - Using open Channel [id: 0x746f5d7c, L:/127.0.0.1:50737 - R:localhost/127.0.0.1:45814] for POST '/session/6a3a9c7b2bdcd98ad0a89b98cba49c84/element/e99d0444-b241-4d99-a4e0-e296e496f211/value'
02:15:04.939 [AsyncHttpClient-1-2] DEBUG org.asynchttpclient.netty.handler.HttpHandler - 

Request DefaultHttpRequest(decodeResult: success, version: HTTP/1.1)
POST /session/6a3a9c7b2bdcd98ad0a89b98cba49c84/element/e99d0444-b241-4d99-a4e0-e296e496f211/value HTTP/1.1
User-Agent: selenium/4.8.1 (java windows)
Content-Length: 181
Content-Type: application/json; charset=utf-8
host: localhost:45814
accept: */*

Response DefaultHttpResponse(decodeResult: success, version: HTTP/1.1)
HTTP/1.1 200 OK
Content-Length: 14
Content-Type: application/json; charset=utf-8
cache-control: no-cache

02:15:04.940 [AsyncHttpClient-1-2] DEBUG org.asynchttpclient.netty.channel.ChannelManager - Adding key: http://localhost:45814 for channel [id: 0x746f5d7c, L:/127.0.0.1:50737 - R:localhost/127.0.0.1:45814]
02:15:04.945 [Forwarding getAlertText on session 6a3a9c7b2bdcd98ad0a89b98cba49c84 to remote] DEBUG org.asynchttpclient.netty.request.NettyRequestSender - Using pooled Channel '[id: 0x746f5d7c, L:/127.0.0.1:50737 - R:localhost/127.0.0.1:45814]' for 'GET' to 'http://localhost:45814/session/6a3a9c7b2bdcd98ad0a89b98cba49c84/alert/text'
02:15:04.945 [Forwarding getAlertText on session 6a3a9c7b2bdcd98ad0a89b98cba49c84 to remote] DEBUG org.asynchttpclient.netty.request.NettyRequestSender - Using open Channel [id: 0x746f5d7c, L:/127.0.0.1:50737 - R:localhost/127.0.0.1:45814] for GET '/session/6a3a9c7b2bdcd98ad0a89b98cba49c84/alert/text'
02:15:04.947 [AsyncHttpClient-1-2] DEBUG org.asynchttpclient.netty.handler.HttpHandler - 

Request DefaultFullHttpRequest(decodeResult: success, version: HTTP/1.1, content: EmptyByteBufBE)
GET /session/6a3a9c7b2bdcd98ad0a89b98cba49c84/alert/text HTTP/1.1
User-Agent: selenium/4.8.1 (java windows)
Cache-Control: no-cache
Content-Type: application/json; charset=utf-8
host: localhost:45814
accept: */*

Response DefaultHttpResponse(decodeResult: success, version: HTTP/1.1)
HTTP/1.1 404 Not Found
Content-Length: 835
Content-Type: application/json; charset=utf-8
cache-control: no-cache

02:15:04.947 [AsyncHttpClient-1-2] DEBUG org.asynchttpclient.netty.channel.ChannelManager - Adding key: http://localhost:45814 for channel [id: 0x746f5d7c, L:/127.0.0.1:50737 - R:localhost/127.0.0.1:45814]
02:15:04.948 [Forwarding getCurrentUrl on session 6a3a9c7b2bdcd98ad0a89b98cba49c84 to remote] DEBUG org.asynchttpclient.netty.request.NettyRequestSender - Using pooled Channel '[id: 0x746f5d7c, L:/127.0.0.1:50737 - R:localhost/127.0.0.1:45814]' for 'GET' to 'http://localhost:45814/session/6a3a9c7b2bdcd98ad0a89b98cba49c84/url'
02:15:04.948 [Forwarding getCurrentUrl on session 6a3a9c7b2bdcd98ad0a89b98cba49c84 to remote] DEBUG org.asynchttpclient.netty.request.NettyRequestSender - Using open Channel [id: 0x746f5d7c, L:/127.0.0.1:50737 - R:localhost/127.0.0.1:45814] for GET '/session/6a3a9c7b2bdcd98ad0a89b98cba49c84/url'
02:15:04.952 [AsyncHttpClient-1-2] DEBUG org.asynchttpclient.netty.handler.HttpHandler - 

Request DefaultFullHttpRequest(decodeResult: success, version: HTTP/1.1, content: EmptyByteBufBE)
GET /session/6a3a9c7b2bdcd98ad0a89b98cba49c84/url HTTP/1.1
User-Agent: selenium/4.8.1 (java windows)
Cache-Control: no-cache
Content-Type: application/json; charset=utf-8
host: localhost:45814
accept: */*

Response DefaultHttpResponse(decodeResult: success, version: HTTP/1.1)
HTTP/1.1 200 OK
Content-Length: 42
Content-Type: application/json; charset=utf-8
cache-control: no-cache

02:15:04.952 [AsyncHttpClient-1-2] DEBUG org.asynchttpclient.netty.channel.ChannelManager - Adding key: http://localhost:45814 for channel [id: 0x746f5d7c, L:/127.0.0.1:50737 - R:localhost/127.0.0.1:45814]
02:15:04.953 [Forwarding screenshot on session 6a3a9c7b2bdcd98ad0a89b98cba49c84 to remote] DEBUG org.asynchttpclient.netty.request.NettyRequestSender - Using pooled Channel '[id: 0x746f5d7c, L:/127.0.0.1:50737 - R:localhost/127.0.0.1:45814]' for 'GET' to 'http://localhost:45814/session/6a3a9c7b2bdcd98ad0a89b98cba49c84/screenshot'
02:15:04.953 [Forwarding screenshot on session 6a3a9c7b2bdcd98ad0a89b98cba49c84 to remote] DEBUG org.asynchttpclient.netty.request.NettyRequestSender - Using open Channel [id: 0x746f5d7c, L:/127.0.0.1:50737 - R:localhost/127.0.0.1:45814] for GET '/session/6a3a9c7b2bdcd98ad0a89b98cba49c84/screenshot'
02:15:05.084 [AsyncHttpClient-1-2] DEBUG org.asynchttpclient.netty.handler.HttpHandler - 

Request DefaultFullHttpRequest(decodeResult: success, version: HTTP/1.1, content: EmptyByteBufBE)
GET /session/6a3a9c7b2bdcd98ad0a89b98cba49c84/screenshot HTTP/1.1
User-Agent: selenium/4.8.1 (java windows)
Cache-Control: no-cache
Content-Type: application/json; charset=utf-8
host: localhost:45814
accept: */*

Response DefaultHttpResponse(decodeResult: success, version: HTTP/1.1)
HTTP/1.1 200 OK
Content-Length: 259996
Content-Type: application/json; charset=utf-8
cache-control: no-cache

02:15:05.086 [AsyncHttpClient-1-2] DEBUG org.asynchttpclient.netty.channel.ChannelManager - Adding key: http://localhost:45814 for channel [id: 0x746f5d7c, L:/127.0.0.1:50737 - R:localhost/127.0.0.1:45814]
02:15:05.089 [main] DEBUG net.serenitybdd.core.photography.Darkroom - Send negative for processing for target\site\serenity\2c69884b70a656209be8dc7c3c9cd9b5b77a7629486c736d5388adc14248e882.png
02:15:05.091 [main] DEBUG net.thucydides.core.steps.StepInterceptor - STEP DONE: inputPassword
02:15:05.091 [Darkroom Processing Line] DEBUG net.serenitybdd.core.photography.DarkroomProcessingLine - Processing screenshot image in /var/screenshots/screenshot-12595733478816324847
02:15:05.091 [Darkroom Processing Line] DEBUG net.serenitybdd.core.photography.DarkroomProcessingLine - Saving screenshot to target\site\serenity\2c69884b70a656209be8dc7c3c9cd9b5b77a7629486c736d5388adc14248e882.png
  &amp#27;[32mAnd &amp#27;[0m&amp#27;[32mI enter correct password&amp#27;[0m                                &amp#27;[90m# starter.stepdefintions.LoginSteps.inputPassword()&amp#27;[0m
02:15:05.097 [Forwarding getPageSource on session 6a3a9c7b2bdcd98ad0a89b98cba49c84 to remote] DEBUG org.asynchttpclient.netty.request.NettyRequestSender - Using pooled Channel '[id: 0x746f5d7c, L:/127.0.0.1:50737 - R:localhost/127.0.0.1:45814]' for 'POST' to 'http://localhost:45814/session/6a3a9c7b2bdcd98ad0a89b98cba49c84/execute/sync'
02:15:05.098 [Forwarding getPageSource on session 6a3a9c7b2bdcd98ad0a89b98cba49c84 to remote] DEBUG org.asynchttpclient.netty.request.NettyRequestSender - Using open Channel [id: 0x746f5d7c, L:/127.0.0.1:50737 - R:localhost/127.0.0.1:45814] for POST '/session/6a3a9c7b2bdcd98ad0a89b98cba49c84/execute/sync'
02:15:05.105 [AsyncHttpClient-1-2] DEBUG org.asynchttpclient.netty.handler.HttpHandler - 

Request DefaultHttpRequest(decodeResult: success, version: HTTP/1.1)
POST /session/6a3a9c7b2bdcd98ad0a89b98cba49c84/execute/sync HTTP/1.1
User-Agent: selenium/4.8.1 (java windows)
Content-Length: 176
Content-Type: application/json; charset=utf-8
host: localhost:45814
accept: */*

Response DefaultHttpResponse(decodeResult: success, version: HTTP/1.1)
HTTP/1.1 200 OK
Content-Length: 97061
Content-Type: application/json; charset=utf-8
cache-control: no-cache

02:15:05.105 [AsyncHttpClient-1-2] DEBUG org.asynchttpclient.netty.channel.ChannelManager - Adding key: http://localhost:45814 for channel [id: 0x746f5d7c, L:/127.0.0.1:50737 - R:localhost/127.0.0.1:45814]
02:15:05.110 [Forwarding getCurrentUrl on session 6a3a9c7b2bdcd98ad0a89b98cba49c84 to remote] DEBUG org.asynchttpclient.netty.request.NettyRequestSender - Using pooled Channel '[id: 0x746f5d7c, L:/127.0.0.1:50737 - R:localhost/127.0.0.1:45814]' for 'GET' to 'http://localhost:45814/session/6a3a9c7b2bdcd98ad0a89b98cba49c84/url'
02:15:05.110 [Forwarding getCurrentUrl on session 6a3a9c7b2bdcd98ad0a89b98cba49c84 to remote] DEBUG org.asynchttpclient.netty.request.NettyRequestSender - Using open Channel [id: 0x746f5d7c, L:/127.0.0.1:50737 - R:localhost/127.0.0.1:45814] for GET '/session/6a3a9c7b2bdcd98ad0a89b98cba49c84/url'
02:15:05.113 [AsyncHttpClient-1-2] DEBUG org.asynchttpclient.netty.handler.HttpHandler - 

Request DefaultFullHttpRequest(decodeResult: success, version: HTTP/1.1, content: EmptyByteBufBE)
GET /session/6a3a9c7b2bdcd98ad0a89b98cba49c84/url HTTP/1.1
User-Agent: selenium/4.8.1 (java windows)
Cache-Control: no-cache
Content-Type: application/json; charset=utf-8
host: localhost:45814
accept: */*

Response DefaultHttpResponse(decodeResult: success, version: HTTP/1.1)
HTTP/1.1 200 OK
Content-Length: 42
Content-Type: application/json; charset=utf-8
cache-control: no-cache

02:15:05.113 [AsyncHttpClient-1-2] DEBUG org.asynchttpclient.netty.channel.ChannelManager - Adding key: http://localhost:45814 for channel [id: 0x746f5d7c, L:/127.0.0.1:50737 - R:localhost/127.0.0.1:45814]
02:15:05.125 [Forwarding getPageSource on session 6a3a9c7b2bdcd98ad0a89b98cba49c84 to remote] DEBUG org.asynchttpclient.netty.request.NettyRequestSender - Using pooled Channel '[id: 0x746f5d7c, L:/127.0.0.1:50737 - R:localhost/127.0.0.1:45814]' for 'POST' to 'http://localhost:45814/session/6a3a9c7b2bdcd98ad0a89b98cba49c84/execute/sync'
02:15:05.125 [Forwarding getPageSource on session 6a3a9c7b2bdcd98ad0a89b98cba49c84 to remote] DEBUG org.asynchttpclient.netty.request.NettyRequestSender - Using open Channel [id: 0x746f5d7c, L:/127.0.0.1:50737 - R:localhost/127.0.0.1:45814] for POST '/session/6a3a9c7b2bdcd98ad0a89b98cba49c84/execute/sync'
02:15:05.133 [AsyncHttpClient-1-2] DEBUG org.asynchttpclient.netty.handler.HttpHandler - 

Request DefaultHttpRequest(decodeResult: success, version: HTTP/1.1)
POST /session/6a3a9c7b2bdcd98ad0a89b98cba49c84/execute/sync HTTP/1.1
User-Agent: selenium/4.8.1 (java windows)
Content-Length: 176
Content-Type: application/json; charset=utf-8
host: localhost:45814
accept: */*

Response DefaultHttpResponse(decodeResult: success, version: HTTP/1.1)
HTTP/1.1 200 OK
Content-Length: 97061
Content-Type: application/json; charset=utf-8
cache-control: no-cache

02:15:05.133 [AsyncHttpClient-1-2] DEBUG org.asynchttpclient.netty.channel.ChannelManager - Adding key: http://localhost:45814 for channel [id: 0x746f5d7c, L:/127.0.0.1:50737 - R:localhost/127.0.0.1:45814]
02:15:05.138 [Forwarding getCurrentUrl on session 6a3a9c7b2bdcd98ad0a89b98cba49c84 to remote] DEBUG org.asynchttpclient.netty.request.NettyRequestSender - Using pooled Channel '[id: 0x746f5d7c, L:/127.0.0.1:50737 - R:localhost/127.0.0.1:45814]' for 'GET' to 'http://localhost:45814/session/6a3a9c7b2bdcd98ad0a89b98cba49c84/url'
02:15:05.138 [Forwarding getCurrentUrl on session 6a3a9c7b2bdcd98ad0a89b98cba49c84 to remote] DEBUG org.asynchttpclient.netty.request.NettyRequestSender - Using open Channel [id: 0x746f5d7c, L:/127.0.0.1:50737 - R:localhost/127.0.0.1:45814] for GET '/session/6a3a9c7b2bdcd98ad0a89b98cba49c84/url'
02:15:05.142 [AsyncHttpClient-1-2] DEBUG org.asynchttpclient.netty.handler.HttpHandler - 

Request DefaultFullHttpRequest(decodeResult: success, version: HTTP/1.1, content: EmptyByteBufBE)
GET /session/6a3a9c7b2bdcd98ad0a89b98cba49c84/url HTTP/1.1
User-Agent: selenium/4.8.1 (java windows)
Cache-Control: no-cache
Content-Type: application/json; charset=utf-8
host: localhost:45814
accept: */*

Response DefaultHttpResponse(decodeResult: success, version: HTTP/1.1)
HTTP/1.1 200 OK
Content-Length: 42
Content-Type: application/json; charset=utf-8
cache-control: no-cache

02:15:05.142 [AsyncHttpClient-1-2] DEBUG org.asynchttpclient.netty.channel.ChannelManager - Adding key: http://localhost:45814 for channel [id: 0x746f5d7c, L:/127.0.0.1:50737 - R:localhost/127.0.0.1:45814]
02:15:05.144 [main] DEBUG net.thucydides.core.steps.StepInterceptor - STARTING STEP: LoginSteps.clickSubmitButton - clickSubmitButton
02:15:05.146 [Forwarding findElement on session 6a3a9c7b2bdcd98ad0a89b98cba49c84 to remote] DEBUG org.asynchttpclient.netty.request.NettyRequestSender - Using pooled Channel '[id: 0x746f5d7c, L:/127.0.0.1:50737 - R:localhost/127.0.0.1:45814]' for 'POST' to 'http://localhost:45814/session/6a3a9c7b2bdcd98ad0a89b98cba49c84/element'
02:15:05.147 [Forwarding findElement on session 6a3a9c7b2bdcd98ad0a89b98cba49c84 to remote] DEBUG org.asynchttpclient.netty.request.NettyRequestSender - Using open Channel [id: 0x746f5d7c, L:/127.0.0.1:50737 - R:localhost/127.0.0.1:45814] for POST '/session/6a3a9c7b2bdcd98ad0a89b98cba49c84/element'
02:15:05.149 [AsyncHttpClient-1-1] DEBUG org.asynchttpclient.netty.channel.DefaultChannelPool - Entry count for : http://localhost:50738 : 1
02:15:05.155 [AsyncHttpClient-1-2] DEBUG org.asynchttpclient.netty.handler.HttpHandler - 

Request DefaultHttpRequest(decodeResult: success, version: HTTP/1.1)
POST /session/6a3a9c7b2bdcd98ad0a89b98cba49c84/element HTTP/1.1
User-Agent: selenium/4.8.1 (java windows)
Content-Length: 57
Content-Type: application/json; charset=utf-8
host: localhost:45814
accept: */*

Response DefaultHttpResponse(decodeResult: success, version: HTTP/1.1)
HTTP/1.1 200 OK
Content-Length: 88
Content-Type: application/json; charset=utf-8
cache-control: no-cache

02:15:05.155 [AsyncHttpClient-1-2] DEBUG org.asynchttpclient.netty.channel.ChannelManager - Adding key: http://localhost:45814 for channel [id: 0x746f5d7c, L:/127.0.0.1:50737 - R:localhost/127.0.0.1:45814]
02:15:05.156 [Forwarding getElementTagName on session 6a3a9c7b2bdcd98ad0a89b98cba49c84 to remote] DEBUG org.asynchttpclient.netty.request.NettyRequestSender - Using pooled Channel '[id: 0x746f5d7c, L:/127.0.0.1:50737 - R:localhost/127.0.0.1:45814]' for 'GET' to 'http://localhost:45814/session/6a3a9c7b2bdcd98ad0a89b98cba49c84/element/7b996184-9f79-4ecf-b11f-8d204dc968e0/name'
02:15:05.156 [Forwarding getElementTagName on session 6a3a9c7b2bdcd98ad0a89b98cba49c84 to remote] DEBUG org.asynchttpclient.netty.request.NettyRequestSender - Using open Channel [id: 0x746f5d7c, L:/127.0.0.1:50737 - R:localhost/127.0.0.1:45814] for GET '/session/6a3a9c7b2bdcd98ad0a89b98cba49c84/element/7b996184-9f79-4ecf-b11f-8d204dc968e0/name'
02:15:05.160 [AsyncHttpClient-1-2] DEBUG org.asynchttpclient.netty.handler.HttpHandler - 

Request DefaultFullHttpRequest(decodeResult: success, version: HTTP/1.1, content: EmptyByteBufBE)
GET /session/6a3a9c7b2bdcd98ad0a89b98cba49c84/element/7b996184-9f79-4ecf-b11f-8d204dc968e0/name HTTP/1.1
User-Agent: selenium/4.8.1 (java windows)
Cache-Control: no-cache
Content-Type: application/json; charset=utf-8
host: localhost:45814
accept: */*

Response DefaultHttpResponse(decodeResult: success, version: HTTP/1.1)
HTTP/1.1 200 OK
Content-Length: 18
Content-Type: application/json; charset=utf-8
cache-control: no-cache

02:15:05.160 [AsyncHttpClient-1-2] DEBUG org.asynchttpclient.netty.channel.ChannelManager - Adding key: http://localhost:45814 for channel [id: 0x746f5d7c, L:/127.0.0.1:50737 - R:localhost/127.0.0.1:45814]
02:15:05.161 [Forwarding getElementTagName on session 6a3a9c7b2bdcd98ad0a89b98cba49c84 to remote] DEBUG org.asynchttpclient.netty.request.NettyRequestSender - Using pooled Channel '[id: 0x746f5d7c, L:/127.0.0.1:50737 - R:localhost/127.0.0.1:45814]' for 'GET' to 'http://localhost:45814/session/6a3a9c7b2bdcd98ad0a89b98cba49c84/element/7b996184-9f79-4ecf-b11f-8d204dc968e0/name'
02:15:05.161 [Forwarding getElementTagName on session 6a3a9c7b2bdcd98ad0a89b98cba49c84 to remote] DEBUG org.asynchttpclient.netty.request.NettyRequestSender - Using open Channel [id: 0x746f5d7c, L:/127.0.0.1:50737 - R:localhost/127.0.0.1:45814] for GET '/session/6a3a9c7b2bdcd98ad0a89b98cba49c84/element/7b996184-9f79-4ecf-b11f-8d204dc968e0/name'
02:15:05.164 [AsyncHttpClient-1-2] DEBUG org.asynchttpclient.netty.handler.HttpHandler - 

Request DefaultFullHttpRequest(decodeResult: success, version: HTTP/1.1, content: EmptyByteBufBE)
GET /session/6a3a9c7b2bdcd98ad0a89b98cba49c84/element/7b996184-9f79-4ecf-b11f-8d204dc968e0/name HTTP/1.1
User-Agent: selenium/4.8.1 (java windows)
Cache-Control: no-cache
Content-Type: application/json; charset=utf-8
host: localhost:45814
accept: */*

Response DefaultHttpResponse(decodeResult: success, version: HTTP/1.1)
HTTP/1.1 200 OK
Content-Length: 18
Content-Type: application/json; charset=utf-8
cache-control: no-cache

02:15:05.164 [AsyncHttpClient-1-2] DEBUG org.asynchttpclient.netty.channel.ChannelManager - Adding key: http://localhost:45814 for channel [id: 0x746f5d7c, L:/127.0.0.1:50737 - R:localhost/127.0.0.1:45814]
02:15:05.168 [Forwarding isElementEnabled on session 6a3a9c7b2bdcd98ad0a89b98cba49c84 to remote] DEBUG org.asynchttpclient.netty.request.NettyRequestSender - Using pooled Channel '[id: 0x746f5d7c, L:/127.0.0.1:50737 - R:localhost/127.0.0.1:45814]' for 'GET' to 'http://localhost:45814/session/6a3a9c7b2bdcd98ad0a89b98cba49c84/element/7b996184-9f79-4ecf-b11f-8d204dc968e0/enabled'
02:15:05.168 [Forwarding isElementEnabled on session 6a3a9c7b2bdcd98ad0a89b98cba49c84 to remote] DEBUG org.asynchttpclient.netty.request.NettyRequestSender - Using open Channel [id: 0x746f5d7c, L:/127.0.0.1:50737 - R:localhost/127.0.0.1:45814] for GET '/session/6a3a9c7b2bdcd98ad0a89b98cba49c84/element/7b996184-9f79-4ecf-b11f-8d204dc968e0/enabled'
02:15:05.174 [AsyncHttpClient-1-2] DEBUG org.asynchttpclient.netty.handler.HttpHandler - 

Request DefaultFullHttpRequest(decodeResult: success, version: HTTP/1.1, content: EmptyByteBufBE)
GET /session/6a3a9c7b2bdcd98ad0a89b98cba49c84/element/7b996184-9f79-4ecf-b11f-8d204dc968e0/enabled HTTP/1.1
User-Agent: selenium/4.8.1 (java windows)
Cache-Control: no-cache
Content-Type: application/json; charset=utf-8
host: localhost:45814
accept: */*

Response DefaultHttpResponse(decodeResult: success, version: HTTP/1.1)
HTTP/1.1 200 OK
Content-Length: 14
Content-Type: application/json; charset=utf-8
cache-control: no-cache

02:15:05.180 [AsyncHttpClient-1-2] DEBUG org.asynchttpclient.netty.channel.ChannelManager - Adding key: http://localhost:45814 for channel [id: 0x746f5d7c, L:/127.0.0.1:50737 - R:localhost/127.0.0.1:45814]
02:15:05.181 [Forwarding isElementEnabled on session 6a3a9c7b2bdcd98ad0a89b98cba49c84 to remote] DEBUG org.asynchttpclient.netty.request.NettyRequestSender - Using pooled Channel '[id: 0x746f5d7c, L:/127.0.0.1:50737 - R:localhost/127.0.0.1:45814]' for 'GET' to 'http://localhost:45814/session/6a3a9c7b2bdcd98ad0a89b98cba49c84/element/7b996184-9f79-4ecf-b11f-8d204dc968e0/enabled'
02:15:05.181 [Forwarding isElementEnabled on session 6a3a9c7b2bdcd98ad0a89b98cba49c84 to remote] DEBUG org.asynchttpclient.netty.request.NettyRequestSender - Using open Channel [id: 0x746f5d7c, L:/127.0.0.1:50737 - R:localhost/127.0.0.1:45814] for GET '/session/6a3a9c7b2bdcd98ad0a89b98cba49c84/element/7b996184-9f79-4ecf-b11f-8d204dc968e0/enabled'
02:15:05.185 [AsyncHttpClient-1-2] DEBUG org.asynchttpclient.netty.handler.HttpHandler - 

Request DefaultFullHttpRequest(decodeResult: success, version: HTTP/1.1, content: EmptyByteBufBE)
GET /session/6a3a9c7b2bdcd98ad0a89b98cba49c84/element/7b996184-9f79-4ecf-b11f-8d204dc968e0/enabled HTTP/1.1
User-Agent: selenium/4.8.1 (java windows)
Cache-Control: no-cache
Content-Type: application/json; charset=utf-8
host: localhost:45814
accept: */*

Response DefaultHttpResponse(decodeResult: success, version: HTTP/1.1)
HTTP/1.1 200 OK
Content-Length: 14
Content-Type: application/json; charset=utf-8
cache-control: no-cache

02:15:05.185 [AsyncHttpClient-1-2] DEBUG org.asynchttpclient.netty.channel.ChannelManager - Adding key: http://localhost:45814 for channel [id: 0x746f5d7c, L:/127.0.0.1:50737 - R:localhost/127.0.0.1:45814]
02:15:05.187 [Forwarding findElement on session 6a3a9c7b2bdcd98ad0a89b98cba49c84 to remote] DEBUG org.asynchttpclient.netty.request.NettyRequestSender - Using pooled Channel '[id: 0x746f5d7c, L:/127.0.0.1:50737 - R:localhost/127.0.0.1:45814]' for 'POST' to 'http://localhost:45814/session/6a3a9c7b2bdcd98ad0a89b98cba49c84/element'
02:15:05.187 [Forwarding findElement on session 6a3a9c7b2bdcd98ad0a89b98cba49c84 to remote] DEBUG org.asynchttpclient.netty.request.NettyRequestSender - Using open Channel [id: 0x746f5d7c, L:/127.0.0.1:50737 - R:localhost/127.0.0.1:45814] for POST '/session/6a3a9c7b2bdcd98ad0a89b98cba49c84/element'
02:15:05.192 [AsyncHttpClient-1-2] DEBUG org.asynchttpclient.netty.handler.HttpHandler - 

Request DefaultHttpRequest(decodeResult: success, version: HTTP/1.1)
POST /session/6a3a9c7b2bdcd98ad0a89b98cba49c84/element HTTP/1.1
User-Agent: selenium/4.8.1 (java windows)
Content-Length: 57
Content-Type: application/json; charset=utf-8
host: localhost:45814
accept: */*

Response DefaultHttpResponse(decodeResult: success, version: HTTP/1.1)
HTTP/1.1 200 OK
Content-Length: 88
Content-Type: application/json; charset=utf-8
cache-control: no-cache

02:15:05.192 [AsyncHttpClient-1-2] DEBUG org.asynchttpclient.netty.channel.ChannelManager - Adding key: http://localhost:45814 for channel [id: 0x746f5d7c, L:/127.0.0.1:50737 - R:localhost/127.0.0.1:45814]
02:15:05.193 [Forwarding clickElement on session 6a3a9c7b2bdcd98ad0a89b98cba49c84 to remote] DEBUG org.asynchttpclient.netty.request.NettyRequestSender - Using pooled Channel '[id: 0x746f5d7c, L:/127.0.0.1:50737 - R:localhost/127.0.0.1:45814]' for 'POST' to 'http://localhost:45814/session/6a3a9c7b2bdcd98ad0a89b98cba49c84/element/7b996184-9f79-4ecf-b11f-8d204dc968e0/click'
02:15:05.193 [Forwarding clickElement on session 6a3a9c7b2bdcd98ad0a89b98cba49c84 to remote] DEBUG org.asynchttpclient.netty.request.NettyRequestSender - Using open Channel [id: 0x746f5d7c, L:/127.0.0.1:50737 - R:localhost/127.0.0.1:45814] for POST '/session/6a3a9c7b2bdcd98ad0a89b98cba49c84/element/7b996184-9f79-4ecf-b11f-8d204dc968e0/click'
02:15:05.253 [AsyncHttpClient-1-2] DEBUG org.asynchttpclient.netty.handler.HttpHandler - 

Request DefaultHttpRequest(decodeResult: success, version: HTTP/1.1)
POST /session/6a3a9c7b2bdcd98ad0a89b98cba49c84/element/7b996184-9f79-4ecf-b11f-8d204dc968e0/click HTTP/1.1
User-Agent: selenium/4.8.1 (java windows)
Content-Length: 50
Content-Type: application/json; charset=utf-8
host: localhost:45814
accept: */*

Response DefaultHttpResponse(decodeResult: success, version: HTTP/1.1)
HTTP/1.1 200 OK
Content-Length: 14
Content-Type: application/json; charset=utf-8
cache-control: no-cache

02:15:05.253 [AsyncHttpClient-1-2] DEBUG org.asynchttpclient.netty.channel.ChannelManager - Adding key: http://localhost:45814 for channel [id: 0x746f5d7c, L:/127.0.0.1:50737 - R:localhost/127.0.0.1:45814]
02:15:05.259 [Forwarding getAlertText on session 6a3a9c7b2bdcd98ad0a89b98cba49c84 to remote] DEBUG org.asynchttpclient.netty.request.NettyRequestSender - Using pooled Channel '[id: 0x746f5d7c, L:/127.0.0.1:50737 - R:localhost/127.0.0.1:45814]' for 'GET' to 'http://localhost:45814/session/6a3a9c7b2bdcd98ad0a89b98cba49c84/alert/text'
02:15:05.259 [Forwarding getAlertText on session 6a3a9c7b2bdcd98ad0a89b98cba49c84 to remote] DEBUG org.asynchttpclient.netty.request.NettyRequestSender - Using open Channel [id: 0x746f5d7c, L:/127.0.0.1:50737 - R:localhost/127.0.0.1:45814] for GET '/session/6a3a9c7b2bdcd98ad0a89b98cba49c84/alert/text'
02:15:05.261 [AsyncHttpClient-1-2] DEBUG org.asynchttpclient.netty.handler.HttpHandler - 

Request DefaultFullHttpRequest(decodeResult: success, version: HTTP/1.1, content: EmptyByteBufBE)
GET /session/6a3a9c7b2bdcd98ad0a89b98cba49c84/alert/text HTTP/1.1
User-Agent: selenium/4.8.1 (java windows)
Cache-Control: no-cache
Content-Type: application/json; charset=utf-8
host: localhost:45814
accept: */*

Response DefaultHttpResponse(decodeResult: success, version: HTTP/1.1)
HTTP/1.1 404 Not Found
Content-Length: 835
Content-Type: application/json; charset=utf-8
cache-control: no-cache

02:15:05.261 [AsyncHttpClient-1-2] DEBUG org.asynchttpclient.netty.channel.ChannelManager - Adding key: http://localhost:45814 for channel [id: 0x746f5d7c, L:/127.0.0.1:50737 - R:localhost/127.0.0.1:45814]
02:15:05.263 [Forwarding getCurrentUrl on session 6a3a9c7b2bdcd98ad0a89b98cba49c84 to remote] DEBUG org.asynchttpclient.netty.request.NettyRequestSender - Using pooled Channel '[id: 0x746f5d7c, L:/127.0.0.1:50737 - R:localhost/127.0.0.1:45814]' for 'GET' to 'http://localhost:45814/session/6a3a9c7b2bdcd98ad0a89b98cba49c84/url'
02:15:05.264 [Forwarding getCurrentUrl on session 6a3a9c7b2bdcd98ad0a89b98cba49c84 to remote] DEBUG org.asynchttpclient.netty.request.NettyRequestSender - Using open Channel [id: 0x746f5d7c, L:/127.0.0.1:50737 - R:localhost/127.0.0.1:45814] for GET '/session/6a3a9c7b2bdcd98ad0a89b98cba49c84/url'
02:15:05.266 [AsyncHttpClient-1-2] DEBUG org.asynchttpclient.netty.handler.HttpHandler - 

Request DefaultFullHttpRequest(decodeResult: success, version: HTTP/1.1, content: EmptyByteBufBE)
GET /session/6a3a9c7b2bdcd98ad0a89b98cba49c84/url HTTP/1.1
User-Agent: selenium/4.8.1 (java windows)
Cache-Control: no-cache
Content-Type: application/json; charset=utf-8
host: localhost:45814
accept: */*

Response DefaultHttpResponse(decodeResult: success, version: HTTP/1.1)
HTTP/1.1 200 OK
Content-Length: 42
Content-Type: application/json; charset=utf-8
cache-control: no-cache

02:15:05.267 [AsyncHttpClient-1-2] DEBUG org.asynchttpclient.netty.channel.ChannelManager - Adding key: http://localhost:45814 for channel [id: 0x746f5d7c, L:/127.0.0.1:50737 - R:localhost/127.0.0.1:45814]
02:15:05.268 [Forwarding screenshot on session 6a3a9c7b2bdcd98ad0a89b98cba49c84 to remote] DEBUG org.asynchttpclient.netty.request.NettyRequestSender - Using pooled Channel '[id: 0x746f5d7c, L:/127.0.0.1:50737 - R:localhost/127.0.0.1:45814]' for 'GET' to 'http://localhost:45814/session/6a3a9c7b2bdcd98ad0a89b98cba49c84/screenshot'
02:15:05.268 [Forwarding screenshot on session 6a3a9c7b2bdcd98ad0a89b98cba49c84 to remote] DEBUG org.asynchttpclient.netty.request.NettyRequestSender - Using open Channel [id: 0x746f5d7c, L:/127.0.0.1:50737 - R:localhost/127.0.0.1:45814] for GET '/session/6a3a9c7b2bdcd98ad0a89b98cba49c84/screenshot'
02:15:05.377 [AsyncHttpClient-1-2] DEBUG org.asynchttpclient.netty.handler.HttpHandler - 

Request DefaultFullHttpRequest(decodeResult: success, version: HTTP/1.1, content: EmptyByteBufBE)
GET /session/6a3a9c7b2bdcd98ad0a89b98cba49c84/screenshot HTTP/1.1
User-Agent: selenium/4.8.1 (java windows)
Cache-Control: no-cache
Content-Type: application/json; charset=utf-8
host: localhost:45814
accept: */*

Response DefaultHttpResponse(decodeResult: success, version: HTTP/1.1)
HTTP/1.1 200 OK
Content-Length: 147864
Content-Type: application/json; charset=utf-8
cache-control: no-cache

02:15:05.378 [AsyncHttpClient-1-2] DEBUG org.asynchttpclient.netty.channel.ChannelManager - Adding key: http://localhost:45814 for channel [id: 0x746f5d7c, L:/127.0.0.1:50737 - R:localhost/127.0.0.1:45814]
02:15:05.384 [main] DEBUG net.serenitybdd.core.photography.Darkroom - Send negative for processing for target\site\serenity\09faa46f2fba58cb20973b2768b880706915592a4507b47e6cf3dee86e68f381.png
02:15:05.384 [main] DEBUG net.thucydides.core.steps.StepInterceptor - STEP DONE: clickSubmitButton
  &amp#27;[32mWhen &amp#27;[0m&amp#27;[32mI click on the submit button&amp#27;[0m                           &amp#27;[90m# starter.stepdefintions.LoginSteps.clickSubmitButton()&amp#27;[0m
02:15:05.384 [Darkroom Processing Line] DEBUG net.serenitybdd.core.photography.DarkroomProcessingLine - Processing screenshot image in /var/screenshots/screenshot-141220372119383550
02:15:05.384 [Darkroom Processing Line] DEBUG net.serenitybdd.core.photography.DarkroomProcessingLine - Saving screenshot to target\site\serenity\09faa46f2fba58cb20973b2768b880706915592a4507b47e6cf3dee86e68f381.png
02:15:05.394 [Forwarding getPageSource on session 6a3a9c7b2bdcd98ad0a89b98cba49c84 to remote] DEBUG org.asynchttpclient.netty.request.NettyRequestSender - Using pooled Channel '[id: 0x746f5d7c, L:/127.0.0.1:50737 - R:localhost/127.0.0.1:45814]' for 'POST' to 'http://localhost:45814/session/6a3a9c7b2bdcd98ad0a89b98cba49c84/execute/sync'
02:15:05.394 [Forwarding getPageSource on session 6a3a9c7b2bdcd98ad0a89b98cba49c84 to remote] DEBUG org.asynchttpclient.netty.request.NettyRequestSender - Using open Channel [id: 0x746f5d7c, L:/127.0.0.1:50737 - R:localhost/127.0.0.1:45814] for POST '/session/6a3a9c7b2bdcd98ad0a89b98cba49c84/execute/sync'
02:15:05.403 [AsyncHttpClient-1-2] DEBUG org.asynchttpclient.netty.handler.HttpHandler - 

Request DefaultHttpRequest(decodeResult: success, version: HTTP/1.1)
POST /session/6a3a9c7b2bdcd98ad0a89b98cba49c84/execute/sync HTTP/1.1
User-Agent: selenium/4.8.1 (java windows)
Content-Length: 176
Content-Type: application/json; charset=utf-8
host: localhost:45814
accept: */*

Response DefaultHttpResponse(decodeResult: success, version: HTTP/1.1)
HTTP/1.1 200 OK
Content-Length: 103526
Content-Type: application/json; charset=utf-8
cache-control: no-cache

02:15:05.404 [AsyncHttpClient-1-2] DEBUG org.asynchttpclient.netty.channel.ChannelManager - Adding key: http://localhost:45814 for channel [id: 0x746f5d7c, L:/127.0.0.1:50737 - R:localhost/127.0.0.1:45814]
02:15:05.409 [Forwarding getCurrentUrl on session 6a3a9c7b2bdcd98ad0a89b98cba49c84 to remote] DEBUG org.asynchttpclient.netty.request.NettyRequestSender - Using pooled Channel '[id: 0x746f5d7c, L:/127.0.0.1:50737 - R:localhost/127.0.0.1:45814]' for 'GET' to 'http://localhost:45814/session/6a3a9c7b2bdcd98ad0a89b98cba49c84/url'
02:15:05.409 [Forwarding getCurrentUrl on session 6a3a9c7b2bdcd98ad0a89b98cba49c84 to remote] DEBUG org.asynchttpclient.netty.request.NettyRequestSender - Using open Channel [id: 0x746f5d7c, L:/127.0.0.1:50737 - R:localhost/127.0.0.1:45814] for GET '/session/6a3a9c7b2bdcd98ad0a89b98cba49c84/url'
02:15:05.414 [AsyncHttpClient-1-2] DEBUG org.asynchttpclient.netty.handler.HttpHandler - 

Request DefaultFullHttpRequest(decodeResult: success, version: HTTP/1.1, content: EmptyByteBufBE)
GET /session/6a3a9c7b2bdcd98ad0a89b98cba49c84/url HTTP/1.1
User-Agent: selenium/4.8.1 (java windows)
Cache-Control: no-cache
Content-Type: application/json; charset=utf-8
host: localhost:45814
accept: */*

Response DefaultHttpResponse(decodeResult: success, version: HTTP/1.1)
HTTP/1.1 200 OK
Content-Length: 42
Content-Type: application/json; charset=utf-8
cache-control: no-cache

02:15:05.414 [AsyncHttpClient-1-2] DEBUG org.asynchttpclient.netty.channel.ChannelManager - Adding key: http://localhost:45814 for channel [id: 0x746f5d7c, L:/127.0.0.1:50737 - R:localhost/127.0.0.1:45814]
02:15:05.429 [Forwarding getPageSource on session 6a3a9c7b2bdcd98ad0a89b98cba49c84 to remote] DEBUG org.asynchttpclient.netty.request.NettyRequestSender - Using pooled Channel '[id: 0x746f5d7c, L:/127.0.0.1:50737 - R:localhost/127.0.0.1:45814]' for 'POST' to 'http://localhost:45814/session/6a3a9c7b2bdcd98ad0a89b98cba49c84/execute/sync'
02:15:05.429 [Forwarding getPageSource on session 6a3a9c7b2bdcd98ad0a89b98cba49c84 to remote] DEBUG org.asynchttpclient.netty.request.NettyRequestSender - Using open Channel [id: 0x746f5d7c, L:/127.0.0.1:50737 - R:localhost/127.0.0.1:45814] for POST '/session/6a3a9c7b2bdcd98ad0a89b98cba49c84/execute/sync'
02:15:05.442 [AsyncHttpClient-1-2] DEBUG org.asynchttpclient.netty.handler.HttpHandler - 

Request DefaultHttpRequest(decodeResult: success, version: HTTP/1.1)
POST /session/6a3a9c7b2bdcd98ad0a89b98cba49c84/execute/sync HTTP/1.1
User-Agent: selenium/4.8.1 (java windows)
Content-Length: 176
Content-Type: application/json; charset=utf-8
host: localhost:45814
accept: */*

Response DefaultHttpResponse(decodeResult: success, version: HTTP/1.1)
HTTP/1.1 200 OK
Content-Length: 103526
Content-Type: application/json; charset=utf-8
cache-control: no-cache

02:15:05.443 [AsyncHttpClient-1-2] DEBUG org.asynchttpclient.netty.channel.ChannelManager - Adding key: http://localhost:45814 for channel [id: 0x746f5d7c, L:/127.0.0.1:50737 - R:localhost/127.0.0.1:45814]
02:15:05.451 [Forwarding getCurrentUrl on session 6a3a9c7b2bdcd98ad0a89b98cba49c84 to remote] DEBUG org.asynchttpclient.netty.request.NettyRequestSender - Using pooled Channel '[id: 0x746f5d7c, L:/127.0.0.1:50737 - R:localhost/127.0.0.1:45814]' for 'GET' to 'http://localhost:45814/session/6a3a9c7b2bdcd98ad0a89b98cba49c84/url'
02:15:05.452 [Forwarding getCurrentUrl on session 6a3a9c7b2bdcd98ad0a89b98cba49c84 to remote] DEBUG org.asynchttpclient.netty.request.NettyRequestSender - Using open Channel [id: 0x746f5d7c, L:/127.0.0.1:50737 - R:localhost/127.0.0.1:45814] for GET '/session/6a3a9c7b2bdcd98ad0a89b98cba49c84/url'
02:15:05.457 [AsyncHttpClient-1-2] DEBUG org.asynchttpclient.netty.handler.HttpHandler - 

Request DefaultFullHttpRequest(decodeResult: success, version: HTTP/1.1, content: EmptyByteBufBE)
GET /session/6a3a9c7b2bdcd98ad0a89b98cba49c84/url HTTP/1.1
User-Agent: selenium/4.8.1 (java windows)
Cache-Control: no-cache
Content-Type: application/json; charset=utf-8
host: localhost:45814
accept: */*

Response DefaultHttpResponse(decodeResult: success, version: HTTP/1.1)
HTTP/1.1 200 OK
Content-Length: 42
Content-Type: application/json; charset=utf-8
cache-control: no-cache

02:15:05.457 [AsyncHttpClient-1-2] DEBUG org.asynchttpclient.netty.channel.ChannelManager - Adding key: http://localhost:45814 for channel [id: 0x746f5d7c, L:/127.0.0.1:50737 - R:localhost/127.0.0.1:45814]
02:15:05.461 [main] DEBUG net.thucydides.core.steps.StepInterceptor - STARTING STEP: LoginSteps.validateLoginSuccess - validateLoginSuccess
02:15:05.466 [Forwarding findElement on session 6a3a9c7b2bdcd98ad0a89b98cba49c84 to remote] DEBUG org.asynchttpclient.netty.request.NettyRequestSender - Using pooled Channel '[id: 0x746f5d7c, L:/127.0.0.1:50737 - R:localhost/127.0.0.1:45814]' for 'POST' to 'http://localhost:45814/session/6a3a9c7b2bdcd98ad0a89b98cba49c84/element'
02:15:05.466 [Forwarding findElement on session 6a3a9c7b2bdcd98ad0a89b98cba49c84 to remote] DEBUG org.asynchttpclient.netty.request.NettyRequestSender - Using open Channel [id: 0x746f5d7c, L:/127.0.0.1:50737 - R:localhost/127.0.0.1:45814] for POST '/session/6a3a9c7b2bdcd98ad0a89b98cba49c84/element'
02:15:05.475 [AsyncHttpClient-1-2] DEBUG org.asynchttpclient.netty.handler.HttpHandler - 

Request DefaultHttpRequest(decodeResult: success, version: HTTP/1.1)
POST /session/6a3a9c7b2bdcd98ad0a89b98cba49c84/element HTTP/1.1
User-Agent: selenium/4.8.1 (java windows)
Content-Length: 62
Content-Type: application/json; charset=utf-8
host: localhost:45814
accept: */*

Response DefaultHttpResponse(decodeResult: success, version: HTTP/1.1)
HTTP/1.1 200 OK
Content-Length: 88
Content-Type: application/json; charset=utf-8
cache-control: no-cache

02:15:05.475 [AsyncHttpClient-1-2] DEBUG org.asynchttpclient.netty.channel.ChannelManager - Adding key: http://localhost:45814 for channel [id: 0x746f5d7c, L:/127.0.0.1:50737 - R:localhost/127.0.0.1:45814]
02:15:05.480 [Forwarding isElementDisplayed on session 6a3a9c7b2bdcd98ad0a89b98cba49c84 to remote] DEBUG org.asynchttpclient.netty.request.NettyRequestSender - Using pooled Channel '[id: 0x746f5d7c, L:/127.0.0.1:50737 - R:localhost/127.0.0.1:45814]' for 'POST' to 'http://localhost:45814/session/6a3a9c7b2bdcd98ad0a89b98cba49c84/execute/sync'
02:15:05.480 [Forwarding isElementDisplayed on session 6a3a9c7b2bdcd98ad0a89b98cba49c84 to remote] DEBUG org.asynchttpclient.netty.request.NettyRequestSender - Using open Channel [id: 0x746f5d7c, L:/127.0.0.1:50737 - R:localhost/127.0.0.1:45814] for POST '/session/6a3a9c7b2bdcd98ad0a89b98cba49c84/execute/sync'
02:15:05.497 [AsyncHttpClient-1-2] DEBUG org.asynchttpclient.netty.handler.HttpHandler - 

Request DefaultHttpRequest(decodeResult: success, version: HTTP/1.1)
POST /session/6a3a9c7b2bdcd98ad0a89b98cba49c84/execute/sync HTTP/1.1
User-Agent: selenium/4.8.1 (java windows)
Content-Length: 48807
Content-Type: application/json; charset=utf-8
host: localhost:45814
accept: */*

Response DefaultHttpResponse(decodeResult: success, version: HTTP/1.1)
HTTP/1.1 200 OK
Content-Length: 14
Content-Type: application/json; charset=utf-8
cache-control: no-cache

02:15:05.498 [AsyncHttpClient-1-2] DEBUG org.asynchttpclient.netty.channel.ChannelManager - Adding key: http://localhost:45814 for channel [id: 0x746f5d7c, L:/127.0.0.1:50737 - R:localhost/127.0.0.1:45814]
02:15:05.506 [Forwarding getAlertText on session 6a3a9c7b2bdcd98ad0a89b98cba49c84 to remote] DEBUG org.asynchttpclient.netty.request.NettyRequestSender - Using pooled Channel '[id: 0x746f5d7c, L:/127.0.0.1:50737 - R:localhost/127.0.0.1:45814]' for 'GET' to 'http://localhost:45814/session/6a3a9c7b2bdcd98ad0a89b98cba49c84/alert/text'
02:15:05.506 [Forwarding getAlertText on session 6a3a9c7b2bdcd98ad0a89b98cba49c84 to remote] DEBUG org.asynchttpclient.netty.request.NettyRequestSender - Using open Channel [id: 0x746f5d7c, L:/127.0.0.1:50737 - R:localhost/127.0.0.1:45814] for GET '/session/6a3a9c7b2bdcd98ad0a89b98cba49c84/alert/text'
02:15:05.508 [AsyncHttpClient-1-2] DEBUG org.asynchttpclient.netty.handler.HttpHandler - 

Request DefaultFullHttpRequest(decodeResult: success, version: HTTP/1.1, content: EmptyByteBufBE)
GET /session/6a3a9c7b2bdcd98ad0a89b98cba49c84/alert/text HTTP/1.1
User-Agent: selenium/4.8.1 (java windows)
Cache-Control: no-cache
Content-Type: application/json; charset=utf-8
host: localhost:45814
accept: */*

Response DefaultHttpResponse(decodeResult: success, version: HTTP/1.1)
HTTP/1.1 404 Not Found
Content-Length: 835
Content-Type: application/json; charset=utf-8
cache-control: no-cache

02:15:05.509 [AsyncHttpClient-1-2] DEBUG org.asynchttpclient.netty.channel.ChannelManager - Adding key: http://localhost:45814 for channel [id: 0x746f5d7c, L:/127.0.0.1:50737 - R:localhost/127.0.0.1:45814]
02:15:05.511 [Forwarding getCurrentUrl on session 6a3a9c7b2bdcd98ad0a89b98cba49c84 to remote] DEBUG org.asynchttpclient.netty.request.NettyRequestSender - Using pooled Channel '[id: 0x746f5d7c, L:/127.0.0.1:50737 - R:localhost/127.0.0.1:45814]' for 'GET' to 'http://localhost:45814/session/6a3a9c7b2bdcd98ad0a89b98cba49c84/url'
02:15:05.511 [Forwarding getCurrentUrl on session 6a3a9c7b2bdcd98ad0a89b98cba49c84 to remote] DEBUG org.asynchttpclient.netty.request.NettyRequestSender - Using open Channel [id: 0x746f5d7c, L:/127.0.0.1:50737 - R:localhost/127.0.0.1:45814] for GET '/session/6a3a9c7b2bdcd98ad0a89b98cba49c84/url'
02:15:05.516 [AsyncHttpClient-1-2] DEBUG org.asynchttpclient.netty.handler.HttpHandler - 

Request DefaultFullHttpRequest(decodeResult: success, version: HTTP/1.1, content: EmptyByteBufBE)
GET /session/6a3a9c7b2bdcd98ad0a89b98cba49c84/url HTTP/1.1
User-Agent: selenium/4.8.1 (java windows)
Cache-Control: no-cache
Content-Type: application/json; charset=utf-8
host: localhost:45814
accept: */*

Response DefaultHttpResponse(decodeResult: success, version: HTTP/1.1)
HTTP/1.1 200 OK
Content-Length: 42
Content-Type: application/json; charset=utf-8
cache-control: no-cache

02:15:05.516 [AsyncHttpClient-1-2] DEBUG org.asynchttpclient.netty.channel.ChannelManager - Adding key: http://localhost:45814 for channel [id: 0x746f5d7c, L:/127.0.0.1:50737 - R:localhost/127.0.0.1:45814]
02:15:05.517 [Forwarding screenshot on session 6a3a9c7b2bdcd98ad0a89b98cba49c84 to remote] DEBUG org.asynchttpclient.netty.request.NettyRequestSender - Using pooled Channel '[id: 0x746f5d7c, L:/127.0.0.1:50737 - R:localhost/127.0.0.1:45814]' for 'GET' to 'http://localhost:45814/session/6a3a9c7b2bdcd98ad0a89b98cba49c84/screenshot'
02:15:05.517 [Forwarding screenshot on session 6a3a9c7b2bdcd98ad0a89b98cba49c84 to remote] DEBUG org.asynchttpclient.netty.request.NettyRequestSender - Using open Channel [id: 0x746f5d7c, L:/127.0.0.1:50737 - R:localhost/127.0.0.1:45814] for GET '/session/6a3a9c7b2bdcd98ad0a89b98cba49c84/screenshot'
02:15:05.627 [AsyncHttpClient-1-2] DEBUG org.asynchttpclient.netty.handler.HttpHandler - 

Request DefaultFullHttpRequest(decodeResult: success, version: HTTP/1.1, content: EmptyByteBufBE)
GET /session/6a3a9c7b2bdcd98ad0a89b98cba49c84/screenshot HTTP/1.1
User-Agent: selenium/4.8.1 (java windows)
Cache-Control: no-cache
Content-Type: application/json; charset=utf-8
host: localhost:45814
accept: */*

Response DefaultHttpResponse(decodeResult: success, version: HTTP/1.1)
HTTP/1.1 200 OK
Content-Length: 148184
Content-Type: application/json; charset=utf-8
cache-control: no-cache

02:15:05.628 [AsyncHttpClient-1-2] DEBUG org.asynchttpclient.netty.channel.ChannelManager - Adding key: http://localhost:45814 for channel [id: 0x746f5d7c, L:/127.0.0.1:50737 - R:localhost/127.0.0.1:45814]
02:15:05.632 [main] DEBUG net.serenitybdd.core.photography.Darkroom - Send negative for processing for target\site\serenity\e191bb66f0efe5c97bcb76a86a39a0ca57afd85598bed3dde085ca1de5c5fe89.png
02:15:05.633 [main] DEBUG net.thucydides.core.steps.StepInterceptor - STEP DONE: validateLoginSuccess
02:15:05.633 [Darkroom Processing Line] DEBUG net.serenitybdd.core.photography.DarkroomProcessingLine - Processing screenshot image in /var/screenshots/screenshot-10372902308536518065
02:15:05.633 [Darkroom Processing Line] DEBUG net.serenitybdd.core.photography.DarkroomProcessingLine - Saving screenshot to target\site\serenity\e191bb66f0efe5c97bcb76a86a39a0ca57afd85598bed3dde085ca1de5c5fe89.png
  &amp#27;[32mThen &amp#27;[0m&amp#27;[32mI should be redirected to my Sepulsa account dashboard&amp#27;[0m &amp#27;[90m# starter.stepdefintions.LoginSteps.validateLoginSuccess()&amp#27;[0m
02:15:05.644 [main] INFO  - 
  _____   ___   ___   _____     ___     _     ___   ___   ___   ___  
 |_   _| | __| / __| |_   _|   | _ \   /_\   / __| / __| | __| |   \ 
   | |   | _|  \__ \   | |     |  _/  / _ \  \__ \ \__ \ | _|  | |) |
   |_|   |___| |___/   |_|     |_|   /_/ \_\ |___/ |___/ |___| |___/ 

Login with correct credentials
----------------------------------------------------------------------
02:15:05.687 [Driver Command Executor] DEBUG org.asynchttpclient.netty.request.NettyRequestSender - Using pooled Channel '[id: 0x746f5d7c, L:/127.0.0.1:50737 - R:localhost/127.0.0.1:45814]' for 'DELETE' to 'http://localhost:45814/session/6a3a9c7b2bdcd98ad0a89b98cba49c84'
02:15:05.687 [Driver Command Executor] DEBUG org.asynchttpclient.netty.request.NettyRequestSender - Using open Channel [id: 0x746f5d7c, L:/127.0.0.1:50737 - R:localhost/127.0.0.1:45814] for DELETE '/session/6a3a9c7b2bdcd98ad0a89b98cba49c84'
02:15:05.722 [AsyncHttpClient-1-4] DEBUG org.asynchttpclient.netty.handler.WebSocketHandler - Unexpected I/O exception on channel [id: 0x79ab0c3a, L:/127.0.0.1:50745 - R:localhost/127.0.0.1:50738]
java.net.SocketException: Connection reset
	at java.base/sun.nio.ch.SocketChannelImpl.throwConnectionReset(SocketChannelImpl.java:367)
	at java.base/sun.nio.ch.SocketChannelImpl.read(SocketChannelImpl.java:398)
	at io.netty.buffer.PooledByteBuf.setBytes(PooledByteBuf.java:259)
	at io.netty.buffer.AbstractByteBuf.writeBytes(AbstractByteBuf.java:1132)
	at io.netty.channel.socket.nio.NioSocketChannel.doReadBytes(NioSocketChannel.java:357)
	at io.netty.channel.nio.AbstractNioByteChannel$NioByteUnsafe.read(AbstractNioByteChannel.java:151)
	at io.netty.channel.nio.NioEventLoop.processSelectedKey(NioEventLoop.java:788)
	at io.netty.channel.nio.NioEventLoop.processSelectedKeysOptimized(NioEventLoop.java:724)
	at io.netty.channel.nio.NioEventLoop.processSelectedKeys(NioEventLoop.java:650)
	at io.netty.channel.nio.NioEventLoop.run(NioEventLoop.java:562)
	at io.netty.util.concurrent.SingleThreadEventExecutor$4.run(SingleThreadEventExecutor.java:997)
	at io.netty.util.internal.ThreadExecutorMap$2.run(ThreadExecutorMap.java:74)
	at io.netty.util.concurrent.FastThreadLocalRunnable.run(FastThreadLocalRunnable.java:30)
	at java.base/java.lang.Thread.run(Thread.java:832)
02:15:05.722 [AsyncHttpClient-1-3] DEBUG org.asynchttpclient.netty.handler.HttpHandler - Unexpected I/O exception on channel [id: 0xe13a5ec5, L:/127.0.0.1:50744 - R:localhost/127.0.0.1:50738]
java.net.SocketException: Connection reset
	at java.base/sun.nio.ch.SocketChannelImpl.throwConnectionReset(SocketChannelImpl.java:367)
	at java.base/sun.nio.ch.SocketChannelImpl.read(SocketChannelImpl.java:398)
	at io.netty.buffer.PooledByteBuf.setBytes(PooledByteBuf.java:259)
	at io.netty.buffer.AbstractByteBuf.writeBytes(AbstractByteBuf.java:1132)
	at io.netty.channel.socket.nio.NioSocketChannel.doReadBytes(NioSocketChannel.java:357)
	at io.netty.channel.nio.AbstractNioByteChannel$NioByteUnsafe.read(AbstractNioByteChannel.java:151)
	at io.netty.channel.nio.NioEventLoop.processSelectedKey(NioEventLoop.java:788)
	at io.netty.channel.nio.NioEventLoop.processSelectedKeysOptimized(NioEventLoop.java:724)
	at io.netty.channel.nio.NioEventLoop.processSelectedKeys(NioEventLoop.java:650)
	at io.netty.channel.nio.NioEventLoop.run(NioEventLoop.java:562)
	at io.netty.util.concurrent.SingleThreadEventExecutor$4.run(SingleThreadEventExecutor.java:997)
	at io.netty.util.internal.ThreadExecutorMap$2.run(ThreadExecutorMap.java:74)
	at io.netty.util.concurrent.FastThreadLocalRunnable.run(FastThreadLocalRunnable.java:30)
	at java.base/java.lang.Thread.run(Thread.java:832)
02:15:05.722 [AsyncHttpClient-1-3] DEBUG org.asynchttpclient.netty.channel.ChannelManager - Closing Channel [id: 0xe13a5ec5, L:/127.0.0.1:50744 - R:localhost/127.0.0.1:50738] 
02:15:05.723 [AsyncHttpClient-1-4] DEBUG org.asynchttpclient.netty.handler.WebSocketHandler - Was unable to recover Future: NettyResponseFuture{currentRetry=0,
	isDone=1,
	isCancelled=0,
	asyncHandler=org.asynchttpclient.ws.WebSocketUpgradeHandler@6ecf2523,
	nettyRequest=org.asynchttpclient.netty.request.NettyRequest@1a2013ef,
	future=java.util.concurrent.CompletableFuture@2a51419b[Completed normally],
	uri=ws://localhost:50738/devtools/browser/3a162bc7-0020-4913-b18f-604de0ee869a,
	keepAlive=true,
	redirectCount=0,
	timeoutsHolder=null,
	inAuth=0,
	touch=1680894905722}
02:15:05.723 [AsyncHttpClient-1-4] DEBUG org.asynchttpclient.netty.channel.ChannelManager - Closing Channel [id: 0x79ab0c3a, L:/127.0.0.1:50745 - R:localhost/127.0.0.1:50738] 
02:15:05.724 [AsyncHttpClient-1-4] WARN org.asynchttpclient.netty.handler.WebSocketHandler - onError
java.net.SocketException: Connection reset
	at java.base/sun.nio.ch.SocketChannelImpl.throwConnectionReset(SocketChannelImpl.java:367)
	at java.base/sun.nio.ch.SocketChannelImpl.read(SocketChannelImpl.java:398)
	at io.netty.buffer.PooledByteBuf.setBytes(PooledByteBuf.java:259)
	at io.netty.buffer.AbstractByteBuf.writeBytes(AbstractByteBuf.java:1132)
	at io.netty.channel.socket.nio.NioSocketChannel.doReadBytes(NioSocketChannel.java:357)
	at io.netty.channel.nio.AbstractNioByteChannel$NioByteUnsafe.read(AbstractNioByteChannel.java:151)
	at io.netty.channel.nio.NioEventLoop.processSelectedKey(NioEventLoop.java:788)
	at io.netty.channel.nio.NioEventLoop.processSelectedKeysOptimized(NioEventLoop.java:724)
	at io.netty.channel.nio.NioEventLoop.processSelectedKeys(NioEventLoop.java:650)
	at io.netty.channel.nio.NioEventLoop.run(NioEventLoop.java:562)
	at io.netty.util.concurrent.SingleThreadEventExecutor$4.run(SingleThreadEventExecutor.java:997)
	at io.netty.util.internal.ThreadExecutorMap$2.run(ThreadExecutorMap.java:74)
	at io.netty.util.concurrent.FastThreadLocalRunnable.run(FastThreadLocalRunnable.java:30)
	at java.base/java.lang.Thread.run(Thread.java:832)
02:15:05.725 [AsyncHttpClient-1-3] DEBUG org.asynchttpclient.netty.handler.HttpHandler - Channel Closed: [id: 0xe13a5ec5, L:/127.0.0.1:50744 ! R:localhost/127.0.0.1:50738] with attribute DISCARD
02:15:05.726 [AsyncHttpClient-1-4] DEBUG org.asynchttpclient.netty.channel.ChannelManager - Closing Channel [id: 0x79ab0c3a, L:/127.0.0.1:50745 ! R:localhost/127.0.0.1:50738] 
02:15:05.726 [AsyncHttpClient-1-4] DEBUG org.asynchttpclient.netty.handler.WebSocketHandler - Channel Closed: [id: 0x79ab0c3a, L:/127.0.0.1:50745 ! R:localhost/127.0.0.1:50738] with attribute DISCARD
02:15:05.740 [AsyncHttpClient-1-2] DEBUG org.asynchttpclient.netty.handler.HttpHandler - 

Request DefaultFullHttpRequest(decodeResult: success, version: HTTP/1.1, content: EmptyByteBufBE)
DELETE /session/6a3a9c7b2bdcd98ad0a89b98cba49c84 HTTP/1.1
User-Agent: selenium/4.8.1 (java windows)
Content-Type: application/json; charset=utf-8
host: localhost:45814
accept: */*

Response DefaultHttpResponse(decodeResult: success, version: HTTP/1.1)
HTTP/1.1 200 OK
Content-Length: 14
Content-Type: application/json; charset=utf-8
cache-control: no-cache

02:15:05.740 [AsyncHttpClient-1-2] DEBUG org.asynchttpclient.netty.channel.ChannelManager - Adding key: http://localhost:45814 for channel [id: 0x746f5d7c, L:/127.0.0.1:50737 - R:localhost/127.0.0.1:45814]
02:15:05.896 [AsyncHttpClient-1-2] DEBUG org.asynchttpclient.netty.handler.HttpHandler - Channel Closed: [id: 0x746f5d7c, L:/127.0.0.1:50737 ! R:localhost/127.0.0.1:45814] with attribute DISCARD
02:15:06.250 [AsyncHttpClient-1-1] DEBUG org.asynchttpclient.netty.channel.DefaultChannelPool - Entry count for : http://localhost:45814 : 1
02:15:06.250 [AsyncHttpClient-1-1] DEBUG org.asynchttpclient.netty.channel.DefaultChannelPool - Entry count for : http://localhost:50738 : 1
02:15:06.250 [AsyncHttpClient-1-1] DEBUG org.asynchttpclient.netty.channel.DefaultChannelPool - Adding Candidate expired Channel [id: 0x746f5d7c, L:/127.0.0.1:50737 ! R:localhost/127.0.0.1:45814] isIdleTimeoutExpired=false isRemotelyClosed=true isTtlExpired=false
02:15:06.250 [AsyncHttpClient-1-1] DEBUG org.asynchttpclient.netty.channel.DefaultChannelPool - Closing Idle Channel [id: 0x746f5d7c, L:/127.0.0.1:50737 ! R:localhost/127.0.0.1:45814]
02:15:06.250 [AsyncHttpClient-1-1] DEBUG org.asynchttpclient.netty.channel.DefaultChannelPool - Adding Candidate expired Channel [id: 0xe13a5ec5, L:/127.0.0.1:50744 ! R:localhost/127.0.0.1:50738] isIdleTimeoutExpired=false isRemotelyClosed=true isTtlExpired=false
02:15:06.250 [AsyncHttpClient-1-1] DEBUG org.asynchttpclient.netty.channel.DefaultChannelPool - Closing Idle Channel [id: 0xe13a5ec5, L:/127.0.0.1:50744 ! R:localhost/127.0.0.1:50738]
02:15:06.250 [AsyncHttpClient-1-1] DEBUG org.asynchttpclient.netty.channel.DefaultChannelPool - Closed 2 connections out of 2 in 0 ms
]]></system-out>
    <system-err><![CDATA[Starting ChromeDriver 111.0.5563.64 (c710e93d5b63b7095afe8c2c17df34408078439d-refs/branch-heads/5563@{#995}) on port 45814
Only local connections are allowed.
Please see https://chromedriver.chromium.org/security-considerations for suggestions on keeping ChromeDriver safe.
ChromeDriver was started successfully.
[1680894892.810][WARNING]: This version of ChromeDriver has not been tested with Chrome version 112.
Apr 08, 2023 2:14:52 AM org.openqa.selenium.devtools.CdpVersionFinder findNearestMatch
WARNING: Unable to find an exact match for CDP version 112, so returning the closest version found: 110
Apr 08, 2023 2:15:05 AM org.openqa.selenium.remote.http.WebSocket$Listener onError
WARNING: Connection reset
java.net.SocketException: Connection reset
	at java.base/sun.nio.ch.SocketChannelImpl.throwConnectionReset(SocketChannelImpl.java:367)
	at java.base/sun.nio.ch.SocketChannelImpl.read(SocketChannelImpl.java:398)
	at io.netty.buffer.PooledByteBuf.setBytes(PooledByteBuf.java:259)
	at io.netty.buffer.AbstractByteBuf.writeBytes(AbstractByteBuf.java:1132)
	at io.netty.channel.socket.nio.NioSocketChannel.doReadBytes(NioSocketChannel.java:357)
	at io.netty.channel.nio.AbstractNioByteChannel$NioByteUnsafe.read(AbstractNioByteChannel.java:151)
	at io.netty.channel.nio.NioEventLoop.processSelectedKey(NioEventLoop.java:788)
	at io.netty.channel.nio.NioEventLoop.processSelectedKeysOptimized(NioEventLoop.java:724)
	at io.netty.channel.nio.NioEventLoop.processSelectedKeys(NioEventLoop.java:650)
	at io.netty.channel.nio.NioEventLoop.run(NioEventLoop.java:562)
	at io.netty.util.concurrent.SingleThreadEventExecutor$4.run(SingleThreadEventExecutor.java:997)
	at io.netty.util.internal.ThreadExecutorMap$2.run(ThreadExecutorMap.java:74)
	at io.netty.util.concurrent.FastThreadLocalRunnable.run(FastThreadLocalRunnable.java:30)
	at java.base/java.lang.Thread.run(Thread.java:832)

]]></system-err>
  </testcase>
  <testcase name="Login with incorrect password" classname="Login to Sepulsa Account" time="9.428">
    <system-out><![CDATA[
Scenario: Login with incorrect password &amp#27;[90m# src/test/resources/features/Login.feature:11&amp#27;[0m
02:15:06.431 [main] DEBUG io.cucumber.core.plugin.SerenityReporter - Running feature from file:///C:/Users/WINDOWS%2010/Documents/GitHub/QE_Andira_Ms/11_Web_Programming_&_Testing/Praktikum/Testing_with_Serenity/Prioritas2/alta/src/test/resources/features/Login.feature
02:15:06.435 [main] INFO  - 
  _____   ___   ___   _____     ___   _____     _     ___   _____   ___   ___  
 |_   _| | __| / __| |_   _|   / __| |_   _|   /_\   | _ \ |_   _| | __| |   \ 
   | |   | _|  \__ \   | |     \__ \   | |    / _ \  |   /   | |   | _|  | |) |
   |_|   |___| |___/   |_|     |___/   |_|   /_/ \_\ |_|_\   |_|   |___| |___/ 

Login with incorrect password(login-to-sepulsa-account;login-with-incorrect-password)
--------------------------------------------------------------------------------
02:15:06.465 [main] DEBUG net.thucydides.core.steps.StepInterceptor - STARTING STEP: LoginSteps.onTheLoginPage - openPage
02:15:06.499 [main] INFO net.serenitybdd.core.webdriver.driverproviders.ChromeDriverProvider - Starting Chrome driver instance with capabilities:
02:15:06.499 [main] INFO net.serenitybdd.core.webdriver.driverproviders.ChromeDriverProvider - Capabilities {acceptInsecureCerts: false, browserName: chrome, goog:chromeOptions: {args: [remote-allow-origins=*], extensions: []}}
02:15:06.569 [AsyncHttpClient-1-5] DEBUG org.asynchttpclient.netty.channel.NettyConnectListener - Using new Channel '[id: 0xdefe7e67, L:/127.0.0.1:50805 - R:localhost/127.0.0.1:43965]' for 'POST' to '/session'
02:15:07.161 [AsyncHttpClient-1-5] DEBUG org.asynchttpclient.netty.handler.HttpHandler - 

Request DefaultHttpRequest(decodeResult: success, version: HTTP/1.1)
POST /session HTTP/1.1
User-Agent: selenium/4.8.1 (java windows)
Content-Length: 507
Content-Type: application/json; charset=utf-8
host: localhost:43965
accept: */*

Response DefaultHttpResponse(decodeResult: success, version: HTTP/1.1)
HTTP/1.1 200 OK
Content-Length: 860
Content-Type: application/json; charset=utf-8
cache-control: no-cache

02:15:07.161 [AsyncHttpClient-1-5] DEBUG org.asynchttpclient.netty.channel.ChannelManager - Adding key: http://localhost:43965 for channel [id: 0xdefe7e67, L:/127.0.0.1:50805 - R:localhost/127.0.0.1:43965]
02:15:07.167 [AsyncHttpClient-1-6] DEBUG org.asynchttpclient.netty.channel.NettyConnectListener - Using new Channel '[id: 0x5af19cfc, L:/127.0.0.1:50812 - R:localhost/127.0.0.1:50806]' for 'GET' to '/json/version'
02:15:07.168 [AsyncHttpClient-1-6] DEBUG org.asynchttpclient.netty.handler.HttpHandler - 

Request DefaultFullHttpRequest(decodeResult: success, version: HTTP/1.1, content: EmptyByteBufBE)
GET /json/version HTTP/1.1
User-Agent: selenium/4.8.1 (java windows)
host: localhost:50806
accept: */*

Response DefaultHttpResponse(decodeResult: success, version: HTTP/1.1)
HTTP/1.1 200 OK
Content-Security-Policy: frame-ancestors 'none'
Content-Length: 422
Content-Type: application/json; charset=UTF-8

02:15:07.169 [AsyncHttpClient-1-6] DEBUG org.asynchttpclient.netty.channel.ChannelManager - Adding key: http://localhost:50806 for channel [id: 0x5af19cfc, L:/127.0.0.1:50812 - R:localhost/127.0.0.1:50806]
02:15:07.171 [AsyncHttpClient-1-7] DEBUG org.asynchttpclient.netty.channel.NettyConnectListener - Using new Channel '[id: 0x7f1e69de, L:/127.0.0.1:50813 - R:localhost/127.0.0.1:50806]' for 'GET' to '/devtools/browser/10fdf671-f6e0-40d1-9a91-93af0afdb676'
02:15:07.173 [AsyncHttpClient-1-7] DEBUG org.asynchttpclient.netty.handler.WebSocketHandler - 

Request DefaultFullHttpRequest(decodeResult: success, version: HTTP/1.1, content: EmptyByteBufBE)
GET /devtools/browser/10fdf671-f6e0-40d1-9a91-93af0afdb676 HTTP/1.1
upgrade: websocket
connection: upgrade
sec-websocket-key: VFK5jvkhultRex4r3Ihgkg==
sec-websocket-version: 13
origin: http://localhost:50806
host: localhost:50806
accept: */*
user-agent: AHC/2.1

Response DefaultHttpResponse(decodeResult: success, version: HTTP/1.1)
HTTP/1.1 101 WebSocket Protocol Handshake
Upgrade: WebSocket
Connection: Upgrade
Sec-WebSocket-Accept: Udy7GwRJuRjL+R1ij1Romems8IM=

02:15:07.176 [Forwarding get on session a704637e67639ab815e4f26742f65ff2 to remote] DEBUG org.asynchttpclient.netty.request.NettyRequestSender - Using pooled Channel '[id: 0xdefe7e67, L:/127.0.0.1:50805 - R:localhost/127.0.0.1:43965]' for 'POST' to 'http://localhost:43965/session/a704637e67639ab815e4f26742f65ff2/url'
02:15:07.176 [Forwarding get on session a704637e67639ab815e4f26742f65ff2 to remote] DEBUG org.asynchttpclient.netty.request.NettyRequestSender - Using open Channel [id: 0xdefe7e67, L:/127.0.0.1:50805 - R:localhost/127.0.0.1:43965] for POST '/session/a704637e67639ab815e4f26742f65ff2/url'
02:15:07.352 [AsyncHttpClient-1-1] DEBUG org.asynchttpclient.netty.channel.DefaultChannelPool - Entry count for : http://localhost:50806 : 1
02:15:08.449 [AsyncHttpClient-1-1] DEBUG org.asynchttpclient.netty.channel.DefaultChannelPool - Entry count for : http://localhost:50806 : 1
02:15:09.550 [AsyncHttpClient-1-1] DEBUG org.asynchttpclient.netty.channel.DefaultChannelPool - Entry count for : http://localhost:50806 : 1
02:15:09.955 [AsyncHttpClient-1-5] DEBUG org.asynchttpclient.netty.handler.HttpHandler - 

Request DefaultHttpRequest(decodeResult: success, version: HTTP/1.1)
POST /session/a704637e67639ab815e4f26742f65ff2/url HTTP/1.1
User-Agent: selenium/4.8.1 (java windows)
Content-Length: 54
Content-Type: application/json; charset=utf-8
host: localhost:43965
accept: */*

Response DefaultHttpResponse(decodeResult: success, version: HTTP/1.1)
HTTP/1.1 200 OK
Content-Length: 14
Content-Type: application/json; charset=utf-8
cache-control: no-cache

02:15:09.955 [AsyncHttpClient-1-5] DEBUG org.asynchttpclient.netty.channel.ChannelManager - Adding key: http://localhost:43965 for channel [id: 0xdefe7e67, L:/127.0.0.1:50805 - R:localhost/127.0.0.1:43965]
02:15:09.956 [Forwarding setTimeout on session a704637e67639ab815e4f26742f65ff2 to remote] DEBUG org.asynchttpclient.netty.request.NettyRequestSender - Using pooled Channel '[id: 0xdefe7e67, L:/127.0.0.1:50805 - R:localhost/127.0.0.1:43965]' for 'POST' to 'http://localhost:43965/session/a704637e67639ab815e4f26742f65ff2/timeouts'
02:15:09.956 [Forwarding setTimeout on session a704637e67639ab815e4f26742f65ff2 to remote] DEBUG org.asynchttpclient.netty.request.NettyRequestSender - Using open Channel [id: 0xdefe7e67, L:/127.0.0.1:50805 - R:localhost/127.0.0.1:43965] for POST '/session/a704637e67639ab815e4f26742f65ff2/timeouts'
02:15:09.957 [AsyncHttpClient-1-5] DEBUG org.asynchttpclient.netty.handler.HttpHandler - 

Request DefaultHttpRequest(decodeResult: success, version: HTTP/1.1)
POST /session/a704637e67639ab815e4f26742f65ff2/timeouts HTTP/1.1
User-Agent: selenium/4.8.1 (java windows)
Content-Length: 22
Content-Type: application/json; charset=utf-8
host: localhost:43965
accept: */*

Response DefaultHttpResponse(decodeResult: success, version: HTTP/1.1)
HTTP/1.1 200 OK
Content-Length: 14
Content-Type: application/json; charset=utf-8
cache-control: no-cache

02:15:09.957 [AsyncHttpClient-1-5] DEBUG org.asynchttpclient.netty.channel.ChannelManager - Adding key: http://localhost:43965 for channel [id: 0xdefe7e67, L:/127.0.0.1:50805 - R:localhost/127.0.0.1:43965]
02:15:09.962 [Forwarding getAlertText on session a704637e67639ab815e4f26742f65ff2 to remote] DEBUG org.asynchttpclient.netty.request.NettyRequestSender - Using pooled Channel '[id: 0xdefe7e67, L:/127.0.0.1:50805 - R:localhost/127.0.0.1:43965]' for 'GET' to 'http://localhost:43965/session/a704637e67639ab815e4f26742f65ff2/alert/text'
02:15:09.962 [Forwarding getAlertText on session a704637e67639ab815e4f26742f65ff2 to remote] DEBUG org.asynchttpclient.netty.request.NettyRequestSender - Using open Channel [id: 0xdefe7e67, L:/127.0.0.1:50805 - R:localhost/127.0.0.1:43965] for GET '/session/a704637e67639ab815e4f26742f65ff2/alert/text'
02:15:09.963 [AsyncHttpClient-1-5] DEBUG org.asynchttpclient.netty.handler.HttpHandler - 

Request DefaultFullHttpRequest(decodeResult: success, version: HTTP/1.1, content: EmptyByteBufBE)
GET /session/a704637e67639ab815e4f26742f65ff2/alert/text HTTP/1.1
User-Agent: selenium/4.8.1 (java windows)
Cache-Control: no-cache
Content-Type: application/json; charset=utf-8
host: localhost:43965
accept: */*

Response DefaultHttpResponse(decodeResult: success, version: HTTP/1.1)
HTTP/1.1 404 Not Found
Content-Length: 835
Content-Type: application/json; charset=utf-8
cache-control: no-cache

02:15:09.963 [AsyncHttpClient-1-5] DEBUG org.asynchttpclient.netty.channel.ChannelManager - Adding key: http://localhost:43965 for channel [id: 0xdefe7e67, L:/127.0.0.1:50805 - R:localhost/127.0.0.1:43965]
02:15:09.965 [Forwarding getCurrentUrl on session a704637e67639ab815e4f26742f65ff2 to remote] DEBUG org.asynchttpclient.netty.request.NettyRequestSender - Using pooled Channel '[id: 0xdefe7e67, L:/127.0.0.1:50805 - R:localhost/127.0.0.1:43965]' for 'GET' to 'http://localhost:43965/session/a704637e67639ab815e4f26742f65ff2/url'
02:15:09.965 [Forwarding getCurrentUrl on session a704637e67639ab815e4f26742f65ff2 to remote] DEBUG org.asynchttpclient.netty.request.NettyRequestSender - Using open Channel [id: 0xdefe7e67, L:/127.0.0.1:50805 - R:localhost/127.0.0.1:43965] for GET '/session/a704637e67639ab815e4f26742f65ff2/url'
02:15:09.968 [AsyncHttpClient-1-5] DEBUG org.asynchttpclient.netty.handler.HttpHandler - 

Request DefaultFullHttpRequest(decodeResult: success, version: HTTP/1.1, content: EmptyByteBufBE)
GET /session/a704637e67639ab815e4f26742f65ff2/url HTTP/1.1
User-Agent: selenium/4.8.1 (java windows)
Cache-Control: no-cache
Content-Type: application/json; charset=utf-8
host: localhost:43965
accept: */*

Response DefaultHttpResponse(decodeResult: success, version: HTTP/1.1)
HTTP/1.1 200 OK
Content-Length: 36
Content-Type: application/json; charset=utf-8
cache-control: no-cache

02:15:09.968 [AsyncHttpClient-1-5] DEBUG org.asynchttpclient.netty.channel.ChannelManager - Adding key: http://localhost:43965 for channel [id: 0xdefe7e67, L:/127.0.0.1:50805 - R:localhost/127.0.0.1:43965]
02:15:09.969 [Forwarding screenshot on session a704637e67639ab815e4f26742f65ff2 to remote] DEBUG org.asynchttpclient.netty.request.NettyRequestSender - Using pooled Channel '[id: 0xdefe7e67, L:/127.0.0.1:50805 - R:localhost/127.0.0.1:43965]' for 'GET' to 'http://localhost:43965/session/a704637e67639ab815e4f26742f65ff2/screenshot'
02:15:09.969 [Forwarding screenshot on session a704637e67639ab815e4f26742f65ff2 to remote] DEBUG org.asynchttpclient.netty.request.NettyRequestSender - Using open Channel [id: 0xdefe7e67, L:/127.0.0.1:50805 - R:localhost/127.0.0.1:43965] for GET '/session/a704637e67639ab815e4f26742f65ff2/screenshot'
02:15:10.145 [AsyncHttpClient-1-5] DEBUG org.asynchttpclient.netty.handler.HttpHandler - 

Request DefaultFullHttpRequest(decodeResult: success, version: HTTP/1.1, content: EmptyByteBufBE)
GET /session/a704637e67639ab815e4f26742f65ff2/screenshot HTTP/1.1
User-Agent: selenium/4.8.1 (java windows)
Cache-Control: no-cache
Content-Type: application/json; charset=utf-8
host: localhost:43965
accept: */*

Response DefaultHttpResponse(decodeResult: success, version: HTTP/1.1)
HTTP/1.1 200 OK
Content-Length: 528708
Content-Type: application/json; charset=utf-8
cache-control: no-cache

02:15:10.146 [AsyncHttpClient-1-5] DEBUG org.asynchttpclient.netty.channel.ChannelManager - Adding key: http://localhost:43965 for channel [id: 0xdefe7e67, L:/127.0.0.1:50805 - R:localhost/127.0.0.1:43965]
02:15:10.154 [main] DEBUG net.serenitybdd.core.photography.Darkroom - Send negative for processing for target\site\serenity\208f4568a17452920c723be76a5654ada0dbfcaa4b9a8ef77e175606945f197f.png
02:15:10.154 [main] DEBUG net.thucydides.core.steps.StepInterceptor - STEP DONE: openPage
02:15:10.154 [Darkroom Processing Line] DEBUG net.serenitybdd.core.photography.DarkroomProcessingLine - Processing screenshot image in /var/screenshots/screenshot-18372062642297474777
02:15:10.154 [Darkroom Processing Line] DEBUG net.serenitybdd.core.photography.DarkroomProcessingLine - Saving screenshot to target\site\serenity\208f4568a17452920c723be76a5654ada0dbfcaa4b9a8ef77e175606945f197f.png
02:15:10.158 [Forwarding getPageSource on session a704637e67639ab815e4f26742f65ff2 to remote] DEBUG org.asynchttpclient.netty.request.NettyRequestSender - Using pooled Channel '[id: 0xdefe7e67, L:/127.0.0.1:50805 - R:localhost/127.0.0.1:43965]' for 'POST' to 'http://localhost:43965/session/a704637e67639ab815e4f26742f65ff2/execute/sync'
02:15:10.158 [Forwarding getPageSource on session a704637e67639ab815e4f26742f65ff2 to remote] DEBUG org.asynchttpclient.netty.request.NettyRequestSender - Using open Channel [id: 0xdefe7e67, L:/127.0.0.1:50805 - R:localhost/127.0.0.1:43965] for POST '/session/a704637e67639ab815e4f26742f65ff2/execute/sync'
02:15:10.172 [AsyncHttpClient-1-5] DEBUG org.asynchttpclient.netty.handler.HttpHandler - 

Request DefaultHttpRequest(decodeResult: success, version: HTTP/1.1)
POST /session/a704637e67639ab815e4f26742f65ff2/execute/sync HTTP/1.1
User-Agent: selenium/4.8.1 (java windows)
Content-Length: 176
Content-Type: application/json; charset=utf-8
host: localhost:43965
accept: */*

Response DefaultHttpResponse(decodeResult: success, version: HTTP/1.1)
HTTP/1.1 200 OK
Content-Length: 182088
Content-Type: application/json; charset=utf-8
cache-control: no-cache

02:15:10.173 [AsyncHttpClient-1-5] DEBUG org.asynchttpclient.netty.channel.ChannelManager - Adding key: http://localhost:43965 for channel [id: 0xdefe7e67, L:/127.0.0.1:50805 - R:localhost/127.0.0.1:43965]
02:15:10.183 [Forwarding getCurrentUrl on session a704637e67639ab815e4f26742f65ff2 to remote] DEBUG org.asynchttpclient.netty.request.NettyRequestSender - Using pooled Channel '[id: 0xdefe7e67, L:/127.0.0.1:50805 - R:localhost/127.0.0.1:43965]' for 'GET' to 'http://localhost:43965/session/a704637e67639ab815e4f26742f65ff2/url'
02:15:10.183 [Forwarding getCurrentUrl on session a704637e67639ab815e4f26742f65ff2 to remote] DEBUG org.asynchttpclient.netty.request.NettyRequestSender - Using open Channel [id: 0xdefe7e67, L:/127.0.0.1:50805 - R:localhost/127.0.0.1:43965] for GET '/session/a704637e67639ab815e4f26742f65ff2/url'
02:15:10.186 [AsyncHttpClient-1-5] DEBUG org.asynchttpclient.netty.handler.HttpHandler - 

Request DefaultFullHttpRequest(decodeResult: success, version: HTTP/1.1, content: EmptyByteBufBE)
GET /session/a704637e67639ab815e4f26742f65ff2/url HTTP/1.1
User-Agent: selenium/4.8.1 (java windows)
Cache-Control: no-cache
Content-Type: application/json; charset=utf-8
host: localhost:43965
accept: */*

Response DefaultHttpResponse(decodeResult: success, version: HTTP/1.1)
HTTP/1.1 200 OK
Content-Length: 36
Content-Type: application/json; charset=utf-8
cache-control: no-cache

02:15:10.186 [AsyncHttpClient-1-5] DEBUG org.asynchttpclient.netty.channel.ChannelManager - Adding key: http://localhost:43965 for channel [id: 0xdefe7e67, L:/127.0.0.1:50805 - R:localhost/127.0.0.1:43965]
02:15:10.188 [main] DEBUG net.thucydides.core.steps.StepInterceptor - STARTING STEP: LoginSteps.onTheLoginPage - validateOnLoginPage
02:15:10.190 [Forwarding findElement on session a704637e67639ab815e4f26742f65ff2 to remote] DEBUG org.asynchttpclient.netty.request.NettyRequestSender - Using pooled Channel '[id: 0xdefe7e67, L:/127.0.0.1:50805 - R:localhost/127.0.0.1:43965]' for 'POST' to 'http://localhost:43965/session/a704637e67639ab815e4f26742f65ff2/element'
02:15:10.190 [Forwarding findElement on session a704637e67639ab815e4f26742f65ff2 to remote] DEBUG org.asynchttpclient.netty.request.NettyRequestSender - Using open Channel [id: 0xdefe7e67, L:/127.0.0.1:50805 - R:localhost/127.0.0.1:43965] for POST '/session/a704637e67639ab815e4f26742f65ff2/element'
02:15:10.198 [AsyncHttpClient-1-5] DEBUG org.asynchttpclient.netty.handler.HttpHandler - 

Request DefaultHttpRequest(decodeResult: success, version: HTTP/1.1)
POST /session/a704637e67639ab815e4f26742f65ff2/element HTTP/1.1
User-Agent: selenium/4.8.1 (java windows)
Content-Length: 62
Content-Type: application/json; charset=utf-8
host: localhost:43965
accept: */*

Response DefaultHttpResponse(decodeResult: success, version: HTTP/1.1)
HTTP/1.1 200 OK
Content-Length: 88
Content-Type: application/json; charset=utf-8
cache-control: no-cache

02:15:10.198 [AsyncHttpClient-1-5] DEBUG org.asynchttpclient.netty.channel.ChannelManager - Adding key: http://localhost:43965 for channel [id: 0xdefe7e67, L:/127.0.0.1:50805 - R:localhost/127.0.0.1:43965]
02:15:10.200 [Forwarding isElementDisplayed on session a704637e67639ab815e4f26742f65ff2 to remote] DEBUG org.asynchttpclient.netty.request.NettyRequestSender - Using pooled Channel '[id: 0xdefe7e67, L:/127.0.0.1:50805 - R:localhost/127.0.0.1:43965]' for 'POST' to 'http://localhost:43965/session/a704637e67639ab815e4f26742f65ff2/execute/sync'
02:15:10.201 [Forwarding isElementDisplayed on session a704637e67639ab815e4f26742f65ff2 to remote] DEBUG org.asynchttpclient.netty.request.NettyRequestSender - Using open Channel [id: 0xdefe7e67, L:/127.0.0.1:50805 - R:localhost/127.0.0.1:43965] for POST '/session/a704637e67639ab815e4f26742f65ff2/execute/sync'
02:15:10.211 [AsyncHttpClient-1-5] DEBUG org.asynchttpclient.netty.handler.HttpHandler - 

Request DefaultHttpRequest(decodeResult: success, version: HTTP/1.1)
POST /session/a704637e67639ab815e4f26742f65ff2/execute/sync HTTP/1.1
User-Agent: selenium/4.8.1 (java windows)
Content-Length: 48807
Content-Type: application/json; charset=utf-8
host: localhost:43965
accept: */*

Response DefaultHttpResponse(decodeResult: success, version: HTTP/1.1)
HTTP/1.1 200 OK
Content-Length: 14
Content-Type: application/json; charset=utf-8
cache-control: no-cache

02:15:10.211 [AsyncHttpClient-1-5] DEBUG org.asynchttpclient.netty.channel.ChannelManager - Adding key: http://localhost:43965 for channel [id: 0xdefe7e67, L:/127.0.0.1:50805 - R:localhost/127.0.0.1:43965]
02:15:10.214 [Forwarding getAlertText on session a704637e67639ab815e4f26742f65ff2 to remote] DEBUG org.asynchttpclient.netty.request.NettyRequestSender - Using pooled Channel '[id: 0xdefe7e67, L:/127.0.0.1:50805 - R:localhost/127.0.0.1:43965]' for 'GET' to 'http://localhost:43965/session/a704637e67639ab815e4f26742f65ff2/alert/text'
02:15:10.214 [Forwarding getAlertText on session a704637e67639ab815e4f26742f65ff2 to remote] DEBUG org.asynchttpclient.netty.request.NettyRequestSender - Using open Channel [id: 0xdefe7e67, L:/127.0.0.1:50805 - R:localhost/127.0.0.1:43965] for GET '/session/a704637e67639ab815e4f26742f65ff2/alert/text'
02:15:10.216 [AsyncHttpClient-1-5] DEBUG org.asynchttpclient.netty.handler.HttpHandler - 

Request DefaultFullHttpRequest(decodeResult: success, version: HTTP/1.1, content: EmptyByteBufBE)
GET /session/a704637e67639ab815e4f26742f65ff2/alert/text HTTP/1.1
User-Agent: selenium/4.8.1 (java windows)
Cache-Control: no-cache
Content-Type: application/json; charset=utf-8
host: localhost:43965
accept: */*

Response DefaultHttpResponse(decodeResult: success, version: HTTP/1.1)
HTTP/1.1 404 Not Found
Content-Length: 835
Content-Type: application/json; charset=utf-8
cache-control: no-cache

02:15:10.216 [AsyncHttpClient-1-5] DEBUG org.asynchttpclient.netty.channel.ChannelManager - Adding key: http://localhost:43965 for channel [id: 0xdefe7e67, L:/127.0.0.1:50805 - R:localhost/127.0.0.1:43965]
02:15:10.217 [Forwarding getCurrentUrl on session a704637e67639ab815e4f26742f65ff2 to remote] DEBUG org.asynchttpclient.netty.request.NettyRequestSender - Using pooled Channel '[id: 0xdefe7e67, L:/127.0.0.1:50805 - R:localhost/127.0.0.1:43965]' for 'GET' to 'http://localhost:43965/session/a704637e67639ab815e4f26742f65ff2/url'
02:15:10.217 [Forwarding getCurrentUrl on session a704637e67639ab815e4f26742f65ff2 to remote] DEBUG org.asynchttpclient.netty.request.NettyRequestSender - Using open Channel [id: 0xdefe7e67, L:/127.0.0.1:50805 - R:localhost/127.0.0.1:43965] for GET '/session/a704637e67639ab815e4f26742f65ff2/url'
02:15:10.220 [AsyncHttpClient-1-5] DEBUG org.asynchttpclient.netty.handler.HttpHandler - 

Request DefaultFullHttpRequest(decodeResult: success, version: HTTP/1.1, content: EmptyByteBufBE)
GET /session/a704637e67639ab815e4f26742f65ff2/url HTTP/1.1
User-Agent: selenium/4.8.1 (java windows)
Cache-Control: no-cache
Content-Type: application/json; charset=utf-8
host: localhost:43965
accept: */*

Response DefaultHttpResponse(decodeResult: success, version: HTTP/1.1)
HTTP/1.1 200 OK
Content-Length: 36
Content-Type: application/json; charset=utf-8
cache-control: no-cache

02:15:10.220 [AsyncHttpClient-1-5] DEBUG org.asynchttpclient.netty.channel.ChannelManager - Adding key: http://localhost:43965 for channel [id: 0xdefe7e67, L:/127.0.0.1:50805 - R:localhost/127.0.0.1:43965]
02:15:10.221 [Forwarding screenshot on session a704637e67639ab815e4f26742f65ff2 to remote] DEBUG org.asynchttpclient.netty.request.NettyRequestSender - Using pooled Channel '[id: 0xdefe7e67, L:/127.0.0.1:50805 - R:localhost/127.0.0.1:43965]' for 'GET' to 'http://localhost:43965/session/a704637e67639ab815e4f26742f65ff2/screenshot'
02:15:10.221 [Forwarding screenshot on session a704637e67639ab815e4f26742f65ff2 to remote] DEBUG org.asynchttpclient.netty.request.NettyRequestSender - Using open Channel [id: 0xdefe7e67, L:/127.0.0.1:50805 - R:localhost/127.0.0.1:43965] for GET '/session/a704637e67639ab815e4f26742f65ff2/screenshot'
02:15:10.386 [AsyncHttpClient-1-5] DEBUG org.asynchttpclient.netty.handler.HttpHandler - 

Request DefaultFullHttpRequest(decodeResult: success, version: HTTP/1.1, content: EmptyByteBufBE)
GET /session/a704637e67639ab815e4f26742f65ff2/screenshot HTTP/1.1
User-Agent: selenium/4.8.1 (java windows)
Cache-Control: no-cache
Content-Type: application/json; charset=utf-8
host: localhost:43965
accept: */*

Response DefaultHttpResponse(decodeResult: success, version: HTTP/1.1)
HTTP/1.1 200 OK
Content-Length: 528708
Content-Type: application/json; charset=utf-8
cache-control: no-cache

02:15:10.387 [AsyncHttpClient-1-5] DEBUG org.asynchttpclient.netty.channel.ChannelManager - Adding key: http://localhost:43965 for channel [id: 0xdefe7e67, L:/127.0.0.1:50805 - R:localhost/127.0.0.1:43965]
02:15:10.394 [main] DEBUG net.serenitybdd.core.photography.Darkroom - Send negative for processing for target\site\serenity\208f4568a17452920c723be76a5654ada0dbfcaa4b9a8ef77e175606945f197f.png
02:15:10.394 [main] DEBUG net.thucydides.core.steps.StepInterceptor - STEP DONE: validateOnLoginPage
  &amp#27;[32mGiven &amp#27;[0m&amp#27;[32mI am on the Sepulsa login page&amp#27;[0m  &amp#27;[90m# starter.stepdefintions.LoginSteps.onTheLoginPage()&amp#27;[0m
02:15:10.401 [Forwarding getPageSource on session a704637e67639ab815e4f26742f65ff2 to remote] DEBUG org.asynchttpclient.netty.request.NettyRequestSender - Using pooled Channel '[id: 0xdefe7e67, L:/127.0.0.1:50805 - R:localhost/127.0.0.1:43965]' for 'POST' to 'http://localhost:43965/session/a704637e67639ab815e4f26742f65ff2/execute/sync'
02:15:10.401 [Forwarding getPageSource on session a704637e67639ab815e4f26742f65ff2 to remote] DEBUG org.asynchttpclient.netty.request.NettyRequestSender - Using open Channel [id: 0xdefe7e67, L:/127.0.0.1:50805 - R:localhost/127.0.0.1:43965] for POST '/session/a704637e67639ab815e4f26742f65ff2/execute/sync'
02:15:10.415 [AsyncHttpClient-1-5] DEBUG org.asynchttpclient.netty.handler.HttpHandler - 

Request DefaultHttpRequest(decodeResult: success, version: HTTP/1.1)
POST /session/a704637e67639ab815e4f26742f65ff2/execute/sync HTTP/1.1
User-Agent: selenium/4.8.1 (java windows)
Content-Length: 176
Content-Type: application/json; charset=utf-8
host: localhost:43965
accept: */*

Response DefaultHttpResponse(decodeResult: success, version: HTTP/1.1)
HTTP/1.1 200 OK
Content-Length: 182088
Content-Type: application/json; charset=utf-8
cache-control: no-cache

02:15:10.415 [AsyncHttpClient-1-5] DEBUG org.asynchttpclient.netty.channel.ChannelManager - Adding key: http://localhost:43965 for channel [id: 0xdefe7e67, L:/127.0.0.1:50805 - R:localhost/127.0.0.1:43965]
02:15:10.432 [Forwarding getCurrentUrl on session a704637e67639ab815e4f26742f65ff2 to remote] DEBUG org.asynchttpclient.netty.request.NettyRequestSender - Using pooled Channel '[id: 0xdefe7e67, L:/127.0.0.1:50805 - R:localhost/127.0.0.1:43965]' for 'GET' to 'http://localhost:43965/session/a704637e67639ab815e4f26742f65ff2/url'
02:15:10.432 [Forwarding getCurrentUrl on session a704637e67639ab815e4f26742f65ff2 to remote] DEBUG org.asynchttpclient.netty.request.NettyRequestSender - Using open Channel [id: 0xdefe7e67, L:/127.0.0.1:50805 - R:localhost/127.0.0.1:43965] for GET '/session/a704637e67639ab815e4f26742f65ff2/url'
02:15:10.436 [AsyncHttpClient-1-5] DEBUG org.asynchttpclient.netty.handler.HttpHandler - 

Request DefaultFullHttpRequest(decodeResult: success, version: HTTP/1.1, content: EmptyByteBufBE)
GET /session/a704637e67639ab815e4f26742f65ff2/url HTTP/1.1
User-Agent: selenium/4.8.1 (java windows)
Cache-Control: no-cache
Content-Type: application/json; charset=utf-8
host: localhost:43965
accept: */*

Response DefaultHttpResponse(decodeResult: success, version: HTTP/1.1)
HTTP/1.1 200 OK
Content-Length: 36
Content-Type: application/json; charset=utf-8
cache-control: no-cache

02:15:10.436 [AsyncHttpClient-1-5] DEBUG org.asynchttpclient.netty.channel.ChannelManager - Adding key: http://localhost:43965 for channel [id: 0xdefe7e67, L:/127.0.0.1:50805 - R:localhost/127.0.0.1:43965]
02:15:10.445 [Forwarding getAlertText on session a704637e67639ab815e4f26742f65ff2 to remote] DEBUG org.asynchttpclient.netty.request.NettyRequestSender - Using pooled Channel '[id: 0xdefe7e67, L:/127.0.0.1:50805 - R:localhost/127.0.0.1:43965]' for 'GET' to 'http://localhost:43965/session/a704637e67639ab815e4f26742f65ff2/alert/text'
02:15:10.445 [Forwarding getAlertText on session a704637e67639ab815e4f26742f65ff2 to remote] DEBUG org.asynchttpclient.netty.request.NettyRequestSender - Using open Channel [id: 0xdefe7e67, L:/127.0.0.1:50805 - R:localhost/127.0.0.1:43965] for GET '/session/a704637e67639ab815e4f26742f65ff2/alert/text'
02:15:10.446 [AsyncHttpClient-1-5] DEBUG org.asynchttpclient.netty.handler.HttpHandler - 

Request DefaultFullHttpRequest(decodeResult: success, version: HTTP/1.1, content: EmptyByteBufBE)
GET /session/a704637e67639ab815e4f26742f65ff2/alert/text HTTP/1.1
User-Agent: selenium/4.8.1 (java windows)
Cache-Control: no-cache
Content-Type: application/json; charset=utf-8
host: localhost:43965
accept: */*

Response DefaultHttpResponse(decodeResult: success, version: HTTP/1.1)
HTTP/1.1 404 Not Found
Content-Length: 835
Content-Type: application/json; charset=utf-8
cache-control: no-cache

02:15:10.446 [AsyncHttpClient-1-5] DEBUG org.asynchttpclient.netty.channel.ChannelManager - Adding key: http://localhost:43965 for channel [id: 0xdefe7e67, L:/127.0.0.1:50805 - R:localhost/127.0.0.1:43965]
02:15:10.447 [Forwarding getCurrentUrl on session a704637e67639ab815e4f26742f65ff2 to remote] DEBUG org.asynchttpclient.netty.request.NettyRequestSender - Using pooled Channel '[id: 0xdefe7e67, L:/127.0.0.1:50805 - R:localhost/127.0.0.1:43965]' for 'GET' to 'http://localhost:43965/session/a704637e67639ab815e4f26742f65ff2/url'
02:15:10.448 [Forwarding getCurrentUrl on session a704637e67639ab815e4f26742f65ff2 to remote] DEBUG org.asynchttpclient.netty.request.NettyRequestSender - Using open Channel [id: 0xdefe7e67, L:/127.0.0.1:50805 - R:localhost/127.0.0.1:43965] for GET '/session/a704637e67639ab815e4f26742f65ff2/url'
02:15:10.451 [AsyncHttpClient-1-5] DEBUG org.asynchttpclient.netty.handler.HttpHandler - 

Request DefaultFullHttpRequest(decodeResult: success, version: HTTP/1.1, content: EmptyByteBufBE)
GET /session/a704637e67639ab815e4f26742f65ff2/url HTTP/1.1
User-Agent: selenium/4.8.1 (java windows)
Cache-Control: no-cache
Content-Type: application/json; charset=utf-8
host: localhost:43965
accept: */*

Response DefaultHttpResponse(decodeResult: success, version: HTTP/1.1)
HTTP/1.1 200 OK
Content-Length: 36
Content-Type: application/json; charset=utf-8
cache-control: no-cache

02:15:10.452 [AsyncHttpClient-1-5] DEBUG org.asynchttpclient.netty.channel.ChannelManager - Adding key: http://localhost:43965 for channel [id: 0xdefe7e67, L:/127.0.0.1:50805 - R:localhost/127.0.0.1:43965]
02:15:10.453 [Forwarding screenshot on session a704637e67639ab815e4f26742f65ff2 to remote] DEBUG org.asynchttpclient.netty.request.NettyRequestSender - Using pooled Channel '[id: 0xdefe7e67, L:/127.0.0.1:50805 - R:localhost/127.0.0.1:43965]' for 'GET' to 'http://localhost:43965/session/a704637e67639ab815e4f26742f65ff2/screenshot'
02:15:10.453 [Forwarding screenshot on session a704637e67639ab815e4f26742f65ff2 to remote] DEBUG org.asynchttpclient.netty.request.NettyRequestSender - Using open Channel [id: 0xdefe7e67, L:/127.0.0.1:50805 - R:localhost/127.0.0.1:43965] for GET '/session/a704637e67639ab815e4f26742f65ff2/screenshot'
02:15:10.619 [AsyncHttpClient-1-5] DEBUG org.asynchttpclient.netty.handler.HttpHandler - 

Request DefaultFullHttpRequest(decodeResult: success, version: HTTP/1.1, content: EmptyByteBufBE)
GET /session/a704637e67639ab815e4f26742f65ff2/screenshot HTTP/1.1
User-Agent: selenium/4.8.1 (java windows)
Cache-Control: no-cache
Content-Type: application/json; charset=utf-8
host: localhost:43965
accept: */*

Response DefaultHttpResponse(decodeResult: success, version: HTTP/1.1)
HTTP/1.1 200 OK
Content-Length: 528708
Content-Type: application/json; charset=utf-8
cache-control: no-cache

02:15:10.621 [AsyncHttpClient-1-5] DEBUG org.asynchttpclient.netty.channel.ChannelManager - Adding key: http://localhost:43965 for channel [id: 0xdefe7e67, L:/127.0.0.1:50805 - R:localhost/127.0.0.1:43965]
02:15:10.628 [main] DEBUG net.serenitybdd.core.photography.Darkroom - Send negative for processing for target\site\serenity\208f4568a17452920c723be76a5654ada0dbfcaa4b9a8ef77e175606945f197f.png
02:15:10.629 [Forwarding getPageSource on session a704637e67639ab815e4f26742f65ff2 to remote] DEBUG org.asynchttpclient.netty.request.NettyRequestSender - Using pooled Channel '[id: 0xdefe7e67, L:/127.0.0.1:50805 - R:localhost/127.0.0.1:43965]' for 'POST' to 'http://localhost:43965/session/a704637e67639ab815e4f26742f65ff2/execute/sync'
02:15:10.629 [Forwarding getPageSource on session a704637e67639ab815e4f26742f65ff2 to remote] DEBUG org.asynchttpclient.netty.request.NettyRequestSender - Using open Channel [id: 0xdefe7e67, L:/127.0.0.1:50805 - R:localhost/127.0.0.1:43965] for POST '/session/a704637e67639ab815e4f26742f65ff2/execute/sync'
02:15:10.643 [AsyncHttpClient-1-5] DEBUG org.asynchttpclient.netty.handler.HttpHandler - 

Request DefaultHttpRequest(decodeResult: success, version: HTTP/1.1)
POST /session/a704637e67639ab815e4f26742f65ff2/execute/sync HTTP/1.1
User-Agent: selenium/4.8.1 (java windows)
Content-Length: 176
Content-Type: application/json; charset=utf-8
host: localhost:43965
accept: */*

Response DefaultHttpResponse(decodeResult: success, version: HTTP/1.1)
HTTP/1.1 200 OK
Content-Length: 182088
Content-Type: application/json; charset=utf-8
cache-control: no-cache

02:15:10.644 [AsyncHttpClient-1-5] DEBUG org.asynchttpclient.netty.channel.ChannelManager - Adding key: http://localhost:43965 for channel [id: 0xdefe7e67, L:/127.0.0.1:50805 - R:localhost/127.0.0.1:43965]
02:15:10.652 [Forwarding getCurrentUrl on session a704637e67639ab815e4f26742f65ff2 to remote] DEBUG org.asynchttpclient.netty.request.NettyRequestSender - Using pooled Channel '[id: 0xdefe7e67, L:/127.0.0.1:50805 - R:localhost/127.0.0.1:43965]' for 'GET' to 'http://localhost:43965/session/a704637e67639ab815e4f26742f65ff2/url'
02:15:10.652 [Forwarding getCurrentUrl on session a704637e67639ab815e4f26742f65ff2 to remote] DEBUG org.asynchttpclient.netty.request.NettyRequestSender - Using open Channel [id: 0xdefe7e67, L:/127.0.0.1:50805 - R:localhost/127.0.0.1:43965] for GET '/session/a704637e67639ab815e4f26742f65ff2/url'
02:15:10.655 [AsyncHttpClient-1-5] DEBUG org.asynchttpclient.netty.handler.HttpHandler - 

Request DefaultFullHttpRequest(decodeResult: success, version: HTTP/1.1, content: EmptyByteBufBE)
GET /session/a704637e67639ab815e4f26742f65ff2/url HTTP/1.1
User-Agent: selenium/4.8.1 (java windows)
Cache-Control: no-cache
Content-Type: application/json; charset=utf-8
host: localhost:43965
accept: */*

Response DefaultHttpResponse(decodeResult: success, version: HTTP/1.1)
HTTP/1.1 200 OK
Content-Length: 36
Content-Type: application/json; charset=utf-8
cache-control: no-cache

02:15:10.656 [AsyncHttpClient-1-5] DEBUG org.asynchttpclient.netty.channel.ChannelManager - Adding key: http://localhost:43965 for channel [id: 0xdefe7e67, L:/127.0.0.1:50805 - R:localhost/127.0.0.1:43965]
02:15:10.657 [AsyncHttpClient-1-1] DEBUG org.asynchttpclient.netty.channel.DefaultChannelPool - Entry count for : http://localhost:43965 : 1
02:15:10.657 [AsyncHttpClient-1-1] DEBUG org.asynchttpclient.netty.channel.DefaultChannelPool - Entry count for : http://localhost:50806 : 1
02:15:10.658 [main] DEBUG net.thucydides.core.steps.StepInterceptor - STARTING STEP: LoginSteps.clickLoginButton - clickLoginButton
02:15:10.660 [Forwarding findElement on session a704637e67639ab815e4f26742f65ff2 to remote] DEBUG org.asynchttpclient.netty.request.NettyRequestSender - Using pooled Channel '[id: 0xdefe7e67, L:/127.0.0.1:50805 - R:localhost/127.0.0.1:43965]' for 'POST' to 'http://localhost:43965/session/a704637e67639ab815e4f26742f65ff2/element'
02:15:10.660 [Forwarding findElement on session a704637e67639ab815e4f26742f65ff2 to remote] DEBUG org.asynchttpclient.netty.request.NettyRequestSender - Using open Channel [id: 0xdefe7e67, L:/127.0.0.1:50805 - R:localhost/127.0.0.1:43965] for POST '/session/a704637e67639ab815e4f26742f65ff2/element'
02:15:10.667 [AsyncHttpClient-1-5] DEBUG org.asynchttpclient.netty.handler.HttpHandler - 

Request DefaultHttpRequest(decodeResult: success, version: HTTP/1.1)
POST /session/a704637e67639ab815e4f26742f65ff2/element HTTP/1.1
User-Agent: selenium/4.8.1 (java windows)
Content-Length: 62
Content-Type: application/json; charset=utf-8
host: localhost:43965
accept: */*

Response DefaultHttpResponse(decodeResult: success, version: HTTP/1.1)
HTTP/1.1 200 OK
Content-Length: 88
Content-Type: application/json; charset=utf-8
cache-control: no-cache

02:15:10.667 [AsyncHttpClient-1-5] DEBUG org.asynchttpclient.netty.channel.ChannelManager - Adding key: http://localhost:43965 for channel [id: 0xdefe7e67, L:/127.0.0.1:50805 - R:localhost/127.0.0.1:43965]
02:15:10.668 [Forwarding getElementTagName on session a704637e67639ab815e4f26742f65ff2 to remote] DEBUG org.asynchttpclient.netty.request.NettyRequestSender - Using pooled Channel '[id: 0xdefe7e67, L:/127.0.0.1:50805 - R:localhost/127.0.0.1:43965]' for 'GET' to 'http://localhost:43965/session/a704637e67639ab815e4f26742f65ff2/element/ab4bd8fe-7c03-4d02-8a7a-4276ad83b230/name'
02:15:10.668 [Forwarding getElementTagName on session a704637e67639ab815e4f26742f65ff2 to remote] DEBUG org.asynchttpclient.netty.request.NettyRequestSender - Using open Channel [id: 0xdefe7e67, L:/127.0.0.1:50805 - R:localhost/127.0.0.1:43965] for GET '/session/a704637e67639ab815e4f26742f65ff2/element/ab4bd8fe-7c03-4d02-8a7a-4276ad83b230/name'
02:15:10.672 [AsyncHttpClient-1-5] DEBUG org.asynchttpclient.netty.handler.HttpHandler - 

Request DefaultFullHttpRequest(decodeResult: success, version: HTTP/1.1, content: EmptyByteBufBE)
GET /session/a704637e67639ab815e4f26742f65ff2/element/ab4bd8fe-7c03-4d02-8a7a-4276ad83b230/name HTTP/1.1
User-Agent: selenium/4.8.1 (java windows)
Cache-Control: no-cache
Content-Type: application/json; charset=utf-8
host: localhost:43965
accept: */*

Response DefaultHttpResponse(decodeResult: success, version: HTTP/1.1)
HTTP/1.1 200 OK
Content-Length: 16
Content-Type: application/json; charset=utf-8
cache-control: no-cache

02:15:10.672 [AsyncHttpClient-1-5] DEBUG org.asynchttpclient.netty.channel.ChannelManager - Adding key: http://localhost:43965 for channel [id: 0xdefe7e67, L:/127.0.0.1:50805 - R:localhost/127.0.0.1:43965]
02:15:10.673 [Forwarding getElementTagName on session a704637e67639ab815e4f26742f65ff2 to remote] DEBUG org.asynchttpclient.netty.request.NettyRequestSender - Using pooled Channel '[id: 0xdefe7e67, L:/127.0.0.1:50805 - R:localhost/127.0.0.1:43965]' for 'GET' to 'http://localhost:43965/session/a704637e67639ab815e4f26742f65ff2/element/ab4bd8fe-7c03-4d02-8a7a-4276ad83b230/name'
02:15:10.674 [Forwarding getElementTagName on session a704637e67639ab815e4f26742f65ff2 to remote] DEBUG org.asynchttpclient.netty.request.NettyRequestSender - Using open Channel [id: 0xdefe7e67, L:/127.0.0.1:50805 - R:localhost/127.0.0.1:43965] for GET '/session/a704637e67639ab815e4f26742f65ff2/element/ab4bd8fe-7c03-4d02-8a7a-4276ad83b230/name'
02:15:10.677 [AsyncHttpClient-1-5] DEBUG org.asynchttpclient.netty.handler.HttpHandler - 

Request DefaultFullHttpRequest(decodeResult: success, version: HTTP/1.1, content: EmptyByteBufBE)
GET /session/a704637e67639ab815e4f26742f65ff2/element/ab4bd8fe-7c03-4d02-8a7a-4276ad83b230/name HTTP/1.1
User-Agent: selenium/4.8.1 (java windows)
Cache-Control: no-cache
Content-Type: application/json; charset=utf-8
host: localhost:43965
accept: */*

Response DefaultHttpResponse(decodeResult: success, version: HTTP/1.1)
HTTP/1.1 200 OK
Content-Length: 16
Content-Type: application/json; charset=utf-8
cache-control: no-cache

02:15:10.677 [AsyncHttpClient-1-5] DEBUG org.asynchttpclient.netty.channel.ChannelManager - Adding key: http://localhost:43965 for channel [id: 0xdefe7e67, L:/127.0.0.1:50805 - R:localhost/127.0.0.1:43965]
02:15:10.678 [Forwarding findElement on session a704637e67639ab815e4f26742f65ff2 to remote] DEBUG org.asynchttpclient.netty.request.NettyRequestSender - Using pooled Channel '[id: 0xdefe7e67, L:/127.0.0.1:50805 - R:localhost/127.0.0.1:43965]' for 'POST' to 'http://localhost:43965/session/a704637e67639ab815e4f26742f65ff2/element'
02:15:10.678 [Forwarding findElement on session a704637e67639ab815e4f26742f65ff2 to remote] DEBUG org.asynchttpclient.netty.request.NettyRequestSender - Using open Channel [id: 0xdefe7e67, L:/127.0.0.1:50805 - R:localhost/127.0.0.1:43965] for POST '/session/a704637e67639ab815e4f26742f65ff2/element'
02:15:10.683 [AsyncHttpClient-1-5] DEBUG org.asynchttpclient.netty.handler.HttpHandler - 

Request DefaultHttpRequest(decodeResult: success, version: HTTP/1.1)
POST /session/a704637e67639ab815e4f26742f65ff2/element HTTP/1.1
User-Agent: selenium/4.8.1 (java windows)
Content-Length: 62
Content-Type: application/json; charset=utf-8
host: localhost:43965
accept: */*

Response DefaultHttpResponse(decodeResult: success, version: HTTP/1.1)
HTTP/1.1 200 OK
Content-Length: 88
Content-Type: application/json; charset=utf-8
cache-control: no-cache

02:15:10.684 [AsyncHttpClient-1-5] DEBUG org.asynchttpclient.netty.channel.ChannelManager - Adding key: http://localhost:43965 for channel [id: 0xdefe7e67, L:/127.0.0.1:50805 - R:localhost/127.0.0.1:43965]
02:15:10.685 [Forwarding clickElement on session a704637e67639ab815e4f26742f65ff2 to remote] DEBUG org.asynchttpclient.netty.request.NettyRequestSender - Using pooled Channel '[id: 0xdefe7e67, L:/127.0.0.1:50805 - R:localhost/127.0.0.1:43965]' for 'POST' to 'http://localhost:43965/session/a704637e67639ab815e4f26742f65ff2/element/ab4bd8fe-7c03-4d02-8a7a-4276ad83b230/click'
02:15:10.685 [Forwarding clickElement on session a704637e67639ab815e4f26742f65ff2 to remote] DEBUG org.asynchttpclient.netty.request.NettyRequestSender - Using open Channel [id: 0xdefe7e67, L:/127.0.0.1:50805 - R:localhost/127.0.0.1:43965] for POST '/session/a704637e67639ab815e4f26742f65ff2/element/ab4bd8fe-7c03-4d02-8a7a-4276ad83b230/click'
02:15:11.717 [AsyncHttpClient-1-5] DEBUG org.asynchttpclient.netty.handler.HttpHandler - 

Request DefaultHttpRequest(decodeResult: success, version: HTTP/1.1)
POST /session/a704637e67639ab815e4f26742f65ff2/element/ab4bd8fe-7c03-4d02-8a7a-4276ad83b230/click HTTP/1.1
User-Agent: selenium/4.8.1 (java windows)
Content-Length: 50
Content-Type: application/json; charset=utf-8
host: localhost:43965
accept: */*

Response DefaultHttpResponse(decodeResult: success, version: HTTP/1.1)
HTTP/1.1 400 Bad Request
Content-Length: 1188
Content-Type: application/json; charset=utf-8
cache-control: no-cache

02:15:11.717 [AsyncHttpClient-1-5] DEBUG org.asynchttpclient.netty.channel.ChannelManager - Adding key: http://localhost:43965 for channel [id: 0xdefe7e67, L:/127.0.0.1:50805 - R:localhost/127.0.0.1:43965]
02:15:11.748 [AsyncHttpClient-1-1] DEBUG org.asynchttpclient.netty.channel.DefaultChannelPool - Entry count for : http://localhost:43965 : 1
02:15:11.748 [AsyncHttpClient-1-1] DEBUG org.asynchttpclient.netty.channel.DefaultChannelPool - Entry count for : http://localhost:50806 : 1
02:15:11.970 [Forwarding clickElement on session a704637e67639ab815e4f26742f65ff2 to remote] DEBUG org.asynchttpclient.netty.request.NettyRequestSender - Using pooled Channel '[id: 0xdefe7e67, L:/127.0.0.1:50805 - R:localhost/127.0.0.1:43965]' for 'POST' to 'http://localhost:43965/session/a704637e67639ab815e4f26742f65ff2/element/ab4bd8fe-7c03-4d02-8a7a-4276ad83b230/click'
02:15:11.970 [Forwarding clickElement on session a704637e67639ab815e4f26742f65ff2 to remote] DEBUG org.asynchttpclient.netty.request.NettyRequestSender - Using open Channel [id: 0xdefe7e67, L:/127.0.0.1:50805 - R:localhost/127.0.0.1:43965] for POST '/session/a704637e67639ab815e4f26742f65ff2/element/ab4bd8fe-7c03-4d02-8a7a-4276ad83b230/click'
02:15:12.191 [AsyncHttpClient-1-5] DEBUG org.asynchttpclient.netty.handler.HttpHandler - 

Request DefaultHttpRequest(decodeResult: success, version: HTTP/1.1)
POST /session/a704637e67639ab815e4f26742f65ff2/element/ab4bd8fe-7c03-4d02-8a7a-4276ad83b230/click HTTP/1.1
User-Agent: selenium/4.8.1 (java windows)
Content-Length: 50
Content-Type: application/json; charset=utf-8
host: localhost:43965
accept: */*

Response DefaultHttpResponse(decodeResult: success, version: HTTP/1.1)
HTTP/1.1 200 OK
Content-Length: 14
Content-Type: application/json; charset=utf-8
cache-control: no-cache

02:15:12.191 [AsyncHttpClient-1-5] DEBUG org.asynchttpclient.netty.channel.ChannelManager - Adding key: http://localhost:43965 for channel [id: 0xdefe7e67, L:/127.0.0.1:50805 - R:localhost/127.0.0.1:43965]
02:15:12.198 [Forwarding getAlertText on session a704637e67639ab815e4f26742f65ff2 to remote] DEBUG org.asynchttpclient.netty.request.NettyRequestSender - Using pooled Channel '[id: 0xdefe7e67, L:/127.0.0.1:50805 - R:localhost/127.0.0.1:43965]' for 'GET' to 'http://localhost:43965/session/a704637e67639ab815e4f26742f65ff2/alert/text'
02:15:12.198 [Forwarding getAlertText on session a704637e67639ab815e4f26742f65ff2 to remote] DEBUG org.asynchttpclient.netty.request.NettyRequestSender - Using open Channel [id: 0xdefe7e67, L:/127.0.0.1:50805 - R:localhost/127.0.0.1:43965] for GET '/session/a704637e67639ab815e4f26742f65ff2/alert/text'
02:15:12.224 [AsyncHttpClient-1-5] DEBUG org.asynchttpclient.netty.handler.HttpHandler - 

Request DefaultFullHttpRequest(decodeResult: success, version: HTTP/1.1, content: EmptyByteBufBE)
GET /session/a704637e67639ab815e4f26742f65ff2/alert/text HTTP/1.1
User-Agent: selenium/4.8.1 (java windows)
Cache-Control: no-cache
Content-Type: application/json; charset=utf-8
host: localhost:43965
accept: */*

Response DefaultHttpResponse(decodeResult: success, version: HTTP/1.1)
HTTP/1.1 404 Not Found
Content-Length: 835
Content-Type: application/json; charset=utf-8
cache-control: no-cache

02:15:12.225 [AsyncHttpClient-1-5] DEBUG org.asynchttpclient.netty.channel.ChannelManager - Adding key: http://localhost:43965 for channel [id: 0xdefe7e67, L:/127.0.0.1:50805 - R:localhost/127.0.0.1:43965]
02:15:12.226 [Forwarding getCurrentUrl on session a704637e67639ab815e4f26742f65ff2 to remote] DEBUG org.asynchttpclient.netty.request.NettyRequestSender - Using pooled Channel '[id: 0xdefe7e67, L:/127.0.0.1:50805 - R:localhost/127.0.0.1:43965]' for 'GET' to 'http://localhost:43965/session/a704637e67639ab815e4f26742f65ff2/url'
02:15:12.226 [Forwarding getCurrentUrl on session a704637e67639ab815e4f26742f65ff2 to remote] DEBUG org.asynchttpclient.netty.request.NettyRequestSender - Using open Channel [id: 0xdefe7e67, L:/127.0.0.1:50805 - R:localhost/127.0.0.1:43965] for GET '/session/a704637e67639ab815e4f26742f65ff2/url'
02:15:12.231 [AsyncHttpClient-1-5] DEBUG org.asynchttpclient.netty.handler.HttpHandler - 

Request DefaultFullHttpRequest(decodeResult: success, version: HTTP/1.1, content: EmptyByteBufBE)
GET /session/a704637e67639ab815e4f26742f65ff2/url HTTP/1.1
User-Agent: selenium/4.8.1 (java windows)
Cache-Control: no-cache
Content-Type: application/json; charset=utf-8
host: localhost:43965
accept: */*

Response DefaultHttpResponse(decodeResult: success, version: HTTP/1.1)
HTTP/1.1 200 OK
Content-Length: 42
Content-Type: application/json; charset=utf-8
cache-control: no-cache

02:15:12.231 [AsyncHttpClient-1-5] DEBUG org.asynchttpclient.netty.channel.ChannelManager - Adding key: http://localhost:43965 for channel [id: 0xdefe7e67, L:/127.0.0.1:50805 - R:localhost/127.0.0.1:43965]
02:15:12.231 [Forwarding screenshot on session a704637e67639ab815e4f26742f65ff2 to remote] DEBUG org.asynchttpclient.netty.request.NettyRequestSender - Using pooled Channel '[id: 0xdefe7e67, L:/127.0.0.1:50805 - R:localhost/127.0.0.1:43965]' for 'GET' to 'http://localhost:43965/session/a704637e67639ab815e4f26742f65ff2/screenshot'
02:15:12.231 [Forwarding screenshot on session a704637e67639ab815e4f26742f65ff2 to remote] DEBUG org.asynchttpclient.netty.request.NettyRequestSender - Using open Channel [id: 0xdefe7e67, L:/127.0.0.1:50805 - R:localhost/127.0.0.1:43965] for GET '/session/a704637e67639ab815e4f26742f65ff2/screenshot'
02:15:12.406 [AsyncHttpClient-1-5] DEBUG org.asynchttpclient.netty.handler.HttpHandler - 

Request DefaultFullHttpRequest(decodeResult: success, version: HTTP/1.1, content: EmptyByteBufBE)
GET /session/a704637e67639ab815e4f26742f65ff2/screenshot HTTP/1.1
User-Agent: selenium/4.8.1 (java windows)
Cache-Control: no-cache
Content-Type: application/json; charset=utf-8
host: localhost:43965
accept: */*

Response DefaultHttpResponse(decodeResult: success, version: HTTP/1.1)
HTTP/1.1 200 OK
Content-Length: 255864
Content-Type: application/json; charset=utf-8
cache-control: no-cache

02:15:12.407 [AsyncHttpClient-1-5] DEBUG org.asynchttpclient.netty.channel.ChannelManager - Adding key: http://localhost:43965 for channel [id: 0xdefe7e67, L:/127.0.0.1:50805 - R:localhost/127.0.0.1:43965]
02:15:12.411 [main] DEBUG net.serenitybdd.core.photography.Darkroom - Send negative for processing for target\site\serenity\385bcadc27da1b2c4766a46f92f1b5bdc4e85f5718254a7d06d292689290915e.png
02:15:12.412 [main] DEBUG net.thucydides.core.steps.StepInterceptor - STEP DONE: clickLoginButton
  &amp#27;[32mWhen &amp#27;[0m&amp#27;[32mI click login button&amp#27;[0m             &amp#27;[90m# starter.stepdefintions.LoginSteps.clickLoginButton()&amp#27;[0m
02:15:12.418 [Forwarding getPageSource on session a704637e67639ab815e4f26742f65ff2 to remote] DEBUG org.asynchttpclient.netty.request.NettyRequestSender - Using pooled Channel '[id: 0xdefe7e67, L:/127.0.0.1:50805 - R:localhost/127.0.0.1:43965]' for 'POST' to 'http://localhost:43965/session/a704637e67639ab815e4f26742f65ff2/execute/sync'
02:15:12.418 [Forwarding getPageSource on session a704637e67639ab815e4f26742f65ff2 to remote] DEBUG org.asynchttpclient.netty.request.NettyRequestSender - Using open Channel [id: 0xdefe7e67, L:/127.0.0.1:50805 - R:localhost/127.0.0.1:43965] for POST '/session/a704637e67639ab815e4f26742f65ff2/execute/sync'
02:15:12.425 [AsyncHttpClient-1-5] DEBUG org.asynchttpclient.netty.handler.HttpHandler - 

Request DefaultHttpRequest(decodeResult: success, version: HTTP/1.1)
POST /session/a704637e67639ab815e4f26742f65ff2/execute/sync HTTP/1.1
User-Agent: selenium/4.8.1 (java windows)
Content-Length: 176
Content-Type: application/json; charset=utf-8
host: localhost:43965
accept: */*

Response DefaultHttpResponse(decodeResult: success, version: HTTP/1.1)
HTTP/1.1 200 OK
Content-Length: 96996
Content-Type: application/json; charset=utf-8
cache-control: no-cache

02:15:12.426 [AsyncHttpClient-1-5] DEBUG org.asynchttpclient.netty.channel.ChannelManager - Adding key: http://localhost:43965 for channel [id: 0xdefe7e67, L:/127.0.0.1:50805 - R:localhost/127.0.0.1:43965]
02:15:12.431 [Forwarding getCurrentUrl on session a704637e67639ab815e4f26742f65ff2 to remote] DEBUG org.asynchttpclient.netty.request.NettyRequestSender - Using pooled Channel '[id: 0xdefe7e67, L:/127.0.0.1:50805 - R:localhost/127.0.0.1:43965]' for 'GET' to 'http://localhost:43965/session/a704637e67639ab815e4f26742f65ff2/url'
02:15:12.431 [Forwarding getCurrentUrl on session a704637e67639ab815e4f26742f65ff2 to remote] DEBUG org.asynchttpclient.netty.request.NettyRequestSender - Using open Channel [id: 0xdefe7e67, L:/127.0.0.1:50805 - R:localhost/127.0.0.1:43965] for GET '/session/a704637e67639ab815e4f26742f65ff2/url'
02:15:12.433 [AsyncHttpClient-1-5] DEBUG org.asynchttpclient.netty.handler.HttpHandler - 

Request DefaultFullHttpRequest(decodeResult: success, version: HTTP/1.1, content: EmptyByteBufBE)
GET /session/a704637e67639ab815e4f26742f65ff2/url HTTP/1.1
User-Agent: selenium/4.8.1 (java windows)
Cache-Control: no-cache
Content-Type: application/json; charset=utf-8
host: localhost:43965
accept: */*

Response DefaultHttpResponse(decodeResult: success, version: HTTP/1.1)
HTTP/1.1 200 OK
Content-Length: 42
Content-Type: application/json; charset=utf-8
cache-control: no-cache

02:15:12.434 [AsyncHttpClient-1-5] DEBUG org.asynchttpclient.netty.channel.ChannelManager - Adding key: http://localhost:43965 for channel [id: 0xdefe7e67, L:/127.0.0.1:50805 - R:localhost/127.0.0.1:43965]
02:15:12.440 [Forwarding getPageSource on session a704637e67639ab815e4f26742f65ff2 to remote] DEBUG org.asynchttpclient.netty.request.NettyRequestSender - Using pooled Channel '[id: 0xdefe7e67, L:/127.0.0.1:50805 - R:localhost/127.0.0.1:43965]' for 'POST' to 'http://localhost:43965/session/a704637e67639ab815e4f26742f65ff2/execute/sync'
02:15:12.440 [Forwarding getPageSource on session a704637e67639ab815e4f26742f65ff2 to remote] DEBUG org.asynchttpclient.netty.request.NettyRequestSender - Using open Channel [id: 0xdefe7e67, L:/127.0.0.1:50805 - R:localhost/127.0.0.1:43965] for POST '/session/a704637e67639ab815e4f26742f65ff2/execute/sync'
02:15:12.448 [AsyncHttpClient-1-5] DEBUG org.asynchttpclient.netty.handler.HttpHandler - 

Request DefaultHttpRequest(decodeResult: success, version: HTTP/1.1)
POST /session/a704637e67639ab815e4f26742f65ff2/execute/sync HTTP/1.1
User-Agent: selenium/4.8.1 (java windows)
Content-Length: 176
Content-Type: application/json; charset=utf-8
host: localhost:43965
accept: */*

Response DefaultHttpResponse(decodeResult: success, version: HTTP/1.1)
HTTP/1.1 200 OK
Content-Length: 96996
Content-Type: application/json; charset=utf-8
cache-control: no-cache

02:15:12.448 [AsyncHttpClient-1-5] DEBUG org.asynchttpclient.netty.channel.ChannelManager - Adding key: http://localhost:43965 for channel [id: 0xdefe7e67, L:/127.0.0.1:50805 - R:localhost/127.0.0.1:43965]
02:15:12.453 [Forwarding getCurrentUrl on session a704637e67639ab815e4f26742f65ff2 to remote] DEBUG org.asynchttpclient.netty.request.NettyRequestSender - Using pooled Channel '[id: 0xdefe7e67, L:/127.0.0.1:50805 - R:localhost/127.0.0.1:43965]' for 'GET' to 'http://localhost:43965/session/a704637e67639ab815e4f26742f65ff2/url'
02:15:12.453 [Forwarding getCurrentUrl on session a704637e67639ab815e4f26742f65ff2 to remote] DEBUG org.asynchttpclient.netty.request.NettyRequestSender - Using open Channel [id: 0xdefe7e67, L:/127.0.0.1:50805 - R:localhost/127.0.0.1:43965] for GET '/session/a704637e67639ab815e4f26742f65ff2/url'
02:15:12.456 [AsyncHttpClient-1-5] DEBUG org.asynchttpclient.netty.handler.HttpHandler - 

Request DefaultFullHttpRequest(decodeResult: success, version: HTTP/1.1, content: EmptyByteBufBE)
GET /session/a704637e67639ab815e4f26742f65ff2/url HTTP/1.1
User-Agent: selenium/4.8.1 (java windows)
Cache-Control: no-cache
Content-Type: application/json; charset=utf-8
host: localhost:43965
accept: */*

Response DefaultHttpResponse(decodeResult: success, version: HTTP/1.1)
HTTP/1.1 200 OK
Content-Length: 42
Content-Type: application/json; charset=utf-8
cache-control: no-cache

02:15:12.456 [AsyncHttpClient-1-5] DEBUG org.asynchttpclient.netty.channel.ChannelManager - Adding key: http://localhost:43965 for channel [id: 0xdefe7e67, L:/127.0.0.1:50805 - R:localhost/127.0.0.1:43965]
02:15:12.458 [main] DEBUG net.thucydides.core.steps.StepInterceptor - STARTING STEP: LoginSteps.inputEmail - inputEmail
02:15:12.460 [Forwarding findElement on session a704637e67639ab815e4f26742f65ff2 to remote] DEBUG org.asynchttpclient.netty.request.NettyRequestSender - Using pooled Channel '[id: 0xdefe7e67, L:/127.0.0.1:50805 - R:localhost/127.0.0.1:43965]' for 'POST' to 'http://localhost:43965/session/a704637e67639ab815e4f26742f65ff2/element'
02:15:12.460 [Forwarding findElement on session a704637e67639ab815e4f26742f65ff2 to remote] DEBUG org.asynchttpclient.netty.request.NettyRequestSender - Using open Channel [id: 0xdefe7e67, L:/127.0.0.1:50805 - R:localhost/127.0.0.1:43965] for POST '/session/a704637e67639ab815e4f26742f65ff2/element'
02:15:12.468 [AsyncHttpClient-1-5] DEBUG org.asynchttpclient.netty.handler.HttpHandler - 

Request DefaultHttpRequest(decodeResult: success, version: HTTP/1.1)
POST /session/a704637e67639ab815e4f26742f65ff2/element HTTP/1.1
User-Agent: selenium/4.8.1 (java windows)
Content-Length: 50
Content-Type: application/json; charset=utf-8
host: localhost:43965
accept: */*

Response DefaultHttpResponse(decodeResult: success, version: HTTP/1.1)
HTTP/1.1 200 OK
Content-Length: 88
Content-Type: application/json; charset=utf-8
cache-control: no-cache

02:15:12.468 [AsyncHttpClient-1-5] DEBUG org.asynchttpclient.netty.channel.ChannelManager - Adding key: http://localhost:43965 for channel [id: 0xdefe7e67, L:/127.0.0.1:50805 - R:localhost/127.0.0.1:43965]
02:15:12.469 [Forwarding clearElement on session a704637e67639ab815e4f26742f65ff2 to remote] DEBUG org.asynchttpclient.netty.request.NettyRequestSender - Using pooled Channel '[id: 0xdefe7e67, L:/127.0.0.1:50805 - R:localhost/127.0.0.1:43965]' for 'POST' to 'http://localhost:43965/session/a704637e67639ab815e4f26742f65ff2/element/d41cbf36-193a-4615-bb37-0ad883a9fdb0/clear'
02:15:12.469 [Forwarding clearElement on session a704637e67639ab815e4f26742f65ff2 to remote] DEBUG org.asynchttpclient.netty.request.NettyRequestSender - Using open Channel [id: 0xdefe7e67, L:/127.0.0.1:50805 - R:localhost/127.0.0.1:43965] for POST '/session/a704637e67639ab815e4f26742f65ff2/element/d41cbf36-193a-4615-bb37-0ad883a9fdb0/clear'
02:15:12.494 [AsyncHttpClient-1-5] DEBUG org.asynchttpclient.netty.handler.HttpHandler - 

Request DefaultHttpRequest(decodeResult: success, version: HTTP/1.1)
POST /session/a704637e67639ab815e4f26742f65ff2/element/d41cbf36-193a-4615-bb37-0ad883a9fdb0/clear HTTP/1.1
User-Agent: selenium/4.8.1 (java windows)
Content-Length: 50
Content-Type: application/json; charset=utf-8
host: localhost:43965
accept: */*

Response DefaultHttpResponse(decodeResult: success, version: HTTP/1.1)
HTTP/1.1 200 OK
Content-Length: 14
Content-Type: application/json; charset=utf-8
cache-control: no-cache

02:15:12.494 [AsyncHttpClient-1-5] DEBUG org.asynchttpclient.netty.channel.ChannelManager - Adding key: http://localhost:43965 for channel [id: 0xdefe7e67, L:/127.0.0.1:50805 - R:localhost/127.0.0.1:43965]
02:15:12.496 [Forwarding sendKeysToElement on session a704637e67639ab815e4f26742f65ff2 to remote] DEBUG org.asynchttpclient.netty.request.NettyRequestSender - Using pooled Channel '[id: 0xdefe7e67, L:/127.0.0.1:50805 - R:localhost/127.0.0.1:43965]' for 'POST' to 'http://localhost:43965/session/a704637e67639ab815e4f26742f65ff2/element/d41cbf36-193a-4615-bb37-0ad883a9fdb0/value'
02:15:12.496 [Forwarding sendKeysToElement on session a704637e67639ab815e4f26742f65ff2 to remote] DEBUG org.asynchttpclient.netty.request.NettyRequestSender - Using open Channel [id: 0xdefe7e67, L:/127.0.0.1:50805 - R:localhost/127.0.0.1:43965] for POST '/session/a704637e67639ab815e4f26742f65ff2/element/d41cbf36-193a-4615-bb37-0ad883a9fdb0/value'
02:15:12.605 [AsyncHttpClient-1-5] DEBUG org.asynchttpclient.netty.handler.HttpHandler - 

Request DefaultHttpRequest(decodeResult: success, version: HTTP/1.1)
POST /session/a704637e67639ab815e4f26742f65ff2/element/d41cbf36-193a-4615-bb37-0ad883a9fdb0/value HTTP/1.1
User-Agent: selenium/4.8.1 (java windows)
Content-Length: 341
Content-Type: application/json; charset=utf-8
host: localhost:43965
accept: */*

Response DefaultHttpResponse(decodeResult: success, version: HTTP/1.1)
HTTP/1.1 200 OK
Content-Length: 14
Content-Type: application/json; charset=utf-8
cache-control: no-cache

02:15:12.605 [AsyncHttpClient-1-5] DEBUG org.asynchttpclient.netty.channel.ChannelManager - Adding key: http://localhost:43965 for channel [id: 0xdefe7e67, L:/127.0.0.1:50805 - R:localhost/127.0.0.1:43965]
02:15:12.610 [Forwarding getAlertText on session a704637e67639ab815e4f26742f65ff2 to remote] DEBUG org.asynchttpclient.netty.request.NettyRequestSender - Using pooled Channel '[id: 0xdefe7e67, L:/127.0.0.1:50805 - R:localhost/127.0.0.1:43965]' for 'GET' to 'http://localhost:43965/session/a704637e67639ab815e4f26742f65ff2/alert/text'
02:15:12.610 [Forwarding getAlertText on session a704637e67639ab815e4f26742f65ff2 to remote] DEBUG org.asynchttpclient.netty.request.NettyRequestSender - Using open Channel [id: 0xdefe7e67, L:/127.0.0.1:50805 - R:localhost/127.0.0.1:43965] for GET '/session/a704637e67639ab815e4f26742f65ff2/alert/text'
02:15:12.612 [AsyncHttpClient-1-5] DEBUG org.asynchttpclient.netty.handler.HttpHandler - 

Request DefaultFullHttpRequest(decodeResult: success, version: HTTP/1.1, content: EmptyByteBufBE)
GET /session/a704637e67639ab815e4f26742f65ff2/alert/text HTTP/1.1
User-Agent: selenium/4.8.1 (java windows)
Cache-Control: no-cache
Content-Type: application/json; charset=utf-8
host: localhost:43965
accept: */*

Response DefaultHttpResponse(decodeResult: success, version: HTTP/1.1)
HTTP/1.1 404 Not Found
Content-Length: 835
Content-Type: application/json; charset=utf-8
cache-control: no-cache

02:15:12.612 [AsyncHttpClient-1-5] DEBUG org.asynchttpclient.netty.channel.ChannelManager - Adding key: http://localhost:43965 for channel [id: 0xdefe7e67, L:/127.0.0.1:50805 - R:localhost/127.0.0.1:43965]
02:15:12.613 [Forwarding getCurrentUrl on session a704637e67639ab815e4f26742f65ff2 to remote] DEBUG org.asynchttpclient.netty.request.NettyRequestSender - Using pooled Channel '[id: 0xdefe7e67, L:/127.0.0.1:50805 - R:localhost/127.0.0.1:43965]' for 'GET' to 'http://localhost:43965/session/a704637e67639ab815e4f26742f65ff2/url'
02:15:12.613 [Forwarding getCurrentUrl on session a704637e67639ab815e4f26742f65ff2 to remote] DEBUG org.asynchttpclient.netty.request.NettyRequestSender - Using open Channel [id: 0xdefe7e67, L:/127.0.0.1:50805 - R:localhost/127.0.0.1:43965] for GET '/session/a704637e67639ab815e4f26742f65ff2/url'
02:15:12.616 [AsyncHttpClient-1-5] DEBUG org.asynchttpclient.netty.handler.HttpHandler - 

Request DefaultFullHttpRequest(decodeResult: success, version: HTTP/1.1, content: EmptyByteBufBE)
GET /session/a704637e67639ab815e4f26742f65ff2/url HTTP/1.1
User-Agent: selenium/4.8.1 (java windows)
Cache-Control: no-cache
Content-Type: application/json; charset=utf-8
host: localhost:43965
accept: */*

Response DefaultHttpResponse(decodeResult: success, version: HTTP/1.1)
HTTP/1.1 200 OK
Content-Length: 42
Content-Type: application/json; charset=utf-8
cache-control: no-cache

02:15:12.616 [AsyncHttpClient-1-5] DEBUG org.asynchttpclient.netty.channel.ChannelManager - Adding key: http://localhost:43965 for channel [id: 0xdefe7e67, L:/127.0.0.1:50805 - R:localhost/127.0.0.1:43965]
02:15:12.617 [Forwarding screenshot on session a704637e67639ab815e4f26742f65ff2 to remote] DEBUG org.asynchttpclient.netty.request.NettyRequestSender - Using pooled Channel '[id: 0xdefe7e67, L:/127.0.0.1:50805 - R:localhost/127.0.0.1:43965]' for 'GET' to 'http://localhost:43965/session/a704637e67639ab815e4f26742f65ff2/screenshot'
02:15:12.617 [Forwarding screenshot on session a704637e67639ab815e4f26742f65ff2 to remote] DEBUG org.asynchttpclient.netty.request.NettyRequestSender - Using open Channel [id: 0xdefe7e67, L:/127.0.0.1:50805 - R:localhost/127.0.0.1:43965] for GET '/session/a704637e67639ab815e4f26742f65ff2/screenshot'
02:15:12.745 [AsyncHttpClient-1-5] DEBUG org.asynchttpclient.netty.handler.HttpHandler - 

Request DefaultFullHttpRequest(decodeResult: success, version: HTTP/1.1, content: EmptyByteBufBE)
GET /session/a704637e67639ab815e4f26742f65ff2/screenshot HTTP/1.1
User-Agent: selenium/4.8.1 (java windows)
Cache-Control: no-cache
Content-Type: application/json; charset=utf-8
host: localhost:43965
accept: */*

Response DefaultHttpResponse(decodeResult: success, version: HTTP/1.1)
HTTP/1.1 200 OK
Content-Length: 259648
Content-Type: application/json; charset=utf-8
cache-control: no-cache

02:15:12.746 [AsyncHttpClient-1-5] DEBUG org.asynchttpclient.netty.channel.ChannelManager - Adding key: http://localhost:43965 for channel [id: 0xdefe7e67, L:/127.0.0.1:50805 - R:localhost/127.0.0.1:43965]
02:15:12.750 [main] DEBUG net.serenitybdd.core.photography.Darkroom - Send negative for processing for target\site\serenity\7a82f83bcdf5542b6ce61d59f8d8fa5c7e46775a10ea637079a54c23b6fd253f.png
02:15:12.750 [main] DEBUG net.thucydides.core.steps.StepInterceptor - STEP DONE: inputEmail
  &amp#27;[32mAnd &amp#27;[0m&amp#27;[32mI enter correct email&amp#27;[0m             &amp#27;[90m# starter.stepdefintions.LoginSteps.inputEmail()&amp#27;[0m
02:15:12.750 [Darkroom Processing Line] DEBUG net.serenitybdd.core.photography.DarkroomProcessingLine - Processing screenshot image in /var/screenshots/screenshot-5462151888592436912
02:15:12.750 [Darkroom Processing Line] DEBUG net.serenitybdd.core.photography.DarkroomProcessingLine - Saving screenshot to target\site\serenity\7a82f83bcdf5542b6ce61d59f8d8fa5c7e46775a10ea637079a54c23b6fd253f.png
02:15:12.756 [Forwarding getPageSource on session a704637e67639ab815e4f26742f65ff2 to remote] DEBUG org.asynchttpclient.netty.request.NettyRequestSender - Using pooled Channel '[id: 0xdefe7e67, L:/127.0.0.1:50805 - R:localhost/127.0.0.1:43965]' for 'POST' to 'http://localhost:43965/session/a704637e67639ab815e4f26742f65ff2/execute/sync'
02:15:12.756 [Forwarding getPageSource on session a704637e67639ab815e4f26742f65ff2 to remote] DEBUG org.asynchttpclient.netty.request.NettyRequestSender - Using open Channel [id: 0xdefe7e67, L:/127.0.0.1:50805 - R:localhost/127.0.0.1:43965] for POST '/session/a704637e67639ab815e4f26742f65ff2/execute/sync'
02:15:12.765 [AsyncHttpClient-1-5] DEBUG org.asynchttpclient.netty.handler.HttpHandler - 

Request DefaultHttpRequest(decodeResult: success, version: HTTP/1.1)
POST /session/a704637e67639ab815e4f26742f65ff2/execute/sync HTTP/1.1
User-Agent: selenium/4.8.1 (java windows)
Content-Length: 176
Content-Type: application/json; charset=utf-8
host: localhost:43965
accept: */*

Response DefaultHttpResponse(decodeResult: success, version: HTTP/1.1)
HTTP/1.1 200 OK
Content-Length: 97046
Content-Type: application/json; charset=utf-8
cache-control: no-cache

02:15:12.766 [AsyncHttpClient-1-5] DEBUG org.asynchttpclient.netty.channel.ChannelManager - Adding key: http://localhost:43965 for channel [id: 0xdefe7e67, L:/127.0.0.1:50805 - R:localhost/127.0.0.1:43965]
02:15:12.770 [Forwarding getCurrentUrl on session a704637e67639ab815e4f26742f65ff2 to remote] DEBUG org.asynchttpclient.netty.request.NettyRequestSender - Using pooled Channel '[id: 0xdefe7e67, L:/127.0.0.1:50805 - R:localhost/127.0.0.1:43965]' for 'GET' to 'http://localhost:43965/session/a704637e67639ab815e4f26742f65ff2/url'
02:15:12.770 [Forwarding getCurrentUrl on session a704637e67639ab815e4f26742f65ff2 to remote] DEBUG org.asynchttpclient.netty.request.NettyRequestSender - Using open Channel [id: 0xdefe7e67, L:/127.0.0.1:50805 - R:localhost/127.0.0.1:43965] for GET '/session/a704637e67639ab815e4f26742f65ff2/url'
02:15:12.773 [AsyncHttpClient-1-5] DEBUG org.asynchttpclient.netty.handler.HttpHandler - 

Request DefaultFullHttpRequest(decodeResult: success, version: HTTP/1.1, content: EmptyByteBufBE)
GET /session/a704637e67639ab815e4f26742f65ff2/url HTTP/1.1
User-Agent: selenium/4.8.1 (java windows)
Cache-Control: no-cache
Content-Type: application/json; charset=utf-8
host: localhost:43965
accept: */*

Response DefaultHttpResponse(decodeResult: success, version: HTTP/1.1)
HTTP/1.1 200 OK
Content-Length: 42
Content-Type: application/json; charset=utf-8
cache-control: no-cache

02:15:12.774 [AsyncHttpClient-1-5] DEBUG org.asynchttpclient.netty.channel.ChannelManager - Adding key: http://localhost:43965 for channel [id: 0xdefe7e67, L:/127.0.0.1:50805 - R:localhost/127.0.0.1:43965]
02:15:12.781 [Forwarding getPageSource on session a704637e67639ab815e4f26742f65ff2 to remote] DEBUG org.asynchttpclient.netty.request.NettyRequestSender - Using pooled Channel '[id: 0xdefe7e67, L:/127.0.0.1:50805 - R:localhost/127.0.0.1:43965]' for 'POST' to 'http://localhost:43965/session/a704637e67639ab815e4f26742f65ff2/execute/sync'
02:15:12.781 [Forwarding getPageSource on session a704637e67639ab815e4f26742f65ff2 to remote] DEBUG org.asynchttpclient.netty.request.NettyRequestSender - Using open Channel [id: 0xdefe7e67, L:/127.0.0.1:50805 - R:localhost/127.0.0.1:43965] for POST '/session/a704637e67639ab815e4f26742f65ff2/execute/sync'
02:15:12.790 [AsyncHttpClient-1-5] DEBUG org.asynchttpclient.netty.handler.HttpHandler - 

Request DefaultHttpRequest(decodeResult: success, version: HTTP/1.1)
POST /session/a704637e67639ab815e4f26742f65ff2/execute/sync HTTP/1.1
User-Agent: selenium/4.8.1 (java windows)
Content-Length: 176
Content-Type: application/json; charset=utf-8
host: localhost:43965
accept: */*

Response DefaultHttpResponse(decodeResult: success, version: HTTP/1.1)
HTTP/1.1 200 OK
Content-Length: 97046
Content-Type: application/json; charset=utf-8
cache-control: no-cache

02:15:12.790 [AsyncHttpClient-1-5] DEBUG org.asynchttpclient.netty.channel.ChannelManager - Adding key: http://localhost:43965 for channel [id: 0xdefe7e67, L:/127.0.0.1:50805 - R:localhost/127.0.0.1:43965]
02:15:12.795 [Forwarding getCurrentUrl on session a704637e67639ab815e4f26742f65ff2 to remote] DEBUG org.asynchttpclient.netty.request.NettyRequestSender - Using pooled Channel '[id: 0xdefe7e67, L:/127.0.0.1:50805 - R:localhost/127.0.0.1:43965]' for 'GET' to 'http://localhost:43965/session/a704637e67639ab815e4f26742f65ff2/url'
02:15:12.795 [Forwarding getCurrentUrl on session a704637e67639ab815e4f26742f65ff2 to remote] DEBUG org.asynchttpclient.netty.request.NettyRequestSender - Using open Channel [id: 0xdefe7e67, L:/127.0.0.1:50805 - R:localhost/127.0.0.1:43965] for GET '/session/a704637e67639ab815e4f26742f65ff2/url'
02:15:12.798 [AsyncHttpClient-1-5] DEBUG org.asynchttpclient.netty.handler.HttpHandler - 

Request DefaultFullHttpRequest(decodeResult: success, version: HTTP/1.1, content: EmptyByteBufBE)
GET /session/a704637e67639ab815e4f26742f65ff2/url HTTP/1.1
User-Agent: selenium/4.8.1 (java windows)
Cache-Control: no-cache
Content-Type: application/json; charset=utf-8
host: localhost:43965
accept: */*

Response DefaultHttpResponse(decodeResult: success, version: HTTP/1.1)
HTTP/1.1 200 OK
Content-Length: 42
Content-Type: application/json; charset=utf-8
cache-control: no-cache

02:15:12.799 [AsyncHttpClient-1-5] DEBUG org.asynchttpclient.netty.channel.ChannelManager - Adding key: http://localhost:43965 for channel [id: 0xdefe7e67, L:/127.0.0.1:50805 - R:localhost/127.0.0.1:43965]
02:15:12.800 [main] DEBUG net.thucydides.core.steps.StepInterceptor - STARTING STEP: LoginSteps.inputIncorrectPassword - inputPassword
02:15:12.802 [Forwarding findElement on session a704637e67639ab815e4f26742f65ff2 to remote] DEBUG org.asynchttpclient.netty.request.NettyRequestSender - Using pooled Channel '[id: 0xdefe7e67, L:/127.0.0.1:50805 - R:localhost/127.0.0.1:43965]' for 'POST' to 'http://localhost:43965/session/a704637e67639ab815e4f26742f65ff2/element'
02:15:12.802 [Forwarding findElement on session a704637e67639ab815e4f26742f65ff2 to remote] DEBUG org.asynchttpclient.netty.request.NettyRequestSender - Using open Channel [id: 0xdefe7e67, L:/127.0.0.1:50805 - R:localhost/127.0.0.1:43965] for POST '/session/a704637e67639ab815e4f26742f65ff2/element'
02:15:12.810 [AsyncHttpClient-1-5] DEBUG org.asynchttpclient.netty.handler.HttpHandler - 

Request DefaultHttpRequest(decodeResult: success, version: HTTP/1.1)
POST /session/a704637e67639ab815e4f26742f65ff2/element HTTP/1.1
User-Agent: selenium/4.8.1 (java windows)
Content-Length: 53
Content-Type: application/json; charset=utf-8
host: localhost:43965
accept: */*

Response DefaultHttpResponse(decodeResult: success, version: HTTP/1.1)
HTTP/1.1 200 OK
Content-Length: 88
Content-Type: application/json; charset=utf-8
cache-control: no-cache

02:15:12.811 [AsyncHttpClient-1-5] DEBUG org.asynchttpclient.netty.channel.ChannelManager - Adding key: http://localhost:43965 for channel [id: 0xdefe7e67, L:/127.0.0.1:50805 - R:localhost/127.0.0.1:43965]
02:15:12.812 [Forwarding clearElement on session a704637e67639ab815e4f26742f65ff2 to remote] DEBUG org.asynchttpclient.netty.request.NettyRequestSender - Using pooled Channel '[id: 0xdefe7e67, L:/127.0.0.1:50805 - R:localhost/127.0.0.1:43965]' for 'POST' to 'http://localhost:43965/session/a704637e67639ab815e4f26742f65ff2/element/de6a5aec-e429-433e-b7c5-977c18fd7876/clear'
02:15:12.812 [Forwarding clearElement on session a704637e67639ab815e4f26742f65ff2 to remote] DEBUG org.asynchttpclient.netty.request.NettyRequestSender - Using open Channel [id: 0xdefe7e67, L:/127.0.0.1:50805 - R:localhost/127.0.0.1:43965] for POST '/session/a704637e67639ab815e4f26742f65ff2/element/de6a5aec-e429-433e-b7c5-977c18fd7876/clear'
02:15:12.842 [AsyncHttpClient-1-5] DEBUG org.asynchttpclient.netty.handler.HttpHandler - 

Request DefaultHttpRequest(decodeResult: success, version: HTTP/1.1)
POST /session/a704637e67639ab815e4f26742f65ff2/element/de6a5aec-e429-433e-b7c5-977c18fd7876/clear HTTP/1.1
User-Agent: selenium/4.8.1 (java windows)
Content-Length: 50
Content-Type: application/json; charset=utf-8
host: localhost:43965
accept: */*

Response DefaultHttpResponse(decodeResult: success, version: HTTP/1.1)
HTTP/1.1 200 OK
Content-Length: 14
Content-Type: application/json; charset=utf-8
cache-control: no-cache

02:15:12.842 [AsyncHttpClient-1-5] DEBUG org.asynchttpclient.netty.channel.ChannelManager - Adding key: http://localhost:43965 for channel [id: 0xdefe7e67, L:/127.0.0.1:50805 - R:localhost/127.0.0.1:43965]
02:15:12.845 [Forwarding sendKeysToElement on session a704637e67639ab815e4f26742f65ff2 to remote] DEBUG org.asynchttpclient.netty.request.NettyRequestSender - Using pooled Channel '[id: 0xdefe7e67, L:/127.0.0.1:50805 - R:localhost/127.0.0.1:43965]' for 'POST' to 'http://localhost:43965/session/a704637e67639ab815e4f26742f65ff2/element/de6a5aec-e429-433e-b7c5-977c18fd7876/value'
02:15:12.845 [Forwarding sendKeysToElement on session a704637e67639ab815e4f26742f65ff2 to remote] DEBUG org.asynchttpclient.netty.request.NettyRequestSender - Using open Channel [id: 0xdefe7e67, L:/127.0.0.1:50805 - R:localhost/127.0.0.1:43965] for POST '/session/a704637e67639ab815e4f26742f65ff2/element/de6a5aec-e429-433e-b7c5-977c18fd7876/value'
02:15:12.857 [AsyncHttpClient-1-1] DEBUG org.asynchttpclient.netty.channel.DefaultChannelPool - Entry count for : http://localhost:50806 : 1
02:15:12.926 [AsyncHttpClient-1-5] DEBUG org.asynchttpclient.netty.handler.HttpHandler - 

Request DefaultHttpRequest(decodeResult: success, version: HTTP/1.1)
POST /session/a704637e67639ab815e4f26742f65ff2/element/de6a5aec-e429-433e-b7c5-977c18fd7876/value HTTP/1.1
User-Agent: selenium/4.8.1 (java windows)
Content-Length: 161
Content-Type: application/json; charset=utf-8
host: localhost:43965
accept: */*

Response DefaultHttpResponse(decodeResult: success, version: HTTP/1.1)
HTTP/1.1 200 OK
Content-Length: 14
Content-Type: application/json; charset=utf-8
cache-control: no-cache

02:15:12.926 [AsyncHttpClient-1-5] DEBUG org.asynchttpclient.netty.channel.ChannelManager - Adding key: http://localhost:43965 for channel [id: 0xdefe7e67, L:/127.0.0.1:50805 - R:localhost/127.0.0.1:43965]
02:15:12.931 [Forwarding getAlertText on session a704637e67639ab815e4f26742f65ff2 to remote] DEBUG org.asynchttpclient.netty.request.NettyRequestSender - Using pooled Channel '[id: 0xdefe7e67, L:/127.0.0.1:50805 - R:localhost/127.0.0.1:43965]' for 'GET' to 'http://localhost:43965/session/a704637e67639ab815e4f26742f65ff2/alert/text'
02:15:12.931 [Forwarding getAlertText on session a704637e67639ab815e4f26742f65ff2 to remote] DEBUG org.asynchttpclient.netty.request.NettyRequestSender - Using open Channel [id: 0xdefe7e67, L:/127.0.0.1:50805 - R:localhost/127.0.0.1:43965] for GET '/session/a704637e67639ab815e4f26742f65ff2/alert/text'
02:15:12.933 [AsyncHttpClient-1-5] DEBUG org.asynchttpclient.netty.handler.HttpHandler - 

Request DefaultFullHttpRequest(decodeResult: success, version: HTTP/1.1, content: EmptyByteBufBE)
GET /session/a704637e67639ab815e4f26742f65ff2/alert/text HTTP/1.1
User-Agent: selenium/4.8.1 (java windows)
Cache-Control: no-cache
Content-Type: application/json; charset=utf-8
host: localhost:43965
accept: */*

Response DefaultHttpResponse(decodeResult: success, version: HTTP/1.1)
HTTP/1.1 404 Not Found
Content-Length: 835
Content-Type: application/json; charset=utf-8
cache-control: no-cache

02:15:12.933 [AsyncHttpClient-1-5] DEBUG org.asynchttpclient.netty.channel.ChannelManager - Adding key: http://localhost:43965 for channel [id: 0xdefe7e67, L:/127.0.0.1:50805 - R:localhost/127.0.0.1:43965]
02:15:12.934 [Forwarding getCurrentUrl on session a704637e67639ab815e4f26742f65ff2 to remote] DEBUG org.asynchttpclient.netty.request.NettyRequestSender - Using pooled Channel '[id: 0xdefe7e67, L:/127.0.0.1:50805 - R:localhost/127.0.0.1:43965]' for 'GET' to 'http://localhost:43965/session/a704637e67639ab815e4f26742f65ff2/url'
02:15:12.934 [Forwarding getCurrentUrl on session a704637e67639ab815e4f26742f65ff2 to remote] DEBUG org.asynchttpclient.netty.request.NettyRequestSender - Using open Channel [id: 0xdefe7e67, L:/127.0.0.1:50805 - R:localhost/127.0.0.1:43965] for GET '/session/a704637e67639ab815e4f26742f65ff2/url'
02:15:12.937 [AsyncHttpClient-1-5] DEBUG org.asynchttpclient.netty.handler.HttpHandler - 

Request DefaultFullHttpRequest(decodeResult: success, version: HTTP/1.1, content: EmptyByteBufBE)
GET /session/a704637e67639ab815e4f26742f65ff2/url HTTP/1.1
User-Agent: selenium/4.8.1 (java windows)
Cache-Control: no-cache
Content-Type: application/json; charset=utf-8
host: localhost:43965
accept: */*

Response DefaultHttpResponse(decodeResult: success, version: HTTP/1.1)
HTTP/1.1 200 OK
Content-Length: 42
Content-Type: application/json; charset=utf-8
cache-control: no-cache

02:15:12.938 [AsyncHttpClient-1-5] DEBUG org.asynchttpclient.netty.channel.ChannelManager - Adding key: http://localhost:43965 for channel [id: 0xdefe7e67, L:/127.0.0.1:50805 - R:localhost/127.0.0.1:43965]
02:15:12.938 [Forwarding screenshot on session a704637e67639ab815e4f26742f65ff2 to remote] DEBUG org.asynchttpclient.netty.request.NettyRequestSender - Using pooled Channel '[id: 0xdefe7e67, L:/127.0.0.1:50805 - R:localhost/127.0.0.1:43965]' for 'GET' to 'http://localhost:43965/session/a704637e67639ab815e4f26742f65ff2/screenshot'
02:15:12.938 [Forwarding screenshot on session a704637e67639ab815e4f26742f65ff2 to remote] DEBUG org.asynchttpclient.netty.request.NettyRequestSender - Using open Channel [id: 0xdefe7e67, L:/127.0.0.1:50805 - R:localhost/127.0.0.1:43965] for GET '/session/a704637e67639ab815e4f26742f65ff2/screenshot'
02:15:13.077 [AsyncHttpClient-1-5] DEBUG org.asynchttpclient.netty.handler.HttpHandler - 

Request DefaultFullHttpRequest(decodeResult: success, version: HTTP/1.1, content: EmptyByteBufBE)
GET /session/a704637e67639ab815e4f26742f65ff2/screenshot HTTP/1.1
User-Agent: selenium/4.8.1 (java windows)
Cache-Control: no-cache
Content-Type: application/json; charset=utf-8
host: localhost:43965
accept: */*

Response DefaultHttpResponse(decodeResult: success, version: HTTP/1.1)
HTTP/1.1 200 OK
Content-Length: 259824
Content-Type: application/json; charset=utf-8
cache-control: no-cache

02:15:13.078 [AsyncHttpClient-1-5] DEBUG org.asynchttpclient.netty.channel.ChannelManager - Adding key: http://localhost:43965 for channel [id: 0xdefe7e67, L:/127.0.0.1:50805 - R:localhost/127.0.0.1:43965]
02:15:13.082 [main] DEBUG net.serenitybdd.core.photography.Darkroom - Send negative for processing for target\site\serenity\88a94dbcc8e1787c830ca47b061b6a227bed1419c7dcb0185a7323346fd66c0c.png
02:15:13.082 [main] DEBUG net.thucydides.core.steps.StepInterceptor - STEP DONE: inputPassword
  &amp#27;[32mAnd &amp#27;[0m&amp#27;[32mI enter incorrect password&amp#27;[0m        &amp#27;[90m# starter.stepdefintions.LoginSteps.inputIncorrectPassword()&amp#27;[0m
02:15:13.082 [Darkroom Processing Line] DEBUG net.serenitybdd.core.photography.DarkroomProcessingLine - Processing screenshot image in /var/screenshots/screenshot-8674168746334505563
02:15:13.082 [Darkroom Processing Line] DEBUG net.serenitybdd.core.photography.DarkroomProcessingLine - Saving screenshot to target\site\serenity\88a94dbcc8e1787c830ca47b061b6a227bed1419c7dcb0185a7323346fd66c0c.png
02:15:13.089 [Forwarding getPageSource on session a704637e67639ab815e4f26742f65ff2 to remote] DEBUG org.asynchttpclient.netty.request.NettyRequestSender - Using pooled Channel '[id: 0xdefe7e67, L:/127.0.0.1:50805 - R:localhost/127.0.0.1:43965]' for 'POST' to 'http://localhost:43965/session/a704637e67639ab815e4f26742f65ff2/execute/sync'
02:15:13.089 [Forwarding getPageSource on session a704637e67639ab815e4f26742f65ff2 to remote] DEBUG org.asynchttpclient.netty.request.NettyRequestSender - Using open Channel [id: 0xdefe7e67, L:/127.0.0.1:50805 - R:localhost/127.0.0.1:43965] for POST '/session/a704637e67639ab815e4f26742f65ff2/execute/sync'
02:15:13.096 [AsyncHttpClient-1-5] DEBUG org.asynchttpclient.netty.handler.HttpHandler - 

Request DefaultHttpRequest(decodeResult: success, version: HTTP/1.1)
POST /session/a704637e67639ab815e4f26742f65ff2/execute/sync HTTP/1.1
User-Agent: selenium/4.8.1 (java windows)
Content-Length: 176
Content-Type: application/json; charset=utf-8
host: localhost:43965
accept: */*

Response DefaultHttpResponse(decodeResult: success, version: HTTP/1.1)
HTTP/1.1 200 OK
Content-Length: 97059
Content-Type: application/json; charset=utf-8
cache-control: no-cache

02:15:13.096 [AsyncHttpClient-1-5] DEBUG org.asynchttpclient.netty.channel.ChannelManager - Adding key: http://localhost:43965 for channel [id: 0xdefe7e67, L:/127.0.0.1:50805 - R:localhost/127.0.0.1:43965]
02:15:13.100 [Forwarding getCurrentUrl on session a704637e67639ab815e4f26742f65ff2 to remote] DEBUG org.asynchttpclient.netty.request.NettyRequestSender - Using pooled Channel '[id: 0xdefe7e67, L:/127.0.0.1:50805 - R:localhost/127.0.0.1:43965]' for 'GET' to 'http://localhost:43965/session/a704637e67639ab815e4f26742f65ff2/url'
02:15:13.100 [Forwarding getCurrentUrl on session a704637e67639ab815e4f26742f65ff2 to remote] DEBUG org.asynchttpclient.netty.request.NettyRequestSender - Using open Channel [id: 0xdefe7e67, L:/127.0.0.1:50805 - R:localhost/127.0.0.1:43965] for GET '/session/a704637e67639ab815e4f26742f65ff2/url'
02:15:13.103 [AsyncHttpClient-1-5] DEBUG org.asynchttpclient.netty.handler.HttpHandler - 

Request DefaultFullHttpRequest(decodeResult: success, version: HTTP/1.1, content: EmptyByteBufBE)
GET /session/a704637e67639ab815e4f26742f65ff2/url HTTP/1.1
User-Agent: selenium/4.8.1 (java windows)
Cache-Control: no-cache
Content-Type: application/json; charset=utf-8
host: localhost:43965
accept: */*

Response DefaultHttpResponse(decodeResult: success, version: HTTP/1.1)
HTTP/1.1 200 OK
Content-Length: 42
Content-Type: application/json; charset=utf-8
cache-control: no-cache

02:15:13.104 [AsyncHttpClient-1-5] DEBUG org.asynchttpclient.netty.channel.ChannelManager - Adding key: http://localhost:43965 for channel [id: 0xdefe7e67, L:/127.0.0.1:50805 - R:localhost/127.0.0.1:43965]
02:15:13.114 [Forwarding getPageSource on session a704637e67639ab815e4f26742f65ff2 to remote] DEBUG org.asynchttpclient.netty.request.NettyRequestSender - Using pooled Channel '[id: 0xdefe7e67, L:/127.0.0.1:50805 - R:localhost/127.0.0.1:43965]' for 'POST' to 'http://localhost:43965/session/a704637e67639ab815e4f26742f65ff2/execute/sync'
02:15:13.114 [Forwarding getPageSource on session a704637e67639ab815e4f26742f65ff2 to remote] DEBUG org.asynchttpclient.netty.request.NettyRequestSender - Using open Channel [id: 0xdefe7e67, L:/127.0.0.1:50805 - R:localhost/127.0.0.1:43965] for POST '/session/a704637e67639ab815e4f26742f65ff2/execute/sync'
02:15:13.121 [AsyncHttpClient-1-5] DEBUG org.asynchttpclient.netty.handler.HttpHandler - 

Request DefaultHttpRequest(decodeResult: success, version: HTTP/1.1)
POST /session/a704637e67639ab815e4f26742f65ff2/execute/sync HTTP/1.1
User-Agent: selenium/4.8.1 (java windows)
Content-Length: 176
Content-Type: application/json; charset=utf-8
host: localhost:43965
accept: */*

Response DefaultHttpResponse(decodeResult: success, version: HTTP/1.1)
HTTP/1.1 200 OK
Content-Length: 97059
Content-Type: application/json; charset=utf-8
cache-control: no-cache

02:15:13.121 [AsyncHttpClient-1-5] DEBUG org.asynchttpclient.netty.channel.ChannelManager - Adding key: http://localhost:43965 for channel [id: 0xdefe7e67, L:/127.0.0.1:50805 - R:localhost/127.0.0.1:43965]
02:15:13.126 [Forwarding getCurrentUrl on session a704637e67639ab815e4f26742f65ff2 to remote] DEBUG org.asynchttpclient.netty.request.NettyRequestSender - Using pooled Channel '[id: 0xdefe7e67, L:/127.0.0.1:50805 - R:localhost/127.0.0.1:43965]' for 'GET' to 'http://localhost:43965/session/a704637e67639ab815e4f26742f65ff2/url'
02:15:13.126 [Forwarding getCurrentUrl on session a704637e67639ab815e4f26742f65ff2 to remote] DEBUG org.asynchttpclient.netty.request.NettyRequestSender - Using open Channel [id: 0xdefe7e67, L:/127.0.0.1:50805 - R:localhost/127.0.0.1:43965] for GET '/session/a704637e67639ab815e4f26742f65ff2/url'
02:15:13.130 [AsyncHttpClient-1-5] DEBUG org.asynchttpclient.netty.handler.HttpHandler - 

Request DefaultFullHttpRequest(decodeResult: success, version: HTTP/1.1, content: EmptyByteBufBE)
GET /session/a704637e67639ab815e4f26742f65ff2/url HTTP/1.1
User-Agent: selenium/4.8.1 (java windows)
Cache-Control: no-cache
Content-Type: application/json; charset=utf-8
host: localhost:43965
accept: */*

Response DefaultHttpResponse(decodeResult: success, version: HTTP/1.1)
HTTP/1.1 200 OK
Content-Length: 42
Content-Type: application/json; charset=utf-8
cache-control: no-cache

02:15:13.130 [AsyncHttpClient-1-5] DEBUG org.asynchttpclient.netty.channel.ChannelManager - Adding key: http://localhost:43965 for channel [id: 0xdefe7e67, L:/127.0.0.1:50805 - R:localhost/127.0.0.1:43965]
02:15:13.132 [main] DEBUG net.thucydides.core.steps.StepInterceptor - STARTING STEP: LoginSteps.clickSubmitButton - clickSubmitButton
02:15:13.134 [Forwarding findElement on session a704637e67639ab815e4f26742f65ff2 to remote] DEBUG org.asynchttpclient.netty.request.NettyRequestSender - Using pooled Channel '[id: 0xdefe7e67, L:/127.0.0.1:50805 - R:localhost/127.0.0.1:43965]' for 'POST' to 'http://localhost:43965/session/a704637e67639ab815e4f26742f65ff2/element'
02:15:13.134 [Forwarding findElement on session a704637e67639ab815e4f26742f65ff2 to remote] DEBUG org.asynchttpclient.netty.request.NettyRequestSender - Using open Channel [id: 0xdefe7e67, L:/127.0.0.1:50805 - R:localhost/127.0.0.1:43965] for POST '/session/a704637e67639ab815e4f26742f65ff2/element'
02:15:13.144 [AsyncHttpClient-1-5] DEBUG org.asynchttpclient.netty.handler.HttpHandler - 

Request DefaultHttpRequest(decodeResult: success, version: HTTP/1.1)
POST /session/a704637e67639ab815e4f26742f65ff2/element HTTP/1.1
User-Agent: selenium/4.8.1 (java windows)
Content-Length: 57
Content-Type: application/json; charset=utf-8
host: localhost:43965
accept: */*

Response DefaultHttpResponse(decodeResult: success, version: HTTP/1.1)
HTTP/1.1 200 OK
Content-Length: 88
Content-Type: application/json; charset=utf-8
cache-control: no-cache

02:15:13.144 [AsyncHttpClient-1-5] DEBUG org.asynchttpclient.netty.channel.ChannelManager - Adding key: http://localhost:43965 for channel [id: 0xdefe7e67, L:/127.0.0.1:50805 - R:localhost/127.0.0.1:43965]
02:15:13.146 [Forwarding getElementTagName on session a704637e67639ab815e4f26742f65ff2 to remote] DEBUG org.asynchttpclient.netty.request.NettyRequestSender - Using pooled Channel '[id: 0xdefe7e67, L:/127.0.0.1:50805 - R:localhost/127.0.0.1:43965]' for 'GET' to 'http://localhost:43965/session/a704637e67639ab815e4f26742f65ff2/element/273bb6a5-aa89-4252-8653-78f86c0f02cb/name'
02:15:13.146 [Forwarding getElementTagName on session a704637e67639ab815e4f26742f65ff2 to remote] DEBUG org.asynchttpclient.netty.request.NettyRequestSender - Using open Channel [id: 0xdefe7e67, L:/127.0.0.1:50805 - R:localhost/127.0.0.1:43965] for GET '/session/a704637e67639ab815e4f26742f65ff2/element/273bb6a5-aa89-4252-8653-78f86c0f02cb/name'
02:15:13.149 [AsyncHttpClient-1-5] DEBUG org.asynchttpclient.netty.handler.HttpHandler - 

Request DefaultFullHttpRequest(decodeResult: success, version: HTTP/1.1, content: EmptyByteBufBE)
GET /session/a704637e67639ab815e4f26742f65ff2/element/273bb6a5-aa89-4252-8653-78f86c0f02cb/name HTTP/1.1
User-Agent: selenium/4.8.1 (java windows)
Cache-Control: no-cache
Content-Type: application/json; charset=utf-8
host: localhost:43965
accept: */*

Response DefaultHttpResponse(decodeResult: success, version: HTTP/1.1)
HTTP/1.1 200 OK
Content-Length: 18
Content-Type: application/json; charset=utf-8
cache-control: no-cache

02:15:13.149 [AsyncHttpClient-1-5] DEBUG org.asynchttpclient.netty.channel.ChannelManager - Adding key: http://localhost:43965 for channel [id: 0xdefe7e67, L:/127.0.0.1:50805 - R:localhost/127.0.0.1:43965]
02:15:13.151 [Forwarding getElementTagName on session a704637e67639ab815e4f26742f65ff2 to remote] DEBUG org.asynchttpclient.netty.request.NettyRequestSender - Using pooled Channel '[id: 0xdefe7e67, L:/127.0.0.1:50805 - R:localhost/127.0.0.1:43965]' for 'GET' to 'http://localhost:43965/session/a704637e67639ab815e4f26742f65ff2/element/273bb6a5-aa89-4252-8653-78f86c0f02cb/name'
02:15:13.151 [Forwarding getElementTagName on session a704637e67639ab815e4f26742f65ff2 to remote] DEBUG org.asynchttpclient.netty.request.NettyRequestSender - Using open Channel [id: 0xdefe7e67, L:/127.0.0.1:50805 - R:localhost/127.0.0.1:43965] for GET '/session/a704637e67639ab815e4f26742f65ff2/element/273bb6a5-aa89-4252-8653-78f86c0f02cb/name'
02:15:13.154 [AsyncHttpClient-1-5] DEBUG org.asynchttpclient.netty.handler.HttpHandler - 

Request DefaultFullHttpRequest(decodeResult: success, version: HTTP/1.1, content: EmptyByteBufBE)
GET /session/a704637e67639ab815e4f26742f65ff2/element/273bb6a5-aa89-4252-8653-78f86c0f02cb/name HTTP/1.1
User-Agent: selenium/4.8.1 (java windows)
Cache-Control: no-cache
Content-Type: application/json; charset=utf-8
host: localhost:43965
accept: */*

Response DefaultHttpResponse(decodeResult: success, version: HTTP/1.1)
HTTP/1.1 200 OK
Content-Length: 18
Content-Type: application/json; charset=utf-8
cache-control: no-cache

02:15:13.154 [AsyncHttpClient-1-5] DEBUG org.asynchttpclient.netty.channel.ChannelManager - Adding key: http://localhost:43965 for channel [id: 0xdefe7e67, L:/127.0.0.1:50805 - R:localhost/127.0.0.1:43965]
02:15:13.156 [Forwarding isElementEnabled on session a704637e67639ab815e4f26742f65ff2 to remote] DEBUG org.asynchttpclient.netty.request.NettyRequestSender - Using pooled Channel '[id: 0xdefe7e67, L:/127.0.0.1:50805 - R:localhost/127.0.0.1:43965]' for 'GET' to 'http://localhost:43965/session/a704637e67639ab815e4f26742f65ff2/element/273bb6a5-aa89-4252-8653-78f86c0f02cb/enabled'
02:15:13.156 [Forwarding isElementEnabled on session a704637e67639ab815e4f26742f65ff2 to remote] DEBUG org.asynchttpclient.netty.request.NettyRequestSender - Using open Channel [id: 0xdefe7e67, L:/127.0.0.1:50805 - R:localhost/127.0.0.1:43965] for GET '/session/a704637e67639ab815e4f26742f65ff2/element/273bb6a5-aa89-4252-8653-78f86c0f02cb/enabled'
02:15:13.162 [AsyncHttpClient-1-5] DEBUG org.asynchttpclient.netty.handler.HttpHandler - 

Request DefaultFullHttpRequest(decodeResult: success, version: HTTP/1.1, content: EmptyByteBufBE)
GET /session/a704637e67639ab815e4f26742f65ff2/element/273bb6a5-aa89-4252-8653-78f86c0f02cb/enabled HTTP/1.1
User-Agent: selenium/4.8.1 (java windows)
Cache-Control: no-cache
Content-Type: application/json; charset=utf-8
host: localhost:43965
accept: */*

Response DefaultHttpResponse(decodeResult: success, version: HTTP/1.1)
HTTP/1.1 200 OK
Content-Length: 14
Content-Type: application/json; charset=utf-8
cache-control: no-cache

02:15:13.162 [AsyncHttpClient-1-5] DEBUG org.asynchttpclient.netty.channel.ChannelManager - Adding key: http://localhost:43965 for channel [id: 0xdefe7e67, L:/127.0.0.1:50805 - R:localhost/127.0.0.1:43965]
02:15:13.163 [Forwarding isElementEnabled on session a704637e67639ab815e4f26742f65ff2 to remote] DEBUG org.asynchttpclient.netty.request.NettyRequestSender - Using pooled Channel '[id: 0xdefe7e67, L:/127.0.0.1:50805 - R:localhost/127.0.0.1:43965]' for 'GET' to 'http://localhost:43965/session/a704637e67639ab815e4f26742f65ff2/element/273bb6a5-aa89-4252-8653-78f86c0f02cb/enabled'
02:15:13.163 [Forwarding isElementEnabled on session a704637e67639ab815e4f26742f65ff2 to remote] DEBUG org.asynchttpclient.netty.request.NettyRequestSender - Using open Channel [id: 0xdefe7e67, L:/127.0.0.1:50805 - R:localhost/127.0.0.1:43965] for GET '/session/a704637e67639ab815e4f26742f65ff2/element/273bb6a5-aa89-4252-8653-78f86c0f02cb/enabled'
02:15:13.167 [AsyncHttpClient-1-5] DEBUG org.asynchttpclient.netty.handler.HttpHandler - 

Request DefaultFullHttpRequest(decodeResult: success, version: HTTP/1.1, content: EmptyByteBufBE)
GET /session/a704637e67639ab815e4f26742f65ff2/element/273bb6a5-aa89-4252-8653-78f86c0f02cb/enabled HTTP/1.1
User-Agent: selenium/4.8.1 (java windows)
Cache-Control: no-cache
Content-Type: application/json; charset=utf-8
host: localhost:43965
accept: */*

Response DefaultHttpResponse(decodeResult: success, version: HTTP/1.1)
HTTP/1.1 200 OK
Content-Length: 14
Content-Type: application/json; charset=utf-8
cache-control: no-cache

02:15:13.167 [AsyncHttpClient-1-5] DEBUG org.asynchttpclient.netty.channel.ChannelManager - Adding key: http://localhost:43965 for channel [id: 0xdefe7e67, L:/127.0.0.1:50805 - R:localhost/127.0.0.1:43965]
02:15:13.168 [Forwarding findElement on session a704637e67639ab815e4f26742f65ff2 to remote] DEBUG org.asynchttpclient.netty.request.NettyRequestSender - Using pooled Channel '[id: 0xdefe7e67, L:/127.0.0.1:50805 - R:localhost/127.0.0.1:43965]' for 'POST' to 'http://localhost:43965/session/a704637e67639ab815e4f26742f65ff2/element'
02:15:13.168 [Forwarding findElement on session a704637e67639ab815e4f26742f65ff2 to remote] DEBUG org.asynchttpclient.netty.request.NettyRequestSender - Using open Channel [id: 0xdefe7e67, L:/127.0.0.1:50805 - R:localhost/127.0.0.1:43965] for POST '/session/a704637e67639ab815e4f26742f65ff2/element'
02:15:13.173 [AsyncHttpClient-1-5] DEBUG org.asynchttpclient.netty.handler.HttpHandler - 

Request DefaultHttpRequest(decodeResult: success, version: HTTP/1.1)
POST /session/a704637e67639ab815e4f26742f65ff2/element HTTP/1.1
User-Agent: selenium/4.8.1 (java windows)
Content-Length: 57
Content-Type: application/json; charset=utf-8
host: localhost:43965
accept: */*

Response DefaultHttpResponse(decodeResult: success, version: HTTP/1.1)
HTTP/1.1 200 OK
Content-Length: 88
Content-Type: application/json; charset=utf-8
cache-control: no-cache

02:15:13.173 [AsyncHttpClient-1-5] DEBUG org.asynchttpclient.netty.channel.ChannelManager - Adding key: http://localhost:43965 for channel [id: 0xdefe7e67, L:/127.0.0.1:50805 - R:localhost/127.0.0.1:43965]
02:15:13.174 [Forwarding clickElement on session a704637e67639ab815e4f26742f65ff2 to remote] DEBUG org.asynchttpclient.netty.request.NettyRequestSender - Using pooled Channel '[id: 0xdefe7e67, L:/127.0.0.1:50805 - R:localhost/127.0.0.1:43965]' for 'POST' to 'http://localhost:43965/session/a704637e67639ab815e4f26742f65ff2/element/273bb6a5-aa89-4252-8653-78f86c0f02cb/click'
02:15:13.174 [Forwarding clickElement on session a704637e67639ab815e4f26742f65ff2 to remote] DEBUG org.asynchttpclient.netty.request.NettyRequestSender - Using open Channel [id: 0xdefe7e67, L:/127.0.0.1:50805 - R:localhost/127.0.0.1:43965] for POST '/session/a704637e67639ab815e4f26742f65ff2/element/273bb6a5-aa89-4252-8653-78f86c0f02cb/click'
02:15:13.232 [AsyncHttpClient-1-5] DEBUG org.asynchttpclient.netty.handler.HttpHandler - 

Request DefaultHttpRequest(decodeResult: success, version: HTTP/1.1)
POST /session/a704637e67639ab815e4f26742f65ff2/element/273bb6a5-aa89-4252-8653-78f86c0f02cb/click HTTP/1.1
User-Agent: selenium/4.8.1 (java windows)
Content-Length: 50
Content-Type: application/json; charset=utf-8
host: localhost:43965
accept: */*

Response DefaultHttpResponse(decodeResult: success, version: HTTP/1.1)
HTTP/1.1 200 OK
Content-Length: 14
Content-Type: application/json; charset=utf-8
cache-control: no-cache

02:15:13.232 [AsyncHttpClient-1-5] DEBUG org.asynchttpclient.netty.channel.ChannelManager - Adding key: http://localhost:43965 for channel [id: 0xdefe7e67, L:/127.0.0.1:50805 - R:localhost/127.0.0.1:43965]
02:15:13.238 [Forwarding getAlertText on session a704637e67639ab815e4f26742f65ff2 to remote] DEBUG org.asynchttpclient.netty.request.NettyRequestSender - Using pooled Channel '[id: 0xdefe7e67, L:/127.0.0.1:50805 - R:localhost/127.0.0.1:43965]' for 'GET' to 'http://localhost:43965/session/a704637e67639ab815e4f26742f65ff2/alert/text'
02:15:13.239 [Forwarding getAlertText on session a704637e67639ab815e4f26742f65ff2 to remote] DEBUG org.asynchttpclient.netty.request.NettyRequestSender - Using open Channel [id: 0xdefe7e67, L:/127.0.0.1:50805 - R:localhost/127.0.0.1:43965] for GET '/session/a704637e67639ab815e4f26742f65ff2/alert/text'
02:15:13.244 [AsyncHttpClient-1-5] DEBUG org.asynchttpclient.netty.handler.HttpHandler - 

Request DefaultFullHttpRequest(decodeResult: success, version: HTTP/1.1, content: EmptyByteBufBE)
GET /session/a704637e67639ab815e4f26742f65ff2/alert/text HTTP/1.1
User-Agent: selenium/4.8.1 (java windows)
Cache-Control: no-cache
Content-Type: application/json; charset=utf-8
host: localhost:43965
accept: */*

Response DefaultHttpResponse(decodeResult: success, version: HTTP/1.1)
HTTP/1.1 404 Not Found
Content-Length: 835
Content-Type: application/json; charset=utf-8
cache-control: no-cache

02:15:13.244 [AsyncHttpClient-1-5] DEBUG org.asynchttpclient.netty.channel.ChannelManager - Adding key: http://localhost:43965 for channel [id: 0xdefe7e67, L:/127.0.0.1:50805 - R:localhost/127.0.0.1:43965]
02:15:13.245 [Forwarding getCurrentUrl on session a704637e67639ab815e4f26742f65ff2 to remote] DEBUG org.asynchttpclient.netty.request.NettyRequestSender - Using pooled Channel '[id: 0xdefe7e67, L:/127.0.0.1:50805 - R:localhost/127.0.0.1:43965]' for 'GET' to 'http://localhost:43965/session/a704637e67639ab815e4f26742f65ff2/url'
02:15:13.245 [Forwarding getCurrentUrl on session a704637e67639ab815e4f26742f65ff2 to remote] DEBUG org.asynchttpclient.netty.request.NettyRequestSender - Using open Channel [id: 0xdefe7e67, L:/127.0.0.1:50805 - R:localhost/127.0.0.1:43965] for GET '/session/a704637e67639ab815e4f26742f65ff2/url'
02:15:13.249 [AsyncHttpClient-1-5] DEBUG org.asynchttpclient.netty.handler.HttpHandler - 

Request DefaultFullHttpRequest(decodeResult: success, version: HTTP/1.1, content: EmptyByteBufBE)
GET /session/a704637e67639ab815e4f26742f65ff2/url HTTP/1.1
User-Agent: selenium/4.8.1 (java windows)
Cache-Control: no-cache
Content-Type: application/json; charset=utf-8
host: localhost:43965
accept: */*

Response DefaultHttpResponse(decodeResult: success, version: HTTP/1.1)
HTTP/1.1 200 OK
Content-Length: 42
Content-Type: application/json; charset=utf-8
cache-control: no-cache

02:15:13.249 [AsyncHttpClient-1-5] DEBUG org.asynchttpclient.netty.channel.ChannelManager - Adding key: http://localhost:43965 for channel [id: 0xdefe7e67, L:/127.0.0.1:50805 - R:localhost/127.0.0.1:43965]
02:15:13.249 [Forwarding screenshot on session a704637e67639ab815e4f26742f65ff2 to remote] DEBUG org.asynchttpclient.netty.request.NettyRequestSender - Using pooled Channel '[id: 0xdefe7e67, L:/127.0.0.1:50805 - R:localhost/127.0.0.1:43965]' for 'GET' to 'http://localhost:43965/session/a704637e67639ab815e4f26742f65ff2/screenshot'
02:15:13.249 [Forwarding screenshot on session a704637e67639ab815e4f26742f65ff2 to remote] DEBUG org.asynchttpclient.netty.request.NettyRequestSender - Using open Channel [id: 0xdefe7e67, L:/127.0.0.1:50805 - R:localhost/127.0.0.1:43965] for GET '/session/a704637e67639ab815e4f26742f65ff2/screenshot'
02:15:13.356 [AsyncHttpClient-1-5] DEBUG org.asynchttpclient.netty.handler.HttpHandler - 

Request DefaultFullHttpRequest(decodeResult: success, version: HTTP/1.1, content: EmptyByteBufBE)
GET /session/a704637e67639ab815e4f26742f65ff2/screenshot HTTP/1.1
User-Agent: selenium/4.8.1 (java windows)
Cache-Control: no-cache
Content-Type: application/json; charset=utf-8
host: localhost:43965
accept: */*

Response DefaultHttpResponse(decodeResult: success, version: HTTP/1.1)
HTTP/1.1 200 OK
Content-Length: 147920
Content-Type: application/json; charset=utf-8
cache-control: no-cache

02:15:13.357 [AsyncHttpClient-1-5] DEBUG org.asynchttpclient.netty.channel.ChannelManager - Adding key: http://localhost:43965 for channel [id: 0xdefe7e67, L:/127.0.0.1:50805 - R:localhost/127.0.0.1:43965]
02:15:13.360 [main] DEBUG net.serenitybdd.core.photography.Darkroom - Send negative for processing for target\site\serenity\02b4578aad753ecfdcc052514e77bf3c12b27864a0139ef4a3a9ccbb2b0aeb96.png
02:15:13.360 [main] DEBUG net.thucydides.core.steps.StepInterceptor - STEP DONE: clickSubmitButton
02:15:13.360 [Darkroom Processing Line] DEBUG net.serenitybdd.core.photography.DarkroomProcessingLine - Processing screenshot image in /var/screenshots/screenshot-18303439233811823904
02:15:13.360 [Darkroom Processing Line] DEBUG net.serenitybdd.core.photography.DarkroomProcessingLine - Saving screenshot to target\site\serenity\02b4578aad753ecfdcc052514e77bf3c12b27864a0139ef4a3a9ccbb2b0aeb96.png
  &amp#27;[32mWhen &amp#27;[0m&amp#27;[32mI click on the submit button&amp#27;[0m     &amp#27;[90m# starter.stepdefintions.LoginSteps.clickSubmitButton()&amp#27;[0m
02:15:13.367 [Forwarding getPageSource on session a704637e67639ab815e4f26742f65ff2 to remote] DEBUG org.asynchttpclient.netty.request.NettyRequestSender - Using pooled Channel '[id: 0xdefe7e67, L:/127.0.0.1:50805 - R:localhost/127.0.0.1:43965]' for 'POST' to 'http://localhost:43965/session/a704637e67639ab815e4f26742f65ff2/execute/sync'
02:15:13.368 [Forwarding getPageSource on session a704637e67639ab815e4f26742f65ff2 to remote] DEBUG org.asynchttpclient.netty.request.NettyRequestSender - Using open Channel [id: 0xdefe7e67, L:/127.0.0.1:50805 - R:localhost/127.0.0.1:43965] for POST '/session/a704637e67639ab815e4f26742f65ff2/execute/sync'
02:15:13.375 [AsyncHttpClient-1-5] DEBUG org.asynchttpclient.netty.handler.HttpHandler - 

Request DefaultHttpRequest(decodeResult: success, version: HTTP/1.1)
POST /session/a704637e67639ab815e4f26742f65ff2/execute/sync HTTP/1.1
User-Agent: selenium/4.8.1 (java windows)
Content-Length: 176
Content-Type: application/json; charset=utf-8
host: localhost:43965
accept: */*

Response DefaultHttpResponse(decodeResult: success, version: HTTP/1.1)
HTTP/1.1 200 OK
Content-Length: 103524
Content-Type: application/json; charset=utf-8
cache-control: no-cache

02:15:13.375 [AsyncHttpClient-1-5] DEBUG org.asynchttpclient.netty.channel.ChannelManager - Adding key: http://localhost:43965 for channel [id: 0xdefe7e67, L:/127.0.0.1:50805 - R:localhost/127.0.0.1:43965]
02:15:13.380 [Forwarding getCurrentUrl on session a704637e67639ab815e4f26742f65ff2 to remote] DEBUG org.asynchttpclient.netty.request.NettyRequestSender - Using pooled Channel '[id: 0xdefe7e67, L:/127.0.0.1:50805 - R:localhost/127.0.0.1:43965]' for 'GET' to 'http://localhost:43965/session/a704637e67639ab815e4f26742f65ff2/url'
02:15:13.380 [Forwarding getCurrentUrl on session a704637e67639ab815e4f26742f65ff2 to remote] DEBUG org.asynchttpclient.netty.request.NettyRequestSender - Using open Channel [id: 0xdefe7e67, L:/127.0.0.1:50805 - R:localhost/127.0.0.1:43965] for GET '/session/a704637e67639ab815e4f26742f65ff2/url'
02:15:13.382 [AsyncHttpClient-1-5] DEBUG org.asynchttpclient.netty.handler.HttpHandler - 

Request DefaultFullHttpRequest(decodeResult: success, version: HTTP/1.1, content: EmptyByteBufBE)
GET /session/a704637e67639ab815e4f26742f65ff2/url HTTP/1.1
User-Agent: selenium/4.8.1 (java windows)
Cache-Control: no-cache
Content-Type: application/json; charset=utf-8
host: localhost:43965
accept: */*

Response DefaultHttpResponse(decodeResult: success, version: HTTP/1.1)
HTTP/1.1 200 OK
Content-Length: 42
Content-Type: application/json; charset=utf-8
cache-control: no-cache

02:15:13.383 [AsyncHttpClient-1-5] DEBUG org.asynchttpclient.netty.channel.ChannelManager - Adding key: http://localhost:43965 for channel [id: 0xdefe7e67, L:/127.0.0.1:50805 - R:localhost/127.0.0.1:43965]
02:15:13.390 [Forwarding getPageSource on session a704637e67639ab815e4f26742f65ff2 to remote] DEBUG org.asynchttpclient.netty.request.NettyRequestSender - Using pooled Channel '[id: 0xdefe7e67, L:/127.0.0.1:50805 - R:localhost/127.0.0.1:43965]' for 'POST' to 'http://localhost:43965/session/a704637e67639ab815e4f26742f65ff2/execute/sync'
02:15:13.390 [Forwarding getPageSource on session a704637e67639ab815e4f26742f65ff2 to remote] DEBUG org.asynchttpclient.netty.request.NettyRequestSender - Using open Channel [id: 0xdefe7e67, L:/127.0.0.1:50805 - R:localhost/127.0.0.1:43965] for POST '/session/a704637e67639ab815e4f26742f65ff2/execute/sync'
02:15:13.397 [AsyncHttpClient-1-5] DEBUG org.asynchttpclient.netty.handler.HttpHandler - 

Request DefaultHttpRequest(decodeResult: success, version: HTTP/1.1)
POST /session/a704637e67639ab815e4f26742f65ff2/execute/sync HTTP/1.1
User-Agent: selenium/4.8.1 (java windows)
Content-Length: 176
Content-Type: application/json; charset=utf-8
host: localhost:43965
accept: */*

Response DefaultHttpResponse(decodeResult: success, version: HTTP/1.1)
HTTP/1.1 200 OK
Content-Length: 103524
Content-Type: application/json; charset=utf-8
cache-control: no-cache

02:15:13.398 [AsyncHttpClient-1-5] DEBUG org.asynchttpclient.netty.channel.ChannelManager - Adding key: http://localhost:43965 for channel [id: 0xdefe7e67, L:/127.0.0.1:50805 - R:localhost/127.0.0.1:43965]
02:15:13.402 [Forwarding getCurrentUrl on session a704637e67639ab815e4f26742f65ff2 to remote] DEBUG org.asynchttpclient.netty.request.NettyRequestSender - Using pooled Channel '[id: 0xdefe7e67, L:/127.0.0.1:50805 - R:localhost/127.0.0.1:43965]' for 'GET' to 'http://localhost:43965/session/a704637e67639ab815e4f26742f65ff2/url'
02:15:13.402 [Forwarding getCurrentUrl on session a704637e67639ab815e4f26742f65ff2 to remote] DEBUG org.asynchttpclient.netty.request.NettyRequestSender - Using open Channel [id: 0xdefe7e67, L:/127.0.0.1:50805 - R:localhost/127.0.0.1:43965] for GET '/session/a704637e67639ab815e4f26742f65ff2/url'
02:15:13.406 [AsyncHttpClient-1-5] DEBUG org.asynchttpclient.netty.handler.HttpHandler - 

Request DefaultFullHttpRequest(decodeResult: success, version: HTTP/1.1, content: EmptyByteBufBE)
GET /session/a704637e67639ab815e4f26742f65ff2/url HTTP/1.1
User-Agent: selenium/4.8.1 (java windows)
Cache-Control: no-cache
Content-Type: application/json; charset=utf-8
host: localhost:43965
accept: */*

Response DefaultHttpResponse(decodeResult: success, version: HTTP/1.1)
HTTP/1.1 200 OK
Content-Length: 42
Content-Type: application/json; charset=utf-8
cache-control: no-cache

02:15:13.406 [AsyncHttpClient-1-5] DEBUG org.asynchttpclient.netty.channel.ChannelManager - Adding key: http://localhost:43965 for channel [id: 0xdefe7e67, L:/127.0.0.1:50805 - R:localhost/127.0.0.1:43965]
02:15:13.408 [main] DEBUG net.thucydides.core.steps.StepInterceptor - STARTING STEP: LoginSteps.credentialAlert - incorrectCredentialAlert
02:15:13.410 [Forwarding findElement on session a704637e67639ab815e4f26742f65ff2 to remote] DEBUG org.asynchttpclient.netty.request.NettyRequestSender - Using pooled Channel '[id: 0xdefe7e67, L:/127.0.0.1:50805 - R:localhost/127.0.0.1:43965]' for 'POST' to 'http://localhost:43965/session/a704637e67639ab815e4f26742f65ff2/element'
02:15:13.410 [Forwarding findElement on session a704637e67639ab815e4f26742f65ff2 to remote] DEBUG org.asynchttpclient.netty.request.NettyRequestSender - Using open Channel [id: 0xdefe7e67, L:/127.0.0.1:50805 - R:localhost/127.0.0.1:43965] for POST '/session/a704637e67639ab815e4f26742f65ff2/element'
02:15:13.950 [AsyncHttpClient-1-1] DEBUG org.asynchttpclient.netty.channel.DefaultChannelPool - Entry count for : http://localhost:50806 : 1
02:15:14.940 [AsyncHttpClient-1-5] DEBUG org.asynchttpclient.netty.handler.HttpHandler - 

Request DefaultHttpRequest(decodeResult: success, version: HTTP/1.1)
POST /session/a704637e67639ab815e4f26742f65ff2/element HTTP/1.1
User-Agent: selenium/4.8.1 (java windows)
Content-Length: 62
Content-Type: application/json; charset=utf-8
host: localhost:43965
accept: */*

Response DefaultHttpResponse(decodeResult: success, version: HTTP/1.1)
HTTP/1.1 200 OK
Content-Length: 88
Content-Type: application/json; charset=utf-8
cache-control: no-cache

02:15:14.940 [AsyncHttpClient-1-5] DEBUG org.asynchttpclient.netty.channel.ChannelManager - Adding key: http://localhost:43965 for channel [id: 0xdefe7e67, L:/127.0.0.1:50805 - R:localhost/127.0.0.1:43965]
02:15:14.942 [Forwarding isElementDisplayed on session a704637e67639ab815e4f26742f65ff2 to remote] DEBUG org.asynchttpclient.netty.request.NettyRequestSender - Using pooled Channel '[id: 0xdefe7e67, L:/127.0.0.1:50805 - R:localhost/127.0.0.1:43965]' for 'POST' to 'http://localhost:43965/session/a704637e67639ab815e4f26742f65ff2/execute/sync'
02:15:14.942 [Forwarding isElementDisplayed on session a704637e67639ab815e4f26742f65ff2 to remote] DEBUG org.asynchttpclient.netty.request.NettyRequestSender - Using open Channel [id: 0xdefe7e67, L:/127.0.0.1:50805 - R:localhost/127.0.0.1:43965] for POST '/session/a704637e67639ab815e4f26742f65ff2/execute/sync'
02:15:14.953 [AsyncHttpClient-1-5] DEBUG org.asynchttpclient.netty.handler.HttpHandler - 

Request DefaultHttpRequest(decodeResult: success, version: HTTP/1.1)
POST /session/a704637e67639ab815e4f26742f65ff2/execute/sync HTTP/1.1
User-Agent: selenium/4.8.1 (java windows)
Content-Length: 48807
Content-Type: application/json; charset=utf-8
host: localhost:43965
accept: */*

Response DefaultHttpResponse(decodeResult: success, version: HTTP/1.1)
HTTP/1.1 200 OK
Content-Length: 14
Content-Type: application/json; charset=utf-8
cache-control: no-cache

02:15:14.953 [AsyncHttpClient-1-5] DEBUG org.asynchttpclient.netty.channel.ChannelManager - Adding key: http://localhost:43965 for channel [id: 0xdefe7e67, L:/127.0.0.1:50805 - R:localhost/127.0.0.1:43965]
02:15:14.957 [Forwarding getAlertText on session a704637e67639ab815e4f26742f65ff2 to remote] DEBUG org.asynchttpclient.netty.request.NettyRequestSender - Using pooled Channel '[id: 0xdefe7e67, L:/127.0.0.1:50805 - R:localhost/127.0.0.1:43965]' for 'GET' to 'http://localhost:43965/session/a704637e67639ab815e4f26742f65ff2/alert/text'
02:15:14.957 [Forwarding getAlertText on session a704637e67639ab815e4f26742f65ff2 to remote] DEBUG org.asynchttpclient.netty.request.NettyRequestSender - Using open Channel [id: 0xdefe7e67, L:/127.0.0.1:50805 - R:localhost/127.0.0.1:43965] for GET '/session/a704637e67639ab815e4f26742f65ff2/alert/text'
02:15:14.958 [AsyncHttpClient-1-5] DEBUG org.asynchttpclient.netty.handler.HttpHandler - 

Request DefaultFullHttpRequest(decodeResult: success, version: HTTP/1.1, content: EmptyByteBufBE)
GET /session/a704637e67639ab815e4f26742f65ff2/alert/text HTTP/1.1
User-Agent: selenium/4.8.1 (java windows)
Cache-Control: no-cache
Content-Type: application/json; charset=utf-8
host: localhost:43965
accept: */*

Response DefaultHttpResponse(decodeResult: success, version: HTTP/1.1)
HTTP/1.1 404 Not Found
Content-Length: 835
Content-Type: application/json; charset=utf-8
cache-control: no-cache

02:15:14.958 [AsyncHttpClient-1-5] DEBUG org.asynchttpclient.netty.channel.ChannelManager - Adding key: http://localhost:43965 for channel [id: 0xdefe7e67, L:/127.0.0.1:50805 - R:localhost/127.0.0.1:43965]
02:15:14.960 [Forwarding getCurrentUrl on session a704637e67639ab815e4f26742f65ff2 to remote] DEBUG org.asynchttpclient.netty.request.NettyRequestSender - Using pooled Channel '[id: 0xdefe7e67, L:/127.0.0.1:50805 - R:localhost/127.0.0.1:43965]' for 'GET' to 'http://localhost:43965/session/a704637e67639ab815e4f26742f65ff2/url'
02:15:14.960 [Forwarding getCurrentUrl on session a704637e67639ab815e4f26742f65ff2 to remote] DEBUG org.asynchttpclient.netty.request.NettyRequestSender - Using open Channel [id: 0xdefe7e67, L:/127.0.0.1:50805 - R:localhost/127.0.0.1:43965] for GET '/session/a704637e67639ab815e4f26742f65ff2/url'
02:15:14.963 [AsyncHttpClient-1-5] DEBUG org.asynchttpclient.netty.handler.HttpHandler - 

Request DefaultFullHttpRequest(decodeResult: success, version: HTTP/1.1, content: EmptyByteBufBE)
GET /session/a704637e67639ab815e4f26742f65ff2/url HTTP/1.1
User-Agent: selenium/4.8.1 (java windows)
Cache-Control: no-cache
Content-Type: application/json; charset=utf-8
host: localhost:43965
accept: */*

Response DefaultHttpResponse(decodeResult: success, version: HTTP/1.1)
HTTP/1.1 200 OK
Content-Length: 42
Content-Type: application/json; charset=utf-8
cache-control: no-cache

02:15:14.963 [AsyncHttpClient-1-5] DEBUG org.asynchttpclient.netty.channel.ChannelManager - Adding key: http://localhost:43965 for channel [id: 0xdefe7e67, L:/127.0.0.1:50805 - R:localhost/127.0.0.1:43965]
02:15:14.964 [Forwarding screenshot on session a704637e67639ab815e4f26742f65ff2 to remote] DEBUG org.asynchttpclient.netty.request.NettyRequestSender - Using pooled Channel '[id: 0xdefe7e67, L:/127.0.0.1:50805 - R:localhost/127.0.0.1:43965]' for 'GET' to 'http://localhost:43965/session/a704637e67639ab815e4f26742f65ff2/screenshot'
02:15:14.964 [Forwarding screenshot on session a704637e67639ab815e4f26742f65ff2 to remote] DEBUG org.asynchttpclient.netty.request.NettyRequestSender - Using open Channel [id: 0xdefe7e67, L:/127.0.0.1:50805 - R:localhost/127.0.0.1:43965] for GET '/session/a704637e67639ab815e4f26742f65ff2/screenshot'
02:15:15.049 [AsyncHttpClient-1-1] DEBUG org.asynchttpclient.netty.channel.DefaultChannelPool - Entry count for : http://localhost:50806 : 1
02:15:15.091 [AsyncHttpClient-1-5] DEBUG org.asynchttpclient.netty.handler.HttpHandler - 

Request DefaultFullHttpRequest(decodeResult: success, version: HTTP/1.1, content: EmptyByteBufBE)
GET /session/a704637e67639ab815e4f26742f65ff2/screenshot HTTP/1.1
User-Agent: selenium/4.8.1 (java windows)
Cache-Control: no-cache
Content-Type: application/json; charset=utf-8
host: localhost:43965
accept: */*

Response DefaultHttpResponse(decodeResult: success, version: HTTP/1.1)
HTTP/1.1 200 OK
Content-Length: 264852
Content-Type: application/json; charset=utf-8
cache-control: no-cache

02:15:15.092 [AsyncHttpClient-1-5] DEBUG org.asynchttpclient.netty.channel.ChannelManager - Adding key: http://localhost:43965 for channel [id: 0xdefe7e67, L:/127.0.0.1:50805 - R:localhost/127.0.0.1:43965]
02:15:15.097 [main] DEBUG net.serenitybdd.core.photography.Darkroom - Send negative for processing for target\site\serenity\f2d6886c7b29257047bf8334de1cb56d33a162ea20173b96c376e29512171428.png
02:15:15.097 [main] DEBUG net.thucydides.core.steps.StepInterceptor - STEP DONE: incorrectCredentialAlert
  &amp#27;[32mThen &amp#27;[0m&amp#27;[32mI should see the error message&amp#27;[0m   &amp#27;[90m# starter.stepdefintions.LoginSteps.credentialAlert()&amp#27;[0m
02:15:15.097 [Darkroom Processing Line] DEBUG net.serenitybdd.core.photography.DarkroomProcessingLine - Processing screenshot image in /var/screenshots/screenshot-3279314247456696370
02:15:15.097 [Darkroom Processing Line] DEBUG net.serenitybdd.core.photography.DarkroomProcessingLine - Saving screenshot to target\site\serenity\f2d6886c7b29257047bf8334de1cb56d33a162ea20173b96c376e29512171428.png
02:15:15.103 [main] INFO  - 
  _____   ___   ___   _____     ___     _     ___   ___   ___   ___  
 |_   _| | __| / __| |_   _|   | _ \   /_\   / __| / __| | __| |   \ 
   | |   | _|  \__ \   | |     |  _/  / _ \  \__ \ \__ \ | _|  | |) |
   |_|   |___| |___/   |_|     |_|   /_/ \_\ |___/ |___/ |___| |___/ 

Login with incorrect password
----------------------------------------------------------------------
02:15:15.105 [Driver Command Executor] DEBUG org.asynchttpclient.netty.request.NettyRequestSender - Using pooled Channel '[id: 0xdefe7e67, L:/127.0.0.1:50805 - R:localhost/127.0.0.1:43965]' for 'DELETE' to 'http://localhost:43965/session/a704637e67639ab815e4f26742f65ff2'
02:15:15.105 [Driver Command Executor] DEBUG org.asynchttpclient.netty.request.NettyRequestSender - Using open Channel [id: 0xdefe7e67, L:/127.0.0.1:50805 - R:localhost/127.0.0.1:43965] for DELETE '/session/a704637e67639ab815e4f26742f65ff2'
02:15:15.105 [AsyncHttpClient-1-7] DEBUG org.asynchttpclient.netty.handler.WebSocketHandler - Channel Closed: [id: 0x7f1e69de, L:/127.0.0.1:50813 ! R:localhost/127.0.0.1:50806] with attribute NettyResponseFuture{currentRetry=0,
	isDone=1,
	isCancelled=0,
	asyncHandler=org.asynchttpclient.ws.WebSocketUpgradeHandler@47d1c3f5,
	nettyRequest=org.asynchttpclient.netty.request.NettyRequest@2d3456b,
	future=java.util.concurrent.CompletableFuture@23ea834[Completed normally],
	uri=ws://localhost:50806/devtools/browser/10fdf671-f6e0-40d1-9a91-93af0afdb676,
	keepAlive=true,
	redirectCount=0,
	timeoutsHolder=null,
	inAuth=0,
	touch=1680894907173}
02:15:15.106 [AsyncHttpClient-1-7] DEBUG org.asynchttpclient.netty.channel.ChannelManager - Closing Channel [id: 0x7f1e69de, L:/127.0.0.1:50813 ! R:localhost/127.0.0.1:50806] 
02:15:15.148 [AsyncHttpClient-1-6] DEBUG org.asynchttpclient.netty.handler.HttpHandler - Unexpected I/O exception on channel [id: 0x5af19cfc, L:/127.0.0.1:50812 - R:localhost/127.0.0.1:50806]
java.net.SocketException: Connection reset
	at java.base/sun.nio.ch.SocketChannelImpl.throwConnectionReset(SocketChannelImpl.java:367)
	at java.base/sun.nio.ch.SocketChannelImpl.read(SocketChannelImpl.java:398)
	at io.netty.buffer.PooledByteBuf.setBytes(PooledByteBuf.java:259)
	at io.netty.buffer.AbstractByteBuf.writeBytes(AbstractByteBuf.java:1132)
	at io.netty.channel.socket.nio.NioSocketChannel.doReadBytes(NioSocketChannel.java:357)
	at io.netty.channel.nio.AbstractNioByteChannel$NioByteUnsafe.read(AbstractNioByteChannel.java:151)
	at io.netty.channel.nio.NioEventLoop.processSelectedKey(NioEventLoop.java:788)
	at io.netty.channel.nio.NioEventLoop.processSelectedKeysOptimized(NioEventLoop.java:724)
	at io.netty.channel.nio.NioEventLoop.processSelectedKeys(NioEventLoop.java:650)
	at io.netty.channel.nio.NioEventLoop.run(NioEventLoop.java:562)
	at io.netty.util.concurrent.SingleThreadEventExecutor$4.run(SingleThreadEventExecutor.java:997)
	at io.netty.util.internal.ThreadExecutorMap$2.run(ThreadExecutorMap.java:74)
	at io.netty.util.concurrent.FastThreadLocalRunnable.run(FastThreadLocalRunnable.java:30)
	at java.base/java.lang.Thread.run(Thread.java:832)
02:15:15.149 [AsyncHttpClient-1-6] DEBUG org.asynchttpclient.netty.channel.ChannelManager - Closing Channel [id: 0x5af19cfc, L:/127.0.0.1:50812 - R:localhost/127.0.0.1:50806] 
02:15:15.149 [AsyncHttpClient-1-6] DEBUG org.asynchttpclient.netty.handler.HttpHandler - Channel Closed: [id: 0x5af19cfc, L:/127.0.0.1:50812 ! R:localhost/127.0.0.1:50806] with attribute DISCARD
02:15:15.165 [AsyncHttpClient-1-5] DEBUG org.asynchttpclient.netty.handler.HttpHandler - 

Request DefaultFullHttpRequest(decodeResult: success, version: HTTP/1.1, content: EmptyByteBufBE)
DELETE /session/a704637e67639ab815e4f26742f65ff2 HTTP/1.1
User-Agent: selenium/4.8.1 (java windows)
Content-Type: application/json; charset=utf-8
host: localhost:43965
accept: */*

Response DefaultHttpResponse(decodeResult: success, version: HTTP/1.1)
HTTP/1.1 200 OK
Content-Length: 14
Content-Type: application/json; charset=utf-8
cache-control: no-cache

02:15:15.166 [AsyncHttpClient-1-5] DEBUG org.asynchttpclient.netty.channel.ChannelManager - Adding key: http://localhost:43965 for channel [id: 0xdefe7e67, L:/127.0.0.1:50805 - R:localhost/127.0.0.1:43965]
02:15:15.325 [AsyncHttpClient-1-5] DEBUG org.asynchttpclient.netty.handler.HttpHandler - Channel Closed: [id: 0xdefe7e67, L:/127.0.0.1:50805 ! R:localhost/127.0.0.1:43965] with attribute DISCARD
]]></system-out>
    <system-err><![CDATA[Starting ChromeDriver 111.0.5563.64 (c710e93d5b63b7095afe8c2c17df34408078439d-refs/branch-heads/5563@{#995}) on port 43965
Only local connections are allowed.
Please see https://chromedriver.chromium.org/security-considerations for suggestions on keeping ChromeDriver safe.
ChromeDriver was started successfully.
[1680894907.149][WARNING]: This version of ChromeDriver has not been tested with Chrome version 112.
Apr 08, 2023 2:15:07 AM org.openqa.selenium.devtools.CdpVersionFinder findNearestMatch
WARNING: Unable to find an exact match for CDP version 112, so returning the closest version found: 110
]]></system-err>
  </testcase>
  <testcase name="Select Payment Method Dana After Choosing Product" classname="Select Payment Method" time="15.922">
    <system-out><![CDATA[02:15:15.855 [main] DEBUG io.cucumber.core.plugin.SerenityReporter - Running feature from file:///C:/Users/WINDOWS%2010/Documents/GitHub/QE_Andira_Ms/11_Web_Programming_&_Testing/Praktikum/Testing_with_Serenity/Prioritas2/alta/src/test/resources/features/PaymentMethod.feature
02:15:15.858 [main] DEBUG net.thucydides.core.steps.StepEventBus - Test suite started for story net.thucydides.core.model.Story@1f3cee16
02:15:15.859 [main] INFO  - Test Suite Started: Select Payment Method

Scenario: Select Payment Method Dana After Choosing Product &amp#27;[90m# src/test/resources/features/PaymentMethod.feature:3&amp#27;[0m
02:15:15.865 [main] DEBUG io.cucumber.core.plugin.SerenityReporter - Running feature from file:///C:/Users/WINDOWS%2010/Documents/GitHub/QE_Andira_Ms/11_Web_Programming_&_Testing/Praktikum/Testing_with_Serenity/Prioritas2/alta/src/test/resources/features/PaymentMethod.feature
02:15:15.866 [main] INFO  - 
  _____   ___   ___   _____     ___   _____     _     ___   _____   ___   ___  
 |_   _| | __| / __| |_   _|   / __| |_   _|   /_\   | _ \ |_   _| | __| |   \ 
   | |   | _|  \__ \   | |     \__ \   | |    / _ \  |   /   | |   | _|  | |) |
   |_|   |___| |___/   |_|     |___/   |_|   /_/ \_\ |_|_\   |_|   |___| |___/ 

Select Payment Method Dana After Choosing Product(select-payment-method;select-payment-method-dana-after-choosing-product)
--------------------------------------------------------------------------------
02:15:15.958 [main] DEBUG net.thucydides.core.steps.StepInterceptor - STARTING STEP: PaymentMethodSteps.onTheListrikPLNPage - openPage
02:15:15.991 [main] INFO net.serenitybdd.core.webdriver.driverproviders.ChromeDriverProvider - Starting Chrome driver instance with capabilities:
02:15:15.992 [main] INFO net.serenitybdd.core.webdriver.driverproviders.ChromeDriverProvider - Capabilities {acceptInsecureCerts: false, browserName: chrome, goog:chromeOptions: {args: [remote-allow-origins=*], extensions: []}}
02:15:16.065 [AsyncHttpClient-1-8] DEBUG org.asynchttpclient.netty.channel.NettyConnectListener - Using new Channel '[id: 0xedebb837, L:/127.0.0.1:50854 - R:localhost/127.0.0.1:22720]' for 'POST' to '/session'
02:15:16.149 [AsyncHttpClient-1-1] DEBUG org.asynchttpclient.netty.channel.DefaultChannelPool - Entry count for : http://localhost:43965 : 1
02:15:16.149 [AsyncHttpClient-1-1] DEBUG org.asynchttpclient.netty.channel.DefaultChannelPool - Entry count for : http://localhost:50806 : 1
02:15:16.149 [AsyncHttpClient-1-1] DEBUG org.asynchttpclient.netty.channel.DefaultChannelPool - Adding Candidate expired Channel [id: 0xdefe7e67, L:/127.0.0.1:50805 ! R:localhost/127.0.0.1:43965] isIdleTimeoutExpired=false isRemotelyClosed=true isTtlExpired=false
02:15:16.149 [AsyncHttpClient-1-1] DEBUG org.asynchttpclient.netty.channel.DefaultChannelPool - Closing Idle Channel [id: 0xdefe7e67, L:/127.0.0.1:50805 ! R:localhost/127.0.0.1:43965]
02:15:16.149 [AsyncHttpClient-1-1] DEBUG org.asynchttpclient.netty.channel.DefaultChannelPool - Adding Candidate expired Channel [id: 0x5af19cfc, L:/127.0.0.1:50812 ! R:localhost/127.0.0.1:50806] isIdleTimeoutExpired=false isRemotelyClosed=true isTtlExpired=false
02:15:16.149 [AsyncHttpClient-1-1] DEBUG org.asynchttpclient.netty.channel.DefaultChannelPool - Closing Idle Channel [id: 0x5af19cfc, L:/127.0.0.1:50812 ! R:localhost/127.0.0.1:50806]
02:15:16.149 [AsyncHttpClient-1-1] DEBUG org.asynchttpclient.netty.channel.DefaultChannelPool - Closed 2 connections out of 2 in 0 ms
02:15:16.655 [AsyncHttpClient-1-8] DEBUG org.asynchttpclient.netty.handler.HttpHandler - 

Request DefaultHttpRequest(decodeResult: success, version: HTTP/1.1)
POST /session HTTP/1.1
User-Agent: selenium/4.8.1 (java windows)
Content-Length: 507
Content-Type: application/json; charset=utf-8
host: localhost:22720
accept: */*

Response DefaultHttpResponse(decodeResult: success, version: HTTP/1.1)
HTTP/1.1 200 OK
Content-Length: 860
Content-Type: application/json; charset=utf-8
cache-control: no-cache

02:15:16.656 [AsyncHttpClient-1-8] DEBUG org.asynchttpclient.netty.channel.ChannelManager - Adding key: http://localhost:22720 for channel [id: 0xedebb837, L:/127.0.0.1:50854 - R:localhost/127.0.0.1:22720]
02:15:16.660 [AsyncHttpClient-1-9] DEBUG org.asynchttpclient.netty.channel.NettyConnectListener - Using new Channel '[id: 0x2d1bfaf1, L:/127.0.0.1:50862 - R:localhost/127.0.0.1:50855]' for 'GET' to '/json/version'
02:15:16.662 [AsyncHttpClient-1-9] DEBUG org.asynchttpclient.netty.handler.HttpHandler - 

Request DefaultFullHttpRequest(decodeResult: success, version: HTTP/1.1, content: EmptyByteBufBE)
GET /json/version HTTP/1.1
User-Agent: selenium/4.8.1 (java windows)
host: localhost:50855
accept: */*

Response DefaultHttpResponse(decodeResult: success, version: HTTP/1.1)
HTTP/1.1 200 OK
Content-Security-Policy: frame-ancestors 'none'
Content-Length: 422
Content-Type: application/json; charset=UTF-8

02:15:16.662 [AsyncHttpClient-1-9] DEBUG org.asynchttpclient.netty.channel.ChannelManager - Adding key: http://localhost:50855 for channel [id: 0x2d1bfaf1, L:/127.0.0.1:50862 - R:localhost/127.0.0.1:50855]
02:15:16.664 [AsyncHttpClient-1-10] DEBUG org.asynchttpclient.netty.channel.NettyConnectListener - Using new Channel '[id: 0xb1d7e4e4, L:/127.0.0.1:50863 - R:localhost/127.0.0.1:50855]' for 'GET' to '/devtools/browser/3bd28b84-3da8-4789-8146-5eef0a24a0f9'
02:15:16.666 [AsyncHttpClient-1-10] DEBUG org.asynchttpclient.netty.handler.WebSocketHandler - 

Request DefaultFullHttpRequest(decodeResult: success, version: HTTP/1.1, content: EmptyByteBufBE)
GET /devtools/browser/3bd28b84-3da8-4789-8146-5eef0a24a0f9 HTTP/1.1
upgrade: websocket
connection: upgrade
sec-websocket-key: Eo15uAMkBEgu5pN0pqhC+w==
sec-websocket-version: 13
origin: http://localhost:50855
host: localhost:50855
accept: */*
user-agent: AHC/2.1

Response DefaultHttpResponse(decodeResult: success, version: HTTP/1.1)
HTTP/1.1 101 WebSocket Protocol Handshake
Upgrade: WebSocket
Connection: Upgrade
Sec-WebSocket-Accept: dtN+qo12vdi0lw2mErndqZIGvog=

02:15:16.669 [Forwarding get on session bb44736b667a5010e82d83e9fac738cb to remote] DEBUG org.asynchttpclient.netty.request.NettyRequestSender - Using pooled Channel '[id: 0xedebb837, L:/127.0.0.1:50854 - R:localhost/127.0.0.1:22720]' for 'POST' to 'http://localhost:22720/session/bb44736b667a5010e82d83e9fac738cb/url'
02:15:16.669 [Forwarding get on session bb44736b667a5010e82d83e9fac738cb to remote] DEBUG org.asynchttpclient.netty.request.NettyRequestSender - Using open Channel [id: 0xedebb837, L:/127.0.0.1:50854 - R:localhost/127.0.0.1:22720] for POST '/session/bb44736b667a5010e82d83e9fac738cb/url'
02:15:17.259 [AsyncHttpClient-1-1] DEBUG org.asynchttpclient.netty.channel.DefaultChannelPool - Entry count for : http://localhost:50855 : 1
02:15:18.349 [AsyncHttpClient-1-1] DEBUG org.asynchttpclient.netty.channel.DefaultChannelPool - Entry count for : http://localhost:50855 : 1
02:15:19.449 [AsyncHttpClient-1-1] DEBUG org.asynchttpclient.netty.channel.DefaultChannelPool - Entry count for : http://localhost:50855 : 1
02:15:19.684 [AsyncHttpClient-1-8] DEBUG org.asynchttpclient.netty.handler.HttpHandler - 

Request DefaultHttpRequest(decodeResult: success, version: HTTP/1.1)
POST /session/bb44736b667a5010e82d83e9fac738cb/url HTTP/1.1
User-Agent: selenium/4.8.1 (java windows)
Content-Length: 54
Content-Type: application/json; charset=utf-8
host: localhost:22720
accept: */*

Response DefaultHttpResponse(decodeResult: success, version: HTTP/1.1)
HTTP/1.1 200 OK
Content-Length: 14
Content-Type: application/json; charset=utf-8
cache-control: no-cache

02:15:19.684 [AsyncHttpClient-1-8] DEBUG org.asynchttpclient.netty.channel.ChannelManager - Adding key: http://localhost:22720 for channel [id: 0xedebb837, L:/127.0.0.1:50854 - R:localhost/127.0.0.1:22720]
02:15:19.685 [Forwarding setTimeout on session bb44736b667a5010e82d83e9fac738cb to remote] DEBUG org.asynchttpclient.netty.request.NettyRequestSender - Using pooled Channel '[id: 0xedebb837, L:/127.0.0.1:50854 - R:localhost/127.0.0.1:22720]' for 'POST' to 'http://localhost:22720/session/bb44736b667a5010e82d83e9fac738cb/timeouts'
02:15:19.685 [Forwarding setTimeout on session bb44736b667a5010e82d83e9fac738cb to remote] DEBUG org.asynchttpclient.netty.request.NettyRequestSender - Using open Channel [id: 0xedebb837, L:/127.0.0.1:50854 - R:localhost/127.0.0.1:22720] for POST '/session/bb44736b667a5010e82d83e9fac738cb/timeouts'
02:15:19.686 [AsyncHttpClient-1-8] DEBUG org.asynchttpclient.netty.handler.HttpHandler - 

Request DefaultHttpRequest(decodeResult: success, version: HTTP/1.1)
POST /session/bb44736b667a5010e82d83e9fac738cb/timeouts HTTP/1.1
User-Agent: selenium/4.8.1 (java windows)
Content-Length: 22
Content-Type: application/json; charset=utf-8
host: localhost:22720
accept: */*

Response DefaultHttpResponse(decodeResult: success, version: HTTP/1.1)
HTTP/1.1 200 OK
Content-Length: 14
Content-Type: application/json; charset=utf-8
cache-control: no-cache

02:15:19.686 [AsyncHttpClient-1-8] DEBUG org.asynchttpclient.netty.channel.ChannelManager - Adding key: http://localhost:22720 for channel [id: 0xedebb837, L:/127.0.0.1:50854 - R:localhost/127.0.0.1:22720]
02:15:19.690 [main] DEBUG net.serenitybdd.core.photography.Darkroom - Opening darkroom
02:15:19.690 [Darkroom Processing Line] DEBUG net.serenitybdd.core.photography.DarkroomProcessingLine - Darkroom processing line starting up
02:15:19.691 [Forwarding getAlertText on session bb44736b667a5010e82d83e9fac738cb to remote] DEBUG org.asynchttpclient.netty.request.NettyRequestSender - Using pooled Channel '[id: 0xedebb837, L:/127.0.0.1:50854 - R:localhost/127.0.0.1:22720]' for 'GET' to 'http://localhost:22720/session/bb44736b667a5010e82d83e9fac738cb/alert/text'
02:15:19.691 [Forwarding getAlertText on session bb44736b667a5010e82d83e9fac738cb to remote] DEBUG org.asynchttpclient.netty.request.NettyRequestSender - Using open Channel [id: 0xedebb837, L:/127.0.0.1:50854 - R:localhost/127.0.0.1:22720] for GET '/session/bb44736b667a5010e82d83e9fac738cb/alert/text'
02:15:19.692 [AsyncHttpClient-1-8] DEBUG org.asynchttpclient.netty.handler.HttpHandler - 

Request DefaultFullHttpRequest(decodeResult: success, version: HTTP/1.1, content: EmptyByteBufBE)
GET /session/bb44736b667a5010e82d83e9fac738cb/alert/text HTTP/1.1
User-Agent: selenium/4.8.1 (java windows)
Cache-Control: no-cache
Content-Type: application/json; charset=utf-8
host: localhost:22720
accept: */*

Response DefaultHttpResponse(decodeResult: success, version: HTTP/1.1)
HTTP/1.1 404 Not Found
Content-Length: 835
Content-Type: application/json; charset=utf-8
cache-control: no-cache

02:15:19.692 [AsyncHttpClient-1-8] DEBUG org.asynchttpclient.netty.channel.ChannelManager - Adding key: http://localhost:22720 for channel [id: 0xedebb837, L:/127.0.0.1:50854 - R:localhost/127.0.0.1:22720]
02:15:19.693 [Forwarding getCurrentUrl on session bb44736b667a5010e82d83e9fac738cb to remote] DEBUG org.asynchttpclient.netty.request.NettyRequestSender - Using pooled Channel '[id: 0xedebb837, L:/127.0.0.1:50854 - R:localhost/127.0.0.1:22720]' for 'GET' to 'http://localhost:22720/session/bb44736b667a5010e82d83e9fac738cb/url'
02:15:19.693 [Forwarding getCurrentUrl on session bb44736b667a5010e82d83e9fac738cb to remote] DEBUG org.asynchttpclient.netty.request.NettyRequestSender - Using open Channel [id: 0xedebb837, L:/127.0.0.1:50854 - R:localhost/127.0.0.1:22720] for GET '/session/bb44736b667a5010e82d83e9fac738cb/url'
02:15:19.696 [AsyncHttpClient-1-8] DEBUG org.asynchttpclient.netty.handler.HttpHandler - 

Request DefaultFullHttpRequest(decodeResult: success, version: HTTP/1.1, content: EmptyByteBufBE)
GET /session/bb44736b667a5010e82d83e9fac738cb/url HTTP/1.1
User-Agent: selenium/4.8.1 (java windows)
Cache-Control: no-cache
Content-Type: application/json; charset=utf-8
host: localhost:22720
accept: */*

Response DefaultHttpResponse(decodeResult: success, version: HTTP/1.1)
HTTP/1.1 200 OK
Content-Length: 36
Content-Type: application/json; charset=utf-8
cache-control: no-cache

02:15:19.697 [AsyncHttpClient-1-8] DEBUG org.asynchttpclient.netty.channel.ChannelManager - Adding key: http://localhost:22720 for channel [id: 0xedebb837, L:/127.0.0.1:50854 - R:localhost/127.0.0.1:22720]
02:15:19.697 [Forwarding screenshot on session bb44736b667a5010e82d83e9fac738cb to remote] DEBUG org.asynchttpclient.netty.request.NettyRequestSender - Using pooled Channel '[id: 0xedebb837, L:/127.0.0.1:50854 - R:localhost/127.0.0.1:22720]' for 'GET' to 'http://localhost:22720/session/bb44736b667a5010e82d83e9fac738cb/screenshot'
02:15:19.697 [Forwarding screenshot on session bb44736b667a5010e82d83e9fac738cb to remote] DEBUG org.asynchttpclient.netty.request.NettyRequestSender - Using open Channel [id: 0xedebb837, L:/127.0.0.1:50854 - R:localhost/127.0.0.1:22720] for GET '/session/bb44736b667a5010e82d83e9fac738cb/screenshot'
02:15:19.954 [AsyncHttpClient-1-8] DEBUG org.asynchttpclient.netty.handler.HttpHandler - 

Request DefaultFullHttpRequest(decodeResult: success, version: HTTP/1.1, content: EmptyByteBufBE)
GET /session/bb44736b667a5010e82d83e9fac738cb/screenshot HTTP/1.1
User-Agent: selenium/4.8.1 (java windows)
Cache-Control: no-cache
Content-Type: application/json; charset=utf-8
host: localhost:22720
accept: */*

Response DefaultHttpResponse(decodeResult: success, version: HTTP/1.1)
HTTP/1.1 200 OK
Content-Length: 197212
Content-Type: application/json; charset=utf-8
cache-control: no-cache

02:15:19.955 [AsyncHttpClient-1-8] DEBUG org.asynchttpclient.netty.channel.ChannelManager - Adding key: http://localhost:22720 for channel [id: 0xedebb837, L:/127.0.0.1:50854 - R:localhost/127.0.0.1:22720]
02:15:19.959 [main] DEBUG net.serenitybdd.core.photography.Darkroom - Send negative for processing for target\site\serenity\491d82c1a2f9ea68d158f21f331126793a99d2e5eb5896c025c29514d90c5073.png
02:15:19.959 [main] DEBUG net.thucydides.core.steps.StepInterceptor - STEP DONE: openPage
02:15:19.959 [Darkroom Processing Line] DEBUG net.serenitybdd.core.photography.DarkroomProcessingLine - Processing screenshot image in /var/screenshots/screenshot-1358384961314474661
02:15:19.959 [Darkroom Processing Line] DEBUG net.serenitybdd.core.photography.DarkroomProcessingLine - Saving screenshot to target\site\serenity\491d82c1a2f9ea68d158f21f331126793a99d2e5eb5896c025c29514d90c5073.png
02:15:19.967 [Forwarding getPageSource on session bb44736b667a5010e82d83e9fac738cb to remote] DEBUG org.asynchttpclient.netty.request.NettyRequestSender - Using pooled Channel '[id: 0xedebb837, L:/127.0.0.1:50854 - R:localhost/127.0.0.1:22720]' for 'POST' to 'http://localhost:22720/session/bb44736b667a5010e82d83e9fac738cb/execute/sync'
02:15:19.967 [Forwarding getPageSource on session bb44736b667a5010e82d83e9fac738cb to remote] DEBUG org.asynchttpclient.netty.request.NettyRequestSender - Using open Channel [id: 0xedebb837, L:/127.0.0.1:50854 - R:localhost/127.0.0.1:22720] for POST '/session/bb44736b667a5010e82d83e9fac738cb/execute/sync'
02:15:19.994 [AsyncHttpClient-1-8] DEBUG org.asynchttpclient.netty.handler.HttpHandler - 

Request DefaultHttpRequest(decodeResult: success, version: HTTP/1.1)
POST /session/bb44736b667a5010e82d83e9fac738cb/execute/sync HTTP/1.1
User-Agent: selenium/4.8.1 (java windows)
Content-Length: 176
Content-Type: application/json; charset=utf-8
host: localhost:22720
accept: */*

Response DefaultHttpResponse(decodeResult: success, version: HTTP/1.1)
HTTP/1.1 200 OK
Content-Length: 183212
Content-Type: application/json; charset=utf-8
cache-control: no-cache

02:15:19.994 [AsyncHttpClient-1-8] DEBUG org.asynchttpclient.netty.channel.ChannelManager - Adding key: http://localhost:22720 for channel [id: 0xedebb837, L:/127.0.0.1:50854 - R:localhost/127.0.0.1:22720]
02:15:20.005 [Forwarding getCurrentUrl on session bb44736b667a5010e82d83e9fac738cb to remote] DEBUG org.asynchttpclient.netty.request.NettyRequestSender - Using pooled Channel '[id: 0xedebb837, L:/127.0.0.1:50854 - R:localhost/127.0.0.1:22720]' for 'GET' to 'http://localhost:22720/session/bb44736b667a5010e82d83e9fac738cb/url'
02:15:20.005 [Forwarding getCurrentUrl on session bb44736b667a5010e82d83e9fac738cb to remote] DEBUG org.asynchttpclient.netty.request.NettyRequestSender - Using open Channel [id: 0xedebb837, L:/127.0.0.1:50854 - R:localhost/127.0.0.1:22720] for GET '/session/bb44736b667a5010e82d83e9fac738cb/url'
02:15:20.009 [AsyncHttpClient-1-8] DEBUG org.asynchttpclient.netty.handler.HttpHandler - 

Request DefaultFullHttpRequest(decodeResult: success, version: HTTP/1.1, content: EmptyByteBufBE)
GET /session/bb44736b667a5010e82d83e9fac738cb/url HTTP/1.1
User-Agent: selenium/4.8.1 (java windows)
Cache-Control: no-cache
Content-Type: application/json; charset=utf-8
host: localhost:22720
accept: */*

Response DefaultHttpResponse(decodeResult: success, version: HTTP/1.1)
HTTP/1.1 200 OK
Content-Length: 36
Content-Type: application/json; charset=utf-8
cache-control: no-cache

02:15:20.009 [AsyncHttpClient-1-8] DEBUG org.asynchttpclient.netty.channel.ChannelManager - Adding key: http://localhost:22720 for channel [id: 0xedebb837, L:/127.0.0.1:50854 - R:localhost/127.0.0.1:22720]
02:15:20.011 [main] DEBUG net.thucydides.core.steps.StepInterceptor - STARTING STEP: PaymentMethodSteps.onTheListrikPLNPage - clickLoginButton
02:15:20.014 [Forwarding findElement on session bb44736b667a5010e82d83e9fac738cb to remote] DEBUG org.asynchttpclient.netty.request.NettyRequestSender - Using pooled Channel '[id: 0xedebb837, L:/127.0.0.1:50854 - R:localhost/127.0.0.1:22720]' for 'POST' to 'http://localhost:22720/session/bb44736b667a5010e82d83e9fac738cb/element'
02:15:20.014 [Forwarding findElement on session bb44736b667a5010e82d83e9fac738cb to remote] DEBUG org.asynchttpclient.netty.request.NettyRequestSender - Using open Channel [id: 0xedebb837, L:/127.0.0.1:50854 - R:localhost/127.0.0.1:22720] for POST '/session/bb44736b667a5010e82d83e9fac738cb/element'
02:15:20.024 [AsyncHttpClient-1-8] DEBUG org.asynchttpclient.netty.handler.HttpHandler - 

Request DefaultHttpRequest(decodeResult: success, version: HTTP/1.1)
POST /session/bb44736b667a5010e82d83e9fac738cb/element HTTP/1.1
User-Agent: selenium/4.8.1 (java windows)
Content-Length: 62
Content-Type: application/json; charset=utf-8
host: localhost:22720
accept: */*

Response DefaultHttpResponse(decodeResult: success, version: HTTP/1.1)
HTTP/1.1 200 OK
Content-Length: 88
Content-Type: application/json; charset=utf-8
cache-control: no-cache

02:15:20.024 [AsyncHttpClient-1-8] DEBUG org.asynchttpclient.netty.channel.ChannelManager - Adding key: http://localhost:22720 for channel [id: 0xedebb837, L:/127.0.0.1:50854 - R:localhost/127.0.0.1:22720]
02:15:20.025 [Forwarding getElementTagName on session bb44736b667a5010e82d83e9fac738cb to remote] DEBUG org.asynchttpclient.netty.request.NettyRequestSender - Using pooled Channel '[id: 0xedebb837, L:/127.0.0.1:50854 - R:localhost/127.0.0.1:22720]' for 'GET' to 'http://localhost:22720/session/bb44736b667a5010e82d83e9fac738cb/element/97d701ec-012c-45a5-af75-cb49107d8837/name'
02:15:20.025 [Forwarding getElementTagName on session bb44736b667a5010e82d83e9fac738cb to remote] DEBUG org.asynchttpclient.netty.request.NettyRequestSender - Using open Channel [id: 0xedebb837, L:/127.0.0.1:50854 - R:localhost/127.0.0.1:22720] for GET '/session/bb44736b667a5010e82d83e9fac738cb/element/97d701ec-012c-45a5-af75-cb49107d8837/name'
02:15:20.029 [AsyncHttpClient-1-8] DEBUG org.asynchttpclient.netty.handler.HttpHandler - 

Request DefaultFullHttpRequest(decodeResult: success, version: HTTP/1.1, content: EmptyByteBufBE)
GET /session/bb44736b667a5010e82d83e9fac738cb/element/97d701ec-012c-45a5-af75-cb49107d8837/name HTTP/1.1
User-Agent: selenium/4.8.1 (java windows)
Cache-Control: no-cache
Content-Type: application/json; charset=utf-8
host: localhost:22720
accept: */*

Response DefaultHttpResponse(decodeResult: success, version: HTTP/1.1)
HTTP/1.1 200 OK
Content-Length: 16
Content-Type: application/json; charset=utf-8
cache-control: no-cache

02:15:20.029 [AsyncHttpClient-1-8] DEBUG org.asynchttpclient.netty.channel.ChannelManager - Adding key: http://localhost:22720 for channel [id: 0xedebb837, L:/127.0.0.1:50854 - R:localhost/127.0.0.1:22720]
02:15:20.031 [Forwarding getElementTagName on session bb44736b667a5010e82d83e9fac738cb to remote] DEBUG org.asynchttpclient.netty.request.NettyRequestSender - Using pooled Channel '[id: 0xedebb837, L:/127.0.0.1:50854 - R:localhost/127.0.0.1:22720]' for 'GET' to 'http://localhost:22720/session/bb44736b667a5010e82d83e9fac738cb/element/97d701ec-012c-45a5-af75-cb49107d8837/name'
02:15:20.032 [Forwarding getElementTagName on session bb44736b667a5010e82d83e9fac738cb to remote] DEBUG org.asynchttpclient.netty.request.NettyRequestSender - Using open Channel [id: 0xedebb837, L:/127.0.0.1:50854 - R:localhost/127.0.0.1:22720] for GET '/session/bb44736b667a5010e82d83e9fac738cb/element/97d701ec-012c-45a5-af75-cb49107d8837/name'
02:15:20.035 [AsyncHttpClient-1-8] DEBUG org.asynchttpclient.netty.handler.HttpHandler - 

Request DefaultFullHttpRequest(decodeResult: success, version: HTTP/1.1, content: EmptyByteBufBE)
GET /session/bb44736b667a5010e82d83e9fac738cb/element/97d701ec-012c-45a5-af75-cb49107d8837/name HTTP/1.1
User-Agent: selenium/4.8.1 (java windows)
Cache-Control: no-cache
Content-Type: application/json; charset=utf-8
host: localhost:22720
accept: */*

Response DefaultHttpResponse(decodeResult: success, version: HTTP/1.1)
HTTP/1.1 200 OK
Content-Length: 16
Content-Type: application/json; charset=utf-8
cache-control: no-cache

02:15:20.036 [AsyncHttpClient-1-8] DEBUG org.asynchttpclient.netty.channel.ChannelManager - Adding key: http://localhost:22720 for channel [id: 0xedebb837, L:/127.0.0.1:50854 - R:localhost/127.0.0.1:22720]
02:15:20.038 [Forwarding findElement on session bb44736b667a5010e82d83e9fac738cb to remote] DEBUG org.asynchttpclient.netty.request.NettyRequestSender - Using pooled Channel '[id: 0xedebb837, L:/127.0.0.1:50854 - R:localhost/127.0.0.1:22720]' for 'POST' to 'http://localhost:22720/session/bb44736b667a5010e82d83e9fac738cb/element'
02:15:20.038 [Forwarding findElement on session bb44736b667a5010e82d83e9fac738cb to remote] DEBUG org.asynchttpclient.netty.request.NettyRequestSender - Using open Channel [id: 0xedebb837, L:/127.0.0.1:50854 - R:localhost/127.0.0.1:22720] for POST '/session/bb44736b667a5010e82d83e9fac738cb/element'
02:15:20.043 [AsyncHttpClient-1-8] DEBUG org.asynchttpclient.netty.handler.HttpHandler - 

Request DefaultHttpRequest(decodeResult: success, version: HTTP/1.1)
POST /session/bb44736b667a5010e82d83e9fac738cb/element HTTP/1.1
User-Agent: selenium/4.8.1 (java windows)
Content-Length: 62
Content-Type: application/json; charset=utf-8
host: localhost:22720
accept: */*

Response DefaultHttpResponse(decodeResult: success, version: HTTP/1.1)
HTTP/1.1 200 OK
Content-Length: 88
Content-Type: application/json; charset=utf-8
cache-control: no-cache

02:15:20.043 [AsyncHttpClient-1-8] DEBUG org.asynchttpclient.netty.channel.ChannelManager - Adding key: http://localhost:22720 for channel [id: 0xedebb837, L:/127.0.0.1:50854 - R:localhost/127.0.0.1:22720]
02:15:20.044 [Forwarding clickElement on session bb44736b667a5010e82d83e9fac738cb to remote] DEBUG org.asynchttpclient.netty.request.NettyRequestSender - Using pooled Channel '[id: 0xedebb837, L:/127.0.0.1:50854 - R:localhost/127.0.0.1:22720]' for 'POST' to 'http://localhost:22720/session/bb44736b667a5010e82d83e9fac738cb/element/97d701ec-012c-45a5-af75-cb49107d8837/click'
02:15:20.044 [Forwarding clickElement on session bb44736b667a5010e82d83e9fac738cb to remote] DEBUG org.asynchttpclient.netty.request.NettyRequestSender - Using open Channel [id: 0xedebb837, L:/127.0.0.1:50854 - R:localhost/127.0.0.1:22720] for POST '/session/bb44736b667a5010e82d83e9fac738cb/element/97d701ec-012c-45a5-af75-cb49107d8837/click'
02:15:20.557 [AsyncHttpClient-1-1] DEBUG org.asynchttpclient.netty.channel.DefaultChannelPool - Entry count for : http://localhost:50855 : 1
02:15:21.092 [AsyncHttpClient-1-8] DEBUG org.asynchttpclient.netty.handler.HttpHandler - 

Request DefaultHttpRequest(decodeResult: success, version: HTTP/1.1)
POST /session/bb44736b667a5010e82d83e9fac738cb/element/97d701ec-012c-45a5-af75-cb49107d8837/click HTTP/1.1
User-Agent: selenium/4.8.1 (java windows)
Content-Length: 50
Content-Type: application/json; charset=utf-8
host: localhost:22720
accept: */*

Response DefaultHttpResponse(decodeResult: success, version: HTTP/1.1)
HTTP/1.1 400 Bad Request
Content-Length: 1188
Content-Type: application/json; charset=utf-8
cache-control: no-cache

02:15:21.092 [AsyncHttpClient-1-8] DEBUG org.asynchttpclient.netty.channel.ChannelManager - Adding key: http://localhost:22720 for channel [id: 0xedebb837, L:/127.0.0.1:50854 - R:localhost/127.0.0.1:22720]
02:15:21.345 [Forwarding clickElement on session bb44736b667a5010e82d83e9fac738cb to remote] DEBUG org.asynchttpclient.netty.request.NettyRequestSender - Using pooled Channel '[id: 0xedebb837, L:/127.0.0.1:50854 - R:localhost/127.0.0.1:22720]' for 'POST' to 'http://localhost:22720/session/bb44736b667a5010e82d83e9fac738cb/element/97d701ec-012c-45a5-af75-cb49107d8837/click'
02:15:21.345 [Forwarding clickElement on session bb44736b667a5010e82d83e9fac738cb to remote] DEBUG org.asynchttpclient.netty.request.NettyRequestSender - Using open Channel [id: 0xedebb837, L:/127.0.0.1:50854 - R:localhost/127.0.0.1:22720] for POST '/session/bb44736b667a5010e82d83e9fac738cb/element/97d701ec-012c-45a5-af75-cb49107d8837/click'
02:15:21.649 [AsyncHttpClient-1-1] DEBUG org.asynchttpclient.netty.channel.DefaultChannelPool - Entry count for : http://localhost:50855 : 1
02:15:22.373 [AsyncHttpClient-1-8] DEBUG org.asynchttpclient.netty.handler.HttpHandler - 

Request DefaultHttpRequest(decodeResult: success, version: HTTP/1.1)
POST /session/bb44736b667a5010e82d83e9fac738cb/element/97d701ec-012c-45a5-af75-cb49107d8837/click HTTP/1.1
User-Agent: selenium/4.8.1 (java windows)
Content-Length: 50
Content-Type: application/json; charset=utf-8
host: localhost:22720
accept: */*

Response DefaultHttpResponse(decodeResult: success, version: HTTP/1.1)
HTTP/1.1 400 Bad Request
Content-Length: 1188
Content-Type: application/json; charset=utf-8
cache-control: no-cache

02:15:22.373 [AsyncHttpClient-1-8] DEBUG org.asynchttpclient.netty.channel.ChannelManager - Adding key: http://localhost:22720 for channel [id: 0xedebb837, L:/127.0.0.1:50854 - R:localhost/127.0.0.1:22720]
02:15:22.628 [Forwarding clickElement on session bb44736b667a5010e82d83e9fac738cb to remote] DEBUG org.asynchttpclient.netty.request.NettyRequestSender - Using pooled Channel '[id: 0xedebb837, L:/127.0.0.1:50854 - R:localhost/127.0.0.1:22720]' for 'POST' to 'http://localhost:22720/session/bb44736b667a5010e82d83e9fac738cb/element/97d701ec-012c-45a5-af75-cb49107d8837/click'
02:15:22.628 [Forwarding clickElement on session bb44736b667a5010e82d83e9fac738cb to remote] DEBUG org.asynchttpclient.netty.request.NettyRequestSender - Using open Channel [id: 0xedebb837, L:/127.0.0.1:50854 - R:localhost/127.0.0.1:22720] for POST '/session/bb44736b667a5010e82d83e9fac738cb/element/97d701ec-012c-45a5-af75-cb49107d8837/click'
02:15:22.673 [AsyncHttpClient-1-8] DEBUG org.asynchttpclient.netty.handler.HttpHandler - 

Request DefaultHttpRequest(decodeResult: success, version: HTTP/1.1)
POST /session/bb44736b667a5010e82d83e9fac738cb/element/97d701ec-012c-45a5-af75-cb49107d8837/click HTTP/1.1
User-Agent: selenium/4.8.1 (java windows)
Content-Length: 50
Content-Type: application/json; charset=utf-8
host: localhost:22720
accept: */*

Response DefaultHttpResponse(decodeResult: success, version: HTTP/1.1)
HTTP/1.1 200 OK
Content-Length: 14
Content-Type: application/json; charset=utf-8
cache-control: no-cache

02:15:22.674 [AsyncHttpClient-1-8] DEBUG org.asynchttpclient.netty.channel.ChannelManager - Adding key: http://localhost:22720 for channel [id: 0xedebb837, L:/127.0.0.1:50854 - R:localhost/127.0.0.1:22720]
02:15:22.684 [Forwarding getAlertText on session bb44736b667a5010e82d83e9fac738cb to remote] DEBUG org.asynchttpclient.netty.request.NettyRequestSender - Using pooled Channel '[id: 0xedebb837, L:/127.0.0.1:50854 - R:localhost/127.0.0.1:22720]' for 'GET' to 'http://localhost:22720/session/bb44736b667a5010e82d83e9fac738cb/alert/text'
02:15:22.684 [Forwarding getAlertText on session bb44736b667a5010e82d83e9fac738cb to remote] DEBUG org.asynchttpclient.netty.request.NettyRequestSender - Using open Channel [id: 0xedebb837, L:/127.0.0.1:50854 - R:localhost/127.0.0.1:22720] for GET '/session/bb44736b667a5010e82d83e9fac738cb/alert/text'
02:15:22.726 [AsyncHttpClient-1-8] DEBUG org.asynchttpclient.netty.handler.HttpHandler - 

Request DefaultFullHttpRequest(decodeResult: success, version: HTTP/1.1, content: EmptyByteBufBE)
GET /session/bb44736b667a5010e82d83e9fac738cb/alert/text HTTP/1.1
User-Agent: selenium/4.8.1 (java windows)
Cache-Control: no-cache
Content-Type: application/json; charset=utf-8
host: localhost:22720
accept: */*

Response DefaultHttpResponse(decodeResult: success, version: HTTP/1.1)
HTTP/1.1 404 Not Found
Content-Length: 835
Content-Type: application/json; charset=utf-8
cache-control: no-cache

02:15:22.726 [AsyncHttpClient-1-8] DEBUG org.asynchttpclient.netty.channel.ChannelManager - Adding key: http://localhost:22720 for channel [id: 0xedebb837, L:/127.0.0.1:50854 - R:localhost/127.0.0.1:22720]
02:15:22.727 [Forwarding getCurrentUrl on session bb44736b667a5010e82d83e9fac738cb to remote] DEBUG org.asynchttpclient.netty.request.NettyRequestSender - Using pooled Channel '[id: 0xedebb837, L:/127.0.0.1:50854 - R:localhost/127.0.0.1:22720]' for 'GET' to 'http://localhost:22720/session/bb44736b667a5010e82d83e9fac738cb/url'
02:15:22.727 [Forwarding getCurrentUrl on session bb44736b667a5010e82d83e9fac738cb to remote] DEBUG org.asynchttpclient.netty.request.NettyRequestSender - Using open Channel [id: 0xedebb837, L:/127.0.0.1:50854 - R:localhost/127.0.0.1:22720] for GET '/session/bb44736b667a5010e82d83e9fac738cb/url'
02:15:22.731 [AsyncHttpClient-1-8] DEBUG org.asynchttpclient.netty.handler.HttpHandler - 

Request DefaultFullHttpRequest(decodeResult: success, version: HTTP/1.1, content: EmptyByteBufBE)
GET /session/bb44736b667a5010e82d83e9fac738cb/url HTTP/1.1
User-Agent: selenium/4.8.1 (java windows)
Cache-Control: no-cache
Content-Type: application/json; charset=utf-8
host: localhost:22720
accept: */*

Response DefaultHttpResponse(decodeResult: success, version: HTTP/1.1)
HTTP/1.1 200 OK
Content-Length: 42
Content-Type: application/json; charset=utf-8
cache-control: no-cache

02:15:22.731 [AsyncHttpClient-1-8] DEBUG org.asynchttpclient.netty.channel.ChannelManager - Adding key: http://localhost:22720 for channel [id: 0xedebb837, L:/127.0.0.1:50854 - R:localhost/127.0.0.1:22720]
02:15:22.732 [Forwarding screenshot on session bb44736b667a5010e82d83e9fac738cb to remote] DEBUG org.asynchttpclient.netty.request.NettyRequestSender - Using pooled Channel '[id: 0xedebb837, L:/127.0.0.1:50854 - R:localhost/127.0.0.1:22720]' for 'GET' to 'http://localhost:22720/session/bb44736b667a5010e82d83e9fac738cb/screenshot'
02:15:22.732 [Forwarding screenshot on session bb44736b667a5010e82d83e9fac738cb to remote] DEBUG org.asynchttpclient.netty.request.NettyRequestSender - Using open Channel [id: 0xedebb837, L:/127.0.0.1:50854 - R:localhost/127.0.0.1:22720] for GET '/session/bb44736b667a5010e82d83e9fac738cb/screenshot'
02:15:22.755 [AsyncHttpClient-1-1] DEBUG org.asynchttpclient.netty.channel.DefaultChannelPool - Entry count for : http://localhost:50855 : 1
02:15:22.919 [AsyncHttpClient-1-8] DEBUG org.asynchttpclient.netty.handler.HttpHandler - 

Request DefaultFullHttpRequest(decodeResult: success, version: HTTP/1.1, content: EmptyByteBufBE)
GET /session/bb44736b667a5010e82d83e9fac738cb/screenshot HTTP/1.1
User-Agent: selenium/4.8.1 (java windows)
Cache-Control: no-cache
Content-Type: application/json; charset=utf-8
host: localhost:22720
accept: */*

Response DefaultHttpResponse(decodeResult: success, version: HTTP/1.1)
HTTP/1.1 200 OK
Content-Length: 255864
Content-Type: application/json; charset=utf-8
cache-control: no-cache

02:15:22.920 [AsyncHttpClient-1-8] DEBUG org.asynchttpclient.netty.channel.ChannelManager - Adding key: http://localhost:22720 for channel [id: 0xedebb837, L:/127.0.0.1:50854 - R:localhost/127.0.0.1:22720]
02:15:22.928 [main] DEBUG net.serenitybdd.core.photography.Darkroom - Send negative for processing for target\site\serenity\385bcadc27da1b2c4766a46f92f1b5bdc4e85f5718254a7d06d292689290915e.png
02:15:22.928 [main] DEBUG net.thucydides.core.steps.StepInterceptor - STEP DONE: clickLoginButton
02:15:22.933 [Forwarding getPageSource on session bb44736b667a5010e82d83e9fac738cb to remote] DEBUG org.asynchttpclient.netty.request.NettyRequestSender - Using pooled Channel '[id: 0xedebb837, L:/127.0.0.1:50854 - R:localhost/127.0.0.1:22720]' for 'POST' to 'http://localhost:22720/session/bb44736b667a5010e82d83e9fac738cb/execute/sync'
02:15:22.933 [Forwarding getPageSource on session bb44736b667a5010e82d83e9fac738cb to remote] DEBUG org.asynchttpclient.netty.request.NettyRequestSender - Using open Channel [id: 0xedebb837, L:/127.0.0.1:50854 - R:localhost/127.0.0.1:22720] for POST '/session/bb44736b667a5010e82d83e9fac738cb/execute/sync'
02:15:22.941 [AsyncHttpClient-1-8] DEBUG org.asynchttpclient.netty.handler.HttpHandler - 

Request DefaultHttpRequest(decodeResult: success, version: HTTP/1.1)
POST /session/bb44736b667a5010e82d83e9fac738cb/execute/sync HTTP/1.1
User-Agent: selenium/4.8.1 (java windows)
Content-Length: 176
Content-Type: application/json; charset=utf-8
host: localhost:22720
accept: */*

Response DefaultHttpResponse(decodeResult: success, version: HTTP/1.1)
HTTP/1.1 200 OK
Content-Length: 96996
Content-Type: application/json; charset=utf-8
cache-control: no-cache

02:15:22.941 [AsyncHttpClient-1-8] DEBUG org.asynchttpclient.netty.channel.ChannelManager - Adding key: http://localhost:22720 for channel [id: 0xedebb837, L:/127.0.0.1:50854 - R:localhost/127.0.0.1:22720]
02:15:22.946 [Forwarding getCurrentUrl on session bb44736b667a5010e82d83e9fac738cb to remote] DEBUG org.asynchttpclient.netty.request.NettyRequestSender - Using pooled Channel '[id: 0xedebb837, L:/127.0.0.1:50854 - R:localhost/127.0.0.1:22720]' for 'GET' to 'http://localhost:22720/session/bb44736b667a5010e82d83e9fac738cb/url'
02:15:22.946 [Forwarding getCurrentUrl on session bb44736b667a5010e82d83e9fac738cb to remote] DEBUG org.asynchttpclient.netty.request.NettyRequestSender - Using open Channel [id: 0xedebb837, L:/127.0.0.1:50854 - R:localhost/127.0.0.1:22720] for GET '/session/bb44736b667a5010e82d83e9fac738cb/url'
02:15:22.949 [AsyncHttpClient-1-8] DEBUG org.asynchttpclient.netty.handler.HttpHandler - 

Request DefaultFullHttpRequest(decodeResult: success, version: HTTP/1.1, content: EmptyByteBufBE)
GET /session/bb44736b667a5010e82d83e9fac738cb/url HTTP/1.1
User-Agent: selenium/4.8.1 (java windows)
Cache-Control: no-cache
Content-Type: application/json; charset=utf-8
host: localhost:22720
accept: */*

Response DefaultHttpResponse(decodeResult: success, version: HTTP/1.1)
HTTP/1.1 200 OK
Content-Length: 42
Content-Type: application/json; charset=utf-8
cache-control: no-cache

02:15:22.950 [AsyncHttpClient-1-8] DEBUG org.asynchttpclient.netty.channel.ChannelManager - Adding key: http://localhost:22720 for channel [id: 0xedebb837, L:/127.0.0.1:50854 - R:localhost/127.0.0.1:22720]
02:15:22.952 [main] DEBUG net.thucydides.core.steps.StepInterceptor - STARTING STEP: PaymentMethodSteps.onTheListrikPLNPage - inputEmail
02:15:22.953 [Forwarding findElement on session bb44736b667a5010e82d83e9fac738cb to remote] DEBUG org.asynchttpclient.netty.request.NettyRequestSender - Using pooled Channel '[id: 0xedebb837, L:/127.0.0.1:50854 - R:localhost/127.0.0.1:22720]' for 'POST' to 'http://localhost:22720/session/bb44736b667a5010e82d83e9fac738cb/element'
02:15:22.953 [Forwarding findElement on session bb44736b667a5010e82d83e9fac738cb to remote] DEBUG org.asynchttpclient.netty.request.NettyRequestSender - Using open Channel [id: 0xedebb837, L:/127.0.0.1:50854 - R:localhost/127.0.0.1:22720] for POST '/session/bb44736b667a5010e82d83e9fac738cb/element'
02:15:22.963 [AsyncHttpClient-1-8] DEBUG org.asynchttpclient.netty.handler.HttpHandler - 

Request DefaultHttpRequest(decodeResult: success, version: HTTP/1.1)
POST /session/bb44736b667a5010e82d83e9fac738cb/element HTTP/1.1
User-Agent: selenium/4.8.1 (java windows)
Content-Length: 50
Content-Type: application/json; charset=utf-8
host: localhost:22720
accept: */*

Response DefaultHttpResponse(decodeResult: success, version: HTTP/1.1)
HTTP/1.1 200 OK
Content-Length: 88
Content-Type: application/json; charset=utf-8
cache-control: no-cache

02:15:22.963 [AsyncHttpClient-1-8] DEBUG org.asynchttpclient.netty.channel.ChannelManager - Adding key: http://localhost:22720 for channel [id: 0xedebb837, L:/127.0.0.1:50854 - R:localhost/127.0.0.1:22720]
02:15:22.964 [Forwarding clearElement on session bb44736b667a5010e82d83e9fac738cb to remote] DEBUG org.asynchttpclient.netty.request.NettyRequestSender - Using pooled Channel '[id: 0xedebb837, L:/127.0.0.1:50854 - R:localhost/127.0.0.1:22720]' for 'POST' to 'http://localhost:22720/session/bb44736b667a5010e82d83e9fac738cb/element/2d63267f-863d-418a-aa55-ef445235b069/clear'
02:15:22.964 [Forwarding clearElement on session bb44736b667a5010e82d83e9fac738cb to remote] DEBUG org.asynchttpclient.netty.request.NettyRequestSender - Using open Channel [id: 0xedebb837, L:/127.0.0.1:50854 - R:localhost/127.0.0.1:22720] for POST '/session/bb44736b667a5010e82d83e9fac738cb/element/2d63267f-863d-418a-aa55-ef445235b069/clear'
02:15:22.993 [AsyncHttpClient-1-8] DEBUG org.asynchttpclient.netty.handler.HttpHandler - 

Request DefaultHttpRequest(decodeResult: success, version: HTTP/1.1)
POST /session/bb44736b667a5010e82d83e9fac738cb/element/2d63267f-863d-418a-aa55-ef445235b069/clear HTTP/1.1
User-Agent: selenium/4.8.1 (java windows)
Content-Length: 50
Content-Type: application/json; charset=utf-8
host: localhost:22720
accept: */*

Response DefaultHttpResponse(decodeResult: success, version: HTTP/1.1)
HTTP/1.1 200 OK
Content-Length: 14
Content-Type: application/json; charset=utf-8
cache-control: no-cache

02:15:22.993 [AsyncHttpClient-1-8] DEBUG org.asynchttpclient.netty.channel.ChannelManager - Adding key: http://localhost:22720 for channel [id: 0xedebb837, L:/127.0.0.1:50854 - R:localhost/127.0.0.1:22720]
02:15:22.995 [Forwarding sendKeysToElement on session bb44736b667a5010e82d83e9fac738cb to remote] DEBUG org.asynchttpclient.netty.request.NettyRequestSender - Using pooled Channel '[id: 0xedebb837, L:/127.0.0.1:50854 - R:localhost/127.0.0.1:22720]' for 'POST' to 'http://localhost:22720/session/bb44736b667a5010e82d83e9fac738cb/element/2d63267f-863d-418a-aa55-ef445235b069/value'
02:15:22.995 [Forwarding sendKeysToElement on session bb44736b667a5010e82d83e9fac738cb to remote] DEBUG org.asynchttpclient.netty.request.NettyRequestSender - Using open Channel [id: 0xedebb837, L:/127.0.0.1:50854 - R:localhost/127.0.0.1:22720] for POST '/session/bb44736b667a5010e82d83e9fac738cb/element/2d63267f-863d-418a-aa55-ef445235b069/value'
02:15:23.152 [AsyncHttpClient-1-8] DEBUG org.asynchttpclient.netty.handler.HttpHandler - 

Request DefaultHttpRequest(decodeResult: success, version: HTTP/1.1)
POST /session/bb44736b667a5010e82d83e9fac738cb/element/2d63267f-863d-418a-aa55-ef445235b069/value HTTP/1.1
User-Agent: selenium/4.8.1 (java windows)
Content-Length: 341
Content-Type: application/json; charset=utf-8
host: localhost:22720
accept: */*

Response DefaultHttpResponse(decodeResult: success, version: HTTP/1.1)
HTTP/1.1 200 OK
Content-Length: 14
Content-Type: application/json; charset=utf-8
cache-control: no-cache

02:15:23.152 [AsyncHttpClient-1-8] DEBUG org.asynchttpclient.netty.channel.ChannelManager - Adding key: http://localhost:22720 for channel [id: 0xedebb837, L:/127.0.0.1:50854 - R:localhost/127.0.0.1:22720]
02:15:23.157 [Forwarding getAlertText on session bb44736b667a5010e82d83e9fac738cb to remote] DEBUG org.asynchttpclient.netty.request.NettyRequestSender - Using pooled Channel '[id: 0xedebb837, L:/127.0.0.1:50854 - R:localhost/127.0.0.1:22720]' for 'GET' to 'http://localhost:22720/session/bb44736b667a5010e82d83e9fac738cb/alert/text'
02:15:23.157 [Forwarding getAlertText on session bb44736b667a5010e82d83e9fac738cb to remote] DEBUG org.asynchttpclient.netty.request.NettyRequestSender - Using open Channel [id: 0xedebb837, L:/127.0.0.1:50854 - R:localhost/127.0.0.1:22720] for GET '/session/bb44736b667a5010e82d83e9fac738cb/alert/text'
02:15:23.159 [AsyncHttpClient-1-8] DEBUG org.asynchttpclient.netty.handler.HttpHandler - 

Request DefaultFullHttpRequest(decodeResult: success, version: HTTP/1.1, content: EmptyByteBufBE)
GET /session/bb44736b667a5010e82d83e9fac738cb/alert/text HTTP/1.1
User-Agent: selenium/4.8.1 (java windows)
Cache-Control: no-cache
Content-Type: application/json; charset=utf-8
host: localhost:22720
accept: */*

Response DefaultHttpResponse(decodeResult: success, version: HTTP/1.1)
HTTP/1.1 404 Not Found
Content-Length: 835
Content-Type: application/json; charset=utf-8
cache-control: no-cache

02:15:23.159 [AsyncHttpClient-1-8] DEBUG org.asynchttpclient.netty.channel.ChannelManager - Adding key: http://localhost:22720 for channel [id: 0xedebb837, L:/127.0.0.1:50854 - R:localhost/127.0.0.1:22720]
02:15:23.160 [Forwarding getCurrentUrl on session bb44736b667a5010e82d83e9fac738cb to remote] DEBUG org.asynchttpclient.netty.request.NettyRequestSender - Using pooled Channel '[id: 0xedebb837, L:/127.0.0.1:50854 - R:localhost/127.0.0.1:22720]' for 'GET' to 'http://localhost:22720/session/bb44736b667a5010e82d83e9fac738cb/url'
02:15:23.160 [Forwarding getCurrentUrl on session bb44736b667a5010e82d83e9fac738cb to remote] DEBUG org.asynchttpclient.netty.request.NettyRequestSender - Using open Channel [id: 0xedebb837, L:/127.0.0.1:50854 - R:localhost/127.0.0.1:22720] for GET '/session/bb44736b667a5010e82d83e9fac738cb/url'
02:15:23.164 [AsyncHttpClient-1-8] DEBUG org.asynchttpclient.netty.handler.HttpHandler - 

Request DefaultFullHttpRequest(decodeResult: success, version: HTTP/1.1, content: EmptyByteBufBE)
GET /session/bb44736b667a5010e82d83e9fac738cb/url HTTP/1.1
User-Agent: selenium/4.8.1 (java windows)
Cache-Control: no-cache
Content-Type: application/json; charset=utf-8
host: localhost:22720
accept: */*

Response DefaultHttpResponse(decodeResult: success, version: HTTP/1.1)
HTTP/1.1 200 OK
Content-Length: 42
Content-Type: application/json; charset=utf-8
cache-control: no-cache

02:15:23.164 [AsyncHttpClient-1-8] DEBUG org.asynchttpclient.netty.channel.ChannelManager - Adding key: http://localhost:22720 for channel [id: 0xedebb837, L:/127.0.0.1:50854 - R:localhost/127.0.0.1:22720]
02:15:23.165 [Forwarding screenshot on session bb44736b667a5010e82d83e9fac738cb to remote] DEBUG org.asynchttpclient.netty.request.NettyRequestSender - Using pooled Channel '[id: 0xedebb837, L:/127.0.0.1:50854 - R:localhost/127.0.0.1:22720]' for 'GET' to 'http://localhost:22720/session/bb44736b667a5010e82d83e9fac738cb/screenshot'
02:15:23.165 [Forwarding screenshot on session bb44736b667a5010e82d83e9fac738cb to remote] DEBUG org.asynchttpclient.netty.request.NettyRequestSender - Using open Channel [id: 0xedebb837, L:/127.0.0.1:50854 - R:localhost/127.0.0.1:22720] for GET '/session/bb44736b667a5010e82d83e9fac738cb/screenshot'
02:15:23.294 [AsyncHttpClient-1-8] DEBUG org.asynchttpclient.netty.handler.HttpHandler - 

Request DefaultFullHttpRequest(decodeResult: success, version: HTTP/1.1, content: EmptyByteBufBE)
GET /session/bb44736b667a5010e82d83e9fac738cb/screenshot HTTP/1.1
User-Agent: selenium/4.8.1 (java windows)
Cache-Control: no-cache
Content-Type: application/json; charset=utf-8
host: localhost:22720
accept: */*

Response DefaultHttpResponse(decodeResult: success, version: HTTP/1.1)
HTTP/1.1 200 OK
Content-Length: 259636
Content-Type: application/json; charset=utf-8
cache-control: no-cache

02:15:23.295 [AsyncHttpClient-1-8] DEBUG org.asynchttpclient.netty.channel.ChannelManager - Adding key: http://localhost:22720 for channel [id: 0xedebb837, L:/127.0.0.1:50854 - R:localhost/127.0.0.1:22720]
02:15:23.299 [main] DEBUG net.serenitybdd.core.photography.Darkroom - Send negative for processing for target\site\serenity\62bfbc58d0a3cf98911fa32bacb90745309717bdcdc236e1392ab42ed8eb396d.png
02:15:23.299 [main] DEBUG net.thucydides.core.steps.StepInterceptor - STEP DONE: inputEmail
02:15:23.299 [Darkroom Processing Line] DEBUG net.serenitybdd.core.photography.DarkroomProcessingLine - Processing screenshot image in /var/screenshots/screenshot-18040343749053593319
02:15:23.299 [Darkroom Processing Line] DEBUG net.serenitybdd.core.photography.DarkroomProcessingLine - Saving screenshot to target\site\serenity\62bfbc58d0a3cf98911fa32bacb90745309717bdcdc236e1392ab42ed8eb396d.png
02:15:23.304 [Forwarding getPageSource on session bb44736b667a5010e82d83e9fac738cb to remote] DEBUG org.asynchttpclient.netty.request.NettyRequestSender - Using pooled Channel '[id: 0xedebb837, L:/127.0.0.1:50854 - R:localhost/127.0.0.1:22720]' for 'POST' to 'http://localhost:22720/session/bb44736b667a5010e82d83e9fac738cb/execute/sync'
02:15:23.304 [Forwarding getPageSource on session bb44736b667a5010e82d83e9fac738cb to remote] DEBUG org.asynchttpclient.netty.request.NettyRequestSender - Using open Channel [id: 0xedebb837, L:/127.0.0.1:50854 - R:localhost/127.0.0.1:22720] for POST '/session/bb44736b667a5010e82d83e9fac738cb/execute/sync'
02:15:23.311 [AsyncHttpClient-1-8] DEBUG org.asynchttpclient.netty.handler.HttpHandler - 

Request DefaultHttpRequest(decodeResult: success, version: HTTP/1.1)
POST /session/bb44736b667a5010e82d83e9fac738cb/execute/sync HTTP/1.1
User-Agent: selenium/4.8.1 (java windows)
Content-Length: 176
Content-Type: application/json; charset=utf-8
host: localhost:22720
accept: */*

Response DefaultHttpResponse(decodeResult: success, version: HTTP/1.1)
HTTP/1.1 200 OK
Content-Length: 97046
Content-Type: application/json; charset=utf-8
cache-control: no-cache

02:15:23.311 [AsyncHttpClient-1-8] DEBUG org.asynchttpclient.netty.channel.ChannelManager - Adding key: http://localhost:22720 for channel [id: 0xedebb837, L:/127.0.0.1:50854 - R:localhost/127.0.0.1:22720]
02:15:23.315 [Forwarding getCurrentUrl on session bb44736b667a5010e82d83e9fac738cb to remote] DEBUG org.asynchttpclient.netty.request.NettyRequestSender - Using pooled Channel '[id: 0xedebb837, L:/127.0.0.1:50854 - R:localhost/127.0.0.1:22720]' for 'GET' to 'http://localhost:22720/session/bb44736b667a5010e82d83e9fac738cb/url'
02:15:23.315 [Forwarding getCurrentUrl on session bb44736b667a5010e82d83e9fac738cb to remote] DEBUG org.asynchttpclient.netty.request.NettyRequestSender - Using open Channel [id: 0xedebb837, L:/127.0.0.1:50854 - R:localhost/127.0.0.1:22720] for GET '/session/bb44736b667a5010e82d83e9fac738cb/url'
02:15:23.318 [AsyncHttpClient-1-8] DEBUG org.asynchttpclient.netty.handler.HttpHandler - 

Request DefaultFullHttpRequest(decodeResult: success, version: HTTP/1.1, content: EmptyByteBufBE)
GET /session/bb44736b667a5010e82d83e9fac738cb/url HTTP/1.1
User-Agent: selenium/4.8.1 (java windows)
Cache-Control: no-cache
Content-Type: application/json; charset=utf-8
host: localhost:22720
accept: */*

Response DefaultHttpResponse(decodeResult: success, version: HTTP/1.1)
HTTP/1.1 200 OK
Content-Length: 42
Content-Type: application/json; charset=utf-8
cache-control: no-cache

02:15:23.318 [AsyncHttpClient-1-8] DEBUG org.asynchttpclient.netty.channel.ChannelManager - Adding key: http://localhost:22720 for channel [id: 0xedebb837, L:/127.0.0.1:50854 - R:localhost/127.0.0.1:22720]
02:15:23.320 [main] DEBUG net.thucydides.core.steps.StepInterceptor - STARTING STEP: PaymentMethodSteps.onTheListrikPLNPage - inputPassword
02:15:23.322 [Forwarding findElement on session bb44736b667a5010e82d83e9fac738cb to remote] DEBUG org.asynchttpclient.netty.request.NettyRequestSender - Using pooled Channel '[id: 0xedebb837, L:/127.0.0.1:50854 - R:localhost/127.0.0.1:22720]' for 'POST' to 'http://localhost:22720/session/bb44736b667a5010e82d83e9fac738cb/element'
02:15:23.322 [Forwarding findElement on session bb44736b667a5010e82d83e9fac738cb to remote] DEBUG org.asynchttpclient.netty.request.NettyRequestSender - Using open Channel [id: 0xedebb837, L:/127.0.0.1:50854 - R:localhost/127.0.0.1:22720] for POST '/session/bb44736b667a5010e82d83e9fac738cb/element'
02:15:23.331 [AsyncHttpClient-1-8] DEBUG org.asynchttpclient.netty.handler.HttpHandler - 

Request DefaultHttpRequest(decodeResult: success, version: HTTP/1.1)
POST /session/bb44736b667a5010e82d83e9fac738cb/element HTTP/1.1
User-Agent: selenium/4.8.1 (java windows)
Content-Length: 53
Content-Type: application/json; charset=utf-8
host: localhost:22720
accept: */*

Response DefaultHttpResponse(decodeResult: success, version: HTTP/1.1)
HTTP/1.1 200 OK
Content-Length: 88
Content-Type: application/json; charset=utf-8
cache-control: no-cache

02:15:23.331 [AsyncHttpClient-1-8] DEBUG org.asynchttpclient.netty.channel.ChannelManager - Adding key: http://localhost:22720 for channel [id: 0xedebb837, L:/127.0.0.1:50854 - R:localhost/127.0.0.1:22720]
02:15:23.333 [Forwarding clearElement on session bb44736b667a5010e82d83e9fac738cb to remote] DEBUG org.asynchttpclient.netty.request.NettyRequestSender - Using pooled Channel '[id: 0xedebb837, L:/127.0.0.1:50854 - R:localhost/127.0.0.1:22720]' for 'POST' to 'http://localhost:22720/session/bb44736b667a5010e82d83e9fac738cb/element/7b30fa3a-4604-4da8-8304-7b4e7449f8d8/clear'
02:15:23.333 [Forwarding clearElement on session bb44736b667a5010e82d83e9fac738cb to remote] DEBUG org.asynchttpclient.netty.request.NettyRequestSender - Using open Channel [id: 0xedebb837, L:/127.0.0.1:50854 - R:localhost/127.0.0.1:22720] for POST '/session/bb44736b667a5010e82d83e9fac738cb/element/7b30fa3a-4604-4da8-8304-7b4e7449f8d8/clear'
02:15:23.358 [AsyncHttpClient-1-8] DEBUG org.asynchttpclient.netty.handler.HttpHandler - 

Request DefaultHttpRequest(decodeResult: success, version: HTTP/1.1)
POST /session/bb44736b667a5010e82d83e9fac738cb/element/7b30fa3a-4604-4da8-8304-7b4e7449f8d8/clear HTTP/1.1
User-Agent: selenium/4.8.1 (java windows)
Content-Length: 50
Content-Type: application/json; charset=utf-8
host: localhost:22720
accept: */*

Response DefaultHttpResponse(decodeResult: success, version: HTTP/1.1)
HTTP/1.1 200 OK
Content-Length: 14
Content-Type: application/json; charset=utf-8
cache-control: no-cache

02:15:23.359 [AsyncHttpClient-1-8] DEBUG org.asynchttpclient.netty.channel.ChannelManager - Adding key: http://localhost:22720 for channel [id: 0xedebb837, L:/127.0.0.1:50854 - R:localhost/127.0.0.1:22720]
02:15:23.360 [Forwarding sendKeysToElement on session bb44736b667a5010e82d83e9fac738cb to remote] DEBUG org.asynchttpclient.netty.request.NettyRequestSender - Using pooled Channel '[id: 0xedebb837, L:/127.0.0.1:50854 - R:localhost/127.0.0.1:22720]' for 'POST' to 'http://localhost:22720/session/bb44736b667a5010e82d83e9fac738cb/element/7b30fa3a-4604-4da8-8304-7b4e7449f8d8/value'
02:15:23.360 [Forwarding sendKeysToElement on session bb44736b667a5010e82d83e9fac738cb to remote] DEBUG org.asynchttpclient.netty.request.NettyRequestSender - Using open Channel [id: 0xedebb837, L:/127.0.0.1:50854 - R:localhost/127.0.0.1:22720] for POST '/session/bb44736b667a5010e82d83e9fac738cb/element/7b30fa3a-4604-4da8-8304-7b4e7449f8d8/value'
02:15:23.413 [AsyncHttpClient-1-8] DEBUG org.asynchttpclient.netty.handler.HttpHandler - 

Request DefaultHttpRequest(decodeResult: success, version: HTTP/1.1)
POST /session/bb44736b667a5010e82d83e9fac738cb/element/7b30fa3a-4604-4da8-8304-7b4e7449f8d8/value HTTP/1.1
User-Agent: selenium/4.8.1 (java windows)
Content-Length: 181
Content-Type: application/json; charset=utf-8
host: localhost:22720
accept: */*

Response DefaultHttpResponse(decodeResult: success, version: HTTP/1.1)
HTTP/1.1 200 OK
Content-Length: 14
Content-Type: application/json; charset=utf-8
cache-control: no-cache

02:15:23.413 [AsyncHttpClient-1-8] DEBUG org.asynchttpclient.netty.channel.ChannelManager - Adding key: http://localhost:22720 for channel [id: 0xedebb837, L:/127.0.0.1:50854 - R:localhost/127.0.0.1:22720]
02:15:23.418 [Forwarding getAlertText on session bb44736b667a5010e82d83e9fac738cb to remote] DEBUG org.asynchttpclient.netty.request.NettyRequestSender - Using pooled Channel '[id: 0xedebb837, L:/127.0.0.1:50854 - R:localhost/127.0.0.1:22720]' for 'GET' to 'http://localhost:22720/session/bb44736b667a5010e82d83e9fac738cb/alert/text'
02:15:23.418 [Forwarding getAlertText on session bb44736b667a5010e82d83e9fac738cb to remote] DEBUG org.asynchttpclient.netty.request.NettyRequestSender - Using open Channel [id: 0xedebb837, L:/127.0.0.1:50854 - R:localhost/127.0.0.1:22720] for GET '/session/bb44736b667a5010e82d83e9fac738cb/alert/text'
02:15:23.419 [AsyncHttpClient-1-8] DEBUG org.asynchttpclient.netty.handler.HttpHandler - 

Request DefaultFullHttpRequest(decodeResult: success, version: HTTP/1.1, content: EmptyByteBufBE)
GET /session/bb44736b667a5010e82d83e9fac738cb/alert/text HTTP/1.1
User-Agent: selenium/4.8.1 (java windows)
Cache-Control: no-cache
Content-Type: application/json; charset=utf-8
host: localhost:22720
accept: */*

Response DefaultHttpResponse(decodeResult: success, version: HTTP/1.1)
HTTP/1.1 404 Not Found
Content-Length: 835
Content-Type: application/json; charset=utf-8
cache-control: no-cache

02:15:23.419 [AsyncHttpClient-1-8] DEBUG org.asynchttpclient.netty.channel.ChannelManager - Adding key: http://localhost:22720 for channel [id: 0xedebb837, L:/127.0.0.1:50854 - R:localhost/127.0.0.1:22720]
02:15:23.420 [Forwarding getCurrentUrl on session bb44736b667a5010e82d83e9fac738cb to remote] DEBUG org.asynchttpclient.netty.request.NettyRequestSender - Using pooled Channel '[id: 0xedebb837, L:/127.0.0.1:50854 - R:localhost/127.0.0.1:22720]' for 'GET' to 'http://localhost:22720/session/bb44736b667a5010e82d83e9fac738cb/url'
02:15:23.420 [Forwarding getCurrentUrl on session bb44736b667a5010e82d83e9fac738cb to remote] DEBUG org.asynchttpclient.netty.request.NettyRequestSender - Using open Channel [id: 0xedebb837, L:/127.0.0.1:50854 - R:localhost/127.0.0.1:22720] for GET '/session/bb44736b667a5010e82d83e9fac738cb/url'
02:15:23.422 [AsyncHttpClient-1-8] DEBUG org.asynchttpclient.netty.handler.HttpHandler - 

Request DefaultFullHttpRequest(decodeResult: success, version: HTTP/1.1, content: EmptyByteBufBE)
GET /session/bb44736b667a5010e82d83e9fac738cb/url HTTP/1.1
User-Agent: selenium/4.8.1 (java windows)
Cache-Control: no-cache
Content-Type: application/json; charset=utf-8
host: localhost:22720
accept: */*

Response DefaultHttpResponse(decodeResult: success, version: HTTP/1.1)
HTTP/1.1 200 OK
Content-Length: 42
Content-Type: application/json; charset=utf-8
cache-control: no-cache

02:15:23.423 [AsyncHttpClient-1-8] DEBUG org.asynchttpclient.netty.channel.ChannelManager - Adding key: http://localhost:22720 for channel [id: 0xedebb837, L:/127.0.0.1:50854 - R:localhost/127.0.0.1:22720]
02:15:23.423 [Forwarding screenshot on session bb44736b667a5010e82d83e9fac738cb to remote] DEBUG org.asynchttpclient.netty.request.NettyRequestSender - Using pooled Channel '[id: 0xedebb837, L:/127.0.0.1:50854 - R:localhost/127.0.0.1:22720]' for 'GET' to 'http://localhost:22720/session/bb44736b667a5010e82d83e9fac738cb/screenshot'
02:15:23.423 [Forwarding screenshot on session bb44736b667a5010e82d83e9fac738cb to remote] DEBUG org.asynchttpclient.netty.request.NettyRequestSender - Using open Channel [id: 0xedebb837, L:/127.0.0.1:50854 - R:localhost/127.0.0.1:22720] for GET '/session/bb44736b667a5010e82d83e9fac738cb/screenshot'
02:15:23.559 [AsyncHttpClient-1-8] DEBUG org.asynchttpclient.netty.handler.HttpHandler - 

Request DefaultFullHttpRequest(decodeResult: success, version: HTTP/1.1, content: EmptyByteBufBE)
GET /session/bb44736b667a5010e82d83e9fac738cb/screenshot HTTP/1.1
User-Agent: selenium/4.8.1 (java windows)
Cache-Control: no-cache
Content-Type: application/json; charset=utf-8
host: localhost:22720
accept: */*

Response DefaultHttpResponse(decodeResult: success, version: HTTP/1.1)
HTTP/1.1 200 OK
Content-Length: 259952
Content-Type: application/json; charset=utf-8
cache-control: no-cache

02:15:23.560 [AsyncHttpClient-1-8] DEBUG org.asynchttpclient.netty.channel.ChannelManager - Adding key: http://localhost:22720 for channel [id: 0xedebb837, L:/127.0.0.1:50854 - R:localhost/127.0.0.1:22720]
02:15:23.564 [main] DEBUG net.serenitybdd.core.photography.Darkroom - Send negative for processing for target\site\serenity\48754bdd9f39ad3cf6127e3408e1f5df390d7634f8aba5d10105d1a293b6b343.png
02:15:23.564 [main] DEBUG net.thucydides.core.steps.StepInterceptor - STEP DONE: inputPassword
02:15:23.564 [Darkroom Processing Line] DEBUG net.serenitybdd.core.photography.DarkroomProcessingLine - Processing screenshot image in /var/screenshots/screenshot-1530771835438515469
02:15:23.564 [Darkroom Processing Line] DEBUG net.serenitybdd.core.photography.DarkroomProcessingLine - Saving screenshot to target\site\serenity\48754bdd9f39ad3cf6127e3408e1f5df390d7634f8aba5d10105d1a293b6b343.png
02:15:23.568 [Forwarding getPageSource on session bb44736b667a5010e82d83e9fac738cb to remote] DEBUG org.asynchttpclient.netty.request.NettyRequestSender - Using pooled Channel '[id: 0xedebb837, L:/127.0.0.1:50854 - R:localhost/127.0.0.1:22720]' for 'POST' to 'http://localhost:22720/session/bb44736b667a5010e82d83e9fac738cb/execute/sync'
02:15:23.568 [Forwarding getPageSource on session bb44736b667a5010e82d83e9fac738cb to remote] DEBUG org.asynchttpclient.netty.request.NettyRequestSender - Using open Channel [id: 0xedebb837, L:/127.0.0.1:50854 - R:localhost/127.0.0.1:22720] for POST '/session/bb44736b667a5010e82d83e9fac738cb/execute/sync'
02:15:23.576 [AsyncHttpClient-1-8] DEBUG org.asynchttpclient.netty.handler.HttpHandler - 

Request DefaultHttpRequest(decodeResult: success, version: HTTP/1.1)
POST /session/bb44736b667a5010e82d83e9fac738cb/execute/sync HTTP/1.1
User-Agent: selenium/4.8.1 (java windows)
Content-Length: 176
Content-Type: application/json; charset=utf-8
host: localhost:22720
accept: */*

Response DefaultHttpResponse(decodeResult: success, version: HTTP/1.1)
HTTP/1.1 200 OK
Content-Length: 97061
Content-Type: application/json; charset=utf-8
cache-control: no-cache

02:15:23.576 [AsyncHttpClient-1-8] DEBUG org.asynchttpclient.netty.channel.ChannelManager - Adding key: http://localhost:22720 for channel [id: 0xedebb837, L:/127.0.0.1:50854 - R:localhost/127.0.0.1:22720]
02:15:23.580 [Forwarding getCurrentUrl on session bb44736b667a5010e82d83e9fac738cb to remote] DEBUG org.asynchttpclient.netty.request.NettyRequestSender - Using pooled Channel '[id: 0xedebb837, L:/127.0.0.1:50854 - R:localhost/127.0.0.1:22720]' for 'GET' to 'http://localhost:22720/session/bb44736b667a5010e82d83e9fac738cb/url'
02:15:23.581 [Forwarding getCurrentUrl on session bb44736b667a5010e82d83e9fac738cb to remote] DEBUG org.asynchttpclient.netty.request.NettyRequestSender - Using open Channel [id: 0xedebb837, L:/127.0.0.1:50854 - R:localhost/127.0.0.1:22720] for GET '/session/bb44736b667a5010e82d83e9fac738cb/url'
02:15:23.583 [AsyncHttpClient-1-8] DEBUG org.asynchttpclient.netty.handler.HttpHandler - 

Request DefaultFullHttpRequest(decodeResult: success, version: HTTP/1.1, content: EmptyByteBufBE)
GET /session/bb44736b667a5010e82d83e9fac738cb/url HTTP/1.1
User-Agent: selenium/4.8.1 (java windows)
Cache-Control: no-cache
Content-Type: application/json; charset=utf-8
host: localhost:22720
accept: */*

Response DefaultHttpResponse(decodeResult: success, version: HTTP/1.1)
HTTP/1.1 200 OK
Content-Length: 42
Content-Type: application/json; charset=utf-8
cache-control: no-cache

02:15:23.583 [AsyncHttpClient-1-8] DEBUG org.asynchttpclient.netty.channel.ChannelManager - Adding key: http://localhost:22720 for channel [id: 0xedebb837, L:/127.0.0.1:50854 - R:localhost/127.0.0.1:22720]
02:15:23.585 [main] DEBUG net.thucydides.core.steps.StepInterceptor - STARTING STEP: PaymentMethodSteps.onTheListrikPLNPage - clickSubmitButton
02:15:23.588 [Forwarding findElement on session bb44736b667a5010e82d83e9fac738cb to remote] DEBUG org.asynchttpclient.netty.request.NettyRequestSender - Using pooled Channel '[id: 0xedebb837, L:/127.0.0.1:50854 - R:localhost/127.0.0.1:22720]' for 'POST' to 'http://localhost:22720/session/bb44736b667a5010e82d83e9fac738cb/element'
02:15:23.588 [Forwarding findElement on session bb44736b667a5010e82d83e9fac738cb to remote] DEBUG org.asynchttpclient.netty.request.NettyRequestSender - Using open Channel [id: 0xedebb837, L:/127.0.0.1:50854 - R:localhost/127.0.0.1:22720] for POST '/session/bb44736b667a5010e82d83e9fac738cb/element'
02:15:23.596 [AsyncHttpClient-1-8] DEBUG org.asynchttpclient.netty.handler.HttpHandler - 

Request DefaultHttpRequest(decodeResult: success, version: HTTP/1.1)
POST /session/bb44736b667a5010e82d83e9fac738cb/element HTTP/1.1
User-Agent: selenium/4.8.1 (java windows)
Content-Length: 57
Content-Type: application/json; charset=utf-8
host: localhost:22720
accept: */*

Response DefaultHttpResponse(decodeResult: success, version: HTTP/1.1)
HTTP/1.1 200 OK
Content-Length: 88
Content-Type: application/json; charset=utf-8
cache-control: no-cache

02:15:23.596 [AsyncHttpClient-1-8] DEBUG org.asynchttpclient.netty.channel.ChannelManager - Adding key: http://localhost:22720 for channel [id: 0xedebb837, L:/127.0.0.1:50854 - R:localhost/127.0.0.1:22720]
02:15:23.598 [Forwarding getElementTagName on session bb44736b667a5010e82d83e9fac738cb to remote] DEBUG org.asynchttpclient.netty.request.NettyRequestSender - Using pooled Channel '[id: 0xedebb837, L:/127.0.0.1:50854 - R:localhost/127.0.0.1:22720]' for 'GET' to 'http://localhost:22720/session/bb44736b667a5010e82d83e9fac738cb/element/49d4ed05-93da-4c83-bf1b-01a2289c0841/name'
02:15:23.598 [Forwarding getElementTagName on session bb44736b667a5010e82d83e9fac738cb to remote] DEBUG org.asynchttpclient.netty.request.NettyRequestSender - Using open Channel [id: 0xedebb837, L:/127.0.0.1:50854 - R:localhost/127.0.0.1:22720] for GET '/session/bb44736b667a5010e82d83e9fac738cb/element/49d4ed05-93da-4c83-bf1b-01a2289c0841/name'
02:15:23.602 [AsyncHttpClient-1-8] DEBUG org.asynchttpclient.netty.handler.HttpHandler - 

Request DefaultFullHttpRequest(decodeResult: success, version: HTTP/1.1, content: EmptyByteBufBE)
GET /session/bb44736b667a5010e82d83e9fac738cb/element/49d4ed05-93da-4c83-bf1b-01a2289c0841/name HTTP/1.1
User-Agent: selenium/4.8.1 (java windows)
Cache-Control: no-cache
Content-Type: application/json; charset=utf-8
host: localhost:22720
accept: */*

Response DefaultHttpResponse(decodeResult: success, version: HTTP/1.1)
HTTP/1.1 200 OK
Content-Length: 18
Content-Type: application/json; charset=utf-8
cache-control: no-cache

02:15:23.602 [AsyncHttpClient-1-8] DEBUG org.asynchttpclient.netty.channel.ChannelManager - Adding key: http://localhost:22720 for channel [id: 0xedebb837, L:/127.0.0.1:50854 - R:localhost/127.0.0.1:22720]
02:15:23.603 [Forwarding getElementTagName on session bb44736b667a5010e82d83e9fac738cb to remote] DEBUG org.asynchttpclient.netty.request.NettyRequestSender - Using pooled Channel '[id: 0xedebb837, L:/127.0.0.1:50854 - R:localhost/127.0.0.1:22720]' for 'GET' to 'http://localhost:22720/session/bb44736b667a5010e82d83e9fac738cb/element/49d4ed05-93da-4c83-bf1b-01a2289c0841/name'
02:15:23.603 [Forwarding getElementTagName on session bb44736b667a5010e82d83e9fac738cb to remote] DEBUG org.asynchttpclient.netty.request.NettyRequestSender - Using open Channel [id: 0xedebb837, L:/127.0.0.1:50854 - R:localhost/127.0.0.1:22720] for GET '/session/bb44736b667a5010e82d83e9fac738cb/element/49d4ed05-93da-4c83-bf1b-01a2289c0841/name'
02:15:23.606 [AsyncHttpClient-1-8] DEBUG org.asynchttpclient.netty.handler.HttpHandler - 

Request DefaultFullHttpRequest(decodeResult: success, version: HTTP/1.1, content: EmptyByteBufBE)
GET /session/bb44736b667a5010e82d83e9fac738cb/element/49d4ed05-93da-4c83-bf1b-01a2289c0841/name HTTP/1.1
User-Agent: selenium/4.8.1 (java windows)
Cache-Control: no-cache
Content-Type: application/json; charset=utf-8
host: localhost:22720
accept: */*

Response DefaultHttpResponse(decodeResult: success, version: HTTP/1.1)
HTTP/1.1 200 OK
Content-Length: 18
Content-Type: application/json; charset=utf-8
cache-control: no-cache

02:15:23.606 [AsyncHttpClient-1-8] DEBUG org.asynchttpclient.netty.channel.ChannelManager - Adding key: http://localhost:22720 for channel [id: 0xedebb837, L:/127.0.0.1:50854 - R:localhost/127.0.0.1:22720]
02:15:23.607 [Forwarding isElementEnabled on session bb44736b667a5010e82d83e9fac738cb to remote] DEBUG org.asynchttpclient.netty.request.NettyRequestSender - Using pooled Channel '[id: 0xedebb837, L:/127.0.0.1:50854 - R:localhost/127.0.0.1:22720]' for 'GET' to 'http://localhost:22720/session/bb44736b667a5010e82d83e9fac738cb/element/49d4ed05-93da-4c83-bf1b-01a2289c0841/enabled'
02:15:23.607 [Forwarding isElementEnabled on session bb44736b667a5010e82d83e9fac738cb to remote] DEBUG org.asynchttpclient.netty.request.NettyRequestSender - Using open Channel [id: 0xedebb837, L:/127.0.0.1:50854 - R:localhost/127.0.0.1:22720] for GET '/session/bb44736b667a5010e82d83e9fac738cb/element/49d4ed05-93da-4c83-bf1b-01a2289c0841/enabled'
02:15:23.613 [AsyncHttpClient-1-8] DEBUG org.asynchttpclient.netty.handler.HttpHandler - 

Request DefaultFullHttpRequest(decodeResult: success, version: HTTP/1.1, content: EmptyByteBufBE)
GET /session/bb44736b667a5010e82d83e9fac738cb/element/49d4ed05-93da-4c83-bf1b-01a2289c0841/enabled HTTP/1.1
User-Agent: selenium/4.8.1 (java windows)
Cache-Control: no-cache
Content-Type: application/json; charset=utf-8
host: localhost:22720
accept: */*

Response DefaultHttpResponse(decodeResult: success, version: HTTP/1.1)
HTTP/1.1 200 OK
Content-Length: 14
Content-Type: application/json; charset=utf-8
cache-control: no-cache

02:15:23.613 [AsyncHttpClient-1-8] DEBUG org.asynchttpclient.netty.channel.ChannelManager - Adding key: http://localhost:22720 for channel [id: 0xedebb837, L:/127.0.0.1:50854 - R:localhost/127.0.0.1:22720]
02:15:23.614 [Forwarding isElementEnabled on session bb44736b667a5010e82d83e9fac738cb to remote] DEBUG org.asynchttpclient.netty.request.NettyRequestSender - Using pooled Channel '[id: 0xedebb837, L:/127.0.0.1:50854 - R:localhost/127.0.0.1:22720]' for 'GET' to 'http://localhost:22720/session/bb44736b667a5010e82d83e9fac738cb/element/49d4ed05-93da-4c83-bf1b-01a2289c0841/enabled'
02:15:23.614 [Forwarding isElementEnabled on session bb44736b667a5010e82d83e9fac738cb to remote] DEBUG org.asynchttpclient.netty.request.NettyRequestSender - Using open Channel [id: 0xedebb837, L:/127.0.0.1:50854 - R:localhost/127.0.0.1:22720] for GET '/session/bb44736b667a5010e82d83e9fac738cb/element/49d4ed05-93da-4c83-bf1b-01a2289c0841/enabled'
02:15:23.618 [AsyncHttpClient-1-8] DEBUG org.asynchttpclient.netty.handler.HttpHandler - 

Request DefaultFullHttpRequest(decodeResult: success, version: HTTP/1.1, content: EmptyByteBufBE)
GET /session/bb44736b667a5010e82d83e9fac738cb/element/49d4ed05-93da-4c83-bf1b-01a2289c0841/enabled HTTP/1.1
User-Agent: selenium/4.8.1 (java windows)
Cache-Control: no-cache
Content-Type: application/json; charset=utf-8
host: localhost:22720
accept: */*

Response DefaultHttpResponse(decodeResult: success, version: HTTP/1.1)
HTTP/1.1 200 OK
Content-Length: 14
Content-Type: application/json; charset=utf-8
cache-control: no-cache

02:15:23.619 [AsyncHttpClient-1-8] DEBUG org.asynchttpclient.netty.channel.ChannelManager - Adding key: http://localhost:22720 for channel [id: 0xedebb837, L:/127.0.0.1:50854 - R:localhost/127.0.0.1:22720]
02:15:23.620 [Forwarding findElement on session bb44736b667a5010e82d83e9fac738cb to remote] DEBUG org.asynchttpclient.netty.request.NettyRequestSender - Using pooled Channel '[id: 0xedebb837, L:/127.0.0.1:50854 - R:localhost/127.0.0.1:22720]' for 'POST' to 'http://localhost:22720/session/bb44736b667a5010e82d83e9fac738cb/element'
02:15:23.620 [Forwarding findElement on session bb44736b667a5010e82d83e9fac738cb to remote] DEBUG org.asynchttpclient.netty.request.NettyRequestSender - Using open Channel [id: 0xedebb837, L:/127.0.0.1:50854 - R:localhost/127.0.0.1:22720] for POST '/session/bb44736b667a5010e82d83e9fac738cb/element'
02:15:23.626 [AsyncHttpClient-1-8] DEBUG org.asynchttpclient.netty.handler.HttpHandler - 

Request DefaultHttpRequest(decodeResult: success, version: HTTP/1.1)
POST /session/bb44736b667a5010e82d83e9fac738cb/element HTTP/1.1
User-Agent: selenium/4.8.1 (java windows)
Content-Length: 57
Content-Type: application/json; charset=utf-8
host: localhost:22720
accept: */*

Response DefaultHttpResponse(decodeResult: success, version: HTTP/1.1)
HTTP/1.1 200 OK
Content-Length: 88
Content-Type: application/json; charset=utf-8
cache-control: no-cache

02:15:23.627 [AsyncHttpClient-1-8] DEBUG org.asynchttpclient.netty.channel.ChannelManager - Adding key: http://localhost:22720 for channel [id: 0xedebb837, L:/127.0.0.1:50854 - R:localhost/127.0.0.1:22720]
02:15:23.628 [Forwarding clickElement on session bb44736b667a5010e82d83e9fac738cb to remote] DEBUG org.asynchttpclient.netty.request.NettyRequestSender - Using pooled Channel '[id: 0xedebb837, L:/127.0.0.1:50854 - R:localhost/127.0.0.1:22720]' for 'POST' to 'http://localhost:22720/session/bb44736b667a5010e82d83e9fac738cb/element/49d4ed05-93da-4c83-bf1b-01a2289c0841/click'
02:15:23.628 [Forwarding clickElement on session bb44736b667a5010e82d83e9fac738cb to remote] DEBUG org.asynchttpclient.netty.request.NettyRequestSender - Using open Channel [id: 0xedebb837, L:/127.0.0.1:50854 - R:localhost/127.0.0.1:22720] for POST '/session/bb44736b667a5010e82d83e9fac738cb/element/49d4ed05-93da-4c83-bf1b-01a2289c0841/click'
02:15:23.733 [AsyncHttpClient-1-8] DEBUG org.asynchttpclient.netty.handler.HttpHandler - 

Request DefaultHttpRequest(decodeResult: success, version: HTTP/1.1)
POST /session/bb44736b667a5010e82d83e9fac738cb/element/49d4ed05-93da-4c83-bf1b-01a2289c0841/click HTTP/1.1
User-Agent: selenium/4.8.1 (java windows)
Content-Length: 50
Content-Type: application/json; charset=utf-8
host: localhost:22720
accept: */*

Response DefaultHttpResponse(decodeResult: success, version: HTTP/1.1)
HTTP/1.1 200 OK
Content-Length: 14
Content-Type: application/json; charset=utf-8
cache-control: no-cache

02:15:23.733 [AsyncHttpClient-1-8] DEBUG org.asynchttpclient.netty.channel.ChannelManager - Adding key: http://localhost:22720 for channel [id: 0xedebb837, L:/127.0.0.1:50854 - R:localhost/127.0.0.1:22720]
02:15:23.738 [Forwarding getAlertText on session bb44736b667a5010e82d83e9fac738cb to remote] DEBUG org.asynchttpclient.netty.request.NettyRequestSender - Using pooled Channel '[id: 0xedebb837, L:/127.0.0.1:50854 - R:localhost/127.0.0.1:22720]' for 'GET' to 'http://localhost:22720/session/bb44736b667a5010e82d83e9fac738cb/alert/text'
02:15:23.738 [Forwarding getAlertText on session bb44736b667a5010e82d83e9fac738cb to remote] DEBUG org.asynchttpclient.netty.request.NettyRequestSender - Using open Channel [id: 0xedebb837, L:/127.0.0.1:50854 - R:localhost/127.0.0.1:22720] for GET '/session/bb44736b667a5010e82d83e9fac738cb/alert/text'
02:15:23.740 [AsyncHttpClient-1-8] DEBUG org.asynchttpclient.netty.handler.HttpHandler - 

Request DefaultFullHttpRequest(decodeResult: success, version: HTTP/1.1, content: EmptyByteBufBE)
GET /session/bb44736b667a5010e82d83e9fac738cb/alert/text HTTP/1.1
User-Agent: selenium/4.8.1 (java windows)
Cache-Control: no-cache
Content-Type: application/json; charset=utf-8
host: localhost:22720
accept: */*

Response DefaultHttpResponse(decodeResult: success, version: HTTP/1.1)
HTTP/1.1 404 Not Found
Content-Length: 835
Content-Type: application/json; charset=utf-8
cache-control: no-cache

02:15:23.740 [AsyncHttpClient-1-8] DEBUG org.asynchttpclient.netty.channel.ChannelManager - Adding key: http://localhost:22720 for channel [id: 0xedebb837, L:/127.0.0.1:50854 - R:localhost/127.0.0.1:22720]
02:15:23.741 [Forwarding getCurrentUrl on session bb44736b667a5010e82d83e9fac738cb to remote] DEBUG org.asynchttpclient.netty.request.NettyRequestSender - Using pooled Channel '[id: 0xedebb837, L:/127.0.0.1:50854 - R:localhost/127.0.0.1:22720]' for 'GET' to 'http://localhost:22720/session/bb44736b667a5010e82d83e9fac738cb/url'
02:15:23.741 [Forwarding getCurrentUrl on session bb44736b667a5010e82d83e9fac738cb to remote] DEBUG org.asynchttpclient.netty.request.NettyRequestSender - Using open Channel [id: 0xedebb837, L:/127.0.0.1:50854 - R:localhost/127.0.0.1:22720] for GET '/session/bb44736b667a5010e82d83e9fac738cb/url'
02:15:23.745 [AsyncHttpClient-1-8] DEBUG org.asynchttpclient.netty.handler.HttpHandler - 

Request DefaultFullHttpRequest(decodeResult: success, version: HTTP/1.1, content: EmptyByteBufBE)
GET /session/bb44736b667a5010e82d83e9fac738cb/url HTTP/1.1
User-Agent: selenium/4.8.1 (java windows)
Cache-Control: no-cache
Content-Type: application/json; charset=utf-8
host: localhost:22720
accept: */*

Response DefaultHttpResponse(decodeResult: success, version: HTTP/1.1)
HTTP/1.1 200 OK
Content-Length: 42
Content-Type: application/json; charset=utf-8
cache-control: no-cache

02:15:23.745 [AsyncHttpClient-1-8] DEBUG org.asynchttpclient.netty.channel.ChannelManager - Adding key: http://localhost:22720 for channel [id: 0xedebb837, L:/127.0.0.1:50854 - R:localhost/127.0.0.1:22720]
02:15:23.746 [Forwarding screenshot on session bb44736b667a5010e82d83e9fac738cb to remote] DEBUG org.asynchttpclient.netty.request.NettyRequestSender - Using pooled Channel '[id: 0xedebb837, L:/127.0.0.1:50854 - R:localhost/127.0.0.1:22720]' for 'GET' to 'http://localhost:22720/session/bb44736b667a5010e82d83e9fac738cb/screenshot'
02:15:23.746 [Forwarding screenshot on session bb44736b667a5010e82d83e9fac738cb to remote] DEBUG org.asynchttpclient.netty.request.NettyRequestSender - Using open Channel [id: 0xedebb837, L:/127.0.0.1:50854 - R:localhost/127.0.0.1:22720] for GET '/session/bb44736b667a5010e82d83e9fac738cb/screenshot'
02:15:23.850 [AsyncHttpClient-1-1] DEBUG org.asynchttpclient.netty.channel.DefaultChannelPool - Entry count for : http://localhost:50855 : 1
02:15:23.859 [AsyncHttpClient-1-8] DEBUG org.asynchttpclient.netty.handler.HttpHandler - 

Request DefaultFullHttpRequest(decodeResult: success, version: HTTP/1.1, content: EmptyByteBufBE)
GET /session/bb44736b667a5010e82d83e9fac738cb/screenshot HTTP/1.1
User-Agent: selenium/4.8.1 (java windows)
Cache-Control: no-cache
Content-Type: application/json; charset=utf-8
host: localhost:22720
accept: */*

Response DefaultHttpResponse(decodeResult: success, version: HTTP/1.1)
HTTP/1.1 200 OK
Content-Length: 147964
Content-Type: application/json; charset=utf-8
cache-control: no-cache

02:15:23.860 [AsyncHttpClient-1-8] DEBUG org.asynchttpclient.netty.channel.ChannelManager - Adding key: http://localhost:22720 for channel [id: 0xedebb837, L:/127.0.0.1:50854 - R:localhost/127.0.0.1:22720]
02:15:23.863 [main] DEBUG net.serenitybdd.core.photography.Darkroom - Send negative for processing for target\site\serenity\f9c7f18a81ad0ef623aaa4187b2db9d0d58378ff1c7d4bbd09c181bd95c00037.png
02:15:23.863 [main] DEBUG net.thucydides.core.steps.StepInterceptor - STEP DONE: clickSubmitButton
  &amp#27;[32mGiven &amp#27;[0m&amp#27;[32mI am on the Listrik PLN Page&amp#27;[0m                        &amp#27;[90m# starter.stepdefintions.PaymentMethodSteps.onTheListrikPLNPage()&amp#27;[0m
02:15:23.863 [Darkroom Processing Line] DEBUG net.serenitybdd.core.photography.DarkroomProcessingLine - Processing screenshot image in /var/screenshots/screenshot-492628649615491317
02:15:23.863 [Darkroom Processing Line] DEBUG net.serenitybdd.core.photography.DarkroomProcessingLine - Saving screenshot to target\site\serenity\f9c7f18a81ad0ef623aaa4187b2db9d0d58378ff1c7d4bbd09c181bd95c00037.png
02:15:23.869 [Forwarding getPageSource on session bb44736b667a5010e82d83e9fac738cb to remote] DEBUG org.asynchttpclient.netty.request.NettyRequestSender - Using pooled Channel '[id: 0xedebb837, L:/127.0.0.1:50854 - R:localhost/127.0.0.1:22720]' for 'POST' to 'http://localhost:22720/session/bb44736b667a5010e82d83e9fac738cb/execute/sync'
02:15:23.869 [Forwarding getPageSource on session bb44736b667a5010e82d83e9fac738cb to remote] DEBUG org.asynchttpclient.netty.request.NettyRequestSender - Using open Channel [id: 0xedebb837, L:/127.0.0.1:50854 - R:localhost/127.0.0.1:22720] for POST '/session/bb44736b667a5010e82d83e9fac738cb/execute/sync'
02:15:23.878 [AsyncHttpClient-1-8] DEBUG org.asynchttpclient.netty.handler.HttpHandler - 

Request DefaultHttpRequest(decodeResult: success, version: HTTP/1.1)
POST /session/bb44736b667a5010e82d83e9fac738cb/execute/sync HTTP/1.1
User-Agent: selenium/4.8.1 (java windows)
Content-Length: 176
Content-Type: application/json; charset=utf-8
host: localhost:22720
accept: */*

Response DefaultHttpResponse(decodeResult: success, version: HTTP/1.1)
HTTP/1.1 200 OK
Content-Length: 103527
Content-Type: application/json; charset=utf-8
cache-control: no-cache

02:15:23.878 [AsyncHttpClient-1-8] DEBUG org.asynchttpclient.netty.channel.ChannelManager - Adding key: http://localhost:22720 for channel [id: 0xedebb837, L:/127.0.0.1:50854 - R:localhost/127.0.0.1:22720]
02:15:23.883 [Forwarding getCurrentUrl on session bb44736b667a5010e82d83e9fac738cb to remote] DEBUG org.asynchttpclient.netty.request.NettyRequestSender - Using pooled Channel '[id: 0xedebb837, L:/127.0.0.1:50854 - R:localhost/127.0.0.1:22720]' for 'GET' to 'http://localhost:22720/session/bb44736b667a5010e82d83e9fac738cb/url'
02:15:23.883 [Forwarding getCurrentUrl on session bb44736b667a5010e82d83e9fac738cb to remote] DEBUG org.asynchttpclient.netty.request.NettyRequestSender - Using open Channel [id: 0xedebb837, L:/127.0.0.1:50854 - R:localhost/127.0.0.1:22720] for GET '/session/bb44736b667a5010e82d83e9fac738cb/url'
02:15:23.885 [AsyncHttpClient-1-8] DEBUG org.asynchttpclient.netty.handler.HttpHandler - 

Request DefaultFullHttpRequest(decodeResult: success, version: HTTP/1.1, content: EmptyByteBufBE)
GET /session/bb44736b667a5010e82d83e9fac738cb/url HTTP/1.1
User-Agent: selenium/4.8.1 (java windows)
Cache-Control: no-cache
Content-Type: application/json; charset=utf-8
host: localhost:22720
accept: */*

Response DefaultHttpResponse(decodeResult: success, version: HTTP/1.1)
HTTP/1.1 200 OK
Content-Length: 42
Content-Type: application/json; charset=utf-8
cache-control: no-cache

02:15:23.885 [AsyncHttpClient-1-8] DEBUG org.asynchttpclient.netty.channel.ChannelManager - Adding key: http://localhost:22720 for channel [id: 0xedebb837, L:/127.0.0.1:50854 - R:localhost/127.0.0.1:22720]
02:15:23.892 [Forwarding getPageSource on session bb44736b667a5010e82d83e9fac738cb to remote] DEBUG org.asynchttpclient.netty.request.NettyRequestSender - Using pooled Channel '[id: 0xedebb837, L:/127.0.0.1:50854 - R:localhost/127.0.0.1:22720]' for 'POST' to 'http://localhost:22720/session/bb44736b667a5010e82d83e9fac738cb/execute/sync'
02:15:23.893 [Forwarding getPageSource on session bb44736b667a5010e82d83e9fac738cb to remote] DEBUG org.asynchttpclient.netty.request.NettyRequestSender - Using open Channel [id: 0xedebb837, L:/127.0.0.1:50854 - R:localhost/127.0.0.1:22720] for POST '/session/bb44736b667a5010e82d83e9fac738cb/execute/sync'
02:15:23.900 [AsyncHttpClient-1-8] DEBUG org.asynchttpclient.netty.handler.HttpHandler - 

Request DefaultHttpRequest(decodeResult: success, version: HTTP/1.1)
POST /session/bb44736b667a5010e82d83e9fac738cb/execute/sync HTTP/1.1
User-Agent: selenium/4.8.1 (java windows)
Content-Length: 176
Content-Type: application/json; charset=utf-8
host: localhost:22720
accept: */*

Response DefaultHttpResponse(decodeResult: success, version: HTTP/1.1)
HTTP/1.1 200 OK
Content-Length: 103527
Content-Type: application/json; charset=utf-8
cache-control: no-cache

02:15:23.900 [AsyncHttpClient-1-8] DEBUG org.asynchttpclient.netty.channel.ChannelManager - Adding key: http://localhost:22720 for channel [id: 0xedebb837, L:/127.0.0.1:50854 - R:localhost/127.0.0.1:22720]
02:15:23.905 [Forwarding getCurrentUrl on session bb44736b667a5010e82d83e9fac738cb to remote] DEBUG org.asynchttpclient.netty.request.NettyRequestSender - Using pooled Channel '[id: 0xedebb837, L:/127.0.0.1:50854 - R:localhost/127.0.0.1:22720]' for 'GET' to 'http://localhost:22720/session/bb44736b667a5010e82d83e9fac738cb/url'
02:15:23.905 [Forwarding getCurrentUrl on session bb44736b667a5010e82d83e9fac738cb to remote] DEBUG org.asynchttpclient.netty.request.NettyRequestSender - Using open Channel [id: 0xedebb837, L:/127.0.0.1:50854 - R:localhost/127.0.0.1:22720] for GET '/session/bb44736b667a5010e82d83e9fac738cb/url'
02:15:23.908 [AsyncHttpClient-1-8] DEBUG org.asynchttpclient.netty.handler.HttpHandler - 

Request DefaultFullHttpRequest(decodeResult: success, version: HTTP/1.1, content: EmptyByteBufBE)
GET /session/bb44736b667a5010e82d83e9fac738cb/url HTTP/1.1
User-Agent: selenium/4.8.1 (java windows)
Cache-Control: no-cache
Content-Type: application/json; charset=utf-8
host: localhost:22720
accept: */*

Response DefaultHttpResponse(decodeResult: success, version: HTTP/1.1)
HTTP/1.1 200 OK
Content-Length: 42
Content-Type: application/json; charset=utf-8
cache-control: no-cache

02:15:23.908 [AsyncHttpClient-1-8] DEBUG org.asynchttpclient.netty.channel.ChannelManager - Adding key: http://localhost:22720 for channel [id: 0xedebb837, L:/127.0.0.1:50854 - R:localhost/127.0.0.1:22720]
02:15:23.911 [main] DEBUG net.thucydides.core.steps.StepInterceptor - STARTING STEP: PaymentMethodSteps.proceedsToCheckout - clickProductItem
02:15:23.913 [Forwarding findElement on session bb44736b667a5010e82d83e9fac738cb to remote] DEBUG org.asynchttpclient.netty.request.NettyRequestSender - Using pooled Channel '[id: 0xedebb837, L:/127.0.0.1:50854 - R:localhost/127.0.0.1:22720]' for 'POST' to 'http://localhost:22720/session/bb44736b667a5010e82d83e9fac738cb/element'
02:15:23.913 [Forwarding findElement on session bb44736b667a5010e82d83e9fac738cb to remote] DEBUG org.asynchttpclient.netty.request.NettyRequestSender - Using open Channel [id: 0xedebb837, L:/127.0.0.1:50854 - R:localhost/127.0.0.1:22720] for POST '/session/bb44736b667a5010e82d83e9fac738cb/element'
02:15:24.949 [AsyncHttpClient-1-1] DEBUG org.asynchttpclient.netty.channel.DefaultChannelPool - Entry count for : http://localhost:50855 : 1
02:15:25.953 [AsyncHttpClient-1-8] DEBUG org.asynchttpclient.netty.handler.HttpHandler - 

Request DefaultHttpRequest(decodeResult: success, version: HTTP/1.1)
POST /session/bb44736b667a5010e82d83e9fac738cb/element HTTP/1.1
User-Agent: selenium/4.8.1 (java windows)
Content-Length: 59
Content-Type: application/json; charset=utf-8
host: localhost:22720
accept: */*

Response DefaultHttpResponse(decodeResult: success, version: HTTP/1.1)
HTTP/1.1 404 Not Found
Content-Length: 957
Content-Type: application/json; charset=utf-8
cache-control: no-cache

02:15:25.953 [AsyncHttpClient-1-8] DEBUG org.asynchttpclient.netty.channel.ChannelManager - Adding key: http://localhost:22720 for channel [id: 0xedebb837, L:/127.0.0.1:50854 - R:localhost/127.0.0.1:22720]
02:15:26.058 [AsyncHttpClient-1-1] DEBUG org.asynchttpclient.netty.channel.DefaultChannelPool - Entry count for : http://localhost:50855 : 1
02:15:26.058 [AsyncHttpClient-1-1] DEBUG org.asynchttpclient.netty.channel.DefaultChannelPool - Entry count for : http://localhost:22720 : 1
02:15:26.059 [Forwarding findElement on session bb44736b667a5010e82d83e9fac738cb to remote] DEBUG org.asynchttpclient.netty.request.NettyRequestSender - Using pooled Channel '[id: 0xedebb837, L:/127.0.0.1:50854 - R:localhost/127.0.0.1:22720]' for 'POST' to 'http://localhost:22720/session/bb44736b667a5010e82d83e9fac738cb/element'
02:15:26.059 [Forwarding findElement on session bb44736b667a5010e82d83e9fac738cb to remote] DEBUG org.asynchttpclient.netty.request.NettyRequestSender - Using open Channel [id: 0xedebb837, L:/127.0.0.1:50854 - R:localhost/127.0.0.1:22720] for POST '/session/bb44736b667a5010e82d83e9fac738cb/element'
02:15:26.652 [AsyncHttpClient-1-8] DEBUG org.asynchttpclient.netty.handler.HttpHandler - 

Request DefaultHttpRequest(decodeResult: success, version: HTTP/1.1)
POST /session/bb44736b667a5010e82d83e9fac738cb/element HTTP/1.1
User-Agent: selenium/4.8.1 (java windows)
Content-Length: 59
Content-Type: application/json; charset=utf-8
host: localhost:22720
accept: */*

Response DefaultHttpResponse(decodeResult: success, version: HTTP/1.1)
HTTP/1.1 200 OK
Content-Length: 88
Content-Type: application/json; charset=utf-8
cache-control: no-cache

02:15:26.652 [AsyncHttpClient-1-8] DEBUG org.asynchttpclient.netty.channel.ChannelManager - Adding key: http://localhost:22720 for channel [id: 0xedebb837, L:/127.0.0.1:50854 - R:localhost/127.0.0.1:22720]
02:15:26.653 [Forwarding getElementTagName on session bb44736b667a5010e82d83e9fac738cb to remote] DEBUG org.asynchttpclient.netty.request.NettyRequestSender - Using pooled Channel '[id: 0xedebb837, L:/127.0.0.1:50854 - R:localhost/127.0.0.1:22720]' for 'GET' to 'http://localhost:22720/session/bb44736b667a5010e82d83e9fac738cb/element/be46571b-ed9f-4571-810a-1387bb5e3984/name'
02:15:26.654 [Forwarding getElementTagName on session bb44736b667a5010e82d83e9fac738cb to remote] DEBUG org.asynchttpclient.netty.request.NettyRequestSender - Using open Channel [id: 0xedebb837, L:/127.0.0.1:50854 - R:localhost/127.0.0.1:22720] for GET '/session/bb44736b667a5010e82d83e9fac738cb/element/be46571b-ed9f-4571-810a-1387bb5e3984/name'
02:15:26.671 [AsyncHttpClient-1-8] DEBUG org.asynchttpclient.netty.handler.HttpHandler - 

Request DefaultFullHttpRequest(decodeResult: success, version: HTTP/1.1, content: EmptyByteBufBE)
GET /session/bb44736b667a5010e82d83e9fac738cb/element/be46571b-ed9f-4571-810a-1387bb5e3984/name HTTP/1.1
User-Agent: selenium/4.8.1 (java windows)
Cache-Control: no-cache
Content-Type: application/json; charset=utf-8
host: localhost:22720
accept: */*

Response DefaultHttpResponse(decodeResult: success, version: HTTP/1.1)
HTTP/1.1 200 OK
Content-Length: 15
Content-Type: application/json; charset=utf-8
cache-control: no-cache

02:15:26.671 [AsyncHttpClient-1-8] DEBUG org.asynchttpclient.netty.channel.ChannelManager - Adding key: http://localhost:22720 for channel [id: 0xedebb837, L:/127.0.0.1:50854 - R:localhost/127.0.0.1:22720]
02:15:26.672 [Forwarding getElementTagName on session bb44736b667a5010e82d83e9fac738cb to remote] DEBUG org.asynchttpclient.netty.request.NettyRequestSender - Using pooled Channel '[id: 0xedebb837, L:/127.0.0.1:50854 - R:localhost/127.0.0.1:22720]' for 'GET' to 'http://localhost:22720/session/bb44736b667a5010e82d83e9fac738cb/element/be46571b-ed9f-4571-810a-1387bb5e3984/name'
02:15:26.672 [Forwarding getElementTagName on session bb44736b667a5010e82d83e9fac738cb to remote] DEBUG org.asynchttpclient.netty.request.NettyRequestSender - Using open Channel [id: 0xedebb837, L:/127.0.0.1:50854 - R:localhost/127.0.0.1:22720] for GET '/session/bb44736b667a5010e82d83e9fac738cb/element/be46571b-ed9f-4571-810a-1387bb5e3984/name'
02:15:26.677 [AsyncHttpClient-1-8] DEBUG org.asynchttpclient.netty.handler.HttpHandler - 

Request DefaultFullHttpRequest(decodeResult: success, version: HTTP/1.1, content: EmptyByteBufBE)
GET /session/bb44736b667a5010e82d83e9fac738cb/element/be46571b-ed9f-4571-810a-1387bb5e3984/name HTTP/1.1
User-Agent: selenium/4.8.1 (java windows)
Cache-Control: no-cache
Content-Type: application/json; charset=utf-8
host: localhost:22720
accept: */*

Response DefaultHttpResponse(decodeResult: success, version: HTTP/1.1)
HTTP/1.1 200 OK
Content-Length: 15
Content-Type: application/json; charset=utf-8
cache-control: no-cache

02:15:26.677 [AsyncHttpClient-1-8] DEBUG org.asynchttpclient.netty.channel.ChannelManager - Adding key: http://localhost:22720 for channel [id: 0xedebb837, L:/127.0.0.1:50854 - R:localhost/127.0.0.1:22720]
02:15:26.678 [Forwarding findElement on session bb44736b667a5010e82d83e9fac738cb to remote] DEBUG org.asynchttpclient.netty.request.NettyRequestSender - Using pooled Channel '[id: 0xedebb837, L:/127.0.0.1:50854 - R:localhost/127.0.0.1:22720]' for 'POST' to 'http://localhost:22720/session/bb44736b667a5010e82d83e9fac738cb/element'
02:15:26.678 [Forwarding findElement on session bb44736b667a5010e82d83e9fac738cb to remote] DEBUG org.asynchttpclient.netty.request.NettyRequestSender - Using open Channel [id: 0xedebb837, L:/127.0.0.1:50854 - R:localhost/127.0.0.1:22720] for POST '/session/bb44736b667a5010e82d83e9fac738cb/element'
02:15:26.684 [AsyncHttpClient-1-8] DEBUG org.asynchttpclient.netty.handler.HttpHandler - 

Request DefaultHttpRequest(decodeResult: success, version: HTTP/1.1)
POST /session/bb44736b667a5010e82d83e9fac738cb/element HTTP/1.1
User-Agent: selenium/4.8.1 (java windows)
Content-Length: 59
Content-Type: application/json; charset=utf-8
host: localhost:22720
accept: */*

Response DefaultHttpResponse(decodeResult: success, version: HTTP/1.1)
HTTP/1.1 200 OK
Content-Length: 88
Content-Type: application/json; charset=utf-8
cache-control: no-cache

02:15:26.684 [AsyncHttpClient-1-8] DEBUG org.asynchttpclient.netty.channel.ChannelManager - Adding key: http://localhost:22720 for channel [id: 0xedebb837, L:/127.0.0.1:50854 - R:localhost/127.0.0.1:22720]
02:15:26.685 [Forwarding clickElement on session bb44736b667a5010e82d83e9fac738cb to remote] DEBUG org.asynchttpclient.netty.request.NettyRequestSender - Using pooled Channel '[id: 0xedebb837, L:/127.0.0.1:50854 - R:localhost/127.0.0.1:22720]' for 'POST' to 'http://localhost:22720/session/bb44736b667a5010e82d83e9fac738cb/element/be46571b-ed9f-4571-810a-1387bb5e3984/click'
02:15:26.685 [Forwarding clickElement on session bb44736b667a5010e82d83e9fac738cb to remote] DEBUG org.asynchttpclient.netty.request.NettyRequestSender - Using open Channel [id: 0xedebb837, L:/127.0.0.1:50854 - R:localhost/127.0.0.1:22720] for POST '/session/bb44736b667a5010e82d83e9fac738cb/element/be46571b-ed9f-4571-810a-1387bb5e3984/click'
02:15:26.716 [AsyncHttpClient-1-8] DEBUG org.asynchttpclient.netty.handler.HttpHandler - 

Request DefaultHttpRequest(decodeResult: success, version: HTTP/1.1)
POST /session/bb44736b667a5010e82d83e9fac738cb/element/be46571b-ed9f-4571-810a-1387bb5e3984/click HTTP/1.1
User-Agent: selenium/4.8.1 (java windows)
Content-Length: 50
Content-Type: application/json; charset=utf-8
host: localhost:22720
accept: */*

Response DefaultHttpResponse(decodeResult: success, version: HTTP/1.1)
HTTP/1.1 200 OK
Content-Length: 14
Content-Type: application/json; charset=utf-8
cache-control: no-cache

02:15:26.716 [AsyncHttpClient-1-8] DEBUG org.asynchttpclient.netty.channel.ChannelManager - Adding key: http://localhost:22720 for channel [id: 0xedebb837, L:/127.0.0.1:50854 - R:localhost/127.0.0.1:22720]
02:15:26.721 [Forwarding getAlertText on session bb44736b667a5010e82d83e9fac738cb to remote] DEBUG org.asynchttpclient.netty.request.NettyRequestSender - Using pooled Channel '[id: 0xedebb837, L:/127.0.0.1:50854 - R:localhost/127.0.0.1:22720]' for 'GET' to 'http://localhost:22720/session/bb44736b667a5010e82d83e9fac738cb/alert/text'
02:15:26.721 [Forwarding getAlertText on session bb44736b667a5010e82d83e9fac738cb to remote] DEBUG org.asynchttpclient.netty.request.NettyRequestSender - Using open Channel [id: 0xedebb837, L:/127.0.0.1:50854 - R:localhost/127.0.0.1:22720] for GET '/session/bb44736b667a5010e82d83e9fac738cb/alert/text'
02:15:26.763 [AsyncHttpClient-1-8] DEBUG org.asynchttpclient.netty.handler.HttpHandler - 

Request DefaultFullHttpRequest(decodeResult: success, version: HTTP/1.1, content: EmptyByteBufBE)
GET /session/bb44736b667a5010e82d83e9fac738cb/alert/text HTTP/1.1
User-Agent: selenium/4.8.1 (java windows)
Cache-Control: no-cache
Content-Type: application/json; charset=utf-8
host: localhost:22720
accept: */*

Response DefaultHttpResponse(decodeResult: success, version: HTTP/1.1)
HTTP/1.1 404 Not Found
Content-Length: 835
Content-Type: application/json; charset=utf-8
cache-control: no-cache

02:15:26.763 [AsyncHttpClient-1-8] DEBUG org.asynchttpclient.netty.channel.ChannelManager - Adding key: http://localhost:22720 for channel [id: 0xedebb837, L:/127.0.0.1:50854 - R:localhost/127.0.0.1:22720]
02:15:26.764 [Forwarding getCurrentUrl on session bb44736b667a5010e82d83e9fac738cb to remote] DEBUG org.asynchttpclient.netty.request.NettyRequestSender - Using pooled Channel '[id: 0xedebb837, L:/127.0.0.1:50854 - R:localhost/127.0.0.1:22720]' for 'GET' to 'http://localhost:22720/session/bb44736b667a5010e82d83e9fac738cb/url'
02:15:26.764 [Forwarding getCurrentUrl on session bb44736b667a5010e82d83e9fac738cb to remote] DEBUG org.asynchttpclient.netty.request.NettyRequestSender - Using open Channel [id: 0xedebb837, L:/127.0.0.1:50854 - R:localhost/127.0.0.1:22720] for GET '/session/bb44736b667a5010e82d83e9fac738cb/url'
02:15:26.768 [AsyncHttpClient-1-8] DEBUG org.asynchttpclient.netty.handler.HttpHandler - 

Request DefaultFullHttpRequest(decodeResult: success, version: HTTP/1.1, content: EmptyByteBufBE)
GET /session/bb44736b667a5010e82d83e9fac738cb/url HTTP/1.1
User-Agent: selenium/4.8.1 (java windows)
Cache-Control: no-cache
Content-Type: application/json; charset=utf-8
host: localhost:22720
accept: */*

Response DefaultHttpResponse(decodeResult: success, version: HTTP/1.1)
HTTP/1.1 200 OK
Content-Length: 51
Content-Type: application/json; charset=utf-8
cache-control: no-cache

02:15:26.768 [AsyncHttpClient-1-8] DEBUG org.asynchttpclient.netty.channel.ChannelManager - Adding key: http://localhost:22720 for channel [id: 0xedebb837, L:/127.0.0.1:50854 - R:localhost/127.0.0.1:22720]
02:15:26.769 [Forwarding screenshot on session bb44736b667a5010e82d83e9fac738cb to remote] DEBUG org.asynchttpclient.netty.request.NettyRequestSender - Using pooled Channel '[id: 0xedebb837, L:/127.0.0.1:50854 - R:localhost/127.0.0.1:22720]' for 'GET' to 'http://localhost:22720/session/bb44736b667a5010e82d83e9fac738cb/screenshot'
02:15:26.769 [Forwarding screenshot on session bb44736b667a5010e82d83e9fac738cb to remote] DEBUG org.asynchttpclient.netty.request.NettyRequestSender - Using open Channel [id: 0xedebb837, L:/127.0.0.1:50854 - R:localhost/127.0.0.1:22720] for GET '/session/bb44736b667a5010e82d83e9fac738cb/screenshot'
02:15:26.904 [AsyncHttpClient-1-8] DEBUG org.asynchttpclient.netty.handler.HttpHandler - 

Request DefaultFullHttpRequest(decodeResult: success, version: HTTP/1.1, content: EmptyByteBufBE)
GET /session/bb44736b667a5010e82d83e9fac738cb/screenshot HTTP/1.1
User-Agent: selenium/4.8.1 (java windows)
Cache-Control: no-cache
Content-Type: application/json; charset=utf-8
host: localhost:22720
accept: */*

Response DefaultHttpResponse(decodeResult: success, version: HTTP/1.1)
HTTP/1.1 200 OK
Content-Length: 166064
Content-Type: application/json; charset=utf-8
cache-control: no-cache

02:15:26.904 [AsyncHttpClient-1-8] DEBUG org.asynchttpclient.netty.channel.ChannelManager - Adding key: http://localhost:22720 for channel [id: 0xedebb837, L:/127.0.0.1:50854 - R:localhost/127.0.0.1:22720]
02:15:26.907 [main] DEBUG net.serenitybdd.core.photography.Darkroom - Send negative for processing for target\site\serenity\ad5a89d7ab2fc590990186705a01f97a2ce1cfa02af9d2478a2e2a2382b129fe.png
02:15:26.907 [main] DEBUG net.thucydides.core.steps.StepInterceptor - STEP DONE: clickProductItem
02:15:26.908 [Darkroom Processing Line] DEBUG net.serenitybdd.core.photography.DarkroomProcessingLine - Processing screenshot image in /var/screenshots/screenshot-12521623174813136130
02:15:26.908 [Darkroom Processing Line] DEBUG net.serenitybdd.core.photography.DarkroomProcessingLine - Saving screenshot to target\site\serenity\ad5a89d7ab2fc590990186705a01f97a2ce1cfa02af9d2478a2e2a2382b129fe.png
02:15:26.963 [Forwarding getAlertText on session bb44736b667a5010e82d83e9fac738cb to remote] DEBUG org.asynchttpclient.netty.request.NettyRequestSender - Using pooled Channel '[id: 0xedebb837, L:/127.0.0.1:50854 - R:localhost/127.0.0.1:22720]' for 'GET' to 'http://localhost:22720/session/bb44736b667a5010e82d83e9fac738cb/alert/text'
02:15:26.964 [Forwarding getAlertText on session bb44736b667a5010e82d83e9fac738cb to remote] DEBUG org.asynchttpclient.netty.request.NettyRequestSender - Using open Channel [id: 0xedebb837, L:/127.0.0.1:50854 - R:localhost/127.0.0.1:22720] for GET '/session/bb44736b667a5010e82d83e9fac738cb/alert/text'
02:15:26.967 [AsyncHttpClient-1-8] DEBUG org.asynchttpclient.netty.handler.HttpHandler - 

Request DefaultFullHttpRequest(decodeResult: success, version: HTTP/1.1, content: EmptyByteBufBE)
GET /session/bb44736b667a5010e82d83e9fac738cb/alert/text HTTP/1.1
User-Agent: selenium/4.8.1 (java windows)
Cache-Control: no-cache
Content-Type: application/json; charset=utf-8
host: localhost:22720
accept: */*

Response DefaultHttpResponse(decodeResult: success, version: HTTP/1.1)
HTTP/1.1 404 Not Found
Content-Length: 835
Content-Type: application/json; charset=utf-8
cache-control: no-cache

02:15:26.967 [AsyncHttpClient-1-8] DEBUG org.asynchttpclient.netty.channel.ChannelManager - Adding key: http://localhost:22720 for channel [id: 0xedebb837, L:/127.0.0.1:50854 - R:localhost/127.0.0.1:22720]
02:15:26.968 [Forwarding getCurrentUrl on session bb44736b667a5010e82d83e9fac738cb to remote] DEBUG org.asynchttpclient.netty.request.NettyRequestSender - Using pooled Channel '[id: 0xedebb837, L:/127.0.0.1:50854 - R:localhost/127.0.0.1:22720]' for 'GET' to 'http://localhost:22720/session/bb44736b667a5010e82d83e9fac738cb/url'
02:15:26.968 [Forwarding getCurrentUrl on session bb44736b667a5010e82d83e9fac738cb to remote] DEBUG org.asynchttpclient.netty.request.NettyRequestSender - Using open Channel [id: 0xedebb837, L:/127.0.0.1:50854 - R:localhost/127.0.0.1:22720] for GET '/session/bb44736b667a5010e82d83e9fac738cb/url'
02:15:26.971 [AsyncHttpClient-1-8] DEBUG org.asynchttpclient.netty.handler.HttpHandler - 

Request DefaultFullHttpRequest(decodeResult: success, version: HTTP/1.1, content: EmptyByteBufBE)
GET /session/bb44736b667a5010e82d83e9fac738cb/url HTTP/1.1
User-Agent: selenium/4.8.1 (java windows)
Cache-Control: no-cache
Content-Type: application/json; charset=utf-8
host: localhost:22720
accept: */*

Response DefaultHttpResponse(decodeResult: success, version: HTTP/1.1)
HTTP/1.1 200 OK
Content-Length: 51
Content-Type: application/json; charset=utf-8
cache-control: no-cache

02:15:26.971 [AsyncHttpClient-1-8] DEBUG org.asynchttpclient.netty.channel.ChannelManager - Adding key: http://localhost:22720 for channel [id: 0xedebb837, L:/127.0.0.1:50854 - R:localhost/127.0.0.1:22720]
02:15:26.971 [Forwarding screenshot on session bb44736b667a5010e82d83e9fac738cb to remote] DEBUG org.asynchttpclient.netty.request.NettyRequestSender - Using pooled Channel '[id: 0xedebb837, L:/127.0.0.1:50854 - R:localhost/127.0.0.1:22720]' for 'GET' to 'http://localhost:22720/session/bb44736b667a5010e82d83e9fac738cb/screenshot'
02:15:26.971 [Forwarding screenshot on session bb44736b667a5010e82d83e9fac738cb to remote] DEBUG org.asynchttpclient.netty.request.NettyRequestSender - Using open Channel [id: 0xedebb837, L:/127.0.0.1:50854 - R:localhost/127.0.0.1:22720] for GET '/session/bb44736b667a5010e82d83e9fac738cb/screenshot'
02:15:27.075 [AsyncHttpClient-1-8] DEBUG org.asynchttpclient.netty.handler.HttpHandler - 

Request DefaultFullHttpRequest(decodeResult: success, version: HTTP/1.1, content: EmptyByteBufBE)
GET /session/bb44736b667a5010e82d83e9fac738cb/screenshot HTTP/1.1
User-Agent: selenium/4.8.1 (java windows)
Cache-Control: no-cache
Content-Type: application/json; charset=utf-8
host: localhost:22720
accept: */*

Response DefaultHttpResponse(decodeResult: success, version: HTTP/1.1)
HTTP/1.1 200 OK
Content-Length: 230124
Content-Type: application/json; charset=utf-8
cache-control: no-cache

02:15:27.076 [AsyncHttpClient-1-8] DEBUG org.asynchttpclient.netty.channel.ChannelManager - Adding key: http://localhost:22720 for channel [id: 0xedebb837, L:/127.0.0.1:50854 - R:localhost/127.0.0.1:22720]
02:15:27.079 [main] DEBUG net.serenitybdd.core.photography.Darkroom - Send negative for processing for target\site\serenity\afdfd134018c7bd46e64fc9f3f0b03ab9fd258ee61e0685be12ecf8c34efd327.png
02:15:27.080 [Darkroom Processing Line] DEBUG net.serenitybdd.core.photography.DarkroomProcessingLine - Processing screenshot image in /var/screenshots/screenshot-8599032862291841493
02:15:27.080 [Darkroom Processing Line] DEBUG net.serenitybdd.core.photography.DarkroomProcessingLine - Saving screenshot to target\site\serenity\afdfd134018c7bd46e64fc9f3f0b03ab9fd258ee61e0685be12ecf8c34efd327.png
02:15:27.080 [Forwarding getPageSource on session bb44736b667a5010e82d83e9fac738cb to remote] DEBUG org.asynchttpclient.netty.request.NettyRequestSender - Using pooled Channel '[id: 0xedebb837, L:/127.0.0.1:50854 - R:localhost/127.0.0.1:22720]' for 'POST' to 'http://localhost:22720/session/bb44736b667a5010e82d83e9fac738cb/execute/sync'
02:15:27.080 [Forwarding getPageSource on session bb44736b667a5010e82d83e9fac738cb to remote] DEBUG org.asynchttpclient.netty.request.NettyRequestSender - Using open Channel [id: 0xedebb837, L:/127.0.0.1:50854 - R:localhost/127.0.0.1:22720] for POST '/session/bb44736b667a5010e82d83e9fac738cb/execute/sync'
02:15:27.089 [AsyncHttpClient-1-8] DEBUG org.asynchttpclient.netty.handler.HttpHandler - 

Request DefaultHttpRequest(decodeResult: success, version: HTTP/1.1)
POST /session/bb44736b667a5010e82d83e9fac738cb/execute/sync HTTP/1.1
User-Agent: selenium/4.8.1 (java windows)
Content-Length: 176
Content-Type: application/json; charset=utf-8
host: localhost:22720
accept: */*

Response DefaultHttpResponse(decodeResult: success, version: HTTP/1.1)
HTTP/1.1 200 OK
Content-Length: 96408
Content-Type: application/json; charset=utf-8
cache-control: no-cache

02:15:27.089 [AsyncHttpClient-1-8] DEBUG org.asynchttpclient.netty.channel.ChannelManager - Adding key: http://localhost:22720 for channel [id: 0xedebb837, L:/127.0.0.1:50854 - R:localhost/127.0.0.1:22720]
02:15:27.094 [Forwarding getCurrentUrl on session bb44736b667a5010e82d83e9fac738cb to remote] DEBUG org.asynchttpclient.netty.request.NettyRequestSender - Using pooled Channel '[id: 0xedebb837, L:/127.0.0.1:50854 - R:localhost/127.0.0.1:22720]' for 'GET' to 'http://localhost:22720/session/bb44736b667a5010e82d83e9fac738cb/url'
02:15:27.094 [Forwarding getCurrentUrl on session bb44736b667a5010e82d83e9fac738cb to remote] DEBUG org.asynchttpclient.netty.request.NettyRequestSender - Using open Channel [id: 0xedebb837, L:/127.0.0.1:50854 - R:localhost/127.0.0.1:22720] for GET '/session/bb44736b667a5010e82d83e9fac738cb/url'
02:15:27.097 [AsyncHttpClient-1-8] DEBUG org.asynchttpclient.netty.handler.HttpHandler - 

Request DefaultFullHttpRequest(decodeResult: success, version: HTTP/1.1, content: EmptyByteBufBE)
GET /session/bb44736b667a5010e82d83e9fac738cb/url HTTP/1.1
User-Agent: selenium/4.8.1 (java windows)
Cache-Control: no-cache
Content-Type: application/json; charset=utf-8
host: localhost:22720
accept: */*

Response DefaultHttpResponse(decodeResult: success, version: HTTP/1.1)
HTTP/1.1 200 OK
Content-Length: 51
Content-Type: application/json; charset=utf-8
cache-control: no-cache

02:15:27.097 [AsyncHttpClient-1-8] DEBUG org.asynchttpclient.netty.channel.ChannelManager - Adding key: http://localhost:22720 for channel [id: 0xedebb837, L:/127.0.0.1:50854 - R:localhost/127.0.0.1:22720]
02:15:27.099 [main] DEBUG net.thucydides.core.steps.StepInterceptor - STARTING STEP: SelectProductSteps.inputNomorMeter - inputNomorMeter
02:15:27.101 [Forwarding findElement on session bb44736b667a5010e82d83e9fac738cb to remote] DEBUG org.asynchttpclient.netty.request.NettyRequestSender - Using pooled Channel '[id: 0xedebb837, L:/127.0.0.1:50854 - R:localhost/127.0.0.1:22720]' for 'POST' to 'http://localhost:22720/session/bb44736b667a5010e82d83e9fac738cb/element'
02:15:27.101 [Forwarding findElement on session bb44736b667a5010e82d83e9fac738cb to remote] DEBUG org.asynchttpclient.netty.request.NettyRequestSender - Using open Channel [id: 0xedebb837, L:/127.0.0.1:50854 - R:localhost/127.0.0.1:22720] for POST '/session/bb44736b667a5010e82d83e9fac738cb/element'
02:15:27.110 [AsyncHttpClient-1-8] DEBUG org.asynchttpclient.netty.handler.HttpHandler - 

Request DefaultHttpRequest(decodeResult: success, version: HTTP/1.1)
POST /session/bb44736b667a5010e82d83e9fac738cb/element HTTP/1.1
User-Agent: selenium/4.8.1 (java windows)
Content-Length: 58
Content-Type: application/json; charset=utf-8
host: localhost:22720
accept: */*

Response DefaultHttpResponse(decodeResult: success, version: HTTP/1.1)
HTTP/1.1 200 OK
Content-Length: 88
Content-Type: application/json; charset=utf-8
cache-control: no-cache

02:15:27.110 [AsyncHttpClient-1-8] DEBUG org.asynchttpclient.netty.channel.ChannelManager - Adding key: http://localhost:22720 for channel [id: 0xedebb837, L:/127.0.0.1:50854 - R:localhost/127.0.0.1:22720]
02:15:27.110 [Forwarding clearElement on session bb44736b667a5010e82d83e9fac738cb to remote] DEBUG org.asynchttpclient.netty.request.NettyRequestSender - Using pooled Channel '[id: 0xedebb837, L:/127.0.0.1:50854 - R:localhost/127.0.0.1:22720]' for 'POST' to 'http://localhost:22720/session/bb44736b667a5010e82d83e9fac738cb/element/cf813072-ea8e-46c6-8e82-4ff169c75da5/clear'
02:15:27.110 [Forwarding clearElement on session bb44736b667a5010e82d83e9fac738cb to remote] DEBUG org.asynchttpclient.netty.request.NettyRequestSender - Using open Channel [id: 0xedebb837, L:/127.0.0.1:50854 - R:localhost/127.0.0.1:22720] for POST '/session/bb44736b667a5010e82d83e9fac738cb/element/cf813072-ea8e-46c6-8e82-4ff169c75da5/clear'
02:15:27.135 [AsyncHttpClient-1-8] DEBUG org.asynchttpclient.netty.handler.HttpHandler - 

Request DefaultHttpRequest(decodeResult: success, version: HTTP/1.1)
POST /session/bb44736b667a5010e82d83e9fac738cb/element/cf813072-ea8e-46c6-8e82-4ff169c75da5/clear HTTP/1.1
User-Agent: selenium/4.8.1 (java windows)
Content-Length: 50
Content-Type: application/json; charset=utf-8
host: localhost:22720
accept: */*

Response DefaultHttpResponse(decodeResult: success, version: HTTP/1.1)
HTTP/1.1 200 OK
Content-Length: 14
Content-Type: application/json; charset=utf-8
cache-control: no-cache

02:15:27.135 [AsyncHttpClient-1-8] DEBUG org.asynchttpclient.netty.channel.ChannelManager - Adding key: http://localhost:22720 for channel [id: 0xedebb837, L:/127.0.0.1:50854 - R:localhost/127.0.0.1:22720]
02:15:27.136 [Forwarding sendKeysToElement on session bb44736b667a5010e82d83e9fac738cb to remote] DEBUG org.asynchttpclient.netty.request.NettyRequestSender - Using pooled Channel '[id: 0xedebb837, L:/127.0.0.1:50854 - R:localhost/127.0.0.1:22720]' for 'POST' to 'http://localhost:22720/session/bb44736b667a5010e82d83e9fac738cb/element/cf813072-ea8e-46c6-8e82-4ff169c75da5/value'
02:15:27.136 [Forwarding sendKeysToElement on session bb44736b667a5010e82d83e9fac738cb to remote] DEBUG org.asynchttpclient.netty.request.NettyRequestSender - Using open Channel [id: 0xedebb837, L:/127.0.0.1:50854 - R:localhost/127.0.0.1:22720] for POST '/session/bb44736b667a5010e82d83e9fac738cb/element/cf813072-ea8e-46c6-8e82-4ff169c75da5/value'
02:15:27.160 [AsyncHttpClient-1-1] DEBUG org.asynchttpclient.netty.channel.DefaultChannelPool - Entry count for : http://localhost:50855 : 1
02:15:27.231 [AsyncHttpClient-1-8] DEBUG org.asynchttpclient.netty.handler.HttpHandler - 

Request DefaultHttpRequest(decodeResult: success, version: HTTP/1.1)
POST /session/bb44736b667a5010e82d83e9fac738cb/element/cf813072-ea8e-46c6-8e82-4ff169c75da5/value HTTP/1.1
User-Agent: selenium/4.8.1 (java windows)
Content-Length: 191
Content-Type: application/json; charset=utf-8
host: localhost:22720
accept: */*

Response DefaultHttpResponse(decodeResult: success, version: HTTP/1.1)
HTTP/1.1 200 OK
Content-Length: 14
Content-Type: application/json; charset=utf-8
cache-control: no-cache

02:15:27.231 [AsyncHttpClient-1-8] DEBUG org.asynchttpclient.netty.channel.ChannelManager - Adding key: http://localhost:22720 for channel [id: 0xedebb837, L:/127.0.0.1:50854 - R:localhost/127.0.0.1:22720]
02:15:27.235 [Forwarding getAlertText on session bb44736b667a5010e82d83e9fac738cb to remote] DEBUG org.asynchttpclient.netty.request.NettyRequestSender - Using pooled Channel '[id: 0xedebb837, L:/127.0.0.1:50854 - R:localhost/127.0.0.1:22720]' for 'GET' to 'http://localhost:22720/session/bb44736b667a5010e82d83e9fac738cb/alert/text'
02:15:27.235 [Forwarding getAlertText on session bb44736b667a5010e82d83e9fac738cb to remote] DEBUG org.asynchttpclient.netty.request.NettyRequestSender - Using open Channel [id: 0xedebb837, L:/127.0.0.1:50854 - R:localhost/127.0.0.1:22720] for GET '/session/bb44736b667a5010e82d83e9fac738cb/alert/text'
02:15:27.237 [AsyncHttpClient-1-8] DEBUG org.asynchttpclient.netty.handler.HttpHandler - 

Request DefaultFullHttpRequest(decodeResult: success, version: HTTP/1.1, content: EmptyByteBufBE)
GET /session/bb44736b667a5010e82d83e9fac738cb/alert/text HTTP/1.1
User-Agent: selenium/4.8.1 (java windows)
Cache-Control: no-cache
Content-Type: application/json; charset=utf-8
host: localhost:22720
accept: */*

Response DefaultHttpResponse(decodeResult: success, version: HTTP/1.1)
HTTP/1.1 404 Not Found
Content-Length: 835
Content-Type: application/json; charset=utf-8
cache-control: no-cache

02:15:27.237 [AsyncHttpClient-1-8] DEBUG org.asynchttpclient.netty.channel.ChannelManager - Adding key: http://localhost:22720 for channel [id: 0xedebb837, L:/127.0.0.1:50854 - R:localhost/127.0.0.1:22720]
02:15:27.237 [Forwarding getCurrentUrl on session bb44736b667a5010e82d83e9fac738cb to remote] DEBUG org.asynchttpclient.netty.request.NettyRequestSender - Using pooled Channel '[id: 0xedebb837, L:/127.0.0.1:50854 - R:localhost/127.0.0.1:22720]' for 'GET' to 'http://localhost:22720/session/bb44736b667a5010e82d83e9fac738cb/url'
02:15:27.238 [Forwarding getCurrentUrl on session bb44736b667a5010e82d83e9fac738cb to remote] DEBUG org.asynchttpclient.netty.request.NettyRequestSender - Using open Channel [id: 0xedebb837, L:/127.0.0.1:50854 - R:localhost/127.0.0.1:22720] for GET '/session/bb44736b667a5010e82d83e9fac738cb/url'
02:15:27.241 [AsyncHttpClient-1-8] DEBUG org.asynchttpclient.netty.handler.HttpHandler - 

Request DefaultFullHttpRequest(decodeResult: success, version: HTTP/1.1, content: EmptyByteBufBE)
GET /session/bb44736b667a5010e82d83e9fac738cb/url HTTP/1.1
User-Agent: selenium/4.8.1 (java windows)
Cache-Control: no-cache
Content-Type: application/json; charset=utf-8
host: localhost:22720
accept: */*

Response DefaultHttpResponse(decodeResult: success, version: HTTP/1.1)
HTTP/1.1 200 OK
Content-Length: 51
Content-Type: application/json; charset=utf-8
cache-control: no-cache

02:15:27.241 [AsyncHttpClient-1-8] DEBUG org.asynchttpclient.netty.channel.ChannelManager - Adding key: http://localhost:22720 for channel [id: 0xedebb837, L:/127.0.0.1:50854 - R:localhost/127.0.0.1:22720]
02:15:27.241 [Forwarding screenshot on session bb44736b667a5010e82d83e9fac738cb to remote] DEBUG org.asynchttpclient.netty.request.NettyRequestSender - Using pooled Channel '[id: 0xedebb837, L:/127.0.0.1:50854 - R:localhost/127.0.0.1:22720]' for 'GET' to 'http://localhost:22720/session/bb44736b667a5010e82d83e9fac738cb/screenshot'
02:15:27.241 [Forwarding screenshot on session bb44736b667a5010e82d83e9fac738cb to remote] DEBUG org.asynchttpclient.netty.request.NettyRequestSender - Using open Channel [id: 0xedebb837, L:/127.0.0.1:50854 - R:localhost/127.0.0.1:22720] for GET '/session/bb44736b667a5010e82d83e9fac738cb/screenshot'
02:15:27.348 [AsyncHttpClient-1-8] DEBUG org.asynchttpclient.netty.handler.HttpHandler - 

Request DefaultFullHttpRequest(decodeResult: success, version: HTTP/1.1, content: EmptyByteBufBE)
GET /session/bb44736b667a5010e82d83e9fac738cb/screenshot HTTP/1.1
User-Agent: selenium/4.8.1 (java windows)
Cache-Control: no-cache
Content-Type: application/json; charset=utf-8
host: localhost:22720
accept: */*

Response DefaultHttpResponse(decodeResult: success, version: HTTP/1.1)
HTTP/1.1 200 OK
Content-Length: 231992
Content-Type: application/json; charset=utf-8
cache-control: no-cache

02:15:27.349 [AsyncHttpClient-1-8] DEBUG org.asynchttpclient.netty.channel.ChannelManager - Adding key: http://localhost:22720 for channel [id: 0xedebb837, L:/127.0.0.1:50854 - R:localhost/127.0.0.1:22720]
02:15:27.352 [main] DEBUG net.serenitybdd.core.photography.Darkroom - Send negative for processing for target\site\serenity\4a695f56ea283d2c03fad31706b237ab6c67db0dd4d1c52f5090954e16cbe7a1.png
02:15:27.352 [main] DEBUG net.thucydides.core.steps.StepInterceptor - STEP DONE: inputNomorMeter
02:15:27.352 [Darkroom Processing Line] DEBUG net.serenitybdd.core.photography.DarkroomProcessingLine - Processing screenshot image in /var/screenshots/screenshot-14847383575950401243
02:15:27.352 [Darkroom Processing Line] DEBUG net.serenitybdd.core.photography.DarkroomProcessingLine - Saving screenshot to target\site\serenity\4a695f56ea283d2c03fad31706b237ab6c67db0dd4d1c52f5090954e16cbe7a1.png
02:15:27.363 [Forwarding getPageSource on session bb44736b667a5010e82d83e9fac738cb to remote] DEBUG org.asynchttpclient.netty.request.NettyRequestSender - Using pooled Channel '[id: 0xedebb837, L:/127.0.0.1:50854 - R:localhost/127.0.0.1:22720]' for 'POST' to 'http://localhost:22720/session/bb44736b667a5010e82d83e9fac738cb/execute/sync'
02:15:27.363 [Forwarding getPageSource on session bb44736b667a5010e82d83e9fac738cb to remote] DEBUG org.asynchttpclient.netty.request.NettyRequestSender - Using open Channel [id: 0xedebb837, L:/127.0.0.1:50854 - R:localhost/127.0.0.1:22720] for POST '/session/bb44736b667a5010e82d83e9fac738cb/execute/sync'
02:15:27.372 [AsyncHttpClient-1-8] DEBUG org.asynchttpclient.netty.handler.HttpHandler - 

Request DefaultHttpRequest(decodeResult: success, version: HTTP/1.1)
POST /session/bb44736b667a5010e82d83e9fac738cb/execute/sync HTTP/1.1
User-Agent: selenium/4.8.1 (java windows)
Content-Length: 176
Content-Type: application/json; charset=utf-8
host: localhost:22720
accept: */*

Response DefaultHttpResponse(decodeResult: success, version: HTTP/1.1)
HTTP/1.1 200 OK
Content-Length: 96944
Content-Type: application/json; charset=utf-8
cache-control: no-cache

02:15:27.372 [AsyncHttpClient-1-8] DEBUG org.asynchttpclient.netty.channel.ChannelManager - Adding key: http://localhost:22720 for channel [id: 0xedebb837, L:/127.0.0.1:50854 - R:localhost/127.0.0.1:22720]
02:15:27.379 [Forwarding getCurrentUrl on session bb44736b667a5010e82d83e9fac738cb to remote] DEBUG org.asynchttpclient.netty.request.NettyRequestSender - Using pooled Channel '[id: 0xedebb837, L:/127.0.0.1:50854 - R:localhost/127.0.0.1:22720]' for 'GET' to 'http://localhost:22720/session/bb44736b667a5010e82d83e9fac738cb/url'
02:15:27.379 [Forwarding getCurrentUrl on session bb44736b667a5010e82d83e9fac738cb to remote] DEBUG org.asynchttpclient.netty.request.NettyRequestSender - Using open Channel [id: 0xedebb837, L:/127.0.0.1:50854 - R:localhost/127.0.0.1:22720] for GET '/session/bb44736b667a5010e82d83e9fac738cb/url'
02:15:27.383 [AsyncHttpClient-1-8] DEBUG org.asynchttpclient.netty.handler.HttpHandler - 

Request DefaultFullHttpRequest(decodeResult: success, version: HTTP/1.1, content: EmptyByteBufBE)
GET /session/bb44736b667a5010e82d83e9fac738cb/url HTTP/1.1
User-Agent: selenium/4.8.1 (java windows)
Cache-Control: no-cache
Content-Type: application/json; charset=utf-8
host: localhost:22720
accept: */*

Response DefaultHttpResponse(decodeResult: success, version: HTTP/1.1)
HTTP/1.1 200 OK
Content-Length: 51
Content-Type: application/json; charset=utf-8
cache-control: no-cache

02:15:27.383 [AsyncHttpClient-1-8] DEBUG org.asynchttpclient.netty.channel.ChannelManager - Adding key: http://localhost:22720 for channel [id: 0xedebb837, L:/127.0.0.1:50854 - R:localhost/127.0.0.1:22720]
02:15:27.386 [main] DEBUG net.thucydides.core.steps.StepInterceptor - STARTING STEP: SelectProductSteps.inputNomorHandphone - inputNomorHandphone
02:15:27.389 [Forwarding findElement on session bb44736b667a5010e82d83e9fac738cb to remote] DEBUG org.asynchttpclient.netty.request.NettyRequestSender - Using pooled Channel '[id: 0xedebb837, L:/127.0.0.1:50854 - R:localhost/127.0.0.1:22720]' for 'POST' to 'http://localhost:22720/session/bb44736b667a5010e82d83e9fac738cb/element'
02:15:27.389 [Forwarding findElement on session bb44736b667a5010e82d83e9fac738cb to remote] DEBUG org.asynchttpclient.netty.request.NettyRequestSender - Using open Channel [id: 0xedebb837, L:/127.0.0.1:50854 - R:localhost/127.0.0.1:22720] for POST '/session/bb44736b667a5010e82d83e9fac738cb/element'
02:15:27.398 [AsyncHttpClient-1-8] DEBUG org.asynchttpclient.netty.handler.HttpHandler - 

Request DefaultHttpRequest(decodeResult: success, version: HTTP/1.1)
POST /session/bb44736b667a5010e82d83e9fac738cb/element HTTP/1.1
User-Agent: selenium/4.8.1 (java windows)
Content-Length: 62
Content-Type: application/json; charset=utf-8
host: localhost:22720
accept: */*

Response DefaultHttpResponse(decodeResult: success, version: HTTP/1.1)
HTTP/1.1 200 OK
Content-Length: 88
Content-Type: application/json; charset=utf-8
cache-control: no-cache

02:15:27.398 [AsyncHttpClient-1-8] DEBUG org.asynchttpclient.netty.channel.ChannelManager - Adding key: http://localhost:22720 for channel [id: 0xedebb837, L:/127.0.0.1:50854 - R:localhost/127.0.0.1:22720]
02:15:27.399 [Forwarding clearElement on session bb44736b667a5010e82d83e9fac738cb to remote] DEBUG org.asynchttpclient.netty.request.NettyRequestSender - Using pooled Channel '[id: 0xedebb837, L:/127.0.0.1:50854 - R:localhost/127.0.0.1:22720]' for 'POST' to 'http://localhost:22720/session/bb44736b667a5010e82d83e9fac738cb/element/0b36df95-fd9e-4c07-a442-85b6217d27db/clear'
02:15:27.399 [Forwarding clearElement on session bb44736b667a5010e82d83e9fac738cb to remote] DEBUG org.asynchttpclient.netty.request.NettyRequestSender - Using open Channel [id: 0xedebb837, L:/127.0.0.1:50854 - R:localhost/127.0.0.1:22720] for POST '/session/bb44736b667a5010e82d83e9fac738cb/element/0b36df95-fd9e-4c07-a442-85b6217d27db/clear'
02:15:27.431 [AsyncHttpClient-1-8] DEBUG org.asynchttpclient.netty.handler.HttpHandler - 

Request DefaultHttpRequest(decodeResult: success, version: HTTP/1.1)
POST /session/bb44736b667a5010e82d83e9fac738cb/element/0b36df95-fd9e-4c07-a442-85b6217d27db/clear HTTP/1.1
User-Agent: selenium/4.8.1 (java windows)
Content-Length: 50
Content-Type: application/json; charset=utf-8
host: localhost:22720
accept: */*

Response DefaultHttpResponse(decodeResult: success, version: HTTP/1.1)
HTTP/1.1 200 OK
Content-Length: 14
Content-Type: application/json; charset=utf-8
cache-control: no-cache

02:15:27.431 [AsyncHttpClient-1-8] DEBUG org.asynchttpclient.netty.channel.ChannelManager - Adding key: http://localhost:22720 for channel [id: 0xedebb837, L:/127.0.0.1:50854 - R:localhost/127.0.0.1:22720]
02:15:27.433 [Forwarding sendKeysToElement on session bb44736b667a5010e82d83e9fac738cb to remote] DEBUG org.asynchttpclient.netty.request.NettyRequestSender - Using pooled Channel '[id: 0xedebb837, L:/127.0.0.1:50854 - R:localhost/127.0.0.1:22720]' for 'POST' to 'http://localhost:22720/session/bb44736b667a5010e82d83e9fac738cb/element/0b36df95-fd9e-4c07-a442-85b6217d27db/value'
02:15:27.433 [Forwarding sendKeysToElement on session bb44736b667a5010e82d83e9fac738cb to remote] DEBUG org.asynchttpclient.netty.request.NettyRequestSender - Using open Channel [id: 0xedebb837, L:/127.0.0.1:50854 - R:localhost/127.0.0.1:22720] for POST '/session/bb44736b667a5010e82d83e9fac738cb/element/0b36df95-fd9e-4c07-a442-85b6217d27db/value'
02:15:27.537 [AsyncHttpClient-1-8] DEBUG org.asynchttpclient.netty.handler.HttpHandler - 

Request DefaultHttpRequest(decodeResult: success, version: HTTP/1.1)
POST /session/bb44736b667a5010e82d83e9fac738cb/element/0b36df95-fd9e-4c07-a442-85b6217d27db/value HTTP/1.1
User-Agent: selenium/4.8.1 (java windows)
Content-Length: 201
Content-Type: application/json; charset=utf-8
host: localhost:22720
accept: */*

Response DefaultHttpResponse(decodeResult: success, version: HTTP/1.1)
HTTP/1.1 200 OK
Content-Length: 14
Content-Type: application/json; charset=utf-8
cache-control: no-cache

02:15:27.537 [AsyncHttpClient-1-8] DEBUG org.asynchttpclient.netty.channel.ChannelManager - Adding key: http://localhost:22720 for channel [id: 0xedebb837, L:/127.0.0.1:50854 - R:localhost/127.0.0.1:22720]
02:15:27.542 [Forwarding getAlertText on session bb44736b667a5010e82d83e9fac738cb to remote] DEBUG org.asynchttpclient.netty.request.NettyRequestSender - Using pooled Channel '[id: 0xedebb837, L:/127.0.0.1:50854 - R:localhost/127.0.0.1:22720]' for 'GET' to 'http://localhost:22720/session/bb44736b667a5010e82d83e9fac738cb/alert/text'
02:15:27.542 [Forwarding getAlertText on session bb44736b667a5010e82d83e9fac738cb to remote] DEBUG org.asynchttpclient.netty.request.NettyRequestSender - Using open Channel [id: 0xedebb837, L:/127.0.0.1:50854 - R:localhost/127.0.0.1:22720] for GET '/session/bb44736b667a5010e82d83e9fac738cb/alert/text'
02:15:27.543 [AsyncHttpClient-1-8] DEBUG org.asynchttpclient.netty.handler.HttpHandler - 

Request DefaultFullHttpRequest(decodeResult: success, version: HTTP/1.1, content: EmptyByteBufBE)
GET /session/bb44736b667a5010e82d83e9fac738cb/alert/text HTTP/1.1
User-Agent: selenium/4.8.1 (java windows)
Cache-Control: no-cache
Content-Type: application/json; charset=utf-8
host: localhost:22720
accept: */*

Response DefaultHttpResponse(decodeResult: success, version: HTTP/1.1)
HTTP/1.1 404 Not Found
Content-Length: 835
Content-Type: application/json; charset=utf-8
cache-control: no-cache

02:15:27.543 [AsyncHttpClient-1-8] DEBUG org.asynchttpclient.netty.channel.ChannelManager - Adding key: http://localhost:22720 for channel [id: 0xedebb837, L:/127.0.0.1:50854 - R:localhost/127.0.0.1:22720]
02:15:27.544 [Forwarding getCurrentUrl on session bb44736b667a5010e82d83e9fac738cb to remote] DEBUG org.asynchttpclient.netty.request.NettyRequestSender - Using pooled Channel '[id: 0xedebb837, L:/127.0.0.1:50854 - R:localhost/127.0.0.1:22720]' for 'GET' to 'http://localhost:22720/session/bb44736b667a5010e82d83e9fac738cb/url'
02:15:27.544 [Forwarding getCurrentUrl on session bb44736b667a5010e82d83e9fac738cb to remote] DEBUG org.asynchttpclient.netty.request.NettyRequestSender - Using open Channel [id: 0xedebb837, L:/127.0.0.1:50854 - R:localhost/127.0.0.1:22720] for GET '/session/bb44736b667a5010e82d83e9fac738cb/url'
02:15:27.548 [AsyncHttpClient-1-8] DEBUG org.asynchttpclient.netty.handler.HttpHandler - 

Request DefaultFullHttpRequest(decodeResult: success, version: HTTP/1.1, content: EmptyByteBufBE)
GET /session/bb44736b667a5010e82d83e9fac738cb/url HTTP/1.1
User-Agent: selenium/4.8.1 (java windows)
Cache-Control: no-cache
Content-Type: application/json; charset=utf-8
host: localhost:22720
accept: */*

Response DefaultHttpResponse(decodeResult: success, version: HTTP/1.1)
HTTP/1.1 200 OK
Content-Length: 51
Content-Type: application/json; charset=utf-8
cache-control: no-cache

02:15:27.548 [AsyncHttpClient-1-8] DEBUG org.asynchttpclient.netty.channel.ChannelManager - Adding key: http://localhost:22720 for channel [id: 0xedebb837, L:/127.0.0.1:50854 - R:localhost/127.0.0.1:22720]
02:15:27.549 [Forwarding screenshot on session bb44736b667a5010e82d83e9fac738cb to remote] DEBUG org.asynchttpclient.netty.request.NettyRequestSender - Using pooled Channel '[id: 0xedebb837, L:/127.0.0.1:50854 - R:localhost/127.0.0.1:22720]' for 'GET' to 'http://localhost:22720/session/bb44736b667a5010e82d83e9fac738cb/screenshot'
02:15:27.549 [Forwarding screenshot on session bb44736b667a5010e82d83e9fac738cb to remote] DEBUG org.asynchttpclient.netty.request.NettyRequestSender - Using open Channel [id: 0xedebb837, L:/127.0.0.1:50854 - R:localhost/127.0.0.1:22720] for GET '/session/bb44736b667a5010e82d83e9fac738cb/screenshot'
02:15:27.663 [AsyncHttpClient-1-8] DEBUG org.asynchttpclient.netty.handler.HttpHandler - 

Request DefaultFullHttpRequest(decodeResult: success, version: HTTP/1.1, content: EmptyByteBufBE)
GET /session/bb44736b667a5010e82d83e9fac738cb/screenshot HTTP/1.1
User-Agent: selenium/4.8.1 (java windows)
Cache-Control: no-cache
Content-Type: application/json; charset=utf-8
host: localhost:22720
accept: */*

Response DefaultHttpResponse(decodeResult: success, version: HTTP/1.1)
HTTP/1.1 200 OK
Content-Length: 235060
Content-Type: application/json; charset=utf-8
cache-control: no-cache

02:15:27.664 [AsyncHttpClient-1-8] DEBUG org.asynchttpclient.netty.channel.ChannelManager - Adding key: http://localhost:22720 for channel [id: 0xedebb837, L:/127.0.0.1:50854 - R:localhost/127.0.0.1:22720]
02:15:27.667 [main] DEBUG net.serenitybdd.core.photography.Darkroom - Send negative for processing for target\site\serenity\216830a98013e2eaf4b79913b1d8f7f0116475fdd5d452a3b559710ccb51629d.png
02:15:27.667 [main] DEBUG net.thucydides.core.steps.StepInterceptor - STEP DONE: inputNomorHandphone
02:15:27.667 [Darkroom Processing Line] DEBUG net.serenitybdd.core.photography.DarkroomProcessingLine - Processing screenshot image in /var/screenshots/screenshot-15916764445442565540
02:15:27.668 [Darkroom Processing Line] DEBUG net.serenitybdd.core.photography.DarkroomProcessingLine - Saving screenshot to target\site\serenity\216830a98013e2eaf4b79913b1d8f7f0116475fdd5d452a3b559710ccb51629d.png
02:15:27.671 [Forwarding getPageSource on session bb44736b667a5010e82d83e9fac738cb to remote] DEBUG org.asynchttpclient.netty.request.NettyRequestSender - Using pooled Channel '[id: 0xedebb837, L:/127.0.0.1:50854 - R:localhost/127.0.0.1:22720]' for 'POST' to 'http://localhost:22720/session/bb44736b667a5010e82d83e9fac738cb/execute/sync'
02:15:27.671 [Forwarding getPageSource on session bb44736b667a5010e82d83e9fac738cb to remote] DEBUG org.asynchttpclient.netty.request.NettyRequestSender - Using open Channel [id: 0xedebb837, L:/127.0.0.1:50854 - R:localhost/127.0.0.1:22720] for POST '/session/bb44736b667a5010e82d83e9fac738cb/execute/sync'
02:15:27.679 [AsyncHttpClient-1-8] DEBUG org.asynchttpclient.netty.handler.HttpHandler - 

Request DefaultHttpRequest(decodeResult: success, version: HTTP/1.1)
POST /session/bb44736b667a5010e82d83e9fac738cb/execute/sync HTTP/1.1
User-Agent: selenium/4.8.1 (java windows)
Content-Length: 176
Content-Type: application/json; charset=utf-8
host: localhost:22720
accept: */*

Response DefaultHttpResponse(decodeResult: success, version: HTTP/1.1)
HTTP/1.1 200 OK
Content-Length: 97465
Content-Type: application/json; charset=utf-8
cache-control: no-cache

02:15:27.680 [AsyncHttpClient-1-8] DEBUG org.asynchttpclient.netty.channel.ChannelManager - Adding key: http://localhost:22720 for channel [id: 0xedebb837, L:/127.0.0.1:50854 - R:localhost/127.0.0.1:22720]
02:15:27.684 [Forwarding getCurrentUrl on session bb44736b667a5010e82d83e9fac738cb to remote] DEBUG org.asynchttpclient.netty.request.NettyRequestSender - Using pooled Channel '[id: 0xedebb837, L:/127.0.0.1:50854 - R:localhost/127.0.0.1:22720]' for 'GET' to 'http://localhost:22720/session/bb44736b667a5010e82d83e9fac738cb/url'
02:15:27.684 [Forwarding getCurrentUrl on session bb44736b667a5010e82d83e9fac738cb to remote] DEBUG org.asynchttpclient.netty.request.NettyRequestSender - Using open Channel [id: 0xedebb837, L:/127.0.0.1:50854 - R:localhost/127.0.0.1:22720] for GET '/session/bb44736b667a5010e82d83e9fac738cb/url'
02:15:27.687 [AsyncHttpClient-1-8] DEBUG org.asynchttpclient.netty.handler.HttpHandler - 

Request DefaultFullHttpRequest(decodeResult: success, version: HTTP/1.1, content: EmptyByteBufBE)
GET /session/bb44736b667a5010e82d83e9fac738cb/url HTTP/1.1
User-Agent: selenium/4.8.1 (java windows)
Cache-Control: no-cache
Content-Type: application/json; charset=utf-8
host: localhost:22720
accept: */*

Response DefaultHttpResponse(decodeResult: success, version: HTTP/1.1)
HTTP/1.1 200 OK
Content-Length: 51
Content-Type: application/json; charset=utf-8
cache-control: no-cache

02:15:27.687 [AsyncHttpClient-1-8] DEBUG org.asynchttpclient.netty.channel.ChannelManager - Adding key: http://localhost:22720 for channel [id: 0xedebb837, L:/127.0.0.1:50854 - R:localhost/127.0.0.1:22720]
02:15:27.690 [main] DEBUG net.thucydides.core.steps.StepInterceptor - STARTING STEP: PaymentMethodSteps.proceedsToCheckout - clickLanjutkanButton
02:15:27.695 [Forwarding getPageSource on session bb44736b667a5010e82d83e9fac738cb to remote] DEBUG org.asynchttpclient.netty.request.NettyRequestSender - Using pooled Channel '[id: 0xedebb837, L:/127.0.0.1:50854 - R:localhost/127.0.0.1:22720]' for 'POST' to 'http://localhost:22720/session/bb44736b667a5010e82d83e9fac738cb/execute/sync'
02:15:27.695 [Forwarding getPageSource on session bb44736b667a5010e82d83e9fac738cb to remote] DEBUG org.asynchttpclient.netty.request.NettyRequestSender - Using open Channel [id: 0xedebb837, L:/127.0.0.1:50854 - R:localhost/127.0.0.1:22720] for POST '/session/bb44736b667a5010e82d83e9fac738cb/execute/sync'
02:15:27.702 [AsyncHttpClient-1-8] DEBUG org.asynchttpclient.netty.handler.HttpHandler - 

Request DefaultHttpRequest(decodeResult: success, version: HTTP/1.1)
POST /session/bb44736b667a5010e82d83e9fac738cb/execute/sync HTTP/1.1
User-Agent: selenium/4.8.1 (java windows)
Content-Length: 176
Content-Type: application/json; charset=utf-8
host: localhost:22720
accept: */*

Response DefaultHttpResponse(decodeResult: success, version: HTTP/1.1)
HTTP/1.1 200 OK
Content-Length: 97465
Content-Type: application/json; charset=utf-8
cache-control: no-cache

02:15:27.703 [AsyncHttpClient-1-8] DEBUG org.asynchttpclient.netty.channel.ChannelManager - Adding key: http://localhost:22720 for channel [id: 0xedebb837, L:/127.0.0.1:50854 - R:localhost/127.0.0.1:22720]
02:15:27.707 [Forwarding getCurrentUrl on session bb44736b667a5010e82d83e9fac738cb to remote] DEBUG org.asynchttpclient.netty.request.NettyRequestSender - Using pooled Channel '[id: 0xedebb837, L:/127.0.0.1:50854 - R:localhost/127.0.0.1:22720]' for 'GET' to 'http://localhost:22720/session/bb44736b667a5010e82d83e9fac738cb/url'
02:15:27.707 [Forwarding getCurrentUrl on session bb44736b667a5010e82d83e9fac738cb to remote] DEBUG org.asynchttpclient.netty.request.NettyRequestSender - Using open Channel [id: 0xedebb837, L:/127.0.0.1:50854 - R:localhost/127.0.0.1:22720] for GET '/session/bb44736b667a5010e82d83e9fac738cb/url'
02:15:27.710 [AsyncHttpClient-1-8] DEBUG org.asynchttpclient.netty.handler.HttpHandler - 

Request DefaultFullHttpRequest(decodeResult: success, version: HTTP/1.1, content: EmptyByteBufBE)
GET /session/bb44736b667a5010e82d83e9fac738cb/url HTTP/1.1
User-Agent: selenium/4.8.1 (java windows)
Cache-Control: no-cache
Content-Type: application/json; charset=utf-8
host: localhost:22720
accept: */*

Response DefaultHttpResponse(decodeResult: success, version: HTTP/1.1)
HTTP/1.1 200 OK
Content-Length: 51
Content-Type: application/json; charset=utf-8
cache-control: no-cache

02:15:27.710 [AsyncHttpClient-1-8] DEBUG org.asynchttpclient.netty.channel.ChannelManager - Adding key: http://localhost:22720 for channel [id: 0xedebb837, L:/127.0.0.1:50854 - R:localhost/127.0.0.1:22720]
02:15:27.712 [main] DEBUG net.thucydides.core.steps.StepInterceptor - STARTING STEP: SelectProductSteps.clickLanjutkanButton - clickLanjutkanButton
02:15:27.714 [Forwarding findElement on session bb44736b667a5010e82d83e9fac738cb to remote] DEBUG org.asynchttpclient.netty.request.NettyRequestSender - Using pooled Channel '[id: 0xedebb837, L:/127.0.0.1:50854 - R:localhost/127.0.0.1:22720]' for 'POST' to 'http://localhost:22720/session/bb44736b667a5010e82d83e9fac738cb/element'
02:15:27.714 [Forwarding findElement on session bb44736b667a5010e82d83e9fac738cb to remote] DEBUG org.asynchttpclient.netty.request.NettyRequestSender - Using open Channel [id: 0xedebb837, L:/127.0.0.1:50854 - R:localhost/127.0.0.1:22720] for POST '/session/bb44736b667a5010e82d83e9fac738cb/element'
02:15:27.720 [AsyncHttpClient-1-8] DEBUG org.asynchttpclient.netty.handler.HttpHandler - 

Request DefaultHttpRequest(decodeResult: success, version: HTTP/1.1)
POST /session/bb44736b667a5010e82d83e9fac738cb/element HTTP/1.1
User-Agent: selenium/4.8.1 (java windows)
Content-Length: 62
Content-Type: application/json; charset=utf-8
host: localhost:22720
accept: */*

Response DefaultHttpResponse(decodeResult: success, version: HTTP/1.1)
HTTP/1.1 200 OK
Content-Length: 88
Content-Type: application/json; charset=utf-8
cache-control: no-cache

02:15:27.720 [AsyncHttpClient-1-8] DEBUG org.asynchttpclient.netty.channel.ChannelManager - Adding key: http://localhost:22720 for channel [id: 0xedebb837, L:/127.0.0.1:50854 - R:localhost/127.0.0.1:22720]
02:15:27.721 [Forwarding getElementTagName on session bb44736b667a5010e82d83e9fac738cb to remote] DEBUG org.asynchttpclient.netty.request.NettyRequestSender - Using pooled Channel '[id: 0xedebb837, L:/127.0.0.1:50854 - R:localhost/127.0.0.1:22720]' for 'GET' to 'http://localhost:22720/session/bb44736b667a5010e82d83e9fac738cb/element/8bb80720-854f-4cf6-8a4a-cca30073b7bd/name'
02:15:27.721 [Forwarding getElementTagName on session bb44736b667a5010e82d83e9fac738cb to remote] DEBUG org.asynchttpclient.netty.request.NettyRequestSender - Using open Channel [id: 0xedebb837, L:/127.0.0.1:50854 - R:localhost/127.0.0.1:22720] for GET '/session/bb44736b667a5010e82d83e9fac738cb/element/8bb80720-854f-4cf6-8a4a-cca30073b7bd/name'
02:15:27.724 [AsyncHttpClient-1-8] DEBUG org.asynchttpclient.netty.handler.HttpHandler - 

Request DefaultFullHttpRequest(decodeResult: success, version: HTTP/1.1, content: EmptyByteBufBE)
GET /session/bb44736b667a5010e82d83e9fac738cb/element/8bb80720-854f-4cf6-8a4a-cca30073b7bd/name HTTP/1.1
User-Agent: selenium/4.8.1 (java windows)
Cache-Control: no-cache
Content-Type: application/json; charset=utf-8
host: localhost:22720
accept: */*

Response DefaultHttpResponse(decodeResult: success, version: HTTP/1.1)
HTTP/1.1 200 OK
Content-Length: 16
Content-Type: application/json; charset=utf-8
cache-control: no-cache

02:15:27.724 [AsyncHttpClient-1-8] DEBUG org.asynchttpclient.netty.channel.ChannelManager - Adding key: http://localhost:22720 for channel [id: 0xedebb837, L:/127.0.0.1:50854 - R:localhost/127.0.0.1:22720]
02:15:27.726 [Forwarding getElementTagName on session bb44736b667a5010e82d83e9fac738cb to remote] DEBUG org.asynchttpclient.netty.request.NettyRequestSender - Using pooled Channel '[id: 0xedebb837, L:/127.0.0.1:50854 - R:localhost/127.0.0.1:22720]' for 'GET' to 'http://localhost:22720/session/bb44736b667a5010e82d83e9fac738cb/element/8bb80720-854f-4cf6-8a4a-cca30073b7bd/name'
02:15:27.726 [Forwarding getElementTagName on session bb44736b667a5010e82d83e9fac738cb to remote] DEBUG org.asynchttpclient.netty.request.NettyRequestSender - Using open Channel [id: 0xedebb837, L:/127.0.0.1:50854 - R:localhost/127.0.0.1:22720] for GET '/session/bb44736b667a5010e82d83e9fac738cb/element/8bb80720-854f-4cf6-8a4a-cca30073b7bd/name'
02:15:27.738 [AsyncHttpClient-1-8] DEBUG org.asynchttpclient.netty.handler.HttpHandler - 

Request DefaultFullHttpRequest(decodeResult: success, version: HTTP/1.1, content: EmptyByteBufBE)
GET /session/bb44736b667a5010e82d83e9fac738cb/element/8bb80720-854f-4cf6-8a4a-cca30073b7bd/name HTTP/1.1
User-Agent: selenium/4.8.1 (java windows)
Cache-Control: no-cache
Content-Type: application/json; charset=utf-8
host: localhost:22720
accept: */*

Response DefaultHttpResponse(decodeResult: success, version: HTTP/1.1)
HTTP/1.1 200 OK
Content-Length: 16
Content-Type: application/json; charset=utf-8
cache-control: no-cache

02:15:27.738 [AsyncHttpClient-1-8] DEBUG org.asynchttpclient.netty.channel.ChannelManager - Adding key: http://localhost:22720 for channel [id: 0xedebb837, L:/127.0.0.1:50854 - R:localhost/127.0.0.1:22720]
02:15:27.740 [Forwarding findElement on session bb44736b667a5010e82d83e9fac738cb to remote] DEBUG org.asynchttpclient.netty.request.NettyRequestSender - Using pooled Channel '[id: 0xedebb837, L:/127.0.0.1:50854 - R:localhost/127.0.0.1:22720]' for 'POST' to 'http://localhost:22720/session/bb44736b667a5010e82d83e9fac738cb/element'
02:15:27.740 [Forwarding findElement on session bb44736b667a5010e82d83e9fac738cb to remote] DEBUG org.asynchttpclient.netty.request.NettyRequestSender - Using open Channel [id: 0xedebb837, L:/127.0.0.1:50854 - R:localhost/127.0.0.1:22720] for POST '/session/bb44736b667a5010e82d83e9fac738cb/element'
02:15:27.749 [AsyncHttpClient-1-8] DEBUG org.asynchttpclient.netty.handler.HttpHandler - 

Request DefaultHttpRequest(decodeResult: success, version: HTTP/1.1)
POST /session/bb44736b667a5010e82d83e9fac738cb/element HTTP/1.1
User-Agent: selenium/4.8.1 (java windows)
Content-Length: 62
Content-Type: application/json; charset=utf-8
host: localhost:22720
accept: */*

Response DefaultHttpResponse(decodeResult: success, version: HTTP/1.1)
HTTP/1.1 200 OK
Content-Length: 88
Content-Type: application/json; charset=utf-8
cache-control: no-cache

02:15:27.749 [AsyncHttpClient-1-8] DEBUG org.asynchttpclient.netty.channel.ChannelManager - Adding key: http://localhost:22720 for channel [id: 0xedebb837, L:/127.0.0.1:50854 - R:localhost/127.0.0.1:22720]
02:15:27.750 [Forwarding clickElement on session bb44736b667a5010e82d83e9fac738cb to remote] DEBUG org.asynchttpclient.netty.request.NettyRequestSender - Using pooled Channel '[id: 0xedebb837, L:/127.0.0.1:50854 - R:localhost/127.0.0.1:22720]' for 'POST' to 'http://localhost:22720/session/bb44736b667a5010e82d83e9fac738cb/element/8bb80720-854f-4cf6-8a4a-cca30073b7bd/click'
02:15:27.750 [Forwarding clickElement on session bb44736b667a5010e82d83e9fac738cb to remote] DEBUG org.asynchttpclient.netty.request.NettyRequestSender - Using open Channel [id: 0xedebb837, L:/127.0.0.1:50854 - R:localhost/127.0.0.1:22720] for POST '/session/bb44736b667a5010e82d83e9fac738cb/element/8bb80720-854f-4cf6-8a4a-cca30073b7bd/click'
02:15:27.788 [AsyncHttpClient-1-8] DEBUG org.asynchttpclient.netty.handler.HttpHandler - 

Request DefaultHttpRequest(decodeResult: success, version: HTTP/1.1)
POST /session/bb44736b667a5010e82d83e9fac738cb/element/8bb80720-854f-4cf6-8a4a-cca30073b7bd/click HTTP/1.1
User-Agent: selenium/4.8.1 (java windows)
Content-Length: 50
Content-Type: application/json; charset=utf-8
host: localhost:22720
accept: */*

Response DefaultHttpResponse(decodeResult: success, version: HTTP/1.1)
HTTP/1.1 200 OK
Content-Length: 14
Content-Type: application/json; charset=utf-8
cache-control: no-cache

02:15:27.788 [AsyncHttpClient-1-8] DEBUG org.asynchttpclient.netty.channel.ChannelManager - Adding key: http://localhost:22720 for channel [id: 0xedebb837, L:/127.0.0.1:50854 - R:localhost/127.0.0.1:22720]
02:15:27.793 [Forwarding getAlertText on session bb44736b667a5010e82d83e9fac738cb to remote] DEBUG org.asynchttpclient.netty.request.NettyRequestSender - Using pooled Channel '[id: 0xedebb837, L:/127.0.0.1:50854 - R:localhost/127.0.0.1:22720]' for 'GET' to 'http://localhost:22720/session/bb44736b667a5010e82d83e9fac738cb/alert/text'
02:15:27.793 [Forwarding getAlertText on session bb44736b667a5010e82d83e9fac738cb to remote] DEBUG org.asynchttpclient.netty.request.NettyRequestSender - Using open Channel [id: 0xedebb837, L:/127.0.0.1:50854 - R:localhost/127.0.0.1:22720] for GET '/session/bb44736b667a5010e82d83e9fac738cb/alert/text'
02:15:27.795 [AsyncHttpClient-1-8] DEBUG org.asynchttpclient.netty.handler.HttpHandler - 

Request DefaultFullHttpRequest(decodeResult: success, version: HTTP/1.1, content: EmptyByteBufBE)
GET /session/bb44736b667a5010e82d83e9fac738cb/alert/text HTTP/1.1
User-Agent: selenium/4.8.1 (java windows)
Cache-Control: no-cache
Content-Type: application/json; charset=utf-8
host: localhost:22720
accept: */*

Response DefaultHttpResponse(decodeResult: success, version: HTTP/1.1)
HTTP/1.1 404 Not Found
Content-Length: 835
Content-Type: application/json; charset=utf-8
cache-control: no-cache

02:15:27.795 [AsyncHttpClient-1-8] DEBUG org.asynchttpclient.netty.channel.ChannelManager - Adding key: http://localhost:22720 for channel [id: 0xedebb837, L:/127.0.0.1:50854 - R:localhost/127.0.0.1:22720]
02:15:27.796 [Forwarding getCurrentUrl on session bb44736b667a5010e82d83e9fac738cb to remote] DEBUG org.asynchttpclient.netty.request.NettyRequestSender - Using pooled Channel '[id: 0xedebb837, L:/127.0.0.1:50854 - R:localhost/127.0.0.1:22720]' for 'GET' to 'http://localhost:22720/session/bb44736b667a5010e82d83e9fac738cb/url'
02:15:27.796 [Forwarding getCurrentUrl on session bb44736b667a5010e82d83e9fac738cb to remote] DEBUG org.asynchttpclient.netty.request.NettyRequestSender - Using open Channel [id: 0xedebb837, L:/127.0.0.1:50854 - R:localhost/127.0.0.1:22720] for GET '/session/bb44736b667a5010e82d83e9fac738cb/url'
02:15:27.799 [AsyncHttpClient-1-8] DEBUG org.asynchttpclient.netty.handler.HttpHandler - 

Request DefaultFullHttpRequest(decodeResult: success, version: HTTP/1.1, content: EmptyByteBufBE)
GET /session/bb44736b667a5010e82d83e9fac738cb/url HTTP/1.1
User-Agent: selenium/4.8.1 (java windows)
Cache-Control: no-cache
Content-Type: application/json; charset=utf-8
host: localhost:22720
accept: */*

Response DefaultHttpResponse(decodeResult: success, version: HTTP/1.1)
HTTP/1.1 200 OK
Content-Length: 51
Content-Type: application/json; charset=utf-8
cache-control: no-cache

02:15:27.799 [AsyncHttpClient-1-8] DEBUG org.asynchttpclient.netty.channel.ChannelManager - Adding key: http://localhost:22720 for channel [id: 0xedebb837, L:/127.0.0.1:50854 - R:localhost/127.0.0.1:22720]
02:15:27.800 [Forwarding screenshot on session bb44736b667a5010e82d83e9fac738cb to remote] DEBUG org.asynchttpclient.netty.request.NettyRequestSender - Using pooled Channel '[id: 0xedebb837, L:/127.0.0.1:50854 - R:localhost/127.0.0.1:22720]' for 'GET' to 'http://localhost:22720/session/bb44736b667a5010e82d83e9fac738cb/screenshot'
02:15:27.800 [Forwarding screenshot on session bb44736b667a5010e82d83e9fac738cb to remote] DEBUG org.asynchttpclient.netty.request.NettyRequestSender - Using open Channel [id: 0xedebb837, L:/127.0.0.1:50854 - R:localhost/127.0.0.1:22720] for GET '/session/bb44736b667a5010e82d83e9fac738cb/screenshot'
02:15:27.911 [AsyncHttpClient-1-8] DEBUG org.asynchttpclient.netty.handler.HttpHandler - 

Request DefaultFullHttpRequest(decodeResult: success, version: HTTP/1.1, content: EmptyByteBufBE)
GET /session/bb44736b667a5010e82d83e9fac738cb/screenshot HTTP/1.1
User-Agent: selenium/4.8.1 (java windows)
Cache-Control: no-cache
Content-Type: application/json; charset=utf-8
host: localhost:22720
accept: */*

Response DefaultHttpResponse(decodeResult: success, version: HTTP/1.1)
HTTP/1.1 200 OK
Content-Length: 170844
Content-Type: application/json; charset=utf-8
cache-control: no-cache

02:15:27.911 [AsyncHttpClient-1-8] DEBUG org.asynchttpclient.netty.channel.ChannelManager - Adding key: http://localhost:22720 for channel [id: 0xedebb837, L:/127.0.0.1:50854 - R:localhost/127.0.0.1:22720]
02:15:27.914 [main] DEBUG net.serenitybdd.core.photography.Darkroom - Send negative for processing for target\site\serenity\84c253905cb5bea1bb67ba9859fdbdbb21f5375a01c656f8827c91a346724dbc.png
02:15:27.914 [main] DEBUG net.thucydides.core.steps.StepInterceptor - STEP DONE: clickLanjutkanButton
02:15:27.914 [Darkroom Processing Line] DEBUG net.serenitybdd.core.photography.DarkroomProcessingLine - Processing screenshot image in /var/screenshots/screenshot-13717412525518383695
02:15:27.914 [Darkroom Processing Line] DEBUG net.serenitybdd.core.photography.DarkroomProcessingLine - Saving screenshot to target\site\serenity\84c253905cb5bea1bb67ba9859fdbdbb21f5375a01c656f8827c91a346724dbc.png
02:15:27.916 [main] DEBUG net.thucydides.core.steps.StepInterceptor - STEP DONE: clickLanjutkanButton
  &amp#27;[32mWhen &amp#27;[0m&amp#27;[32mI select a product and proceeds to checkout&amp#27;[0m          &amp#27;[90m# starter.stepdefintions.PaymentMethodSteps.proceedsToCheckout()&amp#27;[0m
02:15:27.923 [Forwarding getPageSource on session bb44736b667a5010e82d83e9fac738cb to remote] DEBUG org.asynchttpclient.netty.request.NettyRequestSender - Using pooled Channel '[id: 0xedebb837, L:/127.0.0.1:50854 - R:localhost/127.0.0.1:22720]' for 'POST' to 'http://localhost:22720/session/bb44736b667a5010e82d83e9fac738cb/execute/sync'
02:15:27.923 [Forwarding getPageSource on session bb44736b667a5010e82d83e9fac738cb to remote] DEBUG org.asynchttpclient.netty.request.NettyRequestSender - Using open Channel [id: 0xedebb837, L:/127.0.0.1:50854 - R:localhost/127.0.0.1:22720] for POST '/session/bb44736b667a5010e82d83e9fac738cb/execute/sync'
02:15:27.931 [AsyncHttpClient-1-8] DEBUG org.asynchttpclient.netty.handler.HttpHandler - 

Request DefaultHttpRequest(decodeResult: success, version: HTTP/1.1)
POST /session/bb44736b667a5010e82d83e9fac738cb/execute/sync HTTP/1.1
User-Agent: selenium/4.8.1 (java windows)
Content-Length: 176
Content-Type: application/json; charset=utf-8
host: localhost:22720
accept: */*

Response DefaultHttpResponse(decodeResult: success, version: HTTP/1.1)
HTTP/1.1 200 OK
Content-Length: 101913
Content-Type: application/json; charset=utf-8
cache-control: no-cache

02:15:27.931 [AsyncHttpClient-1-8] DEBUG org.asynchttpclient.netty.channel.ChannelManager - Adding key: http://localhost:22720 for channel [id: 0xedebb837, L:/127.0.0.1:50854 - R:localhost/127.0.0.1:22720]
02:15:27.935 [Forwarding getCurrentUrl on session bb44736b667a5010e82d83e9fac738cb to remote] DEBUG org.asynchttpclient.netty.request.NettyRequestSender - Using pooled Channel '[id: 0xedebb837, L:/127.0.0.1:50854 - R:localhost/127.0.0.1:22720]' for 'GET' to 'http://localhost:22720/session/bb44736b667a5010e82d83e9fac738cb/url'
02:15:27.935 [Forwarding getCurrentUrl on session bb44736b667a5010e82d83e9fac738cb to remote] DEBUG org.asynchttpclient.netty.request.NettyRequestSender - Using open Channel [id: 0xedebb837, L:/127.0.0.1:50854 - R:localhost/127.0.0.1:22720] for GET '/session/bb44736b667a5010e82d83e9fac738cb/url'
02:15:27.938 [AsyncHttpClient-1-8] DEBUG org.asynchttpclient.netty.handler.HttpHandler - 

Request DefaultFullHttpRequest(decodeResult: success, version: HTTP/1.1, content: EmptyByteBufBE)
GET /session/bb44736b667a5010e82d83e9fac738cb/url HTTP/1.1
User-Agent: selenium/4.8.1 (java windows)
Cache-Control: no-cache
Content-Type: application/json; charset=utf-8
host: localhost:22720
accept: */*

Response DefaultHttpResponse(decodeResult: success, version: HTTP/1.1)
HTTP/1.1 200 OK
Content-Length: 51
Content-Type: application/json; charset=utf-8
cache-control: no-cache

02:15:27.938 [AsyncHttpClient-1-8] DEBUG org.asynchttpclient.netty.channel.ChannelManager - Adding key: http://localhost:22720 for channel [id: 0xedebb837, L:/127.0.0.1:50854 - R:localhost/127.0.0.1:22720]
02:15:27.944 [Forwarding getPageSource on session bb44736b667a5010e82d83e9fac738cb to remote] DEBUG org.asynchttpclient.netty.request.NettyRequestSender - Using pooled Channel '[id: 0xedebb837, L:/127.0.0.1:50854 - R:localhost/127.0.0.1:22720]' for 'POST' to 'http://localhost:22720/session/bb44736b667a5010e82d83e9fac738cb/execute/sync'
02:15:27.944 [Forwarding getPageSource on session bb44736b667a5010e82d83e9fac738cb to remote] DEBUG org.asynchttpclient.netty.request.NettyRequestSender - Using open Channel [id: 0xedebb837, L:/127.0.0.1:50854 - R:localhost/127.0.0.1:22720] for POST '/session/bb44736b667a5010e82d83e9fac738cb/execute/sync'
02:15:27.952 [AsyncHttpClient-1-8] DEBUG org.asynchttpclient.netty.handler.HttpHandler - 

Request DefaultHttpRequest(decodeResult: success, version: HTTP/1.1)
POST /session/bb44736b667a5010e82d83e9fac738cb/execute/sync HTTP/1.1
User-Agent: selenium/4.8.1 (java windows)
Content-Length: 176
Content-Type: application/json; charset=utf-8
host: localhost:22720
accept: */*

Response DefaultHttpResponse(decodeResult: success, version: HTTP/1.1)
HTTP/1.1 200 OK
Content-Length: 101913
Content-Type: application/json; charset=utf-8
cache-control: no-cache

02:15:27.952 [AsyncHttpClient-1-8] DEBUG org.asynchttpclient.netty.channel.ChannelManager - Adding key: http://localhost:22720 for channel [id: 0xedebb837, L:/127.0.0.1:50854 - R:localhost/127.0.0.1:22720]
02:15:27.956 [Forwarding getCurrentUrl on session bb44736b667a5010e82d83e9fac738cb to remote] DEBUG org.asynchttpclient.netty.request.NettyRequestSender - Using pooled Channel '[id: 0xedebb837, L:/127.0.0.1:50854 - R:localhost/127.0.0.1:22720]' for 'GET' to 'http://localhost:22720/session/bb44736b667a5010e82d83e9fac738cb/url'
02:15:27.956 [Forwarding getCurrentUrl on session bb44736b667a5010e82d83e9fac738cb to remote] DEBUG org.asynchttpclient.netty.request.NettyRequestSender - Using open Channel [id: 0xedebb837, L:/127.0.0.1:50854 - R:localhost/127.0.0.1:22720] for GET '/session/bb44736b667a5010e82d83e9fac738cb/url'
02:15:27.959 [AsyncHttpClient-1-8] DEBUG org.asynchttpclient.netty.handler.HttpHandler - 

Request DefaultFullHttpRequest(decodeResult: success, version: HTTP/1.1, content: EmptyByteBufBE)
GET /session/bb44736b667a5010e82d83e9fac738cb/url HTTP/1.1
User-Agent: selenium/4.8.1 (java windows)
Cache-Control: no-cache
Content-Type: application/json; charset=utf-8
host: localhost:22720
accept: */*

Response DefaultHttpResponse(decodeResult: success, version: HTTP/1.1)
HTTP/1.1 200 OK
Content-Length: 51
Content-Type: application/json; charset=utf-8
cache-control: no-cache

02:15:27.959 [AsyncHttpClient-1-8] DEBUG org.asynchttpclient.netty.channel.ChannelManager - Adding key: http://localhost:22720 for channel [id: 0xedebb837, L:/127.0.0.1:50854 - R:localhost/127.0.0.1:22720]
02:15:27.960 [main] DEBUG net.thucydides.core.steps.StepInterceptor - STARTING STEP: PaymentMethodSteps.chooseNominal - chooseNominal
02:15:27.962 [Forwarding findElement on session bb44736b667a5010e82d83e9fac738cb to remote] DEBUG org.asynchttpclient.netty.request.NettyRequestSender - Using pooled Channel '[id: 0xedebb837, L:/127.0.0.1:50854 - R:localhost/127.0.0.1:22720]' for 'POST' to 'http://localhost:22720/session/bb44736b667a5010e82d83e9fac738cb/element'
02:15:27.963 [Forwarding findElement on session bb44736b667a5010e82d83e9fac738cb to remote] DEBUG org.asynchttpclient.netty.request.NettyRequestSender - Using open Channel [id: 0xedebb837, L:/127.0.0.1:50854 - R:localhost/127.0.0.1:22720] for POST '/session/bb44736b667a5010e82d83e9fac738cb/element'
02:15:28.251 [AsyncHttpClient-1-1] DEBUG org.asynchttpclient.netty.channel.DefaultChannelPool - Entry count for : http://localhost:50855 : 1
02:15:28.412 [AsyncHttpClient-1-8] DEBUG org.asynchttpclient.netty.handler.HttpHandler - 

Request DefaultHttpRequest(decodeResult: success, version: HTTP/1.1)
POST /session/bb44736b667a5010e82d83e9fac738cb/element HTTP/1.1
User-Agent: selenium/4.8.1 (java windows)
Content-Length: 65
Content-Type: application/json; charset=utf-8
host: localhost:22720
accept: */*

Response DefaultHttpResponse(decodeResult: success, version: HTTP/1.1)
HTTP/1.1 200 OK
Content-Length: 88
Content-Type: application/json; charset=utf-8
cache-control: no-cache

02:15:28.412 [AsyncHttpClient-1-8] DEBUG org.asynchttpclient.netty.channel.ChannelManager - Adding key: http://localhost:22720 for channel [id: 0xedebb837, L:/127.0.0.1:50854 - R:localhost/127.0.0.1:22720]
02:15:28.413 [Forwarding getElementTagName on session bb44736b667a5010e82d83e9fac738cb to remote] DEBUG org.asynchttpclient.netty.request.NettyRequestSender - Using pooled Channel '[id: 0xedebb837, L:/127.0.0.1:50854 - R:localhost/127.0.0.1:22720]' for 'GET' to 'http://localhost:22720/session/bb44736b667a5010e82d83e9fac738cb/element/bd2c79ad-e15b-46b0-ad54-1621864896a4/name'
02:15:28.413 [Forwarding getElementTagName on session bb44736b667a5010e82d83e9fac738cb to remote] DEBUG org.asynchttpclient.netty.request.NettyRequestSender - Using open Channel [id: 0xedebb837, L:/127.0.0.1:50854 - R:localhost/127.0.0.1:22720] for GET '/session/bb44736b667a5010e82d83e9fac738cb/element/bd2c79ad-e15b-46b0-ad54-1621864896a4/name'
02:15:28.417 [AsyncHttpClient-1-8] DEBUG org.asynchttpclient.netty.handler.HttpHandler - 

Request DefaultFullHttpRequest(decodeResult: success, version: HTTP/1.1, content: EmptyByteBufBE)
GET /session/bb44736b667a5010e82d83e9fac738cb/element/bd2c79ad-e15b-46b0-ad54-1621864896a4/name HTTP/1.1
User-Agent: selenium/4.8.1 (java windows)
Cache-Control: no-cache
Content-Type: application/json; charset=utf-8
host: localhost:22720
accept: */*

Response DefaultHttpResponse(decodeResult: success, version: HTTP/1.1)
HTTP/1.1 200 OK
Content-Length: 15
Content-Type: application/json; charset=utf-8
cache-control: no-cache

02:15:28.417 [AsyncHttpClient-1-8] DEBUG org.asynchttpclient.netty.channel.ChannelManager - Adding key: http://localhost:22720 for channel [id: 0xedebb837, L:/127.0.0.1:50854 - R:localhost/127.0.0.1:22720]
02:15:28.418 [Forwarding getElementTagName on session bb44736b667a5010e82d83e9fac738cb to remote] DEBUG org.asynchttpclient.netty.request.NettyRequestSender - Using pooled Channel '[id: 0xedebb837, L:/127.0.0.1:50854 - R:localhost/127.0.0.1:22720]' for 'GET' to 'http://localhost:22720/session/bb44736b667a5010e82d83e9fac738cb/element/bd2c79ad-e15b-46b0-ad54-1621864896a4/name'
02:15:28.418 [Forwarding getElementTagName on session bb44736b667a5010e82d83e9fac738cb to remote] DEBUG org.asynchttpclient.netty.request.NettyRequestSender - Using open Channel [id: 0xedebb837, L:/127.0.0.1:50854 - R:localhost/127.0.0.1:22720] for GET '/session/bb44736b667a5010e82d83e9fac738cb/element/bd2c79ad-e15b-46b0-ad54-1621864896a4/name'
02:15:28.422 [AsyncHttpClient-1-8] DEBUG org.asynchttpclient.netty.handler.HttpHandler - 

Request DefaultFullHttpRequest(decodeResult: success, version: HTTP/1.1, content: EmptyByteBufBE)
GET /session/bb44736b667a5010e82d83e9fac738cb/element/bd2c79ad-e15b-46b0-ad54-1621864896a4/name HTTP/1.1
User-Agent: selenium/4.8.1 (java windows)
Cache-Control: no-cache
Content-Type: application/json; charset=utf-8
host: localhost:22720
accept: */*

Response DefaultHttpResponse(decodeResult: success, version: HTTP/1.1)
HTTP/1.1 200 OK
Content-Length: 15
Content-Type: application/json; charset=utf-8
cache-control: no-cache

02:15:28.422 [AsyncHttpClient-1-8] DEBUG org.asynchttpclient.netty.channel.ChannelManager - Adding key: http://localhost:22720 for channel [id: 0xedebb837, L:/127.0.0.1:50854 - R:localhost/127.0.0.1:22720]
02:15:28.423 [Forwarding findElement on session bb44736b667a5010e82d83e9fac738cb to remote] DEBUG org.asynchttpclient.netty.request.NettyRequestSender - Using pooled Channel '[id: 0xedebb837, L:/127.0.0.1:50854 - R:localhost/127.0.0.1:22720]' for 'POST' to 'http://localhost:22720/session/bb44736b667a5010e82d83e9fac738cb/element'
02:15:28.423 [Forwarding findElement on session bb44736b667a5010e82d83e9fac738cb to remote] DEBUG org.asynchttpclient.netty.request.NettyRequestSender - Using open Channel [id: 0xedebb837, L:/127.0.0.1:50854 - R:localhost/127.0.0.1:22720] for POST '/session/bb44736b667a5010e82d83e9fac738cb/element'
02:15:28.429 [AsyncHttpClient-1-8] DEBUG org.asynchttpclient.netty.handler.HttpHandler - 

Request DefaultHttpRequest(decodeResult: success, version: HTTP/1.1)
POST /session/bb44736b667a5010e82d83e9fac738cb/element HTTP/1.1
User-Agent: selenium/4.8.1 (java windows)
Content-Length: 65
Content-Type: application/json; charset=utf-8
host: localhost:22720
accept: */*

Response DefaultHttpResponse(decodeResult: success, version: HTTP/1.1)
HTTP/1.1 200 OK
Content-Length: 88
Content-Type: application/json; charset=utf-8
cache-control: no-cache

02:15:28.429 [AsyncHttpClient-1-8] DEBUG org.asynchttpclient.netty.channel.ChannelManager - Adding key: http://localhost:22720 for channel [id: 0xedebb837, L:/127.0.0.1:50854 - R:localhost/127.0.0.1:22720]
02:15:28.430 [Forwarding clickElement on session bb44736b667a5010e82d83e9fac738cb to remote] DEBUG org.asynchttpclient.netty.request.NettyRequestSender - Using pooled Channel '[id: 0xedebb837, L:/127.0.0.1:50854 - R:localhost/127.0.0.1:22720]' for 'POST' to 'http://localhost:22720/session/bb44736b667a5010e82d83e9fac738cb/element/bd2c79ad-e15b-46b0-ad54-1621864896a4/click'
02:15:28.430 [Forwarding clickElement on session bb44736b667a5010e82d83e9fac738cb to remote] DEBUG org.asynchttpclient.netty.request.NettyRequestSender - Using open Channel [id: 0xedebb837, L:/127.0.0.1:50854 - R:localhost/127.0.0.1:22720] for POST '/session/bb44736b667a5010e82d83e9fac738cb/element/bd2c79ad-e15b-46b0-ad54-1621864896a4/click'
02:15:28.469 [AsyncHttpClient-1-8] DEBUG org.asynchttpclient.netty.handler.HttpHandler - 

Request DefaultHttpRequest(decodeResult: success, version: HTTP/1.1)
POST /session/bb44736b667a5010e82d83e9fac738cb/element/bd2c79ad-e15b-46b0-ad54-1621864896a4/click HTTP/1.1
User-Agent: selenium/4.8.1 (java windows)
Content-Length: 50
Content-Type: application/json; charset=utf-8
host: localhost:22720
accept: */*

Response DefaultHttpResponse(decodeResult: success, version: HTTP/1.1)
HTTP/1.1 200 OK
Content-Length: 14
Content-Type: application/json; charset=utf-8
cache-control: no-cache

02:15:28.470 [AsyncHttpClient-1-8] DEBUG org.asynchttpclient.netty.channel.ChannelManager - Adding key: http://localhost:22720 for channel [id: 0xedebb837, L:/127.0.0.1:50854 - R:localhost/127.0.0.1:22720]
02:15:28.477 [Forwarding getAlertText on session bb44736b667a5010e82d83e9fac738cb to remote] DEBUG org.asynchttpclient.netty.request.NettyRequestSender - Using pooled Channel '[id: 0xedebb837, L:/127.0.0.1:50854 - R:localhost/127.0.0.1:22720]' for 'GET' to 'http://localhost:22720/session/bb44736b667a5010e82d83e9fac738cb/alert/text'
02:15:28.477 [Forwarding getAlertText on session bb44736b667a5010e82d83e9fac738cb to remote] DEBUG org.asynchttpclient.netty.request.NettyRequestSender - Using open Channel [id: 0xedebb837, L:/127.0.0.1:50854 - R:localhost/127.0.0.1:22720] for GET '/session/bb44736b667a5010e82d83e9fac738cb/alert/text'
02:15:28.479 [AsyncHttpClient-1-8] DEBUG org.asynchttpclient.netty.handler.HttpHandler - 

Request DefaultFullHttpRequest(decodeResult: success, version: HTTP/1.1, content: EmptyByteBufBE)
GET /session/bb44736b667a5010e82d83e9fac738cb/alert/text HTTP/1.1
User-Agent: selenium/4.8.1 (java windows)
Cache-Control: no-cache
Content-Type: application/json; charset=utf-8
host: localhost:22720
accept: */*

Response DefaultHttpResponse(decodeResult: success, version: HTTP/1.1)
HTTP/1.1 404 Not Found
Content-Length: 835
Content-Type: application/json; charset=utf-8
cache-control: no-cache

02:15:28.479 [AsyncHttpClient-1-8] DEBUG org.asynchttpclient.netty.channel.ChannelManager - Adding key: http://localhost:22720 for channel [id: 0xedebb837, L:/127.0.0.1:50854 - R:localhost/127.0.0.1:22720]
02:15:28.481 [Forwarding getCurrentUrl on session bb44736b667a5010e82d83e9fac738cb to remote] DEBUG org.asynchttpclient.netty.request.NettyRequestSender - Using pooled Channel '[id: 0xedebb837, L:/127.0.0.1:50854 - R:localhost/127.0.0.1:22720]' for 'GET' to 'http://localhost:22720/session/bb44736b667a5010e82d83e9fac738cb/url'
02:15:28.481 [Forwarding getCurrentUrl on session bb44736b667a5010e82d83e9fac738cb to remote] DEBUG org.asynchttpclient.netty.request.NettyRequestSender - Using open Channel [id: 0xedebb837, L:/127.0.0.1:50854 - R:localhost/127.0.0.1:22720] for GET '/session/bb44736b667a5010e82d83e9fac738cb/url'
02:15:28.485 [AsyncHttpClient-1-8] DEBUG org.asynchttpclient.netty.handler.HttpHandler - 

Request DefaultFullHttpRequest(decodeResult: success, version: HTTP/1.1, content: EmptyByteBufBE)
GET /session/bb44736b667a5010e82d83e9fac738cb/url HTTP/1.1
User-Agent: selenium/4.8.1 (java windows)
Cache-Control: no-cache
Content-Type: application/json; charset=utf-8
host: localhost:22720
accept: */*

Response DefaultHttpResponse(decodeResult: success, version: HTTP/1.1)
HTTP/1.1 200 OK
Content-Length: 51
Content-Type: application/json; charset=utf-8
cache-control: no-cache

02:15:28.485 [AsyncHttpClient-1-8] DEBUG org.asynchttpclient.netty.channel.ChannelManager - Adding key: http://localhost:22720 for channel [id: 0xedebb837, L:/127.0.0.1:50854 - R:localhost/127.0.0.1:22720]
02:15:28.487 [Forwarding screenshot on session bb44736b667a5010e82d83e9fac738cb to remote] DEBUG org.asynchttpclient.netty.request.NettyRequestSender - Using pooled Channel '[id: 0xedebb837, L:/127.0.0.1:50854 - R:localhost/127.0.0.1:22720]' for 'GET' to 'http://localhost:22720/session/bb44736b667a5010e82d83e9fac738cb/screenshot'
02:15:28.487 [Forwarding screenshot on session bb44736b667a5010e82d83e9fac738cb to remote] DEBUG org.asynchttpclient.netty.request.NettyRequestSender - Using open Channel [id: 0xedebb837, L:/127.0.0.1:50854 - R:localhost/127.0.0.1:22720] for GET '/session/bb44736b667a5010e82d83e9fac738cb/screenshot'
02:15:28.598 [AsyncHttpClient-1-8] DEBUG org.asynchttpclient.netty.handler.HttpHandler - 

Request DefaultFullHttpRequest(decodeResult: success, version: HTTP/1.1, content: EmptyByteBufBE)
GET /session/bb44736b667a5010e82d83e9fac738cb/screenshot HTTP/1.1
User-Agent: selenium/4.8.1 (java windows)
Cache-Control: no-cache
Content-Type: application/json; charset=utf-8
host: localhost:22720
accept: */*

Response DefaultHttpResponse(decodeResult: success, version: HTTP/1.1)
HTTP/1.1 200 OK
Content-Length: 158156
Content-Type: application/json; charset=utf-8
cache-control: no-cache

02:15:28.598 [AsyncHttpClient-1-8] DEBUG org.asynchttpclient.netty.channel.ChannelManager - Adding key: http://localhost:22720 for channel [id: 0xedebb837, L:/127.0.0.1:50854 - R:localhost/127.0.0.1:22720]
02:15:28.601 [main] DEBUG net.serenitybdd.core.photography.Darkroom - Send negative for processing for target\site\serenity\4bce6ed0eb7e5a75108426a501d69081b6439279bfbbbedf350d5970d73372ae.png
02:15:28.602 [main] DEBUG net.thucydides.core.steps.StepInterceptor - STEP DONE: chooseNominal
  &amp#27;[32mAnd &amp#27;[0m&amp#27;[32mI choose the Nominal of Listrik PLN&amp#27;[0m                   &amp#27;[90m# starter.stepdefintions.PaymentMethodSteps.chooseNominal()&amp#27;[0m
02:15:28.602 [Darkroom Processing Line] DEBUG net.serenitybdd.core.photography.DarkroomProcessingLine - Processing screenshot image in /var/screenshots/screenshot-609102846526523346
02:15:28.602 [Darkroom Processing Line] DEBUG net.serenitybdd.core.photography.DarkroomProcessingLine - Saving screenshot to target\site\serenity\4bce6ed0eb7e5a75108426a501d69081b6439279bfbbbedf350d5970d73372ae.png
02:15:28.608 [Forwarding getPageSource on session bb44736b667a5010e82d83e9fac738cb to remote] DEBUG org.asynchttpclient.netty.request.NettyRequestSender - Using pooled Channel '[id: 0xedebb837, L:/127.0.0.1:50854 - R:localhost/127.0.0.1:22720]' for 'POST' to 'http://localhost:22720/session/bb44736b667a5010e82d83e9fac738cb/execute/sync'
02:15:28.608 [Forwarding getPageSource on session bb44736b667a5010e82d83e9fac738cb to remote] DEBUG org.asynchttpclient.netty.request.NettyRequestSender - Using open Channel [id: 0xedebb837, L:/127.0.0.1:50854 - R:localhost/127.0.0.1:22720] for POST '/session/bb44736b667a5010e82d83e9fac738cb/execute/sync'
02:15:28.615 [AsyncHttpClient-1-8] DEBUG org.asynchttpclient.netty.handler.HttpHandler - 

Request DefaultHttpRequest(decodeResult: success, version: HTTP/1.1)
POST /session/bb44736b667a5010e82d83e9fac738cb/execute/sync HTTP/1.1
User-Agent: selenium/4.8.1 (java windows)
Content-Length: 176
Content-Type: application/json; charset=utf-8
host: localhost:22720
accept: */*

Response DefaultHttpResponse(decodeResult: success, version: HTTP/1.1)
HTTP/1.1 200 OK
Content-Length: 87954
Content-Type: application/json; charset=utf-8
cache-control: no-cache

02:15:28.615 [AsyncHttpClient-1-8] DEBUG org.asynchttpclient.netty.channel.ChannelManager - Adding key: http://localhost:22720 for channel [id: 0xedebb837, L:/127.0.0.1:50854 - R:localhost/127.0.0.1:22720]
02:15:28.619 [Forwarding getCurrentUrl on session bb44736b667a5010e82d83e9fac738cb to remote] DEBUG org.asynchttpclient.netty.request.NettyRequestSender - Using pooled Channel '[id: 0xedebb837, L:/127.0.0.1:50854 - R:localhost/127.0.0.1:22720]' for 'GET' to 'http://localhost:22720/session/bb44736b667a5010e82d83e9fac738cb/url'
02:15:28.619 [Forwarding getCurrentUrl on session bb44736b667a5010e82d83e9fac738cb to remote] DEBUG org.asynchttpclient.netty.request.NettyRequestSender - Using open Channel [id: 0xedebb837, L:/127.0.0.1:50854 - R:localhost/127.0.0.1:22720] for GET '/session/bb44736b667a5010e82d83e9fac738cb/url'
02:15:28.622 [AsyncHttpClient-1-8] DEBUG org.asynchttpclient.netty.handler.HttpHandler - 

Request DefaultFullHttpRequest(decodeResult: success, version: HTTP/1.1, content: EmptyByteBufBE)
GET /session/bb44736b667a5010e82d83e9fac738cb/url HTTP/1.1
User-Agent: selenium/4.8.1 (java windows)
Cache-Control: no-cache
Content-Type: application/json; charset=utf-8
host: localhost:22720
accept: */*

Response DefaultHttpResponse(decodeResult: success, version: HTTP/1.1)
HTTP/1.1 200 OK
Content-Length: 51
Content-Type: application/json; charset=utf-8
cache-control: no-cache

02:15:28.623 [AsyncHttpClient-1-8] DEBUG org.asynchttpclient.netty.channel.ChannelManager - Adding key: http://localhost:22720 for channel [id: 0xedebb837, L:/127.0.0.1:50854 - R:localhost/127.0.0.1:22720]
02:15:28.629 [Forwarding getPageSource on session bb44736b667a5010e82d83e9fac738cb to remote] DEBUG org.asynchttpclient.netty.request.NettyRequestSender - Using pooled Channel '[id: 0xedebb837, L:/127.0.0.1:50854 - R:localhost/127.0.0.1:22720]' for 'POST' to 'http://localhost:22720/session/bb44736b667a5010e82d83e9fac738cb/execute/sync'
02:15:28.629 [Forwarding getPageSource on session bb44736b667a5010e82d83e9fac738cb to remote] DEBUG org.asynchttpclient.netty.request.NettyRequestSender - Using open Channel [id: 0xedebb837, L:/127.0.0.1:50854 - R:localhost/127.0.0.1:22720] for POST '/session/bb44736b667a5010e82d83e9fac738cb/execute/sync'
02:15:28.636 [AsyncHttpClient-1-8] DEBUG org.asynchttpclient.netty.handler.HttpHandler - 

Request DefaultHttpRequest(decodeResult: success, version: HTTP/1.1)
POST /session/bb44736b667a5010e82d83e9fac738cb/execute/sync HTTP/1.1
User-Agent: selenium/4.8.1 (java windows)
Content-Length: 176
Content-Type: application/json; charset=utf-8
host: localhost:22720
accept: */*

Response DefaultHttpResponse(decodeResult: success, version: HTTP/1.1)
HTTP/1.1 200 OK
Content-Length: 87953
Content-Type: application/json; charset=utf-8
cache-control: no-cache

02:15:28.636 [AsyncHttpClient-1-8] DEBUG org.asynchttpclient.netty.channel.ChannelManager - Adding key: http://localhost:22720 for channel [id: 0xedebb837, L:/127.0.0.1:50854 - R:localhost/127.0.0.1:22720]
02:15:28.640 [Forwarding getCurrentUrl on session bb44736b667a5010e82d83e9fac738cb to remote] DEBUG org.asynchttpclient.netty.request.NettyRequestSender - Using pooled Channel '[id: 0xedebb837, L:/127.0.0.1:50854 - R:localhost/127.0.0.1:22720]' for 'GET' to 'http://localhost:22720/session/bb44736b667a5010e82d83e9fac738cb/url'
02:15:28.640 [Forwarding getCurrentUrl on session bb44736b667a5010e82d83e9fac738cb to remote] DEBUG org.asynchttpclient.netty.request.NettyRequestSender - Using open Channel [id: 0xedebb837, L:/127.0.0.1:50854 - R:localhost/127.0.0.1:22720] for GET '/session/bb44736b667a5010e82d83e9fac738cb/url'
02:15:28.643 [AsyncHttpClient-1-8] DEBUG org.asynchttpclient.netty.handler.HttpHandler - 

Request DefaultFullHttpRequest(decodeResult: success, version: HTTP/1.1, content: EmptyByteBufBE)
GET /session/bb44736b667a5010e82d83e9fac738cb/url HTTP/1.1
User-Agent: selenium/4.8.1 (java windows)
Cache-Control: no-cache
Content-Type: application/json; charset=utf-8
host: localhost:22720
accept: */*

Response DefaultHttpResponse(decodeResult: success, version: HTTP/1.1)
HTTP/1.1 200 OK
Content-Length: 51
Content-Type: application/json; charset=utf-8
cache-control: no-cache

02:15:28.643 [AsyncHttpClient-1-8] DEBUG org.asynchttpclient.netty.channel.ChannelManager - Adding key: http://localhost:22720 for channel [id: 0xedebb837, L:/127.0.0.1:50854 - R:localhost/127.0.0.1:22720]
02:15:28.645 [main] DEBUG net.thucydides.core.steps.StepInterceptor - STARTING STEP: PaymentMethodSteps.selectPaymentMethod - choosePaymentMethod
02:15:28.647 [Forwarding findElement on session bb44736b667a5010e82d83e9fac738cb to remote] DEBUG org.asynchttpclient.netty.request.NettyRequestSender - Using pooled Channel '[id: 0xedebb837, L:/127.0.0.1:50854 - R:localhost/127.0.0.1:22720]' for 'POST' to 'http://localhost:22720/session/bb44736b667a5010e82d83e9fac738cb/element'
02:15:28.647 [Forwarding findElement on session bb44736b667a5010e82d83e9fac738cb to remote] DEBUG org.asynchttpclient.netty.request.NettyRequestSender - Using open Channel [id: 0xedebb837, L:/127.0.0.1:50854 - R:localhost/127.0.0.1:22720] for POST '/session/bb44736b667a5010e82d83e9fac738cb/element'
02:15:29.357 [AsyncHttpClient-1-1] DEBUG org.asynchttpclient.netty.channel.DefaultChannelPool - Entry count for : http://localhost:50855 : 1
02:15:29.598 [AsyncHttpClient-1-8] DEBUG org.asynchttpclient.netty.handler.HttpHandler - 

Request DefaultHttpRequest(decodeResult: success, version: HTTP/1.1)
POST /session/bb44736b667a5010e82d83e9fac738cb/element HTTP/1.1
User-Agent: selenium/4.8.1 (java windows)
Content-Length: 57
Content-Type: application/json; charset=utf-8
host: localhost:22720
accept: */*

Response DefaultHttpResponse(decodeResult: success, version: HTTP/1.1)
HTTP/1.1 200 OK
Content-Length: 88
Content-Type: application/json; charset=utf-8
cache-control: no-cache

02:15:29.598 [AsyncHttpClient-1-8] DEBUG org.asynchttpclient.netty.channel.ChannelManager - Adding key: http://localhost:22720 for channel [id: 0xedebb837, L:/127.0.0.1:50854 - R:localhost/127.0.0.1:22720]
02:15:29.600 [Forwarding getElementTagName on session bb44736b667a5010e82d83e9fac738cb to remote] DEBUG org.asynchttpclient.netty.request.NettyRequestSender - Using pooled Channel '[id: 0xedebb837, L:/127.0.0.1:50854 - R:localhost/127.0.0.1:22720]' for 'GET' to 'http://localhost:22720/session/bb44736b667a5010e82d83e9fac738cb/element/d0471a35-14c7-4c1a-b693-db9ec2163c9e/name'
02:15:29.600 [Forwarding getElementTagName on session bb44736b667a5010e82d83e9fac738cb to remote] DEBUG org.asynchttpclient.netty.request.NettyRequestSender - Using open Channel [id: 0xedebb837, L:/127.0.0.1:50854 - R:localhost/127.0.0.1:22720] for GET '/session/bb44736b667a5010e82d83e9fac738cb/element/d0471a35-14c7-4c1a-b693-db9ec2163c9e/name'
02:15:29.604 [AsyncHttpClient-1-8] DEBUG org.asynchttpclient.netty.handler.HttpHandler - 

Request DefaultFullHttpRequest(decodeResult: success, version: HTTP/1.1, content: EmptyByteBufBE)
GET /session/bb44736b667a5010e82d83e9fac738cb/element/d0471a35-14c7-4c1a-b693-db9ec2163c9e/name HTTP/1.1
User-Agent: selenium/4.8.1 (java windows)
Cache-Control: no-cache
Content-Type: application/json; charset=utf-8
host: localhost:22720
accept: */*

Response DefaultHttpResponse(decodeResult: success, version: HTTP/1.1)
HTTP/1.1 200 OK
Content-Length: 17
Content-Type: application/json; charset=utf-8
cache-control: no-cache

02:15:29.604 [AsyncHttpClient-1-8] DEBUG org.asynchttpclient.netty.channel.ChannelManager - Adding key: http://localhost:22720 for channel [id: 0xedebb837, L:/127.0.0.1:50854 - R:localhost/127.0.0.1:22720]
02:15:29.605 [Forwarding getElementTagName on session bb44736b667a5010e82d83e9fac738cb to remote] DEBUG org.asynchttpclient.netty.request.NettyRequestSender - Using pooled Channel '[id: 0xedebb837, L:/127.0.0.1:50854 - R:localhost/127.0.0.1:22720]' for 'GET' to 'http://localhost:22720/session/bb44736b667a5010e82d83e9fac738cb/element/d0471a35-14c7-4c1a-b693-db9ec2163c9e/name'
02:15:29.605 [Forwarding getElementTagName on session bb44736b667a5010e82d83e9fac738cb to remote] DEBUG org.asynchttpclient.netty.request.NettyRequestSender - Using open Channel [id: 0xedebb837, L:/127.0.0.1:50854 - R:localhost/127.0.0.1:22720] for GET '/session/bb44736b667a5010e82d83e9fac738cb/element/d0471a35-14c7-4c1a-b693-db9ec2163c9e/name'
02:15:29.608 [AsyncHttpClient-1-8] DEBUG org.asynchttpclient.netty.handler.HttpHandler - 

Request DefaultFullHttpRequest(decodeResult: success, version: HTTP/1.1, content: EmptyByteBufBE)
GET /session/bb44736b667a5010e82d83e9fac738cb/element/d0471a35-14c7-4c1a-b693-db9ec2163c9e/name HTTP/1.1
User-Agent: selenium/4.8.1 (java windows)
Cache-Control: no-cache
Content-Type: application/json; charset=utf-8
host: localhost:22720
accept: */*

Response DefaultHttpResponse(decodeResult: success, version: HTTP/1.1)
HTTP/1.1 200 OK
Content-Length: 17
Content-Type: application/json; charset=utf-8
cache-control: no-cache

02:15:29.608 [AsyncHttpClient-1-8] DEBUG org.asynchttpclient.netty.channel.ChannelManager - Adding key: http://localhost:22720 for channel [id: 0xedebb837, L:/127.0.0.1:50854 - R:localhost/127.0.0.1:22720]
02:15:29.610 [Forwarding findElement on session bb44736b667a5010e82d83e9fac738cb to remote] DEBUG org.asynchttpclient.netty.request.NettyRequestSender - Using pooled Channel '[id: 0xedebb837, L:/127.0.0.1:50854 - R:localhost/127.0.0.1:22720]' for 'POST' to 'http://localhost:22720/session/bb44736b667a5010e82d83e9fac738cb/element'
02:15:29.610 [Forwarding findElement on session bb44736b667a5010e82d83e9fac738cb to remote] DEBUG org.asynchttpclient.netty.request.NettyRequestSender - Using open Channel [id: 0xedebb837, L:/127.0.0.1:50854 - R:localhost/127.0.0.1:22720] for POST '/session/bb44736b667a5010e82d83e9fac738cb/element'
02:15:29.615 [AsyncHttpClient-1-8] DEBUG org.asynchttpclient.netty.handler.HttpHandler - 

Request DefaultHttpRequest(decodeResult: success, version: HTTP/1.1)
POST /session/bb44736b667a5010e82d83e9fac738cb/element HTTP/1.1
User-Agent: selenium/4.8.1 (java windows)
Content-Length: 57
Content-Type: application/json; charset=utf-8
host: localhost:22720
accept: */*

Response DefaultHttpResponse(decodeResult: success, version: HTTP/1.1)
HTTP/1.1 200 OK
Content-Length: 88
Content-Type: application/json; charset=utf-8
cache-control: no-cache

02:15:29.616 [AsyncHttpClient-1-8] DEBUG org.asynchttpclient.netty.channel.ChannelManager - Adding key: http://localhost:22720 for channel [id: 0xedebb837, L:/127.0.0.1:50854 - R:localhost/127.0.0.1:22720]
02:15:29.617 [Forwarding clickElement on session bb44736b667a5010e82d83e9fac738cb to remote] DEBUG org.asynchttpclient.netty.request.NettyRequestSender - Using pooled Channel '[id: 0xedebb837, L:/127.0.0.1:50854 - R:localhost/127.0.0.1:22720]' for 'POST' to 'http://localhost:22720/session/bb44736b667a5010e82d83e9fac738cb/element/d0471a35-14c7-4c1a-b693-db9ec2163c9e/click'
02:15:29.617 [Forwarding clickElement on session bb44736b667a5010e82d83e9fac738cb to remote] DEBUG org.asynchttpclient.netty.request.NettyRequestSender - Using open Channel [id: 0xedebb837, L:/127.0.0.1:50854 - R:localhost/127.0.0.1:22720] for POST '/session/bb44736b667a5010e82d83e9fac738cb/element/d0471a35-14c7-4c1a-b693-db9ec2163c9e/click'
02:15:30.450 [AsyncHttpClient-1-1] DEBUG org.asynchttpclient.netty.channel.DefaultChannelPool - Entry count for : http://localhost:50855 : 1
02:15:30.657 [AsyncHttpClient-1-8] DEBUG org.asynchttpclient.netty.handler.HttpHandler - 

Request DefaultHttpRequest(decodeResult: success, version: HTTP/1.1)
POST /session/bb44736b667a5010e82d83e9fac738cb/element/d0471a35-14c7-4c1a-b693-db9ec2163c9e/click HTTP/1.1
User-Agent: selenium/4.8.1 (java windows)
Content-Length: 50
Content-Type: application/json; charset=utf-8
host: localhost:22720
accept: */*

Response DefaultHttpResponse(decodeResult: success, version: HTTP/1.1)
HTTP/1.1 400 Bad Request
Content-Length: 1220
Content-Type: application/json; charset=utf-8
cache-control: no-cache

02:15:30.657 [AsyncHttpClient-1-8] DEBUG org.asynchttpclient.netty.channel.ChannelManager - Adding key: http://localhost:22720 for channel [id: 0xedebb837, L:/127.0.0.1:50854 - R:localhost/127.0.0.1:22720]
02:15:30.912 [Forwarding clickElement on session bb44736b667a5010e82d83e9fac738cb to remote] DEBUG org.asynchttpclient.netty.request.NettyRequestSender - Using pooled Channel '[id: 0xedebb837, L:/127.0.0.1:50854 - R:localhost/127.0.0.1:22720]' for 'POST' to 'http://localhost:22720/session/bb44736b667a5010e82d83e9fac738cb/element/d0471a35-14c7-4c1a-b693-db9ec2163c9e/click'
02:15:30.913 [Forwarding clickElement on session bb44736b667a5010e82d83e9fac738cb to remote] DEBUG org.asynchttpclient.netty.request.NettyRequestSender - Using open Channel [id: 0xedebb837, L:/127.0.0.1:50854 - R:localhost/127.0.0.1:22720] for POST '/session/bb44736b667a5010e82d83e9fac738cb/element/d0471a35-14c7-4c1a-b693-db9ec2163c9e/click'
02:15:30.946 [AsyncHttpClient-1-8] DEBUG org.asynchttpclient.netty.handler.HttpHandler - 

Request DefaultHttpRequest(decodeResult: success, version: HTTP/1.1)
POST /session/bb44736b667a5010e82d83e9fac738cb/element/d0471a35-14c7-4c1a-b693-db9ec2163c9e/click HTTP/1.1
User-Agent: selenium/4.8.1 (java windows)
Content-Length: 50
Content-Type: application/json; charset=utf-8
host: localhost:22720
accept: */*

Response DefaultHttpResponse(decodeResult: success, version: HTTP/1.1)
HTTP/1.1 200 OK
Content-Length: 14
Content-Type: application/json; charset=utf-8
cache-control: no-cache

02:15:30.946 [AsyncHttpClient-1-8] DEBUG org.asynchttpclient.netty.channel.ChannelManager - Adding key: http://localhost:22720 for channel [id: 0xedebb837, L:/127.0.0.1:50854 - R:localhost/127.0.0.1:22720]
02:15:30.951 [Forwarding getAlertText on session bb44736b667a5010e82d83e9fac738cb to remote] DEBUG org.asynchttpclient.netty.request.NettyRequestSender - Using pooled Channel '[id: 0xedebb837, L:/127.0.0.1:50854 - R:localhost/127.0.0.1:22720]' for 'GET' to 'http://localhost:22720/session/bb44736b667a5010e82d83e9fac738cb/alert/text'
02:15:30.951 [Forwarding getAlertText on session bb44736b667a5010e82d83e9fac738cb to remote] DEBUG org.asynchttpclient.netty.request.NettyRequestSender - Using open Channel [id: 0xedebb837, L:/127.0.0.1:50854 - R:localhost/127.0.0.1:22720] for GET '/session/bb44736b667a5010e82d83e9fac738cb/alert/text'
02:15:30.953 [AsyncHttpClient-1-8] DEBUG org.asynchttpclient.netty.handler.HttpHandler - 

Request DefaultFullHttpRequest(decodeResult: success, version: HTTP/1.1, content: EmptyByteBufBE)
GET /session/bb44736b667a5010e82d83e9fac738cb/alert/text HTTP/1.1
User-Agent: selenium/4.8.1 (java windows)
Cache-Control: no-cache
Content-Type: application/json; charset=utf-8
host: localhost:22720
accept: */*

Response DefaultHttpResponse(decodeResult: success, version: HTTP/1.1)
HTTP/1.1 404 Not Found
Content-Length: 835
Content-Type: application/json; charset=utf-8
cache-control: no-cache

02:15:30.953 [AsyncHttpClient-1-8] DEBUG org.asynchttpclient.netty.channel.ChannelManager - Adding key: http://localhost:22720 for channel [id: 0xedebb837, L:/127.0.0.1:50854 - R:localhost/127.0.0.1:22720]
02:15:30.954 [Forwarding getCurrentUrl on session bb44736b667a5010e82d83e9fac738cb to remote] DEBUG org.asynchttpclient.netty.request.NettyRequestSender - Using pooled Channel '[id: 0xedebb837, L:/127.0.0.1:50854 - R:localhost/127.0.0.1:22720]' for 'GET' to 'http://localhost:22720/session/bb44736b667a5010e82d83e9fac738cb/url'
02:15:30.954 [Forwarding getCurrentUrl on session bb44736b667a5010e82d83e9fac738cb to remote] DEBUG org.asynchttpclient.netty.request.NettyRequestSender - Using open Channel [id: 0xedebb837, L:/127.0.0.1:50854 - R:localhost/127.0.0.1:22720] for GET '/session/bb44736b667a5010e82d83e9fac738cb/url'
02:15:30.959 [AsyncHttpClient-1-8] DEBUG org.asynchttpclient.netty.handler.HttpHandler - 

Request DefaultFullHttpRequest(decodeResult: success, version: HTTP/1.1, content: EmptyByteBufBE)
GET /session/bb44736b667a5010e82d83e9fac738cb/url HTTP/1.1
User-Agent: selenium/4.8.1 (java windows)
Cache-Control: no-cache
Content-Type: application/json; charset=utf-8
host: localhost:22720
accept: */*

Response DefaultHttpResponse(decodeResult: success, version: HTTP/1.1)
HTTP/1.1 200 OK
Content-Length: 56
Content-Type: application/json; charset=utf-8
cache-control: no-cache

02:15:30.959 [AsyncHttpClient-1-8] DEBUG org.asynchttpclient.netty.channel.ChannelManager - Adding key: http://localhost:22720 for channel [id: 0xedebb837, L:/127.0.0.1:50854 - R:localhost/127.0.0.1:22720]
02:15:30.960 [Forwarding screenshot on session bb44736b667a5010e82d83e9fac738cb to remote] DEBUG org.asynchttpclient.netty.request.NettyRequestSender - Using pooled Channel '[id: 0xedebb837, L:/127.0.0.1:50854 - R:localhost/127.0.0.1:22720]' for 'GET' to 'http://localhost:22720/session/bb44736b667a5010e82d83e9fac738cb/screenshot'
02:15:30.960 [Forwarding screenshot on session bb44736b667a5010e82d83e9fac738cb to remote] DEBUG org.asynchttpclient.netty.request.NettyRequestSender - Using open Channel [id: 0xedebb837, L:/127.0.0.1:50854 - R:localhost/127.0.0.1:22720] for GET '/session/bb44736b667a5010e82d83e9fac738cb/screenshot'
02:15:31.061 [AsyncHttpClient-1-8] DEBUG org.asynchttpclient.netty.handler.HttpHandler - 

Request DefaultFullHttpRequest(decodeResult: success, version: HTTP/1.1, content: EmptyByteBufBE)
GET /session/bb44736b667a5010e82d83e9fac738cb/screenshot HTTP/1.1
User-Agent: selenium/4.8.1 (java windows)
Cache-Control: no-cache
Content-Type: application/json; charset=utf-8
host: localhost:22720
accept: */*

Response DefaultHttpResponse(decodeResult: success, version: HTTP/1.1)
HTTP/1.1 200 OK
Content-Length: 162436
Content-Type: application/json; charset=utf-8
cache-control: no-cache

02:15:31.061 [AsyncHttpClient-1-8] DEBUG org.asynchttpclient.netty.channel.ChannelManager - Adding key: http://localhost:22720 for channel [id: 0xedebb837, L:/127.0.0.1:50854 - R:localhost/127.0.0.1:22720]
02:15:31.064 [main] DEBUG net.serenitybdd.core.photography.Darkroom - Send negative for processing for target\site\serenity\3660cb04bd847a0b511fea9ac616d11842c1121b4e81fd2e5ffed8d0a7ba39e2.png
02:15:31.065 [main] DEBUG net.thucydides.core.steps.StepInterceptor - STEP DONE: choosePaymentMethod
  &amp#27;[32mThen &amp#27;[0m&amp#27;[32mI select the payment method with DANA&amp#27;[0m                &amp#27;[90m# starter.stepdefintions.PaymentMethodSteps.selectPaymentMethod()&amp#27;[0m
02:15:31.065 [Darkroom Processing Line] DEBUG net.serenitybdd.core.photography.DarkroomProcessingLine - Processing screenshot image in /var/screenshots/screenshot-2010845937057229103
02:15:31.065 [Darkroom Processing Line] DEBUG net.serenitybdd.core.photography.DarkroomProcessingLine - Saving screenshot to target\site\serenity\3660cb04bd847a0b511fea9ac616d11842c1121b4e81fd2e5ffed8d0a7ba39e2.png
02:15:31.069 [main] INFO  - 
  _____   ___   ___   _____     ___     _     ___   ___   ___   ___  
 |_   _| | __| / __| |_   _|   | _ \   /_\   / __| / __| | __| |   \ 
   | |   | _|  \__ \   | |     |  _/  / _ \  \__ \ \__ \ | _|  | |) |
   |_|   |___| |___/   |_|     |_|   /_/ \_\ |___/ |___/ |___| |___/ 

Select Payment Method Dana After Choosing Product
----------------------------------------------------------------------
02:15:31.070 [AsyncHttpClient-1-10] DEBUG org.asynchttpclient.netty.handler.WebSocketHandler - Channel Closed: [id: 0xb1d7e4e4, L:/127.0.0.1:50863 ! R:localhost/127.0.0.1:50855] with attribute NettyResponseFuture{currentRetry=0,
	isDone=1,
	isCancelled=0,
	asyncHandler=org.asynchttpclient.ws.WebSocketUpgradeHandler@35658957,
	nettyRequest=org.asynchttpclient.netty.request.NettyRequest@7067019f,
	future=java.util.concurrent.CompletableFuture@20bb596e[Completed normally],
	uri=ws://localhost:50855/devtools/browser/3bd28b84-3da8-4789-8146-5eef0a24a0f9,
	keepAlive=true,
	redirectCount=0,
	timeoutsHolder=null,
	inAuth=0,
	touch=1680894916666}
02:15:31.071 [Driver Command Executor] DEBUG org.asynchttpclient.netty.request.NettyRequestSender - Using pooled Channel '[id: 0xedebb837, L:/127.0.0.1:50854 - R:localhost/127.0.0.1:22720]' for 'DELETE' to 'http://localhost:22720/session/bb44736b667a5010e82d83e9fac738cb'
02:15:31.071 [AsyncHttpClient-1-10] DEBUG org.asynchttpclient.netty.channel.ChannelManager - Closing Channel [id: 0xb1d7e4e4, L:/127.0.0.1:50863 ! R:localhost/127.0.0.1:50855] 
02:15:31.071 [Driver Command Executor] DEBUG org.asynchttpclient.netty.request.NettyRequestSender - Using open Channel [id: 0xedebb837, L:/127.0.0.1:50854 - R:localhost/127.0.0.1:22720] for DELETE '/session/bb44736b667a5010e82d83e9fac738cb'
02:15:31.098 [AsyncHttpClient-1-9] DEBUG org.asynchttpclient.netty.handler.HttpHandler - Unexpected I/O exception on channel [id: 0x2d1bfaf1, L:/127.0.0.1:50862 - R:localhost/127.0.0.1:50855]
java.net.SocketException: Connection reset
	at java.base/sun.nio.ch.SocketChannelImpl.throwConnectionReset(SocketChannelImpl.java:367)
	at java.base/sun.nio.ch.SocketChannelImpl.read(SocketChannelImpl.java:398)
	at io.netty.buffer.PooledByteBuf.setBytes(PooledByteBuf.java:259)
	at io.netty.buffer.AbstractByteBuf.writeBytes(AbstractByteBuf.java:1132)
	at io.netty.channel.socket.nio.NioSocketChannel.doReadBytes(NioSocketChannel.java:357)
	at io.netty.channel.nio.AbstractNioByteChannel$NioByteUnsafe.read(AbstractNioByteChannel.java:151)
	at io.netty.channel.nio.NioEventLoop.processSelectedKey(NioEventLoop.java:788)
	at io.netty.channel.nio.NioEventLoop.processSelectedKeysOptimized(NioEventLoop.java:724)
	at io.netty.channel.nio.NioEventLoop.processSelectedKeys(NioEventLoop.java:650)
	at io.netty.channel.nio.NioEventLoop.run(NioEventLoop.java:562)
	at io.netty.util.concurrent.SingleThreadEventExecutor$4.run(SingleThreadEventExecutor.java:997)
	at io.netty.util.internal.ThreadExecutorMap$2.run(ThreadExecutorMap.java:74)
	at io.netty.util.concurrent.FastThreadLocalRunnable.run(FastThreadLocalRunnable.java:30)
	at java.base/java.lang.Thread.run(Thread.java:832)
02:15:31.098 [AsyncHttpClient-1-9] DEBUG org.asynchttpclient.netty.channel.ChannelManager - Closing Channel [id: 0x2d1bfaf1, L:/127.0.0.1:50862 - R:localhost/127.0.0.1:50855] 
02:15:31.098 [AsyncHttpClient-1-9] DEBUG org.asynchttpclient.netty.handler.HttpHandler - Channel Closed: [id: 0x2d1bfaf1, L:/127.0.0.1:50862 ! R:localhost/127.0.0.1:50855] with attribute DISCARD
02:15:31.111 [AsyncHttpClient-1-8] DEBUG org.asynchttpclient.netty.handler.HttpHandler - 

Request DefaultFullHttpRequest(decodeResult: success, version: HTTP/1.1, content: EmptyByteBufBE)
DELETE /session/bb44736b667a5010e82d83e9fac738cb HTTP/1.1
User-Agent: selenium/4.8.1 (java windows)
Content-Type: application/json; charset=utf-8
host: localhost:22720
accept: */*

Response DefaultHttpResponse(decodeResult: success, version: HTTP/1.1)
HTTP/1.1 200 OK
Content-Length: 14
Content-Type: application/json; charset=utf-8
cache-control: no-cache

02:15:31.111 [AsyncHttpClient-1-8] DEBUG org.asynchttpclient.netty.channel.ChannelManager - Adding key: http://localhost:22720 for channel [id: 0xedebb837, L:/127.0.0.1:50854 - R:localhost/127.0.0.1:22720]
02:15:31.257 [AsyncHttpClient-1-8] DEBUG org.asynchttpclient.netty.handler.HttpHandler - Channel Closed: [id: 0xedebb837, L:/127.0.0.1:50854 ! R:localhost/127.0.0.1:22720] with attribute DISCARD
02:15:31.559 [AsyncHttpClient-1-1] DEBUG org.asynchttpclient.netty.channel.DefaultChannelPool - Entry count for : http://localhost:50855 : 1
02:15:31.559 [AsyncHttpClient-1-1] DEBUG org.asynchttpclient.netty.channel.DefaultChannelPool - Entry count for : http://localhost:22720 : 1
02:15:31.559 [AsyncHttpClient-1-1] DEBUG org.asynchttpclient.netty.channel.DefaultChannelPool - Adding Candidate expired Channel [id: 0x2d1bfaf1, L:/127.0.0.1:50862 ! R:localhost/127.0.0.1:50855] isIdleTimeoutExpired=false isRemotelyClosed=true isTtlExpired=false
02:15:31.559 [AsyncHttpClient-1-1] DEBUG org.asynchttpclient.netty.channel.DefaultChannelPool - Closing Idle Channel [id: 0x2d1bfaf1, L:/127.0.0.1:50862 ! R:localhost/127.0.0.1:50855]
02:15:31.559 [AsyncHttpClient-1-1] DEBUG org.asynchttpclient.netty.channel.DefaultChannelPool - Adding Candidate expired Channel [id: 0xedebb837, L:/127.0.0.1:50854 ! R:localhost/127.0.0.1:22720] isIdleTimeoutExpired=false isRemotelyClosed=true isTtlExpired=false
02:15:31.559 [AsyncHttpClient-1-1] DEBUG org.asynchttpclient.netty.channel.DefaultChannelPool - Closing Idle Channel [id: 0xedebb837, L:/127.0.0.1:50854 ! R:localhost/127.0.0.1:22720]
02:15:31.559 [AsyncHttpClient-1-1] DEBUG org.asynchttpclient.netty.channel.DefaultChannelPool - Closed 2 connections out of 2 in 0 ms
]]></system-out>
    <system-err><![CDATA[Starting ChromeDriver 111.0.5563.64 (c710e93d5b63b7095afe8c2c17df34408078439d-refs/branch-heads/5563@{#995}) on port 22720
Only local connections are allowed.
Please see https://chromedriver.chromium.org/security-considerations for suggestions on keeping ChromeDriver safe.
ChromeDriver was started successfully.
[1680894916.646][WARNING]: This version of ChromeDriver has not been tested with Chrome version 112.
Apr 08, 2023 2:15:16 AM org.openqa.selenium.devtools.CdpVersionFinder findNearestMatch
WARNING: Unable to find an exact match for CDP version 112, so returning the closest version found: 110
]]></system-err>
  </testcase>
  <testcase name="Input correct nomor meter and correct nomor handphone" classname="Select Product ListrikPLN" time="8.705">
    <system-out><![CDATA[02:15:31.784 [main] DEBUG io.cucumber.core.plugin.SerenityReporter - Running feature from file:///C:/Users/WINDOWS%2010/Documents/GitHub/QE_Andira_Ms/11_Web_Programming_&_Testing/Praktikum/Testing_with_Serenity/Prioritas2/alta/src/test/resources/features/SelectProduct.feature
02:15:31.787 [main] DEBUG net.thucydides.core.steps.StepEventBus - Test suite started for story net.thucydides.core.model.Story@d891cf10
02:15:31.788 [main] INFO  - Test Suite Started: Select Product ListrikPLN

Scenario: Input correct nomor meter and correct nomor handphone &amp#27;[90m# src/test/resources/features/SelectProduct.feature:3&amp#27;[0m
02:15:31.793 [main] DEBUG io.cucumber.core.plugin.SerenityReporter - Running feature from file:///C:/Users/WINDOWS%2010/Documents/GitHub/QE_Andira_Ms/11_Web_Programming_&_Testing/Praktikum/Testing_with_Serenity/Prioritas2/alta/src/test/resources/features/SelectProduct.feature
02:15:31.796 [main] INFO  - 
  _____   ___   ___   _____     ___   _____     _     ___   _____   ___   ___  
 |_   _| | __| / __| |_   _|   / __| |_   _|   /_\   | _ \ |_   _| | __| |   \ 
   | |   | _|  \__ \   | |     \__ \   | |    / _ \  |   /   | |   | _|  | |) |
   |_|   |___| |___/   |_|     |___/   |_|   /_/ \_\ |_|_\   |_|   |___| |___/ 

Input correct nomor meter and correct nomor handphone(select-product-listrikpln;input-correct-nomor-meter-and-correct-nomor-handphone)
--------------------------------------------------------------------------------
02:15:31.824 [main] DEBUG net.thucydides.core.steps.StepInterceptor - STARTING STEP: SelectProductSteps.onTheHomePage - openPage
02:15:31.856 [main] INFO net.serenitybdd.core.webdriver.driverproviders.ChromeDriverProvider - Starting Chrome driver instance with capabilities:
02:15:31.856 [main] INFO net.serenitybdd.core.webdriver.driverproviders.ChromeDriverProvider - Capabilities {acceptInsecureCerts: false, browserName: chrome, goog:chromeOptions: {args: [remote-allow-origins=*], extensions: []}}
02:15:31.931 [AsyncHttpClient-1-11] DEBUG org.asynchttpclient.netty.channel.NettyConnectListener - Using new Channel '[id: 0x3f653ee4, L:/127.0.0.1:50921 - R:localhost/127.0.0.1:4336]' for 'POST' to '/session'
02:15:32.463 [AsyncHttpClient-1-11] DEBUG org.asynchttpclient.netty.handler.HttpHandler - 

Request DefaultHttpRequest(decodeResult: success, version: HTTP/1.1)
POST /session HTTP/1.1
User-Agent: selenium/4.8.1 (java windows)
Content-Length: 507
Content-Type: application/json; charset=utf-8
host: localhost:4336
accept: */*

Response DefaultHttpResponse(decodeResult: success, version: HTTP/1.1)
HTTP/1.1 200 OK
Content-Length: 860
Content-Type: application/json; charset=utf-8
cache-control: no-cache

02:15:32.463 [AsyncHttpClient-1-11] DEBUG org.asynchttpclient.netty.channel.ChannelManager - Adding key: http://localhost:4336 for channel [id: 0x3f653ee4, L:/127.0.0.1:50921 - R:localhost/127.0.0.1:4336]
02:15:32.468 [AsyncHttpClient-1-12] DEBUG org.asynchttpclient.netty.channel.NettyConnectListener - Using new Channel '[id: 0xe47468cb, L:/127.0.0.1:50932 - R:localhost/127.0.0.1:50923]' for 'GET' to '/json/version'
02:15:32.470 [AsyncHttpClient-1-12] DEBUG org.asynchttpclient.netty.handler.HttpHandler - 

Request DefaultFullHttpRequest(decodeResult: success, version: HTTP/1.1, content: EmptyByteBufBE)
GET /json/version HTTP/1.1
User-Agent: selenium/4.8.1 (java windows)
host: localhost:50923
accept: */*

Response DefaultHttpResponse(decodeResult: success, version: HTTP/1.1)
HTTP/1.1 200 OK
Content-Security-Policy: frame-ancestors 'none'
Content-Length: 422
Content-Type: application/json; charset=UTF-8

02:15:32.470 [AsyncHttpClient-1-12] DEBUG org.asynchttpclient.netty.channel.ChannelManager - Adding key: http://localhost:50923 for channel [id: 0xe47468cb, L:/127.0.0.1:50932 - R:localhost/127.0.0.1:50923]
02:15:32.472 [AsyncHttpClient-1-13] DEBUG org.asynchttpclient.netty.channel.NettyConnectListener - Using new Channel '[id: 0xd805f838, L:/127.0.0.1:50933 - R:localhost/127.0.0.1:50923]' for 'GET' to '/devtools/browser/627a1411-a3f0-49bd-943a-ecd218f120b9'
02:15:32.473 [AsyncHttpClient-1-13] DEBUG org.asynchttpclient.netty.handler.WebSocketHandler - 

Request DefaultFullHttpRequest(decodeResult: success, version: HTTP/1.1, content: EmptyByteBufBE)
GET /devtools/browser/627a1411-a3f0-49bd-943a-ecd218f120b9 HTTP/1.1
upgrade: websocket
connection: upgrade
sec-websocket-key: Ac0Csw/fEw0vEYwwJTKkNg==
sec-websocket-version: 13
origin: http://localhost:50923
host: localhost:50923
accept: */*
user-agent: AHC/2.1

Response DefaultHttpResponse(decodeResult: success, version: HTTP/1.1)
HTTP/1.1 101 WebSocket Protocol Handshake
Upgrade: WebSocket
Connection: Upgrade
Sec-WebSocket-Accept: IEqjW7z9lWU5faPpBMqgblw1K5o=

02:15:32.476 [Forwarding get on session afbb3dd1ca644c9a2cea7e25c11e5d71 to remote] DEBUG org.asynchttpclient.netty.request.NettyRequestSender - Using pooled Channel '[id: 0x3f653ee4, L:/127.0.0.1:50921 - R:localhost/127.0.0.1:4336]' for 'POST' to 'http://localhost:4336/session/afbb3dd1ca644c9a2cea7e25c11e5d71/url'
02:15:32.476 [Forwarding get on session afbb3dd1ca644c9a2cea7e25c11e5d71 to remote] DEBUG org.asynchttpclient.netty.request.NettyRequestSender - Using open Channel [id: 0x3f653ee4, L:/127.0.0.1:50921 - R:localhost/127.0.0.1:4336] for POST '/session/afbb3dd1ca644c9a2cea7e25c11e5d71/url'
02:15:32.654 [AsyncHttpClient-1-1] DEBUG org.asynchttpclient.netty.channel.DefaultChannelPool - Entry count for : http://localhost:50923 : 1
02:15:33.751 [AsyncHttpClient-1-1] DEBUG org.asynchttpclient.netty.channel.DefaultChannelPool - Entry count for : http://localhost:50923 : 1
02:15:34.848 [AsyncHttpClient-1-1] DEBUG org.asynchttpclient.netty.channel.DefaultChannelPool - Entry count for : http://localhost:50923 : 1
02:15:35.960 [AsyncHttpClient-1-1] DEBUG org.asynchttpclient.netty.channel.DefaultChannelPool - Entry count for : http://localhost:50923 : 1
02:15:36.119 [AsyncHttpClient-1-11] DEBUG org.asynchttpclient.netty.handler.HttpHandler - 

Request DefaultHttpRequest(decodeResult: success, version: HTTP/1.1)
POST /session/afbb3dd1ca644c9a2cea7e25c11e5d71/url HTTP/1.1
User-Agent: selenium/4.8.1 (java windows)
Content-Length: 54
Content-Type: application/json; charset=utf-8
host: localhost:4336
accept: */*

Response DefaultHttpResponse(decodeResult: success, version: HTTP/1.1)
HTTP/1.1 200 OK
Content-Length: 14
Content-Type: application/json; charset=utf-8
cache-control: no-cache

02:15:36.119 [AsyncHttpClient-1-11] DEBUG org.asynchttpclient.netty.channel.ChannelManager - Adding key: http://localhost:4336 for channel [id: 0x3f653ee4, L:/127.0.0.1:50921 - R:localhost/127.0.0.1:4336]
02:15:36.120 [Forwarding setTimeout on session afbb3dd1ca644c9a2cea7e25c11e5d71 to remote] DEBUG org.asynchttpclient.netty.request.NettyRequestSender - Using pooled Channel '[id: 0x3f653ee4, L:/127.0.0.1:50921 - R:localhost/127.0.0.1:4336]' for 'POST' to 'http://localhost:4336/session/afbb3dd1ca644c9a2cea7e25c11e5d71/timeouts'
02:15:36.121 [Forwarding setTimeout on session afbb3dd1ca644c9a2cea7e25c11e5d71 to remote] DEBUG org.asynchttpclient.netty.request.NettyRequestSender - Using open Channel [id: 0x3f653ee4, L:/127.0.0.1:50921 - R:localhost/127.0.0.1:4336] for POST '/session/afbb3dd1ca644c9a2cea7e25c11e5d71/timeouts'
02:15:36.121 [AsyncHttpClient-1-11] DEBUG org.asynchttpclient.netty.handler.HttpHandler - 

Request DefaultHttpRequest(decodeResult: success, version: HTTP/1.1)
POST /session/afbb3dd1ca644c9a2cea7e25c11e5d71/timeouts HTTP/1.1
User-Agent: selenium/4.8.1 (java windows)
Content-Length: 22
Content-Type: application/json; charset=utf-8
host: localhost:4336
accept: */*

Response DefaultHttpResponse(decodeResult: success, version: HTTP/1.1)
HTTP/1.1 200 OK
Content-Length: 14
Content-Type: application/json; charset=utf-8
cache-control: no-cache

02:15:36.121 [AsyncHttpClient-1-11] DEBUG org.asynchttpclient.netty.channel.ChannelManager - Adding key: http://localhost:4336 for channel [id: 0x3f653ee4, L:/127.0.0.1:50921 - R:localhost/127.0.0.1:4336]
02:15:36.124 [main] DEBUG net.serenitybdd.core.photography.Darkroom - Opening darkroom
02:15:36.125 [Darkroom Processing Line] DEBUG net.serenitybdd.core.photography.DarkroomProcessingLine - Darkroom processing line starting up
02:15:36.125 [Forwarding getAlertText on session afbb3dd1ca644c9a2cea7e25c11e5d71 to remote] DEBUG org.asynchttpclient.netty.request.NettyRequestSender - Using pooled Channel '[id: 0x3f653ee4, L:/127.0.0.1:50921 - R:localhost/127.0.0.1:4336]' for 'GET' to 'http://localhost:4336/session/afbb3dd1ca644c9a2cea7e25c11e5d71/alert/text'
02:15:36.125 [Forwarding getAlertText on session afbb3dd1ca644c9a2cea7e25c11e5d71 to remote] DEBUG org.asynchttpclient.netty.request.NettyRequestSender - Using open Channel [id: 0x3f653ee4, L:/127.0.0.1:50921 - R:localhost/127.0.0.1:4336] for GET '/session/afbb3dd1ca644c9a2cea7e25c11e5d71/alert/text'
02:15:36.127 [AsyncHttpClient-1-11] DEBUG org.asynchttpclient.netty.handler.HttpHandler - 

Request DefaultFullHttpRequest(decodeResult: success, version: HTTP/1.1, content: EmptyByteBufBE)
GET /session/afbb3dd1ca644c9a2cea7e25c11e5d71/alert/text HTTP/1.1
User-Agent: selenium/4.8.1 (java windows)
Cache-Control: no-cache
Content-Type: application/json; charset=utf-8
host: localhost:4336
accept: */*

Response DefaultHttpResponse(decodeResult: success, version: HTTP/1.1)
HTTP/1.1 404 Not Found
Content-Length: 835
Content-Type: application/json; charset=utf-8
cache-control: no-cache

02:15:36.127 [AsyncHttpClient-1-11] DEBUG org.asynchttpclient.netty.channel.ChannelManager - Adding key: http://localhost:4336 for channel [id: 0x3f653ee4, L:/127.0.0.1:50921 - R:localhost/127.0.0.1:4336]
02:15:36.128 [Forwarding getCurrentUrl on session afbb3dd1ca644c9a2cea7e25c11e5d71 to remote] DEBUG org.asynchttpclient.netty.request.NettyRequestSender - Using pooled Channel '[id: 0x3f653ee4, L:/127.0.0.1:50921 - R:localhost/127.0.0.1:4336]' for 'GET' to 'http://localhost:4336/session/afbb3dd1ca644c9a2cea7e25c11e5d71/url'
02:15:36.128 [Forwarding getCurrentUrl on session afbb3dd1ca644c9a2cea7e25c11e5d71 to remote] DEBUG org.asynchttpclient.netty.request.NettyRequestSender - Using open Channel [id: 0x3f653ee4, L:/127.0.0.1:50921 - R:localhost/127.0.0.1:4336] for GET '/session/afbb3dd1ca644c9a2cea7e25c11e5d71/url'
02:15:36.131 [AsyncHttpClient-1-11] DEBUG org.asynchttpclient.netty.handler.HttpHandler - 

Request DefaultFullHttpRequest(decodeResult: success, version: HTTP/1.1, content: EmptyByteBufBE)
GET /session/afbb3dd1ca644c9a2cea7e25c11e5d71/url HTTP/1.1
User-Agent: selenium/4.8.1 (java windows)
Cache-Control: no-cache
Content-Type: application/json; charset=utf-8
host: localhost:4336
accept: */*

Response DefaultHttpResponse(decodeResult: success, version: HTTP/1.1)
HTTP/1.1 200 OK
Content-Length: 36
Content-Type: application/json; charset=utf-8
cache-control: no-cache

02:15:36.131 [AsyncHttpClient-1-11] DEBUG org.asynchttpclient.netty.channel.ChannelManager - Adding key: http://localhost:4336 for channel [id: 0x3f653ee4, L:/127.0.0.1:50921 - R:localhost/127.0.0.1:4336]
02:15:36.132 [Forwarding screenshot on session afbb3dd1ca644c9a2cea7e25c11e5d71 to remote] DEBUG org.asynchttpclient.netty.request.NettyRequestSender - Using pooled Channel '[id: 0x3f653ee4, L:/127.0.0.1:50921 - R:localhost/127.0.0.1:4336]' for 'GET' to 'http://localhost:4336/session/afbb3dd1ca644c9a2cea7e25c11e5d71/screenshot'
02:15:36.132 [Forwarding screenshot on session afbb3dd1ca644c9a2cea7e25c11e5d71 to remote] DEBUG org.asynchttpclient.netty.request.NettyRequestSender - Using open Channel [id: 0x3f653ee4, L:/127.0.0.1:50921 - R:localhost/127.0.0.1:4336] for GET '/session/afbb3dd1ca644c9a2cea7e25c11e5d71/screenshot'
02:15:36.293 [AsyncHttpClient-1-11] DEBUG org.asynchttpclient.netty.handler.HttpHandler - 

Request DefaultFullHttpRequest(decodeResult: success, version: HTTP/1.1, content: EmptyByteBufBE)
GET /session/afbb3dd1ca644c9a2cea7e25c11e5d71/screenshot HTTP/1.1
User-Agent: selenium/4.8.1 (java windows)
Cache-Control: no-cache
Content-Type: application/json; charset=utf-8
host: localhost:4336
accept: */*

Response DefaultHttpResponse(decodeResult: success, version: HTTP/1.1)
HTTP/1.1 200 OK
Content-Length: 527468
Content-Type: application/json; charset=utf-8
cache-control: no-cache

02:15:36.294 [AsyncHttpClient-1-11] DEBUG org.asynchttpclient.netty.channel.ChannelManager - Adding key: http://localhost:4336 for channel [id: 0x3f653ee4, L:/127.0.0.1:50921 - R:localhost/127.0.0.1:4336]
02:15:36.301 [main] DEBUG net.serenitybdd.core.photography.Darkroom - Send negative for processing for target\site\serenity\b33df01541b5b19264f32bba79ed319e8f9492d619030d4e88c940b717e50670.png
02:15:36.301 [main] DEBUG net.thucydides.core.steps.StepInterceptor - STEP DONE: openPage
  &amp#27;[32mGiven &amp#27;[0m&amp#27;[32mI am on the home page&amp#27;[0m                                   &amp#27;[90m# starter.stepdefintions.SelectProductSteps.onTheHomePage()&amp#27;[0m
02:15:36.307 [Forwarding getPageSource on session afbb3dd1ca644c9a2cea7e25c11e5d71 to remote] DEBUG org.asynchttpclient.netty.request.NettyRequestSender - Using pooled Channel '[id: 0x3f653ee4, L:/127.0.0.1:50921 - R:localhost/127.0.0.1:4336]' for 'POST' to 'http://localhost:4336/session/afbb3dd1ca644c9a2cea7e25c11e5d71/execute/sync'
02:15:36.307 [Forwarding getPageSource on session afbb3dd1ca644c9a2cea7e25c11e5d71 to remote] DEBUG org.asynchttpclient.netty.request.NettyRequestSender - Using open Channel [id: 0x3f653ee4, L:/127.0.0.1:50921 - R:localhost/127.0.0.1:4336] for POST '/session/afbb3dd1ca644c9a2cea7e25c11e5d71/execute/sync'
02:15:36.320 [AsyncHttpClient-1-11] DEBUG org.asynchttpclient.netty.handler.HttpHandler - 

Request DefaultHttpRequest(decodeResult: success, version: HTTP/1.1)
POST /session/afbb3dd1ca644c9a2cea7e25c11e5d71/execute/sync HTTP/1.1
User-Agent: selenium/4.8.1 (java windows)
Content-Length: 176
Content-Type: application/json; charset=utf-8
host: localhost:4336
accept: */*

Response DefaultHttpResponse(decodeResult: success, version: HTTP/1.1)
HTTP/1.1 200 OK
Content-Length: 182088
Content-Type: application/json; charset=utf-8
cache-control: no-cache

02:15:36.320 [AsyncHttpClient-1-11] DEBUG org.asynchttpclient.netty.channel.ChannelManager - Adding key: http://localhost:4336 for channel [id: 0x3f653ee4, L:/127.0.0.1:50921 - R:localhost/127.0.0.1:4336]
02:15:36.328 [Forwarding getCurrentUrl on session afbb3dd1ca644c9a2cea7e25c11e5d71 to remote] DEBUG org.asynchttpclient.netty.request.NettyRequestSender - Using pooled Channel '[id: 0x3f653ee4, L:/127.0.0.1:50921 - R:localhost/127.0.0.1:4336]' for 'GET' to 'http://localhost:4336/session/afbb3dd1ca644c9a2cea7e25c11e5d71/url'
02:15:36.328 [Forwarding getCurrentUrl on session afbb3dd1ca644c9a2cea7e25c11e5d71 to remote] DEBUG org.asynchttpclient.netty.request.NettyRequestSender - Using open Channel [id: 0x3f653ee4, L:/127.0.0.1:50921 - R:localhost/127.0.0.1:4336] for GET '/session/afbb3dd1ca644c9a2cea7e25c11e5d71/url'
02:15:36.331 [AsyncHttpClient-1-11] DEBUG org.asynchttpclient.netty.handler.HttpHandler - 

Request DefaultFullHttpRequest(decodeResult: success, version: HTTP/1.1, content: EmptyByteBufBE)
GET /session/afbb3dd1ca644c9a2cea7e25c11e5d71/url HTTP/1.1
User-Agent: selenium/4.8.1 (java windows)
Cache-Control: no-cache
Content-Type: application/json; charset=utf-8
host: localhost:4336
accept: */*

Response DefaultHttpResponse(decodeResult: success, version: HTTP/1.1)
HTTP/1.1 200 OK
Content-Length: 36
Content-Type: application/json; charset=utf-8
cache-control: no-cache

02:15:36.331 [AsyncHttpClient-1-11] DEBUG org.asynchttpclient.netty.channel.ChannelManager - Adding key: http://localhost:4336 for channel [id: 0x3f653ee4, L:/127.0.0.1:50921 - R:localhost/127.0.0.1:4336]
02:15:36.337 [Forwarding getPageSource on session afbb3dd1ca644c9a2cea7e25c11e5d71 to remote] DEBUG org.asynchttpclient.netty.request.NettyRequestSender - Using pooled Channel '[id: 0x3f653ee4, L:/127.0.0.1:50921 - R:localhost/127.0.0.1:4336]' for 'POST' to 'http://localhost:4336/session/afbb3dd1ca644c9a2cea7e25c11e5d71/execute/sync'
02:15:36.337 [Forwarding getPageSource on session afbb3dd1ca644c9a2cea7e25c11e5d71 to remote] DEBUG org.asynchttpclient.netty.request.NettyRequestSender - Using open Channel [id: 0x3f653ee4, L:/127.0.0.1:50921 - R:localhost/127.0.0.1:4336] for POST '/session/afbb3dd1ca644c9a2cea7e25c11e5d71/execute/sync'
02:15:36.348 [AsyncHttpClient-1-11] DEBUG org.asynchttpclient.netty.handler.HttpHandler - 

Request DefaultHttpRequest(decodeResult: success, version: HTTP/1.1)
POST /session/afbb3dd1ca644c9a2cea7e25c11e5d71/execute/sync HTTP/1.1
User-Agent: selenium/4.8.1 (java windows)
Content-Length: 176
Content-Type: application/json; charset=utf-8
host: localhost:4336
accept: */*

Response DefaultHttpResponse(decodeResult: success, version: HTTP/1.1)
HTTP/1.1 200 OK
Content-Length: 182088
Content-Type: application/json; charset=utf-8
cache-control: no-cache

02:15:36.349 [AsyncHttpClient-1-11] DEBUG org.asynchttpclient.netty.channel.ChannelManager - Adding key: http://localhost:4336 for channel [id: 0x3f653ee4, L:/127.0.0.1:50921 - R:localhost/127.0.0.1:4336]
02:15:36.357 [Forwarding getCurrentUrl on session afbb3dd1ca644c9a2cea7e25c11e5d71 to remote] DEBUG org.asynchttpclient.netty.request.NettyRequestSender - Using pooled Channel '[id: 0x3f653ee4, L:/127.0.0.1:50921 - R:localhost/127.0.0.1:4336]' for 'GET' to 'http://localhost:4336/session/afbb3dd1ca644c9a2cea7e25c11e5d71/url'
02:15:36.357 [Forwarding getCurrentUrl on session afbb3dd1ca644c9a2cea7e25c11e5d71 to remote] DEBUG org.asynchttpclient.netty.request.NettyRequestSender - Using open Channel [id: 0x3f653ee4, L:/127.0.0.1:50921 - R:localhost/127.0.0.1:4336] for GET '/session/afbb3dd1ca644c9a2cea7e25c11e5d71/url'
02:15:36.360 [AsyncHttpClient-1-11] DEBUG org.asynchttpclient.netty.handler.HttpHandler - 

Request DefaultFullHttpRequest(decodeResult: success, version: HTTP/1.1, content: EmptyByteBufBE)
GET /session/afbb3dd1ca644c9a2cea7e25c11e5d71/url HTTP/1.1
User-Agent: selenium/4.8.1 (java windows)
Cache-Control: no-cache
Content-Type: application/json; charset=utf-8
host: localhost:4336
accept: */*

Response DefaultHttpResponse(decodeResult: success, version: HTTP/1.1)
HTTP/1.1 200 OK
Content-Length: 36
Content-Type: application/json; charset=utf-8
cache-control: no-cache

02:15:36.360 [AsyncHttpClient-1-11] DEBUG org.asynchttpclient.netty.channel.ChannelManager - Adding key: http://localhost:4336 for channel [id: 0x3f653ee4, L:/127.0.0.1:50921 - R:localhost/127.0.0.1:4336]
02:15:36.362 [main] DEBUG net.thucydides.core.steps.StepInterceptor - STARTING STEP: SelectProductSteps.clickListrikPLN - clickProductItem
02:15:36.363 [Forwarding findElement on session afbb3dd1ca644c9a2cea7e25c11e5d71 to remote] DEBUG org.asynchttpclient.netty.request.NettyRequestSender - Using pooled Channel '[id: 0x3f653ee4, L:/127.0.0.1:50921 - R:localhost/127.0.0.1:4336]' for 'POST' to 'http://localhost:4336/session/afbb3dd1ca644c9a2cea7e25c11e5d71/element'
02:15:36.363 [Forwarding findElement on session afbb3dd1ca644c9a2cea7e25c11e5d71 to remote] DEBUG org.asynchttpclient.netty.request.NettyRequestSender - Using open Channel [id: 0x3f653ee4, L:/127.0.0.1:50921 - R:localhost/127.0.0.1:4336] for POST '/session/afbb3dd1ca644c9a2cea7e25c11e5d71/element'
02:15:36.372 [AsyncHttpClient-1-11] DEBUG org.asynchttpclient.netty.handler.HttpHandler - 

Request DefaultHttpRequest(decodeResult: success, version: HTTP/1.1)
POST /session/afbb3dd1ca644c9a2cea7e25c11e5d71/element HTTP/1.1
User-Agent: selenium/4.8.1 (java windows)
Content-Length: 59
Content-Type: application/json; charset=utf-8
host: localhost:4336
accept: */*

Response DefaultHttpResponse(decodeResult: success, version: HTTP/1.1)
HTTP/1.1 200 OK
Content-Length: 88
Content-Type: application/json; charset=utf-8
cache-control: no-cache

02:15:36.372 [AsyncHttpClient-1-11] DEBUG org.asynchttpclient.netty.channel.ChannelManager - Adding key: http://localhost:4336 for channel [id: 0x3f653ee4, L:/127.0.0.1:50921 - R:localhost/127.0.0.1:4336]
02:15:36.373 [Forwarding getElementTagName on session afbb3dd1ca644c9a2cea7e25c11e5d71 to remote] DEBUG org.asynchttpclient.netty.request.NettyRequestSender - Using pooled Channel '[id: 0x3f653ee4, L:/127.0.0.1:50921 - R:localhost/127.0.0.1:4336]' for 'GET' to 'http://localhost:4336/session/afbb3dd1ca644c9a2cea7e25c11e5d71/element/9c19de08-8094-4813-b5b8-5b5c70308797/name'
02:15:36.373 [Forwarding getElementTagName on session afbb3dd1ca644c9a2cea7e25c11e5d71 to remote] DEBUG org.asynchttpclient.netty.request.NettyRequestSender - Using open Channel [id: 0x3f653ee4, L:/127.0.0.1:50921 - R:localhost/127.0.0.1:4336] for GET '/session/afbb3dd1ca644c9a2cea7e25c11e5d71/element/9c19de08-8094-4813-b5b8-5b5c70308797/name'
02:15:36.376 [AsyncHttpClient-1-11] DEBUG org.asynchttpclient.netty.handler.HttpHandler - 

Request DefaultFullHttpRequest(decodeResult: success, version: HTTP/1.1, content: EmptyByteBufBE)
GET /session/afbb3dd1ca644c9a2cea7e25c11e5d71/element/9c19de08-8094-4813-b5b8-5b5c70308797/name HTTP/1.1
User-Agent: selenium/4.8.1 (java windows)
Cache-Control: no-cache
Content-Type: application/json; charset=utf-8
host: localhost:4336
accept: */*

Response DefaultHttpResponse(decodeResult: success, version: HTTP/1.1)
HTTP/1.1 200 OK
Content-Length: 15
Content-Type: application/json; charset=utf-8
cache-control: no-cache

02:15:36.376 [AsyncHttpClient-1-11] DEBUG org.asynchttpclient.netty.channel.ChannelManager - Adding key: http://localhost:4336 for channel [id: 0x3f653ee4, L:/127.0.0.1:50921 - R:localhost/127.0.0.1:4336]
02:15:36.376 [Forwarding getElementTagName on session afbb3dd1ca644c9a2cea7e25c11e5d71 to remote] DEBUG org.asynchttpclient.netty.request.NettyRequestSender - Using pooled Channel '[id: 0x3f653ee4, L:/127.0.0.1:50921 - R:localhost/127.0.0.1:4336]' for 'GET' to 'http://localhost:4336/session/afbb3dd1ca644c9a2cea7e25c11e5d71/element/9c19de08-8094-4813-b5b8-5b5c70308797/name'
02:15:36.376 [Forwarding getElementTagName on session afbb3dd1ca644c9a2cea7e25c11e5d71 to remote] DEBUG org.asynchttpclient.netty.request.NettyRequestSender - Using open Channel [id: 0x3f653ee4, L:/127.0.0.1:50921 - R:localhost/127.0.0.1:4336] for GET '/session/afbb3dd1ca644c9a2cea7e25c11e5d71/element/9c19de08-8094-4813-b5b8-5b5c70308797/name'
02:15:36.379 [AsyncHttpClient-1-11] DEBUG org.asynchttpclient.netty.handler.HttpHandler - 

Request DefaultFullHttpRequest(decodeResult: success, version: HTTP/1.1, content: EmptyByteBufBE)
GET /session/afbb3dd1ca644c9a2cea7e25c11e5d71/element/9c19de08-8094-4813-b5b8-5b5c70308797/name HTTP/1.1
User-Agent: selenium/4.8.1 (java windows)
Cache-Control: no-cache
Content-Type: application/json; charset=utf-8
host: localhost:4336
accept: */*

Response DefaultHttpResponse(decodeResult: success, version: HTTP/1.1)
HTTP/1.1 200 OK
Content-Length: 15
Content-Type: application/json; charset=utf-8
cache-control: no-cache

02:15:36.379 [AsyncHttpClient-1-11] DEBUG org.asynchttpclient.netty.channel.ChannelManager - Adding key: http://localhost:4336 for channel [id: 0x3f653ee4, L:/127.0.0.1:50921 - R:localhost/127.0.0.1:4336]
02:15:36.380 [Forwarding findElement on session afbb3dd1ca644c9a2cea7e25c11e5d71 to remote] DEBUG org.asynchttpclient.netty.request.NettyRequestSender - Using pooled Channel '[id: 0x3f653ee4, L:/127.0.0.1:50921 - R:localhost/127.0.0.1:4336]' for 'POST' to 'http://localhost:4336/session/afbb3dd1ca644c9a2cea7e25c11e5d71/element'
02:15:36.380 [Forwarding findElement on session afbb3dd1ca644c9a2cea7e25c11e5d71 to remote] DEBUG org.asynchttpclient.netty.request.NettyRequestSender - Using open Channel [id: 0x3f653ee4, L:/127.0.0.1:50921 - R:localhost/127.0.0.1:4336] for POST '/session/afbb3dd1ca644c9a2cea7e25c11e5d71/element'
02:15:36.385 [AsyncHttpClient-1-11] DEBUG org.asynchttpclient.netty.handler.HttpHandler - 

Request DefaultHttpRequest(decodeResult: success, version: HTTP/1.1)
POST /session/afbb3dd1ca644c9a2cea7e25c11e5d71/element HTTP/1.1
User-Agent: selenium/4.8.1 (java windows)
Content-Length: 59
Content-Type: application/json; charset=utf-8
host: localhost:4336
accept: */*

Response DefaultHttpResponse(decodeResult: success, version: HTTP/1.1)
HTTP/1.1 200 OK
Content-Length: 88
Content-Type: application/json; charset=utf-8
cache-control: no-cache

02:15:36.385 [AsyncHttpClient-1-11] DEBUG org.asynchttpclient.netty.channel.ChannelManager - Adding key: http://localhost:4336 for channel [id: 0x3f653ee4, L:/127.0.0.1:50921 - R:localhost/127.0.0.1:4336]
02:15:36.386 [Forwarding clickElement on session afbb3dd1ca644c9a2cea7e25c11e5d71 to remote] DEBUG org.asynchttpclient.netty.request.NettyRequestSender - Using pooled Channel '[id: 0x3f653ee4, L:/127.0.0.1:50921 - R:localhost/127.0.0.1:4336]' for 'POST' to 'http://localhost:4336/session/afbb3dd1ca644c9a2cea7e25c11e5d71/element/9c19de08-8094-4813-b5b8-5b5c70308797/click'
02:15:36.386 [Forwarding clickElement on session afbb3dd1ca644c9a2cea7e25c11e5d71 to remote] DEBUG org.asynchttpclient.netty.request.NettyRequestSender - Using open Channel [id: 0x3f653ee4, L:/127.0.0.1:50921 - R:localhost/127.0.0.1:4336] for POST '/session/afbb3dd1ca644c9a2cea7e25c11e5d71/element/9c19de08-8094-4813-b5b8-5b5c70308797/click'
02:15:37.050 [AsyncHttpClient-1-1] DEBUG org.asynchttpclient.netty.channel.DefaultChannelPool - Entry count for : http://localhost:50923 : 1
02:15:37.432 [AsyncHttpClient-1-11] DEBUG org.asynchttpclient.netty.handler.HttpHandler - 

Request DefaultHttpRequest(decodeResult: success, version: HTTP/1.1)
POST /session/afbb3dd1ca644c9a2cea7e25c11e5d71/element/9c19de08-8094-4813-b5b8-5b5c70308797/click HTTP/1.1
User-Agent: selenium/4.8.1 (java windows)
Content-Length: 50
Content-Type: application/json; charset=utf-8
host: localhost:4336
accept: */*

Response DefaultHttpResponse(decodeResult: success, version: HTTP/1.1)
HTTP/1.1 400 Bad Request
Content-Length: 1283
Content-Type: application/json; charset=utf-8
cache-control: no-cache

02:15:37.433 [AsyncHttpClient-1-11] DEBUG org.asynchttpclient.netty.channel.ChannelManager - Adding key: http://localhost:4336 for channel [id: 0x3f653ee4, L:/127.0.0.1:50921 - R:localhost/127.0.0.1:4336]
02:15:37.698 [Forwarding clickElement on session afbb3dd1ca644c9a2cea7e25c11e5d71 to remote] DEBUG org.asynchttpclient.netty.request.NettyRequestSender - Using pooled Channel '[id: 0x3f653ee4, L:/127.0.0.1:50921 - R:localhost/127.0.0.1:4336]' for 'POST' to 'http://localhost:4336/session/afbb3dd1ca644c9a2cea7e25c11e5d71/element/9c19de08-8094-4813-b5b8-5b5c70308797/click'
02:15:37.698 [Forwarding clickElement on session afbb3dd1ca644c9a2cea7e25c11e5d71 to remote] DEBUG org.asynchttpclient.netty.request.NettyRequestSender - Using open Channel [id: 0x3f653ee4, L:/127.0.0.1:50921 - R:localhost/127.0.0.1:4336] for POST '/session/afbb3dd1ca644c9a2cea7e25c11e5d71/element/9c19de08-8094-4813-b5b8-5b5c70308797/click'
02:15:38.101 [AsyncHttpClient-1-11] DEBUG org.asynchttpclient.netty.handler.HttpHandler - 

Request DefaultHttpRequest(decodeResult: success, version: HTTP/1.1)
POST /session/afbb3dd1ca644c9a2cea7e25c11e5d71/element/9c19de08-8094-4813-b5b8-5b5c70308797/click HTTP/1.1
User-Agent: selenium/4.8.1 (java windows)
Content-Length: 50
Content-Type: application/json; charset=utf-8
host: localhost:4336
accept: */*

Response DefaultHttpResponse(decodeResult: success, version: HTTP/1.1)
HTTP/1.1 200 OK
Content-Length: 14
Content-Type: application/json; charset=utf-8
cache-control: no-cache

02:15:38.101 [AsyncHttpClient-1-11] DEBUG org.asynchttpclient.netty.channel.ChannelManager - Adding key: http://localhost:4336 for channel [id: 0x3f653ee4, L:/127.0.0.1:50921 - R:localhost/127.0.0.1:4336]
02:15:38.107 [Forwarding getAlertText on session afbb3dd1ca644c9a2cea7e25c11e5d71 to remote] DEBUG org.asynchttpclient.netty.request.NettyRequestSender - Using pooled Channel '[id: 0x3f653ee4, L:/127.0.0.1:50921 - R:localhost/127.0.0.1:4336]' for 'GET' to 'http://localhost:4336/session/afbb3dd1ca644c9a2cea7e25c11e5d71/alert/text'
02:15:38.107 [Forwarding getAlertText on session afbb3dd1ca644c9a2cea7e25c11e5d71 to remote] DEBUG org.asynchttpclient.netty.request.NettyRequestSender - Using open Channel [id: 0x3f653ee4, L:/127.0.0.1:50921 - R:localhost/127.0.0.1:4336] for GET '/session/afbb3dd1ca644c9a2cea7e25c11e5d71/alert/text'
02:15:38.155 [AsyncHttpClient-1-11] DEBUG org.asynchttpclient.netty.handler.HttpHandler - 

Request DefaultFullHttpRequest(decodeResult: success, version: HTTP/1.1, content: EmptyByteBufBE)
GET /session/afbb3dd1ca644c9a2cea7e25c11e5d71/alert/text HTTP/1.1
User-Agent: selenium/4.8.1 (java windows)
Cache-Control: no-cache
Content-Type: application/json; charset=utf-8
host: localhost:4336
accept: */*

Response DefaultHttpResponse(decodeResult: success, version: HTTP/1.1)
HTTP/1.1 404 Not Found
Content-Length: 835
Content-Type: application/json; charset=utf-8
cache-control: no-cache

02:15:38.155 [AsyncHttpClient-1-1] DEBUG org.asynchttpclient.netty.channel.DefaultChannelPool - Entry count for : http://localhost:50923 : 1
02:15:38.155 [AsyncHttpClient-1-11] DEBUG org.asynchttpclient.netty.channel.ChannelManager - Adding key: http://localhost:4336 for channel [id: 0x3f653ee4, L:/127.0.0.1:50921 - R:localhost/127.0.0.1:4336]
02:15:38.156 [Forwarding getCurrentUrl on session afbb3dd1ca644c9a2cea7e25c11e5d71 to remote] DEBUG org.asynchttpclient.netty.request.NettyRequestSender - Using pooled Channel '[id: 0x3f653ee4, L:/127.0.0.1:50921 - R:localhost/127.0.0.1:4336]' for 'GET' to 'http://localhost:4336/session/afbb3dd1ca644c9a2cea7e25c11e5d71/url'
02:15:38.156 [Forwarding getCurrentUrl on session afbb3dd1ca644c9a2cea7e25c11e5d71 to remote] DEBUG org.asynchttpclient.netty.request.NettyRequestSender - Using open Channel [id: 0x3f653ee4, L:/127.0.0.1:50921 - R:localhost/127.0.0.1:4336] for GET '/session/afbb3dd1ca644c9a2cea7e25c11e5d71/url'
02:15:38.167 [AsyncHttpClient-1-11] DEBUG org.asynchttpclient.netty.handler.HttpHandler - 

Request DefaultFullHttpRequest(decodeResult: success, version: HTTP/1.1, content: EmptyByteBufBE)
GET /session/afbb3dd1ca644c9a2cea7e25c11e5d71/url HTTP/1.1
User-Agent: selenium/4.8.1 (java windows)
Cache-Control: no-cache
Content-Type: application/json; charset=utf-8
host: localhost:4336
accept: */*

Response DefaultHttpResponse(decodeResult: success, version: HTTP/1.1)
HTTP/1.1 200 OK
Content-Length: 51
Content-Type: application/json; charset=utf-8
cache-control: no-cache

02:15:38.167 [AsyncHttpClient-1-11] DEBUG org.asynchttpclient.netty.channel.ChannelManager - Adding key: http://localhost:4336 for channel [id: 0x3f653ee4, L:/127.0.0.1:50921 - R:localhost/127.0.0.1:4336]
02:15:38.168 [Forwarding screenshot on session afbb3dd1ca644c9a2cea7e25c11e5d71 to remote] DEBUG org.asynchttpclient.netty.request.NettyRequestSender - Using pooled Channel '[id: 0x3f653ee4, L:/127.0.0.1:50921 - R:localhost/127.0.0.1:4336]' for 'GET' to 'http://localhost:4336/session/afbb3dd1ca644c9a2cea7e25c11e5d71/screenshot'
02:15:38.168 [Forwarding screenshot on session afbb3dd1ca644c9a2cea7e25c11e5d71 to remote] DEBUG org.asynchttpclient.netty.request.NettyRequestSender - Using open Channel [id: 0x3f653ee4, L:/127.0.0.1:50921 - R:localhost/127.0.0.1:4336] for GET '/session/afbb3dd1ca644c9a2cea7e25c11e5d71/screenshot'
02:15:38.329 [AsyncHttpClient-1-11] DEBUG org.asynchttpclient.netty.handler.HttpHandler - 

Request DefaultFullHttpRequest(decodeResult: success, version: HTTP/1.1, content: EmptyByteBufBE)
GET /session/afbb3dd1ca644c9a2cea7e25c11e5d71/screenshot HTTP/1.1
User-Agent: selenium/4.8.1 (java windows)
Cache-Control: no-cache
Content-Type: application/json; charset=utf-8
host: localhost:4336
accept: */*

Response DefaultHttpResponse(decodeResult: success, version: HTTP/1.1)
HTTP/1.1 200 OK
Content-Length: 230124
Content-Type: application/json; charset=utf-8
cache-control: no-cache

02:15:38.329 [AsyncHttpClient-1-11] DEBUG org.asynchttpclient.netty.channel.ChannelManager - Adding key: http://localhost:4336 for channel [id: 0x3f653ee4, L:/127.0.0.1:50921 - R:localhost/127.0.0.1:4336]
02:15:38.332 [main] DEBUG net.serenitybdd.core.photography.Darkroom - Send negative for processing for target\site\serenity\afdfd134018c7bd46e64fc9f3f0b03ab9fd258ee61e0685be12ecf8c34efd327.png
02:15:38.333 [main] DEBUG net.thucydides.core.steps.StepInterceptor - STEP DONE: clickProductItem
  &amp#27;[32mWhen &amp#27;[0m&amp#27;[32mI click Listrik PLN product&amp#27;[0m                              &amp#27;[90m# starter.stepdefintions.SelectProductSteps.clickListrikPLN()&amp#27;[0m
02:15:38.338 [Forwarding getPageSource on session afbb3dd1ca644c9a2cea7e25c11e5d71 to remote] DEBUG org.asynchttpclient.netty.request.NettyRequestSender - Using pooled Channel '[id: 0x3f653ee4, L:/127.0.0.1:50921 - R:localhost/127.0.0.1:4336]' for 'POST' to 'http://localhost:4336/session/afbb3dd1ca644c9a2cea7e25c11e5d71/execute/sync'
02:15:38.338 [Forwarding getPageSource on session afbb3dd1ca644c9a2cea7e25c11e5d71 to remote] DEBUG org.asynchttpclient.netty.request.NettyRequestSender - Using open Channel [id: 0x3f653ee4, L:/127.0.0.1:50921 - R:localhost/127.0.0.1:4336] for POST '/session/afbb3dd1ca644c9a2cea7e25c11e5d71/execute/sync'
02:15:38.344 [AsyncHttpClient-1-11] DEBUG org.asynchttpclient.netty.handler.HttpHandler - 

Request DefaultHttpRequest(decodeResult: success, version: HTTP/1.1)
POST /session/afbb3dd1ca644c9a2cea7e25c11e5d71/execute/sync HTTP/1.1
User-Agent: selenium/4.8.1 (java windows)
Content-Length: 176
Content-Type: application/json; charset=utf-8
host: localhost:4336
accept: */*

Response DefaultHttpResponse(decodeResult: success, version: HTTP/1.1)
HTTP/1.1 200 OK
Content-Length: 93330
Content-Type: application/json; charset=utf-8
cache-control: no-cache

02:15:38.345 [AsyncHttpClient-1-11] DEBUG org.asynchttpclient.netty.channel.ChannelManager - Adding key: http://localhost:4336 for channel [id: 0x3f653ee4, L:/127.0.0.1:50921 - R:localhost/127.0.0.1:4336]
02:15:38.348 [Forwarding getCurrentUrl on session afbb3dd1ca644c9a2cea7e25c11e5d71 to remote] DEBUG org.asynchttpclient.netty.request.NettyRequestSender - Using pooled Channel '[id: 0x3f653ee4, L:/127.0.0.1:50921 - R:localhost/127.0.0.1:4336]' for 'GET' to 'http://localhost:4336/session/afbb3dd1ca644c9a2cea7e25c11e5d71/url'
02:15:38.349 [Forwarding getCurrentUrl on session afbb3dd1ca644c9a2cea7e25c11e5d71 to remote] DEBUG org.asynchttpclient.netty.request.NettyRequestSender - Using open Channel [id: 0x3f653ee4, L:/127.0.0.1:50921 - R:localhost/127.0.0.1:4336] for GET '/session/afbb3dd1ca644c9a2cea7e25c11e5d71/url'
02:15:38.351 [AsyncHttpClient-1-11] DEBUG org.asynchttpclient.netty.handler.HttpHandler - 

Request DefaultFullHttpRequest(decodeResult: success, version: HTTP/1.1, content: EmptyByteBufBE)
GET /session/afbb3dd1ca644c9a2cea7e25c11e5d71/url HTTP/1.1
User-Agent: selenium/4.8.1 (java windows)
Cache-Control: no-cache
Content-Type: application/json; charset=utf-8
host: localhost:4336
accept: */*

Response DefaultHttpResponse(decodeResult: success, version: HTTP/1.1)
HTTP/1.1 200 OK
Content-Length: 51
Content-Type: application/json; charset=utf-8
cache-control: no-cache

02:15:38.351 [AsyncHttpClient-1-11] DEBUG org.asynchttpclient.netty.channel.ChannelManager - Adding key: http://localhost:4336 for channel [id: 0x3f653ee4, L:/127.0.0.1:50921 - R:localhost/127.0.0.1:4336]
02:15:38.358 [Forwarding getPageSource on session afbb3dd1ca644c9a2cea7e25c11e5d71 to remote] DEBUG org.asynchttpclient.netty.request.NettyRequestSender - Using pooled Channel '[id: 0x3f653ee4, L:/127.0.0.1:50921 - R:localhost/127.0.0.1:4336]' for 'POST' to 'http://localhost:4336/session/afbb3dd1ca644c9a2cea7e25c11e5d71/execute/sync'
02:15:38.358 [Forwarding getPageSource on session afbb3dd1ca644c9a2cea7e25c11e5d71 to remote] DEBUG org.asynchttpclient.netty.request.NettyRequestSender - Using open Channel [id: 0x3f653ee4, L:/127.0.0.1:50921 - R:localhost/127.0.0.1:4336] for POST '/session/afbb3dd1ca644c9a2cea7e25c11e5d71/execute/sync'
02:15:38.365 [AsyncHttpClient-1-11] DEBUG org.asynchttpclient.netty.handler.HttpHandler - 

Request DefaultHttpRequest(decodeResult: success, version: HTTP/1.1)
POST /session/afbb3dd1ca644c9a2cea7e25c11e5d71/execute/sync HTTP/1.1
User-Agent: selenium/4.8.1 (java windows)
Content-Length: 176
Content-Type: application/json; charset=utf-8
host: localhost:4336
accept: */*

Response DefaultHttpResponse(decodeResult: success, version: HTTP/1.1)
HTTP/1.1 200 OK
Content-Length: 93330
Content-Type: application/json; charset=utf-8
cache-control: no-cache

02:15:38.365 [AsyncHttpClient-1-11] DEBUG org.asynchttpclient.netty.channel.ChannelManager - Adding key: http://localhost:4336 for channel [id: 0x3f653ee4, L:/127.0.0.1:50921 - R:localhost/127.0.0.1:4336]
02:15:38.368 [Forwarding getCurrentUrl on session afbb3dd1ca644c9a2cea7e25c11e5d71 to remote] DEBUG org.asynchttpclient.netty.request.NettyRequestSender - Using pooled Channel '[id: 0x3f653ee4, L:/127.0.0.1:50921 - R:localhost/127.0.0.1:4336]' for 'GET' to 'http://localhost:4336/session/afbb3dd1ca644c9a2cea7e25c11e5d71/url'
02:15:38.368 [Forwarding getCurrentUrl on session afbb3dd1ca644c9a2cea7e25c11e5d71 to remote] DEBUG org.asynchttpclient.netty.request.NettyRequestSender - Using open Channel [id: 0x3f653ee4, L:/127.0.0.1:50921 - R:localhost/127.0.0.1:4336] for GET '/session/afbb3dd1ca644c9a2cea7e25c11e5d71/url'
02:15:38.371 [AsyncHttpClient-1-11] DEBUG org.asynchttpclient.netty.handler.HttpHandler - 

Request DefaultFullHttpRequest(decodeResult: success, version: HTTP/1.1, content: EmptyByteBufBE)
GET /session/afbb3dd1ca644c9a2cea7e25c11e5d71/url HTTP/1.1
User-Agent: selenium/4.8.1 (java windows)
Cache-Control: no-cache
Content-Type: application/json; charset=utf-8
host: localhost:4336
accept: */*

Response DefaultHttpResponse(decodeResult: success, version: HTTP/1.1)
HTTP/1.1 200 OK
Content-Length: 51
Content-Type: application/json; charset=utf-8
cache-control: no-cache

02:15:38.372 [AsyncHttpClient-1-11] DEBUG org.asynchttpclient.netty.channel.ChannelManager - Adding key: http://localhost:4336 for channel [id: 0x3f653ee4, L:/127.0.0.1:50921 - R:localhost/127.0.0.1:4336]
02:15:38.374 [main] DEBUG net.thucydides.core.steps.StepInterceptor - STARTING STEP: SelectProductSteps.inputNomorMeter - inputNomorMeter
02:15:38.375 [Forwarding findElement on session afbb3dd1ca644c9a2cea7e25c11e5d71 to remote] DEBUG org.asynchttpclient.netty.request.NettyRequestSender - Using pooled Channel '[id: 0x3f653ee4, L:/127.0.0.1:50921 - R:localhost/127.0.0.1:4336]' for 'POST' to 'http://localhost:4336/session/afbb3dd1ca644c9a2cea7e25c11e5d71/element'
02:15:38.375 [Forwarding findElement on session afbb3dd1ca644c9a2cea7e25c11e5d71 to remote] DEBUG org.asynchttpclient.netty.request.NettyRequestSender - Using open Channel [id: 0x3f653ee4, L:/127.0.0.1:50921 - R:localhost/127.0.0.1:4336] for POST '/session/afbb3dd1ca644c9a2cea7e25c11e5d71/element'
02:15:38.384 [AsyncHttpClient-1-11] DEBUG org.asynchttpclient.netty.handler.HttpHandler - 

Request DefaultHttpRequest(decodeResult: success, version: HTTP/1.1)
POST /session/afbb3dd1ca644c9a2cea7e25c11e5d71/element HTTP/1.1
User-Agent: selenium/4.8.1 (java windows)
Content-Length: 58
Content-Type: application/json; charset=utf-8
host: localhost:4336
accept: */*

Response DefaultHttpResponse(decodeResult: success, version: HTTP/1.1)
HTTP/1.1 200 OK
Content-Length: 88
Content-Type: application/json; charset=utf-8
cache-control: no-cache

02:15:38.384 [AsyncHttpClient-1-11] DEBUG org.asynchttpclient.netty.channel.ChannelManager - Adding key: http://localhost:4336 for channel [id: 0x3f653ee4, L:/127.0.0.1:50921 - R:localhost/127.0.0.1:4336]
02:15:38.385 [Forwarding clearElement on session afbb3dd1ca644c9a2cea7e25c11e5d71 to remote] DEBUG org.asynchttpclient.netty.request.NettyRequestSender - Using pooled Channel '[id: 0x3f653ee4, L:/127.0.0.1:50921 - R:localhost/127.0.0.1:4336]' for 'POST' to 'http://localhost:4336/session/afbb3dd1ca644c9a2cea7e25c11e5d71/element/90259850-a466-4d94-aa69-14769df66bcd/clear'
02:15:38.385 [Forwarding clearElement on session afbb3dd1ca644c9a2cea7e25c11e5d71 to remote] DEBUG org.asynchttpclient.netty.request.NettyRequestSender - Using open Channel [id: 0x3f653ee4, L:/127.0.0.1:50921 - R:localhost/127.0.0.1:4336] for POST '/session/afbb3dd1ca644c9a2cea7e25c11e5d71/element/90259850-a466-4d94-aa69-14769df66bcd/clear'
02:15:38.409 [AsyncHttpClient-1-11] DEBUG org.asynchttpclient.netty.handler.HttpHandler - 

Request DefaultHttpRequest(decodeResult: success, version: HTTP/1.1)
POST /session/afbb3dd1ca644c9a2cea7e25c11e5d71/element/90259850-a466-4d94-aa69-14769df66bcd/clear HTTP/1.1
User-Agent: selenium/4.8.1 (java windows)
Content-Length: 50
Content-Type: application/json; charset=utf-8
host: localhost:4336
accept: */*

Response DefaultHttpResponse(decodeResult: success, version: HTTP/1.1)
HTTP/1.1 200 OK
Content-Length: 14
Content-Type: application/json; charset=utf-8
cache-control: no-cache

02:15:38.409 [AsyncHttpClient-1-11] DEBUG org.asynchttpclient.netty.channel.ChannelManager - Adding key: http://localhost:4336 for channel [id: 0x3f653ee4, L:/127.0.0.1:50921 - R:localhost/127.0.0.1:4336]
02:15:38.410 [Forwarding sendKeysToElement on session afbb3dd1ca644c9a2cea7e25c11e5d71 to remote] DEBUG org.asynchttpclient.netty.request.NettyRequestSender - Using pooled Channel '[id: 0x3f653ee4, L:/127.0.0.1:50921 - R:localhost/127.0.0.1:4336]' for 'POST' to 'http://localhost:4336/session/afbb3dd1ca644c9a2cea7e25c11e5d71/element/90259850-a466-4d94-aa69-14769df66bcd/value'
02:15:38.411 [Forwarding sendKeysToElement on session afbb3dd1ca644c9a2cea7e25c11e5d71 to remote] DEBUG org.asynchttpclient.netty.request.NettyRequestSender - Using open Channel [id: 0x3f653ee4, L:/127.0.0.1:50921 - R:localhost/127.0.0.1:4336] for POST '/session/afbb3dd1ca644c9a2cea7e25c11e5d71/element/90259850-a466-4d94-aa69-14769df66bcd/value'
02:15:38.516 [AsyncHttpClient-1-11] DEBUG org.asynchttpclient.netty.handler.HttpHandler - 

Request DefaultHttpRequest(decodeResult: success, version: HTTP/1.1)
POST /session/afbb3dd1ca644c9a2cea7e25c11e5d71/element/90259850-a466-4d94-aa69-14769df66bcd/value HTTP/1.1
User-Agent: selenium/4.8.1 (java windows)
Content-Length: 191
Content-Type: application/json; charset=utf-8
host: localhost:4336
accept: */*

Response DefaultHttpResponse(decodeResult: success, version: HTTP/1.1)
HTTP/1.1 200 OK
Content-Length: 14
Content-Type: application/json; charset=utf-8
cache-control: no-cache

02:15:38.516 [AsyncHttpClient-1-11] DEBUG org.asynchttpclient.netty.channel.ChannelManager - Adding key: http://localhost:4336 for channel [id: 0x3f653ee4, L:/127.0.0.1:50921 - R:localhost/127.0.0.1:4336]
02:15:38.521 [Forwarding getAlertText on session afbb3dd1ca644c9a2cea7e25c11e5d71 to remote] DEBUG org.asynchttpclient.netty.request.NettyRequestSender - Using pooled Channel '[id: 0x3f653ee4, L:/127.0.0.1:50921 - R:localhost/127.0.0.1:4336]' for 'GET' to 'http://localhost:4336/session/afbb3dd1ca644c9a2cea7e25c11e5d71/alert/text'
02:15:38.522 [Forwarding getAlertText on session afbb3dd1ca644c9a2cea7e25c11e5d71 to remote] DEBUG org.asynchttpclient.netty.request.NettyRequestSender - Using open Channel [id: 0x3f653ee4, L:/127.0.0.1:50921 - R:localhost/127.0.0.1:4336] for GET '/session/afbb3dd1ca644c9a2cea7e25c11e5d71/alert/text'
02:15:38.523 [AsyncHttpClient-1-11] DEBUG org.asynchttpclient.netty.handler.HttpHandler - 

Request DefaultFullHttpRequest(decodeResult: success, version: HTTP/1.1, content: EmptyByteBufBE)
GET /session/afbb3dd1ca644c9a2cea7e25c11e5d71/alert/text HTTP/1.1
User-Agent: selenium/4.8.1 (java windows)
Cache-Control: no-cache
Content-Type: application/json; charset=utf-8
host: localhost:4336
accept: */*

Response DefaultHttpResponse(decodeResult: success, version: HTTP/1.1)
HTTP/1.1 404 Not Found
Content-Length: 835
Content-Type: application/json; charset=utf-8
cache-control: no-cache

02:15:38.523 [AsyncHttpClient-1-11] DEBUG org.asynchttpclient.netty.channel.ChannelManager - Adding key: http://localhost:4336 for channel [id: 0x3f653ee4, L:/127.0.0.1:50921 - R:localhost/127.0.0.1:4336]
02:15:38.524 [Forwarding getCurrentUrl on session afbb3dd1ca644c9a2cea7e25c11e5d71 to remote] DEBUG org.asynchttpclient.netty.request.NettyRequestSender - Using pooled Channel '[id: 0x3f653ee4, L:/127.0.0.1:50921 - R:localhost/127.0.0.1:4336]' for 'GET' to 'http://localhost:4336/session/afbb3dd1ca644c9a2cea7e25c11e5d71/url'
02:15:38.524 [Forwarding getCurrentUrl on session afbb3dd1ca644c9a2cea7e25c11e5d71 to remote] DEBUG org.asynchttpclient.netty.request.NettyRequestSender - Using open Channel [id: 0x3f653ee4, L:/127.0.0.1:50921 - R:localhost/127.0.0.1:4336] for GET '/session/afbb3dd1ca644c9a2cea7e25c11e5d71/url'
02:15:38.526 [AsyncHttpClient-1-11] DEBUG org.asynchttpclient.netty.handler.HttpHandler - 

Request DefaultFullHttpRequest(decodeResult: success, version: HTTP/1.1, content: EmptyByteBufBE)
GET /session/afbb3dd1ca644c9a2cea7e25c11e5d71/url HTTP/1.1
User-Agent: selenium/4.8.1 (java windows)
Cache-Control: no-cache
Content-Type: application/json; charset=utf-8
host: localhost:4336
accept: */*

Response DefaultHttpResponse(decodeResult: success, version: HTTP/1.1)
HTTP/1.1 200 OK
Content-Length: 51
Content-Type: application/json; charset=utf-8
cache-control: no-cache

02:15:38.526 [AsyncHttpClient-1-11] DEBUG org.asynchttpclient.netty.channel.ChannelManager - Adding key: http://localhost:4336 for channel [id: 0x3f653ee4, L:/127.0.0.1:50921 - R:localhost/127.0.0.1:4336]
02:15:38.527 [Forwarding screenshot on session afbb3dd1ca644c9a2cea7e25c11e5d71 to remote] DEBUG org.asynchttpclient.netty.request.NettyRequestSender - Using pooled Channel '[id: 0x3f653ee4, L:/127.0.0.1:50921 - R:localhost/127.0.0.1:4336]' for 'GET' to 'http://localhost:4336/session/afbb3dd1ca644c9a2cea7e25c11e5d71/screenshot'
02:15:38.527 [Forwarding screenshot on session afbb3dd1ca644c9a2cea7e25c11e5d71 to remote] DEBUG org.asynchttpclient.netty.request.NettyRequestSender - Using open Channel [id: 0x3f653ee4, L:/127.0.0.1:50921 - R:localhost/127.0.0.1:4336] for GET '/session/afbb3dd1ca644c9a2cea7e25c11e5d71/screenshot'
02:15:38.636 [AsyncHttpClient-1-11] DEBUG org.asynchttpclient.netty.handler.HttpHandler - 

Request DefaultFullHttpRequest(decodeResult: success, version: HTTP/1.1, content: EmptyByteBufBE)
GET /session/afbb3dd1ca644c9a2cea7e25c11e5d71/screenshot HTTP/1.1
User-Agent: selenium/4.8.1 (java windows)
Cache-Control: no-cache
Content-Type: application/json; charset=utf-8
host: localhost:4336
accept: */*

Response DefaultHttpResponse(decodeResult: success, version: HTTP/1.1)
HTTP/1.1 200 OK
Content-Length: 231992
Content-Type: application/json; charset=utf-8
cache-control: no-cache

02:15:38.636 [AsyncHttpClient-1-11] DEBUG org.asynchttpclient.netty.channel.ChannelManager - Adding key: http://localhost:4336 for channel [id: 0x3f653ee4, L:/127.0.0.1:50921 - R:localhost/127.0.0.1:4336]
02:15:38.640 [main] DEBUG net.serenitybdd.core.photography.Darkroom - Send negative for processing for target\site\serenity\8eceef4c4cbc04a595006957ada5ef05757169ec557865cabdbc325c81d29b8d.png
02:15:38.641 [main] DEBUG net.thucydides.core.steps.StepInterceptor - STEP DONE: inputNomorMeter
  &amp#27;[32mAnd &amp#27;[0m&amp#27;[32mI enter correct nomor meter PLN&amp#27;[0m                           &amp#27;[90m# starter.stepdefintions.SelectProductSteps.inputNomorMeter()&amp#27;[0m
02:15:38.641 [Darkroom Processing Line] DEBUG net.serenitybdd.core.photography.DarkroomProcessingLine - Processing screenshot image in /var/screenshots/screenshot-11042896039996958255
02:15:38.641 [Darkroom Processing Line] DEBUG net.serenitybdd.core.photography.DarkroomProcessingLine - Saving screenshot to target\site\serenity\8eceef4c4cbc04a595006957ada5ef05757169ec557865cabdbc325c81d29b8d.png
02:15:38.648 [Forwarding getPageSource on session afbb3dd1ca644c9a2cea7e25c11e5d71 to remote] DEBUG org.asynchttpclient.netty.request.NettyRequestSender - Using pooled Channel '[id: 0x3f653ee4, L:/127.0.0.1:50921 - R:localhost/127.0.0.1:4336]' for 'POST' to 'http://localhost:4336/session/afbb3dd1ca644c9a2cea7e25c11e5d71/execute/sync'
02:15:38.648 [Forwarding getPageSource on session afbb3dd1ca644c9a2cea7e25c11e5d71 to remote] DEBUG org.asynchttpclient.netty.request.NettyRequestSender - Using open Channel [id: 0x3f653ee4, L:/127.0.0.1:50921 - R:localhost/127.0.0.1:4336] for POST '/session/afbb3dd1ca644c9a2cea7e25c11e5d71/execute/sync'
02:15:38.655 [AsyncHttpClient-1-11] DEBUG org.asynchttpclient.netty.handler.HttpHandler - 

Request DefaultHttpRequest(decodeResult: success, version: HTTP/1.1)
POST /session/afbb3dd1ca644c9a2cea7e25c11e5d71/execute/sync HTTP/1.1
User-Agent: selenium/4.8.1 (java windows)
Content-Length: 176
Content-Type: application/json; charset=utf-8
host: localhost:4336
accept: */*

Response DefaultHttpResponse(decodeResult: success, version: HTTP/1.1)
HTTP/1.1 200 OK
Content-Length: 93866
Content-Type: application/json; charset=utf-8
cache-control: no-cache

02:15:38.655 [AsyncHttpClient-1-11] DEBUG org.asynchttpclient.netty.channel.ChannelManager - Adding key: http://localhost:4336 for channel [id: 0x3f653ee4, L:/127.0.0.1:50921 - R:localhost/127.0.0.1:4336]
02:15:38.659 [Forwarding getCurrentUrl on session afbb3dd1ca644c9a2cea7e25c11e5d71 to remote] DEBUG org.asynchttpclient.netty.request.NettyRequestSender - Using pooled Channel '[id: 0x3f653ee4, L:/127.0.0.1:50921 - R:localhost/127.0.0.1:4336]' for 'GET' to 'http://localhost:4336/session/afbb3dd1ca644c9a2cea7e25c11e5d71/url'
02:15:38.660 [Forwarding getCurrentUrl on session afbb3dd1ca644c9a2cea7e25c11e5d71 to remote] DEBUG org.asynchttpclient.netty.request.NettyRequestSender - Using open Channel [id: 0x3f653ee4, L:/127.0.0.1:50921 - R:localhost/127.0.0.1:4336] for GET '/session/afbb3dd1ca644c9a2cea7e25c11e5d71/url'
02:15:38.662 [AsyncHttpClient-1-11] DEBUG org.asynchttpclient.netty.handler.HttpHandler - 

Request DefaultFullHttpRequest(decodeResult: success, version: HTTP/1.1, content: EmptyByteBufBE)
GET /session/afbb3dd1ca644c9a2cea7e25c11e5d71/url HTTP/1.1
User-Agent: selenium/4.8.1 (java windows)
Cache-Control: no-cache
Content-Type: application/json; charset=utf-8
host: localhost:4336
accept: */*

Response DefaultHttpResponse(decodeResult: success, version: HTTP/1.1)
HTTP/1.1 200 OK
Content-Length: 51
Content-Type: application/json; charset=utf-8
cache-control: no-cache

02:15:38.662 [AsyncHttpClient-1-11] DEBUG org.asynchttpclient.netty.channel.ChannelManager - Adding key: http://localhost:4336 for channel [id: 0x3f653ee4, L:/127.0.0.1:50921 - R:localhost/127.0.0.1:4336]
02:15:38.668 [Forwarding getPageSource on session afbb3dd1ca644c9a2cea7e25c11e5d71 to remote] DEBUG org.asynchttpclient.netty.request.NettyRequestSender - Using pooled Channel '[id: 0x3f653ee4, L:/127.0.0.1:50921 - R:localhost/127.0.0.1:4336]' for 'POST' to 'http://localhost:4336/session/afbb3dd1ca644c9a2cea7e25c11e5d71/execute/sync'
02:15:38.668 [Forwarding getPageSource on session afbb3dd1ca644c9a2cea7e25c11e5d71 to remote] DEBUG org.asynchttpclient.netty.request.NettyRequestSender - Using open Channel [id: 0x3f653ee4, L:/127.0.0.1:50921 - R:localhost/127.0.0.1:4336] for POST '/session/afbb3dd1ca644c9a2cea7e25c11e5d71/execute/sync'
02:15:38.675 [AsyncHttpClient-1-11] DEBUG org.asynchttpclient.netty.handler.HttpHandler - 

Request DefaultHttpRequest(decodeResult: success, version: HTTP/1.1)
POST /session/afbb3dd1ca644c9a2cea7e25c11e5d71/execute/sync HTTP/1.1
User-Agent: selenium/4.8.1 (java windows)
Content-Length: 176
Content-Type: application/json; charset=utf-8
host: localhost:4336
accept: */*

Response DefaultHttpResponse(decodeResult: success, version: HTTP/1.1)
HTTP/1.1 200 OK
Content-Length: 93866
Content-Type: application/json; charset=utf-8
cache-control: no-cache

02:15:38.675 [AsyncHttpClient-1-11] DEBUG org.asynchttpclient.netty.channel.ChannelManager - Adding key: http://localhost:4336 for channel [id: 0x3f653ee4, L:/127.0.0.1:50921 - R:localhost/127.0.0.1:4336]
02:15:38.681 [Forwarding getCurrentUrl on session afbb3dd1ca644c9a2cea7e25c11e5d71 to remote] DEBUG org.asynchttpclient.netty.request.NettyRequestSender - Using pooled Channel '[id: 0x3f653ee4, L:/127.0.0.1:50921 - R:localhost/127.0.0.1:4336]' for 'GET' to 'http://localhost:4336/session/afbb3dd1ca644c9a2cea7e25c11e5d71/url'
02:15:38.681 [Forwarding getCurrentUrl on session afbb3dd1ca644c9a2cea7e25c11e5d71 to remote] DEBUG org.asynchttpclient.netty.request.NettyRequestSender - Using open Channel [id: 0x3f653ee4, L:/127.0.0.1:50921 - R:localhost/127.0.0.1:4336] for GET '/session/afbb3dd1ca644c9a2cea7e25c11e5d71/url'
02:15:38.684 [AsyncHttpClient-1-11] DEBUG org.asynchttpclient.netty.handler.HttpHandler - 

Request DefaultFullHttpRequest(decodeResult: success, version: HTTP/1.1, content: EmptyByteBufBE)
GET /session/afbb3dd1ca644c9a2cea7e25c11e5d71/url HTTP/1.1
User-Agent: selenium/4.8.1 (java windows)
Cache-Control: no-cache
Content-Type: application/json; charset=utf-8
host: localhost:4336
accept: */*

Response DefaultHttpResponse(decodeResult: success, version: HTTP/1.1)
HTTP/1.1 200 OK
Content-Length: 51
Content-Type: application/json; charset=utf-8
cache-control: no-cache

02:15:38.684 [AsyncHttpClient-1-11] DEBUG org.asynchttpclient.netty.channel.ChannelManager - Adding key: http://localhost:4336 for channel [id: 0x3f653ee4, L:/127.0.0.1:50921 - R:localhost/127.0.0.1:4336]
02:15:38.686 [main] DEBUG net.thucydides.core.steps.StepInterceptor - STARTING STEP: SelectProductSteps.inputNomorHandphone - inputNomorHandphone
02:15:38.687 [Forwarding findElement on session afbb3dd1ca644c9a2cea7e25c11e5d71 to remote] DEBUG org.asynchttpclient.netty.request.NettyRequestSender - Using pooled Channel '[id: 0x3f653ee4, L:/127.0.0.1:50921 - R:localhost/127.0.0.1:4336]' for 'POST' to 'http://localhost:4336/session/afbb3dd1ca644c9a2cea7e25c11e5d71/element'
02:15:38.687 [Forwarding findElement on session afbb3dd1ca644c9a2cea7e25c11e5d71 to remote] DEBUG org.asynchttpclient.netty.request.NettyRequestSender - Using open Channel [id: 0x3f653ee4, L:/127.0.0.1:50921 - R:localhost/127.0.0.1:4336] for POST '/session/afbb3dd1ca644c9a2cea7e25c11e5d71/element'
02:15:38.695 [AsyncHttpClient-1-11] DEBUG org.asynchttpclient.netty.handler.HttpHandler - 

Request DefaultHttpRequest(decodeResult: success, version: HTTP/1.1)
POST /session/afbb3dd1ca644c9a2cea7e25c11e5d71/element HTTP/1.1
User-Agent: selenium/4.8.1 (java windows)
Content-Length: 62
Content-Type: application/json; charset=utf-8
host: localhost:4336
accept: */*

Response DefaultHttpResponse(decodeResult: success, version: HTTP/1.1)
HTTP/1.1 200 OK
Content-Length: 88
Content-Type: application/json; charset=utf-8
cache-control: no-cache

02:15:38.695 [AsyncHttpClient-1-11] DEBUG org.asynchttpclient.netty.channel.ChannelManager - Adding key: http://localhost:4336 for channel [id: 0x3f653ee4, L:/127.0.0.1:50921 - R:localhost/127.0.0.1:4336]
02:15:38.696 [Forwarding clearElement on session afbb3dd1ca644c9a2cea7e25c11e5d71 to remote] DEBUG org.asynchttpclient.netty.request.NettyRequestSender - Using pooled Channel '[id: 0x3f653ee4, L:/127.0.0.1:50921 - R:localhost/127.0.0.1:4336]' for 'POST' to 'http://localhost:4336/session/afbb3dd1ca644c9a2cea7e25c11e5d71/element/10c27369-12cb-49af-a6b0-6472c28e9667/clear'
02:15:38.696 [Forwarding clearElement on session afbb3dd1ca644c9a2cea7e25c11e5d71 to remote] DEBUG org.asynchttpclient.netty.request.NettyRequestSender - Using open Channel [id: 0x3f653ee4, L:/127.0.0.1:50921 - R:localhost/127.0.0.1:4336] for POST '/session/afbb3dd1ca644c9a2cea7e25c11e5d71/element/10c27369-12cb-49af-a6b0-6472c28e9667/clear'
02:15:38.721 [AsyncHttpClient-1-11] DEBUG org.asynchttpclient.netty.handler.HttpHandler - 

Request DefaultHttpRequest(decodeResult: success, version: HTTP/1.1)
POST /session/afbb3dd1ca644c9a2cea7e25c11e5d71/element/10c27369-12cb-49af-a6b0-6472c28e9667/clear HTTP/1.1
User-Agent: selenium/4.8.1 (java windows)
Content-Length: 50
Content-Type: application/json; charset=utf-8
host: localhost:4336
accept: */*

Response DefaultHttpResponse(decodeResult: success, version: HTTP/1.1)
HTTP/1.1 200 OK
Content-Length: 14
Content-Type: application/json; charset=utf-8
cache-control: no-cache

02:15:38.721 [AsyncHttpClient-1-11] DEBUG org.asynchttpclient.netty.channel.ChannelManager - Adding key: http://localhost:4336 for channel [id: 0x3f653ee4, L:/127.0.0.1:50921 - R:localhost/127.0.0.1:4336]
02:15:38.722 [Forwarding sendKeysToElement on session afbb3dd1ca644c9a2cea7e25c11e5d71 to remote] DEBUG org.asynchttpclient.netty.request.NettyRequestSender - Using pooled Channel '[id: 0x3f653ee4, L:/127.0.0.1:50921 - R:localhost/127.0.0.1:4336]' for 'POST' to 'http://localhost:4336/session/afbb3dd1ca644c9a2cea7e25c11e5d71/element/10c27369-12cb-49af-a6b0-6472c28e9667/value'
02:15:38.722 [Forwarding sendKeysToElement on session afbb3dd1ca644c9a2cea7e25c11e5d71 to remote] DEBUG org.asynchttpclient.netty.request.NettyRequestSender - Using open Channel [id: 0x3f653ee4, L:/127.0.0.1:50921 - R:localhost/127.0.0.1:4336] for POST '/session/afbb3dd1ca644c9a2cea7e25c11e5d71/element/10c27369-12cb-49af-a6b0-6472c28e9667/value'
02:15:38.823 [AsyncHttpClient-1-11] DEBUG org.asynchttpclient.netty.handler.HttpHandler - 

Request DefaultHttpRequest(decodeResult: success, version: HTTP/1.1)
POST /session/afbb3dd1ca644c9a2cea7e25c11e5d71/element/10c27369-12cb-49af-a6b0-6472c28e9667/value HTTP/1.1
User-Agent: selenium/4.8.1 (java windows)
Content-Length: 201
Content-Type: application/json; charset=utf-8
host: localhost:4336
accept: */*

Response DefaultHttpResponse(decodeResult: success, version: HTTP/1.1)
HTTP/1.1 200 OK
Content-Length: 14
Content-Type: application/json; charset=utf-8
cache-control: no-cache

02:15:38.823 [AsyncHttpClient-1-11] DEBUG org.asynchttpclient.netty.channel.ChannelManager - Adding key: http://localhost:4336 for channel [id: 0x3f653ee4, L:/127.0.0.1:50921 - R:localhost/127.0.0.1:4336]
02:15:38.828 [Forwarding getAlertText on session afbb3dd1ca644c9a2cea7e25c11e5d71 to remote] DEBUG org.asynchttpclient.netty.request.NettyRequestSender - Using pooled Channel '[id: 0x3f653ee4, L:/127.0.0.1:50921 - R:localhost/127.0.0.1:4336]' for 'GET' to 'http://localhost:4336/session/afbb3dd1ca644c9a2cea7e25c11e5d71/alert/text'
02:15:38.828 [Forwarding getAlertText on session afbb3dd1ca644c9a2cea7e25c11e5d71 to remote] DEBUG org.asynchttpclient.netty.request.NettyRequestSender - Using open Channel [id: 0x3f653ee4, L:/127.0.0.1:50921 - R:localhost/127.0.0.1:4336] for GET '/session/afbb3dd1ca644c9a2cea7e25c11e5d71/alert/text'
02:15:38.829 [AsyncHttpClient-1-11] DEBUG org.asynchttpclient.netty.handler.HttpHandler - 

Request DefaultFullHttpRequest(decodeResult: success, version: HTTP/1.1, content: EmptyByteBufBE)
GET /session/afbb3dd1ca644c9a2cea7e25c11e5d71/alert/text HTTP/1.1
User-Agent: selenium/4.8.1 (java windows)
Cache-Control: no-cache
Content-Type: application/json; charset=utf-8
host: localhost:4336
accept: */*

Response DefaultHttpResponse(decodeResult: success, version: HTTP/1.1)
HTTP/1.1 404 Not Found
Content-Length: 835
Content-Type: application/json; charset=utf-8
cache-control: no-cache

02:15:38.829 [AsyncHttpClient-1-11] DEBUG org.asynchttpclient.netty.channel.ChannelManager - Adding key: http://localhost:4336 for channel [id: 0x3f653ee4, L:/127.0.0.1:50921 - R:localhost/127.0.0.1:4336]
02:15:38.830 [Forwarding getCurrentUrl on session afbb3dd1ca644c9a2cea7e25c11e5d71 to remote] DEBUG org.asynchttpclient.netty.request.NettyRequestSender - Using pooled Channel '[id: 0x3f653ee4, L:/127.0.0.1:50921 - R:localhost/127.0.0.1:4336]' for 'GET' to 'http://localhost:4336/session/afbb3dd1ca644c9a2cea7e25c11e5d71/url'
02:15:38.830 [Forwarding getCurrentUrl on session afbb3dd1ca644c9a2cea7e25c11e5d71 to remote] DEBUG org.asynchttpclient.netty.request.NettyRequestSender - Using open Channel [id: 0x3f653ee4, L:/127.0.0.1:50921 - R:localhost/127.0.0.1:4336] for GET '/session/afbb3dd1ca644c9a2cea7e25c11e5d71/url'
02:15:38.833 [AsyncHttpClient-1-11] DEBUG org.asynchttpclient.netty.handler.HttpHandler - 

Request DefaultFullHttpRequest(decodeResult: success, version: HTTP/1.1, content: EmptyByteBufBE)
GET /session/afbb3dd1ca644c9a2cea7e25c11e5d71/url HTTP/1.1
User-Agent: selenium/4.8.1 (java windows)
Cache-Control: no-cache
Content-Type: application/json; charset=utf-8
host: localhost:4336
accept: */*

Response DefaultHttpResponse(decodeResult: success, version: HTTP/1.1)
HTTP/1.1 200 OK
Content-Length: 51
Content-Type: application/json; charset=utf-8
cache-control: no-cache

02:15:38.833 [AsyncHttpClient-1-11] DEBUG org.asynchttpclient.netty.channel.ChannelManager - Adding key: http://localhost:4336 for channel [id: 0x3f653ee4, L:/127.0.0.1:50921 - R:localhost/127.0.0.1:4336]
02:15:38.834 [Forwarding screenshot on session afbb3dd1ca644c9a2cea7e25c11e5d71 to remote] DEBUG org.asynchttpclient.netty.request.NettyRequestSender - Using pooled Channel '[id: 0x3f653ee4, L:/127.0.0.1:50921 - R:localhost/127.0.0.1:4336]' for 'GET' to 'http://localhost:4336/session/afbb3dd1ca644c9a2cea7e25c11e5d71/screenshot'
02:15:38.834 [Forwarding screenshot on session afbb3dd1ca644c9a2cea7e25c11e5d71 to remote] DEBUG org.asynchttpclient.netty.request.NettyRequestSender - Using open Channel [id: 0x3f653ee4, L:/127.0.0.1:50921 - R:localhost/127.0.0.1:4336] for GET '/session/afbb3dd1ca644c9a2cea7e25c11e5d71/screenshot'
02:15:38.948 [AsyncHttpClient-1-11] DEBUG org.asynchttpclient.netty.handler.HttpHandler - 

Request DefaultFullHttpRequest(decodeResult: success, version: HTTP/1.1, content: EmptyByteBufBE)
GET /session/afbb3dd1ca644c9a2cea7e25c11e5d71/screenshot HTTP/1.1
User-Agent: selenium/4.8.1 (java windows)
Cache-Control: no-cache
Content-Type: application/json; charset=utf-8
host: localhost:4336
accept: */*

Response DefaultHttpResponse(decodeResult: success, version: HTTP/1.1)
HTTP/1.1 200 OK
Content-Length: 235048
Content-Type: application/json; charset=utf-8
cache-control: no-cache

02:15:38.948 [AsyncHttpClient-1-11] DEBUG org.asynchttpclient.netty.channel.ChannelManager - Adding key: http://localhost:4336 for channel [id: 0x3f653ee4, L:/127.0.0.1:50921 - R:localhost/127.0.0.1:4336]
02:15:38.952 [main] DEBUG net.serenitybdd.core.photography.Darkroom - Send negative for processing for target\site\serenity\93623a8137fce87b0b75439eb4cbe173151c188b5c2c4c89622da8f9be1bc471.png
02:15:38.952 [main] DEBUG net.thucydides.core.steps.StepInterceptor - STEP DONE: inputNomorHandphone
  &amp#27;[32mAnd &amp#27;[0m&amp#27;[32mI enter correct nomor handphone&amp#27;[0m                           &amp#27;[90m# starter.stepdefintions.SelectProductSteps.inputNomorHandphone()&amp#27;[0m
02:15:38.952 [Darkroom Processing Line] DEBUG net.serenitybdd.core.photography.DarkroomProcessingLine - Processing screenshot image in /var/screenshots/screenshot-12117092702501569077
02:15:38.952 [Darkroom Processing Line] DEBUG net.serenitybdd.core.photography.DarkroomProcessingLine - Saving screenshot to target\site\serenity\93623a8137fce87b0b75439eb4cbe173151c188b5c2c4c89622da8f9be1bc471.png
02:15:38.958 [Forwarding getPageSource on session afbb3dd1ca644c9a2cea7e25c11e5d71 to remote] DEBUG org.asynchttpclient.netty.request.NettyRequestSender - Using pooled Channel '[id: 0x3f653ee4, L:/127.0.0.1:50921 - R:localhost/127.0.0.1:4336]' for 'POST' to 'http://localhost:4336/session/afbb3dd1ca644c9a2cea7e25c11e5d71/execute/sync'
02:15:38.958 [Forwarding getPageSource on session afbb3dd1ca644c9a2cea7e25c11e5d71 to remote] DEBUG org.asynchttpclient.netty.request.NettyRequestSender - Using open Channel [id: 0x3f653ee4, L:/127.0.0.1:50921 - R:localhost/127.0.0.1:4336] for POST '/session/afbb3dd1ca644c9a2cea7e25c11e5d71/execute/sync'
02:15:38.966 [AsyncHttpClient-1-11] DEBUG org.asynchttpclient.netty.handler.HttpHandler - 

Request DefaultHttpRequest(decodeResult: success, version: HTTP/1.1)
POST /session/afbb3dd1ca644c9a2cea7e25c11e5d71/execute/sync HTTP/1.1
User-Agent: selenium/4.8.1 (java windows)
Content-Length: 176
Content-Type: application/json; charset=utf-8
host: localhost:4336
accept: */*

Response DefaultHttpResponse(decodeResult: success, version: HTTP/1.1)
HTTP/1.1 200 OK
Content-Length: 94387
Content-Type: application/json; charset=utf-8
cache-control: no-cache

02:15:38.966 [AsyncHttpClient-1-11] DEBUG org.asynchttpclient.netty.channel.ChannelManager - Adding key: http://localhost:4336 for channel [id: 0x3f653ee4, L:/127.0.0.1:50921 - R:localhost/127.0.0.1:4336]
02:15:38.974 [Forwarding getCurrentUrl on session afbb3dd1ca644c9a2cea7e25c11e5d71 to remote] DEBUG org.asynchttpclient.netty.request.NettyRequestSender - Using pooled Channel '[id: 0x3f653ee4, L:/127.0.0.1:50921 - R:localhost/127.0.0.1:4336]' for 'GET' to 'http://localhost:4336/session/afbb3dd1ca644c9a2cea7e25c11e5d71/url'
02:15:38.974 [Forwarding getCurrentUrl on session afbb3dd1ca644c9a2cea7e25c11e5d71 to remote] DEBUG org.asynchttpclient.netty.request.NettyRequestSender - Using open Channel [id: 0x3f653ee4, L:/127.0.0.1:50921 - R:localhost/127.0.0.1:4336] for GET '/session/afbb3dd1ca644c9a2cea7e25c11e5d71/url'
02:15:38.976 [AsyncHttpClient-1-11] DEBUG org.asynchttpclient.netty.handler.HttpHandler - 

Request DefaultFullHttpRequest(decodeResult: success, version: HTTP/1.1, content: EmptyByteBufBE)
GET /session/afbb3dd1ca644c9a2cea7e25c11e5d71/url HTTP/1.1
User-Agent: selenium/4.8.1 (java windows)
Cache-Control: no-cache
Content-Type: application/json; charset=utf-8
host: localhost:4336
accept: */*

Response DefaultHttpResponse(decodeResult: success, version: HTTP/1.1)
HTTP/1.1 200 OK
Content-Length: 51
Content-Type: application/json; charset=utf-8
cache-control: no-cache

02:15:38.976 [AsyncHttpClient-1-11] DEBUG org.asynchttpclient.netty.channel.ChannelManager - Adding key: http://localhost:4336 for channel [id: 0x3f653ee4, L:/127.0.0.1:50921 - R:localhost/127.0.0.1:4336]
02:15:38.988 [Forwarding getPageSource on session afbb3dd1ca644c9a2cea7e25c11e5d71 to remote] DEBUG org.asynchttpclient.netty.request.NettyRequestSender - Using pooled Channel '[id: 0x3f653ee4, L:/127.0.0.1:50921 - R:localhost/127.0.0.1:4336]' for 'POST' to 'http://localhost:4336/session/afbb3dd1ca644c9a2cea7e25c11e5d71/execute/sync'
02:15:38.988 [Forwarding getPageSource on session afbb3dd1ca644c9a2cea7e25c11e5d71 to remote] DEBUG org.asynchttpclient.netty.request.NettyRequestSender - Using open Channel [id: 0x3f653ee4, L:/127.0.0.1:50921 - R:localhost/127.0.0.1:4336] for POST '/session/afbb3dd1ca644c9a2cea7e25c11e5d71/execute/sync'
02:15:38.995 [AsyncHttpClient-1-11] DEBUG org.asynchttpclient.netty.handler.HttpHandler - 

Request DefaultHttpRequest(decodeResult: success, version: HTTP/1.1)
POST /session/afbb3dd1ca644c9a2cea7e25c11e5d71/execute/sync HTTP/1.1
User-Agent: selenium/4.8.1 (java windows)
Content-Length: 176
Content-Type: application/json; charset=utf-8
host: localhost:4336
accept: */*

Response DefaultHttpResponse(decodeResult: success, version: HTTP/1.1)
HTTP/1.1 200 OK
Content-Length: 94387
Content-Type: application/json; charset=utf-8
cache-control: no-cache

02:15:38.995 [AsyncHttpClient-1-11] DEBUG org.asynchttpclient.netty.channel.ChannelManager - Adding key: http://localhost:4336 for channel [id: 0x3f653ee4, L:/127.0.0.1:50921 - R:localhost/127.0.0.1:4336]
02:15:38.999 [Forwarding getCurrentUrl on session afbb3dd1ca644c9a2cea7e25c11e5d71 to remote] DEBUG org.asynchttpclient.netty.request.NettyRequestSender - Using pooled Channel '[id: 0x3f653ee4, L:/127.0.0.1:50921 - R:localhost/127.0.0.1:4336]' for 'GET' to 'http://localhost:4336/session/afbb3dd1ca644c9a2cea7e25c11e5d71/url'
02:15:38.999 [Forwarding getCurrentUrl on session afbb3dd1ca644c9a2cea7e25c11e5d71 to remote] DEBUG org.asynchttpclient.netty.request.NettyRequestSender - Using open Channel [id: 0x3f653ee4, L:/127.0.0.1:50921 - R:localhost/127.0.0.1:4336] for GET '/session/afbb3dd1ca644c9a2cea7e25c11e5d71/url'
02:15:39.002 [AsyncHttpClient-1-11] DEBUG org.asynchttpclient.netty.handler.HttpHandler - 

Request DefaultFullHttpRequest(decodeResult: success, version: HTTP/1.1, content: EmptyByteBufBE)
GET /session/afbb3dd1ca644c9a2cea7e25c11e5d71/url HTTP/1.1
User-Agent: selenium/4.8.1 (java windows)
Cache-Control: no-cache
Content-Type: application/json; charset=utf-8
host: localhost:4336
accept: */*

Response DefaultHttpResponse(decodeResult: success, version: HTTP/1.1)
HTTP/1.1 200 OK
Content-Length: 51
Content-Type: application/json; charset=utf-8
cache-control: no-cache

02:15:39.002 [AsyncHttpClient-1-11] DEBUG org.asynchttpclient.netty.channel.ChannelManager - Adding key: http://localhost:4336 for channel [id: 0x3f653ee4, L:/127.0.0.1:50921 - R:localhost/127.0.0.1:4336]
02:15:39.004 [main] DEBUG net.thucydides.core.steps.StepInterceptor - STARTING STEP: SelectProductSteps.clickLanjutkanButton - clickLanjutkanButton
02:15:39.007 [Forwarding findElement on session afbb3dd1ca644c9a2cea7e25c11e5d71 to remote] DEBUG org.asynchttpclient.netty.request.NettyRequestSender - Using pooled Channel '[id: 0x3f653ee4, L:/127.0.0.1:50921 - R:localhost/127.0.0.1:4336]' for 'POST' to 'http://localhost:4336/session/afbb3dd1ca644c9a2cea7e25c11e5d71/element'
02:15:39.007 [Forwarding findElement on session afbb3dd1ca644c9a2cea7e25c11e5d71 to remote] DEBUG org.asynchttpclient.netty.request.NettyRequestSender - Using open Channel [id: 0x3f653ee4, L:/127.0.0.1:50921 - R:localhost/127.0.0.1:4336] for POST '/session/afbb3dd1ca644c9a2cea7e25c11e5d71/element'
02:15:39.014 [AsyncHttpClient-1-11] DEBUG org.asynchttpclient.netty.handler.HttpHandler - 

Request DefaultHttpRequest(decodeResult: success, version: HTTP/1.1)
POST /session/afbb3dd1ca644c9a2cea7e25c11e5d71/element HTTP/1.1
User-Agent: selenium/4.8.1 (java windows)
Content-Length: 62
Content-Type: application/json; charset=utf-8
host: localhost:4336
accept: */*

Response DefaultHttpResponse(decodeResult: success, version: HTTP/1.1)
HTTP/1.1 200 OK
Content-Length: 88
Content-Type: application/json; charset=utf-8
cache-control: no-cache

02:15:39.014 [AsyncHttpClient-1-11] DEBUG org.asynchttpclient.netty.channel.ChannelManager - Adding key: http://localhost:4336 for channel [id: 0x3f653ee4, L:/127.0.0.1:50921 - R:localhost/127.0.0.1:4336]
02:15:39.016 [Forwarding getElementTagName on session afbb3dd1ca644c9a2cea7e25c11e5d71 to remote] DEBUG org.asynchttpclient.netty.request.NettyRequestSender - Using pooled Channel '[id: 0x3f653ee4, L:/127.0.0.1:50921 - R:localhost/127.0.0.1:4336]' for 'GET' to 'http://localhost:4336/session/afbb3dd1ca644c9a2cea7e25c11e5d71/element/ffe446a0-6b3a-4095-9b17-e13e0a5126af/name'
02:15:39.016 [Forwarding getElementTagName on session afbb3dd1ca644c9a2cea7e25c11e5d71 to remote] DEBUG org.asynchttpclient.netty.request.NettyRequestSender - Using open Channel [id: 0x3f653ee4, L:/127.0.0.1:50921 - R:localhost/127.0.0.1:4336] for GET '/session/afbb3dd1ca644c9a2cea7e25c11e5d71/element/ffe446a0-6b3a-4095-9b17-e13e0a5126af/name'
02:15:39.021 [AsyncHttpClient-1-11] DEBUG org.asynchttpclient.netty.handler.HttpHandler - 

Request DefaultFullHttpRequest(decodeResult: success, version: HTTP/1.1, content: EmptyByteBufBE)
GET /session/afbb3dd1ca644c9a2cea7e25c11e5d71/element/ffe446a0-6b3a-4095-9b17-e13e0a5126af/name HTTP/1.1
User-Agent: selenium/4.8.1 (java windows)
Cache-Control: no-cache
Content-Type: application/json; charset=utf-8
host: localhost:4336
accept: */*

Response DefaultHttpResponse(decodeResult: success, version: HTTP/1.1)
HTTP/1.1 200 OK
Content-Length: 16
Content-Type: application/json; charset=utf-8
cache-control: no-cache

02:15:39.021 [AsyncHttpClient-1-11] DEBUG org.asynchttpclient.netty.channel.ChannelManager - Adding key: http://localhost:4336 for channel [id: 0x3f653ee4, L:/127.0.0.1:50921 - R:localhost/127.0.0.1:4336]
02:15:39.022 [Forwarding getElementTagName on session afbb3dd1ca644c9a2cea7e25c11e5d71 to remote] DEBUG org.asynchttpclient.netty.request.NettyRequestSender - Using pooled Channel '[id: 0x3f653ee4, L:/127.0.0.1:50921 - R:localhost/127.0.0.1:4336]' for 'GET' to 'http://localhost:4336/session/afbb3dd1ca644c9a2cea7e25c11e5d71/element/ffe446a0-6b3a-4095-9b17-e13e0a5126af/name'
02:15:39.022 [Forwarding getElementTagName on session afbb3dd1ca644c9a2cea7e25c11e5d71 to remote] DEBUG org.asynchttpclient.netty.request.NettyRequestSender - Using open Channel [id: 0x3f653ee4, L:/127.0.0.1:50921 - R:localhost/127.0.0.1:4336] for GET '/session/afbb3dd1ca644c9a2cea7e25c11e5d71/element/ffe446a0-6b3a-4095-9b17-e13e0a5126af/name'
02:15:39.026 [AsyncHttpClient-1-11] DEBUG org.asynchttpclient.netty.handler.HttpHandler - 

Request DefaultFullHttpRequest(decodeResult: success, version: HTTP/1.1, content: EmptyByteBufBE)
GET /session/afbb3dd1ca644c9a2cea7e25c11e5d71/element/ffe446a0-6b3a-4095-9b17-e13e0a5126af/name HTTP/1.1
User-Agent: selenium/4.8.1 (java windows)
Cache-Control: no-cache
Content-Type: application/json; charset=utf-8
host: localhost:4336
accept: */*

Response DefaultHttpResponse(decodeResult: success, version: HTTP/1.1)
HTTP/1.1 200 OK
Content-Length: 16
Content-Type: application/json; charset=utf-8
cache-control: no-cache

02:15:39.027 [AsyncHttpClient-1-11] DEBUG org.asynchttpclient.netty.channel.ChannelManager - Adding key: http://localhost:4336 for channel [id: 0x3f653ee4, L:/127.0.0.1:50921 - R:localhost/127.0.0.1:4336]
02:15:39.029 [Forwarding findElement on session afbb3dd1ca644c9a2cea7e25c11e5d71 to remote] DEBUG org.asynchttpclient.netty.request.NettyRequestSender - Using pooled Channel '[id: 0x3f653ee4, L:/127.0.0.1:50921 - R:localhost/127.0.0.1:4336]' for 'POST' to 'http://localhost:4336/session/afbb3dd1ca644c9a2cea7e25c11e5d71/element'
02:15:39.029 [Forwarding findElement on session afbb3dd1ca644c9a2cea7e25c11e5d71 to remote] DEBUG org.asynchttpclient.netty.request.NettyRequestSender - Using open Channel [id: 0x3f653ee4, L:/127.0.0.1:50921 - R:localhost/127.0.0.1:4336] for POST '/session/afbb3dd1ca644c9a2cea7e25c11e5d71/element'
02:15:39.036 [AsyncHttpClient-1-11] DEBUG org.asynchttpclient.netty.handler.HttpHandler - 

Request DefaultHttpRequest(decodeResult: success, version: HTTP/1.1)
POST /session/afbb3dd1ca644c9a2cea7e25c11e5d71/element HTTP/1.1
User-Agent: selenium/4.8.1 (java windows)
Content-Length: 62
Content-Type: application/json; charset=utf-8
host: localhost:4336
accept: */*

Response DefaultHttpResponse(decodeResult: success, version: HTTP/1.1)
HTTP/1.1 200 OK
Content-Length: 88
Content-Type: application/json; charset=utf-8
cache-control: no-cache

02:15:39.036 [AsyncHttpClient-1-11] DEBUG org.asynchttpclient.netty.channel.ChannelManager - Adding key: http://localhost:4336 for channel [id: 0x3f653ee4, L:/127.0.0.1:50921 - R:localhost/127.0.0.1:4336]
02:15:39.037 [Forwarding clickElement on session afbb3dd1ca644c9a2cea7e25c11e5d71 to remote] DEBUG org.asynchttpclient.netty.request.NettyRequestSender - Using pooled Channel '[id: 0x3f653ee4, L:/127.0.0.1:50921 - R:localhost/127.0.0.1:4336]' for 'POST' to 'http://localhost:4336/session/afbb3dd1ca644c9a2cea7e25c11e5d71/element/ffe446a0-6b3a-4095-9b17-e13e0a5126af/click'
02:15:39.037 [Forwarding clickElement on session afbb3dd1ca644c9a2cea7e25c11e5d71 to remote] DEBUG org.asynchttpclient.netty.request.NettyRequestSender - Using open Channel [id: 0x3f653ee4, L:/127.0.0.1:50921 - R:localhost/127.0.0.1:4336] for POST '/session/afbb3dd1ca644c9a2cea7e25c11e5d71/element/ffe446a0-6b3a-4095-9b17-e13e0a5126af/click'
02:15:39.100 [AsyncHttpClient-1-11] DEBUG org.asynchttpclient.netty.handler.HttpHandler - 

Request DefaultHttpRequest(decodeResult: success, version: HTTP/1.1)
POST /session/afbb3dd1ca644c9a2cea7e25c11e5d71/element/ffe446a0-6b3a-4095-9b17-e13e0a5126af/click HTTP/1.1
User-Agent: selenium/4.8.1 (java windows)
Content-Length: 50
Content-Type: application/json; charset=utf-8
host: localhost:4336
accept: */*

Response DefaultHttpResponse(decodeResult: success, version: HTTP/1.1)
HTTP/1.1 200 OK
Content-Length: 14
Content-Type: application/json; charset=utf-8
cache-control: no-cache

02:15:39.100 [AsyncHttpClient-1-11] DEBUG org.asynchttpclient.netty.channel.ChannelManager - Adding key: http://localhost:4336 for channel [id: 0x3f653ee4, L:/127.0.0.1:50921 - R:localhost/127.0.0.1:4336]
02:15:39.105 [Forwarding getAlertText on session afbb3dd1ca644c9a2cea7e25c11e5d71 to remote] DEBUG org.asynchttpclient.netty.request.NettyRequestSender - Using pooled Channel '[id: 0x3f653ee4, L:/127.0.0.1:50921 - R:localhost/127.0.0.1:4336]' for 'GET' to 'http://localhost:4336/session/afbb3dd1ca644c9a2cea7e25c11e5d71/alert/text'
02:15:39.105 [Forwarding getAlertText on session afbb3dd1ca644c9a2cea7e25c11e5d71 to remote] DEBUG org.asynchttpclient.netty.request.NettyRequestSender - Using open Channel [id: 0x3f653ee4, L:/127.0.0.1:50921 - R:localhost/127.0.0.1:4336] for GET '/session/afbb3dd1ca644c9a2cea7e25c11e5d71/alert/text'
02:15:39.107 [AsyncHttpClient-1-11] DEBUG org.asynchttpclient.netty.handler.HttpHandler - 

Request DefaultFullHttpRequest(decodeResult: success, version: HTTP/1.1, content: EmptyByteBufBE)
GET /session/afbb3dd1ca644c9a2cea7e25c11e5d71/alert/text HTTP/1.1
User-Agent: selenium/4.8.1 (java windows)
Cache-Control: no-cache
Content-Type: application/json; charset=utf-8
host: localhost:4336
accept: */*

Response DefaultHttpResponse(decodeResult: success, version: HTTP/1.1)
HTTP/1.1 404 Not Found
Content-Length: 835
Content-Type: application/json; charset=utf-8
cache-control: no-cache

02:15:39.107 [AsyncHttpClient-1-11] DEBUG org.asynchttpclient.netty.channel.ChannelManager - Adding key: http://localhost:4336 for channel [id: 0x3f653ee4, L:/127.0.0.1:50921 - R:localhost/127.0.0.1:4336]
02:15:39.108 [Forwarding getCurrentUrl on session afbb3dd1ca644c9a2cea7e25c11e5d71 to remote] DEBUG org.asynchttpclient.netty.request.NettyRequestSender - Using pooled Channel '[id: 0x3f653ee4, L:/127.0.0.1:50921 - R:localhost/127.0.0.1:4336]' for 'GET' to 'http://localhost:4336/session/afbb3dd1ca644c9a2cea7e25c11e5d71/url'
02:15:39.108 [Forwarding getCurrentUrl on session afbb3dd1ca644c9a2cea7e25c11e5d71 to remote] DEBUG org.asynchttpclient.netty.request.NettyRequestSender - Using open Channel [id: 0x3f653ee4, L:/127.0.0.1:50921 - R:localhost/127.0.0.1:4336] for GET '/session/afbb3dd1ca644c9a2cea7e25c11e5d71/url'
02:15:39.112 [AsyncHttpClient-1-11] DEBUG org.asynchttpclient.netty.handler.HttpHandler - 

Request DefaultFullHttpRequest(decodeResult: success, version: HTTP/1.1, content: EmptyByteBufBE)
GET /session/afbb3dd1ca644c9a2cea7e25c11e5d71/url HTTP/1.1
User-Agent: selenium/4.8.1 (java windows)
Cache-Control: no-cache
Content-Type: application/json; charset=utf-8
host: localhost:4336
accept: */*

Response DefaultHttpResponse(decodeResult: success, version: HTTP/1.1)
HTTP/1.1 200 OK
Content-Length: 51
Content-Type: application/json; charset=utf-8
cache-control: no-cache

02:15:39.112 [AsyncHttpClient-1-11] DEBUG org.asynchttpclient.netty.channel.ChannelManager - Adding key: http://localhost:4336 for channel [id: 0x3f653ee4, L:/127.0.0.1:50921 - R:localhost/127.0.0.1:4336]
02:15:39.113 [Forwarding screenshot on session afbb3dd1ca644c9a2cea7e25c11e5d71 to remote] DEBUG org.asynchttpclient.netty.request.NettyRequestSender - Using pooled Channel '[id: 0x3f653ee4, L:/127.0.0.1:50921 - R:localhost/127.0.0.1:4336]' for 'GET' to 'http://localhost:4336/session/afbb3dd1ca644c9a2cea7e25c11e5d71/screenshot'
02:15:39.113 [Forwarding screenshot on session afbb3dd1ca644c9a2cea7e25c11e5d71 to remote] DEBUG org.asynchttpclient.netty.request.NettyRequestSender - Using open Channel [id: 0x3f653ee4, L:/127.0.0.1:50921 - R:localhost/127.0.0.1:4336] for GET '/session/afbb3dd1ca644c9a2cea7e25c11e5d71/screenshot'
02:15:39.240 [AsyncHttpClient-1-11] DEBUG org.asynchttpclient.netty.handler.HttpHandler - 

Request DefaultFullHttpRequest(decodeResult: success, version: HTTP/1.1, content: EmptyByteBufBE)
GET /session/afbb3dd1ca644c9a2cea7e25c11e5d71/screenshot HTTP/1.1
User-Agent: selenium/4.8.1 (java windows)
Cache-Control: no-cache
Content-Type: application/json; charset=utf-8
host: localhost:4336
accept: */*

Response DefaultHttpResponse(decodeResult: success, version: HTTP/1.1)
HTTP/1.1 200 OK
Content-Length: 171020
Content-Type: application/json; charset=utf-8
cache-control: no-cache

02:15:39.241 [AsyncHttpClient-1-11] DEBUG org.asynchttpclient.netty.channel.ChannelManager - Adding key: http://localhost:4336 for channel [id: 0x3f653ee4, L:/127.0.0.1:50921 - R:localhost/127.0.0.1:4336]
02:15:39.244 [main] DEBUG net.serenitybdd.core.photography.Darkroom - Send negative for processing for target\site\serenity\c0e78532539f36251676a8f1da1c2c4ae5de431425956eadf91b19bbb84c9cce.png
02:15:39.244 [main] DEBUG net.thucydides.core.steps.StepInterceptor - STEP DONE: clickLanjutkanButton
  &amp#27;[32mWhen &amp#27;[0m&amp#27;[32mI click on the lanjutkan button&amp#27;[0m                          &amp#27;[90m# starter.stepdefintions.SelectProductSteps.clickLanjutkanButton()&amp#27;[0m
02:15:39.244 [Darkroom Processing Line] DEBUG net.serenitybdd.core.photography.DarkroomProcessingLine - Processing screenshot image in /var/screenshots/screenshot-12294737875572723750
02:15:39.244 [Darkroom Processing Line] DEBUG net.serenitybdd.core.photography.DarkroomProcessingLine - Saving screenshot to target\site\serenity\c0e78532539f36251676a8f1da1c2c4ae5de431425956eadf91b19bbb84c9cce.png
02:15:39.250 [Forwarding getPageSource on session afbb3dd1ca644c9a2cea7e25c11e5d71 to remote] DEBUG org.asynchttpclient.netty.request.NettyRequestSender - Using pooled Channel '[id: 0x3f653ee4, L:/127.0.0.1:50921 - R:localhost/127.0.0.1:4336]' for 'POST' to 'http://localhost:4336/session/afbb3dd1ca644c9a2cea7e25c11e5d71/execute/sync'
02:15:39.250 [Forwarding getPageSource on session afbb3dd1ca644c9a2cea7e25c11e5d71 to remote] DEBUG org.asynchttpclient.netty.request.NettyRequestSender - Using open Channel [id: 0x3f653ee4, L:/127.0.0.1:50921 - R:localhost/127.0.0.1:4336] for POST '/session/afbb3dd1ca644c9a2cea7e25c11e5d71/execute/sync'
02:15:39.255 [AsyncHttpClient-1-1] DEBUG org.asynchttpclient.netty.channel.DefaultChannelPool - Entry count for : http://localhost:50923 : 1
02:15:39.257 [AsyncHttpClient-1-11] DEBUG org.asynchttpclient.netty.handler.HttpHandler - 

Request DefaultHttpRequest(decodeResult: success, version: HTTP/1.1)
POST /session/afbb3dd1ca644c9a2cea7e25c11e5d71/execute/sync HTTP/1.1
User-Agent: selenium/4.8.1 (java windows)
Content-Length: 176
Content-Type: application/json; charset=utf-8
host: localhost:4336
accept: */*

Response DefaultHttpResponse(decodeResult: success, version: HTTP/1.1)
HTTP/1.1 200 OK
Content-Length: 98834
Content-Type: application/json; charset=utf-8
cache-control: no-cache

02:15:39.258 [AsyncHttpClient-1-11] DEBUG org.asynchttpclient.netty.channel.ChannelManager - Adding key: http://localhost:4336 for channel [id: 0x3f653ee4, L:/127.0.0.1:50921 - R:localhost/127.0.0.1:4336]
02:15:39.261 [Forwarding getCurrentUrl on session afbb3dd1ca644c9a2cea7e25c11e5d71 to remote] DEBUG org.asynchttpclient.netty.request.NettyRequestSender - Using pooled Channel '[id: 0x3f653ee4, L:/127.0.0.1:50921 - R:localhost/127.0.0.1:4336]' for 'GET' to 'http://localhost:4336/session/afbb3dd1ca644c9a2cea7e25c11e5d71/url'
02:15:39.261 [Forwarding getCurrentUrl on session afbb3dd1ca644c9a2cea7e25c11e5d71 to remote] DEBUG org.asynchttpclient.netty.request.NettyRequestSender - Using open Channel [id: 0x3f653ee4, L:/127.0.0.1:50921 - R:localhost/127.0.0.1:4336] for GET '/session/afbb3dd1ca644c9a2cea7e25c11e5d71/url'
02:15:39.264 [AsyncHttpClient-1-11] DEBUG org.asynchttpclient.netty.handler.HttpHandler - 

Request DefaultFullHttpRequest(decodeResult: success, version: HTTP/1.1, content: EmptyByteBufBE)
GET /session/afbb3dd1ca644c9a2cea7e25c11e5d71/url HTTP/1.1
User-Agent: selenium/4.8.1 (java windows)
Cache-Control: no-cache
Content-Type: application/json; charset=utf-8
host: localhost:4336
accept: */*

Response DefaultHttpResponse(decodeResult: success, version: HTTP/1.1)
HTTP/1.1 200 OK
Content-Length: 51
Content-Type: application/json; charset=utf-8
cache-control: no-cache

02:15:39.264 [AsyncHttpClient-1-11] DEBUG org.asynchttpclient.netty.channel.ChannelManager - Adding key: http://localhost:4336 for channel [id: 0x3f653ee4, L:/127.0.0.1:50921 - R:localhost/127.0.0.1:4336]
02:15:39.270 [Forwarding getPageSource on session afbb3dd1ca644c9a2cea7e25c11e5d71 to remote] DEBUG org.asynchttpclient.netty.request.NettyRequestSender - Using pooled Channel '[id: 0x3f653ee4, L:/127.0.0.1:50921 - R:localhost/127.0.0.1:4336]' for 'POST' to 'http://localhost:4336/session/afbb3dd1ca644c9a2cea7e25c11e5d71/execute/sync'
02:15:39.271 [Forwarding getPageSource on session afbb3dd1ca644c9a2cea7e25c11e5d71 to remote] DEBUG org.asynchttpclient.netty.request.NettyRequestSender - Using open Channel [id: 0x3f653ee4, L:/127.0.0.1:50921 - R:localhost/127.0.0.1:4336] for POST '/session/afbb3dd1ca644c9a2cea7e25c11e5d71/execute/sync'
02:15:39.277 [AsyncHttpClient-1-11] DEBUG org.asynchttpclient.netty.handler.HttpHandler - 

Request DefaultHttpRequest(decodeResult: success, version: HTTP/1.1)
POST /session/afbb3dd1ca644c9a2cea7e25c11e5d71/execute/sync HTTP/1.1
User-Agent: selenium/4.8.1 (java windows)
Content-Length: 176
Content-Type: application/json; charset=utf-8
host: localhost:4336
accept: */*

Response DefaultHttpResponse(decodeResult: success, version: HTTP/1.1)
HTTP/1.1 200 OK
Content-Length: 98834
Content-Type: application/json; charset=utf-8
cache-control: no-cache

02:15:39.278 [AsyncHttpClient-1-11] DEBUG org.asynchttpclient.netty.channel.ChannelManager - Adding key: http://localhost:4336 for channel [id: 0x3f653ee4, L:/127.0.0.1:50921 - R:localhost/127.0.0.1:4336]
02:15:39.281 [Forwarding getCurrentUrl on session afbb3dd1ca644c9a2cea7e25c11e5d71 to remote] DEBUG org.asynchttpclient.netty.request.NettyRequestSender - Using pooled Channel '[id: 0x3f653ee4, L:/127.0.0.1:50921 - R:localhost/127.0.0.1:4336]' for 'GET' to 'http://localhost:4336/session/afbb3dd1ca644c9a2cea7e25c11e5d71/url'
02:15:39.281 [Forwarding getCurrentUrl on session afbb3dd1ca644c9a2cea7e25c11e5d71 to remote] DEBUG org.asynchttpclient.netty.request.NettyRequestSender - Using open Channel [id: 0x3f653ee4, L:/127.0.0.1:50921 - R:localhost/127.0.0.1:4336] for GET '/session/afbb3dd1ca644c9a2cea7e25c11e5d71/url'
02:15:39.284 [AsyncHttpClient-1-11] DEBUG org.asynchttpclient.netty.handler.HttpHandler - 

Request DefaultFullHttpRequest(decodeResult: success, version: HTTP/1.1, content: EmptyByteBufBE)
GET /session/afbb3dd1ca644c9a2cea7e25c11e5d71/url HTTP/1.1
User-Agent: selenium/4.8.1 (java windows)
Cache-Control: no-cache
Content-Type: application/json; charset=utf-8
host: localhost:4336
accept: */*

Response DefaultHttpResponse(decodeResult: success, version: HTTP/1.1)
HTTP/1.1 200 OK
Content-Length: 51
Content-Type: application/json; charset=utf-8
cache-control: no-cache

02:15:39.285 [AsyncHttpClient-1-11] DEBUG org.asynchttpclient.netty.channel.ChannelManager - Adding key: http://localhost:4336 for channel [id: 0x3f653ee4, L:/127.0.0.1:50921 - R:localhost/127.0.0.1:4336]
02:15:39.287 [main] DEBUG net.thucydides.core.steps.StepInterceptor - STARTING STEP: SelectProductSteps.validateOnSelectNominal - validateOnSelectNominal
02:15:39.288 [Forwarding findElement on session afbb3dd1ca644c9a2cea7e25c11e5d71 to remote] DEBUG org.asynchttpclient.netty.request.NettyRequestSender - Using pooled Channel '[id: 0x3f653ee4, L:/127.0.0.1:50921 - R:localhost/127.0.0.1:4336]' for 'POST' to 'http://localhost:4336/session/afbb3dd1ca644c9a2cea7e25c11e5d71/element'
02:15:39.288 [Forwarding findElement on session afbb3dd1ca644c9a2cea7e25c11e5d71 to remote] DEBUG org.asynchttpclient.netty.request.NettyRequestSender - Using open Channel [id: 0x3f653ee4, L:/127.0.0.1:50921 - R:localhost/127.0.0.1:4336] for POST '/session/afbb3dd1ca644c9a2cea7e25c11e5d71/element'
02:15:39.675 [AsyncHttpClient-1-11] DEBUG org.asynchttpclient.netty.handler.HttpHandler - 

Request DefaultHttpRequest(decodeResult: success, version: HTTP/1.1)
POST /session/afbb3dd1ca644c9a2cea7e25c11e5d71/element HTTP/1.1
User-Agent: selenium/4.8.1 (java windows)
Content-Length: 63
Content-Type: application/json; charset=utf-8
host: localhost:4336
accept: */*

Response DefaultHttpResponse(decodeResult: success, version: HTTP/1.1)
HTTP/1.1 200 OK
Content-Length: 88
Content-Type: application/json; charset=utf-8
cache-control: no-cache

02:15:39.675 [AsyncHttpClient-1-11] DEBUG org.asynchttpclient.netty.channel.ChannelManager - Adding key: http://localhost:4336 for channel [id: 0x3f653ee4, L:/127.0.0.1:50921 - R:localhost/127.0.0.1:4336]
02:15:39.678 [Forwarding isElementDisplayed on session afbb3dd1ca644c9a2cea7e25c11e5d71 to remote] DEBUG org.asynchttpclient.netty.request.NettyRequestSender - Using pooled Channel '[id: 0x3f653ee4, L:/127.0.0.1:50921 - R:localhost/127.0.0.1:4336]' for 'POST' to 'http://localhost:4336/session/afbb3dd1ca644c9a2cea7e25c11e5d71/execute/sync'
02:15:39.678 [Forwarding isElementDisplayed on session afbb3dd1ca644c9a2cea7e25c11e5d71 to remote] DEBUG org.asynchttpclient.netty.request.NettyRequestSender - Using open Channel [id: 0x3f653ee4, L:/127.0.0.1:50921 - R:localhost/127.0.0.1:4336] for POST '/session/afbb3dd1ca644c9a2cea7e25c11e5d71/execute/sync'
02:15:39.688 [AsyncHttpClient-1-11] DEBUG org.asynchttpclient.netty.handler.HttpHandler - 

Request DefaultHttpRequest(decodeResult: success, version: HTTP/1.1)
POST /session/afbb3dd1ca644c9a2cea7e25c11e5d71/execute/sync HTTP/1.1
User-Agent: selenium/4.8.1 (java windows)
Content-Length: 48807
Content-Type: application/json; charset=utf-8
host: localhost:4336
accept: */*

Response DefaultHttpResponse(decodeResult: success, version: HTTP/1.1)
HTTP/1.1 200 OK
Content-Length: 14
Content-Type: application/json; charset=utf-8
cache-control: no-cache

02:15:39.688 [AsyncHttpClient-1-11] DEBUG org.asynchttpclient.netty.channel.ChannelManager - Adding key: http://localhost:4336 for channel [id: 0x3f653ee4, L:/127.0.0.1:50921 - R:localhost/127.0.0.1:4336]
02:15:39.691 [Forwarding getAlertText on session afbb3dd1ca644c9a2cea7e25c11e5d71 to remote] DEBUG org.asynchttpclient.netty.request.NettyRequestSender - Using pooled Channel '[id: 0x3f653ee4, L:/127.0.0.1:50921 - R:localhost/127.0.0.1:4336]' for 'GET' to 'http://localhost:4336/session/afbb3dd1ca644c9a2cea7e25c11e5d71/alert/text'
02:15:39.691 [Forwarding getAlertText on session afbb3dd1ca644c9a2cea7e25c11e5d71 to remote] DEBUG org.asynchttpclient.netty.request.NettyRequestSender - Using open Channel [id: 0x3f653ee4, L:/127.0.0.1:50921 - R:localhost/127.0.0.1:4336] for GET '/session/afbb3dd1ca644c9a2cea7e25c11e5d71/alert/text'
02:15:39.693 [AsyncHttpClient-1-11] DEBUG org.asynchttpclient.netty.handler.HttpHandler - 

Request DefaultFullHttpRequest(decodeResult: success, version: HTTP/1.1, content: EmptyByteBufBE)
GET /session/afbb3dd1ca644c9a2cea7e25c11e5d71/alert/text HTTP/1.1
User-Agent: selenium/4.8.1 (java windows)
Cache-Control: no-cache
Content-Type: application/json; charset=utf-8
host: localhost:4336
accept: */*

Response DefaultHttpResponse(decodeResult: success, version: HTTP/1.1)
HTTP/1.1 404 Not Found
Content-Length: 835
Content-Type: application/json; charset=utf-8
cache-control: no-cache

02:15:39.693 [AsyncHttpClient-1-11] DEBUG org.asynchttpclient.netty.channel.ChannelManager - Adding key: http://localhost:4336 for channel [id: 0x3f653ee4, L:/127.0.0.1:50921 - R:localhost/127.0.0.1:4336]
02:15:39.693 [Forwarding getCurrentUrl on session afbb3dd1ca644c9a2cea7e25c11e5d71 to remote] DEBUG org.asynchttpclient.netty.request.NettyRequestSender - Using pooled Channel '[id: 0x3f653ee4, L:/127.0.0.1:50921 - R:localhost/127.0.0.1:4336]' for 'GET' to 'http://localhost:4336/session/afbb3dd1ca644c9a2cea7e25c11e5d71/url'
02:15:39.693 [Forwarding getCurrentUrl on session afbb3dd1ca644c9a2cea7e25c11e5d71 to remote] DEBUG org.asynchttpclient.netty.request.NettyRequestSender - Using open Channel [id: 0x3f653ee4, L:/127.0.0.1:50921 - R:localhost/127.0.0.1:4336] for GET '/session/afbb3dd1ca644c9a2cea7e25c11e5d71/url'
02:15:39.696 [AsyncHttpClient-1-11] DEBUG org.asynchttpclient.netty.handler.HttpHandler - 

Request DefaultFullHttpRequest(decodeResult: success, version: HTTP/1.1, content: EmptyByteBufBE)
GET /session/afbb3dd1ca644c9a2cea7e25c11e5d71/url HTTP/1.1
User-Agent: selenium/4.8.1 (java windows)
Cache-Control: no-cache
Content-Type: application/json; charset=utf-8
host: localhost:4336
accept: */*

Response DefaultHttpResponse(decodeResult: success, version: HTTP/1.1)
HTTP/1.1 200 OK
Content-Length: 51
Content-Type: application/json; charset=utf-8
cache-control: no-cache

02:15:39.696 [AsyncHttpClient-1-11] DEBUG org.asynchttpclient.netty.channel.ChannelManager - Adding key: http://localhost:4336 for channel [id: 0x3f653ee4, L:/127.0.0.1:50921 - R:localhost/127.0.0.1:4336]
02:15:39.696 [Forwarding screenshot on session afbb3dd1ca644c9a2cea7e25c11e5d71 to remote] DEBUG org.asynchttpclient.netty.request.NettyRequestSender - Using pooled Channel '[id: 0x3f653ee4, L:/127.0.0.1:50921 - R:localhost/127.0.0.1:4336]' for 'GET' to 'http://localhost:4336/session/afbb3dd1ca644c9a2cea7e25c11e5d71/screenshot'
02:15:39.696 [Forwarding screenshot on session afbb3dd1ca644c9a2cea7e25c11e5d71 to remote] DEBUG org.asynchttpclient.netty.request.NettyRequestSender - Using open Channel [id: 0x3f653ee4, L:/127.0.0.1:50921 - R:localhost/127.0.0.1:4336] for GET '/session/afbb3dd1ca644c9a2cea7e25c11e5d71/screenshot'
02:15:39.793 [AsyncHttpClient-1-11] DEBUG org.asynchttpclient.netty.handler.HttpHandler - 

Request DefaultFullHttpRequest(decodeResult: success, version: HTTP/1.1, content: EmptyByteBufBE)
GET /session/afbb3dd1ca644c9a2cea7e25c11e5d71/screenshot HTTP/1.1
User-Agent: selenium/4.8.1 (java windows)
Cache-Control: no-cache
Content-Type: application/json; charset=utf-8
host: localhost:4336
accept: */*

Response DefaultHttpResponse(decodeResult: success, version: HTTP/1.1)
HTTP/1.1 200 OK
Content-Length: 210984
Content-Type: application/json; charset=utf-8
cache-control: no-cache

02:15:39.793 [AsyncHttpClient-1-11] DEBUG org.asynchttpclient.netty.channel.ChannelManager - Adding key: http://localhost:4336 for channel [id: 0x3f653ee4, L:/127.0.0.1:50921 - R:localhost/127.0.0.1:4336]
02:15:39.796 [main] DEBUG net.serenitybdd.core.photography.Darkroom - Send negative for processing for target\site\serenity\feeb2824cf5c53a209454eb7124d51a12c7b9fab7208177e4bc8efe6ccfbee57.png
02:15:39.797 [main] DEBUG net.thucydides.core.steps.StepInterceptor - STEP DONE: validateOnSelectNominal
  &amp#27;[32mThen &amp#27;[0m&amp#27;[32mI should be redirected to select nominal&amp#27;[0m                 &amp#27;[90m# starter.stepdefintions.SelectProductSteps.validateOnSelectNominal()&amp#27;[0m
02:15:39.797 [Darkroom Processing Line] DEBUG net.serenitybdd.core.photography.DarkroomProcessingLine - Processing screenshot image in /var/screenshots/screenshot-14972784640368283758
02:15:39.797 [Darkroom Processing Line] DEBUG net.serenitybdd.core.photography.DarkroomProcessingLine - Saving screenshot to target\site\serenity\feeb2824cf5c53a209454eb7124d51a12c7b9fab7208177e4bc8efe6ccfbee57.png
02:15:39.800 [main] INFO  - 
  _____   ___   ___   _____     ___     _     ___   ___   ___   ___  
 |_   _| | __| / __| |_   _|   | _ \   /_\   / __| / __| | __| |   \ 
   | |   | _|  \__ \   | |     |  _/  / _ \  \__ \ \__ \ | _|  | |) |
   |_|   |___| |___/   |_|     |_|   /_/ \_\ |___/ |___/ |___| |___/ 

Input correct nomor meter and correct nomor handphone
----------------------------------------------------------------------
02:15:39.801 [AsyncHttpClient-1-13] DEBUG org.asynchttpclient.netty.handler.WebSocketHandler - Channel Closed: [id: 0xd805f838, L:/127.0.0.1:50933 ! R:localhost/127.0.0.1:50923] with attribute NettyResponseFuture{currentRetry=0,
	isDone=1,
	isCancelled=0,
	asyncHandler=org.asynchttpclient.ws.WebSocketUpgradeHandler@20d742f1,
	nettyRequest=org.asynchttpclient.netty.request.NettyRequest@56aa8b15,
	future=java.util.concurrent.CompletableFuture@58909b49[Completed normally],
	uri=ws://localhost:50923/devtools/browser/627a1411-a3f0-49bd-943a-ecd218f120b9,
	keepAlive=true,
	redirectCount=0,
	timeoutsHolder=null,
	inAuth=0,
	touch=1680894932473}
02:15:39.801 [AsyncHttpClient-1-13] DEBUG org.asynchttpclient.netty.channel.ChannelManager - Closing Channel [id: 0xd805f838, L:/127.0.0.1:50933 ! R:localhost/127.0.0.1:50923] 
02:15:39.801 [Driver Command Executor] DEBUG org.asynchttpclient.netty.request.NettyRequestSender - Using pooled Channel '[id: 0x3f653ee4, L:/127.0.0.1:50921 - R:localhost/127.0.0.1:4336]' for 'DELETE' to 'http://localhost:4336/session/afbb3dd1ca644c9a2cea7e25c11e5d71'
02:15:39.802 [Driver Command Executor] DEBUG org.asynchttpclient.netty.request.NettyRequestSender - Using open Channel [id: 0x3f653ee4, L:/127.0.0.1:50921 - R:localhost/127.0.0.1:4336] for DELETE '/session/afbb3dd1ca644c9a2cea7e25c11e5d71'
02:15:39.825 [AsyncHttpClient-1-12] DEBUG org.asynchttpclient.netty.handler.HttpHandler - Unexpected I/O exception on channel [id: 0xe47468cb, L:/127.0.0.1:50932 - R:localhost/127.0.0.1:50923]
java.net.SocketException: Connection reset
	at java.base/sun.nio.ch.SocketChannelImpl.throwConnectionReset(SocketChannelImpl.java:367)
	at java.base/sun.nio.ch.SocketChannelImpl.read(SocketChannelImpl.java:398)
	at io.netty.buffer.PooledByteBuf.setBytes(PooledByteBuf.java:259)
	at io.netty.buffer.AbstractByteBuf.writeBytes(AbstractByteBuf.java:1132)
	at io.netty.buffer.WrappedByteBuf.writeBytes(WrappedByteBuf.java:821)
	at io.netty.channel.socket.nio.NioSocketChannel.doReadBytes(NioSocketChannel.java:357)
	at io.netty.channel.nio.AbstractNioByteChannel$NioByteUnsafe.read(AbstractNioByteChannel.java:151)
	at io.netty.channel.nio.NioEventLoop.processSelectedKey(NioEventLoop.java:788)
	at io.netty.channel.nio.NioEventLoop.processSelectedKeysOptimized(NioEventLoop.java:724)
	at io.netty.channel.nio.NioEventLoop.processSelectedKeys(NioEventLoop.java:650)
	at io.netty.channel.nio.NioEventLoop.run(NioEventLoop.java:562)
	at io.netty.util.concurrent.SingleThreadEventExecutor$4.run(SingleThreadEventExecutor.java:997)
	at io.netty.util.internal.ThreadExecutorMap$2.run(ThreadExecutorMap.java:74)
	at io.netty.util.concurrent.FastThreadLocalRunnable.run(FastThreadLocalRunnable.java:30)
	at java.base/java.lang.Thread.run(Thread.java:832)
02:15:39.825 [AsyncHttpClient-1-12] DEBUG org.asynchttpclient.netty.channel.ChannelManager - Closing Channel [id: 0xe47468cb, L:/127.0.0.1:50932 - R:localhost/127.0.0.1:50923] 
02:15:39.825 [AsyncHttpClient-1-12] DEBUG org.asynchttpclient.netty.handler.HttpHandler - Channel Closed: [id: 0xe47468cb, L:/127.0.0.1:50932 ! R:localhost/127.0.0.1:50923] with attribute DISCARD
02:15:39.841 [AsyncHttpClient-1-11] DEBUG org.asynchttpclient.netty.handler.HttpHandler - 

Request DefaultFullHttpRequest(decodeResult: success, version: HTTP/1.1, content: EmptyByteBufBE)
DELETE /session/afbb3dd1ca644c9a2cea7e25c11e5d71 HTTP/1.1
User-Agent: selenium/4.8.1 (java windows)
Content-Type: application/json; charset=utf-8
host: localhost:4336
accept: */*

Response DefaultHttpResponse(decodeResult: success, version: HTTP/1.1)
HTTP/1.1 200 OK
Content-Length: 14
Content-Type: application/json; charset=utf-8
cache-control: no-cache

02:15:39.841 [AsyncHttpClient-1-11] DEBUG org.asynchttpclient.netty.channel.ChannelManager - Adding key: http://localhost:4336 for channel [id: 0x3f653ee4, L:/127.0.0.1:50921 - R:localhost/127.0.0.1:4336]
02:15:39.971 [AsyncHttpClient-1-11] DEBUG org.asynchttpclient.netty.handler.HttpHandler - Channel Closed: [id: 0x3f653ee4, L:/127.0.0.1:50921 ! R:localhost/127.0.0.1:4336] with attribute DISCARD
02:15:40.352 [AsyncHttpClient-1-1] DEBUG org.asynchttpclient.netty.channel.DefaultChannelPool - Entry count for : http://localhost:4336 : 1
02:15:40.352 [AsyncHttpClient-1-1] DEBUG org.asynchttpclient.netty.channel.DefaultChannelPool - Entry count for : http://localhost:50923 : 1
02:15:40.352 [AsyncHttpClient-1-1] DEBUG org.asynchttpclient.netty.channel.DefaultChannelPool - Adding Candidate expired Channel [id: 0x3f653ee4, L:/127.0.0.1:50921 ! R:localhost/127.0.0.1:4336] isIdleTimeoutExpired=false isRemotelyClosed=true isTtlExpired=false
02:15:40.352 [AsyncHttpClient-1-1] DEBUG org.asynchttpclient.netty.channel.DefaultChannelPool - Closing Idle Channel [id: 0x3f653ee4, L:/127.0.0.1:50921 ! R:localhost/127.0.0.1:4336]
02:15:40.352 [AsyncHttpClient-1-1] DEBUG org.asynchttpclient.netty.channel.DefaultChannelPool - Adding Candidate expired Channel [id: 0xe47468cb, L:/127.0.0.1:50932 ! R:localhost/127.0.0.1:50923] isIdleTimeoutExpired=false isRemotelyClosed=true isTtlExpired=false
02:15:40.352 [AsyncHttpClient-1-1] DEBUG org.asynchttpclient.netty.channel.DefaultChannelPool - Closing Idle Channel [id: 0xe47468cb, L:/127.0.0.1:50932 ! R:localhost/127.0.0.1:50923]
02:15:40.352 [AsyncHttpClient-1-1] DEBUG org.asynchttpclient.netty.channel.DefaultChannelPool - Closed 2 connections out of 2 in 0 ms
]]></system-out>
    <system-err><![CDATA[Starting ChromeDriver 111.0.5563.64 (c710e93d5b63b7095afe8c2c17df34408078439d-refs/branch-heads/5563@{#995}) on port 4336
Only local connections are allowed.
Please see https://chromedriver.chromium.org/security-considerations for suggestions on keeping ChromeDriver safe.
ChromeDriver was started successfully.
[1680894932.452][WARNING]: This version of ChromeDriver has not been tested with Chrome version 112.
Apr 08, 2023 2:15:32 AM org.openqa.selenium.devtools.CdpVersionFinder findNearestMatch
WARNING: Unable to find an exact match for CDP version 112, so returning the closest version found: 110
]]></system-err>
  </testcase>
  <testcase name="Input incorrect nomor meter and correct nomor handphone" classname="Select Product ListrikPLN" time="15.102">
    <system-out><![CDATA[
Scenario: Input incorrect nomor meter and correct nomor handphone &amp#27;[90m# src/test/resources/features/SelectProduct.feature:11&amp#27;[0m
02:15:40.497 [main] DEBUG io.cucumber.core.plugin.SerenityReporter - Running feature from file:///C:/Users/WINDOWS%2010/Documents/GitHub/QE_Andira_Ms/11_Web_Programming_&_Testing/Praktikum/Testing_with_Serenity/Prioritas2/alta/src/test/resources/features/SelectProduct.feature
02:15:40.500 [main] INFO  - 
  _____   ___   ___   _____     ___   _____     _     ___   _____   ___   ___  
 |_   _| | __| / __| |_   _|   / __| |_   _|   /_\   | _ \ |_   _| | __| |   \ 
   | |   | _|  \__ \   | |     \__ \   | |    / _ \  |   /   | |   | _|  | |) |
   |_|   |___| |___/   |_|     |___/   |_|   /_/ \_\ |_|_\   |_|   |___| |___/ 

Input incorrect nomor meter and correct nomor handphone(select-product-listrikpln;input-incorrect-nomor-meter-and-correct-nomor-handphone)
--------------------------------------------------------------------------------
02:15:40.525 [main] DEBUG net.thucydides.core.steps.StepInterceptor - STARTING STEP: SelectProductSteps.onTheHomePage - openPage
02:15:40.564 [main] INFO net.serenitybdd.core.webdriver.driverproviders.ChromeDriverProvider - Starting Chrome driver instance with capabilities:
02:15:40.564 [main] INFO net.serenitybdd.core.webdriver.driverproviders.ChromeDriverProvider - Capabilities {acceptInsecureCerts: false, browserName: chrome, goog:chromeOptions: {args: [remote-allow-origins=*], extensions: []}}
02:15:40.638 [AsyncHttpClient-1-14] DEBUG org.asynchttpclient.netty.channel.NettyConnectListener - Using new Channel '[id: 0x540f8c51, L:/127.0.0.1:50975 - R:localhost/127.0.0.1:13564]' for 'POST' to '/session'
02:15:41.236 [AsyncHttpClient-1-14] DEBUG org.asynchttpclient.netty.handler.HttpHandler - 

Request DefaultHttpRequest(decodeResult: success, version: HTTP/1.1)
POST /session HTTP/1.1
User-Agent: selenium/4.8.1 (java windows)
Content-Length: 507
Content-Type: application/json; charset=utf-8
host: localhost:13564
accept: */*

Response DefaultHttpResponse(decodeResult: success, version: HTTP/1.1)
HTTP/1.1 200 OK
Content-Length: 862
Content-Type: application/json; charset=utf-8
cache-control: no-cache

02:15:41.236 [AsyncHttpClient-1-14] DEBUG org.asynchttpclient.netty.channel.ChannelManager - Adding key: http://localhost:13564 for channel [id: 0x540f8c51, L:/127.0.0.1:50975 - R:localhost/127.0.0.1:13564]
02:15:41.241 [AsyncHttpClient-1-15] DEBUG org.asynchttpclient.netty.channel.NettyConnectListener - Using new Channel '[id: 0xcd67b3ef, L:/127.0.0.1:50984 - R:localhost/127.0.0.1:50976]' for 'GET' to '/json/version'
02:15:41.243 [AsyncHttpClient-1-15] DEBUG org.asynchttpclient.netty.handler.HttpHandler - 

Request DefaultFullHttpRequest(decodeResult: success, version: HTTP/1.1, content: EmptyByteBufBE)
GET /json/version HTTP/1.1
User-Agent: selenium/4.8.1 (java windows)
host: localhost:50976
accept: */*

Response DefaultHttpResponse(decodeResult: success, version: HTTP/1.1)
HTTP/1.1 200 OK
Content-Security-Policy: frame-ancestors 'none'
Content-Length: 422
Content-Type: application/json; charset=UTF-8

02:15:41.243 [AsyncHttpClient-1-15] DEBUG org.asynchttpclient.netty.channel.ChannelManager - Adding key: http://localhost:50976 for channel [id: 0xcd67b3ef, L:/127.0.0.1:50984 - R:localhost/127.0.0.1:50976]
02:15:41.244 [AsyncHttpClient-1-16] DEBUG org.asynchttpclient.netty.channel.NettyConnectListener - Using new Channel '[id: 0xe41c45d4, L:/127.0.0.1:50985 - R:localhost/127.0.0.1:50976]' for 'GET' to '/devtools/browser/16b0b2b2-6a4e-48b9-936d-08eb3bc82a3d'
02:15:41.246 [AsyncHttpClient-1-16] DEBUG org.asynchttpclient.netty.handler.WebSocketHandler - 

Request DefaultFullHttpRequest(decodeResult: success, version: HTTP/1.1, content: EmptyByteBufBE)
GET /devtools/browser/16b0b2b2-6a4e-48b9-936d-08eb3bc82a3d HTTP/1.1
upgrade: websocket
connection: upgrade
sec-websocket-key: POC347M36cGc/hw/u4vOMg==
sec-websocket-version: 13
origin: http://localhost:50976
host: localhost:50976
accept: */*
user-agent: AHC/2.1

Response DefaultHttpResponse(decodeResult: success, version: HTTP/1.1)
HTTP/1.1 101 WebSocket Protocol Handshake
Upgrade: WebSocket
Connection: Upgrade
Sec-WebSocket-Accept: PpkJ95QGAKSM3hf6lx8Ggk2NiJY=

02:15:41.248 [Forwarding get on session c0968eb5b5cb85f1fcc34796a40747d0 to remote] DEBUG org.asynchttpclient.netty.request.NettyRequestSender - Using pooled Channel '[id: 0x540f8c51, L:/127.0.0.1:50975 - R:localhost/127.0.0.1:13564]' for 'POST' to 'http://localhost:13564/session/c0968eb5b5cb85f1fcc34796a40747d0/url'
02:15:41.249 [Forwarding get on session c0968eb5b5cb85f1fcc34796a40747d0 to remote] DEBUG org.asynchttpclient.netty.request.NettyRequestSender - Using open Channel [id: 0x540f8c51, L:/127.0.0.1:50975 - R:localhost/127.0.0.1:13564] for POST '/session/c0968eb5b5cb85f1fcc34796a40747d0/url'
02:15:41.449 [AsyncHttpClient-1-1] DEBUG org.asynchttpclient.netty.channel.DefaultChannelPool - Entry count for : http://localhost:50976 : 1
02:15:42.553 [AsyncHttpClient-1-1] DEBUG org.asynchttpclient.netty.channel.DefaultChannelPool - Entry count for : http://localhost:50976 : 1
02:15:43.650 [AsyncHttpClient-1-1] DEBUG org.asynchttpclient.netty.channel.DefaultChannelPool - Entry count for : http://localhost:50976 : 1
02:15:44.749 [AsyncHttpClient-1-1] DEBUG org.asynchttpclient.netty.channel.DefaultChannelPool - Entry count for : http://localhost:50976 : 1
02:15:45.851 [AsyncHttpClient-1-1] DEBUG org.asynchttpclient.netty.channel.DefaultChannelPool - Entry count for : http://localhost:50976 : 1
02:15:46.949 [AsyncHttpClient-1-1] DEBUG org.asynchttpclient.netty.channel.DefaultChannelPool - Entry count for : http://localhost:50976 : 1
02:15:48.055 [AsyncHttpClient-1-1] DEBUG org.asynchttpclient.netty.channel.DefaultChannelPool - Entry count for : http://localhost:50976 : 1
02:15:49.148 [AsyncHttpClient-1-1] DEBUG org.asynchttpclient.netty.channel.DefaultChannelPool - Entry count for : http://localhost:50976 : 1
02:15:50.255 [AsyncHttpClient-1-1] DEBUG org.asynchttpclient.netty.channel.DefaultChannelPool - Entry count for : http://localhost:50976 : 1
02:15:51.353 [AsyncHttpClient-1-1] DEBUG org.asynchttpclient.netty.channel.DefaultChannelPool - Entry count for : http://localhost:50976 : 1
02:15:52.448 [AsyncHttpClient-1-1] DEBUG org.asynchttpclient.netty.channel.DefaultChannelPool - Entry count for : http://localhost:50976 : 1
02:15:52.931 [AsyncHttpClient-1-14] DEBUG org.asynchttpclient.netty.handler.HttpHandler - 

Request DefaultHttpRequest(decodeResult: success, version: HTTP/1.1)
POST /session/c0968eb5b5cb85f1fcc34796a40747d0/url HTTP/1.1
User-Agent: selenium/4.8.1 (java windows)
Content-Length: 54
Content-Type: application/json; charset=utf-8
host: localhost:13564
accept: */*

Response DefaultHttpResponse(decodeResult: success, version: HTTP/1.1)
HTTP/1.1 200 OK
Content-Length: 14
Content-Type: application/json; charset=utf-8
cache-control: no-cache

02:15:52.931 [AsyncHttpClient-1-14] DEBUG org.asynchttpclient.netty.channel.ChannelManager - Adding key: http://localhost:13564 for channel [id: 0x540f8c51, L:/127.0.0.1:50975 - R:localhost/127.0.0.1:13564]
02:15:52.932 [Forwarding setTimeout on session c0968eb5b5cb85f1fcc34796a40747d0 to remote] DEBUG org.asynchttpclient.netty.request.NettyRequestSender - Using pooled Channel '[id: 0x540f8c51, L:/127.0.0.1:50975 - R:localhost/127.0.0.1:13564]' for 'POST' to 'http://localhost:13564/session/c0968eb5b5cb85f1fcc34796a40747d0/timeouts'
02:15:52.932 [Forwarding setTimeout on session c0968eb5b5cb85f1fcc34796a40747d0 to remote] DEBUG org.asynchttpclient.netty.request.NettyRequestSender - Using open Channel [id: 0x540f8c51, L:/127.0.0.1:50975 - R:localhost/127.0.0.1:13564] for POST '/session/c0968eb5b5cb85f1fcc34796a40747d0/timeouts'
02:15:52.933 [AsyncHttpClient-1-14] DEBUG org.asynchttpclient.netty.handler.HttpHandler - 

Request DefaultHttpRequest(decodeResult: success, version: HTTP/1.1)
POST /session/c0968eb5b5cb85f1fcc34796a40747d0/timeouts HTTP/1.1
User-Agent: selenium/4.8.1 (java windows)
Content-Length: 22
Content-Type: application/json; charset=utf-8
host: localhost:13564
accept: */*

Response DefaultHttpResponse(decodeResult: success, version: HTTP/1.1)
HTTP/1.1 200 OK
Content-Length: 14
Content-Type: application/json; charset=utf-8
cache-control: no-cache

02:15:52.933 [AsyncHttpClient-1-14] DEBUG org.asynchttpclient.netty.channel.ChannelManager - Adding key: http://localhost:13564 for channel [id: 0x540f8c51, L:/127.0.0.1:50975 - R:localhost/127.0.0.1:13564]
02:15:52.937 [Forwarding getAlertText on session c0968eb5b5cb85f1fcc34796a40747d0 to remote] DEBUG org.asynchttpclient.netty.request.NettyRequestSender - Using pooled Channel '[id: 0x540f8c51, L:/127.0.0.1:50975 - R:localhost/127.0.0.1:13564]' for 'GET' to 'http://localhost:13564/session/c0968eb5b5cb85f1fcc34796a40747d0/alert/text'
02:15:52.937 [Forwarding getAlertText on session c0968eb5b5cb85f1fcc34796a40747d0 to remote] DEBUG org.asynchttpclient.netty.request.NettyRequestSender - Using open Channel [id: 0x540f8c51, L:/127.0.0.1:50975 - R:localhost/127.0.0.1:13564] for GET '/session/c0968eb5b5cb85f1fcc34796a40747d0/alert/text'
02:15:52.938 [AsyncHttpClient-1-14] DEBUG org.asynchttpclient.netty.handler.HttpHandler - 

Request DefaultFullHttpRequest(decodeResult: success, version: HTTP/1.1, content: EmptyByteBufBE)
GET /session/c0968eb5b5cb85f1fcc34796a40747d0/alert/text HTTP/1.1
User-Agent: selenium/4.8.1 (java windows)
Cache-Control: no-cache
Content-Type: application/json; charset=utf-8
host: localhost:13564
accept: */*

Response DefaultHttpResponse(decodeResult: success, version: HTTP/1.1)
HTTP/1.1 404 Not Found
Content-Length: 835
Content-Type: application/json; charset=utf-8
cache-control: no-cache

02:15:52.938 [AsyncHttpClient-1-14] DEBUG org.asynchttpclient.netty.channel.ChannelManager - Adding key: http://localhost:13564 for channel [id: 0x540f8c51, L:/127.0.0.1:50975 - R:localhost/127.0.0.1:13564]
02:15:52.939 [Forwarding getCurrentUrl on session c0968eb5b5cb85f1fcc34796a40747d0 to remote] DEBUG org.asynchttpclient.netty.request.NettyRequestSender - Using pooled Channel '[id: 0x540f8c51, L:/127.0.0.1:50975 - R:localhost/127.0.0.1:13564]' for 'GET' to 'http://localhost:13564/session/c0968eb5b5cb85f1fcc34796a40747d0/url'
02:15:52.939 [Forwarding getCurrentUrl on session c0968eb5b5cb85f1fcc34796a40747d0 to remote] DEBUG org.asynchttpclient.netty.request.NettyRequestSender - Using open Channel [id: 0x540f8c51, L:/127.0.0.1:50975 - R:localhost/127.0.0.1:13564] for GET '/session/c0968eb5b5cb85f1fcc34796a40747d0/url'
02:15:52.942 [AsyncHttpClient-1-14] DEBUG org.asynchttpclient.netty.handler.HttpHandler - 

Request DefaultFullHttpRequest(decodeResult: success, version: HTTP/1.1, content: EmptyByteBufBE)
GET /session/c0968eb5b5cb85f1fcc34796a40747d0/url HTTP/1.1
User-Agent: selenium/4.8.1 (java windows)
Cache-Control: no-cache
Content-Type: application/json; charset=utf-8
host: localhost:13564
accept: */*

Response DefaultHttpResponse(decodeResult: success, version: HTTP/1.1)
HTTP/1.1 200 OK
Content-Length: 36
Content-Type: application/json; charset=utf-8
cache-control: no-cache

02:15:52.942 [AsyncHttpClient-1-14] DEBUG org.asynchttpclient.netty.channel.ChannelManager - Adding key: http://localhost:13564 for channel [id: 0x540f8c51, L:/127.0.0.1:50975 - R:localhost/127.0.0.1:13564]
02:15:52.943 [Forwarding screenshot on session c0968eb5b5cb85f1fcc34796a40747d0 to remote] DEBUG org.asynchttpclient.netty.request.NettyRequestSender - Using pooled Channel '[id: 0x540f8c51, L:/127.0.0.1:50975 - R:localhost/127.0.0.1:13564]' for 'GET' to 'http://localhost:13564/session/c0968eb5b5cb85f1fcc34796a40747d0/screenshot'
02:15:52.943 [Forwarding screenshot on session c0968eb5b5cb85f1fcc34796a40747d0 to remote] DEBUG org.asynchttpclient.netty.request.NettyRequestSender - Using open Channel [id: 0x540f8c51, L:/127.0.0.1:50975 - R:localhost/127.0.0.1:13564] for GET '/session/c0968eb5b5cb85f1fcc34796a40747d0/screenshot'
02:15:53.134 [AsyncHttpClient-1-14] DEBUG org.asynchttpclient.netty.handler.HttpHandler - 

Request DefaultFullHttpRequest(decodeResult: success, version: HTTP/1.1, content: EmptyByteBufBE)
GET /session/c0968eb5b5cb85f1fcc34796a40747d0/screenshot HTTP/1.1
User-Agent: selenium/4.8.1 (java windows)
Cache-Control: no-cache
Content-Type: application/json; charset=utf-8
host: localhost:13564
accept: */*

Response DefaultHttpResponse(decodeResult: success, version: HTTP/1.1)
HTTP/1.1 200 OK
Content-Length: 527468
Content-Type: application/json; charset=utf-8
cache-control: no-cache

02:15:53.135 [AsyncHttpClient-1-14] DEBUG org.asynchttpclient.netty.channel.ChannelManager - Adding key: http://localhost:13564 for channel [id: 0x540f8c51, L:/127.0.0.1:50975 - R:localhost/127.0.0.1:13564]
02:15:53.141 [main] DEBUG net.serenitybdd.core.photography.Darkroom - Send negative for processing for target\site\serenity\b33df01541b5b19264f32bba79ed319e8f9492d619030d4e88c940b717e50670.png
02:15:53.142 [main] DEBUG net.thucydides.core.steps.StepInterceptor - STEP DONE: openPage
  &amp#27;[32mGiven &amp#27;[0m&amp#27;[32mI am on the home page&amp#27;[0m                                     &amp#27;[90m# starter.stepdefintions.SelectProductSteps.onTheHomePage()&amp#27;[0m
02:15:53.147 [Forwarding getPageSource on session c0968eb5b5cb85f1fcc34796a40747d0 to remote] DEBUG org.asynchttpclient.netty.request.NettyRequestSender - Using pooled Channel '[id: 0x540f8c51, L:/127.0.0.1:50975 - R:localhost/127.0.0.1:13564]' for 'POST' to 'http://localhost:13564/session/c0968eb5b5cb85f1fcc34796a40747d0/execute/sync'
02:15:53.147 [Forwarding getPageSource on session c0968eb5b5cb85f1fcc34796a40747d0 to remote] DEBUG org.asynchttpclient.netty.request.NettyRequestSender - Using open Channel [id: 0x540f8c51, L:/127.0.0.1:50975 - R:localhost/127.0.0.1:13564] for POST '/session/c0968eb5b5cb85f1fcc34796a40747d0/execute/sync'
02:15:53.159 [AsyncHttpClient-1-14] DEBUG org.asynchttpclient.netty.handler.HttpHandler - 

Request DefaultHttpRequest(decodeResult: success, version: HTTP/1.1)
POST /session/c0968eb5b5cb85f1fcc34796a40747d0/execute/sync HTTP/1.1
User-Agent: selenium/4.8.1 (java windows)
Content-Length: 176
Content-Type: application/json; charset=utf-8
host: localhost:13564
accept: */*

Response DefaultHttpResponse(decodeResult: success, version: HTTP/1.1)
HTTP/1.1 200 OK
Content-Length: 174757
Content-Type: application/json; charset=utf-8
cache-control: no-cache

02:15:53.160 [AsyncHttpClient-1-14] DEBUG org.asynchttpclient.netty.channel.ChannelManager - Adding key: http://localhost:13564 for channel [id: 0x540f8c51, L:/127.0.0.1:50975 - R:localhost/127.0.0.1:13564]
02:15:53.170 [Forwarding getCurrentUrl on session c0968eb5b5cb85f1fcc34796a40747d0 to remote] DEBUG org.asynchttpclient.netty.request.NettyRequestSender - Using pooled Channel '[id: 0x540f8c51, L:/127.0.0.1:50975 - R:localhost/127.0.0.1:13564]' for 'GET' to 'http://localhost:13564/session/c0968eb5b5cb85f1fcc34796a40747d0/url'
02:15:53.170 [Forwarding getCurrentUrl on session c0968eb5b5cb85f1fcc34796a40747d0 to remote] DEBUG org.asynchttpclient.netty.request.NettyRequestSender - Using open Channel [id: 0x540f8c51, L:/127.0.0.1:50975 - R:localhost/127.0.0.1:13564] for GET '/session/c0968eb5b5cb85f1fcc34796a40747d0/url'
02:15:53.173 [AsyncHttpClient-1-14] DEBUG org.asynchttpclient.netty.handler.HttpHandler - 

Request DefaultFullHttpRequest(decodeResult: success, version: HTTP/1.1, content: EmptyByteBufBE)
GET /session/c0968eb5b5cb85f1fcc34796a40747d0/url HTTP/1.1
User-Agent: selenium/4.8.1 (java windows)
Cache-Control: no-cache
Content-Type: application/json; charset=utf-8
host: localhost:13564
accept: */*

Response DefaultHttpResponse(decodeResult: success, version: HTTP/1.1)
HTTP/1.1 200 OK
Content-Length: 36
Content-Type: application/json; charset=utf-8
cache-control: no-cache

02:15:53.173 [AsyncHttpClient-1-14] DEBUG org.asynchttpclient.netty.channel.ChannelManager - Adding key: http://localhost:13564 for channel [id: 0x540f8c51, L:/127.0.0.1:50975 - R:localhost/127.0.0.1:13564]
02:15:53.180 [Forwarding getPageSource on session c0968eb5b5cb85f1fcc34796a40747d0 to remote] DEBUG org.asynchttpclient.netty.request.NettyRequestSender - Using pooled Channel '[id: 0x540f8c51, L:/127.0.0.1:50975 - R:localhost/127.0.0.1:13564]' for 'POST' to 'http://localhost:13564/session/c0968eb5b5cb85f1fcc34796a40747d0/execute/sync'
02:15:53.180 [Forwarding getPageSource on session c0968eb5b5cb85f1fcc34796a40747d0 to remote] DEBUG org.asynchttpclient.netty.request.NettyRequestSender - Using open Channel [id: 0x540f8c51, L:/127.0.0.1:50975 - R:localhost/127.0.0.1:13564] for POST '/session/c0968eb5b5cb85f1fcc34796a40747d0/execute/sync'
02:15:53.193 [AsyncHttpClient-1-14] DEBUG org.asynchttpclient.netty.handler.HttpHandler - 

Request DefaultHttpRequest(decodeResult: success, version: HTTP/1.1)
POST /session/c0968eb5b5cb85f1fcc34796a40747d0/execute/sync HTTP/1.1
User-Agent: selenium/4.8.1 (java windows)
Content-Length: 176
Content-Type: application/json; charset=utf-8
host: localhost:13564
accept: */*

Response DefaultHttpResponse(decodeResult: success, version: HTTP/1.1)
HTTP/1.1 200 OK
Content-Length: 174757
Content-Type: application/json; charset=utf-8
cache-control: no-cache

02:15:53.193 [AsyncHttpClient-1-14] DEBUG org.asynchttpclient.netty.channel.ChannelManager - Adding key: http://localhost:13564 for channel [id: 0x540f8c51, L:/127.0.0.1:50975 - R:localhost/127.0.0.1:13564]
02:15:53.201 [Forwarding getCurrentUrl on session c0968eb5b5cb85f1fcc34796a40747d0 to remote] DEBUG org.asynchttpclient.netty.request.NettyRequestSender - Using pooled Channel '[id: 0x540f8c51, L:/127.0.0.1:50975 - R:localhost/127.0.0.1:13564]' for 'GET' to 'http://localhost:13564/session/c0968eb5b5cb85f1fcc34796a40747d0/url'
02:15:53.201 [Forwarding getCurrentUrl on session c0968eb5b5cb85f1fcc34796a40747d0 to remote] DEBUG org.asynchttpclient.netty.request.NettyRequestSender - Using open Channel [id: 0x540f8c51, L:/127.0.0.1:50975 - R:localhost/127.0.0.1:13564] for GET '/session/c0968eb5b5cb85f1fcc34796a40747d0/url'
02:15:53.204 [AsyncHttpClient-1-14] DEBUG org.asynchttpclient.netty.handler.HttpHandler - 

Request DefaultFullHttpRequest(decodeResult: success, version: HTTP/1.1, content: EmptyByteBufBE)
GET /session/c0968eb5b5cb85f1fcc34796a40747d0/url HTTP/1.1
User-Agent: selenium/4.8.1 (java windows)
Cache-Control: no-cache
Content-Type: application/json; charset=utf-8
host: localhost:13564
accept: */*

Response DefaultHttpResponse(decodeResult: success, version: HTTP/1.1)
HTTP/1.1 200 OK
Content-Length: 36
Content-Type: application/json; charset=utf-8
cache-control: no-cache

02:15:53.204 [AsyncHttpClient-1-14] DEBUG org.asynchttpclient.netty.channel.ChannelManager - Adding key: http://localhost:13564 for channel [id: 0x540f8c51, L:/127.0.0.1:50975 - R:localhost/127.0.0.1:13564]
02:15:53.206 [main] DEBUG net.thucydides.core.steps.StepInterceptor - STARTING STEP: SelectProductSteps.clickListrikPLN - clickProductItem
02:15:53.207 [Forwarding findElement on session c0968eb5b5cb85f1fcc34796a40747d0 to remote] DEBUG org.asynchttpclient.netty.request.NettyRequestSender - Using pooled Channel '[id: 0x540f8c51, L:/127.0.0.1:50975 - R:localhost/127.0.0.1:13564]' for 'POST' to 'http://localhost:13564/session/c0968eb5b5cb85f1fcc34796a40747d0/element'
02:15:53.207 [Forwarding findElement on session c0968eb5b5cb85f1fcc34796a40747d0 to remote] DEBUG org.asynchttpclient.netty.request.NettyRequestSender - Using open Channel [id: 0x540f8c51, L:/127.0.0.1:50975 - R:localhost/127.0.0.1:13564] for POST '/session/c0968eb5b5cb85f1fcc34796a40747d0/element'
02:15:53.217 [AsyncHttpClient-1-14] DEBUG org.asynchttpclient.netty.handler.HttpHandler - 

Request DefaultHttpRequest(decodeResult: success, version: HTTP/1.1)
POST /session/c0968eb5b5cb85f1fcc34796a40747d0/element HTTP/1.1
User-Agent: selenium/4.8.1 (java windows)
Content-Length: 59
Content-Type: application/json; charset=utf-8
host: localhost:13564
accept: */*

Response DefaultHttpResponse(decodeResult: success, version: HTTP/1.1)
HTTP/1.1 200 OK
Content-Length: 88
Content-Type: application/json; charset=utf-8
cache-control: no-cache

02:15:53.217 [AsyncHttpClient-1-14] DEBUG org.asynchttpclient.netty.channel.ChannelManager - Adding key: http://localhost:13564 for channel [id: 0x540f8c51, L:/127.0.0.1:50975 - R:localhost/127.0.0.1:13564]
02:15:53.218 [Forwarding getElementTagName on session c0968eb5b5cb85f1fcc34796a40747d0 to remote] DEBUG org.asynchttpclient.netty.request.NettyRequestSender - Using pooled Channel '[id: 0x540f8c51, L:/127.0.0.1:50975 - R:localhost/127.0.0.1:13564]' for 'GET' to 'http://localhost:13564/session/c0968eb5b5cb85f1fcc34796a40747d0/element/25a63c0f-46f8-4478-9b5f-aedafc2e75df/name'
02:15:53.218 [Forwarding getElementTagName on session c0968eb5b5cb85f1fcc34796a40747d0 to remote] DEBUG org.asynchttpclient.netty.request.NettyRequestSender - Using open Channel [id: 0x540f8c51, L:/127.0.0.1:50975 - R:localhost/127.0.0.1:13564] for GET '/session/c0968eb5b5cb85f1fcc34796a40747d0/element/25a63c0f-46f8-4478-9b5f-aedafc2e75df/name'
02:15:53.221 [AsyncHttpClient-1-14] DEBUG org.asynchttpclient.netty.handler.HttpHandler - 

Request DefaultFullHttpRequest(decodeResult: success, version: HTTP/1.1, content: EmptyByteBufBE)
GET /session/c0968eb5b5cb85f1fcc34796a40747d0/element/25a63c0f-46f8-4478-9b5f-aedafc2e75df/name HTTP/1.1
User-Agent: selenium/4.8.1 (java windows)
Cache-Control: no-cache
Content-Type: application/json; charset=utf-8
host: localhost:13564
accept: */*

Response DefaultHttpResponse(decodeResult: success, version: HTTP/1.1)
HTTP/1.1 200 OK
Content-Length: 15
Content-Type: application/json; charset=utf-8
cache-control: no-cache

02:15:53.221 [AsyncHttpClient-1-14] DEBUG org.asynchttpclient.netty.channel.ChannelManager - Adding key: http://localhost:13564 for channel [id: 0x540f8c51, L:/127.0.0.1:50975 - R:localhost/127.0.0.1:13564]
02:15:53.222 [Forwarding getElementTagName on session c0968eb5b5cb85f1fcc34796a40747d0 to remote] DEBUG org.asynchttpclient.netty.request.NettyRequestSender - Using pooled Channel '[id: 0x540f8c51, L:/127.0.0.1:50975 - R:localhost/127.0.0.1:13564]' for 'GET' to 'http://localhost:13564/session/c0968eb5b5cb85f1fcc34796a40747d0/element/25a63c0f-46f8-4478-9b5f-aedafc2e75df/name'
02:15:53.222 [Forwarding getElementTagName on session c0968eb5b5cb85f1fcc34796a40747d0 to remote] DEBUG org.asynchttpclient.netty.request.NettyRequestSender - Using open Channel [id: 0x540f8c51, L:/127.0.0.1:50975 - R:localhost/127.0.0.1:13564] for GET '/session/c0968eb5b5cb85f1fcc34796a40747d0/element/25a63c0f-46f8-4478-9b5f-aedafc2e75df/name'
02:15:53.225 [AsyncHttpClient-1-14] DEBUG org.asynchttpclient.netty.handler.HttpHandler - 

Request DefaultFullHttpRequest(decodeResult: success, version: HTTP/1.1, content: EmptyByteBufBE)
GET /session/c0968eb5b5cb85f1fcc34796a40747d0/element/25a63c0f-46f8-4478-9b5f-aedafc2e75df/name HTTP/1.1
User-Agent: selenium/4.8.1 (java windows)
Cache-Control: no-cache
Content-Type: application/json; charset=utf-8
host: localhost:13564
accept: */*

Response DefaultHttpResponse(decodeResult: success, version: HTTP/1.1)
HTTP/1.1 200 OK
Content-Length: 15
Content-Type: application/json; charset=utf-8
cache-control: no-cache

02:15:53.225 [AsyncHttpClient-1-14] DEBUG org.asynchttpclient.netty.channel.ChannelManager - Adding key: http://localhost:13564 for channel [id: 0x540f8c51, L:/127.0.0.1:50975 - R:localhost/127.0.0.1:13564]
02:15:53.226 [Forwarding findElement on session c0968eb5b5cb85f1fcc34796a40747d0 to remote] DEBUG org.asynchttpclient.netty.request.NettyRequestSender - Using pooled Channel '[id: 0x540f8c51, L:/127.0.0.1:50975 - R:localhost/127.0.0.1:13564]' for 'POST' to 'http://localhost:13564/session/c0968eb5b5cb85f1fcc34796a40747d0/element'
02:15:53.226 [Forwarding findElement on session c0968eb5b5cb85f1fcc34796a40747d0 to remote] DEBUG org.asynchttpclient.netty.request.NettyRequestSender - Using open Channel [id: 0x540f8c51, L:/127.0.0.1:50975 - R:localhost/127.0.0.1:13564] for POST '/session/c0968eb5b5cb85f1fcc34796a40747d0/element'
02:15:53.231 [AsyncHttpClient-1-14] DEBUG org.asynchttpclient.netty.handler.HttpHandler - 

Request DefaultHttpRequest(decodeResult: success, version: HTTP/1.1)
POST /session/c0968eb5b5cb85f1fcc34796a40747d0/element HTTP/1.1
User-Agent: selenium/4.8.1 (java windows)
Content-Length: 59
Content-Type: application/json; charset=utf-8
host: localhost:13564
accept: */*

Response DefaultHttpResponse(decodeResult: success, version: HTTP/1.1)
HTTP/1.1 200 OK
Content-Length: 88
Content-Type: application/json; charset=utf-8
cache-control: no-cache

02:15:53.231 [AsyncHttpClient-1-14] DEBUG org.asynchttpclient.netty.channel.ChannelManager - Adding key: http://localhost:13564 for channel [id: 0x540f8c51, L:/127.0.0.1:50975 - R:localhost/127.0.0.1:13564]
02:15:53.232 [Forwarding clickElement on session c0968eb5b5cb85f1fcc34796a40747d0 to remote] DEBUG org.asynchttpclient.netty.request.NettyRequestSender - Using pooled Channel '[id: 0x540f8c51, L:/127.0.0.1:50975 - R:localhost/127.0.0.1:13564]' for 'POST' to 'http://localhost:13564/session/c0968eb5b5cb85f1fcc34796a40747d0/element/25a63c0f-46f8-4478-9b5f-aedafc2e75df/click'
02:15:53.232 [Forwarding clickElement on session c0968eb5b5cb85f1fcc34796a40747d0 to remote] DEBUG org.asynchttpclient.netty.request.NettyRequestSender - Using open Channel [id: 0x540f8c51, L:/127.0.0.1:50975 - R:localhost/127.0.0.1:13564] for POST '/session/c0968eb5b5cb85f1fcc34796a40747d0/element/25a63c0f-46f8-4478-9b5f-aedafc2e75df/click'
02:15:53.263 [AsyncHttpClient-1-14] DEBUG org.asynchttpclient.netty.handler.HttpHandler - 

Request DefaultHttpRequest(decodeResult: success, version: HTTP/1.1)
POST /session/c0968eb5b5cb85f1fcc34796a40747d0/element/25a63c0f-46f8-4478-9b5f-aedafc2e75df/click HTTP/1.1
User-Agent: selenium/4.8.1 (java windows)
Content-Length: 50
Content-Type: application/json; charset=utf-8
host: localhost:13564
accept: */*

Response DefaultHttpResponse(decodeResult: success, version: HTTP/1.1)
HTTP/1.1 200 OK
Content-Length: 14
Content-Type: application/json; charset=utf-8
cache-control: no-cache

02:15:53.263 [AsyncHttpClient-1-14] DEBUG org.asynchttpclient.netty.channel.ChannelManager - Adding key: http://localhost:13564 for channel [id: 0x540f8c51, L:/127.0.0.1:50975 - R:localhost/127.0.0.1:13564]
02:15:53.270 [Forwarding getAlertText on session c0968eb5b5cb85f1fcc34796a40747d0 to remote] DEBUG org.asynchttpclient.netty.request.NettyRequestSender - Using pooled Channel '[id: 0x540f8c51, L:/127.0.0.1:50975 - R:localhost/127.0.0.1:13564]' for 'GET' to 'http://localhost:13564/session/c0968eb5b5cb85f1fcc34796a40747d0/alert/text'
02:15:53.270 [Forwarding getAlertText on session c0968eb5b5cb85f1fcc34796a40747d0 to remote] DEBUG org.asynchttpclient.netty.request.NettyRequestSender - Using open Channel [id: 0x540f8c51, L:/127.0.0.1:50975 - R:localhost/127.0.0.1:13564] for GET '/session/c0968eb5b5cb85f1fcc34796a40747d0/alert/text'
02:15:53.346 [AsyncHttpClient-1-14] DEBUG org.asynchttpclient.netty.handler.HttpHandler - 

Request DefaultFullHttpRequest(decodeResult: success, version: HTTP/1.1, content: EmptyByteBufBE)
GET /session/c0968eb5b5cb85f1fcc34796a40747d0/alert/text HTTP/1.1
User-Agent: selenium/4.8.1 (java windows)
Cache-Control: no-cache
Content-Type: application/json; charset=utf-8
host: localhost:13564
accept: */*

Response DefaultHttpResponse(decodeResult: success, version: HTTP/1.1)
HTTP/1.1 404 Not Found
Content-Length: 835
Content-Type: application/json; charset=utf-8
cache-control: no-cache

02:15:53.346 [AsyncHttpClient-1-14] DEBUG org.asynchttpclient.netty.channel.ChannelManager - Adding key: http://localhost:13564 for channel [id: 0x540f8c51, L:/127.0.0.1:50975 - R:localhost/127.0.0.1:13564]
02:15:53.347 [Forwarding getCurrentUrl on session c0968eb5b5cb85f1fcc34796a40747d0 to remote] DEBUG org.asynchttpclient.netty.request.NettyRequestSender - Using pooled Channel '[id: 0x540f8c51, L:/127.0.0.1:50975 - R:localhost/127.0.0.1:13564]' for 'GET' to 'http://localhost:13564/session/c0968eb5b5cb85f1fcc34796a40747d0/url'
02:15:53.347 [Forwarding getCurrentUrl on session c0968eb5b5cb85f1fcc34796a40747d0 to remote] DEBUG org.asynchttpclient.netty.request.NettyRequestSender - Using open Channel [id: 0x540f8c51, L:/127.0.0.1:50975 - R:localhost/127.0.0.1:13564] for GET '/session/c0968eb5b5cb85f1fcc34796a40747d0/url'
02:15:53.353 [AsyncHttpClient-1-14] DEBUG org.asynchttpclient.netty.handler.HttpHandler - 

Request DefaultFullHttpRequest(decodeResult: success, version: HTTP/1.1, content: EmptyByteBufBE)
GET /session/c0968eb5b5cb85f1fcc34796a40747d0/url HTTP/1.1
User-Agent: selenium/4.8.1 (java windows)
Cache-Control: no-cache
Content-Type: application/json; charset=utf-8
host: localhost:13564
accept: */*

Response DefaultHttpResponse(decodeResult: success, version: HTTP/1.1)
HTTP/1.1 200 OK
Content-Length: 51
Content-Type: application/json; charset=utf-8
cache-control: no-cache

02:15:53.353 [AsyncHttpClient-1-14] DEBUG org.asynchttpclient.netty.channel.ChannelManager - Adding key: http://localhost:13564 for channel [id: 0x540f8c51, L:/127.0.0.1:50975 - R:localhost/127.0.0.1:13564]
02:15:53.354 [Forwarding screenshot on session c0968eb5b5cb85f1fcc34796a40747d0 to remote] DEBUG org.asynchttpclient.netty.request.NettyRequestSender - Using pooled Channel '[id: 0x540f8c51, L:/127.0.0.1:50975 - R:localhost/127.0.0.1:13564]' for 'GET' to 'http://localhost:13564/session/c0968eb5b5cb85f1fcc34796a40747d0/screenshot'
02:15:53.354 [Forwarding screenshot on session c0968eb5b5cb85f1fcc34796a40747d0 to remote] DEBUG org.asynchttpclient.netty.request.NettyRequestSender - Using open Channel [id: 0x540f8c51, L:/127.0.0.1:50975 - R:localhost/127.0.0.1:13564] for GET '/session/c0968eb5b5cb85f1fcc34796a40747d0/screenshot'
02:15:53.497 [AsyncHttpClient-1-14] DEBUG org.asynchttpclient.netty.handler.HttpHandler - 

Request DefaultFullHttpRequest(decodeResult: success, version: HTTP/1.1, content: EmptyByteBufBE)
GET /session/c0968eb5b5cb85f1fcc34796a40747d0/screenshot HTTP/1.1
User-Agent: selenium/4.8.1 (java windows)
Cache-Control: no-cache
Content-Type: application/json; charset=utf-8
host: localhost:13564
accept: */*

Response DefaultHttpResponse(decodeResult: success, version: HTTP/1.1)
HTTP/1.1 200 OK
Content-Length: 166144
Content-Type: application/json; charset=utf-8
cache-control: no-cache

02:15:53.498 [AsyncHttpClient-1-14] DEBUG org.asynchttpclient.netty.channel.ChannelManager - Adding key: http://localhost:13564 for channel [id: 0x540f8c51, L:/127.0.0.1:50975 - R:localhost/127.0.0.1:13564]
02:15:53.501 [main] DEBUG net.serenitybdd.core.photography.Darkroom - Send negative for processing for target\site\serenity\91431217af4d87c1b26bf5d838b324ba29d2814b7b5a70de541176516d86fa86.png
02:15:53.501 [main] DEBUG net.thucydides.core.steps.StepInterceptor - STEP DONE: clickProductItem
  &amp#27;[32mWhen &amp#27;[0m&amp#27;[32mI click Listrik PLN product&amp#27;[0m                                &amp#27;[90m# starter.stepdefintions.SelectProductSteps.clickListrikPLN()&amp#27;[0m
02:15:53.501 [Darkroom Processing Line] DEBUG net.serenitybdd.core.photography.DarkroomProcessingLine - Processing screenshot image in /var/screenshots/screenshot-17280408260032309056
02:15:53.501 [Darkroom Processing Line] DEBUG net.serenitybdd.core.photography.DarkroomProcessingLine - Saving screenshot to target\site\serenity\91431217af4d87c1b26bf5d838b324ba29d2814b7b5a70de541176516d86fa86.png
02:15:53.506 [Forwarding getPageSource on session c0968eb5b5cb85f1fcc34796a40747d0 to remote] DEBUG org.asynchttpclient.netty.request.NettyRequestSender - Using pooled Channel '[id: 0x540f8c51, L:/127.0.0.1:50975 - R:localhost/127.0.0.1:13564]' for 'POST' to 'http://localhost:13564/session/c0968eb5b5cb85f1fcc34796a40747d0/execute/sync'
02:15:53.506 [Forwarding getPageSource on session c0968eb5b5cb85f1fcc34796a40747d0 to remote] DEBUG org.asynchttpclient.netty.request.NettyRequestSender - Using open Channel [id: 0x540f8c51, L:/127.0.0.1:50975 - R:localhost/127.0.0.1:13564] for POST '/session/c0968eb5b5cb85f1fcc34796a40747d0/execute/sync'
02:15:53.513 [AsyncHttpClient-1-14] DEBUG org.asynchttpclient.netty.handler.HttpHandler - 

Request DefaultHttpRequest(decodeResult: success, version: HTTP/1.1)
POST /session/c0968eb5b5cb85f1fcc34796a40747d0/execute/sync HTTP/1.1
User-Agent: selenium/4.8.1 (java windows)
Content-Length: 176
Content-Type: application/json; charset=utf-8
host: localhost:13564
accept: */*

Response DefaultHttpResponse(decodeResult: success, version: HTTP/1.1)
HTTP/1.1 200 OK
Content-Length: 93330
Content-Type: application/json; charset=utf-8
cache-control: no-cache

02:15:53.513 [AsyncHttpClient-1-14] DEBUG org.asynchttpclient.netty.channel.ChannelManager - Adding key: http://localhost:13564 for channel [id: 0x540f8c51, L:/127.0.0.1:50975 - R:localhost/127.0.0.1:13564]
02:15:53.517 [Forwarding getCurrentUrl on session c0968eb5b5cb85f1fcc34796a40747d0 to remote] DEBUG org.asynchttpclient.netty.request.NettyRequestSender - Using pooled Channel '[id: 0x540f8c51, L:/127.0.0.1:50975 - R:localhost/127.0.0.1:13564]' for 'GET' to 'http://localhost:13564/session/c0968eb5b5cb85f1fcc34796a40747d0/url'
02:15:53.517 [Forwarding getCurrentUrl on session c0968eb5b5cb85f1fcc34796a40747d0 to remote] DEBUG org.asynchttpclient.netty.request.NettyRequestSender - Using open Channel [id: 0x540f8c51, L:/127.0.0.1:50975 - R:localhost/127.0.0.1:13564] for GET '/session/c0968eb5b5cb85f1fcc34796a40747d0/url'
02:15:53.520 [AsyncHttpClient-1-14] DEBUG org.asynchttpclient.netty.handler.HttpHandler - 

Request DefaultFullHttpRequest(decodeResult: success, version: HTTP/1.1, content: EmptyByteBufBE)
GET /session/c0968eb5b5cb85f1fcc34796a40747d0/url HTTP/1.1
User-Agent: selenium/4.8.1 (java windows)
Cache-Control: no-cache
Content-Type: application/json; charset=utf-8
host: localhost:13564
accept: */*

Response DefaultHttpResponse(decodeResult: success, version: HTTP/1.1)
HTTP/1.1 200 OK
Content-Length: 51
Content-Type: application/json; charset=utf-8
cache-control: no-cache

02:15:53.521 [AsyncHttpClient-1-14] DEBUG org.asynchttpclient.netty.channel.ChannelManager - Adding key: http://localhost:13564 for channel [id: 0x540f8c51, L:/127.0.0.1:50975 - R:localhost/127.0.0.1:13564]
02:15:53.527 [Forwarding getPageSource on session c0968eb5b5cb85f1fcc34796a40747d0 to remote] DEBUG org.asynchttpclient.netty.request.NettyRequestSender - Using pooled Channel '[id: 0x540f8c51, L:/127.0.0.1:50975 - R:localhost/127.0.0.1:13564]' for 'POST' to 'http://localhost:13564/session/c0968eb5b5cb85f1fcc34796a40747d0/execute/sync'
02:15:53.527 [Forwarding getPageSource on session c0968eb5b5cb85f1fcc34796a40747d0 to remote] DEBUG org.asynchttpclient.netty.request.NettyRequestSender - Using open Channel [id: 0x540f8c51, L:/127.0.0.1:50975 - R:localhost/127.0.0.1:13564] for POST '/session/c0968eb5b5cb85f1fcc34796a40747d0/execute/sync'
02:15:53.533 [AsyncHttpClient-1-14] DEBUG org.asynchttpclient.netty.handler.HttpHandler - 

Request DefaultHttpRequest(decodeResult: success, version: HTTP/1.1)
POST /session/c0968eb5b5cb85f1fcc34796a40747d0/execute/sync HTTP/1.1
User-Agent: selenium/4.8.1 (java windows)
Content-Length: 176
Content-Type: application/json; charset=utf-8
host: localhost:13564
accept: */*

Response DefaultHttpResponse(decodeResult: success, version: HTTP/1.1)
HTTP/1.1 200 OK
Content-Length: 93330
Content-Type: application/json; charset=utf-8
cache-control: no-cache

02:15:53.534 [AsyncHttpClient-1-14] DEBUG org.asynchttpclient.netty.channel.ChannelManager - Adding key: http://localhost:13564 for channel [id: 0x540f8c51, L:/127.0.0.1:50975 - R:localhost/127.0.0.1:13564]
02:15:53.538 [Forwarding getCurrentUrl on session c0968eb5b5cb85f1fcc34796a40747d0 to remote] DEBUG org.asynchttpclient.netty.request.NettyRequestSender - Using pooled Channel '[id: 0x540f8c51, L:/127.0.0.1:50975 - R:localhost/127.0.0.1:13564]' for 'GET' to 'http://localhost:13564/session/c0968eb5b5cb85f1fcc34796a40747d0/url'
02:15:53.538 [Forwarding getCurrentUrl on session c0968eb5b5cb85f1fcc34796a40747d0 to remote] DEBUG org.asynchttpclient.netty.request.NettyRequestSender - Using open Channel [id: 0x540f8c51, L:/127.0.0.1:50975 - R:localhost/127.0.0.1:13564] for GET '/session/c0968eb5b5cb85f1fcc34796a40747d0/url'
02:15:53.541 [AsyncHttpClient-1-14] DEBUG org.asynchttpclient.netty.handler.HttpHandler - 

Request DefaultFullHttpRequest(decodeResult: success, version: HTTP/1.1, content: EmptyByteBufBE)
GET /session/c0968eb5b5cb85f1fcc34796a40747d0/url HTTP/1.1
User-Agent: selenium/4.8.1 (java windows)
Cache-Control: no-cache
Content-Type: application/json; charset=utf-8
host: localhost:13564
accept: */*

Response DefaultHttpResponse(decodeResult: success, version: HTTP/1.1)
HTTP/1.1 200 OK
Content-Length: 51
Content-Type: application/json; charset=utf-8
cache-control: no-cache

02:15:53.541 [AsyncHttpClient-1-14] DEBUG org.asynchttpclient.netty.channel.ChannelManager - Adding key: http://localhost:13564 for channel [id: 0x540f8c51, L:/127.0.0.1:50975 - R:localhost/127.0.0.1:13564]
02:15:53.543 [main] DEBUG net.thucydides.core.steps.StepInterceptor - STARTING STEP: SelectProductSteps.inputIncorrectNomorMeter - inputNomorMeter
02:15:53.544 [Forwarding findElement on session c0968eb5b5cb85f1fcc34796a40747d0 to remote] DEBUG org.asynchttpclient.netty.request.NettyRequestSender - Using pooled Channel '[id: 0x540f8c51, L:/127.0.0.1:50975 - R:localhost/127.0.0.1:13564]' for 'POST' to 'http://localhost:13564/session/c0968eb5b5cb85f1fcc34796a40747d0/element'
02:15:53.544 [Forwarding findElement on session c0968eb5b5cb85f1fcc34796a40747d0 to remote] DEBUG org.asynchttpclient.netty.request.NettyRequestSender - Using open Channel [id: 0x540f8c51, L:/127.0.0.1:50975 - R:localhost/127.0.0.1:13564] for POST '/session/c0968eb5b5cb85f1fcc34796a40747d0/element'
02:15:53.553 [AsyncHttpClient-1-14] DEBUG org.asynchttpclient.netty.handler.HttpHandler - 

Request DefaultHttpRequest(decodeResult: success, version: HTTP/1.1)
POST /session/c0968eb5b5cb85f1fcc34796a40747d0/element HTTP/1.1
User-Agent: selenium/4.8.1 (java windows)
Content-Length: 58
Content-Type: application/json; charset=utf-8
host: localhost:13564
accept: */*

Response DefaultHttpResponse(decodeResult: success, version: HTTP/1.1)
HTTP/1.1 200 OK
Content-Length: 88
Content-Type: application/json; charset=utf-8
cache-control: no-cache

02:15:53.553 [AsyncHttpClient-1-14] DEBUG org.asynchttpclient.netty.channel.ChannelManager - Adding key: http://localhost:13564 for channel [id: 0x540f8c51, L:/127.0.0.1:50975 - R:localhost/127.0.0.1:13564]
02:15:53.554 [Forwarding clearElement on session c0968eb5b5cb85f1fcc34796a40747d0 to remote] DEBUG org.asynchttpclient.netty.request.NettyRequestSender - Using pooled Channel '[id: 0x540f8c51, L:/127.0.0.1:50975 - R:localhost/127.0.0.1:13564]' for 'POST' to 'http://localhost:13564/session/c0968eb5b5cb85f1fcc34796a40747d0/element/4fd3c337-2ce0-42ba-a191-1cea0ad52187/clear'
02:15:53.554 [Forwarding clearElement on session c0968eb5b5cb85f1fcc34796a40747d0 to remote] DEBUG org.asynchttpclient.netty.request.NettyRequestSender - Using open Channel [id: 0x540f8c51, L:/127.0.0.1:50975 - R:localhost/127.0.0.1:13564] for POST '/session/c0968eb5b5cb85f1fcc34796a40747d0/element/4fd3c337-2ce0-42ba-a191-1cea0ad52187/clear'
02:15:53.558 [AsyncHttpClient-1-1] DEBUG org.asynchttpclient.netty.channel.DefaultChannelPool - Entry count for : http://localhost:50976 : 1
02:15:53.577 [AsyncHttpClient-1-14] DEBUG org.asynchttpclient.netty.handler.HttpHandler - 

Request DefaultHttpRequest(decodeResult: success, version: HTTP/1.1)
POST /session/c0968eb5b5cb85f1fcc34796a40747d0/element/4fd3c337-2ce0-42ba-a191-1cea0ad52187/clear HTTP/1.1
User-Agent: selenium/4.8.1 (java windows)
Content-Length: 50
Content-Type: application/json; charset=utf-8
host: localhost:13564
accept: */*

Response DefaultHttpResponse(decodeResult: success, version: HTTP/1.1)
HTTP/1.1 200 OK
Content-Length: 14
Content-Type: application/json; charset=utf-8
cache-control: no-cache

02:15:53.577 [AsyncHttpClient-1-14] DEBUG org.asynchttpclient.netty.channel.ChannelManager - Adding key: http://localhost:13564 for channel [id: 0x540f8c51, L:/127.0.0.1:50975 - R:localhost/127.0.0.1:13564]
02:15:53.579 [Forwarding sendKeysToElement on session c0968eb5b5cb85f1fcc34796a40747d0 to remote] DEBUG org.asynchttpclient.netty.request.NettyRequestSender - Using pooled Channel '[id: 0x540f8c51, L:/127.0.0.1:50975 - R:localhost/127.0.0.1:13564]' for 'POST' to 'http://localhost:13564/session/c0968eb5b5cb85f1fcc34796a40747d0/element/4fd3c337-2ce0-42ba-a191-1cea0ad52187/value'
02:15:53.579 [Forwarding sendKeysToElement on session c0968eb5b5cb85f1fcc34796a40747d0 to remote] DEBUG org.asynchttpclient.netty.request.NettyRequestSender - Using open Channel [id: 0x540f8c51, L:/127.0.0.1:50975 - R:localhost/127.0.0.1:13564] for POST '/session/c0968eb5b5cb85f1fcc34796a40747d0/element/4fd3c337-2ce0-42ba-a191-1cea0ad52187/value'
02:15:53.690 [AsyncHttpClient-1-14] DEBUG org.asynchttpclient.netty.handler.HttpHandler - 

Request DefaultHttpRequest(decodeResult: success, version: HTTP/1.1)
POST /session/c0968eb5b5cb85f1fcc34796a40747d0/element/4fd3c337-2ce0-42ba-a191-1cea0ad52187/value HTTP/1.1
User-Agent: selenium/4.8.1 (java windows)
Content-Length: 191
Content-Type: application/json; charset=utf-8
host: localhost:13564
accept: */*

Response DefaultHttpResponse(decodeResult: success, version: HTTP/1.1)
HTTP/1.1 200 OK
Content-Length: 14
Content-Type: application/json; charset=utf-8
cache-control: no-cache

02:15:53.690 [AsyncHttpClient-1-14] DEBUG org.asynchttpclient.netty.channel.ChannelManager - Adding key: http://localhost:13564 for channel [id: 0x540f8c51, L:/127.0.0.1:50975 - R:localhost/127.0.0.1:13564]
02:15:53.694 [Forwarding getAlertText on session c0968eb5b5cb85f1fcc34796a40747d0 to remote] DEBUG org.asynchttpclient.netty.request.NettyRequestSender - Using pooled Channel '[id: 0x540f8c51, L:/127.0.0.1:50975 - R:localhost/127.0.0.1:13564]' for 'GET' to 'http://localhost:13564/session/c0968eb5b5cb85f1fcc34796a40747d0/alert/text'
02:15:53.695 [Forwarding getAlertText on session c0968eb5b5cb85f1fcc34796a40747d0 to remote] DEBUG org.asynchttpclient.netty.request.NettyRequestSender - Using open Channel [id: 0x540f8c51, L:/127.0.0.1:50975 - R:localhost/127.0.0.1:13564] for GET '/session/c0968eb5b5cb85f1fcc34796a40747d0/alert/text'
02:15:53.696 [AsyncHttpClient-1-14] DEBUG org.asynchttpclient.netty.handler.HttpHandler - 

Request DefaultFullHttpRequest(decodeResult: success, version: HTTP/1.1, content: EmptyByteBufBE)
GET /session/c0968eb5b5cb85f1fcc34796a40747d0/alert/text HTTP/1.1
User-Agent: selenium/4.8.1 (java windows)
Cache-Control: no-cache
Content-Type: application/json; charset=utf-8
host: localhost:13564
accept: */*

Response DefaultHttpResponse(decodeResult: success, version: HTTP/1.1)
HTTP/1.1 404 Not Found
Content-Length: 835
Content-Type: application/json; charset=utf-8
cache-control: no-cache

02:15:53.696 [AsyncHttpClient-1-14] DEBUG org.asynchttpclient.netty.channel.ChannelManager - Adding key: http://localhost:13564 for channel [id: 0x540f8c51, L:/127.0.0.1:50975 - R:localhost/127.0.0.1:13564]
02:15:53.697 [Forwarding getCurrentUrl on session c0968eb5b5cb85f1fcc34796a40747d0 to remote] DEBUG org.asynchttpclient.netty.request.NettyRequestSender - Using pooled Channel '[id: 0x540f8c51, L:/127.0.0.1:50975 - R:localhost/127.0.0.1:13564]' for 'GET' to 'http://localhost:13564/session/c0968eb5b5cb85f1fcc34796a40747d0/url'
02:15:53.697 [Forwarding getCurrentUrl on session c0968eb5b5cb85f1fcc34796a40747d0 to remote] DEBUG org.asynchttpclient.netty.request.NettyRequestSender - Using open Channel [id: 0x540f8c51, L:/127.0.0.1:50975 - R:localhost/127.0.0.1:13564] for GET '/session/c0968eb5b5cb85f1fcc34796a40747d0/url'
02:15:53.699 [AsyncHttpClient-1-14] DEBUG org.asynchttpclient.netty.handler.HttpHandler - 

Request DefaultFullHttpRequest(decodeResult: success, version: HTTP/1.1, content: EmptyByteBufBE)
GET /session/c0968eb5b5cb85f1fcc34796a40747d0/url HTTP/1.1
User-Agent: selenium/4.8.1 (java windows)
Cache-Control: no-cache
Content-Type: application/json; charset=utf-8
host: localhost:13564
accept: */*

Response DefaultHttpResponse(decodeResult: success, version: HTTP/1.1)
HTTP/1.1 200 OK
Content-Length: 51
Content-Type: application/json; charset=utf-8
cache-control: no-cache

02:15:53.700 [AsyncHttpClient-1-14] DEBUG org.asynchttpclient.netty.channel.ChannelManager - Adding key: http://localhost:13564 for channel [id: 0x540f8c51, L:/127.0.0.1:50975 - R:localhost/127.0.0.1:13564]
02:15:53.700 [Forwarding screenshot on session c0968eb5b5cb85f1fcc34796a40747d0 to remote] DEBUG org.asynchttpclient.netty.request.NettyRequestSender - Using pooled Channel '[id: 0x540f8c51, L:/127.0.0.1:50975 - R:localhost/127.0.0.1:13564]' for 'GET' to 'http://localhost:13564/session/c0968eb5b5cb85f1fcc34796a40747d0/screenshot'
02:15:53.700 [Forwarding screenshot on session c0968eb5b5cb85f1fcc34796a40747d0 to remote] DEBUG org.asynchttpclient.netty.request.NettyRequestSender - Using open Channel [id: 0x540f8c51, L:/127.0.0.1:50975 - R:localhost/127.0.0.1:13564] for GET '/session/c0968eb5b5cb85f1fcc34796a40747d0/screenshot'
02:15:53.801 [AsyncHttpClient-1-14] DEBUG org.asynchttpclient.netty.handler.HttpHandler - 

Request DefaultFullHttpRequest(decodeResult: success, version: HTTP/1.1, content: EmptyByteBufBE)
GET /session/c0968eb5b5cb85f1fcc34796a40747d0/screenshot HTTP/1.1
User-Agent: selenium/4.8.1 (java windows)
Cache-Control: no-cache
Content-Type: application/json; charset=utf-8
host: localhost:13564
accept: */*

Response DefaultHttpResponse(decodeResult: success, version: HTTP/1.1)
HTTP/1.1 200 OK
Content-Length: 231896
Content-Type: application/json; charset=utf-8
cache-control: no-cache

02:15:53.801 [AsyncHttpClient-1-14] DEBUG org.asynchttpclient.netty.channel.ChannelManager - Adding key: http://localhost:13564 for channel [id: 0x540f8c51, L:/127.0.0.1:50975 - R:localhost/127.0.0.1:13564]
02:15:53.805 [main] DEBUG net.serenitybdd.core.photography.Darkroom - Send negative for processing for target\site\serenity\ee9036163b76b632945035cd81b114a9de37e136dc93874dedcf9196ff20250b.png
02:15:53.805 [main] DEBUG net.thucydides.core.steps.StepInterceptor - STEP DONE: inputNomorMeter
02:15:53.805 [Darkroom Processing Line] DEBUG net.serenitybdd.core.photography.DarkroomProcessingLine - Processing screenshot image in /var/screenshots/screenshot-16678178056210968476
02:15:53.805 [Darkroom Processing Line] DEBUG net.serenitybdd.core.photography.DarkroomProcessingLine - Saving screenshot to target\site\serenity\ee9036163b76b632945035cd81b114a9de37e136dc93874dedcf9196ff20250b.png
  &amp#27;[32mAnd &amp#27;[0m&amp#27;[32mI enter incorrect nomor meter PLN&amp#27;[0m                           &amp#27;[90m# starter.stepdefintions.SelectProductSteps.inputIncorrectNomorMeter()&amp#27;[0m
02:15:53.811 [Forwarding getPageSource on session c0968eb5b5cb85f1fcc34796a40747d0 to remote] DEBUG org.asynchttpclient.netty.request.NettyRequestSender - Using pooled Channel '[id: 0x540f8c51, L:/127.0.0.1:50975 - R:localhost/127.0.0.1:13564]' for 'POST' to 'http://localhost:13564/session/c0968eb5b5cb85f1fcc34796a40747d0/execute/sync'
02:15:53.811 [Forwarding getPageSource on session c0968eb5b5cb85f1fcc34796a40747d0 to remote] DEBUG org.asynchttpclient.netty.request.NettyRequestSender - Using open Channel [id: 0x540f8c51, L:/127.0.0.1:50975 - R:localhost/127.0.0.1:13564] for POST '/session/c0968eb5b5cb85f1fcc34796a40747d0/execute/sync'
02:15:53.820 [AsyncHttpClient-1-14] DEBUG org.asynchttpclient.netty.handler.HttpHandler - 

Request DefaultHttpRequest(decodeResult: success, version: HTTP/1.1)
POST /session/c0968eb5b5cb85f1fcc34796a40747d0/execute/sync HTTP/1.1
User-Agent: selenium/4.8.1 (java windows)
Content-Length: 176
Content-Type: application/json; charset=utf-8
host: localhost:13564
accept: */*

Response DefaultHttpResponse(decodeResult: success, version: HTTP/1.1)
HTTP/1.1 200 OK
Content-Length: 93866
Content-Type: application/json; charset=utf-8
cache-control: no-cache

02:15:53.820 [AsyncHttpClient-1-14] DEBUG org.asynchttpclient.netty.channel.ChannelManager - Adding key: http://localhost:13564 for channel [id: 0x540f8c51, L:/127.0.0.1:50975 - R:localhost/127.0.0.1:13564]
02:15:53.823 [Forwarding getCurrentUrl on session c0968eb5b5cb85f1fcc34796a40747d0 to remote] DEBUG org.asynchttpclient.netty.request.NettyRequestSender - Using pooled Channel '[id: 0x540f8c51, L:/127.0.0.1:50975 - R:localhost/127.0.0.1:13564]' for 'GET' to 'http://localhost:13564/session/c0968eb5b5cb85f1fcc34796a40747d0/url'
02:15:53.823 [Forwarding getCurrentUrl on session c0968eb5b5cb85f1fcc34796a40747d0 to remote] DEBUG org.asynchttpclient.netty.request.NettyRequestSender - Using open Channel [id: 0x540f8c51, L:/127.0.0.1:50975 - R:localhost/127.0.0.1:13564] for GET '/session/c0968eb5b5cb85f1fcc34796a40747d0/url'
02:15:53.826 [AsyncHttpClient-1-14] DEBUG org.asynchttpclient.netty.handler.HttpHandler - 

Request DefaultFullHttpRequest(decodeResult: success, version: HTTP/1.1, content: EmptyByteBufBE)
GET /session/c0968eb5b5cb85f1fcc34796a40747d0/url HTTP/1.1
User-Agent: selenium/4.8.1 (java windows)
Cache-Control: no-cache
Content-Type: application/json; charset=utf-8
host: localhost:13564
accept: */*

Response DefaultHttpResponse(decodeResult: success, version: HTTP/1.1)
HTTP/1.1 200 OK
Content-Length: 51
Content-Type: application/json; charset=utf-8
cache-control: no-cache

02:15:53.826 [AsyncHttpClient-1-14] DEBUG org.asynchttpclient.netty.channel.ChannelManager - Adding key: http://localhost:13564 for channel [id: 0x540f8c51, L:/127.0.0.1:50975 - R:localhost/127.0.0.1:13564]
02:15:53.832 [Forwarding getPageSource on session c0968eb5b5cb85f1fcc34796a40747d0 to remote] DEBUG org.asynchttpclient.netty.request.NettyRequestSender - Using pooled Channel '[id: 0x540f8c51, L:/127.0.0.1:50975 - R:localhost/127.0.0.1:13564]' for 'POST' to 'http://localhost:13564/session/c0968eb5b5cb85f1fcc34796a40747d0/execute/sync'
02:15:53.833 [Forwarding getPageSource on session c0968eb5b5cb85f1fcc34796a40747d0 to remote] DEBUG org.asynchttpclient.netty.request.NettyRequestSender - Using open Channel [id: 0x540f8c51, L:/127.0.0.1:50975 - R:localhost/127.0.0.1:13564] for POST '/session/c0968eb5b5cb85f1fcc34796a40747d0/execute/sync'
02:15:53.840 [AsyncHttpClient-1-14] DEBUG org.asynchttpclient.netty.handler.HttpHandler - 

Request DefaultHttpRequest(decodeResult: success, version: HTTP/1.1)
POST /session/c0968eb5b5cb85f1fcc34796a40747d0/execute/sync HTTP/1.1
User-Agent: selenium/4.8.1 (java windows)
Content-Length: 176
Content-Type: application/json; charset=utf-8
host: localhost:13564
accept: */*

Response DefaultHttpResponse(decodeResult: success, version: HTTP/1.1)
HTTP/1.1 200 OK
Content-Length: 93866
Content-Type: application/json; charset=utf-8
cache-control: no-cache

02:15:53.840 [AsyncHttpClient-1-14] DEBUG org.asynchttpclient.netty.channel.ChannelManager - Adding key: http://localhost:13564 for channel [id: 0x540f8c51, L:/127.0.0.1:50975 - R:localhost/127.0.0.1:13564]
02:15:53.844 [Forwarding getCurrentUrl on session c0968eb5b5cb85f1fcc34796a40747d0 to remote] DEBUG org.asynchttpclient.netty.request.NettyRequestSender - Using pooled Channel '[id: 0x540f8c51, L:/127.0.0.1:50975 - R:localhost/127.0.0.1:13564]' for 'GET' to 'http://localhost:13564/session/c0968eb5b5cb85f1fcc34796a40747d0/url'
02:15:53.844 [Forwarding getCurrentUrl on session c0968eb5b5cb85f1fcc34796a40747d0 to remote] DEBUG org.asynchttpclient.netty.request.NettyRequestSender - Using open Channel [id: 0x540f8c51, L:/127.0.0.1:50975 - R:localhost/127.0.0.1:13564] for GET '/session/c0968eb5b5cb85f1fcc34796a40747d0/url'
02:15:53.847 [AsyncHttpClient-1-14] DEBUG org.asynchttpclient.netty.handler.HttpHandler - 

Request DefaultFullHttpRequest(decodeResult: success, version: HTTP/1.1, content: EmptyByteBufBE)
GET /session/c0968eb5b5cb85f1fcc34796a40747d0/url HTTP/1.1
User-Agent: selenium/4.8.1 (java windows)
Cache-Control: no-cache
Content-Type: application/json; charset=utf-8
host: localhost:13564
accept: */*

Response DefaultHttpResponse(decodeResult: success, version: HTTP/1.1)
HTTP/1.1 200 OK
Content-Length: 51
Content-Type: application/json; charset=utf-8
cache-control: no-cache

02:15:53.847 [AsyncHttpClient-1-14] DEBUG org.asynchttpclient.netty.channel.ChannelManager - Adding key: http://localhost:13564 for channel [id: 0x540f8c51, L:/127.0.0.1:50975 - R:localhost/127.0.0.1:13564]
02:15:53.849 [main] DEBUG net.thucydides.core.steps.StepInterceptor - STARTING STEP: SelectProductSteps.inputNomorHandphone - inputNomorHandphone
02:15:53.850 [Forwarding findElement on session c0968eb5b5cb85f1fcc34796a40747d0 to remote] DEBUG org.asynchttpclient.netty.request.NettyRequestSender - Using pooled Channel '[id: 0x540f8c51, L:/127.0.0.1:50975 - R:localhost/127.0.0.1:13564]' for 'POST' to 'http://localhost:13564/session/c0968eb5b5cb85f1fcc34796a40747d0/element'
02:15:53.850 [Forwarding findElement on session c0968eb5b5cb85f1fcc34796a40747d0 to remote] DEBUG org.asynchttpclient.netty.request.NettyRequestSender - Using open Channel [id: 0x540f8c51, L:/127.0.0.1:50975 - R:localhost/127.0.0.1:13564] for POST '/session/c0968eb5b5cb85f1fcc34796a40747d0/element'
02:15:53.858 [AsyncHttpClient-1-14] DEBUG org.asynchttpclient.netty.handler.HttpHandler - 

Request DefaultHttpRequest(decodeResult: success, version: HTTP/1.1)
POST /session/c0968eb5b5cb85f1fcc34796a40747d0/element HTTP/1.1
User-Agent: selenium/4.8.1 (java windows)
Content-Length: 62
Content-Type: application/json; charset=utf-8
host: localhost:13564
accept: */*

Response DefaultHttpResponse(decodeResult: success, version: HTTP/1.1)
HTTP/1.1 200 OK
Content-Length: 88
Content-Type: application/json; charset=utf-8
cache-control: no-cache

02:15:53.859 [AsyncHttpClient-1-14] DEBUG org.asynchttpclient.netty.channel.ChannelManager - Adding key: http://localhost:13564 for channel [id: 0x540f8c51, L:/127.0.0.1:50975 - R:localhost/127.0.0.1:13564]
02:15:53.859 [Forwarding clearElement on session c0968eb5b5cb85f1fcc34796a40747d0 to remote] DEBUG org.asynchttpclient.netty.request.NettyRequestSender - Using pooled Channel '[id: 0x540f8c51, L:/127.0.0.1:50975 - R:localhost/127.0.0.1:13564]' for 'POST' to 'http://localhost:13564/session/c0968eb5b5cb85f1fcc34796a40747d0/element/9001ceb7-f1f4-4d3a-b391-7f37c1c8ea35/clear'
02:15:53.859 [Forwarding clearElement on session c0968eb5b5cb85f1fcc34796a40747d0 to remote] DEBUG org.asynchttpclient.netty.request.NettyRequestSender - Using open Channel [id: 0x540f8c51, L:/127.0.0.1:50975 - R:localhost/127.0.0.1:13564] for POST '/session/c0968eb5b5cb85f1fcc34796a40747d0/element/9001ceb7-f1f4-4d3a-b391-7f37c1c8ea35/clear'
02:15:53.883 [AsyncHttpClient-1-14] DEBUG org.asynchttpclient.netty.handler.HttpHandler - 

Request DefaultHttpRequest(decodeResult: success, version: HTTP/1.1)
POST /session/c0968eb5b5cb85f1fcc34796a40747d0/element/9001ceb7-f1f4-4d3a-b391-7f37c1c8ea35/clear HTTP/1.1
User-Agent: selenium/4.8.1 (java windows)
Content-Length: 50
Content-Type: application/json; charset=utf-8
host: localhost:13564
accept: */*

Response DefaultHttpResponse(decodeResult: success, version: HTTP/1.1)
HTTP/1.1 200 OK
Content-Length: 14
Content-Type: application/json; charset=utf-8
cache-control: no-cache

02:15:53.883 [AsyncHttpClient-1-14] DEBUG org.asynchttpclient.netty.channel.ChannelManager - Adding key: http://localhost:13564 for channel [id: 0x540f8c51, L:/127.0.0.1:50975 - R:localhost/127.0.0.1:13564]
02:15:53.884 [Forwarding sendKeysToElement on session c0968eb5b5cb85f1fcc34796a40747d0 to remote] DEBUG org.asynchttpclient.netty.request.NettyRequestSender - Using pooled Channel '[id: 0x540f8c51, L:/127.0.0.1:50975 - R:localhost/127.0.0.1:13564]' for 'POST' to 'http://localhost:13564/session/c0968eb5b5cb85f1fcc34796a40747d0/element/9001ceb7-f1f4-4d3a-b391-7f37c1c8ea35/value'
02:15:53.884 [Forwarding sendKeysToElement on session c0968eb5b5cb85f1fcc34796a40747d0 to remote] DEBUG org.asynchttpclient.netty.request.NettyRequestSender - Using open Channel [id: 0x540f8c51, L:/127.0.0.1:50975 - R:localhost/127.0.0.1:13564] for POST '/session/c0968eb5b5cb85f1fcc34796a40747d0/element/9001ceb7-f1f4-4d3a-b391-7f37c1c8ea35/value'
02:15:53.988 [AsyncHttpClient-1-14] DEBUG org.asynchttpclient.netty.handler.HttpHandler - 

Request DefaultHttpRequest(decodeResult: success, version: HTTP/1.1)
POST /session/c0968eb5b5cb85f1fcc34796a40747d0/element/9001ceb7-f1f4-4d3a-b391-7f37c1c8ea35/value HTTP/1.1
User-Agent: selenium/4.8.1 (java windows)
Content-Length: 201
Content-Type: application/json; charset=utf-8
host: localhost:13564
accept: */*

Response DefaultHttpResponse(decodeResult: success, version: HTTP/1.1)
HTTP/1.1 200 OK
Content-Length: 14
Content-Type: application/json; charset=utf-8
cache-control: no-cache

02:15:53.989 [AsyncHttpClient-1-14] DEBUG org.asynchttpclient.netty.channel.ChannelManager - Adding key: http://localhost:13564 for channel [id: 0x540f8c51, L:/127.0.0.1:50975 - R:localhost/127.0.0.1:13564]
02:15:53.993 [Forwarding getAlertText on session c0968eb5b5cb85f1fcc34796a40747d0 to remote] DEBUG org.asynchttpclient.netty.request.NettyRequestSender - Using pooled Channel '[id: 0x540f8c51, L:/127.0.0.1:50975 - R:localhost/127.0.0.1:13564]' for 'GET' to 'http://localhost:13564/session/c0968eb5b5cb85f1fcc34796a40747d0/alert/text'
02:15:53.993 [Forwarding getAlertText on session c0968eb5b5cb85f1fcc34796a40747d0 to remote] DEBUG org.asynchttpclient.netty.request.NettyRequestSender - Using open Channel [id: 0x540f8c51, L:/127.0.0.1:50975 - R:localhost/127.0.0.1:13564] for GET '/session/c0968eb5b5cb85f1fcc34796a40747d0/alert/text'
02:15:53.994 [AsyncHttpClient-1-14] DEBUG org.asynchttpclient.netty.handler.HttpHandler - 

Request DefaultFullHttpRequest(decodeResult: success, version: HTTP/1.1, content: EmptyByteBufBE)
GET /session/c0968eb5b5cb85f1fcc34796a40747d0/alert/text HTTP/1.1
User-Agent: selenium/4.8.1 (java windows)
Cache-Control: no-cache
Content-Type: application/json; charset=utf-8
host: localhost:13564
accept: */*

Response DefaultHttpResponse(decodeResult: success, version: HTTP/1.1)
HTTP/1.1 404 Not Found
Content-Length: 835
Content-Type: application/json; charset=utf-8
cache-control: no-cache

02:15:53.994 [AsyncHttpClient-1-14] DEBUG org.asynchttpclient.netty.channel.ChannelManager - Adding key: http://localhost:13564 for channel [id: 0x540f8c51, L:/127.0.0.1:50975 - R:localhost/127.0.0.1:13564]
02:15:53.995 [Forwarding getCurrentUrl on session c0968eb5b5cb85f1fcc34796a40747d0 to remote] DEBUG org.asynchttpclient.netty.request.NettyRequestSender - Using pooled Channel '[id: 0x540f8c51, L:/127.0.0.1:50975 - R:localhost/127.0.0.1:13564]' for 'GET' to 'http://localhost:13564/session/c0968eb5b5cb85f1fcc34796a40747d0/url'
02:15:53.995 [Forwarding getCurrentUrl on session c0968eb5b5cb85f1fcc34796a40747d0 to remote] DEBUG org.asynchttpclient.netty.request.NettyRequestSender - Using open Channel [id: 0x540f8c51, L:/127.0.0.1:50975 - R:localhost/127.0.0.1:13564] for GET '/session/c0968eb5b5cb85f1fcc34796a40747d0/url'
02:15:53.998 [AsyncHttpClient-1-14] DEBUG org.asynchttpclient.netty.handler.HttpHandler - 

Request DefaultFullHttpRequest(decodeResult: success, version: HTTP/1.1, content: EmptyByteBufBE)
GET /session/c0968eb5b5cb85f1fcc34796a40747d0/url HTTP/1.1
User-Agent: selenium/4.8.1 (java windows)
Cache-Control: no-cache
Content-Type: application/json; charset=utf-8
host: localhost:13564
accept: */*

Response DefaultHttpResponse(decodeResult: success, version: HTTP/1.1)
HTTP/1.1 200 OK
Content-Length: 51
Content-Type: application/json; charset=utf-8
cache-control: no-cache

02:15:53.998 [AsyncHttpClient-1-14] DEBUG org.asynchttpclient.netty.channel.ChannelManager - Adding key: http://localhost:13564 for channel [id: 0x540f8c51, L:/127.0.0.1:50975 - R:localhost/127.0.0.1:13564]
02:15:53.999 [Forwarding screenshot on session c0968eb5b5cb85f1fcc34796a40747d0 to remote] DEBUG org.asynchttpclient.netty.request.NettyRequestSender - Using pooled Channel '[id: 0x540f8c51, L:/127.0.0.1:50975 - R:localhost/127.0.0.1:13564]' for 'GET' to 'http://localhost:13564/session/c0968eb5b5cb85f1fcc34796a40747d0/screenshot'
02:15:53.999 [Forwarding screenshot on session c0968eb5b5cb85f1fcc34796a40747d0 to remote] DEBUG org.asynchttpclient.netty.request.NettyRequestSender - Using open Channel [id: 0x540f8c51, L:/127.0.0.1:50975 - R:localhost/127.0.0.1:13564] for GET '/session/c0968eb5b5cb85f1fcc34796a40747d0/screenshot'
02:15:54.117 [AsyncHttpClient-1-14] DEBUG org.asynchttpclient.netty.handler.HttpHandler - 

Request DefaultFullHttpRequest(decodeResult: success, version: HTTP/1.1, content: EmptyByteBufBE)
GET /session/c0968eb5b5cb85f1fcc34796a40747d0/screenshot HTTP/1.1
User-Agent: selenium/4.8.1 (java windows)
Cache-Control: no-cache
Content-Type: application/json; charset=utf-8
host: localhost:13564
accept: */*

Response DefaultHttpResponse(decodeResult: success, version: HTTP/1.1)
HTTP/1.1 200 OK
Content-Length: 234916
Content-Type: application/json; charset=utf-8
cache-control: no-cache

02:15:54.117 [AsyncHttpClient-1-14] DEBUG org.asynchttpclient.netty.channel.ChannelManager - Adding key: http://localhost:13564 for channel [id: 0x540f8c51, L:/127.0.0.1:50975 - R:localhost/127.0.0.1:13564]
02:15:54.123 [main] DEBUG net.serenitybdd.core.photography.Darkroom - Send negative for processing for target\site\serenity\1d23a3fb27d619d356fef545485f0a98c1543a0bce601b40938074dd033e3655.png
02:15:54.123 [main] DEBUG net.thucydides.core.steps.StepInterceptor - STEP DONE: inputNomorHandphone
  &amp#27;[32mAnd &amp#27;[0m&amp#27;[32mI enter correct nomor handphone&amp#27;[0m                             &amp#27;[90m# starter.stepdefintions.SelectProductSteps.inputNomorHandphone()&amp#27;[0m
02:15:54.124 [Darkroom Processing Line] DEBUG net.serenitybdd.core.photography.DarkroomProcessingLine - Processing screenshot image in /var/screenshots/screenshot-16689934307919509969
02:15:54.124 [Darkroom Processing Line] DEBUG net.serenitybdd.core.photography.DarkroomProcessingLine - Saving screenshot to target\site\serenity\1d23a3fb27d619d356fef545485f0a98c1543a0bce601b40938074dd033e3655.png
02:15:54.129 [Forwarding getPageSource on session c0968eb5b5cb85f1fcc34796a40747d0 to remote] DEBUG org.asynchttpclient.netty.request.NettyRequestSender - Using pooled Channel '[id: 0x540f8c51, L:/127.0.0.1:50975 - R:localhost/127.0.0.1:13564]' for 'POST' to 'http://localhost:13564/session/c0968eb5b5cb85f1fcc34796a40747d0/execute/sync'
02:15:54.129 [Forwarding getPageSource on session c0968eb5b5cb85f1fcc34796a40747d0 to remote] DEBUG org.asynchttpclient.netty.request.NettyRequestSender - Using open Channel [id: 0x540f8c51, L:/127.0.0.1:50975 - R:localhost/127.0.0.1:13564] for POST '/session/c0968eb5b5cb85f1fcc34796a40747d0/execute/sync'
02:15:54.137 [AsyncHttpClient-1-14] DEBUG org.asynchttpclient.netty.handler.HttpHandler - 

Request DefaultHttpRequest(decodeResult: success, version: HTTP/1.1)
POST /session/c0968eb5b5cb85f1fcc34796a40747d0/execute/sync HTTP/1.1
User-Agent: selenium/4.8.1 (java windows)
Content-Length: 176
Content-Type: application/json; charset=utf-8
host: localhost:13564
accept: */*

Response DefaultHttpResponse(decodeResult: success, version: HTTP/1.1)
HTTP/1.1 200 OK
Content-Length: 94387
Content-Type: application/json; charset=utf-8
cache-control: no-cache

02:15:54.137 [AsyncHttpClient-1-14] DEBUG org.asynchttpclient.netty.channel.ChannelManager - Adding key: http://localhost:13564 for channel [id: 0x540f8c51, L:/127.0.0.1:50975 - R:localhost/127.0.0.1:13564]
02:15:54.141 [Forwarding getCurrentUrl on session c0968eb5b5cb85f1fcc34796a40747d0 to remote] DEBUG org.asynchttpclient.netty.request.NettyRequestSender - Using pooled Channel '[id: 0x540f8c51, L:/127.0.0.1:50975 - R:localhost/127.0.0.1:13564]' for 'GET' to 'http://localhost:13564/session/c0968eb5b5cb85f1fcc34796a40747d0/url'
02:15:54.141 [Forwarding getCurrentUrl on session c0968eb5b5cb85f1fcc34796a40747d0 to remote] DEBUG org.asynchttpclient.netty.request.NettyRequestSender - Using open Channel [id: 0x540f8c51, L:/127.0.0.1:50975 - R:localhost/127.0.0.1:13564] for GET '/session/c0968eb5b5cb85f1fcc34796a40747d0/url'
02:15:54.145 [AsyncHttpClient-1-14] DEBUG org.asynchttpclient.netty.handler.HttpHandler - 

Request DefaultFullHttpRequest(decodeResult: success, version: HTTP/1.1, content: EmptyByteBufBE)
GET /session/c0968eb5b5cb85f1fcc34796a40747d0/url HTTP/1.1
User-Agent: selenium/4.8.1 (java windows)
Cache-Control: no-cache
Content-Type: application/json; charset=utf-8
host: localhost:13564
accept: */*

Response DefaultHttpResponse(decodeResult: success, version: HTTP/1.1)
HTTP/1.1 200 OK
Content-Length: 51
Content-Type: application/json; charset=utf-8
cache-control: no-cache

02:15:54.145 [AsyncHttpClient-1-14] DEBUG org.asynchttpclient.netty.channel.ChannelManager - Adding key: http://localhost:13564 for channel [id: 0x540f8c51, L:/127.0.0.1:50975 - R:localhost/127.0.0.1:13564]
02:15:54.151 [Forwarding getPageSource on session c0968eb5b5cb85f1fcc34796a40747d0 to remote] DEBUG org.asynchttpclient.netty.request.NettyRequestSender - Using pooled Channel '[id: 0x540f8c51, L:/127.0.0.1:50975 - R:localhost/127.0.0.1:13564]' for 'POST' to 'http://localhost:13564/session/c0968eb5b5cb85f1fcc34796a40747d0/execute/sync'
02:15:54.151 [Forwarding getPageSource on session c0968eb5b5cb85f1fcc34796a40747d0 to remote] DEBUG org.asynchttpclient.netty.request.NettyRequestSender - Using open Channel [id: 0x540f8c51, L:/127.0.0.1:50975 - R:localhost/127.0.0.1:13564] for POST '/session/c0968eb5b5cb85f1fcc34796a40747d0/execute/sync'
02:15:54.158 [AsyncHttpClient-1-14] DEBUG org.asynchttpclient.netty.handler.HttpHandler - 

Request DefaultHttpRequest(decodeResult: success, version: HTTP/1.1)
POST /session/c0968eb5b5cb85f1fcc34796a40747d0/execute/sync HTTP/1.1
User-Agent: selenium/4.8.1 (java windows)
Content-Length: 176
Content-Type: application/json; charset=utf-8
host: localhost:13564
accept: */*

Response DefaultHttpResponse(decodeResult: success, version: HTTP/1.1)
HTTP/1.1 200 OK
Content-Length: 94387
Content-Type: application/json; charset=utf-8
cache-control: no-cache

02:15:54.158 [AsyncHttpClient-1-14] DEBUG org.asynchttpclient.netty.channel.ChannelManager - Adding key: http://localhost:13564 for channel [id: 0x540f8c51, L:/127.0.0.1:50975 - R:localhost/127.0.0.1:13564]
02:15:54.162 [Forwarding getCurrentUrl on session c0968eb5b5cb85f1fcc34796a40747d0 to remote] DEBUG org.asynchttpclient.netty.request.NettyRequestSender - Using pooled Channel '[id: 0x540f8c51, L:/127.0.0.1:50975 - R:localhost/127.0.0.1:13564]' for 'GET' to 'http://localhost:13564/session/c0968eb5b5cb85f1fcc34796a40747d0/url'
02:15:54.162 [Forwarding getCurrentUrl on session c0968eb5b5cb85f1fcc34796a40747d0 to remote] DEBUG org.asynchttpclient.netty.request.NettyRequestSender - Using open Channel [id: 0x540f8c51, L:/127.0.0.1:50975 - R:localhost/127.0.0.1:13564] for GET '/session/c0968eb5b5cb85f1fcc34796a40747d0/url'
02:15:54.165 [AsyncHttpClient-1-14] DEBUG org.asynchttpclient.netty.handler.HttpHandler - 

Request DefaultFullHttpRequest(decodeResult: success, version: HTTP/1.1, content: EmptyByteBufBE)
GET /session/c0968eb5b5cb85f1fcc34796a40747d0/url HTTP/1.1
User-Agent: selenium/4.8.1 (java windows)
Cache-Control: no-cache
Content-Type: application/json; charset=utf-8
host: localhost:13564
accept: */*

Response DefaultHttpResponse(decodeResult: success, version: HTTP/1.1)
HTTP/1.1 200 OK
Content-Length: 51
Content-Type: application/json; charset=utf-8
cache-control: no-cache

02:15:54.165 [AsyncHttpClient-1-14] DEBUG org.asynchttpclient.netty.channel.ChannelManager - Adding key: http://localhost:13564 for channel [id: 0x540f8c51, L:/127.0.0.1:50975 - R:localhost/127.0.0.1:13564]
02:15:54.167 [main] DEBUG net.thucydides.core.steps.StepInterceptor - STARTING STEP: SelectProductSteps.clickLanjutkanButton - clickLanjutkanButton
02:15:54.169 [Forwarding findElement on session c0968eb5b5cb85f1fcc34796a40747d0 to remote] DEBUG org.asynchttpclient.netty.request.NettyRequestSender - Using pooled Channel '[id: 0x540f8c51, L:/127.0.0.1:50975 - R:localhost/127.0.0.1:13564]' for 'POST' to 'http://localhost:13564/session/c0968eb5b5cb85f1fcc34796a40747d0/element'
02:15:54.169 [Forwarding findElement on session c0968eb5b5cb85f1fcc34796a40747d0 to remote] DEBUG org.asynchttpclient.netty.request.NettyRequestSender - Using open Channel [id: 0x540f8c51, L:/127.0.0.1:50975 - R:localhost/127.0.0.1:13564] for POST '/session/c0968eb5b5cb85f1fcc34796a40747d0/element'
02:15:54.177 [AsyncHttpClient-1-14] DEBUG org.asynchttpclient.netty.handler.HttpHandler - 

Request DefaultHttpRequest(decodeResult: success, version: HTTP/1.1)
POST /session/c0968eb5b5cb85f1fcc34796a40747d0/element HTTP/1.1
User-Agent: selenium/4.8.1 (java windows)
Content-Length: 62
Content-Type: application/json; charset=utf-8
host: localhost:13564
accept: */*

Response DefaultHttpResponse(decodeResult: success, version: HTTP/1.1)
HTTP/1.1 200 OK
Content-Length: 88
Content-Type: application/json; charset=utf-8
cache-control: no-cache

02:15:54.177 [AsyncHttpClient-1-14] DEBUG org.asynchttpclient.netty.channel.ChannelManager - Adding key: http://localhost:13564 for channel [id: 0x540f8c51, L:/127.0.0.1:50975 - R:localhost/127.0.0.1:13564]
02:15:54.179 [Forwarding getElementTagName on session c0968eb5b5cb85f1fcc34796a40747d0 to remote] DEBUG org.asynchttpclient.netty.request.NettyRequestSender - Using pooled Channel '[id: 0x540f8c51, L:/127.0.0.1:50975 - R:localhost/127.0.0.1:13564]' for 'GET' to 'http://localhost:13564/session/c0968eb5b5cb85f1fcc34796a40747d0/element/7a0a2bc6-e7d3-43c8-be69-650cd3103790/name'
02:15:54.179 [Forwarding getElementTagName on session c0968eb5b5cb85f1fcc34796a40747d0 to remote] DEBUG org.asynchttpclient.netty.request.NettyRequestSender - Using open Channel [id: 0x540f8c51, L:/127.0.0.1:50975 - R:localhost/127.0.0.1:13564] for GET '/session/c0968eb5b5cb85f1fcc34796a40747d0/element/7a0a2bc6-e7d3-43c8-be69-650cd3103790/name'
02:15:54.183 [AsyncHttpClient-1-14] DEBUG org.asynchttpclient.netty.handler.HttpHandler - 

Request DefaultFullHttpRequest(decodeResult: success, version: HTTP/1.1, content: EmptyByteBufBE)
GET /session/c0968eb5b5cb85f1fcc34796a40747d0/element/7a0a2bc6-e7d3-43c8-be69-650cd3103790/name HTTP/1.1
User-Agent: selenium/4.8.1 (java windows)
Cache-Control: no-cache
Content-Type: application/json; charset=utf-8
host: localhost:13564
accept: */*

Response DefaultHttpResponse(decodeResult: success, version: HTTP/1.1)
HTTP/1.1 200 OK
Content-Length: 16
Content-Type: application/json; charset=utf-8
cache-control: no-cache

02:15:54.183 [AsyncHttpClient-1-14] DEBUG org.asynchttpclient.netty.channel.ChannelManager - Adding key: http://localhost:13564 for channel [id: 0x540f8c51, L:/127.0.0.1:50975 - R:localhost/127.0.0.1:13564]
02:15:54.184 [Forwarding getElementTagName on session c0968eb5b5cb85f1fcc34796a40747d0 to remote] DEBUG org.asynchttpclient.netty.request.NettyRequestSender - Using pooled Channel '[id: 0x540f8c51, L:/127.0.0.1:50975 - R:localhost/127.0.0.1:13564]' for 'GET' to 'http://localhost:13564/session/c0968eb5b5cb85f1fcc34796a40747d0/element/7a0a2bc6-e7d3-43c8-be69-650cd3103790/name'
02:15:54.184 [Forwarding getElementTagName on session c0968eb5b5cb85f1fcc34796a40747d0 to remote] DEBUG org.asynchttpclient.netty.request.NettyRequestSender - Using open Channel [id: 0x540f8c51, L:/127.0.0.1:50975 - R:localhost/127.0.0.1:13564] for GET '/session/c0968eb5b5cb85f1fcc34796a40747d0/element/7a0a2bc6-e7d3-43c8-be69-650cd3103790/name'
02:15:54.188 [AsyncHttpClient-1-14] DEBUG org.asynchttpclient.netty.handler.HttpHandler - 

Request DefaultFullHttpRequest(decodeResult: success, version: HTTP/1.1, content: EmptyByteBufBE)
GET /session/c0968eb5b5cb85f1fcc34796a40747d0/element/7a0a2bc6-e7d3-43c8-be69-650cd3103790/name HTTP/1.1
User-Agent: selenium/4.8.1 (java windows)
Cache-Control: no-cache
Content-Type: application/json; charset=utf-8
host: localhost:13564
accept: */*

Response DefaultHttpResponse(decodeResult: success, version: HTTP/1.1)
HTTP/1.1 200 OK
Content-Length: 16
Content-Type: application/json; charset=utf-8
cache-control: no-cache

02:15:54.188 [AsyncHttpClient-1-14] DEBUG org.asynchttpclient.netty.channel.ChannelManager - Adding key: http://localhost:13564 for channel [id: 0x540f8c51, L:/127.0.0.1:50975 - R:localhost/127.0.0.1:13564]
02:15:54.190 [Forwarding findElement on session c0968eb5b5cb85f1fcc34796a40747d0 to remote] DEBUG org.asynchttpclient.netty.request.NettyRequestSender - Using pooled Channel '[id: 0x540f8c51, L:/127.0.0.1:50975 - R:localhost/127.0.0.1:13564]' for 'POST' to 'http://localhost:13564/session/c0968eb5b5cb85f1fcc34796a40747d0/element'
02:15:54.190 [Forwarding findElement on session c0968eb5b5cb85f1fcc34796a40747d0 to remote] DEBUG org.asynchttpclient.netty.request.NettyRequestSender - Using open Channel [id: 0x540f8c51, L:/127.0.0.1:50975 - R:localhost/127.0.0.1:13564] for POST '/session/c0968eb5b5cb85f1fcc34796a40747d0/element'
02:15:54.196 [AsyncHttpClient-1-14] DEBUG org.asynchttpclient.netty.handler.HttpHandler - 

Request DefaultHttpRequest(decodeResult: success, version: HTTP/1.1)
POST /session/c0968eb5b5cb85f1fcc34796a40747d0/element HTTP/1.1
User-Agent: selenium/4.8.1 (java windows)
Content-Length: 62
Content-Type: application/json; charset=utf-8
host: localhost:13564
accept: */*

Response DefaultHttpResponse(decodeResult: success, version: HTTP/1.1)
HTTP/1.1 200 OK
Content-Length: 88
Content-Type: application/json; charset=utf-8
cache-control: no-cache

02:15:54.196 [AsyncHttpClient-1-14] DEBUG org.asynchttpclient.netty.channel.ChannelManager - Adding key: http://localhost:13564 for channel [id: 0x540f8c51, L:/127.0.0.1:50975 - R:localhost/127.0.0.1:13564]
02:15:54.197 [Forwarding clickElement on session c0968eb5b5cb85f1fcc34796a40747d0 to remote] DEBUG org.asynchttpclient.netty.request.NettyRequestSender - Using pooled Channel '[id: 0x540f8c51, L:/127.0.0.1:50975 - R:localhost/127.0.0.1:13564]' for 'POST' to 'http://localhost:13564/session/c0968eb5b5cb85f1fcc34796a40747d0/element/7a0a2bc6-e7d3-43c8-be69-650cd3103790/click'
02:15:54.197 [Forwarding clickElement on session c0968eb5b5cb85f1fcc34796a40747d0 to remote] DEBUG org.asynchttpclient.netty.request.NettyRequestSender - Using open Channel [id: 0x540f8c51, L:/127.0.0.1:50975 - R:localhost/127.0.0.1:13564] for POST '/session/c0968eb5b5cb85f1fcc34796a40747d0/element/7a0a2bc6-e7d3-43c8-be69-650cd3103790/click'
02:15:54.256 [AsyncHttpClient-1-14] DEBUG org.asynchttpclient.netty.handler.HttpHandler - 

Request DefaultHttpRequest(decodeResult: success, version: HTTP/1.1)
POST /session/c0968eb5b5cb85f1fcc34796a40747d0/element/7a0a2bc6-e7d3-43c8-be69-650cd3103790/click HTTP/1.1
User-Agent: selenium/4.8.1 (java windows)
Content-Length: 50
Content-Type: application/json; charset=utf-8
host: localhost:13564
accept: */*

Response DefaultHttpResponse(decodeResult: success, version: HTTP/1.1)
HTTP/1.1 200 OK
Content-Length: 14
Content-Type: application/json; charset=utf-8
cache-control: no-cache

02:15:54.256 [AsyncHttpClient-1-14] DEBUG org.asynchttpclient.netty.channel.ChannelManager - Adding key: http://localhost:13564 for channel [id: 0x540f8c51, L:/127.0.0.1:50975 - R:localhost/127.0.0.1:13564]
02:15:54.262 [Forwarding getAlertText on session c0968eb5b5cb85f1fcc34796a40747d0 to remote] DEBUG org.asynchttpclient.netty.request.NettyRequestSender - Using pooled Channel '[id: 0x540f8c51, L:/127.0.0.1:50975 - R:localhost/127.0.0.1:13564]' for 'GET' to 'http://localhost:13564/session/c0968eb5b5cb85f1fcc34796a40747d0/alert/text'
02:15:54.262 [Forwarding getAlertText on session c0968eb5b5cb85f1fcc34796a40747d0 to remote] DEBUG org.asynchttpclient.netty.request.NettyRequestSender - Using open Channel [id: 0x540f8c51, L:/127.0.0.1:50975 - R:localhost/127.0.0.1:13564] for GET '/session/c0968eb5b5cb85f1fcc34796a40747d0/alert/text'
02:15:54.263 [AsyncHttpClient-1-14] DEBUG org.asynchttpclient.netty.handler.HttpHandler - 

Request DefaultFullHttpRequest(decodeResult: success, version: HTTP/1.1, content: EmptyByteBufBE)
GET /session/c0968eb5b5cb85f1fcc34796a40747d0/alert/text HTTP/1.1
User-Agent: selenium/4.8.1 (java windows)
Cache-Control: no-cache
Content-Type: application/json; charset=utf-8
host: localhost:13564
accept: */*

Response DefaultHttpResponse(decodeResult: success, version: HTTP/1.1)
HTTP/1.1 404 Not Found
Content-Length: 835
Content-Type: application/json; charset=utf-8
cache-control: no-cache

02:15:54.263 [AsyncHttpClient-1-14] DEBUG org.asynchttpclient.netty.channel.ChannelManager - Adding key: http://localhost:13564 for channel [id: 0x540f8c51, L:/127.0.0.1:50975 - R:localhost/127.0.0.1:13564]
02:15:54.264 [Forwarding getCurrentUrl on session c0968eb5b5cb85f1fcc34796a40747d0 to remote] DEBUG org.asynchttpclient.netty.request.NettyRequestSender - Using pooled Channel '[id: 0x540f8c51, L:/127.0.0.1:50975 - R:localhost/127.0.0.1:13564]' for 'GET' to 'http://localhost:13564/session/c0968eb5b5cb85f1fcc34796a40747d0/url'
02:15:54.264 [Forwarding getCurrentUrl on session c0968eb5b5cb85f1fcc34796a40747d0 to remote] DEBUG org.asynchttpclient.netty.request.NettyRequestSender - Using open Channel [id: 0x540f8c51, L:/127.0.0.1:50975 - R:localhost/127.0.0.1:13564] for GET '/session/c0968eb5b5cb85f1fcc34796a40747d0/url'
02:15:54.268 [AsyncHttpClient-1-14] DEBUG org.asynchttpclient.netty.handler.HttpHandler - 

Request DefaultFullHttpRequest(decodeResult: success, version: HTTP/1.1, content: EmptyByteBufBE)
GET /session/c0968eb5b5cb85f1fcc34796a40747d0/url HTTP/1.1
User-Agent: selenium/4.8.1 (java windows)
Cache-Control: no-cache
Content-Type: application/json; charset=utf-8
host: localhost:13564
accept: */*

Response DefaultHttpResponse(decodeResult: success, version: HTTP/1.1)
HTTP/1.1 200 OK
Content-Length: 51
Content-Type: application/json; charset=utf-8
cache-control: no-cache

02:15:54.269 [AsyncHttpClient-1-14] DEBUG org.asynchttpclient.netty.channel.ChannelManager - Adding key: http://localhost:13564 for channel [id: 0x540f8c51, L:/127.0.0.1:50975 - R:localhost/127.0.0.1:13564]
02:15:54.269 [Forwarding screenshot on session c0968eb5b5cb85f1fcc34796a40747d0 to remote] DEBUG org.asynchttpclient.netty.request.NettyRequestSender - Using pooled Channel '[id: 0x540f8c51, L:/127.0.0.1:50975 - R:localhost/127.0.0.1:13564]' for 'GET' to 'http://localhost:13564/session/c0968eb5b5cb85f1fcc34796a40747d0/screenshot'
02:15:54.269 [Forwarding screenshot on session c0968eb5b5cb85f1fcc34796a40747d0 to remote] DEBUG org.asynchttpclient.netty.request.NettyRequestSender - Using open Channel [id: 0x540f8c51, L:/127.0.0.1:50975 - R:localhost/127.0.0.1:13564] for GET '/session/c0968eb5b5cb85f1fcc34796a40747d0/screenshot'
02:15:54.382 [AsyncHttpClient-1-14] DEBUG org.asynchttpclient.netty.handler.HttpHandler - 

Request DefaultFullHttpRequest(decodeResult: success, version: HTTP/1.1, content: EmptyByteBufBE)
GET /session/c0968eb5b5cb85f1fcc34796a40747d0/screenshot HTTP/1.1
User-Agent: selenium/4.8.1 (java windows)
Cache-Control: no-cache
Content-Type: application/json; charset=utf-8
host: localhost:13564
accept: */*

Response DefaultHttpResponse(decodeResult: success, version: HTTP/1.1)
HTTP/1.1 200 OK
Content-Length: 170724
Content-Type: application/json; charset=utf-8
cache-control: no-cache

02:15:54.382 [AsyncHttpClient-1-14] DEBUG org.asynchttpclient.netty.channel.ChannelManager - Adding key: http://localhost:13564 for channel [id: 0x540f8c51, L:/127.0.0.1:50975 - R:localhost/127.0.0.1:13564]
02:15:54.386 [main] DEBUG net.serenitybdd.core.photography.Darkroom - Send negative for processing for target\site\serenity\5ca499de70d3ef2ff49082fbd62883e52bd62ec10e8f518434388a40c7803824.png
02:15:54.386 [main] DEBUG net.thucydides.core.steps.StepInterceptor - STEP DONE: clickLanjutkanButton
  &amp#27;[32mWhen &amp#27;[0m&amp#27;[32mI click on the lanjutkan button&amp#27;[0m                            &amp#27;[90m# starter.stepdefintions.SelectProductSteps.clickLanjutkanButton()&amp#27;[0m
02:15:54.386 [Darkroom Processing Line] DEBUG net.serenitybdd.core.photography.DarkroomProcessingLine - Processing screenshot image in /var/screenshots/screenshot-10823377474305967864
02:15:54.386 [Darkroom Processing Line] DEBUG net.serenitybdd.core.photography.DarkroomProcessingLine - Saving screenshot to target\site\serenity\5ca499de70d3ef2ff49082fbd62883e52bd62ec10e8f518434388a40c7803824.png
02:15:54.392 [Forwarding getPageSource on session c0968eb5b5cb85f1fcc34796a40747d0 to remote] DEBUG org.asynchttpclient.netty.request.NettyRequestSender - Using pooled Channel '[id: 0x540f8c51, L:/127.0.0.1:50975 - R:localhost/127.0.0.1:13564]' for 'POST' to 'http://localhost:13564/session/c0968eb5b5cb85f1fcc34796a40747d0/execute/sync'
02:15:54.392 [Forwarding getPageSource on session c0968eb5b5cb85f1fcc34796a40747d0 to remote] DEBUG org.asynchttpclient.netty.request.NettyRequestSender - Using open Channel [id: 0x540f8c51, L:/127.0.0.1:50975 - R:localhost/127.0.0.1:13564] for POST '/session/c0968eb5b5cb85f1fcc34796a40747d0/execute/sync'
02:15:54.399 [AsyncHttpClient-1-14] DEBUG org.asynchttpclient.netty.handler.HttpHandler - 

Request DefaultHttpRequest(decodeResult: success, version: HTTP/1.1)
POST /session/c0968eb5b5cb85f1fcc34796a40747d0/execute/sync HTTP/1.1
User-Agent: selenium/4.8.1 (java windows)
Content-Length: 176
Content-Type: application/json; charset=utf-8
host: localhost:13564
accept: */*

Response DefaultHttpResponse(decodeResult: success, version: HTTP/1.1)
HTTP/1.1 200 OK
Content-Length: 98833
Content-Type: application/json; charset=utf-8
cache-control: no-cache

02:15:54.400 [AsyncHttpClient-1-14] DEBUG org.asynchttpclient.netty.channel.ChannelManager - Adding key: http://localhost:13564 for channel [id: 0x540f8c51, L:/127.0.0.1:50975 - R:localhost/127.0.0.1:13564]
02:15:54.403 [Forwarding getCurrentUrl on session c0968eb5b5cb85f1fcc34796a40747d0 to remote] DEBUG org.asynchttpclient.netty.request.NettyRequestSender - Using pooled Channel '[id: 0x540f8c51, L:/127.0.0.1:50975 - R:localhost/127.0.0.1:13564]' for 'GET' to 'http://localhost:13564/session/c0968eb5b5cb85f1fcc34796a40747d0/url'
02:15:54.404 [Forwarding getCurrentUrl on session c0968eb5b5cb85f1fcc34796a40747d0 to remote] DEBUG org.asynchttpclient.netty.request.NettyRequestSender - Using open Channel [id: 0x540f8c51, L:/127.0.0.1:50975 - R:localhost/127.0.0.1:13564] for GET '/session/c0968eb5b5cb85f1fcc34796a40747d0/url'
02:15:54.407 [AsyncHttpClient-1-14] DEBUG org.asynchttpclient.netty.handler.HttpHandler - 

Request DefaultFullHttpRequest(decodeResult: success, version: HTTP/1.1, content: EmptyByteBufBE)
GET /session/c0968eb5b5cb85f1fcc34796a40747d0/url HTTP/1.1
User-Agent: selenium/4.8.1 (java windows)
Cache-Control: no-cache
Content-Type: application/json; charset=utf-8
host: localhost:13564
accept: */*

Response DefaultHttpResponse(decodeResult: success, version: HTTP/1.1)
HTTP/1.1 200 OK
Content-Length: 51
Content-Type: application/json; charset=utf-8
cache-control: no-cache

02:15:54.407 [AsyncHttpClient-1-14] DEBUG org.asynchttpclient.netty.channel.ChannelManager - Adding key: http://localhost:13564 for channel [id: 0x540f8c51, L:/127.0.0.1:50975 - R:localhost/127.0.0.1:13564]
02:15:54.414 [Forwarding getPageSource on session c0968eb5b5cb85f1fcc34796a40747d0 to remote] DEBUG org.asynchttpclient.netty.request.NettyRequestSender - Using pooled Channel '[id: 0x540f8c51, L:/127.0.0.1:50975 - R:localhost/127.0.0.1:13564]' for 'POST' to 'http://localhost:13564/session/c0968eb5b5cb85f1fcc34796a40747d0/execute/sync'
02:15:54.414 [Forwarding getPageSource on session c0968eb5b5cb85f1fcc34796a40747d0 to remote] DEBUG org.asynchttpclient.netty.request.NettyRequestSender - Using open Channel [id: 0x540f8c51, L:/127.0.0.1:50975 - R:localhost/127.0.0.1:13564] for POST '/session/c0968eb5b5cb85f1fcc34796a40747d0/execute/sync'
02:15:54.420 [AsyncHttpClient-1-14] DEBUG org.asynchttpclient.netty.handler.HttpHandler - 

Request DefaultHttpRequest(decodeResult: success, version: HTTP/1.1)
POST /session/c0968eb5b5cb85f1fcc34796a40747d0/execute/sync HTTP/1.1
User-Agent: selenium/4.8.1 (java windows)
Content-Length: 176
Content-Type: application/json; charset=utf-8
host: localhost:13564
accept: */*

Response DefaultHttpResponse(decodeResult: success, version: HTTP/1.1)
HTTP/1.1 200 OK
Content-Length: 98834
Content-Type: application/json; charset=utf-8
cache-control: no-cache

02:15:54.421 [AsyncHttpClient-1-14] DEBUG org.asynchttpclient.netty.channel.ChannelManager - Adding key: http://localhost:13564 for channel [id: 0x540f8c51, L:/127.0.0.1:50975 - R:localhost/127.0.0.1:13564]
02:15:54.424 [Forwarding getCurrentUrl on session c0968eb5b5cb85f1fcc34796a40747d0 to remote] DEBUG org.asynchttpclient.netty.request.NettyRequestSender - Using pooled Channel '[id: 0x540f8c51, L:/127.0.0.1:50975 - R:localhost/127.0.0.1:13564]' for 'GET' to 'http://localhost:13564/session/c0968eb5b5cb85f1fcc34796a40747d0/url'
02:15:54.424 [Forwarding getCurrentUrl on session c0968eb5b5cb85f1fcc34796a40747d0 to remote] DEBUG org.asynchttpclient.netty.request.NettyRequestSender - Using open Channel [id: 0x540f8c51, L:/127.0.0.1:50975 - R:localhost/127.0.0.1:13564] for GET '/session/c0968eb5b5cb85f1fcc34796a40747d0/url'
02:15:54.428 [AsyncHttpClient-1-14] DEBUG org.asynchttpclient.netty.handler.HttpHandler - 

Request DefaultFullHttpRequest(decodeResult: success, version: HTTP/1.1, content: EmptyByteBufBE)
GET /session/c0968eb5b5cb85f1fcc34796a40747d0/url HTTP/1.1
User-Agent: selenium/4.8.1 (java windows)
Cache-Control: no-cache
Content-Type: application/json; charset=utf-8
host: localhost:13564
accept: */*

Response DefaultHttpResponse(decodeResult: success, version: HTTP/1.1)
HTTP/1.1 200 OK
Content-Length: 51
Content-Type: application/json; charset=utf-8
cache-control: no-cache

02:15:54.428 [AsyncHttpClient-1-14] DEBUG org.asynchttpclient.netty.channel.ChannelManager - Adding key: http://localhost:13564 for channel [id: 0x540f8c51, L:/127.0.0.1:50975 - R:localhost/127.0.0.1:13564]
02:15:54.430 [main] DEBUG net.thucydides.core.steps.StepInterceptor - STARTING STEP: SelectProductSteps.validateWarningMessage - validateWarningMessage
02:15:54.431 [Forwarding findElement on session c0968eb5b5cb85f1fcc34796a40747d0 to remote] DEBUG org.asynchttpclient.netty.request.NettyRequestSender - Using pooled Channel '[id: 0x540f8c51, L:/127.0.0.1:50975 - R:localhost/127.0.0.1:13564]' for 'POST' to 'http://localhost:13564/session/c0968eb5b5cb85f1fcc34796a40747d0/element'
02:15:54.431 [Forwarding findElement on session c0968eb5b5cb85f1fcc34796a40747d0 to remote] DEBUG org.asynchttpclient.netty.request.NettyRequestSender - Using open Channel [id: 0x540f8c51, L:/127.0.0.1:50975 - R:localhost/127.0.0.1:13564] for POST '/session/c0968eb5b5cb85f1fcc34796a40747d0/element'
02:15:54.653 [AsyncHttpClient-1-1] DEBUG org.asynchttpclient.netty.channel.DefaultChannelPool - Entry count for : http://localhost:50976 : 1
02:15:54.753 [AsyncHttpClient-1-14] DEBUG org.asynchttpclient.netty.handler.HttpHandler - 

Request DefaultHttpRequest(decodeResult: success, version: HTTP/1.1)
POST /session/c0968eb5b5cb85f1fcc34796a40747d0/element HTTP/1.1
User-Agent: selenium/4.8.1 (java windows)
Content-Length: 114
Content-Type: application/json; charset=utf-8
host: localhost:13564
accept: */*

Response DefaultHttpResponse(decodeResult: success, version: HTTP/1.1)
HTTP/1.1 200 OK
Content-Length: 88
Content-Type: application/json; charset=utf-8
cache-control: no-cache

02:15:54.753 [AsyncHttpClient-1-14] DEBUG org.asynchttpclient.netty.channel.ChannelManager - Adding key: http://localhost:13564 for channel [id: 0x540f8c51, L:/127.0.0.1:50975 - R:localhost/127.0.0.1:13564]
02:15:54.755 [Forwarding isElementDisplayed on session c0968eb5b5cb85f1fcc34796a40747d0 to remote] DEBUG org.asynchttpclient.netty.request.NettyRequestSender - Using pooled Channel '[id: 0x540f8c51, L:/127.0.0.1:50975 - R:localhost/127.0.0.1:13564]' for 'POST' to 'http://localhost:13564/session/c0968eb5b5cb85f1fcc34796a40747d0/execute/sync'
02:15:54.755 [Forwarding isElementDisplayed on session c0968eb5b5cb85f1fcc34796a40747d0 to remote] DEBUG org.asynchttpclient.netty.request.NettyRequestSender - Using open Channel [id: 0x540f8c51, L:/127.0.0.1:50975 - R:localhost/127.0.0.1:13564] for POST '/session/c0968eb5b5cb85f1fcc34796a40747d0/execute/sync'
02:15:54.764 [AsyncHttpClient-1-14] DEBUG org.asynchttpclient.netty.handler.HttpHandler - 

Request DefaultHttpRequest(decodeResult: success, version: HTTP/1.1)
POST /session/c0968eb5b5cb85f1fcc34796a40747d0/execute/sync HTTP/1.1
User-Agent: selenium/4.8.1 (java windows)
Content-Length: 48807
Content-Type: application/json; charset=utf-8
host: localhost:13564
accept: */*

Response DefaultHttpResponse(decodeResult: success, version: HTTP/1.1)
HTTP/1.1 200 OK
Content-Length: 14
Content-Type: application/json; charset=utf-8
cache-control: no-cache

02:15:54.764 [AsyncHttpClient-1-14] DEBUG org.asynchttpclient.netty.channel.ChannelManager - Adding key: http://localhost:13564 for channel [id: 0x540f8c51, L:/127.0.0.1:50975 - R:localhost/127.0.0.1:13564]
02:15:54.768 [Forwarding getAlertText on session c0968eb5b5cb85f1fcc34796a40747d0 to remote] DEBUG org.asynchttpclient.netty.request.NettyRequestSender - Using pooled Channel '[id: 0x540f8c51, L:/127.0.0.1:50975 - R:localhost/127.0.0.1:13564]' for 'GET' to 'http://localhost:13564/session/c0968eb5b5cb85f1fcc34796a40747d0/alert/text'
02:15:54.768 [Forwarding getAlertText on session c0968eb5b5cb85f1fcc34796a40747d0 to remote] DEBUG org.asynchttpclient.netty.request.NettyRequestSender - Using open Channel [id: 0x540f8c51, L:/127.0.0.1:50975 - R:localhost/127.0.0.1:13564] for GET '/session/c0968eb5b5cb85f1fcc34796a40747d0/alert/text'
02:15:54.769 [AsyncHttpClient-1-14] DEBUG org.asynchttpclient.netty.handler.HttpHandler - 

Request DefaultFullHttpRequest(decodeResult: success, version: HTTP/1.1, content: EmptyByteBufBE)
GET /session/c0968eb5b5cb85f1fcc34796a40747d0/alert/text HTTP/1.1
User-Agent: selenium/4.8.1 (java windows)
Cache-Control: no-cache
Content-Type: application/json; charset=utf-8
host: localhost:13564
accept: */*

Response DefaultHttpResponse(decodeResult: success, version: HTTP/1.1)
HTTP/1.1 404 Not Found
Content-Length: 835
Content-Type: application/json; charset=utf-8
cache-control: no-cache

02:15:54.769 [AsyncHttpClient-1-14] DEBUG org.asynchttpclient.netty.channel.ChannelManager - Adding key: http://localhost:13564 for channel [id: 0x540f8c51, L:/127.0.0.1:50975 - R:localhost/127.0.0.1:13564]
02:15:54.770 [Forwarding getCurrentUrl on session c0968eb5b5cb85f1fcc34796a40747d0 to remote] DEBUG org.asynchttpclient.netty.request.NettyRequestSender - Using pooled Channel '[id: 0x540f8c51, L:/127.0.0.1:50975 - R:localhost/127.0.0.1:13564]' for 'GET' to 'http://localhost:13564/session/c0968eb5b5cb85f1fcc34796a40747d0/url'
02:15:54.770 [Forwarding getCurrentUrl on session c0968eb5b5cb85f1fcc34796a40747d0 to remote] DEBUG org.asynchttpclient.netty.request.NettyRequestSender - Using open Channel [id: 0x540f8c51, L:/127.0.0.1:50975 - R:localhost/127.0.0.1:13564] for GET '/session/c0968eb5b5cb85f1fcc34796a40747d0/url'
02:15:54.773 [AsyncHttpClient-1-14] DEBUG org.asynchttpclient.netty.handler.HttpHandler - 

Request DefaultFullHttpRequest(decodeResult: success, version: HTTP/1.1, content: EmptyByteBufBE)
GET /session/c0968eb5b5cb85f1fcc34796a40747d0/url HTTP/1.1
User-Agent: selenium/4.8.1 (java windows)
Cache-Control: no-cache
Content-Type: application/json; charset=utf-8
host: localhost:13564
accept: */*

Response DefaultHttpResponse(decodeResult: success, version: HTTP/1.1)
HTTP/1.1 200 OK
Content-Length: 51
Content-Type: application/json; charset=utf-8
cache-control: no-cache

02:15:54.773 [AsyncHttpClient-1-14] DEBUG org.asynchttpclient.netty.channel.ChannelManager - Adding key: http://localhost:13564 for channel [id: 0x540f8c51, L:/127.0.0.1:50975 - R:localhost/127.0.0.1:13564]
02:15:54.774 [Forwarding screenshot on session c0968eb5b5cb85f1fcc34796a40747d0 to remote] DEBUG org.asynchttpclient.netty.request.NettyRequestSender - Using pooled Channel '[id: 0x540f8c51, L:/127.0.0.1:50975 - R:localhost/127.0.0.1:13564]' for 'GET' to 'http://localhost:13564/session/c0968eb5b5cb85f1fcc34796a40747d0/screenshot'
02:15:54.774 [Forwarding screenshot on session c0968eb5b5cb85f1fcc34796a40747d0 to remote] DEBUG org.asynchttpclient.netty.request.NettyRequestSender - Using open Channel [id: 0x540f8c51, L:/127.0.0.1:50975 - R:localhost/127.0.0.1:13564] for GET '/session/c0968eb5b5cb85f1fcc34796a40747d0/screenshot'
02:15:54.889 [AsyncHttpClient-1-14] DEBUG org.asynchttpclient.netty.handler.HttpHandler - 

Request DefaultFullHttpRequest(decodeResult: success, version: HTTP/1.1, content: EmptyByteBufBE)
GET /session/c0968eb5b5cb85f1fcc34796a40747d0/screenshot HTTP/1.1
User-Agent: selenium/4.8.1 (java windows)
Cache-Control: no-cache
Content-Type: application/json; charset=utf-8
host: localhost:13564
accept: */*

Response DefaultHttpResponse(decodeResult: success, version: HTTP/1.1)
HTTP/1.1 200 OK
Content-Length: 237992
Content-Type: application/json; charset=utf-8
cache-control: no-cache

02:15:54.889 [AsyncHttpClient-1-14] DEBUG org.asynchttpclient.netty.channel.ChannelManager - Adding key: http://localhost:13564 for channel [id: 0x540f8c51, L:/127.0.0.1:50975 - R:localhost/127.0.0.1:13564]
02:15:54.893 [main] DEBUG net.serenitybdd.core.photography.Darkroom - Send negative for processing for target\site\serenity\88cf1fd7986cedaed617b7c2ed3596680e188cb5518690bc9c3e199610bf3ebd.png
02:15:54.893 [main] DEBUG net.thucydides.core.steps.StepInterceptor - STEP DONE: validateWarningMessage
  &amp#27;[32mThen &amp#27;[0m&amp#27;[32mI should see the warning message&amp#27;[0m                           &amp#27;[90m# starter.stepdefintions.SelectProductSteps.validateWarningMessage()&amp#27;[0m
02:15:54.893 [Darkroom Processing Line] DEBUG net.serenitybdd.core.photography.DarkroomProcessingLine - Processing screenshot image in /var/screenshots/screenshot-5312566185877976864
02:15:54.893 [Darkroom Processing Line] DEBUG net.serenitybdd.core.photography.DarkroomProcessingLine - Saving screenshot to target\site\serenity\88cf1fd7986cedaed617b7c2ed3596680e188cb5518690bc9c3e199610bf3ebd.png
02:15:54.896 [main] INFO  - 
  _____   ___   ___   _____     ___     _     ___   ___   ___   ___  
 |_   _| | __| / __| |_   _|   | _ \   /_\   / __| / __| | __| |   \ 
   | |   | _|  \__ \   | |     |  _/  / _ \  \__ \ \__ \ | _|  | |) |
   |_|   |___| |___/   |_|     |_|   /_/ \_\ |___/ |___/ |___| |___/ 

Input incorrect nomor meter and correct nomor handphone
----------------------------------------------------------------------
02:15:54.897 [AsyncHttpClient-1-16] DEBUG org.asynchttpclient.netty.handler.WebSocketHandler - Channel Closed: [id: 0xe41c45d4, L:/127.0.0.1:50985 ! R:localhost/127.0.0.1:50976] with attribute NettyResponseFuture{currentRetry=0,
	isDone=1,
	isCancelled=0,
	asyncHandler=org.asynchttpclient.ws.WebSocketUpgradeHandler@47aad410,
	nettyRequest=org.asynchttpclient.netty.request.NettyRequest@2a84281,
	future=java.util.concurrent.CompletableFuture@5ad9440b[Completed normally],
	uri=ws://localhost:50976/devtools/browser/16b0b2b2-6a4e-48b9-936d-08eb3bc82a3d,
	keepAlive=true,
	redirectCount=0,
	timeoutsHolder=null,
	inAuth=0,
	touch=1680894941246}
02:15:54.897 [Driver Command Executor] DEBUG org.asynchttpclient.netty.request.NettyRequestSender - Using pooled Channel '[id: 0x540f8c51, L:/127.0.0.1:50975 - R:localhost/127.0.0.1:13564]' for 'DELETE' to 'http://localhost:13564/session/c0968eb5b5cb85f1fcc34796a40747d0'
02:15:54.897 [AsyncHttpClient-1-16] DEBUG org.asynchttpclient.netty.channel.ChannelManager - Closing Channel [id: 0xe41c45d4, L:/127.0.0.1:50985 ! R:localhost/127.0.0.1:50976] 
02:15:54.897 [Driver Command Executor] DEBUG org.asynchttpclient.netty.request.NettyRequestSender - Using open Channel [id: 0x540f8c51, L:/127.0.0.1:50975 - R:localhost/127.0.0.1:13564] for DELETE '/session/c0968eb5b5cb85f1fcc34796a40747d0'
02:15:54.921 [AsyncHttpClient-1-15] DEBUG org.asynchttpclient.netty.handler.HttpHandler - Unexpected I/O exception on channel [id: 0xcd67b3ef, L:/127.0.0.1:50984 - R:localhost/127.0.0.1:50976]
java.net.SocketException: Connection reset
	at java.base/sun.nio.ch.SocketChannelImpl.throwConnectionReset(SocketChannelImpl.java:367)
	at java.base/sun.nio.ch.SocketChannelImpl.read(SocketChannelImpl.java:398)
	at io.netty.buffer.PooledByteBuf.setBytes(PooledByteBuf.java:259)
	at io.netty.buffer.AbstractByteBuf.writeBytes(AbstractByteBuf.java:1132)
	at io.netty.channel.socket.nio.NioSocketChannel.doReadBytes(NioSocketChannel.java:357)
	at io.netty.channel.nio.AbstractNioByteChannel$NioByteUnsafe.read(AbstractNioByteChannel.java:151)
	at io.netty.channel.nio.NioEventLoop.processSelectedKey(NioEventLoop.java:788)
	at io.netty.channel.nio.NioEventLoop.processSelectedKeysOptimized(NioEventLoop.java:724)
	at io.netty.channel.nio.NioEventLoop.processSelectedKeys(NioEventLoop.java:650)
	at io.netty.channel.nio.NioEventLoop.run(NioEventLoop.java:562)
	at io.netty.util.concurrent.SingleThreadEventExecutor$4.run(SingleThreadEventExecutor.java:997)
	at io.netty.util.internal.ThreadExecutorMap$2.run(ThreadExecutorMap.java:74)
	at io.netty.util.concurrent.FastThreadLocalRunnable.run(FastThreadLocalRunnable.java:30)
	at java.base/java.lang.Thread.run(Thread.java:832)
02:15:54.921 [AsyncHttpClient-1-15] DEBUG org.asynchttpclient.netty.channel.ChannelManager - Closing Channel [id: 0xcd67b3ef, L:/127.0.0.1:50984 - R:localhost/127.0.0.1:50976] 
02:15:54.922 [AsyncHttpClient-1-15] DEBUG org.asynchttpclient.netty.handler.HttpHandler - Channel Closed: [id: 0xcd67b3ef, L:/127.0.0.1:50984 ! R:localhost/127.0.0.1:50976] with attribute DISCARD
02:15:54.932 [AsyncHttpClient-1-14] DEBUG org.asynchttpclient.netty.handler.HttpHandler - 

Request DefaultFullHttpRequest(decodeResult: success, version: HTTP/1.1, content: EmptyByteBufBE)
DELETE /session/c0968eb5b5cb85f1fcc34796a40747d0 HTTP/1.1
User-Agent: selenium/4.8.1 (java windows)
Content-Type: application/json; charset=utf-8
host: localhost:13564
accept: */*

Response DefaultHttpResponse(decodeResult: success, version: HTTP/1.1)
HTTP/1.1 200 OK
Content-Length: 14
Content-Type: application/json; charset=utf-8
cache-control: no-cache

02:15:54.933 [AsyncHttpClient-1-14] DEBUG org.asynchttpclient.netty.channel.ChannelManager - Adding key: http://localhost:13564 for channel [id: 0x540f8c51, L:/127.0.0.1:50975 - R:localhost/127.0.0.1:13564]
02:15:55.070 [AsyncHttpClient-1-14] DEBUG org.asynchttpclient.netty.handler.HttpHandler - Channel Closed: [id: 0x540f8c51, L:/127.0.0.1:50975 ! R:localhost/127.0.0.1:13564] with attribute DISCARD
]]></system-out>
    <system-err><![CDATA[Starting ChromeDriver 111.0.5563.64 (c710e93d5b63b7095afe8c2c17df34408078439d-refs/branch-heads/5563@{#995}) on port 13564
Only local connections are allowed.
Please see https://chromedriver.chromium.org/security-considerations for suggestions on keeping ChromeDriver safe.
ChromeDriver was started successfully.
[1680894941.225][WARNING]: This version of ChromeDriver has not been tested with Chrome version 112.
Apr 08, 2023 2:15:41 AM org.openqa.selenium.devtools.CdpVersionFinder findNearestMatch
WARNING: Unable to find an exact match for CDP version 112, so returning the closest version found: 110
]]></system-err>
  </testcase>
</testsuite>