<?xml version="1.0" encoding="UTF-8"?>
<testsuite xmlns:xsi="http://www.w3.org/2001/XMLSchema-instance" xsi:noNamespaceSchemaLocation="https://maven.apache.org/surefire/maven-failsafe-plugin/xsd/failsafe-test-report-3.0.xsd" version="3.0" name="starter.CucumberTestSuite" time="133.71" tests="6" errors="3" skipped="0" failures="0">
  <properties>
    <property name="java.specification.version" value="15"/>
    <property name="webdriver.chrome.driver" value="src/test/resources/webdriver/chromedriver.exe"/>
    <property name="sun.cpu.isalist" value="amd64"/>
    <property name="sun.jnu.encoding" value="Cp1252"/>
    <property name="java.class.path" value="C:\Users\WINDOWS 10\Documents\GitHub\QE_Andira_Ms\11_Web_Programming_&amp;_Testing\Praktikum\Testing_with_Serenity\Prioritas2\alta\target\test-classes;C:\Users\WINDOWS 10\.m2\repository\net\serenity-bdd\serenity-core\3.6.21\serenity-core-3.6.21.jar;C:\Users\WINDOWS 10\.m2\repository\net\serenity-bdd\serenity-model\3.6.21\serenity-model-3.6.21.jar;C:\Users\WINDOWS 10\.m2\repository\org\apache\commons\commons-text\1.10.0\commons-text-1.10.0.jar;C:\Users\WINDOWS 10\.m2\repository\commons-net\commons-net\3.9.0\commons-net-3.9.0.jar;C:\Users\WINDOWS 10\.m2\repository\com\google\guava\guava\31.1-jre\guava-31.1-jre.jar;C:\Users\WINDOWS 10\.m2\repository\com\google\guava\failureaccess\1.0.1\failureaccess-1.0.1.jar;C:\Users\WINDOWS 10\.m2\repository\com\google\guava\listenablefuture\9999.0-empty-to-avoid-conflict-with-guava\listenablefuture-9999.0-empty-to-avoid-conflict-with-guava.jar;C:\Users\WINDOWS 10\.m2\repository\com\google\code\findbugs\jsr305\3.0.2\jsr305-3.0.2.jar;C:\Users\WINDOWS 10\.m2\repository\org\checkerframework\checker-qual\3.12.0\checker-qual-3.12.0.jar;C:\Users\WINDOWS 10\.m2\repository\com\google\errorprone\error_prone_annotations\2.11.0\error_prone_annotations-2.11.0.jar;C:\Users\WINDOWS 10\.m2\repository\com\google\j2objc\j2objc-annotations\1.3\j2objc-annotations-1.3.jar;C:\Users\WINDOWS 10\.m2\repository\com\google\inject\guice\5.1.0\guice-5.1.0.jar;C:\Users\WINDOWS 10\.m2\repository\javax\inject\javax.inject\1\javax.inject-1.jar;C:\Users\WINDOWS 10\.m2\repository\aopalliance\aopalliance\1.0\aopalliance-1.0.jar;C:\Users\WINDOWS 10\.m2\repository\org\jsoup\jsoup\1.14.3\jsoup-1.14.3.jar;C:\Users\WINDOWS 10\.m2\repository\com\thoughtworks\xstream\xstream\1.4.20\xstream-1.4.20.jar;C:\Users\WINDOWS 10\.m2\repository\io\github\x-stream\mxparser\1.2.2\mxparser-1.2.2.jar;C:\Users\WINDOWS 10\.m2\repository\xmlpull\xmlpull\1.1.3.1\xmlpull-1.1.3.1.jar;C:\Users\WINDOWS 10\.m2\repository\com\typesafe\config\1.4.2\config-1.4.2.jar;C:\Users\WINDOWS 10\.m2\repository\org\imgscalr\imgscalr-lib\4.2\imgscalr-lib-4.2.jar;C:\Users\WINDOWS 10\.m2\repository\org\awaitility\awaitility\4.2.0\awaitility-4.2.0.jar;C:\Users\WINDOWS 10\.m2\repository\org\freemarker\freemarker\2.3.31\freemarker-2.3.31.jar;C:\Users\WINDOWS 10\.m2\repository\io\github\classgraph\classgraph\4.8.138\classgraph-4.8.138.jar;C:\Users\WINDOWS 10\.m2\repository\net\sourceforge\jexcelapi\jxl\2.6.12\jxl-2.6.12.jar;C:\Users\WINDOWS 10\.m2\repository\net\bytebuddy\byte-buddy-agent\1.14.2\byte-buddy-agent-1.14.2.jar;C:\Users\WINDOWS 10\.m2\repository\org\objenesis\objenesis\3.3\objenesis-3.3.jar;C:\Users\WINDOWS 10\.m2\repository\net\serenity-bdd\serenity-reports\3.6.21\serenity-reports-3.6.21.jar;C:\Users\WINDOWS 10\.m2\repository\net\serenity-bdd\serenity-stats\3.6.21\serenity-stats-3.6.21.jar;C:\Users\WINDOWS 10\.m2\repository\net\serenity-bdd\serenity-reports-configuration\3.6.21\serenity-reports-configuration-3.6.21.jar;C:\Users\WINDOWS 10\.m2\repository\com\vladsch\flexmark\flexmark-all\0.62.2\flexmark-all-0.62.2.jar;C:\Users\WINDOWS 10\.m2\repository\com\vladsch\flexmark\flexmark\0.62.2\flexmark-0.62.2.jar;C:\Users\WINDOWS 10\.m2\repository\com\vladsch\flexmark\flexmark-ext-abbreviation\0.62.2\flexmark-ext-abbreviation-0.62.2.jar;C:\Users\WINDOWS 10\.m2\repository\com\vladsch\flexmark\flexmark-util\0.62.2\flexmark-util-0.62.2.jar;C:\Users\WINDOWS 10\.m2\repository\com\vladsch\flexmark\flexmark-ext-admonition\0.62.2\flexmark-ext-admonition-0.62.2.jar;C:\Users\WINDOWS 10\.m2\repository\com\vladsch\flexmark\flexmark-ext-anchorlink\0.62.2\flexmark-ext-anchorlink-0.62.2.jar;C:\Users\WINDOWS 10\.m2\repository\com\vladsch\flexmark\flexmark-ext-aside\0.62.2\flexmark-ext-aside-0.62.2.jar;C:\Users\WINDOWS 10\.m2\repository\com\vladsch\flexmark\flexmark-ext-attributes\0.62.2\flexmark-ext-attributes-0.62.2.jar;C:\Users\WINDOWS 10\.m2\repository\com\vladsch\flexmark\flexmark-ext-autolink\0.62.2\flexmark-ext-autolink-0.62.2.jar;C:\Users\WINDOWS 10\.m2\repository\org\nibor\autolink\autolink\0.6.0\autolink-0.6.0.jar;C:\Users\WINDOWS 10\.m2\repository\com\vladsch\flexmark\flexmark-ext-definition\0.62.2\flexmark-ext-definition-0.62.2.jar;C:\Users\WINDOWS 10\.m2\repository\com\vladsch\flexmark\flexmark-ext-emoji\0.62.2\flexmark-ext-emoji-0.62.2.jar;C:\Users\WINDOWS 10\.m2\repository\com\vladsch\flexmark\flexmark-ext-enumerated-reference\0.62.2\flexmark-ext-enumerated-reference-0.62.2.jar;C:\Users\WINDOWS 10\.m2\repository\com\vladsch\flexmark\flexmark-ext-escaped-character\0.62.2\flexmark-ext-escaped-character-0.62.2.jar;C:\Users\WINDOWS 10\.m2\repository\com\vladsch\flexmark\flexmark-ext-footnotes\0.62.2\flexmark-ext-footnotes-0.62.2.jar;C:\Users\WINDOWS 10\.m2\repository\com\vladsch\flexmark\flexmark-ext-gfm-issues\0.62.2\flexmark-ext-gfm-issues-0.62.2.jar;C:\Users\WINDOWS 10\.m2\repository\com\vladsch\flexmark\flexmark-ext-gfm-strikethrough\0.62.2\flexmark-ext-gfm-strikethrough-0.62.2.jar;C:\Users\WINDOWS 10\.m2\repository\com\vladsch\flexmark\flexmark-ext-gfm-tasklist\0.62.2\flexmark-ext-gfm-tasklist-0.62.2.jar;C:\Users\WINDOWS 10\.m2\repository\com\vladsch\flexmark\flexmark-ext-gfm-users\0.62.2\flexmark-ext-gfm-users-0.62.2.jar;C:\Users\WINDOWS 10\.m2\repository\com\vladsch\flexmark\flexmark-ext-gitlab\0.62.2\flexmark-ext-gitlab-0.62.2.jar;C:\Users\WINDOWS 10\.m2\repository\com\vladsch\flexmark\flexmark-ext-jekyll-front-matter\0.62.2\flexmark-ext-jekyll-front-matter-0.62.2.jar;C:\Users\WINDOWS 10\.m2\repository\com\vladsch\flexmark\flexmark-ext-jekyll-tag\0.62.2\flexmark-ext-jekyll-tag-0.62.2.jar;C:\Users\WINDOWS 10\.m2\repository\com\vladsch\flexmark\flexmark-ext-media-tags\0.62.2\flexmark-ext-media-tags-0.62.2.jar;C:\Users\WINDOWS 10\.m2\repository\com\vladsch\flexmark\flexmark-ext-macros\0.62.2\flexmark-ext-macros-0.62.2.jar;C:\Users\WINDOWS 10\.m2\repository\com\vladsch\flexmark\flexmark-ext-ins\0.62.2\flexmark-ext-ins-0.62.2.jar;C:\Users\WINDOWS 10\.m2\repository\com\vladsch\flexmark\flexmark-ext-xwiki-macros\0.62.2\flexmark-ext-xwiki-macros-0.62.2.jar;C:\Users\WINDOWS 10\.m2\repository\com\vladsch\flexmark\flexmark-ext-superscript\0.62.2\flexmark-ext-superscript-0.62.2.jar;C:\Users\WINDOWS 10\.m2\repository\com\vladsch\flexmark\flexmark-ext-tables\0.62.2\flexmark-ext-tables-0.62.2.jar;C:\Users\WINDOWS 10\.m2\repository\com\vladsch\flexmark\flexmark-ext-toc\0.62.2\flexmark-ext-toc-0.62.2.jar;C:\Users\WINDOWS 10\.m2\repository\com\vladsch\flexmark\flexmark-ext-typographic\0.62.2\flexmark-ext-typographic-0.62.2.jar;C:\Users\WINDOWS 10\.m2\repository\com\vladsch\flexmark\flexmark-ext-wikilink\0.62.2\flexmark-ext-wikilink-0.62.2.jar;C:\Users\WINDOWS 10\.m2\repository\com\vladsch\flexmark\flexmark-ext-yaml-front-matter\0.62.2\flexmark-ext-yaml-front-matter-0.62.2.jar;C:\Users\WINDOWS 10\.m2\repository\com\vladsch\flexmark\flexmark-ext-youtube-embedded\0.62.2\flexmark-ext-youtube-embedded-0.62.2.jar;C:\Users\WINDOWS 10\.m2\repository\com\vladsch\flexmark\flexmark-html2md-converter\0.62.2\flexmark-html2md-converter-0.62.2.jar;C:\Users\WINDOWS 10\.m2\repository\com\vladsch\flexmark\flexmark-jira-converter\0.62.2\flexmark-jira-converter-0.62.2.jar;C:\Users\WINDOWS 10\.m2\repository\com\vladsch\flexmark\flexmark-pdf-converter\0.62.2\flexmark-pdf-converter-0.62.2.jar;C:\Users\WINDOWS 10\.m2\repository\com\openhtmltopdf\openhtmltopdf-core\1.0.0\openhtmltopdf-core-1.0.0.jar;C:\Users\WINDOWS 10\.m2\repository\com\openhtmltopdf\openhtmltopdf-pdfbox\1.0.0\openhtmltopdf-pdfbox-1.0.0.jar;C:\Users\WINDOWS 10\.m2\repository\org\apache\pdfbox\pdfbox\2.0.16\pdfbox-2.0.16.jar;C:\Users\WINDOWS 10\.m2\repository\org\apache\pdfbox\fontbox\2.0.16\fontbox-2.0.16.jar;C:\Users\WINDOWS 10\.m2\repository\org\apache\pdfbox\xmpbox\2.0.16\xmpbox-2.0.16.jar;C:\Users\WINDOWS 10\.m2\repository\de\rototor\pdfbox\graphics2d\0.24\graphics2d-0.24.jar;C:\Users\WINDOWS 10\.m2\repository\com\openhtmltopdf\openhtmltopdf-rtl-support\1.0.0\openhtmltopdf-rtl-support-1.0.0.jar;C:\Users\WINDOWS 10\.m2\repository\com\openhtmltopdf\openhtmltopdf-jsoup-dom-converter\1.0.0\openhtmltopdf-jsoup-dom-converter-1.0.0.jar;C:\Users\WINDOWS 10\.m2\repository\com\vladsch\flexmark\flexmark-profile-pegdown\0.62.2\flexmark-profile-pegdown-0.62.2.jar;C:\Users\WINDOWS 10\.m2\repository\com\vladsch\flexmark\flexmark-util-ast\0.62.2\flexmark-util-ast-0.62.2.jar;C:\Users\WINDOWS 10\.m2\repository\com\vladsch\flexmark\flexmark-util-builder\0.62.2\flexmark-util-builder-0.62.2.jar;C:\Users\WINDOWS 10\.m2\repository\com\vladsch\flexmark\flexmark-util-collection\0.62.2\flexmark-util-collection-0.62.2.jar;C:\Users\WINDOWS 10\.m2\repository\com\vladsch\flexmark\flexmark-util-data\0.62.2\flexmark-util-data-0.62.2.jar;C:\Users\WINDOWS 10\.m2\repository\com\vladsch\flexmark\flexmark-util-dependency\0.62.2\flexmark-util-dependency-0.62.2.jar;C:\Users\WINDOWS 10\.m2\repository\com\vladsch\flexmark\flexmark-util-format\0.62.2\flexmark-util-format-0.62.2.jar;C:\Users\WINDOWS 10\.m2\repository\com\vladsch\flexmark\flexmark-util-html\0.62.2\flexmark-util-html-0.62.2.jar;C:\Users\WINDOWS 10\.m2\repository\com\vladsch\flexmark\flexmark-util-misc\0.62.2\flexmark-util-misc-0.62.2.jar;C:\Users\WINDOWS 10\.m2\repository\com\vladsch\flexmark\flexmark-util-options\0.62.2\flexmark-util-options-0.62.2.jar;C:\Users\WINDOWS 10\.m2\repository\com\vladsch\flexmark\flexmark-util-sequence\0.62.2\flexmark-util-sequence-0.62.2.jar;C:\Users\WINDOWS 10\.m2\repository\com\vladsch\flexmark\flexmark-util-visitor\0.62.2\flexmark-util-visitor-0.62.2.jar;C:\Users\WINDOWS 10\.m2\repository\com\vladsch\flexmark\flexmark-youtrack-converter\0.62.2\flexmark-youtrack-converter-0.62.2.jar;C:\Users\WINDOWS 10\.m2\repository\com\ibm\icu\icu4j\72.1\icu4j-72.1.jar;C:\Users\WINDOWS 10\.m2\repository\es\nitaur\markdown\txtmark\0.16\txtmark-0.16.jar;C:\Users\WINDOWS 10\.m2\repository\net\serenity-bdd\serenity-report-resources\3.6.21\serenity-report-resources-3.6.21.jar;C:\Users\WINDOWS 10\.m2\repository\com\google\code\gson\gson\2.10.1\gson-2.10.1.jar;C:\Users\WINDOWS 10\.m2\repository\com\fasterxml\jackson\core\jackson-core\2.15.0-rc1\jackson-core-2.15.0-rc1.jar;C:\Users\WINDOWS 10\.m2\repository\com\fasterxml\jackson\core\jackson-databind\2.15.0-rc1\jackson-databind-2.15.0-rc1.jar;C:\Users\WINDOWS 10\.m2\repository\com\fasterxml\jackson\core\jackson-annotations\2.15.0-rc1\jackson-annotations-2.15.0-rc1.jar;C:\Users\WINDOWS 10\.m2\repository\commons-codec\commons-codec\1.15\commons-codec-1.15.jar;C:\Users\WINDOWS 10\.m2\repository\commons-io\commons-io\2.11.0\commons-io-2.11.0.jar;C:\Users\WINDOWS 10\.m2\repository\org\apache\httpcomponents\httpclient\4.5.13\httpclient-4.5.13.jar;C:\Users\WINDOWS 10\.m2\repository\org\apache\httpcomponents\httpcore\4.4.13\httpcore-4.4.13.jar;C:\Users\WINDOWS 10\.m2\repository\commons-logging\commons-logging\1.2\commons-logging-1.2.jar;C:\Users\WINDOWS 10\.m2\repository\org\seleniumhq\selenium\selenium-java\4.8.1\selenium-java-4.8.1.jar;C:\Users\WINDOWS 10\.m2\repository\org\seleniumhq\selenium\selenium-devtools-v108\4.8.1\selenium-devtools-v108-4.8.1.jar;C:\Users\WINDOWS 10\.m2\repository\org\seleniumhq\selenium\selenium-devtools-v109\4.8.1\selenium-devtools-v109-4.8.1.jar;C:\Users\WINDOWS 10\.m2\repository\org\seleniumhq\selenium\selenium-devtools-v110\4.8.1\selenium-devtools-v110-4.8.1.jar;C:\Users\WINDOWS 10\.m2\repository\org\seleniumhq\selenium\selenium-devtools-v85\4.8.1\selenium-devtools-v85-4.8.1.jar;C:\Users\WINDOWS 10\.m2\repository\org\seleniumhq\selenium\selenium-remote-driver\4.8.1\selenium-remote-driver-4.8.1.jar;C:\Users\WINDOWS 10\.m2\repository\com\beust\jcommander\1.82\jcommander-1.82.jar;C:\Users\WINDOWS 10\.m2\repository\io\netty\netty-buffer\4.1.87.Final\netty-buffer-4.1.87.Final.jar;C:\Users\WINDOWS 10\.m2\repository\io\netty\netty-codec-http\4.1.87.Final\netty-codec-http-4.1.87.Final.jar;C:\Users\WINDOWS 10\.m2\repository\io\netty\netty-codec\4.1.87.Final\netty-codec-4.1.87.Final.jar;C:\Users\WINDOWS 10\.m2\repository\io\netty\netty-handler\4.1.87.Final\netty-handler-4.1.87.Final.jar;C:\Users\WINDOWS 10\.m2\repository\io\netty\netty-common\4.1.87.Final\netty-common-4.1.87.Final.jar;C:\Users\WINDOWS 10\.m2\repository\io\netty\netty-transport-classes-epoll\4.1.87.Final\netty-transport-classes-epoll-4.1.87.Final.jar;C:\Users\WINDOWS 10\.m2\repository\io\netty\netty-transport-classes-kqueue\4.1.87.Final\netty-transport-classes-kqueue-4.1.87.Final.jar;C:\Users\WINDOWS 10\.m2\repository\io\netty\netty-transport-native-epoll\4.1.87.Final\netty-transport-native-epoll-4.1.87.Final.jar;C:\Users\WINDOWS 10\.m2\repository\io\netty\netty-transport-native-kqueue\4.1.87.Final\netty-transport-native-kqueue-4.1.87.Final.jar;C:\Users\WINDOWS 10\.m2\repository\io\netty\netty-transport-native-unix-common\4.1.87.Final\netty-transport-native-unix-common-4.1.87.Final.jar;C:\Users\WINDOWS 10\.m2\repository\io\netty\netty-transport\4.1.87.Final\netty-transport-4.1.87.Final.jar;C:\Users\WINDOWS 10\.m2\repository\io\netty\netty-resolver\4.1.87.Final\netty-resolver-4.1.87.Final.jar;C:\Users\WINDOWS 10\.m2\repository\io\opentelemetry\opentelemetry-api\1.22.0\opentelemetry-api-1.22.0.jar;C:\Users\WINDOWS 10\.m2\repository\io\opentelemetry\opentelemetry-context\1.22.0\opentelemetry-context-1.22.0.jar;C:\Users\WINDOWS 10\.m2\repository\io\opentelemetry\opentelemetry-exporter-logging\1.22.0\opentelemetry-exporter-logging-1.22.0.jar;C:\Users\WINDOWS 10\.m2\repository\io\opentelemetry\opentelemetry-sdk-metrics\1.22.0\opentelemetry-sdk-metrics-1.22.0.jar;C:\Users\WINDOWS 10\.m2\repository\io\opentelemetry\opentelemetry-sdk-logs\1.22.0-alpha\opentelemetry-sdk-logs-1.22.0-alpha.jar;C:\Users\WINDOWS 10\.m2\repository\io\opentelemetry\opentelemetry-api-logs\1.22.0-alpha\opentelemetry-api-logs-1.22.0-alpha.jar;C:\Users\WINDOWS 10\.m2\repository\io\opentelemetry\opentelemetry-sdk-common\1.22.0\opentelemetry-sdk-common-1.22.0.jar;C:\Users\WINDOWS 10\.m2\repository\io\opentelemetry\opentelemetry-sdk-extension-autoconfigure-spi\1.22.0\opentelemetry-sdk-extension-autoconfigure-spi-1.22.0.jar;C:\Users\WINDOWS 10\.m2\repository\io\opentelemetry\opentelemetry-sdk-extension-autoconfigure\1.22.0-alpha\opentelemetry-sdk-extension-autoconfigure-1.22.0-alpha.jar;C:\Users\WINDOWS 10\.m2\repository\io\opentelemetry\opentelemetry-sdk-trace\1.22.0\opentelemetry-sdk-trace-1.22.0.jar;C:\Users\WINDOWS 10\.m2\repository\io\opentelemetry\opentelemetry-sdk\1.22.0\opentelemetry-sdk-1.22.0.jar;C:\Users\WINDOWS 10\.m2\repository\io\opentelemetry\opentelemetry-semconv\1.22.0-alpha\opentelemetry-semconv-1.22.0-alpha.jar;C:\Users\WINDOWS 10\.m2\repository\io\ous\jtoml\2.0.0\jtoml-2.0.0.jar;C:\Users\WINDOWS 10\.m2\repository\org\apache\commons\commons-exec\1.3\commons-exec-1.3.jar;C:\Users\WINDOWS 10\.m2\repository\org\asynchttpclient\async-http-client\2.12.3\async-http-client-2.12.3.jar;C:\Users\WINDOWS 10\.m2\repository\org\asynchttpclient\async-http-client-netty-utils\2.12.3\async-http-client-netty-utils-2.12.3.jar;C:\Users\WINDOWS 10\.m2\repository\io\netty\netty-codec-socks\4.1.60.Final\netty-codec-socks-4.1.60.Final.jar;C:\Users\WINDOWS 10\.m2\repository\io\netty\netty-handler-proxy\4.1.60.Final\netty-handler-proxy-4.1.60.Final.jar;C:\Users\WINDOWS 10\.m2\repository\io\netty\netty-transport-native-epoll\4.1.60.Final\netty-transport-native-epoll-4.1.60.Final-linux-x86_64.jar;C:\Users\WINDOWS 10\.m2\repository\io\netty\netty-transport-native-kqueue\4.1.60.Final\netty-transport-native-kqueue-4.1.60.Final-osx-x86_64.jar;C:\Users\WINDOWS 10\.m2\repository\org\reactivestreams\reactive-streams\1.0.3\reactive-streams-1.0.3.jar;C:\Users\WINDOWS 10\.m2\repository\com\typesafe\netty\netty-reactive-streams\2.0.4\netty-reactive-streams-2.0.4.jar;C:\Users\WINDOWS 10\.m2\repository\org\seleniumhq\selenium\selenium-manager\4.8.1\selenium-manager-4.8.1.jar;C:\Users\WINDOWS 10\.m2\repository\org\seleniumhq\selenium\selenium-safari-driver\4.8.1\selenium-safari-driver-4.8.1.jar;C:\Users\WINDOWS 10\.m2\repository\org\seleniumhq\selenium\selenium-api\4.8.1\selenium-api-4.8.1.jar;C:\Users\WINDOWS 10\.m2\repository\org\seleniumhq\selenium\selenium-support\4.8.1\selenium-support-4.8.1.jar;C:\Users\WINDOWS 10\.m2\repository\com\google\auto\service\auto-service-annotations\1.0.1\auto-service-annotations-1.0.1.jar;C:\Users\WINDOWS 10\.m2\repository\com\google\auto\service\auto-service\1.0.1\auto-service-1.0.1.jar;C:\Users\WINDOWS 10\.m2\repository\com\google\auto\auto-common\1.2\auto-common-1.2.jar;C:\Users\WINDOWS 10\.m2\repository\org\seleniumhq\selenium\selenium-json\4.8.1\selenium-json-4.8.1.jar;C:\Users\WINDOWS 10\.m2\repository\org\seleniumhq\selenium\selenium-chrome-driver\4.8.1\selenium-chrome-driver-4.8.1.jar;C:\Users\WINDOWS 10\.m2\repository\org\seleniumhq\selenium\selenium-chromium-driver\4.8.1\selenium-chromium-driver-4.8.1.jar;C:\Users\WINDOWS 10\.m2\repository\org\seleniumhq\selenium\selenium-firefox-driver\4.8.1\selenium-firefox-driver-4.8.1.jar;C:\Users\WINDOWS 10\.m2\repository\org\seleniumhq\selenium\selenium-http\4.8.1\selenium-http-4.8.1.jar;C:\Users\WINDOWS 10\.m2\repository\dev\failsafe\failsafe\3.3.0\failsafe-3.3.0.jar;C:\Users\WINDOWS 10\.m2\repository\org\seleniumhq\selenium\selenium-edge-driver\4.8.1\selenium-edge-driver-4.8.1.jar;C:\Users\WINDOWS 10\.m2\repository\org\seleniumhq\selenium\selenium-ie-driver\4.8.1\selenium-ie-driver-4.8.1.jar;C:\Users\WINDOWS 10\.m2\repository\org\projectlombok\lombok\1.18.20\lombok-1.18.20.jar;C:\Users\WINDOWS 10\.m2\repository\io\appium\java-client\8.3.0\java-client-8.3.0.jar;C:\Users\WINDOWS 10\.m2\repository\commons-validator\commons-validator\1.7\commons-validator-1.7.jar;C:\Users\WINDOWS 10\.m2\repository\commons-digester\commons-digester\2.1\commons-digester-2.1.jar;C:\Users\WINDOWS 10\.m2\repository\org\apache\groovy\groovy\4.0.10\groovy-4.0.10.jar;C:\Users\WINDOWS 10\.m2\repository\net\sf\opencsv\opencsv\2.0\opencsv-2.0.jar;C:\Users\WINDOWS 10\.m2\repository\commons-beanutils\commons-beanutils\1.9.4\commons-beanutils-1.9.4.jar;C:\Users\WINDOWS 10\.m2\repository\org\apache\commons\commons-lang3\3.12.0\commons-lang3-3.12.0.jar;C:\Users\WINDOWS 10\.m2\repository\commons-collections\commons-collections\3.2.2\commons-collections-3.2.2.jar;C:\Users\WINDOWS 10\.m2\repository\org\fluentlenium\fluentlenium-core\0.10.2\fluentlenium-core-0.10.2.jar;C:\Users\WINDOWS 10\.m2\repository\io\github\bonigarcia\webdrivermanager\5.3.0\webdrivermanager-5.3.0.jar;C:\Users\WINDOWS 10\.m2\repository\com\github\docker-java\docker-java\3.2.13\docker-java-3.2.13.jar;C:\Users\WINDOWS 10\.m2\repository\com\github\docker-java\docker-java-core\3.2.13\docker-java-core-3.2.13.jar;C:\Users\WINDOWS 10\.m2\repository\com\github\docker-java\docker-java-api\3.2.13\docker-java-api-3.2.13.jar;C:\Users\WINDOWS 10\.m2\repository\org\apache\commons\commons-compress\1.21\commons-compress-1.21.jar;C:\Users\WINDOWS 10\.m2\repository\org\bouncycastle\bcpkix-jdk15on\1.64\bcpkix-jdk15on-1.64.jar;C:\Users\WINDOWS 10\.m2\repository\org\bouncycastle\bcprov-jdk15on\1.64\bcprov-jdk15on-1.64.jar;C:\Users\WINDOWS 10\.m2\repository\org\slf4j\jcl-over-slf4j\1.7.30\jcl-over-slf4j-1.7.30.jar;C:\Users\WINDOWS 10\.m2\repository\com\github\docker-java\docker-java-transport-httpclient5\3.2.13\docker-java-transport-httpclient5-3.2.13.jar;C:\Users\WINDOWS 10\.m2\repository\com\github\docker-java\docker-java-transport\3.2.13\docker-java-transport-3.2.13.jar;C:\Users\WINDOWS 10\.m2\repository\net\java\dev\jna\jna\5.8.0\jna-5.8.0.jar;C:\Users\WINDOWS 10\.m2\repository\org\brotli\dec\0.1.2\dec-0.1.2.jar;C:\Users\WINDOWS 10\.m2\repository\org\apache\httpcomponents\client5\httpclient5\5.1.3\httpclient5-5.1.3.jar;C:\Users\WINDOWS 10\.m2\repository\org\apache\httpcomponents\core5\httpcore5\5.1.3\httpcore5-5.1.3.jar;C:\Users\WINDOWS 10\.m2\repository\org\apache\httpcomponents\core5\httpcore5-h2\5.1.3\httpcore5-h2-5.1.3.jar;C:\Users\WINDOWS 10\.m2\repository\com\jhlabs\filters\2.0.235\filters-2.0.235.jar;C:\Users\WINDOWS 10\.m2\repository\com\paulhammant\ngwebdriver\1.1.6\ngwebdriver-1.1.6.jar;C:\Users\WINDOWS 10\.m2\repository\joda-time\joda-time\2.12.2\joda-time-2.12.2.jar;C:\Users\WINDOWS 10\.m2\repository\org\hamcrest\hamcrest\2.2\hamcrest-2.2.jar;C:\Users\WINDOWS 10\.m2\repository\com\google\jimfs\jimfs\1.2\jimfs-1.2.jar;C:\Users\WINDOWS 10\.m2\repository\org\mockito\mockito-core\3.3.3\mockito-core-3.3.3.jar;C:\Users\WINDOWS 10\.m2\repository\javax\xml\bind\jaxb-api\2.3.1\jaxb-api-2.3.1.jar;C:\Users\WINDOWS 10\.m2\repository\javax\activation\javax.activation-api\1.2.0\javax.activation-api-1.2.0.jar;C:\Users\WINDOWS 10\.m2\repository\com\sun\xml\bind\jaxb-core\2.3.0.1\jaxb-core-2.3.0.1.jar;C:\Users\WINDOWS 10\.m2\repository\com\sun\xml\bind\jaxb-impl\2.3.3\jaxb-impl-2.3.3.jar;C:\Users\WINDOWS 10\.m2\repository\jakarta\xml\bind\jakarta.xml.bind-api\2.3.3\jakarta.xml.bind-api-2.3.3.jar;C:\Users\WINDOWS 10\.m2\repository\com\sun\activation\jakarta.activation\1.2.2\jakarta.activation-1.2.2.jar;C:\Users\WINDOWS 10\.m2\repository\javax\activation\activation\1.1.1\activation-1.1.1.jar;C:\Users\WINDOWS 10\.m2\repository\net\serenity-bdd\serenity-cucumber\3.6.21\serenity-cucumber-3.6.21.jar;C:\Users\WINDOWS 10\.m2\repository\io\cucumber\cucumber-core\7.11.0\cucumber-core-7.11.0.jar;C:\Users\WINDOWS 10\.m2\repository\io\cucumber\cucumber-gherkin\7.11.0\cucumber-gherkin-7.11.0.jar;C:\Users\WINDOWS 10\.m2\repository\io\cucumber\cucumber-gherkin-messages\7.11.0\cucumber-gherkin-messages-7.11.0.jar;C:\Users\WINDOWS 10\.m2\repository\io\cucumber\gherkin\26.0.3\gherkin-26.0.3.jar;C:\Users\WINDOWS 10\.m2\repository\io\cucumber\messages\21.0.1\messages-21.0.1.jar;C:\Users\WINDOWS 10\.m2\repository\io\cucumber\tag-expressions\5.0.1\tag-expressions-5.0.1.jar;C:\Users\WINDOWS 10\.m2\repository\io\cucumber\cucumber-expressions\16.1.1\cucumber-expressions-16.1.1.jar;C:\Users\WINDOWS 10\.m2\repository\io\cucumber\datatable\7.11.0\datatable-7.11.0.jar;C:\Users\WINDOWS 10\.m2\repository\io\cucumber\cucumber-plugin\7.11.0\cucumber-plugin-7.11.0.jar;C:\Users\WINDOWS 10\.m2\repository\io\cucumber\docstring\7.11.0\docstring-7.11.0.jar;C:\Users\WINDOWS 10\.m2\repository\io\cucumber\html-formatter\20.2.1\html-formatter-20.2.1.jar;C:\Users\WINDOWS 10\.m2\repository\io\cucumber\junit-xml-formatter\0.1.0\junit-xml-formatter-0.1.0.jar;C:\Users\WINDOWS 10\.m2\repository\io\cucumber\ci-environment\9.1.0\ci-environment-9.1.0.jar;C:\Users\WINDOWS 10\.m2\repository\io\cucumber\cucumber-java\7.11.0\cucumber-java-7.11.0.jar;C:\Users\WINDOWS 10\.m2\repository\io\cucumber\cucumber-junit\7.11.0\cucumber-junit-7.11.0.jar;C:\Users\WINDOWS 10\.m2\repository\org\apache\commons\commons-csv\1.5\commons-csv-1.5.jar;C:\Users\WINDOWS 10\.m2\repository\net\serenity-bdd\serenity-screenplay\3.6.21\serenity-screenplay-3.6.21.jar;C:\Users\WINDOWS 10\.m2\repository\net\serenity-bdd\serenity-screenplay-webdriver\3.6.21\serenity-screenplay-webdriver-3.6.21.jar;C:\Users\WINDOWS 10\.m2\repository\net\serenity-bdd\serenity-ensure\3.6.21\serenity-ensure-3.6.21.jar;C:\Users\WINDOWS 10\.m2\repository\net\serenity-bdd\serenity-junit\3.6.21\serenity-junit-3.6.21.jar;C:\Users\WINDOWS 10\.m2\repository\org\jetbrains\kotlin\kotlin-stdlib\1.8.10\kotlin-stdlib-1.8.10.jar;C:\Users\WINDOWS 10\.m2\repository\org\jetbrains\kotlin\kotlin-stdlib-common\1.8.10\kotlin-stdlib-common-1.8.10.jar;C:\Users\WINDOWS 10\.m2\repository\org\jetbrains\annotations\13.0\annotations-13.0.jar;C:\Users\WINDOWS 10\.m2\repository\org\junit\platform\junit-platform-launcher\1.8.2\junit-platform-launcher-1.8.2.jar;C:\Users\WINDOWS 10\.m2\repository\org\junit\platform\junit-platform-engine\1.8.2\junit-platform-engine-1.8.2.jar;C:\Users\WINDOWS 10\.m2\repository\org\opentest4j\opentest4j\1.2.0\opentest4j-1.2.0.jar;C:\Users\WINDOWS 10\.m2\repository\org\junit\platform\junit-platform-commons\1.8.2\junit-platform-commons-1.8.2.jar;C:\Users\WINDOWS 10\.m2\repository\org\apiguardian\apiguardian-api\1.1.2\apiguardian-api-1.1.2.jar;C:\Users\WINDOWS 10\.m2\repository\org\junit\jupiter\junit-jupiter-engine\5.8.2\junit-jupiter-engine-5.8.2.jar;C:\Users\WINDOWS 10\.m2\repository\org\junit\jupiter\junit-jupiter-api\5.8.2\junit-jupiter-api-5.8.2.jar;C:\Users\WINDOWS 10\.m2\repository\org\junit\vintage\junit-vintage-engine\5.8.2\junit-vintage-engine-5.8.2.jar;C:\Users\WINDOWS 10\.m2\repository\junit\junit\4.13.2\junit-4.13.2.jar;C:\Users\WINDOWS 10\.m2\repository\org\hamcrest\hamcrest-core\1.3\hamcrest-core-1.3.jar;C:\Users\WINDOWS 10\.m2\repository\ch\qos\logback\logback-classic\1.2.10\logback-classic-1.2.10.jar;C:\Users\WINDOWS 10\.m2\repository\ch\qos\logback\logback-core\1.2.10\logback-core-1.2.10.jar;C:\Users\WINDOWS 10\.m2\repository\org\slf4j\slf4j-api\1.7.32\slf4j-api-1.7.32.jar;C:\Users\WINDOWS 10\.m2\repository\org\assertj\assertj-core\3.23.1\assertj-core-3.23.1.jar;C:\Users\WINDOWS 10\.m2\repository\net\bytebuddy\byte-buddy\1.12.10\byte-buddy-1.12.10.jar;"/>
    <property name="java.vm.vendor" value="Oracle Corporation"/>
    <property name="sun.arch.data.model" value="64"/>
    <property name="user.variant" value=""/>
    <property name="java.vendor.url" value="https://java.oracle.com/"/>
    <property name="user.timezone" value="Asia/Bangkok"/>
    <property name="os.name" value="Windows 10"/>
    <property name="java.vm.specification.version" value="15"/>
    <property name="sun.java.launcher" value="SUN_STANDARD"/>
    <property name="user.country" value="US"/>
    <property name="sun.boot.library.path" value="C:\Program Files\Java\jdk-15\bin"/>
    <property name="sun.java.command" value="org.apache.maven.surefire.booter.ForkedBooter C:\Users\WINDOWS 10\AppData\Local\Temp\surefire3231839785910416702 2023-04-08T22-29-15_854-jvmRun1 surefire328920747139158592tmp surefire_06118466081983637669tmp"/>
    <property name="jdk.debug" value="release"/>
    <property name="surefire.test.class.path" value="C:\Users\WINDOWS 10\Documents\GitHub\QE_Andira_Ms\11_Web_Programming_&amp;_Testing\Praktikum\Testing_with_Serenity\Prioritas2\alta\target\test-classes;C:\Users\WINDOWS 10\.m2\repository\net\serenity-bdd\serenity-core\3.6.21\serenity-core-3.6.21.jar;C:\Users\WINDOWS 10\.m2\repository\net\serenity-bdd\serenity-model\3.6.21\serenity-model-3.6.21.jar;C:\Users\WINDOWS 10\.m2\repository\org\apache\commons\commons-text\1.10.0\commons-text-1.10.0.jar;C:\Users\WINDOWS 10\.m2\repository\commons-net\commons-net\3.9.0\commons-net-3.9.0.jar;C:\Users\WINDOWS 10\.m2\repository\com\google\guava\guava\31.1-jre\guava-31.1-jre.jar;C:\Users\WINDOWS 10\.m2\repository\com\google\guava\failureaccess\1.0.1\failureaccess-1.0.1.jar;C:\Users\WINDOWS 10\.m2\repository\com\google\guava\listenablefuture\9999.0-empty-to-avoid-conflict-with-guava\listenablefuture-9999.0-empty-to-avoid-conflict-with-guava.jar;C:\Users\WINDOWS 10\.m2\repository\com\google\code\findbugs\jsr305\3.0.2\jsr305-3.0.2.jar;C:\Users\WINDOWS 10\.m2\repository\org\checkerframework\checker-qual\3.12.0\checker-qual-3.12.0.jar;C:\Users\WINDOWS 10\.m2\repository\com\google\errorprone\error_prone_annotations\2.11.0\error_prone_annotations-2.11.0.jar;C:\Users\WINDOWS 10\.m2\repository\com\google\j2objc\j2objc-annotations\1.3\j2objc-annotations-1.3.jar;C:\Users\WINDOWS 10\.m2\repository\com\google\inject\guice\5.1.0\guice-5.1.0.jar;C:\Users\WINDOWS 10\.m2\repository\javax\inject\javax.inject\1\javax.inject-1.jar;C:\Users\WINDOWS 10\.m2\repository\aopalliance\aopalliance\1.0\aopalliance-1.0.jar;C:\Users\WINDOWS 10\.m2\repository\org\jsoup\jsoup\1.14.3\jsoup-1.14.3.jar;C:\Users\WINDOWS 10\.m2\repository\com\thoughtworks\xstream\xstream\1.4.20\xstream-1.4.20.jar;C:\Users\WINDOWS 10\.m2\repository\io\github\x-stream\mxparser\1.2.2\mxparser-1.2.2.jar;C:\Users\WINDOWS 10\.m2\repository\xmlpull\xmlpull\1.1.3.1\xmlpull-1.1.3.1.jar;C:\Users\WINDOWS 10\.m2\repository\com\typesafe\config\1.4.2\config-1.4.2.jar;C:\Users\WINDOWS 10\.m2\repository\org\imgscalr\imgscalr-lib\4.2\imgscalr-lib-4.2.jar;C:\Users\WINDOWS 10\.m2\repository\org\awaitility\awaitility\4.2.0\awaitility-4.2.0.jar;C:\Users\WINDOWS 10\.m2\repository\org\freemarker\freemarker\2.3.31\freemarker-2.3.31.jar;C:\Users\WINDOWS 10\.m2\repository\io\github\classgraph\classgraph\4.8.138\classgraph-4.8.138.jar;C:\Users\WINDOWS 10\.m2\repository\net\sourceforge\jexcelapi\jxl\2.6.12\jxl-2.6.12.jar;C:\Users\WINDOWS 10\.m2\repository\net\bytebuddy\byte-buddy-agent\1.14.2\byte-buddy-agent-1.14.2.jar;C:\Users\WINDOWS 10\.m2\repository\org\objenesis\objenesis\3.3\objenesis-3.3.jar;C:\Users\WINDOWS 10\.m2\repository\net\serenity-bdd\serenity-reports\3.6.21\serenity-reports-3.6.21.jar;C:\Users\WINDOWS 10\.m2\repository\net\serenity-bdd\serenity-stats\3.6.21\serenity-stats-3.6.21.jar;C:\Users\WINDOWS 10\.m2\repository\net\serenity-bdd\serenity-reports-configuration\3.6.21\serenity-reports-configuration-3.6.21.jar;C:\Users\WINDOWS 10\.m2\repository\com\vladsch\flexmark\flexmark-all\0.62.2\flexmark-all-0.62.2.jar;C:\Users\WINDOWS 10\.m2\repository\com\vladsch\flexmark\flexmark\0.62.2\flexmark-0.62.2.jar;C:\Users\WINDOWS 10\.m2\repository\com\vladsch\flexmark\flexmark-ext-abbreviation\0.62.2\flexmark-ext-abbreviation-0.62.2.jar;C:\Users\WINDOWS 10\.m2\repository\com\vladsch\flexmark\flexmark-util\0.62.2\flexmark-util-0.62.2.jar;C:\Users\WINDOWS 10\.m2\repository\com\vladsch\flexmark\flexmark-ext-admonition\0.62.2\flexmark-ext-admonition-0.62.2.jar;C:\Users\WINDOWS 10\.m2\repository\com\vladsch\flexmark\flexmark-ext-anchorlink\0.62.2\flexmark-ext-anchorlink-0.62.2.jar;C:\Users\WINDOWS 10\.m2\repository\com\vladsch\flexmark\flexmark-ext-aside\0.62.2\flexmark-ext-aside-0.62.2.jar;C:\Users\WINDOWS 10\.m2\repository\com\vladsch\flexmark\flexmark-ext-attributes\0.62.2\flexmark-ext-attributes-0.62.2.jar;C:\Users\WINDOWS 10\.m2\repository\com\vladsch\flexmark\flexmark-ext-autolink\0.62.2\flexmark-ext-autolink-0.62.2.jar;C:\Users\WINDOWS 10\.m2\repository\org\nibor\autolink\autolink\0.6.0\autolink-0.6.0.jar;C:\Users\WINDOWS 10\.m2\repository\com\vladsch\flexmark\flexmark-ext-definition\0.62.2\flexmark-ext-definition-0.62.2.jar;C:\Users\WINDOWS 10\.m2\repository\com\vladsch\flexmark\flexmark-ext-emoji\0.62.2\flexmark-ext-emoji-0.62.2.jar;C:\Users\WINDOWS 10\.m2\repository\com\vladsch\flexmark\flexmark-ext-enumerated-reference\0.62.2\flexmark-ext-enumerated-reference-0.62.2.jar;C:\Users\WINDOWS 10\.m2\repository\com\vladsch\flexmark\flexmark-ext-escaped-character\0.62.2\flexmark-ext-escaped-character-0.62.2.jar;C:\Users\WINDOWS 10\.m2\repository\com\vladsch\flexmark\flexmark-ext-footnotes\0.62.2\flexmark-ext-footnotes-0.62.2.jar;C:\Users\WINDOWS 10\.m2\repository\com\vladsch\flexmark\flexmark-ext-gfm-issues\0.62.2\flexmark-ext-gfm-issues-0.62.2.jar;C:\Users\WINDOWS 10\.m2\repository\com\vladsch\flexmark\flexmark-ext-gfm-strikethrough\0.62.2\flexmark-ext-gfm-strikethrough-0.62.2.jar;C:\Users\WINDOWS 10\.m2\repository\com\vladsch\flexmark\flexmark-ext-gfm-tasklist\0.62.2\flexmark-ext-gfm-tasklist-0.62.2.jar;C:\Users\WINDOWS 10\.m2\repository\com\vladsch\flexmark\flexmark-ext-gfm-users\0.62.2\flexmark-ext-gfm-users-0.62.2.jar;C:\Users\WINDOWS 10\.m2\repository\com\vladsch\flexmark\flexmark-ext-gitlab\0.62.2\flexmark-ext-gitlab-0.62.2.jar;C:\Users\WINDOWS 10\.m2\repository\com\vladsch\flexmark\flexmark-ext-jekyll-front-matter\0.62.2\flexmark-ext-jekyll-front-matter-0.62.2.jar;C:\Users\WINDOWS 10\.m2\repository\com\vladsch\flexmark\flexmark-ext-jekyll-tag\0.62.2\flexmark-ext-jekyll-tag-0.62.2.jar;C:\Users\WINDOWS 10\.m2\repository\com\vladsch\flexmark\flexmark-ext-media-tags\0.62.2\flexmark-ext-media-tags-0.62.2.jar;C:\Users\WINDOWS 10\.m2\repository\com\vladsch\flexmark\flexmark-ext-macros\0.62.2\flexmark-ext-macros-0.62.2.jar;C:\Users\WINDOWS 10\.m2\repository\com\vladsch\flexmark\flexmark-ext-ins\0.62.2\flexmark-ext-ins-0.62.2.jar;C:\Users\WINDOWS 10\.m2\repository\com\vladsch\flexmark\flexmark-ext-xwiki-macros\0.62.2\flexmark-ext-xwiki-macros-0.62.2.jar;C:\Users\WINDOWS 10\.m2\repository\com\vladsch\flexmark\flexmark-ext-superscript\0.62.2\flexmark-ext-superscript-0.62.2.jar;C:\Users\WINDOWS 10\.m2\repository\com\vladsch\flexmark\flexmark-ext-tables\0.62.2\flexmark-ext-tables-0.62.2.jar;C:\Users\WINDOWS 10\.m2\repository\com\vladsch\flexmark\flexmark-ext-toc\0.62.2\flexmark-ext-toc-0.62.2.jar;C:\Users\WINDOWS 10\.m2\repository\com\vladsch\flexmark\flexmark-ext-typographic\0.62.2\flexmark-ext-typographic-0.62.2.jar;C:\Users\WINDOWS 10\.m2\repository\com\vladsch\flexmark\flexmark-ext-wikilink\0.62.2\flexmark-ext-wikilink-0.62.2.jar;C:\Users\WINDOWS 10\.m2\repository\com\vladsch\flexmark\flexmark-ext-yaml-front-matter\0.62.2\flexmark-ext-yaml-front-matter-0.62.2.jar;C:\Users\WINDOWS 10\.m2\repository\com\vladsch\flexmark\flexmark-ext-youtube-embedded\0.62.2\flexmark-ext-youtube-embedded-0.62.2.jar;C:\Users\WINDOWS 10\.m2\repository\com\vladsch\flexmark\flexmark-html2md-converter\0.62.2\flexmark-html2md-converter-0.62.2.jar;C:\Users\WINDOWS 10\.m2\repository\com\vladsch\flexmark\flexmark-jira-converter\0.62.2\flexmark-jira-converter-0.62.2.jar;C:\Users\WINDOWS 10\.m2\repository\com\vladsch\flexmark\flexmark-pdf-converter\0.62.2\flexmark-pdf-converter-0.62.2.jar;C:\Users\WINDOWS 10\.m2\repository\com\openhtmltopdf\openhtmltopdf-core\1.0.0\openhtmltopdf-core-1.0.0.jar;C:\Users\WINDOWS 10\.m2\repository\com\openhtmltopdf\openhtmltopdf-pdfbox\1.0.0\openhtmltopdf-pdfbox-1.0.0.jar;C:\Users\WINDOWS 10\.m2\repository\org\apache\pdfbox\pdfbox\2.0.16\pdfbox-2.0.16.jar;C:\Users\WINDOWS 10\.m2\repository\org\apache\pdfbox\fontbox\2.0.16\fontbox-2.0.16.jar;C:\Users\WINDOWS 10\.m2\repository\org\apache\pdfbox\xmpbox\2.0.16\xmpbox-2.0.16.jar;C:\Users\WINDOWS 10\.m2\repository\de\rototor\pdfbox\graphics2d\0.24\graphics2d-0.24.jar;C:\Users\WINDOWS 10\.m2\repository\com\openhtmltopdf\openhtmltopdf-rtl-support\1.0.0\openhtmltopdf-rtl-support-1.0.0.jar;C:\Users\WINDOWS 10\.m2\repository\com\openhtmltopdf\openhtmltopdf-jsoup-dom-converter\1.0.0\openhtmltopdf-jsoup-dom-converter-1.0.0.jar;C:\Users\WINDOWS 10\.m2\repository\com\vladsch\flexmark\flexmark-profile-pegdown\0.62.2\flexmark-profile-pegdown-0.62.2.jar;C:\Users\WINDOWS 10\.m2\repository\com\vladsch\flexmark\flexmark-util-ast\0.62.2\flexmark-util-ast-0.62.2.jar;C:\Users\WINDOWS 10\.m2\repository\com\vladsch\flexmark\flexmark-util-builder\0.62.2\flexmark-util-builder-0.62.2.jar;C:\Users\WINDOWS 10\.m2\repository\com\vladsch\flexmark\flexmark-util-collection\0.62.2\flexmark-util-collection-0.62.2.jar;C:\Users\WINDOWS 10\.m2\repository\com\vladsch\flexmark\flexmark-util-data\0.62.2\flexmark-util-data-0.62.2.jar;C:\Users\WINDOWS 10\.m2\repository\com\vladsch\flexmark\flexmark-util-dependency\0.62.2\flexmark-util-dependency-0.62.2.jar;C:\Users\WINDOWS 10\.m2\repository\com\vladsch\flexmark\flexmark-util-format\0.62.2\flexmark-util-format-0.62.2.jar;C:\Users\WINDOWS 10\.m2\repository\com\vladsch\flexmark\flexmark-util-html\0.62.2\flexmark-util-html-0.62.2.jar;C:\Users\WINDOWS 10\.m2\repository\com\vladsch\flexmark\flexmark-util-misc\0.62.2\flexmark-util-misc-0.62.2.jar;C:\Users\WINDOWS 10\.m2\repository\com\vladsch\flexmark\flexmark-util-options\0.62.2\flexmark-util-options-0.62.2.jar;C:\Users\WINDOWS 10\.m2\repository\com\vladsch\flexmark\flexmark-util-sequence\0.62.2\flexmark-util-sequence-0.62.2.jar;C:\Users\WINDOWS 10\.m2\repository\com\vladsch\flexmark\flexmark-util-visitor\0.62.2\flexmark-util-visitor-0.62.2.jar;C:\Users\WINDOWS 10\.m2\repository\com\vladsch\flexmark\flexmark-youtrack-converter\0.62.2\flexmark-youtrack-converter-0.62.2.jar;C:\Users\WINDOWS 10\.m2\repository\com\ibm\icu\icu4j\72.1\icu4j-72.1.jar;C:\Users\WINDOWS 10\.m2\repository\es\nitaur\markdown\txtmark\0.16\txtmark-0.16.jar;C:\Users\WINDOWS 10\.m2\repository\net\serenity-bdd\serenity-report-resources\3.6.21\serenity-report-resources-3.6.21.jar;C:\Users\WINDOWS 10\.m2\repository\com\google\code\gson\gson\2.10.1\gson-2.10.1.jar;C:\Users\WINDOWS 10\.m2\repository\com\fasterxml\jackson\core\jackson-core\2.15.0-rc1\jackson-core-2.15.0-rc1.jar;C:\Users\WINDOWS 10\.m2\repository\com\fasterxml\jackson\core\jackson-databind\2.15.0-rc1\jackson-databind-2.15.0-rc1.jar;C:\Users\WINDOWS 10\.m2\repository\com\fasterxml\jackson\core\jackson-annotations\2.15.0-rc1\jackson-annotations-2.15.0-rc1.jar;C:\Users\WINDOWS 10\.m2\repository\commons-codec\commons-codec\1.15\commons-codec-1.15.jar;C:\Users\WINDOWS 10\.m2\repository\commons-io\commons-io\2.11.0\commons-io-2.11.0.jar;C:\Users\WINDOWS 10\.m2\repository\org\apache\httpcomponents\httpclient\4.5.13\httpclient-4.5.13.jar;C:\Users\WINDOWS 10\.m2\repository\org\apache\httpcomponents\httpcore\4.4.13\httpcore-4.4.13.jar;C:\Users\WINDOWS 10\.m2\repository\commons-logging\commons-logging\1.2\commons-logging-1.2.jar;C:\Users\WINDOWS 10\.m2\repository\org\seleniumhq\selenium\selenium-java\4.8.1\selenium-java-4.8.1.jar;C:\Users\WINDOWS 10\.m2\repository\org\seleniumhq\selenium\selenium-devtools-v108\4.8.1\selenium-devtools-v108-4.8.1.jar;C:\Users\WINDOWS 10\.m2\repository\org\seleniumhq\selenium\selenium-devtools-v109\4.8.1\selenium-devtools-v109-4.8.1.jar;C:\Users\WINDOWS 10\.m2\repository\org\seleniumhq\selenium\selenium-devtools-v110\4.8.1\selenium-devtools-v110-4.8.1.jar;C:\Users\WINDOWS 10\.m2\repository\org\seleniumhq\selenium\selenium-devtools-v85\4.8.1\selenium-devtools-v85-4.8.1.jar;C:\Users\WINDOWS 10\.m2\repository\org\seleniumhq\selenium\selenium-remote-driver\4.8.1\selenium-remote-driver-4.8.1.jar;C:\Users\WINDOWS 10\.m2\repository\com\beust\jcommander\1.82\jcommander-1.82.jar;C:\Users\WINDOWS 10\.m2\repository\io\netty\netty-buffer\4.1.87.Final\netty-buffer-4.1.87.Final.jar;C:\Users\WINDOWS 10\.m2\repository\io\netty\netty-codec-http\4.1.87.Final\netty-codec-http-4.1.87.Final.jar;C:\Users\WINDOWS 10\.m2\repository\io\netty\netty-codec\4.1.87.Final\netty-codec-4.1.87.Final.jar;C:\Users\WINDOWS 10\.m2\repository\io\netty\netty-handler\4.1.87.Final\netty-handler-4.1.87.Final.jar;C:\Users\WINDOWS 10\.m2\repository\io\netty\netty-common\4.1.87.Final\netty-common-4.1.87.Final.jar;C:\Users\WINDOWS 10\.m2\repository\io\netty\netty-transport-classes-epoll\4.1.87.Final\netty-transport-classes-epoll-4.1.87.Final.jar;C:\Users\WINDOWS 10\.m2\repository\io\netty\netty-transport-classes-kqueue\4.1.87.Final\netty-transport-classes-kqueue-4.1.87.Final.jar;C:\Users\WINDOWS 10\.m2\repository\io\netty\netty-transport-native-epoll\4.1.87.Final\netty-transport-native-epoll-4.1.87.Final.jar;C:\Users\WINDOWS 10\.m2\repository\io\netty\netty-transport-native-kqueue\4.1.87.Final\netty-transport-native-kqueue-4.1.87.Final.jar;C:\Users\WINDOWS 10\.m2\repository\io\netty\netty-transport-native-unix-common\4.1.87.Final\netty-transport-native-unix-common-4.1.87.Final.jar;C:\Users\WINDOWS 10\.m2\repository\io\netty\netty-transport\4.1.87.Final\netty-transport-4.1.87.Final.jar;C:\Users\WINDOWS 10\.m2\repository\io\netty\netty-resolver\4.1.87.Final\netty-resolver-4.1.87.Final.jar;C:\Users\WINDOWS 10\.m2\repository\io\opentelemetry\opentelemetry-api\1.22.0\opentelemetry-api-1.22.0.jar;C:\Users\WINDOWS 10\.m2\repository\io\opentelemetry\opentelemetry-context\1.22.0\opentelemetry-context-1.22.0.jar;C:\Users\WINDOWS 10\.m2\repository\io\opentelemetry\opentelemetry-exporter-logging\1.22.0\opentelemetry-exporter-logging-1.22.0.jar;C:\Users\WINDOWS 10\.m2\repository\io\opentelemetry\opentelemetry-sdk-metrics\1.22.0\opentelemetry-sdk-metrics-1.22.0.jar;C:\Users\WINDOWS 10\.m2\repository\io\opentelemetry\opentelemetry-sdk-logs\1.22.0-alpha\opentelemetry-sdk-logs-1.22.0-alpha.jar;C:\Users\WINDOWS 10\.m2\repository\io\opentelemetry\opentelemetry-api-logs\1.22.0-alpha\opentelemetry-api-logs-1.22.0-alpha.jar;C:\Users\WINDOWS 10\.m2\repository\io\opentelemetry\opentelemetry-sdk-common\1.22.0\opentelemetry-sdk-common-1.22.0.jar;C:\Users\WINDOWS 10\.m2\repository\io\opentelemetry\opentelemetry-sdk-extension-autoconfigure-spi\1.22.0\opentelemetry-sdk-extension-autoconfigure-spi-1.22.0.jar;C:\Users\WINDOWS 10\.m2\repository\io\opentelemetry\opentelemetry-sdk-extension-autoconfigure\1.22.0-alpha\opentelemetry-sdk-extension-autoconfigure-1.22.0-alpha.jar;C:\Users\WINDOWS 10\.m2\repository\io\opentelemetry\opentelemetry-sdk-trace\1.22.0\opentelemetry-sdk-trace-1.22.0.jar;C:\Users\WINDOWS 10\.m2\repository\io\opentelemetry\opentelemetry-sdk\1.22.0\opentelemetry-sdk-1.22.0.jar;C:\Users\WINDOWS 10\.m2\repository\io\opentelemetry\opentelemetry-semconv\1.22.0-alpha\opentelemetry-semconv-1.22.0-alpha.jar;C:\Users\WINDOWS 10\.m2\repository\io\ous\jtoml\2.0.0\jtoml-2.0.0.jar;C:\Users\WINDOWS 10\.m2\repository\org\apache\commons\commons-exec\1.3\commons-exec-1.3.jar;C:\Users\WINDOWS 10\.m2\repository\org\asynchttpclient\async-http-client\2.12.3\async-http-client-2.12.3.jar;C:\Users\WINDOWS 10\.m2\repository\org\asynchttpclient\async-http-client-netty-utils\2.12.3\async-http-client-netty-utils-2.12.3.jar;C:\Users\WINDOWS 10\.m2\repository\io\netty\netty-codec-socks\4.1.60.Final\netty-codec-socks-4.1.60.Final.jar;C:\Users\WINDOWS 10\.m2\repository\io\netty\netty-handler-proxy\4.1.60.Final\netty-handler-proxy-4.1.60.Final.jar;C:\Users\WINDOWS 10\.m2\repository\io\netty\netty-transport-native-epoll\4.1.60.Final\netty-transport-native-epoll-4.1.60.Final-linux-x86_64.jar;C:\Users\WINDOWS 10\.m2\repository\io\netty\netty-transport-native-kqueue\4.1.60.Final\netty-transport-native-kqueue-4.1.60.Final-osx-x86_64.jar;C:\Users\WINDOWS 10\.m2\repository\org\reactivestreams\reactive-streams\1.0.3\reactive-streams-1.0.3.jar;C:\Users\WINDOWS 10\.m2\repository\com\typesafe\netty\netty-reactive-streams\2.0.4\netty-reactive-streams-2.0.4.jar;C:\Users\WINDOWS 10\.m2\repository\org\seleniumhq\selenium\selenium-manager\4.8.1\selenium-manager-4.8.1.jar;C:\Users\WINDOWS 10\.m2\repository\org\seleniumhq\selenium\selenium-safari-driver\4.8.1\selenium-safari-driver-4.8.1.jar;C:\Users\WINDOWS 10\.m2\repository\org\seleniumhq\selenium\selenium-api\4.8.1\selenium-api-4.8.1.jar;C:\Users\WINDOWS 10\.m2\repository\org\seleniumhq\selenium\selenium-support\4.8.1\selenium-support-4.8.1.jar;C:\Users\WINDOWS 10\.m2\repository\com\google\auto\service\auto-service-annotations\1.0.1\auto-service-annotations-1.0.1.jar;C:\Users\WINDOWS 10\.m2\repository\com\google\auto\service\auto-service\1.0.1\auto-service-1.0.1.jar;C:\Users\WINDOWS 10\.m2\repository\com\google\auto\auto-common\1.2\auto-common-1.2.jar;C:\Users\WINDOWS 10\.m2\repository\org\seleniumhq\selenium\selenium-json\4.8.1\selenium-json-4.8.1.jar;C:\Users\WINDOWS 10\.m2\repository\org\seleniumhq\selenium\selenium-chrome-driver\4.8.1\selenium-chrome-driver-4.8.1.jar;C:\Users\WINDOWS 10\.m2\repository\org\seleniumhq\selenium\selenium-chromium-driver\4.8.1\selenium-chromium-driver-4.8.1.jar;C:\Users\WINDOWS 10\.m2\repository\org\seleniumhq\selenium\selenium-firefox-driver\4.8.1\selenium-firefox-driver-4.8.1.jar;C:\Users\WINDOWS 10\.m2\repository\org\seleniumhq\selenium\selenium-http\4.8.1\selenium-http-4.8.1.jar;C:\Users\WINDOWS 10\.m2\repository\dev\failsafe\failsafe\3.3.0\failsafe-3.3.0.jar;C:\Users\WINDOWS 10\.m2\repository\org\seleniumhq\selenium\selenium-edge-driver\4.8.1\selenium-edge-driver-4.8.1.jar;C:\Users\WINDOWS 10\.m2\repository\org\seleniumhq\selenium\selenium-ie-driver\4.8.1\selenium-ie-driver-4.8.1.jar;C:\Users\WINDOWS 10\.m2\repository\org\projectlombok\lombok\1.18.20\lombok-1.18.20.jar;C:\Users\WINDOWS 10\.m2\repository\io\appium\java-client\8.3.0\java-client-8.3.0.jar;C:\Users\WINDOWS 10\.m2\repository\commons-validator\commons-validator\1.7\commons-validator-1.7.jar;C:\Users\WINDOWS 10\.m2\repository\commons-digester\commons-digester\2.1\commons-digester-2.1.jar;C:\Users\WINDOWS 10\.m2\repository\org\apache\groovy\groovy\4.0.10\groovy-4.0.10.jar;C:\Users\WINDOWS 10\.m2\repository\net\sf\opencsv\opencsv\2.0\opencsv-2.0.jar;C:\Users\WINDOWS 10\.m2\repository\commons-beanutils\commons-beanutils\1.9.4\commons-beanutils-1.9.4.jar;C:\Users\WINDOWS 10\.m2\repository\org\apache\commons\commons-lang3\3.12.0\commons-lang3-3.12.0.jar;C:\Users\WINDOWS 10\.m2\repository\commons-collections\commons-collections\3.2.2\commons-collections-3.2.2.jar;C:\Users\WINDOWS 10\.m2\repository\org\fluentlenium\fluentlenium-core\0.10.2\fluentlenium-core-0.10.2.jar;C:\Users\WINDOWS 10\.m2\repository\io\github\bonigarcia\webdrivermanager\5.3.0\webdrivermanager-5.3.0.jar;C:\Users\WINDOWS 10\.m2\repository\com\github\docker-java\docker-java\3.2.13\docker-java-3.2.13.jar;C:\Users\WINDOWS 10\.m2\repository\com\github\docker-java\docker-java-core\3.2.13\docker-java-core-3.2.13.jar;C:\Users\WINDOWS 10\.m2\repository\com\github\docker-java\docker-java-api\3.2.13\docker-java-api-3.2.13.jar;C:\Users\WINDOWS 10\.m2\repository\org\apache\commons\commons-compress\1.21\commons-compress-1.21.jar;C:\Users\WINDOWS 10\.m2\repository\org\bouncycastle\bcpkix-jdk15on\1.64\bcpkix-jdk15on-1.64.jar;C:\Users\WINDOWS 10\.m2\repository\org\bouncycastle\bcprov-jdk15on\1.64\bcprov-jdk15on-1.64.jar;C:\Users\WINDOWS 10\.m2\repository\org\slf4j\jcl-over-slf4j\1.7.30\jcl-over-slf4j-1.7.30.jar;C:\Users\WINDOWS 10\.m2\repository\com\github\docker-java\docker-java-transport-httpclient5\3.2.13\docker-java-transport-httpclient5-3.2.13.jar;C:\Users\WINDOWS 10\.m2\repository\com\github\docker-java\docker-java-transport\3.2.13\docker-java-transport-3.2.13.jar;C:\Users\WINDOWS 10\.m2\repository\net\java\dev\jna\jna\5.8.0\jna-5.8.0.jar;C:\Users\WINDOWS 10\.m2\repository\org\brotli\dec\0.1.2\dec-0.1.2.jar;C:\Users\WINDOWS 10\.m2\repository\org\apache\httpcomponents\client5\httpclient5\5.1.3\httpclient5-5.1.3.jar;C:\Users\WINDOWS 10\.m2\repository\org\apache\httpcomponents\core5\httpcore5\5.1.3\httpcore5-5.1.3.jar;C:\Users\WINDOWS 10\.m2\repository\org\apache\httpcomponents\core5\httpcore5-h2\5.1.3\httpcore5-h2-5.1.3.jar;C:\Users\WINDOWS 10\.m2\repository\com\jhlabs\filters\2.0.235\filters-2.0.235.jar;C:\Users\WINDOWS 10\.m2\repository\com\paulhammant\ngwebdriver\1.1.6\ngwebdriver-1.1.6.jar;C:\Users\WINDOWS 10\.m2\repository\joda-time\joda-time\2.12.2\joda-time-2.12.2.jar;C:\Users\WINDOWS 10\.m2\repository\org\hamcrest\hamcrest\2.2\hamcrest-2.2.jar;C:\Users\WINDOWS 10\.m2\repository\com\google\jimfs\jimfs\1.2\jimfs-1.2.jar;C:\Users\WINDOWS 10\.m2\repository\org\mockito\mockito-core\3.3.3\mockito-core-3.3.3.jar;C:\Users\WINDOWS 10\.m2\repository\javax\xml\bind\jaxb-api\2.3.1\jaxb-api-2.3.1.jar;C:\Users\WINDOWS 10\.m2\repository\javax\activation\javax.activation-api\1.2.0\javax.activation-api-1.2.0.jar;C:\Users\WINDOWS 10\.m2\repository\com\sun\xml\bind\jaxb-core\2.3.0.1\jaxb-core-2.3.0.1.jar;C:\Users\WINDOWS 10\.m2\repository\com\sun\xml\bind\jaxb-impl\2.3.3\jaxb-impl-2.3.3.jar;C:\Users\WINDOWS 10\.m2\repository\jakarta\xml\bind\jakarta.xml.bind-api\2.3.3\jakarta.xml.bind-api-2.3.3.jar;C:\Users\WINDOWS 10\.m2\repository\com\sun\activation\jakarta.activation\1.2.2\jakarta.activation-1.2.2.jar;C:\Users\WINDOWS 10\.m2\repository\javax\activation\activation\1.1.1\activation-1.1.1.jar;C:\Users\WINDOWS 10\.m2\repository\net\serenity-bdd\serenity-cucumber\3.6.21\serenity-cucumber-3.6.21.jar;C:\Users\WINDOWS 10\.m2\repository\io\cucumber\cucumber-core\7.11.0\cucumber-core-7.11.0.jar;C:\Users\WINDOWS 10\.m2\repository\io\cucumber\cucumber-gherkin\7.11.0\cucumber-gherkin-7.11.0.jar;C:\Users\WINDOWS 10\.m2\repository\io\cucumber\cucumber-gherkin-messages\7.11.0\cucumber-gherkin-messages-7.11.0.jar;C:\Users\WINDOWS 10\.m2\repository\io\cucumber\gherkin\26.0.3\gherkin-26.0.3.jar;C:\Users\WINDOWS 10\.m2\repository\io\cucumber\messages\21.0.1\messages-21.0.1.jar;C:\Users\WINDOWS 10\.m2\repository\io\cucumber\tag-expressions\5.0.1\tag-expressions-5.0.1.jar;C:\Users\WINDOWS 10\.m2\repository\io\cucumber\cucumber-expressions\16.1.1\cucumber-expressions-16.1.1.jar;C:\Users\WINDOWS 10\.m2\repository\io\cucumber\datatable\7.11.0\datatable-7.11.0.jar;C:\Users\WINDOWS 10\.m2\repository\io\cucumber\cucumber-plugin\7.11.0\cucumber-plugin-7.11.0.jar;C:\Users\WINDOWS 10\.m2\repository\io\cucumber\docstring\7.11.0\docstring-7.11.0.jar;C:\Users\WINDOWS 10\.m2\repository\io\cucumber\html-formatter\20.2.1\html-formatter-20.2.1.jar;C:\Users\WINDOWS 10\.m2\repository\io\cucumber\junit-xml-formatter\0.1.0\junit-xml-formatter-0.1.0.jar;C:\Users\WINDOWS 10\.m2\repository\io\cucumber\ci-environment\9.1.0\ci-environment-9.1.0.jar;C:\Users\WINDOWS 10\.m2\repository\io\cucumber\cucumber-java\7.11.0\cucumber-java-7.11.0.jar;C:\Users\WINDOWS 10\.m2\repository\io\cucumber\cucumber-junit\7.11.0\cucumber-junit-7.11.0.jar;C:\Users\WINDOWS 10\.m2\repository\org\apache\commons\commons-csv\1.5\commons-csv-1.5.jar;C:\Users\WINDOWS 10\.m2\repository\net\serenity-bdd\serenity-screenplay\3.6.21\serenity-screenplay-3.6.21.jar;C:\Users\WINDOWS 10\.m2\repository\net\serenity-bdd\serenity-screenplay-webdriver\3.6.21\serenity-screenplay-webdriver-3.6.21.jar;C:\Users\WINDOWS 10\.m2\repository\net\serenity-bdd\serenity-ensure\3.6.21\serenity-ensure-3.6.21.jar;C:\Users\WINDOWS 10\.m2\repository\net\serenity-bdd\serenity-junit\3.6.21\serenity-junit-3.6.21.jar;C:\Users\WINDOWS 10\.m2\repository\org\jetbrains\kotlin\kotlin-stdlib\1.8.10\kotlin-stdlib-1.8.10.jar;C:\Users\WINDOWS 10\.m2\repository\org\jetbrains\kotlin\kotlin-stdlib-common\1.8.10\kotlin-stdlib-common-1.8.10.jar;C:\Users\WINDOWS 10\.m2\repository\org\jetbrains\annotations\13.0\annotations-13.0.jar;C:\Users\WINDOWS 10\.m2\repository\org\junit\platform\junit-platform-launcher\1.8.2\junit-platform-launcher-1.8.2.jar;C:\Users\WINDOWS 10\.m2\repository\org\junit\platform\junit-platform-engine\1.8.2\junit-platform-engine-1.8.2.jar;C:\Users\WINDOWS 10\.m2\repository\org\opentest4j\opentest4j\1.2.0\opentest4j-1.2.0.jar;C:\Users\WINDOWS 10\.m2\repository\org\junit\platform\junit-platform-commons\1.8.2\junit-platform-commons-1.8.2.jar;C:\Users\WINDOWS 10\.m2\repository\org\apiguardian\apiguardian-api\1.1.2\apiguardian-api-1.1.2.jar;C:\Users\WINDOWS 10\.m2\repository\org\junit\jupiter\junit-jupiter-engine\5.8.2\junit-jupiter-engine-5.8.2.jar;C:\Users\WINDOWS 10\.m2\repository\org\junit\jupiter\junit-jupiter-api\5.8.2\junit-jupiter-api-5.8.2.jar;C:\Users\WINDOWS 10\.m2\repository\org\junit\vintage\junit-vintage-engine\5.8.2\junit-vintage-engine-5.8.2.jar;C:\Users\WINDOWS 10\.m2\repository\junit\junit\4.13.2\junit-4.13.2.jar;C:\Users\WINDOWS 10\.m2\repository\org\hamcrest\hamcrest-core\1.3\hamcrest-core-1.3.jar;C:\Users\WINDOWS 10\.m2\repository\ch\qos\logback\logback-classic\1.2.10\logback-classic-1.2.10.jar;C:\Users\WINDOWS 10\.m2\repository\ch\qos\logback\logback-core\1.2.10\logback-core-1.2.10.jar;C:\Users\WINDOWS 10\.m2\repository\org\slf4j\slf4j-api\1.7.32\slf4j-api-1.7.32.jar;C:\Users\WINDOWS 10\.m2\repository\org\assertj\assertj-core\3.23.1\assertj-core-3.23.1.jar;C:\Users\WINDOWS 10\.m2\repository\net\bytebuddy\byte-buddy\1.12.10\byte-buddy-1.12.10.jar;"/>
    <property name="sun.cpu.endian" value="little"/>
    <property name="user.home" value="C:\Users\WINDOWS 10"/>
    <property name="user.language" value="en"/>
    <property name="java.specification.vendor" value="Oracle Corporation"/>
    <property name="jdk.module.path" value="C:\Users\WINDOWS 10\Documents\GitHub\QE_Andira_Ms\11_Web_Programming_&amp;_Testing\Praktikum\Testing_with_Serenity\Prioritas2\alta\target\alta-1.0-SNAPSHOT.jar"/>
    <property name="java.version.date" value="2020-09-15"/>
    <property name="java.home" value="C:\Program Files\Java\jdk-15"/>
    <property name="file.separator" value="\"/>
    <property name="basedir" value="C:\Users\WINDOWS 10\Documents\GitHub\QE_Andira_Ms\11_Web_Programming_&amp;_Testing\Praktikum\Testing_with_Serenity\Prioritas2\alta"/>
    <property name="java.vm.compressedOopsMode" value="Zero based"/>
    <property name="line.separator" value="&#10;"/>
    <property name="java.vm.specification.vendor" value="Oracle Corporation"/>
    <property name="java.specification.name" value="Java Platform API Specification"/>
    <property name="surefire.real.class.path" value="C:\Users\WINDOWS 10\.m2\repository\org\apache\maven\surefire\surefire-booter\3.0.0-M5\surefire-booter-3.0.0-M5.jar;C:\Users\WINDOWS 10\.m2\repository\org\apache\maven\surefire\surefire-api\3.0.0-M5\surefire-api-3.0.0-M5.jar;C:\Users\WINDOWS 10\.m2\repository\org\apache\maven\surefire\surefire-logger-api\3.0.0-M5\surefire-logger-api-3.0.0-M5.jar;C:\Users\WINDOWS 10\.m2\repository\org\apache\maven\surefire\surefire-shared-utils\3.0.0-M4\surefire-shared-utils-3.0.0-M4.jar;C:\Users\WINDOWS 10\.m2\repository\org\apache\maven\surefire\surefire-extensions-spi\3.0.0-M5\surefire-extensions-spi-3.0.0-M5.jar;C:\Users\WINDOWS 10\Documents\GitHub\QE_Andira_Ms\11_Web_Programming_&amp;_Testing\Praktikum\Testing_with_Serenity\Prioritas2\alta\target\test-classes;C:\Users\WINDOWS 10\.m2\repository\net\serenity-bdd\serenity-core\3.6.21\serenity-core-3.6.21.jar;C:\Users\WINDOWS 10\.m2\repository\net\serenity-bdd\serenity-model\3.6.21\serenity-model-3.6.21.jar;C:\Users\WINDOWS 10\.m2\repository\org\apache\commons\commons-text\1.10.0\commons-text-1.10.0.jar;C:\Users\WINDOWS 10\.m2\repository\commons-net\commons-net\3.9.0\commons-net-3.9.0.jar;C:\Users\WINDOWS 10\.m2\repository\com\google\guava\guava\31.1-jre\guava-31.1-jre.jar;C:\Users\WINDOWS 10\.m2\repository\com\google\guava\failureaccess\1.0.1\failureaccess-1.0.1.jar;C:\Users\WINDOWS 10\.m2\repository\com\google\guava\listenablefuture\9999.0-empty-to-avoid-conflict-with-guava\listenablefuture-9999.0-empty-to-avoid-conflict-with-guava.jar;C:\Users\WINDOWS 10\.m2\repository\com\google\code\findbugs\jsr305\3.0.2\jsr305-3.0.2.jar;C:\Users\WINDOWS 10\.m2\repository\org\checkerframework\checker-qual\3.12.0\checker-qual-3.12.0.jar;C:\Users\WINDOWS 10\.m2\repository\com\google\errorprone\error_prone_annotations\2.11.0\error_prone_annotations-2.11.0.jar;C:\Users\WINDOWS 10\.m2\repository\com\google\j2objc\j2objc-annotations\1.3\j2objc-annotations-1.3.jar;C:\Users\WINDOWS 10\.m2\repository\com\google\inject\guice\5.1.0\guice-5.1.0.jar;C:\Users\WINDOWS 10\.m2\repository\javax\inject\javax.inject\1\javax.inject-1.jar;C:\Users\WINDOWS 10\.m2\repository\aopalliance\aopalliance\1.0\aopalliance-1.0.jar;C:\Users\WINDOWS 10\.m2\repository\org\jsoup\jsoup\1.14.3\jsoup-1.14.3.jar;C:\Users\WINDOWS 10\.m2\repository\com\thoughtworks\xstream\xstream\1.4.20\xstream-1.4.20.jar;C:\Users\WINDOWS 10\.m2\repository\io\github\x-stream\mxparser\1.2.2\mxparser-1.2.2.jar;C:\Users\WINDOWS 10\.m2\repository\xmlpull\xmlpull\1.1.3.1\xmlpull-1.1.3.1.jar;C:\Users\WINDOWS 10\.m2\repository\com\typesafe\config\1.4.2\config-1.4.2.jar;C:\Users\WINDOWS 10\.m2\repository\org\imgscalr\imgscalr-lib\4.2\imgscalr-lib-4.2.jar;C:\Users\WINDOWS 10\.m2\repository\org\awaitility\awaitility\4.2.0\awaitility-4.2.0.jar;C:\Users\WINDOWS 10\.m2\repository\org\freemarker\freemarker\2.3.31\freemarker-2.3.31.jar;C:\Users\WINDOWS 10\.m2\repository\io\github\classgraph\classgraph\4.8.138\classgraph-4.8.138.jar;C:\Users\WINDOWS 10\.m2\repository\net\sourceforge\jexcelapi\jxl\2.6.12\jxl-2.6.12.jar;C:\Users\WINDOWS 10\.m2\repository\net\bytebuddy\byte-buddy-agent\1.14.2\byte-buddy-agent-1.14.2.jar;C:\Users\WINDOWS 10\.m2\repository\org\objenesis\objenesis\3.3\objenesis-3.3.jar;C:\Users\WINDOWS 10\.m2\repository\net\serenity-bdd\serenity-reports\3.6.21\serenity-reports-3.6.21.jar;C:\Users\WINDOWS 10\.m2\repository\net\serenity-bdd\serenity-stats\3.6.21\serenity-stats-3.6.21.jar;C:\Users\WINDOWS 10\.m2\repository\net\serenity-bdd\serenity-reports-configuration\3.6.21\serenity-reports-configuration-3.6.21.jar;C:\Users\WINDOWS 10\.m2\repository\com\vladsch\flexmark\flexmark-all\0.62.2\flexmark-all-0.62.2.jar;C:\Users\WINDOWS 10\.m2\repository\com\vladsch\flexmark\flexmark\0.62.2\flexmark-0.62.2.jar;C:\Users\WINDOWS 10\.m2\repository\com\vladsch\flexmark\flexmark-ext-abbreviation\0.62.2\flexmark-ext-abbreviation-0.62.2.jar;C:\Users\WINDOWS 10\.m2\repository\com\vladsch\flexmark\flexmark-util\0.62.2\flexmark-util-0.62.2.jar;C:\Users\WINDOWS 10\.m2\repository\com\vladsch\flexmark\flexmark-ext-admonition\0.62.2\flexmark-ext-admonition-0.62.2.jar;C:\Users\WINDOWS 10\.m2\repository\com\vladsch\flexmark\flexmark-ext-anchorlink\0.62.2\flexmark-ext-anchorlink-0.62.2.jar;C:\Users\WINDOWS 10\.m2\repository\com\vladsch\flexmark\flexmark-ext-aside\0.62.2\flexmark-ext-aside-0.62.2.jar;C:\Users\WINDOWS 10\.m2\repository\com\vladsch\flexmark\flexmark-ext-attributes\0.62.2\flexmark-ext-attributes-0.62.2.jar;C:\Users\WINDOWS 10\.m2\repository\com\vladsch\flexmark\flexmark-ext-autolink\0.62.2\flexmark-ext-autolink-0.62.2.jar;C:\Users\WINDOWS 10\.m2\repository\org\nibor\autolink\autolink\0.6.0\autolink-0.6.0.jar;C:\Users\WINDOWS 10\.m2\repository\com\vladsch\flexmark\flexmark-ext-definition\0.62.2\flexmark-ext-definition-0.62.2.jar;C:\Users\WINDOWS 10\.m2\repository\com\vladsch\flexmark\flexmark-ext-emoji\0.62.2\flexmark-ext-emoji-0.62.2.jar;C:\Users\WINDOWS 10\.m2\repository\com\vladsch\flexmark\flexmark-ext-enumerated-reference\0.62.2\flexmark-ext-enumerated-reference-0.62.2.jar;C:\Users\WINDOWS 10\.m2\repository\com\vladsch\flexmark\flexmark-ext-escaped-character\0.62.2\flexmark-ext-escaped-character-0.62.2.jar;C:\Users\WINDOWS 10\.m2\repository\com\vladsch\flexmark\flexmark-ext-footnotes\0.62.2\flexmark-ext-footnotes-0.62.2.jar;C:\Users\WINDOWS 10\.m2\repository\com\vladsch\flexmark\flexmark-ext-gfm-issues\0.62.2\flexmark-ext-gfm-issues-0.62.2.jar;C:\Users\WINDOWS 10\.m2\repository\com\vladsch\flexmark\flexmark-ext-gfm-strikethrough\0.62.2\flexmark-ext-gfm-strikethrough-0.62.2.jar;C:\Users\WINDOWS 10\.m2\repository\com\vladsch\flexmark\flexmark-ext-gfm-tasklist\0.62.2\flexmark-ext-gfm-tasklist-0.62.2.jar;C:\Users\WINDOWS 10\.m2\repository\com\vladsch\flexmark\flexmark-ext-gfm-users\0.62.2\flexmark-ext-gfm-users-0.62.2.jar;C:\Users\WINDOWS 10\.m2\repository\com\vladsch\flexmark\flexmark-ext-gitlab\0.62.2\flexmark-ext-gitlab-0.62.2.jar;C:\Users\WINDOWS 10\.m2\repository\com\vladsch\flexmark\flexmark-ext-jekyll-front-matter\0.62.2\flexmark-ext-jekyll-front-matter-0.62.2.jar;C:\Users\WINDOWS 10\.m2\repository\com\vladsch\flexmark\flexmark-ext-jekyll-tag\0.62.2\flexmark-ext-jekyll-tag-0.62.2.jar;C:\Users\WINDOWS 10\.m2\repository\com\vladsch\flexmark\flexmark-ext-media-tags\0.62.2\flexmark-ext-media-tags-0.62.2.jar;C:\Users\WINDOWS 10\.m2\repository\com\vladsch\flexmark\flexmark-ext-macros\0.62.2\flexmark-ext-macros-0.62.2.jar;C:\Users\WINDOWS 10\.m2\repository\com\vladsch\flexmark\flexmark-ext-ins\0.62.2\flexmark-ext-ins-0.62.2.jar;C:\Users\WINDOWS 10\.m2\repository\com\vladsch\flexmark\flexmark-ext-xwiki-macros\0.62.2\flexmark-ext-xwiki-macros-0.62.2.jar;C:\Users\WINDOWS 10\.m2\repository\com\vladsch\flexmark\flexmark-ext-superscript\0.62.2\flexmark-ext-superscript-0.62.2.jar;C:\Users\WINDOWS 10\.m2\repository\com\vladsch\flexmark\flexmark-ext-tables\0.62.2\flexmark-ext-tables-0.62.2.jar;C:\Users\WINDOWS 10\.m2\repository\com\vladsch\flexmark\flexmark-ext-toc\0.62.2\flexmark-ext-toc-0.62.2.jar;C:\Users\WINDOWS 10\.m2\repository\com\vladsch\flexmark\flexmark-ext-typographic\0.62.2\flexmark-ext-typographic-0.62.2.jar;C:\Users\WINDOWS 10\.m2\repository\com\vladsch\flexmark\flexmark-ext-wikilink\0.62.2\flexmark-ext-wikilink-0.62.2.jar;C:\Users\WINDOWS 10\.m2\repository\com\vladsch\flexmark\flexmark-ext-yaml-front-matter\0.62.2\flexmark-ext-yaml-front-matter-0.62.2.jar;C:\Users\WINDOWS 10\.m2\repository\com\vladsch\flexmark\flexmark-ext-youtube-embedded\0.62.2\flexmark-ext-youtube-embedded-0.62.2.jar;C:\Users\WINDOWS 10\.m2\repository\com\vladsch\flexmark\flexmark-html2md-converter\0.62.2\flexmark-html2md-converter-0.62.2.jar;C:\Users\WINDOWS 10\.m2\repository\com\vladsch\flexmark\flexmark-jira-converter\0.62.2\flexmark-jira-converter-0.62.2.jar;C:\Users\WINDOWS 10\.m2\repository\com\vladsch\flexmark\flexmark-pdf-converter\0.62.2\flexmark-pdf-converter-0.62.2.jar;C:\Users\WINDOWS 10\.m2\repository\com\openhtmltopdf\openhtmltopdf-core\1.0.0\openhtmltopdf-core-1.0.0.jar;C:\Users\WINDOWS 10\.m2\repository\com\openhtmltopdf\openhtmltopdf-pdfbox\1.0.0\openhtmltopdf-pdfbox-1.0.0.jar;C:\Users\WINDOWS 10\.m2\repository\org\apache\pdfbox\pdfbox\2.0.16\pdfbox-2.0.16.jar;C:\Users\WINDOWS 10\.m2\repository\org\apache\pdfbox\fontbox\2.0.16\fontbox-2.0.16.jar;C:\Users\WINDOWS 10\.m2\repository\org\apache\pdfbox\xmpbox\2.0.16\xmpbox-2.0.16.jar;C:\Users\WINDOWS 10\.m2\repository\de\rototor\pdfbox\graphics2d\0.24\graphics2d-0.24.jar;C:\Users\WINDOWS 10\.m2\repository\com\openhtmltopdf\openhtmltopdf-rtl-support\1.0.0\openhtmltopdf-rtl-support-1.0.0.jar;C:\Users\WINDOWS 10\.m2\repository\com\openhtmltopdf\openhtmltopdf-jsoup-dom-converter\1.0.0\openhtmltopdf-jsoup-dom-converter-1.0.0.jar;C:\Users\WINDOWS 10\.m2\repository\com\vladsch\flexmark\flexmark-profile-pegdown\0.62.2\flexmark-profile-pegdown-0.62.2.jar;C:\Users\WINDOWS 10\.m2\repository\com\vladsch\flexmark\flexmark-util-ast\0.62.2\flexmark-util-ast-0.62.2.jar;C:\Users\WINDOWS 10\.m2\repository\com\vladsch\flexmark\flexmark-util-builder\0.62.2\flexmark-util-builder-0.62.2.jar;C:\Users\WINDOWS 10\.m2\repository\com\vladsch\flexmark\flexmark-util-collection\0.62.2\flexmark-util-collection-0.62.2.jar;C:\Users\WINDOWS 10\.m2\repository\com\vladsch\flexmark\flexmark-util-data\0.62.2\flexmark-util-data-0.62.2.jar;C:\Users\WINDOWS 10\.m2\repository\com\vladsch\flexmark\flexmark-util-dependency\0.62.2\flexmark-util-dependency-0.62.2.jar;C:\Users\WINDOWS 10\.m2\repository\com\vladsch\flexmark\flexmark-util-format\0.62.2\flexmark-util-format-0.62.2.jar;C:\Users\WINDOWS 10\.m2\repository\com\vladsch\flexmark\flexmark-util-html\0.62.2\flexmark-util-html-0.62.2.jar;C:\Users\WINDOWS 10\.m2\repository\com\vladsch\flexmark\flexmark-util-misc\0.62.2\flexmark-util-misc-0.62.2.jar;C:\Users\WINDOWS 10\.m2\repository\com\vladsch\flexmark\flexmark-util-options\0.62.2\flexmark-util-options-0.62.2.jar;C:\Users\WINDOWS 10\.m2\repository\com\vladsch\flexmark\flexmark-util-sequence\0.62.2\flexmark-util-sequence-0.62.2.jar;C:\Users\WINDOWS 10\.m2\repository\com\vladsch\flexmark\flexmark-util-visitor\0.62.2\flexmark-util-visitor-0.62.2.jar;C:\Users\WINDOWS 10\.m2\repository\com\vladsch\flexmark\flexmark-youtrack-converter\0.62.2\flexmark-youtrack-converter-0.62.2.jar;C:\Users\WINDOWS 10\.m2\repository\com\ibm\icu\icu4j\72.1\icu4j-72.1.jar;C:\Users\WINDOWS 10\.m2\repository\es\nitaur\markdown\txtmark\0.16\txtmark-0.16.jar;C:\Users\WINDOWS 10\.m2\repository\net\serenity-bdd\serenity-report-resources\3.6.21\serenity-report-resources-3.6.21.jar;C:\Users\WINDOWS 10\.m2\repository\com\google\code\gson\gson\2.10.1\gson-2.10.1.jar;C:\Users\WINDOWS 10\.m2\repository\com\fasterxml\jackson\core\jackson-core\2.15.0-rc1\jackson-core-2.15.0-rc1.jar;C:\Users\WINDOWS 10\.m2\repository\com\fasterxml\jackson\core\jackson-databind\2.15.0-rc1\jackson-databind-2.15.0-rc1.jar;C:\Users\WINDOWS 10\.m2\repository\com\fasterxml\jackson\core\jackson-annotations\2.15.0-rc1\jackson-annotations-2.15.0-rc1.jar;C:\Users\WINDOWS 10\.m2\repository\commons-codec\commons-codec\1.15\commons-codec-1.15.jar;C:\Users\WINDOWS 10\.m2\repository\commons-io\commons-io\2.11.0\commons-io-2.11.0.jar;C:\Users\WINDOWS 10\.m2\repository\org\apache\httpcomponents\httpclient\4.5.13\httpclient-4.5.13.jar;C:\Users\WINDOWS 10\.m2\repository\org\apache\httpcomponents\httpcore\4.4.13\httpcore-4.4.13.jar;C:\Users\WINDOWS 10\.m2\repository\commons-logging\commons-logging\1.2\commons-logging-1.2.jar;C:\Users\WINDOWS 10\.m2\repository\org\seleniumhq\selenium\selenium-java\4.8.1\selenium-java-4.8.1.jar;C:\Users\WINDOWS 10\.m2\repository\org\seleniumhq\selenium\selenium-devtools-v108\4.8.1\selenium-devtools-v108-4.8.1.jar;C:\Users\WINDOWS 10\.m2\repository\org\seleniumhq\selenium\selenium-devtools-v109\4.8.1\selenium-devtools-v109-4.8.1.jar;C:\Users\WINDOWS 10\.m2\repository\org\seleniumhq\selenium\selenium-devtools-v110\4.8.1\selenium-devtools-v110-4.8.1.jar;C:\Users\WINDOWS 10\.m2\repository\org\seleniumhq\selenium\selenium-devtools-v85\4.8.1\selenium-devtools-v85-4.8.1.jar;C:\Users\WINDOWS 10\.m2\repository\org\seleniumhq\selenium\selenium-remote-driver\4.8.1\selenium-remote-driver-4.8.1.jar;C:\Users\WINDOWS 10\.m2\repository\com\beust\jcommander\1.82\jcommander-1.82.jar;C:\Users\WINDOWS 10\.m2\repository\io\netty\netty-buffer\4.1.87.Final\netty-buffer-4.1.87.Final.jar;C:\Users\WINDOWS 10\.m2\repository\io\netty\netty-codec-http\4.1.87.Final\netty-codec-http-4.1.87.Final.jar;C:\Users\WINDOWS 10\.m2\repository\io\netty\netty-codec\4.1.87.Final\netty-codec-4.1.87.Final.jar;C:\Users\WINDOWS 10\.m2\repository\io\netty\netty-handler\4.1.87.Final\netty-handler-4.1.87.Final.jar;C:\Users\WINDOWS 10\.m2\repository\io\netty\netty-common\4.1.87.Final\netty-common-4.1.87.Final.jar;C:\Users\WINDOWS 10\.m2\repository\io\netty\netty-transport-classes-epoll\4.1.87.Final\netty-transport-classes-epoll-4.1.87.Final.jar;C:\Users\WINDOWS 10\.m2\repository\io\netty\netty-transport-classes-kqueue\4.1.87.Final\netty-transport-classes-kqueue-4.1.87.Final.jar;C:\Users\WINDOWS 10\.m2\repository\io\netty\netty-transport-native-epoll\4.1.87.Final\netty-transport-native-epoll-4.1.87.Final.jar;C:\Users\WINDOWS 10\.m2\repository\io\netty\netty-transport-native-kqueue\4.1.87.Final\netty-transport-native-kqueue-4.1.87.Final.jar;C:\Users\WINDOWS 10\.m2\repository\io\netty\netty-transport-native-unix-common\4.1.87.Final\netty-transport-native-unix-common-4.1.87.Final.jar;C:\Users\WINDOWS 10\.m2\repository\io\netty\netty-transport\4.1.87.Final\netty-transport-4.1.87.Final.jar;C:\Users\WINDOWS 10\.m2\repository\io\netty\netty-resolver\4.1.87.Final\netty-resolver-4.1.87.Final.jar;C:\Users\WINDOWS 10\.m2\repository\io\opentelemetry\opentelemetry-api\1.22.0\opentelemetry-api-1.22.0.jar;C:\Users\WINDOWS 10\.m2\repository\io\opentelemetry\opentelemetry-context\1.22.0\opentelemetry-context-1.22.0.jar;C:\Users\WINDOWS 10\.m2\repository\io\opentelemetry\opentelemetry-exporter-logging\1.22.0\opentelemetry-exporter-logging-1.22.0.jar;C:\Users\WINDOWS 10\.m2\repository\io\opentelemetry\opentelemetry-sdk-metrics\1.22.0\opentelemetry-sdk-metrics-1.22.0.jar;C:\Users\WINDOWS 10\.m2\repository\io\opentelemetry\opentelemetry-sdk-logs\1.22.0-alpha\opentelemetry-sdk-logs-1.22.0-alpha.jar;C:\Users\WINDOWS 10\.m2\repository\io\opentelemetry\opentelemetry-api-logs\1.22.0-alpha\opentelemetry-api-logs-1.22.0-alpha.jar;C:\Users\WINDOWS 10\.m2\repository\io\opentelemetry\opentelemetry-sdk-common\1.22.0\opentelemetry-sdk-common-1.22.0.jar;C:\Users\WINDOWS 10\.m2\repository\io\opentelemetry\opentelemetry-sdk-extension-autoconfigure-spi\1.22.0\opentelemetry-sdk-extension-autoconfigure-spi-1.22.0.jar;C:\Users\WINDOWS 10\.m2\repository\io\opentelemetry\opentelemetry-sdk-extension-autoconfigure\1.22.0-alpha\opentelemetry-sdk-extension-autoconfigure-1.22.0-alpha.jar;C:\Users\WINDOWS 10\.m2\repository\io\opentelemetry\opentelemetry-sdk-trace\1.22.0\opentelemetry-sdk-trace-1.22.0.jar;C:\Users\WINDOWS 10\.m2\repository\io\opentelemetry\opentelemetry-sdk\1.22.0\opentelemetry-sdk-1.22.0.jar;C:\Users\WINDOWS 10\.m2\repository\io\opentelemetry\opentelemetry-semconv\1.22.0-alpha\opentelemetry-semconv-1.22.0-alpha.jar;C:\Users\WINDOWS 10\.m2\repository\io\ous\jtoml\2.0.0\jtoml-2.0.0.jar;C:\Users\WINDOWS 10\.m2\repository\org\apache\commons\commons-exec\1.3\commons-exec-1.3.jar;C:\Users\WINDOWS 10\.m2\repository\org\asynchttpclient\async-http-client\2.12.3\async-http-client-2.12.3.jar;C:\Users\WINDOWS 10\.m2\repository\org\asynchttpclient\async-http-client-netty-utils\2.12.3\async-http-client-netty-utils-2.12.3.jar;C:\Users\WINDOWS 10\.m2\repository\io\netty\netty-codec-socks\4.1.60.Final\netty-codec-socks-4.1.60.Final.jar;C:\Users\WINDOWS 10\.m2\repository\io\netty\netty-handler-proxy\4.1.60.Final\netty-handler-proxy-4.1.60.Final.jar;C:\Users\WINDOWS 10\.m2\repository\io\netty\netty-transport-native-epoll\4.1.60.Final\netty-transport-native-epoll-4.1.60.Final-linux-x86_64.jar;C:\Users\WINDOWS 10\.m2\repository\io\netty\netty-transport-native-kqueue\4.1.60.Final\netty-transport-native-kqueue-4.1.60.Final-osx-x86_64.jar;C:\Users\WINDOWS 10\.m2\repository\org\reactivestreams\reactive-streams\1.0.3\reactive-streams-1.0.3.jar;C:\Users\WINDOWS 10\.m2\repository\com\typesafe\netty\netty-reactive-streams\2.0.4\netty-reactive-streams-2.0.4.jar;C:\Users\WINDOWS 10\.m2\repository\org\seleniumhq\selenium\selenium-manager\4.8.1\selenium-manager-4.8.1.jar;C:\Users\WINDOWS 10\.m2\repository\org\seleniumhq\selenium\selenium-safari-driver\4.8.1\selenium-safari-driver-4.8.1.jar;C:\Users\WINDOWS 10\.m2\repository\org\seleniumhq\selenium\selenium-api\4.8.1\selenium-api-4.8.1.jar;C:\Users\WINDOWS 10\.m2\repository\org\seleniumhq\selenium\selenium-support\4.8.1\selenium-support-4.8.1.jar;C:\Users\WINDOWS 10\.m2\repository\com\google\auto\service\auto-service-annotations\1.0.1\auto-service-annotations-1.0.1.jar;C:\Users\WINDOWS 10\.m2\repository\com\google\auto\service\auto-service\1.0.1\auto-service-1.0.1.jar;C:\Users\WINDOWS 10\.m2\repository\com\google\auto\auto-common\1.2\auto-common-1.2.jar;C:\Users\WINDOWS 10\.m2\repository\org\seleniumhq\selenium\selenium-json\4.8.1\selenium-json-4.8.1.jar;C:\Users\WINDOWS 10\.m2\repository\org\seleniumhq\selenium\selenium-chrome-driver\4.8.1\selenium-chrome-driver-4.8.1.jar;C:\Users\WINDOWS 10\.m2\repository\org\seleniumhq\selenium\selenium-chromium-driver\4.8.1\selenium-chromium-driver-4.8.1.jar;C:\Users\WINDOWS 10\.m2\repository\org\seleniumhq\selenium\selenium-firefox-driver\4.8.1\selenium-firefox-driver-4.8.1.jar;C:\Users\WINDOWS 10\.m2\repository\org\seleniumhq\selenium\selenium-http\4.8.1\selenium-http-4.8.1.jar;C:\Users\WINDOWS 10\.m2\repository\dev\failsafe\failsafe\3.3.0\failsafe-3.3.0.jar;C:\Users\WINDOWS 10\.m2\repository\org\seleniumhq\selenium\selenium-edge-driver\4.8.1\selenium-edge-driver-4.8.1.jar;C:\Users\WINDOWS 10\.m2\repository\org\seleniumhq\selenium\selenium-ie-driver\4.8.1\selenium-ie-driver-4.8.1.jar;C:\Users\WINDOWS 10\.m2\repository\org\projectlombok\lombok\1.18.20\lombok-1.18.20.jar;C:\Users\WINDOWS 10\.m2\repository\io\appium\java-client\8.3.0\java-client-8.3.0.jar;C:\Users\WINDOWS 10\.m2\repository\commons-validator\commons-validator\1.7\commons-validator-1.7.jar;C:\Users\WINDOWS 10\.m2\repository\commons-digester\commons-digester\2.1\commons-digester-2.1.jar;C:\Users\WINDOWS 10\.m2\repository\org\apache\groovy\groovy\4.0.10\groovy-4.0.10.jar;C:\Users\WINDOWS 10\.m2\repository\net\sf\opencsv\opencsv\2.0\opencsv-2.0.jar;C:\Users\WINDOWS 10\.m2\repository\commons-beanutils\commons-beanutils\1.9.4\commons-beanutils-1.9.4.jar;C:\Users\WINDOWS 10\.m2\repository\org\apache\commons\commons-lang3\3.12.0\commons-lang3-3.12.0.jar;C:\Users\WINDOWS 10\.m2\repository\commons-collections\commons-collections\3.2.2\commons-collections-3.2.2.jar;C:\Users\WINDOWS 10\.m2\repository\org\fluentlenium\fluentlenium-core\0.10.2\fluentlenium-core-0.10.2.jar;C:\Users\WINDOWS 10\.m2\repository\io\github\bonigarcia\webdrivermanager\5.3.0\webdrivermanager-5.3.0.jar;C:\Users\WINDOWS 10\.m2\repository\com\github\docker-java\docker-java\3.2.13\docker-java-3.2.13.jar;C:\Users\WINDOWS 10\.m2\repository\com\github\docker-java\docker-java-core\3.2.13\docker-java-core-3.2.13.jar;C:\Users\WINDOWS 10\.m2\repository\com\github\docker-java\docker-java-api\3.2.13\docker-java-api-3.2.13.jar;C:\Users\WINDOWS 10\.m2\repository\org\apache\commons\commons-compress\1.21\commons-compress-1.21.jar;C:\Users\WINDOWS 10\.m2\repository\org\bouncycastle\bcpkix-jdk15on\1.64\bcpkix-jdk15on-1.64.jar;C:\Users\WINDOWS 10\.m2\repository\org\bouncycastle\bcprov-jdk15on\1.64\bcprov-jdk15on-1.64.jar;C:\Users\WINDOWS 10\.m2\repository\org\slf4j\jcl-over-slf4j\1.7.30\jcl-over-slf4j-1.7.30.jar;C:\Users\WINDOWS 10\.m2\repository\com\github\docker-java\docker-java-transport-httpclient5\3.2.13\docker-java-transport-httpclient5-3.2.13.jar;C:\Users\WINDOWS 10\.m2\repository\com\github\docker-java\docker-java-transport\3.2.13\docker-java-transport-3.2.13.jar;C:\Users\WINDOWS 10\.m2\repository\net\java\dev\jna\jna\5.8.0\jna-5.8.0.jar;C:\Users\WINDOWS 10\.m2\repository\org\brotli\dec\0.1.2\dec-0.1.2.jar;C:\Users\WINDOWS 10\.m2\repository\org\apache\httpcomponents\client5\httpclient5\5.1.3\httpclient5-5.1.3.jar;C:\Users\WINDOWS 10\.m2\repository\org\apache\httpcomponents\core5\httpcore5\5.1.3\httpcore5-5.1.3.jar;C:\Users\WINDOWS 10\.m2\repository\org\apache\httpcomponents\core5\httpcore5-h2\5.1.3\httpcore5-h2-5.1.3.jar;C:\Users\WINDOWS 10\.m2\repository\com\jhlabs\filters\2.0.235\filters-2.0.235.jar;C:\Users\WINDOWS 10\.m2\repository\com\paulhammant\ngwebdriver\1.1.6\ngwebdriver-1.1.6.jar;C:\Users\WINDOWS 10\.m2\repository\joda-time\joda-time\2.12.2\joda-time-2.12.2.jar;C:\Users\WINDOWS 10\.m2\repository\org\hamcrest\hamcrest\2.2\hamcrest-2.2.jar;C:\Users\WINDOWS 10\.m2\repository\com\google\jimfs\jimfs\1.2\jimfs-1.2.jar;C:\Users\WINDOWS 10\.m2\repository\org\mockito\mockito-core\3.3.3\mockito-core-3.3.3.jar;C:\Users\WINDOWS 10\.m2\repository\javax\xml\bind\jaxb-api\2.3.1\jaxb-api-2.3.1.jar;C:\Users\WINDOWS 10\.m2\repository\javax\activation\javax.activation-api\1.2.0\javax.activation-api-1.2.0.jar;C:\Users\WINDOWS 10\.m2\repository\com\sun\xml\bind\jaxb-core\2.3.0.1\jaxb-core-2.3.0.1.jar;C:\Users\WINDOWS 10\.m2\repository\com\sun\xml\bind\jaxb-impl\2.3.3\jaxb-impl-2.3.3.jar;C:\Users\WINDOWS 10\.m2\repository\jakarta\xml\bind\jakarta.xml.bind-api\2.3.3\jakarta.xml.bind-api-2.3.3.jar;C:\Users\WINDOWS 10\.m2\repository\com\sun\activation\jakarta.activation\1.2.2\jakarta.activation-1.2.2.jar;C:\Users\WINDOWS 10\.m2\repository\javax\activation\activation\1.1.1\activation-1.1.1.jar;C:\Users\WINDOWS 10\.m2\repository\net\serenity-bdd\serenity-cucumber\3.6.21\serenity-cucumber-3.6.21.jar;C:\Users\WINDOWS 10\.m2\repository\io\cucumber\cucumber-core\7.11.0\cucumber-core-7.11.0.jar;C:\Users\WINDOWS 10\.m2\repository\io\cucumber\cucumber-gherkin\7.11.0\cucumber-gherkin-7.11.0.jar;C:\Users\WINDOWS 10\.m2\repository\io\cucumber\cucumber-gherkin-messages\7.11.0\cucumber-gherkin-messages-7.11.0.jar;C:\Users\WINDOWS 10\.m2\repository\io\cucumber\gherkin\26.0.3\gherkin-26.0.3.jar;C:\Users\WINDOWS 10\.m2\repository\io\cucumber\messages\21.0.1\messages-21.0.1.jar;C:\Users\WINDOWS 10\.m2\repository\io\cucumber\tag-expressions\5.0.1\tag-expressions-5.0.1.jar;C:\Users\WINDOWS 10\.m2\repository\io\cucumber\cucumber-expressions\16.1.1\cucumber-expressions-16.1.1.jar;C:\Users\WINDOWS 10\.m2\repository\io\cucumber\datatable\7.11.0\datatable-7.11.0.jar;C:\Users\WINDOWS 10\.m2\repository\io\cucumber\cucumber-plugin\7.11.0\cucumber-plugin-7.11.0.jar;C:\Users\WINDOWS 10\.m2\repository\io\cucumber\docstring\7.11.0\docstring-7.11.0.jar;C:\Users\WINDOWS 10\.m2\repository\io\cucumber\html-formatter\20.2.1\html-formatter-20.2.1.jar;C:\Users\WINDOWS 10\.m2\repository\io\cucumber\junit-xml-formatter\0.1.0\junit-xml-formatter-0.1.0.jar;C:\Users\WINDOWS 10\.m2\repository\io\cucumber\ci-environment\9.1.0\ci-environment-9.1.0.jar;C:\Users\WINDOWS 10\.m2\repository\io\cucumber\cucumber-java\7.11.0\cucumber-java-7.11.0.jar;C:\Users\WINDOWS 10\.m2\repository\io\cucumber\cucumber-junit\7.11.0\cucumber-junit-7.11.0.jar;C:\Users\WINDOWS 10\.m2\repository\org\apache\commons\commons-csv\1.5\commons-csv-1.5.jar;C:\Users\WINDOWS 10\.m2\repository\net\serenity-bdd\serenity-screenplay\3.6.21\serenity-screenplay-3.6.21.jar;C:\Users\WINDOWS 10\.m2\repository\net\serenity-bdd\serenity-screenplay-webdriver\3.6.21\serenity-screenplay-webdriver-3.6.21.jar;C:\Users\WINDOWS 10\.m2\repository\net\serenity-bdd\serenity-ensure\3.6.21\serenity-ensure-3.6.21.jar;C:\Users\WINDOWS 10\.m2\repository\net\serenity-bdd\serenity-junit\3.6.21\serenity-junit-3.6.21.jar;C:\Users\WINDOWS 10\.m2\repository\org\jetbrains\kotlin\kotlin-stdlib\1.8.10\kotlin-stdlib-1.8.10.jar;C:\Users\WINDOWS 10\.m2\repository\org\jetbrains\kotlin\kotlin-stdlib-common\1.8.10\kotlin-stdlib-common-1.8.10.jar;C:\Users\WINDOWS 10\.m2\repository\org\jetbrains\annotations\13.0\annotations-13.0.jar;C:\Users\WINDOWS 10\.m2\repository\org\junit\platform\junit-platform-launcher\1.8.2\junit-platform-launcher-1.8.2.jar;C:\Users\WINDOWS 10\.m2\repository\org\junit\platform\junit-platform-engine\1.8.2\junit-platform-engine-1.8.2.jar;C:\Users\WINDOWS 10\.m2\repository\org\opentest4j\opentest4j\1.2.0\opentest4j-1.2.0.jar;C:\Users\WINDOWS 10\.m2\repository\org\junit\platform\junit-platform-commons\1.8.2\junit-platform-commons-1.8.2.jar;C:\Users\WINDOWS 10\.m2\repository\org\apiguardian\apiguardian-api\1.1.2\apiguardian-api-1.1.2.jar;C:\Users\WINDOWS 10\.m2\repository\org\junit\jupiter\junit-jupiter-engine\5.8.2\junit-jupiter-engine-5.8.2.jar;C:\Users\WINDOWS 10\.m2\repository\org\junit\jupiter\junit-jupiter-api\5.8.2\junit-jupiter-api-5.8.2.jar;C:\Users\WINDOWS 10\.m2\repository\org\junit\vintage\junit-vintage-engine\5.8.2\junit-vintage-engine-5.8.2.jar;C:\Users\WINDOWS 10\.m2\repository\junit\junit\4.13.2\junit-4.13.2.jar;C:\Users\WINDOWS 10\.m2\repository\org\hamcrest\hamcrest-core\1.3\hamcrest-core-1.3.jar;C:\Users\WINDOWS 10\.m2\repository\ch\qos\logback\logback-classic\1.2.10\logback-classic-1.2.10.jar;C:\Users\WINDOWS 10\.m2\repository\ch\qos\logback\logback-core\1.2.10\logback-core-1.2.10.jar;C:\Users\WINDOWS 10\.m2\repository\org\slf4j\slf4j-api\1.7.32\slf4j-api-1.7.32.jar;C:\Users\WINDOWS 10\.m2\repository\org\assertj\assertj-core\3.23.1\assertj-core-3.23.1.jar;C:\Users\WINDOWS 10\.m2\repository\net\bytebuddy\byte-buddy\1.12.10\byte-buddy-1.12.10.jar;C:\Users\WINDOWS 10\.m2\repository\org\apache\maven\surefire\surefire-junit-platform\3.0.0-M5\surefire-junit-platform-3.0.0-M5.jar;C:\Users\WINDOWS 10\.m2\repository\org\apache\maven\surefire\common-java5\3.0.0-M5\common-java5-3.0.0-M5.jar"/>
    <property name="user.script" value=""/>
    <property name="java.protocol.handler.pkgs" value="com.google.common"/>
    <property name="sun.management.compiler" value="HotSpot 64-Bit Tiered Compilers"/>
    <property name="java.runtime.version" value="15+36-1562"/>
    <property name="user.name" value="WINDOWS 10"/>
    <property name="path.separator" value=";"/>
    <property name="os.version" value="10.0"/>
    <property name="java.runtime.name" value="Java(TM) SE Runtime Environment"/>
    <property name="file.encoding" value="Cp1252"/>
    <property name="webdriver.base.url" value=""/>
    <property name="java.vm.name" value="Java HotSpot(TM) 64-Bit Server VM"/>
    <property name="localRepository" value="C:\Users\WINDOWS 10\.m2\repository"/>
    <property name="java.vendor.url.bug" value="https://bugreport.java.com/bugreport/"/>
    <property name="java.io.tmpdir" value="C:\Users\WINDOW~1\AppData\Local\Temp\"/>
    <property name="java.version" value="15"/>
    <property name="user.dir" value="C:\Users\WINDOWS 10\Documents\GitHub\QE_Andira_Ms\11_Web_Programming_&amp;_Testing\Praktikum\Testing_with_Serenity\Prioritas2\alta"/>
    <property name="os.arch" value="amd64"/>
    <property name="java.vm.specification.name" value="Java Virtual Machine Specification"/>
    <property name="sun.os.patch.level" value=""/>
    <property name="java.library.path" value="C:\Program Files\Java\jdk-15\bin;C:\WINDOWS\Sun\Java\bin;C:\WINDOWS\system32;C:\WINDOWS;C:\Program Files\Common Files\Oracle\Java\javapath;C:\Program Files (x86)\Common Files\Oracle\Java\javapath;C:\WINDOWS\system32;C:\WINDOWS;C:\WINDOWS\System32\Wbem;C:\WINDOWS\System32\WindowsPowerShell\v1.0\;C:\WINDOWS\System32\OpenSSH\;F:\PerCoolyeahan\Instalasi\XAMPP\php;C:\Program Files\Git\cmd;C:\ProgramData\ComposerSetup\bin;C:\Program Files\nodejs\;C:\PROGRA~1\IBM\SQLLIB~1\BIN;C:\PROGRA~1\IBM\SQLLIB~1\FUNCTION;C:\PROGRA~1\IBM\SQLLIB~1\SAMPLES\REPL;C:\Program Files\Cloudflare\Cloudflare WARP\;C:\Program Files\apache-maven-3.9.1\bin;C:\Program Files\MySQL\MySQL Shell 8.0\bin\;C:\Users\WINDOWS 10\AppData\Local\Microsoft\WindowsApps;C:\Users\WINDOWS 10\AppData\Local\Programs\Microsoft VS Code\bin;C:\Users\WINDOWS 10\AppData\Roaming\Composer\vendor\bin;C:\Users\WINDOWS 10\AppData\Roaming\npm;C:\Users\WINDOWS 10\AppData\Local\GitHubDesktop\bin;C:\Users\WINDOWS 10\AppData\Local\spicetify;."/>
    <property name="java.vm.info" value="mixed mode"/>
    <property name="java.vendor" value="Oracle Corporation"/>
    <property name="java.vm.version" value="15+36-1562"/>
    <property name="sun.io.unicode.encoding" value="UnicodeLittle"/>
    <property name="java.class.version" value="59.0"/>
  </properties>
  <testcase name="Login with correct credentials" classname="Login to Sepulsa Account" time="27.61">
    <system-out><![CDATA[22:29:21.355 [main] DEBUG net.thucydides.core.guice.Injectors - Created injector for module net.thucydides.core.guice.ThucydidesModule
22:29:21.828 [main] DEBUG io.cucumber.core.plugin.SerenityReporter - Running feature from file:///C:/Users/WINDOWS%2010/Documents/GitHub/QE_Andira_Ms/11_Web_Programming_&_Testing/Praktikum/Testing_with_Serenity/Prioritas2/alta/src/test/resources/features/Login.feature
22:29:22.112 [main] DEBUG net.thucydides.core.guice.Injectors - Created injector for module net.thucydides.core.guice.webdriver.WebDriverModule
22:29:22.157 [main] INFO  - 

-------------------------------------------------------------------------------------
     _______. _______ .______       _______ .__   __.  __  .___________.____    ____ 
    /       ||   ____||   _  \     |   ____||  \ |  | |  | |           |\   \  /   / 
   |   (----`|  |__   |  |_)  |    |  |__   |   \|  | |  | `---|  |----` \   \/   /  
    \   \    |   __|  |      /     |   __|  |  . `  | |  |     |  |       \_    _/   
.----)   |   |  |____ |  |\  \----.|  |____ |  |\   | |  |     |  |         |  |     
|_______/    |_______|| _| `._____||_______||__| \__| |__|     |__|         |__|    
                                                                                     
 News and tutorials at http://www.serenity-bdd.info                                  
 Documentation at https://wakaleo.gitbooks.io/the-serenity-book/content/             
 Join the Serenity Community on Gitter: https://gitter.im/serenity-bdd/serenity-core 
 Serenity BDD Support and Training at http://serenity-bdd.info/#/trainingandsupport  
-------------------------------------------------------------------------------------

22:29:22.162 [main] DEBUG net.thucydides.core.steps.StepEventBus - Test suite started for story net.thucydides.core.model.Story@d124f7c
22:29:22.166 [main] INFO  - Test Suite Started: Login to Sepulsa Account
22:29:22.193 [main] DEBUG io.cucumber.core.plugin.SerenityReporter - Running feature from file:///C:/Users/WINDOWS%2010/Documents/GitHub/QE_Andira_Ms/11_Web_Programming_&_Testing/Praktikum/Testing_with_Serenity/Prioritas2/alta/src/test/resources/features/PaymentMethod.feature
22:29:22.203 [main] DEBUG net.thucydides.core.steps.StepEventBus - Test suite started for story net.thucydides.core.model.Story@1f3cee16
22:29:22.204 [main] INFO  - Test Suite Started: Select Payment Method
22:29:22.204 [main] DEBUG io.cucumber.core.plugin.SerenityReporter - Running feature from file:///C:/Users/WINDOWS%2010/Documents/GitHub/QE_Andira_Ms/11_Web_Programming_&_Testing/Praktikum/Testing_with_Serenity/Prioritas2/alta/src/test/resources/features/SelectProduct.feature
22:29:22.215 [main] DEBUG net.thucydides.core.steps.StepEventBus - Test suite started for story net.thucydides.core.model.Story@d891cf10
22:29:22.216 [main] INFO  - Test Suite Started: Select Product ListrikPLN
22:29:22.217 [main] DEBUG io.cucumber.core.plugin.SerenityReporter - Running feature from file:///C:/Users/WINDOWS%2010/Documents/GitHub/QE_Andira_Ms/11_Web_Programming_&_Testing/Praktikum/Testing_with_Serenity/Prioritas2/alta/src/test/resources/features/Login.feature
22:29:22.225 [main] DEBUG net.thucydides.core.steps.StepEventBus - Test suite started for story net.thucydides.core.model.Story@d124f7c
22:29:22.226 [main] INFO  - Test Suite Started: Login to Sepulsa Account

Scenario: Login with correct credentials                      &amp#27;[90m# src/test/resources/features/Login.feature:3&amp#27;[0m
22:29:22.385 [main] DEBUG io.cucumber.core.plugin.SerenityReporter - Running feature from file:///C:/Users/WINDOWS%2010/Documents/GitHub/QE_Andira_Ms/11_Web_Programming_&_Testing/Praktikum/Testing_with_Serenity/Prioritas2/alta/src/test/resources/features/Login.feature
22:29:22.588 [main] INFO  - 
  _____   ___   ___   _____     ___   _____     _     ___   _____   ___   ___  
 |_   _| | __| / __| |_   _|   / __| |_   _|   /_\   | _ \ |_   _| | __| |   \ 
   | |   | _|  \__ \   | |     \__ \   | |    / _ \  |   /   | |   | _|  | |) |
   |_|   |___| |___/   |_|     |___/   |_|   /_/ \_\ |_|_\   |_|   |___| |___/ 

Login with correct credentials(login-to-sepulsa-account;login-with-correct-credentials)
--------------------------------------------------------------------------------
22:29:22.719 [main] DEBUG net.thucydides.core.requirements.model.cucumber.CucumberParser - Loading feature C:\Users\WINDOWS 10\Documents\GitHub\QE_Andira_Ms\11_Web_Programming_&_Testing\Praktikum\Testing_with_Serenity\Prioritas2\alta\src\test\resources\features\Login.feature
22:29:22.762 [main] DEBUG net.thucydides.core.requirements.model.cucumber.CucumberParser - Loading feature C:\Users\WINDOWS 10\Documents\GitHub\QE_Andira_Ms\11_Web_Programming_&_Testing\Praktikum\Testing_with_Serenity\Prioritas2\alta\src\test\resources\features\PaymentMethod.feature
22:29:22.771 [main] DEBUG net.thucydides.core.requirements.model.cucumber.CucumberParser - Loading feature C:\Users\WINDOWS 10\Documents\GitHub\QE_Andira_Ms\11_Web_Programming_&_Testing\Praktikum\Testing_with_Serenity\Prioritas2\alta\src\test\resources\features\SelectProduct.feature
22:29:24.048 [main] DEBUG net.thucydides.core.steps.StepInterceptor - STARTING STEP: LoginSteps.onTheLoginPage - openPage
22:29:24.248 [main] INFO net.serenitybdd.core.webdriver.driverproviders.ChromeDriverProvider - Starting Chrome driver instance with capabilities:
22:29:24.252 [main] INFO net.serenitybdd.core.webdriver.driverproviders.ChromeDriverProvider - Capabilities {acceptInsecureCerts: false, browserName: chrome, goog:chromeOptions: {args: [remote-allow-origins=*], extensions: []}}
22:29:24.402 [main] DEBUG io.netty.util.internal.logging.InternalLoggerFactory - Using SLF4J as the default logging framework
22:29:24.406 [main] DEBUG io.netty.util.ResourceLeakDetector - -Dio.netty.leakDetection.level: simple
22:29:24.407 [main] DEBUG io.netty.util.ResourceLeakDetector - -Dio.netty.leakDetection.targetRecords: 4
22:29:24.412 [main] DEBUG io.netty.util.ResourceLeakDetectorFactory - Loaded default ResourceLeakDetector: io.netty.util.ResourceLeakDetector@4eeab3e
22:29:24.442 [main] DEBUG io.netty.util.internal.PlatformDependent0 - -Dio.netty.noUnsafe: false
22:29:24.443 [main] DEBUG io.netty.util.internal.PlatformDependent0 - Java version: 15
22:29:24.444 [main] DEBUG io.netty.util.internal.PlatformDependent0 - sun.misc.Unsafe.theUnsafe: available
22:29:24.446 [main] DEBUG io.netty.util.internal.PlatformDependent0 - sun.misc.Unsafe.copyMemory: available
22:29:24.446 [main] DEBUG io.netty.util.internal.PlatformDependent0 - sun.misc.Unsafe.storeFence: available
22:29:24.447 [main] DEBUG io.netty.util.internal.PlatformDependent0 - java.nio.Buffer.address: available
22:29:24.448 [main] DEBUG io.netty.util.internal.PlatformDependent0 - direct buffer constructor: unavailable: Reflective setAccessible(true) disabled
22:29:24.450 [main] DEBUG io.netty.util.internal.PlatformDependent0 - java.nio.Bits.unaligned: available, true
22:29:24.452 [main] DEBUG io.netty.util.internal.PlatformDependent0 - jdk.internal.misc.Unsafe.allocateUninitializedArray(int): unavailable: class io.netty.util.internal.PlatformDependent0$7 cannot access class jdk.internal.misc.Unsafe (in module java.base) because module java.base does not export jdk.internal.misc to unnamed module @5ed190be
22:29:24.454 [main] DEBUG io.netty.util.internal.PlatformDependent0 - java.nio.DirectByteBuffer.<init>(long, int): unavailable
22:29:24.454 [main] DEBUG io.netty.util.internal.PlatformDependent - sun.misc.Unsafe: available
22:29:24.456 [main] DEBUG io.netty.util.internal.PlatformDependent - maxDirectMemory: 4133486592 bytes (maybe)
22:29:24.457 [main] DEBUG io.netty.util.internal.PlatformDependent - -Dio.netty.tmpdir: C:\Users\WINDOW~1\AppData\Local\Temp (java.io.tmpdir)
22:29:24.457 [main] DEBUG io.netty.util.internal.PlatformDependent - -Dio.netty.bitMode: 64 (sun.arch.data.model)
22:29:24.457 [main] DEBUG io.netty.util.internal.PlatformDependent - Platform: Windows
22:29:24.458 [main] DEBUG io.netty.util.internal.PlatformDependent - -Dio.netty.maxDirectMemory: -1 bytes
22:29:24.458 [main] DEBUG io.netty.util.internal.PlatformDependent - -Dio.netty.uninitializedArrayAllocationThreshold: -1
22:29:24.459 [main] DEBUG io.netty.util.internal.CleanerJava9 - java.nio.ByteBuffer.cleaner(): available
22:29:24.459 [main] DEBUG io.netty.util.internal.PlatformDependent - -Dio.netty.noPreferDirect: false
22:29:24.472 [main] DEBUG io.netty.util.internal.PlatformDependent - org.jctools-core.MpscChunkedArrayQueue: available
22:29:24.500 [main] DEBUG io.netty.util.internal.InternalThreadLocalMap - -Dio.netty.threadLocalMap.stringBuilder.initialSize: 1024
22:29:24.501 [main] DEBUG io.netty.util.internal.InternalThreadLocalMap - -Dio.netty.threadLocalMap.stringBuilder.maxSize: 4096
22:29:24.814 [main] DEBUG io.netty.handler.ssl.JdkSslContext - Default protocols (JDK): [TLSv1.3, TLSv1.2, TLSv1.1, TLSv1] 
22:29:24.814 [main] DEBUG io.netty.handler.ssl.JdkSslContext - Default cipher suites (JDK): [TLS_ECDHE_ECDSA_WITH_AES_256_GCM_SHA384, TLS_ECDHE_ECDSA_WITH_AES_128_GCM_SHA256, TLS_ECDHE_RSA_WITH_AES_128_GCM_SHA256, TLS_ECDHE_RSA_WITH_AES_256_GCM_SHA384, TLS_ECDHE_RSA_WITH_AES_128_CBC_SHA, TLS_ECDHE_RSA_WITH_AES_256_CBC_SHA, TLS_RSA_WITH_AES_128_GCM_SHA256, TLS_RSA_WITH_AES_128_CBC_SHA, TLS_RSA_WITH_AES_256_CBC_SHA, TLS_AES_128_GCM_SHA256, TLS_AES_256_GCM_SHA384]
22:29:24.865 [main] DEBUG io.netty.channel.MultithreadEventLoopGroup - -Dio.netty.eventLoopThreads: 32
22:29:24.882 [main] DEBUG io.netty.channel.nio.NioEventLoop - -Dio.netty.noKeySetOptimization: false
22:29:24.882 [main] DEBUG io.netty.channel.nio.NioEventLoop - -Dio.netty.selectorAutoRebuildThreshold: 512
22:29:24.985 [main] DEBUG io.netty.buffer.PooledByteBufAllocator - -Dio.netty.allocator.numHeapArenas: 32
22:29:24.985 [main] DEBUG io.netty.buffer.PooledByteBufAllocator - -Dio.netty.allocator.numDirectArenas: 32
22:29:24.985 [main] DEBUG io.netty.buffer.PooledByteBufAllocator - -Dio.netty.allocator.pageSize: 8192
22:29:24.985 [main] DEBUG io.netty.buffer.PooledByteBufAllocator - -Dio.netty.allocator.maxOrder: 9
22:29:24.985 [main] DEBUG io.netty.buffer.PooledByteBufAllocator - -Dio.netty.allocator.chunkSize: 4194304
22:29:24.985 [main] DEBUG io.netty.buffer.PooledByteBufAllocator - -Dio.netty.allocator.smallCacheSize: 256
22:29:24.986 [main] DEBUG io.netty.buffer.PooledByteBufAllocator - -Dio.netty.allocator.normalCacheSize: 64
22:29:24.986 [main] DEBUG io.netty.buffer.PooledByteBufAllocator - -Dio.netty.allocator.maxCachedBufferCapacity: 32768
22:29:24.986 [main] DEBUG io.netty.buffer.PooledByteBufAllocator - -Dio.netty.allocator.cacheTrimInterval: 8192
22:29:24.986 [main] DEBUG io.netty.buffer.PooledByteBufAllocator - -Dio.netty.allocator.cacheTrimIntervalMillis: 0
22:29:24.986 [main] DEBUG io.netty.buffer.PooledByteBufAllocator - -Dio.netty.allocator.useCacheForAllThreads: false
22:29:24.986 [main] DEBUG io.netty.buffer.PooledByteBufAllocator - -Dio.netty.allocator.maxCachedByteBuffersPerChunk: 1023
22:29:25.010 [main] DEBUG io.netty.buffer.ByteBufUtil - -Dio.netty.allocator.type: pooled
22:29:25.010 [main] DEBUG io.netty.buffer.ByteBufUtil - -Dio.netty.threadLocalDirectBufferSize: 0
22:29:25.010 [main] DEBUG io.netty.buffer.ByteBufUtil - -Dio.netty.maxThreadLocalCharBufferSize: 16384
22:29:25.977 [Forwarding newSession on session null to remote] DEBUG io.netty.channel.DefaultChannelId - -Dio.netty.processId: 19328 (auto-detected)
22:29:25.980 [Forwarding newSession on session null to remote] DEBUG io.netty.util.NetUtil - -Djava.net.preferIPv4Stack: false
22:29:25.980 [Forwarding newSession on session null to remote] DEBUG io.netty.util.NetUtil - -Djava.net.preferIPv6Addresses: false
22:29:26.024 [Forwarding newSession on session null to remote] DEBUG io.netty.util.NetUtilInitializations - Loopback interface: lo (Software Loopback Interface 1, 127.0.0.1)
22:29:26.026 [Forwarding newSession on session null to remote] DEBUG io.netty.util.NetUtil - Failed to get SOMAXCONN from sysctl and file \proc\sys\net\core\somaxconn. Default: 200
22:29:26.210 [Forwarding newSession on session null to remote] DEBUG io.netty.channel.DefaultChannelId - -Dio.netty.machineId: 34:cf:f6:ff:fe:2b:0c:19 (auto-detected)
22:29:26.338 [AsyncHttpClient-1-2] DEBUG io.netty.buffer.AbstractByteBuf - -Dio.netty.buffer.checkAccessible: true
22:29:26.338 [AsyncHttpClient-1-2] DEBUG io.netty.buffer.AbstractByteBuf - -Dio.netty.buffer.checkBounds: true
22:29:26.338 [AsyncHttpClient-1-2] DEBUG io.netty.util.ResourceLeakDetectorFactory - Loaded default ResourceLeakDetector: io.netty.util.ResourceLeakDetector@79733456
22:29:26.373 [AsyncHttpClient-1-2] DEBUG org.asynchttpclient.netty.channel.NettyConnectListener - Using new Channel '[id: 0xa8345d67, L:/127.0.0.1:54443 - R:localhost/127.0.0.1:15174]' for 'POST' to '/session'
22:29:26.404 [AsyncHttpClient-1-2] DEBUG io.netty.util.Recycler - -Dio.netty.recycler.maxCapacityPerThread: 4096
22:29:26.405 [AsyncHttpClient-1-2] DEBUG io.netty.util.Recycler - -Dio.netty.recycler.ratio: 8
22:29:26.405 [AsyncHttpClient-1-2] DEBUG io.netty.util.Recycler - -Dio.netty.recycler.chunkSize: 32
22:29:26.405 [AsyncHttpClient-1-2] DEBUG io.netty.util.Recycler - -Dio.netty.recycler.blocking: false
22:29:27.575 [AsyncHttpClient-1-2] DEBUG io.netty.handler.codec.compression.Brotli - brotli4j not in the classpath; Brotli support will be unavailable.
22:29:27.575 [AsyncHttpClient-1-2] DEBUG org.asynchttpclient.netty.handler.HttpHandler - 

Request DefaultHttpRequest(decodeResult: success, version: HTTP/1.1)
POST /session HTTP/1.1
User-Agent: selenium/4.8.1 (java windows)
Content-Length: 507
Content-Type: application/json; charset=utf-8
host: localhost:15174
accept: */*

Response DefaultHttpResponse(decodeResult: success, version: HTTP/1.1)
HTTP/1.1 200 OK
Content-Length: 862
Content-Type: application/json; charset=utf-8
cache-control: no-cache

22:29:27.587 [AsyncHttpClient-1-2] DEBUG org.asynchttpclient.netty.channel.ChannelManager - Adding key: http://localhost:15174 for channel [id: 0xa8345d67, L:/127.0.0.1:54443 - R:localhost/127.0.0.1:15174]
22:29:27.688 [AsyncHttpClient-1-3] DEBUG org.asynchttpclient.netty.channel.NettyConnectListener - Using new Channel '[id: 0x6a6e28e8, L:/127.0.0.1:54450 - R:localhost/127.0.0.1:54445]' for 'GET' to '/json/version'
22:29:27.694 [AsyncHttpClient-1-3] DEBUG org.asynchttpclient.netty.handler.HttpHandler - 

Request DefaultFullHttpRequest(decodeResult: success, version: HTTP/1.1, content: EmptyByteBufBE)
GET /json/version HTTP/1.1
User-Agent: selenium/4.8.1 (java windows)
host: localhost:54445
accept: */*

Response DefaultHttpResponse(decodeResult: success, version: HTTP/1.1)
HTTP/1.1 200 OK
Content-Security-Policy: frame-ancestors 'none'
Content-Length: 422
Content-Type: application/json; charset=UTF-8

22:29:27.694 [AsyncHttpClient-1-3] DEBUG org.asynchttpclient.netty.channel.ChannelManager - Adding key: http://localhost:54445 for channel [id: 0x6a6e28e8, L:/127.0.0.1:54450 - R:localhost/127.0.0.1:54445]
22:29:27.710 [main] DEBUG io.netty.util.internal.ThreadLocalRandom - -Dio.netty.initialSeedUniquifier: 0x9fadf21ecb1a77e5
22:29:27.714 [AsyncHttpClient-1-4] DEBUG org.asynchttpclient.netty.channel.NettyConnectListener - Using new Channel '[id: 0xda439e72, L:/127.0.0.1:54451 - R:localhost/127.0.0.1:54445]' for 'GET' to '/devtools/browser/5d190479-cff1-4b12-9abf-ffd9d85e766b'
22:29:27.720 [AsyncHttpClient-1-4] DEBUG org.asynchttpclient.netty.handler.WebSocketHandler - 

Request DefaultFullHttpRequest(decodeResult: success, version: HTTP/1.1, content: EmptyByteBufBE)
GET /devtools/browser/5d190479-cff1-4b12-9abf-ffd9d85e766b HTTP/1.1
upgrade: websocket
connection: upgrade
sec-websocket-key: m1rOCkkswPFGBGhva0Ue4Q==
sec-websocket-version: 13
origin: http://localhost:54445
host: localhost:54445
accept: */*
user-agent: AHC/2.1

Response DefaultHttpResponse(decodeResult: success, version: HTTP/1.1)
HTTP/1.1 101 WebSocket Protocol Handshake
Upgrade: WebSocket
Connection: Upgrade
Sec-WebSocket-Accept: +sMf5ABKP/tx4Gbo6Tn1oIVgb2s=

22:29:27.911 [Forwarding get on session a60178bbb195dbb57b0f20e6a291077c to remote] DEBUG org.asynchttpclient.netty.request.NettyRequestSender - Using pooled Channel '[id: 0xa8345d67, L:/127.0.0.1:54443 - R:localhost/127.0.0.1:15174]' for 'POST' to 'http://localhost:15174/session/a60178bbb195dbb57b0f20e6a291077c/url'
22:29:27.911 [Forwarding get on session a60178bbb195dbb57b0f20e6a291077c to remote] DEBUG org.asynchttpclient.netty.request.NettyRequestSender - Using open Channel [id: 0xa8345d67, L:/127.0.0.1:54443 - R:localhost/127.0.0.1:15174] for POST '/session/a60178bbb195dbb57b0f20e6a291077c/url'
22:29:28.082 [AsyncHttpClient-1-1] DEBUG org.asynchttpclient.netty.channel.DefaultChannelPool - Entry count for : http://localhost:54445 : 1
22:29:29.180 [AsyncHttpClient-1-1] DEBUG org.asynchttpclient.netty.channel.DefaultChannelPool - Entry count for : http://localhost:54445 : 1
22:29:30.288 [AsyncHttpClient-1-1] DEBUG org.asynchttpclient.netty.channel.DefaultChannelPool - Entry count for : http://localhost:54445 : 1
22:29:31.385 [AsyncHttpClient-1-1] DEBUG org.asynchttpclient.netty.channel.DefaultChannelPool - Entry count for : http://localhost:54445 : 1
22:29:32.483 [AsyncHttpClient-1-1] DEBUG org.asynchttpclient.netty.channel.DefaultChannelPool - Entry count for : http://localhost:54445 : 1
22:29:33.579 [AsyncHttpClient-1-1] DEBUG org.asynchttpclient.netty.channel.DefaultChannelPool - Entry count for : http://localhost:54445 : 1
22:29:34.688 [AsyncHttpClient-1-1] DEBUG org.asynchttpclient.netty.channel.DefaultChannelPool - Entry count for : http://localhost:54445 : 1
22:29:35.788 [AsyncHttpClient-1-1] DEBUG org.asynchttpclient.netty.channel.DefaultChannelPool - Entry count for : http://localhost:54445 : 1
22:29:36.885 [AsyncHttpClient-1-1] DEBUG org.asynchttpclient.netty.channel.DefaultChannelPool - Entry count for : http://localhost:54445 : 1
22:29:37.980 [AsyncHttpClient-1-1] DEBUG org.asynchttpclient.netty.channel.DefaultChannelPool - Entry count for : http://localhost:54445 : 1
22:29:39.079 [AsyncHttpClient-1-1] DEBUG org.asynchttpclient.netty.channel.DefaultChannelPool - Entry count for : http://localhost:54445 : 1
22:29:40.183 [AsyncHttpClient-1-1] DEBUG org.asynchttpclient.netty.channel.DefaultChannelPool - Entry count for : http://localhost:54445 : 1
22:29:41.281 [AsyncHttpClient-1-1] DEBUG org.asynchttpclient.netty.channel.DefaultChannelPool - Entry count for : http://localhost:54445 : 1
22:29:41.754 [AsyncHttpClient-1-2] DEBUG org.asynchttpclient.netty.handler.HttpHandler - 

Request DefaultHttpRequest(decodeResult: success, version: HTTP/1.1)
POST /session/a60178bbb195dbb57b0f20e6a291077c/url HTTP/1.1
User-Agent: selenium/4.8.1 (java windows)
Content-Length: 54
Content-Type: application/json; charset=utf-8
host: localhost:15174
accept: */*

Response DefaultHttpResponse(decodeResult: success, version: HTTP/1.1)
HTTP/1.1 200 OK
Content-Length: 14
Content-Type: application/json; charset=utf-8
cache-control: no-cache

22:29:41.755 [AsyncHttpClient-1-2] DEBUG org.asynchttpclient.netty.channel.ChannelManager - Adding key: http://localhost:15174 for channel [id: 0xa8345d67, L:/127.0.0.1:54443 - R:localhost/127.0.0.1:15174]
22:29:41.762 [Forwarding setTimeout on session a60178bbb195dbb57b0f20e6a291077c to remote] DEBUG org.asynchttpclient.netty.request.NettyRequestSender - Using pooled Channel '[id: 0xa8345d67, L:/127.0.0.1:54443 - R:localhost/127.0.0.1:15174]' for 'POST' to 'http://localhost:15174/session/a60178bbb195dbb57b0f20e6a291077c/timeouts'
22:29:41.763 [Forwarding setTimeout on session a60178bbb195dbb57b0f20e6a291077c to remote] DEBUG org.asynchttpclient.netty.request.NettyRequestSender - Using open Channel [id: 0xa8345d67, L:/127.0.0.1:54443 - R:localhost/127.0.0.1:15174] for POST '/session/a60178bbb195dbb57b0f20e6a291077c/timeouts'
22:29:41.767 [AsyncHttpClient-1-2] DEBUG org.asynchttpclient.netty.handler.HttpHandler - 

Request DefaultHttpRequest(decodeResult: success, version: HTTP/1.1)
POST /session/a60178bbb195dbb57b0f20e6a291077c/timeouts HTTP/1.1
User-Agent: selenium/4.8.1 (java windows)
Content-Length: 22
Content-Type: application/json; charset=utf-8
host: localhost:15174
accept: */*

Response DefaultHttpResponse(decodeResult: success, version: HTTP/1.1)
HTTP/1.1 200 OK
Content-Length: 14
Content-Type: application/json; charset=utf-8
cache-control: no-cache

22:29:41.768 [AsyncHttpClient-1-2] DEBUG org.asynchttpclient.netty.channel.ChannelManager - Adding key: http://localhost:15174 for channel [id: 0xa8345d67, L:/127.0.0.1:54443 - R:localhost/127.0.0.1:15174]
22:29:41.827 [main] DEBUG net.serenitybdd.core.photography.Darkroom - Opening darkroom
22:29:41.829 [Darkroom Processing Line] DEBUG net.serenitybdd.core.photography.DarkroomProcessingLine - Darkroom processing line starting up
22:29:41.850 [Forwarding getAlertText on session a60178bbb195dbb57b0f20e6a291077c to remote] DEBUG org.asynchttpclient.netty.request.NettyRequestSender - Using pooled Channel '[id: 0xa8345d67, L:/127.0.0.1:54443 - R:localhost/127.0.0.1:15174]' for 'GET' to 'http://localhost:15174/session/a60178bbb195dbb57b0f20e6a291077c/alert/text'
22:29:41.851 [Forwarding getAlertText on session a60178bbb195dbb57b0f20e6a291077c to remote] DEBUG org.asynchttpclient.netty.request.NettyRequestSender - Using open Channel [id: 0xa8345d67, L:/127.0.0.1:54443 - R:localhost/127.0.0.1:15174] for GET '/session/a60178bbb195dbb57b0f20e6a291077c/alert/text'
22:29:41.854 [AsyncHttpClient-1-2] DEBUG org.asynchttpclient.netty.handler.HttpHandler - 

Request DefaultFullHttpRequest(decodeResult: success, version: HTTP/1.1, content: EmptyByteBufBE)
GET /session/a60178bbb195dbb57b0f20e6a291077c/alert/text HTTP/1.1
User-Agent: selenium/4.8.1 (java windows)
Cache-Control: no-cache
Content-Type: application/json; charset=utf-8
host: localhost:15174
accept: */*

Response DefaultHttpResponse(decodeResult: success, version: HTTP/1.1)
HTTP/1.1 404 Not Found
Content-Length: 835
Content-Type: application/json; charset=utf-8
cache-control: no-cache

22:29:41.855 [AsyncHttpClient-1-2] DEBUG org.asynchttpclient.netty.channel.ChannelManager - Adding key: http://localhost:15174 for channel [id: 0xa8345d67, L:/127.0.0.1:54443 - R:localhost/127.0.0.1:15174]
22:29:41.868 [Forwarding getCurrentUrl on session a60178bbb195dbb57b0f20e6a291077c to remote] DEBUG org.asynchttpclient.netty.request.NettyRequestSender - Using pooled Channel '[id: 0xa8345d67, L:/127.0.0.1:54443 - R:localhost/127.0.0.1:15174]' for 'GET' to 'http://localhost:15174/session/a60178bbb195dbb57b0f20e6a291077c/url'
22:29:41.869 [Forwarding getCurrentUrl on session a60178bbb195dbb57b0f20e6a291077c to remote] DEBUG org.asynchttpclient.netty.request.NettyRequestSender - Using open Channel [id: 0xa8345d67, L:/127.0.0.1:54443 - R:localhost/127.0.0.1:15174] for GET '/session/a60178bbb195dbb57b0f20e6a291077c/url'
22:29:41.876 [AsyncHttpClient-1-2] DEBUG org.asynchttpclient.netty.handler.HttpHandler - 

Request DefaultFullHttpRequest(decodeResult: success, version: HTTP/1.1, content: EmptyByteBufBE)
GET /session/a60178bbb195dbb57b0f20e6a291077c/url HTTP/1.1
User-Agent: selenium/4.8.1 (java windows)
Cache-Control: no-cache
Content-Type: application/json; charset=utf-8
host: localhost:15174
accept: */*

Response DefaultHttpResponse(decodeResult: success, version: HTTP/1.1)
HTTP/1.1 200 OK
Content-Length: 36
Content-Type: application/json; charset=utf-8
cache-control: no-cache

22:29:41.877 [AsyncHttpClient-1-2] DEBUG org.asynchttpclient.netty.channel.ChannelManager - Adding key: http://localhost:15174 for channel [id: 0xa8345d67, L:/127.0.0.1:54443 - R:localhost/127.0.0.1:15174]
22:29:41.882 [Forwarding screenshot on session a60178bbb195dbb57b0f20e6a291077c to remote] DEBUG org.asynchttpclient.netty.request.NettyRequestSender - Using pooled Channel '[id: 0xa8345d67, L:/127.0.0.1:54443 - R:localhost/127.0.0.1:15174]' for 'GET' to 'http://localhost:15174/session/a60178bbb195dbb57b0f20e6a291077c/screenshot'
22:29:41.882 [Forwarding screenshot on session a60178bbb195dbb57b0f20e6a291077c to remote] DEBUG org.asynchttpclient.netty.request.NettyRequestSender - Using open Channel [id: 0xa8345d67, L:/127.0.0.1:54443 - R:localhost/127.0.0.1:15174] for GET '/session/a60178bbb195dbb57b0f20e6a291077c/screenshot'
22:29:42.309 [AsyncHttpClient-1-2] DEBUG org.asynchttpclient.netty.handler.HttpHandler - 

Request DefaultFullHttpRequest(decodeResult: success, version: HTTP/1.1, content: EmptyByteBufBE)
GET /session/a60178bbb195dbb57b0f20e6a291077c/screenshot HTTP/1.1
User-Agent: selenium/4.8.1 (java windows)
Cache-Control: no-cache
Content-Type: application/json; charset=utf-8
host: localhost:15174
accept: */*

Response DefaultHttpResponse(decodeResult: success, version: HTTP/1.1)
HTTP/1.1 200 OK
Content-Length: 528924
Content-Type: application/json; charset=utf-8
cache-control: no-cache

22:29:42.321 [AsyncHttpClient-1-2] DEBUG org.asynchttpclient.netty.channel.ChannelManager - Adding key: http://localhost:15174 for channel [id: 0xa8345d67, L:/127.0.0.1:54443 - R:localhost/127.0.0.1:15174]
22:29:42.390 [AsyncHttpClient-1-1] DEBUG org.asynchttpclient.netty.channel.DefaultChannelPool - Entry count for : http://localhost:15174 : 1
22:29:42.390 [AsyncHttpClient-1-1] DEBUG org.asynchttpclient.netty.channel.DefaultChannelPool - Entry count for : http://localhost:54445 : 1
22:29:42.493 [main] DEBUG net.serenitybdd.core.photography.Darkroom - Send negative for processing for target\site\serenity\d2d1103d3706c076c463216844202a406edc57257111e8a7db21e52b675a3261.png
22:29:42.494 [Darkroom Processing Line] DEBUG net.serenitybdd.core.photography.DarkroomProcessingLine - Processing screenshot image in /var/screenshots/screenshot-10015774826349408923
22:29:42.494 [Darkroom Processing Line] DEBUG net.serenitybdd.core.photography.DarkroomProcessingLine - Saving screenshot to target\site\serenity\d2d1103d3706c076c463216844202a406edc57257111e8a7db21e52b675a3261.png
22:29:42.499 [main] DEBUG net.thucydides.core.steps.StepInterceptor - STEP DONE: openPage
22:29:42.521 [Forwarding getPageSource on session a60178bbb195dbb57b0f20e6a291077c to remote] DEBUG org.asynchttpclient.netty.request.NettyRequestSender - Using pooled Channel '[id: 0xa8345d67, L:/127.0.0.1:54443 - R:localhost/127.0.0.1:15174]' for 'POST' to 'http://localhost:15174/session/a60178bbb195dbb57b0f20e6a291077c/execute/sync'
22:29:42.521 [Forwarding getPageSource on session a60178bbb195dbb57b0f20e6a291077c to remote] DEBUG org.asynchttpclient.netty.request.NettyRequestSender - Using open Channel [id: 0xa8345d67, L:/127.0.0.1:54443 - R:localhost/127.0.0.1:15174] for POST '/session/a60178bbb195dbb57b0f20e6a291077c/execute/sync'
22:29:42.552 [AsyncHttpClient-1-2] DEBUG org.asynchttpclient.netty.handler.HttpHandler - 

Request DefaultHttpRequest(decodeResult: success, version: HTTP/1.1)
POST /session/a60178bbb195dbb57b0f20e6a291077c/execute/sync HTTP/1.1
User-Agent: selenium/4.8.1 (java windows)
Content-Length: 176
Content-Type: application/json; charset=utf-8
host: localhost:15174
accept: */*

Response DefaultHttpResponse(decodeResult: success, version: HTTP/1.1)
HTTP/1.1 200 OK
Content-Length: 181988
Content-Type: application/json; charset=utf-8
cache-control: no-cache

22:29:42.556 [AsyncHttpClient-1-2] DEBUG org.asynchttpclient.netty.channel.ChannelManager - Adding key: http://localhost:15174 for channel [id: 0xa8345d67, L:/127.0.0.1:54443 - R:localhost/127.0.0.1:15174]
22:29:42.901 [Forwarding getCurrentUrl on session a60178bbb195dbb57b0f20e6a291077c to remote] DEBUG org.asynchttpclient.netty.request.NettyRequestSender - Using pooled Channel '[id: 0xa8345d67, L:/127.0.0.1:54443 - R:localhost/127.0.0.1:15174]' for 'GET' to 'http://localhost:15174/session/a60178bbb195dbb57b0f20e6a291077c/url'
22:29:42.902 [Forwarding getCurrentUrl on session a60178bbb195dbb57b0f20e6a291077c to remote] DEBUG org.asynchttpclient.netty.request.NettyRequestSender - Using open Channel [id: 0xa8345d67, L:/127.0.0.1:54443 - R:localhost/127.0.0.1:15174] for GET '/session/a60178bbb195dbb57b0f20e6a291077c/url'
22:29:42.909 [AsyncHttpClient-1-2] DEBUG org.asynchttpclient.netty.handler.HttpHandler - 

Request DefaultFullHttpRequest(decodeResult: success, version: HTTP/1.1, content: EmptyByteBufBE)
GET /session/a60178bbb195dbb57b0f20e6a291077c/url HTTP/1.1
User-Agent: selenium/4.8.1 (java windows)
Cache-Control: no-cache
Content-Type: application/json; charset=utf-8
host: localhost:15174
accept: */*

Response DefaultHttpResponse(decodeResult: success, version: HTTP/1.1)
HTTP/1.1 200 OK
Content-Length: 36
Content-Type: application/json; charset=utf-8
cache-control: no-cache

22:29:42.910 [AsyncHttpClient-1-2] DEBUG org.asynchttpclient.netty.channel.ChannelManager - Adding key: http://localhost:15174 for channel [id: 0xa8345d67, L:/127.0.0.1:54443 - R:localhost/127.0.0.1:15174]
22:29:42.956 [main] DEBUG net.thucydides.core.steps.StepInterceptor - STARTING STEP: LoginSteps.onTheLoginPage - validateOnLoginPage
22:29:42.976 [Forwarding findElement on session a60178bbb195dbb57b0f20e6a291077c to remote] DEBUG org.asynchttpclient.netty.request.NettyRequestSender - Using pooled Channel '[id: 0xa8345d67, L:/127.0.0.1:54443 - R:localhost/127.0.0.1:15174]' for 'POST' to 'http://localhost:15174/session/a60178bbb195dbb57b0f20e6a291077c/element'
22:29:42.976 [Forwarding findElement on session a60178bbb195dbb57b0f20e6a291077c to remote] DEBUG org.asynchttpclient.netty.request.NettyRequestSender - Using open Channel [id: 0xa8345d67, L:/127.0.0.1:54443 - R:localhost/127.0.0.1:15174] for POST '/session/a60178bbb195dbb57b0f20e6a291077c/element'
22:29:42.998 [AsyncHttpClient-1-2] DEBUG org.asynchttpclient.netty.handler.HttpHandler - 

Request DefaultHttpRequest(decodeResult: success, version: HTTP/1.1)
POST /session/a60178bbb195dbb57b0f20e6a291077c/element HTTP/1.1
User-Agent: selenium/4.8.1 (java windows)
Content-Length: 62
Content-Type: application/json; charset=utf-8
host: localhost:15174
accept: */*

Response DefaultHttpResponse(decodeResult: success, version: HTTP/1.1)
HTTP/1.1 200 OK
Content-Length: 88
Content-Type: application/json; charset=utf-8
cache-control: no-cache

22:29:42.999 [AsyncHttpClient-1-2] DEBUG org.asynchttpclient.netty.channel.ChannelManager - Adding key: http://localhost:15174 for channel [id: 0xa8345d67, L:/127.0.0.1:54443 - R:localhost/127.0.0.1:15174]
22:29:43.035 [Forwarding isElementDisplayed on session a60178bbb195dbb57b0f20e6a291077c to remote] DEBUG org.asynchttpclient.netty.request.NettyRequestSender - Using pooled Channel '[id: 0xa8345d67, L:/127.0.0.1:54443 - R:localhost/127.0.0.1:15174]' for 'POST' to 'http://localhost:15174/session/a60178bbb195dbb57b0f20e6a291077c/execute/sync'
22:29:43.035 [Forwarding isElementDisplayed on session a60178bbb195dbb57b0f20e6a291077c to remote] DEBUG org.asynchttpclient.netty.request.NettyRequestSender - Using open Channel [id: 0xa8345d67, L:/127.0.0.1:54443 - R:localhost/127.0.0.1:15174] for POST '/session/a60178bbb195dbb57b0f20e6a291077c/execute/sync'
22:29:43.065 [AsyncHttpClient-1-2] DEBUG org.asynchttpclient.netty.handler.HttpHandler - 

Request DefaultHttpRequest(decodeResult: success, version: HTTP/1.1)
POST /session/a60178bbb195dbb57b0f20e6a291077c/execute/sync HTTP/1.1
User-Agent: selenium/4.8.1 (java windows)
Content-Length: 48807
Content-Type: application/json; charset=utf-8
host: localhost:15174
accept: */*

Response DefaultHttpResponse(decodeResult: success, version: HTTP/1.1)
HTTP/1.1 200 OK
Content-Length: 14
Content-Type: application/json; charset=utf-8
cache-control: no-cache

22:29:43.065 [AsyncHttpClient-1-2] DEBUG org.asynchttpclient.netty.channel.ChannelManager - Adding key: http://localhost:15174 for channel [id: 0xa8345d67, L:/127.0.0.1:54443 - R:localhost/127.0.0.1:15174]
22:29:43.076 [Forwarding getAlertText on session a60178bbb195dbb57b0f20e6a291077c to remote] DEBUG org.asynchttpclient.netty.request.NettyRequestSender - Using pooled Channel '[id: 0xa8345d67, L:/127.0.0.1:54443 - R:localhost/127.0.0.1:15174]' for 'GET' to 'http://localhost:15174/session/a60178bbb195dbb57b0f20e6a291077c/alert/text'
22:29:43.076 [Forwarding getAlertText on session a60178bbb195dbb57b0f20e6a291077c to remote] DEBUG org.asynchttpclient.netty.request.NettyRequestSender - Using open Channel [id: 0xa8345d67, L:/127.0.0.1:54443 - R:localhost/127.0.0.1:15174] for GET '/session/a60178bbb195dbb57b0f20e6a291077c/alert/text'
22:29:43.078 [AsyncHttpClient-1-2] DEBUG org.asynchttpclient.netty.handler.HttpHandler - 

Request DefaultFullHttpRequest(decodeResult: success, version: HTTP/1.1, content: EmptyByteBufBE)
GET /session/a60178bbb195dbb57b0f20e6a291077c/alert/text HTTP/1.1
User-Agent: selenium/4.8.1 (java windows)
Cache-Control: no-cache
Content-Type: application/json; charset=utf-8
host: localhost:15174
accept: */*

Response DefaultHttpResponse(decodeResult: success, version: HTTP/1.1)
HTTP/1.1 404 Not Found
Content-Length: 835
Content-Type: application/json; charset=utf-8
cache-control: no-cache

22:29:43.079 [AsyncHttpClient-1-2] DEBUG org.asynchttpclient.netty.channel.ChannelManager - Adding key: http://localhost:15174 for channel [id: 0xa8345d67, L:/127.0.0.1:54443 - R:localhost/127.0.0.1:15174]
22:29:43.081 [Forwarding getCurrentUrl on session a60178bbb195dbb57b0f20e6a291077c to remote] DEBUG org.asynchttpclient.netty.request.NettyRequestSender - Using pooled Channel '[id: 0xa8345d67, L:/127.0.0.1:54443 - R:localhost/127.0.0.1:15174]' for 'GET' to 'http://localhost:15174/session/a60178bbb195dbb57b0f20e6a291077c/url'
22:29:43.082 [Forwarding getCurrentUrl on session a60178bbb195dbb57b0f20e6a291077c to remote] DEBUG org.asynchttpclient.netty.request.NettyRequestSender - Using open Channel [id: 0xa8345d67, L:/127.0.0.1:54443 - R:localhost/127.0.0.1:15174] for GET '/session/a60178bbb195dbb57b0f20e6a291077c/url'
22:29:43.088 [AsyncHttpClient-1-2] DEBUG org.asynchttpclient.netty.handler.HttpHandler - 

Request DefaultFullHttpRequest(decodeResult: success, version: HTTP/1.1, content: EmptyByteBufBE)
GET /session/a60178bbb195dbb57b0f20e6a291077c/url HTTP/1.1
User-Agent: selenium/4.8.1 (java windows)
Cache-Control: no-cache
Content-Type: application/json; charset=utf-8
host: localhost:15174
accept: */*

Response DefaultHttpResponse(decodeResult: success, version: HTTP/1.1)
HTTP/1.1 200 OK
Content-Length: 36
Content-Type: application/json; charset=utf-8
cache-control: no-cache

22:29:43.088 [AsyncHttpClient-1-2] DEBUG org.asynchttpclient.netty.channel.ChannelManager - Adding key: http://localhost:15174 for channel [id: 0xa8345d67, L:/127.0.0.1:54443 - R:localhost/127.0.0.1:15174]
22:29:43.090 [Forwarding screenshot on session a60178bbb195dbb57b0f20e6a291077c to remote] DEBUG org.asynchttpclient.netty.request.NettyRequestSender - Using pooled Channel '[id: 0xa8345d67, L:/127.0.0.1:54443 - R:localhost/127.0.0.1:15174]' for 'GET' to 'http://localhost:15174/session/a60178bbb195dbb57b0f20e6a291077c/screenshot'
22:29:43.091 [Forwarding screenshot on session a60178bbb195dbb57b0f20e6a291077c to remote] DEBUG org.asynchttpclient.netty.request.NettyRequestSender - Using open Channel [id: 0xa8345d67, L:/127.0.0.1:54443 - R:localhost/127.0.0.1:15174] for GET '/session/a60178bbb195dbb57b0f20e6a291077c/screenshot'
22:29:43.421 [AsyncHttpClient-1-2] DEBUG org.asynchttpclient.netty.handler.HttpHandler - 

Request DefaultFullHttpRequest(decodeResult: success, version: HTTP/1.1, content: EmptyByteBufBE)
GET /session/a60178bbb195dbb57b0f20e6a291077c/screenshot HTTP/1.1
User-Agent: selenium/4.8.1 (java windows)
Cache-Control: no-cache
Content-Type: application/json; charset=utf-8
host: localhost:15174
accept: */*

Response DefaultHttpResponse(decodeResult: success, version: HTTP/1.1)
HTTP/1.1 200 OK
Content-Length: 528924
Content-Type: application/json; charset=utf-8
cache-control: no-cache

22:29:43.429 [AsyncHttpClient-1-2] DEBUG org.asynchttpclient.netty.channel.ChannelManager - Adding key: http://localhost:15174 for channel [id: 0xa8345d67, L:/127.0.0.1:54443 - R:localhost/127.0.0.1:15174]
22:29:43.454 [main] DEBUG net.serenitybdd.core.photography.Darkroom - Send negative for processing for target\site\serenity\d2d1103d3706c076c463216844202a406edc57257111e8a7db21e52b675a3261.png
22:29:43.455 [main] DEBUG net.thucydides.core.steps.StepInterceptor - STEP DONE: validateOnLoginPage
  &amp#27;[32mGiven &amp#27;[0m&amp#27;[32mI am on the Sepulsa login page&amp#27;[0m                        &amp#27;[90m# starter.stepdefintions.LoginSteps.onTheLoginPage()&amp#27;[0m
22:29:43.486 [AsyncHttpClient-1-1] DEBUG org.asynchttpclient.netty.channel.DefaultChannelPool - Entry count for : http://localhost:15174 : 1
22:29:43.486 [AsyncHttpClient-1-1] DEBUG org.asynchttpclient.netty.channel.DefaultChannelPool - Entry count for : http://localhost:54445 : 1
22:29:43.500 [Forwarding getPageSource on session a60178bbb195dbb57b0f20e6a291077c to remote] DEBUG org.asynchttpclient.netty.request.NettyRequestSender - Using pooled Channel '[id: 0xa8345d67, L:/127.0.0.1:54443 - R:localhost/127.0.0.1:15174]' for 'POST' to 'http://localhost:15174/session/a60178bbb195dbb57b0f20e6a291077c/execute/sync'
22:29:43.500 [Forwarding getPageSource on session a60178bbb195dbb57b0f20e6a291077c to remote] DEBUG org.asynchttpclient.netty.request.NettyRequestSender - Using open Channel [id: 0xa8345d67, L:/127.0.0.1:54443 - R:localhost/127.0.0.1:15174] for POST '/session/a60178bbb195dbb57b0f20e6a291077c/execute/sync'
22:29:43.535 [AsyncHttpClient-1-2] DEBUG org.asynchttpclient.netty.handler.HttpHandler - 

Request DefaultHttpRequest(decodeResult: success, version: HTTP/1.1)
POST /session/a60178bbb195dbb57b0f20e6a291077c/execute/sync HTTP/1.1
User-Agent: selenium/4.8.1 (java windows)
Content-Length: 176
Content-Type: application/json; charset=utf-8
host: localhost:15174
accept: */*

Response DefaultHttpResponse(decodeResult: success, version: HTTP/1.1)
HTTP/1.1 200 OK
Content-Length: 181988
Content-Type: application/json; charset=utf-8
cache-control: no-cache

22:29:43.537 [AsyncHttpClient-1-2] DEBUG org.asynchttpclient.netty.channel.ChannelManager - Adding key: http://localhost:15174 for channel [id: 0xa8345d67, L:/127.0.0.1:54443 - R:localhost/127.0.0.1:15174]
22:29:43.596 [Forwarding getCurrentUrl on session a60178bbb195dbb57b0f20e6a291077c to remote] DEBUG org.asynchttpclient.netty.request.NettyRequestSender - Using pooled Channel '[id: 0xa8345d67, L:/127.0.0.1:54443 - R:localhost/127.0.0.1:15174]' for 'GET' to 'http://localhost:15174/session/a60178bbb195dbb57b0f20e6a291077c/url'
22:29:43.596 [Forwarding getCurrentUrl on session a60178bbb195dbb57b0f20e6a291077c to remote] DEBUG org.asynchttpclient.netty.request.NettyRequestSender - Using open Channel [id: 0xa8345d67, L:/127.0.0.1:54443 - R:localhost/127.0.0.1:15174] for GET '/session/a60178bbb195dbb57b0f20e6a291077c/url'
22:29:43.603 [AsyncHttpClient-1-2] DEBUG org.asynchttpclient.netty.handler.HttpHandler - 

Request DefaultFullHttpRequest(decodeResult: success, version: HTTP/1.1, content: EmptyByteBufBE)
GET /session/a60178bbb195dbb57b0f20e6a291077c/url HTTP/1.1
User-Agent: selenium/4.8.1 (java windows)
Cache-Control: no-cache
Content-Type: application/json; charset=utf-8
host: localhost:15174
accept: */*

Response DefaultHttpResponse(decodeResult: success, version: HTTP/1.1)
HTTP/1.1 200 OK
Content-Length: 36
Content-Type: application/json; charset=utf-8
cache-control: no-cache

22:29:43.604 [AsyncHttpClient-1-2] DEBUG org.asynchttpclient.netty.channel.ChannelManager - Adding key: http://localhost:15174 for channel [id: 0xa8345d67, L:/127.0.0.1:54443 - R:localhost/127.0.0.1:15174]
22:29:43.629 [Forwarding getAlertText on session a60178bbb195dbb57b0f20e6a291077c to remote] DEBUG org.asynchttpclient.netty.request.NettyRequestSender - Using pooled Channel '[id: 0xa8345d67, L:/127.0.0.1:54443 - R:localhost/127.0.0.1:15174]' for 'GET' to 'http://localhost:15174/session/a60178bbb195dbb57b0f20e6a291077c/alert/text'
22:29:43.629 [Forwarding getAlertText on session a60178bbb195dbb57b0f20e6a291077c to remote] DEBUG org.asynchttpclient.netty.request.NettyRequestSender - Using open Channel [id: 0xa8345d67, L:/127.0.0.1:54443 - R:localhost/127.0.0.1:15174] for GET '/session/a60178bbb195dbb57b0f20e6a291077c/alert/text'
22:29:43.632 [AsyncHttpClient-1-2] DEBUG org.asynchttpclient.netty.handler.HttpHandler - 

Request DefaultFullHttpRequest(decodeResult: success, version: HTTP/1.1, content: EmptyByteBufBE)
GET /session/a60178bbb195dbb57b0f20e6a291077c/alert/text HTTP/1.1
User-Agent: selenium/4.8.1 (java windows)
Cache-Control: no-cache
Content-Type: application/json; charset=utf-8
host: localhost:15174
accept: */*

Response DefaultHttpResponse(decodeResult: success, version: HTTP/1.1)
HTTP/1.1 404 Not Found
Content-Length: 835
Content-Type: application/json; charset=utf-8
cache-control: no-cache

22:29:43.633 [AsyncHttpClient-1-2] DEBUG org.asynchttpclient.netty.channel.ChannelManager - Adding key: http://localhost:15174 for channel [id: 0xa8345d67, L:/127.0.0.1:54443 - R:localhost/127.0.0.1:15174]
22:29:43.636 [Forwarding getCurrentUrl on session a60178bbb195dbb57b0f20e6a291077c to remote] DEBUG org.asynchttpclient.netty.request.NettyRequestSender - Using pooled Channel '[id: 0xa8345d67, L:/127.0.0.1:54443 - R:localhost/127.0.0.1:15174]' for 'GET' to 'http://localhost:15174/session/a60178bbb195dbb57b0f20e6a291077c/url'
22:29:43.637 [Forwarding getCurrentUrl on session a60178bbb195dbb57b0f20e6a291077c to remote] DEBUG org.asynchttpclient.netty.request.NettyRequestSender - Using open Channel [id: 0xa8345d67, L:/127.0.0.1:54443 - R:localhost/127.0.0.1:15174] for GET '/session/a60178bbb195dbb57b0f20e6a291077c/url'
22:29:43.643 [AsyncHttpClient-1-2] DEBUG org.asynchttpclient.netty.handler.HttpHandler - 

Request DefaultFullHttpRequest(decodeResult: success, version: HTTP/1.1, content: EmptyByteBufBE)
GET /session/a60178bbb195dbb57b0f20e6a291077c/url HTTP/1.1
User-Agent: selenium/4.8.1 (java windows)
Cache-Control: no-cache
Content-Type: application/json; charset=utf-8
host: localhost:15174
accept: */*

Response DefaultHttpResponse(decodeResult: success, version: HTTP/1.1)
HTTP/1.1 200 OK
Content-Length: 36
Content-Type: application/json; charset=utf-8
cache-control: no-cache

22:29:43.643 [AsyncHttpClient-1-2] DEBUG org.asynchttpclient.netty.channel.ChannelManager - Adding key: http://localhost:15174 for channel [id: 0xa8345d67, L:/127.0.0.1:54443 - R:localhost/127.0.0.1:15174]
22:29:43.646 [Forwarding screenshot on session a60178bbb195dbb57b0f20e6a291077c to remote] DEBUG org.asynchttpclient.netty.request.NettyRequestSender - Using pooled Channel '[id: 0xa8345d67, L:/127.0.0.1:54443 - R:localhost/127.0.0.1:15174]' for 'GET' to 'http://localhost:15174/session/a60178bbb195dbb57b0f20e6a291077c/screenshot'
22:29:43.646 [Forwarding screenshot on session a60178bbb195dbb57b0f20e6a291077c to remote] DEBUG org.asynchttpclient.netty.request.NettyRequestSender - Using open Channel [id: 0xa8345d67, L:/127.0.0.1:54443 - R:localhost/127.0.0.1:15174] for GET '/session/a60178bbb195dbb57b0f20e6a291077c/screenshot'
22:29:43.998 [AsyncHttpClient-1-2] DEBUG org.asynchttpclient.netty.handler.HttpHandler - 

Request DefaultFullHttpRequest(decodeResult: success, version: HTTP/1.1, content: EmptyByteBufBE)
GET /session/a60178bbb195dbb57b0f20e6a291077c/screenshot HTTP/1.1
User-Agent: selenium/4.8.1 (java windows)
Cache-Control: no-cache
Content-Type: application/json; charset=utf-8
host: localhost:15174
accept: */*

Response DefaultHttpResponse(decodeResult: success, version: HTTP/1.1)
HTTP/1.1 200 OK
Content-Length: 528924
Content-Type: application/json; charset=utf-8
cache-control: no-cache

22:29:44.005 [AsyncHttpClient-1-2] DEBUG org.asynchttpclient.netty.channel.ChannelManager - Adding key: http://localhost:15174 for channel [id: 0xa8345d67, L:/127.0.0.1:54443 - R:localhost/127.0.0.1:15174]
22:29:44.036 [main] DEBUG net.serenitybdd.core.photography.Darkroom - Send negative for processing for target\site\serenity\d2d1103d3706c076c463216844202a406edc57257111e8a7db21e52b675a3261.png
22:29:44.040 [Forwarding getPageSource on session a60178bbb195dbb57b0f20e6a291077c to remote] DEBUG org.asynchttpclient.netty.request.NettyRequestSender - Using pooled Channel '[id: 0xa8345d67, L:/127.0.0.1:54443 - R:localhost/127.0.0.1:15174]' for 'POST' to 'http://localhost:15174/session/a60178bbb195dbb57b0f20e6a291077c/execute/sync'
22:29:44.040 [Forwarding getPageSource on session a60178bbb195dbb57b0f20e6a291077c to remote] DEBUG org.asynchttpclient.netty.request.NettyRequestSender - Using open Channel [id: 0xa8345d67, L:/127.0.0.1:54443 - R:localhost/127.0.0.1:15174] for POST '/session/a60178bbb195dbb57b0f20e6a291077c/execute/sync'
22:29:44.072 [AsyncHttpClient-1-2] DEBUG org.asynchttpclient.netty.handler.HttpHandler - 

Request DefaultHttpRequest(decodeResult: success, version: HTTP/1.1)
POST /session/a60178bbb195dbb57b0f20e6a291077c/execute/sync HTTP/1.1
User-Agent: selenium/4.8.1 (java windows)
Content-Length: 176
Content-Type: application/json; charset=utf-8
host: localhost:15174
accept: */*

Response DefaultHttpResponse(decodeResult: success, version: HTTP/1.1)
HTTP/1.1 200 OK
Content-Length: 174657
Content-Type: application/json; charset=utf-8
cache-control: no-cache

22:29:44.073 [AsyncHttpClient-1-2] DEBUG org.asynchttpclient.netty.channel.ChannelManager - Adding key: http://localhost:15174 for channel [id: 0xa8345d67, L:/127.0.0.1:54443 - R:localhost/127.0.0.1:15174]
22:29:44.106 [Forwarding getCurrentUrl on session a60178bbb195dbb57b0f20e6a291077c to remote] DEBUG org.asynchttpclient.netty.request.NettyRequestSender - Using pooled Channel '[id: 0xa8345d67, L:/127.0.0.1:54443 - R:localhost/127.0.0.1:15174]' for 'GET' to 'http://localhost:15174/session/a60178bbb195dbb57b0f20e6a291077c/url'
22:29:44.106 [Forwarding getCurrentUrl on session a60178bbb195dbb57b0f20e6a291077c to remote] DEBUG org.asynchttpclient.netty.request.NettyRequestSender - Using open Channel [id: 0xa8345d67, L:/127.0.0.1:54443 - R:localhost/127.0.0.1:15174] for GET '/session/a60178bbb195dbb57b0f20e6a291077c/url'
22:29:44.113 [AsyncHttpClient-1-2] DEBUG org.asynchttpclient.netty.handler.HttpHandler - 

Request DefaultFullHttpRequest(decodeResult: success, version: HTTP/1.1, content: EmptyByteBufBE)
GET /session/a60178bbb195dbb57b0f20e6a291077c/url HTTP/1.1
User-Agent: selenium/4.8.1 (java windows)
Cache-Control: no-cache
Content-Type: application/json; charset=utf-8
host: localhost:15174
accept: */*

Response DefaultHttpResponse(decodeResult: success, version: HTTP/1.1)
HTTP/1.1 200 OK
Content-Length: 36
Content-Type: application/json; charset=utf-8
cache-control: no-cache

22:29:44.113 [AsyncHttpClient-1-2] DEBUG org.asynchttpclient.netty.channel.ChannelManager - Adding key: http://localhost:15174 for channel [id: 0xa8345d67, L:/127.0.0.1:54443 - R:localhost/127.0.0.1:15174]
22:29:44.119 [main] DEBUG net.thucydides.core.steps.StepInterceptor - STARTING STEP: LoginSteps.clickLoginButton - clickLoginButton
22:29:44.130 [Forwarding findElement on session a60178bbb195dbb57b0f20e6a291077c to remote] DEBUG org.asynchttpclient.netty.request.NettyRequestSender - Using pooled Channel '[id: 0xa8345d67, L:/127.0.0.1:54443 - R:localhost/127.0.0.1:15174]' for 'POST' to 'http://localhost:15174/session/a60178bbb195dbb57b0f20e6a291077c/element'
22:29:44.130 [Forwarding findElement on session a60178bbb195dbb57b0f20e6a291077c to remote] DEBUG org.asynchttpclient.netty.request.NettyRequestSender - Using open Channel [id: 0xa8345d67, L:/127.0.0.1:54443 - R:localhost/127.0.0.1:15174] for POST '/session/a60178bbb195dbb57b0f20e6a291077c/element'
22:29:44.140 [AsyncHttpClient-1-2] DEBUG org.asynchttpclient.netty.handler.HttpHandler - 

Request DefaultHttpRequest(decodeResult: success, version: HTTP/1.1)
POST /session/a60178bbb195dbb57b0f20e6a291077c/element HTTP/1.1
User-Agent: selenium/4.8.1 (java windows)
Content-Length: 62
Content-Type: application/json; charset=utf-8
host: localhost:15174
accept: */*

Response DefaultHttpResponse(decodeResult: success, version: HTTP/1.1)
HTTP/1.1 200 OK
Content-Length: 88
Content-Type: application/json; charset=utf-8
cache-control: no-cache

22:29:44.140 [AsyncHttpClient-1-2] DEBUG org.asynchttpclient.netty.channel.ChannelManager - Adding key: http://localhost:15174 for channel [id: 0xa8345d67, L:/127.0.0.1:54443 - R:localhost/127.0.0.1:15174]
22:29:44.144 [Forwarding getElementTagName on session a60178bbb195dbb57b0f20e6a291077c to remote] DEBUG org.asynchttpclient.netty.request.NettyRequestSender - Using pooled Channel '[id: 0xa8345d67, L:/127.0.0.1:54443 - R:localhost/127.0.0.1:15174]' for 'GET' to 'http://localhost:15174/session/a60178bbb195dbb57b0f20e6a291077c/element/0997f10f-70c3-4d22-9fe0-99f707ab441a/name'
22:29:44.144 [Forwarding getElementTagName on session a60178bbb195dbb57b0f20e6a291077c to remote] DEBUG org.asynchttpclient.netty.request.NettyRequestSender - Using open Channel [id: 0xa8345d67, L:/127.0.0.1:54443 - R:localhost/127.0.0.1:15174] for GET '/session/a60178bbb195dbb57b0f20e6a291077c/element/0997f10f-70c3-4d22-9fe0-99f707ab441a/name'
22:29:44.151 [AsyncHttpClient-1-2] DEBUG org.asynchttpclient.netty.handler.HttpHandler - 

Request DefaultFullHttpRequest(decodeResult: success, version: HTTP/1.1, content: EmptyByteBufBE)
GET /session/a60178bbb195dbb57b0f20e6a291077c/element/0997f10f-70c3-4d22-9fe0-99f707ab441a/name HTTP/1.1
User-Agent: selenium/4.8.1 (java windows)
Cache-Control: no-cache
Content-Type: application/json; charset=utf-8
host: localhost:15174
accept: */*

Response DefaultHttpResponse(decodeResult: success, version: HTTP/1.1)
HTTP/1.1 200 OK
Content-Length: 16
Content-Type: application/json; charset=utf-8
cache-control: no-cache

22:29:44.152 [AsyncHttpClient-1-2] DEBUG org.asynchttpclient.netty.channel.ChannelManager - Adding key: http://localhost:15174 for channel [id: 0xa8345d67, L:/127.0.0.1:54443 - R:localhost/127.0.0.1:15174]
22:29:44.155 [Forwarding getElementTagName on session a60178bbb195dbb57b0f20e6a291077c to remote] DEBUG org.asynchttpclient.netty.request.NettyRequestSender - Using pooled Channel '[id: 0xa8345d67, L:/127.0.0.1:54443 - R:localhost/127.0.0.1:15174]' for 'GET' to 'http://localhost:15174/session/a60178bbb195dbb57b0f20e6a291077c/element/0997f10f-70c3-4d22-9fe0-99f707ab441a/name'
22:29:44.155 [Forwarding getElementTagName on session a60178bbb195dbb57b0f20e6a291077c to remote] DEBUG org.asynchttpclient.netty.request.NettyRequestSender - Using open Channel [id: 0xa8345d67, L:/127.0.0.1:54443 - R:localhost/127.0.0.1:15174] for GET '/session/a60178bbb195dbb57b0f20e6a291077c/element/0997f10f-70c3-4d22-9fe0-99f707ab441a/name'
22:29:44.161 [AsyncHttpClient-1-2] DEBUG org.asynchttpclient.netty.handler.HttpHandler - 

Request DefaultFullHttpRequest(decodeResult: success, version: HTTP/1.1, content: EmptyByteBufBE)
GET /session/a60178bbb195dbb57b0f20e6a291077c/element/0997f10f-70c3-4d22-9fe0-99f707ab441a/name HTTP/1.1
User-Agent: selenium/4.8.1 (java windows)
Cache-Control: no-cache
Content-Type: application/json; charset=utf-8
host: localhost:15174
accept: */*

Response DefaultHttpResponse(decodeResult: success, version: HTTP/1.1)
HTTP/1.1 200 OK
Content-Length: 16
Content-Type: application/json; charset=utf-8
cache-control: no-cache

22:29:44.161 [AsyncHttpClient-1-2] DEBUG org.asynchttpclient.netty.channel.ChannelManager - Adding key: http://localhost:15174 for channel [id: 0xa8345d67, L:/127.0.0.1:54443 - R:localhost/127.0.0.1:15174]
22:29:44.166 [Forwarding findElement on session a60178bbb195dbb57b0f20e6a291077c to remote] DEBUG org.asynchttpclient.netty.request.NettyRequestSender - Using pooled Channel '[id: 0xa8345d67, L:/127.0.0.1:54443 - R:localhost/127.0.0.1:15174]' for 'POST' to 'http://localhost:15174/session/a60178bbb195dbb57b0f20e6a291077c/element'
22:29:44.167 [Forwarding findElement on session a60178bbb195dbb57b0f20e6a291077c to remote] DEBUG org.asynchttpclient.netty.request.NettyRequestSender - Using open Channel [id: 0xa8345d67, L:/127.0.0.1:54443 - R:localhost/127.0.0.1:15174] for POST '/session/a60178bbb195dbb57b0f20e6a291077c/element'
22:29:44.176 [AsyncHttpClient-1-2] DEBUG org.asynchttpclient.netty.handler.HttpHandler - 

Request DefaultHttpRequest(decodeResult: success, version: HTTP/1.1)
POST /session/a60178bbb195dbb57b0f20e6a291077c/element HTTP/1.1
User-Agent: selenium/4.8.1 (java windows)
Content-Length: 62
Content-Type: application/json; charset=utf-8
host: localhost:15174
accept: */*

Response DefaultHttpResponse(decodeResult: success, version: HTTP/1.1)
HTTP/1.1 200 OK
Content-Length: 88
Content-Type: application/json; charset=utf-8
cache-control: no-cache

22:29:44.176 [AsyncHttpClient-1-2] DEBUG org.asynchttpclient.netty.channel.ChannelManager - Adding key: http://localhost:15174 for channel [id: 0xa8345d67, L:/127.0.0.1:54443 - R:localhost/127.0.0.1:15174]
22:29:44.179 [Forwarding clickElement on session a60178bbb195dbb57b0f20e6a291077c to remote] DEBUG org.asynchttpclient.netty.request.NettyRequestSender - Using pooled Channel '[id: 0xa8345d67, L:/127.0.0.1:54443 - R:localhost/127.0.0.1:15174]' for 'POST' to 'http://localhost:15174/session/a60178bbb195dbb57b0f20e6a291077c/element/0997f10f-70c3-4d22-9fe0-99f707ab441a/click'
22:29:44.179 [Forwarding clickElement on session a60178bbb195dbb57b0f20e6a291077c to remote] DEBUG org.asynchttpclient.netty.request.NettyRequestSender - Using open Channel [id: 0xa8345d67, L:/127.0.0.1:54443 - R:localhost/127.0.0.1:15174] for POST '/session/a60178bbb195dbb57b0f20e6a291077c/element/0997f10f-70c3-4d22-9fe0-99f707ab441a/click'
22:29:44.252 [AsyncHttpClient-1-2] DEBUG org.asynchttpclient.netty.handler.HttpHandler - 

Request DefaultHttpRequest(decodeResult: success, version: HTTP/1.1)
POST /session/a60178bbb195dbb57b0f20e6a291077c/element/0997f10f-70c3-4d22-9fe0-99f707ab441a/click HTTP/1.1
User-Agent: selenium/4.8.1 (java windows)
Content-Length: 50
Content-Type: application/json; charset=utf-8
host: localhost:15174
accept: */*

Response DefaultHttpResponse(decodeResult: success, version: HTTP/1.1)
HTTP/1.1 200 OK
Content-Length: 14
Content-Type: application/json; charset=utf-8
cache-control: no-cache

22:29:44.253 [AsyncHttpClient-1-2] DEBUG org.asynchttpclient.netty.channel.ChannelManager - Adding key: http://localhost:15174 for channel [id: 0xa8345d67, L:/127.0.0.1:54443 - R:localhost/127.0.0.1:15174]
22:29:44.280 [Forwarding getAlertText on session a60178bbb195dbb57b0f20e6a291077c to remote] DEBUG org.asynchttpclient.netty.request.NettyRequestSender - Using pooled Channel '[id: 0xa8345d67, L:/127.0.0.1:54443 - R:localhost/127.0.0.1:15174]' for 'GET' to 'http://localhost:15174/session/a60178bbb195dbb57b0f20e6a291077c/alert/text'
22:29:44.280 [Forwarding getAlertText on session a60178bbb195dbb57b0f20e6a291077c to remote] DEBUG org.asynchttpclient.netty.request.NettyRequestSender - Using open Channel [id: 0xa8345d67, L:/127.0.0.1:54443 - R:localhost/127.0.0.1:15174] for GET '/session/a60178bbb195dbb57b0f20e6a291077c/alert/text'
22:29:44.329 [AsyncHttpClient-1-2] DEBUG org.asynchttpclient.netty.handler.HttpHandler - 

Request DefaultFullHttpRequest(decodeResult: success, version: HTTP/1.1, content: EmptyByteBufBE)
GET /session/a60178bbb195dbb57b0f20e6a291077c/alert/text HTTP/1.1
User-Agent: selenium/4.8.1 (java windows)
Cache-Control: no-cache
Content-Type: application/json; charset=utf-8
host: localhost:15174
accept: */*

Response DefaultHttpResponse(decodeResult: success, version: HTTP/1.1)
HTTP/1.1 404 Not Found
Content-Length: 835
Content-Type: application/json; charset=utf-8
cache-control: no-cache

22:29:44.333 [AsyncHttpClient-1-2] DEBUG org.asynchttpclient.netty.channel.ChannelManager - Adding key: http://localhost:15174 for channel [id: 0xa8345d67, L:/127.0.0.1:54443 - R:localhost/127.0.0.1:15174]
22:29:44.336 [Forwarding getCurrentUrl on session a60178bbb195dbb57b0f20e6a291077c to remote] DEBUG org.asynchttpclient.netty.request.NettyRequestSender - Using pooled Channel '[id: 0xa8345d67, L:/127.0.0.1:54443 - R:localhost/127.0.0.1:15174]' for 'GET' to 'http://localhost:15174/session/a60178bbb195dbb57b0f20e6a291077c/url'
22:29:44.336 [Forwarding getCurrentUrl on session a60178bbb195dbb57b0f20e6a291077c to remote] DEBUG org.asynchttpclient.netty.request.NettyRequestSender - Using open Channel [id: 0xa8345d67, L:/127.0.0.1:54443 - R:localhost/127.0.0.1:15174] for GET '/session/a60178bbb195dbb57b0f20e6a291077c/url'
22:29:44.347 [AsyncHttpClient-1-2] DEBUG org.asynchttpclient.netty.handler.HttpHandler - 

Request DefaultFullHttpRequest(decodeResult: success, version: HTTP/1.1, content: EmptyByteBufBE)
GET /session/a60178bbb195dbb57b0f20e6a291077c/url HTTP/1.1
User-Agent: selenium/4.8.1 (java windows)
Cache-Control: no-cache
Content-Type: application/json; charset=utf-8
host: localhost:15174
accept: */*

Response DefaultHttpResponse(decodeResult: success, version: HTTP/1.1)
HTTP/1.1 200 OK
Content-Length: 42
Content-Type: application/json; charset=utf-8
cache-control: no-cache

22:29:44.348 [AsyncHttpClient-1-2] DEBUG org.asynchttpclient.netty.channel.ChannelManager - Adding key: http://localhost:15174 for channel [id: 0xa8345d67, L:/127.0.0.1:54443 - R:localhost/127.0.0.1:15174]
22:29:44.349 [Forwarding screenshot on session a60178bbb195dbb57b0f20e6a291077c to remote] DEBUG org.asynchttpclient.netty.request.NettyRequestSender - Using pooled Channel '[id: 0xa8345d67, L:/127.0.0.1:54443 - R:localhost/127.0.0.1:15174]' for 'GET' to 'http://localhost:15174/session/a60178bbb195dbb57b0f20e6a291077c/screenshot'
22:29:44.349 [Forwarding screenshot on session a60178bbb195dbb57b0f20e6a291077c to remote] DEBUG org.asynchttpclient.netty.request.NettyRequestSender - Using open Channel [id: 0xa8345d67, L:/127.0.0.1:54443 - R:localhost/127.0.0.1:15174] for GET '/session/a60178bbb195dbb57b0f20e6a291077c/screenshot'
22:29:44.591 [AsyncHttpClient-1-1] DEBUG org.asynchttpclient.netty.channel.DefaultChannelPool - Entry count for : http://localhost:54445 : 1
22:29:44.810 [AsyncHttpClient-1-2] DEBUG org.asynchttpclient.netty.handler.HttpHandler - 

Request DefaultFullHttpRequest(decodeResult: success, version: HTTP/1.1, content: EmptyByteBufBE)
GET /session/a60178bbb195dbb57b0f20e6a291077c/screenshot HTTP/1.1
User-Agent: selenium/4.8.1 (java windows)
Cache-Control: no-cache
Content-Type: application/json; charset=utf-8
host: localhost:15174
accept: */*

Response DefaultHttpResponse(decodeResult: success, version: HTTP/1.1)
HTTP/1.1 200 OK
Content-Length: 255864
Content-Type: application/json; charset=utf-8
cache-control: no-cache

22:29:44.812 [AsyncHttpClient-1-2] DEBUG org.asynchttpclient.netty.channel.ChannelManager - Adding key: http://localhost:15174 for channel [id: 0xa8345d67, L:/127.0.0.1:54443 - R:localhost/127.0.0.1:15174]
22:29:44.822 [main] DEBUG net.serenitybdd.core.photography.Darkroom - Send negative for processing for target\site\serenity\385bcadc27da1b2c4766a46f92f1b5bdc4e85f5718254a7d06d292689290915e.png
22:29:44.823 [main] DEBUG net.thucydides.core.steps.StepInterceptor - STEP DONE: clickLoginButton
22:29:44.823 [Darkroom Processing Line] DEBUG net.serenitybdd.core.photography.DarkroomProcessingLine - Processing screenshot image in /var/screenshots/screenshot-667289395293109233
  &amp#27;[32mWhen &amp#27;[0m&amp#27;[32mI click login button&amp#27;[0m                                   &amp#27;[90m# starter.stepdefintions.LoginSteps.clickLoginButton()&amp#27;[0m
22:29:44.823 [Darkroom Processing Line] DEBUG net.serenitybdd.core.photography.DarkroomProcessingLine - Saving screenshot to target\site\serenity\385bcadc27da1b2c4766a46f92f1b5bdc4e85f5718254a7d06d292689290915e.png
22:29:44.838 [Forwarding getPageSource on session a60178bbb195dbb57b0f20e6a291077c to remote] DEBUG org.asynchttpclient.netty.request.NettyRequestSender - Using pooled Channel '[id: 0xa8345d67, L:/127.0.0.1:54443 - R:localhost/127.0.0.1:15174]' for 'POST' to 'http://localhost:15174/session/a60178bbb195dbb57b0f20e6a291077c/execute/sync'
22:29:44.838 [Forwarding getPageSource on session a60178bbb195dbb57b0f20e6a291077c to remote] DEBUG org.asynchttpclient.netty.request.NettyRequestSender - Using open Channel [id: 0xa8345d67, L:/127.0.0.1:54443 - R:localhost/127.0.0.1:15174] for POST '/session/a60178bbb195dbb57b0f20e6a291077c/execute/sync'
22:29:44.855 [AsyncHttpClient-1-2] DEBUG org.asynchttpclient.netty.handler.HttpHandler - 

Request DefaultHttpRequest(decodeResult: success, version: HTTP/1.1)
POST /session/a60178bbb195dbb57b0f20e6a291077c/execute/sync HTTP/1.1
User-Agent: selenium/4.8.1 (java windows)
Content-Length: 176
Content-Type: application/json; charset=utf-8
host: localhost:15174
accept: */*

Response DefaultHttpResponse(decodeResult: success, version: HTTP/1.1)
HTTP/1.1 200 OK
Content-Length: 96896
Content-Type: application/json; charset=utf-8
cache-control: no-cache

22:29:44.856 [AsyncHttpClient-1-2] DEBUG org.asynchttpclient.netty.channel.ChannelManager - Adding key: http://localhost:15174 for channel [id: 0xa8345d67, L:/127.0.0.1:54443 - R:localhost/127.0.0.1:15174]
22:29:44.873 [Forwarding getCurrentUrl on session a60178bbb195dbb57b0f20e6a291077c to remote] DEBUG org.asynchttpclient.netty.request.NettyRequestSender - Using pooled Channel '[id: 0xa8345d67, L:/127.0.0.1:54443 - R:localhost/127.0.0.1:15174]' for 'GET' to 'http://localhost:15174/session/a60178bbb195dbb57b0f20e6a291077c/url'
22:29:44.873 [Forwarding getCurrentUrl on session a60178bbb195dbb57b0f20e6a291077c to remote] DEBUG org.asynchttpclient.netty.request.NettyRequestSender - Using open Channel [id: 0xa8345d67, L:/127.0.0.1:54443 - R:localhost/127.0.0.1:15174] for GET '/session/a60178bbb195dbb57b0f20e6a291077c/url'
22:29:44.879 [AsyncHttpClient-1-2] DEBUG org.asynchttpclient.netty.handler.HttpHandler - 

Request DefaultFullHttpRequest(decodeResult: success, version: HTTP/1.1, content: EmptyByteBufBE)
GET /session/a60178bbb195dbb57b0f20e6a291077c/url HTTP/1.1
User-Agent: selenium/4.8.1 (java windows)
Cache-Control: no-cache
Content-Type: application/json; charset=utf-8
host: localhost:15174
accept: */*

Response DefaultHttpResponse(decodeResult: success, version: HTTP/1.1)
HTTP/1.1 200 OK
Content-Length: 42
Content-Type: application/json; charset=utf-8
cache-control: no-cache

22:29:44.879 [AsyncHttpClient-1-2] DEBUG org.asynchttpclient.netty.channel.ChannelManager - Adding key: http://localhost:15174 for channel [id: 0xa8345d67, L:/127.0.0.1:54443 - R:localhost/127.0.0.1:15174]
22:29:44.903 [Forwarding getAlertText on session a60178bbb195dbb57b0f20e6a291077c to remote] DEBUG org.asynchttpclient.netty.request.NettyRequestSender - Using pooled Channel '[id: 0xa8345d67, L:/127.0.0.1:54443 - R:localhost/127.0.0.1:15174]' for 'GET' to 'http://localhost:15174/session/a60178bbb195dbb57b0f20e6a291077c/alert/text'
22:29:44.903 [Forwarding getAlertText on session a60178bbb195dbb57b0f20e6a291077c to remote] DEBUG org.asynchttpclient.netty.request.NettyRequestSender - Using open Channel [id: 0xa8345d67, L:/127.0.0.1:54443 - R:localhost/127.0.0.1:15174] for GET '/session/a60178bbb195dbb57b0f20e6a291077c/alert/text'
22:29:44.906 [AsyncHttpClient-1-2] DEBUG org.asynchttpclient.netty.handler.HttpHandler - 

Request DefaultFullHttpRequest(decodeResult: success, version: HTTP/1.1, content: EmptyByteBufBE)
GET /session/a60178bbb195dbb57b0f20e6a291077c/alert/text HTTP/1.1
User-Agent: selenium/4.8.1 (java windows)
Cache-Control: no-cache
Content-Type: application/json; charset=utf-8
host: localhost:15174
accept: */*

Response DefaultHttpResponse(decodeResult: success, version: HTTP/1.1)
HTTP/1.1 404 Not Found
Content-Length: 835
Content-Type: application/json; charset=utf-8
cache-control: no-cache

22:29:44.906 [AsyncHttpClient-1-2] DEBUG org.asynchttpclient.netty.channel.ChannelManager - Adding key: http://localhost:15174 for channel [id: 0xa8345d67, L:/127.0.0.1:54443 - R:localhost/127.0.0.1:15174]
22:29:44.911 [Forwarding getCurrentUrl on session a60178bbb195dbb57b0f20e6a291077c to remote] DEBUG org.asynchttpclient.netty.request.NettyRequestSender - Using pooled Channel '[id: 0xa8345d67, L:/127.0.0.1:54443 - R:localhost/127.0.0.1:15174]' for 'GET' to 'http://localhost:15174/session/a60178bbb195dbb57b0f20e6a291077c/url'
22:29:44.911 [Forwarding getCurrentUrl on session a60178bbb195dbb57b0f20e6a291077c to remote] DEBUG org.asynchttpclient.netty.request.NettyRequestSender - Using open Channel [id: 0xa8345d67, L:/127.0.0.1:54443 - R:localhost/127.0.0.1:15174] for GET '/session/a60178bbb195dbb57b0f20e6a291077c/url'
22:29:44.917 [AsyncHttpClient-1-2] DEBUG org.asynchttpclient.netty.handler.HttpHandler - 

Request DefaultFullHttpRequest(decodeResult: success, version: HTTP/1.1, content: EmptyByteBufBE)
GET /session/a60178bbb195dbb57b0f20e6a291077c/url HTTP/1.1
User-Agent: selenium/4.8.1 (java windows)
Cache-Control: no-cache
Content-Type: application/json; charset=utf-8
host: localhost:15174
accept: */*

Response DefaultHttpResponse(decodeResult: success, version: HTTP/1.1)
HTTP/1.1 200 OK
Content-Length: 42
Content-Type: application/json; charset=utf-8
cache-control: no-cache

22:29:44.917 [AsyncHttpClient-1-2] DEBUG org.asynchttpclient.netty.channel.ChannelManager - Adding key: http://localhost:15174 for channel [id: 0xa8345d67, L:/127.0.0.1:54443 - R:localhost/127.0.0.1:15174]
22:29:44.919 [Forwarding screenshot on session a60178bbb195dbb57b0f20e6a291077c to remote] DEBUG org.asynchttpclient.netty.request.NettyRequestSender - Using pooled Channel '[id: 0xa8345d67, L:/127.0.0.1:54443 - R:localhost/127.0.0.1:15174]' for 'GET' to 'http://localhost:15174/session/a60178bbb195dbb57b0f20e6a291077c/screenshot'
22:29:44.919 [Forwarding screenshot on session a60178bbb195dbb57b0f20e6a291077c to remote] DEBUG org.asynchttpclient.netty.request.NettyRequestSender - Using open Channel [id: 0xa8345d67, L:/127.0.0.1:54443 - R:localhost/127.0.0.1:15174] for GET '/session/a60178bbb195dbb57b0f20e6a291077c/screenshot'
22:29:45.180 [AsyncHttpClient-1-2] DEBUG org.asynchttpclient.netty.handler.HttpHandler - 

Request DefaultFullHttpRequest(decodeResult: success, version: HTTP/1.1, content: EmptyByteBufBE)
GET /session/a60178bbb195dbb57b0f20e6a291077c/screenshot HTTP/1.1
User-Agent: selenium/4.8.1 (java windows)
Cache-Control: no-cache
Content-Type: application/json; charset=utf-8
host: localhost:15174
accept: */*

Response DefaultHttpResponse(decodeResult: success, version: HTTP/1.1)
HTTP/1.1 200 OK
Content-Length: 255864
Content-Type: application/json; charset=utf-8
cache-control: no-cache

22:29:45.183 [AsyncHttpClient-1-2] DEBUG org.asynchttpclient.netty.channel.ChannelManager - Adding key: http://localhost:15174 for channel [id: 0xa8345d67, L:/127.0.0.1:54443 - R:localhost/127.0.0.1:15174]
22:29:45.194 [main] DEBUG net.serenitybdd.core.photography.Darkroom - Send negative for processing for target\site\serenity\385bcadc27da1b2c4766a46f92f1b5bdc4e85f5718254a7d06d292689290915e.png
22:29:45.197 [Forwarding getPageSource on session a60178bbb195dbb57b0f20e6a291077c to remote] DEBUG org.asynchttpclient.netty.request.NettyRequestSender - Using pooled Channel '[id: 0xa8345d67, L:/127.0.0.1:54443 - R:localhost/127.0.0.1:15174]' for 'POST' to 'http://localhost:15174/session/a60178bbb195dbb57b0f20e6a291077c/execute/sync'
22:29:45.197 [Forwarding getPageSource on session a60178bbb195dbb57b0f20e6a291077c to remote] DEBUG org.asynchttpclient.netty.request.NettyRequestSender - Using open Channel [id: 0xa8345d67, L:/127.0.0.1:54443 - R:localhost/127.0.0.1:15174] for POST '/session/a60178bbb195dbb57b0f20e6a291077c/execute/sync'
22:29:45.214 [AsyncHttpClient-1-2] DEBUG org.asynchttpclient.netty.handler.HttpHandler - 

Request DefaultHttpRequest(decodeResult: success, version: HTTP/1.1)
POST /session/a60178bbb195dbb57b0f20e6a291077c/execute/sync HTTP/1.1
User-Agent: selenium/4.8.1 (java windows)
Content-Length: 176
Content-Type: application/json; charset=utf-8
host: localhost:15174
accept: */*

Response DefaultHttpResponse(decodeResult: success, version: HTTP/1.1)
HTTP/1.1 200 OK
Content-Length: 96896
Content-Type: application/json; charset=utf-8
cache-control: no-cache

22:29:45.215 [AsyncHttpClient-1-2] DEBUG org.asynchttpclient.netty.channel.ChannelManager - Adding key: http://localhost:15174 for channel [id: 0xa8345d67, L:/127.0.0.1:54443 - R:localhost/127.0.0.1:15174]
22:29:45.231 [Forwarding getCurrentUrl on session a60178bbb195dbb57b0f20e6a291077c to remote] DEBUG org.asynchttpclient.netty.request.NettyRequestSender - Using pooled Channel '[id: 0xa8345d67, L:/127.0.0.1:54443 - R:localhost/127.0.0.1:15174]' for 'GET' to 'http://localhost:15174/session/a60178bbb195dbb57b0f20e6a291077c/url'
22:29:45.231 [Forwarding getCurrentUrl on session a60178bbb195dbb57b0f20e6a291077c to remote] DEBUG org.asynchttpclient.netty.request.NettyRequestSender - Using open Channel [id: 0xa8345d67, L:/127.0.0.1:54443 - R:localhost/127.0.0.1:15174] for GET '/session/a60178bbb195dbb57b0f20e6a291077c/url'
22:29:45.237 [AsyncHttpClient-1-2] DEBUG org.asynchttpclient.netty.handler.HttpHandler - 

Request DefaultFullHttpRequest(decodeResult: success, version: HTTP/1.1, content: EmptyByteBufBE)
GET /session/a60178bbb195dbb57b0f20e6a291077c/url HTTP/1.1
User-Agent: selenium/4.8.1 (java windows)
Cache-Control: no-cache
Content-Type: application/json; charset=utf-8
host: localhost:15174
accept: */*

Response DefaultHttpResponse(decodeResult: success, version: HTTP/1.1)
HTTP/1.1 200 OK
Content-Length: 42
Content-Type: application/json; charset=utf-8
cache-control: no-cache

22:29:45.237 [AsyncHttpClient-1-2] DEBUG org.asynchttpclient.netty.channel.ChannelManager - Adding key: http://localhost:15174 for channel [id: 0xa8345d67, L:/127.0.0.1:54443 - R:localhost/127.0.0.1:15174]
22:29:45.242 [main] DEBUG net.thucydides.core.steps.StepInterceptor - STARTING STEP: LoginSteps.inputEmail - inputEmail
22:29:45.251 [Forwarding findElement on session a60178bbb195dbb57b0f20e6a291077c to remote] DEBUG org.asynchttpclient.netty.request.NettyRequestSender - Using pooled Channel '[id: 0xa8345d67, L:/127.0.0.1:54443 - R:localhost/127.0.0.1:15174]' for 'POST' to 'http://localhost:15174/session/a60178bbb195dbb57b0f20e6a291077c/element'
22:29:45.251 [Forwarding findElement on session a60178bbb195dbb57b0f20e6a291077c to remote] DEBUG org.asynchttpclient.netty.request.NettyRequestSender - Using open Channel [id: 0xa8345d67, L:/127.0.0.1:54443 - R:localhost/127.0.0.1:15174] for POST '/session/a60178bbb195dbb57b0f20e6a291077c/element'
22:29:45.271 [AsyncHttpClient-1-2] DEBUG org.asynchttpclient.netty.handler.HttpHandler - 

Request DefaultHttpRequest(decodeResult: success, version: HTTP/1.1)
POST /session/a60178bbb195dbb57b0f20e6a291077c/element HTTP/1.1
User-Agent: selenium/4.8.1 (java windows)
Content-Length: 50
Content-Type: application/json; charset=utf-8
host: localhost:15174
accept: */*

Response DefaultHttpResponse(decodeResult: success, version: HTTP/1.1)
HTTP/1.1 200 OK
Content-Length: 88
Content-Type: application/json; charset=utf-8
cache-control: no-cache

22:29:45.271 [AsyncHttpClient-1-2] DEBUG org.asynchttpclient.netty.channel.ChannelManager - Adding key: http://localhost:15174 for channel [id: 0xa8345d67, L:/127.0.0.1:54443 - R:localhost/127.0.0.1:15174]
22:29:45.276 [Forwarding clearElement on session a60178bbb195dbb57b0f20e6a291077c to remote] DEBUG org.asynchttpclient.netty.request.NettyRequestSender - Using pooled Channel '[id: 0xa8345d67, L:/127.0.0.1:54443 - R:localhost/127.0.0.1:15174]' for 'POST' to 'http://localhost:15174/session/a60178bbb195dbb57b0f20e6a291077c/element/2e024e2c-ba04-4e9b-ba1f-acdb48ebef9c/clear'
22:29:45.276 [Forwarding clearElement on session a60178bbb195dbb57b0f20e6a291077c to remote] DEBUG org.asynchttpclient.netty.request.NettyRequestSender - Using open Channel [id: 0xa8345d67, L:/127.0.0.1:54443 - R:localhost/127.0.0.1:15174] for POST '/session/a60178bbb195dbb57b0f20e6a291077c/element/2e024e2c-ba04-4e9b-ba1f-acdb48ebef9c/clear'
22:29:45.401 [AsyncHttpClient-1-2] DEBUG org.asynchttpclient.netty.handler.HttpHandler - 

Request DefaultHttpRequest(decodeResult: success, version: HTTP/1.1)
POST /session/a60178bbb195dbb57b0f20e6a291077c/element/2e024e2c-ba04-4e9b-ba1f-acdb48ebef9c/clear HTTP/1.1
User-Agent: selenium/4.8.1 (java windows)
Content-Length: 50
Content-Type: application/json; charset=utf-8
host: localhost:15174
accept: */*

Response DefaultHttpResponse(decodeResult: success, version: HTTP/1.1)
HTTP/1.1 200 OK
Content-Length: 14
Content-Type: application/json; charset=utf-8
cache-control: no-cache

22:29:45.402 [AsyncHttpClient-1-2] DEBUG org.asynchttpclient.netty.channel.ChannelManager - Adding key: http://localhost:15174 for channel [id: 0xa8345d67, L:/127.0.0.1:54443 - R:localhost/127.0.0.1:15174]
22:29:45.414 [Forwarding sendKeysToElement on session a60178bbb195dbb57b0f20e6a291077c to remote] DEBUG org.asynchttpclient.netty.request.NettyRequestSender - Using pooled Channel '[id: 0xa8345d67, L:/127.0.0.1:54443 - R:localhost/127.0.0.1:15174]' for 'POST' to 'http://localhost:15174/session/a60178bbb195dbb57b0f20e6a291077c/element/2e024e2c-ba04-4e9b-ba1f-acdb48ebef9c/value'
22:29:45.414 [Forwarding sendKeysToElement on session a60178bbb195dbb57b0f20e6a291077c to remote] DEBUG org.asynchttpclient.netty.request.NettyRequestSender - Using open Channel [id: 0xa8345d67, L:/127.0.0.1:54443 - R:localhost/127.0.0.1:15174] for POST '/session/a60178bbb195dbb57b0f20e6a291077c/element/2e024e2c-ba04-4e9b-ba1f-acdb48ebef9c/value'
22:29:45.660 [AsyncHttpClient-1-2] DEBUG org.asynchttpclient.netty.handler.HttpHandler - 

Request DefaultHttpRequest(decodeResult: success, version: HTTP/1.1)
POST /session/a60178bbb195dbb57b0f20e6a291077c/element/2e024e2c-ba04-4e9b-ba1f-acdb48ebef9c/value HTTP/1.1
User-Agent: selenium/4.8.1 (java windows)
Content-Length: 351
Content-Type: application/json; charset=utf-8
host: localhost:15174
accept: */*

Response DefaultHttpResponse(decodeResult: success, version: HTTP/1.1)
HTTP/1.1 200 OK
Content-Length: 14
Content-Type: application/json; charset=utf-8
cache-control: no-cache

22:29:45.660 [AsyncHttpClient-1-2] DEBUG org.asynchttpclient.netty.channel.ChannelManager - Adding key: http://localhost:15174 for channel [id: 0xa8345d67, L:/127.0.0.1:54443 - R:localhost/127.0.0.1:15174]
22:29:45.673 [Forwarding getAlertText on session a60178bbb195dbb57b0f20e6a291077c to remote] DEBUG org.asynchttpclient.netty.request.NettyRequestSender - Using pooled Channel '[id: 0xa8345d67, L:/127.0.0.1:54443 - R:localhost/127.0.0.1:15174]' for 'GET' to 'http://localhost:15174/session/a60178bbb195dbb57b0f20e6a291077c/alert/text'
22:29:45.673 [Forwarding getAlertText on session a60178bbb195dbb57b0f20e6a291077c to remote] DEBUG org.asynchttpclient.netty.request.NettyRequestSender - Using open Channel [id: 0xa8345d67, L:/127.0.0.1:54443 - R:localhost/127.0.0.1:15174] for GET '/session/a60178bbb195dbb57b0f20e6a291077c/alert/text'
22:29:45.676 [AsyncHttpClient-1-2] DEBUG org.asynchttpclient.netty.handler.HttpHandler - 

Request DefaultFullHttpRequest(decodeResult: success, version: HTTP/1.1, content: EmptyByteBufBE)
GET /session/a60178bbb195dbb57b0f20e6a291077c/alert/text HTTP/1.1
User-Agent: selenium/4.8.1 (java windows)
Cache-Control: no-cache
Content-Type: application/json; charset=utf-8
host: localhost:15174
accept: */*

Response DefaultHttpResponse(decodeResult: success, version: HTTP/1.1)
HTTP/1.1 404 Not Found
Content-Length: 835
Content-Type: application/json; charset=utf-8
cache-control: no-cache

22:29:45.677 [AsyncHttpClient-1-2] DEBUG org.asynchttpclient.netty.channel.ChannelManager - Adding key: http://localhost:15174 for channel [id: 0xa8345d67, L:/127.0.0.1:54443 - R:localhost/127.0.0.1:15174]
22:29:45.680 [Forwarding getCurrentUrl on session a60178bbb195dbb57b0f20e6a291077c to remote] DEBUG org.asynchttpclient.netty.request.NettyRequestSender - Using pooled Channel '[id: 0xa8345d67, L:/127.0.0.1:54443 - R:localhost/127.0.0.1:15174]' for 'GET' to 'http://localhost:15174/session/a60178bbb195dbb57b0f20e6a291077c/url'
22:29:45.680 [AsyncHttpClient-1-1] DEBUG org.asynchttpclient.netty.channel.DefaultChannelPool - Entry count for : http://localhost:54445 : 1
22:29:45.680 [Forwarding getCurrentUrl on session a60178bbb195dbb57b0f20e6a291077c to remote] DEBUG org.asynchttpclient.netty.request.NettyRequestSender - Using open Channel [id: 0xa8345d67, L:/127.0.0.1:54443 - R:localhost/127.0.0.1:15174] for GET '/session/a60178bbb195dbb57b0f20e6a291077c/url'
22:29:45.686 [AsyncHttpClient-1-2] DEBUG org.asynchttpclient.netty.handler.HttpHandler - 

Request DefaultFullHttpRequest(decodeResult: success, version: HTTP/1.1, content: EmptyByteBufBE)
GET /session/a60178bbb195dbb57b0f20e6a291077c/url HTTP/1.1
User-Agent: selenium/4.8.1 (java windows)
Cache-Control: no-cache
Content-Type: application/json; charset=utf-8
host: localhost:15174
accept: */*

Response DefaultHttpResponse(decodeResult: success, version: HTTP/1.1)
HTTP/1.1 200 OK
Content-Length: 42
Content-Type: application/json; charset=utf-8
cache-control: no-cache

22:29:45.686 [AsyncHttpClient-1-2] DEBUG org.asynchttpclient.netty.channel.ChannelManager - Adding key: http://localhost:15174 for channel [id: 0xa8345d67, L:/127.0.0.1:54443 - R:localhost/127.0.0.1:15174]
22:29:45.688 [Forwarding screenshot on session a60178bbb195dbb57b0f20e6a291077c to remote] DEBUG org.asynchttpclient.netty.request.NettyRequestSender - Using pooled Channel '[id: 0xa8345d67, L:/127.0.0.1:54443 - R:localhost/127.0.0.1:15174]' for 'GET' to 'http://localhost:15174/session/a60178bbb195dbb57b0f20e6a291077c/screenshot'
22:29:45.688 [Forwarding screenshot on session a60178bbb195dbb57b0f20e6a291077c to remote] DEBUG org.asynchttpclient.netty.request.NettyRequestSender - Using open Channel [id: 0xa8345d67, L:/127.0.0.1:54443 - R:localhost/127.0.0.1:15174] for GET '/session/a60178bbb195dbb57b0f20e6a291077c/screenshot'
22:29:45.989 [AsyncHttpClient-1-2] DEBUG org.asynchttpclient.netty.handler.HttpHandler - 

Request DefaultFullHttpRequest(decodeResult: success, version: HTTP/1.1, content: EmptyByteBufBE)
GET /session/a60178bbb195dbb57b0f20e6a291077c/screenshot HTTP/1.1
User-Agent: selenium/4.8.1 (java windows)
Cache-Control: no-cache
Content-Type: application/json; charset=utf-8
host: localhost:15174
accept: */*

Response DefaultHttpResponse(decodeResult: success, version: HTTP/1.1)
HTTP/1.1 200 OK
Content-Length: 259768
Content-Type: application/json; charset=utf-8
cache-control: no-cache

22:29:45.992 [AsyncHttpClient-1-2] DEBUG org.asynchttpclient.netty.channel.ChannelManager - Adding key: http://localhost:15174 for channel [id: 0xa8345d67, L:/127.0.0.1:54443 - R:localhost/127.0.0.1:15174]
22:29:46.002 [main] DEBUG net.serenitybdd.core.photography.Darkroom - Send negative for processing for target\site\serenity\4dfead7844ac3e1e0db51b620b518cd4e36b37e417a797ba92c2bc9977975f6b.png
22:29:46.003 [main] DEBUG net.thucydides.core.steps.StepInterceptor - STEP DONE: inputEmail
  &amp#27;[32mAnd &amp#27;[0m&amp#27;[32mI enter correct email&amp#27;[0m                                   &amp#27;[90m# starter.stepdefintions.LoginSteps.inputEmail()&amp#27;[0m
22:29:46.004 [Darkroom Processing Line] DEBUG net.serenitybdd.core.photography.DarkroomProcessingLine - Processing screenshot image in /var/screenshots/screenshot-10646251196661298051
22:29:46.004 [Darkroom Processing Line] DEBUG net.serenitybdd.core.photography.DarkroomProcessingLine - Saving screenshot to target\site\serenity\4dfead7844ac3e1e0db51b620b518cd4e36b37e417a797ba92c2bc9977975f6b.png
22:29:46.027 [Forwarding getPageSource on session a60178bbb195dbb57b0f20e6a291077c to remote] DEBUG org.asynchttpclient.netty.request.NettyRequestSender - Using pooled Channel '[id: 0xa8345d67, L:/127.0.0.1:54443 - R:localhost/127.0.0.1:15174]' for 'POST' to 'http://localhost:15174/session/a60178bbb195dbb57b0f20e6a291077c/execute/sync'
22:29:46.027 [Forwarding getPageSource on session a60178bbb195dbb57b0f20e6a291077c to remote] DEBUG org.asynchttpclient.netty.request.NettyRequestSender - Using open Channel [id: 0xa8345d67, L:/127.0.0.1:54443 - R:localhost/127.0.0.1:15174] for POST '/session/a60178bbb195dbb57b0f20e6a291077c/execute/sync'
22:29:46.043 [AsyncHttpClient-1-2] DEBUG org.asynchttpclient.netty.handler.HttpHandler - 

Request DefaultHttpRequest(decodeResult: success, version: HTTP/1.1)
POST /session/a60178bbb195dbb57b0f20e6a291077c/execute/sync HTTP/1.1
User-Agent: selenium/4.8.1 (java windows)
Content-Length: 176
Content-Type: application/json; charset=utf-8
host: localhost:15174
accept: */*

Response DefaultHttpResponse(decodeResult: success, version: HTTP/1.1)
HTTP/1.1 200 OK
Content-Length: 96947
Content-Type: application/json; charset=utf-8
cache-control: no-cache

22:29:46.044 [AsyncHttpClient-1-2] DEBUG org.asynchttpclient.netty.channel.ChannelManager - Adding key: http://localhost:15174 for channel [id: 0xa8345d67, L:/127.0.0.1:54443 - R:localhost/127.0.0.1:15174]
22:29:46.060 [Forwarding getCurrentUrl on session a60178bbb195dbb57b0f20e6a291077c to remote] DEBUG org.asynchttpclient.netty.request.NettyRequestSender - Using pooled Channel '[id: 0xa8345d67, L:/127.0.0.1:54443 - R:localhost/127.0.0.1:15174]' for 'GET' to 'http://localhost:15174/session/a60178bbb195dbb57b0f20e6a291077c/url'
22:29:46.060 [Forwarding getCurrentUrl on session a60178bbb195dbb57b0f20e6a291077c to remote] DEBUG org.asynchttpclient.netty.request.NettyRequestSender - Using open Channel [id: 0xa8345d67, L:/127.0.0.1:54443 - R:localhost/127.0.0.1:15174] for GET '/session/a60178bbb195dbb57b0f20e6a291077c/url'
22:29:46.066 [AsyncHttpClient-1-2] DEBUG org.asynchttpclient.netty.handler.HttpHandler - 

Request DefaultFullHttpRequest(decodeResult: success, version: HTTP/1.1, content: EmptyByteBufBE)
GET /session/a60178bbb195dbb57b0f20e6a291077c/url HTTP/1.1
User-Agent: selenium/4.8.1 (java windows)
Cache-Control: no-cache
Content-Type: application/json; charset=utf-8
host: localhost:15174
accept: */*

Response DefaultHttpResponse(decodeResult: success, version: HTTP/1.1)
HTTP/1.1 200 OK
Content-Length: 42
Content-Type: application/json; charset=utf-8
cache-control: no-cache

22:29:46.066 [AsyncHttpClient-1-2] DEBUG org.asynchttpclient.netty.channel.ChannelManager - Adding key: http://localhost:15174 for channel [id: 0xa8345d67, L:/127.0.0.1:54443 - R:localhost/127.0.0.1:15174]
22:29:46.086 [Forwarding getAlertText on session a60178bbb195dbb57b0f20e6a291077c to remote] DEBUG org.asynchttpclient.netty.request.NettyRequestSender - Using pooled Channel '[id: 0xa8345d67, L:/127.0.0.1:54443 - R:localhost/127.0.0.1:15174]' for 'GET' to 'http://localhost:15174/session/a60178bbb195dbb57b0f20e6a291077c/alert/text'
22:29:46.087 [Forwarding getAlertText on session a60178bbb195dbb57b0f20e6a291077c to remote] DEBUG org.asynchttpclient.netty.request.NettyRequestSender - Using open Channel [id: 0xa8345d67, L:/127.0.0.1:54443 - R:localhost/127.0.0.1:15174] for GET '/session/a60178bbb195dbb57b0f20e6a291077c/alert/text'
22:29:46.091 [AsyncHttpClient-1-2] DEBUG org.asynchttpclient.netty.handler.HttpHandler - 

Request DefaultFullHttpRequest(decodeResult: success, version: HTTP/1.1, content: EmptyByteBufBE)
GET /session/a60178bbb195dbb57b0f20e6a291077c/alert/text HTTP/1.1
User-Agent: selenium/4.8.1 (java windows)
Cache-Control: no-cache
Content-Type: application/json; charset=utf-8
host: localhost:15174
accept: */*

Response DefaultHttpResponse(decodeResult: success, version: HTTP/1.1)
HTTP/1.1 404 Not Found
Content-Length: 835
Content-Type: application/json; charset=utf-8
cache-control: no-cache

22:29:46.091 [AsyncHttpClient-1-2] DEBUG org.asynchttpclient.netty.channel.ChannelManager - Adding key: http://localhost:15174 for channel [id: 0xa8345d67, L:/127.0.0.1:54443 - R:localhost/127.0.0.1:15174]
22:29:46.093 [Forwarding getCurrentUrl on session a60178bbb195dbb57b0f20e6a291077c to remote] DEBUG org.asynchttpclient.netty.request.NettyRequestSender - Using pooled Channel '[id: 0xa8345d67, L:/127.0.0.1:54443 - R:localhost/127.0.0.1:15174]' for 'GET' to 'http://localhost:15174/session/a60178bbb195dbb57b0f20e6a291077c/url'
22:29:46.094 [Forwarding getCurrentUrl on session a60178bbb195dbb57b0f20e6a291077c to remote] DEBUG org.asynchttpclient.netty.request.NettyRequestSender - Using open Channel [id: 0xa8345d67, L:/127.0.0.1:54443 - R:localhost/127.0.0.1:15174] for GET '/session/a60178bbb195dbb57b0f20e6a291077c/url'
22:29:46.103 [AsyncHttpClient-1-2] DEBUG org.asynchttpclient.netty.handler.HttpHandler - 

Request DefaultFullHttpRequest(decodeResult: success, version: HTTP/1.1, content: EmptyByteBufBE)
GET /session/a60178bbb195dbb57b0f20e6a291077c/url HTTP/1.1
User-Agent: selenium/4.8.1 (java windows)
Cache-Control: no-cache
Content-Type: application/json; charset=utf-8
host: localhost:15174
accept: */*

Response DefaultHttpResponse(decodeResult: success, version: HTTP/1.1)
HTTP/1.1 200 OK
Content-Length: 42
Content-Type: application/json; charset=utf-8
cache-control: no-cache

22:29:46.103 [AsyncHttpClient-1-2] DEBUG org.asynchttpclient.netty.channel.ChannelManager - Adding key: http://localhost:15174 for channel [id: 0xa8345d67, L:/127.0.0.1:54443 - R:localhost/127.0.0.1:15174]
22:29:46.105 [Forwarding screenshot on session a60178bbb195dbb57b0f20e6a291077c to remote] DEBUG org.asynchttpclient.netty.request.NettyRequestSender - Using pooled Channel '[id: 0xa8345d67, L:/127.0.0.1:54443 - R:localhost/127.0.0.1:15174]' for 'GET' to 'http://localhost:15174/session/a60178bbb195dbb57b0f20e6a291077c/screenshot'
22:29:46.105 [Forwarding screenshot on session a60178bbb195dbb57b0f20e6a291077c to remote] DEBUG org.asynchttpclient.netty.request.NettyRequestSender - Using open Channel [id: 0xa8345d67, L:/127.0.0.1:54443 - R:localhost/127.0.0.1:15174] for GET '/session/a60178bbb195dbb57b0f20e6a291077c/screenshot'
22:29:46.379 [AsyncHttpClient-1-2] DEBUG org.asynchttpclient.netty.handler.HttpHandler - 

Request DefaultFullHttpRequest(decodeResult: success, version: HTTP/1.1, content: EmptyByteBufBE)
GET /session/a60178bbb195dbb57b0f20e6a291077c/screenshot HTTP/1.1
User-Agent: selenium/4.8.1 (java windows)
Cache-Control: no-cache
Content-Type: application/json; charset=utf-8
host: localhost:15174
accept: */*

Response DefaultHttpResponse(decodeResult: success, version: HTTP/1.1)
HTTP/1.1 200 OK
Content-Length: 259768
Content-Type: application/json; charset=utf-8
cache-control: no-cache

22:29:46.381 [AsyncHttpClient-1-2] DEBUG org.asynchttpclient.netty.channel.ChannelManager - Adding key: http://localhost:15174 for channel [id: 0xa8345d67, L:/127.0.0.1:54443 - R:localhost/127.0.0.1:15174]
22:29:46.397 [main] DEBUG net.serenitybdd.core.photography.Darkroom - Send negative for processing for target\site\serenity\4dfead7844ac3e1e0db51b620b518cd4e36b37e417a797ba92c2bc9977975f6b.png
22:29:46.399 [Forwarding getPageSource on session a60178bbb195dbb57b0f20e6a291077c to remote] DEBUG org.asynchttpclient.netty.request.NettyRequestSender - Using pooled Channel '[id: 0xa8345d67, L:/127.0.0.1:54443 - R:localhost/127.0.0.1:15174]' for 'POST' to 'http://localhost:15174/session/a60178bbb195dbb57b0f20e6a291077c/execute/sync'
22:29:46.399 [Forwarding getPageSource on session a60178bbb195dbb57b0f20e6a291077c to remote] DEBUG org.asynchttpclient.netty.request.NettyRequestSender - Using open Channel [id: 0xa8345d67, L:/127.0.0.1:54443 - R:localhost/127.0.0.1:15174] for POST '/session/a60178bbb195dbb57b0f20e6a291077c/execute/sync'
22:29:46.413 [AsyncHttpClient-1-2] DEBUG org.asynchttpclient.netty.handler.HttpHandler - 

Request DefaultHttpRequest(decodeResult: success, version: HTTP/1.1)
POST /session/a60178bbb195dbb57b0f20e6a291077c/execute/sync HTTP/1.1
User-Agent: selenium/4.8.1 (java windows)
Content-Length: 176
Content-Type: application/json; charset=utf-8
host: localhost:15174
accept: */*

Response DefaultHttpResponse(decodeResult: success, version: HTTP/1.1)
HTTP/1.1 200 OK
Content-Length: 96947
Content-Type: application/json; charset=utf-8
cache-control: no-cache

22:29:46.414 [AsyncHttpClient-1-2] DEBUG org.asynchttpclient.netty.channel.ChannelManager - Adding key: http://localhost:15174 for channel [id: 0xa8345d67, L:/127.0.0.1:54443 - R:localhost/127.0.0.1:15174]
22:29:46.431 [Forwarding getCurrentUrl on session a60178bbb195dbb57b0f20e6a291077c to remote] DEBUG org.asynchttpclient.netty.request.NettyRequestSender - Using pooled Channel '[id: 0xa8345d67, L:/127.0.0.1:54443 - R:localhost/127.0.0.1:15174]' for 'GET' to 'http://localhost:15174/session/a60178bbb195dbb57b0f20e6a291077c/url'
22:29:46.431 [Forwarding getCurrentUrl on session a60178bbb195dbb57b0f20e6a291077c to remote] DEBUG org.asynchttpclient.netty.request.NettyRequestSender - Using open Channel [id: 0xa8345d67, L:/127.0.0.1:54443 - R:localhost/127.0.0.1:15174] for GET '/session/a60178bbb195dbb57b0f20e6a291077c/url'
22:29:46.438 [AsyncHttpClient-1-2] DEBUG org.asynchttpclient.netty.handler.HttpHandler - 

Request DefaultFullHttpRequest(decodeResult: success, version: HTTP/1.1, content: EmptyByteBufBE)
GET /session/a60178bbb195dbb57b0f20e6a291077c/url HTTP/1.1
User-Agent: selenium/4.8.1 (java windows)
Cache-Control: no-cache
Content-Type: application/json; charset=utf-8
host: localhost:15174
accept: */*

Response DefaultHttpResponse(decodeResult: success, version: HTTP/1.1)
HTTP/1.1 200 OK
Content-Length: 42
Content-Type: application/json; charset=utf-8
cache-control: no-cache

22:29:46.439 [AsyncHttpClient-1-2] DEBUG org.asynchttpclient.netty.channel.ChannelManager - Adding key: http://localhost:15174 for channel [id: 0xa8345d67, L:/127.0.0.1:54443 - R:localhost/127.0.0.1:15174]
22:29:46.444 [main] DEBUG net.thucydides.core.steps.StepInterceptor - STARTING STEP: LoginSteps.inputPassword - inputPassword
22:29:46.450 [Forwarding findElement on session a60178bbb195dbb57b0f20e6a291077c to remote] DEBUG org.asynchttpclient.netty.request.NettyRequestSender - Using pooled Channel '[id: 0xa8345d67, L:/127.0.0.1:54443 - R:localhost/127.0.0.1:15174]' for 'POST' to 'http://localhost:15174/session/a60178bbb195dbb57b0f20e6a291077c/element'
22:29:46.450 [Forwarding findElement on session a60178bbb195dbb57b0f20e6a291077c to remote] DEBUG org.asynchttpclient.netty.request.NettyRequestSender - Using open Channel [id: 0xa8345d67, L:/127.0.0.1:54443 - R:localhost/127.0.0.1:15174] for POST '/session/a60178bbb195dbb57b0f20e6a291077c/element'
22:29:46.477 [AsyncHttpClient-1-2] DEBUG org.asynchttpclient.netty.handler.HttpHandler - 

Request DefaultHttpRequest(decodeResult: success, version: HTTP/1.1)
POST /session/a60178bbb195dbb57b0f20e6a291077c/element HTTP/1.1
User-Agent: selenium/4.8.1 (java windows)
Content-Length: 53
Content-Type: application/json; charset=utf-8
host: localhost:15174
accept: */*

Response DefaultHttpResponse(decodeResult: success, version: HTTP/1.1)
HTTP/1.1 200 OK
Content-Length: 88
Content-Type: application/json; charset=utf-8
cache-control: no-cache

22:29:46.477 [AsyncHttpClient-1-2] DEBUG org.asynchttpclient.netty.channel.ChannelManager - Adding key: http://localhost:15174 for channel [id: 0xa8345d67, L:/127.0.0.1:54443 - R:localhost/127.0.0.1:15174]
22:29:46.480 [Forwarding clearElement on session a60178bbb195dbb57b0f20e6a291077c to remote] DEBUG org.asynchttpclient.netty.request.NettyRequestSender - Using pooled Channel '[id: 0xa8345d67, L:/127.0.0.1:54443 - R:localhost/127.0.0.1:15174]' for 'POST' to 'http://localhost:15174/session/a60178bbb195dbb57b0f20e6a291077c/element/bb057c2f-92e6-417f-800c-114c55322d9f/clear'
22:29:46.481 [Forwarding clearElement on session a60178bbb195dbb57b0f20e6a291077c to remote] DEBUG org.asynchttpclient.netty.request.NettyRequestSender - Using open Channel [id: 0xa8345d67, L:/127.0.0.1:54443 - R:localhost/127.0.0.1:15174] for POST '/session/a60178bbb195dbb57b0f20e6a291077c/element/bb057c2f-92e6-417f-800c-114c55322d9f/clear'
22:29:46.535 [AsyncHttpClient-1-2] DEBUG org.asynchttpclient.netty.handler.HttpHandler - 

Request DefaultHttpRequest(decodeResult: success, version: HTTP/1.1)
POST /session/a60178bbb195dbb57b0f20e6a291077c/element/bb057c2f-92e6-417f-800c-114c55322d9f/clear HTTP/1.1
User-Agent: selenium/4.8.1 (java windows)
Content-Length: 50
Content-Type: application/json; charset=utf-8
host: localhost:15174
accept: */*

Response DefaultHttpResponse(decodeResult: success, version: HTTP/1.1)
HTTP/1.1 200 OK
Content-Length: 14
Content-Type: application/json; charset=utf-8
cache-control: no-cache

22:29:46.535 [AsyncHttpClient-1-2] DEBUG org.asynchttpclient.netty.channel.ChannelManager - Adding key: http://localhost:15174 for channel [id: 0xa8345d67, L:/127.0.0.1:54443 - R:localhost/127.0.0.1:15174]
22:29:46.538 [Forwarding sendKeysToElement on session a60178bbb195dbb57b0f20e6a291077c to remote] DEBUG org.asynchttpclient.netty.request.NettyRequestSender - Using pooled Channel '[id: 0xa8345d67, L:/127.0.0.1:54443 - R:localhost/127.0.0.1:15174]' for 'POST' to 'http://localhost:15174/session/a60178bbb195dbb57b0f20e6a291077c/element/bb057c2f-92e6-417f-800c-114c55322d9f/value'
22:29:46.538 [Forwarding sendKeysToElement on session a60178bbb195dbb57b0f20e6a291077c to remote] DEBUG org.asynchttpclient.netty.request.NettyRequestSender - Using open Channel [id: 0xa8345d67, L:/127.0.0.1:54443 - R:localhost/127.0.0.1:15174] for POST '/session/a60178bbb195dbb57b0f20e6a291077c/element/bb057c2f-92e6-417f-800c-114c55322d9f/value'
22:29:46.645 [AsyncHttpClient-1-2] DEBUG org.asynchttpclient.netty.handler.HttpHandler - 

Request DefaultHttpRequest(decodeResult: success, version: HTTP/1.1)
POST /session/a60178bbb195dbb57b0f20e6a291077c/element/bb057c2f-92e6-417f-800c-114c55322d9f/value HTTP/1.1
User-Agent: selenium/4.8.1 (java windows)
Content-Length: 181
Content-Type: application/json; charset=utf-8
host: localhost:15174
accept: */*

Response DefaultHttpResponse(decodeResult: success, version: HTTP/1.1)
HTTP/1.1 200 OK
Content-Length: 14
Content-Type: application/json; charset=utf-8
cache-control: no-cache

22:29:46.646 [AsyncHttpClient-1-2] DEBUG org.asynchttpclient.netty.channel.ChannelManager - Adding key: http://localhost:15174 for channel [id: 0xa8345d67, L:/127.0.0.1:54443 - R:localhost/127.0.0.1:15174]
22:29:46.658 [Forwarding getAlertText on session a60178bbb195dbb57b0f20e6a291077c to remote] DEBUG org.asynchttpclient.netty.request.NettyRequestSender - Using pooled Channel '[id: 0xa8345d67, L:/127.0.0.1:54443 - R:localhost/127.0.0.1:15174]' for 'GET' to 'http://localhost:15174/session/a60178bbb195dbb57b0f20e6a291077c/alert/text'
22:29:46.659 [Forwarding getAlertText on session a60178bbb195dbb57b0f20e6a291077c to remote] DEBUG org.asynchttpclient.netty.request.NettyRequestSender - Using open Channel [id: 0xa8345d67, L:/127.0.0.1:54443 - R:localhost/127.0.0.1:15174] for GET '/session/a60178bbb195dbb57b0f20e6a291077c/alert/text'
22:29:46.662 [AsyncHttpClient-1-2] DEBUG org.asynchttpclient.netty.handler.HttpHandler - 

Request DefaultFullHttpRequest(decodeResult: success, version: HTTP/1.1, content: EmptyByteBufBE)
GET /session/a60178bbb195dbb57b0f20e6a291077c/alert/text HTTP/1.1
User-Agent: selenium/4.8.1 (java windows)
Cache-Control: no-cache
Content-Type: application/json; charset=utf-8
host: localhost:15174
accept: */*

Response DefaultHttpResponse(decodeResult: success, version: HTTP/1.1)
HTTP/1.1 404 Not Found
Content-Length: 835
Content-Type: application/json; charset=utf-8
cache-control: no-cache

22:29:46.662 [AsyncHttpClient-1-2] DEBUG org.asynchttpclient.netty.channel.ChannelManager - Adding key: http://localhost:15174 for channel [id: 0xa8345d67, L:/127.0.0.1:54443 - R:localhost/127.0.0.1:15174]
22:29:46.664 [Forwarding getCurrentUrl on session a60178bbb195dbb57b0f20e6a291077c to remote] DEBUG org.asynchttpclient.netty.request.NettyRequestSender - Using pooled Channel '[id: 0xa8345d67, L:/127.0.0.1:54443 - R:localhost/127.0.0.1:15174]' for 'GET' to 'http://localhost:15174/session/a60178bbb195dbb57b0f20e6a291077c/url'
22:29:46.664 [Forwarding getCurrentUrl on session a60178bbb195dbb57b0f20e6a291077c to remote] DEBUG org.asynchttpclient.netty.request.NettyRequestSender - Using open Channel [id: 0xa8345d67, L:/127.0.0.1:54443 - R:localhost/127.0.0.1:15174] for GET '/session/a60178bbb195dbb57b0f20e6a291077c/url'
22:29:46.670 [AsyncHttpClient-1-2] DEBUG org.asynchttpclient.netty.handler.HttpHandler - 

Request DefaultFullHttpRequest(decodeResult: success, version: HTTP/1.1, content: EmptyByteBufBE)
GET /session/a60178bbb195dbb57b0f20e6a291077c/url HTTP/1.1
User-Agent: selenium/4.8.1 (java windows)
Cache-Control: no-cache
Content-Type: application/json; charset=utf-8
host: localhost:15174
accept: */*

Response DefaultHttpResponse(decodeResult: success, version: HTTP/1.1)
HTTP/1.1 200 OK
Content-Length: 42
Content-Type: application/json; charset=utf-8
cache-control: no-cache

22:29:46.671 [AsyncHttpClient-1-2] DEBUG org.asynchttpclient.netty.channel.ChannelManager - Adding key: http://localhost:15174 for channel [id: 0xa8345d67, L:/127.0.0.1:54443 - R:localhost/127.0.0.1:15174]
22:29:46.673 [Forwarding screenshot on session a60178bbb195dbb57b0f20e6a291077c to remote] DEBUG org.asynchttpclient.netty.request.NettyRequestSender - Using pooled Channel '[id: 0xa8345d67, L:/127.0.0.1:54443 - R:localhost/127.0.0.1:15174]' for 'GET' to 'http://localhost:15174/session/a60178bbb195dbb57b0f20e6a291077c/screenshot'
22:29:46.673 [Forwarding screenshot on session a60178bbb195dbb57b0f20e6a291077c to remote] DEBUG org.asynchttpclient.netty.request.NettyRequestSender - Using open Channel [id: 0xa8345d67, L:/127.0.0.1:54443 - R:localhost/127.0.0.1:15174] for GET '/session/a60178bbb195dbb57b0f20e6a291077c/screenshot'
22:29:46.782 [AsyncHttpClient-1-1] DEBUG org.asynchttpclient.netty.channel.DefaultChannelPool - Entry count for : http://localhost:54445 : 1
22:29:47.014 [AsyncHttpClient-1-2] DEBUG org.asynchttpclient.netty.handler.HttpHandler - 

Request DefaultFullHttpRequest(decodeResult: success, version: HTTP/1.1, content: EmptyByteBufBE)
GET /session/a60178bbb195dbb57b0f20e6a291077c/screenshot HTTP/1.1
User-Agent: selenium/4.8.1 (java windows)
Cache-Control: no-cache
Content-Type: application/json; charset=utf-8
host: localhost:15174
accept: */*

Response DefaultHttpResponse(decodeResult: success, version: HTTP/1.1)
HTTP/1.1 200 OK
Content-Length: 257924
Content-Type: application/json; charset=utf-8
cache-control: no-cache

22:29:47.017 [AsyncHttpClient-1-2] DEBUG org.asynchttpclient.netty.channel.ChannelManager - Adding key: http://localhost:15174 for channel [id: 0xa8345d67, L:/127.0.0.1:54443 - R:localhost/127.0.0.1:15174]
22:29:47.028 [main] DEBUG net.serenitybdd.core.photography.Darkroom - Send negative for processing for target\site\serenity\e2c47747e29483057e0f2454d77182bb43c1761019793633849f85eab2dde3b1.png
22:29:47.029 [main] DEBUG net.thucydides.core.steps.StepInterceptor - STEP DONE: inputPassword
  &amp#27;[32mAnd &amp#27;[0m&amp#27;[32mI enter correct password&amp#27;[0m                                &amp#27;[90m# starter.stepdefintions.LoginSteps.inputPassword()&amp#27;[0m
22:29:47.031 [Darkroom Processing Line] DEBUG net.serenitybdd.core.photography.DarkroomProcessingLine - Processing screenshot image in /var/screenshots/screenshot-3023539546372790157
22:29:47.031 [Darkroom Processing Line] DEBUG net.serenitybdd.core.photography.DarkroomProcessingLine - Saving screenshot to target\site\serenity\e2c47747e29483057e0f2454d77182bb43c1761019793633849f85eab2dde3b1.png
22:29:47.046 [Forwarding getPageSource on session a60178bbb195dbb57b0f20e6a291077c to remote] DEBUG org.asynchttpclient.netty.request.NettyRequestSender - Using pooled Channel '[id: 0xa8345d67, L:/127.0.0.1:54443 - R:localhost/127.0.0.1:15174]' for 'POST' to 'http://localhost:15174/session/a60178bbb195dbb57b0f20e6a291077c/execute/sync'
22:29:47.046 [Forwarding getPageSource on session a60178bbb195dbb57b0f20e6a291077c to remote] DEBUG org.asynchttpclient.netty.request.NettyRequestSender - Using open Channel [id: 0xa8345d67, L:/127.0.0.1:54443 - R:localhost/127.0.0.1:15174] for POST '/session/a60178bbb195dbb57b0f20e6a291077c/execute/sync'
22:29:47.062 [AsyncHttpClient-1-2] DEBUG org.asynchttpclient.netty.handler.HttpHandler - 

Request DefaultHttpRequest(decodeResult: success, version: HTTP/1.1)
POST /session/a60178bbb195dbb57b0f20e6a291077c/execute/sync HTTP/1.1
User-Agent: selenium/4.8.1 (java windows)
Content-Length: 176
Content-Type: application/json; charset=utf-8
host: localhost:15174
accept: */*

Response DefaultHttpResponse(decodeResult: success, version: HTTP/1.1)
HTTP/1.1 200 OK
Content-Length: 96962
Content-Type: application/json; charset=utf-8
cache-control: no-cache

22:29:47.063 [AsyncHttpClient-1-2] DEBUG org.asynchttpclient.netty.channel.ChannelManager - Adding key: http://localhost:15174 for channel [id: 0xa8345d67, L:/127.0.0.1:54443 - R:localhost/127.0.0.1:15174]
22:29:47.077 [Forwarding getCurrentUrl on session a60178bbb195dbb57b0f20e6a291077c to remote] DEBUG org.asynchttpclient.netty.request.NettyRequestSender - Using pooled Channel '[id: 0xa8345d67, L:/127.0.0.1:54443 - R:localhost/127.0.0.1:15174]' for 'GET' to 'http://localhost:15174/session/a60178bbb195dbb57b0f20e6a291077c/url'
22:29:47.077 [Forwarding getCurrentUrl on session a60178bbb195dbb57b0f20e6a291077c to remote] DEBUG org.asynchttpclient.netty.request.NettyRequestSender - Using open Channel [id: 0xa8345d67, L:/127.0.0.1:54443 - R:localhost/127.0.0.1:15174] for GET '/session/a60178bbb195dbb57b0f20e6a291077c/url'
22:29:47.083 [AsyncHttpClient-1-2] DEBUG org.asynchttpclient.netty.handler.HttpHandler - 

Request DefaultFullHttpRequest(decodeResult: success, version: HTTP/1.1, content: EmptyByteBufBE)
GET /session/a60178bbb195dbb57b0f20e6a291077c/url HTTP/1.1
User-Agent: selenium/4.8.1 (java windows)
Cache-Control: no-cache
Content-Type: application/json; charset=utf-8
host: localhost:15174
accept: */*

Response DefaultHttpResponse(decodeResult: success, version: HTTP/1.1)
HTTP/1.1 200 OK
Content-Length: 42
Content-Type: application/json; charset=utf-8
cache-control: no-cache

22:29:47.083 [AsyncHttpClient-1-2] DEBUG org.asynchttpclient.netty.channel.ChannelManager - Adding key: http://localhost:15174 for channel [id: 0xa8345d67, L:/127.0.0.1:54443 - R:localhost/127.0.0.1:15174]
22:29:47.102 [Forwarding getAlertText on session a60178bbb195dbb57b0f20e6a291077c to remote] DEBUG org.asynchttpclient.netty.request.NettyRequestSender - Using pooled Channel '[id: 0xa8345d67, L:/127.0.0.1:54443 - R:localhost/127.0.0.1:15174]' for 'GET' to 'http://localhost:15174/session/a60178bbb195dbb57b0f20e6a291077c/alert/text'
22:29:47.102 [Forwarding getAlertText on session a60178bbb195dbb57b0f20e6a291077c to remote] DEBUG org.asynchttpclient.netty.request.NettyRequestSender - Using open Channel [id: 0xa8345d67, L:/127.0.0.1:54443 - R:localhost/127.0.0.1:15174] for GET '/session/a60178bbb195dbb57b0f20e6a291077c/alert/text'
22:29:47.105 [AsyncHttpClient-1-2] DEBUG org.asynchttpclient.netty.handler.HttpHandler - 

Request DefaultFullHttpRequest(decodeResult: success, version: HTTP/1.1, content: EmptyByteBufBE)
GET /session/a60178bbb195dbb57b0f20e6a291077c/alert/text HTTP/1.1
User-Agent: selenium/4.8.1 (java windows)
Cache-Control: no-cache
Content-Type: application/json; charset=utf-8
host: localhost:15174
accept: */*

Response DefaultHttpResponse(decodeResult: success, version: HTTP/1.1)
HTTP/1.1 404 Not Found
Content-Length: 835
Content-Type: application/json; charset=utf-8
cache-control: no-cache

22:29:47.105 [AsyncHttpClient-1-2] DEBUG org.asynchttpclient.netty.channel.ChannelManager - Adding key: http://localhost:15174 for channel [id: 0xa8345d67, L:/127.0.0.1:54443 - R:localhost/127.0.0.1:15174]
22:29:47.108 [Forwarding getCurrentUrl on session a60178bbb195dbb57b0f20e6a291077c to remote] DEBUG org.asynchttpclient.netty.request.NettyRequestSender - Using pooled Channel '[id: 0xa8345d67, L:/127.0.0.1:54443 - R:localhost/127.0.0.1:15174]' for 'GET' to 'http://localhost:15174/session/a60178bbb195dbb57b0f20e6a291077c/url'
22:29:47.108 [Forwarding getCurrentUrl on session a60178bbb195dbb57b0f20e6a291077c to remote] DEBUG org.asynchttpclient.netty.request.NettyRequestSender - Using open Channel [id: 0xa8345d67, L:/127.0.0.1:54443 - R:localhost/127.0.0.1:15174] for GET '/session/a60178bbb195dbb57b0f20e6a291077c/url'
22:29:47.114 [AsyncHttpClient-1-2] DEBUG org.asynchttpclient.netty.handler.HttpHandler - 

Request DefaultFullHttpRequest(decodeResult: success, version: HTTP/1.1, content: EmptyByteBufBE)
GET /session/a60178bbb195dbb57b0f20e6a291077c/url HTTP/1.1
User-Agent: selenium/4.8.1 (java windows)
Cache-Control: no-cache
Content-Type: application/json; charset=utf-8
host: localhost:15174
accept: */*

Response DefaultHttpResponse(decodeResult: success, version: HTTP/1.1)
HTTP/1.1 200 OK
Content-Length: 42
Content-Type: application/json; charset=utf-8
cache-control: no-cache

22:29:47.115 [AsyncHttpClient-1-2] DEBUG org.asynchttpclient.netty.channel.ChannelManager - Adding key: http://localhost:15174 for channel [id: 0xa8345d67, L:/127.0.0.1:54443 - R:localhost/127.0.0.1:15174]
22:29:47.117 [Forwarding screenshot on session a60178bbb195dbb57b0f20e6a291077c to remote] DEBUG org.asynchttpclient.netty.request.NettyRequestSender - Using pooled Channel '[id: 0xa8345d67, L:/127.0.0.1:54443 - R:localhost/127.0.0.1:15174]' for 'GET' to 'http://localhost:15174/session/a60178bbb195dbb57b0f20e6a291077c/screenshot'
22:29:47.117 [Forwarding screenshot on session a60178bbb195dbb57b0f20e6a291077c to remote] DEBUG org.asynchttpclient.netty.request.NettyRequestSender - Using open Channel [id: 0xa8345d67, L:/127.0.0.1:54443 - R:localhost/127.0.0.1:15174] for GET '/session/a60178bbb195dbb57b0f20e6a291077c/screenshot'
22:29:47.375 [AsyncHttpClient-1-2] DEBUG org.asynchttpclient.netty.handler.HttpHandler - 

Request DefaultFullHttpRequest(decodeResult: success, version: HTTP/1.1, content: EmptyByteBufBE)
GET /session/a60178bbb195dbb57b0f20e6a291077c/screenshot HTTP/1.1
User-Agent: selenium/4.8.1 (java windows)
Cache-Control: no-cache
Content-Type: application/json; charset=utf-8
host: localhost:15174
accept: */*

Response DefaultHttpResponse(decodeResult: success, version: HTTP/1.1)
HTTP/1.1 200 OK
Content-Length: 257024
Content-Type: application/json; charset=utf-8
cache-control: no-cache

22:29:47.377 [AsyncHttpClient-1-2] DEBUG org.asynchttpclient.netty.channel.ChannelManager - Adding key: http://localhost:15174 for channel [id: 0xa8345d67, L:/127.0.0.1:54443 - R:localhost/127.0.0.1:15174]
22:29:47.389 [main] DEBUG net.serenitybdd.core.photography.Darkroom - Send negative for processing for target\site\serenity\61a3203431c8193b93761f9f21832e67c82738c9d4b698c5414d3e50cb5bd842.png
22:29:47.390 [Darkroom Processing Line] DEBUG net.serenitybdd.core.photography.DarkroomProcessingLine - Processing screenshot image in /var/screenshots/screenshot-18339611662093319349
22:29:47.390 [Darkroom Processing Line] DEBUG net.serenitybdd.core.photography.DarkroomProcessingLine - Saving screenshot to target\site\serenity\61a3203431c8193b93761f9f21832e67c82738c9d4b698c5414d3e50cb5bd842.png
22:29:47.392 [Forwarding getPageSource on session a60178bbb195dbb57b0f20e6a291077c to remote] DEBUG org.asynchttpclient.netty.request.NettyRequestSender - Using pooled Channel '[id: 0xa8345d67, L:/127.0.0.1:54443 - R:localhost/127.0.0.1:15174]' for 'POST' to 'http://localhost:15174/session/a60178bbb195dbb57b0f20e6a291077c/execute/sync'
22:29:47.392 [Forwarding getPageSource on session a60178bbb195dbb57b0f20e6a291077c to remote] DEBUG org.asynchttpclient.netty.request.NettyRequestSender - Using open Channel [id: 0xa8345d67, L:/127.0.0.1:54443 - R:localhost/127.0.0.1:15174] for POST '/session/a60178bbb195dbb57b0f20e6a291077c/execute/sync'
22:29:47.411 [AsyncHttpClient-1-2] DEBUG org.asynchttpclient.netty.handler.HttpHandler - 

Request DefaultHttpRequest(decodeResult: success, version: HTTP/1.1)
POST /session/a60178bbb195dbb57b0f20e6a291077c/execute/sync HTTP/1.1
User-Agent: selenium/4.8.1 (java windows)
Content-Length: 176
Content-Type: application/json; charset=utf-8
host: localhost:15174
accept: */*

Response DefaultHttpResponse(decodeResult: success, version: HTTP/1.1)
HTTP/1.1 200 OK
Content-Length: 96962
Content-Type: application/json; charset=utf-8
cache-control: no-cache

22:29:47.411 [AsyncHttpClient-1-2] DEBUG org.asynchttpclient.netty.channel.ChannelManager - Adding key: http://localhost:15174 for channel [id: 0xa8345d67, L:/127.0.0.1:54443 - R:localhost/127.0.0.1:15174]
22:29:47.423 [Forwarding getCurrentUrl on session a60178bbb195dbb57b0f20e6a291077c to remote] DEBUG org.asynchttpclient.netty.request.NettyRequestSender - Using pooled Channel '[id: 0xa8345d67, L:/127.0.0.1:54443 - R:localhost/127.0.0.1:15174]' for 'GET' to 'http://localhost:15174/session/a60178bbb195dbb57b0f20e6a291077c/url'
22:29:47.423 [Forwarding getCurrentUrl on session a60178bbb195dbb57b0f20e6a291077c to remote] DEBUG org.asynchttpclient.netty.request.NettyRequestSender - Using open Channel [id: 0xa8345d67, L:/127.0.0.1:54443 - R:localhost/127.0.0.1:15174] for GET '/session/a60178bbb195dbb57b0f20e6a291077c/url'
22:29:47.429 [AsyncHttpClient-1-2] DEBUG org.asynchttpclient.netty.handler.HttpHandler - 

Request DefaultFullHttpRequest(decodeResult: success, version: HTTP/1.1, content: EmptyByteBufBE)
GET /session/a60178bbb195dbb57b0f20e6a291077c/url HTTP/1.1
User-Agent: selenium/4.8.1 (java windows)
Cache-Control: no-cache
Content-Type: application/json; charset=utf-8
host: localhost:15174
accept: */*

Response DefaultHttpResponse(decodeResult: success, version: HTTP/1.1)
HTTP/1.1 200 OK
Content-Length: 42
Content-Type: application/json; charset=utf-8
cache-control: no-cache

22:29:47.430 [AsyncHttpClient-1-2] DEBUG org.asynchttpclient.netty.channel.ChannelManager - Adding key: http://localhost:15174 for channel [id: 0xa8345d67, L:/127.0.0.1:54443 - R:localhost/127.0.0.1:15174]
22:29:47.434 [main] DEBUG net.thucydides.core.steps.StepInterceptor - STARTING STEP: LoginSteps.clickSubmitButton - clickSubmitButton
22:29:47.441 [Forwarding findElement on session a60178bbb195dbb57b0f20e6a291077c to remote] DEBUG org.asynchttpclient.netty.request.NettyRequestSender - Using pooled Channel '[id: 0xa8345d67, L:/127.0.0.1:54443 - R:localhost/127.0.0.1:15174]' for 'POST' to 'http://localhost:15174/session/a60178bbb195dbb57b0f20e6a291077c/element'
22:29:47.444 [Forwarding findElement on session a60178bbb195dbb57b0f20e6a291077c to remote] DEBUG org.asynchttpclient.netty.request.NettyRequestSender - Using open Channel [id: 0xa8345d67, L:/127.0.0.1:54443 - R:localhost/127.0.0.1:15174] for POST '/session/a60178bbb195dbb57b0f20e6a291077c/element'
22:29:47.465 [AsyncHttpClient-1-2] DEBUG org.asynchttpclient.netty.handler.HttpHandler - 

Request DefaultHttpRequest(decodeResult: success, version: HTTP/1.1)
POST /session/a60178bbb195dbb57b0f20e6a291077c/element HTTP/1.1
User-Agent: selenium/4.8.1 (java windows)
Content-Length: 57
Content-Type: application/json; charset=utf-8
host: localhost:15174
accept: */*

Response DefaultHttpResponse(decodeResult: success, version: HTTP/1.1)
HTTP/1.1 200 OK
Content-Length: 88
Content-Type: application/json; charset=utf-8
cache-control: no-cache

22:29:47.465 [AsyncHttpClient-1-2] DEBUG org.asynchttpclient.netty.channel.ChannelManager - Adding key: http://localhost:15174 for channel [id: 0xa8345d67, L:/127.0.0.1:54443 - R:localhost/127.0.0.1:15174]
22:29:47.468 [Forwarding getElementTagName on session a60178bbb195dbb57b0f20e6a291077c to remote] DEBUG org.asynchttpclient.netty.request.NettyRequestSender - Using pooled Channel '[id: 0xa8345d67, L:/127.0.0.1:54443 - R:localhost/127.0.0.1:15174]' for 'GET' to 'http://localhost:15174/session/a60178bbb195dbb57b0f20e6a291077c/element/05ba9444-bc03-471d-b2ab-49f16a08db99/name'
22:29:47.469 [Forwarding getElementTagName on session a60178bbb195dbb57b0f20e6a291077c to remote] DEBUG org.asynchttpclient.netty.request.NettyRequestSender - Using open Channel [id: 0xa8345d67, L:/127.0.0.1:54443 - R:localhost/127.0.0.1:15174] for GET '/session/a60178bbb195dbb57b0f20e6a291077c/element/05ba9444-bc03-471d-b2ab-49f16a08db99/name'
22:29:47.475 [AsyncHttpClient-1-2] DEBUG org.asynchttpclient.netty.handler.HttpHandler - 

Request DefaultFullHttpRequest(decodeResult: success, version: HTTP/1.1, content: EmptyByteBufBE)
GET /session/a60178bbb195dbb57b0f20e6a291077c/element/05ba9444-bc03-471d-b2ab-49f16a08db99/name HTTP/1.1
User-Agent: selenium/4.8.1 (java windows)
Cache-Control: no-cache
Content-Type: application/json; charset=utf-8
host: localhost:15174
accept: */*

Response DefaultHttpResponse(decodeResult: success, version: HTTP/1.1)
HTTP/1.1 200 OK
Content-Length: 18
Content-Type: application/json; charset=utf-8
cache-control: no-cache

22:29:47.475 [AsyncHttpClient-1-2] DEBUG org.asynchttpclient.netty.channel.ChannelManager - Adding key: http://localhost:15174 for channel [id: 0xa8345d67, L:/127.0.0.1:54443 - R:localhost/127.0.0.1:15174]
22:29:47.479 [Forwarding getElementTagName on session a60178bbb195dbb57b0f20e6a291077c to remote] DEBUG org.asynchttpclient.netty.request.NettyRequestSender - Using pooled Channel '[id: 0xa8345d67, L:/127.0.0.1:54443 - R:localhost/127.0.0.1:15174]' for 'GET' to 'http://localhost:15174/session/a60178bbb195dbb57b0f20e6a291077c/element/05ba9444-bc03-471d-b2ab-49f16a08db99/name'
22:29:47.479 [Forwarding getElementTagName on session a60178bbb195dbb57b0f20e6a291077c to remote] DEBUG org.asynchttpclient.netty.request.NettyRequestSender - Using open Channel [id: 0xa8345d67, L:/127.0.0.1:54443 - R:localhost/127.0.0.1:15174] for GET '/session/a60178bbb195dbb57b0f20e6a291077c/element/05ba9444-bc03-471d-b2ab-49f16a08db99/name'
22:29:47.484 [AsyncHttpClient-1-2] DEBUG org.asynchttpclient.netty.handler.HttpHandler - 

Request DefaultFullHttpRequest(decodeResult: success, version: HTTP/1.1, content: EmptyByteBufBE)
GET /session/a60178bbb195dbb57b0f20e6a291077c/element/05ba9444-bc03-471d-b2ab-49f16a08db99/name HTTP/1.1
User-Agent: selenium/4.8.1 (java windows)
Cache-Control: no-cache
Content-Type: application/json; charset=utf-8
host: localhost:15174
accept: */*

Response DefaultHttpResponse(decodeResult: success, version: HTTP/1.1)
HTTP/1.1 200 OK
Content-Length: 18
Content-Type: application/json; charset=utf-8
cache-control: no-cache

22:29:47.485 [AsyncHttpClient-1-2] DEBUG org.asynchttpclient.netty.channel.ChannelManager - Adding key: http://localhost:15174 for channel [id: 0xa8345d67, L:/127.0.0.1:54443 - R:localhost/127.0.0.1:15174]
22:29:47.493 [Forwarding isElementEnabled on session a60178bbb195dbb57b0f20e6a291077c to remote] DEBUG org.asynchttpclient.netty.request.NettyRequestSender - Using pooled Channel '[id: 0xa8345d67, L:/127.0.0.1:54443 - R:localhost/127.0.0.1:15174]' for 'GET' to 'http://localhost:15174/session/a60178bbb195dbb57b0f20e6a291077c/element/05ba9444-bc03-471d-b2ab-49f16a08db99/enabled'
22:29:47.493 [Forwarding isElementEnabled on session a60178bbb195dbb57b0f20e6a291077c to remote] DEBUG org.asynchttpclient.netty.request.NettyRequestSender - Using open Channel [id: 0xa8345d67, L:/127.0.0.1:54443 - R:localhost/127.0.0.1:15174] for GET '/session/a60178bbb195dbb57b0f20e6a291077c/element/05ba9444-bc03-471d-b2ab-49f16a08db99/enabled'
22:29:47.531 [AsyncHttpClient-1-2] DEBUG org.asynchttpclient.netty.handler.HttpHandler - 

Request DefaultFullHttpRequest(decodeResult: success, version: HTTP/1.1, content: EmptyByteBufBE)
GET /session/a60178bbb195dbb57b0f20e6a291077c/element/05ba9444-bc03-471d-b2ab-49f16a08db99/enabled HTTP/1.1
User-Agent: selenium/4.8.1 (java windows)
Cache-Control: no-cache
Content-Type: application/json; charset=utf-8
host: localhost:15174
accept: */*

Response DefaultHttpResponse(decodeResult: success, version: HTTP/1.1)
HTTP/1.1 200 OK
Content-Length: 14
Content-Type: application/json; charset=utf-8
cache-control: no-cache

22:29:47.531 [AsyncHttpClient-1-2] DEBUG org.asynchttpclient.netty.channel.ChannelManager - Adding key: http://localhost:15174 for channel [id: 0xa8345d67, L:/127.0.0.1:54443 - R:localhost/127.0.0.1:15174]
22:29:47.534 [Forwarding isElementEnabled on session a60178bbb195dbb57b0f20e6a291077c to remote] DEBUG org.asynchttpclient.netty.request.NettyRequestSender - Using pooled Channel '[id: 0xa8345d67, L:/127.0.0.1:54443 - R:localhost/127.0.0.1:15174]' for 'GET' to 'http://localhost:15174/session/a60178bbb195dbb57b0f20e6a291077c/element/05ba9444-bc03-471d-b2ab-49f16a08db99/enabled'
22:29:47.534 [Forwarding isElementEnabled on session a60178bbb195dbb57b0f20e6a291077c to remote] DEBUG org.asynchttpclient.netty.request.NettyRequestSender - Using open Channel [id: 0xa8345d67, L:/127.0.0.1:54443 - R:localhost/127.0.0.1:15174] for GET '/session/a60178bbb195dbb57b0f20e6a291077c/element/05ba9444-bc03-471d-b2ab-49f16a08db99/enabled'
22:29:47.547 [AsyncHttpClient-1-2] DEBUG org.asynchttpclient.netty.handler.HttpHandler - 

Request DefaultFullHttpRequest(decodeResult: success, version: HTTP/1.1, content: EmptyByteBufBE)
GET /session/a60178bbb195dbb57b0f20e6a291077c/element/05ba9444-bc03-471d-b2ab-49f16a08db99/enabled HTTP/1.1
User-Agent: selenium/4.8.1 (java windows)
Cache-Control: no-cache
Content-Type: application/json; charset=utf-8
host: localhost:15174
accept: */*

Response DefaultHttpResponse(decodeResult: success, version: HTTP/1.1)
HTTP/1.1 200 OK
Content-Length: 14
Content-Type: application/json; charset=utf-8
cache-control: no-cache

22:29:47.547 [AsyncHttpClient-1-2] DEBUG org.asynchttpclient.netty.channel.ChannelManager - Adding key: http://localhost:15174 for channel [id: 0xa8345d67, L:/127.0.0.1:54443 - R:localhost/127.0.0.1:15174]
22:29:47.553 [Forwarding findElement on session a60178bbb195dbb57b0f20e6a291077c to remote] DEBUG org.asynchttpclient.netty.request.NettyRequestSender - Using pooled Channel '[id: 0xa8345d67, L:/127.0.0.1:54443 - R:localhost/127.0.0.1:15174]' for 'POST' to 'http://localhost:15174/session/a60178bbb195dbb57b0f20e6a291077c/element'
22:29:47.553 [Forwarding findElement on session a60178bbb195dbb57b0f20e6a291077c to remote] DEBUG org.asynchttpclient.netty.request.NettyRequestSender - Using open Channel [id: 0xa8345d67, L:/127.0.0.1:54443 - R:localhost/127.0.0.1:15174] for POST '/session/a60178bbb195dbb57b0f20e6a291077c/element'
22:29:47.570 [AsyncHttpClient-1-2] DEBUG org.asynchttpclient.netty.handler.HttpHandler - 

Request DefaultHttpRequest(decodeResult: success, version: HTTP/1.1)
POST /session/a60178bbb195dbb57b0f20e6a291077c/element HTTP/1.1
User-Agent: selenium/4.8.1 (java windows)
Content-Length: 57
Content-Type: application/json; charset=utf-8
host: localhost:15174
accept: */*

Response DefaultHttpResponse(decodeResult: success, version: HTTP/1.1)
HTTP/1.1 200 OK
Content-Length: 88
Content-Type: application/json; charset=utf-8
cache-control: no-cache

22:29:47.570 [AsyncHttpClient-1-2] DEBUG org.asynchttpclient.netty.channel.ChannelManager - Adding key: http://localhost:15174 for channel [id: 0xa8345d67, L:/127.0.0.1:54443 - R:localhost/127.0.0.1:15174]
22:29:47.573 [Forwarding clickElement on session a60178bbb195dbb57b0f20e6a291077c to remote] DEBUG org.asynchttpclient.netty.request.NettyRequestSender - Using pooled Channel '[id: 0xa8345d67, L:/127.0.0.1:54443 - R:localhost/127.0.0.1:15174]' for 'POST' to 'http://localhost:15174/session/a60178bbb195dbb57b0f20e6a291077c/element/05ba9444-bc03-471d-b2ab-49f16a08db99/click'
22:29:47.574 [Forwarding clickElement on session a60178bbb195dbb57b0f20e6a291077c to remote] DEBUG org.asynchttpclient.netty.request.NettyRequestSender - Using open Channel [id: 0xa8345d67, L:/127.0.0.1:54443 - R:localhost/127.0.0.1:15174] for POST '/session/a60178bbb195dbb57b0f20e6a291077c/element/05ba9444-bc03-471d-b2ab-49f16a08db99/click'
22:29:47.756 [AsyncHttpClient-1-2] DEBUG org.asynchttpclient.netty.handler.HttpHandler - 

Request DefaultHttpRequest(decodeResult: success, version: HTTP/1.1)
POST /session/a60178bbb195dbb57b0f20e6a291077c/element/05ba9444-bc03-471d-b2ab-49f16a08db99/click HTTP/1.1
User-Agent: selenium/4.8.1 (java windows)
Content-Length: 50
Content-Type: application/json; charset=utf-8
host: localhost:15174
accept: */*

Response DefaultHttpResponse(decodeResult: success, version: HTTP/1.1)
HTTP/1.1 200 OK
Content-Length: 14
Content-Type: application/json; charset=utf-8
cache-control: no-cache

22:29:47.756 [AsyncHttpClient-1-2] DEBUG org.asynchttpclient.netty.channel.ChannelManager - Adding key: http://localhost:15174 for channel [id: 0xa8345d67, L:/127.0.0.1:54443 - R:localhost/127.0.0.1:15174]
22:29:47.769 [Forwarding getAlertText on session a60178bbb195dbb57b0f20e6a291077c to remote] DEBUG org.asynchttpclient.netty.request.NettyRequestSender - Using pooled Channel '[id: 0xa8345d67, L:/127.0.0.1:54443 - R:localhost/127.0.0.1:15174]' for 'GET' to 'http://localhost:15174/session/a60178bbb195dbb57b0f20e6a291077c/alert/text'
22:29:47.769 [Forwarding getAlertText on session a60178bbb195dbb57b0f20e6a291077c to remote] DEBUG org.asynchttpclient.netty.request.NettyRequestSender - Using open Channel [id: 0xa8345d67, L:/127.0.0.1:54443 - R:localhost/127.0.0.1:15174] for GET '/session/a60178bbb195dbb57b0f20e6a291077c/alert/text'
22:29:47.771 [AsyncHttpClient-1-2] DEBUG org.asynchttpclient.netty.handler.HttpHandler - 

Request DefaultFullHttpRequest(decodeResult: success, version: HTTP/1.1, content: EmptyByteBufBE)
GET /session/a60178bbb195dbb57b0f20e6a291077c/alert/text HTTP/1.1
User-Agent: selenium/4.8.1 (java windows)
Cache-Control: no-cache
Content-Type: application/json; charset=utf-8
host: localhost:15174
accept: */*

Response DefaultHttpResponse(decodeResult: success, version: HTTP/1.1)
HTTP/1.1 404 Not Found
Content-Length: 835
Content-Type: application/json; charset=utf-8
cache-control: no-cache

22:29:47.772 [AsyncHttpClient-1-2] DEBUG org.asynchttpclient.netty.channel.ChannelManager - Adding key: http://localhost:15174 for channel [id: 0xa8345d67, L:/127.0.0.1:54443 - R:localhost/127.0.0.1:15174]
22:29:47.774 [Forwarding getCurrentUrl on session a60178bbb195dbb57b0f20e6a291077c to remote] DEBUG org.asynchttpclient.netty.request.NettyRequestSender - Using pooled Channel '[id: 0xa8345d67, L:/127.0.0.1:54443 - R:localhost/127.0.0.1:15174]' for 'GET' to 'http://localhost:15174/session/a60178bbb195dbb57b0f20e6a291077c/url'
22:29:47.774 [Forwarding getCurrentUrl on session a60178bbb195dbb57b0f20e6a291077c to remote] DEBUG org.asynchttpclient.netty.request.NettyRequestSender - Using open Channel [id: 0xa8345d67, L:/127.0.0.1:54443 - R:localhost/127.0.0.1:15174] for GET '/session/a60178bbb195dbb57b0f20e6a291077c/url'
22:29:47.780 [AsyncHttpClient-1-2] DEBUG org.asynchttpclient.netty.handler.HttpHandler - 

Request DefaultFullHttpRequest(decodeResult: success, version: HTTP/1.1, content: EmptyByteBufBE)
GET /session/a60178bbb195dbb57b0f20e6a291077c/url HTTP/1.1
User-Agent: selenium/4.8.1 (java windows)
Cache-Control: no-cache
Content-Type: application/json; charset=utf-8
host: localhost:15174
accept: */*

Response DefaultHttpResponse(decodeResult: success, version: HTTP/1.1)
HTTP/1.1 200 OK
Content-Length: 42
Content-Type: application/json; charset=utf-8
cache-control: no-cache

22:29:47.780 [AsyncHttpClient-1-2] DEBUG org.asynchttpclient.netty.channel.ChannelManager - Adding key: http://localhost:15174 for channel [id: 0xa8345d67, L:/127.0.0.1:54443 - R:localhost/127.0.0.1:15174]
22:29:47.783 [Forwarding screenshot on session a60178bbb195dbb57b0f20e6a291077c to remote] DEBUG org.asynchttpclient.netty.request.NettyRequestSender - Using pooled Channel '[id: 0xa8345d67, L:/127.0.0.1:54443 - R:localhost/127.0.0.1:15174]' for 'GET' to 'http://localhost:15174/session/a60178bbb195dbb57b0f20e6a291077c/screenshot'
22:29:47.783 [Forwarding screenshot on session a60178bbb195dbb57b0f20e6a291077c to remote] DEBUG org.asynchttpclient.netty.request.NettyRequestSender - Using open Channel [id: 0xa8345d67, L:/127.0.0.1:54443 - R:localhost/127.0.0.1:15174] for GET '/session/a60178bbb195dbb57b0f20e6a291077c/screenshot'
22:29:47.882 [AsyncHttpClient-1-1] DEBUG org.asynchttpclient.netty.channel.DefaultChannelPool - Entry count for : http://localhost:54445 : 1
22:29:48.052 [AsyncHttpClient-1-2] DEBUG org.asynchttpclient.netty.handler.HttpHandler - 

Request DefaultFullHttpRequest(decodeResult: success, version: HTTP/1.1, content: EmptyByteBufBE)
GET /session/a60178bbb195dbb57b0f20e6a291077c/screenshot HTTP/1.1
User-Agent: selenium/4.8.1 (java windows)
Cache-Control: no-cache
Content-Type: application/json; charset=utf-8
host: localhost:15174
accept: */*

Response DefaultHttpResponse(decodeResult: success, version: HTTP/1.1)
HTTP/1.1 200 OK
Content-Length: 148480
Content-Type: application/json; charset=utf-8
cache-control: no-cache

22:29:48.053 [AsyncHttpClient-1-2] DEBUG org.asynchttpclient.netty.channel.ChannelManager - Adding key: http://localhost:15174 for channel [id: 0xa8345d67, L:/127.0.0.1:54443 - R:localhost/127.0.0.1:15174]
22:29:48.059 [main] DEBUG net.serenitybdd.core.photography.Darkroom - Send negative for processing for target\site\serenity\92614345d7b65986f16545c1d68cf24f2b2efe322f61849f78eeedb12b67f9a7.png
22:29:48.059 [main] DEBUG net.thucydides.core.steps.StepInterceptor - STEP DONE: clickSubmitButton
  &amp#27;[32mWhen &amp#27;[0m&amp#27;[32mI click on the submit button&amp#27;[0m                           &amp#27;[90m# starter.stepdefintions.LoginSteps.clickSubmitButton()&amp#27;[0m
22:29:48.060 [Darkroom Processing Line] DEBUG net.serenitybdd.core.photography.DarkroomProcessingLine - Processing screenshot image in /var/screenshots/screenshot-10762868763468626415
22:29:48.060 [Darkroom Processing Line] DEBUG net.serenitybdd.core.photography.DarkroomProcessingLine - Saving screenshot to target\site\serenity\92614345d7b65986f16545c1d68cf24f2b2efe322f61849f78eeedb12b67f9a7.png
22:29:48.080 [Forwarding getPageSource on session a60178bbb195dbb57b0f20e6a291077c to remote] DEBUG org.asynchttpclient.netty.request.NettyRequestSender - Using pooled Channel '[id: 0xa8345d67, L:/127.0.0.1:54443 - R:localhost/127.0.0.1:15174]' for 'POST' to 'http://localhost:15174/session/a60178bbb195dbb57b0f20e6a291077c/execute/sync'
22:29:48.080 [Forwarding getPageSource on session a60178bbb195dbb57b0f20e6a291077c to remote] DEBUG org.asynchttpclient.netty.request.NettyRequestSender - Using open Channel [id: 0xa8345d67, L:/127.0.0.1:54443 - R:localhost/127.0.0.1:15174] for POST '/session/a60178bbb195dbb57b0f20e6a291077c/execute/sync'
22:29:48.100 [AsyncHttpClient-1-2] DEBUG org.asynchttpclient.netty.handler.HttpHandler - 

Request DefaultHttpRequest(decodeResult: success, version: HTTP/1.1)
POST /session/a60178bbb195dbb57b0f20e6a291077c/execute/sync HTTP/1.1
User-Agent: selenium/4.8.1 (java windows)
Content-Length: 176
Content-Type: application/json; charset=utf-8
host: localhost:15174
accept: */*

Response DefaultHttpResponse(decodeResult: success, version: HTTP/1.1)
HTTP/1.1 200 OK
Content-Length: 103411
Content-Type: application/json; charset=utf-8
cache-control: no-cache

22:29:48.100 [AsyncHttpClient-1-2] DEBUG org.asynchttpclient.netty.channel.ChannelManager - Adding key: http://localhost:15174 for channel [id: 0xa8345d67, L:/127.0.0.1:54443 - R:localhost/127.0.0.1:15174]
22:29:48.113 [Forwarding getCurrentUrl on session a60178bbb195dbb57b0f20e6a291077c to remote] DEBUG org.asynchttpclient.netty.request.NettyRequestSender - Using pooled Channel '[id: 0xa8345d67, L:/127.0.0.1:54443 - R:localhost/127.0.0.1:15174]' for 'GET' to 'http://localhost:15174/session/a60178bbb195dbb57b0f20e6a291077c/url'
22:29:48.113 [Forwarding getCurrentUrl on session a60178bbb195dbb57b0f20e6a291077c to remote] DEBUG org.asynchttpclient.netty.request.NettyRequestSender - Using open Channel [id: 0xa8345d67, L:/127.0.0.1:54443 - R:localhost/127.0.0.1:15174] for GET '/session/a60178bbb195dbb57b0f20e6a291077c/url'
22:29:48.119 [AsyncHttpClient-1-2] DEBUG org.asynchttpclient.netty.handler.HttpHandler - 

Request DefaultFullHttpRequest(decodeResult: success, version: HTTP/1.1, content: EmptyByteBufBE)
GET /session/a60178bbb195dbb57b0f20e6a291077c/url HTTP/1.1
User-Agent: selenium/4.8.1 (java windows)
Cache-Control: no-cache
Content-Type: application/json; charset=utf-8
host: localhost:15174
accept: */*

Response DefaultHttpResponse(decodeResult: success, version: HTTP/1.1)
HTTP/1.1 200 OK
Content-Length: 42
Content-Type: application/json; charset=utf-8
cache-control: no-cache

22:29:48.120 [AsyncHttpClient-1-2] DEBUG org.asynchttpclient.netty.channel.ChannelManager - Adding key: http://localhost:15174 for channel [id: 0xa8345d67, L:/127.0.0.1:54443 - R:localhost/127.0.0.1:15174]
22:29:48.142 [Forwarding getAlertText on session a60178bbb195dbb57b0f20e6a291077c to remote] DEBUG org.asynchttpclient.netty.request.NettyRequestSender - Using pooled Channel '[id: 0xa8345d67, L:/127.0.0.1:54443 - R:localhost/127.0.0.1:15174]' for 'GET' to 'http://localhost:15174/session/a60178bbb195dbb57b0f20e6a291077c/alert/text'
22:29:48.142 [Forwarding getAlertText on session a60178bbb195dbb57b0f20e6a291077c to remote] DEBUG org.asynchttpclient.netty.request.NettyRequestSender - Using open Channel [id: 0xa8345d67, L:/127.0.0.1:54443 - R:localhost/127.0.0.1:15174] for GET '/session/a60178bbb195dbb57b0f20e6a291077c/alert/text'
22:29:48.145 [AsyncHttpClient-1-2] DEBUG org.asynchttpclient.netty.handler.HttpHandler - 

Request DefaultFullHttpRequest(decodeResult: success, version: HTTP/1.1, content: EmptyByteBufBE)
GET /session/a60178bbb195dbb57b0f20e6a291077c/alert/text HTTP/1.1
User-Agent: selenium/4.8.1 (java windows)
Cache-Control: no-cache
Content-Type: application/json; charset=utf-8
host: localhost:15174
accept: */*

Response DefaultHttpResponse(decodeResult: success, version: HTTP/1.1)
HTTP/1.1 404 Not Found
Content-Length: 835
Content-Type: application/json; charset=utf-8
cache-control: no-cache

22:29:48.145 [AsyncHttpClient-1-2] DEBUG org.asynchttpclient.netty.channel.ChannelManager - Adding key: http://localhost:15174 for channel [id: 0xa8345d67, L:/127.0.0.1:54443 - R:localhost/127.0.0.1:15174]
22:29:48.149 [Forwarding getCurrentUrl on session a60178bbb195dbb57b0f20e6a291077c to remote] DEBUG org.asynchttpclient.netty.request.NettyRequestSender - Using pooled Channel '[id: 0xa8345d67, L:/127.0.0.1:54443 - R:localhost/127.0.0.1:15174]' for 'GET' to 'http://localhost:15174/session/a60178bbb195dbb57b0f20e6a291077c/url'
22:29:48.149 [Forwarding getCurrentUrl on session a60178bbb195dbb57b0f20e6a291077c to remote] DEBUG org.asynchttpclient.netty.request.NettyRequestSender - Using open Channel [id: 0xa8345d67, L:/127.0.0.1:54443 - R:localhost/127.0.0.1:15174] for GET '/session/a60178bbb195dbb57b0f20e6a291077c/url'
22:29:48.160 [AsyncHttpClient-1-2] DEBUG org.asynchttpclient.netty.handler.HttpHandler - 

Request DefaultFullHttpRequest(decodeResult: success, version: HTTP/1.1, content: EmptyByteBufBE)
GET /session/a60178bbb195dbb57b0f20e6a291077c/url HTTP/1.1
User-Agent: selenium/4.8.1 (java windows)
Cache-Control: no-cache
Content-Type: application/json; charset=utf-8
host: localhost:15174
accept: */*

Response DefaultHttpResponse(decodeResult: success, version: HTTP/1.1)
HTTP/1.1 200 OK
Content-Length: 42
Content-Type: application/json; charset=utf-8
cache-control: no-cache

22:29:48.161 [AsyncHttpClient-1-2] DEBUG org.asynchttpclient.netty.channel.ChannelManager - Adding key: http://localhost:15174 for channel [id: 0xa8345d67, L:/127.0.0.1:54443 - R:localhost/127.0.0.1:15174]
22:29:48.162 [Forwarding screenshot on session a60178bbb195dbb57b0f20e6a291077c to remote] DEBUG org.asynchttpclient.netty.request.NettyRequestSender - Using pooled Channel '[id: 0xa8345d67, L:/127.0.0.1:54443 - R:localhost/127.0.0.1:15174]' for 'GET' to 'http://localhost:15174/session/a60178bbb195dbb57b0f20e6a291077c/screenshot'
22:29:48.163 [Forwarding screenshot on session a60178bbb195dbb57b0f20e6a291077c to remote] DEBUG org.asynchttpclient.netty.request.NettyRequestSender - Using open Channel [id: 0xa8345d67, L:/127.0.0.1:54443 - R:localhost/127.0.0.1:15174] for GET '/session/a60178bbb195dbb57b0f20e6a291077c/screenshot'
22:29:48.466 [AsyncHttpClient-1-2] DEBUG org.asynchttpclient.netty.handler.HttpHandler - 

Request DefaultFullHttpRequest(decodeResult: success, version: HTTP/1.1, content: EmptyByteBufBE)
GET /session/a60178bbb195dbb57b0f20e6a291077c/screenshot HTTP/1.1
User-Agent: selenium/4.8.1 (java windows)
Cache-Control: no-cache
Content-Type: application/json; charset=utf-8
host: localhost:15174
accept: */*

Response DefaultHttpResponse(decodeResult: success, version: HTTP/1.1)
HTTP/1.1 200 OK
Content-Length: 148660
Content-Type: application/json; charset=utf-8
cache-control: no-cache

22:29:48.467 [AsyncHttpClient-1-2] DEBUG org.asynchttpclient.netty.channel.ChannelManager - Adding key: http://localhost:15174 for channel [id: 0xa8345d67, L:/127.0.0.1:54443 - R:localhost/127.0.0.1:15174]
22:29:48.474 [main] DEBUG net.serenitybdd.core.photography.Darkroom - Send negative for processing for target\site\serenity\2729ce4d975bfe635a5614c83b931aa97b801987187380099e6189b1a0a11506.png
22:29:48.474 [Darkroom Processing Line] DEBUG net.serenitybdd.core.photography.DarkroomProcessingLine - Processing screenshot image in /var/screenshots/screenshot-13738271408411186084
22:29:48.474 [Darkroom Processing Line] DEBUG net.serenitybdd.core.photography.DarkroomProcessingLine - Saving screenshot to target\site\serenity\2729ce4d975bfe635a5614c83b931aa97b801987187380099e6189b1a0a11506.png
22:29:48.476 [Forwarding getPageSource on session a60178bbb195dbb57b0f20e6a291077c to remote] DEBUG org.asynchttpclient.netty.request.NettyRequestSender - Using pooled Channel '[id: 0xa8345d67, L:/127.0.0.1:54443 - R:localhost/127.0.0.1:15174]' for 'POST' to 'http://localhost:15174/session/a60178bbb195dbb57b0f20e6a291077c/execute/sync'
22:29:48.476 [Forwarding getPageSource on session a60178bbb195dbb57b0f20e6a291077c to remote] DEBUG org.asynchttpclient.netty.request.NettyRequestSender - Using open Channel [id: 0xa8345d67, L:/127.0.0.1:54443 - R:localhost/127.0.0.1:15174] for POST '/session/a60178bbb195dbb57b0f20e6a291077c/execute/sync'
22:29:48.497 [AsyncHttpClient-1-2] DEBUG org.asynchttpclient.netty.handler.HttpHandler - 

Request DefaultHttpRequest(decodeResult: success, version: HTTP/1.1)
POST /session/a60178bbb195dbb57b0f20e6a291077c/execute/sync HTTP/1.1
User-Agent: selenium/4.8.1 (java windows)
Content-Length: 176
Content-Type: application/json; charset=utf-8
host: localhost:15174
accept: */*

Response DefaultHttpResponse(decodeResult: success, version: HTTP/1.1)
HTTP/1.1 200 OK
Content-Length: 103754
Content-Type: application/json; charset=utf-8
cache-control: no-cache

22:29:48.498 [AsyncHttpClient-1-2] DEBUG org.asynchttpclient.netty.channel.ChannelManager - Adding key: http://localhost:15174 for channel [id: 0xa8345d67, L:/127.0.0.1:54443 - R:localhost/127.0.0.1:15174]
22:29:48.511 [Forwarding getCurrentUrl on session a60178bbb195dbb57b0f20e6a291077c to remote] DEBUG org.asynchttpclient.netty.request.NettyRequestSender - Using pooled Channel '[id: 0xa8345d67, L:/127.0.0.1:54443 - R:localhost/127.0.0.1:15174]' for 'GET' to 'http://localhost:15174/session/a60178bbb195dbb57b0f20e6a291077c/url'
22:29:48.511 [Forwarding getCurrentUrl on session a60178bbb195dbb57b0f20e6a291077c to remote] DEBUG org.asynchttpclient.netty.request.NettyRequestSender - Using open Channel [id: 0xa8345d67, L:/127.0.0.1:54443 - R:localhost/127.0.0.1:15174] for GET '/session/a60178bbb195dbb57b0f20e6a291077c/url'
22:29:48.519 [AsyncHttpClient-1-2] DEBUG org.asynchttpclient.netty.handler.HttpHandler - 

Request DefaultFullHttpRequest(decodeResult: success, version: HTTP/1.1, content: EmptyByteBufBE)
GET /session/a60178bbb195dbb57b0f20e6a291077c/url HTTP/1.1
User-Agent: selenium/4.8.1 (java windows)
Cache-Control: no-cache
Content-Type: application/json; charset=utf-8
host: localhost:15174
accept: */*

Response DefaultHttpResponse(decodeResult: success, version: HTTP/1.1)
HTTP/1.1 200 OK
Content-Length: 42
Content-Type: application/json; charset=utf-8
cache-control: no-cache

22:29:48.519 [AsyncHttpClient-1-2] DEBUG org.asynchttpclient.netty.channel.ChannelManager - Adding key: http://localhost:15174 for channel [id: 0xa8345d67, L:/127.0.0.1:54443 - R:localhost/127.0.0.1:15174]
22:29:48.523 [main] DEBUG net.thucydides.core.steps.StepInterceptor - STARTING STEP: LoginSteps.validateLoginSuccess - validateLoginSuccess
22:29:48.527 [Forwarding findElement on session a60178bbb195dbb57b0f20e6a291077c to remote] DEBUG org.asynchttpclient.netty.request.NettyRequestSender - Using pooled Channel '[id: 0xa8345d67, L:/127.0.0.1:54443 - R:localhost/127.0.0.1:15174]' for 'POST' to 'http://localhost:15174/session/a60178bbb195dbb57b0f20e6a291077c/element'
22:29:48.527 [Forwarding findElement on session a60178bbb195dbb57b0f20e6a291077c to remote] DEBUG org.asynchttpclient.netty.request.NettyRequestSender - Using open Channel [id: 0xa8345d67, L:/127.0.0.1:54443 - R:localhost/127.0.0.1:15174] for POST '/session/a60178bbb195dbb57b0f20e6a291077c/element'
22:29:48.537 [AsyncHttpClient-1-2] DEBUG org.asynchttpclient.netty.handler.HttpHandler - 

Request DefaultHttpRequest(decodeResult: success, version: HTTP/1.1)
POST /session/a60178bbb195dbb57b0f20e6a291077c/element HTTP/1.1
User-Agent: selenium/4.8.1 (java windows)
Content-Length: 62
Content-Type: application/json; charset=utf-8
host: localhost:15174
accept: */*

Response DefaultHttpResponse(decodeResult: success, version: HTTP/1.1)
HTTP/1.1 200 OK
Content-Length: 88
Content-Type: application/json; charset=utf-8
cache-control: no-cache

22:29:48.537 [AsyncHttpClient-1-2] DEBUG org.asynchttpclient.netty.channel.ChannelManager - Adding key: http://localhost:15174 for channel [id: 0xa8345d67, L:/127.0.0.1:54443 - R:localhost/127.0.0.1:15174]
22:29:48.543 [Forwarding isElementDisplayed on session a60178bbb195dbb57b0f20e6a291077c to remote] DEBUG org.asynchttpclient.netty.request.NettyRequestSender - Using pooled Channel '[id: 0xa8345d67, L:/127.0.0.1:54443 - R:localhost/127.0.0.1:15174]' for 'POST' to 'http://localhost:15174/session/a60178bbb195dbb57b0f20e6a291077c/execute/sync'
22:29:48.543 [Forwarding isElementDisplayed on session a60178bbb195dbb57b0f20e6a291077c to remote] DEBUG org.asynchttpclient.netty.request.NettyRequestSender - Using open Channel [id: 0xa8345d67, L:/127.0.0.1:54443 - R:localhost/127.0.0.1:15174] for POST '/session/a60178bbb195dbb57b0f20e6a291077c/execute/sync'
22:29:48.568 [AsyncHttpClient-1-2] DEBUG org.asynchttpclient.netty.handler.HttpHandler - 

Request DefaultHttpRequest(decodeResult: success, version: HTTP/1.1)
POST /session/a60178bbb195dbb57b0f20e6a291077c/execute/sync HTTP/1.1
User-Agent: selenium/4.8.1 (java windows)
Content-Length: 48807
Content-Type: application/json; charset=utf-8
host: localhost:15174
accept: */*

Response DefaultHttpResponse(decodeResult: success, version: HTTP/1.1)
HTTP/1.1 200 OK
Content-Length: 14
Content-Type: application/json; charset=utf-8
cache-control: no-cache

22:29:48.568 [AsyncHttpClient-1-2] DEBUG org.asynchttpclient.netty.channel.ChannelManager - Adding key: http://localhost:15174 for channel [id: 0xa8345d67, L:/127.0.0.1:54443 - R:localhost/127.0.0.1:15174]
22:29:48.577 [Forwarding getAlertText on session a60178bbb195dbb57b0f20e6a291077c to remote] DEBUG org.asynchttpclient.netty.request.NettyRequestSender - Using pooled Channel '[id: 0xa8345d67, L:/127.0.0.1:54443 - R:localhost/127.0.0.1:15174]' for 'GET' to 'http://localhost:15174/session/a60178bbb195dbb57b0f20e6a291077c/alert/text'
22:29:48.577 [Forwarding getAlertText on session a60178bbb195dbb57b0f20e6a291077c to remote] DEBUG org.asynchttpclient.netty.request.NettyRequestSender - Using open Channel [id: 0xa8345d67, L:/127.0.0.1:54443 - R:localhost/127.0.0.1:15174] for GET '/session/a60178bbb195dbb57b0f20e6a291077c/alert/text'
22:29:48.580 [AsyncHttpClient-1-2] DEBUG org.asynchttpclient.netty.handler.HttpHandler - 

Request DefaultFullHttpRequest(decodeResult: success, version: HTTP/1.1, content: EmptyByteBufBE)
GET /session/a60178bbb195dbb57b0f20e6a291077c/alert/text HTTP/1.1
User-Agent: selenium/4.8.1 (java windows)
Cache-Control: no-cache
Content-Type: application/json; charset=utf-8
host: localhost:15174
accept: */*

Response DefaultHttpResponse(decodeResult: success, version: HTTP/1.1)
HTTP/1.1 404 Not Found
Content-Length: 835
Content-Type: application/json; charset=utf-8
cache-control: no-cache

22:29:48.580 [AsyncHttpClient-1-2] DEBUG org.asynchttpclient.netty.channel.ChannelManager - Adding key: http://localhost:15174 for channel [id: 0xa8345d67, L:/127.0.0.1:54443 - R:localhost/127.0.0.1:15174]
22:29:48.583 [Forwarding getCurrentUrl on session a60178bbb195dbb57b0f20e6a291077c to remote] DEBUG org.asynchttpclient.netty.request.NettyRequestSender - Using pooled Channel '[id: 0xa8345d67, L:/127.0.0.1:54443 - R:localhost/127.0.0.1:15174]' for 'GET' to 'http://localhost:15174/session/a60178bbb195dbb57b0f20e6a291077c/url'
22:29:48.583 [Forwarding getCurrentUrl on session a60178bbb195dbb57b0f20e6a291077c to remote] DEBUG org.asynchttpclient.netty.request.NettyRequestSender - Using open Channel [id: 0xa8345d67, L:/127.0.0.1:54443 - R:localhost/127.0.0.1:15174] for GET '/session/a60178bbb195dbb57b0f20e6a291077c/url'
22:29:48.591 [AsyncHttpClient-1-2] DEBUG org.asynchttpclient.netty.handler.HttpHandler - 

Request DefaultFullHttpRequest(decodeResult: success, version: HTTP/1.1, content: EmptyByteBufBE)
GET /session/a60178bbb195dbb57b0f20e6a291077c/url HTTP/1.1
User-Agent: selenium/4.8.1 (java windows)
Cache-Control: no-cache
Content-Type: application/json; charset=utf-8
host: localhost:15174
accept: */*

Response DefaultHttpResponse(decodeResult: success, version: HTTP/1.1)
HTTP/1.1 200 OK
Content-Length: 42
Content-Type: application/json; charset=utf-8
cache-control: no-cache

22:29:48.592 [AsyncHttpClient-1-2] DEBUG org.asynchttpclient.netty.channel.ChannelManager - Adding key: http://localhost:15174 for channel [id: 0xa8345d67, L:/127.0.0.1:54443 - R:localhost/127.0.0.1:15174]
22:29:48.594 [Forwarding screenshot on session a60178bbb195dbb57b0f20e6a291077c to remote] DEBUG org.asynchttpclient.netty.request.NettyRequestSender - Using pooled Channel '[id: 0xa8345d67, L:/127.0.0.1:54443 - R:localhost/127.0.0.1:15174]' for 'GET' to 'http://localhost:15174/session/a60178bbb195dbb57b0f20e6a291077c/screenshot'
22:29:48.594 [Forwarding screenshot on session a60178bbb195dbb57b0f20e6a291077c to remote] DEBUG org.asynchttpclient.netty.request.NettyRequestSender - Using open Channel [id: 0xa8345d67, L:/127.0.0.1:54443 - R:localhost/127.0.0.1:15174] for GET '/session/a60178bbb195dbb57b0f20e6a291077c/screenshot'
22:29:48.870 [AsyncHttpClient-1-2] DEBUG org.asynchttpclient.netty.handler.HttpHandler - 

Request DefaultFullHttpRequest(decodeResult: success, version: HTTP/1.1, content: EmptyByteBufBE)
GET /session/a60178bbb195dbb57b0f20e6a291077c/screenshot HTTP/1.1
User-Agent: selenium/4.8.1 (java windows)
Cache-Control: no-cache
Content-Type: application/json; charset=utf-8
host: localhost:15174
accept: */*

Response DefaultHttpResponse(decodeResult: success, version: HTTP/1.1)
HTTP/1.1 200 OK
Content-Length: 150192
Content-Type: application/json; charset=utf-8
cache-control: no-cache

22:29:48.871 [AsyncHttpClient-1-2] DEBUG org.asynchttpclient.netty.channel.ChannelManager - Adding key: http://localhost:15174 for channel [id: 0xa8345d67, L:/127.0.0.1:54443 - R:localhost/127.0.0.1:15174]
22:29:48.879 [main] DEBUG net.serenitybdd.core.photography.Darkroom - Send negative for processing for target\site\serenity\345e639d143cfeb82b57b846670146c7008cf5f6952f8cd7c29fb3361abc4233.png
22:29:48.880 [main] DEBUG net.thucydides.core.steps.StepInterceptor - STEP DONE: validateLoginSuccess
22:29:48.880 [Darkroom Processing Line] DEBUG net.serenitybdd.core.photography.DarkroomProcessingLine - Processing screenshot image in /var/screenshots/screenshot-693385784553757042
22:29:48.880 [Darkroom Processing Line] DEBUG net.serenitybdd.core.photography.DarkroomProcessingLine - Saving screenshot to target\site\serenity\345e639d143cfeb82b57b846670146c7008cf5f6952f8cd7c29fb3361abc4233.png
  &amp#27;[32mThen &amp#27;[0m&amp#27;[32mI should be redirected to my Sepulsa account dashboard&amp#27;[0m &amp#27;[90m# starter.stepdefintions.LoginSteps.validateLoginSuccess()&amp#27;[0m
22:29:48.897 [main] INFO  - 
  _____   ___   ___   _____     ___     _     ___   ___   ___   ___  
 |_   _| | __| / __| |_   _|   | _ \   /_\   / __| / __| | __| |   \ 
   | |   | _|  \__ \   | |     |  _/  / _ \  \__ \ \__ \ | _|  | |) |
   |_|   |___| |___/   |_|     |_|   /_/ \_\ |___/ |___/ |___| |___/ 

Login with correct credentials
----------------------------------------------------------------------
22:29:48.981 [AsyncHttpClient-1-1] DEBUG org.asynchttpclient.netty.channel.DefaultChannelPool - Entry count for : http://localhost:15174 : 1
22:29:48.981 [AsyncHttpClient-1-1] DEBUG org.asynchttpclient.netty.channel.DefaultChannelPool - Entry count for : http://localhost:54445 : 1
22:29:48.995 [Driver Command Executor] DEBUG org.asynchttpclient.netty.request.NettyRequestSender - Using pooled Channel '[id: 0xa8345d67, L:/127.0.0.1:54443 - R:localhost/127.0.0.1:15174]' for 'DELETE' to 'http://localhost:15174/session/a60178bbb195dbb57b0f20e6a291077c'
22:29:48.995 [Driver Command Executor] DEBUG org.asynchttpclient.netty.request.NettyRequestSender - Using open Channel [id: 0xa8345d67, L:/127.0.0.1:54443 - R:localhost/127.0.0.1:15174] for DELETE '/session/a60178bbb195dbb57b0f20e6a291077c'
22:29:49.060 [AsyncHttpClient-1-4] DEBUG org.asynchttpclient.netty.handler.WebSocketHandler - Unexpected I/O exception on channel [id: 0xda439e72, L:/127.0.0.1:54451 - R:localhost/127.0.0.1:54445]
java.net.SocketException: Connection reset
	at java.base/sun.nio.ch.SocketChannelImpl.throwConnectionReset(SocketChannelImpl.java:367)
	at java.base/sun.nio.ch.SocketChannelImpl.read(SocketChannelImpl.java:398)
	at io.netty.buffer.PooledByteBuf.setBytes(PooledByteBuf.java:259)
	at io.netty.buffer.AbstractByteBuf.writeBytes(AbstractByteBuf.java:1132)
	at io.netty.channel.socket.nio.NioSocketChannel.doReadBytes(NioSocketChannel.java:357)
	at io.netty.channel.nio.AbstractNioByteChannel$NioByteUnsafe.read(AbstractNioByteChannel.java:151)
	at io.netty.channel.nio.NioEventLoop.processSelectedKey(NioEventLoop.java:788)
	at io.netty.channel.nio.NioEventLoop.processSelectedKeysOptimized(NioEventLoop.java:724)
	at io.netty.channel.nio.NioEventLoop.processSelectedKeys(NioEventLoop.java:650)
	at io.netty.channel.nio.NioEventLoop.run(NioEventLoop.java:562)
	at io.netty.util.concurrent.SingleThreadEventExecutor$4.run(SingleThreadEventExecutor.java:997)
	at io.netty.util.internal.ThreadExecutorMap$2.run(ThreadExecutorMap.java:74)
	at io.netty.util.concurrent.FastThreadLocalRunnable.run(FastThreadLocalRunnable.java:30)
	at java.base/java.lang.Thread.run(Thread.java:832)
22:29:49.060 [AsyncHttpClient-1-3] DEBUG org.asynchttpclient.netty.handler.HttpHandler - Unexpected I/O exception on channel [id: 0x6a6e28e8, L:/127.0.0.1:54450 - R:localhost/127.0.0.1:54445]
java.net.SocketException: Connection reset
	at java.base/sun.nio.ch.SocketChannelImpl.throwConnectionReset(SocketChannelImpl.java:367)
	at java.base/sun.nio.ch.SocketChannelImpl.read(SocketChannelImpl.java:398)
	at io.netty.buffer.PooledByteBuf.setBytes(PooledByteBuf.java:259)
	at io.netty.buffer.AbstractByteBuf.writeBytes(AbstractByteBuf.java:1132)
	at io.netty.channel.socket.nio.NioSocketChannel.doReadBytes(NioSocketChannel.java:357)
	at io.netty.channel.nio.AbstractNioByteChannel$NioByteUnsafe.read(AbstractNioByteChannel.java:151)
	at io.netty.channel.nio.NioEventLoop.processSelectedKey(NioEventLoop.java:788)
	at io.netty.channel.nio.NioEventLoop.processSelectedKeysOptimized(NioEventLoop.java:724)
	at io.netty.channel.nio.NioEventLoop.processSelectedKeys(NioEventLoop.java:650)
	at io.netty.channel.nio.NioEventLoop.run(NioEventLoop.java:562)
	at io.netty.util.concurrent.SingleThreadEventExecutor$4.run(SingleThreadEventExecutor.java:997)
	at io.netty.util.internal.ThreadExecutorMap$2.run(ThreadExecutorMap.java:74)
	at io.netty.util.concurrent.FastThreadLocalRunnable.run(FastThreadLocalRunnable.java:30)
	at java.base/java.lang.Thread.run(Thread.java:832)
22:29:49.061 [AsyncHttpClient-1-3] DEBUG org.asynchttpclient.netty.channel.ChannelManager - Closing Channel [id: 0x6a6e28e8, L:/127.0.0.1:54450 - R:localhost/127.0.0.1:54445] 
22:29:49.062 [AsyncHttpClient-1-4] DEBUG org.asynchttpclient.netty.handler.WebSocketHandler - Was unable to recover Future: NettyResponseFuture{currentRetry=0,
	isDone=1,
	isCancelled=0,
	asyncHandler=org.asynchttpclient.ws.WebSocketUpgradeHandler@7e1524f3,
	nettyRequest=org.asynchttpclient.netty.request.NettyRequest@215e0d0d,
	future=java.util.concurrent.CompletableFuture@53b6eed8[Completed normally],
	uri=ws://localhost:54445/devtools/browser/5d190479-cff1-4b12-9abf-ffd9d85e766b,
	keepAlive=true,
	redirectCount=0,
	timeoutsHolder=null,
	inAuth=0,
	touch=1680967789061}
22:29:49.062 [AsyncHttpClient-1-4] DEBUG org.asynchttpclient.netty.channel.ChannelManager - Closing Channel [id: 0xda439e72, L:/127.0.0.1:54451 - R:localhost/127.0.0.1:54445] 
22:29:49.063 [AsyncHttpClient-1-4] WARN org.asynchttpclient.netty.handler.WebSocketHandler - onError
java.net.SocketException: Connection reset
	at java.base/sun.nio.ch.SocketChannelImpl.throwConnectionReset(SocketChannelImpl.java:367)
	at java.base/sun.nio.ch.SocketChannelImpl.read(SocketChannelImpl.java:398)
	at io.netty.buffer.PooledByteBuf.setBytes(PooledByteBuf.java:259)
	at io.netty.buffer.AbstractByteBuf.writeBytes(AbstractByteBuf.java:1132)
	at io.netty.channel.socket.nio.NioSocketChannel.doReadBytes(NioSocketChannel.java:357)
	at io.netty.channel.nio.AbstractNioByteChannel$NioByteUnsafe.read(AbstractNioByteChannel.java:151)
	at io.netty.channel.nio.NioEventLoop.processSelectedKey(NioEventLoop.java:788)
	at io.netty.channel.nio.NioEventLoop.processSelectedKeysOptimized(NioEventLoop.java:724)
	at io.netty.channel.nio.NioEventLoop.processSelectedKeys(NioEventLoop.java:650)
	at io.netty.channel.nio.NioEventLoop.run(NioEventLoop.java:562)
	at io.netty.util.concurrent.SingleThreadEventExecutor$4.run(SingleThreadEventExecutor.java:997)
	at io.netty.util.internal.ThreadExecutorMap$2.run(ThreadExecutorMap.java:74)
	at io.netty.util.concurrent.FastThreadLocalRunnable.run(FastThreadLocalRunnable.java:30)
	at java.base/java.lang.Thread.run(Thread.java:832)
22:29:49.065 [AsyncHttpClient-1-3] DEBUG org.asynchttpclient.netty.handler.HttpHandler - Channel Closed: [id: 0x6a6e28e8, L:/127.0.0.1:54450 ! R:localhost/127.0.0.1:54445] with attribute DISCARD
22:29:49.066 [AsyncHttpClient-1-4] DEBUG org.asynchttpclient.netty.channel.ChannelManager - Closing Channel [id: 0xda439e72, L:/127.0.0.1:54451 ! R:localhost/127.0.0.1:54445] 
22:29:49.066 [AsyncHttpClient-1-4] DEBUG org.asynchttpclient.netty.handler.WebSocketHandler - Channel Closed: [id: 0xda439e72, L:/127.0.0.1:54451 ! R:localhost/127.0.0.1:54445] with attribute DISCARD
22:29:49.084 [AsyncHttpClient-1-2] DEBUG org.asynchttpclient.netty.handler.HttpHandler - 

Request DefaultFullHttpRequest(decodeResult: success, version: HTTP/1.1, content: EmptyByteBufBE)
DELETE /session/a60178bbb195dbb57b0f20e6a291077c HTTP/1.1
User-Agent: selenium/4.8.1 (java windows)
Content-Type: application/json; charset=utf-8
host: localhost:15174
accept: */*

Response DefaultHttpResponse(decodeResult: success, version: HTTP/1.1)
HTTP/1.1 200 OK
Content-Length: 14
Content-Type: application/json; charset=utf-8
cache-control: no-cache

22:29:49.084 [AsyncHttpClient-1-2] DEBUG org.asynchttpclient.netty.channel.ChannelManager - Adding key: http://localhost:15174 for channel [id: 0xa8345d67, L:/127.0.0.1:54443 - R:localhost/127.0.0.1:15174]
22:29:49.303 [AsyncHttpClient-1-2] DEBUG org.asynchttpclient.netty.handler.HttpHandler - Channel Closed: [id: 0xa8345d67, L:/127.0.0.1:54443 ! R:localhost/127.0.0.1:15174] with attribute DISCARD
]]></system-out>
    <system-err><![CDATA[Starting ChromeDriver 111.0.5563.64 (c710e93d5b63b7095afe8c2c17df34408078439d-refs/branch-heads/5563@{#995}) on port 15174
Only local connections are allowed.
Please see https://chromedriver.chromium.org/security-considerations for suggestions on keeping ChromeDriver safe.
ChromeDriver was started successfully.
[1680967767.530][WARNING]: This version of ChromeDriver has not been tested with Chrome version 112.
Apr 08, 2023 10:29:27 PM org.openqa.selenium.devtools.CdpVersionFinder findNearestMatch
WARNING: Unable to find an exact match for CDP version 112, so returning the closest version found: 110
Apr 08, 2023 10:29:49 PM org.openqa.selenium.remote.http.WebSocket$Listener onError
WARNING: Connection reset
java.net.SocketException: Connection reset
	at java.base/sun.nio.ch.SocketChannelImpl.throwConnectionReset(SocketChannelImpl.java:367)
	at java.base/sun.nio.ch.SocketChannelImpl.read(SocketChannelImpl.java:398)
	at io.netty.buffer.PooledByteBuf.setBytes(PooledByteBuf.java:259)
	at io.netty.buffer.AbstractByteBuf.writeBytes(AbstractByteBuf.java:1132)
	at io.netty.channel.socket.nio.NioSocketChannel.doReadBytes(NioSocketChannel.java:357)
	at io.netty.channel.nio.AbstractNioByteChannel$NioByteUnsafe.read(AbstractNioByteChannel.java:151)
	at io.netty.channel.nio.NioEventLoop.processSelectedKey(NioEventLoop.java:788)
	at io.netty.channel.nio.NioEventLoop.processSelectedKeysOptimized(NioEventLoop.java:724)
	at io.netty.channel.nio.NioEventLoop.processSelectedKeys(NioEventLoop.java:650)
	at io.netty.channel.nio.NioEventLoop.run(NioEventLoop.java:562)
	at io.netty.util.concurrent.SingleThreadEventExecutor$4.run(SingleThreadEventExecutor.java:997)
	at io.netty.util.internal.ThreadExecutorMap$2.run(ThreadExecutorMap.java:74)
	at io.netty.util.concurrent.FastThreadLocalRunnable.run(FastThreadLocalRunnable.java:30)
	at java.base/java.lang.Thread.run(Thread.java:832)

]]></system-err>
  </testcase>
  <testcase name="Login with incorrect password" classname="Login to Sepulsa Account" time="14.049">
    <system-out><![CDATA[
Scenario: Login with incorrect password &amp#27;[90m# src/test/resources/features/Login.feature:11&amp#27;[0m
22:29:49.868 [main] DEBUG io.cucumber.core.plugin.SerenityReporter - Running feature from file:///C:/Users/WINDOWS%2010/Documents/GitHub/QE_Andira_Ms/11_Web_Programming_&_Testing/Praktikum/Testing_with_Serenity/Prioritas2/alta/src/test/resources/features/Login.feature
22:29:49.882 [main] INFO  - 
  _____   ___   ___   _____     ___   _____     _     ___   _____   ___   ___  
 |_   _| | __| / __| |_   _|   / __| |_   _|   /_\   | _ \ |_   _| | __| |   \ 
   | |   | _|  \__ \   | |     \__ \   | |    / _ \  |   /   | |   | _|  | |) |
   |_|   |___| |___/   |_|     |___/   |_|   /_/ \_\ |_|_\   |_|   |___| |___/ 

Login with incorrect password(login-to-sepulsa-account;login-with-incorrect-password)
--------------------------------------------------------------------------------
22:29:49.973 [main] DEBUG net.thucydides.core.steps.StepInterceptor - STARTING STEP: LoginSteps.onTheLoginPage - openPage
22:29:50.088 [AsyncHttpClient-1-1] DEBUG org.asynchttpclient.netty.channel.DefaultChannelPool - Entry count for : http://localhost:15174 : 1
22:29:50.089 [AsyncHttpClient-1-1] DEBUG org.asynchttpclient.netty.channel.DefaultChannelPool - Entry count for : http://localhost:54445 : 1
22:29:50.089 [AsyncHttpClient-1-1] DEBUG org.asynchttpclient.netty.channel.DefaultChannelPool - Adding Candidate expired Channel [id: 0xa8345d67, L:/127.0.0.1:54443 ! R:localhost/127.0.0.1:15174] isIdleTimeoutExpired=false isRemotelyClosed=true isTtlExpired=false
22:29:50.089 [AsyncHttpClient-1-1] DEBUG org.asynchttpclient.netty.channel.DefaultChannelPool - Closing Idle Channel [id: 0xa8345d67, L:/127.0.0.1:54443 ! R:localhost/127.0.0.1:15174]
22:29:50.093 [AsyncHttpClient-1-1] DEBUG org.asynchttpclient.netty.channel.DefaultChannelPool - Adding Candidate expired Channel [id: 0x6a6e28e8, L:/127.0.0.1:54450 ! R:localhost/127.0.0.1:54445] isIdleTimeoutExpired=false isRemotelyClosed=true isTtlExpired=false
22:29:50.093 [AsyncHttpClient-1-1] DEBUG org.asynchttpclient.netty.channel.DefaultChannelPool - Closing Idle Channel [id: 0x6a6e28e8, L:/127.0.0.1:54450 ! R:localhost/127.0.0.1:54445]
22:29:50.094 [AsyncHttpClient-1-1] DEBUG org.asynchttpclient.netty.channel.DefaultChannelPool - Closed 2 connections out of 2 in 5 ms
22:29:50.113 [main] INFO net.serenitybdd.core.webdriver.driverproviders.ChromeDriverProvider - Starting Chrome driver instance with capabilities:
22:29:50.113 [main] INFO net.serenitybdd.core.webdriver.driverproviders.ChromeDriverProvider - Capabilities {acceptInsecureCerts: false, browserName: chrome, goog:chromeOptions: {args: [remote-allow-origins=*], extensions: []}}
22:29:50.743 [AsyncHttpClient-1-5] DEBUG org.asynchttpclient.netty.channel.NettyConnectListener - Using new Channel '[id: 0x445752e7, L:/127.0.0.1:54486 - R:localhost/127.0.0.1:9352]' for 'POST' to '/session'
22:29:51.855 [AsyncHttpClient-1-5] DEBUG org.asynchttpclient.netty.handler.HttpHandler - 

Request DefaultHttpRequest(decodeResult: success, version: HTTP/1.1)
POST /session HTTP/1.1
User-Agent: selenium/4.8.1 (java windows)
Content-Length: 507
Content-Type: application/json; charset=utf-8
host: localhost:9352
accept: */*

Response DefaultHttpResponse(decodeResult: success, version: HTTP/1.1)
HTTP/1.1 200 OK
Content-Length: 860
Content-Type: application/json; charset=utf-8
cache-control: no-cache

22:29:51.856 [AsyncHttpClient-1-5] DEBUG org.asynchttpclient.netty.channel.ChannelManager - Adding key: http://localhost:9352 for channel [id: 0x445752e7, L:/127.0.0.1:54486 - R:localhost/127.0.0.1:9352]
22:29:51.868 [AsyncHttpClient-1-6] DEBUG org.asynchttpclient.netty.channel.NettyConnectListener - Using new Channel '[id: 0xa97fbd7b, L:/127.0.0.1:54493 - R:localhost/127.0.0.1:54488]' for 'GET' to '/json/version'
22:29:51.872 [AsyncHttpClient-1-6] DEBUG org.asynchttpclient.netty.handler.HttpHandler - 

Request DefaultFullHttpRequest(decodeResult: success, version: HTTP/1.1, content: EmptyByteBufBE)
GET /json/version HTTP/1.1
User-Agent: selenium/4.8.1 (java windows)
host: localhost:54488
accept: */*

Response DefaultHttpResponse(decodeResult: success, version: HTTP/1.1)
HTTP/1.1 200 OK
Content-Security-Policy: frame-ancestors 'none'
Content-Length: 422
Content-Type: application/json; charset=UTF-8

22:29:51.872 [AsyncHttpClient-1-6] DEBUG org.asynchttpclient.netty.channel.ChannelManager - Adding key: http://localhost:54488 for channel [id: 0xa97fbd7b, L:/127.0.0.1:54493 - R:localhost/127.0.0.1:54488]
22:29:51.876 [AsyncHttpClient-1-7] DEBUG org.asynchttpclient.netty.channel.NettyConnectListener - Using new Channel '[id: 0xe94ed3d7, L:/127.0.0.1:54494 - R:localhost/127.0.0.1:54488]' for 'GET' to '/devtools/browser/152102dd-8ed4-4caa-bad8-48ffeeb4798a'
22:29:51.880 [AsyncHttpClient-1-7] DEBUG org.asynchttpclient.netty.handler.WebSocketHandler - 

Request DefaultFullHttpRequest(decodeResult: success, version: HTTP/1.1, content: EmptyByteBufBE)
GET /devtools/browser/152102dd-8ed4-4caa-bad8-48ffeeb4798a HTTP/1.1
upgrade: websocket
connection: upgrade
sec-websocket-key: 22OBNZxkakWmWAewaJlPkQ==
sec-websocket-version: 13
origin: http://localhost:54488
host: localhost:54488
accept: */*
user-agent: AHC/2.1

Response DefaultHttpResponse(decodeResult: success, version: HTTP/1.1)
HTTP/1.1 101 WebSocket Protocol Handshake
Upgrade: WebSocket
Connection: Upgrade
Sec-WebSocket-Accept: Utd6gxMGiC6ox67m9iKnhvMlecw=

22:29:51.888 [Forwarding get on session 7ab9c382632e636a102160752126d558 to remote] DEBUG org.asynchttpclient.netty.request.NettyRequestSender - Using pooled Channel '[id: 0x445752e7, L:/127.0.0.1:54486 - R:localhost/127.0.0.1:9352]' for 'POST' to 'http://localhost:9352/session/7ab9c382632e636a102160752126d558/url'
22:29:51.888 [Forwarding get on session 7ab9c382632e636a102160752126d558 to remote] DEBUG org.asynchttpclient.netty.request.NettyRequestSender - Using open Channel [id: 0x445752e7, L:/127.0.0.1:54486 - R:localhost/127.0.0.1:9352] for POST '/session/7ab9c382632e636a102160752126d558/url'
22:29:52.279 [AsyncHttpClient-1-1] DEBUG org.asynchttpclient.netty.channel.DefaultChannelPool - Entry count for : http://localhost:54488 : 1
22:29:53.381 [AsyncHttpClient-1-1] DEBUG org.asynchttpclient.netty.channel.DefaultChannelPool - Entry count for : http://localhost:54488 : 1
22:29:54.479 [AsyncHttpClient-1-1] DEBUG org.asynchttpclient.netty.channel.DefaultChannelPool - Entry count for : http://localhost:54488 : 1
22:29:54.703 [AsyncHttpClient-1-5] DEBUG org.asynchttpclient.netty.handler.HttpHandler - 

Request DefaultHttpRequest(decodeResult: success, version: HTTP/1.1)
POST /session/7ab9c382632e636a102160752126d558/url HTTP/1.1
User-Agent: selenium/4.8.1 (java windows)
Content-Length: 54
Content-Type: application/json; charset=utf-8
host: localhost:9352
accept: */*

Response DefaultHttpResponse(decodeResult: success, version: HTTP/1.1)
HTTP/1.1 200 OK
Content-Length: 14
Content-Type: application/json; charset=utf-8
cache-control: no-cache

22:29:54.703 [AsyncHttpClient-1-5] DEBUG org.asynchttpclient.netty.channel.ChannelManager - Adding key: http://localhost:9352 for channel [id: 0x445752e7, L:/127.0.0.1:54486 - R:localhost/127.0.0.1:9352]
22:29:54.706 [Forwarding setTimeout on session 7ab9c382632e636a102160752126d558 to remote] DEBUG org.asynchttpclient.netty.request.NettyRequestSender - Using pooled Channel '[id: 0x445752e7, L:/127.0.0.1:54486 - R:localhost/127.0.0.1:9352]' for 'POST' to 'http://localhost:9352/session/7ab9c382632e636a102160752126d558/timeouts'
22:29:54.706 [Forwarding setTimeout on session 7ab9c382632e636a102160752126d558 to remote] DEBUG org.asynchttpclient.netty.request.NettyRequestSender - Using open Channel [id: 0x445752e7, L:/127.0.0.1:54486 - R:localhost/127.0.0.1:9352] for POST '/session/7ab9c382632e636a102160752126d558/timeouts'
22:29:54.709 [AsyncHttpClient-1-5] DEBUG org.asynchttpclient.netty.handler.HttpHandler - 

Request DefaultHttpRequest(decodeResult: success, version: HTTP/1.1)
POST /session/7ab9c382632e636a102160752126d558/timeouts HTTP/1.1
User-Agent: selenium/4.8.1 (java windows)
Content-Length: 22
Content-Type: application/json; charset=utf-8
host: localhost:9352
accept: */*

Response DefaultHttpResponse(decodeResult: success, version: HTTP/1.1)
HTTP/1.1 200 OK
Content-Length: 14
Content-Type: application/json; charset=utf-8
cache-control: no-cache

22:29:54.709 [AsyncHttpClient-1-5] DEBUG org.asynchttpclient.netty.channel.ChannelManager - Adding key: http://localhost:9352 for channel [id: 0x445752e7, L:/127.0.0.1:54486 - R:localhost/127.0.0.1:9352]
22:29:54.725 [Forwarding getAlertText on session 7ab9c382632e636a102160752126d558 to remote] DEBUG org.asynchttpclient.netty.request.NettyRequestSender - Using pooled Channel '[id: 0x445752e7, L:/127.0.0.1:54486 - R:localhost/127.0.0.1:9352]' for 'GET' to 'http://localhost:9352/session/7ab9c382632e636a102160752126d558/alert/text'
22:29:54.725 [Forwarding getAlertText on session 7ab9c382632e636a102160752126d558 to remote] DEBUG org.asynchttpclient.netty.request.NettyRequestSender - Using open Channel [id: 0x445752e7, L:/127.0.0.1:54486 - R:localhost/127.0.0.1:9352] for GET '/session/7ab9c382632e636a102160752126d558/alert/text'
22:29:54.727 [AsyncHttpClient-1-5] DEBUG org.asynchttpclient.netty.handler.HttpHandler - 

Request DefaultFullHttpRequest(decodeResult: success, version: HTTP/1.1, content: EmptyByteBufBE)
GET /session/7ab9c382632e636a102160752126d558/alert/text HTTP/1.1
User-Agent: selenium/4.8.1 (java windows)
Cache-Control: no-cache
Content-Type: application/json; charset=utf-8
host: localhost:9352
accept: */*

Response DefaultHttpResponse(decodeResult: success, version: HTTP/1.1)
HTTP/1.1 404 Not Found
Content-Length: 835
Content-Type: application/json; charset=utf-8
cache-control: no-cache

22:29:54.727 [AsyncHttpClient-1-5] DEBUG org.asynchttpclient.netty.channel.ChannelManager - Adding key: http://localhost:9352 for channel [id: 0x445752e7, L:/127.0.0.1:54486 - R:localhost/127.0.0.1:9352]
22:29:54.730 [Forwarding getCurrentUrl on session 7ab9c382632e636a102160752126d558 to remote] DEBUG org.asynchttpclient.netty.request.NettyRequestSender - Using pooled Channel '[id: 0x445752e7, L:/127.0.0.1:54486 - R:localhost/127.0.0.1:9352]' for 'GET' to 'http://localhost:9352/session/7ab9c382632e636a102160752126d558/url'
22:29:54.730 [Forwarding getCurrentUrl on session 7ab9c382632e636a102160752126d558 to remote] DEBUG org.asynchttpclient.netty.request.NettyRequestSender - Using open Channel [id: 0x445752e7, L:/127.0.0.1:54486 - R:localhost/127.0.0.1:9352] for GET '/session/7ab9c382632e636a102160752126d558/url'
22:29:54.739 [AsyncHttpClient-1-5] DEBUG org.asynchttpclient.netty.handler.HttpHandler - 

Request DefaultFullHttpRequest(decodeResult: success, version: HTTP/1.1, content: EmptyByteBufBE)
GET /session/7ab9c382632e636a102160752126d558/url HTTP/1.1
User-Agent: selenium/4.8.1 (java windows)
Cache-Control: no-cache
Content-Type: application/json; charset=utf-8
host: localhost:9352
accept: */*

Response DefaultHttpResponse(decodeResult: success, version: HTTP/1.1)
HTTP/1.1 200 OK
Content-Length: 36
Content-Type: application/json; charset=utf-8
cache-control: no-cache

22:29:54.739 [AsyncHttpClient-1-5] DEBUG org.asynchttpclient.netty.channel.ChannelManager - Adding key: http://localhost:9352 for channel [id: 0x445752e7, L:/127.0.0.1:54486 - R:localhost/127.0.0.1:9352]
22:29:54.741 [Forwarding screenshot on session 7ab9c382632e636a102160752126d558 to remote] DEBUG org.asynchttpclient.netty.request.NettyRequestSender - Using pooled Channel '[id: 0x445752e7, L:/127.0.0.1:54486 - R:localhost/127.0.0.1:9352]' for 'GET' to 'http://localhost:9352/session/7ab9c382632e636a102160752126d558/screenshot'
22:29:54.741 [Forwarding screenshot on session 7ab9c382632e636a102160752126d558 to remote] DEBUG org.asynchttpclient.netty.request.NettyRequestSender - Using open Channel [id: 0x445752e7, L:/127.0.0.1:54486 - R:localhost/127.0.0.1:9352] for GET '/session/7ab9c382632e636a102160752126d558/screenshot'
22:29:55.141 [AsyncHttpClient-1-5] DEBUG org.asynchttpclient.netty.handler.HttpHandler - 

Request DefaultFullHttpRequest(decodeResult: success, version: HTTP/1.1, content: EmptyByteBufBE)
GET /session/7ab9c382632e636a102160752126d558/screenshot HTTP/1.1
User-Agent: selenium/4.8.1 (java windows)
Cache-Control: no-cache
Content-Type: application/json; charset=utf-8
host: localhost:9352
accept: */*

Response DefaultHttpResponse(decodeResult: success, version: HTTP/1.1)
HTTP/1.1 200 OK
Content-Length: 529376
Content-Type: application/json; charset=utf-8
cache-control: no-cache

22:29:55.144 [AsyncHttpClient-1-5] DEBUG org.asynchttpclient.netty.channel.ChannelManager - Adding key: http://localhost:9352 for channel [id: 0x445752e7, L:/127.0.0.1:54486 - R:localhost/127.0.0.1:9352]
22:29:55.170 [main] DEBUG net.serenitybdd.core.photography.Darkroom - Send negative for processing for target\site\serenity\b07344838ccdaefc47c8e9088d7526f94b16d89917d5f4afae80f93cfd146f50.png
22:29:55.171 [main] DEBUG net.thucydides.core.steps.StepInterceptor - STEP DONE: openPage
22:29:55.175 [Darkroom Processing Line] DEBUG net.serenitybdd.core.photography.DarkroomProcessingLine - Processing screenshot image in /var/screenshots/screenshot-4675608004862493550
22:29:55.175 [Darkroom Processing Line] DEBUG net.serenitybdd.core.photography.DarkroomProcessingLine - Saving screenshot to target\site\serenity\b07344838ccdaefc47c8e9088d7526f94b16d89917d5f4afae80f93cfd146f50.png
22:29:55.195 [Forwarding getPageSource on session 7ab9c382632e636a102160752126d558 to remote] DEBUG org.asynchttpclient.netty.request.NettyRequestSender - Using pooled Channel '[id: 0x445752e7, L:/127.0.0.1:54486 - R:localhost/127.0.0.1:9352]' for 'POST' to 'http://localhost:9352/session/7ab9c382632e636a102160752126d558/execute/sync'
22:29:55.195 [Forwarding getPageSource on session 7ab9c382632e636a102160752126d558 to remote] DEBUG org.asynchttpclient.netty.request.NettyRequestSender - Using open Channel [id: 0x445752e7, L:/127.0.0.1:54486 - R:localhost/127.0.0.1:9352] for POST '/session/7ab9c382632e636a102160752126d558/execute/sync'
22:29:55.228 [AsyncHttpClient-1-5] DEBUG org.asynchttpclient.netty.handler.HttpHandler - 

Request DefaultHttpRequest(decodeResult: success, version: HTTP/1.1)
POST /session/7ab9c382632e636a102160752126d558/execute/sync HTTP/1.1
User-Agent: selenium/4.8.1 (java windows)
Content-Length: 176
Content-Type: application/json; charset=utf-8
host: localhost:9352
accept: */*

Response DefaultHttpResponse(decodeResult: success, version: HTTP/1.1)
HTTP/1.1 200 OK
Content-Length: 181988
Content-Type: application/json; charset=utf-8
cache-control: no-cache

22:29:55.229 [AsyncHttpClient-1-5] DEBUG org.asynchttpclient.netty.channel.ChannelManager - Adding key: http://localhost:9352 for channel [id: 0x445752e7, L:/127.0.0.1:54486 - R:localhost/127.0.0.1:9352]
22:29:55.257 [Forwarding getCurrentUrl on session 7ab9c382632e636a102160752126d558 to remote] DEBUG org.asynchttpclient.netty.request.NettyRequestSender - Using pooled Channel '[id: 0x445752e7, L:/127.0.0.1:54486 - R:localhost/127.0.0.1:9352]' for 'GET' to 'http://localhost:9352/session/7ab9c382632e636a102160752126d558/url'
22:29:55.257 [Forwarding getCurrentUrl on session 7ab9c382632e636a102160752126d558 to remote] DEBUG org.asynchttpclient.netty.request.NettyRequestSender - Using open Channel [id: 0x445752e7, L:/127.0.0.1:54486 - R:localhost/127.0.0.1:9352] for GET '/session/7ab9c382632e636a102160752126d558/url'
22:29:55.263 [AsyncHttpClient-1-5] DEBUG org.asynchttpclient.netty.handler.HttpHandler - 

Request DefaultFullHttpRequest(decodeResult: success, version: HTTP/1.1, content: EmptyByteBufBE)
GET /session/7ab9c382632e636a102160752126d558/url HTTP/1.1
User-Agent: selenium/4.8.1 (java windows)
Cache-Control: no-cache
Content-Type: application/json; charset=utf-8
host: localhost:9352
accept: */*

Response DefaultHttpResponse(decodeResult: success, version: HTTP/1.1)
HTTP/1.1 200 OK
Content-Length: 36
Content-Type: application/json; charset=utf-8
cache-control: no-cache

22:29:55.263 [AsyncHttpClient-1-5] DEBUG org.asynchttpclient.netty.channel.ChannelManager - Adding key: http://localhost:9352 for channel [id: 0x445752e7, L:/127.0.0.1:54486 - R:localhost/127.0.0.1:9352]
22:29:55.267 [main] DEBUG net.thucydides.core.steps.StepInterceptor - STARTING STEP: LoginSteps.onTheLoginPage - validateOnLoginPage
22:29:55.271 [Forwarding findElement on session 7ab9c382632e636a102160752126d558 to remote] DEBUG org.asynchttpclient.netty.request.NettyRequestSender - Using pooled Channel '[id: 0x445752e7, L:/127.0.0.1:54486 - R:localhost/127.0.0.1:9352]' for 'POST' to 'http://localhost:9352/session/7ab9c382632e636a102160752126d558/element'
22:29:55.272 [Forwarding findElement on session 7ab9c382632e636a102160752126d558 to remote] DEBUG org.asynchttpclient.netty.request.NettyRequestSender - Using open Channel [id: 0x445752e7, L:/127.0.0.1:54486 - R:localhost/127.0.0.1:9352] for POST '/session/7ab9c382632e636a102160752126d558/element'
22:29:55.291 [AsyncHttpClient-1-5] DEBUG org.asynchttpclient.netty.handler.HttpHandler - 

Request DefaultHttpRequest(decodeResult: success, version: HTTP/1.1)
POST /session/7ab9c382632e636a102160752126d558/element HTTP/1.1
User-Agent: selenium/4.8.1 (java windows)
Content-Length: 62
Content-Type: application/json; charset=utf-8
host: localhost:9352
accept: */*

Response DefaultHttpResponse(decodeResult: success, version: HTTP/1.1)
HTTP/1.1 200 OK
Content-Length: 88
Content-Type: application/json; charset=utf-8
cache-control: no-cache

22:29:55.292 [AsyncHttpClient-1-5] DEBUG org.asynchttpclient.netty.channel.ChannelManager - Adding key: http://localhost:9352 for channel [id: 0x445752e7, L:/127.0.0.1:54486 - R:localhost/127.0.0.1:9352]
22:29:55.298 [Forwarding isElementDisplayed on session 7ab9c382632e636a102160752126d558 to remote] DEBUG org.asynchttpclient.netty.request.NettyRequestSender - Using pooled Channel '[id: 0x445752e7, L:/127.0.0.1:54486 - R:localhost/127.0.0.1:9352]' for 'POST' to 'http://localhost:9352/session/7ab9c382632e636a102160752126d558/execute/sync'
22:29:55.298 [Forwarding isElementDisplayed on session 7ab9c382632e636a102160752126d558 to remote] DEBUG org.asynchttpclient.netty.request.NettyRequestSender - Using open Channel [id: 0x445752e7, L:/127.0.0.1:54486 - R:localhost/127.0.0.1:9352] for POST '/session/7ab9c382632e636a102160752126d558/execute/sync'
22:29:55.318 [AsyncHttpClient-1-5] DEBUG org.asynchttpclient.netty.handler.HttpHandler - 

Request DefaultHttpRequest(decodeResult: success, version: HTTP/1.1)
POST /session/7ab9c382632e636a102160752126d558/execute/sync HTTP/1.1
User-Agent: selenium/4.8.1 (java windows)
Content-Length: 48807
Content-Type: application/json; charset=utf-8
host: localhost:9352
accept: */*

Response DefaultHttpResponse(decodeResult: success, version: HTTP/1.1)
HTTP/1.1 200 OK
Content-Length: 14
Content-Type: application/json; charset=utf-8
cache-control: no-cache

22:29:55.319 [AsyncHttpClient-1-5] DEBUG org.asynchttpclient.netty.channel.ChannelManager - Adding key: http://localhost:9352 for channel [id: 0x445752e7, L:/127.0.0.1:54486 - R:localhost/127.0.0.1:9352]
22:29:55.331 [Forwarding getAlertText on session 7ab9c382632e636a102160752126d558 to remote] DEBUG org.asynchttpclient.netty.request.NettyRequestSender - Using pooled Channel '[id: 0x445752e7, L:/127.0.0.1:54486 - R:localhost/127.0.0.1:9352]' for 'GET' to 'http://localhost:9352/session/7ab9c382632e636a102160752126d558/alert/text'
22:29:55.332 [Forwarding getAlertText on session 7ab9c382632e636a102160752126d558 to remote] DEBUG org.asynchttpclient.netty.request.NettyRequestSender - Using open Channel [id: 0x445752e7, L:/127.0.0.1:54486 - R:localhost/127.0.0.1:9352] for GET '/session/7ab9c382632e636a102160752126d558/alert/text'
22:29:55.334 [AsyncHttpClient-1-5] DEBUG org.asynchttpclient.netty.handler.HttpHandler - 

Request DefaultFullHttpRequest(decodeResult: success, version: HTTP/1.1, content: EmptyByteBufBE)
GET /session/7ab9c382632e636a102160752126d558/alert/text HTTP/1.1
User-Agent: selenium/4.8.1 (java windows)
Cache-Control: no-cache
Content-Type: application/json; charset=utf-8
host: localhost:9352
accept: */*

Response DefaultHttpResponse(decodeResult: success, version: HTTP/1.1)
HTTP/1.1 404 Not Found
Content-Length: 835
Content-Type: application/json; charset=utf-8
cache-control: no-cache

22:29:55.334 [AsyncHttpClient-1-5] DEBUG org.asynchttpclient.netty.channel.ChannelManager - Adding key: http://localhost:9352 for channel [id: 0x445752e7, L:/127.0.0.1:54486 - R:localhost/127.0.0.1:9352]
22:29:55.336 [Forwarding getCurrentUrl on session 7ab9c382632e636a102160752126d558 to remote] DEBUG org.asynchttpclient.netty.request.NettyRequestSender - Using pooled Channel '[id: 0x445752e7, L:/127.0.0.1:54486 - R:localhost/127.0.0.1:9352]' for 'GET' to 'http://localhost:9352/session/7ab9c382632e636a102160752126d558/url'
22:29:55.336 [Forwarding getCurrentUrl on session 7ab9c382632e636a102160752126d558 to remote] DEBUG org.asynchttpclient.netty.request.NettyRequestSender - Using open Channel [id: 0x445752e7, L:/127.0.0.1:54486 - R:localhost/127.0.0.1:9352] for GET '/session/7ab9c382632e636a102160752126d558/url'
22:29:55.342 [AsyncHttpClient-1-5] DEBUG org.asynchttpclient.netty.handler.HttpHandler - 

Request DefaultFullHttpRequest(decodeResult: success, version: HTTP/1.1, content: EmptyByteBufBE)
GET /session/7ab9c382632e636a102160752126d558/url HTTP/1.1
User-Agent: selenium/4.8.1 (java windows)
Cache-Control: no-cache
Content-Type: application/json; charset=utf-8
host: localhost:9352
accept: */*

Response DefaultHttpResponse(decodeResult: success, version: HTTP/1.1)
HTTP/1.1 200 OK
Content-Length: 36
Content-Type: application/json; charset=utf-8
cache-control: no-cache

22:29:55.342 [AsyncHttpClient-1-5] DEBUG org.asynchttpclient.netty.channel.ChannelManager - Adding key: http://localhost:9352 for channel [id: 0x445752e7, L:/127.0.0.1:54486 - R:localhost/127.0.0.1:9352]
22:29:55.344 [Forwarding screenshot on session 7ab9c382632e636a102160752126d558 to remote] DEBUG org.asynchttpclient.netty.request.NettyRequestSender - Using pooled Channel '[id: 0x445752e7, L:/127.0.0.1:54486 - R:localhost/127.0.0.1:9352]' for 'GET' to 'http://localhost:9352/session/7ab9c382632e636a102160752126d558/screenshot'
22:29:55.344 [Forwarding screenshot on session 7ab9c382632e636a102160752126d558 to remote] DEBUG org.asynchttpclient.netty.request.NettyRequestSender - Using open Channel [id: 0x445752e7, L:/127.0.0.1:54486 - R:localhost/127.0.0.1:9352] for GET '/session/7ab9c382632e636a102160752126d558/screenshot'
22:29:55.579 [AsyncHttpClient-1-1] DEBUG org.asynchttpclient.netty.channel.DefaultChannelPool - Entry count for : http://localhost:54488 : 1
22:29:55.722 [AsyncHttpClient-1-5] DEBUG org.asynchttpclient.netty.handler.HttpHandler - 

Request DefaultFullHttpRequest(decodeResult: success, version: HTTP/1.1, content: EmptyByteBufBE)
GET /session/7ab9c382632e636a102160752126d558/screenshot HTTP/1.1
User-Agent: selenium/4.8.1 (java windows)
Cache-Control: no-cache
Content-Type: application/json; charset=utf-8
host: localhost:9352
accept: */*

Response DefaultHttpResponse(decodeResult: success, version: HTTP/1.1)
HTTP/1.1 200 OK
Content-Length: 529376
Content-Type: application/json; charset=utf-8
cache-control: no-cache

22:29:55.724 [AsyncHttpClient-1-5] DEBUG org.asynchttpclient.netty.channel.ChannelManager - Adding key: http://localhost:9352 for channel [id: 0x445752e7, L:/127.0.0.1:54486 - R:localhost/127.0.0.1:9352]
22:29:55.750 [main] DEBUG net.serenitybdd.core.photography.Darkroom - Send negative for processing for target\site\serenity\b07344838ccdaefc47c8e9088d7526f94b16d89917d5f4afae80f93cfd146f50.png
22:29:55.750 [main] DEBUG net.thucydides.core.steps.StepInterceptor - STEP DONE: validateOnLoginPage
  &amp#27;[32mGiven &amp#27;[0m&amp#27;[32mI am on the Sepulsa login page&amp#27;[0m  &amp#27;[90m# starter.stepdefintions.LoginSteps.onTheLoginPage()&amp#27;[0m
22:29:55.776 [Forwarding getPageSource on session 7ab9c382632e636a102160752126d558 to remote] DEBUG org.asynchttpclient.netty.request.NettyRequestSender - Using pooled Channel '[id: 0x445752e7, L:/127.0.0.1:54486 - R:localhost/127.0.0.1:9352]' for 'POST' to 'http://localhost:9352/session/7ab9c382632e636a102160752126d558/execute/sync'
22:29:55.777 [Forwarding getPageSource on session 7ab9c382632e636a102160752126d558 to remote] DEBUG org.asynchttpclient.netty.request.NettyRequestSender - Using open Channel [id: 0x445752e7, L:/127.0.0.1:54486 - R:localhost/127.0.0.1:9352] for POST '/session/7ab9c382632e636a102160752126d558/execute/sync'
22:29:55.805 [AsyncHttpClient-1-5] DEBUG org.asynchttpclient.netty.handler.HttpHandler - 

Request DefaultHttpRequest(decodeResult: success, version: HTTP/1.1)
POST /session/7ab9c382632e636a102160752126d558/execute/sync HTTP/1.1
User-Agent: selenium/4.8.1 (java windows)
Content-Length: 176
Content-Type: application/json; charset=utf-8
host: localhost:9352
accept: */*

Response DefaultHttpResponse(decodeResult: success, version: HTTP/1.1)
HTTP/1.1 200 OK
Content-Length: 181988
Content-Type: application/json; charset=utf-8
cache-control: no-cache

22:29:55.805 [AsyncHttpClient-1-5] DEBUG org.asynchttpclient.netty.channel.ChannelManager - Adding key: http://localhost:9352 for channel [id: 0x445752e7, L:/127.0.0.1:54486 - R:localhost/127.0.0.1:9352]
22:29:55.833 [Forwarding getCurrentUrl on session 7ab9c382632e636a102160752126d558 to remote] DEBUG org.asynchttpclient.netty.request.NettyRequestSender - Using pooled Channel '[id: 0x445752e7, L:/127.0.0.1:54486 - R:localhost/127.0.0.1:9352]' for 'GET' to 'http://localhost:9352/session/7ab9c382632e636a102160752126d558/url'
22:29:55.834 [Forwarding getCurrentUrl on session 7ab9c382632e636a102160752126d558 to remote] DEBUG org.asynchttpclient.netty.request.NettyRequestSender - Using open Channel [id: 0x445752e7, L:/127.0.0.1:54486 - R:localhost/127.0.0.1:9352] for GET '/session/7ab9c382632e636a102160752126d558/url'
22:29:55.840 [AsyncHttpClient-1-5] DEBUG org.asynchttpclient.netty.handler.HttpHandler - 

Request DefaultFullHttpRequest(decodeResult: success, version: HTTP/1.1, content: EmptyByteBufBE)
GET /session/7ab9c382632e636a102160752126d558/url HTTP/1.1
User-Agent: selenium/4.8.1 (java windows)
Cache-Control: no-cache
Content-Type: application/json; charset=utf-8
host: localhost:9352
accept: */*

Response DefaultHttpResponse(decodeResult: success, version: HTTP/1.1)
HTTP/1.1 200 OK
Content-Length: 36
Content-Type: application/json; charset=utf-8
cache-control: no-cache

22:29:55.840 [AsyncHttpClient-1-5] DEBUG org.asynchttpclient.netty.channel.ChannelManager - Adding key: http://localhost:9352 for channel [id: 0x445752e7, L:/127.0.0.1:54486 - R:localhost/127.0.0.1:9352]
22:29:55.868 [Forwarding getAlertText on session 7ab9c382632e636a102160752126d558 to remote] DEBUG org.asynchttpclient.netty.request.NettyRequestSender - Using pooled Channel '[id: 0x445752e7, L:/127.0.0.1:54486 - R:localhost/127.0.0.1:9352]' for 'GET' to 'http://localhost:9352/session/7ab9c382632e636a102160752126d558/alert/text'
22:29:55.869 [Forwarding getAlertText on session 7ab9c382632e636a102160752126d558 to remote] DEBUG org.asynchttpclient.netty.request.NettyRequestSender - Using open Channel [id: 0x445752e7, L:/127.0.0.1:54486 - R:localhost/127.0.0.1:9352] for GET '/session/7ab9c382632e636a102160752126d558/alert/text'
22:29:55.871 [AsyncHttpClient-1-5] DEBUG org.asynchttpclient.netty.handler.HttpHandler - 

Request DefaultFullHttpRequest(decodeResult: success, version: HTTP/1.1, content: EmptyByteBufBE)
GET /session/7ab9c382632e636a102160752126d558/alert/text HTTP/1.1
User-Agent: selenium/4.8.1 (java windows)
Cache-Control: no-cache
Content-Type: application/json; charset=utf-8
host: localhost:9352
accept: */*

Response DefaultHttpResponse(decodeResult: success, version: HTTP/1.1)
HTTP/1.1 404 Not Found
Content-Length: 835
Content-Type: application/json; charset=utf-8
cache-control: no-cache

22:29:55.871 [AsyncHttpClient-1-5] DEBUG org.asynchttpclient.netty.channel.ChannelManager - Adding key: http://localhost:9352 for channel [id: 0x445752e7, L:/127.0.0.1:54486 - R:localhost/127.0.0.1:9352]
22:29:55.874 [Forwarding getCurrentUrl on session 7ab9c382632e636a102160752126d558 to remote] DEBUG org.asynchttpclient.netty.request.NettyRequestSender - Using pooled Channel '[id: 0x445752e7, L:/127.0.0.1:54486 - R:localhost/127.0.0.1:9352]' for 'GET' to 'http://localhost:9352/session/7ab9c382632e636a102160752126d558/url'
22:29:55.874 [Forwarding getCurrentUrl on session 7ab9c382632e636a102160752126d558 to remote] DEBUG org.asynchttpclient.netty.request.NettyRequestSender - Using open Channel [id: 0x445752e7, L:/127.0.0.1:54486 - R:localhost/127.0.0.1:9352] for GET '/session/7ab9c382632e636a102160752126d558/url'
22:29:55.881 [AsyncHttpClient-1-5] DEBUG org.asynchttpclient.netty.handler.HttpHandler - 

Request DefaultFullHttpRequest(decodeResult: success, version: HTTP/1.1, content: EmptyByteBufBE)
GET /session/7ab9c382632e636a102160752126d558/url HTTP/1.1
User-Agent: selenium/4.8.1 (java windows)
Cache-Control: no-cache
Content-Type: application/json; charset=utf-8
host: localhost:9352
accept: */*

Response DefaultHttpResponse(decodeResult: success, version: HTTP/1.1)
HTTP/1.1 200 OK
Content-Length: 36
Content-Type: application/json; charset=utf-8
cache-control: no-cache

22:29:55.881 [AsyncHttpClient-1-5] DEBUG org.asynchttpclient.netty.channel.ChannelManager - Adding key: http://localhost:9352 for channel [id: 0x445752e7, L:/127.0.0.1:54486 - R:localhost/127.0.0.1:9352]
22:29:55.883 [Forwarding screenshot on session 7ab9c382632e636a102160752126d558 to remote] DEBUG org.asynchttpclient.netty.request.NettyRequestSender - Using pooled Channel '[id: 0x445752e7, L:/127.0.0.1:54486 - R:localhost/127.0.0.1:9352]' for 'GET' to 'http://localhost:9352/session/7ab9c382632e636a102160752126d558/screenshot'
22:29:55.883 [Forwarding screenshot on session 7ab9c382632e636a102160752126d558 to remote] DEBUG org.asynchttpclient.netty.request.NettyRequestSender - Using open Channel [id: 0x445752e7, L:/127.0.0.1:54486 - R:localhost/127.0.0.1:9352] for GET '/session/7ab9c382632e636a102160752126d558/screenshot'
22:29:56.261 [AsyncHttpClient-1-5] DEBUG org.asynchttpclient.netty.handler.HttpHandler - 

Request DefaultFullHttpRequest(decodeResult: success, version: HTTP/1.1, content: EmptyByteBufBE)
GET /session/7ab9c382632e636a102160752126d558/screenshot HTTP/1.1
User-Agent: selenium/4.8.1 (java windows)
Cache-Control: no-cache
Content-Type: application/json; charset=utf-8
host: localhost:9352
accept: */*

Response DefaultHttpResponse(decodeResult: success, version: HTTP/1.1)
HTTP/1.1 200 OK
Content-Length: 529376
Content-Type: application/json; charset=utf-8
cache-control: no-cache

22:29:56.267 [AsyncHttpClient-1-5] DEBUG org.asynchttpclient.netty.channel.ChannelManager - Adding key: http://localhost:9352 for channel [id: 0x445752e7, L:/127.0.0.1:54486 - R:localhost/127.0.0.1:9352]
22:29:56.308 [main] DEBUG net.serenitybdd.core.photography.Darkroom - Send negative for processing for target\site\serenity\b07344838ccdaefc47c8e9088d7526f94b16d89917d5f4afae80f93cfd146f50.png
22:29:56.312 [Forwarding getPageSource on session 7ab9c382632e636a102160752126d558 to remote] DEBUG org.asynchttpclient.netty.request.NettyRequestSender - Using pooled Channel '[id: 0x445752e7, L:/127.0.0.1:54486 - R:localhost/127.0.0.1:9352]' for 'POST' to 'http://localhost:9352/session/7ab9c382632e636a102160752126d558/execute/sync'
22:29:56.312 [Forwarding getPageSource on session 7ab9c382632e636a102160752126d558 to remote] DEBUG org.asynchttpclient.netty.request.NettyRequestSender - Using open Channel [id: 0x445752e7, L:/127.0.0.1:54486 - R:localhost/127.0.0.1:9352] for POST '/session/7ab9c382632e636a102160752126d558/execute/sync'
22:29:56.340 [AsyncHttpClient-1-5] DEBUG org.asynchttpclient.netty.handler.HttpHandler - 

Request DefaultHttpRequest(decodeResult: success, version: HTTP/1.1)
POST /session/7ab9c382632e636a102160752126d558/execute/sync HTTP/1.1
User-Agent: selenium/4.8.1 (java windows)
Content-Length: 176
Content-Type: application/json; charset=utf-8
host: localhost:9352
accept: */*

Response DefaultHttpResponse(decodeResult: success, version: HTTP/1.1)
HTTP/1.1 200 OK
Content-Length: 181988
Content-Type: application/json; charset=utf-8
cache-control: no-cache

22:29:56.341 [AsyncHttpClient-1-5] DEBUG org.asynchttpclient.netty.channel.ChannelManager - Adding key: http://localhost:9352 for channel [id: 0x445752e7, L:/127.0.0.1:54486 - R:localhost/127.0.0.1:9352]
22:29:56.360 [Forwarding getCurrentUrl on session 7ab9c382632e636a102160752126d558 to remote] DEBUG org.asynchttpclient.netty.request.NettyRequestSender - Using pooled Channel '[id: 0x445752e7, L:/127.0.0.1:54486 - R:localhost/127.0.0.1:9352]' for 'GET' to 'http://localhost:9352/session/7ab9c382632e636a102160752126d558/url'
22:29:56.360 [Forwarding getCurrentUrl on session 7ab9c382632e636a102160752126d558 to remote] DEBUG org.asynchttpclient.netty.request.NettyRequestSender - Using open Channel [id: 0x445752e7, L:/127.0.0.1:54486 - R:localhost/127.0.0.1:9352] for GET '/session/7ab9c382632e636a102160752126d558/url'
22:29:56.365 [AsyncHttpClient-1-5] DEBUG org.asynchttpclient.netty.handler.HttpHandler - 

Request DefaultFullHttpRequest(decodeResult: success, version: HTTP/1.1, content: EmptyByteBufBE)
GET /session/7ab9c382632e636a102160752126d558/url HTTP/1.1
User-Agent: selenium/4.8.1 (java windows)
Cache-Control: no-cache
Content-Type: application/json; charset=utf-8
host: localhost:9352
accept: */*

Response DefaultHttpResponse(decodeResult: success, version: HTTP/1.1)
HTTP/1.1 200 OK
Content-Length: 36
Content-Type: application/json; charset=utf-8
cache-control: no-cache

22:29:56.365 [AsyncHttpClient-1-5] DEBUG org.asynchttpclient.netty.channel.ChannelManager - Adding key: http://localhost:9352 for channel [id: 0x445752e7, L:/127.0.0.1:54486 - R:localhost/127.0.0.1:9352]
22:29:56.369 [main] DEBUG net.thucydides.core.steps.StepInterceptor - STARTING STEP: LoginSteps.clickLoginButton - clickLoginButton
22:29:56.374 [Forwarding findElement on session 7ab9c382632e636a102160752126d558 to remote] DEBUG org.asynchttpclient.netty.request.NettyRequestSender - Using pooled Channel '[id: 0x445752e7, L:/127.0.0.1:54486 - R:localhost/127.0.0.1:9352]' for 'POST' to 'http://localhost:9352/session/7ab9c382632e636a102160752126d558/element'
22:29:56.374 [Forwarding findElement on session 7ab9c382632e636a102160752126d558 to remote] DEBUG org.asynchttpclient.netty.request.NettyRequestSender - Using open Channel [id: 0x445752e7, L:/127.0.0.1:54486 - R:localhost/127.0.0.1:9352] for POST '/session/7ab9c382632e636a102160752126d558/element'
22:29:56.383 [AsyncHttpClient-1-5] DEBUG org.asynchttpclient.netty.handler.HttpHandler - 

Request DefaultHttpRequest(decodeResult: success, version: HTTP/1.1)
POST /session/7ab9c382632e636a102160752126d558/element HTTP/1.1
User-Agent: selenium/4.8.1 (java windows)
Content-Length: 62
Content-Type: application/json; charset=utf-8
host: localhost:9352
accept: */*

Response DefaultHttpResponse(decodeResult: success, version: HTTP/1.1)
HTTP/1.1 200 OK
Content-Length: 88
Content-Type: application/json; charset=utf-8
cache-control: no-cache

22:29:56.383 [AsyncHttpClient-1-5] DEBUG org.asynchttpclient.netty.channel.ChannelManager - Adding key: http://localhost:9352 for channel [id: 0x445752e7, L:/127.0.0.1:54486 - R:localhost/127.0.0.1:9352]
22:29:56.385 [Forwarding getElementTagName on session 7ab9c382632e636a102160752126d558 to remote] DEBUG org.asynchttpclient.netty.request.NettyRequestSender - Using pooled Channel '[id: 0x445752e7, L:/127.0.0.1:54486 - R:localhost/127.0.0.1:9352]' for 'GET' to 'http://localhost:9352/session/7ab9c382632e636a102160752126d558/element/ea3abc5c-2537-43d3-9a2d-0636d208904d/name'
22:29:56.385 [Forwarding getElementTagName on session 7ab9c382632e636a102160752126d558 to remote] DEBUG org.asynchttpclient.netty.request.NettyRequestSender - Using open Channel [id: 0x445752e7, L:/127.0.0.1:54486 - R:localhost/127.0.0.1:9352] for GET '/session/7ab9c382632e636a102160752126d558/element/ea3abc5c-2537-43d3-9a2d-0636d208904d/name'
22:29:56.391 [AsyncHttpClient-1-5] DEBUG org.asynchttpclient.netty.handler.HttpHandler - 

Request DefaultFullHttpRequest(decodeResult: success, version: HTTP/1.1, content: EmptyByteBufBE)
GET /session/7ab9c382632e636a102160752126d558/element/ea3abc5c-2537-43d3-9a2d-0636d208904d/name HTTP/1.1
User-Agent: selenium/4.8.1 (java windows)
Cache-Control: no-cache
Content-Type: application/json; charset=utf-8
host: localhost:9352
accept: */*

Response DefaultHttpResponse(decodeResult: success, version: HTTP/1.1)
HTTP/1.1 200 OK
Content-Length: 16
Content-Type: application/json; charset=utf-8
cache-control: no-cache

22:29:56.392 [AsyncHttpClient-1-5] DEBUG org.asynchttpclient.netty.channel.ChannelManager - Adding key: http://localhost:9352 for channel [id: 0x445752e7, L:/127.0.0.1:54486 - R:localhost/127.0.0.1:9352]
22:29:56.396 [Forwarding getElementTagName on session 7ab9c382632e636a102160752126d558 to remote] DEBUG org.asynchttpclient.netty.request.NettyRequestSender - Using pooled Channel '[id: 0x445752e7, L:/127.0.0.1:54486 - R:localhost/127.0.0.1:9352]' for 'GET' to 'http://localhost:9352/session/7ab9c382632e636a102160752126d558/element/ea3abc5c-2537-43d3-9a2d-0636d208904d/name'
22:29:56.396 [Forwarding getElementTagName on session 7ab9c382632e636a102160752126d558 to remote] DEBUG org.asynchttpclient.netty.request.NettyRequestSender - Using open Channel [id: 0x445752e7, L:/127.0.0.1:54486 - R:localhost/127.0.0.1:9352] for GET '/session/7ab9c382632e636a102160752126d558/element/ea3abc5c-2537-43d3-9a2d-0636d208904d/name'
22:29:56.400 [AsyncHttpClient-1-5] DEBUG org.asynchttpclient.netty.handler.HttpHandler - 

Request DefaultFullHttpRequest(decodeResult: success, version: HTTP/1.1, content: EmptyByteBufBE)
GET /session/7ab9c382632e636a102160752126d558/element/ea3abc5c-2537-43d3-9a2d-0636d208904d/name HTTP/1.1
User-Agent: selenium/4.8.1 (java windows)
Cache-Control: no-cache
Content-Type: application/json; charset=utf-8
host: localhost:9352
accept: */*

Response DefaultHttpResponse(decodeResult: success, version: HTTP/1.1)
HTTP/1.1 200 OK
Content-Length: 16
Content-Type: application/json; charset=utf-8
cache-control: no-cache

22:29:56.400 [AsyncHttpClient-1-5] DEBUG org.asynchttpclient.netty.channel.ChannelManager - Adding key: http://localhost:9352 for channel [id: 0x445752e7, L:/127.0.0.1:54486 - R:localhost/127.0.0.1:9352]
22:29:56.403 [Forwarding findElement on session 7ab9c382632e636a102160752126d558 to remote] DEBUG org.asynchttpclient.netty.request.NettyRequestSender - Using pooled Channel '[id: 0x445752e7, L:/127.0.0.1:54486 - R:localhost/127.0.0.1:9352]' for 'POST' to 'http://localhost:9352/session/7ab9c382632e636a102160752126d558/element'
22:29:56.403 [Forwarding findElement on session 7ab9c382632e636a102160752126d558 to remote] DEBUG org.asynchttpclient.netty.request.NettyRequestSender - Using open Channel [id: 0x445752e7, L:/127.0.0.1:54486 - R:localhost/127.0.0.1:9352] for POST '/session/7ab9c382632e636a102160752126d558/element'
22:29:56.412 [AsyncHttpClient-1-5] DEBUG org.asynchttpclient.netty.handler.HttpHandler - 

Request DefaultHttpRequest(decodeResult: success, version: HTTP/1.1)
POST /session/7ab9c382632e636a102160752126d558/element HTTP/1.1
User-Agent: selenium/4.8.1 (java windows)
Content-Length: 62
Content-Type: application/json; charset=utf-8
host: localhost:9352
accept: */*

Response DefaultHttpResponse(decodeResult: success, version: HTTP/1.1)
HTTP/1.1 200 OK
Content-Length: 88
Content-Type: application/json; charset=utf-8
cache-control: no-cache

22:29:56.412 [AsyncHttpClient-1-5] DEBUG org.asynchttpclient.netty.channel.ChannelManager - Adding key: http://localhost:9352 for channel [id: 0x445752e7, L:/127.0.0.1:54486 - R:localhost/127.0.0.1:9352]
22:29:56.414 [Forwarding clickElement on session 7ab9c382632e636a102160752126d558 to remote] DEBUG org.asynchttpclient.netty.request.NettyRequestSender - Using pooled Channel '[id: 0x445752e7, L:/127.0.0.1:54486 - R:localhost/127.0.0.1:9352]' for 'POST' to 'http://localhost:9352/session/7ab9c382632e636a102160752126d558/element/ea3abc5c-2537-43d3-9a2d-0636d208904d/click'
22:29:56.414 [Forwarding clickElement on session 7ab9c382632e636a102160752126d558 to remote] DEBUG org.asynchttpclient.netty.request.NettyRequestSender - Using open Channel [id: 0x445752e7, L:/127.0.0.1:54486 - R:localhost/127.0.0.1:9352] for POST '/session/7ab9c382632e636a102160752126d558/element/ea3abc5c-2537-43d3-9a2d-0636d208904d/click'
22:29:56.630 [AsyncHttpClient-1-5] DEBUG org.asynchttpclient.netty.handler.HttpHandler - 

Request DefaultHttpRequest(decodeResult: success, version: HTTP/1.1)
POST /session/7ab9c382632e636a102160752126d558/element/ea3abc5c-2537-43d3-9a2d-0636d208904d/click HTTP/1.1
User-Agent: selenium/4.8.1 (java windows)
Content-Length: 50
Content-Type: application/json; charset=utf-8
host: localhost:9352
accept: */*

Response DefaultHttpResponse(decodeResult: success, version: HTTP/1.1)
HTTP/1.1 200 OK
Content-Length: 14
Content-Type: application/json; charset=utf-8
cache-control: no-cache

22:29:56.630 [AsyncHttpClient-1-5] DEBUG org.asynchttpclient.netty.channel.ChannelManager - Adding key: http://localhost:9352 for channel [id: 0x445752e7, L:/127.0.0.1:54486 - R:localhost/127.0.0.1:9352]
22:29:56.644 [Forwarding getAlertText on session 7ab9c382632e636a102160752126d558 to remote] DEBUG org.asynchttpclient.netty.request.NettyRequestSender - Using pooled Channel '[id: 0x445752e7, L:/127.0.0.1:54486 - R:localhost/127.0.0.1:9352]' for 'GET' to 'http://localhost:9352/session/7ab9c382632e636a102160752126d558/alert/text'
22:29:56.644 [Forwarding getAlertText on session 7ab9c382632e636a102160752126d558 to remote] DEBUG org.asynchttpclient.netty.request.NettyRequestSender - Using open Channel [id: 0x445752e7, L:/127.0.0.1:54486 - R:localhost/127.0.0.1:9352] for GET '/session/7ab9c382632e636a102160752126d558/alert/text'
22:29:56.647 [AsyncHttpClient-1-5] DEBUG org.asynchttpclient.netty.handler.HttpHandler - 

Request DefaultFullHttpRequest(decodeResult: success, version: HTTP/1.1, content: EmptyByteBufBE)
GET /session/7ab9c382632e636a102160752126d558/alert/text HTTP/1.1
User-Agent: selenium/4.8.1 (java windows)
Cache-Control: no-cache
Content-Type: application/json; charset=utf-8
host: localhost:9352
accept: */*

Response DefaultHttpResponse(decodeResult: success, version: HTTP/1.1)
HTTP/1.1 404 Not Found
Content-Length: 835
Content-Type: application/json; charset=utf-8
cache-control: no-cache

22:29:56.647 [AsyncHttpClient-1-5] DEBUG org.asynchttpclient.netty.channel.ChannelManager - Adding key: http://localhost:9352 for channel [id: 0x445752e7, L:/127.0.0.1:54486 - R:localhost/127.0.0.1:9352]
22:29:56.650 [Forwarding getCurrentUrl on session 7ab9c382632e636a102160752126d558 to remote] DEBUG org.asynchttpclient.netty.request.NettyRequestSender - Using pooled Channel '[id: 0x445752e7, L:/127.0.0.1:54486 - R:localhost/127.0.0.1:9352]' for 'GET' to 'http://localhost:9352/session/7ab9c382632e636a102160752126d558/url'
22:29:56.650 [Forwarding getCurrentUrl on session 7ab9c382632e636a102160752126d558 to remote] DEBUG org.asynchttpclient.netty.request.NettyRequestSender - Using open Channel [id: 0x445752e7, L:/127.0.0.1:54486 - R:localhost/127.0.0.1:9352] for GET '/session/7ab9c382632e636a102160752126d558/url'
22:29:56.684 [AsyncHttpClient-1-1] DEBUG org.asynchttpclient.netty.channel.DefaultChannelPool - Entry count for : http://localhost:54488 : 1
22:29:56.742 [AsyncHttpClient-1-5] DEBUG org.asynchttpclient.netty.handler.HttpHandler - 

Request DefaultFullHttpRequest(decodeResult: success, version: HTTP/1.1, content: EmptyByteBufBE)
GET /session/7ab9c382632e636a102160752126d558/url HTTP/1.1
User-Agent: selenium/4.8.1 (java windows)
Cache-Control: no-cache
Content-Type: application/json; charset=utf-8
host: localhost:9352
accept: */*

Response DefaultHttpResponse(decodeResult: success, version: HTTP/1.1)
HTTP/1.1 200 OK
Content-Length: 42
Content-Type: application/json; charset=utf-8
cache-control: no-cache

22:29:56.743 [AsyncHttpClient-1-5] DEBUG org.asynchttpclient.netty.channel.ChannelManager - Adding key: http://localhost:9352 for channel [id: 0x445752e7, L:/127.0.0.1:54486 - R:localhost/127.0.0.1:9352]
22:29:56.745 [Forwarding screenshot on session 7ab9c382632e636a102160752126d558 to remote] DEBUG org.asynchttpclient.netty.request.NettyRequestSender - Using pooled Channel '[id: 0x445752e7, L:/127.0.0.1:54486 - R:localhost/127.0.0.1:9352]' for 'GET' to 'http://localhost:9352/session/7ab9c382632e636a102160752126d558/screenshot'
22:29:56.745 [Forwarding screenshot on session 7ab9c382632e636a102160752126d558 to remote] DEBUG org.asynchttpclient.netty.request.NettyRequestSender - Using open Channel [id: 0x445752e7, L:/127.0.0.1:54486 - R:localhost/127.0.0.1:9352] for GET '/session/7ab9c382632e636a102160752126d558/screenshot'
22:29:57.186 [AsyncHttpClient-1-5] DEBUG org.asynchttpclient.netty.handler.HttpHandler - 

Request DefaultFullHttpRequest(decodeResult: success, version: HTTP/1.1, content: EmptyByteBufBE)
GET /session/7ab9c382632e636a102160752126d558/screenshot HTTP/1.1
User-Agent: selenium/4.8.1 (java windows)
Cache-Control: no-cache
Content-Type: application/json; charset=utf-8
host: localhost:9352
accept: */*

Response DefaultHttpResponse(decodeResult: success, version: HTTP/1.1)
HTTP/1.1 200 OK
Content-Length: 255864
Content-Type: application/json; charset=utf-8
cache-control: no-cache

22:29:57.188 [AsyncHttpClient-1-5] DEBUG org.asynchttpclient.netty.channel.ChannelManager - Adding key: http://localhost:9352 for channel [id: 0x445752e7, L:/127.0.0.1:54486 - R:localhost/127.0.0.1:9352]
22:29:57.197 [main] DEBUG net.serenitybdd.core.photography.Darkroom - Send negative for processing for target\site\serenity\385bcadc27da1b2c4766a46f92f1b5bdc4e85f5718254a7d06d292689290915e.png
22:29:57.197 [main] DEBUG net.thucydides.core.steps.StepInterceptor - STEP DONE: clickLoginButton
  &amp#27;[32mWhen &amp#27;[0m&amp#27;[32mI click login button&amp#27;[0m             &amp#27;[90m# starter.stepdefintions.LoginSteps.clickLoginButton()&amp#27;[0m
22:29:57.213 [Forwarding getPageSource on session 7ab9c382632e636a102160752126d558 to remote] DEBUG org.asynchttpclient.netty.request.NettyRequestSender - Using pooled Channel '[id: 0x445752e7, L:/127.0.0.1:54486 - R:localhost/127.0.0.1:9352]' for 'POST' to 'http://localhost:9352/session/7ab9c382632e636a102160752126d558/execute/sync'
22:29:57.213 [Forwarding getPageSource on session 7ab9c382632e636a102160752126d558 to remote] DEBUG org.asynchttpclient.netty.request.NettyRequestSender - Using open Channel [id: 0x445752e7, L:/127.0.0.1:54486 - R:localhost/127.0.0.1:9352] for POST '/session/7ab9c382632e636a102160752126d558/execute/sync'
22:29:57.229 [AsyncHttpClient-1-5] DEBUG org.asynchttpclient.netty.handler.HttpHandler - 

Request DefaultHttpRequest(decodeResult: success, version: HTTP/1.1)
POST /session/7ab9c382632e636a102160752126d558/execute/sync HTTP/1.1
User-Agent: selenium/4.8.1 (java windows)
Content-Length: 176
Content-Type: application/json; charset=utf-8
host: localhost:9352
accept: */*

Response DefaultHttpResponse(decodeResult: success, version: HTTP/1.1)
HTTP/1.1 200 OK
Content-Length: 96896
Content-Type: application/json; charset=utf-8
cache-control: no-cache

22:29:57.229 [AsyncHttpClient-1-5] DEBUG org.asynchttpclient.netty.channel.ChannelManager - Adding key: http://localhost:9352 for channel [id: 0x445752e7, L:/127.0.0.1:54486 - R:localhost/127.0.0.1:9352]
22:29:57.238 [Forwarding getCurrentUrl on session 7ab9c382632e636a102160752126d558 to remote] DEBUG org.asynchttpclient.netty.request.NettyRequestSender - Using pooled Channel '[id: 0x445752e7, L:/127.0.0.1:54486 - R:localhost/127.0.0.1:9352]' for 'GET' to 'http://localhost:9352/session/7ab9c382632e636a102160752126d558/url'
22:29:57.238 [Forwarding getCurrentUrl on session 7ab9c382632e636a102160752126d558 to remote] DEBUG org.asynchttpclient.netty.request.NettyRequestSender - Using open Channel [id: 0x445752e7, L:/127.0.0.1:54486 - R:localhost/127.0.0.1:9352] for GET '/session/7ab9c382632e636a102160752126d558/url'
22:29:57.242 [AsyncHttpClient-1-5] DEBUG org.asynchttpclient.netty.handler.HttpHandler - 

Request DefaultFullHttpRequest(decodeResult: success, version: HTTP/1.1, content: EmptyByteBufBE)
GET /session/7ab9c382632e636a102160752126d558/url HTTP/1.1
User-Agent: selenium/4.8.1 (java windows)
Cache-Control: no-cache
Content-Type: application/json; charset=utf-8
host: localhost:9352
accept: */*

Response DefaultHttpResponse(decodeResult: success, version: HTTP/1.1)
HTTP/1.1 200 OK
Content-Length: 42
Content-Type: application/json; charset=utf-8
cache-control: no-cache

22:29:57.242 [AsyncHttpClient-1-5] DEBUG org.asynchttpclient.netty.channel.ChannelManager - Adding key: http://localhost:9352 for channel [id: 0x445752e7, L:/127.0.0.1:54486 - R:localhost/127.0.0.1:9352]
22:29:57.259 [Forwarding getAlertText on session 7ab9c382632e636a102160752126d558 to remote] DEBUG org.asynchttpclient.netty.request.NettyRequestSender - Using pooled Channel '[id: 0x445752e7, L:/127.0.0.1:54486 - R:localhost/127.0.0.1:9352]' for 'GET' to 'http://localhost:9352/session/7ab9c382632e636a102160752126d558/alert/text'
22:29:57.259 [Forwarding getAlertText on session 7ab9c382632e636a102160752126d558 to remote] DEBUG org.asynchttpclient.netty.request.NettyRequestSender - Using open Channel [id: 0x445752e7, L:/127.0.0.1:54486 - R:localhost/127.0.0.1:9352] for GET '/session/7ab9c382632e636a102160752126d558/alert/text'
22:29:57.262 [AsyncHttpClient-1-5] DEBUG org.asynchttpclient.netty.handler.HttpHandler - 

Request DefaultFullHttpRequest(decodeResult: success, version: HTTP/1.1, content: EmptyByteBufBE)
GET /session/7ab9c382632e636a102160752126d558/alert/text HTTP/1.1
User-Agent: selenium/4.8.1 (java windows)
Cache-Control: no-cache
Content-Type: application/json; charset=utf-8
host: localhost:9352
accept: */*

Response DefaultHttpResponse(decodeResult: success, version: HTTP/1.1)
HTTP/1.1 404 Not Found
Content-Length: 835
Content-Type: application/json; charset=utf-8
cache-control: no-cache

22:29:57.262 [AsyncHttpClient-1-5] DEBUG org.asynchttpclient.netty.channel.ChannelManager - Adding key: http://localhost:9352 for channel [id: 0x445752e7, L:/127.0.0.1:54486 - R:localhost/127.0.0.1:9352]
22:29:57.267 [Forwarding getCurrentUrl on session 7ab9c382632e636a102160752126d558 to remote] DEBUG org.asynchttpclient.netty.request.NettyRequestSender - Using pooled Channel '[id: 0x445752e7, L:/127.0.0.1:54486 - R:localhost/127.0.0.1:9352]' for 'GET' to 'http://localhost:9352/session/7ab9c382632e636a102160752126d558/url'
22:29:57.267 [Forwarding getCurrentUrl on session 7ab9c382632e636a102160752126d558 to remote] DEBUG org.asynchttpclient.netty.request.NettyRequestSender - Using open Channel [id: 0x445752e7, L:/127.0.0.1:54486 - R:localhost/127.0.0.1:9352] for GET '/session/7ab9c382632e636a102160752126d558/url'
22:29:57.274 [AsyncHttpClient-1-5] DEBUG org.asynchttpclient.netty.handler.HttpHandler - 

Request DefaultFullHttpRequest(decodeResult: success, version: HTTP/1.1, content: EmptyByteBufBE)
GET /session/7ab9c382632e636a102160752126d558/url HTTP/1.1
User-Agent: selenium/4.8.1 (java windows)
Cache-Control: no-cache
Content-Type: application/json; charset=utf-8
host: localhost:9352
accept: */*

Response DefaultHttpResponse(decodeResult: success, version: HTTP/1.1)
HTTP/1.1 200 OK
Content-Length: 42
Content-Type: application/json; charset=utf-8
cache-control: no-cache

22:29:57.274 [AsyncHttpClient-1-5] DEBUG org.asynchttpclient.netty.channel.ChannelManager - Adding key: http://localhost:9352 for channel [id: 0x445752e7, L:/127.0.0.1:54486 - R:localhost/127.0.0.1:9352]
22:29:57.275 [Forwarding screenshot on session 7ab9c382632e636a102160752126d558 to remote] DEBUG org.asynchttpclient.netty.request.NettyRequestSender - Using pooled Channel '[id: 0x445752e7, L:/127.0.0.1:54486 - R:localhost/127.0.0.1:9352]' for 'GET' to 'http://localhost:9352/session/7ab9c382632e636a102160752126d558/screenshot'
22:29:57.276 [Forwarding screenshot on session 7ab9c382632e636a102160752126d558 to remote] DEBUG org.asynchttpclient.netty.request.NettyRequestSender - Using open Channel [id: 0x445752e7, L:/127.0.0.1:54486 - R:localhost/127.0.0.1:9352] for GET '/session/7ab9c382632e636a102160752126d558/screenshot'
22:29:57.526 [AsyncHttpClient-1-5] DEBUG org.asynchttpclient.netty.handler.HttpHandler - 

Request DefaultFullHttpRequest(decodeResult: success, version: HTTP/1.1, content: EmptyByteBufBE)
GET /session/7ab9c382632e636a102160752126d558/screenshot HTTP/1.1
User-Agent: selenium/4.8.1 (java windows)
Cache-Control: no-cache
Content-Type: application/json; charset=utf-8
host: localhost:9352
accept: */*

Response DefaultHttpResponse(decodeResult: success, version: HTTP/1.1)
HTTP/1.1 200 OK
Content-Length: 255864
Content-Type: application/json; charset=utf-8
cache-control: no-cache

22:29:57.527 [AsyncHttpClient-1-5] DEBUG org.asynchttpclient.netty.channel.ChannelManager - Adding key: http://localhost:9352 for channel [id: 0x445752e7, L:/127.0.0.1:54486 - R:localhost/127.0.0.1:9352]
22:29:57.535 [main] DEBUG net.serenitybdd.core.photography.Darkroom - Send negative for processing for target\site\serenity\385bcadc27da1b2c4766a46f92f1b5bdc4e85f5718254a7d06d292689290915e.png
22:29:57.537 [Forwarding getPageSource on session 7ab9c382632e636a102160752126d558 to remote] DEBUG org.asynchttpclient.netty.request.NettyRequestSender - Using pooled Channel '[id: 0x445752e7, L:/127.0.0.1:54486 - R:localhost/127.0.0.1:9352]' for 'POST' to 'http://localhost:9352/session/7ab9c382632e636a102160752126d558/execute/sync'
22:29:57.537 [Forwarding getPageSource on session 7ab9c382632e636a102160752126d558 to remote] DEBUG org.asynchttpclient.netty.request.NettyRequestSender - Using open Channel [id: 0x445752e7, L:/127.0.0.1:54486 - R:localhost/127.0.0.1:9352] for POST '/session/7ab9c382632e636a102160752126d558/execute/sync'
22:29:57.552 [AsyncHttpClient-1-5] DEBUG org.asynchttpclient.netty.handler.HttpHandler - 

Request DefaultHttpRequest(decodeResult: success, version: HTTP/1.1)
POST /session/7ab9c382632e636a102160752126d558/execute/sync HTTP/1.1
User-Agent: selenium/4.8.1 (java windows)
Content-Length: 176
Content-Type: application/json; charset=utf-8
host: localhost:9352
accept: */*

Response DefaultHttpResponse(decodeResult: success, version: HTTP/1.1)
HTTP/1.1 200 OK
Content-Length: 96896
Content-Type: application/json; charset=utf-8
cache-control: no-cache

22:29:57.552 [AsyncHttpClient-1-5] DEBUG org.asynchttpclient.netty.channel.ChannelManager - Adding key: http://localhost:9352 for channel [id: 0x445752e7, L:/127.0.0.1:54486 - R:localhost/127.0.0.1:9352]
22:29:57.566 [Forwarding getCurrentUrl on session 7ab9c382632e636a102160752126d558 to remote] DEBUG org.asynchttpclient.netty.request.NettyRequestSender - Using pooled Channel '[id: 0x445752e7, L:/127.0.0.1:54486 - R:localhost/127.0.0.1:9352]' for 'GET' to 'http://localhost:9352/session/7ab9c382632e636a102160752126d558/url'
22:29:57.566 [Forwarding getCurrentUrl on session 7ab9c382632e636a102160752126d558 to remote] DEBUG org.asynchttpclient.netty.request.NettyRequestSender - Using open Channel [id: 0x445752e7, L:/127.0.0.1:54486 - R:localhost/127.0.0.1:9352] for GET '/session/7ab9c382632e636a102160752126d558/url'
22:29:57.572 [AsyncHttpClient-1-5] DEBUG org.asynchttpclient.netty.handler.HttpHandler - 

Request DefaultFullHttpRequest(decodeResult: success, version: HTTP/1.1, content: EmptyByteBufBE)
GET /session/7ab9c382632e636a102160752126d558/url HTTP/1.1
User-Agent: selenium/4.8.1 (java windows)
Cache-Control: no-cache
Content-Type: application/json; charset=utf-8
host: localhost:9352
accept: */*

Response DefaultHttpResponse(decodeResult: success, version: HTTP/1.1)
HTTP/1.1 200 OK
Content-Length: 42
Content-Type: application/json; charset=utf-8
cache-control: no-cache

22:29:57.572 [AsyncHttpClient-1-5] DEBUG org.asynchttpclient.netty.channel.ChannelManager - Adding key: http://localhost:9352 for channel [id: 0x445752e7, L:/127.0.0.1:54486 - R:localhost/127.0.0.1:9352]
22:29:57.576 [main] DEBUG net.thucydides.core.steps.StepInterceptor - STARTING STEP: LoginSteps.inputEmail - inputEmail
22:29:57.580 [Forwarding findElement on session 7ab9c382632e636a102160752126d558 to remote] DEBUG org.asynchttpclient.netty.request.NettyRequestSender - Using pooled Channel '[id: 0x445752e7, L:/127.0.0.1:54486 - R:localhost/127.0.0.1:9352]' for 'POST' to 'http://localhost:9352/session/7ab9c382632e636a102160752126d558/element'
22:29:57.580 [Forwarding findElement on session 7ab9c382632e636a102160752126d558 to remote] DEBUG org.asynchttpclient.netty.request.NettyRequestSender - Using open Channel [id: 0x445752e7, L:/127.0.0.1:54486 - R:localhost/127.0.0.1:9352] for POST '/session/7ab9c382632e636a102160752126d558/element'
22:29:57.602 [AsyncHttpClient-1-5] DEBUG org.asynchttpclient.netty.handler.HttpHandler - 

Request DefaultHttpRequest(decodeResult: success, version: HTTP/1.1)
POST /session/7ab9c382632e636a102160752126d558/element HTTP/1.1
User-Agent: selenium/4.8.1 (java windows)
Content-Length: 50
Content-Type: application/json; charset=utf-8
host: localhost:9352
accept: */*

Response DefaultHttpResponse(decodeResult: success, version: HTTP/1.1)
HTTP/1.1 200 OK
Content-Length: 88
Content-Type: application/json; charset=utf-8
cache-control: no-cache

22:29:57.602 [AsyncHttpClient-1-5] DEBUG org.asynchttpclient.netty.channel.ChannelManager - Adding key: http://localhost:9352 for channel [id: 0x445752e7, L:/127.0.0.1:54486 - R:localhost/127.0.0.1:9352]
22:29:57.604 [Forwarding clearElement on session 7ab9c382632e636a102160752126d558 to remote] DEBUG org.asynchttpclient.netty.request.NettyRequestSender - Using pooled Channel '[id: 0x445752e7, L:/127.0.0.1:54486 - R:localhost/127.0.0.1:9352]' for 'POST' to 'http://localhost:9352/session/7ab9c382632e636a102160752126d558/element/ecadaa55-3e91-40b4-8787-77c7b0b5a87d/clear'
22:29:57.604 [Forwarding clearElement on session 7ab9c382632e636a102160752126d558 to remote] DEBUG org.asynchttpclient.netty.request.NettyRequestSender - Using open Channel [id: 0x445752e7, L:/127.0.0.1:54486 - R:localhost/127.0.0.1:9352] for POST '/session/7ab9c382632e636a102160752126d558/element/ecadaa55-3e91-40b4-8787-77c7b0b5a87d/clear'
22:29:57.659 [AsyncHttpClient-1-5] DEBUG org.asynchttpclient.netty.handler.HttpHandler - 

Request DefaultHttpRequest(decodeResult: success, version: HTTP/1.1)
POST /session/7ab9c382632e636a102160752126d558/element/ecadaa55-3e91-40b4-8787-77c7b0b5a87d/clear HTTP/1.1
User-Agent: selenium/4.8.1 (java windows)
Content-Length: 50
Content-Type: application/json; charset=utf-8
host: localhost:9352
accept: */*

Response DefaultHttpResponse(decodeResult: success, version: HTTP/1.1)
HTTP/1.1 200 OK
Content-Length: 14
Content-Type: application/json; charset=utf-8
cache-control: no-cache

22:29:57.659 [AsyncHttpClient-1-5] DEBUG org.asynchttpclient.netty.channel.ChannelManager - Adding key: http://localhost:9352 for channel [id: 0x445752e7, L:/127.0.0.1:54486 - R:localhost/127.0.0.1:9352]
22:29:57.662 [Forwarding sendKeysToElement on session 7ab9c382632e636a102160752126d558 to remote] DEBUG org.asynchttpclient.netty.request.NettyRequestSender - Using pooled Channel '[id: 0x445752e7, L:/127.0.0.1:54486 - R:localhost/127.0.0.1:9352]' for 'POST' to 'http://localhost:9352/session/7ab9c382632e636a102160752126d558/element/ecadaa55-3e91-40b4-8787-77c7b0b5a87d/value'
22:29:57.662 [Forwarding sendKeysToElement on session 7ab9c382632e636a102160752126d558 to remote] DEBUG org.asynchttpclient.netty.request.NettyRequestSender - Using open Channel [id: 0x445752e7, L:/127.0.0.1:54486 - R:localhost/127.0.0.1:9352] for POST '/session/7ab9c382632e636a102160752126d558/element/ecadaa55-3e91-40b4-8787-77c7b0b5a87d/value'
22:29:57.788 [AsyncHttpClient-1-1] DEBUG org.asynchttpclient.netty.channel.DefaultChannelPool - Entry count for : http://localhost:54488 : 1
22:29:57.936 [AsyncHttpClient-1-5] DEBUG org.asynchttpclient.netty.handler.HttpHandler - 

Request DefaultHttpRequest(decodeResult: success, version: HTTP/1.1)
POST /session/7ab9c382632e636a102160752126d558/element/ecadaa55-3e91-40b4-8787-77c7b0b5a87d/value HTTP/1.1
User-Agent: selenium/4.8.1 (java windows)
Content-Length: 351
Content-Type: application/json; charset=utf-8
host: localhost:9352
accept: */*

Response DefaultHttpResponse(decodeResult: success, version: HTTP/1.1)
HTTP/1.1 200 OK
Content-Length: 14
Content-Type: application/json; charset=utf-8
cache-control: no-cache

22:29:57.936 [AsyncHttpClient-1-5] DEBUG org.asynchttpclient.netty.channel.ChannelManager - Adding key: http://localhost:9352 for channel [id: 0x445752e7, L:/127.0.0.1:54486 - R:localhost/127.0.0.1:9352]
22:29:57.949 [Forwarding getAlertText on session 7ab9c382632e636a102160752126d558 to remote] DEBUG org.asynchttpclient.netty.request.NettyRequestSender - Using pooled Channel '[id: 0x445752e7, L:/127.0.0.1:54486 - R:localhost/127.0.0.1:9352]' for 'GET' to 'http://localhost:9352/session/7ab9c382632e636a102160752126d558/alert/text'
22:29:57.949 [Forwarding getAlertText on session 7ab9c382632e636a102160752126d558 to remote] DEBUG org.asynchttpclient.netty.request.NettyRequestSender - Using open Channel [id: 0x445752e7, L:/127.0.0.1:54486 - R:localhost/127.0.0.1:9352] for GET '/session/7ab9c382632e636a102160752126d558/alert/text'
22:29:57.952 [AsyncHttpClient-1-5] DEBUG org.asynchttpclient.netty.handler.HttpHandler - 

Request DefaultFullHttpRequest(decodeResult: success, version: HTTP/1.1, content: EmptyByteBufBE)
GET /session/7ab9c382632e636a102160752126d558/alert/text HTTP/1.1
User-Agent: selenium/4.8.1 (java windows)
Cache-Control: no-cache
Content-Type: application/json; charset=utf-8
host: localhost:9352
accept: */*

Response DefaultHttpResponse(decodeResult: success, version: HTTP/1.1)
HTTP/1.1 404 Not Found
Content-Length: 835
Content-Type: application/json; charset=utf-8
cache-control: no-cache

22:29:57.952 [AsyncHttpClient-1-5] DEBUG org.asynchttpclient.netty.channel.ChannelManager - Adding key: http://localhost:9352 for channel [id: 0x445752e7, L:/127.0.0.1:54486 - R:localhost/127.0.0.1:9352]
22:29:57.954 [Forwarding getCurrentUrl on session 7ab9c382632e636a102160752126d558 to remote] DEBUG org.asynchttpclient.netty.request.NettyRequestSender - Using pooled Channel '[id: 0x445752e7, L:/127.0.0.1:54486 - R:localhost/127.0.0.1:9352]' for 'GET' to 'http://localhost:9352/session/7ab9c382632e636a102160752126d558/url'
22:29:57.954 [Forwarding getCurrentUrl on session 7ab9c382632e636a102160752126d558 to remote] DEBUG org.asynchttpclient.netty.request.NettyRequestSender - Using open Channel [id: 0x445752e7, L:/127.0.0.1:54486 - R:localhost/127.0.0.1:9352] for GET '/session/7ab9c382632e636a102160752126d558/url'
22:29:57.960 [AsyncHttpClient-1-5] DEBUG org.asynchttpclient.netty.handler.HttpHandler - 

Request DefaultFullHttpRequest(decodeResult: success, version: HTTP/1.1, content: EmptyByteBufBE)
GET /session/7ab9c382632e636a102160752126d558/url HTTP/1.1
User-Agent: selenium/4.8.1 (java windows)
Cache-Control: no-cache
Content-Type: application/json; charset=utf-8
host: localhost:9352
accept: */*

Response DefaultHttpResponse(decodeResult: success, version: HTTP/1.1)
HTTP/1.1 200 OK
Content-Length: 42
Content-Type: application/json; charset=utf-8
cache-control: no-cache

22:29:57.960 [AsyncHttpClient-1-5] DEBUG org.asynchttpclient.netty.channel.ChannelManager - Adding key: http://localhost:9352 for channel [id: 0x445752e7, L:/127.0.0.1:54486 - R:localhost/127.0.0.1:9352]
22:29:57.962 [Forwarding screenshot on session 7ab9c382632e636a102160752126d558 to remote] DEBUG org.asynchttpclient.netty.request.NettyRequestSender - Using pooled Channel '[id: 0x445752e7, L:/127.0.0.1:54486 - R:localhost/127.0.0.1:9352]' for 'GET' to 'http://localhost:9352/session/7ab9c382632e636a102160752126d558/screenshot'
22:29:57.962 [Forwarding screenshot on session 7ab9c382632e636a102160752126d558 to remote] DEBUG org.asynchttpclient.netty.request.NettyRequestSender - Using open Channel [id: 0x445752e7, L:/127.0.0.1:54486 - R:localhost/127.0.0.1:9352] for GET '/session/7ab9c382632e636a102160752126d558/screenshot'
22:29:58.251 [AsyncHttpClient-1-5] DEBUG org.asynchttpclient.netty.handler.HttpHandler - 

Request DefaultFullHttpRequest(decodeResult: success, version: HTTP/1.1, content: EmptyByteBufBE)
GET /session/7ab9c382632e636a102160752126d558/screenshot HTTP/1.1
User-Agent: selenium/4.8.1 (java windows)
Cache-Control: no-cache
Content-Type: application/json; charset=utf-8
host: localhost:9352
accept: */*

Response DefaultHttpResponse(decodeResult: success, version: HTTP/1.1)
HTTP/1.1 200 OK
Content-Length: 259768
Content-Type: application/json; charset=utf-8
cache-control: no-cache

22:29:58.252 [AsyncHttpClient-1-5] DEBUG org.asynchttpclient.netty.channel.ChannelManager - Adding key: http://localhost:9352 for channel [id: 0x445752e7, L:/127.0.0.1:54486 - R:localhost/127.0.0.1:9352]
22:29:58.263 [main] DEBUG net.serenitybdd.core.photography.Darkroom - Send negative for processing for target\site\serenity\4dfead7844ac3e1e0db51b620b518cd4e36b37e417a797ba92c2bc9977975f6b.png
22:29:58.264 [main] DEBUG net.thucydides.core.steps.StepInterceptor - STEP DONE: inputEmail
  &amp#27;[32mAnd &amp#27;[0m&amp#27;[32mI enter correct email&amp#27;[0m             &amp#27;[90m# starter.stepdefintions.LoginSteps.inputEmail()&amp#27;[0m
22:29:58.279 [Forwarding getPageSource on session 7ab9c382632e636a102160752126d558 to remote] DEBUG org.asynchttpclient.netty.request.NettyRequestSender - Using pooled Channel '[id: 0x445752e7, L:/127.0.0.1:54486 - R:localhost/127.0.0.1:9352]' for 'POST' to 'http://localhost:9352/session/7ab9c382632e636a102160752126d558/execute/sync'
22:29:58.279 [Forwarding getPageSource on session 7ab9c382632e636a102160752126d558 to remote] DEBUG org.asynchttpclient.netty.request.NettyRequestSender - Using open Channel [id: 0x445752e7, L:/127.0.0.1:54486 - R:localhost/127.0.0.1:9352] for POST '/session/7ab9c382632e636a102160752126d558/execute/sync'
22:29:58.297 [AsyncHttpClient-1-5] DEBUG org.asynchttpclient.netty.handler.HttpHandler - 

Request DefaultHttpRequest(decodeResult: success, version: HTTP/1.1)
POST /session/7ab9c382632e636a102160752126d558/execute/sync HTTP/1.1
User-Agent: selenium/4.8.1 (java windows)
Content-Length: 176
Content-Type: application/json; charset=utf-8
host: localhost:9352
accept: */*

Response DefaultHttpResponse(decodeResult: success, version: HTTP/1.1)
HTTP/1.1 200 OK
Content-Length: 96947
Content-Type: application/json; charset=utf-8
cache-control: no-cache

22:29:58.298 [AsyncHttpClient-1-5] DEBUG org.asynchttpclient.netty.channel.ChannelManager - Adding key: http://localhost:9352 for channel [id: 0x445752e7, L:/127.0.0.1:54486 - R:localhost/127.0.0.1:9352]
22:29:58.309 [Forwarding getCurrentUrl on session 7ab9c382632e636a102160752126d558 to remote] DEBUG org.asynchttpclient.netty.request.NettyRequestSender - Using pooled Channel '[id: 0x445752e7, L:/127.0.0.1:54486 - R:localhost/127.0.0.1:9352]' for 'GET' to 'http://localhost:9352/session/7ab9c382632e636a102160752126d558/url'
22:29:58.310 [Forwarding getCurrentUrl on session 7ab9c382632e636a102160752126d558 to remote] DEBUG org.asynchttpclient.netty.request.NettyRequestSender - Using open Channel [id: 0x445752e7, L:/127.0.0.1:54486 - R:localhost/127.0.0.1:9352] for GET '/session/7ab9c382632e636a102160752126d558/url'
22:29:58.315 [AsyncHttpClient-1-5] DEBUG org.asynchttpclient.netty.handler.HttpHandler - 

Request DefaultFullHttpRequest(decodeResult: success, version: HTTP/1.1, content: EmptyByteBufBE)
GET /session/7ab9c382632e636a102160752126d558/url HTTP/1.1
User-Agent: selenium/4.8.1 (java windows)
Cache-Control: no-cache
Content-Type: application/json; charset=utf-8
host: localhost:9352
accept: */*

Response DefaultHttpResponse(decodeResult: success, version: HTTP/1.1)
HTTP/1.1 200 OK
Content-Length: 42
Content-Type: application/json; charset=utf-8
cache-control: no-cache

22:29:58.316 [AsyncHttpClient-1-5] DEBUG org.asynchttpclient.netty.channel.ChannelManager - Adding key: http://localhost:9352 for channel [id: 0x445752e7, L:/127.0.0.1:54486 - R:localhost/127.0.0.1:9352]
22:29:58.373 [Forwarding getAlertText on session 7ab9c382632e636a102160752126d558 to remote] DEBUG org.asynchttpclient.netty.request.NettyRequestSender - Using pooled Channel '[id: 0x445752e7, L:/127.0.0.1:54486 - R:localhost/127.0.0.1:9352]' for 'GET' to 'http://localhost:9352/session/7ab9c382632e636a102160752126d558/alert/text'
22:29:58.373 [Forwarding getAlertText on session 7ab9c382632e636a102160752126d558 to remote] DEBUG org.asynchttpclient.netty.request.NettyRequestSender - Using open Channel [id: 0x445752e7, L:/127.0.0.1:54486 - R:localhost/127.0.0.1:9352] for GET '/session/7ab9c382632e636a102160752126d558/alert/text'
22:29:58.376 [AsyncHttpClient-1-5] DEBUG org.asynchttpclient.netty.handler.HttpHandler - 

Request DefaultFullHttpRequest(decodeResult: success, version: HTTP/1.1, content: EmptyByteBufBE)
GET /session/7ab9c382632e636a102160752126d558/alert/text HTTP/1.1
User-Agent: selenium/4.8.1 (java windows)
Cache-Control: no-cache
Content-Type: application/json; charset=utf-8
host: localhost:9352
accept: */*

Response DefaultHttpResponse(decodeResult: success, version: HTTP/1.1)
HTTP/1.1 404 Not Found
Content-Length: 835
Content-Type: application/json; charset=utf-8
cache-control: no-cache

22:29:58.376 [AsyncHttpClient-1-5] DEBUG org.asynchttpclient.netty.channel.ChannelManager - Adding key: http://localhost:9352 for channel [id: 0x445752e7, L:/127.0.0.1:54486 - R:localhost/127.0.0.1:9352]
22:29:58.379 [Forwarding getCurrentUrl on session 7ab9c382632e636a102160752126d558 to remote] DEBUG org.asynchttpclient.netty.request.NettyRequestSender - Using pooled Channel '[id: 0x445752e7, L:/127.0.0.1:54486 - R:localhost/127.0.0.1:9352]' for 'GET' to 'http://localhost:9352/session/7ab9c382632e636a102160752126d558/url'
22:29:58.379 [Forwarding getCurrentUrl on session 7ab9c382632e636a102160752126d558 to remote] DEBUG org.asynchttpclient.netty.request.NettyRequestSender - Using open Channel [id: 0x445752e7, L:/127.0.0.1:54486 - R:localhost/127.0.0.1:9352] for GET '/session/7ab9c382632e636a102160752126d558/url'
22:29:58.392 [AsyncHttpClient-1-5] DEBUG org.asynchttpclient.netty.handler.HttpHandler - 

Request DefaultFullHttpRequest(decodeResult: success, version: HTTP/1.1, content: EmptyByteBufBE)
GET /session/7ab9c382632e636a102160752126d558/url HTTP/1.1
User-Agent: selenium/4.8.1 (java windows)
Cache-Control: no-cache
Content-Type: application/json; charset=utf-8
host: localhost:9352
accept: */*

Response DefaultHttpResponse(decodeResult: success, version: HTTP/1.1)
HTTP/1.1 200 OK
Content-Length: 42
Content-Type: application/json; charset=utf-8
cache-control: no-cache

22:29:58.392 [AsyncHttpClient-1-5] DEBUG org.asynchttpclient.netty.channel.ChannelManager - Adding key: http://localhost:9352 for channel [id: 0x445752e7, L:/127.0.0.1:54486 - R:localhost/127.0.0.1:9352]
22:29:58.396 [Forwarding screenshot on session 7ab9c382632e636a102160752126d558 to remote] DEBUG org.asynchttpclient.netty.request.NettyRequestSender - Using pooled Channel '[id: 0x445752e7, L:/127.0.0.1:54486 - R:localhost/127.0.0.1:9352]' for 'GET' to 'http://localhost:9352/session/7ab9c382632e636a102160752126d558/screenshot'
22:29:58.397 [Forwarding screenshot on session 7ab9c382632e636a102160752126d558 to remote] DEBUG org.asynchttpclient.netty.request.NettyRequestSender - Using open Channel [id: 0x445752e7, L:/127.0.0.1:54486 - R:localhost/127.0.0.1:9352] for GET '/session/7ab9c382632e636a102160752126d558/screenshot'
22:29:58.680 [AsyncHttpClient-1-5] DEBUG org.asynchttpclient.netty.handler.HttpHandler - 

Request DefaultFullHttpRequest(decodeResult: success, version: HTTP/1.1, content: EmptyByteBufBE)
GET /session/7ab9c382632e636a102160752126d558/screenshot HTTP/1.1
User-Agent: selenium/4.8.1 (java windows)
Cache-Control: no-cache
Content-Type: application/json; charset=utf-8
host: localhost:9352
accept: */*

Response DefaultHttpResponse(decodeResult: success, version: HTTP/1.1)
HTTP/1.1 200 OK
Content-Length: 259768
Content-Type: application/json; charset=utf-8
cache-control: no-cache

22:29:58.682 [AsyncHttpClient-1-5] DEBUG org.asynchttpclient.netty.channel.ChannelManager - Adding key: http://localhost:9352 for channel [id: 0x445752e7, L:/127.0.0.1:54486 - R:localhost/127.0.0.1:9352]
22:29:58.693 [main] DEBUG net.serenitybdd.core.photography.Darkroom - Send negative for processing for target\site\serenity\4dfead7844ac3e1e0db51b620b518cd4e36b37e417a797ba92c2bc9977975f6b.png
22:29:58.695 [Forwarding getPageSource on session 7ab9c382632e636a102160752126d558 to remote] DEBUG org.asynchttpclient.netty.request.NettyRequestSender - Using pooled Channel '[id: 0x445752e7, L:/127.0.0.1:54486 - R:localhost/127.0.0.1:9352]' for 'POST' to 'http://localhost:9352/session/7ab9c382632e636a102160752126d558/execute/sync'
22:29:58.695 [Forwarding getPageSource on session 7ab9c382632e636a102160752126d558 to remote] DEBUG org.asynchttpclient.netty.request.NettyRequestSender - Using open Channel [id: 0x445752e7, L:/127.0.0.1:54486 - R:localhost/127.0.0.1:9352] for POST '/session/7ab9c382632e636a102160752126d558/execute/sync'
22:29:58.709 [AsyncHttpClient-1-5] DEBUG org.asynchttpclient.netty.handler.HttpHandler - 

Request DefaultHttpRequest(decodeResult: success, version: HTTP/1.1)
POST /session/7ab9c382632e636a102160752126d558/execute/sync HTTP/1.1
User-Agent: selenium/4.8.1 (java windows)
Content-Length: 176
Content-Type: application/json; charset=utf-8
host: localhost:9352
accept: */*

Response DefaultHttpResponse(decodeResult: success, version: HTTP/1.1)
HTTP/1.1 200 OK
Content-Length: 96947
Content-Type: application/json; charset=utf-8
cache-control: no-cache

22:29:58.710 [AsyncHttpClient-1-5] DEBUG org.asynchttpclient.netty.channel.ChannelManager - Adding key: http://localhost:9352 for channel [id: 0x445752e7, L:/127.0.0.1:54486 - R:localhost/127.0.0.1:9352]
22:29:58.721 [Forwarding getCurrentUrl on session 7ab9c382632e636a102160752126d558 to remote] DEBUG org.asynchttpclient.netty.request.NettyRequestSender - Using pooled Channel '[id: 0x445752e7, L:/127.0.0.1:54486 - R:localhost/127.0.0.1:9352]' for 'GET' to 'http://localhost:9352/session/7ab9c382632e636a102160752126d558/url'
22:29:58.721 [Forwarding getCurrentUrl on session 7ab9c382632e636a102160752126d558 to remote] DEBUG org.asynchttpclient.netty.request.NettyRequestSender - Using open Channel [id: 0x445752e7, L:/127.0.0.1:54486 - R:localhost/127.0.0.1:9352] for GET '/session/7ab9c382632e636a102160752126d558/url'
22:29:58.725 [AsyncHttpClient-1-5] DEBUG org.asynchttpclient.netty.handler.HttpHandler - 

Request DefaultFullHttpRequest(decodeResult: success, version: HTTP/1.1, content: EmptyByteBufBE)
GET /session/7ab9c382632e636a102160752126d558/url HTTP/1.1
User-Agent: selenium/4.8.1 (java windows)
Cache-Control: no-cache
Content-Type: application/json; charset=utf-8
host: localhost:9352
accept: */*

Response DefaultHttpResponse(decodeResult: success, version: HTTP/1.1)
HTTP/1.1 200 OK
Content-Length: 42
Content-Type: application/json; charset=utf-8
cache-control: no-cache

22:29:58.725 [AsyncHttpClient-1-5] DEBUG org.asynchttpclient.netty.channel.ChannelManager - Adding key: http://localhost:9352 for channel [id: 0x445752e7, L:/127.0.0.1:54486 - R:localhost/127.0.0.1:9352]
22:29:58.729 [main] DEBUG net.thucydides.core.steps.StepInterceptor - STARTING STEP: LoginSteps.inputIncorrectPassword - inputPassword
22:29:58.733 [Forwarding findElement on session 7ab9c382632e636a102160752126d558 to remote] DEBUG org.asynchttpclient.netty.request.NettyRequestSender - Using pooled Channel '[id: 0x445752e7, L:/127.0.0.1:54486 - R:localhost/127.0.0.1:9352]' for 'POST' to 'http://localhost:9352/session/7ab9c382632e636a102160752126d558/element'
22:29:58.733 [Forwarding findElement on session 7ab9c382632e636a102160752126d558 to remote] DEBUG org.asynchttpclient.netty.request.NettyRequestSender - Using open Channel [id: 0x445752e7, L:/127.0.0.1:54486 - R:localhost/127.0.0.1:9352] for POST '/session/7ab9c382632e636a102160752126d558/element'
22:29:58.749 [AsyncHttpClient-1-5] DEBUG org.asynchttpclient.netty.handler.HttpHandler - 

Request DefaultHttpRequest(decodeResult: success, version: HTTP/1.1)
POST /session/7ab9c382632e636a102160752126d558/element HTTP/1.1
User-Agent: selenium/4.8.1 (java windows)
Content-Length: 53
Content-Type: application/json; charset=utf-8
host: localhost:9352
accept: */*

Response DefaultHttpResponse(decodeResult: success, version: HTTP/1.1)
HTTP/1.1 200 OK
Content-Length: 88
Content-Type: application/json; charset=utf-8
cache-control: no-cache

22:29:58.749 [AsyncHttpClient-1-5] DEBUG org.asynchttpclient.netty.channel.ChannelManager - Adding key: http://localhost:9352 for channel [id: 0x445752e7, L:/127.0.0.1:54486 - R:localhost/127.0.0.1:9352]
22:29:58.751 [Forwarding clearElement on session 7ab9c382632e636a102160752126d558 to remote] DEBUG org.asynchttpclient.netty.request.NettyRequestSender - Using pooled Channel '[id: 0x445752e7, L:/127.0.0.1:54486 - R:localhost/127.0.0.1:9352]' for 'POST' to 'http://localhost:9352/session/7ab9c382632e636a102160752126d558/element/f7bdfb9e-5f91-4385-94e6-aefde249fefd/clear'
22:29:58.751 [Forwarding clearElement on session 7ab9c382632e636a102160752126d558 to remote] DEBUG org.asynchttpclient.netty.request.NettyRequestSender - Using open Channel [id: 0x445752e7, L:/127.0.0.1:54486 - R:localhost/127.0.0.1:9352] for POST '/session/7ab9c382632e636a102160752126d558/element/f7bdfb9e-5f91-4385-94e6-aefde249fefd/clear'
22:29:58.801 [AsyncHttpClient-1-5] DEBUG org.asynchttpclient.netty.handler.HttpHandler - 

Request DefaultHttpRequest(decodeResult: success, version: HTTP/1.1)
POST /session/7ab9c382632e636a102160752126d558/element/f7bdfb9e-5f91-4385-94e6-aefde249fefd/clear HTTP/1.1
User-Agent: selenium/4.8.1 (java windows)
Content-Length: 50
Content-Type: application/json; charset=utf-8
host: localhost:9352
accept: */*

Response DefaultHttpResponse(decodeResult: success, version: HTTP/1.1)
HTTP/1.1 200 OK
Content-Length: 14
Content-Type: application/json; charset=utf-8
cache-control: no-cache

22:29:58.801 [AsyncHttpClient-1-5] DEBUG org.asynchttpclient.netty.channel.ChannelManager - Adding key: http://localhost:9352 for channel [id: 0x445752e7, L:/127.0.0.1:54486 - R:localhost/127.0.0.1:9352]
22:29:58.803 [Forwarding sendKeysToElement on session 7ab9c382632e636a102160752126d558 to remote] DEBUG org.asynchttpclient.netty.request.NettyRequestSender - Using pooled Channel '[id: 0x445752e7, L:/127.0.0.1:54486 - R:localhost/127.0.0.1:9352]' for 'POST' to 'http://localhost:9352/session/7ab9c382632e636a102160752126d558/element/f7bdfb9e-5f91-4385-94e6-aefde249fefd/value'
22:29:58.803 [Forwarding sendKeysToElement on session 7ab9c382632e636a102160752126d558 to remote] DEBUG org.asynchttpclient.netty.request.NettyRequestSender - Using open Channel [id: 0x445752e7, L:/127.0.0.1:54486 - R:localhost/127.0.0.1:9352] for POST '/session/7ab9c382632e636a102160752126d558/element/f7bdfb9e-5f91-4385-94e6-aefde249fefd/value'
22:29:58.889 [AsyncHttpClient-1-1] DEBUG org.asynchttpclient.netty.channel.DefaultChannelPool - Entry count for : http://localhost:54488 : 1
22:29:58.906 [AsyncHttpClient-1-5] DEBUG org.asynchttpclient.netty.handler.HttpHandler - 

Request DefaultHttpRequest(decodeResult: success, version: HTTP/1.1)
POST /session/7ab9c382632e636a102160752126d558/element/f7bdfb9e-5f91-4385-94e6-aefde249fefd/value HTTP/1.1
User-Agent: selenium/4.8.1 (java windows)
Content-Length: 161
Content-Type: application/json; charset=utf-8
host: localhost:9352
accept: */*

Response DefaultHttpResponse(decodeResult: success, version: HTTP/1.1)
HTTP/1.1 200 OK
Content-Length: 14
Content-Type: application/json; charset=utf-8
cache-control: no-cache

22:29:58.906 [AsyncHttpClient-1-5] DEBUG org.asynchttpclient.netty.channel.ChannelManager - Adding key: http://localhost:9352 for channel [id: 0x445752e7, L:/127.0.0.1:54486 - R:localhost/127.0.0.1:9352]
22:29:58.917 [Forwarding getAlertText on session 7ab9c382632e636a102160752126d558 to remote] DEBUG org.asynchttpclient.netty.request.NettyRequestSender - Using pooled Channel '[id: 0x445752e7, L:/127.0.0.1:54486 - R:localhost/127.0.0.1:9352]' for 'GET' to 'http://localhost:9352/session/7ab9c382632e636a102160752126d558/alert/text'
22:29:58.917 [Forwarding getAlertText on session 7ab9c382632e636a102160752126d558 to remote] DEBUG org.asynchttpclient.netty.request.NettyRequestSender - Using open Channel [id: 0x445752e7, L:/127.0.0.1:54486 - R:localhost/127.0.0.1:9352] for GET '/session/7ab9c382632e636a102160752126d558/alert/text'
22:29:58.920 [AsyncHttpClient-1-5] DEBUG org.asynchttpclient.netty.handler.HttpHandler - 

Request DefaultFullHttpRequest(decodeResult: success, version: HTTP/1.1, content: EmptyByteBufBE)
GET /session/7ab9c382632e636a102160752126d558/alert/text HTTP/1.1
User-Agent: selenium/4.8.1 (java windows)
Cache-Control: no-cache
Content-Type: application/json; charset=utf-8
host: localhost:9352
accept: */*

Response DefaultHttpResponse(decodeResult: success, version: HTTP/1.1)
HTTP/1.1 404 Not Found
Content-Length: 835
Content-Type: application/json; charset=utf-8
cache-control: no-cache

22:29:58.920 [AsyncHttpClient-1-5] DEBUG org.asynchttpclient.netty.channel.ChannelManager - Adding key: http://localhost:9352 for channel [id: 0x445752e7, L:/127.0.0.1:54486 - R:localhost/127.0.0.1:9352]
22:29:58.922 [Forwarding getCurrentUrl on session 7ab9c382632e636a102160752126d558 to remote] DEBUG org.asynchttpclient.netty.request.NettyRequestSender - Using pooled Channel '[id: 0x445752e7, L:/127.0.0.1:54486 - R:localhost/127.0.0.1:9352]' for 'GET' to 'http://localhost:9352/session/7ab9c382632e636a102160752126d558/url'
22:29:58.922 [Forwarding getCurrentUrl on session 7ab9c382632e636a102160752126d558 to remote] DEBUG org.asynchttpclient.netty.request.NettyRequestSender - Using open Channel [id: 0x445752e7, L:/127.0.0.1:54486 - R:localhost/127.0.0.1:9352] for GET '/session/7ab9c382632e636a102160752126d558/url'
22:29:58.928 [AsyncHttpClient-1-5] DEBUG org.asynchttpclient.netty.handler.HttpHandler - 

Request DefaultFullHttpRequest(decodeResult: success, version: HTTP/1.1, content: EmptyByteBufBE)
GET /session/7ab9c382632e636a102160752126d558/url HTTP/1.1
User-Agent: selenium/4.8.1 (java windows)
Cache-Control: no-cache
Content-Type: application/json; charset=utf-8
host: localhost:9352
accept: */*

Response DefaultHttpResponse(decodeResult: success, version: HTTP/1.1)
HTTP/1.1 200 OK
Content-Length: 42
Content-Type: application/json; charset=utf-8
cache-control: no-cache

22:29:58.928 [AsyncHttpClient-1-5] DEBUG org.asynchttpclient.netty.channel.ChannelManager - Adding key: http://localhost:9352 for channel [id: 0x445752e7, L:/127.0.0.1:54486 - R:localhost/127.0.0.1:9352]
22:29:58.930 [Forwarding screenshot on session 7ab9c382632e636a102160752126d558 to remote] DEBUG org.asynchttpclient.netty.request.NettyRequestSender - Using pooled Channel '[id: 0x445752e7, L:/127.0.0.1:54486 - R:localhost/127.0.0.1:9352]' for 'GET' to 'http://localhost:9352/session/7ab9c382632e636a102160752126d558/screenshot'
22:29:58.930 [Forwarding screenshot on session 7ab9c382632e636a102160752126d558 to remote] DEBUG org.asynchttpclient.netty.request.NettyRequestSender - Using open Channel [id: 0x445752e7, L:/127.0.0.1:54486 - R:localhost/127.0.0.1:9352] for GET '/session/7ab9c382632e636a102160752126d558/screenshot'
22:29:59.262 [AsyncHttpClient-1-5] DEBUG org.asynchttpclient.netty.handler.HttpHandler - 

Request DefaultFullHttpRequest(decodeResult: success, version: HTTP/1.1, content: EmptyByteBufBE)
GET /session/7ab9c382632e636a102160752126d558/screenshot HTTP/1.1
User-Agent: selenium/4.8.1 (java windows)
Cache-Control: no-cache
Content-Type: application/json; charset=utf-8
host: localhost:9352
accept: */*

Response DefaultHttpResponse(decodeResult: success, version: HTTP/1.1)
HTTP/1.1 200 OK
Content-Length: 257796
Content-Type: application/json; charset=utf-8
cache-control: no-cache

22:29:59.263 [AsyncHttpClient-1-5] DEBUG org.asynchttpclient.netty.channel.ChannelManager - Adding key: http://localhost:9352 for channel [id: 0x445752e7, L:/127.0.0.1:54486 - R:localhost/127.0.0.1:9352]
22:29:59.273 [main] DEBUG net.serenitybdd.core.photography.Darkroom - Send negative for processing for target\site\serenity\90ecb61725775f8d02bf02cc6f451e4e5fe86cd69dd9468139764d0fa3e50878.png
22:29:59.273 [main] DEBUG net.thucydides.core.steps.StepInterceptor - STEP DONE: inputPassword
  &amp#27;[32mAnd &amp#27;[0m&amp#27;[32mI enter incorrect password&amp#27;[0m        &amp#27;[90m# starter.stepdefintions.LoginSteps.inputIncorrectPassword()&amp#27;[0m
22:29:59.274 [Darkroom Processing Line] DEBUG net.serenitybdd.core.photography.DarkroomProcessingLine - Processing screenshot image in /var/screenshots/screenshot-15873822091538152497
22:29:59.274 [Darkroom Processing Line] DEBUG net.serenitybdd.core.photography.DarkroomProcessingLine - Saving screenshot to target\site\serenity\90ecb61725775f8d02bf02cc6f451e4e5fe86cd69dd9468139764d0fa3e50878.png
22:29:59.292 [Forwarding getPageSource on session 7ab9c382632e636a102160752126d558 to remote] DEBUG org.asynchttpclient.netty.request.NettyRequestSender - Using pooled Channel '[id: 0x445752e7, L:/127.0.0.1:54486 - R:localhost/127.0.0.1:9352]' for 'POST' to 'http://localhost:9352/session/7ab9c382632e636a102160752126d558/execute/sync'
22:29:59.292 [Forwarding getPageSource on session 7ab9c382632e636a102160752126d558 to remote] DEBUG org.asynchttpclient.netty.request.NettyRequestSender - Using open Channel [id: 0x445752e7, L:/127.0.0.1:54486 - R:localhost/127.0.0.1:9352] for POST '/session/7ab9c382632e636a102160752126d558/execute/sync'
22:29:59.310 [AsyncHttpClient-1-5] DEBUG org.asynchttpclient.netty.handler.HttpHandler - 

Request DefaultHttpRequest(decodeResult: success, version: HTTP/1.1)
POST /session/7ab9c382632e636a102160752126d558/execute/sync HTTP/1.1
User-Agent: selenium/4.8.1 (java windows)
Content-Length: 176
Content-Type: application/json; charset=utf-8
host: localhost:9352
accept: */*

Response DefaultHttpResponse(decodeResult: success, version: HTTP/1.1)
HTTP/1.1 200 OK
Content-Length: 96960
Content-Type: application/json; charset=utf-8
cache-control: no-cache

22:29:59.310 [AsyncHttpClient-1-5] DEBUG org.asynchttpclient.netty.channel.ChannelManager - Adding key: http://localhost:9352 for channel [id: 0x445752e7, L:/127.0.0.1:54486 - R:localhost/127.0.0.1:9352]
22:29:59.321 [Forwarding getCurrentUrl on session 7ab9c382632e636a102160752126d558 to remote] DEBUG org.asynchttpclient.netty.request.NettyRequestSender - Using pooled Channel '[id: 0x445752e7, L:/127.0.0.1:54486 - R:localhost/127.0.0.1:9352]' for 'GET' to 'http://localhost:9352/session/7ab9c382632e636a102160752126d558/url'
22:29:59.321 [Forwarding getCurrentUrl on session 7ab9c382632e636a102160752126d558 to remote] DEBUG org.asynchttpclient.netty.request.NettyRequestSender - Using open Channel [id: 0x445752e7, L:/127.0.0.1:54486 - R:localhost/127.0.0.1:9352] for GET '/session/7ab9c382632e636a102160752126d558/url'
22:29:59.326 [AsyncHttpClient-1-5] DEBUG org.asynchttpclient.netty.handler.HttpHandler - 

Request DefaultFullHttpRequest(decodeResult: success, version: HTTP/1.1, content: EmptyByteBufBE)
GET /session/7ab9c382632e636a102160752126d558/url HTTP/1.1
User-Agent: selenium/4.8.1 (java windows)
Cache-Control: no-cache
Content-Type: application/json; charset=utf-8
host: localhost:9352
accept: */*

Response DefaultHttpResponse(decodeResult: success, version: HTTP/1.1)
HTTP/1.1 200 OK
Content-Length: 42
Content-Type: application/json; charset=utf-8
cache-control: no-cache

22:29:59.327 [AsyncHttpClient-1-5] DEBUG org.asynchttpclient.netty.channel.ChannelManager - Adding key: http://localhost:9352 for channel [id: 0x445752e7, L:/127.0.0.1:54486 - R:localhost/127.0.0.1:9352]
22:29:59.340 [Forwarding getAlertText on session 7ab9c382632e636a102160752126d558 to remote] DEBUG org.asynchttpclient.netty.request.NettyRequestSender - Using pooled Channel '[id: 0x445752e7, L:/127.0.0.1:54486 - R:localhost/127.0.0.1:9352]' for 'GET' to 'http://localhost:9352/session/7ab9c382632e636a102160752126d558/alert/text'
22:29:59.340 [Forwarding getAlertText on session 7ab9c382632e636a102160752126d558 to remote] DEBUG org.asynchttpclient.netty.request.NettyRequestSender - Using open Channel [id: 0x445752e7, L:/127.0.0.1:54486 - R:localhost/127.0.0.1:9352] for GET '/session/7ab9c382632e636a102160752126d558/alert/text'
22:29:59.343 [AsyncHttpClient-1-5] DEBUG org.asynchttpclient.netty.handler.HttpHandler - 

Request DefaultFullHttpRequest(decodeResult: success, version: HTTP/1.1, content: EmptyByteBufBE)
GET /session/7ab9c382632e636a102160752126d558/alert/text HTTP/1.1
User-Agent: selenium/4.8.1 (java windows)
Cache-Control: no-cache
Content-Type: application/json; charset=utf-8
host: localhost:9352
accept: */*

Response DefaultHttpResponse(decodeResult: success, version: HTTP/1.1)
HTTP/1.1 404 Not Found
Content-Length: 835
Content-Type: application/json; charset=utf-8
cache-control: no-cache

22:29:59.343 [AsyncHttpClient-1-5] DEBUG org.asynchttpclient.netty.channel.ChannelManager - Adding key: http://localhost:9352 for channel [id: 0x445752e7, L:/127.0.0.1:54486 - R:localhost/127.0.0.1:9352]
22:29:59.345 [Forwarding getCurrentUrl on session 7ab9c382632e636a102160752126d558 to remote] DEBUG org.asynchttpclient.netty.request.NettyRequestSender - Using pooled Channel '[id: 0x445752e7, L:/127.0.0.1:54486 - R:localhost/127.0.0.1:9352]' for 'GET' to 'http://localhost:9352/session/7ab9c382632e636a102160752126d558/url'
22:29:59.345 [Forwarding getCurrentUrl on session 7ab9c382632e636a102160752126d558 to remote] DEBUG org.asynchttpclient.netty.request.NettyRequestSender - Using open Channel [id: 0x445752e7, L:/127.0.0.1:54486 - R:localhost/127.0.0.1:9352] for GET '/session/7ab9c382632e636a102160752126d558/url'
22:29:59.350 [AsyncHttpClient-1-5] DEBUG org.asynchttpclient.netty.handler.HttpHandler - 

Request DefaultFullHttpRequest(decodeResult: success, version: HTTP/1.1, content: EmptyByteBufBE)
GET /session/7ab9c382632e636a102160752126d558/url HTTP/1.1
User-Agent: selenium/4.8.1 (java windows)
Cache-Control: no-cache
Content-Type: application/json; charset=utf-8
host: localhost:9352
accept: */*

Response DefaultHttpResponse(decodeResult: success, version: HTTP/1.1)
HTTP/1.1 200 OK
Content-Length: 42
Content-Type: application/json; charset=utf-8
cache-control: no-cache

22:29:59.351 [AsyncHttpClient-1-5] DEBUG org.asynchttpclient.netty.channel.ChannelManager - Adding key: http://localhost:9352 for channel [id: 0x445752e7, L:/127.0.0.1:54486 - R:localhost/127.0.0.1:9352]
22:29:59.352 [Forwarding screenshot on session 7ab9c382632e636a102160752126d558 to remote] DEBUG org.asynchttpclient.netty.request.NettyRequestSender - Using pooled Channel '[id: 0x445752e7, L:/127.0.0.1:54486 - R:localhost/127.0.0.1:9352]' for 'GET' to 'http://localhost:9352/session/7ab9c382632e636a102160752126d558/screenshot'
22:29:59.352 [Forwarding screenshot on session 7ab9c382632e636a102160752126d558 to remote] DEBUG org.asynchttpclient.netty.request.NettyRequestSender - Using open Channel [id: 0x445752e7, L:/127.0.0.1:54486 - R:localhost/127.0.0.1:9352] for GET '/session/7ab9c382632e636a102160752126d558/screenshot'
22:29:59.604 [AsyncHttpClient-1-5] DEBUG org.asynchttpclient.netty.handler.HttpHandler - 

Request DefaultFullHttpRequest(decodeResult: success, version: HTTP/1.1, content: EmptyByteBufBE)
GET /session/7ab9c382632e636a102160752126d558/screenshot HTTP/1.1
User-Agent: selenium/4.8.1 (java windows)
Cache-Control: no-cache
Content-Type: application/json; charset=utf-8
host: localhost:9352
accept: */*

Response DefaultHttpResponse(decodeResult: success, version: HTTP/1.1)
HTTP/1.1 200 OK
Content-Length: 257028
Content-Type: application/json; charset=utf-8
cache-control: no-cache

22:29:59.605 [AsyncHttpClient-1-5] DEBUG org.asynchttpclient.netty.channel.ChannelManager - Adding key: http://localhost:9352 for channel [id: 0x445752e7, L:/127.0.0.1:54486 - R:localhost/127.0.0.1:9352]
22:29:59.615 [main] DEBUG net.serenitybdd.core.photography.Darkroom - Send negative for processing for target\site\serenity\3872a737b825609d11a39164da33fdbde4cebb6db077500ca13c000844572e31.png
22:29:59.616 [Darkroom Processing Line] DEBUG net.serenitybdd.core.photography.DarkroomProcessingLine - Processing screenshot image in /var/screenshots/screenshot-7088470281629370303
22:29:59.616 [Darkroom Processing Line] DEBUG net.serenitybdd.core.photography.DarkroomProcessingLine - Saving screenshot to target\site\serenity\3872a737b825609d11a39164da33fdbde4cebb6db077500ca13c000844572e31.png
22:29:59.617 [Forwarding getPageSource on session 7ab9c382632e636a102160752126d558 to remote] DEBUG org.asynchttpclient.netty.request.NettyRequestSender - Using pooled Channel '[id: 0x445752e7, L:/127.0.0.1:54486 - R:localhost/127.0.0.1:9352]' for 'POST' to 'http://localhost:9352/session/7ab9c382632e636a102160752126d558/execute/sync'
22:29:59.617 [Forwarding getPageSource on session 7ab9c382632e636a102160752126d558 to remote] DEBUG org.asynchttpclient.netty.request.NettyRequestSender - Using open Channel [id: 0x445752e7, L:/127.0.0.1:54486 - R:localhost/127.0.0.1:9352] for POST '/session/7ab9c382632e636a102160752126d558/execute/sync'
22:29:59.630 [AsyncHttpClient-1-5] DEBUG org.asynchttpclient.netty.handler.HttpHandler - 

Request DefaultHttpRequest(decodeResult: success, version: HTTP/1.1)
POST /session/7ab9c382632e636a102160752126d558/execute/sync HTTP/1.1
User-Agent: selenium/4.8.1 (java windows)
Content-Length: 176
Content-Type: application/json; charset=utf-8
host: localhost:9352
accept: */*

Response DefaultHttpResponse(decodeResult: success, version: HTTP/1.1)
HTTP/1.1 200 OK
Content-Length: 96960
Content-Type: application/json; charset=utf-8
cache-control: no-cache

22:29:59.630 [AsyncHttpClient-1-5] DEBUG org.asynchttpclient.netty.channel.ChannelManager - Adding key: http://localhost:9352 for channel [id: 0x445752e7, L:/127.0.0.1:54486 - R:localhost/127.0.0.1:9352]
22:29:59.639 [Forwarding getCurrentUrl on session 7ab9c382632e636a102160752126d558 to remote] DEBUG org.asynchttpclient.netty.request.NettyRequestSender - Using pooled Channel '[id: 0x445752e7, L:/127.0.0.1:54486 - R:localhost/127.0.0.1:9352]' for 'GET' to 'http://localhost:9352/session/7ab9c382632e636a102160752126d558/url'
22:29:59.639 [Forwarding getCurrentUrl on session 7ab9c382632e636a102160752126d558 to remote] DEBUG org.asynchttpclient.netty.request.NettyRequestSender - Using open Channel [id: 0x445752e7, L:/127.0.0.1:54486 - R:localhost/127.0.0.1:9352] for GET '/session/7ab9c382632e636a102160752126d558/url'
22:29:59.644 [AsyncHttpClient-1-5] DEBUG org.asynchttpclient.netty.handler.HttpHandler - 

Request DefaultFullHttpRequest(decodeResult: success, version: HTTP/1.1, content: EmptyByteBufBE)
GET /session/7ab9c382632e636a102160752126d558/url HTTP/1.1
User-Agent: selenium/4.8.1 (java windows)
Cache-Control: no-cache
Content-Type: application/json; charset=utf-8
host: localhost:9352
accept: */*

Response DefaultHttpResponse(decodeResult: success, version: HTTP/1.1)
HTTP/1.1 200 OK
Content-Length: 42
Content-Type: application/json; charset=utf-8
cache-control: no-cache

22:29:59.644 [AsyncHttpClient-1-5] DEBUG org.asynchttpclient.netty.channel.ChannelManager - Adding key: http://localhost:9352 for channel [id: 0x445752e7, L:/127.0.0.1:54486 - R:localhost/127.0.0.1:9352]
22:29:59.658 [main] DEBUG net.thucydides.core.steps.StepInterceptor - STARTING STEP: LoginSteps.clickSubmitButton - clickSubmitButton
22:29:59.662 [Forwarding findElement on session 7ab9c382632e636a102160752126d558 to remote] DEBUG org.asynchttpclient.netty.request.NettyRequestSender - Using pooled Channel '[id: 0x445752e7, L:/127.0.0.1:54486 - R:localhost/127.0.0.1:9352]' for 'POST' to 'http://localhost:9352/session/7ab9c382632e636a102160752126d558/element'
22:29:59.663 [Forwarding findElement on session 7ab9c382632e636a102160752126d558 to remote] DEBUG org.asynchttpclient.netty.request.NettyRequestSender - Using open Channel [id: 0x445752e7, L:/127.0.0.1:54486 - R:localhost/127.0.0.1:9352] for POST '/session/7ab9c382632e636a102160752126d558/element'
22:29:59.679 [AsyncHttpClient-1-5] DEBUG org.asynchttpclient.netty.handler.HttpHandler - 

Request DefaultHttpRequest(decodeResult: success, version: HTTP/1.1)
POST /session/7ab9c382632e636a102160752126d558/element HTTP/1.1
User-Agent: selenium/4.8.1 (java windows)
Content-Length: 57
Content-Type: application/json; charset=utf-8
host: localhost:9352
accept: */*

Response DefaultHttpResponse(decodeResult: success, version: HTTP/1.1)
HTTP/1.1 200 OK
Content-Length: 88
Content-Type: application/json; charset=utf-8
cache-control: no-cache

22:29:59.679 [AsyncHttpClient-1-5] DEBUG org.asynchttpclient.netty.channel.ChannelManager - Adding key: http://localhost:9352 for channel [id: 0x445752e7, L:/127.0.0.1:54486 - R:localhost/127.0.0.1:9352]
22:29:59.684 [Forwarding getElementTagName on session 7ab9c382632e636a102160752126d558 to remote] DEBUG org.asynchttpclient.netty.request.NettyRequestSender - Using pooled Channel '[id: 0x445752e7, L:/127.0.0.1:54486 - R:localhost/127.0.0.1:9352]' for 'GET' to 'http://localhost:9352/session/7ab9c382632e636a102160752126d558/element/52dc4d5a-b6a4-4088-8448-5e4d5c7de4a6/name'
22:29:59.684 [Forwarding getElementTagName on session 7ab9c382632e636a102160752126d558 to remote] DEBUG org.asynchttpclient.netty.request.NettyRequestSender - Using open Channel [id: 0x445752e7, L:/127.0.0.1:54486 - R:localhost/127.0.0.1:9352] for GET '/session/7ab9c382632e636a102160752126d558/element/52dc4d5a-b6a4-4088-8448-5e4d5c7de4a6/name'
22:29:59.691 [AsyncHttpClient-1-5] DEBUG org.asynchttpclient.netty.handler.HttpHandler - 

Request DefaultFullHttpRequest(decodeResult: success, version: HTTP/1.1, content: EmptyByteBufBE)
GET /session/7ab9c382632e636a102160752126d558/element/52dc4d5a-b6a4-4088-8448-5e4d5c7de4a6/name HTTP/1.1
User-Agent: selenium/4.8.1 (java windows)
Cache-Control: no-cache
Content-Type: application/json; charset=utf-8
host: localhost:9352
accept: */*

Response DefaultHttpResponse(decodeResult: success, version: HTTP/1.1)
HTTP/1.1 200 OK
Content-Length: 18
Content-Type: application/json; charset=utf-8
cache-control: no-cache

22:29:59.691 [AsyncHttpClient-1-5] DEBUG org.asynchttpclient.netty.channel.ChannelManager - Adding key: http://localhost:9352 for channel [id: 0x445752e7, L:/127.0.0.1:54486 - R:localhost/127.0.0.1:9352]
22:29:59.693 [Forwarding getElementTagName on session 7ab9c382632e636a102160752126d558 to remote] DEBUG org.asynchttpclient.netty.request.NettyRequestSender - Using pooled Channel '[id: 0x445752e7, L:/127.0.0.1:54486 - R:localhost/127.0.0.1:9352]' for 'GET' to 'http://localhost:9352/session/7ab9c382632e636a102160752126d558/element/52dc4d5a-b6a4-4088-8448-5e4d5c7de4a6/name'
22:29:59.693 [Forwarding getElementTagName on session 7ab9c382632e636a102160752126d558 to remote] DEBUG org.asynchttpclient.netty.request.NettyRequestSender - Using open Channel [id: 0x445752e7, L:/127.0.0.1:54486 - R:localhost/127.0.0.1:9352] for GET '/session/7ab9c382632e636a102160752126d558/element/52dc4d5a-b6a4-4088-8448-5e4d5c7de4a6/name'
22:29:59.699 [AsyncHttpClient-1-5] DEBUG org.asynchttpclient.netty.handler.HttpHandler - 

Request DefaultFullHttpRequest(decodeResult: success, version: HTTP/1.1, content: EmptyByteBufBE)
GET /session/7ab9c382632e636a102160752126d558/element/52dc4d5a-b6a4-4088-8448-5e4d5c7de4a6/name HTTP/1.1
User-Agent: selenium/4.8.1 (java windows)
Cache-Control: no-cache
Content-Type: application/json; charset=utf-8
host: localhost:9352
accept: */*

Response DefaultHttpResponse(decodeResult: success, version: HTTP/1.1)
HTTP/1.1 200 OK
Content-Length: 18
Content-Type: application/json; charset=utf-8
cache-control: no-cache

22:29:59.699 [AsyncHttpClient-1-5] DEBUG org.asynchttpclient.netty.channel.ChannelManager - Adding key: http://localhost:9352 for channel [id: 0x445752e7, L:/127.0.0.1:54486 - R:localhost/127.0.0.1:9352]
22:29:59.702 [Forwarding isElementEnabled on session 7ab9c382632e636a102160752126d558 to remote] DEBUG org.asynchttpclient.netty.request.NettyRequestSender - Using pooled Channel '[id: 0x445752e7, L:/127.0.0.1:54486 - R:localhost/127.0.0.1:9352]' for 'GET' to 'http://localhost:9352/session/7ab9c382632e636a102160752126d558/element/52dc4d5a-b6a4-4088-8448-5e4d5c7de4a6/enabled'
22:29:59.703 [Forwarding isElementEnabled on session 7ab9c382632e636a102160752126d558 to remote] DEBUG org.asynchttpclient.netty.request.NettyRequestSender - Using open Channel [id: 0x445752e7, L:/127.0.0.1:54486 - R:localhost/127.0.0.1:9352] for GET '/session/7ab9c382632e636a102160752126d558/element/52dc4d5a-b6a4-4088-8448-5e4d5c7de4a6/enabled'
22:29:59.717 [AsyncHttpClient-1-5] DEBUG org.asynchttpclient.netty.handler.HttpHandler - 

Request DefaultFullHttpRequest(decodeResult: success, version: HTTP/1.1, content: EmptyByteBufBE)
GET /session/7ab9c382632e636a102160752126d558/element/52dc4d5a-b6a4-4088-8448-5e4d5c7de4a6/enabled HTTP/1.1
User-Agent: selenium/4.8.1 (java windows)
Cache-Control: no-cache
Content-Type: application/json; charset=utf-8
host: localhost:9352
accept: */*

Response DefaultHttpResponse(decodeResult: success, version: HTTP/1.1)
HTTP/1.1 200 OK
Content-Length: 14
Content-Type: application/json; charset=utf-8
cache-control: no-cache

22:29:59.717 [AsyncHttpClient-1-5] DEBUG org.asynchttpclient.netty.channel.ChannelManager - Adding key: http://localhost:9352 for channel [id: 0x445752e7, L:/127.0.0.1:54486 - R:localhost/127.0.0.1:9352]
22:29:59.719 [Forwarding isElementEnabled on session 7ab9c382632e636a102160752126d558 to remote] DEBUG org.asynchttpclient.netty.request.NettyRequestSender - Using pooled Channel '[id: 0x445752e7, L:/127.0.0.1:54486 - R:localhost/127.0.0.1:9352]' for 'GET' to 'http://localhost:9352/session/7ab9c382632e636a102160752126d558/element/52dc4d5a-b6a4-4088-8448-5e4d5c7de4a6/enabled'
22:29:59.719 [Forwarding isElementEnabled on session 7ab9c382632e636a102160752126d558 to remote] DEBUG org.asynchttpclient.netty.request.NettyRequestSender - Using open Channel [id: 0x445752e7, L:/127.0.0.1:54486 - R:localhost/127.0.0.1:9352] for GET '/session/7ab9c382632e636a102160752126d558/element/52dc4d5a-b6a4-4088-8448-5e4d5c7de4a6/enabled'
22:29:59.728 [AsyncHttpClient-1-5] DEBUG org.asynchttpclient.netty.handler.HttpHandler - 

Request DefaultFullHttpRequest(decodeResult: success, version: HTTP/1.1, content: EmptyByteBufBE)
GET /session/7ab9c382632e636a102160752126d558/element/52dc4d5a-b6a4-4088-8448-5e4d5c7de4a6/enabled HTTP/1.1
User-Agent: selenium/4.8.1 (java windows)
Cache-Control: no-cache
Content-Type: application/json; charset=utf-8
host: localhost:9352
accept: */*

Response DefaultHttpResponse(decodeResult: success, version: HTTP/1.1)
HTTP/1.1 200 OK
Content-Length: 14
Content-Type: application/json; charset=utf-8
cache-control: no-cache

22:29:59.729 [AsyncHttpClient-1-5] DEBUG org.asynchttpclient.netty.channel.ChannelManager - Adding key: http://localhost:9352 for channel [id: 0x445752e7, L:/127.0.0.1:54486 - R:localhost/127.0.0.1:9352]
22:29:59.731 [Forwarding findElement on session 7ab9c382632e636a102160752126d558 to remote] DEBUG org.asynchttpclient.netty.request.NettyRequestSender - Using pooled Channel '[id: 0x445752e7, L:/127.0.0.1:54486 - R:localhost/127.0.0.1:9352]' for 'POST' to 'http://localhost:9352/session/7ab9c382632e636a102160752126d558/element'
22:29:59.731 [Forwarding findElement on session 7ab9c382632e636a102160752126d558 to remote] DEBUG org.asynchttpclient.netty.request.NettyRequestSender - Using open Channel [id: 0x445752e7, L:/127.0.0.1:54486 - R:localhost/127.0.0.1:9352] for POST '/session/7ab9c382632e636a102160752126d558/element'
22:29:59.742 [AsyncHttpClient-1-5] DEBUG org.asynchttpclient.netty.handler.HttpHandler - 

Request DefaultHttpRequest(decodeResult: success, version: HTTP/1.1)
POST /session/7ab9c382632e636a102160752126d558/element HTTP/1.1
User-Agent: selenium/4.8.1 (java windows)
Content-Length: 57
Content-Type: application/json; charset=utf-8
host: localhost:9352
accept: */*

Response DefaultHttpResponse(decodeResult: success, version: HTTP/1.1)
HTTP/1.1 200 OK
Content-Length: 88
Content-Type: application/json; charset=utf-8
cache-control: no-cache

22:29:59.742 [AsyncHttpClient-1-5] DEBUG org.asynchttpclient.netty.channel.ChannelManager - Adding key: http://localhost:9352 for channel [id: 0x445752e7, L:/127.0.0.1:54486 - R:localhost/127.0.0.1:9352]
22:29:59.745 [Forwarding clickElement on session 7ab9c382632e636a102160752126d558 to remote] DEBUG org.asynchttpclient.netty.request.NettyRequestSender - Using pooled Channel '[id: 0x445752e7, L:/127.0.0.1:54486 - R:localhost/127.0.0.1:9352]' for 'POST' to 'http://localhost:9352/session/7ab9c382632e636a102160752126d558/element/52dc4d5a-b6a4-4088-8448-5e4d5c7de4a6/click'
22:29:59.745 [Forwarding clickElement on session 7ab9c382632e636a102160752126d558 to remote] DEBUG org.asynchttpclient.netty.request.NettyRequestSender - Using open Channel [id: 0x445752e7, L:/127.0.0.1:54486 - R:localhost/127.0.0.1:9352] for POST '/session/7ab9c382632e636a102160752126d558/element/52dc4d5a-b6a4-4088-8448-5e4d5c7de4a6/click'
22:29:59.861 [AsyncHttpClient-1-5] DEBUG org.asynchttpclient.netty.handler.HttpHandler - 

Request DefaultHttpRequest(decodeResult: success, version: HTTP/1.1)
POST /session/7ab9c382632e636a102160752126d558/element/52dc4d5a-b6a4-4088-8448-5e4d5c7de4a6/click HTTP/1.1
User-Agent: selenium/4.8.1 (java windows)
Content-Length: 50
Content-Type: application/json; charset=utf-8
host: localhost:9352
accept: */*

Response DefaultHttpResponse(decodeResult: success, version: HTTP/1.1)
HTTP/1.1 200 OK
Content-Length: 14
Content-Type: application/json; charset=utf-8
cache-control: no-cache

22:29:59.861 [AsyncHttpClient-1-5] DEBUG org.asynchttpclient.netty.channel.ChannelManager - Adding key: http://localhost:9352 for channel [id: 0x445752e7, L:/127.0.0.1:54486 - R:localhost/127.0.0.1:9352]
22:29:59.874 [Forwarding getAlertText on session 7ab9c382632e636a102160752126d558 to remote] DEBUG org.asynchttpclient.netty.request.NettyRequestSender - Using pooled Channel '[id: 0x445752e7, L:/127.0.0.1:54486 - R:localhost/127.0.0.1:9352]' for 'GET' to 'http://localhost:9352/session/7ab9c382632e636a102160752126d558/alert/text'
22:29:59.874 [Forwarding getAlertText on session 7ab9c382632e636a102160752126d558 to remote] DEBUG org.asynchttpclient.netty.request.NettyRequestSender - Using open Channel [id: 0x445752e7, L:/127.0.0.1:54486 - R:localhost/127.0.0.1:9352] for GET '/session/7ab9c382632e636a102160752126d558/alert/text'
22:29:59.877 [AsyncHttpClient-1-5] DEBUG org.asynchttpclient.netty.handler.HttpHandler - 

Request DefaultFullHttpRequest(decodeResult: success, version: HTTP/1.1, content: EmptyByteBufBE)
GET /session/7ab9c382632e636a102160752126d558/alert/text HTTP/1.1
User-Agent: selenium/4.8.1 (java windows)
Cache-Control: no-cache
Content-Type: application/json; charset=utf-8
host: localhost:9352
accept: */*

Response DefaultHttpResponse(decodeResult: success, version: HTTP/1.1)
HTTP/1.1 404 Not Found
Content-Length: 835
Content-Type: application/json; charset=utf-8
cache-control: no-cache

22:29:59.878 [AsyncHttpClient-1-5] DEBUG org.asynchttpclient.netty.channel.ChannelManager - Adding key: http://localhost:9352 for channel [id: 0x445752e7, L:/127.0.0.1:54486 - R:localhost/127.0.0.1:9352]
22:29:59.879 [Forwarding getCurrentUrl on session 7ab9c382632e636a102160752126d558 to remote] DEBUG org.asynchttpclient.netty.request.NettyRequestSender - Using pooled Channel '[id: 0x445752e7, L:/127.0.0.1:54486 - R:localhost/127.0.0.1:9352]' for 'GET' to 'http://localhost:9352/session/7ab9c382632e636a102160752126d558/url'
22:29:59.880 [Forwarding getCurrentUrl on session 7ab9c382632e636a102160752126d558 to remote] DEBUG org.asynchttpclient.netty.request.NettyRequestSender - Using open Channel [id: 0x445752e7, L:/127.0.0.1:54486 - R:localhost/127.0.0.1:9352] for GET '/session/7ab9c382632e636a102160752126d558/url'
22:29:59.886 [AsyncHttpClient-1-5] DEBUG org.asynchttpclient.netty.handler.HttpHandler - 

Request DefaultFullHttpRequest(decodeResult: success, version: HTTP/1.1, content: EmptyByteBufBE)
GET /session/7ab9c382632e636a102160752126d558/url HTTP/1.1
User-Agent: selenium/4.8.1 (java windows)
Cache-Control: no-cache
Content-Type: application/json; charset=utf-8
host: localhost:9352
accept: */*

Response DefaultHttpResponse(decodeResult: success, version: HTTP/1.1)
HTTP/1.1 200 OK
Content-Length: 42
Content-Type: application/json; charset=utf-8
cache-control: no-cache

22:29:59.886 [AsyncHttpClient-1-5] DEBUG org.asynchttpclient.netty.channel.ChannelManager - Adding key: http://localhost:9352 for channel [id: 0x445752e7, L:/127.0.0.1:54486 - R:localhost/127.0.0.1:9352]
22:29:59.887 [Forwarding screenshot on session 7ab9c382632e636a102160752126d558 to remote] DEBUG org.asynchttpclient.netty.request.NettyRequestSender - Using pooled Channel '[id: 0x445752e7, L:/127.0.0.1:54486 - R:localhost/127.0.0.1:9352]' for 'GET' to 'http://localhost:9352/session/7ab9c382632e636a102160752126d558/screenshot'
22:29:59.888 [Forwarding screenshot on session 7ab9c382632e636a102160752126d558 to remote] DEBUG org.asynchttpclient.netty.request.NettyRequestSender - Using open Channel [id: 0x445752e7, L:/127.0.0.1:54486 - R:localhost/127.0.0.1:9352] for GET '/session/7ab9c382632e636a102160752126d558/screenshot'
22:29:59.980 [AsyncHttpClient-1-1] DEBUG org.asynchttpclient.netty.channel.DefaultChannelPool - Entry count for : http://localhost:54488 : 1
22:30:00.147 [AsyncHttpClient-1-5] DEBUG org.asynchttpclient.netty.handler.HttpHandler - 

Request DefaultFullHttpRequest(decodeResult: success, version: HTTP/1.1, content: EmptyByteBufBE)
GET /session/7ab9c382632e636a102160752126d558/screenshot HTTP/1.1
User-Agent: selenium/4.8.1 (java windows)
Cache-Control: no-cache
Content-Type: application/json; charset=utf-8
host: localhost:9352
accept: */*

Response DefaultHttpResponse(decodeResult: success, version: HTTP/1.1)
HTTP/1.1 200 OK
Content-Length: 148376
Content-Type: application/json; charset=utf-8
cache-control: no-cache

22:30:00.147 [AsyncHttpClient-1-5] DEBUG org.asynchttpclient.netty.channel.ChannelManager - Adding key: http://localhost:9352 for channel [id: 0x445752e7, L:/127.0.0.1:54486 - R:localhost/127.0.0.1:9352]
22:30:00.154 [main] DEBUG net.serenitybdd.core.photography.Darkroom - Send negative for processing for target\site\serenity\62f3ca18c3a31f29e14d8869cd75c846da0e501a5c9427a3d682f6c8795a1095.png
22:30:00.154 [main] DEBUG net.thucydides.core.steps.StepInterceptor - STEP DONE: clickSubmitButton
22:30:00.154 [Darkroom Processing Line] DEBUG net.serenitybdd.core.photography.DarkroomProcessingLine - Processing screenshot image in /var/screenshots/screenshot-13551678624098591558
22:30:00.155 [Darkroom Processing Line] DEBUG net.serenitybdd.core.photography.DarkroomProcessingLine - Saving screenshot to target\site\serenity\62f3ca18c3a31f29e14d8869cd75c846da0e501a5c9427a3d682f6c8795a1095.png
  &amp#27;[32mWhen &amp#27;[0m&amp#27;[32mI click on the submit button&amp#27;[0m     &amp#27;[90m# starter.stepdefintions.LoginSteps.clickSubmitButton()&amp#27;[0m
22:30:00.169 [Forwarding getPageSource on session 7ab9c382632e636a102160752126d558 to remote] DEBUG org.asynchttpclient.netty.request.NettyRequestSender - Using pooled Channel '[id: 0x445752e7, L:/127.0.0.1:54486 - R:localhost/127.0.0.1:9352]' for 'POST' to 'http://localhost:9352/session/7ab9c382632e636a102160752126d558/execute/sync'
22:30:00.169 [Forwarding getPageSource on session 7ab9c382632e636a102160752126d558 to remote] DEBUG org.asynchttpclient.netty.request.NettyRequestSender - Using open Channel [id: 0x445752e7, L:/127.0.0.1:54486 - R:localhost/127.0.0.1:9352] for POST '/session/7ab9c382632e636a102160752126d558/execute/sync'
22:30:00.193 [AsyncHttpClient-1-5] DEBUG org.asynchttpclient.netty.handler.HttpHandler - 

Request DefaultHttpRequest(decodeResult: success, version: HTTP/1.1)
POST /session/7ab9c382632e636a102160752126d558/execute/sync HTTP/1.1
User-Agent: selenium/4.8.1 (java windows)
Content-Length: 176
Content-Type: application/json; charset=utf-8
host: localhost:9352
accept: */*

Response DefaultHttpResponse(decodeResult: success, version: HTTP/1.1)
HTTP/1.1 200 OK
Content-Length: 103408
Content-Type: application/json; charset=utf-8
cache-control: no-cache

22:30:00.193 [AsyncHttpClient-1-5] DEBUG org.asynchttpclient.netty.channel.ChannelManager - Adding key: http://localhost:9352 for channel [id: 0x445752e7, L:/127.0.0.1:54486 - R:localhost/127.0.0.1:9352]
22:30:00.209 [Forwarding getCurrentUrl on session 7ab9c382632e636a102160752126d558 to remote] DEBUG org.asynchttpclient.netty.request.NettyRequestSender - Using pooled Channel '[id: 0x445752e7, L:/127.0.0.1:54486 - R:localhost/127.0.0.1:9352]' for 'GET' to 'http://localhost:9352/session/7ab9c382632e636a102160752126d558/url'
22:30:00.209 [Forwarding getCurrentUrl on session 7ab9c382632e636a102160752126d558 to remote] DEBUG org.asynchttpclient.netty.request.NettyRequestSender - Using open Channel [id: 0x445752e7, L:/127.0.0.1:54486 - R:localhost/127.0.0.1:9352] for GET '/session/7ab9c382632e636a102160752126d558/url'
22:30:00.215 [AsyncHttpClient-1-5] DEBUG org.asynchttpclient.netty.handler.HttpHandler - 

Request DefaultFullHttpRequest(decodeResult: success, version: HTTP/1.1, content: EmptyByteBufBE)
GET /session/7ab9c382632e636a102160752126d558/url HTTP/1.1
User-Agent: selenium/4.8.1 (java windows)
Cache-Control: no-cache
Content-Type: application/json; charset=utf-8
host: localhost:9352
accept: */*

Response DefaultHttpResponse(decodeResult: success, version: HTTP/1.1)
HTTP/1.1 200 OK
Content-Length: 42
Content-Type: application/json; charset=utf-8
cache-control: no-cache

22:30:00.216 [AsyncHttpClient-1-5] DEBUG org.asynchttpclient.netty.channel.ChannelManager - Adding key: http://localhost:9352 for channel [id: 0x445752e7, L:/127.0.0.1:54486 - R:localhost/127.0.0.1:9352]
22:30:00.235 [Forwarding getAlertText on session 7ab9c382632e636a102160752126d558 to remote] DEBUG org.asynchttpclient.netty.request.NettyRequestSender - Using pooled Channel '[id: 0x445752e7, L:/127.0.0.1:54486 - R:localhost/127.0.0.1:9352]' for 'GET' to 'http://localhost:9352/session/7ab9c382632e636a102160752126d558/alert/text'
22:30:00.235 [Forwarding getAlertText on session 7ab9c382632e636a102160752126d558 to remote] DEBUG org.asynchttpclient.netty.request.NettyRequestSender - Using open Channel [id: 0x445752e7, L:/127.0.0.1:54486 - R:localhost/127.0.0.1:9352] for GET '/session/7ab9c382632e636a102160752126d558/alert/text'
22:30:00.238 [AsyncHttpClient-1-5] DEBUG org.asynchttpclient.netty.handler.HttpHandler - 

Request DefaultFullHttpRequest(decodeResult: success, version: HTTP/1.1, content: EmptyByteBufBE)
GET /session/7ab9c382632e636a102160752126d558/alert/text HTTP/1.1
User-Agent: selenium/4.8.1 (java windows)
Cache-Control: no-cache
Content-Type: application/json; charset=utf-8
host: localhost:9352
accept: */*

Response DefaultHttpResponse(decodeResult: success, version: HTTP/1.1)
HTTP/1.1 404 Not Found
Content-Length: 835
Content-Type: application/json; charset=utf-8
cache-control: no-cache

22:30:00.238 [AsyncHttpClient-1-5] DEBUG org.asynchttpclient.netty.channel.ChannelManager - Adding key: http://localhost:9352 for channel [id: 0x445752e7, L:/127.0.0.1:54486 - R:localhost/127.0.0.1:9352]
22:30:00.240 [Forwarding getCurrentUrl on session 7ab9c382632e636a102160752126d558 to remote] DEBUG org.asynchttpclient.netty.request.NettyRequestSender - Using pooled Channel '[id: 0x445752e7, L:/127.0.0.1:54486 - R:localhost/127.0.0.1:9352]' for 'GET' to 'http://localhost:9352/session/7ab9c382632e636a102160752126d558/url'
22:30:00.241 [Forwarding getCurrentUrl on session 7ab9c382632e636a102160752126d558 to remote] DEBUG org.asynchttpclient.netty.request.NettyRequestSender - Using open Channel [id: 0x445752e7, L:/127.0.0.1:54486 - R:localhost/127.0.0.1:9352] for GET '/session/7ab9c382632e636a102160752126d558/url'
22:30:00.248 [AsyncHttpClient-1-5] DEBUG org.asynchttpclient.netty.handler.HttpHandler - 

Request DefaultFullHttpRequest(decodeResult: success, version: HTTP/1.1, content: EmptyByteBufBE)
GET /session/7ab9c382632e636a102160752126d558/url HTTP/1.1
User-Agent: selenium/4.8.1 (java windows)
Cache-Control: no-cache
Content-Type: application/json; charset=utf-8
host: localhost:9352
accept: */*

Response DefaultHttpResponse(decodeResult: success, version: HTTP/1.1)
HTTP/1.1 200 OK
Content-Length: 42
Content-Type: application/json; charset=utf-8
cache-control: no-cache

22:30:00.248 [AsyncHttpClient-1-5] DEBUG org.asynchttpclient.netty.channel.ChannelManager - Adding key: http://localhost:9352 for channel [id: 0x445752e7, L:/127.0.0.1:54486 - R:localhost/127.0.0.1:9352]
22:30:00.249 [Forwarding screenshot on session 7ab9c382632e636a102160752126d558 to remote] DEBUG org.asynchttpclient.netty.request.NettyRequestSender - Using pooled Channel '[id: 0x445752e7, L:/127.0.0.1:54486 - R:localhost/127.0.0.1:9352]' for 'GET' to 'http://localhost:9352/session/7ab9c382632e636a102160752126d558/screenshot'
22:30:00.249 [Forwarding screenshot on session 7ab9c382632e636a102160752126d558 to remote] DEBUG org.asynchttpclient.netty.request.NettyRequestSender - Using open Channel [id: 0x445752e7, L:/127.0.0.1:54486 - R:localhost/127.0.0.1:9352] for GET '/session/7ab9c382632e636a102160752126d558/screenshot'
22:30:00.487 [AsyncHttpClient-1-5] DEBUG org.asynchttpclient.netty.handler.HttpHandler - 

Request DefaultFullHttpRequest(decodeResult: success, version: HTTP/1.1, content: EmptyByteBufBE)
GET /session/7ab9c382632e636a102160752126d558/screenshot HTTP/1.1
User-Agent: selenium/4.8.1 (java windows)
Cache-Control: no-cache
Content-Type: application/json; charset=utf-8
host: localhost:9352
accept: */*

Response DefaultHttpResponse(decodeResult: success, version: HTTP/1.1)
HTTP/1.1 200 OK
Content-Length: 148260
Content-Type: application/json; charset=utf-8
cache-control: no-cache

22:30:00.487 [AsyncHttpClient-1-5] DEBUG org.asynchttpclient.netty.channel.ChannelManager - Adding key: http://localhost:9352 for channel [id: 0x445752e7, L:/127.0.0.1:54486 - R:localhost/127.0.0.1:9352]
22:30:00.492 [main] DEBUG net.serenitybdd.core.photography.Darkroom - Send negative for processing for target\site\serenity\8eee090400625a0dbdcd4931cc6735baede7ce7382ecbc451a955eaf52bc34e5.png
22:30:00.493 [Darkroom Processing Line] DEBUG net.serenitybdd.core.photography.DarkroomProcessingLine - Processing screenshot image in /var/screenshots/screenshot-16565274169464312329
22:30:00.493 [Darkroom Processing Line] DEBUG net.serenitybdd.core.photography.DarkroomProcessingLine - Saving screenshot to target\site\serenity\8eee090400625a0dbdcd4931cc6735baede7ce7382ecbc451a955eaf52bc34e5.png
22:30:00.494 [Forwarding getPageSource on session 7ab9c382632e636a102160752126d558 to remote] DEBUG org.asynchttpclient.netty.request.NettyRequestSender - Using pooled Channel '[id: 0x445752e7, L:/127.0.0.1:54486 - R:localhost/127.0.0.1:9352]' for 'POST' to 'http://localhost:9352/session/7ab9c382632e636a102160752126d558/execute/sync'
22:30:00.494 [Forwarding getPageSource on session 7ab9c382632e636a102160752126d558 to remote] DEBUG org.asynchttpclient.netty.request.NettyRequestSender - Using open Channel [id: 0x445752e7, L:/127.0.0.1:54486 - R:localhost/127.0.0.1:9352] for POST '/session/7ab9c382632e636a102160752126d558/execute/sync'
22:30:00.512 [AsyncHttpClient-1-5] DEBUG org.asynchttpclient.netty.handler.HttpHandler - 

Request DefaultHttpRequest(decodeResult: success, version: HTTP/1.1)
POST /session/7ab9c382632e636a102160752126d558/execute/sync HTTP/1.1
User-Agent: selenium/4.8.1 (java windows)
Content-Length: 176
Content-Type: application/json; charset=utf-8
host: localhost:9352
accept: */*

Response DefaultHttpResponse(decodeResult: success, version: HTTP/1.1)
HTTP/1.1 200 OK
Content-Length: 103798
Content-Type: application/json; charset=utf-8
cache-control: no-cache

22:30:00.513 [AsyncHttpClient-1-5] DEBUG org.asynchttpclient.netty.channel.ChannelManager - Adding key: http://localhost:9352 for channel [id: 0x445752e7, L:/127.0.0.1:54486 - R:localhost/127.0.0.1:9352]
22:30:00.524 [Forwarding getCurrentUrl on session 7ab9c382632e636a102160752126d558 to remote] DEBUG org.asynchttpclient.netty.request.NettyRequestSender - Using pooled Channel '[id: 0x445752e7, L:/127.0.0.1:54486 - R:localhost/127.0.0.1:9352]' for 'GET' to 'http://localhost:9352/session/7ab9c382632e636a102160752126d558/url'
22:30:00.524 [Forwarding getCurrentUrl on session 7ab9c382632e636a102160752126d558 to remote] DEBUG org.asynchttpclient.netty.request.NettyRequestSender - Using open Channel [id: 0x445752e7, L:/127.0.0.1:54486 - R:localhost/127.0.0.1:9352] for GET '/session/7ab9c382632e636a102160752126d558/url'
22:30:00.530 [AsyncHttpClient-1-5] DEBUG org.asynchttpclient.netty.handler.HttpHandler - 

Request DefaultFullHttpRequest(decodeResult: success, version: HTTP/1.1, content: EmptyByteBufBE)
GET /session/7ab9c382632e636a102160752126d558/url HTTP/1.1
User-Agent: selenium/4.8.1 (java windows)
Cache-Control: no-cache
Content-Type: application/json; charset=utf-8
host: localhost:9352
accept: */*

Response DefaultHttpResponse(decodeResult: success, version: HTTP/1.1)
HTTP/1.1 200 OK
Content-Length: 42
Content-Type: application/json; charset=utf-8
cache-control: no-cache

22:30:00.530 [AsyncHttpClient-1-5] DEBUG org.asynchttpclient.netty.channel.ChannelManager - Adding key: http://localhost:9352 for channel [id: 0x445752e7, L:/127.0.0.1:54486 - R:localhost/127.0.0.1:9352]
22:30:00.533 [main] DEBUG net.thucydides.core.steps.StepInterceptor - STARTING STEP: LoginSteps.credentialAlert - incorrectCredentialAlert
22:30:00.537 [Forwarding findElement on session 7ab9c382632e636a102160752126d558 to remote] DEBUG org.asynchttpclient.netty.request.NettyRequestSender - Using pooled Channel '[id: 0x445752e7, L:/127.0.0.1:54486 - R:localhost/127.0.0.1:9352]' for 'POST' to 'http://localhost:9352/session/7ab9c382632e636a102160752126d558/element'
22:30:00.537 [Forwarding findElement on session 7ab9c382632e636a102160752126d558 to remote] DEBUG org.asynchttpclient.netty.request.NettyRequestSender - Using open Channel [id: 0x445752e7, L:/127.0.0.1:54486 - R:localhost/127.0.0.1:9352] for POST '/session/7ab9c382632e636a102160752126d558/element'
22:30:01.082 [AsyncHttpClient-1-1] DEBUG org.asynchttpclient.netty.channel.DefaultChannelPool - Entry count for : http://localhost:54488 : 1
22:30:02.186 [AsyncHttpClient-1-1] DEBUG org.asynchttpclient.netty.channel.DefaultChannelPool - Entry count for : http://localhost:54488 : 1
22:30:02.587 [AsyncHttpClient-1-5] DEBUG org.asynchttpclient.netty.handler.HttpHandler - 

Request DefaultHttpRequest(decodeResult: success, version: HTTP/1.1)
POST /session/7ab9c382632e636a102160752126d558/element HTTP/1.1
User-Agent: selenium/4.8.1 (java windows)
Content-Length: 62
Content-Type: application/json; charset=utf-8
host: localhost:9352
accept: */*

Response DefaultHttpResponse(decodeResult: success, version: HTTP/1.1)
HTTP/1.1 200 OK
Content-Length: 88
Content-Type: application/json; charset=utf-8
cache-control: no-cache

22:30:02.588 [AsyncHttpClient-1-5] DEBUG org.asynchttpclient.netty.channel.ChannelManager - Adding key: http://localhost:9352 for channel [id: 0x445752e7, L:/127.0.0.1:54486 - R:localhost/127.0.0.1:9352]
22:30:02.596 [Forwarding isElementDisplayed on session 7ab9c382632e636a102160752126d558 to remote] DEBUG org.asynchttpclient.netty.request.NettyRequestSender - Using pooled Channel '[id: 0x445752e7, L:/127.0.0.1:54486 - R:localhost/127.0.0.1:9352]' for 'POST' to 'http://localhost:9352/session/7ab9c382632e636a102160752126d558/execute/sync'
22:30:02.596 [Forwarding isElementDisplayed on session 7ab9c382632e636a102160752126d558 to remote] DEBUG org.asynchttpclient.netty.request.NettyRequestSender - Using open Channel [id: 0x445752e7, L:/127.0.0.1:54486 - R:localhost/127.0.0.1:9352] for POST '/session/7ab9c382632e636a102160752126d558/execute/sync'
22:30:02.620 [AsyncHttpClient-1-5] DEBUG org.asynchttpclient.netty.handler.HttpHandler - 

Request DefaultHttpRequest(decodeResult: success, version: HTTP/1.1)
POST /session/7ab9c382632e636a102160752126d558/execute/sync HTTP/1.1
User-Agent: selenium/4.8.1 (java windows)
Content-Length: 48807
Content-Type: application/json; charset=utf-8
host: localhost:9352
accept: */*

Response DefaultHttpResponse(decodeResult: success, version: HTTP/1.1)
HTTP/1.1 200 OK
Content-Length: 14
Content-Type: application/json; charset=utf-8
cache-control: no-cache

22:30:02.620 [AsyncHttpClient-1-5] DEBUG org.asynchttpclient.netty.channel.ChannelManager - Adding key: http://localhost:9352 for channel [id: 0x445752e7, L:/127.0.0.1:54486 - R:localhost/127.0.0.1:9352]
22:30:02.629 [Forwarding getAlertText on session 7ab9c382632e636a102160752126d558 to remote] DEBUG org.asynchttpclient.netty.request.NettyRequestSender - Using pooled Channel '[id: 0x445752e7, L:/127.0.0.1:54486 - R:localhost/127.0.0.1:9352]' for 'GET' to 'http://localhost:9352/session/7ab9c382632e636a102160752126d558/alert/text'
22:30:02.629 [Forwarding getAlertText on session 7ab9c382632e636a102160752126d558 to remote] DEBUG org.asynchttpclient.netty.request.NettyRequestSender - Using open Channel [id: 0x445752e7, L:/127.0.0.1:54486 - R:localhost/127.0.0.1:9352] for GET '/session/7ab9c382632e636a102160752126d558/alert/text'
22:30:02.632 [AsyncHttpClient-1-5] DEBUG org.asynchttpclient.netty.handler.HttpHandler - 

Request DefaultFullHttpRequest(decodeResult: success, version: HTTP/1.1, content: EmptyByteBufBE)
GET /session/7ab9c382632e636a102160752126d558/alert/text HTTP/1.1
User-Agent: selenium/4.8.1 (java windows)
Cache-Control: no-cache
Content-Type: application/json; charset=utf-8
host: localhost:9352
accept: */*

Response DefaultHttpResponse(decodeResult: success, version: HTTP/1.1)
HTTP/1.1 404 Not Found
Content-Length: 835
Content-Type: application/json; charset=utf-8
cache-control: no-cache

22:30:02.632 [AsyncHttpClient-1-5] DEBUG org.asynchttpclient.netty.channel.ChannelManager - Adding key: http://localhost:9352 for channel [id: 0x445752e7, L:/127.0.0.1:54486 - R:localhost/127.0.0.1:9352]
22:30:02.634 [Forwarding getCurrentUrl on session 7ab9c382632e636a102160752126d558 to remote] DEBUG org.asynchttpclient.netty.request.NettyRequestSender - Using pooled Channel '[id: 0x445752e7, L:/127.0.0.1:54486 - R:localhost/127.0.0.1:9352]' for 'GET' to 'http://localhost:9352/session/7ab9c382632e636a102160752126d558/url'
22:30:02.634 [Forwarding getCurrentUrl on session 7ab9c382632e636a102160752126d558 to remote] DEBUG org.asynchttpclient.netty.request.NettyRequestSender - Using open Channel [id: 0x445752e7, L:/127.0.0.1:54486 - R:localhost/127.0.0.1:9352] for GET '/session/7ab9c382632e636a102160752126d558/url'
22:30:02.641 [AsyncHttpClient-1-5] DEBUG org.asynchttpclient.netty.handler.HttpHandler - 

Request DefaultFullHttpRequest(decodeResult: success, version: HTTP/1.1, content: EmptyByteBufBE)
GET /session/7ab9c382632e636a102160752126d558/url HTTP/1.1
User-Agent: selenium/4.8.1 (java windows)
Cache-Control: no-cache
Content-Type: application/json; charset=utf-8
host: localhost:9352
accept: */*

Response DefaultHttpResponse(decodeResult: success, version: HTTP/1.1)
HTTP/1.1 200 OK
Content-Length: 42
Content-Type: application/json; charset=utf-8
cache-control: no-cache

22:30:02.641 [AsyncHttpClient-1-5] DEBUG org.asynchttpclient.netty.channel.ChannelManager - Adding key: http://localhost:9352 for channel [id: 0x445752e7, L:/127.0.0.1:54486 - R:localhost/127.0.0.1:9352]
22:30:02.643 [Forwarding screenshot on session 7ab9c382632e636a102160752126d558 to remote] DEBUG org.asynchttpclient.netty.request.NettyRequestSender - Using pooled Channel '[id: 0x445752e7, L:/127.0.0.1:54486 - R:localhost/127.0.0.1:9352]' for 'GET' to 'http://localhost:9352/session/7ab9c382632e636a102160752126d558/screenshot'
22:30:02.643 [Forwarding screenshot on session 7ab9c382632e636a102160752126d558 to remote] DEBUG org.asynchttpclient.netty.request.NettyRequestSender - Using open Channel [id: 0x445752e7, L:/127.0.0.1:54486 - R:localhost/127.0.0.1:9352] for GET '/session/7ab9c382632e636a102160752126d558/screenshot'
22:30:02.908 [AsyncHttpClient-1-5] DEBUG org.asynchttpclient.netty.handler.HttpHandler - 

Request DefaultFullHttpRequest(decodeResult: success, version: HTTP/1.1, content: EmptyByteBufBE)
GET /session/7ab9c382632e636a102160752126d558/screenshot HTTP/1.1
User-Agent: selenium/4.8.1 (java windows)
Cache-Control: no-cache
Content-Type: application/json; charset=utf-8
host: localhost:9352
accept: */*

Response DefaultHttpResponse(decodeResult: success, version: HTTP/1.1)
HTTP/1.1 200 OK
Content-Length: 265000
Content-Type: application/json; charset=utf-8
cache-control: no-cache

22:30:02.909 [AsyncHttpClient-1-5] DEBUG org.asynchttpclient.netty.channel.ChannelManager - Adding key: http://localhost:9352 for channel [id: 0x445752e7, L:/127.0.0.1:54486 - R:localhost/127.0.0.1:9352]
22:30:02.923 [main] DEBUG net.serenitybdd.core.photography.Darkroom - Send negative for processing for target\site\serenity\2514e0c25b91c9b31d6bb8553a8fcc55205c4a71ea9e60bf433166eb446d25f5.png
22:30:02.924 [main] DEBUG net.thucydides.core.steps.StepInterceptor - STEP DONE: incorrectCredentialAlert
  &amp#27;[32mThen &amp#27;[0m&amp#27;[32mI should see the error message&amp#27;[0m   &amp#27;[90m# starter.stepdefintions.LoginSteps.credentialAlert()&amp#27;[0m
22:30:02.924 [Darkroom Processing Line] DEBUG net.serenitybdd.core.photography.DarkroomProcessingLine - Processing screenshot image in /var/screenshots/screenshot-6693019195198545064
22:30:02.924 [Darkroom Processing Line] DEBUG net.serenitybdd.core.photography.DarkroomProcessingLine - Saving screenshot to target\site\serenity\2514e0c25b91c9b31d6bb8553a8fcc55205c4a71ea9e60bf433166eb446d25f5.png
22:30:02.937 [main] INFO  - 
  _____   ___   ___   _____     ___     _     ___   ___   ___   ___  
 |_   _| | __| / __| |_   _|   | _ \   /_\   / __| / __| | __| |   \ 
   | |   | _|  \__ \   | |     |  _/  / _ \  \__ \ \__ \ | _|  | |) |
   |_|   |___| |___/   |_|     |_|   /_/ \_\ |___/ |___/ |___| |___/ 

Login with incorrect password
----------------------------------------------------------------------
22:30:02.940 [AsyncHttpClient-1-7] DEBUG org.asynchttpclient.netty.handler.WebSocketHandler - Channel Closed: [id: 0xe94ed3d7, L:/127.0.0.1:54494 ! R:localhost/127.0.0.1:54488] with attribute NettyResponseFuture{currentRetry=0,
	isDone=1,
	isCancelled=0,
	asyncHandler=org.asynchttpclient.ws.WebSocketUpgradeHandler@3b99ff4e,
	nettyRequest=org.asynchttpclient.netty.request.NettyRequest@7e9b6659,
	future=java.util.concurrent.CompletableFuture@4366ddd0[Completed normally],
	uri=ws://localhost:54488/devtools/browser/152102dd-8ed4-4caa-bad8-48ffeeb4798a,
	keepAlive=true,
	redirectCount=0,
	timeoutsHolder=null,
	inAuth=0,
	touch=1680967791881}
22:30:02.940 [Driver Command Executor] DEBUG org.asynchttpclient.netty.request.NettyRequestSender - Using pooled Channel '[id: 0x445752e7, L:/127.0.0.1:54486 - R:localhost/127.0.0.1:9352]' for 'DELETE' to 'http://localhost:9352/session/7ab9c382632e636a102160752126d558'
22:30:02.940 [Driver Command Executor] DEBUG org.asynchttpclient.netty.request.NettyRequestSender - Using open Channel [id: 0x445752e7, L:/127.0.0.1:54486 - R:localhost/127.0.0.1:9352] for DELETE '/session/7ab9c382632e636a102160752126d558'
22:30:02.941 [AsyncHttpClient-1-7] DEBUG org.asynchttpclient.netty.channel.ChannelManager - Closing Channel [id: 0xe94ed3d7, L:/127.0.0.1:54494 ! R:localhost/127.0.0.1:54488] 
22:30:02.996 [AsyncHttpClient-1-6] DEBUG org.asynchttpclient.netty.handler.HttpHandler - Unexpected I/O exception on channel [id: 0xa97fbd7b, L:/127.0.0.1:54493 - R:localhost/127.0.0.1:54488]
java.net.SocketException: Connection reset
	at java.base/sun.nio.ch.SocketChannelImpl.throwConnectionReset(SocketChannelImpl.java:367)
	at java.base/sun.nio.ch.SocketChannelImpl.read(SocketChannelImpl.java:398)
	at io.netty.buffer.PooledByteBuf.setBytes(PooledByteBuf.java:259)
	at io.netty.buffer.AbstractByteBuf.writeBytes(AbstractByteBuf.java:1132)
	at io.netty.channel.socket.nio.NioSocketChannel.doReadBytes(NioSocketChannel.java:357)
	at io.netty.channel.nio.AbstractNioByteChannel$NioByteUnsafe.read(AbstractNioByteChannel.java:151)
	at io.netty.channel.nio.NioEventLoop.processSelectedKey(NioEventLoop.java:788)
	at io.netty.channel.nio.NioEventLoop.processSelectedKeysOptimized(NioEventLoop.java:724)
	at io.netty.channel.nio.NioEventLoop.processSelectedKeys(NioEventLoop.java:650)
	at io.netty.channel.nio.NioEventLoop.run(NioEventLoop.java:562)
	at io.netty.util.concurrent.SingleThreadEventExecutor$4.run(SingleThreadEventExecutor.java:997)
	at io.netty.util.internal.ThreadExecutorMap$2.run(ThreadExecutorMap.java:74)
	at io.netty.util.concurrent.FastThreadLocalRunnable.run(FastThreadLocalRunnable.java:30)
	at java.base/java.lang.Thread.run(Thread.java:832)
22:30:03.000 [AsyncHttpClient-1-6] DEBUG org.asynchttpclient.netty.channel.ChannelManager - Closing Channel [id: 0xa97fbd7b, L:/127.0.0.1:54493 - R:localhost/127.0.0.1:54488] 
22:30:03.001 [AsyncHttpClient-1-6] DEBUG org.asynchttpclient.netty.handler.HttpHandler - Channel Closed: [id: 0xa97fbd7b, L:/127.0.0.1:54493 ! R:localhost/127.0.0.1:54488] with attribute DISCARD
22:30:03.058 [AsyncHttpClient-1-5] DEBUG org.asynchttpclient.netty.handler.HttpHandler - 

Request DefaultFullHttpRequest(decodeResult: success, version: HTTP/1.1, content: EmptyByteBufBE)
DELETE /session/7ab9c382632e636a102160752126d558 HTTP/1.1
User-Agent: selenium/4.8.1 (java windows)
Content-Type: application/json; charset=utf-8
host: localhost:9352
accept: */*

Response DefaultHttpResponse(decodeResult: success, version: HTTP/1.1)
HTTP/1.1 200 OK
Content-Length: 14
Content-Type: application/json; charset=utf-8
cache-control: no-cache

22:30:03.058 [AsyncHttpClient-1-5] DEBUG org.asynchttpclient.netty.channel.ChannelManager - Adding key: http://localhost:9352 for channel [id: 0x445752e7, L:/127.0.0.1:54486 - R:localhost/127.0.0.1:9352]
22:30:03.285 [AsyncHttpClient-1-1] DEBUG org.asynchttpclient.netty.channel.DefaultChannelPool - Entry count for : http://localhost:54488 : 1
22:30:03.285 [AsyncHttpClient-1-1] DEBUG org.asynchttpclient.netty.channel.DefaultChannelPool - Entry count for : http://localhost:9352 : 1
22:30:03.285 [AsyncHttpClient-1-1] DEBUG org.asynchttpclient.netty.channel.DefaultChannelPool - Adding Candidate expired Channel [id: 0xa97fbd7b, L:/127.0.0.1:54493 ! R:localhost/127.0.0.1:54488] isIdleTimeoutExpired=false isRemotelyClosed=true isTtlExpired=false
22:30:03.285 [AsyncHttpClient-1-1] DEBUG org.asynchttpclient.netty.channel.DefaultChannelPool - Closing Idle Channel [id: 0xa97fbd7b, L:/127.0.0.1:54493 ! R:localhost/127.0.0.1:54488]
22:30:03.285 [AsyncHttpClient-1-1] DEBUG org.asynchttpclient.netty.channel.DefaultChannelPool - Closed 1 connections out of 2 in 0 ms
22:30:03.381 [AsyncHttpClient-1-5] DEBUG org.asynchttpclient.netty.handler.HttpHandler - Channel Closed: [id: 0x445752e7, L:/127.0.0.1:54486 ! R:localhost/127.0.0.1:9352] with attribute DISCARD
]]></system-out>
    <system-err><![CDATA[Starting ChromeDriver 111.0.5563.64 (c710e93d5b63b7095afe8c2c17df34408078439d-refs/branch-heads/5563@{#995}) on port 9352
Only local connections are allowed.
Please see https://chromedriver.chromium.org/security-considerations for suggestions on keeping ChromeDriver safe.
ChromeDriver was started successfully.
[1680967791.824][WARNING]: This version of ChromeDriver has not been tested with Chrome version 112.
Apr 08, 2023 10:29:51 PM org.openqa.selenium.devtools.CdpVersionFinder findNearestMatch
WARNING: Unable to find an exact match for CDP version 112, so returning the closest version found: 110
]]></system-err>
  </testcase>
  <testcase name="Select Payment Method Dana After Choosing Product" classname="Select Payment Method" time="23.931">
    <error type="net.thucydides.core.webdriver.exceptions.ElementShouldBeEnabledException"><![CDATA[net.thucydides.core.webdriver.exceptions.ElementShouldBeEnabledException: Expected enabled element was not enabled
Caused by: org.openqa.selenium.TimeoutException: Expected condition failed: waiting for By.id: label DANA to be enabled (tried for 5 second(s) with 100 milliseconds interval)
Caused by: org.openqa.selenium.NoSuchElementException: 
no such element: Unable to locate element: {"method":"css selector","selector":"#label\ DANA"}
  (Session info: chrome=112.0.5615.49)
For documentation on this error, please visit: https://selenium.dev/exceptions/#no_such_element
Build info: version: '4.8.1', revision: '8ebccac989'
System info: os.name: 'Windows 10', os.arch: 'amd64', os.version: '10.0', java.version: '15'
Driver info: org.openqa.selenium.chrome.ChromeDriver
Command: [93dff82af30c6a21e1f65331254841da, findElement {using=id, value=label DANA}]
Capabilities {acceptInsecureCerts: false, browserName: chrome, browserVersion: 112.0.5615.49, chrome: {chromedriverVersion: 111.0.5563.64 (c710e93d5b63..., userDataDir: C:\Users\WINDOW~1\AppData\L...}, goog:chromeOptions: {debuggerAddress: localhost:54528}, networkConnectionEnabled: false, pageLoadStrategy: normal, platformName: WINDOWS, proxy: Proxy(), se:cdp: ws://localhost:54528/devtoo..., se:cdpVersion: 112.0.5615.49, setWindowRect: true, strictFileInteractability: false, timeouts: {implicit: 0, pageLoad: 300000, script: 30000}, unhandledPromptBehavior: dismiss and notify, webauthn:extension:credBlob: true, webauthn:extension:largeBlob: true, webauthn:extension:minPinLength: true, webauthn:extension:prf: true, webauthn:virtualAuthenticators: true}
Session ID: 93dff82af30c6a21e1f65331254841da
]]></error>
    <system-out><![CDATA[22:30:03.900 [main] DEBUG io.cucumber.core.plugin.SerenityReporter - Running feature from file:///C:/Users/WINDOWS%2010/Documents/GitHub/QE_Andira_Ms/11_Web_Programming_&_Testing/Praktikum/Testing_with_Serenity/Prioritas2/alta/src/test/resources/features/PaymentMethod.feature
22:30:03.913 [main] DEBUG net.thucydides.core.steps.StepEventBus - Test suite started for story net.thucydides.core.model.Story@1f3cee16
22:30:03.914 [main] INFO  - Test Suite Started: Select Payment Method

Scenario: Select Payment Method Dana After Choosing Product &amp#27;[90m# src/test/resources/features/PaymentMethod.feature:3&amp#27;[0m
22:30:03.940 [main] DEBUG io.cucumber.core.plugin.SerenityReporter - Running feature from file:///C:/Users/WINDOWS%2010/Documents/GitHub/QE_Andira_Ms/11_Web_Programming_&_Testing/Praktikum/Testing_with_Serenity/Prioritas2/alta/src/test/resources/features/PaymentMethod.feature
22:30:03.948 [main] INFO  - 
  _____   ___   ___   _____     ___   _____     _     ___   _____   ___   ___  
 |_   _| | __| / __| |_   _|   / __| |_   _|   /_\   | _ \ |_   _| | __| |   \ 
   | |   | _|  \__ \   | |     \__ \   | |    / _ \  |   /   | |   | _|  | |) |
   |_|   |___| |___/   |_|     |___/   |_|   /_/ \_\ |_|_\   |_|   |___| |___/ 

Select Payment Method Dana After Choosing Product(select-payment-method;select-payment-method-dana-after-choosing-product)
--------------------------------------------------------------------------------
22:30:04.272 [main] DEBUG net.thucydides.core.steps.StepInterceptor - STARTING STEP: PaymentMethodSteps.onTheListrikPLNPage - openPage
22:30:04.366 [main] INFO net.serenitybdd.core.webdriver.driverproviders.ChromeDriverProvider - Starting Chrome driver instance with capabilities:
22:30:04.366 [main] INFO net.serenitybdd.core.webdriver.driverproviders.ChromeDriverProvider - Capabilities {acceptInsecureCerts: false, browserName: chrome, goog:chromeOptions: {args: [remote-allow-origins=*], extensions: []}}
22:30:04.380 [AsyncHttpClient-1-1] DEBUG org.asynchttpclient.netty.channel.DefaultChannelPool - Entry count for : http://localhost:9352 : 1
22:30:04.380 [AsyncHttpClient-1-1] DEBUG org.asynchttpclient.netty.channel.DefaultChannelPool - Adding Candidate expired Channel [id: 0x445752e7, L:/127.0.0.1:54486 ! R:localhost/127.0.0.1:9352] isIdleTimeoutExpired=false isRemotelyClosed=true isTtlExpired=false
22:30:04.380 [AsyncHttpClient-1-1] DEBUG org.asynchttpclient.netty.channel.DefaultChannelPool - Closing Idle Channel [id: 0x445752e7, L:/127.0.0.1:54486 ! R:localhost/127.0.0.1:9352]
22:30:04.380 [AsyncHttpClient-1-1] DEBUG org.asynchttpclient.netty.channel.DefaultChannelPool - Closed 1 connections out of 1 in 0 ms
22:30:04.986 [AsyncHttpClient-1-8] DEBUG org.asynchttpclient.netty.channel.NettyConnectListener - Using new Channel '[id: 0x9bcecac8, L:/127.0.0.1:54527 - R:localhost/127.0.0.1:25986]' for 'POST' to '/session'
22:30:06.062 [AsyncHttpClient-1-8] DEBUG org.asynchttpclient.netty.handler.HttpHandler - 

Request DefaultHttpRequest(decodeResult: success, version: HTTP/1.1)
POST /session HTTP/1.1
User-Agent: selenium/4.8.1 (java windows)
Content-Length: 507
Content-Type: application/json; charset=utf-8
host: localhost:25986
accept: */*

Response DefaultHttpResponse(decodeResult: success, version: HTTP/1.1)
HTTP/1.1 200 OK
Content-Length: 861
Content-Type: application/json; charset=utf-8
cache-control: no-cache

22:30:06.063 [AsyncHttpClient-1-8] DEBUG org.asynchttpclient.netty.channel.ChannelManager - Adding key: http://localhost:25986 for channel [id: 0x9bcecac8, L:/127.0.0.1:54527 - R:localhost/127.0.0.1:25986]
22:30:06.077 [AsyncHttpClient-1-9] DEBUG org.asynchttpclient.netty.channel.NettyConnectListener - Using new Channel '[id: 0xc0308d4d, L:/127.0.0.1:54533 - R:localhost/127.0.0.1:54528]' for 'GET' to '/json/version'
22:30:06.081 [AsyncHttpClient-1-9] DEBUG org.asynchttpclient.netty.handler.HttpHandler - 

Request DefaultFullHttpRequest(decodeResult: success, version: HTTP/1.1, content: EmptyByteBufBE)
GET /json/version HTTP/1.1
User-Agent: selenium/4.8.1 (java windows)
host: localhost:54528
accept: */*

Response DefaultHttpResponse(decodeResult: success, version: HTTP/1.1)
HTTP/1.1 200 OK
Content-Security-Policy: frame-ancestors 'none'
Content-Length: 422
Content-Type: application/json; charset=UTF-8

22:30:06.081 [AsyncHttpClient-1-9] DEBUG org.asynchttpclient.netty.channel.ChannelManager - Adding key: http://localhost:54528 for channel [id: 0xc0308d4d, L:/127.0.0.1:54533 - R:localhost/127.0.0.1:54528]
22:30:06.085 [AsyncHttpClient-1-10] DEBUG org.asynchttpclient.netty.channel.NettyConnectListener - Using new Channel '[id: 0x4a85f011, L:/127.0.0.1:54535 - R:localhost/127.0.0.1:54528]' for 'GET' to '/devtools/browser/6f3b34dc-1634-45e1-afed-5e601297c61b'
22:30:06.092 [AsyncHttpClient-1-10] DEBUG org.asynchttpclient.netty.handler.WebSocketHandler - 

Request DefaultFullHttpRequest(decodeResult: success, version: HTTP/1.1, content: EmptyByteBufBE)
GET /devtools/browser/6f3b34dc-1634-45e1-afed-5e601297c61b HTTP/1.1
upgrade: websocket
connection: upgrade
sec-websocket-key: dWsQNjHLBL/MKPC26aBz9A==
sec-websocket-version: 13
origin: http://localhost:54528
host: localhost:54528
accept: */*
user-agent: AHC/2.1

Response DefaultHttpResponse(decodeResult: success, version: HTTP/1.1)
HTTP/1.1 101 WebSocket Protocol Handshake
Upgrade: WebSocket
Connection: Upgrade
Sec-WebSocket-Accept: 3GAu13YJRt1Jo3ZKodkvT4JCKa0=

22:30:06.100 [Forwarding get on session 93dff82af30c6a21e1f65331254841da to remote] DEBUG org.asynchttpclient.netty.request.NettyRequestSender - Using pooled Channel '[id: 0x9bcecac8, L:/127.0.0.1:54527 - R:localhost/127.0.0.1:25986]' for 'POST' to 'http://localhost:25986/session/93dff82af30c6a21e1f65331254841da/url'
22:30:06.100 [Forwarding get on session 93dff82af30c6a21e1f65331254841da to remote] DEBUG org.asynchttpclient.netty.request.NettyRequestSender - Using open Channel [id: 0x9bcecac8, L:/127.0.0.1:54527 - R:localhost/127.0.0.1:25986] for POST '/session/93dff82af30c6a21e1f65331254841da/url'
22:30:06.583 [AsyncHttpClient-1-1] DEBUG org.asynchttpclient.netty.channel.DefaultChannelPool - Entry count for : http://localhost:54528 : 1
22:30:07.680 [AsyncHttpClient-1-1] DEBUG org.asynchttpclient.netty.channel.DefaultChannelPool - Entry count for : http://localhost:54528 : 1
22:30:08.665 [AsyncHttpClient-1-8] DEBUG org.asynchttpclient.netty.handler.HttpHandler - 

Request DefaultHttpRequest(decodeResult: success, version: HTTP/1.1)
POST /session/93dff82af30c6a21e1f65331254841da/url HTTP/1.1
User-Agent: selenium/4.8.1 (java windows)
Content-Length: 54
Content-Type: application/json; charset=utf-8
host: localhost:25986
accept: */*

Response DefaultHttpResponse(decodeResult: success, version: HTTP/1.1)
HTTP/1.1 200 OK
Content-Length: 14
Content-Type: application/json; charset=utf-8
cache-control: no-cache

22:30:08.665 [AsyncHttpClient-1-8] DEBUG org.asynchttpclient.netty.channel.ChannelManager - Adding key: http://localhost:25986 for channel [id: 0x9bcecac8, L:/127.0.0.1:54527 - R:localhost/127.0.0.1:25986]
22:30:08.667 [Forwarding setTimeout on session 93dff82af30c6a21e1f65331254841da to remote] DEBUG org.asynchttpclient.netty.request.NettyRequestSender - Using pooled Channel '[id: 0x9bcecac8, L:/127.0.0.1:54527 - R:localhost/127.0.0.1:25986]' for 'POST' to 'http://localhost:25986/session/93dff82af30c6a21e1f65331254841da/timeouts'
22:30:08.668 [Forwarding setTimeout on session 93dff82af30c6a21e1f65331254841da to remote] DEBUG org.asynchttpclient.netty.request.NettyRequestSender - Using open Channel [id: 0x9bcecac8, L:/127.0.0.1:54527 - R:localhost/127.0.0.1:25986] for POST '/session/93dff82af30c6a21e1f65331254841da/timeouts'
22:30:08.670 [AsyncHttpClient-1-8] DEBUG org.asynchttpclient.netty.handler.HttpHandler - 

Request DefaultHttpRequest(decodeResult: success, version: HTTP/1.1)
POST /session/93dff82af30c6a21e1f65331254841da/timeouts HTTP/1.1
User-Agent: selenium/4.8.1 (java windows)
Content-Length: 22
Content-Type: application/json; charset=utf-8
host: localhost:25986
accept: */*

Response DefaultHttpResponse(decodeResult: success, version: HTTP/1.1)
HTTP/1.1 200 OK
Content-Length: 14
Content-Type: application/json; charset=utf-8
cache-control: no-cache

22:30:08.670 [AsyncHttpClient-1-8] DEBUG org.asynchttpclient.netty.channel.ChannelManager - Adding key: http://localhost:25986 for channel [id: 0x9bcecac8, L:/127.0.0.1:54527 - R:localhost/127.0.0.1:25986]
22:30:08.679 [main] DEBUG net.serenitybdd.core.photography.Darkroom - Opening darkroom
22:30:08.680 [Darkroom Processing Line] DEBUG net.serenitybdd.core.photography.DarkroomProcessingLine - Darkroom processing line starting up
22:30:08.682 [Forwarding getAlertText on session 93dff82af30c6a21e1f65331254841da to remote] DEBUG org.asynchttpclient.netty.request.NettyRequestSender - Using pooled Channel '[id: 0x9bcecac8, L:/127.0.0.1:54527 - R:localhost/127.0.0.1:25986]' for 'GET' to 'http://localhost:25986/session/93dff82af30c6a21e1f65331254841da/alert/text'
22:30:08.682 [Forwarding getAlertText on session 93dff82af30c6a21e1f65331254841da to remote] DEBUG org.asynchttpclient.netty.request.NettyRequestSender - Using open Channel [id: 0x9bcecac8, L:/127.0.0.1:54527 - R:localhost/127.0.0.1:25986] for GET '/session/93dff82af30c6a21e1f65331254841da/alert/text'
22:30:08.687 [AsyncHttpClient-1-8] DEBUG org.asynchttpclient.netty.handler.HttpHandler - 

Request DefaultFullHttpRequest(decodeResult: success, version: HTTP/1.1, content: EmptyByteBufBE)
GET /session/93dff82af30c6a21e1f65331254841da/alert/text HTTP/1.1
User-Agent: selenium/4.8.1 (java windows)
Cache-Control: no-cache
Content-Type: application/json; charset=utf-8
host: localhost:25986
accept: */*

Response DefaultHttpResponse(decodeResult: success, version: HTTP/1.1)
HTTP/1.1 404 Not Found
Content-Length: 835
Content-Type: application/json; charset=utf-8
cache-control: no-cache

22:30:08.687 [AsyncHttpClient-1-8] DEBUG org.asynchttpclient.netty.channel.ChannelManager - Adding key: http://localhost:25986 for channel [id: 0x9bcecac8, L:/127.0.0.1:54527 - R:localhost/127.0.0.1:25986]
22:30:08.689 [Forwarding getCurrentUrl on session 93dff82af30c6a21e1f65331254841da to remote] DEBUG org.asynchttpclient.netty.request.NettyRequestSender - Using pooled Channel '[id: 0x9bcecac8, L:/127.0.0.1:54527 - R:localhost/127.0.0.1:25986]' for 'GET' to 'http://localhost:25986/session/93dff82af30c6a21e1f65331254841da/url'
22:30:08.689 [Forwarding getCurrentUrl on session 93dff82af30c6a21e1f65331254841da to remote] DEBUG org.asynchttpclient.netty.request.NettyRequestSender - Using open Channel [id: 0x9bcecac8, L:/127.0.0.1:54527 - R:localhost/127.0.0.1:25986] for GET '/session/93dff82af30c6a21e1f65331254841da/url'
22:30:08.714 [AsyncHttpClient-1-8] DEBUG org.asynchttpclient.netty.handler.HttpHandler - 

Request DefaultFullHttpRequest(decodeResult: success, version: HTTP/1.1, content: EmptyByteBufBE)
GET /session/93dff82af30c6a21e1f65331254841da/url HTTP/1.1
User-Agent: selenium/4.8.1 (java windows)
Cache-Control: no-cache
Content-Type: application/json; charset=utf-8
host: localhost:25986
accept: */*

Response DefaultHttpResponse(decodeResult: success, version: HTTP/1.1)
HTTP/1.1 200 OK
Content-Length: 36
Content-Type: application/json; charset=utf-8
cache-control: no-cache

22:30:08.715 [AsyncHttpClient-1-8] DEBUG org.asynchttpclient.netty.channel.ChannelManager - Adding key: http://localhost:25986 for channel [id: 0x9bcecac8, L:/127.0.0.1:54527 - R:localhost/127.0.0.1:25986]
22:30:08.716 [Forwarding screenshot on session 93dff82af30c6a21e1f65331254841da to remote] DEBUG org.asynchttpclient.netty.request.NettyRequestSender - Using pooled Channel '[id: 0x9bcecac8, L:/127.0.0.1:54527 - R:localhost/127.0.0.1:25986]' for 'GET' to 'http://localhost:25986/session/93dff82af30c6a21e1f65331254841da/screenshot'
22:30:08.716 [Forwarding screenshot on session 93dff82af30c6a21e1f65331254841da to remote] DEBUG org.asynchttpclient.netty.request.NettyRequestSender - Using open Channel [id: 0x9bcecac8, L:/127.0.0.1:54527 - R:localhost/127.0.0.1:25986] for GET '/session/93dff82af30c6a21e1f65331254841da/screenshot'
22:30:08.780 [AsyncHttpClient-1-1] DEBUG org.asynchttpclient.netty.channel.DefaultChannelPool - Entry count for : http://localhost:54528 : 1
22:30:09.254 [AsyncHttpClient-1-8] DEBUG org.asynchttpclient.netty.handler.HttpHandler - 

Request DefaultFullHttpRequest(decodeResult: success, version: HTTP/1.1, content: EmptyByteBufBE)
GET /session/93dff82af30c6a21e1f65331254841da/screenshot HTTP/1.1
User-Agent: selenium/4.8.1 (java windows)
Cache-Control: no-cache
Content-Type: application/json; charset=utf-8
host: localhost:25986
accept: */*

Response DefaultHttpResponse(decodeResult: success, version: HTTP/1.1)
HTTP/1.1 200 OK
Content-Length: 529416
Content-Type: application/json; charset=utf-8
cache-control: no-cache

22:30:09.255 [AsyncHttpClient-1-8] DEBUG org.asynchttpclient.netty.channel.ChannelManager - Adding key: http://localhost:25986 for channel [id: 0x9bcecac8, L:/127.0.0.1:54527 - R:localhost/127.0.0.1:25986]
22:30:09.277 [main] DEBUG net.serenitybdd.core.photography.Darkroom - Send negative for processing for target\site\serenity\c3644045e7123a23df41376f5b7c7d6a5bdf1bf2f083f5aca80e1cc704b41cea.png
22:30:09.278 [main] DEBUG net.thucydides.core.steps.StepInterceptor - STEP DONE: openPage
22:30:09.278 [Darkroom Processing Line] DEBUG net.serenitybdd.core.photography.DarkroomProcessingLine - Processing screenshot image in /var/screenshots/screenshot-1261689962841412522
22:30:09.278 [Darkroom Processing Line] DEBUG net.serenitybdd.core.photography.DarkroomProcessingLine - Saving screenshot to target\site\serenity\c3644045e7123a23df41376f5b7c7d6a5bdf1bf2f083f5aca80e1cc704b41cea.png
22:30:09.298 [Forwarding getPageSource on session 93dff82af30c6a21e1f65331254841da to remote] DEBUG org.asynchttpclient.netty.request.NettyRequestSender - Using pooled Channel '[id: 0x9bcecac8, L:/127.0.0.1:54527 - R:localhost/127.0.0.1:25986]' for 'POST' to 'http://localhost:25986/session/93dff82af30c6a21e1f65331254841da/execute/sync'
22:30:09.298 [Forwarding getPageSource on session 93dff82af30c6a21e1f65331254841da to remote] DEBUG org.asynchttpclient.netty.request.NettyRequestSender - Using open Channel [id: 0x9bcecac8, L:/127.0.0.1:54527 - R:localhost/127.0.0.1:25986] for POST '/session/93dff82af30c6a21e1f65331254841da/execute/sync'
22:30:09.328 [AsyncHttpClient-1-8] DEBUG org.asynchttpclient.netty.handler.HttpHandler - 

Request DefaultHttpRequest(decodeResult: success, version: HTTP/1.1)
POST /session/93dff82af30c6a21e1f65331254841da/execute/sync HTTP/1.1
User-Agent: selenium/4.8.1 (java windows)
Content-Length: 176
Content-Type: application/json; charset=utf-8
host: localhost:25986
accept: */*

Response DefaultHttpResponse(decodeResult: success, version: HTTP/1.1)
HTTP/1.1 200 OK
Content-Length: 182329
Content-Type: application/json; charset=utf-8
cache-control: no-cache

22:30:09.329 [AsyncHttpClient-1-8] DEBUG org.asynchttpclient.netty.channel.ChannelManager - Adding key: http://localhost:25986 for channel [id: 0x9bcecac8, L:/127.0.0.1:54527 - R:localhost/127.0.0.1:25986]
22:30:09.359 [Forwarding getCurrentUrl on session 93dff82af30c6a21e1f65331254841da to remote] DEBUG org.asynchttpclient.netty.request.NettyRequestSender - Using pooled Channel '[id: 0x9bcecac8, L:/127.0.0.1:54527 - R:localhost/127.0.0.1:25986]' for 'GET' to 'http://localhost:25986/session/93dff82af30c6a21e1f65331254841da/url'
22:30:09.360 [Forwarding getCurrentUrl on session 93dff82af30c6a21e1f65331254841da to remote] DEBUG org.asynchttpclient.netty.request.NettyRequestSender - Using open Channel [id: 0x9bcecac8, L:/127.0.0.1:54527 - R:localhost/127.0.0.1:25986] for GET '/session/93dff82af30c6a21e1f65331254841da/url'
22:30:09.366 [AsyncHttpClient-1-8] DEBUG org.asynchttpclient.netty.handler.HttpHandler - 

Request DefaultFullHttpRequest(decodeResult: success, version: HTTP/1.1, content: EmptyByteBufBE)
GET /session/93dff82af30c6a21e1f65331254841da/url HTTP/1.1
User-Agent: selenium/4.8.1 (java windows)
Cache-Control: no-cache
Content-Type: application/json; charset=utf-8
host: localhost:25986
accept: */*

Response DefaultHttpResponse(decodeResult: success, version: HTTP/1.1)
HTTP/1.1 200 OK
Content-Length: 36
Content-Type: application/json; charset=utf-8
cache-control: no-cache

22:30:09.366 [AsyncHttpClient-1-8] DEBUG org.asynchttpclient.netty.channel.ChannelManager - Adding key: http://localhost:25986 for channel [id: 0x9bcecac8, L:/127.0.0.1:54527 - R:localhost/127.0.0.1:25986]
22:30:09.370 [main] DEBUG net.thucydides.core.steps.StepInterceptor - STARTING STEP: PaymentMethodSteps.onTheListrikPLNPage - clickLoginButton
22:30:09.374 [Forwarding findElement on session 93dff82af30c6a21e1f65331254841da to remote] DEBUG org.asynchttpclient.netty.request.NettyRequestSender - Using pooled Channel '[id: 0x9bcecac8, L:/127.0.0.1:54527 - R:localhost/127.0.0.1:25986]' for 'POST' to 'http://localhost:25986/session/93dff82af30c6a21e1f65331254841da/element'
22:30:09.375 [Forwarding findElement on session 93dff82af30c6a21e1f65331254841da to remote] DEBUG org.asynchttpclient.netty.request.NettyRequestSender - Using open Channel [id: 0x9bcecac8, L:/127.0.0.1:54527 - R:localhost/127.0.0.1:25986] for POST '/session/93dff82af30c6a21e1f65331254841da/element'
22:30:09.396 [AsyncHttpClient-1-8] DEBUG org.asynchttpclient.netty.handler.HttpHandler - 

Request DefaultHttpRequest(decodeResult: success, version: HTTP/1.1)
POST /session/93dff82af30c6a21e1f65331254841da/element HTTP/1.1
User-Agent: selenium/4.8.1 (java windows)
Content-Length: 62
Content-Type: application/json; charset=utf-8
host: localhost:25986
accept: */*

Response DefaultHttpResponse(decodeResult: success, version: HTTP/1.1)
HTTP/1.1 200 OK
Content-Length: 88
Content-Type: application/json; charset=utf-8
cache-control: no-cache

22:30:09.396 [AsyncHttpClient-1-8] DEBUG org.asynchttpclient.netty.channel.ChannelManager - Adding key: http://localhost:25986 for channel [id: 0x9bcecac8, L:/127.0.0.1:54527 - R:localhost/127.0.0.1:25986]
22:30:09.398 [Forwarding getElementTagName on session 93dff82af30c6a21e1f65331254841da to remote] DEBUG org.asynchttpclient.netty.request.NettyRequestSender - Using pooled Channel '[id: 0x9bcecac8, L:/127.0.0.1:54527 - R:localhost/127.0.0.1:25986]' for 'GET' to 'http://localhost:25986/session/93dff82af30c6a21e1f65331254841da/element/f9e46266-c245-4302-9f03-9f5529dcbf0a/name'
22:30:09.398 [Forwarding getElementTagName on session 93dff82af30c6a21e1f65331254841da to remote] DEBUG org.asynchttpclient.netty.request.NettyRequestSender - Using open Channel [id: 0x9bcecac8, L:/127.0.0.1:54527 - R:localhost/127.0.0.1:25986] for GET '/session/93dff82af30c6a21e1f65331254841da/element/f9e46266-c245-4302-9f03-9f5529dcbf0a/name'
22:30:09.405 [AsyncHttpClient-1-8] DEBUG org.asynchttpclient.netty.handler.HttpHandler - 

Request DefaultFullHttpRequest(decodeResult: success, version: HTTP/1.1, content: EmptyByteBufBE)
GET /session/93dff82af30c6a21e1f65331254841da/element/f9e46266-c245-4302-9f03-9f5529dcbf0a/name HTTP/1.1
User-Agent: selenium/4.8.1 (java windows)
Cache-Control: no-cache
Content-Type: application/json; charset=utf-8
host: localhost:25986
accept: */*

Response DefaultHttpResponse(decodeResult: success, version: HTTP/1.1)
HTTP/1.1 200 OK
Content-Length: 16
Content-Type: application/json; charset=utf-8
cache-control: no-cache

22:30:09.405 [AsyncHttpClient-1-8] DEBUG org.asynchttpclient.netty.channel.ChannelManager - Adding key: http://localhost:25986 for channel [id: 0x9bcecac8, L:/127.0.0.1:54527 - R:localhost/127.0.0.1:25986]
22:30:09.407 [Forwarding getElementTagName on session 93dff82af30c6a21e1f65331254841da to remote] DEBUG org.asynchttpclient.netty.request.NettyRequestSender - Using pooled Channel '[id: 0x9bcecac8, L:/127.0.0.1:54527 - R:localhost/127.0.0.1:25986]' for 'GET' to 'http://localhost:25986/session/93dff82af30c6a21e1f65331254841da/element/f9e46266-c245-4302-9f03-9f5529dcbf0a/name'
22:30:09.407 [Forwarding getElementTagName on session 93dff82af30c6a21e1f65331254841da to remote] DEBUG org.asynchttpclient.netty.request.NettyRequestSender - Using open Channel [id: 0x9bcecac8, L:/127.0.0.1:54527 - R:localhost/127.0.0.1:25986] for GET '/session/93dff82af30c6a21e1f65331254841da/element/f9e46266-c245-4302-9f03-9f5529dcbf0a/name'
22:30:09.412 [AsyncHttpClient-1-8] DEBUG org.asynchttpclient.netty.handler.HttpHandler - 

Request DefaultFullHttpRequest(decodeResult: success, version: HTTP/1.1, content: EmptyByteBufBE)
GET /session/93dff82af30c6a21e1f65331254841da/element/f9e46266-c245-4302-9f03-9f5529dcbf0a/name HTTP/1.1
User-Agent: selenium/4.8.1 (java windows)
Cache-Control: no-cache
Content-Type: application/json; charset=utf-8
host: localhost:25986
accept: */*

Response DefaultHttpResponse(decodeResult: success, version: HTTP/1.1)
HTTP/1.1 200 OK
Content-Length: 16
Content-Type: application/json; charset=utf-8
cache-control: no-cache

22:30:09.412 [AsyncHttpClient-1-8] DEBUG org.asynchttpclient.netty.channel.ChannelManager - Adding key: http://localhost:25986 for channel [id: 0x9bcecac8, L:/127.0.0.1:54527 - R:localhost/127.0.0.1:25986]
22:30:09.415 [Forwarding findElement on session 93dff82af30c6a21e1f65331254841da to remote] DEBUG org.asynchttpclient.netty.request.NettyRequestSender - Using pooled Channel '[id: 0x9bcecac8, L:/127.0.0.1:54527 - R:localhost/127.0.0.1:25986]' for 'POST' to 'http://localhost:25986/session/93dff82af30c6a21e1f65331254841da/element'
22:30:09.415 [Forwarding findElement on session 93dff82af30c6a21e1f65331254841da to remote] DEBUG org.asynchttpclient.netty.request.NettyRequestSender - Using open Channel [id: 0x9bcecac8, L:/127.0.0.1:54527 - R:localhost/127.0.0.1:25986] for POST '/session/93dff82af30c6a21e1f65331254841da/element'
22:30:09.426 [AsyncHttpClient-1-8] DEBUG org.asynchttpclient.netty.handler.HttpHandler - 

Request DefaultHttpRequest(decodeResult: success, version: HTTP/1.1)
POST /session/93dff82af30c6a21e1f65331254841da/element HTTP/1.1
User-Agent: selenium/4.8.1 (java windows)
Content-Length: 62
Content-Type: application/json; charset=utf-8
host: localhost:25986
accept: */*

Response DefaultHttpResponse(decodeResult: success, version: HTTP/1.1)
HTTP/1.1 200 OK
Content-Length: 88
Content-Type: application/json; charset=utf-8
cache-control: no-cache

22:30:09.426 [AsyncHttpClient-1-8] DEBUG org.asynchttpclient.netty.channel.ChannelManager - Adding key: http://localhost:25986 for channel [id: 0x9bcecac8, L:/127.0.0.1:54527 - R:localhost/127.0.0.1:25986]
22:30:09.428 [Forwarding clickElement on session 93dff82af30c6a21e1f65331254841da to remote] DEBUG org.asynchttpclient.netty.request.NettyRequestSender - Using pooled Channel '[id: 0x9bcecac8, L:/127.0.0.1:54527 - R:localhost/127.0.0.1:25986]' for 'POST' to 'http://localhost:25986/session/93dff82af30c6a21e1f65331254841da/element/f9e46266-c245-4302-9f03-9f5529dcbf0a/click'
22:30:09.428 [Forwarding clickElement on session 93dff82af30c6a21e1f65331254841da to remote] DEBUG org.asynchttpclient.netty.request.NettyRequestSender - Using open Channel [id: 0x9bcecac8, L:/127.0.0.1:54527 - R:localhost/127.0.0.1:25986] for POST '/session/93dff82af30c6a21e1f65331254841da/element/f9e46266-c245-4302-9f03-9f5529dcbf0a/click'
22:30:09.880 [AsyncHttpClient-1-1] DEBUG org.asynchttpclient.netty.channel.DefaultChannelPool - Entry count for : http://localhost:54528 : 1
22:30:10.492 [AsyncHttpClient-1-8] DEBUG org.asynchttpclient.netty.handler.HttpHandler - 

Request DefaultHttpRequest(decodeResult: success, version: HTTP/1.1)
POST /session/93dff82af30c6a21e1f65331254841da/element/f9e46266-c245-4302-9f03-9f5529dcbf0a/click HTTP/1.1
User-Agent: selenium/4.8.1 (java windows)
Content-Length: 50
Content-Type: application/json; charset=utf-8
host: localhost:25986
accept: */*

Response DefaultHttpResponse(decodeResult: success, version: HTTP/1.1)
HTTP/1.1 400 Bad Request
Content-Length: 1188
Content-Type: application/json; charset=utf-8
cache-control: no-cache

22:30:10.493 [AsyncHttpClient-1-8] DEBUG org.asynchttpclient.netty.channel.ChannelManager - Adding key: http://localhost:25986 for channel [id: 0x9bcecac8, L:/127.0.0.1:54527 - R:localhost/127.0.0.1:25986]
22:30:10.760 [Forwarding clickElement on session 93dff82af30c6a21e1f65331254841da to remote] DEBUG org.asynchttpclient.netty.request.NettyRequestSender - Using pooled Channel '[id: 0x9bcecac8, L:/127.0.0.1:54527 - R:localhost/127.0.0.1:25986]' for 'POST' to 'http://localhost:25986/session/93dff82af30c6a21e1f65331254841da/element/f9e46266-c245-4302-9f03-9f5529dcbf0a/click'
22:30:10.760 [Forwarding clickElement on session 93dff82af30c6a21e1f65331254841da to remote] DEBUG org.asynchttpclient.netty.request.NettyRequestSender - Using open Channel [id: 0x9bcecac8, L:/127.0.0.1:54527 - R:localhost/127.0.0.1:25986] for POST '/session/93dff82af30c6a21e1f65331254841da/element/f9e46266-c245-4302-9f03-9f5529dcbf0a/click'
22:30:10.849 [AsyncHttpClient-1-8] DEBUG org.asynchttpclient.netty.handler.HttpHandler - 

Request DefaultHttpRequest(decodeResult: success, version: HTTP/1.1)
POST /session/93dff82af30c6a21e1f65331254841da/element/f9e46266-c245-4302-9f03-9f5529dcbf0a/click HTTP/1.1
User-Agent: selenium/4.8.1 (java windows)
Content-Length: 50
Content-Type: application/json; charset=utf-8
host: localhost:25986
accept: */*

Response DefaultHttpResponse(decodeResult: success, version: HTTP/1.1)
HTTP/1.1 200 OK
Content-Length: 14
Content-Type: application/json; charset=utf-8
cache-control: no-cache

22:30:10.849 [AsyncHttpClient-1-8] DEBUG org.asynchttpclient.netty.channel.ChannelManager - Adding key: http://localhost:25986 for channel [id: 0x9bcecac8, L:/127.0.0.1:54527 - R:localhost/127.0.0.1:25986]
22:30:10.868 [Forwarding getAlertText on session 93dff82af30c6a21e1f65331254841da to remote] DEBUG org.asynchttpclient.netty.request.NettyRequestSender - Using pooled Channel '[id: 0x9bcecac8, L:/127.0.0.1:54527 - R:localhost/127.0.0.1:25986]' for 'GET' to 'http://localhost:25986/session/93dff82af30c6a21e1f65331254841da/alert/text'
22:30:10.868 [Forwarding getAlertText on session 93dff82af30c6a21e1f65331254841da to remote] DEBUG org.asynchttpclient.netty.request.NettyRequestSender - Using open Channel [id: 0x9bcecac8, L:/127.0.0.1:54527 - R:localhost/127.0.0.1:25986] for GET '/session/93dff82af30c6a21e1f65331254841da/alert/text'
22:30:10.951 [AsyncHttpClient-1-8] DEBUG org.asynchttpclient.netty.handler.HttpHandler - 

Request DefaultFullHttpRequest(decodeResult: success, version: HTTP/1.1, content: EmptyByteBufBE)
GET /session/93dff82af30c6a21e1f65331254841da/alert/text HTTP/1.1
User-Agent: selenium/4.8.1 (java windows)
Cache-Control: no-cache
Content-Type: application/json; charset=utf-8
host: localhost:25986
accept: */*

Response DefaultHttpResponse(decodeResult: success, version: HTTP/1.1)
HTTP/1.1 404 Not Found
Content-Length: 835
Content-Type: application/json; charset=utf-8
cache-control: no-cache

22:30:10.952 [AsyncHttpClient-1-8] DEBUG org.asynchttpclient.netty.channel.ChannelManager - Adding key: http://localhost:25986 for channel [id: 0x9bcecac8, L:/127.0.0.1:54527 - R:localhost/127.0.0.1:25986]
22:30:10.959 [Forwarding getCurrentUrl on session 93dff82af30c6a21e1f65331254841da to remote] DEBUG org.asynchttpclient.netty.request.NettyRequestSender - Using pooled Channel '[id: 0x9bcecac8, L:/127.0.0.1:54527 - R:localhost/127.0.0.1:25986]' for 'GET' to 'http://localhost:25986/session/93dff82af30c6a21e1f65331254841da/url'
22:30:10.959 [Forwarding getCurrentUrl on session 93dff82af30c6a21e1f65331254841da to remote] DEBUG org.asynchttpclient.netty.request.NettyRequestSender - Using open Channel [id: 0x9bcecac8, L:/127.0.0.1:54527 - R:localhost/127.0.0.1:25986] for GET '/session/93dff82af30c6a21e1f65331254841da/url'
22:30:10.969 [AsyncHttpClient-1-8] DEBUG org.asynchttpclient.netty.handler.HttpHandler - 

Request DefaultFullHttpRequest(decodeResult: success, version: HTTP/1.1, content: EmptyByteBufBE)
GET /session/93dff82af30c6a21e1f65331254841da/url HTTP/1.1
User-Agent: selenium/4.8.1 (java windows)
Cache-Control: no-cache
Content-Type: application/json; charset=utf-8
host: localhost:25986
accept: */*

Response DefaultHttpResponse(decodeResult: success, version: HTTP/1.1)
HTTP/1.1 200 OK
Content-Length: 42
Content-Type: application/json; charset=utf-8
cache-control: no-cache

22:30:10.969 [AsyncHttpClient-1-8] DEBUG org.asynchttpclient.netty.channel.ChannelManager - Adding key: http://localhost:25986 for channel [id: 0x9bcecac8, L:/127.0.0.1:54527 - R:localhost/127.0.0.1:25986]
22:30:10.971 [Forwarding screenshot on session 93dff82af30c6a21e1f65331254841da to remote] DEBUG org.asynchttpclient.netty.request.NettyRequestSender - Using pooled Channel '[id: 0x9bcecac8, L:/127.0.0.1:54527 - R:localhost/127.0.0.1:25986]' for 'GET' to 'http://localhost:25986/session/93dff82af30c6a21e1f65331254841da/screenshot'
22:30:10.971 [Forwarding screenshot on session 93dff82af30c6a21e1f65331254841da to remote] DEBUG org.asynchttpclient.netty.request.NettyRequestSender - Using open Channel [id: 0x9bcecac8, L:/127.0.0.1:54527 - R:localhost/127.0.0.1:25986] for GET '/session/93dff82af30c6a21e1f65331254841da/screenshot'
22:30:10.979 [AsyncHttpClient-1-1] DEBUG org.asynchttpclient.netty.channel.DefaultChannelPool - Entry count for : http://localhost:54528 : 1
22:30:11.483 [AsyncHttpClient-1-8] DEBUG org.asynchttpclient.netty.handler.HttpHandler - 

Request DefaultFullHttpRequest(decodeResult: success, version: HTTP/1.1, content: EmptyByteBufBE)
GET /session/93dff82af30c6a21e1f65331254841da/screenshot HTTP/1.1
User-Agent: selenium/4.8.1 (java windows)
Cache-Control: no-cache
Content-Type: application/json; charset=utf-8
host: localhost:25986
accept: */*

Response DefaultHttpResponse(decodeResult: success, version: HTTP/1.1)
HTTP/1.1 200 OK
Content-Length: 255864
Content-Type: application/json; charset=utf-8
cache-control: no-cache

22:30:11.484 [AsyncHttpClient-1-8] DEBUG org.asynchttpclient.netty.channel.ChannelManager - Adding key: http://localhost:25986 for channel [id: 0x9bcecac8, L:/127.0.0.1:54527 - R:localhost/127.0.0.1:25986]
22:30:11.496 [main] DEBUG net.serenitybdd.core.photography.Darkroom - Send negative for processing for target\site\serenity\385bcadc27da1b2c4766a46f92f1b5bdc4e85f5718254a7d06d292689290915e.png
22:30:11.496 [main] DEBUG net.thucydides.core.steps.StepInterceptor - STEP DONE: clickLoginButton
22:30:11.509 [Forwarding getPageSource on session 93dff82af30c6a21e1f65331254841da to remote] DEBUG org.asynchttpclient.netty.request.NettyRequestSender - Using pooled Channel '[id: 0x9bcecac8, L:/127.0.0.1:54527 - R:localhost/127.0.0.1:25986]' for 'POST' to 'http://localhost:25986/session/93dff82af30c6a21e1f65331254841da/execute/sync'
22:30:11.510 [Forwarding getPageSource on session 93dff82af30c6a21e1f65331254841da to remote] DEBUG org.asynchttpclient.netty.request.NettyRequestSender - Using open Channel [id: 0x9bcecac8, L:/127.0.0.1:54527 - R:localhost/127.0.0.1:25986] for POST '/session/93dff82af30c6a21e1f65331254841da/execute/sync'
22:30:11.528 [AsyncHttpClient-1-8] DEBUG org.asynchttpclient.netty.handler.HttpHandler - 

Request DefaultHttpRequest(decodeResult: success, version: HTTP/1.1)
POST /session/93dff82af30c6a21e1f65331254841da/execute/sync HTTP/1.1
User-Agent: selenium/4.8.1 (java windows)
Content-Length: 176
Content-Type: application/json; charset=utf-8
host: localhost:25986
accept: */*

Response DefaultHttpResponse(decodeResult: success, version: HTTP/1.1)
HTTP/1.1 200 OK
Content-Length: 97237
Content-Type: application/json; charset=utf-8
cache-control: no-cache

22:30:11.528 [AsyncHttpClient-1-8] DEBUG org.asynchttpclient.netty.channel.ChannelManager - Adding key: http://localhost:25986 for channel [id: 0x9bcecac8, L:/127.0.0.1:54527 - R:localhost/127.0.0.1:25986]
22:30:11.539 [Forwarding getCurrentUrl on session 93dff82af30c6a21e1f65331254841da to remote] DEBUG org.asynchttpclient.netty.request.NettyRequestSender - Using pooled Channel '[id: 0x9bcecac8, L:/127.0.0.1:54527 - R:localhost/127.0.0.1:25986]' for 'GET' to 'http://localhost:25986/session/93dff82af30c6a21e1f65331254841da/url'
22:30:11.539 [Forwarding getCurrentUrl on session 93dff82af30c6a21e1f65331254841da to remote] DEBUG org.asynchttpclient.netty.request.NettyRequestSender - Using open Channel [id: 0x9bcecac8, L:/127.0.0.1:54527 - R:localhost/127.0.0.1:25986] for GET '/session/93dff82af30c6a21e1f65331254841da/url'
22:30:11.547 [AsyncHttpClient-1-8] DEBUG org.asynchttpclient.netty.handler.HttpHandler - 

Request DefaultFullHttpRequest(decodeResult: success, version: HTTP/1.1, content: EmptyByteBufBE)
GET /session/93dff82af30c6a21e1f65331254841da/url HTTP/1.1
User-Agent: selenium/4.8.1 (java windows)
Cache-Control: no-cache
Content-Type: application/json; charset=utf-8
host: localhost:25986
accept: */*

Response DefaultHttpResponse(decodeResult: success, version: HTTP/1.1)
HTTP/1.1 200 OK
Content-Length: 42
Content-Type: application/json; charset=utf-8
cache-control: no-cache

22:30:11.547 [AsyncHttpClient-1-8] DEBUG org.asynchttpclient.netty.channel.ChannelManager - Adding key: http://localhost:25986 for channel [id: 0x9bcecac8, L:/127.0.0.1:54527 - R:localhost/127.0.0.1:25986]
22:30:11.553 [main] DEBUG net.thucydides.core.steps.StepInterceptor - STARTING STEP: PaymentMethodSteps.onTheListrikPLNPage - inputEmail
22:30:11.559 [Forwarding findElement on session 93dff82af30c6a21e1f65331254841da to remote] DEBUG org.asynchttpclient.netty.request.NettyRequestSender - Using pooled Channel '[id: 0x9bcecac8, L:/127.0.0.1:54527 - R:localhost/127.0.0.1:25986]' for 'POST' to 'http://localhost:25986/session/93dff82af30c6a21e1f65331254841da/element'
22:30:11.559 [Forwarding findElement on session 93dff82af30c6a21e1f65331254841da to remote] DEBUG org.asynchttpclient.netty.request.NettyRequestSender - Using open Channel [id: 0x9bcecac8, L:/127.0.0.1:54527 - R:localhost/127.0.0.1:25986] for POST '/session/93dff82af30c6a21e1f65331254841da/element'
22:30:11.578 [AsyncHttpClient-1-8] DEBUG org.asynchttpclient.netty.handler.HttpHandler - 

Request DefaultHttpRequest(decodeResult: success, version: HTTP/1.1)
POST /session/93dff82af30c6a21e1f65331254841da/element HTTP/1.1
User-Agent: selenium/4.8.1 (java windows)
Content-Length: 50
Content-Type: application/json; charset=utf-8
host: localhost:25986
accept: */*

Response DefaultHttpResponse(decodeResult: success, version: HTTP/1.1)
HTTP/1.1 200 OK
Content-Length: 88
Content-Type: application/json; charset=utf-8
cache-control: no-cache

22:30:11.578 [AsyncHttpClient-1-8] DEBUG org.asynchttpclient.netty.channel.ChannelManager - Adding key: http://localhost:25986 for channel [id: 0x9bcecac8, L:/127.0.0.1:54527 - R:localhost/127.0.0.1:25986]
22:30:11.580 [Forwarding clearElement on session 93dff82af30c6a21e1f65331254841da to remote] DEBUG org.asynchttpclient.netty.request.NettyRequestSender - Using pooled Channel '[id: 0x9bcecac8, L:/127.0.0.1:54527 - R:localhost/127.0.0.1:25986]' for 'POST' to 'http://localhost:25986/session/93dff82af30c6a21e1f65331254841da/element/074c8c76-34e5-4141-931c-9d8538b7abb1/clear'
22:30:11.581 [Forwarding clearElement on session 93dff82af30c6a21e1f65331254841da to remote] DEBUG org.asynchttpclient.netty.request.NettyRequestSender - Using open Channel [id: 0x9bcecac8, L:/127.0.0.1:54527 - R:localhost/127.0.0.1:25986] for POST '/session/93dff82af30c6a21e1f65331254841da/element/074c8c76-34e5-4141-931c-9d8538b7abb1/clear'
22:30:11.642 [AsyncHttpClient-1-8] DEBUG org.asynchttpclient.netty.handler.HttpHandler - 

Request DefaultHttpRequest(decodeResult: success, version: HTTP/1.1)
POST /session/93dff82af30c6a21e1f65331254841da/element/074c8c76-34e5-4141-931c-9d8538b7abb1/clear HTTP/1.1
User-Agent: selenium/4.8.1 (java windows)
Content-Length: 50
Content-Type: application/json; charset=utf-8
host: localhost:25986
accept: */*

Response DefaultHttpResponse(decodeResult: success, version: HTTP/1.1)
HTTP/1.1 200 OK
Content-Length: 14
Content-Type: application/json; charset=utf-8
cache-control: no-cache

22:30:11.642 [AsyncHttpClient-1-8] DEBUG org.asynchttpclient.netty.channel.ChannelManager - Adding key: http://localhost:25986 for channel [id: 0x9bcecac8, L:/127.0.0.1:54527 - R:localhost/127.0.0.1:25986]
22:30:11.647 [Forwarding sendKeysToElement on session 93dff82af30c6a21e1f65331254841da to remote] DEBUG org.asynchttpclient.netty.request.NettyRequestSender - Using pooled Channel '[id: 0x9bcecac8, L:/127.0.0.1:54527 - R:localhost/127.0.0.1:25986]' for 'POST' to 'http://localhost:25986/session/93dff82af30c6a21e1f65331254841da/element/074c8c76-34e5-4141-931c-9d8538b7abb1/value'
22:30:11.647 [Forwarding sendKeysToElement on session 93dff82af30c6a21e1f65331254841da to remote] DEBUG org.asynchttpclient.netty.request.NettyRequestSender - Using open Channel [id: 0x9bcecac8, L:/127.0.0.1:54527 - R:localhost/127.0.0.1:25986] for POST '/session/93dff82af30c6a21e1f65331254841da/element/074c8c76-34e5-4141-931c-9d8538b7abb1/value'
22:30:11.934 [AsyncHttpClient-1-8] DEBUG org.asynchttpclient.netty.handler.HttpHandler - 

Request DefaultHttpRequest(decodeResult: success, version: HTTP/1.1)
POST /session/93dff82af30c6a21e1f65331254841da/element/074c8c76-34e5-4141-931c-9d8538b7abb1/value HTTP/1.1
User-Agent: selenium/4.8.1 (java windows)
Content-Length: 341
Content-Type: application/json; charset=utf-8
host: localhost:25986
accept: */*

Response DefaultHttpResponse(decodeResult: success, version: HTTP/1.1)
HTTP/1.1 200 OK
Content-Length: 14
Content-Type: application/json; charset=utf-8
cache-control: no-cache

22:30:11.934 [AsyncHttpClient-1-8] DEBUG org.asynchttpclient.netty.channel.ChannelManager - Adding key: http://localhost:25986 for channel [id: 0x9bcecac8, L:/127.0.0.1:54527 - R:localhost/127.0.0.1:25986]
22:30:11.944 [Forwarding getAlertText on session 93dff82af30c6a21e1f65331254841da to remote] DEBUG org.asynchttpclient.netty.request.NettyRequestSender - Using pooled Channel '[id: 0x9bcecac8, L:/127.0.0.1:54527 - R:localhost/127.0.0.1:25986]' for 'GET' to 'http://localhost:25986/session/93dff82af30c6a21e1f65331254841da/alert/text'
22:30:11.944 [Forwarding getAlertText on session 93dff82af30c6a21e1f65331254841da to remote] DEBUG org.asynchttpclient.netty.request.NettyRequestSender - Using open Channel [id: 0x9bcecac8, L:/127.0.0.1:54527 - R:localhost/127.0.0.1:25986] for GET '/session/93dff82af30c6a21e1f65331254841da/alert/text'
22:30:11.948 [AsyncHttpClient-1-8] DEBUG org.asynchttpclient.netty.handler.HttpHandler - 

Request DefaultFullHttpRequest(decodeResult: success, version: HTTP/1.1, content: EmptyByteBufBE)
GET /session/93dff82af30c6a21e1f65331254841da/alert/text HTTP/1.1
User-Agent: selenium/4.8.1 (java windows)
Cache-Control: no-cache
Content-Type: application/json; charset=utf-8
host: localhost:25986
accept: */*

Response DefaultHttpResponse(decodeResult: success, version: HTTP/1.1)
HTTP/1.1 404 Not Found
Content-Length: 835
Content-Type: application/json; charset=utf-8
cache-control: no-cache

22:30:11.948 [AsyncHttpClient-1-8] DEBUG org.asynchttpclient.netty.channel.ChannelManager - Adding key: http://localhost:25986 for channel [id: 0x9bcecac8, L:/127.0.0.1:54527 - R:localhost/127.0.0.1:25986]
22:30:11.950 [Forwarding getCurrentUrl on session 93dff82af30c6a21e1f65331254841da to remote] DEBUG org.asynchttpclient.netty.request.NettyRequestSender - Using pooled Channel '[id: 0x9bcecac8, L:/127.0.0.1:54527 - R:localhost/127.0.0.1:25986]' for 'GET' to 'http://localhost:25986/session/93dff82af30c6a21e1f65331254841da/url'
22:30:11.950 [Forwarding getCurrentUrl on session 93dff82af30c6a21e1f65331254841da to remote] DEBUG org.asynchttpclient.netty.request.NettyRequestSender - Using open Channel [id: 0x9bcecac8, L:/127.0.0.1:54527 - R:localhost/127.0.0.1:25986] for GET '/session/93dff82af30c6a21e1f65331254841da/url'
22:30:11.956 [AsyncHttpClient-1-8] DEBUG org.asynchttpclient.netty.handler.HttpHandler - 

Request DefaultFullHttpRequest(decodeResult: success, version: HTTP/1.1, content: EmptyByteBufBE)
GET /session/93dff82af30c6a21e1f65331254841da/url HTTP/1.1
User-Agent: selenium/4.8.1 (java windows)
Cache-Control: no-cache
Content-Type: application/json; charset=utf-8
host: localhost:25986
accept: */*

Response DefaultHttpResponse(decodeResult: success, version: HTTP/1.1)
HTTP/1.1 200 OK
Content-Length: 42
Content-Type: application/json; charset=utf-8
cache-control: no-cache

22:30:11.956 [AsyncHttpClient-1-8] DEBUG org.asynchttpclient.netty.channel.ChannelManager - Adding key: http://localhost:25986 for channel [id: 0x9bcecac8, L:/127.0.0.1:54527 - R:localhost/127.0.0.1:25986]
22:30:11.958 [Forwarding screenshot on session 93dff82af30c6a21e1f65331254841da to remote] DEBUG org.asynchttpclient.netty.request.NettyRequestSender - Using pooled Channel '[id: 0x9bcecac8, L:/127.0.0.1:54527 - R:localhost/127.0.0.1:25986]' for 'GET' to 'http://localhost:25986/session/93dff82af30c6a21e1f65331254841da/screenshot'
22:30:11.958 [Forwarding screenshot on session 93dff82af30c6a21e1f65331254841da to remote] DEBUG org.asynchttpclient.netty.request.NettyRequestSender - Using open Channel [id: 0x9bcecac8, L:/127.0.0.1:54527 - R:localhost/127.0.0.1:25986] for GET '/session/93dff82af30c6a21e1f65331254841da/screenshot'
22:30:12.081 [AsyncHttpClient-1-1] DEBUG org.asynchttpclient.netty.channel.DefaultChannelPool - Entry count for : http://localhost:54528 : 1
22:30:12.249 [AsyncHttpClient-1-8] DEBUG org.asynchttpclient.netty.handler.HttpHandler - 

Request DefaultFullHttpRequest(decodeResult: success, version: HTTP/1.1, content: EmptyByteBufBE)
GET /session/93dff82af30c6a21e1f65331254841da/screenshot HTTP/1.1
User-Agent: selenium/4.8.1 (java windows)
Cache-Control: no-cache
Content-Type: application/json; charset=utf-8
host: localhost:25986
accept: */*

Response DefaultHttpResponse(decodeResult: success, version: HTTP/1.1)
HTTP/1.1 200 OK
Content-Length: 259580
Content-Type: application/json; charset=utf-8
cache-control: no-cache

22:30:12.250 [AsyncHttpClient-1-8] DEBUG org.asynchttpclient.netty.channel.ChannelManager - Adding key: http://localhost:25986 for channel [id: 0x9bcecac8, L:/127.0.0.1:54527 - R:localhost/127.0.0.1:25986]
22:30:12.260 [main] DEBUG net.serenitybdd.core.photography.Darkroom - Send negative for processing for target\site\serenity\980a84b8f729bb054cc984719a879888ad6da615e8e693fa5e7e7dc334c7292c.png
22:30:12.261 [main] DEBUG net.thucydides.core.steps.StepInterceptor - STEP DONE: inputEmail
22:30:12.261 [Darkroom Processing Line] DEBUG net.serenitybdd.core.photography.DarkroomProcessingLine - Processing screenshot image in /var/screenshots/screenshot-16692606202564091794
22:30:12.261 [Darkroom Processing Line] DEBUG net.serenitybdd.core.photography.DarkroomProcessingLine - Saving screenshot to target\site\serenity\980a84b8f729bb054cc984719a879888ad6da615e8e693fa5e7e7dc334c7292c.png
22:30:12.274 [Forwarding getPageSource on session 93dff82af30c6a21e1f65331254841da to remote] DEBUG org.asynchttpclient.netty.request.NettyRequestSender - Using pooled Channel '[id: 0x9bcecac8, L:/127.0.0.1:54527 - R:localhost/127.0.0.1:25986]' for 'POST' to 'http://localhost:25986/session/93dff82af30c6a21e1f65331254841da/execute/sync'
22:30:12.274 [Forwarding getPageSource on session 93dff82af30c6a21e1f65331254841da to remote] DEBUG org.asynchttpclient.netty.request.NettyRequestSender - Using open Channel [id: 0x9bcecac8, L:/127.0.0.1:54527 - R:localhost/127.0.0.1:25986] for POST '/session/93dff82af30c6a21e1f65331254841da/execute/sync'
22:30:12.292 [AsyncHttpClient-1-8] DEBUG org.asynchttpclient.netty.handler.HttpHandler - 

Request DefaultHttpRequest(decodeResult: success, version: HTTP/1.1)
POST /session/93dff82af30c6a21e1f65331254841da/execute/sync HTTP/1.1
User-Agent: selenium/4.8.1 (java windows)
Content-Length: 176
Content-Type: application/json; charset=utf-8
host: localhost:25986
accept: */*

Response DefaultHttpResponse(decodeResult: success, version: HTTP/1.1)
HTTP/1.1 200 OK
Content-Length: 97287
Content-Type: application/json; charset=utf-8
cache-control: no-cache

22:30:12.293 [AsyncHttpClient-1-8] DEBUG org.asynchttpclient.netty.channel.ChannelManager - Adding key: http://localhost:25986 for channel [id: 0x9bcecac8, L:/127.0.0.1:54527 - R:localhost/127.0.0.1:25986]
22:30:12.303 [Forwarding getCurrentUrl on session 93dff82af30c6a21e1f65331254841da to remote] DEBUG org.asynchttpclient.netty.request.NettyRequestSender - Using pooled Channel '[id: 0x9bcecac8, L:/127.0.0.1:54527 - R:localhost/127.0.0.1:25986]' for 'GET' to 'http://localhost:25986/session/93dff82af30c6a21e1f65331254841da/url'
22:30:12.303 [Forwarding getCurrentUrl on session 93dff82af30c6a21e1f65331254841da to remote] DEBUG org.asynchttpclient.netty.request.NettyRequestSender - Using open Channel [id: 0x9bcecac8, L:/127.0.0.1:54527 - R:localhost/127.0.0.1:25986] for GET '/session/93dff82af30c6a21e1f65331254841da/url'
22:30:12.310 [AsyncHttpClient-1-8] DEBUG org.asynchttpclient.netty.handler.HttpHandler - 

Request DefaultFullHttpRequest(decodeResult: success, version: HTTP/1.1, content: EmptyByteBufBE)
GET /session/93dff82af30c6a21e1f65331254841da/url HTTP/1.1
User-Agent: selenium/4.8.1 (java windows)
Cache-Control: no-cache
Content-Type: application/json; charset=utf-8
host: localhost:25986
accept: */*

Response DefaultHttpResponse(decodeResult: success, version: HTTP/1.1)
HTTP/1.1 200 OK
Content-Length: 42
Content-Type: application/json; charset=utf-8
cache-control: no-cache

22:30:12.310 [AsyncHttpClient-1-8] DEBUG org.asynchttpclient.netty.channel.ChannelManager - Adding key: http://localhost:25986 for channel [id: 0x9bcecac8, L:/127.0.0.1:54527 - R:localhost/127.0.0.1:25986]
22:30:12.314 [main] DEBUG net.thucydides.core.steps.StepInterceptor - STARTING STEP: PaymentMethodSteps.onTheListrikPLNPage - inputPassword
22:30:12.318 [Forwarding findElement on session 93dff82af30c6a21e1f65331254841da to remote] DEBUG org.asynchttpclient.netty.request.NettyRequestSender - Using pooled Channel '[id: 0x9bcecac8, L:/127.0.0.1:54527 - R:localhost/127.0.0.1:25986]' for 'POST' to 'http://localhost:25986/session/93dff82af30c6a21e1f65331254841da/element'
22:30:12.318 [Forwarding findElement on session 93dff82af30c6a21e1f65331254841da to remote] DEBUG org.asynchttpclient.netty.request.NettyRequestSender - Using open Channel [id: 0x9bcecac8, L:/127.0.0.1:54527 - R:localhost/127.0.0.1:25986] for POST '/session/93dff82af30c6a21e1f65331254841da/element'
22:30:12.339 [AsyncHttpClient-1-8] DEBUG org.asynchttpclient.netty.handler.HttpHandler - 

Request DefaultHttpRequest(decodeResult: success, version: HTTP/1.1)
POST /session/93dff82af30c6a21e1f65331254841da/element HTTP/1.1
User-Agent: selenium/4.8.1 (java windows)
Content-Length: 53
Content-Type: application/json; charset=utf-8
host: localhost:25986
accept: */*

Response DefaultHttpResponse(decodeResult: success, version: HTTP/1.1)
HTTP/1.1 200 OK
Content-Length: 88
Content-Type: application/json; charset=utf-8
cache-control: no-cache

22:30:12.339 [AsyncHttpClient-1-8] DEBUG org.asynchttpclient.netty.channel.ChannelManager - Adding key: http://localhost:25986 for channel [id: 0x9bcecac8, L:/127.0.0.1:54527 - R:localhost/127.0.0.1:25986]
22:30:12.341 [Forwarding clearElement on session 93dff82af30c6a21e1f65331254841da to remote] DEBUG org.asynchttpclient.netty.request.NettyRequestSender - Using pooled Channel '[id: 0x9bcecac8, L:/127.0.0.1:54527 - R:localhost/127.0.0.1:25986]' for 'POST' to 'http://localhost:25986/session/93dff82af30c6a21e1f65331254841da/element/27b54917-bdfd-42f4-b7d4-31e0b232c20b/clear'
22:30:12.341 [Forwarding clearElement on session 93dff82af30c6a21e1f65331254841da to remote] DEBUG org.asynchttpclient.netty.request.NettyRequestSender - Using open Channel [id: 0x9bcecac8, L:/127.0.0.1:54527 - R:localhost/127.0.0.1:25986] for POST '/session/93dff82af30c6a21e1f65331254841da/element/27b54917-bdfd-42f4-b7d4-31e0b232c20b/clear'
22:30:12.400 [AsyncHttpClient-1-8] DEBUG org.asynchttpclient.netty.handler.HttpHandler - 

Request DefaultHttpRequest(decodeResult: success, version: HTTP/1.1)
POST /session/93dff82af30c6a21e1f65331254841da/element/27b54917-bdfd-42f4-b7d4-31e0b232c20b/clear HTTP/1.1
User-Agent: selenium/4.8.1 (java windows)
Content-Length: 50
Content-Type: application/json; charset=utf-8
host: localhost:25986
accept: */*

Response DefaultHttpResponse(decodeResult: success, version: HTTP/1.1)
HTTP/1.1 200 OK
Content-Length: 14
Content-Type: application/json; charset=utf-8
cache-control: no-cache

22:30:12.400 [AsyncHttpClient-1-8] DEBUG org.asynchttpclient.netty.channel.ChannelManager - Adding key: http://localhost:25986 for channel [id: 0x9bcecac8, L:/127.0.0.1:54527 - R:localhost/127.0.0.1:25986]
22:30:12.402 [Forwarding sendKeysToElement on session 93dff82af30c6a21e1f65331254841da to remote] DEBUG org.asynchttpclient.netty.request.NettyRequestSender - Using pooled Channel '[id: 0x9bcecac8, L:/127.0.0.1:54527 - R:localhost/127.0.0.1:25986]' for 'POST' to 'http://localhost:25986/session/93dff82af30c6a21e1f65331254841da/element/27b54917-bdfd-42f4-b7d4-31e0b232c20b/value'
22:30:12.402 [Forwarding sendKeysToElement on session 93dff82af30c6a21e1f65331254841da to remote] DEBUG org.asynchttpclient.netty.request.NettyRequestSender - Using open Channel [id: 0x9bcecac8, L:/127.0.0.1:54527 - R:localhost/127.0.0.1:25986] for POST '/session/93dff82af30c6a21e1f65331254841da/element/27b54917-bdfd-42f4-b7d4-31e0b232c20b/value'
22:30:12.515 [AsyncHttpClient-1-8] DEBUG org.asynchttpclient.netty.handler.HttpHandler - 

Request DefaultHttpRequest(decodeResult: success, version: HTTP/1.1)
POST /session/93dff82af30c6a21e1f65331254841da/element/27b54917-bdfd-42f4-b7d4-31e0b232c20b/value HTTP/1.1
User-Agent: selenium/4.8.1 (java windows)
Content-Length: 181
Content-Type: application/json; charset=utf-8
host: localhost:25986
accept: */*

Response DefaultHttpResponse(decodeResult: success, version: HTTP/1.1)
HTTP/1.1 200 OK
Content-Length: 14
Content-Type: application/json; charset=utf-8
cache-control: no-cache

22:30:12.516 [AsyncHttpClient-1-8] DEBUG org.asynchttpclient.netty.channel.ChannelManager - Adding key: http://localhost:25986 for channel [id: 0x9bcecac8, L:/127.0.0.1:54527 - R:localhost/127.0.0.1:25986]
22:30:12.527 [Forwarding getAlertText on session 93dff82af30c6a21e1f65331254841da to remote] DEBUG org.asynchttpclient.netty.request.NettyRequestSender - Using pooled Channel '[id: 0x9bcecac8, L:/127.0.0.1:54527 - R:localhost/127.0.0.1:25986]' for 'GET' to 'http://localhost:25986/session/93dff82af30c6a21e1f65331254841da/alert/text'
22:30:12.528 [Forwarding getAlertText on session 93dff82af30c6a21e1f65331254841da to remote] DEBUG org.asynchttpclient.netty.request.NettyRequestSender - Using open Channel [id: 0x9bcecac8, L:/127.0.0.1:54527 - R:localhost/127.0.0.1:25986] for GET '/session/93dff82af30c6a21e1f65331254841da/alert/text'
22:30:12.530 [AsyncHttpClient-1-8] DEBUG org.asynchttpclient.netty.handler.HttpHandler - 

Request DefaultFullHttpRequest(decodeResult: success, version: HTTP/1.1, content: EmptyByteBufBE)
GET /session/93dff82af30c6a21e1f65331254841da/alert/text HTTP/1.1
User-Agent: selenium/4.8.1 (java windows)
Cache-Control: no-cache
Content-Type: application/json; charset=utf-8
host: localhost:25986
accept: */*

Response DefaultHttpResponse(decodeResult: success, version: HTTP/1.1)
HTTP/1.1 404 Not Found
Content-Length: 835
Content-Type: application/json; charset=utf-8
cache-control: no-cache

22:30:12.534 [AsyncHttpClient-1-8] DEBUG org.asynchttpclient.netty.channel.ChannelManager - Adding key: http://localhost:25986 for channel [id: 0x9bcecac8, L:/127.0.0.1:54527 - R:localhost/127.0.0.1:25986]
22:30:12.536 [Forwarding getCurrentUrl on session 93dff82af30c6a21e1f65331254841da to remote] DEBUG org.asynchttpclient.netty.request.NettyRequestSender - Using pooled Channel '[id: 0x9bcecac8, L:/127.0.0.1:54527 - R:localhost/127.0.0.1:25986]' for 'GET' to 'http://localhost:25986/session/93dff82af30c6a21e1f65331254841da/url'
22:30:12.536 [Forwarding getCurrentUrl on session 93dff82af30c6a21e1f65331254841da to remote] DEBUG org.asynchttpclient.netty.request.NettyRequestSender - Using open Channel [id: 0x9bcecac8, L:/127.0.0.1:54527 - R:localhost/127.0.0.1:25986] for GET '/session/93dff82af30c6a21e1f65331254841da/url'
22:30:12.542 [AsyncHttpClient-1-8] DEBUG org.asynchttpclient.netty.handler.HttpHandler - 

Request DefaultFullHttpRequest(decodeResult: success, version: HTTP/1.1, content: EmptyByteBufBE)
GET /session/93dff82af30c6a21e1f65331254841da/url HTTP/1.1
User-Agent: selenium/4.8.1 (java windows)
Cache-Control: no-cache
Content-Type: application/json; charset=utf-8
host: localhost:25986
accept: */*

Response DefaultHttpResponse(decodeResult: success, version: HTTP/1.1)
HTTP/1.1 200 OK
Content-Length: 42
Content-Type: application/json; charset=utf-8
cache-control: no-cache

22:30:12.542 [AsyncHttpClient-1-8] DEBUG org.asynchttpclient.netty.channel.ChannelManager - Adding key: http://localhost:25986 for channel [id: 0x9bcecac8, L:/127.0.0.1:54527 - R:localhost/127.0.0.1:25986]
22:30:12.544 [Forwarding screenshot on session 93dff82af30c6a21e1f65331254841da to remote] DEBUG org.asynchttpclient.netty.request.NettyRequestSender - Using pooled Channel '[id: 0x9bcecac8, L:/127.0.0.1:54527 - R:localhost/127.0.0.1:25986]' for 'GET' to 'http://localhost:25986/session/93dff82af30c6a21e1f65331254841da/screenshot'
22:30:12.544 [Forwarding screenshot on session 93dff82af30c6a21e1f65331254841da to remote] DEBUG org.asynchttpclient.netty.request.NettyRequestSender - Using open Channel [id: 0x9bcecac8, L:/127.0.0.1:54527 - R:localhost/127.0.0.1:25986] for GET '/session/93dff82af30c6a21e1f65331254841da/screenshot'
22:30:12.852 [AsyncHttpClient-1-8] DEBUG org.asynchttpclient.netty.handler.HttpHandler - 

Request DefaultFullHttpRequest(decodeResult: success, version: HTTP/1.1, content: EmptyByteBufBE)
GET /session/93dff82af30c6a21e1f65331254841da/screenshot HTTP/1.1
User-Agent: selenium/4.8.1 (java windows)
Cache-Control: no-cache
Content-Type: application/json; charset=utf-8
host: localhost:25986
accept: */*

Response DefaultHttpResponse(decodeResult: success, version: HTTP/1.1)
HTTP/1.1 200 OK
Content-Length: 257592
Content-Type: application/json; charset=utf-8
cache-control: no-cache

22:30:12.853 [AsyncHttpClient-1-8] DEBUG org.asynchttpclient.netty.channel.ChannelManager - Adding key: http://localhost:25986 for channel [id: 0x9bcecac8, L:/127.0.0.1:54527 - R:localhost/127.0.0.1:25986]
22:30:12.862 [main] DEBUG net.serenitybdd.core.photography.Darkroom - Send negative for processing for target\site\serenity\8ee9872c522ce60334030b0b110b6e305274f0d9b02e3a0734e13cf04b1de4e7.png
22:30:12.862 [main] DEBUG net.thucydides.core.steps.StepInterceptor - STEP DONE: inputPassword
22:30:12.862 [Darkroom Processing Line] DEBUG net.serenitybdd.core.photography.DarkroomProcessingLine - Processing screenshot image in /var/screenshots/screenshot-4025523208025297225
22:30:12.862 [Darkroom Processing Line] DEBUG net.serenitybdd.core.photography.DarkroomProcessingLine - Saving screenshot to target\site\serenity\8ee9872c522ce60334030b0b110b6e305274f0d9b02e3a0734e13cf04b1de4e7.png
22:30:12.873 [Forwarding getPageSource on session 93dff82af30c6a21e1f65331254841da to remote] DEBUG org.asynchttpclient.netty.request.NettyRequestSender - Using pooled Channel '[id: 0x9bcecac8, L:/127.0.0.1:54527 - R:localhost/127.0.0.1:25986]' for 'POST' to 'http://localhost:25986/session/93dff82af30c6a21e1f65331254841da/execute/sync'
22:30:12.873 [Forwarding getPageSource on session 93dff82af30c6a21e1f65331254841da to remote] DEBUG org.asynchttpclient.netty.request.NettyRequestSender - Using open Channel [id: 0x9bcecac8, L:/127.0.0.1:54527 - R:localhost/127.0.0.1:25986] for POST '/session/93dff82af30c6a21e1f65331254841da/execute/sync'
22:30:12.890 [AsyncHttpClient-1-8] DEBUG org.asynchttpclient.netty.handler.HttpHandler - 

Request DefaultHttpRequest(decodeResult: success, version: HTTP/1.1)
POST /session/93dff82af30c6a21e1f65331254841da/execute/sync HTTP/1.1
User-Agent: selenium/4.8.1 (java windows)
Content-Length: 176
Content-Type: application/json; charset=utf-8
host: localhost:25986
accept: */*

Response DefaultHttpResponse(decodeResult: success, version: HTTP/1.1)
HTTP/1.1 200 OK
Content-Length: 97302
Content-Type: application/json; charset=utf-8
cache-control: no-cache

22:30:12.891 [AsyncHttpClient-1-8] DEBUG org.asynchttpclient.netty.channel.ChannelManager - Adding key: http://localhost:25986 for channel [id: 0x9bcecac8, L:/127.0.0.1:54527 - R:localhost/127.0.0.1:25986]
22:30:12.901 [Forwarding getCurrentUrl on session 93dff82af30c6a21e1f65331254841da to remote] DEBUG org.asynchttpclient.netty.request.NettyRequestSender - Using pooled Channel '[id: 0x9bcecac8, L:/127.0.0.1:54527 - R:localhost/127.0.0.1:25986]' for 'GET' to 'http://localhost:25986/session/93dff82af30c6a21e1f65331254841da/url'
22:30:12.902 [Forwarding getCurrentUrl on session 93dff82af30c6a21e1f65331254841da to remote] DEBUG org.asynchttpclient.netty.request.NettyRequestSender - Using open Channel [id: 0x9bcecac8, L:/127.0.0.1:54527 - R:localhost/127.0.0.1:25986] for GET '/session/93dff82af30c6a21e1f65331254841da/url'
22:30:12.907 [AsyncHttpClient-1-8] DEBUG org.asynchttpclient.netty.handler.HttpHandler - 

Request DefaultFullHttpRequest(decodeResult: success, version: HTTP/1.1, content: EmptyByteBufBE)
GET /session/93dff82af30c6a21e1f65331254841da/url HTTP/1.1
User-Agent: selenium/4.8.1 (java windows)
Cache-Control: no-cache
Content-Type: application/json; charset=utf-8
host: localhost:25986
accept: */*

Response DefaultHttpResponse(decodeResult: success, version: HTTP/1.1)
HTTP/1.1 200 OK
Content-Length: 42
Content-Type: application/json; charset=utf-8
cache-control: no-cache

22:30:12.907 [AsyncHttpClient-1-8] DEBUG org.asynchttpclient.netty.channel.ChannelManager - Adding key: http://localhost:25986 for channel [id: 0x9bcecac8, L:/127.0.0.1:54527 - R:localhost/127.0.0.1:25986]
22:30:12.912 [main] DEBUG net.thucydides.core.steps.StepInterceptor - STARTING STEP: PaymentMethodSteps.onTheListrikPLNPage - clickSubmitButton
22:30:12.920 [Forwarding findElement on session 93dff82af30c6a21e1f65331254841da to remote] DEBUG org.asynchttpclient.netty.request.NettyRequestSender - Using pooled Channel '[id: 0x9bcecac8, L:/127.0.0.1:54527 - R:localhost/127.0.0.1:25986]' for 'POST' to 'http://localhost:25986/session/93dff82af30c6a21e1f65331254841da/element'
22:30:12.920 [Forwarding findElement on session 93dff82af30c6a21e1f65331254841da to remote] DEBUG org.asynchttpclient.netty.request.NettyRequestSender - Using open Channel [id: 0x9bcecac8, L:/127.0.0.1:54527 - R:localhost/127.0.0.1:25986] for POST '/session/93dff82af30c6a21e1f65331254841da/element'
22:30:12.941 [AsyncHttpClient-1-8] DEBUG org.asynchttpclient.netty.handler.HttpHandler - 

Request DefaultHttpRequest(decodeResult: success, version: HTTP/1.1)
POST /session/93dff82af30c6a21e1f65331254841da/element HTTP/1.1
User-Agent: selenium/4.8.1 (java windows)
Content-Length: 57
Content-Type: application/json; charset=utf-8
host: localhost:25986
accept: */*

Response DefaultHttpResponse(decodeResult: success, version: HTTP/1.1)
HTTP/1.1 200 OK
Content-Length: 88
Content-Type: application/json; charset=utf-8
cache-control: no-cache

22:30:12.941 [AsyncHttpClient-1-8] DEBUG org.asynchttpclient.netty.channel.ChannelManager - Adding key: http://localhost:25986 for channel [id: 0x9bcecac8, L:/127.0.0.1:54527 - R:localhost/127.0.0.1:25986]
22:30:12.943 [Forwarding getElementTagName on session 93dff82af30c6a21e1f65331254841da to remote] DEBUG org.asynchttpclient.netty.request.NettyRequestSender - Using pooled Channel '[id: 0x9bcecac8, L:/127.0.0.1:54527 - R:localhost/127.0.0.1:25986]' for 'GET' to 'http://localhost:25986/session/93dff82af30c6a21e1f65331254841da/element/6b631639-e798-4df0-ab86-6907376e9926/name'
22:30:12.943 [Forwarding getElementTagName on session 93dff82af30c6a21e1f65331254841da to remote] DEBUG org.asynchttpclient.netty.request.NettyRequestSender - Using open Channel [id: 0x9bcecac8, L:/127.0.0.1:54527 - R:localhost/127.0.0.1:25986] for GET '/session/93dff82af30c6a21e1f65331254841da/element/6b631639-e798-4df0-ab86-6907376e9926/name'
22:30:12.949 [AsyncHttpClient-1-8] DEBUG org.asynchttpclient.netty.handler.HttpHandler - 

Request DefaultFullHttpRequest(decodeResult: success, version: HTTP/1.1, content: EmptyByteBufBE)
GET /session/93dff82af30c6a21e1f65331254841da/element/6b631639-e798-4df0-ab86-6907376e9926/name HTTP/1.1
User-Agent: selenium/4.8.1 (java windows)
Cache-Control: no-cache
Content-Type: application/json; charset=utf-8
host: localhost:25986
accept: */*

Response DefaultHttpResponse(decodeResult: success, version: HTTP/1.1)
HTTP/1.1 200 OK
Content-Length: 18
Content-Type: application/json; charset=utf-8
cache-control: no-cache

22:30:12.949 [AsyncHttpClient-1-8] DEBUG org.asynchttpclient.netty.channel.ChannelManager - Adding key: http://localhost:25986 for channel [id: 0x9bcecac8, L:/127.0.0.1:54527 - R:localhost/127.0.0.1:25986]
22:30:12.951 [Forwarding getElementTagName on session 93dff82af30c6a21e1f65331254841da to remote] DEBUG org.asynchttpclient.netty.request.NettyRequestSender - Using pooled Channel '[id: 0x9bcecac8, L:/127.0.0.1:54527 - R:localhost/127.0.0.1:25986]' for 'GET' to 'http://localhost:25986/session/93dff82af30c6a21e1f65331254841da/element/6b631639-e798-4df0-ab86-6907376e9926/name'
22:30:12.951 [Forwarding getElementTagName on session 93dff82af30c6a21e1f65331254841da to remote] DEBUG org.asynchttpclient.netty.request.NettyRequestSender - Using open Channel [id: 0x9bcecac8, L:/127.0.0.1:54527 - R:localhost/127.0.0.1:25986] for GET '/session/93dff82af30c6a21e1f65331254841da/element/6b631639-e798-4df0-ab86-6907376e9926/name'
22:30:12.955 [AsyncHttpClient-1-8] DEBUG org.asynchttpclient.netty.handler.HttpHandler - 

Request DefaultFullHttpRequest(decodeResult: success, version: HTTP/1.1, content: EmptyByteBufBE)
GET /session/93dff82af30c6a21e1f65331254841da/element/6b631639-e798-4df0-ab86-6907376e9926/name HTTP/1.1
User-Agent: selenium/4.8.1 (java windows)
Cache-Control: no-cache
Content-Type: application/json; charset=utf-8
host: localhost:25986
accept: */*

Response DefaultHttpResponse(decodeResult: success, version: HTTP/1.1)
HTTP/1.1 200 OK
Content-Length: 18
Content-Type: application/json; charset=utf-8
cache-control: no-cache

22:30:12.955 [AsyncHttpClient-1-8] DEBUG org.asynchttpclient.netty.channel.ChannelManager - Adding key: http://localhost:25986 for channel [id: 0x9bcecac8, L:/127.0.0.1:54527 - R:localhost/127.0.0.1:25986]
22:30:12.959 [Forwarding isElementEnabled on session 93dff82af30c6a21e1f65331254841da to remote] DEBUG org.asynchttpclient.netty.request.NettyRequestSender - Using pooled Channel '[id: 0x9bcecac8, L:/127.0.0.1:54527 - R:localhost/127.0.0.1:25986]' for 'GET' to 'http://localhost:25986/session/93dff82af30c6a21e1f65331254841da/element/6b631639-e798-4df0-ab86-6907376e9926/enabled'
22:30:12.959 [Forwarding isElementEnabled on session 93dff82af30c6a21e1f65331254841da to remote] DEBUG org.asynchttpclient.netty.request.NettyRequestSender - Using open Channel [id: 0x9bcecac8, L:/127.0.0.1:54527 - R:localhost/127.0.0.1:25986] for GET '/session/93dff82af30c6a21e1f65331254841da/element/6b631639-e798-4df0-ab86-6907376e9926/enabled'
22:30:12.970 [AsyncHttpClient-1-8] DEBUG org.asynchttpclient.netty.handler.HttpHandler - 

Request DefaultFullHttpRequest(decodeResult: success, version: HTTP/1.1, content: EmptyByteBufBE)
GET /session/93dff82af30c6a21e1f65331254841da/element/6b631639-e798-4df0-ab86-6907376e9926/enabled HTTP/1.1
User-Agent: selenium/4.8.1 (java windows)
Cache-Control: no-cache
Content-Type: application/json; charset=utf-8
host: localhost:25986
accept: */*

Response DefaultHttpResponse(decodeResult: success, version: HTTP/1.1)
HTTP/1.1 200 OK
Content-Length: 14
Content-Type: application/json; charset=utf-8
cache-control: no-cache

22:30:12.970 [AsyncHttpClient-1-8] DEBUG org.asynchttpclient.netty.channel.ChannelManager - Adding key: http://localhost:25986 for channel [id: 0x9bcecac8, L:/127.0.0.1:54527 - R:localhost/127.0.0.1:25986]
22:30:12.972 [Forwarding isElementEnabled on session 93dff82af30c6a21e1f65331254841da to remote] DEBUG org.asynchttpclient.netty.request.NettyRequestSender - Using pooled Channel '[id: 0x9bcecac8, L:/127.0.0.1:54527 - R:localhost/127.0.0.1:25986]' for 'GET' to 'http://localhost:25986/session/93dff82af30c6a21e1f65331254841da/element/6b631639-e798-4df0-ab86-6907376e9926/enabled'
22:30:12.972 [Forwarding isElementEnabled on session 93dff82af30c6a21e1f65331254841da to remote] DEBUG org.asynchttpclient.netty.request.NettyRequestSender - Using open Channel [id: 0x9bcecac8, L:/127.0.0.1:54527 - R:localhost/127.0.0.1:25986] for GET '/session/93dff82af30c6a21e1f65331254841da/element/6b631639-e798-4df0-ab86-6907376e9926/enabled'
22:30:12.980 [AsyncHttpClient-1-8] DEBUG org.asynchttpclient.netty.handler.HttpHandler - 

Request DefaultFullHttpRequest(decodeResult: success, version: HTTP/1.1, content: EmptyByteBufBE)
GET /session/93dff82af30c6a21e1f65331254841da/element/6b631639-e798-4df0-ab86-6907376e9926/enabled HTTP/1.1
User-Agent: selenium/4.8.1 (java windows)
Cache-Control: no-cache
Content-Type: application/json; charset=utf-8
host: localhost:25986
accept: */*

Response DefaultHttpResponse(decodeResult: success, version: HTTP/1.1)
HTTP/1.1 200 OK
Content-Length: 14
Content-Type: application/json; charset=utf-8
cache-control: no-cache

22:30:12.980 [AsyncHttpClient-1-8] DEBUG org.asynchttpclient.netty.channel.ChannelManager - Adding key: http://localhost:25986 for channel [id: 0x9bcecac8, L:/127.0.0.1:54527 - R:localhost/127.0.0.1:25986]
22:30:12.982 [Forwarding findElement on session 93dff82af30c6a21e1f65331254841da to remote] DEBUG org.asynchttpclient.netty.request.NettyRequestSender - Using pooled Channel '[id: 0x9bcecac8, L:/127.0.0.1:54527 - R:localhost/127.0.0.1:25986]' for 'POST' to 'http://localhost:25986/session/93dff82af30c6a21e1f65331254841da/element'
22:30:12.982 [Forwarding findElement on session 93dff82af30c6a21e1f65331254841da to remote] DEBUG org.asynchttpclient.netty.request.NettyRequestSender - Using open Channel [id: 0x9bcecac8, L:/127.0.0.1:54527 - R:localhost/127.0.0.1:25986] for POST '/session/93dff82af30c6a21e1f65331254841da/element'
22:30:12.992 [AsyncHttpClient-1-8] DEBUG org.asynchttpclient.netty.handler.HttpHandler - 

Request DefaultHttpRequest(decodeResult: success, version: HTTP/1.1)
POST /session/93dff82af30c6a21e1f65331254841da/element HTTP/1.1
User-Agent: selenium/4.8.1 (java windows)
Content-Length: 57
Content-Type: application/json; charset=utf-8
host: localhost:25986
accept: */*

Response DefaultHttpResponse(decodeResult: success, version: HTTP/1.1)
HTTP/1.1 200 OK
Content-Length: 88
Content-Type: application/json; charset=utf-8
cache-control: no-cache

22:30:12.992 [AsyncHttpClient-1-8] DEBUG org.asynchttpclient.netty.channel.ChannelManager - Adding key: http://localhost:25986 for channel [id: 0x9bcecac8, L:/127.0.0.1:54527 - R:localhost/127.0.0.1:25986]
22:30:12.993 [Forwarding clickElement on session 93dff82af30c6a21e1f65331254841da to remote] DEBUG org.asynchttpclient.netty.request.NettyRequestSender - Using pooled Channel '[id: 0x9bcecac8, L:/127.0.0.1:54527 - R:localhost/127.0.0.1:25986]' for 'POST' to 'http://localhost:25986/session/93dff82af30c6a21e1f65331254841da/element/6b631639-e798-4df0-ab86-6907376e9926/click'
22:30:12.993 [Forwarding clickElement on session 93dff82af30c6a21e1f65331254841da to remote] DEBUG org.asynchttpclient.netty.request.NettyRequestSender - Using open Channel [id: 0x9bcecac8, L:/127.0.0.1:54527 - R:localhost/127.0.0.1:25986] for POST '/session/93dff82af30c6a21e1f65331254841da/element/6b631639-e798-4df0-ab86-6907376e9926/click'
22:30:13.123 [AsyncHttpClient-1-8] DEBUG org.asynchttpclient.netty.handler.HttpHandler - 

Request DefaultHttpRequest(decodeResult: success, version: HTTP/1.1)
POST /session/93dff82af30c6a21e1f65331254841da/element/6b631639-e798-4df0-ab86-6907376e9926/click HTTP/1.1
User-Agent: selenium/4.8.1 (java windows)
Content-Length: 50
Content-Type: application/json; charset=utf-8
host: localhost:25986
accept: */*

Response DefaultHttpResponse(decodeResult: success, version: HTTP/1.1)
HTTP/1.1 200 OK
Content-Length: 14
Content-Type: application/json; charset=utf-8
cache-control: no-cache

22:30:13.123 [AsyncHttpClient-1-8] DEBUG org.asynchttpclient.netty.channel.ChannelManager - Adding key: http://localhost:25986 for channel [id: 0x9bcecac8, L:/127.0.0.1:54527 - R:localhost/127.0.0.1:25986]
22:30:13.134 [Forwarding getAlertText on session 93dff82af30c6a21e1f65331254841da to remote] DEBUG org.asynchttpclient.netty.request.NettyRequestSender - Using pooled Channel '[id: 0x9bcecac8, L:/127.0.0.1:54527 - R:localhost/127.0.0.1:25986]' for 'GET' to 'http://localhost:25986/session/93dff82af30c6a21e1f65331254841da/alert/text'
22:30:13.134 [Forwarding getAlertText on session 93dff82af30c6a21e1f65331254841da to remote] DEBUG org.asynchttpclient.netty.request.NettyRequestSender - Using open Channel [id: 0x9bcecac8, L:/127.0.0.1:54527 - R:localhost/127.0.0.1:25986] for GET '/session/93dff82af30c6a21e1f65331254841da/alert/text'
22:30:13.136 [AsyncHttpClient-1-8] DEBUG org.asynchttpclient.netty.handler.HttpHandler - 

Request DefaultFullHttpRequest(decodeResult: success, version: HTTP/1.1, content: EmptyByteBufBE)
GET /session/93dff82af30c6a21e1f65331254841da/alert/text HTTP/1.1
User-Agent: selenium/4.8.1 (java windows)
Cache-Control: no-cache
Content-Type: application/json; charset=utf-8
host: localhost:25986
accept: */*

Response DefaultHttpResponse(decodeResult: success, version: HTTP/1.1)
HTTP/1.1 404 Not Found
Content-Length: 835
Content-Type: application/json; charset=utf-8
cache-control: no-cache

22:30:13.137 [AsyncHttpClient-1-8] DEBUG org.asynchttpclient.netty.channel.ChannelManager - Adding key: http://localhost:25986 for channel [id: 0x9bcecac8, L:/127.0.0.1:54527 - R:localhost/127.0.0.1:25986]
22:30:13.141 [Forwarding getCurrentUrl on session 93dff82af30c6a21e1f65331254841da to remote] DEBUG org.asynchttpclient.netty.request.NettyRequestSender - Using pooled Channel '[id: 0x9bcecac8, L:/127.0.0.1:54527 - R:localhost/127.0.0.1:25986]' for 'GET' to 'http://localhost:25986/session/93dff82af30c6a21e1f65331254841da/url'
22:30:13.142 [Forwarding getCurrentUrl on session 93dff82af30c6a21e1f65331254841da to remote] DEBUG org.asynchttpclient.netty.request.NettyRequestSender - Using open Channel [id: 0x9bcecac8, L:/127.0.0.1:54527 - R:localhost/127.0.0.1:25986] for GET '/session/93dff82af30c6a21e1f65331254841da/url'
22:30:13.151 [AsyncHttpClient-1-8] DEBUG org.asynchttpclient.netty.handler.HttpHandler - 

Request DefaultFullHttpRequest(decodeResult: success, version: HTTP/1.1, content: EmptyByteBufBE)
GET /session/93dff82af30c6a21e1f65331254841da/url HTTP/1.1
User-Agent: selenium/4.8.1 (java windows)
Cache-Control: no-cache
Content-Type: application/json; charset=utf-8
host: localhost:25986
accept: */*

Response DefaultHttpResponse(decodeResult: success, version: HTTP/1.1)
HTTP/1.1 200 OK
Content-Length: 42
Content-Type: application/json; charset=utf-8
cache-control: no-cache

22:30:13.151 [AsyncHttpClient-1-8] DEBUG org.asynchttpclient.netty.channel.ChannelManager - Adding key: http://localhost:25986 for channel [id: 0x9bcecac8, L:/127.0.0.1:54527 - R:localhost/127.0.0.1:25986]
22:30:13.153 [Forwarding screenshot on session 93dff82af30c6a21e1f65331254841da to remote] DEBUG org.asynchttpclient.netty.request.NettyRequestSender - Using pooled Channel '[id: 0x9bcecac8, L:/127.0.0.1:54527 - R:localhost/127.0.0.1:25986]' for 'GET' to 'http://localhost:25986/session/93dff82af30c6a21e1f65331254841da/screenshot'
22:30:13.153 [Forwarding screenshot on session 93dff82af30c6a21e1f65331254841da to remote] DEBUG org.asynchttpclient.netty.request.NettyRequestSender - Using open Channel [id: 0x9bcecac8, L:/127.0.0.1:54527 - R:localhost/127.0.0.1:25986] for GET '/session/93dff82af30c6a21e1f65331254841da/screenshot'
22:30:13.179 [AsyncHttpClient-1-1] DEBUG org.asynchttpclient.netty.channel.DefaultChannelPool - Entry count for : http://localhost:54528 : 1
22:30:13.404 [AsyncHttpClient-1-8] DEBUG org.asynchttpclient.netty.handler.HttpHandler - 

Request DefaultFullHttpRequest(decodeResult: success, version: HTTP/1.1, content: EmptyByteBufBE)
GET /session/93dff82af30c6a21e1f65331254841da/screenshot HTTP/1.1
User-Agent: selenium/4.8.1 (java windows)
Cache-Control: no-cache
Content-Type: application/json; charset=utf-8
host: localhost:25986
accept: */*

Response DefaultHttpResponse(decodeResult: success, version: HTTP/1.1)
HTTP/1.1 200 OK
Content-Length: 148312
Content-Type: application/json; charset=utf-8
cache-control: no-cache

22:30:13.405 [AsyncHttpClient-1-8] DEBUG org.asynchttpclient.netty.channel.ChannelManager - Adding key: http://localhost:25986 for channel [id: 0x9bcecac8, L:/127.0.0.1:54527 - R:localhost/127.0.0.1:25986]
22:30:13.410 [main] DEBUG net.serenitybdd.core.photography.Darkroom - Send negative for processing for target\site\serenity\b8fc3ff2acd8b0afa297e3dcfdff7912405c01b7647c9d4effebc1148349016c.png
22:30:13.410 [main] DEBUG net.thucydides.core.steps.StepInterceptor - STEP DONE: clickSubmitButton
  &amp#27;[32mGiven &amp#27;[0m&amp#27;[32mI am on the Listrik PLN Page&amp#27;[0m                        &amp#27;[90m# starter.stepdefintions.PaymentMethodSteps.onTheListrikPLNPage()&amp#27;[0m
22:30:13.410 [Darkroom Processing Line] DEBUG net.serenitybdd.core.photography.DarkroomProcessingLine - Processing screenshot image in /var/screenshots/screenshot-8688514774573605346
22:30:13.410 [Darkroom Processing Line] DEBUG net.serenitybdd.core.photography.DarkroomProcessingLine - Saving screenshot to target\site\serenity\b8fc3ff2acd8b0afa297e3dcfdff7912405c01b7647c9d4effebc1148349016c.png
22:30:13.426 [Forwarding getPageSource on session 93dff82af30c6a21e1f65331254841da to remote] DEBUG org.asynchttpclient.netty.request.NettyRequestSender - Using pooled Channel '[id: 0x9bcecac8, L:/127.0.0.1:54527 - R:localhost/127.0.0.1:25986]' for 'POST' to 'http://localhost:25986/session/93dff82af30c6a21e1f65331254841da/execute/sync'
22:30:13.426 [Forwarding getPageSource on session 93dff82af30c6a21e1f65331254841da to remote] DEBUG org.asynchttpclient.netty.request.NettyRequestSender - Using open Channel [id: 0x9bcecac8, L:/127.0.0.1:54527 - R:localhost/127.0.0.1:25986] for POST '/session/93dff82af30c6a21e1f65331254841da/execute/sync'
22:30:13.444 [AsyncHttpClient-1-8] DEBUG org.asynchttpclient.netty.handler.HttpHandler - 

Request DefaultHttpRequest(decodeResult: success, version: HTTP/1.1)
POST /session/93dff82af30c6a21e1f65331254841da/execute/sync HTTP/1.1
User-Agent: selenium/4.8.1 (java windows)
Content-Length: 176
Content-Type: application/json; charset=utf-8
host: localhost:25986
accept: */*

Response DefaultHttpResponse(decodeResult: success, version: HTTP/1.1)
HTTP/1.1 200 OK
Content-Length: 103751
Content-Type: application/json; charset=utf-8
cache-control: no-cache

22:30:13.445 [AsyncHttpClient-1-8] DEBUG org.asynchttpclient.netty.channel.ChannelManager - Adding key: http://localhost:25986 for channel [id: 0x9bcecac8, L:/127.0.0.1:54527 - R:localhost/127.0.0.1:25986]
22:30:13.456 [Forwarding getCurrentUrl on session 93dff82af30c6a21e1f65331254841da to remote] DEBUG org.asynchttpclient.netty.request.NettyRequestSender - Using pooled Channel '[id: 0x9bcecac8, L:/127.0.0.1:54527 - R:localhost/127.0.0.1:25986]' for 'GET' to 'http://localhost:25986/session/93dff82af30c6a21e1f65331254841da/url'
22:30:13.456 [Forwarding getCurrentUrl on session 93dff82af30c6a21e1f65331254841da to remote] DEBUG org.asynchttpclient.netty.request.NettyRequestSender - Using open Channel [id: 0x9bcecac8, L:/127.0.0.1:54527 - R:localhost/127.0.0.1:25986] for GET '/session/93dff82af30c6a21e1f65331254841da/url'
22:30:13.461 [AsyncHttpClient-1-8] DEBUG org.asynchttpclient.netty.handler.HttpHandler - 

Request DefaultFullHttpRequest(decodeResult: success, version: HTTP/1.1, content: EmptyByteBufBE)
GET /session/93dff82af30c6a21e1f65331254841da/url HTTP/1.1
User-Agent: selenium/4.8.1 (java windows)
Cache-Control: no-cache
Content-Type: application/json; charset=utf-8
host: localhost:25986
accept: */*

Response DefaultHttpResponse(decodeResult: success, version: HTTP/1.1)
HTTP/1.1 200 OK
Content-Length: 42
Content-Type: application/json; charset=utf-8
cache-control: no-cache

22:30:13.462 [AsyncHttpClient-1-8] DEBUG org.asynchttpclient.netty.channel.ChannelManager - Adding key: http://localhost:25986 for channel [id: 0x9bcecac8, L:/127.0.0.1:54527 - R:localhost/127.0.0.1:25986]
22:30:13.476 [Forwarding getAlertText on session 93dff82af30c6a21e1f65331254841da to remote] DEBUG org.asynchttpclient.netty.request.NettyRequestSender - Using pooled Channel '[id: 0x9bcecac8, L:/127.0.0.1:54527 - R:localhost/127.0.0.1:25986]' for 'GET' to 'http://localhost:25986/session/93dff82af30c6a21e1f65331254841da/alert/text'
22:30:13.476 [Forwarding getAlertText on session 93dff82af30c6a21e1f65331254841da to remote] DEBUG org.asynchttpclient.netty.request.NettyRequestSender - Using open Channel [id: 0x9bcecac8, L:/127.0.0.1:54527 - R:localhost/127.0.0.1:25986] for GET '/session/93dff82af30c6a21e1f65331254841da/alert/text'
22:30:13.479 [AsyncHttpClient-1-8] DEBUG org.asynchttpclient.netty.handler.HttpHandler - 

Request DefaultFullHttpRequest(decodeResult: success, version: HTTP/1.1, content: EmptyByteBufBE)
GET /session/93dff82af30c6a21e1f65331254841da/alert/text HTTP/1.1
User-Agent: selenium/4.8.1 (java windows)
Cache-Control: no-cache
Content-Type: application/json; charset=utf-8
host: localhost:25986
accept: */*

Response DefaultHttpResponse(decodeResult: success, version: HTTP/1.1)
HTTP/1.1 404 Not Found
Content-Length: 835
Content-Type: application/json; charset=utf-8
cache-control: no-cache

22:30:13.479 [AsyncHttpClient-1-8] DEBUG org.asynchttpclient.netty.channel.ChannelManager - Adding key: http://localhost:25986 for channel [id: 0x9bcecac8, L:/127.0.0.1:54527 - R:localhost/127.0.0.1:25986]
22:30:13.481 [Forwarding getCurrentUrl on session 93dff82af30c6a21e1f65331254841da to remote] DEBUG org.asynchttpclient.netty.request.NettyRequestSender - Using pooled Channel '[id: 0x9bcecac8, L:/127.0.0.1:54527 - R:localhost/127.0.0.1:25986]' for 'GET' to 'http://localhost:25986/session/93dff82af30c6a21e1f65331254841da/url'
22:30:13.481 [Forwarding getCurrentUrl on session 93dff82af30c6a21e1f65331254841da to remote] DEBUG org.asynchttpclient.netty.request.NettyRequestSender - Using open Channel [id: 0x9bcecac8, L:/127.0.0.1:54527 - R:localhost/127.0.0.1:25986] for GET '/session/93dff82af30c6a21e1f65331254841da/url'
22:30:13.487 [AsyncHttpClient-1-8] DEBUG org.asynchttpclient.netty.handler.HttpHandler - 

Request DefaultFullHttpRequest(decodeResult: success, version: HTTP/1.1, content: EmptyByteBufBE)
GET /session/93dff82af30c6a21e1f65331254841da/url HTTP/1.1
User-Agent: selenium/4.8.1 (java windows)
Cache-Control: no-cache
Content-Type: application/json; charset=utf-8
host: localhost:25986
accept: */*

Response DefaultHttpResponse(decodeResult: success, version: HTTP/1.1)
HTTP/1.1 200 OK
Content-Length: 42
Content-Type: application/json; charset=utf-8
cache-control: no-cache

22:30:13.487 [AsyncHttpClient-1-8] DEBUG org.asynchttpclient.netty.channel.ChannelManager - Adding key: http://localhost:25986 for channel [id: 0x9bcecac8, L:/127.0.0.1:54527 - R:localhost/127.0.0.1:25986]
22:30:13.488 [Forwarding screenshot on session 93dff82af30c6a21e1f65331254841da to remote] DEBUG org.asynchttpclient.netty.request.NettyRequestSender - Using pooled Channel '[id: 0x9bcecac8, L:/127.0.0.1:54527 - R:localhost/127.0.0.1:25986]' for 'GET' to 'http://localhost:25986/session/93dff82af30c6a21e1f65331254841da/screenshot'
22:30:13.488 [Forwarding screenshot on session 93dff82af30c6a21e1f65331254841da to remote] DEBUG org.asynchttpclient.netty.request.NettyRequestSender - Using open Channel [id: 0x9bcecac8, L:/127.0.0.1:54527 - R:localhost/127.0.0.1:25986] for GET '/session/93dff82af30c6a21e1f65331254841da/screenshot'
22:30:13.742 [AsyncHttpClient-1-8] DEBUG org.asynchttpclient.netty.handler.HttpHandler - 

Request DefaultFullHttpRequest(decodeResult: success, version: HTTP/1.1, content: EmptyByteBufBE)
GET /session/93dff82af30c6a21e1f65331254841da/screenshot HTTP/1.1
User-Agent: selenium/4.8.1 (java windows)
Cache-Control: no-cache
Content-Type: application/json; charset=utf-8
host: localhost:25986
accept: */*

Response DefaultHttpResponse(decodeResult: success, version: HTTP/1.1)
HTTP/1.1 200 OK
Content-Length: 148104
Content-Type: application/json; charset=utf-8
cache-control: no-cache

22:30:13.743 [AsyncHttpClient-1-8] DEBUG org.asynchttpclient.netty.channel.ChannelManager - Adding key: http://localhost:25986 for channel [id: 0x9bcecac8, L:/127.0.0.1:54527 - R:localhost/127.0.0.1:25986]
22:30:13.749 [main] DEBUG net.serenitybdd.core.photography.Darkroom - Send negative for processing for target\site\serenity\aaf96a156a059a0dc65b7446d23ab1ed4aef846c3d2382ac2d60345c1f680b97.png
22:30:13.750 [Darkroom Processing Line] DEBUG net.serenitybdd.core.photography.DarkroomProcessingLine - Processing screenshot image in /var/screenshots/screenshot-17141810713554288615
22:30:13.750 [Darkroom Processing Line] DEBUG net.serenitybdd.core.photography.DarkroomProcessingLine - Saving screenshot to target\site\serenity\aaf96a156a059a0dc65b7446d23ab1ed4aef846c3d2382ac2d60345c1f680b97.png
22:30:13.751 [Forwarding getPageSource on session 93dff82af30c6a21e1f65331254841da to remote] DEBUG org.asynchttpclient.netty.request.NettyRequestSender - Using pooled Channel '[id: 0x9bcecac8, L:/127.0.0.1:54527 - R:localhost/127.0.0.1:25986]' for 'POST' to 'http://localhost:25986/session/93dff82af30c6a21e1f65331254841da/execute/sync'
22:30:13.751 [Forwarding getPageSource on session 93dff82af30c6a21e1f65331254841da to remote] DEBUG org.asynchttpclient.netty.request.NettyRequestSender - Using open Channel [id: 0x9bcecac8, L:/127.0.0.1:54527 - R:localhost/127.0.0.1:25986] for POST '/session/93dff82af30c6a21e1f65331254841da/execute/sync'
22:30:13.768 [AsyncHttpClient-1-8] DEBUG org.asynchttpclient.netty.handler.HttpHandler - 

Request DefaultHttpRequest(decodeResult: success, version: HTTP/1.1)
POST /session/93dff82af30c6a21e1f65331254841da/execute/sync HTTP/1.1
User-Agent: selenium/4.8.1 (java windows)
Content-Length: 176
Content-Type: application/json; charset=utf-8
host: localhost:25986
accept: */*

Response DefaultHttpResponse(decodeResult: success, version: HTTP/1.1)
HTTP/1.1 200 OK
Content-Length: 104150
Content-Type: application/json; charset=utf-8
cache-control: no-cache

22:30:13.769 [AsyncHttpClient-1-8] DEBUG org.asynchttpclient.netty.channel.ChannelManager - Adding key: http://localhost:25986 for channel [id: 0x9bcecac8, L:/127.0.0.1:54527 - R:localhost/127.0.0.1:25986]
22:30:13.782 [Forwarding getCurrentUrl on session 93dff82af30c6a21e1f65331254841da to remote] DEBUG org.asynchttpclient.netty.request.NettyRequestSender - Using pooled Channel '[id: 0x9bcecac8, L:/127.0.0.1:54527 - R:localhost/127.0.0.1:25986]' for 'GET' to 'http://localhost:25986/session/93dff82af30c6a21e1f65331254841da/url'
22:30:13.783 [Forwarding getCurrentUrl on session 93dff82af30c6a21e1f65331254841da to remote] DEBUG org.asynchttpclient.netty.request.NettyRequestSender - Using open Channel [id: 0x9bcecac8, L:/127.0.0.1:54527 - R:localhost/127.0.0.1:25986] for GET '/session/93dff82af30c6a21e1f65331254841da/url'
22:30:13.789 [AsyncHttpClient-1-8] DEBUG org.asynchttpclient.netty.handler.HttpHandler - 

Request DefaultFullHttpRequest(decodeResult: success, version: HTTP/1.1, content: EmptyByteBufBE)
GET /session/93dff82af30c6a21e1f65331254841da/url HTTP/1.1
User-Agent: selenium/4.8.1 (java windows)
Cache-Control: no-cache
Content-Type: application/json; charset=utf-8
host: localhost:25986
accept: */*

Response DefaultHttpResponse(decodeResult: success, version: HTTP/1.1)
HTTP/1.1 200 OK
Content-Length: 42
Content-Type: application/json; charset=utf-8
cache-control: no-cache

22:30:13.789 [AsyncHttpClient-1-8] DEBUG org.asynchttpclient.netty.channel.ChannelManager - Adding key: http://localhost:25986 for channel [id: 0x9bcecac8, L:/127.0.0.1:54527 - R:localhost/127.0.0.1:25986]
22:30:13.793 [main] DEBUG net.thucydides.core.steps.StepInterceptor - STARTING STEP: PaymentMethodSteps.proceedsToCheckout - clickProductItem
22:30:13.801 [Forwarding findElement on session 93dff82af30c6a21e1f65331254841da to remote] DEBUG org.asynchttpclient.netty.request.NettyRequestSender - Using pooled Channel '[id: 0x9bcecac8, L:/127.0.0.1:54527 - R:localhost/127.0.0.1:25986]' for 'POST' to 'http://localhost:25986/session/93dff82af30c6a21e1f65331254841da/element'
22:30:13.801 [Forwarding findElement on session 93dff82af30c6a21e1f65331254841da to remote] DEBUG org.asynchttpclient.netty.request.NettyRequestSender - Using open Channel [id: 0x9bcecac8, L:/127.0.0.1:54527 - R:localhost/127.0.0.1:25986] for POST '/session/93dff82af30c6a21e1f65331254841da/element'
22:30:14.291 [AsyncHttpClient-1-1] DEBUG org.asynchttpclient.netty.channel.DefaultChannelPool - Entry count for : http://localhost:54528 : 1
22:30:15.384 [AsyncHttpClient-1-1] DEBUG org.asynchttpclient.netty.channel.DefaultChannelPool - Entry count for : http://localhost:54528 : 1
22:30:15.875 [AsyncHttpClient-1-8] DEBUG org.asynchttpclient.netty.handler.HttpHandler - 

Request DefaultHttpRequest(decodeResult: success, version: HTTP/1.1)
POST /session/93dff82af30c6a21e1f65331254841da/element HTTP/1.1
User-Agent: selenium/4.8.1 (java windows)
Content-Length: 59
Content-Type: application/json; charset=utf-8
host: localhost:25986
accept: */*

Response DefaultHttpResponse(decodeResult: success, version: HTTP/1.1)
HTTP/1.1 200 OK
Content-Length: 88
Content-Type: application/json; charset=utf-8
cache-control: no-cache

22:30:15.875 [AsyncHttpClient-1-8] DEBUG org.asynchttpclient.netty.channel.ChannelManager - Adding key: http://localhost:25986 for channel [id: 0x9bcecac8, L:/127.0.0.1:54527 - R:localhost/127.0.0.1:25986]
22:30:15.877 [Forwarding getElementTagName on session 93dff82af30c6a21e1f65331254841da to remote] DEBUG org.asynchttpclient.netty.request.NettyRequestSender - Using pooled Channel '[id: 0x9bcecac8, L:/127.0.0.1:54527 - R:localhost/127.0.0.1:25986]' for 'GET' to 'http://localhost:25986/session/93dff82af30c6a21e1f65331254841da/element/c2942edf-014a-4d34-ad28-8a5e219274c7/name'
22:30:15.877 [Forwarding getElementTagName on session 93dff82af30c6a21e1f65331254841da to remote] DEBUG org.asynchttpclient.netty.request.NettyRequestSender - Using open Channel [id: 0x9bcecac8, L:/127.0.0.1:54527 - R:localhost/127.0.0.1:25986] for GET '/session/93dff82af30c6a21e1f65331254841da/element/c2942edf-014a-4d34-ad28-8a5e219274c7/name'
22:30:15.906 [AsyncHttpClient-1-8] DEBUG org.asynchttpclient.netty.handler.HttpHandler - 

Request DefaultFullHttpRequest(decodeResult: success, version: HTTP/1.1, content: EmptyByteBufBE)
GET /session/93dff82af30c6a21e1f65331254841da/element/c2942edf-014a-4d34-ad28-8a5e219274c7/name HTTP/1.1
User-Agent: selenium/4.8.1 (java windows)
Cache-Control: no-cache
Content-Type: application/json; charset=utf-8
host: localhost:25986
accept: */*

Response DefaultHttpResponse(decodeResult: success, version: HTTP/1.1)
HTTP/1.1 200 OK
Content-Length: 15
Content-Type: application/json; charset=utf-8
cache-control: no-cache

22:30:15.906 [AsyncHttpClient-1-8] DEBUG org.asynchttpclient.netty.channel.ChannelManager - Adding key: http://localhost:25986 for channel [id: 0x9bcecac8, L:/127.0.0.1:54527 - R:localhost/127.0.0.1:25986]
22:30:15.909 [Forwarding getElementTagName on session 93dff82af30c6a21e1f65331254841da to remote] DEBUG org.asynchttpclient.netty.request.NettyRequestSender - Using pooled Channel '[id: 0x9bcecac8, L:/127.0.0.1:54527 - R:localhost/127.0.0.1:25986]' for 'GET' to 'http://localhost:25986/session/93dff82af30c6a21e1f65331254841da/element/c2942edf-014a-4d34-ad28-8a5e219274c7/name'
22:30:15.909 [Forwarding getElementTagName on session 93dff82af30c6a21e1f65331254841da to remote] DEBUG org.asynchttpclient.netty.request.NettyRequestSender - Using open Channel [id: 0x9bcecac8, L:/127.0.0.1:54527 - R:localhost/127.0.0.1:25986] for GET '/session/93dff82af30c6a21e1f65331254841da/element/c2942edf-014a-4d34-ad28-8a5e219274c7/name'
22:30:15.915 [AsyncHttpClient-1-8] DEBUG org.asynchttpclient.netty.handler.HttpHandler - 

Request DefaultFullHttpRequest(decodeResult: success, version: HTTP/1.1, content: EmptyByteBufBE)
GET /session/93dff82af30c6a21e1f65331254841da/element/c2942edf-014a-4d34-ad28-8a5e219274c7/name HTTP/1.1
User-Agent: selenium/4.8.1 (java windows)
Cache-Control: no-cache
Content-Type: application/json; charset=utf-8
host: localhost:25986
accept: */*

Response DefaultHttpResponse(decodeResult: success, version: HTTP/1.1)
HTTP/1.1 200 OK
Content-Length: 15
Content-Type: application/json; charset=utf-8
cache-control: no-cache

22:30:15.915 [AsyncHttpClient-1-8] DEBUG org.asynchttpclient.netty.channel.ChannelManager - Adding key: http://localhost:25986 for channel [id: 0x9bcecac8, L:/127.0.0.1:54527 - R:localhost/127.0.0.1:25986]
22:30:15.918 [Forwarding findElement on session 93dff82af30c6a21e1f65331254841da to remote] DEBUG org.asynchttpclient.netty.request.NettyRequestSender - Using pooled Channel '[id: 0x9bcecac8, L:/127.0.0.1:54527 - R:localhost/127.0.0.1:25986]' for 'POST' to 'http://localhost:25986/session/93dff82af30c6a21e1f65331254841da/element'
22:30:15.918 [Forwarding findElement on session 93dff82af30c6a21e1f65331254841da to remote] DEBUG org.asynchttpclient.netty.request.NettyRequestSender - Using open Channel [id: 0x9bcecac8, L:/127.0.0.1:54527 - R:localhost/127.0.0.1:25986] for POST '/session/93dff82af30c6a21e1f65331254841da/element'
22:30:15.930 [AsyncHttpClient-1-8] DEBUG org.asynchttpclient.netty.handler.HttpHandler - 

Request DefaultHttpRequest(decodeResult: success, version: HTTP/1.1)
POST /session/93dff82af30c6a21e1f65331254841da/element HTTP/1.1
User-Agent: selenium/4.8.1 (java windows)
Content-Length: 59
Content-Type: application/json; charset=utf-8
host: localhost:25986
accept: */*

Response DefaultHttpResponse(decodeResult: success, version: HTTP/1.1)
HTTP/1.1 200 OK
Content-Length: 88
Content-Type: application/json; charset=utf-8
cache-control: no-cache

22:30:15.931 [AsyncHttpClient-1-8] DEBUG org.asynchttpclient.netty.channel.ChannelManager - Adding key: http://localhost:25986 for channel [id: 0x9bcecac8, L:/127.0.0.1:54527 - R:localhost/127.0.0.1:25986]
22:30:15.936 [Forwarding clickElement on session 93dff82af30c6a21e1f65331254841da to remote] DEBUG org.asynchttpclient.netty.request.NettyRequestSender - Using pooled Channel '[id: 0x9bcecac8, L:/127.0.0.1:54527 - R:localhost/127.0.0.1:25986]' for 'POST' to 'http://localhost:25986/session/93dff82af30c6a21e1f65331254841da/element/c2942edf-014a-4d34-ad28-8a5e219274c7/click'
22:30:15.936 [Forwarding clickElement on session 93dff82af30c6a21e1f65331254841da to remote] DEBUG org.asynchttpclient.netty.request.NettyRequestSender - Using open Channel [id: 0x9bcecac8, L:/127.0.0.1:54527 - R:localhost/127.0.0.1:25986] for POST '/session/93dff82af30c6a21e1f65331254841da/element/c2942edf-014a-4d34-ad28-8a5e219274c7/click'
22:30:16.003 [AsyncHttpClient-1-8] DEBUG org.asynchttpclient.netty.handler.HttpHandler - 

Request DefaultHttpRequest(decodeResult: success, version: HTTP/1.1)
POST /session/93dff82af30c6a21e1f65331254841da/element/c2942edf-014a-4d34-ad28-8a5e219274c7/click HTTP/1.1
User-Agent: selenium/4.8.1 (java windows)
Content-Length: 50
Content-Type: application/json; charset=utf-8
host: localhost:25986
accept: */*

Response DefaultHttpResponse(decodeResult: success, version: HTTP/1.1)
HTTP/1.1 200 OK
Content-Length: 14
Content-Type: application/json; charset=utf-8
cache-control: no-cache

22:30:16.004 [AsyncHttpClient-1-8] DEBUG org.asynchttpclient.netty.channel.ChannelManager - Adding key: http://localhost:25986 for channel [id: 0x9bcecac8, L:/127.0.0.1:54527 - R:localhost/127.0.0.1:25986]
22:30:16.019 [Forwarding getAlertText on session 93dff82af30c6a21e1f65331254841da to remote] DEBUG org.asynchttpclient.netty.request.NettyRequestSender - Using pooled Channel '[id: 0x9bcecac8, L:/127.0.0.1:54527 - R:localhost/127.0.0.1:25986]' for 'GET' to 'http://localhost:25986/session/93dff82af30c6a21e1f65331254841da/alert/text'
22:30:16.019 [Forwarding getAlertText on session 93dff82af30c6a21e1f65331254841da to remote] DEBUG org.asynchttpclient.netty.request.NettyRequestSender - Using open Channel [id: 0x9bcecac8, L:/127.0.0.1:54527 - R:localhost/127.0.0.1:25986] for GET '/session/93dff82af30c6a21e1f65331254841da/alert/text'
22:30:16.119 [AsyncHttpClient-1-8] DEBUG org.asynchttpclient.netty.handler.HttpHandler - 

Request DefaultFullHttpRequest(decodeResult: success, version: HTTP/1.1, content: EmptyByteBufBE)
GET /session/93dff82af30c6a21e1f65331254841da/alert/text HTTP/1.1
User-Agent: selenium/4.8.1 (java windows)
Cache-Control: no-cache
Content-Type: application/json; charset=utf-8
host: localhost:25986
accept: */*

Response DefaultHttpResponse(decodeResult: success, version: HTTP/1.1)
HTTP/1.1 404 Not Found
Content-Length: 835
Content-Type: application/json; charset=utf-8
cache-control: no-cache

22:30:16.119 [AsyncHttpClient-1-8] DEBUG org.asynchttpclient.netty.channel.ChannelManager - Adding key: http://localhost:25986 for channel [id: 0x9bcecac8, L:/127.0.0.1:54527 - R:localhost/127.0.0.1:25986]
22:30:16.123 [Forwarding getCurrentUrl on session 93dff82af30c6a21e1f65331254841da to remote] DEBUG org.asynchttpclient.netty.request.NettyRequestSender - Using pooled Channel '[id: 0x9bcecac8, L:/127.0.0.1:54527 - R:localhost/127.0.0.1:25986]' for 'GET' to 'http://localhost:25986/session/93dff82af30c6a21e1f65331254841da/url'
22:30:16.123 [Forwarding getCurrentUrl on session 93dff82af30c6a21e1f65331254841da to remote] DEBUG org.asynchttpclient.netty.request.NettyRequestSender - Using open Channel [id: 0x9bcecac8, L:/127.0.0.1:54527 - R:localhost/127.0.0.1:25986] for GET '/session/93dff82af30c6a21e1f65331254841da/url'
22:30:16.130 [AsyncHttpClient-1-8] DEBUG org.asynchttpclient.netty.handler.HttpHandler - 

Request DefaultFullHttpRequest(decodeResult: success, version: HTTP/1.1, content: EmptyByteBufBE)
GET /session/93dff82af30c6a21e1f65331254841da/url HTTP/1.1
User-Agent: selenium/4.8.1 (java windows)
Cache-Control: no-cache
Content-Type: application/json; charset=utf-8
host: localhost:25986
accept: */*

Response DefaultHttpResponse(decodeResult: success, version: HTTP/1.1)
HTTP/1.1 200 OK
Content-Length: 51
Content-Type: application/json; charset=utf-8
cache-control: no-cache

22:30:16.130 [AsyncHttpClient-1-8] DEBUG org.asynchttpclient.netty.channel.ChannelManager - Adding key: http://localhost:25986 for channel [id: 0x9bcecac8, L:/127.0.0.1:54527 - R:localhost/127.0.0.1:25986]
22:30:16.131 [Forwarding screenshot on session 93dff82af30c6a21e1f65331254841da to remote] DEBUG org.asynchttpclient.netty.request.NettyRequestSender - Using pooled Channel '[id: 0x9bcecac8, L:/127.0.0.1:54527 - R:localhost/127.0.0.1:25986]' for 'GET' to 'http://localhost:25986/session/93dff82af30c6a21e1f65331254841da/screenshot'
22:30:16.131 [Forwarding screenshot on session 93dff82af30c6a21e1f65331254841da to remote] DEBUG org.asynchttpclient.netty.request.NettyRequestSender - Using open Channel [id: 0x9bcecac8, L:/127.0.0.1:54527 - R:localhost/127.0.0.1:25986] for GET '/session/93dff82af30c6a21e1f65331254841da/screenshot'
22:30:16.462 [AsyncHttpClient-1-8] DEBUG org.asynchttpclient.netty.handler.HttpHandler - 

Request DefaultFullHttpRequest(decodeResult: success, version: HTTP/1.1, content: EmptyByteBufBE)
GET /session/93dff82af30c6a21e1f65331254841da/screenshot HTTP/1.1
User-Agent: selenium/4.8.1 (java windows)
Cache-Control: no-cache
Content-Type: application/json; charset=utf-8
host: localhost:25986
accept: */*

Response DefaultHttpResponse(decodeResult: success, version: HTTP/1.1)
HTTP/1.1 200 OK
Content-Length: 166208
Content-Type: application/json; charset=utf-8
cache-control: no-cache

22:30:16.462 [AsyncHttpClient-1-8] DEBUG org.asynchttpclient.netty.channel.ChannelManager - Adding key: http://localhost:25986 for channel [id: 0x9bcecac8, L:/127.0.0.1:54527 - R:localhost/127.0.0.1:25986]
22:30:16.468 [main] DEBUG net.serenitybdd.core.photography.Darkroom - Send negative for processing for target\site\serenity\3917f2973185b37c72e17f2efbf58943e603b90047f108e01d2ca91e8aea47eb.png
22:30:16.468 [main] DEBUG net.thucydides.core.steps.StepInterceptor - STEP DONE: clickProductItem
22:30:16.469 [Darkroom Processing Line] DEBUG net.serenitybdd.core.photography.DarkroomProcessingLine - Processing screenshot image in /var/screenshots/screenshot-17069789609473134394
22:30:16.469 [Darkroom Processing Line] DEBUG net.serenitybdd.core.photography.DarkroomProcessingLine - Saving screenshot to target\site\serenity\3917f2973185b37c72e17f2efbf58943e603b90047f108e01d2ca91e8aea47eb.png
22:30:16.480 [AsyncHttpClient-1-1] DEBUG org.asynchttpclient.netty.channel.DefaultChannelPool - Entry count for : http://localhost:54528 : 1
22:30:16.480 [AsyncHttpClient-1-1] DEBUG org.asynchttpclient.netty.channel.DefaultChannelPool - Entry count for : http://localhost:25986 : 1
22:30:16.587 [Forwarding getAlertText on session 93dff82af30c6a21e1f65331254841da to remote] DEBUG org.asynchttpclient.netty.request.NettyRequestSender - Using pooled Channel '[id: 0x9bcecac8, L:/127.0.0.1:54527 - R:localhost/127.0.0.1:25986]' for 'GET' to 'http://localhost:25986/session/93dff82af30c6a21e1f65331254841da/alert/text'
22:30:16.587 [Forwarding getAlertText on session 93dff82af30c6a21e1f65331254841da to remote] DEBUG org.asynchttpclient.netty.request.NettyRequestSender - Using open Channel [id: 0x9bcecac8, L:/127.0.0.1:54527 - R:localhost/127.0.0.1:25986] for GET '/session/93dff82af30c6a21e1f65331254841da/alert/text'
22:30:16.590 [AsyncHttpClient-1-8] DEBUG org.asynchttpclient.netty.handler.HttpHandler - 

Request DefaultFullHttpRequest(decodeResult: success, version: HTTP/1.1, content: EmptyByteBufBE)
GET /session/93dff82af30c6a21e1f65331254841da/alert/text HTTP/1.1
User-Agent: selenium/4.8.1 (java windows)
Cache-Control: no-cache
Content-Type: application/json; charset=utf-8
host: localhost:25986
accept: */*

Response DefaultHttpResponse(decodeResult: success, version: HTTP/1.1)
HTTP/1.1 404 Not Found
Content-Length: 835
Content-Type: application/json; charset=utf-8
cache-control: no-cache

22:30:16.590 [AsyncHttpClient-1-8] DEBUG org.asynchttpclient.netty.channel.ChannelManager - Adding key: http://localhost:25986 for channel [id: 0x9bcecac8, L:/127.0.0.1:54527 - R:localhost/127.0.0.1:25986]
22:30:16.592 [Forwarding getCurrentUrl on session 93dff82af30c6a21e1f65331254841da to remote] DEBUG org.asynchttpclient.netty.request.NettyRequestSender - Using pooled Channel '[id: 0x9bcecac8, L:/127.0.0.1:54527 - R:localhost/127.0.0.1:25986]' for 'GET' to 'http://localhost:25986/session/93dff82af30c6a21e1f65331254841da/url'
22:30:16.592 [Forwarding getCurrentUrl on session 93dff82af30c6a21e1f65331254841da to remote] DEBUG org.asynchttpclient.netty.request.NettyRequestSender - Using open Channel [id: 0x9bcecac8, L:/127.0.0.1:54527 - R:localhost/127.0.0.1:25986] for GET '/session/93dff82af30c6a21e1f65331254841da/url'
22:30:16.597 [AsyncHttpClient-1-8] DEBUG org.asynchttpclient.netty.handler.HttpHandler - 

Request DefaultFullHttpRequest(decodeResult: success, version: HTTP/1.1, content: EmptyByteBufBE)
GET /session/93dff82af30c6a21e1f65331254841da/url HTTP/1.1
User-Agent: selenium/4.8.1 (java windows)
Cache-Control: no-cache
Content-Type: application/json; charset=utf-8
host: localhost:25986
accept: */*

Response DefaultHttpResponse(decodeResult: success, version: HTTP/1.1)
HTTP/1.1 200 OK
Content-Length: 51
Content-Type: application/json; charset=utf-8
cache-control: no-cache

22:30:16.598 [AsyncHttpClient-1-8] DEBUG org.asynchttpclient.netty.channel.ChannelManager - Adding key: http://localhost:25986 for channel [id: 0x9bcecac8, L:/127.0.0.1:54527 - R:localhost/127.0.0.1:25986]
22:30:16.599 [Forwarding screenshot on session 93dff82af30c6a21e1f65331254841da to remote] DEBUG org.asynchttpclient.netty.request.NettyRequestSender - Using pooled Channel '[id: 0x9bcecac8, L:/127.0.0.1:54527 - R:localhost/127.0.0.1:25986]' for 'GET' to 'http://localhost:25986/session/93dff82af30c6a21e1f65331254841da/screenshot'
22:30:16.599 [Forwarding screenshot on session 93dff82af30c6a21e1f65331254841da to remote] DEBUG org.asynchttpclient.netty.request.NettyRequestSender - Using open Channel [id: 0x9bcecac8, L:/127.0.0.1:54527 - R:localhost/127.0.0.1:25986] for GET '/session/93dff82af30c6a21e1f65331254841da/screenshot'
22:30:16.837 [AsyncHttpClient-1-8] DEBUG org.asynchttpclient.netty.handler.HttpHandler - 

Request DefaultFullHttpRequest(decodeResult: success, version: HTTP/1.1, content: EmptyByteBufBE)
GET /session/93dff82af30c6a21e1f65331254841da/screenshot HTTP/1.1
User-Agent: selenium/4.8.1 (java windows)
Cache-Control: no-cache
Content-Type: application/json; charset=utf-8
host: localhost:25986
accept: */*

Response DefaultHttpResponse(decodeResult: success, version: HTTP/1.1)
HTTP/1.1 200 OK
Content-Length: 230124
Content-Type: application/json; charset=utf-8
cache-control: no-cache

22:30:16.838 [AsyncHttpClient-1-8] DEBUG org.asynchttpclient.netty.channel.ChannelManager - Adding key: http://localhost:25986 for channel [id: 0x9bcecac8, L:/127.0.0.1:54527 - R:localhost/127.0.0.1:25986]
22:30:16.846 [main] DEBUG net.serenitybdd.core.photography.Darkroom - Send negative for processing for target\site\serenity\afdfd134018c7bd46e64fc9f3f0b03ab9fd258ee61e0685be12ecf8c34efd327.png
22:30:16.847 [Darkroom Processing Line] DEBUG net.serenitybdd.core.photography.DarkroomProcessingLine - Processing screenshot image in /var/screenshots/screenshot-1972043512325434805
22:30:16.847 [Darkroom Processing Line] DEBUG net.serenitybdd.core.photography.DarkroomProcessingLine - Saving screenshot to target\site\serenity\afdfd134018c7bd46e64fc9f3f0b03ab9fd258ee61e0685be12ecf8c34efd327.png
22:30:16.848 [Forwarding getPageSource on session 93dff82af30c6a21e1f65331254841da to remote] DEBUG org.asynchttpclient.netty.request.NettyRequestSender - Using pooled Channel '[id: 0x9bcecac8, L:/127.0.0.1:54527 - R:localhost/127.0.0.1:25986]' for 'POST' to 'http://localhost:25986/session/93dff82af30c6a21e1f65331254841da/execute/sync'
22:30:16.848 [Forwarding getPageSource on session 93dff82af30c6a21e1f65331254841da to remote] DEBUG org.asynchttpclient.netty.request.NettyRequestSender - Using open Channel [id: 0x9bcecac8, L:/127.0.0.1:54527 - R:localhost/127.0.0.1:25986] for POST '/session/93dff82af30c6a21e1f65331254841da/execute/sync'
22:30:16.864 [AsyncHttpClient-1-8] DEBUG org.asynchttpclient.netty.handler.HttpHandler - 

Request DefaultHttpRequest(decodeResult: success, version: HTTP/1.1)
POST /session/93dff82af30c6a21e1f65331254841da/execute/sync HTTP/1.1
User-Agent: selenium/4.8.1 (java windows)
Content-Length: 176
Content-Type: application/json; charset=utf-8
host: localhost:25986
accept: */*

Response DefaultHttpResponse(decodeResult: success, version: HTTP/1.1)
HTTP/1.1 200 OK
Content-Length: 96649
Content-Type: application/json; charset=utf-8
cache-control: no-cache

22:30:16.864 [AsyncHttpClient-1-8] DEBUG org.asynchttpclient.netty.channel.ChannelManager - Adding key: http://localhost:25986 for channel [id: 0x9bcecac8, L:/127.0.0.1:54527 - R:localhost/127.0.0.1:25986]
22:30:16.879 [Forwarding getCurrentUrl on session 93dff82af30c6a21e1f65331254841da to remote] DEBUG org.asynchttpclient.netty.request.NettyRequestSender - Using pooled Channel '[id: 0x9bcecac8, L:/127.0.0.1:54527 - R:localhost/127.0.0.1:25986]' for 'GET' to 'http://localhost:25986/session/93dff82af30c6a21e1f65331254841da/url'
22:30:16.879 [Forwarding getCurrentUrl on session 93dff82af30c6a21e1f65331254841da to remote] DEBUG org.asynchttpclient.netty.request.NettyRequestSender - Using open Channel [id: 0x9bcecac8, L:/127.0.0.1:54527 - R:localhost/127.0.0.1:25986] for GET '/session/93dff82af30c6a21e1f65331254841da/url'
22:30:16.885 [AsyncHttpClient-1-8] DEBUG org.asynchttpclient.netty.handler.HttpHandler - 

Request DefaultFullHttpRequest(decodeResult: success, version: HTTP/1.1, content: EmptyByteBufBE)
GET /session/93dff82af30c6a21e1f65331254841da/url HTTP/1.1
User-Agent: selenium/4.8.1 (java windows)
Cache-Control: no-cache
Content-Type: application/json; charset=utf-8
host: localhost:25986
accept: */*

Response DefaultHttpResponse(decodeResult: success, version: HTTP/1.1)
HTTP/1.1 200 OK
Content-Length: 51
Content-Type: application/json; charset=utf-8
cache-control: no-cache

22:30:16.885 [AsyncHttpClient-1-8] DEBUG org.asynchttpclient.netty.channel.ChannelManager - Adding key: http://localhost:25986 for channel [id: 0x9bcecac8, L:/127.0.0.1:54527 - R:localhost/127.0.0.1:25986]
22:30:16.891 [main] DEBUG net.thucydides.core.steps.StepInterceptor - STARTING STEP: SelectProductSteps.inputNomorMeter - inputNomorMeter
22:30:16.896 [Forwarding findElement on session 93dff82af30c6a21e1f65331254841da to remote] DEBUG org.asynchttpclient.netty.request.NettyRequestSender - Using pooled Channel '[id: 0x9bcecac8, L:/127.0.0.1:54527 - R:localhost/127.0.0.1:25986]' for 'POST' to 'http://localhost:25986/session/93dff82af30c6a21e1f65331254841da/element'
22:30:16.896 [Forwarding findElement on session 93dff82af30c6a21e1f65331254841da to remote] DEBUG org.asynchttpclient.netty.request.NettyRequestSender - Using open Channel [id: 0x9bcecac8, L:/127.0.0.1:54527 - R:localhost/127.0.0.1:25986] for POST '/session/93dff82af30c6a21e1f65331254841da/element'
22:30:16.915 [AsyncHttpClient-1-8] DEBUG org.asynchttpclient.netty.handler.HttpHandler - 

Request DefaultHttpRequest(decodeResult: success, version: HTTP/1.1)
POST /session/93dff82af30c6a21e1f65331254841da/element HTTP/1.1
User-Agent: selenium/4.8.1 (java windows)
Content-Length: 58
Content-Type: application/json; charset=utf-8
host: localhost:25986
accept: */*

Response DefaultHttpResponse(decodeResult: success, version: HTTP/1.1)
HTTP/1.1 200 OK
Content-Length: 88
Content-Type: application/json; charset=utf-8
cache-control: no-cache

22:30:16.915 [AsyncHttpClient-1-8] DEBUG org.asynchttpclient.netty.channel.ChannelManager - Adding key: http://localhost:25986 for channel [id: 0x9bcecac8, L:/127.0.0.1:54527 - R:localhost/127.0.0.1:25986]
22:30:16.917 [Forwarding clearElement on session 93dff82af30c6a21e1f65331254841da to remote] DEBUG org.asynchttpclient.netty.request.NettyRequestSender - Using pooled Channel '[id: 0x9bcecac8, L:/127.0.0.1:54527 - R:localhost/127.0.0.1:25986]' for 'POST' to 'http://localhost:25986/session/93dff82af30c6a21e1f65331254841da/element/47418601-b410-4daf-a01c-2b21ee7a5ba5/clear'
22:30:16.917 [Forwarding clearElement on session 93dff82af30c6a21e1f65331254841da to remote] DEBUG org.asynchttpclient.netty.request.NettyRequestSender - Using open Channel [id: 0x9bcecac8, L:/127.0.0.1:54527 - R:localhost/127.0.0.1:25986] for POST '/session/93dff82af30c6a21e1f65331254841da/element/47418601-b410-4daf-a01c-2b21ee7a5ba5/clear'
22:30:16.970 [AsyncHttpClient-1-8] DEBUG org.asynchttpclient.netty.handler.HttpHandler - 

Request DefaultHttpRequest(decodeResult: success, version: HTTP/1.1)
POST /session/93dff82af30c6a21e1f65331254841da/element/47418601-b410-4daf-a01c-2b21ee7a5ba5/clear HTTP/1.1
User-Agent: selenium/4.8.1 (java windows)
Content-Length: 50
Content-Type: application/json; charset=utf-8
host: localhost:25986
accept: */*

Response DefaultHttpResponse(decodeResult: success, version: HTTP/1.1)
HTTP/1.1 200 OK
Content-Length: 14
Content-Type: application/json; charset=utf-8
cache-control: no-cache

22:30:16.970 [AsyncHttpClient-1-8] DEBUG org.asynchttpclient.netty.channel.ChannelManager - Adding key: http://localhost:25986 for channel [id: 0x9bcecac8, L:/127.0.0.1:54527 - R:localhost/127.0.0.1:25986]
22:30:16.973 [Forwarding sendKeysToElement on session 93dff82af30c6a21e1f65331254841da to remote] DEBUG org.asynchttpclient.netty.request.NettyRequestSender - Using pooled Channel '[id: 0x9bcecac8, L:/127.0.0.1:54527 - R:localhost/127.0.0.1:25986]' for 'POST' to 'http://localhost:25986/session/93dff82af30c6a21e1f65331254841da/element/47418601-b410-4daf-a01c-2b21ee7a5ba5/value'
22:30:16.974 [Forwarding sendKeysToElement on session 93dff82af30c6a21e1f65331254841da to remote] DEBUG org.asynchttpclient.netty.request.NettyRequestSender - Using open Channel [id: 0x9bcecac8, L:/127.0.0.1:54527 - R:localhost/127.0.0.1:25986] for POST '/session/93dff82af30c6a21e1f65331254841da/element/47418601-b410-4daf-a01c-2b21ee7a5ba5/value'
22:30:17.226 [AsyncHttpClient-1-8] DEBUG org.asynchttpclient.netty.handler.HttpHandler - 

Request DefaultHttpRequest(decodeResult: success, version: HTTP/1.1)
POST /session/93dff82af30c6a21e1f65331254841da/element/47418601-b410-4daf-a01c-2b21ee7a5ba5/value HTTP/1.1
User-Agent: selenium/4.8.1 (java windows)
Content-Length: 191
Content-Type: application/json; charset=utf-8
host: localhost:25986
accept: */*

Response DefaultHttpResponse(decodeResult: success, version: HTTP/1.1)
HTTP/1.1 200 OK
Content-Length: 14
Content-Type: application/json; charset=utf-8
cache-control: no-cache

22:30:17.227 [AsyncHttpClient-1-8] DEBUG org.asynchttpclient.netty.channel.ChannelManager - Adding key: http://localhost:25986 for channel [id: 0x9bcecac8, L:/127.0.0.1:54527 - R:localhost/127.0.0.1:25986]
22:30:17.239 [Forwarding getAlertText on session 93dff82af30c6a21e1f65331254841da to remote] DEBUG org.asynchttpclient.netty.request.NettyRequestSender - Using pooled Channel '[id: 0x9bcecac8, L:/127.0.0.1:54527 - R:localhost/127.0.0.1:25986]' for 'GET' to 'http://localhost:25986/session/93dff82af30c6a21e1f65331254841da/alert/text'
22:30:17.239 [Forwarding getAlertText on session 93dff82af30c6a21e1f65331254841da to remote] DEBUG org.asynchttpclient.netty.request.NettyRequestSender - Using open Channel [id: 0x9bcecac8, L:/127.0.0.1:54527 - R:localhost/127.0.0.1:25986] for GET '/session/93dff82af30c6a21e1f65331254841da/alert/text'
22:30:17.241 [AsyncHttpClient-1-8] DEBUG org.asynchttpclient.netty.handler.HttpHandler - 

Request DefaultFullHttpRequest(decodeResult: success, version: HTTP/1.1, content: EmptyByteBufBE)
GET /session/93dff82af30c6a21e1f65331254841da/alert/text HTTP/1.1
User-Agent: selenium/4.8.1 (java windows)
Cache-Control: no-cache
Content-Type: application/json; charset=utf-8
host: localhost:25986
accept: */*

Response DefaultHttpResponse(decodeResult: success, version: HTTP/1.1)
HTTP/1.1 404 Not Found
Content-Length: 835
Content-Type: application/json; charset=utf-8
cache-control: no-cache

22:30:17.241 [AsyncHttpClient-1-8] DEBUG org.asynchttpclient.netty.channel.ChannelManager - Adding key: http://localhost:25986 for channel [id: 0x9bcecac8, L:/127.0.0.1:54527 - R:localhost/127.0.0.1:25986]
22:30:17.243 [Forwarding getCurrentUrl on session 93dff82af30c6a21e1f65331254841da to remote] DEBUG org.asynchttpclient.netty.request.NettyRequestSender - Using pooled Channel '[id: 0x9bcecac8, L:/127.0.0.1:54527 - R:localhost/127.0.0.1:25986]' for 'GET' to 'http://localhost:25986/session/93dff82af30c6a21e1f65331254841da/url'
22:30:17.243 [Forwarding getCurrentUrl on session 93dff82af30c6a21e1f65331254841da to remote] DEBUG org.asynchttpclient.netty.request.NettyRequestSender - Using open Channel [id: 0x9bcecac8, L:/127.0.0.1:54527 - R:localhost/127.0.0.1:25986] for GET '/session/93dff82af30c6a21e1f65331254841da/url'
22:30:17.248 [AsyncHttpClient-1-8] DEBUG org.asynchttpclient.netty.handler.HttpHandler - 

Request DefaultFullHttpRequest(decodeResult: success, version: HTTP/1.1, content: EmptyByteBufBE)
GET /session/93dff82af30c6a21e1f65331254841da/url HTTP/1.1
User-Agent: selenium/4.8.1 (java windows)
Cache-Control: no-cache
Content-Type: application/json; charset=utf-8
host: localhost:25986
accept: */*

Response DefaultHttpResponse(decodeResult: success, version: HTTP/1.1)
HTTP/1.1 200 OK
Content-Length: 51
Content-Type: application/json; charset=utf-8
cache-control: no-cache

22:30:17.249 [AsyncHttpClient-1-8] DEBUG org.asynchttpclient.netty.channel.ChannelManager - Adding key: http://localhost:25986 for channel [id: 0x9bcecac8, L:/127.0.0.1:54527 - R:localhost/127.0.0.1:25986]
22:30:17.250 [Forwarding screenshot on session 93dff82af30c6a21e1f65331254841da to remote] DEBUG org.asynchttpclient.netty.request.NettyRequestSender - Using pooled Channel '[id: 0x9bcecac8, L:/127.0.0.1:54527 - R:localhost/127.0.0.1:25986]' for 'GET' to 'http://localhost:25986/session/93dff82af30c6a21e1f65331254841da/screenshot'
22:30:17.250 [Forwarding screenshot on session 93dff82af30c6a21e1f65331254841da to remote] DEBUG org.asynchttpclient.netty.request.NettyRequestSender - Using open Channel [id: 0x9bcecac8, L:/127.0.0.1:54527 - R:localhost/127.0.0.1:25986] for GET '/session/93dff82af30c6a21e1f65331254841da/screenshot'
22:30:17.521 [AsyncHttpClient-1-8] DEBUG org.asynchttpclient.netty.handler.HttpHandler - 

Request DefaultFullHttpRequest(decodeResult: success, version: HTTP/1.1, content: EmptyByteBufBE)
GET /session/93dff82af30c6a21e1f65331254841da/screenshot HTTP/1.1
User-Agent: selenium/4.8.1 (java windows)
Cache-Control: no-cache
Content-Type: application/json; charset=utf-8
host: localhost:25986
accept: */*

Response DefaultHttpResponse(decodeResult: success, version: HTTP/1.1)
HTTP/1.1 200 OK
Content-Length: 231932
Content-Type: application/json; charset=utf-8
cache-control: no-cache

22:30:17.522 [AsyncHttpClient-1-8] DEBUG org.asynchttpclient.netty.channel.ChannelManager - Adding key: http://localhost:25986 for channel [id: 0x9bcecac8, L:/127.0.0.1:54527 - R:localhost/127.0.0.1:25986]
22:30:17.530 [main] DEBUG net.serenitybdd.core.photography.Darkroom - Send negative for processing for target\site\serenity\4744d0e19c6217b9042c40d3efd1bdc1a3a51ce704234ff6571c304814baad5f.png
22:30:17.530 [main] DEBUG net.thucydides.core.steps.StepInterceptor - STEP DONE: inputNomorMeter
22:30:17.530 [Darkroom Processing Line] DEBUG net.serenitybdd.core.photography.DarkroomProcessingLine - Processing screenshot image in /var/screenshots/screenshot-5846161508362469739
22:30:17.531 [Darkroom Processing Line] DEBUG net.serenitybdd.core.photography.DarkroomProcessingLine - Saving screenshot to target\site\serenity\4744d0e19c6217b9042c40d3efd1bdc1a3a51ce704234ff6571c304814baad5f.png
22:30:17.541 [Forwarding getPageSource on session 93dff82af30c6a21e1f65331254841da to remote] DEBUG org.asynchttpclient.netty.request.NettyRequestSender - Using pooled Channel '[id: 0x9bcecac8, L:/127.0.0.1:54527 - R:localhost/127.0.0.1:25986]' for 'POST' to 'http://localhost:25986/session/93dff82af30c6a21e1f65331254841da/execute/sync'
22:30:17.541 [Forwarding getPageSource on session 93dff82af30c6a21e1f65331254841da to remote] DEBUG org.asynchttpclient.netty.request.NettyRequestSender - Using open Channel [id: 0x9bcecac8, L:/127.0.0.1:54527 - R:localhost/127.0.0.1:25986] for POST '/session/93dff82af30c6a21e1f65331254841da/execute/sync'
22:30:17.556 [AsyncHttpClient-1-8] DEBUG org.asynchttpclient.netty.handler.HttpHandler - 

Request DefaultHttpRequest(decodeResult: success, version: HTTP/1.1)
POST /session/93dff82af30c6a21e1f65331254841da/execute/sync HTTP/1.1
User-Agent: selenium/4.8.1 (java windows)
Content-Length: 176
Content-Type: application/json; charset=utf-8
host: localhost:25986
accept: */*

Response DefaultHttpResponse(decodeResult: success, version: HTTP/1.1)
HTTP/1.1 200 OK
Content-Length: 97185
Content-Type: application/json; charset=utf-8
cache-control: no-cache

22:30:17.557 [AsyncHttpClient-1-8] DEBUG org.asynchttpclient.netty.channel.ChannelManager - Adding key: http://localhost:25986 for channel [id: 0x9bcecac8, L:/127.0.0.1:54527 - R:localhost/127.0.0.1:25986]
22:30:17.566 [Forwarding getCurrentUrl on session 93dff82af30c6a21e1f65331254841da to remote] DEBUG org.asynchttpclient.netty.request.NettyRequestSender - Using pooled Channel '[id: 0x9bcecac8, L:/127.0.0.1:54527 - R:localhost/127.0.0.1:25986]' for 'GET' to 'http://localhost:25986/session/93dff82af30c6a21e1f65331254841da/url'
22:30:17.567 [Forwarding getCurrentUrl on session 93dff82af30c6a21e1f65331254841da to remote] DEBUG org.asynchttpclient.netty.request.NettyRequestSender - Using open Channel [id: 0x9bcecac8, L:/127.0.0.1:54527 - R:localhost/127.0.0.1:25986] for GET '/session/93dff82af30c6a21e1f65331254841da/url'
22:30:17.571 [AsyncHttpClient-1-8] DEBUG org.asynchttpclient.netty.handler.HttpHandler - 

Request DefaultFullHttpRequest(decodeResult: success, version: HTTP/1.1, content: EmptyByteBufBE)
GET /session/93dff82af30c6a21e1f65331254841da/url HTTP/1.1
User-Agent: selenium/4.8.1 (java windows)
Cache-Control: no-cache
Content-Type: application/json; charset=utf-8
host: localhost:25986
accept: */*

Response DefaultHttpResponse(decodeResult: success, version: HTTP/1.1)
HTTP/1.1 200 OK
Content-Length: 51
Content-Type: application/json; charset=utf-8
cache-control: no-cache

22:30:17.572 [AsyncHttpClient-1-8] DEBUG org.asynchttpclient.netty.channel.ChannelManager - Adding key: http://localhost:25986 for channel [id: 0x9bcecac8, L:/127.0.0.1:54527 - R:localhost/127.0.0.1:25986]
22:30:17.575 [main] DEBUG net.thucydides.core.steps.StepInterceptor - STARTING STEP: SelectProductSteps.inputNomorHandphone - inputNomorHandphone
22:30:17.577 [Forwarding findElement on session 93dff82af30c6a21e1f65331254841da to remote] DEBUG org.asynchttpclient.netty.request.NettyRequestSender - Using pooled Channel '[id: 0x9bcecac8, L:/127.0.0.1:54527 - R:localhost/127.0.0.1:25986]' for 'POST' to 'http://localhost:25986/session/93dff82af30c6a21e1f65331254841da/element'
22:30:17.577 [Forwarding findElement on session 93dff82af30c6a21e1f65331254841da to remote] DEBUG org.asynchttpclient.netty.request.NettyRequestSender - Using open Channel [id: 0x9bcecac8, L:/127.0.0.1:54527 - R:localhost/127.0.0.1:25986] for POST '/session/93dff82af30c6a21e1f65331254841da/element'
22:30:17.586 [AsyncHttpClient-1-1] DEBUG org.asynchttpclient.netty.channel.DefaultChannelPool - Entry count for : http://localhost:54528 : 1
22:30:17.594 [AsyncHttpClient-1-8] DEBUG org.asynchttpclient.netty.handler.HttpHandler - 

Request DefaultHttpRequest(decodeResult: success, version: HTTP/1.1)
POST /session/93dff82af30c6a21e1f65331254841da/element HTTP/1.1
User-Agent: selenium/4.8.1 (java windows)
Content-Length: 62
Content-Type: application/json; charset=utf-8
host: localhost:25986
accept: */*

Response DefaultHttpResponse(decodeResult: success, version: HTTP/1.1)
HTTP/1.1 200 OK
Content-Length: 88
Content-Type: application/json; charset=utf-8
cache-control: no-cache

22:30:17.594 [AsyncHttpClient-1-8] DEBUG org.asynchttpclient.netty.channel.ChannelManager - Adding key: http://localhost:25986 for channel [id: 0x9bcecac8, L:/127.0.0.1:54527 - R:localhost/127.0.0.1:25986]
22:30:17.596 [Forwarding clearElement on session 93dff82af30c6a21e1f65331254841da to remote] DEBUG org.asynchttpclient.netty.request.NettyRequestSender - Using pooled Channel '[id: 0x9bcecac8, L:/127.0.0.1:54527 - R:localhost/127.0.0.1:25986]' for 'POST' to 'http://localhost:25986/session/93dff82af30c6a21e1f65331254841da/element/8c32c4c7-23d4-4e5d-b910-1a592517f320/clear'
22:30:17.596 [Forwarding clearElement on session 93dff82af30c6a21e1f65331254841da to remote] DEBUG org.asynchttpclient.netty.request.NettyRequestSender - Using open Channel [id: 0x9bcecac8, L:/127.0.0.1:54527 - R:localhost/127.0.0.1:25986] for POST '/session/93dff82af30c6a21e1f65331254841da/element/8c32c4c7-23d4-4e5d-b910-1a592517f320/clear'
22:30:17.646 [AsyncHttpClient-1-8] DEBUG org.asynchttpclient.netty.handler.HttpHandler - 

Request DefaultHttpRequest(decodeResult: success, version: HTTP/1.1)
POST /session/93dff82af30c6a21e1f65331254841da/element/8c32c4c7-23d4-4e5d-b910-1a592517f320/clear HTTP/1.1
User-Agent: selenium/4.8.1 (java windows)
Content-Length: 50
Content-Type: application/json; charset=utf-8
host: localhost:25986
accept: */*

Response DefaultHttpResponse(decodeResult: success, version: HTTP/1.1)
HTTP/1.1 200 OK
Content-Length: 14
Content-Type: application/json; charset=utf-8
cache-control: no-cache

22:30:17.647 [AsyncHttpClient-1-8] DEBUG org.asynchttpclient.netty.channel.ChannelManager - Adding key: http://localhost:25986 for channel [id: 0x9bcecac8, L:/127.0.0.1:54527 - R:localhost/127.0.0.1:25986]
22:30:17.649 [Forwarding sendKeysToElement on session 93dff82af30c6a21e1f65331254841da to remote] DEBUG org.asynchttpclient.netty.request.NettyRequestSender - Using pooled Channel '[id: 0x9bcecac8, L:/127.0.0.1:54527 - R:localhost/127.0.0.1:25986]' for 'POST' to 'http://localhost:25986/session/93dff82af30c6a21e1f65331254841da/element/8c32c4c7-23d4-4e5d-b910-1a592517f320/value'
22:30:17.649 [Forwarding sendKeysToElement on session 93dff82af30c6a21e1f65331254841da to remote] DEBUG org.asynchttpclient.netty.request.NettyRequestSender - Using open Channel [id: 0x9bcecac8, L:/127.0.0.1:54527 - R:localhost/127.0.0.1:25986] for POST '/session/93dff82af30c6a21e1f65331254841da/element/8c32c4c7-23d4-4e5d-b910-1a592517f320/value'
22:30:17.873 [AsyncHttpClient-1-8] DEBUG org.asynchttpclient.netty.handler.HttpHandler - 

Request DefaultHttpRequest(decodeResult: success, version: HTTP/1.1)
POST /session/93dff82af30c6a21e1f65331254841da/element/8c32c4c7-23d4-4e5d-b910-1a592517f320/value HTTP/1.1
User-Agent: selenium/4.8.1 (java windows)
Content-Length: 201
Content-Type: application/json; charset=utf-8
host: localhost:25986
accept: */*

Response DefaultHttpResponse(decodeResult: success, version: HTTP/1.1)
HTTP/1.1 200 OK
Content-Length: 14
Content-Type: application/json; charset=utf-8
cache-control: no-cache

22:30:17.873 [AsyncHttpClient-1-8] DEBUG org.asynchttpclient.netty.channel.ChannelManager - Adding key: http://localhost:25986 for channel [id: 0x9bcecac8, L:/127.0.0.1:54527 - R:localhost/127.0.0.1:25986]
22:30:17.886 [Forwarding getAlertText on session 93dff82af30c6a21e1f65331254841da to remote] DEBUG org.asynchttpclient.netty.request.NettyRequestSender - Using pooled Channel '[id: 0x9bcecac8, L:/127.0.0.1:54527 - R:localhost/127.0.0.1:25986]' for 'GET' to 'http://localhost:25986/session/93dff82af30c6a21e1f65331254841da/alert/text'
22:30:17.886 [Forwarding getAlertText on session 93dff82af30c6a21e1f65331254841da to remote] DEBUG org.asynchttpclient.netty.request.NettyRequestSender - Using open Channel [id: 0x9bcecac8, L:/127.0.0.1:54527 - R:localhost/127.0.0.1:25986] for GET '/session/93dff82af30c6a21e1f65331254841da/alert/text'
22:30:17.889 [AsyncHttpClient-1-8] DEBUG org.asynchttpclient.netty.handler.HttpHandler - 

Request DefaultFullHttpRequest(decodeResult: success, version: HTTP/1.1, content: EmptyByteBufBE)
GET /session/93dff82af30c6a21e1f65331254841da/alert/text HTTP/1.1
User-Agent: selenium/4.8.1 (java windows)
Cache-Control: no-cache
Content-Type: application/json; charset=utf-8
host: localhost:25986
accept: */*

Response DefaultHttpResponse(decodeResult: success, version: HTTP/1.1)
HTTP/1.1 404 Not Found
Content-Length: 835
Content-Type: application/json; charset=utf-8
cache-control: no-cache

22:30:17.889 [AsyncHttpClient-1-8] DEBUG org.asynchttpclient.netty.channel.ChannelManager - Adding key: http://localhost:25986 for channel [id: 0x9bcecac8, L:/127.0.0.1:54527 - R:localhost/127.0.0.1:25986]
22:30:17.891 [Forwarding getCurrentUrl on session 93dff82af30c6a21e1f65331254841da to remote] DEBUG org.asynchttpclient.netty.request.NettyRequestSender - Using pooled Channel '[id: 0x9bcecac8, L:/127.0.0.1:54527 - R:localhost/127.0.0.1:25986]' for 'GET' to 'http://localhost:25986/session/93dff82af30c6a21e1f65331254841da/url'
22:30:17.891 [Forwarding getCurrentUrl on session 93dff82af30c6a21e1f65331254841da to remote] DEBUG org.asynchttpclient.netty.request.NettyRequestSender - Using open Channel [id: 0x9bcecac8, L:/127.0.0.1:54527 - R:localhost/127.0.0.1:25986] for GET '/session/93dff82af30c6a21e1f65331254841da/url'
22:30:17.897 [AsyncHttpClient-1-8] DEBUG org.asynchttpclient.netty.handler.HttpHandler - 

Request DefaultFullHttpRequest(decodeResult: success, version: HTTP/1.1, content: EmptyByteBufBE)
GET /session/93dff82af30c6a21e1f65331254841da/url HTTP/1.1
User-Agent: selenium/4.8.1 (java windows)
Cache-Control: no-cache
Content-Type: application/json; charset=utf-8
host: localhost:25986
accept: */*

Response DefaultHttpResponse(decodeResult: success, version: HTTP/1.1)
HTTP/1.1 200 OK
Content-Length: 51
Content-Type: application/json; charset=utf-8
cache-control: no-cache

22:30:17.897 [AsyncHttpClient-1-8] DEBUG org.asynchttpclient.netty.channel.ChannelManager - Adding key: http://localhost:25986 for channel [id: 0x9bcecac8, L:/127.0.0.1:54527 - R:localhost/127.0.0.1:25986]
22:30:17.899 [Forwarding screenshot on session 93dff82af30c6a21e1f65331254841da to remote] DEBUG org.asynchttpclient.netty.request.NettyRequestSender - Using pooled Channel '[id: 0x9bcecac8, L:/127.0.0.1:54527 - R:localhost/127.0.0.1:25986]' for 'GET' to 'http://localhost:25986/session/93dff82af30c6a21e1f65331254841da/screenshot'
22:30:17.899 [Forwarding screenshot on session 93dff82af30c6a21e1f65331254841da to remote] DEBUG org.asynchttpclient.netty.request.NettyRequestSender - Using open Channel [id: 0x9bcecac8, L:/127.0.0.1:54527 - R:localhost/127.0.0.1:25986] for GET '/session/93dff82af30c6a21e1f65331254841da/screenshot'
22:30:18.193 [AsyncHttpClient-1-8] DEBUG org.asynchttpclient.netty.handler.HttpHandler - 

Request DefaultFullHttpRequest(decodeResult: success, version: HTTP/1.1, content: EmptyByteBufBE)
GET /session/93dff82af30c6a21e1f65331254841da/screenshot HTTP/1.1
User-Agent: selenium/4.8.1 (java windows)
Cache-Control: no-cache
Content-Type: application/json; charset=utf-8
host: localhost:25986
accept: */*

Response DefaultHttpResponse(decodeResult: success, version: HTTP/1.1)
HTTP/1.1 200 OK
Content-Length: 234940
Content-Type: application/json; charset=utf-8
cache-control: no-cache

22:30:18.194 [AsyncHttpClient-1-8] DEBUG org.asynchttpclient.netty.channel.ChannelManager - Adding key: http://localhost:25986 for channel [id: 0x9bcecac8, L:/127.0.0.1:54527 - R:localhost/127.0.0.1:25986]
22:30:18.208 [main] DEBUG net.serenitybdd.core.photography.Darkroom - Send negative for processing for target\site\serenity\58246e23bad8630d68016a77c51e6793f29f8f9ed8a251b0a05289c4cd2d49d3.png
22:30:18.209 [main] DEBUG net.thucydides.core.steps.StepInterceptor - STEP DONE: inputNomorHandphone
22:30:18.209 [Darkroom Processing Line] DEBUG net.serenitybdd.core.photography.DarkroomProcessingLine - Processing screenshot image in /var/screenshots/screenshot-16722895358521422847
22:30:18.209 [Darkroom Processing Line] DEBUG net.serenitybdd.core.photography.DarkroomProcessingLine - Saving screenshot to target\site\serenity\58246e23bad8630d68016a77c51e6793f29f8f9ed8a251b0a05289c4cd2d49d3.png
22:30:18.221 [Forwarding getPageSource on session 93dff82af30c6a21e1f65331254841da to remote] DEBUG org.asynchttpclient.netty.request.NettyRequestSender - Using pooled Channel '[id: 0x9bcecac8, L:/127.0.0.1:54527 - R:localhost/127.0.0.1:25986]' for 'POST' to 'http://localhost:25986/session/93dff82af30c6a21e1f65331254841da/execute/sync'
22:30:18.221 [Forwarding getPageSource on session 93dff82af30c6a21e1f65331254841da to remote] DEBUG org.asynchttpclient.netty.request.NettyRequestSender - Using open Channel [id: 0x9bcecac8, L:/127.0.0.1:54527 - R:localhost/127.0.0.1:25986] for POST '/session/93dff82af30c6a21e1f65331254841da/execute/sync'
22:30:18.238 [AsyncHttpClient-1-8] DEBUG org.asynchttpclient.netty.handler.HttpHandler - 

Request DefaultHttpRequest(decodeResult: success, version: HTTP/1.1)
POST /session/93dff82af30c6a21e1f65331254841da/execute/sync HTTP/1.1
User-Agent: selenium/4.8.1 (java windows)
Content-Length: 176
Content-Type: application/json; charset=utf-8
host: localhost:25986
accept: */*

Response DefaultHttpResponse(decodeResult: success, version: HTTP/1.1)
HTTP/1.1 200 OK
Content-Length: 97706
Content-Type: application/json; charset=utf-8
cache-control: no-cache

22:30:18.239 [AsyncHttpClient-1-8] DEBUG org.asynchttpclient.netty.channel.ChannelManager - Adding key: http://localhost:25986 for channel [id: 0x9bcecac8, L:/127.0.0.1:54527 - R:localhost/127.0.0.1:25986]
22:30:18.251 [Forwarding getCurrentUrl on session 93dff82af30c6a21e1f65331254841da to remote] DEBUG org.asynchttpclient.netty.request.NettyRequestSender - Using pooled Channel '[id: 0x9bcecac8, L:/127.0.0.1:54527 - R:localhost/127.0.0.1:25986]' for 'GET' to 'http://localhost:25986/session/93dff82af30c6a21e1f65331254841da/url'
22:30:18.251 [Forwarding getCurrentUrl on session 93dff82af30c6a21e1f65331254841da to remote] DEBUG org.asynchttpclient.netty.request.NettyRequestSender - Using open Channel [id: 0x9bcecac8, L:/127.0.0.1:54527 - R:localhost/127.0.0.1:25986] for GET '/session/93dff82af30c6a21e1f65331254841da/url'
22:30:18.257 [AsyncHttpClient-1-8] DEBUG org.asynchttpclient.netty.handler.HttpHandler - 

Request DefaultFullHttpRequest(decodeResult: success, version: HTTP/1.1, content: EmptyByteBufBE)
GET /session/93dff82af30c6a21e1f65331254841da/url HTTP/1.1
User-Agent: selenium/4.8.1 (java windows)
Cache-Control: no-cache
Content-Type: application/json; charset=utf-8
host: localhost:25986
accept: */*

Response DefaultHttpResponse(decodeResult: success, version: HTTP/1.1)
HTTP/1.1 200 OK
Content-Length: 51
Content-Type: application/json; charset=utf-8
cache-control: no-cache

22:30:18.257 [AsyncHttpClient-1-8] DEBUG org.asynchttpclient.netty.channel.ChannelManager - Adding key: http://localhost:25986 for channel [id: 0x9bcecac8, L:/127.0.0.1:54527 - R:localhost/127.0.0.1:25986]
22:30:18.261 [main] DEBUG net.thucydides.core.steps.StepInterceptor - STARTING STEP: PaymentMethodSteps.proceedsToCheckout - clickLanjutkanButton
22:30:18.274 [Forwarding getAlertText on session 93dff82af30c6a21e1f65331254841da to remote] DEBUG org.asynchttpclient.netty.request.NettyRequestSender - Using pooled Channel '[id: 0x9bcecac8, L:/127.0.0.1:54527 - R:localhost/127.0.0.1:25986]' for 'GET' to 'http://localhost:25986/session/93dff82af30c6a21e1f65331254841da/alert/text'
22:30:18.274 [Forwarding getAlertText on session 93dff82af30c6a21e1f65331254841da to remote] DEBUG org.asynchttpclient.netty.request.NettyRequestSender - Using open Channel [id: 0x9bcecac8, L:/127.0.0.1:54527 - R:localhost/127.0.0.1:25986] for GET '/session/93dff82af30c6a21e1f65331254841da/alert/text'
22:30:18.276 [AsyncHttpClient-1-8] DEBUG org.asynchttpclient.netty.handler.HttpHandler - 

Request DefaultFullHttpRequest(decodeResult: success, version: HTTP/1.1, content: EmptyByteBufBE)
GET /session/93dff82af30c6a21e1f65331254841da/alert/text HTTP/1.1
User-Agent: selenium/4.8.1 (java windows)
Cache-Control: no-cache
Content-Type: application/json; charset=utf-8
host: localhost:25986
accept: */*

Response DefaultHttpResponse(decodeResult: success, version: HTTP/1.1)
HTTP/1.1 404 Not Found
Content-Length: 835
Content-Type: application/json; charset=utf-8
cache-control: no-cache

22:30:18.277 [AsyncHttpClient-1-8] DEBUG org.asynchttpclient.netty.channel.ChannelManager - Adding key: http://localhost:25986 for channel [id: 0x9bcecac8, L:/127.0.0.1:54527 - R:localhost/127.0.0.1:25986]
22:30:18.279 [Forwarding getCurrentUrl on session 93dff82af30c6a21e1f65331254841da to remote] DEBUG org.asynchttpclient.netty.request.NettyRequestSender - Using pooled Channel '[id: 0x9bcecac8, L:/127.0.0.1:54527 - R:localhost/127.0.0.1:25986]' for 'GET' to 'http://localhost:25986/session/93dff82af30c6a21e1f65331254841da/url'
22:30:18.279 [Forwarding getCurrentUrl on session 93dff82af30c6a21e1f65331254841da to remote] DEBUG org.asynchttpclient.netty.request.NettyRequestSender - Using open Channel [id: 0x9bcecac8, L:/127.0.0.1:54527 - R:localhost/127.0.0.1:25986] for GET '/session/93dff82af30c6a21e1f65331254841da/url'
22:30:18.284 [AsyncHttpClient-1-8] DEBUG org.asynchttpclient.netty.handler.HttpHandler - 

Request DefaultFullHttpRequest(decodeResult: success, version: HTTP/1.1, content: EmptyByteBufBE)
GET /session/93dff82af30c6a21e1f65331254841da/url HTTP/1.1
User-Agent: selenium/4.8.1 (java windows)
Cache-Control: no-cache
Content-Type: application/json; charset=utf-8
host: localhost:25986
accept: */*

Response DefaultHttpResponse(decodeResult: success, version: HTTP/1.1)
HTTP/1.1 200 OK
Content-Length: 51
Content-Type: application/json; charset=utf-8
cache-control: no-cache

22:30:18.284 [AsyncHttpClient-1-8] DEBUG org.asynchttpclient.netty.channel.ChannelManager - Adding key: http://localhost:25986 for channel [id: 0x9bcecac8, L:/127.0.0.1:54527 - R:localhost/127.0.0.1:25986]
22:30:18.285 [Forwarding screenshot on session 93dff82af30c6a21e1f65331254841da to remote] DEBUG org.asynchttpclient.netty.request.NettyRequestSender - Using pooled Channel '[id: 0x9bcecac8, L:/127.0.0.1:54527 - R:localhost/127.0.0.1:25986]' for 'GET' to 'http://localhost:25986/session/93dff82af30c6a21e1f65331254841da/screenshot'
22:30:18.286 [Forwarding screenshot on session 93dff82af30c6a21e1f65331254841da to remote] DEBUG org.asynchttpclient.netty.request.NettyRequestSender - Using open Channel [id: 0x9bcecac8, L:/127.0.0.1:54527 - R:localhost/127.0.0.1:25986] for GET '/session/93dff82af30c6a21e1f65331254841da/screenshot'
22:30:18.510 [AsyncHttpClient-1-8] DEBUG org.asynchttpclient.netty.handler.HttpHandler - 

Request DefaultFullHttpRequest(decodeResult: success, version: HTTP/1.1, content: EmptyByteBufBE)
GET /session/93dff82af30c6a21e1f65331254841da/screenshot HTTP/1.1
User-Agent: selenium/4.8.1 (java windows)
Cache-Control: no-cache
Content-Type: application/json; charset=utf-8
host: localhost:25986
accept: */*

Response DefaultHttpResponse(decodeResult: success, version: HTTP/1.1)
HTTP/1.1 200 OK
Content-Length: 234648
Content-Type: application/json; charset=utf-8
cache-control: no-cache

22:30:18.511 [AsyncHttpClient-1-8] DEBUG org.asynchttpclient.netty.channel.ChannelManager - Adding key: http://localhost:25986 for channel [id: 0x9bcecac8, L:/127.0.0.1:54527 - R:localhost/127.0.0.1:25986]
22:30:18.518 [main] DEBUG net.serenitybdd.core.photography.Darkroom - Send negative for processing for target\site\serenity\fc6d36fafe8007977cac8ed7e384a0c8324be072626c76725667b62d24d4c83e.png
22:30:18.519 [Darkroom Processing Line] DEBUG net.serenitybdd.core.photography.DarkroomProcessingLine - Processing screenshot image in /var/screenshots/screenshot-11031398121762289064
22:30:18.519 [Darkroom Processing Line] DEBUG net.serenitybdd.core.photography.DarkroomProcessingLine - Saving screenshot to target\site\serenity\fc6d36fafe8007977cac8ed7e384a0c8324be072626c76725667b62d24d4c83e.png
22:30:18.520 [Forwarding getPageSource on session 93dff82af30c6a21e1f65331254841da to remote] DEBUG org.asynchttpclient.netty.request.NettyRequestSender - Using pooled Channel '[id: 0x9bcecac8, L:/127.0.0.1:54527 - R:localhost/127.0.0.1:25986]' for 'POST' to 'http://localhost:25986/session/93dff82af30c6a21e1f65331254841da/execute/sync'
22:30:18.520 [Forwarding getPageSource on session 93dff82af30c6a21e1f65331254841da to remote] DEBUG org.asynchttpclient.netty.request.NettyRequestSender - Using open Channel [id: 0x9bcecac8, L:/127.0.0.1:54527 - R:localhost/127.0.0.1:25986] for POST '/session/93dff82af30c6a21e1f65331254841da/execute/sync'
22:30:18.533 [AsyncHttpClient-1-8] DEBUG org.asynchttpclient.netty.handler.HttpHandler - 

Request DefaultHttpRequest(decodeResult: success, version: HTTP/1.1)
POST /session/93dff82af30c6a21e1f65331254841da/execute/sync HTTP/1.1
User-Agent: selenium/4.8.1 (java windows)
Content-Length: 176
Content-Type: application/json; charset=utf-8
host: localhost:25986
accept: */*

Response DefaultHttpResponse(decodeResult: success, version: HTTP/1.1)
HTTP/1.1 200 OK
Content-Length: 97706
Content-Type: application/json; charset=utf-8
cache-control: no-cache

22:30:18.534 [AsyncHttpClient-1-8] DEBUG org.asynchttpclient.netty.channel.ChannelManager - Adding key: http://localhost:25986 for channel [id: 0x9bcecac8, L:/127.0.0.1:54527 - R:localhost/127.0.0.1:25986]
22:30:18.543 [Forwarding getCurrentUrl on session 93dff82af30c6a21e1f65331254841da to remote] DEBUG org.asynchttpclient.netty.request.NettyRequestSender - Using pooled Channel '[id: 0x9bcecac8, L:/127.0.0.1:54527 - R:localhost/127.0.0.1:25986]' for 'GET' to 'http://localhost:25986/session/93dff82af30c6a21e1f65331254841da/url'
22:30:18.543 [Forwarding getCurrentUrl on session 93dff82af30c6a21e1f65331254841da to remote] DEBUG org.asynchttpclient.netty.request.NettyRequestSender - Using open Channel [id: 0x9bcecac8, L:/127.0.0.1:54527 - R:localhost/127.0.0.1:25986] for GET '/session/93dff82af30c6a21e1f65331254841da/url'
22:30:18.548 [AsyncHttpClient-1-8] DEBUG org.asynchttpclient.netty.handler.HttpHandler - 

Request DefaultFullHttpRequest(decodeResult: success, version: HTTP/1.1, content: EmptyByteBufBE)
GET /session/93dff82af30c6a21e1f65331254841da/url HTTP/1.1
User-Agent: selenium/4.8.1 (java windows)
Cache-Control: no-cache
Content-Type: application/json; charset=utf-8
host: localhost:25986
accept: */*

Response DefaultHttpResponse(decodeResult: success, version: HTTP/1.1)
HTTP/1.1 200 OK
Content-Length: 51
Content-Type: application/json; charset=utf-8
cache-control: no-cache

22:30:18.548 [AsyncHttpClient-1-8] DEBUG org.asynchttpclient.netty.channel.ChannelManager - Adding key: http://localhost:25986 for channel [id: 0x9bcecac8, L:/127.0.0.1:54527 - R:localhost/127.0.0.1:25986]
22:30:18.561 [main] DEBUG net.thucydides.core.steps.StepInterceptor - STARTING STEP: SelectProductSteps.clickLanjutkanButton - clickLanjutkanButton
22:30:18.565 [Forwarding findElement on session 93dff82af30c6a21e1f65331254841da to remote] DEBUG org.asynchttpclient.netty.request.NettyRequestSender - Using pooled Channel '[id: 0x9bcecac8, L:/127.0.0.1:54527 - R:localhost/127.0.0.1:25986]' for 'POST' to 'http://localhost:25986/session/93dff82af30c6a21e1f65331254841da/element'
22:30:18.565 [Forwarding findElement on session 93dff82af30c6a21e1f65331254841da to remote] DEBUG org.asynchttpclient.netty.request.NettyRequestSender - Using open Channel [id: 0x9bcecac8, L:/127.0.0.1:54527 - R:localhost/127.0.0.1:25986] for POST '/session/93dff82af30c6a21e1f65331254841da/element'
22:30:18.575 [AsyncHttpClient-1-8] DEBUG org.asynchttpclient.netty.handler.HttpHandler - 

Request DefaultHttpRequest(decodeResult: success, version: HTTP/1.1)
POST /session/93dff82af30c6a21e1f65331254841da/element HTTP/1.1
User-Agent: selenium/4.8.1 (java windows)
Content-Length: 62
Content-Type: application/json; charset=utf-8
host: localhost:25986
accept: */*

Response DefaultHttpResponse(decodeResult: success, version: HTTP/1.1)
HTTP/1.1 200 OK
Content-Length: 88
Content-Type: application/json; charset=utf-8
cache-control: no-cache

22:30:18.575 [AsyncHttpClient-1-8] DEBUG org.asynchttpclient.netty.channel.ChannelManager - Adding key: http://localhost:25986 for channel [id: 0x9bcecac8, L:/127.0.0.1:54527 - R:localhost/127.0.0.1:25986]
22:30:18.576 [Forwarding getElementTagName on session 93dff82af30c6a21e1f65331254841da to remote] DEBUG org.asynchttpclient.netty.request.NettyRequestSender - Using pooled Channel '[id: 0x9bcecac8, L:/127.0.0.1:54527 - R:localhost/127.0.0.1:25986]' for 'GET' to 'http://localhost:25986/session/93dff82af30c6a21e1f65331254841da/element/aad57e94-af0e-422f-bf6f-b6975d89dfba/name'
22:30:18.576 [Forwarding getElementTagName on session 93dff82af30c6a21e1f65331254841da to remote] DEBUG org.asynchttpclient.netty.request.NettyRequestSender - Using open Channel [id: 0x9bcecac8, L:/127.0.0.1:54527 - R:localhost/127.0.0.1:25986] for GET '/session/93dff82af30c6a21e1f65331254841da/element/aad57e94-af0e-422f-bf6f-b6975d89dfba/name'
22:30:18.583 [AsyncHttpClient-1-8] DEBUG org.asynchttpclient.netty.handler.HttpHandler - 

Request DefaultFullHttpRequest(decodeResult: success, version: HTTP/1.1, content: EmptyByteBufBE)
GET /session/93dff82af30c6a21e1f65331254841da/element/aad57e94-af0e-422f-bf6f-b6975d89dfba/name HTTP/1.1
User-Agent: selenium/4.8.1 (java windows)
Cache-Control: no-cache
Content-Type: application/json; charset=utf-8
host: localhost:25986
accept: */*

Response DefaultHttpResponse(decodeResult: success, version: HTTP/1.1)
HTTP/1.1 200 OK
Content-Length: 16
Content-Type: application/json; charset=utf-8
cache-control: no-cache

22:30:18.583 [AsyncHttpClient-1-8] DEBUG org.asynchttpclient.netty.channel.ChannelManager - Adding key: http://localhost:25986 for channel [id: 0x9bcecac8, L:/127.0.0.1:54527 - R:localhost/127.0.0.1:25986]
22:30:18.584 [Forwarding getElementTagName on session 93dff82af30c6a21e1f65331254841da to remote] DEBUG org.asynchttpclient.netty.request.NettyRequestSender - Using pooled Channel '[id: 0x9bcecac8, L:/127.0.0.1:54527 - R:localhost/127.0.0.1:25986]' for 'GET' to 'http://localhost:25986/session/93dff82af30c6a21e1f65331254841da/element/aad57e94-af0e-422f-bf6f-b6975d89dfba/name'
22:30:18.584 [Forwarding getElementTagName on session 93dff82af30c6a21e1f65331254841da to remote] DEBUG org.asynchttpclient.netty.request.NettyRequestSender - Using open Channel [id: 0x9bcecac8, L:/127.0.0.1:54527 - R:localhost/127.0.0.1:25986] for GET '/session/93dff82af30c6a21e1f65331254841da/element/aad57e94-af0e-422f-bf6f-b6975d89dfba/name'
22:30:18.589 [AsyncHttpClient-1-8] DEBUG org.asynchttpclient.netty.handler.HttpHandler - 

Request DefaultFullHttpRequest(decodeResult: success, version: HTTP/1.1, content: EmptyByteBufBE)
GET /session/93dff82af30c6a21e1f65331254841da/element/aad57e94-af0e-422f-bf6f-b6975d89dfba/name HTTP/1.1
User-Agent: selenium/4.8.1 (java windows)
Cache-Control: no-cache
Content-Type: application/json; charset=utf-8
host: localhost:25986
accept: */*

Response DefaultHttpResponse(decodeResult: success, version: HTTP/1.1)
HTTP/1.1 200 OK
Content-Length: 16
Content-Type: application/json; charset=utf-8
cache-control: no-cache

22:30:18.589 [AsyncHttpClient-1-8] DEBUG org.asynchttpclient.netty.channel.ChannelManager - Adding key: http://localhost:25986 for channel [id: 0x9bcecac8, L:/127.0.0.1:54527 - R:localhost/127.0.0.1:25986]
22:30:18.591 [Forwarding findElement on session 93dff82af30c6a21e1f65331254841da to remote] DEBUG org.asynchttpclient.netty.request.NettyRequestSender - Using pooled Channel '[id: 0x9bcecac8, L:/127.0.0.1:54527 - R:localhost/127.0.0.1:25986]' for 'POST' to 'http://localhost:25986/session/93dff82af30c6a21e1f65331254841da/element'
22:30:18.591 [Forwarding findElement on session 93dff82af30c6a21e1f65331254841da to remote] DEBUG org.asynchttpclient.netty.request.NettyRequestSender - Using open Channel [id: 0x9bcecac8, L:/127.0.0.1:54527 - R:localhost/127.0.0.1:25986] for POST '/session/93dff82af30c6a21e1f65331254841da/element'
22:30:18.600 [AsyncHttpClient-1-8] DEBUG org.asynchttpclient.netty.handler.HttpHandler - 

Request DefaultHttpRequest(decodeResult: success, version: HTTP/1.1)
POST /session/93dff82af30c6a21e1f65331254841da/element HTTP/1.1
User-Agent: selenium/4.8.1 (java windows)
Content-Length: 62
Content-Type: application/json; charset=utf-8
host: localhost:25986
accept: */*

Response DefaultHttpResponse(decodeResult: success, version: HTTP/1.1)
HTTP/1.1 200 OK
Content-Length: 88
Content-Type: application/json; charset=utf-8
cache-control: no-cache

22:30:18.601 [AsyncHttpClient-1-8] DEBUG org.asynchttpclient.netty.channel.ChannelManager - Adding key: http://localhost:25986 for channel [id: 0x9bcecac8, L:/127.0.0.1:54527 - R:localhost/127.0.0.1:25986]
22:30:18.602 [Forwarding clickElement on session 93dff82af30c6a21e1f65331254841da to remote] DEBUG org.asynchttpclient.netty.request.NettyRequestSender - Using pooled Channel '[id: 0x9bcecac8, L:/127.0.0.1:54527 - R:localhost/127.0.0.1:25986]' for 'POST' to 'http://localhost:25986/session/93dff82af30c6a21e1f65331254841da/element/aad57e94-af0e-422f-bf6f-b6975d89dfba/click'
22:30:18.602 [Forwarding clickElement on session 93dff82af30c6a21e1f65331254841da to remote] DEBUG org.asynchttpclient.netty.request.NettyRequestSender - Using open Channel [id: 0x9bcecac8, L:/127.0.0.1:54527 - R:localhost/127.0.0.1:25986] for POST '/session/93dff82af30c6a21e1f65331254841da/element/aad57e94-af0e-422f-bf6f-b6975d89dfba/click'
22:30:18.676 [AsyncHttpClient-1-8] DEBUG org.asynchttpclient.netty.handler.HttpHandler - 

Request DefaultHttpRequest(decodeResult: success, version: HTTP/1.1)
POST /session/93dff82af30c6a21e1f65331254841da/element/aad57e94-af0e-422f-bf6f-b6975d89dfba/click HTTP/1.1
User-Agent: selenium/4.8.1 (java windows)
Content-Length: 50
Content-Type: application/json; charset=utf-8
host: localhost:25986
accept: */*

Response DefaultHttpResponse(decodeResult: success, version: HTTP/1.1)
HTTP/1.1 200 OK
Content-Length: 14
Content-Type: application/json; charset=utf-8
cache-control: no-cache

22:30:18.676 [AsyncHttpClient-1-8] DEBUG org.asynchttpclient.netty.channel.ChannelManager - Adding key: http://localhost:25986 for channel [id: 0x9bcecac8, L:/127.0.0.1:54527 - R:localhost/127.0.0.1:25986]
22:30:18.682 [AsyncHttpClient-1-1] DEBUG org.asynchttpclient.netty.channel.DefaultChannelPool - Entry count for : http://localhost:54528 : 1
22:30:18.682 [AsyncHttpClient-1-1] DEBUG org.asynchttpclient.netty.channel.DefaultChannelPool - Entry count for : http://localhost:25986 : 1
22:30:18.694 [Forwarding getAlertText on session 93dff82af30c6a21e1f65331254841da to remote] DEBUG org.asynchttpclient.netty.request.NettyRequestSender - Using pooled Channel '[id: 0x9bcecac8, L:/127.0.0.1:54527 - R:localhost/127.0.0.1:25986]' for 'GET' to 'http://localhost:25986/session/93dff82af30c6a21e1f65331254841da/alert/text'
22:30:18.694 [Forwarding getAlertText on session 93dff82af30c6a21e1f65331254841da to remote] DEBUG org.asynchttpclient.netty.request.NettyRequestSender - Using open Channel [id: 0x9bcecac8, L:/127.0.0.1:54527 - R:localhost/127.0.0.1:25986] for GET '/session/93dff82af30c6a21e1f65331254841da/alert/text'
22:30:18.697 [AsyncHttpClient-1-8] DEBUG org.asynchttpclient.netty.handler.HttpHandler - 

Request DefaultFullHttpRequest(decodeResult: success, version: HTTP/1.1, content: EmptyByteBufBE)
GET /session/93dff82af30c6a21e1f65331254841da/alert/text HTTP/1.1
User-Agent: selenium/4.8.1 (java windows)
Cache-Control: no-cache
Content-Type: application/json; charset=utf-8
host: localhost:25986
accept: */*

Response DefaultHttpResponse(decodeResult: success, version: HTTP/1.1)
HTTP/1.1 404 Not Found
Content-Length: 835
Content-Type: application/json; charset=utf-8
cache-control: no-cache

22:30:18.698 [AsyncHttpClient-1-8] DEBUG org.asynchttpclient.netty.channel.ChannelManager - Adding key: http://localhost:25986 for channel [id: 0x9bcecac8, L:/127.0.0.1:54527 - R:localhost/127.0.0.1:25986]
22:30:18.699 [Forwarding getCurrentUrl on session 93dff82af30c6a21e1f65331254841da to remote] DEBUG org.asynchttpclient.netty.request.NettyRequestSender - Using pooled Channel '[id: 0x9bcecac8, L:/127.0.0.1:54527 - R:localhost/127.0.0.1:25986]' for 'GET' to 'http://localhost:25986/session/93dff82af30c6a21e1f65331254841da/url'
22:30:18.700 [Forwarding getCurrentUrl on session 93dff82af30c6a21e1f65331254841da to remote] DEBUG org.asynchttpclient.netty.request.NettyRequestSender - Using open Channel [id: 0x9bcecac8, L:/127.0.0.1:54527 - R:localhost/127.0.0.1:25986] for GET '/session/93dff82af30c6a21e1f65331254841da/url'
22:30:18.704 [AsyncHttpClient-1-8] DEBUG org.asynchttpclient.netty.handler.HttpHandler - 

Request DefaultFullHttpRequest(decodeResult: success, version: HTTP/1.1, content: EmptyByteBufBE)
GET /session/93dff82af30c6a21e1f65331254841da/url HTTP/1.1
User-Agent: selenium/4.8.1 (java windows)
Cache-Control: no-cache
Content-Type: application/json; charset=utf-8
host: localhost:25986
accept: */*

Response DefaultHttpResponse(decodeResult: success, version: HTTP/1.1)
HTTP/1.1 200 OK
Content-Length: 51
Content-Type: application/json; charset=utf-8
cache-control: no-cache

22:30:18.705 [AsyncHttpClient-1-8] DEBUG org.asynchttpclient.netty.channel.ChannelManager - Adding key: http://localhost:25986 for channel [id: 0x9bcecac8, L:/127.0.0.1:54527 - R:localhost/127.0.0.1:25986]
22:30:18.706 [Forwarding screenshot on session 93dff82af30c6a21e1f65331254841da to remote] DEBUG org.asynchttpclient.netty.request.NettyRequestSender - Using pooled Channel '[id: 0x9bcecac8, L:/127.0.0.1:54527 - R:localhost/127.0.0.1:25986]' for 'GET' to 'http://localhost:25986/session/93dff82af30c6a21e1f65331254841da/screenshot'
22:30:18.706 [Forwarding screenshot on session 93dff82af30c6a21e1f65331254841da to remote] DEBUG org.asynchttpclient.netty.request.NettyRequestSender - Using open Channel [id: 0x9bcecac8, L:/127.0.0.1:54527 - R:localhost/127.0.0.1:25986] for GET '/session/93dff82af30c6a21e1f65331254841da/screenshot'
22:30:18.983 [AsyncHttpClient-1-8] DEBUG org.asynchttpclient.netty.handler.HttpHandler - 

Request DefaultFullHttpRequest(decodeResult: success, version: HTTP/1.1, content: EmptyByteBufBE)
GET /session/93dff82af30c6a21e1f65331254841da/screenshot HTTP/1.1
User-Agent: selenium/4.8.1 (java windows)
Cache-Control: no-cache
Content-Type: application/json; charset=utf-8
host: localhost:25986
accept: */*

Response DefaultHttpResponse(decodeResult: success, version: HTTP/1.1)
HTTP/1.1 200 OK
Content-Length: 171344
Content-Type: application/json; charset=utf-8
cache-control: no-cache

22:30:18.983 [AsyncHttpClient-1-8] DEBUG org.asynchttpclient.netty.channel.ChannelManager - Adding key: http://localhost:25986 for channel [id: 0x9bcecac8, L:/127.0.0.1:54527 - R:localhost/127.0.0.1:25986]
22:30:18.990 [main] DEBUG net.serenitybdd.core.photography.Darkroom - Send negative for processing for target\site\serenity\3343b578d171e1c4bb5ba00d7a95be6e4196c32ed02a53934e922c2a6a5ad46f.png
22:30:18.991 [main] DEBUG net.thucydides.core.steps.StepInterceptor - STEP DONE: clickLanjutkanButton
22:30:18.991 [Darkroom Processing Line] DEBUG net.serenitybdd.core.photography.DarkroomProcessingLine - Processing screenshot image in /var/screenshots/screenshot-12888022146991659172
22:30:18.991 [Darkroom Processing Line] DEBUG net.serenitybdd.core.photography.DarkroomProcessingLine - Saving screenshot to target\site\serenity\3343b578d171e1c4bb5ba00d7a95be6e4196c32ed02a53934e922c2a6a5ad46f.png
22:30:18.999 [main] DEBUG net.thucydides.core.steps.StepInterceptor - STEP DONE: clickLanjutkanButton
  &amp#27;[32mWhen &amp#27;[0m&amp#27;[32mI select a product and proceeds to checkout&amp#27;[0m          &amp#27;[90m# starter.stepdefintions.PaymentMethodSteps.proceedsToCheckout()&amp#27;[0m
22:30:19.016 [Forwarding getPageSource on session 93dff82af30c6a21e1f65331254841da to remote] DEBUG org.asynchttpclient.netty.request.NettyRequestSender - Using pooled Channel '[id: 0x9bcecac8, L:/127.0.0.1:54527 - R:localhost/127.0.0.1:25986]' for 'POST' to 'http://localhost:25986/session/93dff82af30c6a21e1f65331254841da/execute/sync'
22:30:19.016 [Forwarding getPageSource on session 93dff82af30c6a21e1f65331254841da to remote] DEBUG org.asynchttpclient.netty.request.NettyRequestSender - Using open Channel [id: 0x9bcecac8, L:/127.0.0.1:54527 - R:localhost/127.0.0.1:25986] for POST '/session/93dff82af30c6a21e1f65331254841da/execute/sync'
22:30:19.033 [AsyncHttpClient-1-8] DEBUG org.asynchttpclient.netty.handler.HttpHandler - 

Request DefaultHttpRequest(decodeResult: success, version: HTTP/1.1)
POST /session/93dff82af30c6a21e1f65331254841da/execute/sync HTTP/1.1
User-Agent: selenium/4.8.1 (java windows)
Content-Length: 176
Content-Type: application/json; charset=utf-8
host: localhost:25986
accept: */*

Response DefaultHttpResponse(decodeResult: success, version: HTTP/1.1)
HTTP/1.1 200 OK
Content-Length: 102136
Content-Type: application/json; charset=utf-8
cache-control: no-cache

22:30:19.034 [AsyncHttpClient-1-8] DEBUG org.asynchttpclient.netty.channel.ChannelManager - Adding key: http://localhost:25986 for channel [id: 0x9bcecac8, L:/127.0.0.1:54527 - R:localhost/127.0.0.1:25986]
22:30:19.045 [Forwarding getCurrentUrl on session 93dff82af30c6a21e1f65331254841da to remote] DEBUG org.asynchttpclient.netty.request.NettyRequestSender - Using pooled Channel '[id: 0x9bcecac8, L:/127.0.0.1:54527 - R:localhost/127.0.0.1:25986]' for 'GET' to 'http://localhost:25986/session/93dff82af30c6a21e1f65331254841da/url'
22:30:19.045 [Forwarding getCurrentUrl on session 93dff82af30c6a21e1f65331254841da to remote] DEBUG org.asynchttpclient.netty.request.NettyRequestSender - Using open Channel [id: 0x9bcecac8, L:/127.0.0.1:54527 - R:localhost/127.0.0.1:25986] for GET '/session/93dff82af30c6a21e1f65331254841da/url'
22:30:19.051 [AsyncHttpClient-1-8] DEBUG org.asynchttpclient.netty.handler.HttpHandler - 

Request DefaultFullHttpRequest(decodeResult: success, version: HTTP/1.1, content: EmptyByteBufBE)
GET /session/93dff82af30c6a21e1f65331254841da/url HTTP/1.1
User-Agent: selenium/4.8.1 (java windows)
Cache-Control: no-cache
Content-Type: application/json; charset=utf-8
host: localhost:25986
accept: */*

Response DefaultHttpResponse(decodeResult: success, version: HTTP/1.1)
HTTP/1.1 200 OK
Content-Length: 51
Content-Type: application/json; charset=utf-8
cache-control: no-cache

22:30:19.051 [AsyncHttpClient-1-8] DEBUG org.asynchttpclient.netty.channel.ChannelManager - Adding key: http://localhost:25986 for channel [id: 0x9bcecac8, L:/127.0.0.1:54527 - R:localhost/127.0.0.1:25986]
22:30:19.068 [Forwarding getAlertText on session 93dff82af30c6a21e1f65331254841da to remote] DEBUG org.asynchttpclient.netty.request.NettyRequestSender - Using pooled Channel '[id: 0x9bcecac8, L:/127.0.0.1:54527 - R:localhost/127.0.0.1:25986]' for 'GET' to 'http://localhost:25986/session/93dff82af30c6a21e1f65331254841da/alert/text'
22:30:19.068 [Forwarding getAlertText on session 93dff82af30c6a21e1f65331254841da to remote] DEBUG org.asynchttpclient.netty.request.NettyRequestSender - Using open Channel [id: 0x9bcecac8, L:/127.0.0.1:54527 - R:localhost/127.0.0.1:25986] for GET '/session/93dff82af30c6a21e1f65331254841da/alert/text'
22:30:19.070 [AsyncHttpClient-1-8] DEBUG org.asynchttpclient.netty.handler.HttpHandler - 

Request DefaultFullHttpRequest(decodeResult: success, version: HTTP/1.1, content: EmptyByteBufBE)
GET /session/93dff82af30c6a21e1f65331254841da/alert/text HTTP/1.1
User-Agent: selenium/4.8.1 (java windows)
Cache-Control: no-cache
Content-Type: application/json; charset=utf-8
host: localhost:25986
accept: */*

Response DefaultHttpResponse(decodeResult: success, version: HTTP/1.1)
HTTP/1.1 404 Not Found
Content-Length: 835
Content-Type: application/json; charset=utf-8
cache-control: no-cache

22:30:19.070 [AsyncHttpClient-1-8] DEBUG org.asynchttpclient.netty.channel.ChannelManager - Adding key: http://localhost:25986 for channel [id: 0x9bcecac8, L:/127.0.0.1:54527 - R:localhost/127.0.0.1:25986]
22:30:19.072 [Forwarding getCurrentUrl on session 93dff82af30c6a21e1f65331254841da to remote] DEBUG org.asynchttpclient.netty.request.NettyRequestSender - Using pooled Channel '[id: 0x9bcecac8, L:/127.0.0.1:54527 - R:localhost/127.0.0.1:25986]' for 'GET' to 'http://localhost:25986/session/93dff82af30c6a21e1f65331254841da/url'
22:30:19.072 [Forwarding getCurrentUrl on session 93dff82af30c6a21e1f65331254841da to remote] DEBUG org.asynchttpclient.netty.request.NettyRequestSender - Using open Channel [id: 0x9bcecac8, L:/127.0.0.1:54527 - R:localhost/127.0.0.1:25986] for GET '/session/93dff82af30c6a21e1f65331254841da/url'
22:30:19.080 [AsyncHttpClient-1-8] DEBUG org.asynchttpclient.netty.handler.HttpHandler - 

Request DefaultFullHttpRequest(decodeResult: success, version: HTTP/1.1, content: EmptyByteBufBE)
GET /session/93dff82af30c6a21e1f65331254841da/url HTTP/1.1
User-Agent: selenium/4.8.1 (java windows)
Cache-Control: no-cache
Content-Type: application/json; charset=utf-8
host: localhost:25986
accept: */*

Response DefaultHttpResponse(decodeResult: success, version: HTTP/1.1)
HTTP/1.1 200 OK
Content-Length: 51
Content-Type: application/json; charset=utf-8
cache-control: no-cache

22:30:19.080 [AsyncHttpClient-1-8] DEBUG org.asynchttpclient.netty.channel.ChannelManager - Adding key: http://localhost:25986 for channel [id: 0x9bcecac8, L:/127.0.0.1:54527 - R:localhost/127.0.0.1:25986]
22:30:19.082 [Forwarding screenshot on session 93dff82af30c6a21e1f65331254841da to remote] DEBUG org.asynchttpclient.netty.request.NettyRequestSender - Using pooled Channel '[id: 0x9bcecac8, L:/127.0.0.1:54527 - R:localhost/127.0.0.1:25986]' for 'GET' to 'http://localhost:25986/session/93dff82af30c6a21e1f65331254841da/screenshot'
22:30:19.082 [Forwarding screenshot on session 93dff82af30c6a21e1f65331254841da to remote] DEBUG org.asynchttpclient.netty.request.NettyRequestSender - Using open Channel [id: 0x9bcecac8, L:/127.0.0.1:54527 - R:localhost/127.0.0.1:25986] for GET '/session/93dff82af30c6a21e1f65331254841da/screenshot'
22:30:19.364 [AsyncHttpClient-1-8] DEBUG org.asynchttpclient.netty.handler.HttpHandler - 

Request DefaultFullHttpRequest(decodeResult: success, version: HTTP/1.1, content: EmptyByteBufBE)
GET /session/93dff82af30c6a21e1f65331254841da/screenshot HTTP/1.1
User-Agent: selenium/4.8.1 (java windows)
Cache-Control: no-cache
Content-Type: application/json; charset=utf-8
host: localhost:25986
accept: */*

Response DefaultHttpResponse(decodeResult: success, version: HTTP/1.1)
HTTP/1.1 200 OK
Content-Length: 171168
Content-Type: application/json; charset=utf-8
cache-control: no-cache

22:30:19.364 [AsyncHttpClient-1-8] DEBUG org.asynchttpclient.netty.channel.ChannelManager - Adding key: http://localhost:25986 for channel [id: 0x9bcecac8, L:/127.0.0.1:54527 - R:localhost/127.0.0.1:25986]
22:30:19.372 [main] DEBUG net.serenitybdd.core.photography.Darkroom - Send negative for processing for target\site\serenity\91e293d4520e10b4a186407f85d99ae063763e55432a1643d7d99df17eb02e90.png
22:30:19.372 [Darkroom Processing Line] DEBUG net.serenitybdd.core.photography.DarkroomProcessingLine - Processing screenshot image in /var/screenshots/screenshot-17684384822945736431
22:30:19.376 [Darkroom Processing Line] DEBUG net.serenitybdd.core.photography.DarkroomProcessingLine - Saving screenshot to target\site\serenity\91e293d4520e10b4a186407f85d99ae063763e55432a1643d7d99df17eb02e90.png
22:30:19.377 [Forwarding getPageSource on session 93dff82af30c6a21e1f65331254841da to remote] DEBUG org.asynchttpclient.netty.request.NettyRequestSender - Using pooled Channel '[id: 0x9bcecac8, L:/127.0.0.1:54527 - R:localhost/127.0.0.1:25986]' for 'POST' to 'http://localhost:25986/session/93dff82af30c6a21e1f65331254841da/execute/sync'
22:30:19.377 [Forwarding getPageSource on session 93dff82af30c6a21e1f65331254841da to remote] DEBUG org.asynchttpclient.netty.request.NettyRequestSender - Using open Channel [id: 0x9bcecac8, L:/127.0.0.1:54527 - R:localhost/127.0.0.1:25986] for POST '/session/93dff82af30c6a21e1f65331254841da/execute/sync'
22:30:19.390 [AsyncHttpClient-1-8] DEBUG org.asynchttpclient.netty.handler.HttpHandler - 

Request DefaultHttpRequest(decodeResult: success, version: HTTP/1.1)
POST /session/93dff82af30c6a21e1f65331254841da/execute/sync HTTP/1.1
User-Agent: selenium/4.8.1 (java windows)
Content-Length: 176
Content-Type: application/json; charset=utf-8
host: localhost:25986
accept: */*

Response DefaultHttpResponse(decodeResult: success, version: HTTP/1.1)
HTTP/1.1 200 OK
Content-Length: 83971
Content-Type: application/json; charset=utf-8
cache-control: no-cache

22:30:19.390 [AsyncHttpClient-1-8] DEBUG org.asynchttpclient.netty.channel.ChannelManager - Adding key: http://localhost:25986 for channel [id: 0x9bcecac8, L:/127.0.0.1:54527 - R:localhost/127.0.0.1:25986]
22:30:19.397 [Forwarding getCurrentUrl on session 93dff82af30c6a21e1f65331254841da to remote] DEBUG org.asynchttpclient.netty.request.NettyRequestSender - Using pooled Channel '[id: 0x9bcecac8, L:/127.0.0.1:54527 - R:localhost/127.0.0.1:25986]' for 'GET' to 'http://localhost:25986/session/93dff82af30c6a21e1f65331254841da/url'
22:30:19.397 [Forwarding getCurrentUrl on session 93dff82af30c6a21e1f65331254841da to remote] DEBUG org.asynchttpclient.netty.request.NettyRequestSender - Using open Channel [id: 0x9bcecac8, L:/127.0.0.1:54527 - R:localhost/127.0.0.1:25986] for GET '/session/93dff82af30c6a21e1f65331254841da/url'
22:30:19.402 [AsyncHttpClient-1-8] DEBUG org.asynchttpclient.netty.handler.HttpHandler - 

Request DefaultFullHttpRequest(decodeResult: success, version: HTTP/1.1, content: EmptyByteBufBE)
GET /session/93dff82af30c6a21e1f65331254841da/url HTTP/1.1
User-Agent: selenium/4.8.1 (java windows)
Cache-Control: no-cache
Content-Type: application/json; charset=utf-8
host: localhost:25986
accept: */*

Response DefaultHttpResponse(decodeResult: success, version: HTTP/1.1)
HTTP/1.1 200 OK
Content-Length: 51
Content-Type: application/json; charset=utf-8
cache-control: no-cache

22:30:19.403 [AsyncHttpClient-1-8] DEBUG org.asynchttpclient.netty.channel.ChannelManager - Adding key: http://localhost:25986 for channel [id: 0x9bcecac8, L:/127.0.0.1:54527 - R:localhost/127.0.0.1:25986]
22:30:19.406 [main] DEBUG net.thucydides.core.steps.StepInterceptor - STARTING STEP: PaymentMethodSteps.chooseNominal - chooseNominal
22:30:19.409 [Forwarding findElement on session 93dff82af30c6a21e1f65331254841da to remote] DEBUG org.asynchttpclient.netty.request.NettyRequestSender - Using pooled Channel '[id: 0x9bcecac8, L:/127.0.0.1:54527 - R:localhost/127.0.0.1:25986]' for 'POST' to 'http://localhost:25986/session/93dff82af30c6a21e1f65331254841da/element'
22:30:19.409 [Forwarding findElement on session 93dff82af30c6a21e1f65331254841da to remote] DEBUG org.asynchttpclient.netty.request.NettyRequestSender - Using open Channel [id: 0x9bcecac8, L:/127.0.0.1:54527 - R:localhost/127.0.0.1:25986] for POST '/session/93dff82af30c6a21e1f65331254841da/element'
22:30:19.426 [AsyncHttpClient-1-8] DEBUG org.asynchttpclient.netty.handler.HttpHandler - 

Request DefaultHttpRequest(decodeResult: success, version: HTTP/1.1)
POST /session/93dff82af30c6a21e1f65331254841da/element HTTP/1.1
User-Agent: selenium/4.8.1 (java windows)
Content-Length: 65
Content-Type: application/json; charset=utf-8
host: localhost:25986
accept: */*

Response DefaultHttpResponse(decodeResult: success, version: HTTP/1.1)
HTTP/1.1 200 OK
Content-Length: 88
Content-Type: application/json; charset=utf-8
cache-control: no-cache

22:30:19.427 [AsyncHttpClient-1-8] DEBUG org.asynchttpclient.netty.channel.ChannelManager - Adding key: http://localhost:25986 for channel [id: 0x9bcecac8, L:/127.0.0.1:54527 - R:localhost/127.0.0.1:25986]
22:30:19.428 [Forwarding getElementTagName on session 93dff82af30c6a21e1f65331254841da to remote] DEBUG org.asynchttpclient.netty.request.NettyRequestSender - Using pooled Channel '[id: 0x9bcecac8, L:/127.0.0.1:54527 - R:localhost/127.0.0.1:25986]' for 'GET' to 'http://localhost:25986/session/93dff82af30c6a21e1f65331254841da/element/ea83c4c0-8ea2-4f1a-a55a-14b7fbc2f37c/name'
22:30:19.428 [Forwarding getElementTagName on session 93dff82af30c6a21e1f65331254841da to remote] DEBUG org.asynchttpclient.netty.request.NettyRequestSender - Using open Channel [id: 0x9bcecac8, L:/127.0.0.1:54527 - R:localhost/127.0.0.1:25986] for GET '/session/93dff82af30c6a21e1f65331254841da/element/ea83c4c0-8ea2-4f1a-a55a-14b7fbc2f37c/name'
22:30:19.434 [AsyncHttpClient-1-8] DEBUG org.asynchttpclient.netty.handler.HttpHandler - 

Request DefaultFullHttpRequest(decodeResult: success, version: HTTP/1.1, content: EmptyByteBufBE)
GET /session/93dff82af30c6a21e1f65331254841da/element/ea83c4c0-8ea2-4f1a-a55a-14b7fbc2f37c/name HTTP/1.1
User-Agent: selenium/4.8.1 (java windows)
Cache-Control: no-cache
Content-Type: application/json; charset=utf-8
host: localhost:25986
accept: */*

Response DefaultHttpResponse(decodeResult: success, version: HTTP/1.1)
HTTP/1.1 200 OK
Content-Length: 15
Content-Type: application/json; charset=utf-8
cache-control: no-cache

22:30:19.434 [AsyncHttpClient-1-8] DEBUG org.asynchttpclient.netty.channel.ChannelManager - Adding key: http://localhost:25986 for channel [id: 0x9bcecac8, L:/127.0.0.1:54527 - R:localhost/127.0.0.1:25986]
22:30:19.435 [Forwarding getElementTagName on session 93dff82af30c6a21e1f65331254841da to remote] DEBUG org.asynchttpclient.netty.request.NettyRequestSender - Using pooled Channel '[id: 0x9bcecac8, L:/127.0.0.1:54527 - R:localhost/127.0.0.1:25986]' for 'GET' to 'http://localhost:25986/session/93dff82af30c6a21e1f65331254841da/element/ea83c4c0-8ea2-4f1a-a55a-14b7fbc2f37c/name'
22:30:19.435 [Forwarding getElementTagName on session 93dff82af30c6a21e1f65331254841da to remote] DEBUG org.asynchttpclient.netty.request.NettyRequestSender - Using open Channel [id: 0x9bcecac8, L:/127.0.0.1:54527 - R:localhost/127.0.0.1:25986] for GET '/session/93dff82af30c6a21e1f65331254841da/element/ea83c4c0-8ea2-4f1a-a55a-14b7fbc2f37c/name'
22:30:19.441 [AsyncHttpClient-1-8] DEBUG org.asynchttpclient.netty.handler.HttpHandler - 

Request DefaultFullHttpRequest(decodeResult: success, version: HTTP/1.1, content: EmptyByteBufBE)
GET /session/93dff82af30c6a21e1f65331254841da/element/ea83c4c0-8ea2-4f1a-a55a-14b7fbc2f37c/name HTTP/1.1
User-Agent: selenium/4.8.1 (java windows)
Cache-Control: no-cache
Content-Type: application/json; charset=utf-8
host: localhost:25986
accept: */*

Response DefaultHttpResponse(decodeResult: success, version: HTTP/1.1)
HTTP/1.1 200 OK
Content-Length: 15
Content-Type: application/json; charset=utf-8
cache-control: no-cache

22:30:19.441 [AsyncHttpClient-1-8] DEBUG org.asynchttpclient.netty.channel.ChannelManager - Adding key: http://localhost:25986 for channel [id: 0x9bcecac8, L:/127.0.0.1:54527 - R:localhost/127.0.0.1:25986]
22:30:19.443 [Forwarding findElement on session 93dff82af30c6a21e1f65331254841da to remote] DEBUG org.asynchttpclient.netty.request.NettyRequestSender - Using pooled Channel '[id: 0x9bcecac8, L:/127.0.0.1:54527 - R:localhost/127.0.0.1:25986]' for 'POST' to 'http://localhost:25986/session/93dff82af30c6a21e1f65331254841da/element'
22:30:19.444 [Forwarding findElement on session 93dff82af30c6a21e1f65331254841da to remote] DEBUG org.asynchttpclient.netty.request.NettyRequestSender - Using open Channel [id: 0x9bcecac8, L:/127.0.0.1:54527 - R:localhost/127.0.0.1:25986] for POST '/session/93dff82af30c6a21e1f65331254841da/element'
22:30:19.454 [AsyncHttpClient-1-8] DEBUG org.asynchttpclient.netty.handler.HttpHandler - 

Request DefaultHttpRequest(decodeResult: success, version: HTTP/1.1)
POST /session/93dff82af30c6a21e1f65331254841da/element HTTP/1.1
User-Agent: selenium/4.8.1 (java windows)
Content-Length: 65
Content-Type: application/json; charset=utf-8
host: localhost:25986
accept: */*

Response DefaultHttpResponse(decodeResult: success, version: HTTP/1.1)
HTTP/1.1 200 OK
Content-Length: 88
Content-Type: application/json; charset=utf-8
cache-control: no-cache

22:30:19.454 [AsyncHttpClient-1-8] DEBUG org.asynchttpclient.netty.channel.ChannelManager - Adding key: http://localhost:25986 for channel [id: 0x9bcecac8, L:/127.0.0.1:54527 - R:localhost/127.0.0.1:25986]
22:30:19.455 [Forwarding clickElement on session 93dff82af30c6a21e1f65331254841da to remote] DEBUG org.asynchttpclient.netty.request.NettyRequestSender - Using pooled Channel '[id: 0x9bcecac8, L:/127.0.0.1:54527 - R:localhost/127.0.0.1:25986]' for 'POST' to 'http://localhost:25986/session/93dff82af30c6a21e1f65331254841da/element/ea83c4c0-8ea2-4f1a-a55a-14b7fbc2f37c/click'
22:30:19.455 [Forwarding clickElement on session 93dff82af30c6a21e1f65331254841da to remote] DEBUG org.asynchttpclient.netty.request.NettyRequestSender - Using open Channel [id: 0x9bcecac8, L:/127.0.0.1:54527 - R:localhost/127.0.0.1:25986] for POST '/session/93dff82af30c6a21e1f65331254841da/element/ea83c4c0-8ea2-4f1a-a55a-14b7fbc2f37c/click'
22:30:19.525 [AsyncHttpClient-1-8] DEBUG org.asynchttpclient.netty.handler.HttpHandler - 

Request DefaultHttpRequest(decodeResult: success, version: HTTP/1.1)
POST /session/93dff82af30c6a21e1f65331254841da/element/ea83c4c0-8ea2-4f1a-a55a-14b7fbc2f37c/click HTTP/1.1
User-Agent: selenium/4.8.1 (java windows)
Content-Length: 50
Content-Type: application/json; charset=utf-8
host: localhost:25986
accept: */*

Response DefaultHttpResponse(decodeResult: success, version: HTTP/1.1)
HTTP/1.1 200 OK
Content-Length: 14
Content-Type: application/json; charset=utf-8
cache-control: no-cache

22:30:19.525 [AsyncHttpClient-1-8] DEBUG org.asynchttpclient.netty.channel.ChannelManager - Adding key: http://localhost:25986 for channel [id: 0x9bcecac8, L:/127.0.0.1:54527 - R:localhost/127.0.0.1:25986]
22:30:19.536 [Forwarding getAlertText on session 93dff82af30c6a21e1f65331254841da to remote] DEBUG org.asynchttpclient.netty.request.NettyRequestSender - Using pooled Channel '[id: 0x9bcecac8, L:/127.0.0.1:54527 - R:localhost/127.0.0.1:25986]' for 'GET' to 'http://localhost:25986/session/93dff82af30c6a21e1f65331254841da/alert/text'
22:30:19.536 [Forwarding getAlertText on session 93dff82af30c6a21e1f65331254841da to remote] DEBUG org.asynchttpclient.netty.request.NettyRequestSender - Using open Channel [id: 0x9bcecac8, L:/127.0.0.1:54527 - R:localhost/127.0.0.1:25986] for GET '/session/93dff82af30c6a21e1f65331254841da/alert/text'
22:30:19.539 [AsyncHttpClient-1-8] DEBUG org.asynchttpclient.netty.handler.HttpHandler - 

Request DefaultFullHttpRequest(decodeResult: success, version: HTTP/1.1, content: EmptyByteBufBE)
GET /session/93dff82af30c6a21e1f65331254841da/alert/text HTTP/1.1
User-Agent: selenium/4.8.1 (java windows)
Cache-Control: no-cache
Content-Type: application/json; charset=utf-8
host: localhost:25986
accept: */*

Response DefaultHttpResponse(decodeResult: success, version: HTTP/1.1)
HTTP/1.1 404 Not Found
Content-Length: 835
Content-Type: application/json; charset=utf-8
cache-control: no-cache

22:30:19.539 [AsyncHttpClient-1-8] DEBUG org.asynchttpclient.netty.channel.ChannelManager - Adding key: http://localhost:25986 for channel [id: 0x9bcecac8, L:/127.0.0.1:54527 - R:localhost/127.0.0.1:25986]
22:30:19.540 [Forwarding getCurrentUrl on session 93dff82af30c6a21e1f65331254841da to remote] DEBUG org.asynchttpclient.netty.request.NettyRequestSender - Using pooled Channel '[id: 0x9bcecac8, L:/127.0.0.1:54527 - R:localhost/127.0.0.1:25986]' for 'GET' to 'http://localhost:25986/session/93dff82af30c6a21e1f65331254841da/url'
22:30:19.541 [Forwarding getCurrentUrl on session 93dff82af30c6a21e1f65331254841da to remote] DEBUG org.asynchttpclient.netty.request.NettyRequestSender - Using open Channel [id: 0x9bcecac8, L:/127.0.0.1:54527 - R:localhost/127.0.0.1:25986] for GET '/session/93dff82af30c6a21e1f65331254841da/url'
22:30:19.547 [AsyncHttpClient-1-8] DEBUG org.asynchttpclient.netty.handler.HttpHandler - 

Request DefaultFullHttpRequest(decodeResult: success, version: HTTP/1.1, content: EmptyByteBufBE)
GET /session/93dff82af30c6a21e1f65331254841da/url HTTP/1.1
User-Agent: selenium/4.8.1 (java windows)
Cache-Control: no-cache
Content-Type: application/json; charset=utf-8
host: localhost:25986
accept: */*

Response DefaultHttpResponse(decodeResult: success, version: HTTP/1.1)
HTTP/1.1 200 OK
Content-Length: 51
Content-Type: application/json; charset=utf-8
cache-control: no-cache

22:30:19.548 [AsyncHttpClient-1-8] DEBUG org.asynchttpclient.netty.channel.ChannelManager - Adding key: http://localhost:25986 for channel [id: 0x9bcecac8, L:/127.0.0.1:54527 - R:localhost/127.0.0.1:25986]
22:30:19.549 [Forwarding screenshot on session 93dff82af30c6a21e1f65331254841da to remote] DEBUG org.asynchttpclient.netty.request.NettyRequestSender - Using pooled Channel '[id: 0x9bcecac8, L:/127.0.0.1:54527 - R:localhost/127.0.0.1:25986]' for 'GET' to 'http://localhost:25986/session/93dff82af30c6a21e1f65331254841da/screenshot'
22:30:19.549 [Forwarding screenshot on session 93dff82af30c6a21e1f65331254841da to remote] DEBUG org.asynchttpclient.netty.request.NettyRequestSender - Using open Channel [id: 0x9bcecac8, L:/127.0.0.1:54527 - R:localhost/127.0.0.1:25986] for GET '/session/93dff82af30c6a21e1f65331254841da/screenshot'
22:30:19.787 [AsyncHttpClient-1-1] DEBUG org.asynchttpclient.netty.channel.DefaultChannelPool - Entry count for : http://localhost:54528 : 1
22:30:19.801 [AsyncHttpClient-1-8] DEBUG org.asynchttpclient.netty.handler.HttpHandler - 

Request DefaultFullHttpRequest(decodeResult: success, version: HTTP/1.1, content: EmptyByteBufBE)
GET /session/93dff82af30c6a21e1f65331254841da/screenshot HTTP/1.1
User-Agent: selenium/4.8.1 (java windows)
Cache-Control: no-cache
Content-Type: application/json; charset=utf-8
host: localhost:25986
accept: */*

Response DefaultHttpResponse(decodeResult: success, version: HTTP/1.1)
HTTP/1.1 200 OK
Content-Length: 158284
Content-Type: application/json; charset=utf-8
cache-control: no-cache

22:30:19.802 [AsyncHttpClient-1-8] DEBUG org.asynchttpclient.netty.channel.ChannelManager - Adding key: http://localhost:25986 for channel [id: 0x9bcecac8, L:/127.0.0.1:54527 - R:localhost/127.0.0.1:25986]
22:30:19.807 [main] DEBUG net.serenitybdd.core.photography.Darkroom - Send negative for processing for target\site\serenity\5d4035de4f3dc15a5360f8c2f347c3ce267d11b91666d11a25baad5f74901bfc.png
22:30:19.808 [main] DEBUG net.thucydides.core.steps.StepInterceptor - STEP DONE: chooseNominal
  &amp#27;[32mAnd &amp#27;[0m&amp#27;[32mI choose the Nominal of Listrik PLN&amp#27;[0m                   &amp#27;[90m# starter.stepdefintions.PaymentMethodSteps.chooseNominal()&amp#27;[0m
22:30:19.808 [Darkroom Processing Line] DEBUG net.serenitybdd.core.photography.DarkroomProcessingLine - Processing screenshot image in /var/screenshots/screenshot-13302116274190281023
22:30:19.808 [Darkroom Processing Line] DEBUG net.serenitybdd.core.photography.DarkroomProcessingLine - Saving screenshot to target\site\serenity\5d4035de4f3dc15a5360f8c2f347c3ce267d11b91666d11a25baad5f74901bfc.png
22:30:19.823 [Forwarding getPageSource on session 93dff82af30c6a21e1f65331254841da to remote] DEBUG org.asynchttpclient.netty.request.NettyRequestSender - Using pooled Channel '[id: 0x9bcecac8, L:/127.0.0.1:54527 - R:localhost/127.0.0.1:25986]' for 'POST' to 'http://localhost:25986/session/93dff82af30c6a21e1f65331254841da/execute/sync'
22:30:19.823 [Forwarding getPageSource on session 93dff82af30c6a21e1f65331254841da to remote] DEBUG org.asynchttpclient.netty.request.NettyRequestSender - Using open Channel [id: 0x9bcecac8, L:/127.0.0.1:54527 - R:localhost/127.0.0.1:25986] for POST '/session/93dff82af30c6a21e1f65331254841da/execute/sync'
22:30:19.838 [AsyncHttpClient-1-8] DEBUG org.asynchttpclient.netty.handler.HttpHandler - 

Request DefaultHttpRequest(decodeResult: success, version: HTTP/1.1)
POST /session/93dff82af30c6a21e1f65331254841da/execute/sync HTTP/1.1
User-Agent: selenium/4.8.1 (java windows)
Content-Length: 176
Content-Type: application/json; charset=utf-8
host: localhost:25986
accept: */*

Response DefaultHttpResponse(decodeResult: success, version: HTTP/1.1)
HTTP/1.1 200 OK
Content-Length: 88194
Content-Type: application/json; charset=utf-8
cache-control: no-cache

22:30:19.839 [AsyncHttpClient-1-8] DEBUG org.asynchttpclient.netty.channel.ChannelManager - Adding key: http://localhost:25986 for channel [id: 0x9bcecac8, L:/127.0.0.1:54527 - R:localhost/127.0.0.1:25986]
22:30:19.850 [Forwarding getCurrentUrl on session 93dff82af30c6a21e1f65331254841da to remote] DEBUG org.asynchttpclient.netty.request.NettyRequestSender - Using pooled Channel '[id: 0x9bcecac8, L:/127.0.0.1:54527 - R:localhost/127.0.0.1:25986]' for 'GET' to 'http://localhost:25986/session/93dff82af30c6a21e1f65331254841da/url'
22:30:19.851 [Forwarding getCurrentUrl on session 93dff82af30c6a21e1f65331254841da to remote] DEBUG org.asynchttpclient.netty.request.NettyRequestSender - Using open Channel [id: 0x9bcecac8, L:/127.0.0.1:54527 - R:localhost/127.0.0.1:25986] for GET '/session/93dff82af30c6a21e1f65331254841da/url'
22:30:19.856 [AsyncHttpClient-1-8] DEBUG org.asynchttpclient.netty.handler.HttpHandler - 

Request DefaultFullHttpRequest(decodeResult: success, version: HTTP/1.1, content: EmptyByteBufBE)
GET /session/93dff82af30c6a21e1f65331254841da/url HTTP/1.1
User-Agent: selenium/4.8.1 (java windows)
Cache-Control: no-cache
Content-Type: application/json; charset=utf-8
host: localhost:25986
accept: */*

Response DefaultHttpResponse(decodeResult: success, version: HTTP/1.1)
HTTP/1.1 200 OK
Content-Length: 51
Content-Type: application/json; charset=utf-8
cache-control: no-cache

22:30:19.856 [AsyncHttpClient-1-8] DEBUG org.asynchttpclient.netty.channel.ChannelManager - Adding key: http://localhost:25986 for channel [id: 0x9bcecac8, L:/127.0.0.1:54527 - R:localhost/127.0.0.1:25986]
22:30:19.871 [Forwarding getAlertText on session 93dff82af30c6a21e1f65331254841da to remote] DEBUG org.asynchttpclient.netty.request.NettyRequestSender - Using pooled Channel '[id: 0x9bcecac8, L:/127.0.0.1:54527 - R:localhost/127.0.0.1:25986]' for 'GET' to 'http://localhost:25986/session/93dff82af30c6a21e1f65331254841da/alert/text'
22:30:19.871 [Forwarding getAlertText on session 93dff82af30c6a21e1f65331254841da to remote] DEBUG org.asynchttpclient.netty.request.NettyRequestSender - Using open Channel [id: 0x9bcecac8, L:/127.0.0.1:54527 - R:localhost/127.0.0.1:25986] for GET '/session/93dff82af30c6a21e1f65331254841da/alert/text'
22:30:19.873 [AsyncHttpClient-1-8] DEBUG org.asynchttpclient.netty.handler.HttpHandler - 

Request DefaultFullHttpRequest(decodeResult: success, version: HTTP/1.1, content: EmptyByteBufBE)
GET /session/93dff82af30c6a21e1f65331254841da/alert/text HTTP/1.1
User-Agent: selenium/4.8.1 (java windows)
Cache-Control: no-cache
Content-Type: application/json; charset=utf-8
host: localhost:25986
accept: */*

Response DefaultHttpResponse(decodeResult: success, version: HTTP/1.1)
HTTP/1.1 404 Not Found
Content-Length: 835
Content-Type: application/json; charset=utf-8
cache-control: no-cache

22:30:19.874 [AsyncHttpClient-1-8] DEBUG org.asynchttpclient.netty.channel.ChannelManager - Adding key: http://localhost:25986 for channel [id: 0x9bcecac8, L:/127.0.0.1:54527 - R:localhost/127.0.0.1:25986]
22:30:19.875 [Forwarding getCurrentUrl on session 93dff82af30c6a21e1f65331254841da to remote] DEBUG org.asynchttpclient.netty.request.NettyRequestSender - Using pooled Channel '[id: 0x9bcecac8, L:/127.0.0.1:54527 - R:localhost/127.0.0.1:25986]' for 'GET' to 'http://localhost:25986/session/93dff82af30c6a21e1f65331254841da/url'
22:30:19.875 [Forwarding getCurrentUrl on session 93dff82af30c6a21e1f65331254841da to remote] DEBUG org.asynchttpclient.netty.request.NettyRequestSender - Using open Channel [id: 0x9bcecac8, L:/127.0.0.1:54527 - R:localhost/127.0.0.1:25986] for GET '/session/93dff82af30c6a21e1f65331254841da/url'
22:30:19.880 [AsyncHttpClient-1-8] DEBUG org.asynchttpclient.netty.handler.HttpHandler - 

Request DefaultFullHttpRequest(decodeResult: success, version: HTTP/1.1, content: EmptyByteBufBE)
GET /session/93dff82af30c6a21e1f65331254841da/url HTTP/1.1
User-Agent: selenium/4.8.1 (java windows)
Cache-Control: no-cache
Content-Type: application/json; charset=utf-8
host: localhost:25986
accept: */*

Response DefaultHttpResponse(decodeResult: success, version: HTTP/1.1)
HTTP/1.1 200 OK
Content-Length: 51
Content-Type: application/json; charset=utf-8
cache-control: no-cache

22:30:19.881 [AsyncHttpClient-1-8] DEBUG org.asynchttpclient.netty.channel.ChannelManager - Adding key: http://localhost:25986 for channel [id: 0x9bcecac8, L:/127.0.0.1:54527 - R:localhost/127.0.0.1:25986]
22:30:19.882 [Forwarding screenshot on session 93dff82af30c6a21e1f65331254841da to remote] DEBUG org.asynchttpclient.netty.request.NettyRequestSender - Using pooled Channel '[id: 0x9bcecac8, L:/127.0.0.1:54527 - R:localhost/127.0.0.1:25986]' for 'GET' to 'http://localhost:25986/session/93dff82af30c6a21e1f65331254841da/screenshot'
22:30:19.882 [Forwarding screenshot on session 93dff82af30c6a21e1f65331254841da to remote] DEBUG org.asynchttpclient.netty.request.NettyRequestSender - Using open Channel [id: 0x9bcecac8, L:/127.0.0.1:54527 - R:localhost/127.0.0.1:25986] for GET '/session/93dff82af30c6a21e1f65331254841da/screenshot'
22:30:20.108 [AsyncHttpClient-1-8] DEBUG org.asynchttpclient.netty.handler.HttpHandler - 

Request DefaultFullHttpRequest(decodeResult: success, version: HTTP/1.1, content: EmptyByteBufBE)
GET /session/93dff82af30c6a21e1f65331254841da/screenshot HTTP/1.1
User-Agent: selenium/4.8.1 (java windows)
Cache-Control: no-cache
Content-Type: application/json; charset=utf-8
host: localhost:25986
accept: */*

Response DefaultHttpResponse(decodeResult: success, version: HTTP/1.1)
HTTP/1.1 200 OK
Content-Length: 158476
Content-Type: application/json; charset=utf-8
cache-control: no-cache

22:30:20.108 [AsyncHttpClient-1-8] DEBUG org.asynchttpclient.netty.channel.ChannelManager - Adding key: http://localhost:25986 for channel [id: 0x9bcecac8, L:/127.0.0.1:54527 - R:localhost/127.0.0.1:25986]
22:30:20.116 [main] DEBUG net.serenitybdd.core.photography.Darkroom - Send negative for processing for target\site\serenity\135dcd7148d8237d5a7e5a11af358df3cf7aff47b5f4a9206d45c3cc41c6fdaf.png
22:30:20.116 [Darkroom Processing Line] DEBUG net.serenitybdd.core.photography.DarkroomProcessingLine - Processing screenshot image in /var/screenshots/screenshot-8764226548677645093
22:30:20.116 [Darkroom Processing Line] DEBUG net.serenitybdd.core.photography.DarkroomProcessingLine - Saving screenshot to target\site\serenity\135dcd7148d8237d5a7e5a11af358df3cf7aff47b5f4a9206d45c3cc41c6fdaf.png
22:30:20.117 [Forwarding getPageSource on session 93dff82af30c6a21e1f65331254841da to remote] DEBUG org.asynchttpclient.netty.request.NettyRequestSender - Using pooled Channel '[id: 0x9bcecac8, L:/127.0.0.1:54527 - R:localhost/127.0.0.1:25986]' for 'POST' to 'http://localhost:25986/session/93dff82af30c6a21e1f65331254841da/execute/sync'
22:30:20.117 [Forwarding getPageSource on session 93dff82af30c6a21e1f65331254841da to remote] DEBUG org.asynchttpclient.netty.request.NettyRequestSender - Using open Channel [id: 0x9bcecac8, L:/127.0.0.1:54527 - R:localhost/127.0.0.1:25986] for POST '/session/93dff82af30c6a21e1f65331254841da/execute/sync'
22:30:20.130 [AsyncHttpClient-1-8] DEBUG org.asynchttpclient.netty.handler.HttpHandler - 

Request DefaultHttpRequest(decodeResult: success, version: HTTP/1.1)
POST /session/93dff82af30c6a21e1f65331254841da/execute/sync HTTP/1.1
User-Agent: selenium/4.8.1 (java windows)
Content-Length: 176
Content-Type: application/json; charset=utf-8
host: localhost:25986
accept: */*

Response DefaultHttpResponse(decodeResult: success, version: HTTP/1.1)
HTTP/1.1 200 OK
Content-Length: 45230
Content-Type: application/json; charset=utf-8
cache-control: no-cache

22:30:20.130 [AsyncHttpClient-1-8] DEBUG org.asynchttpclient.netty.channel.ChannelManager - Adding key: http://localhost:25986 for channel [id: 0x9bcecac8, L:/127.0.0.1:54527 - R:localhost/127.0.0.1:25986]
22:30:20.135 [Forwarding getCurrentUrl on session 93dff82af30c6a21e1f65331254841da to remote] DEBUG org.asynchttpclient.netty.request.NettyRequestSender - Using pooled Channel '[id: 0x9bcecac8, L:/127.0.0.1:54527 - R:localhost/127.0.0.1:25986]' for 'GET' to 'http://localhost:25986/session/93dff82af30c6a21e1f65331254841da/url'
22:30:20.135 [Forwarding getCurrentUrl on session 93dff82af30c6a21e1f65331254841da to remote] DEBUG org.asynchttpclient.netty.request.NettyRequestSender - Using open Channel [id: 0x9bcecac8, L:/127.0.0.1:54527 - R:localhost/127.0.0.1:25986] for GET '/session/93dff82af30c6a21e1f65331254841da/url'
22:30:20.141 [AsyncHttpClient-1-8] DEBUG org.asynchttpclient.netty.handler.HttpHandler - 

Request DefaultFullHttpRequest(decodeResult: success, version: HTTP/1.1, content: EmptyByteBufBE)
GET /session/93dff82af30c6a21e1f65331254841da/url HTTP/1.1
User-Agent: selenium/4.8.1 (java windows)
Cache-Control: no-cache
Content-Type: application/json; charset=utf-8
host: localhost:25986
accept: */*

Response DefaultHttpResponse(decodeResult: success, version: HTTP/1.1)
HTTP/1.1 200 OK
Content-Length: 56
Content-Type: application/json; charset=utf-8
cache-control: no-cache

22:30:20.141 [AsyncHttpClient-1-8] DEBUG org.asynchttpclient.netty.channel.ChannelManager - Adding key: http://localhost:25986 for channel [id: 0x9bcecac8, L:/127.0.0.1:54527 - R:localhost/127.0.0.1:25986]
22:30:20.145 [main] DEBUG net.thucydides.core.steps.StepInterceptor - STARTING STEP: PaymentMethodSteps.selectPaymentMethod - choosePaymentMethod
22:30:20.150 [Forwarding findElement on session 93dff82af30c6a21e1f65331254841da to remote] DEBUG org.asynchttpclient.netty.request.NettyRequestSender - Using pooled Channel '[id: 0x9bcecac8, L:/127.0.0.1:54527 - R:localhost/127.0.0.1:25986]' for 'POST' to 'http://localhost:25986/session/93dff82af30c6a21e1f65331254841da/element'
22:30:20.151 [Forwarding findElement on session 93dff82af30c6a21e1f65331254841da to remote] DEBUG org.asynchttpclient.netty.request.NettyRequestSender - Using open Channel [id: 0x9bcecac8, L:/127.0.0.1:54527 - R:localhost/127.0.0.1:25986] for POST '/session/93dff82af30c6a21e1f65331254841da/element'
22:30:20.879 [AsyncHttpClient-1-1] DEBUG org.asynchttpclient.netty.channel.DefaultChannelPool - Entry count for : http://localhost:54528 : 1
22:30:21.980 [AsyncHttpClient-1-1] DEBUG org.asynchttpclient.netty.channel.DefaultChannelPool - Entry count for : http://localhost:54528 : 1
22:30:22.160 [AsyncHttpClient-1-8] DEBUG org.asynchttpclient.netty.handler.HttpHandler - 

Request DefaultHttpRequest(decodeResult: success, version: HTTP/1.1)
POST /session/93dff82af30c6a21e1f65331254841da/element HTTP/1.1
User-Agent: selenium/4.8.1 (java windows)
Content-Length: 57
Content-Type: application/json; charset=utf-8
host: localhost:25986
accept: */*

Response DefaultHttpResponse(decodeResult: success, version: HTTP/1.1)
HTTP/1.1 404 Not Found
Content-Length: 955
Content-Type: application/json; charset=utf-8
cache-control: no-cache

22:30:22.160 [AsyncHttpClient-1-8] DEBUG org.asynchttpclient.netty.channel.ChannelManager - Adding key: http://localhost:25986 for channel [id: 0x9bcecac8, L:/127.0.0.1:54527 - R:localhost/127.0.0.1:25986]
22:30:22.280 [Forwarding findElement on session 93dff82af30c6a21e1f65331254841da to remote] DEBUG org.asynchttpclient.netty.request.NettyRequestSender - Using pooled Channel '[id: 0x9bcecac8, L:/127.0.0.1:54527 - R:localhost/127.0.0.1:25986]' for 'POST' to 'http://localhost:25986/session/93dff82af30c6a21e1f65331254841da/element'
22:30:22.280 [Forwarding findElement on session 93dff82af30c6a21e1f65331254841da to remote] DEBUG org.asynchttpclient.netty.request.NettyRequestSender - Using open Channel [id: 0x9bcecac8, L:/127.0.0.1:54527 - R:localhost/127.0.0.1:25986] for POST '/session/93dff82af30c6a21e1f65331254841da/element'
22:30:23.080 [AsyncHttpClient-1-1] DEBUG org.asynchttpclient.netty.channel.DefaultChannelPool - Entry count for : http://localhost:54528 : 1
22:30:24.183 [AsyncHttpClient-1-1] DEBUG org.asynchttpclient.netty.channel.DefaultChannelPool - Entry count for : http://localhost:54528 : 1
22:30:24.320 [AsyncHttpClient-1-8] DEBUG org.asynchttpclient.netty.handler.HttpHandler - 

Request DefaultHttpRequest(decodeResult: success, version: HTTP/1.1)
POST /session/93dff82af30c6a21e1f65331254841da/element HTTP/1.1
User-Agent: selenium/4.8.1 (java windows)
Content-Length: 57
Content-Type: application/json; charset=utf-8
host: localhost:25986
accept: */*

Response DefaultHttpResponse(decodeResult: success, version: HTTP/1.1)
HTTP/1.1 404 Not Found
Content-Length: 955
Content-Type: application/json; charset=utf-8
cache-control: no-cache

22:30:24.320 [AsyncHttpClient-1-8] DEBUG org.asynchttpclient.netty.channel.ChannelManager - Adding key: http://localhost:25986 for channel [id: 0x9bcecac8, L:/127.0.0.1:54527 - R:localhost/127.0.0.1:25986]
22:30:24.425 [Forwarding findElement on session 93dff82af30c6a21e1f65331254841da to remote] DEBUG org.asynchttpclient.netty.request.NettyRequestSender - Using pooled Channel '[id: 0x9bcecac8, L:/127.0.0.1:54527 - R:localhost/127.0.0.1:25986]' for 'POST' to 'http://localhost:25986/session/93dff82af30c6a21e1f65331254841da/element'
22:30:24.425 [Forwarding findElement on session 93dff82af30c6a21e1f65331254841da to remote] DEBUG org.asynchttpclient.netty.request.NettyRequestSender - Using open Channel [id: 0x9bcecac8, L:/127.0.0.1:54527 - R:localhost/127.0.0.1:25986] for POST '/session/93dff82af30c6a21e1f65331254841da/element'
22:30:25.281 [AsyncHttpClient-1-1] DEBUG org.asynchttpclient.netty.channel.DefaultChannelPool - Entry count for : http://localhost:54528 : 1
22:30:26.379 [AsyncHttpClient-1-1] DEBUG org.asynchttpclient.netty.channel.DefaultChannelPool - Entry count for : http://localhost:54528 : 1
22:30:26.433 [AsyncHttpClient-1-8] DEBUG org.asynchttpclient.netty.handler.HttpHandler - 

Request DefaultHttpRequest(decodeResult: success, version: HTTP/1.1)
POST /session/93dff82af30c6a21e1f65331254841da/element HTTP/1.1
User-Agent: selenium/4.8.1 (java windows)
Content-Length: 57
Content-Type: application/json; charset=utf-8
host: localhost:25986
accept: */*

Response DefaultHttpResponse(decodeResult: success, version: HTTP/1.1)
HTTP/1.1 404 Not Found
Content-Length: 955
Content-Type: application/json; charset=utf-8
cache-control: no-cache

22:30:26.433 [AsyncHttpClient-1-8] DEBUG org.asynchttpclient.netty.channel.ChannelManager - Adding key: http://localhost:25986 for channel [id: 0x9bcecac8, L:/127.0.0.1:54527 - R:localhost/127.0.0.1:25986]
22:30:26.444 [Forwarding getAlertText on session 93dff82af30c6a21e1f65331254841da to remote] DEBUG org.asynchttpclient.netty.request.NettyRequestSender - Using pooled Channel '[id: 0x9bcecac8, L:/127.0.0.1:54527 - R:localhost/127.0.0.1:25986]' for 'GET' to 'http://localhost:25986/session/93dff82af30c6a21e1f65331254841da/alert/text'
22:30:26.444 [Forwarding getAlertText on session 93dff82af30c6a21e1f65331254841da to remote] DEBUG org.asynchttpclient.netty.request.NettyRequestSender - Using open Channel [id: 0x9bcecac8, L:/127.0.0.1:54527 - R:localhost/127.0.0.1:25986] for GET '/session/93dff82af30c6a21e1f65331254841da/alert/text'
22:30:26.447 [AsyncHttpClient-1-8] DEBUG org.asynchttpclient.netty.handler.HttpHandler - 

Request DefaultFullHttpRequest(decodeResult: success, version: HTTP/1.1, content: EmptyByteBufBE)
GET /session/93dff82af30c6a21e1f65331254841da/alert/text HTTP/1.1
User-Agent: selenium/4.8.1 (java windows)
Cache-Control: no-cache
Content-Type: application/json; charset=utf-8
host: localhost:25986
accept: */*

Response DefaultHttpResponse(decodeResult: success, version: HTTP/1.1)
HTTP/1.1 404 Not Found
Content-Length: 835
Content-Type: application/json; charset=utf-8
cache-control: no-cache

22:30:26.447 [AsyncHttpClient-1-8] DEBUG org.asynchttpclient.netty.channel.ChannelManager - Adding key: http://localhost:25986 for channel [id: 0x9bcecac8, L:/127.0.0.1:54527 - R:localhost/127.0.0.1:25986]
22:30:26.449 [Forwarding getCurrentUrl on session 93dff82af30c6a21e1f65331254841da to remote] DEBUG org.asynchttpclient.netty.request.NettyRequestSender - Using pooled Channel '[id: 0x9bcecac8, L:/127.0.0.1:54527 - R:localhost/127.0.0.1:25986]' for 'GET' to 'http://localhost:25986/session/93dff82af30c6a21e1f65331254841da/url'
22:30:26.449 [Forwarding getCurrentUrl on session 93dff82af30c6a21e1f65331254841da to remote] DEBUG org.asynchttpclient.netty.request.NettyRequestSender - Using open Channel [id: 0x9bcecac8, L:/127.0.0.1:54527 - R:localhost/127.0.0.1:25986] for GET '/session/93dff82af30c6a21e1f65331254841da/url'
22:30:26.455 [AsyncHttpClient-1-8] DEBUG org.asynchttpclient.netty.handler.HttpHandler - 

Request DefaultFullHttpRequest(decodeResult: success, version: HTTP/1.1, content: EmptyByteBufBE)
GET /session/93dff82af30c6a21e1f65331254841da/url HTTP/1.1
User-Agent: selenium/4.8.1 (java windows)
Cache-Control: no-cache
Content-Type: application/json; charset=utf-8
host: localhost:25986
accept: */*

Response DefaultHttpResponse(decodeResult: success, version: HTTP/1.1)
HTTP/1.1 200 OK
Content-Length: 56
Content-Type: application/json; charset=utf-8
cache-control: no-cache

22:30:26.456 [AsyncHttpClient-1-8] DEBUG org.asynchttpclient.netty.channel.ChannelManager - Adding key: http://localhost:25986 for channel [id: 0x9bcecac8, L:/127.0.0.1:54527 - R:localhost/127.0.0.1:25986]
22:30:26.457 [Forwarding screenshot on session 93dff82af30c6a21e1f65331254841da to remote] DEBUG org.asynchttpclient.netty.request.NettyRequestSender - Using pooled Channel '[id: 0x9bcecac8, L:/127.0.0.1:54527 - R:localhost/127.0.0.1:25986]' for 'GET' to 'http://localhost:25986/session/93dff82af30c6a21e1f65331254841da/screenshot'
22:30:26.457 [Forwarding screenshot on session 93dff82af30c6a21e1f65331254841da to remote] DEBUG org.asynchttpclient.netty.request.NettyRequestSender - Using open Channel [id: 0x9bcecac8, L:/127.0.0.1:54527 - R:localhost/127.0.0.1:25986] for GET '/session/93dff82af30c6a21e1f65331254841da/screenshot'
22:30:26.799 [AsyncHttpClient-1-8] DEBUG org.asynchttpclient.netty.handler.HttpHandler - 

Request DefaultFullHttpRequest(decodeResult: success, version: HTTP/1.1, content: EmptyByteBufBE)
GET /session/93dff82af30c6a21e1f65331254841da/screenshot HTTP/1.1
User-Agent: selenium/4.8.1 (java windows)
Cache-Control: no-cache
Content-Type: application/json; charset=utf-8
host: localhost:25986
accept: */*

Response DefaultHttpResponse(decodeResult: success, version: HTTP/1.1)
HTTP/1.1 200 OK
Content-Length: 203048
Content-Type: application/json; charset=utf-8
cache-control: no-cache

22:30:26.799 [AsyncHttpClient-1-8] DEBUG org.asynchttpclient.netty.channel.ChannelManager - Adding key: http://localhost:25986 for channel [id: 0x9bcecac8, L:/127.0.0.1:54527 - R:localhost/127.0.0.1:25986]
22:30:26.807 [main] DEBUG net.serenitybdd.core.photography.Darkroom - Send negative for processing for target\site\serenity\e8b20d82202bbb5ab95df523b8feddfdbd3e5d2ffdea38a4c0e9bf38655ec92b.png
22:30:26.808 [Darkroom Processing Line] DEBUG net.serenitybdd.core.photography.DarkroomProcessingLine - Processing screenshot image in /var/screenshots/screenshot-9121628822270956019
22:30:26.808 [Darkroom Processing Line] DEBUG net.serenitybdd.core.photography.DarkroomProcessingLine - Saving screenshot to target\site\serenity\e8b20d82202bbb5ab95df523b8feddfdbd3e5d2ffdea38a4c0e9bf38655ec92b.png
22:30:26.809 [Forwarding getPageSource on session 93dff82af30c6a21e1f65331254841da to remote] DEBUG org.asynchttpclient.netty.request.NettyRequestSender - Using pooled Channel '[id: 0x9bcecac8, L:/127.0.0.1:54527 - R:localhost/127.0.0.1:25986]' for 'POST' to 'http://localhost:25986/session/93dff82af30c6a21e1f65331254841da/execute/sync'
22:30:26.809 [Forwarding getPageSource on session 93dff82af30c6a21e1f65331254841da to remote] DEBUG org.asynchttpclient.netty.request.NettyRequestSender - Using open Channel [id: 0x9bcecac8, L:/127.0.0.1:54527 - R:localhost/127.0.0.1:25986] for POST '/session/93dff82af30c6a21e1f65331254841da/execute/sync'
22:30:26.831 [AsyncHttpClient-1-8] DEBUG org.asynchttpclient.netty.handler.HttpHandler - 

Request DefaultHttpRequest(decodeResult: success, version: HTTP/1.1)
POST /session/93dff82af30c6a21e1f65331254841da/execute/sync HTTP/1.1
User-Agent: selenium/4.8.1 (java windows)
Content-Length: 176
Content-Type: application/json; charset=utf-8
host: localhost:25986
accept: */*

Response DefaultHttpResponse(decodeResult: success, version: HTTP/1.1)
HTTP/1.1 200 OK
Content-Length: 86730
Content-Type: application/json; charset=utf-8
cache-control: no-cache

22:30:26.832 [AsyncHttpClient-1-8] DEBUG org.asynchttpclient.netty.channel.ChannelManager - Adding key: http://localhost:25986 for channel [id: 0x9bcecac8, L:/127.0.0.1:54527 - R:localhost/127.0.0.1:25986]
22:30:26.849 [Forwarding getCurrentUrl on session 93dff82af30c6a21e1f65331254841da to remote] DEBUG org.asynchttpclient.netty.request.NettyRequestSender - Using pooled Channel '[id: 0x9bcecac8, L:/127.0.0.1:54527 - R:localhost/127.0.0.1:25986]' for 'GET' to 'http://localhost:25986/session/93dff82af30c6a21e1f65331254841da/url'
22:30:26.849 [Forwarding getCurrentUrl on session 93dff82af30c6a21e1f65331254841da to remote] DEBUG org.asynchttpclient.netty.request.NettyRequestSender - Using open Channel [id: 0x9bcecac8, L:/127.0.0.1:54527 - R:localhost/127.0.0.1:25986] for GET '/session/93dff82af30c6a21e1f65331254841da/url'
22:30:26.855 [AsyncHttpClient-1-8] DEBUG org.asynchttpclient.netty.handler.HttpHandler - 

Request DefaultFullHttpRequest(decodeResult: success, version: HTTP/1.1, content: EmptyByteBufBE)
GET /session/93dff82af30c6a21e1f65331254841da/url HTTP/1.1
User-Agent: selenium/4.8.1 (java windows)
Cache-Control: no-cache
Content-Type: application/json; charset=utf-8
host: localhost:25986
accept: */*

Response DefaultHttpResponse(decodeResult: success, version: HTTP/1.1)
HTTP/1.1 200 OK
Content-Length: 56
Content-Type: application/json; charset=utf-8
cache-control: no-cache

22:30:26.856 [AsyncHttpClient-1-8] DEBUG org.asynchttpclient.netty.channel.ChannelManager - Adding key: http://localhost:25986 for channel [id: 0x9bcecac8, L:/127.0.0.1:54527 - R:localhost/127.0.0.1:25986]
  &amp#27;[31mThen &amp#27;[0m&amp#27;[31mI select the payment method with DANA&amp#27;[0m                &amp#27;[90m# starter.stepdefintions.PaymentMethodSteps.selectPaymentMethod()&amp#27;[0m
      &amp#27;[31mnet.thucydides.core.webdriver.exceptions.ElementShouldBeEnabledException: Expected enabled element was not enabled
	at net.serenitybdd.core.pages.WebElementFacadeImpl.waitUntilEnabled(WebElementFacadeImpl.java:1122)
	at net.serenitybdd.core.pages.WebElementFacadeImpl.waitUntilElementAvailable(WebElementFacadeImpl.java:906)
	at net.serenitybdd.core.pages.WebElementFacadeImpl.click(WebElementFacadeImpl.java:1204)
	at net.serenitybdd.core.pages.WebElementFacadeImpl.click(WebElementFacadeImpl.java:1224)
	at alta@1.0-SNAPSHOT/starter.pages.ListrikplnPage.choosePaymentMethod(ListrikplnPage.java:77)
	at alta@1.0-SNAPSHOT/starter.pages.ListrikplnPage$ByteBuddy$VV1UhdRM.choosePaymentMethod$accessor$s6IN0Pc9(Unknown Source)
	at java.base/jdk.internal.reflect.NativeMethodAccessorImpl.invoke0(Native Method)
	at java.base/jdk.internal.reflect.NativeMethodAccessorImpl.invoke(NativeMethodAccessorImpl.java:64)
	at java.base/jdk.internal.reflect.DelegatingMethodAccessorImpl.invoke(DelegatingMethodAccessorImpl.java:43)
	at java.base/java.lang.reflect.Method.invoke(Method.java:564)
	at net.thucydides.core.steps.StepInterceptor.invokeMethod(StepInterceptor.java:518)
	at net.thucydides.core.steps.StepInterceptor.executeTestStepMethod(StepInterceptor.java:498)
	at net.thucydides.core.steps.StepInterceptor.runTestStep(StepInterceptor.java:472)
	at net.thucydides.core.steps.StepInterceptor.runOrSkipMethod(StepInterceptor.java:211)
	at net.thucydides.core.steps.StepInterceptor.testStepResult(StepInterceptor.java:198)
	at net.thucydides.core.steps.StepInterceptor.intercept(StepInterceptor.java:86)
	at net.thucydides.core.steps.ProxyConfiguration$InterceptorDispatcher.intercept(ProxyConfiguration.java:51)
	at alta@1.0-SNAPSHOT/starter.pages.ListrikplnPage$ByteBuddy$VV1UhdRM.choosePaymentMethod(Unknown Source)
	at alta@1.0-SNAPSHOT/starter.stepdefintions.PaymentMethodSteps.selectPaymentMethod(PaymentMethodSteps.java:51)
	at âœ½.I select the payment method with DANA(file:///C:/Users/WINDOWS%2010/Documents/GitHub/QE_Andira_Ms/11_Web_Programming_&_Testing/Praktikum/Testing_with_Serenity/Prioritas2/alta/src/test/resources/features/PaymentMethod.feature:7)
Caused by: org.openqa.selenium.TimeoutException: Expected condition failed: waiting for By.id: label DANA to be enabled (tried for 5 second(s) with 100 milliseconds interval)
	at org.openqa.selenium.support.ui.FluentWait.timeoutException(FluentWait.java:263)
	at org.openqa.selenium.support.ui.FluentWait.until(FluentWait.java:231)
	at net.serenitybdd.core.pages.WebElementFacadeImpl.waitUntilEnabled(WebElementFacadeImpl.java:1119)
	at net.serenitybdd.core.pages.WebElementFacadeImpl.waitUntilElementAvailable(WebElementFacadeImpl.java:906)
	at net.serenitybdd.core.pages.WebElementFacadeImpl.click(WebElementFacadeImpl.java:1204)
	at net.serenitybdd.core.pages.WebElementFacadeImpl.click(WebElementFacadeImpl.java:1224)
	at alta@1.0-SNAPSHOT/starter.pages.ListrikplnPage.choosePaymentMethod(ListrikplnPage.java:77)
	at alta@1.0-SNAPSHOT/starter.pages.ListrikplnPage$ByteBuddy$VV1UhdRM.choosePaymentMethod$accessor$s6IN0Pc9(Unknown Source)
	at java.base/jdk.internal.reflect.NativeMethodAccessorImpl.invoke0(Native Method)
	at java.base/jdk.internal.reflect.NativeMethodAccessorImpl.invoke(NativeMethodAccessorImpl.java:64)
	at java.base/jdk.internal.reflect.DelegatingMethodAccessorImpl.invoke(DelegatingMethodAccessorImpl.java:43)
	at java.base/java.lang.reflect.Method.invoke(Method.java:564)
	at net.thucydides.core.steps.StepInterceptor.invokeMethod(StepInterceptor.java:518)
	at net.thucydides.core.steps.StepInterceptor.executeTestStepMethod(StepInterceptor.java:498)
	at net.thucydides.core.steps.StepInterceptor.runTestStep(StepInterceptor.java:472)
	at net.thucydides.core.steps.StepInterceptor.runOrSkipMethod(StepInterceptor.java:211)
	at net.thucydides.core.steps.StepInterceptor.testStepResult(StepInterceptor.java:198)
	at net.thucydides.core.steps.StepInterceptor.intercept(StepInterceptor.java:86)
	at net.thucydides.core.steps.ProxyConfiguration$InterceptorDispatcher.intercept(ProxyConfiguration.java:51)
	at alta@1.0-SNAPSHOT/starter.pages.ListrikplnPage$ByteBuddy$VV1UhdRM.choosePaymentMethod(Unknown Source)
	at alta@1.0-SNAPSHOT/starter.stepdefintions.PaymentMethodSteps.selectPaymentMethod(PaymentMethodSteps.java:51)
	at java.base/jdk.internal.reflect.NativeMethodAccessorImpl.invoke0(Native Method)
	at java.base/jdk.internal.reflect.NativeMethodAccessorImpl.invoke(NativeMethodAccessorImpl.java:64)
	at java.base/jdk.internal.reflect.DelegatingMethodAccessorImpl.invoke(DelegatingMethodAccessorImpl.java:43)
	at java.base/java.lang.reflect.Method.invoke(Method.java:564)
	at io.cucumber.java.Invoker.doInvoke(Invoker.java:66)
	at io.cucumber.java.Invoker.invoke(Invoker.java:24)
	at io.cucumber.java.AbstractGlueDefinition.invokeMethod(AbstractGlueDefinition.java:47)
	at io.cucumber.java.JavaStepDefinition.execute(JavaStepDefinition.java:29)
	at io.cucumber.core.runner.CoreStepDefinition.execute(CoreStepDefinition.java:66)
	at io.cucumber.core.runner.PickleStepDefinitionMatch.runStep(PickleStepDefinitionMatch.java:63)
	at io.cucumber.core.runner.ExecutionMode$1.execute(ExecutionMode.java:10)
	at io.cucumber.core.runner.TestStep.executeStep(TestStep.java:84)
	at io.cucumber.core.runner.TestStep.run(TestStep.java:56)
	at io.cucumber.core.runner.PickleStepTestStep.run(PickleStepTestStep.java:51)
	at io.cucumber.core.runner.TestCase.run(TestCase.java:84)
	at io.cucumber.core.runner.Runner.runPickle(Runner.java:75)
	at io.cucumber.junit.PickleRunners$NoStepDescriptions.lambda$run$0(PickleRunners.java:151)
	at io.cucumber.core.runtime.CucumberExecutionContext.lambda$runTestCase$5(CucumberExecutionContext.java:130)
	at io.cucumber.core.runtime.RethrowingThrowableCollector.executeAndThrow(RethrowingThrowableCollector.java:23)
	at io.cucumber.core.runtime.CucumberExecutionContext.runTestCase(CucumberExecutionContext.java:130)
	at io.cucumber.junit.PickleRunners$NoStepDescriptions.run(PickleRunners.java:148)
	at io.cucumber.junit.FeatureRunner.runChild(FeatureRunner.java:144)
	at io.cucumber.junit.FeatureRunner.runChild(FeatureRunner.java:28)
	at org.junit.runners.ParentRunner$4.run(ParentRunner.java:331)
	at org.junit.runners.ParentRunner$1.schedule(ParentRunner.java:79)
	at org.junit.runners.ParentRunner.runChildren(ParentRunner.java:329)
	at org.junit.runners.ParentRunner.access$100(ParentRunner.java:66)
	at org.junit.runners.ParentRunner$2.evaluate(ParentRunner.java:293)
	at org.junit.runners.ParentRunner$3.evaluate(ParentRunner.java:306)
	at org.junit.runners.ParentRunner.run(ParentRunner.java:413)
	at io.cucumber.junit.FeatureRunner.run(FeatureRunner.java:137)
	at io.cucumber.junit.CucumberSerenityBaseRunner.runChild(CucumberSerenityBaseRunner.java:330)
	at io.cucumber.junit.CucumberSerenityBaseRunner.runChild(CucumberSerenityBaseRunner.java:51)
	at org.junit.runners.ParentRunner$4.run(ParentRunner.java:331)
	at org.junit.runners.ParentRunner$1.schedule(ParentRunner.java:79)
	at org.junit.runners.ParentRunner.runChildren(ParentRunner.java:329)
	at org.junit.runners.ParentRunner.access$100(ParentRunner.java:66)
	at org.junit.runners.ParentRunner$2.evaluate(ParentRunner.java:293)
	at io.cucumber.junit.CucumberSerenityBaseRunner$RunCucumber.evaluate(CucumberSerenityBaseRunner.java:361)
	at org.junit.runners.ParentRunner$3.evaluate(ParentRunner.java:306)
	at org.junit.runners.ParentRunner.run(ParentRunner.java:413)
	at org.junit.runner.JUnitCore.run(JUnitCore.java:137)
	at org.junit.runner.JUnitCore.run(JUnitCore.java:115)
	at org.junit.vintage.engine.execution.RunnerExecutor.execute(RunnerExecutor.java:42)
	at org.junit.vintage.engine.VintageTestEngine.executeAllChildren(VintageTestEngine.java:80)
	at org.junit.vintage.engine.VintageTestEngine.execute(VintageTestEngine.java:72)
	at org.junit.platform.launcher.core.EngineExecutionOrchestrator.execute(EngineExecutionOrchestrator.java:107)
	at org.junit.platform.launcher.core.EngineExecutionOrchestrator.execute(EngineExecutionOrchestrator.java:88)
	at org.junit.platform.launcher.core.EngineExecutionOrchestrator.lambda$execute$0(EngineExecutionOrchestrator.java:54)
	at org.junit.platform.launcher.core.EngineExecutionOrchestrator.withInterceptedStreams(EngineExecutionOrchestrator.java:67)
	at org.junit.platform.launcher.core.EngineExecutionOrchestrator.execute(EngineExecutionOrchestrator.java:52)
	at org.junit.platform.launcher.core.DefaultLauncher.execute(DefaultLauncher.java:114)
	at org.junit.platform.launcher.core.DefaultLauncher.execute(DefaultLauncher.java:86)
	at org.junit.platform.launcher.core.DefaultLauncherSession$DelegatingLauncher.execute(DefaultLauncherSession.java:86)
	at org.junit.platform.launcher.core.SessionPerRequestLauncher.execute(SessionPerRequestLauncher.java:53)
	at org.apache.maven.surefire.junitplatform.JUnitPlatformProvider.execute(JUnitPlatformProvider.java:188)
	at org.apache.maven.surefire.junitplatform.JUnitPlatformProvider.invokeAllTests(JUnitPlatformProvider.java:154)
	at org.apache.maven.surefire.junitplatform.JUnitPlatformProvider.invoke(JUnitPlatformProvider.java:128)
	at org.apache.maven.surefire.booter.ForkedBooter.runSuitesInProcess(ForkedBooter.java:428)
	at org.apache.maven.surefire.booter.ForkedBooter.execute(ForkedBooter.java:162)
	at org.apache.maven.surefire.booter.ForkedBooter.run(ForkedBooter.java:562)
	at org.apache.maven.surefire.booter.ForkedBooter.main(ForkedBooter.java:548)
Caused by: org.openqa.selenium.NoSuchElementException: no such element: Unable to locate element: {"method":"css selector","selector":"#label\ DANA"}
  (Session info: chrome=112.0.5615.49)
For documentation on this error, please visit: https://selenium.dev/exceptions/#no_such_element
Build info: version: '4.8.1', revision: '8ebccac989'
System info: os.name: 'Windows 10', os.arch: 'amd64', os.version: '10.0', java.version: '15'
Driver info: org.openqa.selenium.chrome.ChromeDriver
Command: [93dff82af30c6a21e1f65331254841da, findElement {using=id, value=label DANA}]
Capabilities {acceptInsecureCerts: false, browserName: chrome, browserVersion: 112.0.5615.49, chrome: {chromedriverVersion: 111.0.5563.64 (c710e93d5b63..., userDataDir: C:\Users\WINDOW~1\AppData\L...}, goog:chromeOptions: {debuggerAddress: localhost:54528}, networkConnectionEnabled: false, pageLoadStrategy: normal, platformName: WINDOWS, proxy: Proxy(), se:cdp: ws://localhost:54528/devtoo..., se:cdpVersion: 112.0.5615.49, setWindowRect: true, strictFileInteractability: false, timeouts: {implicit: 0, pageLoad: 300000, script: 30000}, unhandledPromptBehavior: dismiss and notify, webauthn:extension:credBlob: true, webauthn:extension:largeBlob: true, webauthn:extension:minPinLength: true, webauthn:extension:prf: true, webauthn:virtualAuthenticators: true}
Session ID: 93dff82af30c6a21e1f65331254841da
	at java.base/jdk.internal.reflect.NativeConstructorAccessorImpl.newInstance0(Native Method)
	at java.base/jdk.internal.reflect.NativeConstructorAccessorImpl.newInstance(NativeConstructorAccessorImpl.java:64)
	at java.base/jdk.internal.reflect.DelegatingConstructorAccessorImpl.newInstance(DelegatingConstructorAccessorImpl.java:45)
	at java.base/java.lang.reflect.Constructor.newInstanceWithCaller(Constructor.java:500)
	at java.base/java.lang.reflect.Constructor.newInstance(Constructor.java:481)
	at org.openqa.selenium.remote.codec.w3c.W3CHttpResponseCodec.createException(W3CHttpResponseCodec.java:200)
	at org.openqa.selenium.remote.codec.w3c.W3CHttpResponseCodec.decode(W3CHttpResponseCodec.java:133)
	at org.openqa.selenium.remote.codec.w3c.W3CHttpResponseCodec.decode(W3CHttpResponseCodec.java:53)
	at org.openqa.selenium.remote.HttpCommandExecutor.execute(HttpCommandExecutor.java:184)
	at org.openqa.selenium.remote.service.DriverCommandExecutor.invokeExecute(DriverCommandExecutor.java:167)
	at org.openqa.selenium.remote.service.DriverCommandExecutor.execute(DriverCommandExecutor.java:142)
	at org.openqa.selenium.remote.RemoteWebDriver.execute(RemoteWebDriver.java:543)
	at org.openqa.selenium.remote.ElementLocation$ElementFinder$2.findElement(ElementLocation.java:162)
	at org.openqa.selenium.remote.ElementLocation.findElement(ElementLocation.java:60)
	at org.openqa.selenium.remote.RemoteWebDriver.findElement(RemoteWebDriver.java:352)
	at org.openqa.selenium.remote.RemoteWebDriver.findElement(RemoteWebDriver.java:344)
	at net.thucydides.core.webdriver.WebDriverFacade.findElement(WebDriverFacade.java:242)
	at net.serenitybdd.core.pages.WebElementResolverByLocator.resolveForDriver(WebElementResolverByLocator.java:25)
	at net.serenitybdd.core.pages.WebElementFacadeImpl.getResolvedElement(WebElementFacadeImpl.java:189)
	at net.serenitybdd.core.pages.WebElementFacadeImpl.getElement(WebElementFacadeImpl.java:184)
	at net.serenitybdd.core.pages.WebElementExpectations$3.apply(WebElementExpectations.java:63)
	at net.serenitybdd.core.pages.WebElementExpectations$3.apply(WebElementExpectations.java:55)
	at org.openqa.selenium.support.ui.FluentWait.until(FluentWait.java:208)
	... 81 more
&amp#27;[0m
22:30:26.944 [main] ERROR  - 
  _____   ___   ___   _____     ___     _     ___   _      ___   ___  
 |_   _| | __| / __| |_   _|   | __|   /_\   |_ _| | |    | __| |   \ 
   | |   | _|  \__ \   | |     | _|   / _ \   | |  | |__  | _|  | |) |
   |_|   |___| |___/   |_|     |_|   /_/ \_\ |___| |____| |___| |___/ 

Select Payment Method Dana After Choosing Product
-----------------------------------------------------------------------
22:30:26.948 [main] DEBUG  - RELATED ISSUES: 
22:30:26.952 [main] ERROR  -     Test failed at step: Choose payment method
22:30:26.953 [main] ERROR  -     Expected enabled element was not enabled
22:30:26.962 [AsyncHttpClient-1-10] DEBUG org.asynchttpclient.netty.handler.WebSocketHandler - Channel Closed: [id: 0x4a85f011, L:/127.0.0.1:54535 ! R:localhost/127.0.0.1:54528] with attribute NettyResponseFuture{currentRetry=0,
	isDone=1,
	isCancelled=0,
	asyncHandler=org.asynchttpclient.ws.WebSocketUpgradeHandler@6f70898f,
	nettyRequest=org.asynchttpclient.netty.request.NettyRequest@2a721a05,
	future=java.util.concurrent.CompletableFuture@8cf8aae[Completed normally],
	uri=ws://localhost:54528/devtools/browser/6f3b34dc-1634-45e1-afed-5e601297c61b,
	keepAlive=true,
	redirectCount=0,
	timeoutsHolder=null,
	inAuth=0,
	touch=1680967806093}
22:30:26.962 [AsyncHttpClient-1-10] DEBUG org.asynchttpclient.netty.channel.ChannelManager - Closing Channel [id: 0x4a85f011, L:/127.0.0.1:54535 ! R:localhost/127.0.0.1:54528] 
22:30:26.963 [Driver Command Executor] DEBUG org.asynchttpclient.netty.request.NettyRequestSender - Using pooled Channel '[id: 0x9bcecac8, L:/127.0.0.1:54527 - R:localhost/127.0.0.1:25986]' for 'DELETE' to 'http://localhost:25986/session/93dff82af30c6a21e1f65331254841da'
22:30:26.963 [Driver Command Executor] DEBUG org.asynchttpclient.netty.request.NettyRequestSender - Using open Channel [id: 0x9bcecac8, L:/127.0.0.1:54527 - R:localhost/127.0.0.1:25986] for DELETE '/session/93dff82af30c6a21e1f65331254841da'
22:30:27.012 [AsyncHttpClient-1-9] DEBUG org.asynchttpclient.netty.handler.HttpHandler - Unexpected I/O exception on channel [id: 0xc0308d4d, L:/127.0.0.1:54533 - R:localhost/127.0.0.1:54528]
java.net.SocketException: Connection reset
	at java.base/sun.nio.ch.SocketChannelImpl.throwConnectionReset(SocketChannelImpl.java:367)
	at java.base/sun.nio.ch.SocketChannelImpl.read(SocketChannelImpl.java:398)
	at io.netty.buffer.PooledByteBuf.setBytes(PooledByteBuf.java:259)
	at io.netty.buffer.AbstractByteBuf.writeBytes(AbstractByteBuf.java:1132)
	at io.netty.channel.socket.nio.NioSocketChannel.doReadBytes(NioSocketChannel.java:357)
	at io.netty.channel.nio.AbstractNioByteChannel$NioByteUnsafe.read(AbstractNioByteChannel.java:151)
	at io.netty.channel.nio.NioEventLoop.processSelectedKey(NioEventLoop.java:788)
	at io.netty.channel.nio.NioEventLoop.processSelectedKeysOptimized(NioEventLoop.java:724)
	at io.netty.channel.nio.NioEventLoop.processSelectedKeys(NioEventLoop.java:650)
	at io.netty.channel.nio.NioEventLoop.run(NioEventLoop.java:562)
	at io.netty.util.concurrent.SingleThreadEventExecutor$4.run(SingleThreadEventExecutor.java:997)
	at io.netty.util.internal.ThreadExecutorMap$2.run(ThreadExecutorMap.java:74)
	at io.netty.util.concurrent.FastThreadLocalRunnable.run(FastThreadLocalRunnable.java:30)
	at java.base/java.lang.Thread.run(Thread.java:832)
22:30:27.013 [AsyncHttpClient-1-9] DEBUG org.asynchttpclient.netty.channel.ChannelManager - Closing Channel [id: 0xc0308d4d, L:/127.0.0.1:54533 - R:localhost/127.0.0.1:54528] 
22:30:27.013 [AsyncHttpClient-1-9] DEBUG org.asynchttpclient.netty.handler.HttpHandler - Channel Closed: [id: 0xc0308d4d, L:/127.0.0.1:54533 ! R:localhost/127.0.0.1:54528] with attribute DISCARD
22:30:27.036 [AsyncHttpClient-1-8] DEBUG org.asynchttpclient.netty.handler.HttpHandler - 

Request DefaultFullHttpRequest(decodeResult: success, version: HTTP/1.1, content: EmptyByteBufBE)
DELETE /session/93dff82af30c6a21e1f65331254841da HTTP/1.1
User-Agent: selenium/4.8.1 (java windows)
Content-Type: application/json; charset=utf-8
host: localhost:25986
accept: */*

Response DefaultHttpResponse(decodeResult: success, version: HTTP/1.1)
HTTP/1.1 200 OK
Content-Length: 14
Content-Type: application/json; charset=utf-8
cache-control: no-cache

22:30:27.036 [AsyncHttpClient-1-8] DEBUG org.asynchttpclient.netty.channel.ChannelManager - Adding key: http://localhost:25986 for channel [id: 0x9bcecac8, L:/127.0.0.1:54527 - R:localhost/127.0.0.1:25986]
22:30:27.335 [AsyncHttpClient-1-8] DEBUG org.asynchttpclient.netty.handler.HttpHandler - Channel Closed: [id: 0x9bcecac8, L:/127.0.0.1:54527 ! R:localhost/127.0.0.1:25986] with attribute DISCARD
22:30:27.489 [AsyncHttpClient-1-1] DEBUG org.asynchttpclient.netty.channel.DefaultChannelPool - Entry count for : http://localhost:54528 : 1
22:30:27.489 [AsyncHttpClient-1-1] DEBUG org.asynchttpclient.netty.channel.DefaultChannelPool - Entry count for : http://localhost:25986 : 1
22:30:27.489 [AsyncHttpClient-1-1] DEBUG org.asynchttpclient.netty.channel.DefaultChannelPool - Adding Candidate expired Channel [id: 0xc0308d4d, L:/127.0.0.1:54533 ! R:localhost/127.0.0.1:54528] isIdleTimeoutExpired=false isRemotelyClosed=true isTtlExpired=false
22:30:27.489 [AsyncHttpClient-1-1] DEBUG org.asynchttpclient.netty.channel.DefaultChannelPool - Closing Idle Channel [id: 0xc0308d4d, L:/127.0.0.1:54533 ! R:localhost/127.0.0.1:54528]
22:30:27.489 [AsyncHttpClient-1-1] DEBUG org.asynchttpclient.netty.channel.DefaultChannelPool - Adding Candidate expired Channel [id: 0x9bcecac8, L:/127.0.0.1:54527 ! R:localhost/127.0.0.1:25986] isIdleTimeoutExpired=false isRemotelyClosed=true isTtlExpired=false
22:30:27.489 [AsyncHttpClient-1-1] DEBUG org.asynchttpclient.netty.channel.DefaultChannelPool - Closing Idle Channel [id: 0x9bcecac8, L:/127.0.0.1:54527 ! R:localhost/127.0.0.1:25986]
22:30:27.489 [AsyncHttpClient-1-1] DEBUG org.asynchttpclient.netty.channel.DefaultChannelPool - Closed 2 connections out of 2 in 0 ms
]]></system-out>
    <system-err><![CDATA[Starting ChromeDriver 111.0.5563.64 (c710e93d5b63b7095afe8c2c17df34408078439d-refs/branch-heads/5563@{#995}) on port 25986
Only local connections are allowed.
Please see https://chromedriver.chromium.org/security-considerations for suggestions on keeping ChromeDriver safe.
ChromeDriver was started successfully.
[1680967806.019][WARNING]: This version of ChromeDriver has not been tested with Chrome version 112.
Apr 08, 2023 10:30:06 PM org.openqa.selenium.devtools.CdpVersionFinder findNearestMatch
WARNING: Unable to find an exact match for CDP version 112, so returning the closest version found: 110
]]></system-err>
  </testcase>
  <testcase name="Not choosing a Payment Method After Selecting a Product" classname="Select Payment Method" time="20.103">
    <error type="net.thucydides.core.webdriver.exceptions.ElementShouldBeEnabledException"><![CDATA[net.thucydides.core.webdriver.exceptions.ElementShouldBeEnabledException: Expected enabled element was not enabled
Caused by: org.openqa.selenium.TimeoutException: Expected condition failed: waiting for By.id: product_type_2 to be enabled (tried for 5 second(s) with 100 milliseconds interval)
Caused by: org.openqa.selenium.NoSuchElementException: 
no such element: Unable to locate element: {"method":"css selector","selector":"#product_type_2"}
  (Session info: chrome=112.0.5615.49)
For documentation on this error, please visit: https://selenium.dev/exceptions/#no_such_element
Build info: version: '4.8.1', revision: '8ebccac989'
System info: os.name: 'Windows 10', os.arch: 'amd64', os.version: '10.0', java.version: '15'
Driver info: org.openqa.selenium.chrome.ChromeDriver
Command: [e215d2d9f07b9e03db677093c14a1a70, findElement {using=id, value=product_type_2}]
Capabilities {acceptInsecureCerts: false, browserName: chrome, browserVersion: 112.0.5615.49, chrome: {chromedriverVersion: 111.0.5563.64 (c710e93d5b63..., userDataDir: C:\Users\WINDOW~1\AppData\L...}, goog:chromeOptions: {debuggerAddress: localhost:54576}, networkConnectionEnabled: false, pageLoadStrategy: normal, platformName: WINDOWS, proxy: Proxy(), se:cdp: ws://localhost:54576/devtoo..., se:cdpVersion: 112.0.5615.49, setWindowRect: true, strictFileInteractability: false, timeouts: {implicit: 0, pageLoad: 300000, script: 30000}, unhandledPromptBehavior: dismiss and notify, webauthn:extension:credBlob: true, webauthn:extension:largeBlob: true, webauthn:extension:minPinLength: true, webauthn:extension:prf: true, webauthn:virtualAuthenticators: true}
Session ID: e215d2d9f07b9e03db677093c14a1a70
]]></error>
    <system-out><![CDATA[
Scenario: Not choosing a Payment Method After Selecting a Product         &amp#27;[90m# src/test/resources/features/PaymentMethod.feature:9&amp#27;[0m
22:30:27.871 [main] DEBUG io.cucumber.core.plugin.SerenityReporter - Running feature from file:///C:/Users/WINDOWS%2010/Documents/GitHub/QE_Andira_Ms/11_Web_Programming_&_Testing/Praktikum/Testing_with_Serenity/Prioritas2/alta/src/test/resources/features/PaymentMethod.feature
22:30:27.887 [main] INFO  - 
  _____   ___   ___   _____     ___   _____     _     ___   _____   ___   ___  
 |_   _| | __| / __| |_   _|   / __| |_   _|   /_\   | _ \ |_   _| | __| |   \ 
   | |   | _|  \__ \   | |     \__ \   | |    / _ \  |   /   | |   | _|  | |) |
   |_|   |___| |___/   |_|     |___/   |_|   /_/ \_\ |_|_\   |_|   |___| |___/ 

Not choosing a Payment Method After Selecting a Product(select-payment-method;not-choosing-a-payment-method-after-selecting-a-product)
--------------------------------------------------------------------------------
22:30:28.032 [main] DEBUG net.thucydides.core.steps.StepInterceptor - STARTING STEP: PaymentMethodSteps.onTheListrikPLNPage - openPage
22:30:28.109 [main] INFO net.serenitybdd.core.webdriver.driverproviders.ChromeDriverProvider - Starting Chrome driver instance with capabilities:
22:30:28.109 [main] INFO net.serenitybdd.core.webdriver.driverproviders.ChromeDriverProvider - Capabilities {acceptInsecureCerts: false, browserName: chrome, goog:chromeOptions: {args: [remote-allow-origins=*], extensions: []}}
22:30:28.722 [AsyncHttpClient-1-11] DEBUG org.asynchttpclient.netty.channel.NettyConnectListener - Using new Channel '[id: 0x9d353816, L:/127.0.0.1:54575 - R:localhost/127.0.0.1:38517]' for 'POST' to '/session'
22:30:29.789 [AsyncHttpClient-1-11] DEBUG org.asynchttpclient.netty.handler.HttpHandler - 

Request DefaultHttpRequest(decodeResult: success, version: HTTP/1.1)
POST /session HTTP/1.1
User-Agent: selenium/4.8.1 (java windows)
Content-Length: 507
Content-Type: application/json; charset=utf-8
host: localhost:38517
accept: */*

Response DefaultHttpResponse(decodeResult: success, version: HTTP/1.1)
HTTP/1.1 200 OK
Content-Length: 861
Content-Type: application/json; charset=utf-8
cache-control: no-cache

22:30:29.789 [AsyncHttpClient-1-11] DEBUG org.asynchttpclient.netty.channel.ChannelManager - Adding key: http://localhost:38517 for channel [id: 0x9d353816, L:/127.0.0.1:54575 - R:localhost/127.0.0.1:38517]
22:30:29.800 [AsyncHttpClient-1-12] DEBUG org.asynchttpclient.netty.channel.NettyConnectListener - Using new Channel '[id: 0xf37618fc, L:/127.0.0.1:54582 - R:localhost/127.0.0.1:54576]' for 'GET' to '/json/version'
22:30:29.803 [AsyncHttpClient-1-12] DEBUG org.asynchttpclient.netty.handler.HttpHandler - 

Request DefaultFullHttpRequest(decodeResult: success, version: HTTP/1.1, content: EmptyByteBufBE)
GET /json/version HTTP/1.1
User-Agent: selenium/4.8.1 (java windows)
host: localhost:54576
accept: */*

Response DefaultHttpResponse(decodeResult: success, version: HTTP/1.1)
HTTP/1.1 200 OK
Content-Security-Policy: frame-ancestors 'none'
Content-Length: 422
Content-Type: application/json; charset=UTF-8

22:30:29.804 [AsyncHttpClient-1-12] DEBUG org.asynchttpclient.netty.channel.ChannelManager - Adding key: http://localhost:54576 for channel [id: 0xf37618fc, L:/127.0.0.1:54582 - R:localhost/127.0.0.1:54576]
22:30:29.808 [AsyncHttpClient-1-13] DEBUG org.asynchttpclient.netty.channel.NettyConnectListener - Using new Channel '[id: 0xf717cfc9, L:/127.0.0.1:54583 - R:localhost/127.0.0.1:54576]' for 'GET' to '/devtools/browser/ea231e36-dc96-411c-ad16-56200997eaf6'
22:30:29.812 [AsyncHttpClient-1-13] DEBUG org.asynchttpclient.netty.handler.WebSocketHandler - 

Request DefaultFullHttpRequest(decodeResult: success, version: HTTP/1.1, content: EmptyByteBufBE)
GET /devtools/browser/ea231e36-dc96-411c-ad16-56200997eaf6 HTTP/1.1
upgrade: websocket
connection: upgrade
sec-websocket-key: DxqUxBcqfXnGDMekp4RBiQ==
sec-websocket-version: 13
origin: http://localhost:54576
host: localhost:54576
accept: */*
user-agent: AHC/2.1

Response DefaultHttpResponse(decodeResult: success, version: HTTP/1.1)
HTTP/1.1 101 WebSocket Protocol Handshake
Upgrade: WebSocket
Connection: Upgrade
Sec-WebSocket-Accept: XGSsWxbtHpvTO+AKZ2lvnqSeWdU=

22:30:29.820 [Forwarding get on session e215d2d9f07b9e03db677093c14a1a70 to remote] DEBUG org.asynchttpclient.netty.request.NettyRequestSender - Using pooled Channel '[id: 0x9d353816, L:/127.0.0.1:54575 - R:localhost/127.0.0.1:38517]' for 'POST' to 'http://localhost:38517/session/e215d2d9f07b9e03db677093c14a1a70/url'
22:30:29.820 [Forwarding get on session e215d2d9f07b9e03db677093c14a1a70 to remote] DEBUG org.asynchttpclient.netty.request.NettyRequestSender - Using open Channel [id: 0x9d353816, L:/127.0.0.1:54575 - R:localhost/127.0.0.1:38517] for POST '/session/e215d2d9f07b9e03db677093c14a1a70/url'
22:30:30.784 [AsyncHttpClient-1-1] DEBUG org.asynchttpclient.netty.channel.DefaultChannelPool - Entry count for : http://localhost:54576 : 1
22:30:31.880 [AsyncHttpClient-1-1] DEBUG org.asynchttpclient.netty.channel.DefaultChannelPool - Entry count for : http://localhost:54576 : 1
22:30:32.983 [AsyncHttpClient-1-1] DEBUG org.asynchttpclient.netty.channel.DefaultChannelPool - Entry count for : http://localhost:54576 : 1
22:30:34.079 [AsyncHttpClient-1-1] DEBUG org.asynchttpclient.netty.channel.DefaultChannelPool - Entry count for : http://localhost:54576 : 1
22:30:35.179 [AsyncHttpClient-1-1] DEBUG org.asynchttpclient.netty.channel.DefaultChannelPool - Entry count for : http://localhost:54576 : 1
22:30:36.281 [AsyncHttpClient-1-1] DEBUG org.asynchttpclient.netty.channel.DefaultChannelPool - Entry count for : http://localhost:54576 : 1
22:30:36.312 [AsyncHttpClient-1-11] DEBUG org.asynchttpclient.netty.handler.HttpHandler - 

Request DefaultHttpRequest(decodeResult: success, version: HTTP/1.1)
POST /session/e215d2d9f07b9e03db677093c14a1a70/url HTTP/1.1
User-Agent: selenium/4.8.1 (java windows)
Content-Length: 54
Content-Type: application/json; charset=utf-8
host: localhost:38517
accept: */*

Response DefaultHttpResponse(decodeResult: success, version: HTTP/1.1)
HTTP/1.1 200 OK
Content-Length: 14
Content-Type: application/json; charset=utf-8
cache-control: no-cache

22:30:36.312 [AsyncHttpClient-1-11] DEBUG org.asynchttpclient.netty.channel.ChannelManager - Adding key: http://localhost:38517 for channel [id: 0x9d353816, L:/127.0.0.1:54575 - R:localhost/127.0.0.1:38517]
22:30:36.315 [Forwarding setTimeout on session e215d2d9f07b9e03db677093c14a1a70 to remote] DEBUG org.asynchttpclient.netty.request.NettyRequestSender - Using pooled Channel '[id: 0x9d353816, L:/127.0.0.1:54575 - R:localhost/127.0.0.1:38517]' for 'POST' to 'http://localhost:38517/session/e215d2d9f07b9e03db677093c14a1a70/timeouts'
22:30:36.315 [Forwarding setTimeout on session e215d2d9f07b9e03db677093c14a1a70 to remote] DEBUG org.asynchttpclient.netty.request.NettyRequestSender - Using open Channel [id: 0x9d353816, L:/127.0.0.1:54575 - R:localhost/127.0.0.1:38517] for POST '/session/e215d2d9f07b9e03db677093c14a1a70/timeouts'
22:30:36.317 [AsyncHttpClient-1-11] DEBUG org.asynchttpclient.netty.handler.HttpHandler - 

Request DefaultHttpRequest(decodeResult: success, version: HTTP/1.1)
POST /session/e215d2d9f07b9e03db677093c14a1a70/timeouts HTTP/1.1
User-Agent: selenium/4.8.1 (java windows)
Content-Length: 22
Content-Type: application/json; charset=utf-8
host: localhost:38517
accept: */*

Response DefaultHttpResponse(decodeResult: success, version: HTTP/1.1)
HTTP/1.1 200 OK
Content-Length: 14
Content-Type: application/json; charset=utf-8
cache-control: no-cache

22:30:36.318 [AsyncHttpClient-1-11] DEBUG org.asynchttpclient.netty.channel.ChannelManager - Adding key: http://localhost:38517 for channel [id: 0x9d353816, L:/127.0.0.1:54575 - R:localhost/127.0.0.1:38517]
22:30:36.331 [Forwarding getAlertText on session e215d2d9f07b9e03db677093c14a1a70 to remote] DEBUG org.asynchttpclient.netty.request.NettyRequestSender - Using pooled Channel '[id: 0x9d353816, L:/127.0.0.1:54575 - R:localhost/127.0.0.1:38517]' for 'GET' to 'http://localhost:38517/session/e215d2d9f07b9e03db677093c14a1a70/alert/text'
22:30:36.331 [Forwarding getAlertText on session e215d2d9f07b9e03db677093c14a1a70 to remote] DEBUG org.asynchttpclient.netty.request.NettyRequestSender - Using open Channel [id: 0x9d353816, L:/127.0.0.1:54575 - R:localhost/127.0.0.1:38517] for GET '/session/e215d2d9f07b9e03db677093c14a1a70/alert/text'
22:30:36.334 [AsyncHttpClient-1-11] DEBUG org.asynchttpclient.netty.handler.HttpHandler - 

Request DefaultFullHttpRequest(decodeResult: success, version: HTTP/1.1, content: EmptyByteBufBE)
GET /session/e215d2d9f07b9e03db677093c14a1a70/alert/text HTTP/1.1
User-Agent: selenium/4.8.1 (java windows)
Cache-Control: no-cache
Content-Type: application/json; charset=utf-8
host: localhost:38517
accept: */*

Response DefaultHttpResponse(decodeResult: success, version: HTTP/1.1)
HTTP/1.1 404 Not Found
Content-Length: 835
Content-Type: application/json; charset=utf-8
cache-control: no-cache

22:30:36.334 [AsyncHttpClient-1-11] DEBUG org.asynchttpclient.netty.channel.ChannelManager - Adding key: http://localhost:38517 for channel [id: 0x9d353816, L:/127.0.0.1:54575 - R:localhost/127.0.0.1:38517]
22:30:36.337 [Forwarding getCurrentUrl on session e215d2d9f07b9e03db677093c14a1a70 to remote] DEBUG org.asynchttpclient.netty.request.NettyRequestSender - Using pooled Channel '[id: 0x9d353816, L:/127.0.0.1:54575 - R:localhost/127.0.0.1:38517]' for 'GET' to 'http://localhost:38517/session/e215d2d9f07b9e03db677093c14a1a70/url'
22:30:36.337 [Forwarding getCurrentUrl on session e215d2d9f07b9e03db677093c14a1a70 to remote] DEBUG org.asynchttpclient.netty.request.NettyRequestSender - Using open Channel [id: 0x9d353816, L:/127.0.0.1:54575 - R:localhost/127.0.0.1:38517] for GET '/session/e215d2d9f07b9e03db677093c14a1a70/url'
22:30:36.348 [AsyncHttpClient-1-11] DEBUG org.asynchttpclient.netty.handler.HttpHandler - 

Request DefaultFullHttpRequest(decodeResult: success, version: HTTP/1.1, content: EmptyByteBufBE)
GET /session/e215d2d9f07b9e03db677093c14a1a70/url HTTP/1.1
User-Agent: selenium/4.8.1 (java windows)
Cache-Control: no-cache
Content-Type: application/json; charset=utf-8
host: localhost:38517
accept: */*

Response DefaultHttpResponse(decodeResult: success, version: HTTP/1.1)
HTTP/1.1 200 OK
Content-Length: 36
Content-Type: application/json; charset=utf-8
cache-control: no-cache

22:30:36.349 [AsyncHttpClient-1-11] DEBUG org.asynchttpclient.netty.channel.ChannelManager - Adding key: http://localhost:38517 for channel [id: 0x9d353816, L:/127.0.0.1:54575 - R:localhost/127.0.0.1:38517]
22:30:36.351 [Forwarding screenshot on session e215d2d9f07b9e03db677093c14a1a70 to remote] DEBUG org.asynchttpclient.netty.request.NettyRequestSender - Using pooled Channel '[id: 0x9d353816, L:/127.0.0.1:54575 - R:localhost/127.0.0.1:38517]' for 'GET' to 'http://localhost:38517/session/e215d2d9f07b9e03db677093c14a1a70/screenshot'
22:30:36.351 [Forwarding screenshot on session e215d2d9f07b9e03db677093c14a1a70 to remote] DEBUG org.asynchttpclient.netty.request.NettyRequestSender - Using open Channel [id: 0x9d353816, L:/127.0.0.1:54575 - R:localhost/127.0.0.1:38517] for GET '/session/e215d2d9f07b9e03db677093c14a1a70/screenshot'
22:30:36.867 [AsyncHttpClient-1-11] DEBUG org.asynchttpclient.netty.handler.HttpHandler - 

Request DefaultFullHttpRequest(decodeResult: success, version: HTTP/1.1, content: EmptyByteBufBE)
GET /session/e215d2d9f07b9e03db677093c14a1a70/screenshot HTTP/1.1
User-Agent: selenium/4.8.1 (java windows)
Cache-Control: no-cache
Content-Type: application/json; charset=utf-8
host: localhost:38517
accept: */*

Response DefaultHttpResponse(decodeResult: success, version: HTTP/1.1)
HTTP/1.1 200 OK
Content-Length: 513132
Content-Type: application/json; charset=utf-8
cache-control: no-cache

22:30:36.869 [AsyncHttpClient-1-11] DEBUG org.asynchttpclient.netty.channel.ChannelManager - Adding key: http://localhost:38517 for channel [id: 0x9d353816, L:/127.0.0.1:54575 - R:localhost/127.0.0.1:38517]
22:30:36.888 [main] DEBUG net.serenitybdd.core.photography.Darkroom - Send negative for processing for target\site\serenity\a1740f2b04a52c0ce7a6ba4ceed013697264167b927fea1b27a27d013cea4b7f.png
22:30:36.889 [main] DEBUG net.thucydides.core.steps.StepInterceptor - STEP DONE: openPage
22:30:36.889 [Darkroom Processing Line] DEBUG net.serenitybdd.core.photography.DarkroomProcessingLine - Processing screenshot image in /var/screenshots/screenshot-15865271077076022372
22:30:36.889 [Darkroom Processing Line] DEBUG net.serenitybdd.core.photography.DarkroomProcessingLine - Saving screenshot to target\site\serenity\a1740f2b04a52c0ce7a6ba4ceed013697264167b927fea1b27a27d013cea4b7f.png
22:30:36.900 [Forwarding getPageSource on session e215d2d9f07b9e03db677093c14a1a70 to remote] DEBUG org.asynchttpclient.netty.request.NettyRequestSender - Using pooled Channel '[id: 0x9d353816, L:/127.0.0.1:54575 - R:localhost/127.0.0.1:38517]' for 'POST' to 'http://localhost:38517/session/e215d2d9f07b9e03db677093c14a1a70/execute/sync'
22:30:36.900 [Forwarding getPageSource on session e215d2d9f07b9e03db677093c14a1a70 to remote] DEBUG org.asynchttpclient.netty.request.NettyRequestSender - Using open Channel [id: 0x9d353816, L:/127.0.0.1:54575 - R:localhost/127.0.0.1:38517] for POST '/session/e215d2d9f07b9e03db677093c14a1a70/execute/sync'
22:30:36.935 [AsyncHttpClient-1-11] DEBUG org.asynchttpclient.netty.handler.HttpHandler - 

Request DefaultHttpRequest(decodeResult: success, version: HTTP/1.1)
POST /session/e215d2d9f07b9e03db677093c14a1a70/execute/sync HTTP/1.1
User-Agent: selenium/4.8.1 (java windows)
Content-Length: 176
Content-Type: application/json; charset=utf-8
host: localhost:38517
accept: */*

Response DefaultHttpResponse(decodeResult: success, version: HTTP/1.1)
HTTP/1.1 200 OK
Content-Length: 174663
Content-Type: application/json; charset=utf-8
cache-control: no-cache

22:30:36.936 [AsyncHttpClient-1-11] DEBUG org.asynchttpclient.netty.channel.ChannelManager - Adding key: http://localhost:38517 for channel [id: 0x9d353816, L:/127.0.0.1:54575 - R:localhost/127.0.0.1:38517]
22:30:36.963 [Forwarding getCurrentUrl on session e215d2d9f07b9e03db677093c14a1a70 to remote] DEBUG org.asynchttpclient.netty.request.NettyRequestSender - Using pooled Channel '[id: 0x9d353816, L:/127.0.0.1:54575 - R:localhost/127.0.0.1:38517]' for 'GET' to 'http://localhost:38517/session/e215d2d9f07b9e03db677093c14a1a70/url'
22:30:36.963 [Forwarding getCurrentUrl on session e215d2d9f07b9e03db677093c14a1a70 to remote] DEBUG org.asynchttpclient.netty.request.NettyRequestSender - Using open Channel [id: 0x9d353816, L:/127.0.0.1:54575 - R:localhost/127.0.0.1:38517] for GET '/session/e215d2d9f07b9e03db677093c14a1a70/url'
22:30:36.970 [AsyncHttpClient-1-11] DEBUG org.asynchttpclient.netty.handler.HttpHandler - 

Request DefaultFullHttpRequest(decodeResult: success, version: HTTP/1.1, content: EmptyByteBufBE)
GET /session/e215d2d9f07b9e03db677093c14a1a70/url HTTP/1.1
User-Agent: selenium/4.8.1 (java windows)
Cache-Control: no-cache
Content-Type: application/json; charset=utf-8
host: localhost:38517
accept: */*

Response DefaultHttpResponse(decodeResult: success, version: HTTP/1.1)
HTTP/1.1 200 OK
Content-Length: 36
Content-Type: application/json; charset=utf-8
cache-control: no-cache

22:30:36.971 [AsyncHttpClient-1-11] DEBUG org.asynchttpclient.netty.channel.ChannelManager - Adding key: http://localhost:38517 for channel [id: 0x9d353816, L:/127.0.0.1:54575 - R:localhost/127.0.0.1:38517]
22:30:36.976 [main] DEBUG net.thucydides.core.steps.StepInterceptor - STARTING STEP: PaymentMethodSteps.onTheListrikPLNPage - clickLoginButton
22:30:36.981 [Forwarding findElement on session e215d2d9f07b9e03db677093c14a1a70 to remote] DEBUG org.asynchttpclient.netty.request.NettyRequestSender - Using pooled Channel '[id: 0x9d353816, L:/127.0.0.1:54575 - R:localhost/127.0.0.1:38517]' for 'POST' to 'http://localhost:38517/session/e215d2d9f07b9e03db677093c14a1a70/element'
22:30:36.981 [Forwarding findElement on session e215d2d9f07b9e03db677093c14a1a70 to remote] DEBUG org.asynchttpclient.netty.request.NettyRequestSender - Using open Channel [id: 0x9d353816, L:/127.0.0.1:54575 - R:localhost/127.0.0.1:38517] for POST '/session/e215d2d9f07b9e03db677093c14a1a70/element'
22:30:37.002 [AsyncHttpClient-1-11] DEBUG org.asynchttpclient.netty.handler.HttpHandler - 

Request DefaultHttpRequest(decodeResult: success, version: HTTP/1.1)
POST /session/e215d2d9f07b9e03db677093c14a1a70/element HTTP/1.1
User-Agent: selenium/4.8.1 (java windows)
Content-Length: 62
Content-Type: application/json; charset=utf-8
host: localhost:38517
accept: */*

Response DefaultHttpResponse(decodeResult: success, version: HTTP/1.1)
HTTP/1.1 200 OK
Content-Length: 88
Content-Type: application/json; charset=utf-8
cache-control: no-cache

22:30:37.002 [AsyncHttpClient-1-11] DEBUG org.asynchttpclient.netty.channel.ChannelManager - Adding key: http://localhost:38517 for channel [id: 0x9d353816, L:/127.0.0.1:54575 - R:localhost/127.0.0.1:38517]
22:30:37.005 [Forwarding getElementTagName on session e215d2d9f07b9e03db677093c14a1a70 to remote] DEBUG org.asynchttpclient.netty.request.NettyRequestSender - Using pooled Channel '[id: 0x9d353816, L:/127.0.0.1:54575 - R:localhost/127.0.0.1:38517]' for 'GET' to 'http://localhost:38517/session/e215d2d9f07b9e03db677093c14a1a70/element/064d2289-5c1d-4b4a-bc6a-bef5b543fb68/name'
22:30:37.005 [Forwarding getElementTagName on session e215d2d9f07b9e03db677093c14a1a70 to remote] DEBUG org.asynchttpclient.netty.request.NettyRequestSender - Using open Channel [id: 0x9d353816, L:/127.0.0.1:54575 - R:localhost/127.0.0.1:38517] for GET '/session/e215d2d9f07b9e03db677093c14a1a70/element/064d2289-5c1d-4b4a-bc6a-bef5b543fb68/name'
22:30:37.013 [AsyncHttpClient-1-11] DEBUG org.asynchttpclient.netty.handler.HttpHandler - 

Request DefaultFullHttpRequest(decodeResult: success, version: HTTP/1.1, content: EmptyByteBufBE)
GET /session/e215d2d9f07b9e03db677093c14a1a70/element/064d2289-5c1d-4b4a-bc6a-bef5b543fb68/name HTTP/1.1
User-Agent: selenium/4.8.1 (java windows)
Cache-Control: no-cache
Content-Type: application/json; charset=utf-8
host: localhost:38517
accept: */*

Response DefaultHttpResponse(decodeResult: success, version: HTTP/1.1)
HTTP/1.1 200 OK
Content-Length: 16
Content-Type: application/json; charset=utf-8
cache-control: no-cache

22:30:37.014 [AsyncHttpClient-1-11] DEBUG org.asynchttpclient.netty.channel.ChannelManager - Adding key: http://localhost:38517 for channel [id: 0x9d353816, L:/127.0.0.1:54575 - R:localhost/127.0.0.1:38517]
22:30:37.016 [Forwarding getElementTagName on session e215d2d9f07b9e03db677093c14a1a70 to remote] DEBUG org.asynchttpclient.netty.request.NettyRequestSender - Using pooled Channel '[id: 0x9d353816, L:/127.0.0.1:54575 - R:localhost/127.0.0.1:38517]' for 'GET' to 'http://localhost:38517/session/e215d2d9f07b9e03db677093c14a1a70/element/064d2289-5c1d-4b4a-bc6a-bef5b543fb68/name'
22:30:37.016 [Forwarding getElementTagName on session e215d2d9f07b9e03db677093c14a1a70 to remote] DEBUG org.asynchttpclient.netty.request.NettyRequestSender - Using open Channel [id: 0x9d353816, L:/127.0.0.1:54575 - R:localhost/127.0.0.1:38517] for GET '/session/e215d2d9f07b9e03db677093c14a1a70/element/064d2289-5c1d-4b4a-bc6a-bef5b543fb68/name'
22:30:37.023 [AsyncHttpClient-1-11] DEBUG org.asynchttpclient.netty.handler.HttpHandler - 

Request DefaultFullHttpRequest(decodeResult: success, version: HTTP/1.1, content: EmptyByteBufBE)
GET /session/e215d2d9f07b9e03db677093c14a1a70/element/064d2289-5c1d-4b4a-bc6a-bef5b543fb68/name HTTP/1.1
User-Agent: selenium/4.8.1 (java windows)
Cache-Control: no-cache
Content-Type: application/json; charset=utf-8
host: localhost:38517
accept: */*

Response DefaultHttpResponse(decodeResult: success, version: HTTP/1.1)
HTTP/1.1 200 OK
Content-Length: 16
Content-Type: application/json; charset=utf-8
cache-control: no-cache

22:30:37.023 [AsyncHttpClient-1-11] DEBUG org.asynchttpclient.netty.channel.ChannelManager - Adding key: http://localhost:38517 for channel [id: 0x9d353816, L:/127.0.0.1:54575 - R:localhost/127.0.0.1:38517]
22:30:37.026 [Forwarding findElement on session e215d2d9f07b9e03db677093c14a1a70 to remote] DEBUG org.asynchttpclient.netty.request.NettyRequestSender - Using pooled Channel '[id: 0x9d353816, L:/127.0.0.1:54575 - R:localhost/127.0.0.1:38517]' for 'POST' to 'http://localhost:38517/session/e215d2d9f07b9e03db677093c14a1a70/element'
22:30:37.026 [Forwarding findElement on session e215d2d9f07b9e03db677093c14a1a70 to remote] DEBUG org.asynchttpclient.netty.request.NettyRequestSender - Using open Channel [id: 0x9d353816, L:/127.0.0.1:54575 - R:localhost/127.0.0.1:38517] for POST '/session/e215d2d9f07b9e03db677093c14a1a70/element'
22:30:37.039 [AsyncHttpClient-1-11] DEBUG org.asynchttpclient.netty.handler.HttpHandler - 

Request DefaultHttpRequest(decodeResult: success, version: HTTP/1.1)
POST /session/e215d2d9f07b9e03db677093c14a1a70/element HTTP/1.1
User-Agent: selenium/4.8.1 (java windows)
Content-Length: 62
Content-Type: application/json; charset=utf-8
host: localhost:38517
accept: */*

Response DefaultHttpResponse(decodeResult: success, version: HTTP/1.1)
HTTP/1.1 200 OK
Content-Length: 88
Content-Type: application/json; charset=utf-8
cache-control: no-cache

22:30:37.039 [AsyncHttpClient-1-11] DEBUG org.asynchttpclient.netty.channel.ChannelManager - Adding key: http://localhost:38517 for channel [id: 0x9d353816, L:/127.0.0.1:54575 - R:localhost/127.0.0.1:38517]
22:30:37.041 [Forwarding clickElement on session e215d2d9f07b9e03db677093c14a1a70 to remote] DEBUG org.asynchttpclient.netty.request.NettyRequestSender - Using pooled Channel '[id: 0x9d353816, L:/127.0.0.1:54575 - R:localhost/127.0.0.1:38517]' for 'POST' to 'http://localhost:38517/session/e215d2d9f07b9e03db677093c14a1a70/element/064d2289-5c1d-4b4a-bc6a-bef5b543fb68/click'
22:30:37.042 [Forwarding clickElement on session e215d2d9f07b9e03db677093c14a1a70 to remote] DEBUG org.asynchttpclient.netty.request.NettyRequestSender - Using open Channel [id: 0x9d353816, L:/127.0.0.1:54575 - R:localhost/127.0.0.1:38517] for POST '/session/e215d2d9f07b9e03db677093c14a1a70/element/064d2289-5c1d-4b4a-bc6a-bef5b543fb68/click'
22:30:37.136 [AsyncHttpClient-1-11] DEBUG org.asynchttpclient.netty.handler.HttpHandler - 

Request DefaultHttpRequest(decodeResult: success, version: HTTP/1.1)
POST /session/e215d2d9f07b9e03db677093c14a1a70/element/064d2289-5c1d-4b4a-bc6a-bef5b543fb68/click HTTP/1.1
User-Agent: selenium/4.8.1 (java windows)
Content-Length: 50
Content-Type: application/json; charset=utf-8
host: localhost:38517
accept: */*

Response DefaultHttpResponse(decodeResult: success, version: HTTP/1.1)
HTTP/1.1 200 OK
Content-Length: 14
Content-Type: application/json; charset=utf-8
cache-control: no-cache

22:30:37.137 [AsyncHttpClient-1-11] DEBUG org.asynchttpclient.netty.channel.ChannelManager - Adding key: http://localhost:38517 for channel [id: 0x9d353816, L:/127.0.0.1:54575 - R:localhost/127.0.0.1:38517]
22:30:37.151 [Forwarding getAlertText on session e215d2d9f07b9e03db677093c14a1a70 to remote] DEBUG org.asynchttpclient.netty.request.NettyRequestSender - Using pooled Channel '[id: 0x9d353816, L:/127.0.0.1:54575 - R:localhost/127.0.0.1:38517]' for 'GET' to 'http://localhost:38517/session/e215d2d9f07b9e03db677093c14a1a70/alert/text'
22:30:37.151 [Forwarding getAlertText on session e215d2d9f07b9e03db677093c14a1a70 to remote] DEBUG org.asynchttpclient.netty.request.NettyRequestSender - Using open Channel [id: 0x9d353816, L:/127.0.0.1:54575 - R:localhost/127.0.0.1:38517] for GET '/session/e215d2d9f07b9e03db677093c14a1a70/alert/text'
22:30:37.176 [AsyncHttpClient-1-11] DEBUG org.asynchttpclient.netty.handler.HttpHandler - 

Request DefaultFullHttpRequest(decodeResult: success, version: HTTP/1.1, content: EmptyByteBufBE)
GET /session/e215d2d9f07b9e03db677093c14a1a70/alert/text HTTP/1.1
User-Agent: selenium/4.8.1 (java windows)
Cache-Control: no-cache
Content-Type: application/json; charset=utf-8
host: localhost:38517
accept: */*

Response DefaultHttpResponse(decodeResult: success, version: HTTP/1.1)
HTTP/1.1 404 Not Found
Content-Length: 835
Content-Type: application/json; charset=utf-8
cache-control: no-cache

22:30:37.176 [AsyncHttpClient-1-11] DEBUG org.asynchttpclient.netty.channel.ChannelManager - Adding key: http://localhost:38517 for channel [id: 0x9d353816, L:/127.0.0.1:54575 - R:localhost/127.0.0.1:38517]
22:30:37.179 [Forwarding getCurrentUrl on session e215d2d9f07b9e03db677093c14a1a70 to remote] DEBUG org.asynchttpclient.netty.request.NettyRequestSender - Using pooled Channel '[id: 0x9d353816, L:/127.0.0.1:54575 - R:localhost/127.0.0.1:38517]' for 'GET' to 'http://localhost:38517/session/e215d2d9f07b9e03db677093c14a1a70/url'
22:30:37.179 [Forwarding getCurrentUrl on session e215d2d9f07b9e03db677093c14a1a70 to remote] DEBUG org.asynchttpclient.netty.request.NettyRequestSender - Using open Channel [id: 0x9d353816, L:/127.0.0.1:54575 - R:localhost/127.0.0.1:38517] for GET '/session/e215d2d9f07b9e03db677093c14a1a70/url'
22:30:37.267 [AsyncHttpClient-1-11] DEBUG org.asynchttpclient.netty.handler.HttpHandler - 

Request DefaultFullHttpRequest(decodeResult: success, version: HTTP/1.1, content: EmptyByteBufBE)
GET /session/e215d2d9f07b9e03db677093c14a1a70/url HTTP/1.1
User-Agent: selenium/4.8.1 (java windows)
Cache-Control: no-cache
Content-Type: application/json; charset=utf-8
host: localhost:38517
accept: */*

Response DefaultHttpResponse(decodeResult: success, version: HTTP/1.1)
HTTP/1.1 200 OK
Content-Length: 42
Content-Type: application/json; charset=utf-8
cache-control: no-cache

22:30:37.267 [AsyncHttpClient-1-11] DEBUG org.asynchttpclient.netty.channel.ChannelManager - Adding key: http://localhost:38517 for channel [id: 0x9d353816, L:/127.0.0.1:54575 - R:localhost/127.0.0.1:38517]
22:30:37.269 [Forwarding screenshot on session e215d2d9f07b9e03db677093c14a1a70 to remote] DEBUG org.asynchttpclient.netty.request.NettyRequestSender - Using pooled Channel '[id: 0x9d353816, L:/127.0.0.1:54575 - R:localhost/127.0.0.1:38517]' for 'GET' to 'http://localhost:38517/session/e215d2d9f07b9e03db677093c14a1a70/screenshot'
22:30:37.269 [Forwarding screenshot on session e215d2d9f07b9e03db677093c14a1a70 to remote] DEBUG org.asynchttpclient.netty.request.NettyRequestSender - Using open Channel [id: 0x9d353816, L:/127.0.0.1:54575 - R:localhost/127.0.0.1:38517] for GET '/session/e215d2d9f07b9e03db677093c14a1a70/screenshot'
22:30:37.380 [AsyncHttpClient-1-1] DEBUG org.asynchttpclient.netty.channel.DefaultChannelPool - Entry count for : http://localhost:54576 : 1
22:30:37.755 [AsyncHttpClient-1-11] DEBUG org.asynchttpclient.netty.handler.HttpHandler - 

Request DefaultFullHttpRequest(decodeResult: success, version: HTTP/1.1, content: EmptyByteBufBE)
GET /session/e215d2d9f07b9e03db677093c14a1a70/screenshot HTTP/1.1
User-Agent: selenium/4.8.1 (java windows)
Cache-Control: no-cache
Content-Type: application/json; charset=utf-8
host: localhost:38517
accept: */*

Response DefaultHttpResponse(decodeResult: success, version: HTTP/1.1)
HTTP/1.1 200 OK
Content-Length: 255864
Content-Type: application/json; charset=utf-8
cache-control: no-cache

22:30:37.755 [AsyncHttpClient-1-11] DEBUG org.asynchttpclient.netty.channel.ChannelManager - Adding key: http://localhost:38517 for channel [id: 0x9d353816, L:/127.0.0.1:54575 - R:localhost/127.0.0.1:38517]
22:30:37.764 [main] DEBUG net.serenitybdd.core.photography.Darkroom - Send negative for processing for target\site\serenity\385bcadc27da1b2c4766a46f92f1b5bdc4e85f5718254a7d06d292689290915e.png
22:30:37.765 [main] DEBUG net.thucydides.core.steps.StepInterceptor - STEP DONE: clickLoginButton
22:30:37.775 [Forwarding getPageSource on session e215d2d9f07b9e03db677093c14a1a70 to remote] DEBUG org.asynchttpclient.netty.request.NettyRequestSender - Using pooled Channel '[id: 0x9d353816, L:/127.0.0.1:54575 - R:localhost/127.0.0.1:38517]' for 'POST' to 'http://localhost:38517/session/e215d2d9f07b9e03db677093c14a1a70/execute/sync'
22:30:37.775 [Forwarding getPageSource on session e215d2d9f07b9e03db677093c14a1a70 to remote] DEBUG org.asynchttpclient.netty.request.NettyRequestSender - Using open Channel [id: 0x9d353816, L:/127.0.0.1:54575 - R:localhost/127.0.0.1:38517] for POST '/session/e215d2d9f07b9e03db677093c14a1a70/execute/sync'
22:30:37.792 [AsyncHttpClient-1-11] DEBUG org.asynchttpclient.netty.handler.HttpHandler - 

Request DefaultHttpRequest(decodeResult: success, version: HTTP/1.1)
POST /session/e215d2d9f07b9e03db677093c14a1a70/execute/sync HTTP/1.1
User-Agent: selenium/4.8.1 (java windows)
Content-Length: 176
Content-Type: application/json; charset=utf-8
host: localhost:38517
accept: */*

Response DefaultHttpResponse(decodeResult: success, version: HTTP/1.1)
HTTP/1.1 200 OK
Content-Length: 96896
Content-Type: application/json; charset=utf-8
cache-control: no-cache

22:30:37.793 [AsyncHttpClient-1-11] DEBUG org.asynchttpclient.netty.channel.ChannelManager - Adding key: http://localhost:38517 for channel [id: 0x9d353816, L:/127.0.0.1:54575 - R:localhost/127.0.0.1:38517]
22:30:37.808 [Forwarding getCurrentUrl on session e215d2d9f07b9e03db677093c14a1a70 to remote] DEBUG org.asynchttpclient.netty.request.NettyRequestSender - Using pooled Channel '[id: 0x9d353816, L:/127.0.0.1:54575 - R:localhost/127.0.0.1:38517]' for 'GET' to 'http://localhost:38517/session/e215d2d9f07b9e03db677093c14a1a70/url'
22:30:37.808 [Forwarding getCurrentUrl on session e215d2d9f07b9e03db677093c14a1a70 to remote] DEBUG org.asynchttpclient.netty.request.NettyRequestSender - Using open Channel [id: 0x9d353816, L:/127.0.0.1:54575 - R:localhost/127.0.0.1:38517] for GET '/session/e215d2d9f07b9e03db677093c14a1a70/url'
22:30:37.814 [AsyncHttpClient-1-11] DEBUG org.asynchttpclient.netty.handler.HttpHandler - 

Request DefaultFullHttpRequest(decodeResult: success, version: HTTP/1.1, content: EmptyByteBufBE)
GET /session/e215d2d9f07b9e03db677093c14a1a70/url HTTP/1.1
User-Agent: selenium/4.8.1 (java windows)
Cache-Control: no-cache
Content-Type: application/json; charset=utf-8
host: localhost:38517
accept: */*

Response DefaultHttpResponse(decodeResult: success, version: HTTP/1.1)
HTTP/1.1 200 OK
Content-Length: 42
Content-Type: application/json; charset=utf-8
cache-control: no-cache

22:30:37.814 [AsyncHttpClient-1-11] DEBUG org.asynchttpclient.netty.channel.ChannelManager - Adding key: http://localhost:38517 for channel [id: 0x9d353816, L:/127.0.0.1:54575 - R:localhost/127.0.0.1:38517]
22:30:37.819 [main] DEBUG net.thucydides.core.steps.StepInterceptor - STARTING STEP: PaymentMethodSteps.onTheListrikPLNPage - inputEmail
22:30:37.821 [Forwarding findElement on session e215d2d9f07b9e03db677093c14a1a70 to remote] DEBUG org.asynchttpclient.netty.request.NettyRequestSender - Using pooled Channel '[id: 0x9d353816, L:/127.0.0.1:54575 - R:localhost/127.0.0.1:38517]' for 'POST' to 'http://localhost:38517/session/e215d2d9f07b9e03db677093c14a1a70/element'
22:30:37.821 [Forwarding findElement on session e215d2d9f07b9e03db677093c14a1a70 to remote] DEBUG org.asynchttpclient.netty.request.NettyRequestSender - Using open Channel [id: 0x9d353816, L:/127.0.0.1:54575 - R:localhost/127.0.0.1:38517] for POST '/session/e215d2d9f07b9e03db677093c14a1a70/element'
22:30:37.842 [AsyncHttpClient-1-11] DEBUG org.asynchttpclient.netty.handler.HttpHandler - 

Request DefaultHttpRequest(decodeResult: success, version: HTTP/1.1)
POST /session/e215d2d9f07b9e03db677093c14a1a70/element HTTP/1.1
User-Agent: selenium/4.8.1 (java windows)
Content-Length: 50
Content-Type: application/json; charset=utf-8
host: localhost:38517
accept: */*

Response DefaultHttpResponse(decodeResult: success, version: HTTP/1.1)
HTTP/1.1 200 OK
Content-Length: 88
Content-Type: application/json; charset=utf-8
cache-control: no-cache

22:30:37.842 [AsyncHttpClient-1-11] DEBUG org.asynchttpclient.netty.channel.ChannelManager - Adding key: http://localhost:38517 for channel [id: 0x9d353816, L:/127.0.0.1:54575 - R:localhost/127.0.0.1:38517]
22:30:37.844 [Forwarding clearElement on session e215d2d9f07b9e03db677093c14a1a70 to remote] DEBUG org.asynchttpclient.netty.request.NettyRequestSender - Using pooled Channel '[id: 0x9d353816, L:/127.0.0.1:54575 - R:localhost/127.0.0.1:38517]' for 'POST' to 'http://localhost:38517/session/e215d2d9f07b9e03db677093c14a1a70/element/03e9e690-be7c-402d-97ef-908ff3f5c7ea/clear'
22:30:37.845 [Forwarding clearElement on session e215d2d9f07b9e03db677093c14a1a70 to remote] DEBUG org.asynchttpclient.netty.request.NettyRequestSender - Using open Channel [id: 0x9d353816, L:/127.0.0.1:54575 - R:localhost/127.0.0.1:38517] for POST '/session/e215d2d9f07b9e03db677093c14a1a70/element/03e9e690-be7c-402d-97ef-908ff3f5c7ea/clear'
22:30:37.921 [AsyncHttpClient-1-11] DEBUG org.asynchttpclient.netty.handler.HttpHandler - 

Request DefaultHttpRequest(decodeResult: success, version: HTTP/1.1)
POST /session/e215d2d9f07b9e03db677093c14a1a70/element/03e9e690-be7c-402d-97ef-908ff3f5c7ea/clear HTTP/1.1
User-Agent: selenium/4.8.1 (java windows)
Content-Length: 50
Content-Type: application/json; charset=utf-8
host: localhost:38517
accept: */*

Response DefaultHttpResponse(decodeResult: success, version: HTTP/1.1)
HTTP/1.1 200 OK
Content-Length: 14
Content-Type: application/json; charset=utf-8
cache-control: no-cache

22:30:37.921 [AsyncHttpClient-1-11] DEBUG org.asynchttpclient.netty.channel.ChannelManager - Adding key: http://localhost:38517 for channel [id: 0x9d353816, L:/127.0.0.1:54575 - R:localhost/127.0.0.1:38517]
22:30:37.925 [Forwarding sendKeysToElement on session e215d2d9f07b9e03db677093c14a1a70 to remote] DEBUG org.asynchttpclient.netty.request.NettyRequestSender - Using pooled Channel '[id: 0x9d353816, L:/127.0.0.1:54575 - R:localhost/127.0.0.1:38517]' for 'POST' to 'http://localhost:38517/session/e215d2d9f07b9e03db677093c14a1a70/element/03e9e690-be7c-402d-97ef-908ff3f5c7ea/value'
22:30:37.925 [Forwarding sendKeysToElement on session e215d2d9f07b9e03db677093c14a1a70 to remote] DEBUG org.asynchttpclient.netty.request.NettyRequestSender - Using open Channel [id: 0x9d353816, L:/127.0.0.1:54575 - R:localhost/127.0.0.1:38517] for POST '/session/e215d2d9f07b9e03db677093c14a1a70/element/03e9e690-be7c-402d-97ef-908ff3f5c7ea/value'
22:30:38.211 [AsyncHttpClient-1-11] DEBUG org.asynchttpclient.netty.handler.HttpHandler - 

Request DefaultHttpRequest(decodeResult: success, version: HTTP/1.1)
POST /session/e215d2d9f07b9e03db677093c14a1a70/element/03e9e690-be7c-402d-97ef-908ff3f5c7ea/value HTTP/1.1
User-Agent: selenium/4.8.1 (java windows)
Content-Length: 341
Content-Type: application/json; charset=utf-8
host: localhost:38517
accept: */*

Response DefaultHttpResponse(decodeResult: success, version: HTTP/1.1)
HTTP/1.1 200 OK
Content-Length: 14
Content-Type: application/json; charset=utf-8
cache-control: no-cache

22:30:38.212 [AsyncHttpClient-1-11] DEBUG org.asynchttpclient.netty.channel.ChannelManager - Adding key: http://localhost:38517 for channel [id: 0x9d353816, L:/127.0.0.1:54575 - R:localhost/127.0.0.1:38517]
22:30:38.222 [Forwarding getAlertText on session e215d2d9f07b9e03db677093c14a1a70 to remote] DEBUG org.asynchttpclient.netty.request.NettyRequestSender - Using pooled Channel '[id: 0x9d353816, L:/127.0.0.1:54575 - R:localhost/127.0.0.1:38517]' for 'GET' to 'http://localhost:38517/session/e215d2d9f07b9e03db677093c14a1a70/alert/text'
22:30:38.222 [Forwarding getAlertText on session e215d2d9f07b9e03db677093c14a1a70 to remote] DEBUG org.asynchttpclient.netty.request.NettyRequestSender - Using open Channel [id: 0x9d353816, L:/127.0.0.1:54575 - R:localhost/127.0.0.1:38517] for GET '/session/e215d2d9f07b9e03db677093c14a1a70/alert/text'
22:30:38.237 [AsyncHttpClient-1-11] DEBUG org.asynchttpclient.netty.handler.HttpHandler - 

Request DefaultFullHttpRequest(decodeResult: success, version: HTTP/1.1, content: EmptyByteBufBE)
GET /session/e215d2d9f07b9e03db677093c14a1a70/alert/text HTTP/1.1
User-Agent: selenium/4.8.1 (java windows)
Cache-Control: no-cache
Content-Type: application/json; charset=utf-8
host: localhost:38517
accept: */*

Response DefaultHttpResponse(decodeResult: success, version: HTTP/1.1)
HTTP/1.1 404 Not Found
Content-Length: 835
Content-Type: application/json; charset=utf-8
cache-control: no-cache

22:30:38.237 [AsyncHttpClient-1-11] DEBUG org.asynchttpclient.netty.channel.ChannelManager - Adding key: http://localhost:38517 for channel [id: 0x9d353816, L:/127.0.0.1:54575 - R:localhost/127.0.0.1:38517]
22:30:38.238 [Forwarding getCurrentUrl on session e215d2d9f07b9e03db677093c14a1a70 to remote] DEBUG org.asynchttpclient.netty.request.NettyRequestSender - Using pooled Channel '[id: 0x9d353816, L:/127.0.0.1:54575 - R:localhost/127.0.0.1:38517]' for 'GET' to 'http://localhost:38517/session/e215d2d9f07b9e03db677093c14a1a70/url'
22:30:38.238 [Forwarding getCurrentUrl on session e215d2d9f07b9e03db677093c14a1a70 to remote] DEBUG org.asynchttpclient.netty.request.NettyRequestSender - Using open Channel [id: 0x9d353816, L:/127.0.0.1:54575 - R:localhost/127.0.0.1:38517] for GET '/session/e215d2d9f07b9e03db677093c14a1a70/url'
22:30:38.242 [AsyncHttpClient-1-11] DEBUG org.asynchttpclient.netty.handler.HttpHandler - 

Request DefaultFullHttpRequest(decodeResult: success, version: HTTP/1.1, content: EmptyByteBufBE)
GET /session/e215d2d9f07b9e03db677093c14a1a70/url HTTP/1.1
User-Agent: selenium/4.8.1 (java windows)
Cache-Control: no-cache
Content-Type: application/json; charset=utf-8
host: localhost:38517
accept: */*

Response DefaultHttpResponse(decodeResult: success, version: HTTP/1.1)
HTTP/1.1 200 OK
Content-Length: 42
Content-Type: application/json; charset=utf-8
cache-control: no-cache

22:30:38.242 [AsyncHttpClient-1-11] DEBUG org.asynchttpclient.netty.channel.ChannelManager - Adding key: http://localhost:38517 for channel [id: 0x9d353816, L:/127.0.0.1:54575 - R:localhost/127.0.0.1:38517]
22:30:38.243 [Forwarding screenshot on session e215d2d9f07b9e03db677093c14a1a70 to remote] DEBUG org.asynchttpclient.netty.request.NettyRequestSender - Using pooled Channel '[id: 0x9d353816, L:/127.0.0.1:54575 - R:localhost/127.0.0.1:38517]' for 'GET' to 'http://localhost:38517/session/e215d2d9f07b9e03db677093c14a1a70/screenshot'
22:30:38.244 [Forwarding screenshot on session e215d2d9f07b9e03db677093c14a1a70 to remote] DEBUG org.asynchttpclient.netty.request.NettyRequestSender - Using open Channel [id: 0x9d353816, L:/127.0.0.1:54575 - R:localhost/127.0.0.1:38517] for GET '/session/e215d2d9f07b9e03db677093c14a1a70/screenshot'
22:30:38.482 [AsyncHttpClient-1-1] DEBUG org.asynchttpclient.netty.channel.DefaultChannelPool - Entry count for : http://localhost:54576 : 1
22:30:38.513 [AsyncHttpClient-1-11] DEBUG org.asynchttpclient.netty.handler.HttpHandler - 

Request DefaultFullHttpRequest(decodeResult: success, version: HTTP/1.1, content: EmptyByteBufBE)
GET /session/e215d2d9f07b9e03db677093c14a1a70/screenshot HTTP/1.1
User-Agent: selenium/4.8.1 (java windows)
Cache-Control: no-cache
Content-Type: application/json; charset=utf-8
host: localhost:38517
accept: */*

Response DefaultHttpResponse(decodeResult: success, version: HTTP/1.1)
HTTP/1.1 200 OK
Content-Length: 259580
Content-Type: application/json; charset=utf-8
cache-control: no-cache

22:30:38.513 [AsyncHttpClient-1-11] DEBUG org.asynchttpclient.netty.channel.ChannelManager - Adding key: http://localhost:38517 for channel [id: 0x9d353816, L:/127.0.0.1:54575 - R:localhost/127.0.0.1:38517]
22:30:38.521 [main] DEBUG net.serenitybdd.core.photography.Darkroom - Send negative for processing for target\site\serenity\980a84b8f729bb054cc984719a879888ad6da615e8e693fa5e7e7dc334c7292c.png
22:30:38.521 [main] DEBUG net.thucydides.core.steps.StepInterceptor - STEP DONE: inputEmail
22:30:38.529 [Forwarding getPageSource on session e215d2d9f07b9e03db677093c14a1a70 to remote] DEBUG org.asynchttpclient.netty.request.NettyRequestSender - Using pooled Channel '[id: 0x9d353816, L:/127.0.0.1:54575 - R:localhost/127.0.0.1:38517]' for 'POST' to 'http://localhost:38517/session/e215d2d9f07b9e03db677093c14a1a70/execute/sync'
22:30:38.529 [Forwarding getPageSource on session e215d2d9f07b9e03db677093c14a1a70 to remote] DEBUG org.asynchttpclient.netty.request.NettyRequestSender - Using open Channel [id: 0x9d353816, L:/127.0.0.1:54575 - R:localhost/127.0.0.1:38517] for POST '/session/e215d2d9f07b9e03db677093c14a1a70/execute/sync'
22:30:38.546 [AsyncHttpClient-1-11] DEBUG org.asynchttpclient.netty.handler.HttpHandler - 

Request DefaultHttpRequest(decodeResult: success, version: HTTP/1.1)
POST /session/e215d2d9f07b9e03db677093c14a1a70/execute/sync HTTP/1.1
User-Agent: selenium/4.8.1 (java windows)
Content-Length: 176
Content-Type: application/json; charset=utf-8
host: localhost:38517
accept: */*

Response DefaultHttpResponse(decodeResult: success, version: HTTP/1.1)
HTTP/1.1 200 OK
Content-Length: 96946
Content-Type: application/json; charset=utf-8
cache-control: no-cache

22:30:38.546 [AsyncHttpClient-1-11] DEBUG org.asynchttpclient.netty.channel.ChannelManager - Adding key: http://localhost:38517 for channel [id: 0x9d353816, L:/127.0.0.1:54575 - R:localhost/127.0.0.1:38517]
22:30:38.557 [Forwarding getCurrentUrl on session e215d2d9f07b9e03db677093c14a1a70 to remote] DEBUG org.asynchttpclient.netty.request.NettyRequestSender - Using pooled Channel '[id: 0x9d353816, L:/127.0.0.1:54575 - R:localhost/127.0.0.1:38517]' for 'GET' to 'http://localhost:38517/session/e215d2d9f07b9e03db677093c14a1a70/url'
22:30:38.557 [Forwarding getCurrentUrl on session e215d2d9f07b9e03db677093c14a1a70 to remote] DEBUG org.asynchttpclient.netty.request.NettyRequestSender - Using open Channel [id: 0x9d353816, L:/127.0.0.1:54575 - R:localhost/127.0.0.1:38517] for GET '/session/e215d2d9f07b9e03db677093c14a1a70/url'
22:30:38.563 [AsyncHttpClient-1-11] DEBUG org.asynchttpclient.netty.handler.HttpHandler - 

Request DefaultFullHttpRequest(decodeResult: success, version: HTTP/1.1, content: EmptyByteBufBE)
GET /session/e215d2d9f07b9e03db677093c14a1a70/url HTTP/1.1
User-Agent: selenium/4.8.1 (java windows)
Cache-Control: no-cache
Content-Type: application/json; charset=utf-8
host: localhost:38517
accept: */*

Response DefaultHttpResponse(decodeResult: success, version: HTTP/1.1)
HTTP/1.1 200 OK
Content-Length: 42
Content-Type: application/json; charset=utf-8
cache-control: no-cache

22:30:38.563 [AsyncHttpClient-1-11] DEBUG org.asynchttpclient.netty.channel.ChannelManager - Adding key: http://localhost:38517 for channel [id: 0x9d353816, L:/127.0.0.1:54575 - R:localhost/127.0.0.1:38517]
22:30:38.604 [main] DEBUG net.thucydides.core.steps.StepInterceptor - STARTING STEP: PaymentMethodSteps.onTheListrikPLNPage - inputPassword
22:30:38.607 [Forwarding findElement on session e215d2d9f07b9e03db677093c14a1a70 to remote] DEBUG org.asynchttpclient.netty.request.NettyRequestSender - Using pooled Channel '[id: 0x9d353816, L:/127.0.0.1:54575 - R:localhost/127.0.0.1:38517]' for 'POST' to 'http://localhost:38517/session/e215d2d9f07b9e03db677093c14a1a70/element'
22:30:38.607 [Forwarding findElement on session e215d2d9f07b9e03db677093c14a1a70 to remote] DEBUG org.asynchttpclient.netty.request.NettyRequestSender - Using open Channel [id: 0x9d353816, L:/127.0.0.1:54575 - R:localhost/127.0.0.1:38517] for POST '/session/e215d2d9f07b9e03db677093c14a1a70/element'
22:30:38.624 [AsyncHttpClient-1-11] DEBUG org.asynchttpclient.netty.handler.HttpHandler - 

Request DefaultHttpRequest(decodeResult: success, version: HTTP/1.1)
POST /session/e215d2d9f07b9e03db677093c14a1a70/element HTTP/1.1
User-Agent: selenium/4.8.1 (java windows)
Content-Length: 53
Content-Type: application/json; charset=utf-8
host: localhost:38517
accept: */*

Response DefaultHttpResponse(decodeResult: success, version: HTTP/1.1)
HTTP/1.1 200 OK
Content-Length: 88
Content-Type: application/json; charset=utf-8
cache-control: no-cache

22:30:38.624 [AsyncHttpClient-1-11] DEBUG org.asynchttpclient.netty.channel.ChannelManager - Adding key: http://localhost:38517 for channel [id: 0x9d353816, L:/127.0.0.1:54575 - R:localhost/127.0.0.1:38517]
22:30:38.625 [Forwarding clearElement on session e215d2d9f07b9e03db677093c14a1a70 to remote] DEBUG org.asynchttpclient.netty.request.NettyRequestSender - Using pooled Channel '[id: 0x9d353816, L:/127.0.0.1:54575 - R:localhost/127.0.0.1:38517]' for 'POST' to 'http://localhost:38517/session/e215d2d9f07b9e03db677093c14a1a70/element/8b6894f4-d293-43c4-8fed-a127a259cdf9/clear'
22:30:38.626 [Forwarding clearElement on session e215d2d9f07b9e03db677093c14a1a70 to remote] DEBUG org.asynchttpclient.netty.request.NettyRequestSender - Using open Channel [id: 0x9d353816, L:/127.0.0.1:54575 - R:localhost/127.0.0.1:38517] for POST '/session/e215d2d9f07b9e03db677093c14a1a70/element/8b6894f4-d293-43c4-8fed-a127a259cdf9/clear'
22:30:38.681 [AsyncHttpClient-1-11] DEBUG org.asynchttpclient.netty.handler.HttpHandler - 

Request DefaultHttpRequest(decodeResult: success, version: HTTP/1.1)
POST /session/e215d2d9f07b9e03db677093c14a1a70/element/8b6894f4-d293-43c4-8fed-a127a259cdf9/clear HTTP/1.1
User-Agent: selenium/4.8.1 (java windows)
Content-Length: 50
Content-Type: application/json; charset=utf-8
host: localhost:38517
accept: */*

Response DefaultHttpResponse(decodeResult: success, version: HTTP/1.1)
HTTP/1.1 200 OK
Content-Length: 14
Content-Type: application/json; charset=utf-8
cache-control: no-cache

22:30:38.681 [AsyncHttpClient-1-11] DEBUG org.asynchttpclient.netty.channel.ChannelManager - Adding key: http://localhost:38517 for channel [id: 0x9d353816, L:/127.0.0.1:54575 - R:localhost/127.0.0.1:38517]
22:30:38.684 [Forwarding sendKeysToElement on session e215d2d9f07b9e03db677093c14a1a70 to remote] DEBUG org.asynchttpclient.netty.request.NettyRequestSender - Using pooled Channel '[id: 0x9d353816, L:/127.0.0.1:54575 - R:localhost/127.0.0.1:38517]' for 'POST' to 'http://localhost:38517/session/e215d2d9f07b9e03db677093c14a1a70/element/8b6894f4-d293-43c4-8fed-a127a259cdf9/value'
22:30:38.684 [Forwarding sendKeysToElement on session e215d2d9f07b9e03db677093c14a1a70 to remote] DEBUG org.asynchttpclient.netty.request.NettyRequestSender - Using open Channel [id: 0x9d353816, L:/127.0.0.1:54575 - R:localhost/127.0.0.1:38517] for POST '/session/e215d2d9f07b9e03db677093c14a1a70/element/8b6894f4-d293-43c4-8fed-a127a259cdf9/value'
22:30:38.801 [AsyncHttpClient-1-11] DEBUG org.asynchttpclient.netty.handler.HttpHandler - 

Request DefaultHttpRequest(decodeResult: success, version: HTTP/1.1)
POST /session/e215d2d9f07b9e03db677093c14a1a70/element/8b6894f4-d293-43c4-8fed-a127a259cdf9/value HTTP/1.1
User-Agent: selenium/4.8.1 (java windows)
Content-Length: 181
Content-Type: application/json; charset=utf-8
host: localhost:38517
accept: */*

Response DefaultHttpResponse(decodeResult: success, version: HTTP/1.1)
HTTP/1.1 200 OK
Content-Length: 14
Content-Type: application/json; charset=utf-8
cache-control: no-cache

22:30:38.802 [AsyncHttpClient-1-11] DEBUG org.asynchttpclient.netty.channel.ChannelManager - Adding key: http://localhost:38517 for channel [id: 0x9d353816, L:/127.0.0.1:54575 - R:localhost/127.0.0.1:38517]
22:30:38.813 [Forwarding getAlertText on session e215d2d9f07b9e03db677093c14a1a70 to remote] DEBUG org.asynchttpclient.netty.request.NettyRequestSender - Using pooled Channel '[id: 0x9d353816, L:/127.0.0.1:54575 - R:localhost/127.0.0.1:38517]' for 'GET' to 'http://localhost:38517/session/e215d2d9f07b9e03db677093c14a1a70/alert/text'
22:30:38.813 [Forwarding getAlertText on session e215d2d9f07b9e03db677093c14a1a70 to remote] DEBUG org.asynchttpclient.netty.request.NettyRequestSender - Using open Channel [id: 0x9d353816, L:/127.0.0.1:54575 - R:localhost/127.0.0.1:38517] for GET '/session/e215d2d9f07b9e03db677093c14a1a70/alert/text'
22:30:38.815 [AsyncHttpClient-1-11] DEBUG org.asynchttpclient.netty.handler.HttpHandler - 

Request DefaultFullHttpRequest(decodeResult: success, version: HTTP/1.1, content: EmptyByteBufBE)
GET /session/e215d2d9f07b9e03db677093c14a1a70/alert/text HTTP/1.1
User-Agent: selenium/4.8.1 (java windows)
Cache-Control: no-cache
Content-Type: application/json; charset=utf-8
host: localhost:38517
accept: */*

Response DefaultHttpResponse(decodeResult: success, version: HTTP/1.1)
HTTP/1.1 404 Not Found
Content-Length: 835
Content-Type: application/json; charset=utf-8
cache-control: no-cache

22:30:38.815 [AsyncHttpClient-1-11] DEBUG org.asynchttpclient.netty.channel.ChannelManager - Adding key: http://localhost:38517 for channel [id: 0x9d353816, L:/127.0.0.1:54575 - R:localhost/127.0.0.1:38517]
22:30:38.816 [Forwarding getCurrentUrl on session e215d2d9f07b9e03db677093c14a1a70 to remote] DEBUG org.asynchttpclient.netty.request.NettyRequestSender - Using pooled Channel '[id: 0x9d353816, L:/127.0.0.1:54575 - R:localhost/127.0.0.1:38517]' for 'GET' to 'http://localhost:38517/session/e215d2d9f07b9e03db677093c14a1a70/url'
22:30:38.816 [Forwarding getCurrentUrl on session e215d2d9f07b9e03db677093c14a1a70 to remote] DEBUG org.asynchttpclient.netty.request.NettyRequestSender - Using open Channel [id: 0x9d353816, L:/127.0.0.1:54575 - R:localhost/127.0.0.1:38517] for GET '/session/e215d2d9f07b9e03db677093c14a1a70/url'
22:30:38.820 [AsyncHttpClient-1-11] DEBUG org.asynchttpclient.netty.handler.HttpHandler - 

Request DefaultFullHttpRequest(decodeResult: success, version: HTTP/1.1, content: EmptyByteBufBE)
GET /session/e215d2d9f07b9e03db677093c14a1a70/url HTTP/1.1
User-Agent: selenium/4.8.1 (java windows)
Cache-Control: no-cache
Content-Type: application/json; charset=utf-8
host: localhost:38517
accept: */*

Response DefaultHttpResponse(decodeResult: success, version: HTTP/1.1)
HTTP/1.1 200 OK
Content-Length: 42
Content-Type: application/json; charset=utf-8
cache-control: no-cache

22:30:38.821 [AsyncHttpClient-1-11] DEBUG org.asynchttpclient.netty.channel.ChannelManager - Adding key: http://localhost:38517 for channel [id: 0x9d353816, L:/127.0.0.1:54575 - R:localhost/127.0.0.1:38517]
22:30:38.822 [Forwarding screenshot on session e215d2d9f07b9e03db677093c14a1a70 to remote] DEBUG org.asynchttpclient.netty.request.NettyRequestSender - Using pooled Channel '[id: 0x9d353816, L:/127.0.0.1:54575 - R:localhost/127.0.0.1:38517]' for 'GET' to 'http://localhost:38517/session/e215d2d9f07b9e03db677093c14a1a70/screenshot'
22:30:38.822 [Forwarding screenshot on session e215d2d9f07b9e03db677093c14a1a70 to remote] DEBUG org.asynchttpclient.netty.request.NettyRequestSender - Using open Channel [id: 0x9d353816, L:/127.0.0.1:54575 - R:localhost/127.0.0.1:38517] for GET '/session/e215d2d9f07b9e03db677093c14a1a70/screenshot'
22:30:39.136 [AsyncHttpClient-1-11] DEBUG org.asynchttpclient.netty.handler.HttpHandler - 

Request DefaultFullHttpRequest(decodeResult: success, version: HTTP/1.1, content: EmptyByteBufBE)
GET /session/e215d2d9f07b9e03db677093c14a1a70/screenshot HTTP/1.1
User-Agent: selenium/4.8.1 (java windows)
Cache-Control: no-cache
Content-Type: application/json; charset=utf-8
host: localhost:38517
accept: */*

Response DefaultHttpResponse(decodeResult: success, version: HTTP/1.1)
HTTP/1.1 200 OK
Content-Length: 258928
Content-Type: application/json; charset=utf-8
cache-control: no-cache

22:30:39.137 [AsyncHttpClient-1-11] DEBUG org.asynchttpclient.netty.channel.ChannelManager - Adding key: http://localhost:38517 for channel [id: 0x9d353816, L:/127.0.0.1:54575 - R:localhost/127.0.0.1:38517]
22:30:39.146 [main] DEBUG net.serenitybdd.core.photography.Darkroom - Send negative for processing for target\site\serenity\893dda8459468eceb794602f9c3c067995a60fdfd644fd653c3934274cf2bc4d.png
22:30:39.146 [main] DEBUG net.thucydides.core.steps.StepInterceptor - STEP DONE: inputPassword
22:30:39.147 [Darkroom Processing Line] DEBUG net.serenitybdd.core.photography.DarkroomProcessingLine - Processing screenshot image in /var/screenshots/screenshot-3441649020778634893
22:30:39.147 [Darkroom Processing Line] DEBUG net.serenitybdd.core.photography.DarkroomProcessingLine - Saving screenshot to target\site\serenity\893dda8459468eceb794602f9c3c067995a60fdfd644fd653c3934274cf2bc4d.png
22:30:39.157 [Forwarding getPageSource on session e215d2d9f07b9e03db677093c14a1a70 to remote] DEBUG org.asynchttpclient.netty.request.NettyRequestSender - Using pooled Channel '[id: 0x9d353816, L:/127.0.0.1:54575 - R:localhost/127.0.0.1:38517]' for 'POST' to 'http://localhost:38517/session/e215d2d9f07b9e03db677093c14a1a70/execute/sync'
22:30:39.157 [Forwarding getPageSource on session e215d2d9f07b9e03db677093c14a1a70 to remote] DEBUG org.asynchttpclient.netty.request.NettyRequestSender - Using open Channel [id: 0x9d353816, L:/127.0.0.1:54575 - R:localhost/127.0.0.1:38517] for POST '/session/e215d2d9f07b9e03db677093c14a1a70/execute/sync'
22:30:39.171 [AsyncHttpClient-1-11] DEBUG org.asynchttpclient.netty.handler.HttpHandler - 

Request DefaultHttpRequest(decodeResult: success, version: HTTP/1.1)
POST /session/e215d2d9f07b9e03db677093c14a1a70/execute/sync HTTP/1.1
User-Agent: selenium/4.8.1 (java windows)
Content-Length: 176
Content-Type: application/json; charset=utf-8
host: localhost:38517
accept: */*

Response DefaultHttpResponse(decodeResult: success, version: HTTP/1.1)
HTTP/1.1 200 OK
Content-Length: 96961
Content-Type: application/json; charset=utf-8
cache-control: no-cache

22:30:39.172 [AsyncHttpClient-1-11] DEBUG org.asynchttpclient.netty.channel.ChannelManager - Adding key: http://localhost:38517 for channel [id: 0x9d353816, L:/127.0.0.1:54575 - R:localhost/127.0.0.1:38517]
22:30:39.181 [Forwarding getCurrentUrl on session e215d2d9f07b9e03db677093c14a1a70 to remote] DEBUG org.asynchttpclient.netty.request.NettyRequestSender - Using pooled Channel '[id: 0x9d353816, L:/127.0.0.1:54575 - R:localhost/127.0.0.1:38517]' for 'GET' to 'http://localhost:38517/session/e215d2d9f07b9e03db677093c14a1a70/url'
22:30:39.181 [Forwarding getCurrentUrl on session e215d2d9f07b9e03db677093c14a1a70 to remote] DEBUG org.asynchttpclient.netty.request.NettyRequestSender - Using open Channel [id: 0x9d353816, L:/127.0.0.1:54575 - R:localhost/127.0.0.1:38517] for GET '/session/e215d2d9f07b9e03db677093c14a1a70/url'
22:30:39.186 [AsyncHttpClient-1-11] DEBUG org.asynchttpclient.netty.handler.HttpHandler - 

Request DefaultFullHttpRequest(decodeResult: success, version: HTTP/1.1, content: EmptyByteBufBE)
GET /session/e215d2d9f07b9e03db677093c14a1a70/url HTTP/1.1
User-Agent: selenium/4.8.1 (java windows)
Cache-Control: no-cache
Content-Type: application/json; charset=utf-8
host: localhost:38517
accept: */*

Response DefaultHttpResponse(decodeResult: success, version: HTTP/1.1)
HTTP/1.1 200 OK
Content-Length: 42
Content-Type: application/json; charset=utf-8
cache-control: no-cache

22:30:39.186 [AsyncHttpClient-1-11] DEBUG org.asynchttpclient.netty.channel.ChannelManager - Adding key: http://localhost:38517 for channel [id: 0x9d353816, L:/127.0.0.1:54575 - R:localhost/127.0.0.1:38517]
22:30:39.226 [main] DEBUG net.thucydides.core.steps.StepInterceptor - STARTING STEP: PaymentMethodSteps.onTheListrikPLNPage - clickSubmitButton
22:30:39.232 [Forwarding findElement on session e215d2d9f07b9e03db677093c14a1a70 to remote] DEBUG org.asynchttpclient.netty.request.NettyRequestSender - Using pooled Channel '[id: 0x9d353816, L:/127.0.0.1:54575 - R:localhost/127.0.0.1:38517]' for 'POST' to 'http://localhost:38517/session/e215d2d9f07b9e03db677093c14a1a70/element'
22:30:39.232 [Forwarding findElement on session e215d2d9f07b9e03db677093c14a1a70 to remote] DEBUG org.asynchttpclient.netty.request.NettyRequestSender - Using open Channel [id: 0x9d353816, L:/127.0.0.1:54575 - R:localhost/127.0.0.1:38517] for POST '/session/e215d2d9f07b9e03db677093c14a1a70/element'
22:30:39.251 [AsyncHttpClient-1-11] DEBUG org.asynchttpclient.netty.handler.HttpHandler - 

Request DefaultHttpRequest(decodeResult: success, version: HTTP/1.1)
POST /session/e215d2d9f07b9e03db677093c14a1a70/element HTTP/1.1
User-Agent: selenium/4.8.1 (java windows)
Content-Length: 57
Content-Type: application/json; charset=utf-8
host: localhost:38517
accept: */*

Response DefaultHttpResponse(decodeResult: success, version: HTTP/1.1)
HTTP/1.1 200 OK
Content-Length: 88
Content-Type: application/json; charset=utf-8
cache-control: no-cache

22:30:39.251 [AsyncHttpClient-1-11] DEBUG org.asynchttpclient.netty.channel.ChannelManager - Adding key: http://localhost:38517 for channel [id: 0x9d353816, L:/127.0.0.1:54575 - R:localhost/127.0.0.1:38517]
22:30:39.253 [Forwarding getElementTagName on session e215d2d9f07b9e03db677093c14a1a70 to remote] DEBUG org.asynchttpclient.netty.request.NettyRequestSender - Using pooled Channel '[id: 0x9d353816, L:/127.0.0.1:54575 - R:localhost/127.0.0.1:38517]' for 'GET' to 'http://localhost:38517/session/e215d2d9f07b9e03db677093c14a1a70/element/9e829467-223d-4785-8a9b-9c8f97c18d63/name'
22:30:39.253 [Forwarding getElementTagName on session e215d2d9f07b9e03db677093c14a1a70 to remote] DEBUG org.asynchttpclient.netty.request.NettyRequestSender - Using open Channel [id: 0x9d353816, L:/127.0.0.1:54575 - R:localhost/127.0.0.1:38517] for GET '/session/e215d2d9f07b9e03db677093c14a1a70/element/9e829467-223d-4785-8a9b-9c8f97c18d63/name'
22:30:39.260 [AsyncHttpClient-1-11] DEBUG org.asynchttpclient.netty.handler.HttpHandler - 

Request DefaultFullHttpRequest(decodeResult: success, version: HTTP/1.1, content: EmptyByteBufBE)
GET /session/e215d2d9f07b9e03db677093c14a1a70/element/9e829467-223d-4785-8a9b-9c8f97c18d63/name HTTP/1.1
User-Agent: selenium/4.8.1 (java windows)
Cache-Control: no-cache
Content-Type: application/json; charset=utf-8
host: localhost:38517
accept: */*

Response DefaultHttpResponse(decodeResult: success, version: HTTP/1.1)
HTTP/1.1 200 OK
Content-Length: 18
Content-Type: application/json; charset=utf-8
cache-control: no-cache

22:30:39.260 [AsyncHttpClient-1-11] DEBUG org.asynchttpclient.netty.channel.ChannelManager - Adding key: http://localhost:38517 for channel [id: 0x9d353816, L:/127.0.0.1:54575 - R:localhost/127.0.0.1:38517]
22:30:39.262 [Forwarding getElementTagName on session e215d2d9f07b9e03db677093c14a1a70 to remote] DEBUG org.asynchttpclient.netty.request.NettyRequestSender - Using pooled Channel '[id: 0x9d353816, L:/127.0.0.1:54575 - R:localhost/127.0.0.1:38517]' for 'GET' to 'http://localhost:38517/session/e215d2d9f07b9e03db677093c14a1a70/element/9e829467-223d-4785-8a9b-9c8f97c18d63/name'
22:30:39.262 [Forwarding getElementTagName on session e215d2d9f07b9e03db677093c14a1a70 to remote] DEBUG org.asynchttpclient.netty.request.NettyRequestSender - Using open Channel [id: 0x9d353816, L:/127.0.0.1:54575 - R:localhost/127.0.0.1:38517] for GET '/session/e215d2d9f07b9e03db677093c14a1a70/element/9e829467-223d-4785-8a9b-9c8f97c18d63/name'
22:30:39.267 [AsyncHttpClient-1-11] DEBUG org.asynchttpclient.netty.handler.HttpHandler - 

Request DefaultFullHttpRequest(decodeResult: success, version: HTTP/1.1, content: EmptyByteBufBE)
GET /session/e215d2d9f07b9e03db677093c14a1a70/element/9e829467-223d-4785-8a9b-9c8f97c18d63/name HTTP/1.1
User-Agent: selenium/4.8.1 (java windows)
Cache-Control: no-cache
Content-Type: application/json; charset=utf-8
host: localhost:38517
accept: */*

Response DefaultHttpResponse(decodeResult: success, version: HTTP/1.1)
HTTP/1.1 200 OK
Content-Length: 18
Content-Type: application/json; charset=utf-8
cache-control: no-cache

22:30:39.268 [AsyncHttpClient-1-11] DEBUG org.asynchttpclient.netty.channel.ChannelManager - Adding key: http://localhost:38517 for channel [id: 0x9d353816, L:/127.0.0.1:54575 - R:localhost/127.0.0.1:38517]
22:30:39.270 [Forwarding isElementEnabled on session e215d2d9f07b9e03db677093c14a1a70 to remote] DEBUG org.asynchttpclient.netty.request.NettyRequestSender - Using pooled Channel '[id: 0x9d353816, L:/127.0.0.1:54575 - R:localhost/127.0.0.1:38517]' for 'GET' to 'http://localhost:38517/session/e215d2d9f07b9e03db677093c14a1a70/element/9e829467-223d-4785-8a9b-9c8f97c18d63/enabled'
22:30:39.271 [Forwarding isElementEnabled on session e215d2d9f07b9e03db677093c14a1a70 to remote] DEBUG org.asynchttpclient.netty.request.NettyRequestSender - Using open Channel [id: 0x9d353816, L:/127.0.0.1:54575 - R:localhost/127.0.0.1:38517] for GET '/session/e215d2d9f07b9e03db677093c14a1a70/element/9e829467-223d-4785-8a9b-9c8f97c18d63/enabled'
22:30:39.285 [AsyncHttpClient-1-11] DEBUG org.asynchttpclient.netty.handler.HttpHandler - 

Request DefaultFullHttpRequest(decodeResult: success, version: HTTP/1.1, content: EmptyByteBufBE)
GET /session/e215d2d9f07b9e03db677093c14a1a70/element/9e829467-223d-4785-8a9b-9c8f97c18d63/enabled HTTP/1.1
User-Agent: selenium/4.8.1 (java windows)
Cache-Control: no-cache
Content-Type: application/json; charset=utf-8
host: localhost:38517
accept: */*

Response DefaultHttpResponse(decodeResult: success, version: HTTP/1.1)
HTTP/1.1 200 OK
Content-Length: 14
Content-Type: application/json; charset=utf-8
cache-control: no-cache

22:30:39.285 [AsyncHttpClient-1-11] DEBUG org.asynchttpclient.netty.channel.ChannelManager - Adding key: http://localhost:38517 for channel [id: 0x9d353816, L:/127.0.0.1:54575 - R:localhost/127.0.0.1:38517]
22:30:39.287 [Forwarding isElementEnabled on session e215d2d9f07b9e03db677093c14a1a70 to remote] DEBUG org.asynchttpclient.netty.request.NettyRequestSender - Using pooled Channel '[id: 0x9d353816, L:/127.0.0.1:54575 - R:localhost/127.0.0.1:38517]' for 'GET' to 'http://localhost:38517/session/e215d2d9f07b9e03db677093c14a1a70/element/9e829467-223d-4785-8a9b-9c8f97c18d63/enabled'
22:30:39.287 [Forwarding isElementEnabled on session e215d2d9f07b9e03db677093c14a1a70 to remote] DEBUG org.asynchttpclient.netty.request.NettyRequestSender - Using open Channel [id: 0x9d353816, L:/127.0.0.1:54575 - R:localhost/127.0.0.1:38517] for GET '/session/e215d2d9f07b9e03db677093c14a1a70/element/9e829467-223d-4785-8a9b-9c8f97c18d63/enabled'
22:30:39.296 [AsyncHttpClient-1-11] DEBUG org.asynchttpclient.netty.handler.HttpHandler - 

Request DefaultFullHttpRequest(decodeResult: success, version: HTTP/1.1, content: EmptyByteBufBE)
GET /session/e215d2d9f07b9e03db677093c14a1a70/element/9e829467-223d-4785-8a9b-9c8f97c18d63/enabled HTTP/1.1
User-Agent: selenium/4.8.1 (java windows)
Cache-Control: no-cache
Content-Type: application/json; charset=utf-8
host: localhost:38517
accept: */*

Response DefaultHttpResponse(decodeResult: success, version: HTTP/1.1)
HTTP/1.1 200 OK
Content-Length: 14
Content-Type: application/json; charset=utf-8
cache-control: no-cache

22:30:39.297 [AsyncHttpClient-1-11] DEBUG org.asynchttpclient.netty.channel.ChannelManager - Adding key: http://localhost:38517 for channel [id: 0x9d353816, L:/127.0.0.1:54575 - R:localhost/127.0.0.1:38517]
22:30:39.300 [Forwarding findElement on session e215d2d9f07b9e03db677093c14a1a70 to remote] DEBUG org.asynchttpclient.netty.request.NettyRequestSender - Using pooled Channel '[id: 0x9d353816, L:/127.0.0.1:54575 - R:localhost/127.0.0.1:38517]' for 'POST' to 'http://localhost:38517/session/e215d2d9f07b9e03db677093c14a1a70/element'
22:30:39.300 [Forwarding findElement on session e215d2d9f07b9e03db677093c14a1a70 to remote] DEBUG org.asynchttpclient.netty.request.NettyRequestSender - Using open Channel [id: 0x9d353816, L:/127.0.0.1:54575 - R:localhost/127.0.0.1:38517] for POST '/session/e215d2d9f07b9e03db677093c14a1a70/element'
22:30:39.309 [AsyncHttpClient-1-11] DEBUG org.asynchttpclient.netty.handler.HttpHandler - 

Request DefaultHttpRequest(decodeResult: success, version: HTTP/1.1)
POST /session/e215d2d9f07b9e03db677093c14a1a70/element HTTP/1.1
User-Agent: selenium/4.8.1 (java windows)
Content-Length: 57
Content-Type: application/json; charset=utf-8
host: localhost:38517
accept: */*

Response DefaultHttpResponse(decodeResult: success, version: HTTP/1.1)
HTTP/1.1 200 OK
Content-Length: 88
Content-Type: application/json; charset=utf-8
cache-control: no-cache

22:30:39.309 [AsyncHttpClient-1-11] DEBUG org.asynchttpclient.netty.channel.ChannelManager - Adding key: http://localhost:38517 for channel [id: 0x9d353816, L:/127.0.0.1:54575 - R:localhost/127.0.0.1:38517]
22:30:39.311 [Forwarding clickElement on session e215d2d9f07b9e03db677093c14a1a70 to remote] DEBUG org.asynchttpclient.netty.request.NettyRequestSender - Using pooled Channel '[id: 0x9d353816, L:/127.0.0.1:54575 - R:localhost/127.0.0.1:38517]' for 'POST' to 'http://localhost:38517/session/e215d2d9f07b9e03db677093c14a1a70/element/9e829467-223d-4785-8a9b-9c8f97c18d63/click'
22:30:39.311 [Forwarding clickElement on session e215d2d9f07b9e03db677093c14a1a70 to remote] DEBUG org.asynchttpclient.netty.request.NettyRequestSender - Using open Channel [id: 0x9d353816, L:/127.0.0.1:54575 - R:localhost/127.0.0.1:38517] for POST '/session/e215d2d9f07b9e03db677093c14a1a70/element/9e829467-223d-4785-8a9b-9c8f97c18d63/click'
22:30:39.452 [AsyncHttpClient-1-11] DEBUG org.asynchttpclient.netty.handler.HttpHandler - 

Request DefaultHttpRequest(decodeResult: success, version: HTTP/1.1)
POST /session/e215d2d9f07b9e03db677093c14a1a70/element/9e829467-223d-4785-8a9b-9c8f97c18d63/click HTTP/1.1
User-Agent: selenium/4.8.1 (java windows)
Content-Length: 50
Content-Type: application/json; charset=utf-8
host: localhost:38517
accept: */*

Response DefaultHttpResponse(decodeResult: success, version: HTTP/1.1)
HTTP/1.1 200 OK
Content-Length: 14
Content-Type: application/json; charset=utf-8
cache-control: no-cache

22:30:39.452 [AsyncHttpClient-1-11] DEBUG org.asynchttpclient.netty.channel.ChannelManager - Adding key: http://localhost:38517 for channel [id: 0x9d353816, L:/127.0.0.1:54575 - R:localhost/127.0.0.1:38517]
22:30:39.462 [Forwarding getAlertText on session e215d2d9f07b9e03db677093c14a1a70 to remote] DEBUG org.asynchttpclient.netty.request.NettyRequestSender - Using pooled Channel '[id: 0x9d353816, L:/127.0.0.1:54575 - R:localhost/127.0.0.1:38517]' for 'GET' to 'http://localhost:38517/session/e215d2d9f07b9e03db677093c14a1a70/alert/text'
22:30:39.462 [Forwarding getAlertText on session e215d2d9f07b9e03db677093c14a1a70 to remote] DEBUG org.asynchttpclient.netty.request.NettyRequestSender - Using open Channel [id: 0x9d353816, L:/127.0.0.1:54575 - R:localhost/127.0.0.1:38517] for GET '/session/e215d2d9f07b9e03db677093c14a1a70/alert/text'
22:30:39.464 [AsyncHttpClient-1-11] DEBUG org.asynchttpclient.netty.handler.HttpHandler - 

Request DefaultFullHttpRequest(decodeResult: success, version: HTTP/1.1, content: EmptyByteBufBE)
GET /session/e215d2d9f07b9e03db677093c14a1a70/alert/text HTTP/1.1
User-Agent: selenium/4.8.1 (java windows)
Cache-Control: no-cache
Content-Type: application/json; charset=utf-8
host: localhost:38517
accept: */*

Response DefaultHttpResponse(decodeResult: success, version: HTTP/1.1)
HTTP/1.1 404 Not Found
Content-Length: 835
Content-Type: application/json; charset=utf-8
cache-control: no-cache

22:30:39.465 [AsyncHttpClient-1-11] DEBUG org.asynchttpclient.netty.channel.ChannelManager - Adding key: http://localhost:38517 for channel [id: 0x9d353816, L:/127.0.0.1:54575 - R:localhost/127.0.0.1:38517]
22:30:39.466 [Forwarding getCurrentUrl on session e215d2d9f07b9e03db677093c14a1a70 to remote] DEBUG org.asynchttpclient.netty.request.NettyRequestSender - Using pooled Channel '[id: 0x9d353816, L:/127.0.0.1:54575 - R:localhost/127.0.0.1:38517]' for 'GET' to 'http://localhost:38517/session/e215d2d9f07b9e03db677093c14a1a70/url'
22:30:39.466 [Forwarding getCurrentUrl on session e215d2d9f07b9e03db677093c14a1a70 to remote] DEBUG org.asynchttpclient.netty.request.NettyRequestSender - Using open Channel [id: 0x9d353816, L:/127.0.0.1:54575 - R:localhost/127.0.0.1:38517] for GET '/session/e215d2d9f07b9e03db677093c14a1a70/url'
22:30:39.471 [AsyncHttpClient-1-11] DEBUG org.asynchttpclient.netty.handler.HttpHandler - 

Request DefaultFullHttpRequest(decodeResult: success, version: HTTP/1.1, content: EmptyByteBufBE)
GET /session/e215d2d9f07b9e03db677093c14a1a70/url HTTP/1.1
User-Agent: selenium/4.8.1 (java windows)
Cache-Control: no-cache
Content-Type: application/json; charset=utf-8
host: localhost:38517
accept: */*

Response DefaultHttpResponse(decodeResult: success, version: HTTP/1.1)
HTTP/1.1 200 OK
Content-Length: 42
Content-Type: application/json; charset=utf-8
cache-control: no-cache

22:30:39.471 [AsyncHttpClient-1-11] DEBUG org.asynchttpclient.netty.channel.ChannelManager - Adding key: http://localhost:38517 for channel [id: 0x9d353816, L:/127.0.0.1:54575 - R:localhost/127.0.0.1:38517]
22:30:39.472 [Forwarding screenshot on session e215d2d9f07b9e03db677093c14a1a70 to remote] DEBUG org.asynchttpclient.netty.request.NettyRequestSender - Using pooled Channel '[id: 0x9d353816, L:/127.0.0.1:54575 - R:localhost/127.0.0.1:38517]' for 'GET' to 'http://localhost:38517/session/e215d2d9f07b9e03db677093c14a1a70/screenshot'
22:30:39.472 [Forwarding screenshot on session e215d2d9f07b9e03db677093c14a1a70 to remote] DEBUG org.asynchttpclient.netty.request.NettyRequestSender - Using open Channel [id: 0x9d353816, L:/127.0.0.1:54575 - R:localhost/127.0.0.1:38517] for GET '/session/e215d2d9f07b9e03db677093c14a1a70/screenshot'
22:30:39.582 [AsyncHttpClient-1-1] DEBUG org.asynchttpclient.netty.channel.DefaultChannelPool - Entry count for : http://localhost:54576 : 1
22:30:39.778 [AsyncHttpClient-1-11] DEBUG org.asynchttpclient.netty.handler.HttpHandler - 

Request DefaultFullHttpRequest(decodeResult: success, version: HTTP/1.1, content: EmptyByteBufBE)
GET /session/e215d2d9f07b9e03db677093c14a1a70/screenshot HTTP/1.1
User-Agent: selenium/4.8.1 (java windows)
Cache-Control: no-cache
Content-Type: application/json; charset=utf-8
host: localhost:38517
accept: */*

Response DefaultHttpResponse(decodeResult: success, version: HTTP/1.1)
HTTP/1.1 200 OK
Content-Length: 148376
Content-Type: application/json; charset=utf-8
cache-control: no-cache

22:30:39.779 [AsyncHttpClient-1-11] DEBUG org.asynchttpclient.netty.channel.ChannelManager - Adding key: http://localhost:38517 for channel [id: 0x9d353816, L:/127.0.0.1:54575 - R:localhost/127.0.0.1:38517]
22:30:39.791 [main] DEBUG net.serenitybdd.core.photography.Darkroom - Send negative for processing for target\site\serenity\872c64cde166fd6088d7b80dc1156f031912f4c88ef1b8778c33d24c4d58b7a2.png
22:30:39.791 [main] DEBUG net.thucydides.core.steps.StepInterceptor - STEP DONE: clickSubmitButton
  &amp#27;[32mGiven &amp#27;[0m&amp#27;[32mI am on the Listrik PLN Page&amp#27;[0m                                      &amp#27;[90m# starter.stepdefintions.PaymentMethodSteps.onTheListrikPLNPage()&amp#27;[0m
22:30:39.792 [Darkroom Processing Line] DEBUG net.serenitybdd.core.photography.DarkroomProcessingLine - Processing screenshot image in /var/screenshots/screenshot-9663865152446201354
22:30:39.792 [Darkroom Processing Line] DEBUG net.serenitybdd.core.photography.DarkroomProcessingLine - Saving screenshot to target\site\serenity\872c64cde166fd6088d7b80dc1156f031912f4c88ef1b8778c33d24c4d58b7a2.png
22:30:39.815 [Forwarding getPageSource on session e215d2d9f07b9e03db677093c14a1a70 to remote] DEBUG org.asynchttpclient.netty.request.NettyRequestSender - Using pooled Channel '[id: 0x9d353816, L:/127.0.0.1:54575 - R:localhost/127.0.0.1:38517]' for 'POST' to 'http://localhost:38517/session/e215d2d9f07b9e03db677093c14a1a70/execute/sync'
22:30:39.815 [Forwarding getPageSource on session e215d2d9f07b9e03db677093c14a1a70 to remote] DEBUG org.asynchttpclient.netty.request.NettyRequestSender - Using open Channel [id: 0x9d353816, L:/127.0.0.1:54575 - R:localhost/127.0.0.1:38517] for POST '/session/e215d2d9f07b9e03db677093c14a1a70/execute/sync'
22:30:39.832 [AsyncHttpClient-1-11] DEBUG org.asynchttpclient.netty.handler.HttpHandler - 

Request DefaultHttpRequest(decodeResult: success, version: HTTP/1.1)
POST /session/e215d2d9f07b9e03db677093c14a1a70/execute/sync HTTP/1.1
User-Agent: selenium/4.8.1 (java windows)
Content-Length: 176
Content-Type: application/json; charset=utf-8
host: localhost:38517
accept: */*

Response DefaultHttpResponse(decodeResult: success, version: HTTP/1.1)
HTTP/1.1 200 OK
Content-Length: 100940
Content-Type: application/json; charset=utf-8
cache-control: no-cache

22:30:39.833 [AsyncHttpClient-1-11] DEBUG org.asynchttpclient.netty.channel.ChannelManager - Adding key: http://localhost:38517 for channel [id: 0x9d353816, L:/127.0.0.1:54575 - R:localhost/127.0.0.1:38517]
22:30:39.842 [Forwarding getCurrentUrl on session e215d2d9f07b9e03db677093c14a1a70 to remote] DEBUG org.asynchttpclient.netty.request.NettyRequestSender - Using pooled Channel '[id: 0x9d353816, L:/127.0.0.1:54575 - R:localhost/127.0.0.1:38517]' for 'GET' to 'http://localhost:38517/session/e215d2d9f07b9e03db677093c14a1a70/url'
22:30:39.842 [Forwarding getCurrentUrl on session e215d2d9f07b9e03db677093c14a1a70 to remote] DEBUG org.asynchttpclient.netty.request.NettyRequestSender - Using open Channel [id: 0x9d353816, L:/127.0.0.1:54575 - R:localhost/127.0.0.1:38517] for GET '/session/e215d2d9f07b9e03db677093c14a1a70/url'
22:30:39.848 [AsyncHttpClient-1-11] DEBUG org.asynchttpclient.netty.handler.HttpHandler - 

Request DefaultFullHttpRequest(decodeResult: success, version: HTTP/1.1, content: EmptyByteBufBE)
GET /session/e215d2d9f07b9e03db677093c14a1a70/url HTTP/1.1
User-Agent: selenium/4.8.1 (java windows)
Cache-Control: no-cache
Content-Type: application/json; charset=utf-8
host: localhost:38517
accept: */*

Response DefaultHttpResponse(decodeResult: success, version: HTTP/1.1)
HTTP/1.1 200 OK
Content-Length: 42
Content-Type: application/json; charset=utf-8
cache-control: no-cache

22:30:39.848 [AsyncHttpClient-1-11] DEBUG org.asynchttpclient.netty.channel.ChannelManager - Adding key: http://localhost:38517 for channel [id: 0x9d353816, L:/127.0.0.1:54575 - R:localhost/127.0.0.1:38517]
22:30:39.864 [Forwarding getAlertText on session e215d2d9f07b9e03db677093c14a1a70 to remote] DEBUG org.asynchttpclient.netty.request.NettyRequestSender - Using pooled Channel '[id: 0x9d353816, L:/127.0.0.1:54575 - R:localhost/127.0.0.1:38517]' for 'GET' to 'http://localhost:38517/session/e215d2d9f07b9e03db677093c14a1a70/alert/text'
22:30:39.864 [Forwarding getAlertText on session e215d2d9f07b9e03db677093c14a1a70 to remote] DEBUG org.asynchttpclient.netty.request.NettyRequestSender - Using open Channel [id: 0x9d353816, L:/127.0.0.1:54575 - R:localhost/127.0.0.1:38517] for GET '/session/e215d2d9f07b9e03db677093c14a1a70/alert/text'
22:30:39.867 [AsyncHttpClient-1-11] DEBUG org.asynchttpclient.netty.handler.HttpHandler - 

Request DefaultFullHttpRequest(decodeResult: success, version: HTTP/1.1, content: EmptyByteBufBE)
GET /session/e215d2d9f07b9e03db677093c14a1a70/alert/text HTTP/1.1
User-Agent: selenium/4.8.1 (java windows)
Cache-Control: no-cache
Content-Type: application/json; charset=utf-8
host: localhost:38517
accept: */*

Response DefaultHttpResponse(decodeResult: success, version: HTTP/1.1)
HTTP/1.1 404 Not Found
Content-Length: 835
Content-Type: application/json; charset=utf-8
cache-control: no-cache

22:30:39.867 [AsyncHttpClient-1-11] DEBUG org.asynchttpclient.netty.channel.ChannelManager - Adding key: http://localhost:38517 for channel [id: 0x9d353816, L:/127.0.0.1:54575 - R:localhost/127.0.0.1:38517]
22:30:39.868 [Forwarding getCurrentUrl on session e215d2d9f07b9e03db677093c14a1a70 to remote] DEBUG org.asynchttpclient.netty.request.NettyRequestSender - Using pooled Channel '[id: 0x9d353816, L:/127.0.0.1:54575 - R:localhost/127.0.0.1:38517]' for 'GET' to 'http://localhost:38517/session/e215d2d9f07b9e03db677093c14a1a70/url'
22:30:39.869 [Forwarding getCurrentUrl on session e215d2d9f07b9e03db677093c14a1a70 to remote] DEBUG org.asynchttpclient.netty.request.NettyRequestSender - Using open Channel [id: 0x9d353816, L:/127.0.0.1:54575 - R:localhost/127.0.0.1:38517] for GET '/session/e215d2d9f07b9e03db677093c14a1a70/url'
22:30:39.874 [AsyncHttpClient-1-11] DEBUG org.asynchttpclient.netty.handler.HttpHandler - 

Request DefaultFullHttpRequest(decodeResult: success, version: HTTP/1.1, content: EmptyByteBufBE)
GET /session/e215d2d9f07b9e03db677093c14a1a70/url HTTP/1.1
User-Agent: selenium/4.8.1 (java windows)
Cache-Control: no-cache
Content-Type: application/json; charset=utf-8
host: localhost:38517
accept: */*

Response DefaultHttpResponse(decodeResult: success, version: HTTP/1.1)
HTTP/1.1 200 OK
Content-Length: 42
Content-Type: application/json; charset=utf-8
cache-control: no-cache

22:30:39.874 [AsyncHttpClient-1-11] DEBUG org.asynchttpclient.netty.channel.ChannelManager - Adding key: http://localhost:38517 for channel [id: 0x9d353816, L:/127.0.0.1:54575 - R:localhost/127.0.0.1:38517]
22:30:39.876 [Forwarding screenshot on session e215d2d9f07b9e03db677093c14a1a70 to remote] DEBUG org.asynchttpclient.netty.request.NettyRequestSender - Using pooled Channel '[id: 0x9d353816, L:/127.0.0.1:54575 - R:localhost/127.0.0.1:38517]' for 'GET' to 'http://localhost:38517/session/e215d2d9f07b9e03db677093c14a1a70/screenshot'
22:30:39.876 [Forwarding screenshot on session e215d2d9f07b9e03db677093c14a1a70 to remote] DEBUG org.asynchttpclient.netty.request.NettyRequestSender - Using open Channel [id: 0x9d353816, L:/127.0.0.1:54575 - R:localhost/127.0.0.1:38517] for GET '/session/e215d2d9f07b9e03db677093c14a1a70/screenshot'
22:30:40.210 [AsyncHttpClient-1-11] DEBUG org.asynchttpclient.netty.handler.HttpHandler - 

Request DefaultFullHttpRequest(decodeResult: success, version: HTTP/1.1, content: EmptyByteBufBE)
GET /session/e215d2d9f07b9e03db677093c14a1a70/screenshot HTTP/1.1
User-Agent: selenium/4.8.1 (java windows)
Cache-Control: no-cache
Content-Type: application/json; charset=utf-8
host: localhost:38517
accept: */*

Response DefaultHttpResponse(decodeResult: success, version: HTTP/1.1)
HTTP/1.1 200 OK
Content-Length: 264852
Content-Type: application/json; charset=utf-8
cache-control: no-cache

22:30:40.210 [AsyncHttpClient-1-11] DEBUG org.asynchttpclient.netty.channel.ChannelManager - Adding key: http://localhost:38517 for channel [id: 0x9d353816, L:/127.0.0.1:54575 - R:localhost/127.0.0.1:38517]
22:30:40.221 [main] DEBUG net.serenitybdd.core.photography.Darkroom - Send negative for processing for target\site\serenity\4e6720537e7fb7d0300d6843ac01fde11bd5aa1705640a419e9b7d6b523f4bf9.png
22:30:40.221 [Darkroom Processing Line] DEBUG net.serenitybdd.core.photography.DarkroomProcessingLine - Processing screenshot image in /var/screenshots/screenshot-5994403272868855554
22:30:40.222 [Darkroom Processing Line] DEBUG net.serenitybdd.core.photography.DarkroomProcessingLine - Saving screenshot to target\site\serenity\4e6720537e7fb7d0300d6843ac01fde11bd5aa1705640a419e9b7d6b523f4bf9.png
22:30:40.223 [Forwarding getPageSource on session e215d2d9f07b9e03db677093c14a1a70 to remote] DEBUG org.asynchttpclient.netty.request.NettyRequestSender - Using pooled Channel '[id: 0x9d353816, L:/127.0.0.1:54575 - R:localhost/127.0.0.1:38517]' for 'POST' to 'http://localhost:38517/session/e215d2d9f07b9e03db677093c14a1a70/execute/sync'
22:30:40.223 [Forwarding getPageSource on session e215d2d9f07b9e03db677093c14a1a70 to remote] DEBUG org.asynchttpclient.netty.request.NettyRequestSender - Using open Channel [id: 0x9d353816, L:/127.0.0.1:54575 - R:localhost/127.0.0.1:38517] for POST '/session/e215d2d9f07b9e03db677093c14a1a70/execute/sync'
22:30:40.242 [AsyncHttpClient-1-11] DEBUG org.asynchttpclient.netty.handler.HttpHandler - 

Request DefaultHttpRequest(decodeResult: success, version: HTTP/1.1)
POST /session/e215d2d9f07b9e03db677093c14a1a70/execute/sync HTTP/1.1
User-Agent: selenium/4.8.1 (java windows)
Content-Length: 176
Content-Type: application/json; charset=utf-8
host: localhost:38517
accept: */*

Response DefaultHttpResponse(decodeResult: success, version: HTTP/1.1)
HTTP/1.1 200 OK
Content-Length: 100692
Content-Type: application/json; charset=utf-8
cache-control: no-cache

22:30:40.243 [AsyncHttpClient-1-11] DEBUG org.asynchttpclient.netty.channel.ChannelManager - Adding key: http://localhost:38517 for channel [id: 0x9d353816, L:/127.0.0.1:54575 - R:localhost/127.0.0.1:38517]
22:30:40.253 [Forwarding getCurrentUrl on session e215d2d9f07b9e03db677093c14a1a70 to remote] DEBUG org.asynchttpclient.netty.request.NettyRequestSender - Using pooled Channel '[id: 0x9d353816, L:/127.0.0.1:54575 - R:localhost/127.0.0.1:38517]' for 'GET' to 'http://localhost:38517/session/e215d2d9f07b9e03db677093c14a1a70/url'
22:30:40.253 [Forwarding getCurrentUrl on session e215d2d9f07b9e03db677093c14a1a70 to remote] DEBUG org.asynchttpclient.netty.request.NettyRequestSender - Using open Channel [id: 0x9d353816, L:/127.0.0.1:54575 - R:localhost/127.0.0.1:38517] for GET '/session/e215d2d9f07b9e03db677093c14a1a70/url'
22:30:40.259 [AsyncHttpClient-1-11] DEBUG org.asynchttpclient.netty.handler.HttpHandler - 

Request DefaultFullHttpRequest(decodeResult: success, version: HTTP/1.1, content: EmptyByteBufBE)
GET /session/e215d2d9f07b9e03db677093c14a1a70/url HTTP/1.1
User-Agent: selenium/4.8.1 (java windows)
Cache-Control: no-cache
Content-Type: application/json; charset=utf-8
host: localhost:38517
accept: */*

Response DefaultHttpResponse(decodeResult: success, version: HTTP/1.1)
HTTP/1.1 200 OK
Content-Length: 42
Content-Type: application/json; charset=utf-8
cache-control: no-cache

22:30:40.259 [AsyncHttpClient-1-11] DEBUG org.asynchttpclient.netty.channel.ChannelManager - Adding key: http://localhost:38517 for channel [id: 0x9d353816, L:/127.0.0.1:54575 - R:localhost/127.0.0.1:38517]
22:30:40.263 [main] DEBUG net.thucydides.core.steps.StepInterceptor - STARTING STEP: PaymentMethodSteps.proceedsToCheckout - clickProductItem
22:30:40.268 [Forwarding findElement on session e215d2d9f07b9e03db677093c14a1a70 to remote] DEBUG org.asynchttpclient.netty.request.NettyRequestSender - Using pooled Channel '[id: 0x9d353816, L:/127.0.0.1:54575 - R:localhost/127.0.0.1:38517]' for 'POST' to 'http://localhost:38517/session/e215d2d9f07b9e03db677093c14a1a70/element'
22:30:40.268 [Forwarding findElement on session e215d2d9f07b9e03db677093c14a1a70 to remote] DEBUG org.asynchttpclient.netty.request.NettyRequestSender - Using open Channel [id: 0x9d353816, L:/127.0.0.1:54575 - R:localhost/127.0.0.1:38517] for POST '/session/e215d2d9f07b9e03db677093c14a1a70/element'
22:30:40.681 [AsyncHttpClient-1-1] DEBUG org.asynchttpclient.netty.channel.DefaultChannelPool - Entry count for : http://localhost:54576 : 1
22:30:41.780 [AsyncHttpClient-1-1] DEBUG org.asynchttpclient.netty.channel.DefaultChannelPool - Entry count for : http://localhost:54576 : 1
22:30:42.330 [AsyncHttpClient-1-11] DEBUG org.asynchttpclient.netty.handler.HttpHandler - 

Request DefaultHttpRequest(decodeResult: success, version: HTTP/1.1)
POST /session/e215d2d9f07b9e03db677093c14a1a70/element HTTP/1.1
User-Agent: selenium/4.8.1 (java windows)
Content-Length: 59
Content-Type: application/json; charset=utf-8
host: localhost:38517
accept: */*

Response DefaultHttpResponse(decodeResult: success, version: HTTP/1.1)
HTTP/1.1 404 Not Found
Content-Length: 957
Content-Type: application/json; charset=utf-8
cache-control: no-cache

22:30:42.331 [AsyncHttpClient-1-11] DEBUG org.asynchttpclient.netty.channel.ChannelManager - Adding key: http://localhost:38517 for channel [id: 0x9d353816, L:/127.0.0.1:54575 - R:localhost/127.0.0.1:38517]
22:30:42.438 [Forwarding findElement on session e215d2d9f07b9e03db677093c14a1a70 to remote] DEBUG org.asynchttpclient.netty.request.NettyRequestSender - Using pooled Channel '[id: 0x9d353816, L:/127.0.0.1:54575 - R:localhost/127.0.0.1:38517]' for 'POST' to 'http://localhost:38517/session/e215d2d9f07b9e03db677093c14a1a70/element'
22:30:42.438 [Forwarding findElement on session e215d2d9f07b9e03db677093c14a1a70 to remote] DEBUG org.asynchttpclient.netty.request.NettyRequestSender - Using open Channel [id: 0x9d353816, L:/127.0.0.1:54575 - R:localhost/127.0.0.1:38517] for POST '/session/e215d2d9f07b9e03db677093c14a1a70/element'
22:30:42.882 [AsyncHttpClient-1-1] DEBUG org.asynchttpclient.netty.channel.DefaultChannelPool - Entry count for : http://localhost:54576 : 1
22:30:43.985 [AsyncHttpClient-1-1] DEBUG org.asynchttpclient.netty.channel.DefaultChannelPool - Entry count for : http://localhost:54576 : 1
22:30:44.465 [AsyncHttpClient-1-11] DEBUG org.asynchttpclient.netty.handler.HttpHandler - 

Request DefaultHttpRequest(decodeResult: success, version: HTTP/1.1)
POST /session/e215d2d9f07b9e03db677093c14a1a70/element HTTP/1.1
User-Agent: selenium/4.8.1 (java windows)
Content-Length: 59
Content-Type: application/json; charset=utf-8
host: localhost:38517
accept: */*

Response DefaultHttpResponse(decodeResult: success, version: HTTP/1.1)
HTTP/1.1 404 Not Found
Content-Length: 957
Content-Type: application/json; charset=utf-8
cache-control: no-cache

22:30:44.465 [AsyncHttpClient-1-11] DEBUG org.asynchttpclient.netty.channel.ChannelManager - Adding key: http://localhost:38517 for channel [id: 0x9d353816, L:/127.0.0.1:54575 - R:localhost/127.0.0.1:38517]
22:30:44.583 [Forwarding findElement on session e215d2d9f07b9e03db677093c14a1a70 to remote] DEBUG org.asynchttpclient.netty.request.NettyRequestSender - Using pooled Channel '[id: 0x9d353816, L:/127.0.0.1:54575 - R:localhost/127.0.0.1:38517]' for 'POST' to 'http://localhost:38517/session/e215d2d9f07b9e03db677093c14a1a70/element'
22:30:44.584 [Forwarding findElement on session e215d2d9f07b9e03db677093c14a1a70 to remote] DEBUG org.asynchttpclient.netty.request.NettyRequestSender - Using open Channel [id: 0x9d353816, L:/127.0.0.1:54575 - R:localhost/127.0.0.1:38517] for POST '/session/e215d2d9f07b9e03db677093c14a1a70/element'
22:30:45.085 [AsyncHttpClient-1-1] DEBUG org.asynchttpclient.netty.channel.DefaultChannelPool - Entry count for : http://localhost:54576 : 1
22:30:46.183 [AsyncHttpClient-1-1] DEBUG org.asynchttpclient.netty.channel.DefaultChannelPool - Entry count for : http://localhost:54576 : 1
22:30:46.607 [AsyncHttpClient-1-11] DEBUG org.asynchttpclient.netty.handler.HttpHandler - 

Request DefaultHttpRequest(decodeResult: success, version: HTTP/1.1)
POST /session/e215d2d9f07b9e03db677093c14a1a70/element HTTP/1.1
User-Agent: selenium/4.8.1 (java windows)
Content-Length: 59
Content-Type: application/json; charset=utf-8
host: localhost:38517
accept: */*

Response DefaultHttpResponse(decodeResult: success, version: HTTP/1.1)
HTTP/1.1 404 Not Found
Content-Length: 957
Content-Type: application/json; charset=utf-8
cache-control: no-cache

22:30:46.607 [AsyncHttpClient-1-11] DEBUG org.asynchttpclient.netty.channel.ChannelManager - Adding key: http://localhost:38517 for channel [id: 0x9d353816, L:/127.0.0.1:54575 - R:localhost/127.0.0.1:38517]
22:30:46.616 [Forwarding getAlertText on session e215d2d9f07b9e03db677093c14a1a70 to remote] DEBUG org.asynchttpclient.netty.request.NettyRequestSender - Using pooled Channel '[id: 0x9d353816, L:/127.0.0.1:54575 - R:localhost/127.0.0.1:38517]' for 'GET' to 'http://localhost:38517/session/e215d2d9f07b9e03db677093c14a1a70/alert/text'
22:30:46.616 [Forwarding getAlertText on session e215d2d9f07b9e03db677093c14a1a70 to remote] DEBUG org.asynchttpclient.netty.request.NettyRequestSender - Using open Channel [id: 0x9d353816, L:/127.0.0.1:54575 - R:localhost/127.0.0.1:38517] for GET '/session/e215d2d9f07b9e03db677093c14a1a70/alert/text'
22:30:46.619 [AsyncHttpClient-1-11] DEBUG org.asynchttpclient.netty.handler.HttpHandler - 

Request DefaultFullHttpRequest(decodeResult: success, version: HTTP/1.1, content: EmptyByteBufBE)
GET /session/e215d2d9f07b9e03db677093c14a1a70/alert/text HTTP/1.1
User-Agent: selenium/4.8.1 (java windows)
Cache-Control: no-cache
Content-Type: application/json; charset=utf-8
host: localhost:38517
accept: */*

Response DefaultHttpResponse(decodeResult: success, version: HTTP/1.1)
HTTP/1.1 404 Not Found
Content-Length: 835
Content-Type: application/json; charset=utf-8
cache-control: no-cache

22:30:46.619 [AsyncHttpClient-1-11] DEBUG org.asynchttpclient.netty.channel.ChannelManager - Adding key: http://localhost:38517 for channel [id: 0x9d353816, L:/127.0.0.1:54575 - R:localhost/127.0.0.1:38517]
22:30:46.621 [Forwarding getCurrentUrl on session e215d2d9f07b9e03db677093c14a1a70 to remote] DEBUG org.asynchttpclient.netty.request.NettyRequestSender - Using pooled Channel '[id: 0x9d353816, L:/127.0.0.1:54575 - R:localhost/127.0.0.1:38517]' for 'GET' to 'http://localhost:38517/session/e215d2d9f07b9e03db677093c14a1a70/url'
22:30:46.621 [Forwarding getCurrentUrl on session e215d2d9f07b9e03db677093c14a1a70 to remote] DEBUG org.asynchttpclient.netty.request.NettyRequestSender - Using open Channel [id: 0x9d353816, L:/127.0.0.1:54575 - R:localhost/127.0.0.1:38517] for GET '/session/e215d2d9f07b9e03db677093c14a1a70/url'
22:30:46.630 [AsyncHttpClient-1-11] DEBUG org.asynchttpclient.netty.handler.HttpHandler - 

Request DefaultFullHttpRequest(decodeResult: success, version: HTTP/1.1, content: EmptyByteBufBE)
GET /session/e215d2d9f07b9e03db677093c14a1a70/url HTTP/1.1
User-Agent: selenium/4.8.1 (java windows)
Cache-Control: no-cache
Content-Type: application/json; charset=utf-8
host: localhost:38517
accept: */*

Response DefaultHttpResponse(decodeResult: success, version: HTTP/1.1)
HTTP/1.1 200 OK
Content-Length: 42
Content-Type: application/json; charset=utf-8
cache-control: no-cache

22:30:46.630 [AsyncHttpClient-1-11] DEBUG org.asynchttpclient.netty.channel.ChannelManager - Adding key: http://localhost:38517 for channel [id: 0x9d353816, L:/127.0.0.1:54575 - R:localhost/127.0.0.1:38517]
22:30:46.632 [Forwarding screenshot on session e215d2d9f07b9e03db677093c14a1a70 to remote] DEBUG org.asynchttpclient.netty.request.NettyRequestSender - Using pooled Channel '[id: 0x9d353816, L:/127.0.0.1:54575 - R:localhost/127.0.0.1:38517]' for 'GET' to 'http://localhost:38517/session/e215d2d9f07b9e03db677093c14a1a70/screenshot'
22:30:46.632 [Forwarding screenshot on session e215d2d9f07b9e03db677093c14a1a70 to remote] DEBUG org.asynchttpclient.netty.request.NettyRequestSender - Using open Channel [id: 0x9d353816, L:/127.0.0.1:54575 - R:localhost/127.0.0.1:38517] for GET '/session/e215d2d9f07b9e03db677093c14a1a70/screenshot'
22:30:46.906 [AsyncHttpClient-1-11] DEBUG org.asynchttpclient.netty.handler.HttpHandler - 

Request DefaultFullHttpRequest(decodeResult: success, version: HTTP/1.1, content: EmptyByteBufBE)
GET /session/e215d2d9f07b9e03db677093c14a1a70/screenshot HTTP/1.1
User-Agent: selenium/4.8.1 (java windows)
Cache-Control: no-cache
Content-Type: application/json; charset=utf-8
host: localhost:38517
accept: */*

Response DefaultHttpResponse(decodeResult: success, version: HTTP/1.1)
HTTP/1.1 200 OK
Content-Length: 264852
Content-Type: application/json; charset=utf-8
cache-control: no-cache

22:30:46.908 [AsyncHttpClient-1-11] DEBUG org.asynchttpclient.netty.channel.ChannelManager - Adding key: http://localhost:38517 for channel [id: 0x9d353816, L:/127.0.0.1:54575 - R:localhost/127.0.0.1:38517]
22:30:46.917 [main] DEBUG net.serenitybdd.core.photography.Darkroom - Send negative for processing for target\site\serenity\4e6720537e7fb7d0300d6843ac01fde11bd5aa1705640a419e9b7d6b523f4bf9.png
22:30:46.920 [Forwarding getPageSource on session e215d2d9f07b9e03db677093c14a1a70 to remote] DEBUG org.asynchttpclient.netty.request.NettyRequestSender - Using pooled Channel '[id: 0x9d353816, L:/127.0.0.1:54575 - R:localhost/127.0.0.1:38517]' for 'POST' to 'http://localhost:38517/session/e215d2d9f07b9e03db677093c14a1a70/execute/sync'
22:30:46.920 [Forwarding getPageSource on session e215d2d9f07b9e03db677093c14a1a70 to remote] DEBUG org.asynchttpclient.netty.request.NettyRequestSender - Using open Channel [id: 0x9d353816, L:/127.0.0.1:54575 - R:localhost/127.0.0.1:38517] for POST '/session/e215d2d9f07b9e03db677093c14a1a70/execute/sync'
22:30:46.937 [AsyncHttpClient-1-11] DEBUG org.asynchttpclient.netty.handler.HttpHandler - 

Request DefaultHttpRequest(decodeResult: success, version: HTTP/1.1)
POST /session/e215d2d9f07b9e03db677093c14a1a70/execute/sync HTTP/1.1
User-Agent: selenium/4.8.1 (java windows)
Content-Length: 176
Content-Type: application/json; charset=utf-8
host: localhost:38517
accept: */*

Response DefaultHttpResponse(decodeResult: success, version: HTTP/1.1)
HTTP/1.1 200 OK
Content-Length: 100692
Content-Type: application/json; charset=utf-8
cache-control: no-cache

22:30:46.937 [AsyncHttpClient-1-11] DEBUG org.asynchttpclient.netty.channel.ChannelManager - Adding key: http://localhost:38517 for channel [id: 0x9d353816, L:/127.0.0.1:54575 - R:localhost/127.0.0.1:38517]
22:30:46.953 [Forwarding getCurrentUrl on session e215d2d9f07b9e03db677093c14a1a70 to remote] DEBUG org.asynchttpclient.netty.request.NettyRequestSender - Using pooled Channel '[id: 0x9d353816, L:/127.0.0.1:54575 - R:localhost/127.0.0.1:38517]' for 'GET' to 'http://localhost:38517/session/e215d2d9f07b9e03db677093c14a1a70/url'
22:30:46.953 [Forwarding getCurrentUrl on session e215d2d9f07b9e03db677093c14a1a70 to remote] DEBUG org.asynchttpclient.netty.request.NettyRequestSender - Using open Channel [id: 0x9d353816, L:/127.0.0.1:54575 - R:localhost/127.0.0.1:38517] for GET '/session/e215d2d9f07b9e03db677093c14a1a70/url'
22:30:46.959 [AsyncHttpClient-1-11] DEBUG org.asynchttpclient.netty.handler.HttpHandler - 

Request DefaultFullHttpRequest(decodeResult: success, version: HTTP/1.1, content: EmptyByteBufBE)
GET /session/e215d2d9f07b9e03db677093c14a1a70/url HTTP/1.1
User-Agent: selenium/4.8.1 (java windows)
Cache-Control: no-cache
Content-Type: application/json; charset=utf-8
host: localhost:38517
accept: */*

Response DefaultHttpResponse(decodeResult: success, version: HTTP/1.1)
HTTP/1.1 200 OK
Content-Length: 42
Content-Type: application/json; charset=utf-8
cache-control: no-cache

22:30:46.959 [AsyncHttpClient-1-11] DEBUG org.asynchttpclient.netty.channel.ChannelManager - Adding key: http://localhost:38517 for channel [id: 0x9d353816, L:/127.0.0.1:54575 - R:localhost/127.0.0.1:38517]
  &amp#27;[31mAnd &amp#27;[0m&amp#27;[31mI select a product and proceeds to checkout&amp#27;[0m                         &amp#27;[90m# starter.stepdefintions.PaymentMethodSteps.proceedsToCheckout()&amp#27;[0m
      &amp#27;[31mnet.thucydides.core.webdriver.exceptions.ElementShouldBeEnabledException: Expected enabled element was not enabled
	at net.serenitybdd.core.pages.WebElementFacadeImpl.waitUntilEnabled(WebElementFacadeImpl.java:1122)
	at net.serenitybdd.core.pages.WebElementFacadeImpl.waitUntilElementAvailable(WebElementFacadeImpl.java:906)
	at net.serenitybdd.core.pages.WebElementFacadeImpl.click(WebElementFacadeImpl.java:1204)
	at net.serenitybdd.core.pages.WebElementFacadeImpl.click(WebElementFacadeImpl.java:1224)
	at alta@1.0-SNAPSHOT/starter.pages.HomePage.clickProductItem(HomePage.java:21)
	at alta@1.0-SNAPSHOT/starter.pages.HomePage$ByteBuddy$kGXyL8fm.clickProductItem$accessor$trMry9xV(Unknown Source)
	at java.base/jdk.internal.reflect.NativeMethodAccessorImpl.invoke0(Native Method)
	at java.base/jdk.internal.reflect.NativeMethodAccessorImpl.invoke(NativeMethodAccessorImpl.java:64)
	at java.base/jdk.internal.reflect.DelegatingMethodAccessorImpl.invoke(DelegatingMethodAccessorImpl.java:43)
	at java.base/java.lang.reflect.Method.invoke(Method.java:564)
	at net.thucydides.core.steps.StepInterceptor.invokeMethod(StepInterceptor.java:518)
	at net.thucydides.core.steps.StepInterceptor.executeTestStepMethod(StepInterceptor.java:498)
	at net.thucydides.core.steps.StepInterceptor.runTestStep(StepInterceptor.java:472)
	at net.thucydides.core.steps.StepInterceptor.runOrSkipMethod(StepInterceptor.java:211)
	at net.thucydides.core.steps.StepInterceptor.testStepResult(StepInterceptor.java:198)
	at net.thucydides.core.steps.StepInterceptor.intercept(StepInterceptor.java:86)
	at net.thucydides.core.steps.ProxyConfiguration$InterceptorDispatcher.intercept(ProxyConfiguration.java:51)
	at alta@1.0-SNAPSHOT/starter.pages.HomePage$ByteBuddy$kGXyL8fm.clickProductItem(Unknown Source)
	at alta@1.0-SNAPSHOT/starter.stepdefintions.PaymentMethodSteps.proceedsToCheckout(PaymentMethodSteps.java:38)
	at âœ½.I select a product and proceeds to checkout(file:///C:/Users/WINDOWS%2010/Documents/GitHub/QE_Andira_Ms/11_Web_Programming_&_Testing/Praktikum/Testing_with_Serenity/Prioritas2/alta/src/test/resources/features/PaymentMethod.feature:11)
Caused by: org.openqa.selenium.TimeoutException: Expected condition failed: waiting for By.id: product_type_2 to be enabled (tried for 5 second(s) with 100 milliseconds interval)
	at org.openqa.selenium.support.ui.FluentWait.timeoutException(FluentWait.java:263)
	at org.openqa.selenium.support.ui.FluentWait.until(FluentWait.java:231)
	at net.serenitybdd.core.pages.WebElementFacadeImpl.waitUntilEnabled(WebElementFacadeImpl.java:1119)
	at net.serenitybdd.core.pages.WebElementFacadeImpl.waitUntilElementAvailable(WebElementFacadeImpl.java:906)
	at net.serenitybdd.core.pages.WebElementFacadeImpl.click(WebElementFacadeImpl.java:1204)
	at net.serenitybdd.core.pages.WebElementFacadeImpl.click(WebElementFacadeImpl.java:1224)
	at alta@1.0-SNAPSHOT/starter.pages.HomePage.clickProductItem(HomePage.java:21)
	at alta@1.0-SNAPSHOT/starter.pages.HomePage$ByteBuddy$kGXyL8fm.clickProductItem$accessor$trMry9xV(Unknown Source)
	at java.base/jdk.internal.reflect.NativeMethodAccessorImpl.invoke0(Native Method)
	at java.base/jdk.internal.reflect.NativeMethodAccessorImpl.invoke(NativeMethodAccessorImpl.java:64)
	at java.base/jdk.internal.reflect.DelegatingMethodAccessorImpl.invoke(DelegatingMethodAccessorImpl.java:43)
	at java.base/java.lang.reflect.Method.invoke(Method.java:564)
	at net.thucydides.core.steps.StepInterceptor.invokeMethod(StepInterceptor.java:518)
	at net.thucydides.core.steps.StepInterceptor.executeTestStepMethod(StepInterceptor.java:498)
	at net.thucydides.core.steps.StepInterceptor.runTestStep(StepInterceptor.java:472)
	at net.thucydides.core.steps.StepInterceptor.runOrSkipMethod(StepInterceptor.java:211)
	at net.thucydides.core.steps.StepInterceptor.testStepResult(StepInterceptor.java:198)
	at net.thucydides.core.steps.StepInterceptor.intercept(StepInterceptor.java:86)
	at net.thucydides.core.steps.ProxyConfiguration$InterceptorDispatcher.intercept(ProxyConfiguration.java:51)
	at alta@1.0-SNAPSHOT/starter.pages.HomePage$ByteBuddy$kGXyL8fm.clickProductItem(Unknown Source)
	at alta@1.0-SNAPSHOT/starter.stepdefintions.PaymentMethodSteps.proceedsToCheckout(PaymentMethodSteps.java:38)
	at java.base/jdk.internal.reflect.NativeMethodAccessorImpl.invoke0(Native Method)
	at java.base/jdk.internal.reflect.NativeMethodAccessorImpl.invoke(NativeMethodAccessorImpl.java:64)
	at java.base/jdk.internal.reflect.DelegatingMethodAccessorImpl.invoke(DelegatingMethodAccessorImpl.java:43)
	at java.base/java.lang.reflect.Method.invoke(Method.java:564)
	at io.cucumber.java.Invoker.doInvoke(Invoker.java:66)
	at io.cucumber.java.Invoker.invoke(Invoker.java:24)
	at io.cucumber.java.AbstractGlueDefinition.invokeMethod(AbstractGlueDefinition.java:47)
	at io.cucumber.java.JavaStepDefinition.execute(JavaStepDefinition.java:29)
	at io.cucumber.core.runner.CoreStepDefinition.execute(CoreStepDefinition.java:66)
	at io.cucumber.core.runner.PickleStepDefinitionMatch.runStep(PickleStepDefinitionMatch.java:63)
	at io.cucumber.core.runner.ExecutionMode$1.execute(ExecutionMode.java:10)
	at io.cucumber.core.runner.TestStep.executeStep(TestStep.java:84)
	at io.cucumber.core.runner.TestStep.run(TestStep.java:56)
	at io.cucumber.core.runner.PickleStepTestStep.run(PickleStepTestStep.java:51)
	at io.cucumber.core.runner.TestCase.run(TestCase.java:84)
	at io.cucumber.core.runner.Runner.runPickle(Runner.java:75)
	at io.cucumber.junit.PickleRunners$NoStepDescriptions.lambda$run$0(PickleRunners.java:151)
	at io.cucumber.core.runtime.CucumberExecutionContext.lambda$runTestCase$5(CucumberExecutionContext.java:130)
	at io.cucumber.core.runtime.RethrowingThrowableCollector.executeAndThrow(RethrowingThrowableCollector.java:23)
	at io.cucumber.core.runtime.CucumberExecutionContext.runTestCase(CucumberExecutionContext.java:130)
	at io.cucumber.junit.PickleRunners$NoStepDescriptions.run(PickleRunners.java:148)
	at io.cucumber.junit.FeatureRunner.runChild(FeatureRunner.java:144)
	at io.cucumber.junit.FeatureRunner.runChild(FeatureRunner.java:28)
	at org.junit.runners.ParentRunner$4.run(ParentRunner.java:331)
	at org.junit.runners.ParentRunner$1.schedule(ParentRunner.java:79)
	at org.junit.runners.ParentRunner.runChildren(ParentRunner.java:329)
	at org.junit.runners.ParentRunner.access$100(ParentRunner.java:66)
	at org.junit.runners.ParentRunner$2.evaluate(ParentRunner.java:293)
	at org.junit.runners.ParentRunner$3.evaluate(ParentRunner.java:306)
	at org.junit.runners.ParentRunner.run(ParentRunner.java:413)
	at io.cucumber.junit.FeatureRunner.run(FeatureRunner.java:137)
	at io.cucumber.junit.CucumberSerenityBaseRunner.runChild(CucumberSerenityBaseRunner.java:330)
	at io.cucumber.junit.CucumberSerenityBaseRunner.runChild(CucumberSerenityBaseRunner.java:51)
	at org.junit.runners.ParentRunner$4.run(ParentRunner.java:331)
	at org.junit.runners.ParentRunner$1.schedule(ParentRunner.java:79)
	at org.junit.runners.ParentRunner.runChildren(ParentRunner.java:329)
	at org.junit.runners.ParentRunner.access$100(ParentRunner.java:66)
	at org.junit.runners.ParentRunner$2.evaluate(ParentRunner.java:293)
	at io.cucumber.junit.CucumberSerenityBaseRunner$RunCucumber.evaluate(CucumberSerenityBaseRunner.java:361)
	at org.junit.runners.ParentRunner$3.evaluate(ParentRunner.java:306)
	at org.junit.runners.ParentRunner.run(ParentRunner.java:413)
	at org.junit.runner.JUnitCore.run(JUnitCore.java:137)
	at org.junit.runner.JUnitCore.run(JUnitCore.java:115)
	at org.junit.vintage.engine.execution.RunnerExecutor.execute(RunnerExecutor.java:42)
	at org.junit.vintage.engine.VintageTestEngine.executeAllChildren(VintageTestEngine.java:80)
	at org.junit.vintage.engine.VintageTestEngine.execute(VintageTestEngine.java:72)
	at org.junit.platform.launcher.core.EngineExecutionOrchestrator.execute(EngineExecutionOrchestrator.java:107)
	at org.junit.platform.launcher.core.EngineExecutionOrchestrator.execute(EngineExecutionOrchestrator.java:88)
	at org.junit.platform.launcher.core.EngineExecutionOrchestrator.lambda$execute$0(EngineExecutionOrchestrator.java:54)
	at org.junit.platform.launcher.core.EngineExecutionOrchestrator.withInterceptedStreams(EngineExecutionOrchestrator.java:67)
	at org.junit.platform.launcher.core.EngineExecutionOrchestrator.execute(EngineExecutionOrchestrator.java:52)
	at org.junit.platform.launcher.core.DefaultLauncher.execute(DefaultLauncher.java:114)
	at org.junit.platform.launcher.core.DefaultLauncher.execute(DefaultLauncher.java:86)
	at org.junit.platform.launcher.core.DefaultLauncherSession$DelegatingLauncher.execute(DefaultLauncherSession.java:86)
	at org.junit.platform.launcher.core.SessionPerRequestLauncher.execute(SessionPerRequestLauncher.java:53)
	at org.apache.maven.surefire.junitplatform.JUnitPlatformProvider.execute(JUnitPlatformProvider.java:188)
	at org.apache.maven.surefire.junitplatform.JUnitPlatformProvider.invokeAllTests(JUnitPlatformProvider.java:154)
	at org.apache.maven.surefire.junitplatform.JUnitPlatformProvider.invoke(JUnitPlatformProvider.java:128)
	at org.apache.maven.surefire.booter.ForkedBooter.runSuitesInProcess(ForkedBooter.java:428)
	at org.apache.maven.surefire.booter.ForkedBooter.execute(ForkedBooter.java:162)
	at org.apache.maven.surefire.booter.ForkedBooter.run(ForkedBooter.java:562)
	at org.apache.maven.surefire.booter.ForkedBooter.main(ForkedBooter.java:548)
Caused by: org.openqa.selenium.NoSuchElementException: no such element: Unable to locate element: {"method":"css selector","selector":"#product_type_2"}
  (Session info: chrome=112.0.5615.49)
For documentation on this error, please visit: https://selenium.dev/exceptions/#no_such_element
Build info: version: '4.8.1', revision: '8ebccac989'
System info: os.name: 'Windows 10', os.arch: 'amd64', os.version: '10.0', java.version: '15'
Driver info: org.openqa.selenium.chrome.ChromeDriver
Command: [e215d2d9f07b9e03db677093c14a1a70, findElement {using=id, value=product_type_2}]
Capabilities {acceptInsecureCerts: false, browserName: chrome, browserVersion: 112.0.5615.49, chrome: {chromedriverVersion: 111.0.5563.64 (c710e93d5b63..., userDataDir: C:\Users\WINDOW~1\AppData\L...}, goog:chromeOptions: {debuggerAddress: localhost:54576}, networkConnectionEnabled: false, pageLoadStrategy: normal, platformName: WINDOWS, proxy: Proxy(), se:cdp: ws://localhost:54576/devtoo..., se:cdpVersion: 112.0.5615.49, setWindowRect: true, strictFileInteractability: false, timeouts: {implicit: 0, pageLoad: 300000, script: 30000}, unhandledPromptBehavior: dismiss and notify, webauthn:extension:credBlob: true, webauthn:extension:largeBlob: true, webauthn:extension:minPinLength: true, webauthn:extension:prf: true, webauthn:virtualAuthenticators: true}
Session ID: e215d2d9f07b9e03db677093c14a1a70
	at java.base/jdk.internal.reflect.NativeConstructorAccessorImpl.newInstance0(Native Method)
	at java.base/jdk.internal.reflect.NativeConstructorAccessorImpl.newInstance(NativeConstructorAccessorImpl.java:64)
	at java.base/jdk.internal.reflect.DelegatingConstructorAccessorImpl.newInstance(DelegatingConstructorAccessorImpl.java:45)
	at java.base/java.lang.reflect.Constructor.newInstanceWithCaller(Constructor.java:500)
	at java.base/java.lang.reflect.Constructor.newInstance(Constructor.java:481)
	at org.openqa.selenium.remote.codec.w3c.W3CHttpResponseCodec.createException(W3CHttpResponseCodec.java:200)
	at org.openqa.selenium.remote.codec.w3c.W3CHttpResponseCodec.decode(W3CHttpResponseCodec.java:133)
	at org.openqa.selenium.remote.codec.w3c.W3CHttpResponseCodec.decode(W3CHttpResponseCodec.java:53)
	at org.openqa.selenium.remote.HttpCommandExecutor.execute(HttpCommandExecutor.java:184)
	at org.openqa.selenium.remote.service.DriverCommandExecutor.invokeExecute(DriverCommandExecutor.java:167)
	at org.openqa.selenium.remote.service.DriverCommandExecutor.execute(DriverCommandExecutor.java:142)
	at org.openqa.selenium.remote.RemoteWebDriver.execute(RemoteWebDriver.java:543)
	at org.openqa.selenium.remote.ElementLocation$ElementFinder$2.findElement(ElementLocation.java:162)
	at org.openqa.selenium.remote.ElementLocation.findElement(ElementLocation.java:60)
	at org.openqa.selenium.remote.RemoteWebDriver.findElement(RemoteWebDriver.java:352)
	at org.openqa.selenium.remote.RemoteWebDriver.findElement(RemoteWebDriver.java:344)
	at net.thucydides.core.webdriver.WebDriverFacade.findElement(WebDriverFacade.java:242)
	at net.serenitybdd.core.pages.WebElementResolverByLocator.resolveForDriver(WebElementResolverByLocator.java:25)
	at net.serenitybdd.core.pages.WebElementFacadeImpl.getResolvedElement(WebElementFacadeImpl.java:189)
	at net.serenitybdd.core.pages.WebElementFacadeImpl.getElement(WebElementFacadeImpl.java:184)
	at net.serenitybdd.core.pages.WebElementExpectations$3.apply(WebElementExpectations.java:63)
	at net.serenitybdd.core.pages.WebElementExpectations$3.apply(WebElementExpectations.java:55)
	at org.openqa.selenium.support.ui.FluentWait.until(FluentWait.java:208)
	... 81 more
&amp#27;[0m
  &amp#27;[36mAnd &amp#27;[0m&amp#27;[36mI choose the Nominal of Listrik PLN&amp#27;[0m                                 &amp#27;[90m# starter.stepdefintions.PaymentMethodSteps.chooseNominal()&amp#27;[0m
  &amp#27;[36mWhen &amp#27;[0m&amp#27;[36mI do not select any payment method and click Bayar Sekarang button&amp#27;[0m &amp#27;[90m# starter.stepdefintions.PaymentMethodSteps.clickBayarSekarang()&amp#27;[0m
  &amp#27;[36mThen &amp#27;[0m&amp#27;[36mI should see a reminder message&amp#27;[0m                                    &amp#27;[90m# starter.stepdefintions.PaymentMethodSteps.validateReminderMessage()&amp#27;[0m
22:30:47.030 [main] ERROR  - 
  _____   ___   ___   _____     ___     _     ___   _      ___   ___  
 |_   _| | __| / __| |_   _|   | __|   /_\   |_ _| | |    | __| |   \ 
   | |   | _|  \__ \   | |     | _|   / _ \   | |  | |__  | _|  | |) |
   |_|   |___| |___/   |_|     |_|   /_/ \_\ |___| |____| |___| |___/ 

Not choosing a Payment Method After Selecting a Product
-----------------------------------------------------------------------
22:30:47.030 [main] DEBUG  - RELATED ISSUES: 
22:30:47.031 [main] ERROR  -     Test failed at step: Click product item
22:30:47.031 [main] ERROR  -     Expected enabled element was not enabled
22:30:47.035 [AsyncHttpClient-1-13] DEBUG org.asynchttpclient.netty.handler.WebSocketHandler - Channel Closed: [id: 0xf717cfc9, L:/127.0.0.1:54583 ! R:localhost/127.0.0.1:54576] with attribute NettyResponseFuture{currentRetry=0,
	isDone=1,
	isCancelled=0,
	asyncHandler=org.asynchttpclient.ws.WebSocketUpgradeHandler@16dc7a49,
	nettyRequest=org.asynchttpclient.netty.request.NettyRequest@53dee6f6,
	future=java.util.concurrent.CompletableFuture@6f4f886d[Completed normally],
	uri=ws://localhost:54576/devtools/browser/ea231e36-dc96-411c-ad16-56200997eaf6,
	keepAlive=true,
	redirectCount=0,
	timeoutsHolder=null,
	inAuth=0,
	touch=1680967829813}
22:30:47.035 [AsyncHttpClient-1-13] DEBUG org.asynchttpclient.netty.channel.ChannelManager - Closing Channel [id: 0xf717cfc9, L:/127.0.0.1:54583 ! R:localhost/127.0.0.1:54576] 
22:30:47.035 [Driver Command Executor] DEBUG org.asynchttpclient.netty.request.NettyRequestSender - Using pooled Channel '[id: 0x9d353816, L:/127.0.0.1:54575 - R:localhost/127.0.0.1:38517]' for 'DELETE' to 'http://localhost:38517/session/e215d2d9f07b9e03db677093c14a1a70'
22:30:47.035 [Driver Command Executor] DEBUG org.asynchttpclient.netty.request.NettyRequestSender - Using open Channel [id: 0x9d353816, L:/127.0.0.1:54575 - R:localhost/127.0.0.1:38517] for DELETE '/session/e215d2d9f07b9e03db677093c14a1a70'
22:30:47.095 [AsyncHttpClient-1-12] DEBUG org.asynchttpclient.netty.handler.HttpHandler - Unexpected I/O exception on channel [id: 0xf37618fc, L:/127.0.0.1:54582 - R:localhost/127.0.0.1:54576]
java.net.SocketException: Connection reset
	at java.base/sun.nio.ch.SocketChannelImpl.throwConnectionReset(SocketChannelImpl.java:367)
	at java.base/sun.nio.ch.SocketChannelImpl.read(SocketChannelImpl.java:398)
	at io.netty.buffer.PooledByteBuf.setBytes(PooledByteBuf.java:259)
	at io.netty.buffer.AbstractByteBuf.writeBytes(AbstractByteBuf.java:1132)
	at io.netty.channel.socket.nio.NioSocketChannel.doReadBytes(NioSocketChannel.java:357)
	at io.netty.channel.nio.AbstractNioByteChannel$NioByteUnsafe.read(AbstractNioByteChannel.java:151)
	at io.netty.channel.nio.NioEventLoop.processSelectedKey(NioEventLoop.java:788)
	at io.netty.channel.nio.NioEventLoop.processSelectedKeysOptimized(NioEventLoop.java:724)
	at io.netty.channel.nio.NioEventLoop.processSelectedKeys(NioEventLoop.java:650)
	at io.netty.channel.nio.NioEventLoop.run(NioEventLoop.java:562)
	at io.netty.util.concurrent.SingleThreadEventExecutor$4.run(SingleThreadEventExecutor.java:997)
	at io.netty.util.internal.ThreadExecutorMap$2.run(ThreadExecutorMap.java:74)
	at io.netty.util.concurrent.FastThreadLocalRunnable.run(FastThreadLocalRunnable.java:30)
	at java.base/java.lang.Thread.run(Thread.java:832)
22:30:47.096 [AsyncHttpClient-1-12] DEBUG org.asynchttpclient.netty.channel.ChannelManager - Closing Channel [id: 0xf37618fc, L:/127.0.0.1:54582 - R:localhost/127.0.0.1:54576] 
22:30:47.096 [AsyncHttpClient-1-12] DEBUG org.asynchttpclient.netty.handler.HttpHandler - Channel Closed: [id: 0xf37618fc, L:/127.0.0.1:54582 ! R:localhost/127.0.0.1:54576] with attribute DISCARD
22:30:47.135 [AsyncHttpClient-1-11] DEBUG org.asynchttpclient.netty.handler.HttpHandler - 

Request DefaultFullHttpRequest(decodeResult: success, version: HTTP/1.1, content: EmptyByteBufBE)
DELETE /session/e215d2d9f07b9e03db677093c14a1a70 HTTP/1.1
User-Agent: selenium/4.8.1 (java windows)
Content-Type: application/json; charset=utf-8
host: localhost:38517
accept: */*

Response DefaultHttpResponse(decodeResult: success, version: HTTP/1.1)
HTTP/1.1 200 OK
Content-Length: 14
Content-Type: application/json; charset=utf-8
cache-control: no-cache

22:30:47.135 [AsyncHttpClient-1-11] DEBUG org.asynchttpclient.netty.channel.ChannelManager - Adding key: http://localhost:38517 for channel [id: 0x9d353816, L:/127.0.0.1:54575 - R:localhost/127.0.0.1:38517]
22:30:47.282 [AsyncHttpClient-1-1] DEBUG org.asynchttpclient.netty.channel.DefaultChannelPool - Entry count for : http://localhost:38517 : 1
22:30:47.282 [AsyncHttpClient-1-1] DEBUG org.asynchttpclient.netty.channel.DefaultChannelPool - Entry count for : http://localhost:54576 : 1
22:30:47.282 [AsyncHttpClient-1-1] DEBUG org.asynchttpclient.netty.channel.DefaultChannelPool - Adding Candidate expired Channel [id: 0xf37618fc, L:/127.0.0.1:54582 ! R:localhost/127.0.0.1:54576] isIdleTimeoutExpired=false isRemotelyClosed=true isTtlExpired=false
22:30:47.282 [AsyncHttpClient-1-1] DEBUG org.asynchttpclient.netty.channel.DefaultChannelPool - Closing Idle Channel [id: 0xf37618fc, L:/127.0.0.1:54582 ! R:localhost/127.0.0.1:54576]
22:30:47.282 [AsyncHttpClient-1-1] DEBUG org.asynchttpclient.netty.channel.DefaultChannelPool - Closed 1 connections out of 2 in 0 ms
22:30:47.444 [AsyncHttpClient-1-11] DEBUG org.asynchttpclient.netty.handler.HttpHandler - Channel Closed: [id: 0x9d353816, L:/127.0.0.1:54575 ! R:localhost/127.0.0.1:38517] with attribute DISCARD
]]></system-out>
    <system-err><![CDATA[Starting ChromeDriver 111.0.5563.64 (c710e93d5b63b7095afe8c2c17df34408078439d-refs/branch-heads/5563@{#995}) on port 38517
Only local connections are allowed.
Please see https://chromedriver.chromium.org/security-considerations for suggestions on keeping ChromeDriver safe.
ChromeDriver was started successfully.
[1680967829.755][WARNING]: This version of ChromeDriver has not been tested with Chrome version 112.
Apr 08, 2023 10:30:29 PM org.openqa.selenium.devtools.CdpVersionFinder findNearestMatch
WARNING: Unable to find an exact match for CDP version 112, so returning the closest version found: 110
]]></system-err>
  </testcase>
  <testcase name="Input correct nomor meter and correct nomor handphone" classname="Select Product ListrikPLN" time="22.275">
    <system-out><![CDATA[22:30:47.966 [main] DEBUG io.cucumber.core.plugin.SerenityReporter - Running feature from file:///C:/Users/WINDOWS%2010/Documents/GitHub/QE_Andira_Ms/11_Web_Programming_&_Testing/Praktikum/Testing_with_Serenity/Prioritas2/alta/src/test/resources/features/SelectProduct.feature
22:30:47.971 [main] DEBUG net.thucydides.core.steps.StepEventBus - Test suite started for story net.thucydides.core.model.Story@d891cf10
22:30:47.972 [main] INFO  - Test Suite Started: Select Product ListrikPLN

Scenario: Input correct nomor meter and correct nomor handphone &amp#27;[90m# src/test/resources/features/SelectProduct.feature:3&amp#27;[0m
22:30:47.983 [main] DEBUG io.cucumber.core.plugin.SerenityReporter - Running feature from file:///C:/Users/WINDOWS%2010/Documents/GitHub/QE_Andira_Ms/11_Web_Programming_&_Testing/Praktikum/Testing_with_Serenity/Prioritas2/alta/src/test/resources/features/SelectProduct.feature
22:30:47.986 [main] INFO  - 
  _____   ___   ___   _____     ___   _____     _     ___   _____   ___   ___  
 |_   _| | __| / __| |_   _|   / __| |_   _|   /_\   | _ \ |_   _| | __| |   \ 
   | |   | _|  \__ \   | |     \__ \   | |    / _ \  |   /   | |   | _|  | |) |
   |_|   |___| |___/   |_|     |___/   |_|   /_/ \_\ |_|_\   |_|   |___| |___/ 

Input correct nomor meter and correct nomor handphone(select-product-listrikpln;input-correct-nomor-meter-and-correct-nomor-handphone)
--------------------------------------------------------------------------------
22:30:48.115 [main] DEBUG net.thucydides.core.steps.StepInterceptor - STARTING STEP: SelectProductSteps.onTheHomePage - openPage
22:30:48.257 [main] INFO net.serenitybdd.core.webdriver.driverproviders.ChromeDriverProvider - Starting Chrome driver instance with capabilities:
22:30:48.281 [main] INFO net.serenitybdd.core.webdriver.driverproviders.ChromeDriverProvider - Capabilities {acceptInsecureCerts: false, browserName: chrome, goog:chromeOptions: {args: [remote-allow-origins=*], extensions: []}}
22:30:48.381 [AsyncHttpClient-1-1] DEBUG org.asynchttpclient.netty.channel.DefaultChannelPool - Entry count for : http://localhost:38517 : 1
22:30:48.381 [AsyncHttpClient-1-1] DEBUG org.asynchttpclient.netty.channel.DefaultChannelPool - Adding Candidate expired Channel [id: 0x9d353816, L:/127.0.0.1:54575 ! R:localhost/127.0.0.1:38517] isIdleTimeoutExpired=false isRemotelyClosed=true isTtlExpired=false
22:30:48.381 [AsyncHttpClient-1-1] DEBUG org.asynchttpclient.netty.channel.DefaultChannelPool - Closing Idle Channel [id: 0x9d353816, L:/127.0.0.1:54575 ! R:localhost/127.0.0.1:38517]
22:30:48.381 [AsyncHttpClient-1-1] DEBUG org.asynchttpclient.netty.channel.DefaultChannelPool - Closed 1 connections out of 1 in 0 ms
22:30:48.897 [AsyncHttpClient-1-14] DEBUG org.asynchttpclient.netty.channel.NettyConnectListener - Using new Channel '[id: 0x4720a65d, L:/127.0.0.1:54622 - R:localhost/127.0.0.1:37193]' for 'POST' to '/session'
22:30:49.906 [AsyncHttpClient-1-14] DEBUG org.asynchttpclient.netty.handler.HttpHandler - 

Request DefaultHttpRequest(decodeResult: success, version: HTTP/1.1)
POST /session HTTP/1.1
User-Agent: selenium/4.8.1 (java windows)
Content-Length: 507
Content-Type: application/json; charset=utf-8
host: localhost:37193
accept: */*

Response DefaultHttpResponse(decodeResult: success, version: HTTP/1.1)
HTTP/1.1 200 OK
Content-Length: 862
Content-Type: application/json; charset=utf-8
cache-control: no-cache

22:30:49.907 [AsyncHttpClient-1-14] DEBUG org.asynchttpclient.netty.channel.ChannelManager - Adding key: http://localhost:37193 for channel [id: 0x4720a65d, L:/127.0.0.1:54622 - R:localhost/127.0.0.1:37193]
22:30:49.916 [AsyncHttpClient-1-15] DEBUG org.asynchttpclient.netty.channel.NettyConnectListener - Using new Channel '[id: 0xd7ec388c, L:/127.0.0.1:54629 - R:localhost/127.0.0.1:54623]' for 'GET' to '/json/version'
22:30:49.919 [AsyncHttpClient-1-15] DEBUG org.asynchttpclient.netty.handler.HttpHandler - 

Request DefaultFullHttpRequest(decodeResult: success, version: HTTP/1.1, content: EmptyByteBufBE)
GET /json/version HTTP/1.1
User-Agent: selenium/4.8.1 (java windows)
host: localhost:54623
accept: */*

Response DefaultHttpResponse(decodeResult: success, version: HTTP/1.1)
HTTP/1.1 200 OK
Content-Security-Policy: frame-ancestors 'none'
Content-Length: 422
Content-Type: application/json; charset=UTF-8

22:30:49.919 [AsyncHttpClient-1-15] DEBUG org.asynchttpclient.netty.channel.ChannelManager - Adding key: http://localhost:54623 for channel [id: 0xd7ec388c, L:/127.0.0.1:54629 - R:localhost/127.0.0.1:54623]
22:30:49.923 [AsyncHttpClient-1-16] DEBUG org.asynchttpclient.netty.channel.NettyConnectListener - Using new Channel '[id: 0xa763fe22, L:/127.0.0.1:54630 - R:localhost/127.0.0.1:54623]' for 'GET' to '/devtools/browser/d9f42115-cd65-439f-b5fd-22fd4e345275'
22:30:49.926 [AsyncHttpClient-1-16] DEBUG org.asynchttpclient.netty.handler.WebSocketHandler - 

Request DefaultFullHttpRequest(decodeResult: success, version: HTTP/1.1, content: EmptyByteBufBE)
GET /devtools/browser/d9f42115-cd65-439f-b5fd-22fd4e345275 HTTP/1.1
upgrade: websocket
connection: upgrade
sec-websocket-key: K1a2kCnrhhbh+IucIOfbPg==
sec-websocket-version: 13
origin: http://localhost:54623
host: localhost:54623
accept: */*
user-agent: AHC/2.1

Response DefaultHttpResponse(decodeResult: success, version: HTTP/1.1)
HTTP/1.1 101 WebSocket Protocol Handshake
Upgrade: WebSocket
Connection: Upgrade
Sec-WebSocket-Accept: HctLsEhlJ12qEX37OvwtAcGw5QU=

22:30:49.936 [Forwarding get on session 0722fdb5af6c178a3aed75698d9655b8 to remote] DEBUG org.asynchttpclient.netty.request.NettyRequestSender - Using pooled Channel '[id: 0x4720a65d, L:/127.0.0.1:54622 - R:localhost/127.0.0.1:37193]' for 'POST' to 'http://localhost:37193/session/0722fdb5af6c178a3aed75698d9655b8/url'
22:30:49.936 [Forwarding get on session 0722fdb5af6c178a3aed75698d9655b8 to remote] DEBUG org.asynchttpclient.netty.request.NettyRequestSender - Using open Channel [id: 0x4720a65d, L:/127.0.0.1:54622 - R:localhost/127.0.0.1:37193] for POST '/session/0722fdb5af6c178a3aed75698d9655b8/url'
22:30:50.580 [AsyncHttpClient-1-1] DEBUG org.asynchttpclient.netty.channel.DefaultChannelPool - Entry count for : http://localhost:54623 : 1
22:30:51.682 [AsyncHttpClient-1-1] DEBUG org.asynchttpclient.netty.channel.DefaultChannelPool - Entry count for : http://localhost:54623 : 1
22:30:52.781 [AsyncHttpClient-1-1] DEBUG org.asynchttpclient.netty.channel.DefaultChannelPool - Entry count for : http://localhost:54623 : 1
22:30:53.879 [AsyncHttpClient-1-1] DEBUG org.asynchttpclient.netty.channel.DefaultChannelPool - Entry count for : http://localhost:54623 : 1
22:30:54.985 [AsyncHttpClient-1-1] DEBUG org.asynchttpclient.netty.channel.DefaultChannelPool - Entry count for : http://localhost:54623 : 1
22:30:56.081 [AsyncHttpClient-1-1] DEBUG org.asynchttpclient.netty.channel.DefaultChannelPool - Entry count for : http://localhost:54623 : 1
22:30:57.180 [AsyncHttpClient-1-1] DEBUG org.asynchttpclient.netty.channel.DefaultChannelPool - Entry count for : http://localhost:54623 : 1
22:30:58.281 [AsyncHttpClient-1-1] DEBUG org.asynchttpclient.netty.channel.DefaultChannelPool - Entry count for : http://localhost:54623 : 1
22:30:59.379 [AsyncHttpClient-1-1] DEBUG org.asynchttpclient.netty.channel.DefaultChannelPool - Entry count for : http://localhost:54623 : 1
22:31:00.483 [AsyncHttpClient-1-1] DEBUG org.asynchttpclient.netty.channel.DefaultChannelPool - Entry count for : http://localhost:54623 : 1
22:31:01.584 [AsyncHttpClient-1-1] DEBUG org.asynchttpclient.netty.channel.DefaultChannelPool - Entry count for : http://localhost:54623 : 1
22:31:02.680 [AsyncHttpClient-1-1] DEBUG org.asynchttpclient.netty.channel.DefaultChannelPool - Entry count for : http://localhost:54623 : 1
22:31:03.550 [AsyncHttpClient-1-14] DEBUG org.asynchttpclient.netty.handler.HttpHandler - 

Request DefaultHttpRequest(decodeResult: success, version: HTTP/1.1)
POST /session/0722fdb5af6c178a3aed75698d9655b8/url HTTP/1.1
User-Agent: selenium/4.8.1 (java windows)
Content-Length: 54
Content-Type: application/json; charset=utf-8
host: localhost:37193
accept: */*

Response DefaultHttpResponse(decodeResult: success, version: HTTP/1.1)
HTTP/1.1 200 OK
Content-Length: 14
Content-Type: application/json; charset=utf-8
cache-control: no-cache

22:31:03.551 [AsyncHttpClient-1-14] DEBUG org.asynchttpclient.netty.channel.ChannelManager - Adding key: http://localhost:37193 for channel [id: 0x4720a65d, L:/127.0.0.1:54622 - R:localhost/127.0.0.1:37193]
22:31:03.553 [Forwarding setTimeout on session 0722fdb5af6c178a3aed75698d9655b8 to remote] DEBUG org.asynchttpclient.netty.request.NettyRequestSender - Using pooled Channel '[id: 0x4720a65d, L:/127.0.0.1:54622 - R:localhost/127.0.0.1:37193]' for 'POST' to 'http://localhost:37193/session/0722fdb5af6c178a3aed75698d9655b8/timeouts'
22:31:03.553 [Forwarding setTimeout on session 0722fdb5af6c178a3aed75698d9655b8 to remote] DEBUG org.asynchttpclient.netty.request.NettyRequestSender - Using open Channel [id: 0x4720a65d, L:/127.0.0.1:54622 - R:localhost/127.0.0.1:37193] for POST '/session/0722fdb5af6c178a3aed75698d9655b8/timeouts'
22:31:03.556 [AsyncHttpClient-1-14] DEBUG org.asynchttpclient.netty.handler.HttpHandler - 

Request DefaultHttpRequest(decodeResult: success, version: HTTP/1.1)
POST /session/0722fdb5af6c178a3aed75698d9655b8/timeouts HTTP/1.1
User-Agent: selenium/4.8.1 (java windows)
Content-Length: 22
Content-Type: application/json; charset=utf-8
host: localhost:37193
accept: */*

Response DefaultHttpResponse(decodeResult: success, version: HTTP/1.1)
HTTP/1.1 200 OK
Content-Length: 14
Content-Type: application/json; charset=utf-8
cache-control: no-cache

22:31:03.557 [AsyncHttpClient-1-14] DEBUG org.asynchttpclient.netty.channel.ChannelManager - Adding key: http://localhost:37193 for channel [id: 0x4720a65d, L:/127.0.0.1:54622 - R:localhost/127.0.0.1:37193]
22:31:03.567 [main] DEBUG net.serenitybdd.core.photography.Darkroom - Opening darkroom
22:31:03.568 [Darkroom Processing Line] DEBUG net.serenitybdd.core.photography.DarkroomProcessingLine - Darkroom processing line starting up
22:31:03.570 [Forwarding getAlertText on session 0722fdb5af6c178a3aed75698d9655b8 to remote] DEBUG org.asynchttpclient.netty.request.NettyRequestSender - Using pooled Channel '[id: 0x4720a65d, L:/127.0.0.1:54622 - R:localhost/127.0.0.1:37193]' for 'GET' to 'http://localhost:37193/session/0722fdb5af6c178a3aed75698d9655b8/alert/text'
22:31:03.570 [Forwarding getAlertText on session 0722fdb5af6c178a3aed75698d9655b8 to remote] DEBUG org.asynchttpclient.netty.request.NettyRequestSender - Using open Channel [id: 0x4720a65d, L:/127.0.0.1:54622 - R:localhost/127.0.0.1:37193] for GET '/session/0722fdb5af6c178a3aed75698d9655b8/alert/text'
22:31:03.572 [AsyncHttpClient-1-14] DEBUG org.asynchttpclient.netty.handler.HttpHandler - 

Request DefaultFullHttpRequest(decodeResult: success, version: HTTP/1.1, content: EmptyByteBufBE)
GET /session/0722fdb5af6c178a3aed75698d9655b8/alert/text HTTP/1.1
User-Agent: selenium/4.8.1 (java windows)
Cache-Control: no-cache
Content-Type: application/json; charset=utf-8
host: localhost:37193
accept: */*

Response DefaultHttpResponse(decodeResult: success, version: HTTP/1.1)
HTTP/1.1 404 Not Found
Content-Length: 835
Content-Type: application/json; charset=utf-8
cache-control: no-cache

22:31:03.573 [AsyncHttpClient-1-14] DEBUG org.asynchttpclient.netty.channel.ChannelManager - Adding key: http://localhost:37193 for channel [id: 0x4720a65d, L:/127.0.0.1:54622 - R:localhost/127.0.0.1:37193]
22:31:03.574 [Forwarding getCurrentUrl on session 0722fdb5af6c178a3aed75698d9655b8 to remote] DEBUG org.asynchttpclient.netty.request.NettyRequestSender - Using pooled Channel '[id: 0x4720a65d, L:/127.0.0.1:54622 - R:localhost/127.0.0.1:37193]' for 'GET' to 'http://localhost:37193/session/0722fdb5af6c178a3aed75698d9655b8/url'
22:31:03.574 [Forwarding getCurrentUrl on session 0722fdb5af6c178a3aed75698d9655b8 to remote] DEBUG org.asynchttpclient.netty.request.NettyRequestSender - Using open Channel [id: 0x4720a65d, L:/127.0.0.1:54622 - R:localhost/127.0.0.1:37193] for GET '/session/0722fdb5af6c178a3aed75698d9655b8/url'
22:31:03.585 [AsyncHttpClient-1-14] DEBUG org.asynchttpclient.netty.handler.HttpHandler - 

Request DefaultFullHttpRequest(decodeResult: success, version: HTTP/1.1, content: EmptyByteBufBE)
GET /session/0722fdb5af6c178a3aed75698d9655b8/url HTTP/1.1
User-Agent: selenium/4.8.1 (java windows)
Cache-Control: no-cache
Content-Type: application/json; charset=utf-8
host: localhost:37193
accept: */*

Response DefaultHttpResponse(decodeResult: success, version: HTTP/1.1)
HTTP/1.1 200 OK
Content-Length: 36
Content-Type: application/json; charset=utf-8
cache-control: no-cache

22:31:03.585 [AsyncHttpClient-1-14] DEBUG org.asynchttpclient.netty.channel.ChannelManager - Adding key: http://localhost:37193 for channel [id: 0x4720a65d, L:/127.0.0.1:54622 - R:localhost/127.0.0.1:37193]
22:31:03.586 [Forwarding screenshot on session 0722fdb5af6c178a3aed75698d9655b8 to remote] DEBUG org.asynchttpclient.netty.request.NettyRequestSender - Using pooled Channel '[id: 0x4720a65d, L:/127.0.0.1:54622 - R:localhost/127.0.0.1:37193]' for 'GET' to 'http://localhost:37193/session/0722fdb5af6c178a3aed75698d9655b8/screenshot'
22:31:03.587 [Forwarding screenshot on session 0722fdb5af6c178a3aed75698d9655b8 to remote] DEBUG org.asynchttpclient.netty.request.NettyRequestSender - Using open Channel [id: 0x4720a65d, L:/127.0.0.1:54622 - R:localhost/127.0.0.1:37193] for GET '/session/0722fdb5af6c178a3aed75698d9655b8/screenshot'
22:31:03.780 [AsyncHttpClient-1-1] DEBUG org.asynchttpclient.netty.channel.DefaultChannelPool - Entry count for : http://localhost:54623 : 1
22:31:03.986 [AsyncHttpClient-1-14] DEBUG org.asynchttpclient.netty.handler.HttpHandler - 

Request DefaultFullHttpRequest(decodeResult: success, version: HTTP/1.1, content: EmptyByteBufBE)
GET /session/0722fdb5af6c178a3aed75698d9655b8/screenshot HTTP/1.1
User-Agent: selenium/4.8.1 (java windows)
Cache-Control: no-cache
Content-Type: application/json; charset=utf-8
host: localhost:37193
accept: */*

Response DefaultHttpResponse(decodeResult: success, version: HTTP/1.1)
HTTP/1.1 200 OK
Content-Length: 513748
Content-Type: application/json; charset=utf-8
cache-control: no-cache

22:31:03.987 [AsyncHttpClient-1-14] DEBUG org.asynchttpclient.netty.channel.ChannelManager - Adding key: http://localhost:37193 for channel [id: 0x4720a65d, L:/127.0.0.1:54622 - R:localhost/127.0.0.1:37193]
22:31:04.006 [main] DEBUG net.serenitybdd.core.photography.Darkroom - Send negative for processing for target\site\serenity\b9e0ed013f1924b0cccf2151b12a98d3ab5d7462b6d7d76e7a06953c4e8ec31c.png
22:31:04.007 [main] DEBUG net.thucydides.core.steps.StepInterceptor - STEP DONE: openPage
  &amp#27;[32mGiven &amp#27;[0m&amp#27;[32mI am on the home page&amp#27;[0m                                   &amp#27;[90m# starter.stepdefintions.SelectProductSteps.onTheHomePage()&amp#27;[0m
22:31:04.007 [Darkroom Processing Line] DEBUG net.serenitybdd.core.photography.DarkroomProcessingLine - Processing screenshot image in /var/screenshots/screenshot-13238390086170064932
22:31:04.007 [Darkroom Processing Line] DEBUG net.serenitybdd.core.photography.DarkroomProcessingLine - Saving screenshot to target\site\serenity\b9e0ed013f1924b0cccf2151b12a98d3ab5d7462b6d7d76e7a06953c4e8ec31c.png
22:31:04.029 [Forwarding getPageSource on session 0722fdb5af6c178a3aed75698d9655b8 to remote] DEBUG org.asynchttpclient.netty.request.NettyRequestSender - Using pooled Channel '[id: 0x4720a65d, L:/127.0.0.1:54622 - R:localhost/127.0.0.1:37193]' for 'POST' to 'http://localhost:37193/session/0722fdb5af6c178a3aed75698d9655b8/execute/sync'
22:31:04.029 [Forwarding getPageSource on session 0722fdb5af6c178a3aed75698d9655b8 to remote] DEBUG org.asynchttpclient.netty.request.NettyRequestSender - Using open Channel [id: 0x4720a65d, L:/127.0.0.1:54622 - R:localhost/127.0.0.1:37193] for POST '/session/0722fdb5af6c178a3aed75698d9655b8/execute/sync'
22:31:04.083 [AsyncHttpClient-1-14] DEBUG org.asynchttpclient.netty.handler.HttpHandler - 

Request DefaultHttpRequest(decodeResult: success, version: HTTP/1.1)
POST /session/0722fdb5af6c178a3aed75698d9655b8/execute/sync HTTP/1.1
User-Agent: selenium/4.8.1 (java windows)
Content-Length: 176
Content-Type: application/json; charset=utf-8
host: localhost:37193
accept: */*

Response DefaultHttpResponse(decodeResult: success, version: HTTP/1.1)
HTTP/1.1 200 OK
Content-Length: 174763
Content-Type: application/json; charset=utf-8
cache-control: no-cache

22:31:04.083 [AsyncHttpClient-1-14] DEBUG org.asynchttpclient.netty.channel.ChannelManager - Adding key: http://localhost:37193 for channel [id: 0x4720a65d, L:/127.0.0.1:54622 - R:localhost/127.0.0.1:37193]
22:31:04.102 [Forwarding getCurrentUrl on session 0722fdb5af6c178a3aed75698d9655b8 to remote] DEBUG org.asynchttpclient.netty.request.NettyRequestSender - Using pooled Channel '[id: 0x4720a65d, L:/127.0.0.1:54622 - R:localhost/127.0.0.1:37193]' for 'GET' to 'http://localhost:37193/session/0722fdb5af6c178a3aed75698d9655b8/url'
22:31:04.102 [Forwarding getCurrentUrl on session 0722fdb5af6c178a3aed75698d9655b8 to remote] DEBUG org.asynchttpclient.netty.request.NettyRequestSender - Using open Channel [id: 0x4720a65d, L:/127.0.0.1:54622 - R:localhost/127.0.0.1:37193] for GET '/session/0722fdb5af6c178a3aed75698d9655b8/url'
22:31:04.107 [AsyncHttpClient-1-14] DEBUG org.asynchttpclient.netty.handler.HttpHandler - 

Request DefaultFullHttpRequest(decodeResult: success, version: HTTP/1.1, content: EmptyByteBufBE)
GET /session/0722fdb5af6c178a3aed75698d9655b8/url HTTP/1.1
User-Agent: selenium/4.8.1 (java windows)
Cache-Control: no-cache
Content-Type: application/json; charset=utf-8
host: localhost:37193
accept: */*

Response DefaultHttpResponse(decodeResult: success, version: HTTP/1.1)
HTTP/1.1 200 OK
Content-Length: 36
Content-Type: application/json; charset=utf-8
cache-control: no-cache

22:31:04.108 [AsyncHttpClient-1-14] DEBUG org.asynchttpclient.netty.channel.ChannelManager - Adding key: http://localhost:37193 for channel [id: 0x4720a65d, L:/127.0.0.1:54622 - R:localhost/127.0.0.1:37193]
22:31:04.124 [Forwarding getAlertText on session 0722fdb5af6c178a3aed75698d9655b8 to remote] DEBUG org.asynchttpclient.netty.request.NettyRequestSender - Using pooled Channel '[id: 0x4720a65d, L:/127.0.0.1:54622 - R:localhost/127.0.0.1:37193]' for 'GET' to 'http://localhost:37193/session/0722fdb5af6c178a3aed75698d9655b8/alert/text'
22:31:04.124 [Forwarding getAlertText on session 0722fdb5af6c178a3aed75698d9655b8 to remote] DEBUG org.asynchttpclient.netty.request.NettyRequestSender - Using open Channel [id: 0x4720a65d, L:/127.0.0.1:54622 - R:localhost/127.0.0.1:37193] for GET '/session/0722fdb5af6c178a3aed75698d9655b8/alert/text'
22:31:04.126 [AsyncHttpClient-1-14] DEBUG org.asynchttpclient.netty.handler.HttpHandler - 

Request DefaultFullHttpRequest(decodeResult: success, version: HTTP/1.1, content: EmptyByteBufBE)
GET /session/0722fdb5af6c178a3aed75698d9655b8/alert/text HTTP/1.1
User-Agent: selenium/4.8.1 (java windows)
Cache-Control: no-cache
Content-Type: application/json; charset=utf-8
host: localhost:37193
accept: */*

Response DefaultHttpResponse(decodeResult: success, version: HTTP/1.1)
HTTP/1.1 404 Not Found
Content-Length: 835
Content-Type: application/json; charset=utf-8
cache-control: no-cache

22:31:04.127 [AsyncHttpClient-1-14] DEBUG org.asynchttpclient.netty.channel.ChannelManager - Adding key: http://localhost:37193 for channel [id: 0x4720a65d, L:/127.0.0.1:54622 - R:localhost/127.0.0.1:37193]
22:31:04.128 [Forwarding getCurrentUrl on session 0722fdb5af6c178a3aed75698d9655b8 to remote] DEBUG org.asynchttpclient.netty.request.NettyRequestSender - Using pooled Channel '[id: 0x4720a65d, L:/127.0.0.1:54622 - R:localhost/127.0.0.1:37193]' for 'GET' to 'http://localhost:37193/session/0722fdb5af6c178a3aed75698d9655b8/url'
22:31:04.128 [Forwarding getCurrentUrl on session 0722fdb5af6c178a3aed75698d9655b8 to remote] DEBUG org.asynchttpclient.netty.request.NettyRequestSender - Using open Channel [id: 0x4720a65d, L:/127.0.0.1:54622 - R:localhost/127.0.0.1:37193] for GET '/session/0722fdb5af6c178a3aed75698d9655b8/url'
22:31:04.134 [AsyncHttpClient-1-14] DEBUG org.asynchttpclient.netty.handler.HttpHandler - 

Request DefaultFullHttpRequest(decodeResult: success, version: HTTP/1.1, content: EmptyByteBufBE)
GET /session/0722fdb5af6c178a3aed75698d9655b8/url HTTP/1.1
User-Agent: selenium/4.8.1 (java windows)
Cache-Control: no-cache
Content-Type: application/json; charset=utf-8
host: localhost:37193
accept: */*

Response DefaultHttpResponse(decodeResult: success, version: HTTP/1.1)
HTTP/1.1 200 OK
Content-Length: 36
Content-Type: application/json; charset=utf-8
cache-control: no-cache

22:31:04.134 [AsyncHttpClient-1-14] DEBUG org.asynchttpclient.netty.channel.ChannelManager - Adding key: http://localhost:37193 for channel [id: 0x4720a65d, L:/127.0.0.1:54622 - R:localhost/127.0.0.1:37193]
22:31:04.135 [Forwarding screenshot on session 0722fdb5af6c178a3aed75698d9655b8 to remote] DEBUG org.asynchttpclient.netty.request.NettyRequestSender - Using pooled Channel '[id: 0x4720a65d, L:/127.0.0.1:54622 - R:localhost/127.0.0.1:37193]' for 'GET' to 'http://localhost:37193/session/0722fdb5af6c178a3aed75698d9655b8/screenshot'
22:31:04.135 [Forwarding screenshot on session 0722fdb5af6c178a3aed75698d9655b8 to remote] DEBUG org.asynchttpclient.netty.request.NettyRequestSender - Using open Channel [id: 0x4720a65d, L:/127.0.0.1:54622 - R:localhost/127.0.0.1:37193] for GET '/session/0722fdb5af6c178a3aed75698d9655b8/screenshot'
22:31:04.497 [AsyncHttpClient-1-14] DEBUG org.asynchttpclient.netty.handler.HttpHandler - 

Request DefaultFullHttpRequest(decodeResult: success, version: HTTP/1.1, content: EmptyByteBufBE)
GET /session/0722fdb5af6c178a3aed75698d9655b8/screenshot HTTP/1.1
User-Agent: selenium/4.8.1 (java windows)
Cache-Control: no-cache
Content-Type: application/json; charset=utf-8
host: localhost:37193
accept: */*

Response DefaultHttpResponse(decodeResult: success, version: HTTP/1.1)
HTTP/1.1 200 OK
Content-Length: 513748
Content-Type: application/json; charset=utf-8
cache-control: no-cache

22:31:04.498 [AsyncHttpClient-1-14] DEBUG org.asynchttpclient.netty.channel.ChannelManager - Adding key: http://localhost:37193 for channel [id: 0x4720a65d, L:/127.0.0.1:54622 - R:localhost/127.0.0.1:37193]
22:31:04.519 [main] DEBUG net.serenitybdd.core.photography.Darkroom - Send negative for processing for target\site\serenity\b9e0ed013f1924b0cccf2151b12a98d3ab5d7462b6d7d76e7a06953c4e8ec31c.png
22:31:04.521 [Forwarding getPageSource on session 0722fdb5af6c178a3aed75698d9655b8 to remote] DEBUG org.asynchttpclient.netty.request.NettyRequestSender - Using pooled Channel '[id: 0x4720a65d, L:/127.0.0.1:54622 - R:localhost/127.0.0.1:37193]' for 'POST' to 'http://localhost:37193/session/0722fdb5af6c178a3aed75698d9655b8/execute/sync'
22:31:04.521 [Forwarding getPageSource on session 0722fdb5af6c178a3aed75698d9655b8 to remote] DEBUG org.asynchttpclient.netty.request.NettyRequestSender - Using open Channel [id: 0x4720a65d, L:/127.0.0.1:54622 - R:localhost/127.0.0.1:37193] for POST '/session/0722fdb5af6c178a3aed75698d9655b8/execute/sync'
22:31:04.553 [AsyncHttpClient-1-14] DEBUG org.asynchttpclient.netty.handler.HttpHandler - 

Request DefaultHttpRequest(decodeResult: success, version: HTTP/1.1)
POST /session/0722fdb5af6c178a3aed75698d9655b8/execute/sync HTTP/1.1
User-Agent: selenium/4.8.1 (java windows)
Content-Length: 176
Content-Type: application/json; charset=utf-8
host: localhost:37193
accept: */*

Response DefaultHttpResponse(decodeResult: success, version: HTTP/1.1)
HTTP/1.1 200 OK
Content-Length: 174763
Content-Type: application/json; charset=utf-8
cache-control: no-cache

22:31:04.557 [AsyncHttpClient-1-14] DEBUG org.asynchttpclient.netty.channel.ChannelManager - Adding key: http://localhost:37193 for channel [id: 0x4720a65d, L:/127.0.0.1:54622 - R:localhost/127.0.0.1:37193]
22:31:04.586 [Forwarding getCurrentUrl on session 0722fdb5af6c178a3aed75698d9655b8 to remote] DEBUG org.asynchttpclient.netty.request.NettyRequestSender - Using pooled Channel '[id: 0x4720a65d, L:/127.0.0.1:54622 - R:localhost/127.0.0.1:37193]' for 'GET' to 'http://localhost:37193/session/0722fdb5af6c178a3aed75698d9655b8/url'
22:31:04.586 [Forwarding getCurrentUrl on session 0722fdb5af6c178a3aed75698d9655b8 to remote] DEBUG org.asynchttpclient.netty.request.NettyRequestSender - Using open Channel [id: 0x4720a65d, L:/127.0.0.1:54622 - R:localhost/127.0.0.1:37193] for GET '/session/0722fdb5af6c178a3aed75698d9655b8/url'
22:31:04.593 [AsyncHttpClient-1-14] DEBUG org.asynchttpclient.netty.handler.HttpHandler - 

Request DefaultFullHttpRequest(decodeResult: success, version: HTTP/1.1, content: EmptyByteBufBE)
GET /session/0722fdb5af6c178a3aed75698d9655b8/url HTTP/1.1
User-Agent: selenium/4.8.1 (java windows)
Cache-Control: no-cache
Content-Type: application/json; charset=utf-8
host: localhost:37193
accept: */*

Response DefaultHttpResponse(decodeResult: success, version: HTTP/1.1)
HTTP/1.1 200 OK
Content-Length: 36
Content-Type: application/json; charset=utf-8
cache-control: no-cache

22:31:04.593 [AsyncHttpClient-1-14] DEBUG org.asynchttpclient.netty.channel.ChannelManager - Adding key: http://localhost:37193 for channel [id: 0x4720a65d, L:/127.0.0.1:54622 - R:localhost/127.0.0.1:37193]
22:31:04.598 [main] DEBUG net.thucydides.core.steps.StepInterceptor - STARTING STEP: SelectProductSteps.clickListrikPLN - clickProductItem
22:31:04.602 [Forwarding findElement on session 0722fdb5af6c178a3aed75698d9655b8 to remote] DEBUG org.asynchttpclient.netty.request.NettyRequestSender - Using pooled Channel '[id: 0x4720a65d, L:/127.0.0.1:54622 - R:localhost/127.0.0.1:37193]' for 'POST' to 'http://localhost:37193/session/0722fdb5af6c178a3aed75698d9655b8/element'
22:31:04.602 [Forwarding findElement on session 0722fdb5af6c178a3aed75698d9655b8 to remote] DEBUG org.asynchttpclient.netty.request.NettyRequestSender - Using open Channel [id: 0x4720a65d, L:/127.0.0.1:54622 - R:localhost/127.0.0.1:37193] for POST '/session/0722fdb5af6c178a3aed75698d9655b8/element'
22:31:04.626 [AsyncHttpClient-1-14] DEBUG org.asynchttpclient.netty.handler.HttpHandler - 

Request DefaultHttpRequest(decodeResult: success, version: HTTP/1.1)
POST /session/0722fdb5af6c178a3aed75698d9655b8/element HTTP/1.1
User-Agent: selenium/4.8.1 (java windows)
Content-Length: 59
Content-Type: application/json; charset=utf-8
host: localhost:37193
accept: */*

Response DefaultHttpResponse(decodeResult: success, version: HTTP/1.1)
HTTP/1.1 200 OK
Content-Length: 88
Content-Type: application/json; charset=utf-8
cache-control: no-cache

22:31:04.626 [AsyncHttpClient-1-14] DEBUG org.asynchttpclient.netty.channel.ChannelManager - Adding key: http://localhost:37193 for channel [id: 0x4720a65d, L:/127.0.0.1:54622 - R:localhost/127.0.0.1:37193]
22:31:04.630 [Forwarding getElementTagName on session 0722fdb5af6c178a3aed75698d9655b8 to remote] DEBUG org.asynchttpclient.netty.request.NettyRequestSender - Using pooled Channel '[id: 0x4720a65d, L:/127.0.0.1:54622 - R:localhost/127.0.0.1:37193]' for 'GET' to 'http://localhost:37193/session/0722fdb5af6c178a3aed75698d9655b8/element/e17122ff-0eff-4b2f-9829-7aa3a9c734a9/name'
22:31:04.630 [Forwarding getElementTagName on session 0722fdb5af6c178a3aed75698d9655b8 to remote] DEBUG org.asynchttpclient.netty.request.NettyRequestSender - Using open Channel [id: 0x4720a65d, L:/127.0.0.1:54622 - R:localhost/127.0.0.1:37193] for GET '/session/0722fdb5af6c178a3aed75698d9655b8/element/e17122ff-0eff-4b2f-9829-7aa3a9c734a9/name'
22:31:04.647 [AsyncHttpClient-1-14] DEBUG org.asynchttpclient.netty.handler.HttpHandler - 

Request DefaultFullHttpRequest(decodeResult: success, version: HTTP/1.1, content: EmptyByteBufBE)
GET /session/0722fdb5af6c178a3aed75698d9655b8/element/e17122ff-0eff-4b2f-9829-7aa3a9c734a9/name HTTP/1.1
User-Agent: selenium/4.8.1 (java windows)
Cache-Control: no-cache
Content-Type: application/json; charset=utf-8
host: localhost:37193
accept: */*

Response DefaultHttpResponse(decodeResult: success, version: HTTP/1.1)
HTTP/1.1 200 OK
Content-Length: 15
Content-Type: application/json; charset=utf-8
cache-control: no-cache

22:31:04.648 [AsyncHttpClient-1-14] DEBUG org.asynchttpclient.netty.channel.ChannelManager - Adding key: http://localhost:37193 for channel [id: 0x4720a65d, L:/127.0.0.1:54622 - R:localhost/127.0.0.1:37193]
22:31:04.651 [Forwarding getElementTagName on session 0722fdb5af6c178a3aed75698d9655b8 to remote] DEBUG org.asynchttpclient.netty.request.NettyRequestSender - Using pooled Channel '[id: 0x4720a65d, L:/127.0.0.1:54622 - R:localhost/127.0.0.1:37193]' for 'GET' to 'http://localhost:37193/session/0722fdb5af6c178a3aed75698d9655b8/element/e17122ff-0eff-4b2f-9829-7aa3a9c734a9/name'
22:31:04.651 [Forwarding getElementTagName on session 0722fdb5af6c178a3aed75698d9655b8 to remote] DEBUG org.asynchttpclient.netty.request.NettyRequestSender - Using open Channel [id: 0x4720a65d, L:/127.0.0.1:54622 - R:localhost/127.0.0.1:37193] for GET '/session/0722fdb5af6c178a3aed75698d9655b8/element/e17122ff-0eff-4b2f-9829-7aa3a9c734a9/name'
22:31:04.658 [AsyncHttpClient-1-14] DEBUG org.asynchttpclient.netty.handler.HttpHandler - 

Request DefaultFullHttpRequest(decodeResult: success, version: HTTP/1.1, content: EmptyByteBufBE)
GET /session/0722fdb5af6c178a3aed75698d9655b8/element/e17122ff-0eff-4b2f-9829-7aa3a9c734a9/name HTTP/1.1
User-Agent: selenium/4.8.1 (java windows)
Cache-Control: no-cache
Content-Type: application/json; charset=utf-8
host: localhost:37193
accept: */*

Response DefaultHttpResponse(decodeResult: success, version: HTTP/1.1)
HTTP/1.1 200 OK
Content-Length: 15
Content-Type: application/json; charset=utf-8
cache-control: no-cache

22:31:04.659 [AsyncHttpClient-1-14] DEBUG org.asynchttpclient.netty.channel.ChannelManager - Adding key: http://localhost:37193 for channel [id: 0x4720a65d, L:/127.0.0.1:54622 - R:localhost/127.0.0.1:37193]
22:31:04.663 [Forwarding findElement on session 0722fdb5af6c178a3aed75698d9655b8 to remote] DEBUG org.asynchttpclient.netty.request.NettyRequestSender - Using pooled Channel '[id: 0x4720a65d, L:/127.0.0.1:54622 - R:localhost/127.0.0.1:37193]' for 'POST' to 'http://localhost:37193/session/0722fdb5af6c178a3aed75698d9655b8/element'
22:31:04.663 [Forwarding findElement on session 0722fdb5af6c178a3aed75698d9655b8 to remote] DEBUG org.asynchttpclient.netty.request.NettyRequestSender - Using open Channel [id: 0x4720a65d, L:/127.0.0.1:54622 - R:localhost/127.0.0.1:37193] for POST '/session/0722fdb5af6c178a3aed75698d9655b8/element'
22:31:04.675 [AsyncHttpClient-1-14] DEBUG org.asynchttpclient.netty.handler.HttpHandler - 

Request DefaultHttpRequest(decodeResult: success, version: HTTP/1.1)
POST /session/0722fdb5af6c178a3aed75698d9655b8/element HTTP/1.1
User-Agent: selenium/4.8.1 (java windows)
Content-Length: 59
Content-Type: application/json; charset=utf-8
host: localhost:37193
accept: */*

Response DefaultHttpResponse(decodeResult: success, version: HTTP/1.1)
HTTP/1.1 200 OK
Content-Length: 88
Content-Type: application/json; charset=utf-8
cache-control: no-cache

22:31:04.675 [AsyncHttpClient-1-14] DEBUG org.asynchttpclient.netty.channel.ChannelManager - Adding key: http://localhost:37193 for channel [id: 0x4720a65d, L:/127.0.0.1:54622 - R:localhost/127.0.0.1:37193]
22:31:04.678 [Forwarding clickElement on session 0722fdb5af6c178a3aed75698d9655b8 to remote] DEBUG org.asynchttpclient.netty.request.NettyRequestSender - Using pooled Channel '[id: 0x4720a65d, L:/127.0.0.1:54622 - R:localhost/127.0.0.1:37193]' for 'POST' to 'http://localhost:37193/session/0722fdb5af6c178a3aed75698d9655b8/element/e17122ff-0eff-4b2f-9829-7aa3a9c734a9/click'
22:31:04.678 [Forwarding clickElement on session 0722fdb5af6c178a3aed75698d9655b8 to remote] DEBUG org.asynchttpclient.netty.request.NettyRequestSender - Using open Channel [id: 0x4720a65d, L:/127.0.0.1:54622 - R:localhost/127.0.0.1:37193] for POST '/session/0722fdb5af6c178a3aed75698d9655b8/element/e17122ff-0eff-4b2f-9829-7aa3a9c734a9/click'
22:31:04.788 [AsyncHttpClient-1-14] DEBUG org.asynchttpclient.netty.handler.HttpHandler - 

Request DefaultHttpRequest(decodeResult: success, version: HTTP/1.1)
POST /session/0722fdb5af6c178a3aed75698d9655b8/element/e17122ff-0eff-4b2f-9829-7aa3a9c734a9/click HTTP/1.1
User-Agent: selenium/4.8.1 (java windows)
Content-Length: 50
Content-Type: application/json; charset=utf-8
host: localhost:37193
accept: */*

Response DefaultHttpResponse(decodeResult: success, version: HTTP/1.1)
HTTP/1.1 200 OK
Content-Length: 14
Content-Type: application/json; charset=utf-8
cache-control: no-cache

22:31:04.788 [AsyncHttpClient-1-14] DEBUG org.asynchttpclient.netty.channel.ChannelManager - Adding key: http://localhost:37193 for channel [id: 0x4720a65d, L:/127.0.0.1:54622 - R:localhost/127.0.0.1:37193]
22:31:04.806 [Forwarding getAlertText on session 0722fdb5af6c178a3aed75698d9655b8 to remote] DEBUG org.asynchttpclient.netty.request.NettyRequestSender - Using pooled Channel '[id: 0x4720a65d, L:/127.0.0.1:54622 - R:localhost/127.0.0.1:37193]' for 'GET' to 'http://localhost:37193/session/0722fdb5af6c178a3aed75698d9655b8/alert/text'
22:31:04.806 [Forwarding getAlertText on session 0722fdb5af6c178a3aed75698d9655b8 to remote] DEBUG org.asynchttpclient.netty.request.NettyRequestSender - Using open Channel [id: 0x4720a65d, L:/127.0.0.1:54622 - R:localhost/127.0.0.1:37193] for GET '/session/0722fdb5af6c178a3aed75698d9655b8/alert/text'
22:31:04.886 [AsyncHttpClient-1-1] DEBUG org.asynchttpclient.netty.channel.DefaultChannelPool - Entry count for : http://localhost:54623 : 1
22:31:04.963 [AsyncHttpClient-1-14] DEBUG org.asynchttpclient.netty.handler.HttpHandler - 

Request DefaultFullHttpRequest(decodeResult: success, version: HTTP/1.1, content: EmptyByteBufBE)
GET /session/0722fdb5af6c178a3aed75698d9655b8/alert/text HTTP/1.1
User-Agent: selenium/4.8.1 (java windows)
Cache-Control: no-cache
Content-Type: application/json; charset=utf-8
host: localhost:37193
accept: */*

Response DefaultHttpResponse(decodeResult: success, version: HTTP/1.1)
HTTP/1.1 404 Not Found
Content-Length: 835
Content-Type: application/json; charset=utf-8
cache-control: no-cache

22:31:04.963 [AsyncHttpClient-1-14] DEBUG org.asynchttpclient.netty.channel.ChannelManager - Adding key: http://localhost:37193 for channel [id: 0x4720a65d, L:/127.0.0.1:54622 - R:localhost/127.0.0.1:37193]
22:31:04.966 [Forwarding getCurrentUrl on session 0722fdb5af6c178a3aed75698d9655b8 to remote] DEBUG org.asynchttpclient.netty.request.NettyRequestSender - Using pooled Channel '[id: 0x4720a65d, L:/127.0.0.1:54622 - R:localhost/127.0.0.1:37193]' for 'GET' to 'http://localhost:37193/session/0722fdb5af6c178a3aed75698d9655b8/url'
22:31:04.966 [Forwarding getCurrentUrl on session 0722fdb5af6c178a3aed75698d9655b8 to remote] DEBUG org.asynchttpclient.netty.request.NettyRequestSender - Using open Channel [id: 0x4720a65d, L:/127.0.0.1:54622 - R:localhost/127.0.0.1:37193] for GET '/session/0722fdb5af6c178a3aed75698d9655b8/url'
22:31:04.985 [AsyncHttpClient-1-14] DEBUG org.asynchttpclient.netty.handler.HttpHandler - 

Request DefaultFullHttpRequest(decodeResult: success, version: HTTP/1.1, content: EmptyByteBufBE)
GET /session/0722fdb5af6c178a3aed75698d9655b8/url HTTP/1.1
User-Agent: selenium/4.8.1 (java windows)
Cache-Control: no-cache
Content-Type: application/json; charset=utf-8
host: localhost:37193
accept: */*

Response DefaultHttpResponse(decodeResult: success, version: HTTP/1.1)
HTTP/1.1 200 OK
Content-Length: 51
Content-Type: application/json; charset=utf-8
cache-control: no-cache

22:31:04.985 [AsyncHttpClient-1-14] DEBUG org.asynchttpclient.netty.channel.ChannelManager - Adding key: http://localhost:37193 for channel [id: 0x4720a65d, L:/127.0.0.1:54622 - R:localhost/127.0.0.1:37193]
22:31:04.988 [Forwarding screenshot on session 0722fdb5af6c178a3aed75698d9655b8 to remote] DEBUG org.asynchttpclient.netty.request.NettyRequestSender - Using pooled Channel '[id: 0x4720a65d, L:/127.0.0.1:54622 - R:localhost/127.0.0.1:37193]' for 'GET' to 'http://localhost:37193/session/0722fdb5af6c178a3aed75698d9655b8/screenshot'
22:31:04.988 [Forwarding screenshot on session 0722fdb5af6c178a3aed75698d9655b8 to remote] DEBUG org.asynchttpclient.netty.request.NettyRequestSender - Using open Channel [id: 0x4720a65d, L:/127.0.0.1:54622 - R:localhost/127.0.0.1:37193] for GET '/session/0722fdb5af6c178a3aed75698d9655b8/screenshot'
22:31:05.407 [AsyncHttpClient-1-14] DEBUG org.asynchttpclient.netty.handler.HttpHandler - 

Request DefaultFullHttpRequest(decodeResult: success, version: HTTP/1.1, content: EmptyByteBufBE)
GET /session/0722fdb5af6c178a3aed75698d9655b8/screenshot HTTP/1.1
User-Agent: selenium/4.8.1 (java windows)
Cache-Control: no-cache
Content-Type: application/json; charset=utf-8
host: localhost:37193
accept: */*

Response DefaultHttpResponse(decodeResult: success, version: HTTP/1.1)
HTTP/1.1 200 OK
Content-Length: 230124
Content-Type: application/json; charset=utf-8
cache-control: no-cache

22:31:05.408 [AsyncHttpClient-1-14] DEBUG org.asynchttpclient.netty.channel.ChannelManager - Adding key: http://localhost:37193 for channel [id: 0x4720a65d, L:/127.0.0.1:54622 - R:localhost/127.0.0.1:37193]
22:31:05.419 [main] DEBUG net.serenitybdd.core.photography.Darkroom - Send negative for processing for target\site\serenity\afdfd134018c7bd46e64fc9f3f0b03ab9fd258ee61e0685be12ecf8c34efd327.png
22:31:05.420 [main] DEBUG net.thucydides.core.steps.StepInterceptor - STEP DONE: clickProductItem
  &amp#27;[32mWhen &amp#27;[0m&amp#27;[32mI click Listrik PLN product&amp#27;[0m                              &amp#27;[90m# starter.stepdefintions.SelectProductSteps.clickListrikPLN()&amp#27;[0m
22:31:05.441 [Forwarding getPageSource on session 0722fdb5af6c178a3aed75698d9655b8 to remote] DEBUG org.asynchttpclient.netty.request.NettyRequestSender - Using pooled Channel '[id: 0x4720a65d, L:/127.0.0.1:54622 - R:localhost/127.0.0.1:37193]' for 'POST' to 'http://localhost:37193/session/0722fdb5af6c178a3aed75698d9655b8/execute/sync'
22:31:05.441 [Forwarding getPageSource on session 0722fdb5af6c178a3aed75698d9655b8 to remote] DEBUG org.asynchttpclient.netty.request.NettyRequestSender - Using open Channel [id: 0x4720a65d, L:/127.0.0.1:54622 - R:localhost/127.0.0.1:37193] for POST '/session/0722fdb5af6c178a3aed75698d9655b8/execute/sync'
22:31:05.470 [AsyncHttpClient-1-14] DEBUG org.asynchttpclient.netty.handler.HttpHandler - 

Request DefaultHttpRequest(decodeResult: success, version: HTTP/1.1)
POST /session/0722fdb5af6c178a3aed75698d9655b8/execute/sync HTTP/1.1
User-Agent: selenium/4.8.1 (java windows)
Content-Length: 176
Content-Type: application/json; charset=utf-8
host: localhost:37193
accept: */*

Response DefaultHttpResponse(decodeResult: success, version: HTTP/1.1)
HTTP/1.1 200 OK
Content-Length: 93330
Content-Type: application/json; charset=utf-8
cache-control: no-cache

22:31:05.470 [AsyncHttpClient-1-14] DEBUG org.asynchttpclient.netty.channel.ChannelManager - Adding key: http://localhost:37193 for channel [id: 0x4720a65d, L:/127.0.0.1:54622 - R:localhost/127.0.0.1:37193]
22:31:05.481 [Forwarding getCurrentUrl on session 0722fdb5af6c178a3aed75698d9655b8 to remote] DEBUG org.asynchttpclient.netty.request.NettyRequestSender - Using pooled Channel '[id: 0x4720a65d, L:/127.0.0.1:54622 - R:localhost/127.0.0.1:37193]' for 'GET' to 'http://localhost:37193/session/0722fdb5af6c178a3aed75698d9655b8/url'
22:31:05.481 [Forwarding getCurrentUrl on session 0722fdb5af6c178a3aed75698d9655b8 to remote] DEBUG org.asynchttpclient.netty.request.NettyRequestSender - Using open Channel [id: 0x4720a65d, L:/127.0.0.1:54622 - R:localhost/127.0.0.1:37193] for GET '/session/0722fdb5af6c178a3aed75698d9655b8/url'
22:31:05.485 [AsyncHttpClient-1-14] DEBUG org.asynchttpclient.netty.handler.HttpHandler - 

Request DefaultFullHttpRequest(decodeResult: success, version: HTTP/1.1, content: EmptyByteBufBE)
GET /session/0722fdb5af6c178a3aed75698d9655b8/url HTTP/1.1
User-Agent: selenium/4.8.1 (java windows)
Cache-Control: no-cache
Content-Type: application/json; charset=utf-8
host: localhost:37193
accept: */*

Response DefaultHttpResponse(decodeResult: success, version: HTTP/1.1)
HTTP/1.1 200 OK
Content-Length: 51
Content-Type: application/json; charset=utf-8
cache-control: no-cache

22:31:05.486 [AsyncHttpClient-1-14] DEBUG org.asynchttpclient.netty.channel.ChannelManager - Adding key: http://localhost:37193 for channel [id: 0x4720a65d, L:/127.0.0.1:54622 - R:localhost/127.0.0.1:37193]
22:31:05.497 [Forwarding getAlertText on session 0722fdb5af6c178a3aed75698d9655b8 to remote] DEBUG org.asynchttpclient.netty.request.NettyRequestSender - Using pooled Channel '[id: 0x4720a65d, L:/127.0.0.1:54622 - R:localhost/127.0.0.1:37193]' for 'GET' to 'http://localhost:37193/session/0722fdb5af6c178a3aed75698d9655b8/alert/text'
22:31:05.497 [Forwarding getAlertText on session 0722fdb5af6c178a3aed75698d9655b8 to remote] DEBUG org.asynchttpclient.netty.request.NettyRequestSender - Using open Channel [id: 0x4720a65d, L:/127.0.0.1:54622 - R:localhost/127.0.0.1:37193] for GET '/session/0722fdb5af6c178a3aed75698d9655b8/alert/text'
22:31:05.499 [AsyncHttpClient-1-14] DEBUG org.asynchttpclient.netty.handler.HttpHandler - 

Request DefaultFullHttpRequest(decodeResult: success, version: HTTP/1.1, content: EmptyByteBufBE)
GET /session/0722fdb5af6c178a3aed75698d9655b8/alert/text HTTP/1.1
User-Agent: selenium/4.8.1 (java windows)
Cache-Control: no-cache
Content-Type: application/json; charset=utf-8
host: localhost:37193
accept: */*

Response DefaultHttpResponse(decodeResult: success, version: HTTP/1.1)
HTTP/1.1 404 Not Found
Content-Length: 835
Content-Type: application/json; charset=utf-8
cache-control: no-cache

22:31:05.499 [AsyncHttpClient-1-14] DEBUG org.asynchttpclient.netty.channel.ChannelManager - Adding key: http://localhost:37193 for channel [id: 0x4720a65d, L:/127.0.0.1:54622 - R:localhost/127.0.0.1:37193]
22:31:05.500 [Forwarding getCurrentUrl on session 0722fdb5af6c178a3aed75698d9655b8 to remote] DEBUG org.asynchttpclient.netty.request.NettyRequestSender - Using pooled Channel '[id: 0x4720a65d, L:/127.0.0.1:54622 - R:localhost/127.0.0.1:37193]' for 'GET' to 'http://localhost:37193/session/0722fdb5af6c178a3aed75698d9655b8/url'
22:31:05.500 [Forwarding getCurrentUrl on session 0722fdb5af6c178a3aed75698d9655b8 to remote] DEBUG org.asynchttpclient.netty.request.NettyRequestSender - Using open Channel [id: 0x4720a65d, L:/127.0.0.1:54622 - R:localhost/127.0.0.1:37193] for GET '/session/0722fdb5af6c178a3aed75698d9655b8/url'
22:31:05.505 [AsyncHttpClient-1-14] DEBUG org.asynchttpclient.netty.handler.HttpHandler - 

Request DefaultFullHttpRequest(decodeResult: success, version: HTTP/1.1, content: EmptyByteBufBE)
GET /session/0722fdb5af6c178a3aed75698d9655b8/url HTTP/1.1
User-Agent: selenium/4.8.1 (java windows)
Cache-Control: no-cache
Content-Type: application/json; charset=utf-8
host: localhost:37193
accept: */*

Response DefaultHttpResponse(decodeResult: success, version: HTTP/1.1)
HTTP/1.1 200 OK
Content-Length: 51
Content-Type: application/json; charset=utf-8
cache-control: no-cache

22:31:05.505 [AsyncHttpClient-1-14] DEBUG org.asynchttpclient.netty.channel.ChannelManager - Adding key: http://localhost:37193 for channel [id: 0x4720a65d, L:/127.0.0.1:54622 - R:localhost/127.0.0.1:37193]
22:31:05.506 [Forwarding screenshot on session 0722fdb5af6c178a3aed75698d9655b8 to remote] DEBUG org.asynchttpclient.netty.request.NettyRequestSender - Using pooled Channel '[id: 0x4720a65d, L:/127.0.0.1:54622 - R:localhost/127.0.0.1:37193]' for 'GET' to 'http://localhost:37193/session/0722fdb5af6c178a3aed75698d9655b8/screenshot'
22:31:05.506 [Forwarding screenshot on session 0722fdb5af6c178a3aed75698d9655b8 to remote] DEBUG org.asynchttpclient.netty.request.NettyRequestSender - Using open Channel [id: 0x4720a65d, L:/127.0.0.1:54622 - R:localhost/127.0.0.1:37193] for GET '/session/0722fdb5af6c178a3aed75698d9655b8/screenshot'
22:31:05.717 [AsyncHttpClient-1-14] DEBUG org.asynchttpclient.netty.handler.HttpHandler - 

Request DefaultFullHttpRequest(decodeResult: success, version: HTTP/1.1, content: EmptyByteBufBE)
GET /session/0722fdb5af6c178a3aed75698d9655b8/screenshot HTTP/1.1
User-Agent: selenium/4.8.1 (java windows)
Cache-Control: no-cache
Content-Type: application/json; charset=utf-8
host: localhost:37193
accept: */*

Response DefaultHttpResponse(decodeResult: success, version: HTTP/1.1)
HTTP/1.1 200 OK
Content-Length: 230124
Content-Type: application/json; charset=utf-8
cache-control: no-cache

22:31:05.719 [AsyncHttpClient-1-14] DEBUG org.asynchttpclient.netty.channel.ChannelManager - Adding key: http://localhost:37193 for channel [id: 0x4720a65d, L:/127.0.0.1:54622 - R:localhost/127.0.0.1:37193]
22:31:05.726 [main] DEBUG net.serenitybdd.core.photography.Darkroom - Send negative for processing for target\site\serenity\afdfd134018c7bd46e64fc9f3f0b03ab9fd258ee61e0685be12ecf8c34efd327.png
22:31:05.727 [Forwarding getPageSource on session 0722fdb5af6c178a3aed75698d9655b8 to remote] DEBUG org.asynchttpclient.netty.request.NettyRequestSender - Using pooled Channel '[id: 0x4720a65d, L:/127.0.0.1:54622 - R:localhost/127.0.0.1:37193]' for 'POST' to 'http://localhost:37193/session/0722fdb5af6c178a3aed75698d9655b8/execute/sync'
22:31:05.728 [Forwarding getPageSource on session 0722fdb5af6c178a3aed75698d9655b8 to remote] DEBUG org.asynchttpclient.netty.request.NettyRequestSender - Using open Channel [id: 0x4720a65d, L:/127.0.0.1:54622 - R:localhost/127.0.0.1:37193] for POST '/session/0722fdb5af6c178a3aed75698d9655b8/execute/sync'
22:31:05.743 [AsyncHttpClient-1-14] DEBUG org.asynchttpclient.netty.handler.HttpHandler - 

Request DefaultHttpRequest(decodeResult: success, version: HTTP/1.1)
POST /session/0722fdb5af6c178a3aed75698d9655b8/execute/sync HTTP/1.1
User-Agent: selenium/4.8.1 (java windows)
Content-Length: 176
Content-Type: application/json; charset=utf-8
host: localhost:37193
accept: */*

Response DefaultHttpResponse(decodeResult: success, version: HTTP/1.1)
HTTP/1.1 200 OK
Content-Length: 93330
Content-Type: application/json; charset=utf-8
cache-control: no-cache

22:31:05.743 [AsyncHttpClient-1-14] DEBUG org.asynchttpclient.netty.channel.ChannelManager - Adding key: http://localhost:37193 for channel [id: 0x4720a65d, L:/127.0.0.1:54622 - R:localhost/127.0.0.1:37193]
22:31:05.753 [Forwarding getCurrentUrl on session 0722fdb5af6c178a3aed75698d9655b8 to remote] DEBUG org.asynchttpclient.netty.request.NettyRequestSender - Using pooled Channel '[id: 0x4720a65d, L:/127.0.0.1:54622 - R:localhost/127.0.0.1:37193]' for 'GET' to 'http://localhost:37193/session/0722fdb5af6c178a3aed75698d9655b8/url'
22:31:05.753 [Forwarding getCurrentUrl on session 0722fdb5af6c178a3aed75698d9655b8 to remote] DEBUG org.asynchttpclient.netty.request.NettyRequestSender - Using open Channel [id: 0x4720a65d, L:/127.0.0.1:54622 - R:localhost/127.0.0.1:37193] for GET '/session/0722fdb5af6c178a3aed75698d9655b8/url'
22:31:05.759 [AsyncHttpClient-1-14] DEBUG org.asynchttpclient.netty.handler.HttpHandler - 

Request DefaultFullHttpRequest(decodeResult: success, version: HTTP/1.1, content: EmptyByteBufBE)
GET /session/0722fdb5af6c178a3aed75698d9655b8/url HTTP/1.1
User-Agent: selenium/4.8.1 (java windows)
Cache-Control: no-cache
Content-Type: application/json; charset=utf-8
host: localhost:37193
accept: */*

Response DefaultHttpResponse(decodeResult: success, version: HTTP/1.1)
HTTP/1.1 200 OK
Content-Length: 51
Content-Type: application/json; charset=utf-8
cache-control: no-cache

22:31:05.760 [AsyncHttpClient-1-14] DEBUG org.asynchttpclient.netty.channel.ChannelManager - Adding key: http://localhost:37193 for channel [id: 0x4720a65d, L:/127.0.0.1:54622 - R:localhost/127.0.0.1:37193]
22:31:05.765 [main] DEBUG net.thucydides.core.steps.StepInterceptor - STARTING STEP: SelectProductSteps.inputNomorMeter - inputNomorMeter
22:31:05.769 [Forwarding findElement on session 0722fdb5af6c178a3aed75698d9655b8 to remote] DEBUG org.asynchttpclient.netty.request.NettyRequestSender - Using pooled Channel '[id: 0x4720a65d, L:/127.0.0.1:54622 - R:localhost/127.0.0.1:37193]' for 'POST' to 'http://localhost:37193/session/0722fdb5af6c178a3aed75698d9655b8/element'
22:31:05.769 [Forwarding findElement on session 0722fdb5af6c178a3aed75698d9655b8 to remote] DEBUG org.asynchttpclient.netty.request.NettyRequestSender - Using open Channel [id: 0x4720a65d, L:/127.0.0.1:54622 - R:localhost/127.0.0.1:37193] for POST '/session/0722fdb5af6c178a3aed75698d9655b8/element'
22:31:05.788 [AsyncHttpClient-1-14] DEBUG org.asynchttpclient.netty.handler.HttpHandler - 

Request DefaultHttpRequest(decodeResult: success, version: HTTP/1.1)
POST /session/0722fdb5af6c178a3aed75698d9655b8/element HTTP/1.1
User-Agent: selenium/4.8.1 (java windows)
Content-Length: 58
Content-Type: application/json; charset=utf-8
host: localhost:37193
accept: */*

Response DefaultHttpResponse(decodeResult: success, version: HTTP/1.1)
HTTP/1.1 200 OK
Content-Length: 88
Content-Type: application/json; charset=utf-8
cache-control: no-cache

22:31:05.789 [AsyncHttpClient-1-14] DEBUG org.asynchttpclient.netty.channel.ChannelManager - Adding key: http://localhost:37193 for channel [id: 0x4720a65d, L:/127.0.0.1:54622 - R:localhost/127.0.0.1:37193]
22:31:05.790 [Forwarding clearElement on session 0722fdb5af6c178a3aed75698d9655b8 to remote] DEBUG org.asynchttpclient.netty.request.NettyRequestSender - Using pooled Channel '[id: 0x4720a65d, L:/127.0.0.1:54622 - R:localhost/127.0.0.1:37193]' for 'POST' to 'http://localhost:37193/session/0722fdb5af6c178a3aed75698d9655b8/element/6155a7dc-b864-406d-8ee3-0cc3c58aeb1a/clear'
22:31:05.791 [Forwarding clearElement on session 0722fdb5af6c178a3aed75698d9655b8 to remote] DEBUG org.asynchttpclient.netty.request.NettyRequestSender - Using open Channel [id: 0x4720a65d, L:/127.0.0.1:54622 - R:localhost/127.0.0.1:37193] for POST '/session/0722fdb5af6c178a3aed75698d9655b8/element/6155a7dc-b864-406d-8ee3-0cc3c58aeb1a/clear'
22:31:05.868 [AsyncHttpClient-1-14] DEBUG org.asynchttpclient.netty.handler.HttpHandler - 

Request DefaultHttpRequest(decodeResult: success, version: HTTP/1.1)
POST /session/0722fdb5af6c178a3aed75698d9655b8/element/6155a7dc-b864-406d-8ee3-0cc3c58aeb1a/clear HTTP/1.1
User-Agent: selenium/4.8.1 (java windows)
Content-Length: 50
Content-Type: application/json; charset=utf-8
host: localhost:37193
accept: */*

Response DefaultHttpResponse(decodeResult: success, version: HTTP/1.1)
HTTP/1.1 200 OK
Content-Length: 14
Content-Type: application/json; charset=utf-8
cache-control: no-cache

22:31:05.868 [AsyncHttpClient-1-14] DEBUG org.asynchttpclient.netty.channel.ChannelManager - Adding key: http://localhost:37193 for channel [id: 0x4720a65d, L:/127.0.0.1:54622 - R:localhost/127.0.0.1:37193]
22:31:05.870 [Forwarding sendKeysToElement on session 0722fdb5af6c178a3aed75698d9655b8 to remote] DEBUG org.asynchttpclient.netty.request.NettyRequestSender - Using pooled Channel '[id: 0x4720a65d, L:/127.0.0.1:54622 - R:localhost/127.0.0.1:37193]' for 'POST' to 'http://localhost:37193/session/0722fdb5af6c178a3aed75698d9655b8/element/6155a7dc-b864-406d-8ee3-0cc3c58aeb1a/value'
22:31:05.871 [Forwarding sendKeysToElement on session 0722fdb5af6c178a3aed75698d9655b8 to remote] DEBUG org.asynchttpclient.netty.request.NettyRequestSender - Using open Channel [id: 0x4720a65d, L:/127.0.0.1:54622 - R:localhost/127.0.0.1:37193] for POST '/session/0722fdb5af6c178a3aed75698d9655b8/element/6155a7dc-b864-406d-8ee3-0cc3c58aeb1a/value'
22:31:05.981 [AsyncHttpClient-1-1] DEBUG org.asynchttpclient.netty.channel.DefaultChannelPool - Entry count for : http://localhost:54623 : 1
22:31:06.105 [AsyncHttpClient-1-14] DEBUG org.asynchttpclient.netty.handler.HttpHandler - 

Request DefaultHttpRequest(decodeResult: success, version: HTTP/1.1)
POST /session/0722fdb5af6c178a3aed75698d9655b8/element/6155a7dc-b864-406d-8ee3-0cc3c58aeb1a/value HTTP/1.1
User-Agent: selenium/4.8.1 (java windows)
Content-Length: 191
Content-Type: application/json; charset=utf-8
host: localhost:37193
accept: */*

Response DefaultHttpResponse(decodeResult: success, version: HTTP/1.1)
HTTP/1.1 200 OK
Content-Length: 14
Content-Type: application/json; charset=utf-8
cache-control: no-cache

22:31:06.105 [AsyncHttpClient-1-14] DEBUG org.asynchttpclient.netty.channel.ChannelManager - Adding key: http://localhost:37193 for channel [id: 0x4720a65d, L:/127.0.0.1:54622 - R:localhost/127.0.0.1:37193]
22:31:06.115 [Forwarding getAlertText on session 0722fdb5af6c178a3aed75698d9655b8 to remote] DEBUG org.asynchttpclient.netty.request.NettyRequestSender - Using pooled Channel '[id: 0x4720a65d, L:/127.0.0.1:54622 - R:localhost/127.0.0.1:37193]' for 'GET' to 'http://localhost:37193/session/0722fdb5af6c178a3aed75698d9655b8/alert/text'
22:31:06.115 [Forwarding getAlertText on session 0722fdb5af6c178a3aed75698d9655b8 to remote] DEBUG org.asynchttpclient.netty.request.NettyRequestSender - Using open Channel [id: 0x4720a65d, L:/127.0.0.1:54622 - R:localhost/127.0.0.1:37193] for GET '/session/0722fdb5af6c178a3aed75698d9655b8/alert/text'
22:31:06.117 [AsyncHttpClient-1-14] DEBUG org.asynchttpclient.netty.handler.HttpHandler - 

Request DefaultFullHttpRequest(decodeResult: success, version: HTTP/1.1, content: EmptyByteBufBE)
GET /session/0722fdb5af6c178a3aed75698d9655b8/alert/text HTTP/1.1
User-Agent: selenium/4.8.1 (java windows)
Cache-Control: no-cache
Content-Type: application/json; charset=utf-8
host: localhost:37193
accept: */*

Response DefaultHttpResponse(decodeResult: success, version: HTTP/1.1)
HTTP/1.1 404 Not Found
Content-Length: 835
Content-Type: application/json; charset=utf-8
cache-control: no-cache

22:31:06.117 [AsyncHttpClient-1-14] DEBUG org.asynchttpclient.netty.channel.ChannelManager - Adding key: http://localhost:37193 for channel [id: 0x4720a65d, L:/127.0.0.1:54622 - R:localhost/127.0.0.1:37193]
22:31:06.119 [Forwarding getCurrentUrl on session 0722fdb5af6c178a3aed75698d9655b8 to remote] DEBUG org.asynchttpclient.netty.request.NettyRequestSender - Using pooled Channel '[id: 0x4720a65d, L:/127.0.0.1:54622 - R:localhost/127.0.0.1:37193]' for 'GET' to 'http://localhost:37193/session/0722fdb5af6c178a3aed75698d9655b8/url'
22:31:06.119 [Forwarding getCurrentUrl on session 0722fdb5af6c178a3aed75698d9655b8 to remote] DEBUG org.asynchttpclient.netty.request.NettyRequestSender - Using open Channel [id: 0x4720a65d, L:/127.0.0.1:54622 - R:localhost/127.0.0.1:37193] for GET '/session/0722fdb5af6c178a3aed75698d9655b8/url'
22:31:06.123 [AsyncHttpClient-1-14] DEBUG org.asynchttpclient.netty.handler.HttpHandler - 

Request DefaultFullHttpRequest(decodeResult: success, version: HTTP/1.1, content: EmptyByteBufBE)
GET /session/0722fdb5af6c178a3aed75698d9655b8/url HTTP/1.1
User-Agent: selenium/4.8.1 (java windows)
Cache-Control: no-cache
Content-Type: application/json; charset=utf-8
host: localhost:37193
accept: */*

Response DefaultHttpResponse(decodeResult: success, version: HTTP/1.1)
HTTP/1.1 200 OK
Content-Length: 51
Content-Type: application/json; charset=utf-8
cache-control: no-cache

22:31:06.124 [AsyncHttpClient-1-14] DEBUG org.asynchttpclient.netty.channel.ChannelManager - Adding key: http://localhost:37193 for channel [id: 0x4720a65d, L:/127.0.0.1:54622 - R:localhost/127.0.0.1:37193]
22:31:06.125 [Forwarding screenshot on session 0722fdb5af6c178a3aed75698d9655b8 to remote] DEBUG org.asynchttpclient.netty.request.NettyRequestSender - Using pooled Channel '[id: 0x4720a65d, L:/127.0.0.1:54622 - R:localhost/127.0.0.1:37193]' for 'GET' to 'http://localhost:37193/session/0722fdb5af6c178a3aed75698d9655b8/screenshot'
22:31:06.125 [Forwarding screenshot on session 0722fdb5af6c178a3aed75698d9655b8 to remote] DEBUG org.asynchttpclient.netty.request.NettyRequestSender - Using open Channel [id: 0x4720a65d, L:/127.0.0.1:54622 - R:localhost/127.0.0.1:37193] for GET '/session/0722fdb5af6c178a3aed75698d9655b8/screenshot'
22:31:06.372 [AsyncHttpClient-1-14] DEBUG org.asynchttpclient.netty.handler.HttpHandler - 

Request DefaultFullHttpRequest(decodeResult: success, version: HTTP/1.1, content: EmptyByteBufBE)
GET /session/0722fdb5af6c178a3aed75698d9655b8/screenshot HTTP/1.1
User-Agent: selenium/4.8.1 (java windows)
Cache-Control: no-cache
Content-Type: application/json; charset=utf-8
host: localhost:37193
accept: */*

Response DefaultHttpResponse(decodeResult: success, version: HTTP/1.1)
HTTP/1.1 200 OK
Content-Length: 231932
Content-Type: application/json; charset=utf-8
cache-control: no-cache

22:31:06.372 [AsyncHttpClient-1-14] DEBUG org.asynchttpclient.netty.channel.ChannelManager - Adding key: http://localhost:37193 for channel [id: 0x4720a65d, L:/127.0.0.1:54622 - R:localhost/127.0.0.1:37193]
22:31:06.379 [main] DEBUG net.serenitybdd.core.photography.Darkroom - Send negative for processing for target\site\serenity\4744d0e19c6217b9042c40d3efd1bdc1a3a51ce704234ff6571c304814baad5f.png
22:31:06.380 [main] DEBUG net.thucydides.core.steps.StepInterceptor - STEP DONE: inputNomorMeter
  &amp#27;[32mAnd &amp#27;[0m&amp#27;[32mI enter correct nomor meter PLN&amp#27;[0m                           &amp#27;[90m# starter.stepdefintions.SelectProductSteps.inputNomorMeter()&amp#27;[0m
22:31:06.391 [Forwarding getPageSource on session 0722fdb5af6c178a3aed75698d9655b8 to remote] DEBUG org.asynchttpclient.netty.request.NettyRequestSender - Using pooled Channel '[id: 0x4720a65d, L:/127.0.0.1:54622 - R:localhost/127.0.0.1:37193]' for 'POST' to 'http://localhost:37193/session/0722fdb5af6c178a3aed75698d9655b8/execute/sync'
22:31:06.391 [Forwarding getPageSource on session 0722fdb5af6c178a3aed75698d9655b8 to remote] DEBUG org.asynchttpclient.netty.request.NettyRequestSender - Using open Channel [id: 0x4720a65d, L:/127.0.0.1:54622 - R:localhost/127.0.0.1:37193] for POST '/session/0722fdb5af6c178a3aed75698d9655b8/execute/sync'
22:31:06.405 [AsyncHttpClient-1-14] DEBUG org.asynchttpclient.netty.handler.HttpHandler - 

Request DefaultHttpRequest(decodeResult: success, version: HTTP/1.1)
POST /session/0722fdb5af6c178a3aed75698d9655b8/execute/sync HTTP/1.1
User-Agent: selenium/4.8.1 (java windows)
Content-Length: 176
Content-Type: application/json; charset=utf-8
host: localhost:37193
accept: */*

Response DefaultHttpResponse(decodeResult: success, version: HTTP/1.1)
HTTP/1.1 200 OK
Content-Length: 93866
Content-Type: application/json; charset=utf-8
cache-control: no-cache

22:31:06.405 [AsyncHttpClient-1-14] DEBUG org.asynchttpclient.netty.channel.ChannelManager - Adding key: http://localhost:37193 for channel [id: 0x4720a65d, L:/127.0.0.1:54622 - R:localhost/127.0.0.1:37193]
22:31:06.415 [Forwarding getCurrentUrl on session 0722fdb5af6c178a3aed75698d9655b8 to remote] DEBUG org.asynchttpclient.netty.request.NettyRequestSender - Using pooled Channel '[id: 0x4720a65d, L:/127.0.0.1:54622 - R:localhost/127.0.0.1:37193]' for 'GET' to 'http://localhost:37193/session/0722fdb5af6c178a3aed75698d9655b8/url'
22:31:06.415 [Forwarding getCurrentUrl on session 0722fdb5af6c178a3aed75698d9655b8 to remote] DEBUG org.asynchttpclient.netty.request.NettyRequestSender - Using open Channel [id: 0x4720a65d, L:/127.0.0.1:54622 - R:localhost/127.0.0.1:37193] for GET '/session/0722fdb5af6c178a3aed75698d9655b8/url'
22:31:06.420 [AsyncHttpClient-1-14] DEBUG org.asynchttpclient.netty.handler.HttpHandler - 

Request DefaultFullHttpRequest(decodeResult: success, version: HTTP/1.1, content: EmptyByteBufBE)
GET /session/0722fdb5af6c178a3aed75698d9655b8/url HTTP/1.1
User-Agent: selenium/4.8.1 (java windows)
Cache-Control: no-cache
Content-Type: application/json; charset=utf-8
host: localhost:37193
accept: */*

Response DefaultHttpResponse(decodeResult: success, version: HTTP/1.1)
HTTP/1.1 200 OK
Content-Length: 51
Content-Type: application/json; charset=utf-8
cache-control: no-cache

22:31:06.420 [AsyncHttpClient-1-14] DEBUG org.asynchttpclient.netty.channel.ChannelManager - Adding key: http://localhost:37193 for channel [id: 0x4720a65d, L:/127.0.0.1:54622 - R:localhost/127.0.0.1:37193]
22:31:06.439 [Forwarding getAlertText on session 0722fdb5af6c178a3aed75698d9655b8 to remote] DEBUG org.asynchttpclient.netty.request.NettyRequestSender - Using pooled Channel '[id: 0x4720a65d, L:/127.0.0.1:54622 - R:localhost/127.0.0.1:37193]' for 'GET' to 'http://localhost:37193/session/0722fdb5af6c178a3aed75698d9655b8/alert/text'
22:31:06.439 [Forwarding getAlertText on session 0722fdb5af6c178a3aed75698d9655b8 to remote] DEBUG org.asynchttpclient.netty.request.NettyRequestSender - Using open Channel [id: 0x4720a65d, L:/127.0.0.1:54622 - R:localhost/127.0.0.1:37193] for GET '/session/0722fdb5af6c178a3aed75698d9655b8/alert/text'
22:31:06.441 [AsyncHttpClient-1-14] DEBUG org.asynchttpclient.netty.handler.HttpHandler - 

Request DefaultFullHttpRequest(decodeResult: success, version: HTTP/1.1, content: EmptyByteBufBE)
GET /session/0722fdb5af6c178a3aed75698d9655b8/alert/text HTTP/1.1
User-Agent: selenium/4.8.1 (java windows)
Cache-Control: no-cache
Content-Type: application/json; charset=utf-8
host: localhost:37193
accept: */*

Response DefaultHttpResponse(decodeResult: success, version: HTTP/1.1)
HTTP/1.1 404 Not Found
Content-Length: 835
Content-Type: application/json; charset=utf-8
cache-control: no-cache

22:31:06.444 [AsyncHttpClient-1-14] DEBUG org.asynchttpclient.netty.channel.ChannelManager - Adding key: http://localhost:37193 for channel [id: 0x4720a65d, L:/127.0.0.1:54622 - R:localhost/127.0.0.1:37193]
22:31:06.446 [Forwarding getCurrentUrl on session 0722fdb5af6c178a3aed75698d9655b8 to remote] DEBUG org.asynchttpclient.netty.request.NettyRequestSender - Using pooled Channel '[id: 0x4720a65d, L:/127.0.0.1:54622 - R:localhost/127.0.0.1:37193]' for 'GET' to 'http://localhost:37193/session/0722fdb5af6c178a3aed75698d9655b8/url'
22:31:06.446 [Forwarding getCurrentUrl on session 0722fdb5af6c178a3aed75698d9655b8 to remote] DEBUG org.asynchttpclient.netty.request.NettyRequestSender - Using open Channel [id: 0x4720a65d, L:/127.0.0.1:54622 - R:localhost/127.0.0.1:37193] for GET '/session/0722fdb5af6c178a3aed75698d9655b8/url'
22:31:06.451 [AsyncHttpClient-1-14] DEBUG org.asynchttpclient.netty.handler.HttpHandler - 

Request DefaultFullHttpRequest(decodeResult: success, version: HTTP/1.1, content: EmptyByteBufBE)
GET /session/0722fdb5af6c178a3aed75698d9655b8/url HTTP/1.1
User-Agent: selenium/4.8.1 (java windows)
Cache-Control: no-cache
Content-Type: application/json; charset=utf-8
host: localhost:37193
accept: */*

Response DefaultHttpResponse(decodeResult: success, version: HTTP/1.1)
HTTP/1.1 200 OK
Content-Length: 51
Content-Type: application/json; charset=utf-8
cache-control: no-cache

22:31:06.451 [AsyncHttpClient-1-14] DEBUG org.asynchttpclient.netty.channel.ChannelManager - Adding key: http://localhost:37193 for channel [id: 0x4720a65d, L:/127.0.0.1:54622 - R:localhost/127.0.0.1:37193]
22:31:06.452 [Forwarding screenshot on session 0722fdb5af6c178a3aed75698d9655b8 to remote] DEBUG org.asynchttpclient.netty.request.NettyRequestSender - Using pooled Channel '[id: 0x4720a65d, L:/127.0.0.1:54622 - R:localhost/127.0.0.1:37193]' for 'GET' to 'http://localhost:37193/session/0722fdb5af6c178a3aed75698d9655b8/screenshot'
22:31:06.452 [Forwarding screenshot on session 0722fdb5af6c178a3aed75698d9655b8 to remote] DEBUG org.asynchttpclient.netty.request.NettyRequestSender - Using open Channel [id: 0x4720a65d, L:/127.0.0.1:54622 - R:localhost/127.0.0.1:37193] for GET '/session/0722fdb5af6c178a3aed75698d9655b8/screenshot'
22:31:06.687 [AsyncHttpClient-1-14] DEBUG org.asynchttpclient.netty.handler.HttpHandler - 

Request DefaultFullHttpRequest(decodeResult: success, version: HTTP/1.1, content: EmptyByteBufBE)
GET /session/0722fdb5af6c178a3aed75698d9655b8/screenshot HTTP/1.1
User-Agent: selenium/4.8.1 (java windows)
Cache-Control: no-cache
Content-Type: application/json; charset=utf-8
host: localhost:37193
accept: */*

Response DefaultHttpResponse(decodeResult: success, version: HTTP/1.1)
HTTP/1.1 200 OK
Content-Length: 231932
Content-Type: application/json; charset=utf-8
cache-control: no-cache

22:31:06.687 [AsyncHttpClient-1-14] DEBUG org.asynchttpclient.netty.channel.ChannelManager - Adding key: http://localhost:37193 for channel [id: 0x4720a65d, L:/127.0.0.1:54622 - R:localhost/127.0.0.1:37193]
22:31:06.696 [main] DEBUG net.serenitybdd.core.photography.Darkroom - Send negative for processing for target\site\serenity\4744d0e19c6217b9042c40d3efd1bdc1a3a51ce704234ff6571c304814baad5f.png
22:31:06.698 [Forwarding getPageSource on session 0722fdb5af6c178a3aed75698d9655b8 to remote] DEBUG org.asynchttpclient.netty.request.NettyRequestSender - Using pooled Channel '[id: 0x4720a65d, L:/127.0.0.1:54622 - R:localhost/127.0.0.1:37193]' for 'POST' to 'http://localhost:37193/session/0722fdb5af6c178a3aed75698d9655b8/execute/sync'
22:31:06.698 [Forwarding getPageSource on session 0722fdb5af6c178a3aed75698d9655b8 to remote] DEBUG org.asynchttpclient.netty.request.NettyRequestSender - Using open Channel [id: 0x4720a65d, L:/127.0.0.1:54622 - R:localhost/127.0.0.1:37193] for POST '/session/0722fdb5af6c178a3aed75698d9655b8/execute/sync'
22:31:06.714 [AsyncHttpClient-1-14] DEBUG org.asynchttpclient.netty.handler.HttpHandler - 

Request DefaultHttpRequest(decodeResult: success, version: HTTP/1.1)
POST /session/0722fdb5af6c178a3aed75698d9655b8/execute/sync HTTP/1.1
User-Agent: selenium/4.8.1 (java windows)
Content-Length: 176
Content-Type: application/json; charset=utf-8
host: localhost:37193
accept: */*

Response DefaultHttpResponse(decodeResult: success, version: HTTP/1.1)
HTTP/1.1 200 OK
Content-Length: 93866
Content-Type: application/json; charset=utf-8
cache-control: no-cache

22:31:06.714 [AsyncHttpClient-1-14] DEBUG org.asynchttpclient.netty.channel.ChannelManager - Adding key: http://localhost:37193 for channel [id: 0x4720a65d, L:/127.0.0.1:54622 - R:localhost/127.0.0.1:37193]
22:31:06.723 [Forwarding getCurrentUrl on session 0722fdb5af6c178a3aed75698d9655b8 to remote] DEBUG org.asynchttpclient.netty.request.NettyRequestSender - Using pooled Channel '[id: 0x4720a65d, L:/127.0.0.1:54622 - R:localhost/127.0.0.1:37193]' for 'GET' to 'http://localhost:37193/session/0722fdb5af6c178a3aed75698d9655b8/url'
22:31:06.724 [Forwarding getCurrentUrl on session 0722fdb5af6c178a3aed75698d9655b8 to remote] DEBUG org.asynchttpclient.netty.request.NettyRequestSender - Using open Channel [id: 0x4720a65d, L:/127.0.0.1:54622 - R:localhost/127.0.0.1:37193] for GET '/session/0722fdb5af6c178a3aed75698d9655b8/url'
22:31:06.729 [AsyncHttpClient-1-14] DEBUG org.asynchttpclient.netty.handler.HttpHandler - 

Request DefaultFullHttpRequest(decodeResult: success, version: HTTP/1.1, content: EmptyByteBufBE)
GET /session/0722fdb5af6c178a3aed75698d9655b8/url HTTP/1.1
User-Agent: selenium/4.8.1 (java windows)
Cache-Control: no-cache
Content-Type: application/json; charset=utf-8
host: localhost:37193
accept: */*

Response DefaultHttpResponse(decodeResult: success, version: HTTP/1.1)
HTTP/1.1 200 OK
Content-Length: 51
Content-Type: application/json; charset=utf-8
cache-control: no-cache

22:31:06.729 [AsyncHttpClient-1-14] DEBUG org.asynchttpclient.netty.channel.ChannelManager - Adding key: http://localhost:37193 for channel [id: 0x4720a65d, L:/127.0.0.1:54622 - R:localhost/127.0.0.1:37193]
22:31:06.734 [main] DEBUG net.thucydides.core.steps.StepInterceptor - STARTING STEP: SelectProductSteps.inputNomorHandphone - inputNomorHandphone
22:31:06.737 [Forwarding findElement on session 0722fdb5af6c178a3aed75698d9655b8 to remote] DEBUG org.asynchttpclient.netty.request.NettyRequestSender - Using pooled Channel '[id: 0x4720a65d, L:/127.0.0.1:54622 - R:localhost/127.0.0.1:37193]' for 'POST' to 'http://localhost:37193/session/0722fdb5af6c178a3aed75698d9655b8/element'
22:31:06.737 [Forwarding findElement on session 0722fdb5af6c178a3aed75698d9655b8 to remote] DEBUG org.asynchttpclient.netty.request.NettyRequestSender - Using open Channel [id: 0x4720a65d, L:/127.0.0.1:54622 - R:localhost/127.0.0.1:37193] for POST '/session/0722fdb5af6c178a3aed75698d9655b8/element'
22:31:06.757 [AsyncHttpClient-1-14] DEBUG org.asynchttpclient.netty.handler.HttpHandler - 

Request DefaultHttpRequest(decodeResult: success, version: HTTP/1.1)
POST /session/0722fdb5af6c178a3aed75698d9655b8/element HTTP/1.1
User-Agent: selenium/4.8.1 (java windows)
Content-Length: 62
Content-Type: application/json; charset=utf-8
host: localhost:37193
accept: */*

Response DefaultHttpResponse(decodeResult: success, version: HTTP/1.1)
HTTP/1.1 200 OK
Content-Length: 88
Content-Type: application/json; charset=utf-8
cache-control: no-cache

22:31:06.757 [AsyncHttpClient-1-14] DEBUG org.asynchttpclient.netty.channel.ChannelManager - Adding key: http://localhost:37193 for channel [id: 0x4720a65d, L:/127.0.0.1:54622 - R:localhost/127.0.0.1:37193]
22:31:06.759 [Forwarding clearElement on session 0722fdb5af6c178a3aed75698d9655b8 to remote] DEBUG org.asynchttpclient.netty.request.NettyRequestSender - Using pooled Channel '[id: 0x4720a65d, L:/127.0.0.1:54622 - R:localhost/127.0.0.1:37193]' for 'POST' to 'http://localhost:37193/session/0722fdb5af6c178a3aed75698d9655b8/element/76399be4-1632-4ddb-8e0a-fc73af0b3d08/clear'
22:31:06.759 [Forwarding clearElement on session 0722fdb5af6c178a3aed75698d9655b8 to remote] DEBUG org.asynchttpclient.netty.request.NettyRequestSender - Using open Channel [id: 0x4720a65d, L:/127.0.0.1:54622 - R:localhost/127.0.0.1:37193] for POST '/session/0722fdb5af6c178a3aed75698d9655b8/element/76399be4-1632-4ddb-8e0a-fc73af0b3d08/clear'
22:31:06.830 [AsyncHttpClient-1-14] DEBUG org.asynchttpclient.netty.handler.HttpHandler - 

Request DefaultHttpRequest(decodeResult: success, version: HTTP/1.1)
POST /session/0722fdb5af6c178a3aed75698d9655b8/element/76399be4-1632-4ddb-8e0a-fc73af0b3d08/clear HTTP/1.1
User-Agent: selenium/4.8.1 (java windows)
Content-Length: 50
Content-Type: application/json; charset=utf-8
host: localhost:37193
accept: */*

Response DefaultHttpResponse(decodeResult: success, version: HTTP/1.1)
HTTP/1.1 200 OK
Content-Length: 14
Content-Type: application/json; charset=utf-8
cache-control: no-cache

22:31:06.830 [AsyncHttpClient-1-14] DEBUG org.asynchttpclient.netty.channel.ChannelManager - Adding key: http://localhost:37193 for channel [id: 0x4720a65d, L:/127.0.0.1:54622 - R:localhost/127.0.0.1:37193]
22:31:06.836 [Forwarding sendKeysToElement on session 0722fdb5af6c178a3aed75698d9655b8 to remote] DEBUG org.asynchttpclient.netty.request.NettyRequestSender - Using pooled Channel '[id: 0x4720a65d, L:/127.0.0.1:54622 - R:localhost/127.0.0.1:37193]' for 'POST' to 'http://localhost:37193/session/0722fdb5af6c178a3aed75698d9655b8/element/76399be4-1632-4ddb-8e0a-fc73af0b3d08/value'
22:31:06.836 [Forwarding sendKeysToElement on session 0722fdb5af6c178a3aed75698d9655b8 to remote] DEBUG org.asynchttpclient.netty.request.NettyRequestSender - Using open Channel [id: 0x4720a65d, L:/127.0.0.1:54622 - R:localhost/127.0.0.1:37193] for POST '/session/0722fdb5af6c178a3aed75698d9655b8/element/76399be4-1632-4ddb-8e0a-fc73af0b3d08/value'
22:31:07.079 [AsyncHttpClient-1-1] DEBUG org.asynchttpclient.netty.channel.DefaultChannelPool - Entry count for : http://localhost:54623 : 1
22:31:07.089 [AsyncHttpClient-1-14] DEBUG org.asynchttpclient.netty.handler.HttpHandler - 

Request DefaultHttpRequest(decodeResult: success, version: HTTP/1.1)
POST /session/0722fdb5af6c178a3aed75698d9655b8/element/76399be4-1632-4ddb-8e0a-fc73af0b3d08/value HTTP/1.1
User-Agent: selenium/4.8.1 (java windows)
Content-Length: 201
Content-Type: application/json; charset=utf-8
host: localhost:37193
accept: */*

Response DefaultHttpResponse(decodeResult: success, version: HTTP/1.1)
HTTP/1.1 200 OK
Content-Length: 14
Content-Type: application/json; charset=utf-8
cache-control: no-cache

22:31:07.089 [AsyncHttpClient-1-14] DEBUG org.asynchttpclient.netty.channel.ChannelManager - Adding key: http://localhost:37193 for channel [id: 0x4720a65d, L:/127.0.0.1:54622 - R:localhost/127.0.0.1:37193]
22:31:07.103 [Forwarding getAlertText on session 0722fdb5af6c178a3aed75698d9655b8 to remote] DEBUG org.asynchttpclient.netty.request.NettyRequestSender - Using pooled Channel '[id: 0x4720a65d, L:/127.0.0.1:54622 - R:localhost/127.0.0.1:37193]' for 'GET' to 'http://localhost:37193/session/0722fdb5af6c178a3aed75698d9655b8/alert/text'
22:31:07.103 [Forwarding getAlertText on session 0722fdb5af6c178a3aed75698d9655b8 to remote] DEBUG org.asynchttpclient.netty.request.NettyRequestSender - Using open Channel [id: 0x4720a65d, L:/127.0.0.1:54622 - R:localhost/127.0.0.1:37193] for GET '/session/0722fdb5af6c178a3aed75698d9655b8/alert/text'
22:31:07.108 [AsyncHttpClient-1-14] DEBUG org.asynchttpclient.netty.handler.HttpHandler - 

Request DefaultFullHttpRequest(decodeResult: success, version: HTTP/1.1, content: EmptyByteBufBE)
GET /session/0722fdb5af6c178a3aed75698d9655b8/alert/text HTTP/1.1
User-Agent: selenium/4.8.1 (java windows)
Cache-Control: no-cache
Content-Type: application/json; charset=utf-8
host: localhost:37193
accept: */*

Response DefaultHttpResponse(decodeResult: success, version: HTTP/1.1)
HTTP/1.1 404 Not Found
Content-Length: 835
Content-Type: application/json; charset=utf-8
cache-control: no-cache

22:31:07.108 [AsyncHttpClient-1-14] DEBUG org.asynchttpclient.netty.channel.ChannelManager - Adding key: http://localhost:37193 for channel [id: 0x4720a65d, L:/127.0.0.1:54622 - R:localhost/127.0.0.1:37193]
22:31:07.109 [Forwarding getCurrentUrl on session 0722fdb5af6c178a3aed75698d9655b8 to remote] DEBUG org.asynchttpclient.netty.request.NettyRequestSender - Using pooled Channel '[id: 0x4720a65d, L:/127.0.0.1:54622 - R:localhost/127.0.0.1:37193]' for 'GET' to 'http://localhost:37193/session/0722fdb5af6c178a3aed75698d9655b8/url'
22:31:07.109 [Forwarding getCurrentUrl on session 0722fdb5af6c178a3aed75698d9655b8 to remote] DEBUG org.asynchttpclient.netty.request.NettyRequestSender - Using open Channel [id: 0x4720a65d, L:/127.0.0.1:54622 - R:localhost/127.0.0.1:37193] for GET '/session/0722fdb5af6c178a3aed75698d9655b8/url'
22:31:07.115 [AsyncHttpClient-1-14] DEBUG org.asynchttpclient.netty.handler.HttpHandler - 

Request DefaultFullHttpRequest(decodeResult: success, version: HTTP/1.1, content: EmptyByteBufBE)
GET /session/0722fdb5af6c178a3aed75698d9655b8/url HTTP/1.1
User-Agent: selenium/4.8.1 (java windows)
Cache-Control: no-cache
Content-Type: application/json; charset=utf-8
host: localhost:37193
accept: */*

Response DefaultHttpResponse(decodeResult: success, version: HTTP/1.1)
HTTP/1.1 200 OK
Content-Length: 51
Content-Type: application/json; charset=utf-8
cache-control: no-cache

22:31:07.115 [AsyncHttpClient-1-14] DEBUG org.asynchttpclient.netty.channel.ChannelManager - Adding key: http://localhost:37193 for channel [id: 0x4720a65d, L:/127.0.0.1:54622 - R:localhost/127.0.0.1:37193]
22:31:07.116 [Forwarding screenshot on session 0722fdb5af6c178a3aed75698d9655b8 to remote] DEBUG org.asynchttpclient.netty.request.NettyRequestSender - Using pooled Channel '[id: 0x4720a65d, L:/127.0.0.1:54622 - R:localhost/127.0.0.1:37193]' for 'GET' to 'http://localhost:37193/session/0722fdb5af6c178a3aed75698d9655b8/screenshot'
22:31:07.116 [Forwarding screenshot on session 0722fdb5af6c178a3aed75698d9655b8 to remote] DEBUG org.asynchttpclient.netty.request.NettyRequestSender - Using open Channel [id: 0x4720a65d, L:/127.0.0.1:54622 - R:localhost/127.0.0.1:37193] for GET '/session/0722fdb5af6c178a3aed75698d9655b8/screenshot'
22:31:07.386 [AsyncHttpClient-1-14] DEBUG org.asynchttpclient.netty.handler.HttpHandler - 

Request DefaultFullHttpRequest(decodeResult: success, version: HTTP/1.1, content: EmptyByteBufBE)
GET /session/0722fdb5af6c178a3aed75698d9655b8/screenshot HTTP/1.1
User-Agent: selenium/4.8.1 (java windows)
Cache-Control: no-cache
Content-Type: application/json; charset=utf-8
host: localhost:37193
accept: */*

Response DefaultHttpResponse(decodeResult: success, version: HTTP/1.1)
HTTP/1.1 200 OK
Content-Length: 234940
Content-Type: application/json; charset=utf-8
cache-control: no-cache

22:31:07.386 [AsyncHttpClient-1-14] DEBUG org.asynchttpclient.netty.channel.ChannelManager - Adding key: http://localhost:37193 for channel [id: 0x4720a65d, L:/127.0.0.1:54622 - R:localhost/127.0.0.1:37193]
22:31:07.394 [main] DEBUG net.serenitybdd.core.photography.Darkroom - Send negative for processing for target\site\serenity\e880e8e2ea7683fb97515bd7388241a4f2c40adb16f46c39dd571a02c5b4b0d3.png
22:31:07.394 [main] DEBUG net.thucydides.core.steps.StepInterceptor - STEP DONE: inputNomorHandphone
  &amp#27;[32mAnd &amp#27;[0m&amp#27;[32mI enter correct nomor handphone&amp#27;[0m                           &amp#27;[90m# starter.stepdefintions.SelectProductSteps.inputNomorHandphone()&amp#27;[0m
22:31:07.394 [Darkroom Processing Line] DEBUG net.serenitybdd.core.photography.DarkroomProcessingLine - Processing screenshot image in /var/screenshots/screenshot-3860651191716921673
22:31:07.395 [Darkroom Processing Line] DEBUG net.serenitybdd.core.photography.DarkroomProcessingLine - Saving screenshot to target\site\serenity\e880e8e2ea7683fb97515bd7388241a4f2c40adb16f46c39dd571a02c5b4b0d3.png
22:31:07.407 [Forwarding getPageSource on session 0722fdb5af6c178a3aed75698d9655b8 to remote] DEBUG org.asynchttpclient.netty.request.NettyRequestSender - Using pooled Channel '[id: 0x4720a65d, L:/127.0.0.1:54622 - R:localhost/127.0.0.1:37193]' for 'POST' to 'http://localhost:37193/session/0722fdb5af6c178a3aed75698d9655b8/execute/sync'
22:31:07.407 [Forwarding getPageSource on session 0722fdb5af6c178a3aed75698d9655b8 to remote] DEBUG org.asynchttpclient.netty.request.NettyRequestSender - Using open Channel [id: 0x4720a65d, L:/127.0.0.1:54622 - R:localhost/127.0.0.1:37193] for POST '/session/0722fdb5af6c178a3aed75698d9655b8/execute/sync'
22:31:07.423 [AsyncHttpClient-1-14] DEBUG org.asynchttpclient.netty.handler.HttpHandler - 

Request DefaultHttpRequest(decodeResult: success, version: HTTP/1.1)
POST /session/0722fdb5af6c178a3aed75698d9655b8/execute/sync HTTP/1.1
User-Agent: selenium/4.8.1 (java windows)
Content-Length: 176
Content-Type: application/json; charset=utf-8
host: localhost:37193
accept: */*

Response DefaultHttpResponse(decodeResult: success, version: HTTP/1.1)
HTTP/1.1 200 OK
Content-Length: 94387
Content-Type: application/json; charset=utf-8
cache-control: no-cache

22:31:07.424 [AsyncHttpClient-1-14] DEBUG org.asynchttpclient.netty.channel.ChannelManager - Adding key: http://localhost:37193 for channel [id: 0x4720a65d, L:/127.0.0.1:54622 - R:localhost/127.0.0.1:37193]
22:31:07.432 [Forwarding getCurrentUrl on session 0722fdb5af6c178a3aed75698d9655b8 to remote] DEBUG org.asynchttpclient.netty.request.NettyRequestSender - Using pooled Channel '[id: 0x4720a65d, L:/127.0.0.1:54622 - R:localhost/127.0.0.1:37193]' for 'GET' to 'http://localhost:37193/session/0722fdb5af6c178a3aed75698d9655b8/url'
22:31:07.432 [Forwarding getCurrentUrl on session 0722fdb5af6c178a3aed75698d9655b8 to remote] DEBUG org.asynchttpclient.netty.request.NettyRequestSender - Using open Channel [id: 0x4720a65d, L:/127.0.0.1:54622 - R:localhost/127.0.0.1:37193] for GET '/session/0722fdb5af6c178a3aed75698d9655b8/url'
22:31:07.437 [AsyncHttpClient-1-14] DEBUG org.asynchttpclient.netty.handler.HttpHandler - 

Request DefaultFullHttpRequest(decodeResult: success, version: HTTP/1.1, content: EmptyByteBufBE)
GET /session/0722fdb5af6c178a3aed75698d9655b8/url HTTP/1.1
User-Agent: selenium/4.8.1 (java windows)
Cache-Control: no-cache
Content-Type: application/json; charset=utf-8
host: localhost:37193
accept: */*

Response DefaultHttpResponse(decodeResult: success, version: HTTP/1.1)
HTTP/1.1 200 OK
Content-Length: 51
Content-Type: application/json; charset=utf-8
cache-control: no-cache

22:31:07.438 [AsyncHttpClient-1-14] DEBUG org.asynchttpclient.netty.channel.ChannelManager - Adding key: http://localhost:37193 for channel [id: 0x4720a65d, L:/127.0.0.1:54622 - R:localhost/127.0.0.1:37193]
22:31:07.452 [Forwarding getAlertText on session 0722fdb5af6c178a3aed75698d9655b8 to remote] DEBUG org.asynchttpclient.netty.request.NettyRequestSender - Using pooled Channel '[id: 0x4720a65d, L:/127.0.0.1:54622 - R:localhost/127.0.0.1:37193]' for 'GET' to 'http://localhost:37193/session/0722fdb5af6c178a3aed75698d9655b8/alert/text'
22:31:07.452 [Forwarding getAlertText on session 0722fdb5af6c178a3aed75698d9655b8 to remote] DEBUG org.asynchttpclient.netty.request.NettyRequestSender - Using open Channel [id: 0x4720a65d, L:/127.0.0.1:54622 - R:localhost/127.0.0.1:37193] for GET '/session/0722fdb5af6c178a3aed75698d9655b8/alert/text'
22:31:07.454 [AsyncHttpClient-1-14] DEBUG org.asynchttpclient.netty.handler.HttpHandler - 

Request DefaultFullHttpRequest(decodeResult: success, version: HTTP/1.1, content: EmptyByteBufBE)
GET /session/0722fdb5af6c178a3aed75698d9655b8/alert/text HTTP/1.1
User-Agent: selenium/4.8.1 (java windows)
Cache-Control: no-cache
Content-Type: application/json; charset=utf-8
host: localhost:37193
accept: */*

Response DefaultHttpResponse(decodeResult: success, version: HTTP/1.1)
HTTP/1.1 404 Not Found
Content-Length: 835
Content-Type: application/json; charset=utf-8
cache-control: no-cache

22:31:07.454 [AsyncHttpClient-1-14] DEBUG org.asynchttpclient.netty.channel.ChannelManager - Adding key: http://localhost:37193 for channel [id: 0x4720a65d, L:/127.0.0.1:54622 - R:localhost/127.0.0.1:37193]
22:31:07.455 [Forwarding getCurrentUrl on session 0722fdb5af6c178a3aed75698d9655b8 to remote] DEBUG org.asynchttpclient.netty.request.NettyRequestSender - Using pooled Channel '[id: 0x4720a65d, L:/127.0.0.1:54622 - R:localhost/127.0.0.1:37193]' for 'GET' to 'http://localhost:37193/session/0722fdb5af6c178a3aed75698d9655b8/url'
22:31:07.455 [Forwarding getCurrentUrl on session 0722fdb5af6c178a3aed75698d9655b8 to remote] DEBUG org.asynchttpclient.netty.request.NettyRequestSender - Using open Channel [id: 0x4720a65d, L:/127.0.0.1:54622 - R:localhost/127.0.0.1:37193] for GET '/session/0722fdb5af6c178a3aed75698d9655b8/url'
22:31:07.461 [AsyncHttpClient-1-14] DEBUG org.asynchttpclient.netty.handler.HttpHandler - 

Request DefaultFullHttpRequest(decodeResult: success, version: HTTP/1.1, content: EmptyByteBufBE)
GET /session/0722fdb5af6c178a3aed75698d9655b8/url HTTP/1.1
User-Agent: selenium/4.8.1 (java windows)
Cache-Control: no-cache
Content-Type: application/json; charset=utf-8
host: localhost:37193
accept: */*

Response DefaultHttpResponse(decodeResult: success, version: HTTP/1.1)
HTTP/1.1 200 OK
Content-Length: 51
Content-Type: application/json; charset=utf-8
cache-control: no-cache

22:31:07.461 [AsyncHttpClient-1-14] DEBUG org.asynchttpclient.netty.channel.ChannelManager - Adding key: http://localhost:37193 for channel [id: 0x4720a65d, L:/127.0.0.1:54622 - R:localhost/127.0.0.1:37193]
22:31:07.462 [Forwarding screenshot on session 0722fdb5af6c178a3aed75698d9655b8 to remote] DEBUG org.asynchttpclient.netty.request.NettyRequestSender - Using pooled Channel '[id: 0x4720a65d, L:/127.0.0.1:54622 - R:localhost/127.0.0.1:37193]' for 'GET' to 'http://localhost:37193/session/0722fdb5af6c178a3aed75698d9655b8/screenshot'
22:31:07.462 [Forwarding screenshot on session 0722fdb5af6c178a3aed75698d9655b8 to remote] DEBUG org.asynchttpclient.netty.request.NettyRequestSender - Using open Channel [id: 0x4720a65d, L:/127.0.0.1:54622 - R:localhost/127.0.0.1:37193] for GET '/session/0722fdb5af6c178a3aed75698d9655b8/screenshot'
22:31:07.686 [AsyncHttpClient-1-14] DEBUG org.asynchttpclient.netty.handler.HttpHandler - 

Request DefaultFullHttpRequest(decodeResult: success, version: HTTP/1.1, content: EmptyByteBufBE)
GET /session/0722fdb5af6c178a3aed75698d9655b8/screenshot HTTP/1.1
User-Agent: selenium/4.8.1 (java windows)
Cache-Control: no-cache
Content-Type: application/json; charset=utf-8
host: localhost:37193
accept: */*

Response DefaultHttpResponse(decodeResult: success, version: HTTP/1.1)
HTTP/1.1 200 OK
Content-Length: 234648
Content-Type: application/json; charset=utf-8
cache-control: no-cache

22:31:07.686 [AsyncHttpClient-1-14] DEBUG org.asynchttpclient.netty.channel.ChannelManager - Adding key: http://localhost:37193 for channel [id: 0x4720a65d, L:/127.0.0.1:54622 - R:localhost/127.0.0.1:37193]
22:31:07.694 [main] DEBUG net.serenitybdd.core.photography.Darkroom - Send negative for processing for target\site\serenity\fc6d36fafe8007977cac8ed7e384a0c8324be072626c76725667b62d24d4c83e.png
22:31:07.695 [Forwarding getPageSource on session 0722fdb5af6c178a3aed75698d9655b8 to remote] DEBUG org.asynchttpclient.netty.request.NettyRequestSender - Using pooled Channel '[id: 0x4720a65d, L:/127.0.0.1:54622 - R:localhost/127.0.0.1:37193]' for 'POST' to 'http://localhost:37193/session/0722fdb5af6c178a3aed75698d9655b8/execute/sync'
22:31:07.696 [Forwarding getPageSource on session 0722fdb5af6c178a3aed75698d9655b8 to remote] DEBUG org.asynchttpclient.netty.request.NettyRequestSender - Using open Channel [id: 0x4720a65d, L:/127.0.0.1:54622 - R:localhost/127.0.0.1:37193] for POST '/session/0722fdb5af6c178a3aed75698d9655b8/execute/sync'
22:31:07.712 [AsyncHttpClient-1-14] DEBUG org.asynchttpclient.netty.handler.HttpHandler - 

Request DefaultHttpRequest(decodeResult: success, version: HTTP/1.1)
POST /session/0722fdb5af6c178a3aed75698d9655b8/execute/sync HTTP/1.1
User-Agent: selenium/4.8.1 (java windows)
Content-Length: 176
Content-Type: application/json; charset=utf-8
host: localhost:37193
accept: */*

Response DefaultHttpResponse(decodeResult: success, version: HTTP/1.1)
HTTP/1.1 200 OK
Content-Length: 94387
Content-Type: application/json; charset=utf-8
cache-control: no-cache

22:31:07.713 [AsyncHttpClient-1-14] DEBUG org.asynchttpclient.netty.channel.ChannelManager - Adding key: http://localhost:37193 for channel [id: 0x4720a65d, L:/127.0.0.1:54622 - R:localhost/127.0.0.1:37193]
22:31:07.726 [Forwarding getCurrentUrl on session 0722fdb5af6c178a3aed75698d9655b8 to remote] DEBUG org.asynchttpclient.netty.request.NettyRequestSender - Using pooled Channel '[id: 0x4720a65d, L:/127.0.0.1:54622 - R:localhost/127.0.0.1:37193]' for 'GET' to 'http://localhost:37193/session/0722fdb5af6c178a3aed75698d9655b8/url'
22:31:07.726 [Forwarding getCurrentUrl on session 0722fdb5af6c178a3aed75698d9655b8 to remote] DEBUG org.asynchttpclient.netty.request.NettyRequestSender - Using open Channel [id: 0x4720a65d, L:/127.0.0.1:54622 - R:localhost/127.0.0.1:37193] for GET '/session/0722fdb5af6c178a3aed75698d9655b8/url'
22:31:07.732 [AsyncHttpClient-1-14] DEBUG org.asynchttpclient.netty.handler.HttpHandler - 

Request DefaultFullHttpRequest(decodeResult: success, version: HTTP/1.1, content: EmptyByteBufBE)
GET /session/0722fdb5af6c178a3aed75698d9655b8/url HTTP/1.1
User-Agent: selenium/4.8.1 (java windows)
Cache-Control: no-cache
Content-Type: application/json; charset=utf-8
host: localhost:37193
accept: */*

Response DefaultHttpResponse(decodeResult: success, version: HTTP/1.1)
HTTP/1.1 200 OK
Content-Length: 51
Content-Type: application/json; charset=utf-8
cache-control: no-cache

22:31:07.732 [AsyncHttpClient-1-14] DEBUG org.asynchttpclient.netty.channel.ChannelManager - Adding key: http://localhost:37193 for channel [id: 0x4720a65d, L:/127.0.0.1:54622 - R:localhost/127.0.0.1:37193]
22:31:07.737 [main] DEBUG net.thucydides.core.steps.StepInterceptor - STARTING STEP: SelectProductSteps.clickLanjutkanButton - clickLanjutkanButton
22:31:07.743 [Forwarding findElement on session 0722fdb5af6c178a3aed75698d9655b8 to remote] DEBUG org.asynchttpclient.netty.request.NettyRequestSender - Using pooled Channel '[id: 0x4720a65d, L:/127.0.0.1:54622 - R:localhost/127.0.0.1:37193]' for 'POST' to 'http://localhost:37193/session/0722fdb5af6c178a3aed75698d9655b8/element'
22:31:07.744 [Forwarding findElement on session 0722fdb5af6c178a3aed75698d9655b8 to remote] DEBUG org.asynchttpclient.netty.request.NettyRequestSender - Using open Channel [id: 0x4720a65d, L:/127.0.0.1:54622 - R:localhost/127.0.0.1:37193] for POST '/session/0722fdb5af6c178a3aed75698d9655b8/element'
22:31:07.772 [AsyncHttpClient-1-14] DEBUG org.asynchttpclient.netty.handler.HttpHandler - 

Request DefaultHttpRequest(decodeResult: success, version: HTTP/1.1)
POST /session/0722fdb5af6c178a3aed75698d9655b8/element HTTP/1.1
User-Agent: selenium/4.8.1 (java windows)
Content-Length: 62
Content-Type: application/json; charset=utf-8
host: localhost:37193
accept: */*

Response DefaultHttpResponse(decodeResult: success, version: HTTP/1.1)
HTTP/1.1 200 OK
Content-Length: 88
Content-Type: application/json; charset=utf-8
cache-control: no-cache

22:31:07.773 [AsyncHttpClient-1-14] DEBUG org.asynchttpclient.netty.channel.ChannelManager - Adding key: http://localhost:37193 for channel [id: 0x4720a65d, L:/127.0.0.1:54622 - R:localhost/127.0.0.1:37193]
22:31:07.774 [Forwarding getElementTagName on session 0722fdb5af6c178a3aed75698d9655b8 to remote] DEBUG org.asynchttpclient.netty.request.NettyRequestSender - Using pooled Channel '[id: 0x4720a65d, L:/127.0.0.1:54622 - R:localhost/127.0.0.1:37193]' for 'GET' to 'http://localhost:37193/session/0722fdb5af6c178a3aed75698d9655b8/element/b6b20421-c6b9-497a-a37c-503e81c376b0/name'
22:31:07.774 [Forwarding getElementTagName on session 0722fdb5af6c178a3aed75698d9655b8 to remote] DEBUG org.asynchttpclient.netty.request.NettyRequestSender - Using open Channel [id: 0x4720a65d, L:/127.0.0.1:54622 - R:localhost/127.0.0.1:37193] for GET '/session/0722fdb5af6c178a3aed75698d9655b8/element/b6b20421-c6b9-497a-a37c-503e81c376b0/name'
22:31:07.782 [AsyncHttpClient-1-14] DEBUG org.asynchttpclient.netty.handler.HttpHandler - 

Request DefaultFullHttpRequest(decodeResult: success, version: HTTP/1.1, content: EmptyByteBufBE)
GET /session/0722fdb5af6c178a3aed75698d9655b8/element/b6b20421-c6b9-497a-a37c-503e81c376b0/name HTTP/1.1
User-Agent: selenium/4.8.1 (java windows)
Cache-Control: no-cache
Content-Type: application/json; charset=utf-8
host: localhost:37193
accept: */*

Response DefaultHttpResponse(decodeResult: success, version: HTTP/1.1)
HTTP/1.1 200 OK
Content-Length: 16
Content-Type: application/json; charset=utf-8
cache-control: no-cache

22:31:07.782 [AsyncHttpClient-1-14] DEBUG org.asynchttpclient.netty.channel.ChannelManager - Adding key: http://localhost:37193 for channel [id: 0x4720a65d, L:/127.0.0.1:54622 - R:localhost/127.0.0.1:37193]
22:31:07.783 [Forwarding getElementTagName on session 0722fdb5af6c178a3aed75698d9655b8 to remote] DEBUG org.asynchttpclient.netty.request.NettyRequestSender - Using pooled Channel '[id: 0x4720a65d, L:/127.0.0.1:54622 - R:localhost/127.0.0.1:37193]' for 'GET' to 'http://localhost:37193/session/0722fdb5af6c178a3aed75698d9655b8/element/b6b20421-c6b9-497a-a37c-503e81c376b0/name'
22:31:07.783 [Forwarding getElementTagName on session 0722fdb5af6c178a3aed75698d9655b8 to remote] DEBUG org.asynchttpclient.netty.request.NettyRequestSender - Using open Channel [id: 0x4720a65d, L:/127.0.0.1:54622 - R:localhost/127.0.0.1:37193] for GET '/session/0722fdb5af6c178a3aed75698d9655b8/element/b6b20421-c6b9-497a-a37c-503e81c376b0/name'
22:31:07.787 [AsyncHttpClient-1-14] DEBUG org.asynchttpclient.netty.handler.HttpHandler - 

Request DefaultFullHttpRequest(decodeResult: success, version: HTTP/1.1, content: EmptyByteBufBE)
GET /session/0722fdb5af6c178a3aed75698d9655b8/element/b6b20421-c6b9-497a-a37c-503e81c376b0/name HTTP/1.1
User-Agent: selenium/4.8.1 (java windows)
Cache-Control: no-cache
Content-Type: application/json; charset=utf-8
host: localhost:37193
accept: */*

Response DefaultHttpResponse(decodeResult: success, version: HTTP/1.1)
HTTP/1.1 200 OK
Content-Length: 16
Content-Type: application/json; charset=utf-8
cache-control: no-cache

22:31:07.788 [AsyncHttpClient-1-14] DEBUG org.asynchttpclient.netty.channel.ChannelManager - Adding key: http://localhost:37193 for channel [id: 0x4720a65d, L:/127.0.0.1:54622 - R:localhost/127.0.0.1:37193]
22:31:07.789 [Forwarding findElement on session 0722fdb5af6c178a3aed75698d9655b8 to remote] DEBUG org.asynchttpclient.netty.request.NettyRequestSender - Using pooled Channel '[id: 0x4720a65d, L:/127.0.0.1:54622 - R:localhost/127.0.0.1:37193]' for 'POST' to 'http://localhost:37193/session/0722fdb5af6c178a3aed75698d9655b8/element'
22:31:07.789 [Forwarding findElement on session 0722fdb5af6c178a3aed75698d9655b8 to remote] DEBUG org.asynchttpclient.netty.request.NettyRequestSender - Using open Channel [id: 0x4720a65d, L:/127.0.0.1:54622 - R:localhost/127.0.0.1:37193] for POST '/session/0722fdb5af6c178a3aed75698d9655b8/element'
22:31:07.798 [AsyncHttpClient-1-14] DEBUG org.asynchttpclient.netty.handler.HttpHandler - 

Request DefaultHttpRequest(decodeResult: success, version: HTTP/1.1)
POST /session/0722fdb5af6c178a3aed75698d9655b8/element HTTP/1.1
User-Agent: selenium/4.8.1 (java windows)
Content-Length: 62
Content-Type: application/json; charset=utf-8
host: localhost:37193
accept: */*

Response DefaultHttpResponse(decodeResult: success, version: HTTP/1.1)
HTTP/1.1 200 OK
Content-Length: 88
Content-Type: application/json; charset=utf-8
cache-control: no-cache

22:31:07.798 [AsyncHttpClient-1-14] DEBUG org.asynchttpclient.netty.channel.ChannelManager - Adding key: http://localhost:37193 for channel [id: 0x4720a65d, L:/127.0.0.1:54622 - R:localhost/127.0.0.1:37193]
22:31:07.799 [Forwarding clickElement on session 0722fdb5af6c178a3aed75698d9655b8 to remote] DEBUG org.asynchttpclient.netty.request.NettyRequestSender - Using pooled Channel '[id: 0x4720a65d, L:/127.0.0.1:54622 - R:localhost/127.0.0.1:37193]' for 'POST' to 'http://localhost:37193/session/0722fdb5af6c178a3aed75698d9655b8/element/b6b20421-c6b9-497a-a37c-503e81c376b0/click'
22:31:07.799 [Forwarding clickElement on session 0722fdb5af6c178a3aed75698d9655b8 to remote] DEBUG org.asynchttpclient.netty.request.NettyRequestSender - Using open Channel [id: 0x4720a65d, L:/127.0.0.1:54622 - R:localhost/127.0.0.1:37193] for POST '/session/0722fdb5af6c178a3aed75698d9655b8/element/b6b20421-c6b9-497a-a37c-503e81c376b0/click'
22:31:07.872 [AsyncHttpClient-1-14] DEBUG org.asynchttpclient.netty.handler.HttpHandler - 

Request DefaultHttpRequest(decodeResult: success, version: HTTP/1.1)
POST /session/0722fdb5af6c178a3aed75698d9655b8/element/b6b20421-c6b9-497a-a37c-503e81c376b0/click HTTP/1.1
User-Agent: selenium/4.8.1 (java windows)
Content-Length: 50
Content-Type: application/json; charset=utf-8
host: localhost:37193
accept: */*

Response DefaultHttpResponse(decodeResult: success, version: HTTP/1.1)
HTTP/1.1 200 OK
Content-Length: 14
Content-Type: application/json; charset=utf-8
cache-control: no-cache

22:31:07.872 [AsyncHttpClient-1-14] DEBUG org.asynchttpclient.netty.channel.ChannelManager - Adding key: http://localhost:37193 for channel [id: 0x4720a65d, L:/127.0.0.1:54622 - R:localhost/127.0.0.1:37193]
22:31:07.887 [Forwarding getAlertText on session 0722fdb5af6c178a3aed75698d9655b8 to remote] DEBUG org.asynchttpclient.netty.request.NettyRequestSender - Using pooled Channel '[id: 0x4720a65d, L:/127.0.0.1:54622 - R:localhost/127.0.0.1:37193]' for 'GET' to 'http://localhost:37193/session/0722fdb5af6c178a3aed75698d9655b8/alert/text'
22:31:07.888 [Forwarding getAlertText on session 0722fdb5af6c178a3aed75698d9655b8 to remote] DEBUG org.asynchttpclient.netty.request.NettyRequestSender - Using open Channel [id: 0x4720a65d, L:/127.0.0.1:54622 - R:localhost/127.0.0.1:37193] for GET '/session/0722fdb5af6c178a3aed75698d9655b8/alert/text'
22:31:07.890 [AsyncHttpClient-1-14] DEBUG org.asynchttpclient.netty.handler.HttpHandler - 

Request DefaultFullHttpRequest(decodeResult: success, version: HTTP/1.1, content: EmptyByteBufBE)
GET /session/0722fdb5af6c178a3aed75698d9655b8/alert/text HTTP/1.1
User-Agent: selenium/4.8.1 (java windows)
Cache-Control: no-cache
Content-Type: application/json; charset=utf-8
host: localhost:37193
accept: */*

Response DefaultHttpResponse(decodeResult: success, version: HTTP/1.1)
HTTP/1.1 404 Not Found
Content-Length: 835
Content-Type: application/json; charset=utf-8
cache-control: no-cache

22:31:07.890 [AsyncHttpClient-1-14] DEBUG org.asynchttpclient.netty.channel.ChannelManager - Adding key: http://localhost:37193 for channel [id: 0x4720a65d, L:/127.0.0.1:54622 - R:localhost/127.0.0.1:37193]
22:31:07.892 [Forwarding getCurrentUrl on session 0722fdb5af6c178a3aed75698d9655b8 to remote] DEBUG org.asynchttpclient.netty.request.NettyRequestSender - Using pooled Channel '[id: 0x4720a65d, L:/127.0.0.1:54622 - R:localhost/127.0.0.1:37193]' for 'GET' to 'http://localhost:37193/session/0722fdb5af6c178a3aed75698d9655b8/url'
22:31:07.892 [Forwarding getCurrentUrl on session 0722fdb5af6c178a3aed75698d9655b8 to remote] DEBUG org.asynchttpclient.netty.request.NettyRequestSender - Using open Channel [id: 0x4720a65d, L:/127.0.0.1:54622 - R:localhost/127.0.0.1:37193] for GET '/session/0722fdb5af6c178a3aed75698d9655b8/url'
22:31:07.899 [AsyncHttpClient-1-14] DEBUG org.asynchttpclient.netty.handler.HttpHandler - 

Request DefaultFullHttpRequest(decodeResult: success, version: HTTP/1.1, content: EmptyByteBufBE)
GET /session/0722fdb5af6c178a3aed75698d9655b8/url HTTP/1.1
User-Agent: selenium/4.8.1 (java windows)
Cache-Control: no-cache
Content-Type: application/json; charset=utf-8
host: localhost:37193
accept: */*

Response DefaultHttpResponse(decodeResult: success, version: HTTP/1.1)
HTTP/1.1 200 OK
Content-Length: 51
Content-Type: application/json; charset=utf-8
cache-control: no-cache

22:31:07.899 [AsyncHttpClient-1-14] DEBUG org.asynchttpclient.netty.channel.ChannelManager - Adding key: http://localhost:37193 for channel [id: 0x4720a65d, L:/127.0.0.1:54622 - R:localhost/127.0.0.1:37193]
22:31:07.900 [Forwarding screenshot on session 0722fdb5af6c178a3aed75698d9655b8 to remote] DEBUG org.asynchttpclient.netty.request.NettyRequestSender - Using pooled Channel '[id: 0x4720a65d, L:/127.0.0.1:54622 - R:localhost/127.0.0.1:37193]' for 'GET' to 'http://localhost:37193/session/0722fdb5af6c178a3aed75698d9655b8/screenshot'
22:31:07.900 [Forwarding screenshot on session 0722fdb5af6c178a3aed75698d9655b8 to remote] DEBUG org.asynchttpclient.netty.request.NettyRequestSender - Using open Channel [id: 0x4720a65d, L:/127.0.0.1:54622 - R:localhost/127.0.0.1:37193] for GET '/session/0722fdb5af6c178a3aed75698d9655b8/screenshot'
22:31:08.190 [AsyncHttpClient-1-1] DEBUG org.asynchttpclient.netty.channel.DefaultChannelPool - Entry count for : http://localhost:54623 : 1
22:31:08.208 [AsyncHttpClient-1-14] DEBUG org.asynchttpclient.netty.handler.HttpHandler - 

Request DefaultFullHttpRequest(decodeResult: success, version: HTTP/1.1, content: EmptyByteBufBE)
GET /session/0722fdb5af6c178a3aed75698d9655b8/screenshot HTTP/1.1
User-Agent: selenium/4.8.1 (java windows)
Cache-Control: no-cache
Content-Type: application/json; charset=utf-8
host: localhost:37193
accept: */*

Response DefaultHttpResponse(decodeResult: success, version: HTTP/1.1)
HTTP/1.1 200 OK
Content-Length: 171316
Content-Type: application/json; charset=utf-8
cache-control: no-cache

22:31:08.209 [AsyncHttpClient-1-14] DEBUG org.asynchttpclient.netty.channel.ChannelManager - Adding key: http://localhost:37193 for channel [id: 0x4720a65d, L:/127.0.0.1:54622 - R:localhost/127.0.0.1:37193]
22:31:08.217 [main] DEBUG net.serenitybdd.core.photography.Darkroom - Send negative for processing for target\site\serenity\cbf415f63a37d6c88a990ebbc985182ef562292b9989ec400451c73caeed4c86.png
22:31:08.218 [main] DEBUG net.thucydides.core.steps.StepInterceptor - STEP DONE: clickLanjutkanButton
  &amp#27;[32mWhen &amp#27;[0m&amp#27;[32mI click on the lanjutkan button&amp#27;[0m                          &amp#27;[90m# starter.stepdefintions.SelectProductSteps.clickLanjutkanButton()&amp#27;[0m
22:31:08.218 [Darkroom Processing Line] DEBUG net.serenitybdd.core.photography.DarkroomProcessingLine - Processing screenshot image in /var/screenshots/screenshot-9399662331813730516
22:31:08.218 [Darkroom Processing Line] DEBUG net.serenitybdd.core.photography.DarkroomProcessingLine - Saving screenshot to target\site\serenity\cbf415f63a37d6c88a990ebbc985182ef562292b9989ec400451c73caeed4c86.png
22:31:08.233 [Forwarding getPageSource on session 0722fdb5af6c178a3aed75698d9655b8 to remote] DEBUG org.asynchttpclient.netty.request.NettyRequestSender - Using pooled Channel '[id: 0x4720a65d, L:/127.0.0.1:54622 - R:localhost/127.0.0.1:37193]' for 'POST' to 'http://localhost:37193/session/0722fdb5af6c178a3aed75698d9655b8/execute/sync'
22:31:08.234 [Forwarding getPageSource on session 0722fdb5af6c178a3aed75698d9655b8 to remote] DEBUG org.asynchttpclient.netty.request.NettyRequestSender - Using open Channel [id: 0x4720a65d, L:/127.0.0.1:54622 - R:localhost/127.0.0.1:37193] for POST '/session/0722fdb5af6c178a3aed75698d9655b8/execute/sync'
22:31:08.250 [AsyncHttpClient-1-14] DEBUG org.asynchttpclient.netty.handler.HttpHandler - 

Request DefaultHttpRequest(decodeResult: success, version: HTTP/1.1)
POST /session/0722fdb5af6c178a3aed75698d9655b8/execute/sync HTTP/1.1
User-Agent: selenium/4.8.1 (java windows)
Content-Length: 176
Content-Type: application/json; charset=utf-8
host: localhost:37193
accept: */*

Response DefaultHttpResponse(decodeResult: success, version: HTTP/1.1)
HTTP/1.1 200 OK
Content-Length: 98817
Content-Type: application/json; charset=utf-8
cache-control: no-cache

22:31:08.251 [AsyncHttpClient-1-14] DEBUG org.asynchttpclient.netty.channel.ChannelManager - Adding key: http://localhost:37193 for channel [id: 0x4720a65d, L:/127.0.0.1:54622 - R:localhost/127.0.0.1:37193]
22:31:08.260 [Forwarding getCurrentUrl on session 0722fdb5af6c178a3aed75698d9655b8 to remote] DEBUG org.asynchttpclient.netty.request.NettyRequestSender - Using pooled Channel '[id: 0x4720a65d, L:/127.0.0.1:54622 - R:localhost/127.0.0.1:37193]' for 'GET' to 'http://localhost:37193/session/0722fdb5af6c178a3aed75698d9655b8/url'
22:31:08.260 [Forwarding getCurrentUrl on session 0722fdb5af6c178a3aed75698d9655b8 to remote] DEBUG org.asynchttpclient.netty.request.NettyRequestSender - Using open Channel [id: 0x4720a65d, L:/127.0.0.1:54622 - R:localhost/127.0.0.1:37193] for GET '/session/0722fdb5af6c178a3aed75698d9655b8/url'
22:31:08.267 [AsyncHttpClient-1-14] DEBUG org.asynchttpclient.netty.handler.HttpHandler - 

Request DefaultFullHttpRequest(decodeResult: success, version: HTTP/1.1, content: EmptyByteBufBE)
GET /session/0722fdb5af6c178a3aed75698d9655b8/url HTTP/1.1
User-Agent: selenium/4.8.1 (java windows)
Cache-Control: no-cache
Content-Type: application/json; charset=utf-8
host: localhost:37193
accept: */*

Response DefaultHttpResponse(decodeResult: success, version: HTTP/1.1)
HTTP/1.1 200 OK
Content-Length: 51
Content-Type: application/json; charset=utf-8
cache-control: no-cache

22:31:08.267 [AsyncHttpClient-1-14] DEBUG org.asynchttpclient.netty.channel.ChannelManager - Adding key: http://localhost:37193 for channel [id: 0x4720a65d, L:/127.0.0.1:54622 - R:localhost/127.0.0.1:37193]
22:31:08.280 [Forwarding getAlertText on session 0722fdb5af6c178a3aed75698d9655b8 to remote] DEBUG org.asynchttpclient.netty.request.NettyRequestSender - Using pooled Channel '[id: 0x4720a65d, L:/127.0.0.1:54622 - R:localhost/127.0.0.1:37193]' for 'GET' to 'http://localhost:37193/session/0722fdb5af6c178a3aed75698d9655b8/alert/text'
22:31:08.280 [Forwarding getAlertText on session 0722fdb5af6c178a3aed75698d9655b8 to remote] DEBUG org.asynchttpclient.netty.request.NettyRequestSender - Using open Channel [id: 0x4720a65d, L:/127.0.0.1:54622 - R:localhost/127.0.0.1:37193] for GET '/session/0722fdb5af6c178a3aed75698d9655b8/alert/text'
22:31:08.283 [AsyncHttpClient-1-14] DEBUG org.asynchttpclient.netty.handler.HttpHandler - 

Request DefaultFullHttpRequest(decodeResult: success, version: HTTP/1.1, content: EmptyByteBufBE)
GET /session/0722fdb5af6c178a3aed75698d9655b8/alert/text HTTP/1.1
User-Agent: selenium/4.8.1 (java windows)
Cache-Control: no-cache
Content-Type: application/json; charset=utf-8
host: localhost:37193
accept: */*

Response DefaultHttpResponse(decodeResult: success, version: HTTP/1.1)
HTTP/1.1 404 Not Found
Content-Length: 835
Content-Type: application/json; charset=utf-8
cache-control: no-cache

22:31:08.283 [AsyncHttpClient-1-14] DEBUG org.asynchttpclient.netty.channel.ChannelManager - Adding key: http://localhost:37193 for channel [id: 0x4720a65d, L:/127.0.0.1:54622 - R:localhost/127.0.0.1:37193]
22:31:08.284 [Forwarding getCurrentUrl on session 0722fdb5af6c178a3aed75698d9655b8 to remote] DEBUG org.asynchttpclient.netty.request.NettyRequestSender - Using pooled Channel '[id: 0x4720a65d, L:/127.0.0.1:54622 - R:localhost/127.0.0.1:37193]' for 'GET' to 'http://localhost:37193/session/0722fdb5af6c178a3aed75698d9655b8/url'
22:31:08.284 [Forwarding getCurrentUrl on session 0722fdb5af6c178a3aed75698d9655b8 to remote] DEBUG org.asynchttpclient.netty.request.NettyRequestSender - Using open Channel [id: 0x4720a65d, L:/127.0.0.1:54622 - R:localhost/127.0.0.1:37193] for GET '/session/0722fdb5af6c178a3aed75698d9655b8/url'
22:31:08.289 [AsyncHttpClient-1-14] DEBUG org.asynchttpclient.netty.handler.HttpHandler - 

Request DefaultFullHttpRequest(decodeResult: success, version: HTTP/1.1, content: EmptyByteBufBE)
GET /session/0722fdb5af6c178a3aed75698d9655b8/url HTTP/1.1
User-Agent: selenium/4.8.1 (java windows)
Cache-Control: no-cache
Content-Type: application/json; charset=utf-8
host: localhost:37193
accept: */*

Response DefaultHttpResponse(decodeResult: success, version: HTTP/1.1)
HTTP/1.1 200 OK
Content-Length: 51
Content-Type: application/json; charset=utf-8
cache-control: no-cache

22:31:08.289 [AsyncHttpClient-1-14] DEBUG org.asynchttpclient.netty.channel.ChannelManager - Adding key: http://localhost:37193 for channel [id: 0x4720a65d, L:/127.0.0.1:54622 - R:localhost/127.0.0.1:37193]
22:31:08.290 [Forwarding screenshot on session 0722fdb5af6c178a3aed75698d9655b8 to remote] DEBUG org.asynchttpclient.netty.request.NettyRequestSender - Using pooled Channel '[id: 0x4720a65d, L:/127.0.0.1:54622 - R:localhost/127.0.0.1:37193]' for 'GET' to 'http://localhost:37193/session/0722fdb5af6c178a3aed75698d9655b8/screenshot'
22:31:08.290 [Forwarding screenshot on session 0722fdb5af6c178a3aed75698d9655b8 to remote] DEBUG org.asynchttpclient.netty.request.NettyRequestSender - Using open Channel [id: 0x4720a65d, L:/127.0.0.1:54622 - R:localhost/127.0.0.1:37193] for GET '/session/0722fdb5af6c178a3aed75698d9655b8/screenshot'
22:31:08.581 [AsyncHttpClient-1-14] DEBUG org.asynchttpclient.netty.handler.HttpHandler - 

Request DefaultFullHttpRequest(decodeResult: success, version: HTTP/1.1, content: EmptyByteBufBE)
GET /session/0722fdb5af6c178a3aed75698d9655b8/screenshot HTTP/1.1
User-Agent: selenium/4.8.1 (java windows)
Cache-Control: no-cache
Content-Type: application/json; charset=utf-8
host: localhost:37193
accept: */*

Response DefaultHttpResponse(decodeResult: success, version: HTTP/1.1)
HTTP/1.1 200 OK
Content-Length: 171152
Content-Type: application/json; charset=utf-8
cache-control: no-cache

22:31:08.582 [AsyncHttpClient-1-14] DEBUG org.asynchttpclient.netty.channel.ChannelManager - Adding key: http://localhost:37193 for channel [id: 0x4720a65d, L:/127.0.0.1:54622 - R:localhost/127.0.0.1:37193]
22:31:08.588 [main] DEBUG net.serenitybdd.core.photography.Darkroom - Send negative for processing for target\site\serenity\ad461240019f3e71780b60c6ab20e4a6d0c0063f8c1f8b79e30ba33f3bd03de4.png
22:31:08.588 [Darkroom Processing Line] DEBUG net.serenitybdd.core.photography.DarkroomProcessingLine - Processing screenshot image in /var/screenshots/screenshot-12429675449564292404
22:31:08.589 [Darkroom Processing Line] DEBUG net.serenitybdd.core.photography.DarkroomProcessingLine - Saving screenshot to target\site\serenity\ad461240019f3e71780b60c6ab20e4a6d0c0063f8c1f8b79e30ba33f3bd03de4.png
22:31:08.590 [Forwarding getPageSource on session 0722fdb5af6c178a3aed75698d9655b8 to remote] DEBUG org.asynchttpclient.netty.request.NettyRequestSender - Using pooled Channel '[id: 0x4720a65d, L:/127.0.0.1:54622 - R:localhost/127.0.0.1:37193]' for 'POST' to 'http://localhost:37193/session/0722fdb5af6c178a3aed75698d9655b8/execute/sync'
22:31:08.590 [Forwarding getPageSource on session 0722fdb5af6c178a3aed75698d9655b8 to remote] DEBUG org.asynchttpclient.netty.request.NettyRequestSender - Using open Channel [id: 0x4720a65d, L:/127.0.0.1:54622 - R:localhost/127.0.0.1:37193] for POST '/session/0722fdb5af6c178a3aed75698d9655b8/execute/sync'
22:31:08.607 [AsyncHttpClient-1-14] DEBUG org.asynchttpclient.netty.handler.HttpHandler - 

Request DefaultHttpRequest(decodeResult: success, version: HTTP/1.1)
POST /session/0722fdb5af6c178a3aed75698d9655b8/execute/sync HTTP/1.1
User-Agent: selenium/4.8.1 (java windows)
Content-Length: 176
Content-Type: application/json; charset=utf-8
host: localhost:37193
accept: */*

Response DefaultHttpResponse(decodeResult: success, version: HTTP/1.1)
HTTP/1.1 200 OK
Content-Length: 99211
Content-Type: application/json; charset=utf-8
cache-control: no-cache

22:31:08.608 [AsyncHttpClient-1-14] DEBUG org.asynchttpclient.netty.channel.ChannelManager - Adding key: http://localhost:37193 for channel [id: 0x4720a65d, L:/127.0.0.1:54622 - R:localhost/127.0.0.1:37193]
22:31:08.618 [Forwarding getCurrentUrl on session 0722fdb5af6c178a3aed75698d9655b8 to remote] DEBUG org.asynchttpclient.netty.request.NettyRequestSender - Using pooled Channel '[id: 0x4720a65d, L:/127.0.0.1:54622 - R:localhost/127.0.0.1:37193]' for 'GET' to 'http://localhost:37193/session/0722fdb5af6c178a3aed75698d9655b8/url'
22:31:08.618 [Forwarding getCurrentUrl on session 0722fdb5af6c178a3aed75698d9655b8 to remote] DEBUG org.asynchttpclient.netty.request.NettyRequestSender - Using open Channel [id: 0x4720a65d, L:/127.0.0.1:54622 - R:localhost/127.0.0.1:37193] for GET '/session/0722fdb5af6c178a3aed75698d9655b8/url'
22:31:08.623 [AsyncHttpClient-1-14] DEBUG org.asynchttpclient.netty.handler.HttpHandler - 

Request DefaultFullHttpRequest(decodeResult: success, version: HTTP/1.1, content: EmptyByteBufBE)
GET /session/0722fdb5af6c178a3aed75698d9655b8/url HTTP/1.1
User-Agent: selenium/4.8.1 (java windows)
Cache-Control: no-cache
Content-Type: application/json; charset=utf-8
host: localhost:37193
accept: */*

Response DefaultHttpResponse(decodeResult: success, version: HTTP/1.1)
HTTP/1.1 200 OK
Content-Length: 51
Content-Type: application/json; charset=utf-8
cache-control: no-cache

22:31:08.623 [AsyncHttpClient-1-14] DEBUG org.asynchttpclient.netty.channel.ChannelManager - Adding key: http://localhost:37193 for channel [id: 0x4720a65d, L:/127.0.0.1:54622 - R:localhost/127.0.0.1:37193]
22:31:08.627 [main] DEBUG net.thucydides.core.steps.StepInterceptor - STARTING STEP: SelectProductSteps.validateOnSelectNominal - validateOnSelectNominal
22:31:08.631 [Forwarding findElement on session 0722fdb5af6c178a3aed75698d9655b8 to remote] DEBUG org.asynchttpclient.netty.request.NettyRequestSender - Using pooled Channel '[id: 0x4720a65d, L:/127.0.0.1:54622 - R:localhost/127.0.0.1:37193]' for 'POST' to 'http://localhost:37193/session/0722fdb5af6c178a3aed75698d9655b8/element'
22:31:08.632 [Forwarding findElement on session 0722fdb5af6c178a3aed75698d9655b8 to remote] DEBUG org.asynchttpclient.netty.request.NettyRequestSender - Using open Channel [id: 0x4720a65d, L:/127.0.0.1:54622 - R:localhost/127.0.0.1:37193] for POST '/session/0722fdb5af6c178a3aed75698d9655b8/element'
22:31:09.165 [AsyncHttpClient-1-14] DEBUG org.asynchttpclient.netty.handler.HttpHandler - 

Request DefaultHttpRequest(decodeResult: success, version: HTTP/1.1)
POST /session/0722fdb5af6c178a3aed75698d9655b8/element HTTP/1.1
User-Agent: selenium/4.8.1 (java windows)
Content-Length: 63
Content-Type: application/json; charset=utf-8
host: localhost:37193
accept: */*

Response DefaultHttpResponse(decodeResult: success, version: HTTP/1.1)
HTTP/1.1 200 OK
Content-Length: 88
Content-Type: application/json; charset=utf-8
cache-control: no-cache

22:31:09.165 [AsyncHttpClient-1-14] DEBUG org.asynchttpclient.netty.channel.ChannelManager - Adding key: http://localhost:37193 for channel [id: 0x4720a65d, L:/127.0.0.1:54622 - R:localhost/127.0.0.1:37193]
22:31:09.169 [Forwarding isElementDisplayed on session 0722fdb5af6c178a3aed75698d9655b8 to remote] DEBUG org.asynchttpclient.netty.request.NettyRequestSender - Using pooled Channel '[id: 0x4720a65d, L:/127.0.0.1:54622 - R:localhost/127.0.0.1:37193]' for 'POST' to 'http://localhost:37193/session/0722fdb5af6c178a3aed75698d9655b8/execute/sync'
22:31:09.169 [Forwarding isElementDisplayed on session 0722fdb5af6c178a3aed75698d9655b8 to remote] DEBUG org.asynchttpclient.netty.request.NettyRequestSender - Using open Channel [id: 0x4720a65d, L:/127.0.0.1:54622 - R:localhost/127.0.0.1:37193] for POST '/session/0722fdb5af6c178a3aed75698d9655b8/execute/sync'
22:31:09.199 [AsyncHttpClient-1-14] DEBUG org.asynchttpclient.netty.handler.HttpHandler - 

Request DefaultHttpRequest(decodeResult: success, version: HTTP/1.1)
POST /session/0722fdb5af6c178a3aed75698d9655b8/execute/sync HTTP/1.1
User-Agent: selenium/4.8.1 (java windows)
Content-Length: 48807
Content-Type: application/json; charset=utf-8
host: localhost:37193
accept: */*

Response DefaultHttpResponse(decodeResult: success, version: HTTP/1.1)
HTTP/1.1 200 OK
Content-Length: 14
Content-Type: application/json; charset=utf-8
cache-control: no-cache

22:31:09.199 [AsyncHttpClient-1-14] DEBUG org.asynchttpclient.netty.channel.ChannelManager - Adding key: http://localhost:37193 for channel [id: 0x4720a65d, L:/127.0.0.1:54622 - R:localhost/127.0.0.1:37193]
22:31:09.210 [Forwarding getAlertText on session 0722fdb5af6c178a3aed75698d9655b8 to remote] DEBUG org.asynchttpclient.netty.request.NettyRequestSender - Using pooled Channel '[id: 0x4720a65d, L:/127.0.0.1:54622 - R:localhost/127.0.0.1:37193]' for 'GET' to 'http://localhost:37193/session/0722fdb5af6c178a3aed75698d9655b8/alert/text'
22:31:09.210 [Forwarding getAlertText on session 0722fdb5af6c178a3aed75698d9655b8 to remote] DEBUG org.asynchttpclient.netty.request.NettyRequestSender - Using open Channel [id: 0x4720a65d, L:/127.0.0.1:54622 - R:localhost/127.0.0.1:37193] for GET '/session/0722fdb5af6c178a3aed75698d9655b8/alert/text'
22:31:09.212 [AsyncHttpClient-1-14] DEBUG org.asynchttpclient.netty.handler.HttpHandler - 

Request DefaultFullHttpRequest(decodeResult: success, version: HTTP/1.1, content: EmptyByteBufBE)
GET /session/0722fdb5af6c178a3aed75698d9655b8/alert/text HTTP/1.1
User-Agent: selenium/4.8.1 (java windows)
Cache-Control: no-cache
Content-Type: application/json; charset=utf-8
host: localhost:37193
accept: */*

Response DefaultHttpResponse(decodeResult: success, version: HTTP/1.1)
HTTP/1.1 404 Not Found
Content-Length: 835
Content-Type: application/json; charset=utf-8
cache-control: no-cache

22:31:09.213 [AsyncHttpClient-1-14] DEBUG org.asynchttpclient.netty.channel.ChannelManager - Adding key: http://localhost:37193 for channel [id: 0x4720a65d, L:/127.0.0.1:54622 - R:localhost/127.0.0.1:37193]
22:31:09.214 [Forwarding getCurrentUrl on session 0722fdb5af6c178a3aed75698d9655b8 to remote] DEBUG org.asynchttpclient.netty.request.NettyRequestSender - Using pooled Channel '[id: 0x4720a65d, L:/127.0.0.1:54622 - R:localhost/127.0.0.1:37193]' for 'GET' to 'http://localhost:37193/session/0722fdb5af6c178a3aed75698d9655b8/url'
22:31:09.214 [Forwarding getCurrentUrl on session 0722fdb5af6c178a3aed75698d9655b8 to remote] DEBUG org.asynchttpclient.netty.request.NettyRequestSender - Using open Channel [id: 0x4720a65d, L:/127.0.0.1:54622 - R:localhost/127.0.0.1:37193] for GET '/session/0722fdb5af6c178a3aed75698d9655b8/url'
22:31:09.220 [AsyncHttpClient-1-14] DEBUG org.asynchttpclient.netty.handler.HttpHandler - 

Request DefaultFullHttpRequest(decodeResult: success, version: HTTP/1.1, content: EmptyByteBufBE)
GET /session/0722fdb5af6c178a3aed75698d9655b8/url HTTP/1.1
User-Agent: selenium/4.8.1 (java windows)
Cache-Control: no-cache
Content-Type: application/json; charset=utf-8
host: localhost:37193
accept: */*

Response DefaultHttpResponse(decodeResult: success, version: HTTP/1.1)
HTTP/1.1 200 OK
Content-Length: 51
Content-Type: application/json; charset=utf-8
cache-control: no-cache

22:31:09.220 [AsyncHttpClient-1-14] DEBUG org.asynchttpclient.netty.channel.ChannelManager - Adding key: http://localhost:37193 for channel [id: 0x4720a65d, L:/127.0.0.1:54622 - R:localhost/127.0.0.1:37193]
22:31:09.221 [Forwarding screenshot on session 0722fdb5af6c178a3aed75698d9655b8 to remote] DEBUG org.asynchttpclient.netty.request.NettyRequestSender - Using pooled Channel '[id: 0x4720a65d, L:/127.0.0.1:54622 - R:localhost/127.0.0.1:37193]' for 'GET' to 'http://localhost:37193/session/0722fdb5af6c178a3aed75698d9655b8/screenshot'
22:31:09.221 [Forwarding screenshot on session 0722fdb5af6c178a3aed75698d9655b8 to remote] DEBUG org.asynchttpclient.netty.request.NettyRequestSender - Using open Channel [id: 0x4720a65d, L:/127.0.0.1:54622 - R:localhost/127.0.0.1:37193] for GET '/session/0722fdb5af6c178a3aed75698d9655b8/screenshot'
22:31:09.284 [AsyncHttpClient-1-1] DEBUG org.asynchttpclient.netty.channel.DefaultChannelPool - Entry count for : http://localhost:54623 : 1
22:31:09.442 [AsyncHttpClient-1-14] DEBUG org.asynchttpclient.netty.handler.HttpHandler - 

Request DefaultFullHttpRequest(decodeResult: success, version: HTTP/1.1, content: EmptyByteBufBE)
GET /session/0722fdb5af6c178a3aed75698d9655b8/screenshot HTTP/1.1
User-Agent: selenium/4.8.1 (java windows)
Cache-Control: no-cache
Content-Type: application/json; charset=utf-8
host: localhost:37193
accept: */*

Response DefaultHttpResponse(decodeResult: success, version: HTTP/1.1)
HTTP/1.1 200 OK
Content-Length: 210984
Content-Type: application/json; charset=utf-8
cache-control: no-cache

22:31:09.443 [AsyncHttpClient-1-14] DEBUG org.asynchttpclient.netty.channel.ChannelManager - Adding key: http://localhost:37193 for channel [id: 0x4720a65d, L:/127.0.0.1:54622 - R:localhost/127.0.0.1:37193]
22:31:09.451 [main] DEBUG net.serenitybdd.core.photography.Darkroom - Send negative for processing for target\site\serenity\feeb2824cf5c53a209454eb7124d51a12c7b9fab7208177e4bc8efe6ccfbee57.png
22:31:09.452 [main] DEBUG net.thucydides.core.steps.StepInterceptor - STEP DONE: validateOnSelectNominal
  &amp#27;[32mThen &amp#27;[0m&amp#27;[32mI should be redirected to select nominal&amp#27;[0m                 &amp#27;[90m# starter.stepdefintions.SelectProductSteps.validateOnSelectNominal()&amp#27;[0m
22:31:09.452 [Darkroom Processing Line] DEBUG net.serenitybdd.core.photography.DarkroomProcessingLine - Processing screenshot image in /var/screenshots/screenshot-4295809539349957850
22:31:09.452 [Darkroom Processing Line] DEBUG net.serenitybdd.core.photography.DarkroomProcessingLine - Saving screenshot to target\site\serenity\feeb2824cf5c53a209454eb7124d51a12c7b9fab7208177e4bc8efe6ccfbee57.png
22:31:09.458 [main] INFO  - 
  _____   ___   ___   _____     ___     _     ___   ___   ___   ___  
 |_   _| | __| / __| |_   _|   | _ \   /_\   / __| / __| | __| |   \ 
   | |   | _|  \__ \   | |     |  _/  / _ \  \__ \ \__ \ | _|  | |) |
   |_|   |___| |___/   |_|     |_|   /_/ \_\ |___/ |___/ |___| |___/ 

Input correct nomor meter and correct nomor handphone
----------------------------------------------------------------------
22:31:09.460 [AsyncHttpClient-1-16] DEBUG org.asynchttpclient.netty.handler.WebSocketHandler - Channel Closed: [id: 0xa763fe22, L:/127.0.0.1:54630 ! R:localhost/127.0.0.1:54623] with attribute NettyResponseFuture{currentRetry=0,
	isDone=1,
	isCancelled=0,
	asyncHandler=org.asynchttpclient.ws.WebSocketUpgradeHandler@6e3c8d87,
	nettyRequest=org.asynchttpclient.netty.request.NettyRequest@2b3e1e24,
	future=java.util.concurrent.CompletableFuture@688ea6ea[Completed normally],
	uri=ws://localhost:54623/devtools/browser/d9f42115-cd65-439f-b5fd-22fd4e345275,
	keepAlive=true,
	redirectCount=0,
	timeoutsHolder=null,
	inAuth=0,
	touch=1680967849927}
22:31:09.460 [AsyncHttpClient-1-16] DEBUG org.asynchttpclient.netty.channel.ChannelManager - Closing Channel [id: 0xa763fe22, L:/127.0.0.1:54630 ! R:localhost/127.0.0.1:54623] 
22:31:09.460 [Driver Command Executor] DEBUG org.asynchttpclient.netty.request.NettyRequestSender - Using pooled Channel '[id: 0x4720a65d, L:/127.0.0.1:54622 - R:localhost/127.0.0.1:37193]' for 'DELETE' to 'http://localhost:37193/session/0722fdb5af6c178a3aed75698d9655b8'
22:31:09.460 [Driver Command Executor] DEBUG org.asynchttpclient.netty.request.NettyRequestSender - Using open Channel [id: 0x4720a65d, L:/127.0.0.1:54622 - R:localhost/127.0.0.1:37193] for DELETE '/session/0722fdb5af6c178a3aed75698d9655b8'
22:31:09.513 [AsyncHttpClient-1-15] DEBUG org.asynchttpclient.netty.handler.HttpHandler - Unexpected I/O exception on channel [id: 0xd7ec388c, L:/127.0.0.1:54629 - R:localhost/127.0.0.1:54623]
java.net.SocketException: Connection reset
	at java.base/sun.nio.ch.SocketChannelImpl.throwConnectionReset(SocketChannelImpl.java:367)
	at java.base/sun.nio.ch.SocketChannelImpl.read(SocketChannelImpl.java:398)
	at io.netty.buffer.PooledByteBuf.setBytes(PooledByteBuf.java:259)
	at io.netty.buffer.AbstractByteBuf.writeBytes(AbstractByteBuf.java:1132)
	at io.netty.channel.socket.nio.NioSocketChannel.doReadBytes(NioSocketChannel.java:357)
	at io.netty.channel.nio.AbstractNioByteChannel$NioByteUnsafe.read(AbstractNioByteChannel.java:151)
	at io.netty.channel.nio.NioEventLoop.processSelectedKey(NioEventLoop.java:788)
	at io.netty.channel.nio.NioEventLoop.processSelectedKeysOptimized(NioEventLoop.java:724)
	at io.netty.channel.nio.NioEventLoop.processSelectedKeys(NioEventLoop.java:650)
	at io.netty.channel.nio.NioEventLoop.run(NioEventLoop.java:562)
	at io.netty.util.concurrent.SingleThreadEventExecutor$4.run(SingleThreadEventExecutor.java:997)
	at io.netty.util.internal.ThreadExecutorMap$2.run(ThreadExecutorMap.java:74)
	at io.netty.util.concurrent.FastThreadLocalRunnable.run(FastThreadLocalRunnable.java:30)
	at java.base/java.lang.Thread.run(Thread.java:832)
22:31:09.513 [AsyncHttpClient-1-15] DEBUG org.asynchttpclient.netty.channel.ChannelManager - Closing Channel [id: 0xd7ec388c, L:/127.0.0.1:54629 - R:localhost/127.0.0.1:54623] 
22:31:09.513 [AsyncHttpClient-1-15] DEBUG org.asynchttpclient.netty.handler.HttpHandler - Channel Closed: [id: 0xd7ec388c, L:/127.0.0.1:54629 ! R:localhost/127.0.0.1:54623] with attribute DISCARD
22:31:09.534 [AsyncHttpClient-1-14] DEBUG org.asynchttpclient.netty.handler.HttpHandler - 

Request DefaultFullHttpRequest(decodeResult: success, version: HTTP/1.1, content: EmptyByteBufBE)
DELETE /session/0722fdb5af6c178a3aed75698d9655b8 HTTP/1.1
User-Agent: selenium/4.8.1 (java windows)
Content-Type: application/json; charset=utf-8
host: localhost:37193
accept: */*

Response DefaultHttpResponse(decodeResult: success, version: HTTP/1.1)
HTTP/1.1 200 OK
Content-Length: 14
Content-Type: application/json; charset=utf-8
cache-control: no-cache

22:31:09.535 [AsyncHttpClient-1-14] DEBUG org.asynchttpclient.netty.channel.ChannelManager - Adding key: http://localhost:37193 for channel [id: 0x4720a65d, L:/127.0.0.1:54622 - R:localhost/127.0.0.1:37193]
22:31:09.730 [AsyncHttpClient-1-14] DEBUG org.asynchttpclient.netty.handler.HttpHandler - Channel Closed: [id: 0x4720a65d, L:/127.0.0.1:54622 ! R:localhost/127.0.0.1:37193] with attribute DISCARD
]]></system-out>
    <system-err><![CDATA[Starting ChromeDriver 111.0.5563.64 (c710e93d5b63b7095afe8c2c17df34408078439d-refs/branch-heads/5563@{#995}) on port 37193
Only local connections are allowed.
Please see https://chromedriver.chromium.org/security-considerations for suggestions on keeping ChromeDriver safe.
ChromeDriver was started successfully.
[1680967849.874][WARNING]: This version of ChromeDriver has not been tested with Chrome version 112.
Apr 08, 2023 10:30:49 PM org.openqa.selenium.devtools.CdpVersionFinder findNearestMatch
WARNING: Unable to find an exact match for CDP version 112, so returning the closest version found: 110
]]></system-err>
  </testcase>
  <testcase name="Input incorrect nomor meter and correct nomor handphone" classname="Select Product ListrikPLN" time="13.326">
    <error type="org.openqa.selenium.NoSuchElementException"><![CDATA[org.openqa.selenium.NoSuchElementException: 
no such element: Unable to locate element: {"method":"xpath","selector":"//p[contains(text(),'Nomor salah / terblokir / expired')]"}
  (Session info: chrome=112.0.5615.49)
For documentation on this error, please visit: https://selenium.dev/exceptions/#no_such_element
Build info: version: '4.8.1', revision: '8ebccac989'
System info: os.name: 'Windows 10', os.arch: 'amd64', os.version: '10.0', java.version: '15'
Driver info: org.openqa.selenium.chrome.ChromeDriver
Command: [341bbeb16a338e90ac6fa37ece0c5a30, findElement {using=xpath, value=//p[contains(text(),'Nomor salah / terblokir / expired')]}]
Capabilities {acceptInsecureCerts: false, browserName: chrome, browserVersion: 112.0.5615.49, chrome: {chromedriverVersion: 111.0.5563.64 (c710e93d5b63..., userDataDir: C:\Users\WINDOW~1\AppData\L...}, goog:chromeOptions: {debuggerAddress: localhost:54666}, networkConnectionEnabled: false, pageLoadStrategy: normal, platformName: WINDOWS, proxy: Proxy(), se:cdp: ws://localhost:54666/devtoo..., se:cdpVersion: 112.0.5615.49, setWindowRect: true, strictFileInteractability: false, timeouts: {implicit: 0, pageLoad: 300000, script: 30000}, unhandledPromptBehavior: dismiss and notify, webauthn:extension:credBlob: true, webauthn:extension:largeBlob: true, webauthn:extension:minPinLength: true, webauthn:extension:prf: true, webauthn:virtualAuthenticators: true}
Session ID: 341bbeb16a338e90ac6fa37ece0c5a30
]]></error>
    <system-out><![CDATA[
Scenario: Input incorrect nomor meter and correct nomor handphone &amp#27;[90m# src/test/resources/features/SelectProduct.feature:11&amp#27;[0m
22:31:10.264 [main] DEBUG io.cucumber.core.plugin.SerenityReporter - Running feature from file:///C:/Users/WINDOWS%2010/Documents/GitHub/QE_Andira_Ms/11_Web_Programming_&_Testing/Praktikum/Testing_with_Serenity/Prioritas2/alta/src/test/resources/features/SelectProduct.feature
22:31:10.272 [main] INFO  - 
  _____   ___   ___   _____     ___   _____     _     ___   _____   ___   ___  
 |_   _| | __| / __| |_   _|   / __| |_   _|   /_\   | _ \ |_   _| | __| |   \ 
   | |   | _|  \__ \   | |     \__ \   | |    / _ \  |   /   | |   | _|  | |) |
   |_|   |___| |___/   |_|     |___/   |_|   /_/ \_\ |_|_\   |_|   |___| |___/ 

Input incorrect nomor meter and correct nomor handphone(select-product-listrikpln;input-incorrect-nomor-meter-and-correct-nomor-handphone)
--------------------------------------------------------------------------------
22:31:10.338 [main] DEBUG net.thucydides.core.steps.StepInterceptor - STARTING STEP: SelectProductSteps.onTheHomePage - openPage
22:31:10.380 [AsyncHttpClient-1-1] DEBUG org.asynchttpclient.netty.channel.DefaultChannelPool - Entry count for : http://localhost:37193 : 1
22:31:10.380 [AsyncHttpClient-1-1] DEBUG org.asynchttpclient.netty.channel.DefaultChannelPool - Entry count for : http://localhost:54623 : 1
22:31:10.380 [AsyncHttpClient-1-1] DEBUG org.asynchttpclient.netty.channel.DefaultChannelPool - Adding Candidate expired Channel [id: 0x4720a65d, L:/127.0.0.1:54622 ! R:localhost/127.0.0.1:37193] isIdleTimeoutExpired=false isRemotelyClosed=true isTtlExpired=false
22:31:10.380 [AsyncHttpClient-1-1] DEBUG org.asynchttpclient.netty.channel.DefaultChannelPool - Closing Idle Channel [id: 0x4720a65d, L:/127.0.0.1:54622 ! R:localhost/127.0.0.1:37193]
22:31:10.380 [AsyncHttpClient-1-1] DEBUG org.asynchttpclient.netty.channel.DefaultChannelPool - Adding Candidate expired Channel [id: 0xd7ec388c, L:/127.0.0.1:54629 ! R:localhost/127.0.0.1:54623] isIdleTimeoutExpired=false isRemotelyClosed=true isTtlExpired=false
22:31:10.380 [AsyncHttpClient-1-1] DEBUG org.asynchttpclient.netty.channel.DefaultChannelPool - Closing Idle Channel [id: 0xd7ec388c, L:/127.0.0.1:54629 ! R:localhost/127.0.0.1:54623]
22:31:10.380 [AsyncHttpClient-1-1] DEBUG org.asynchttpclient.netty.channel.DefaultChannelPool - Closed 2 connections out of 2 in 0 ms
22:31:10.420 [main] INFO net.serenitybdd.core.webdriver.driverproviders.ChromeDriverProvider - Starting Chrome driver instance with capabilities:
22:31:10.421 [main] INFO net.serenitybdd.core.webdriver.driverproviders.ChromeDriverProvider - Capabilities {acceptInsecureCerts: false, browserName: chrome, goog:chromeOptions: {args: [remote-allow-origins=*], extensions: []}}
22:31:11.029 [AsyncHttpClient-1-17] DEBUG org.asynchttpclient.netty.channel.NettyConnectListener - Using new Channel '[id: 0xe1ec0c31, L:/127.0.0.1:54665 - R:localhost/127.0.0.1:20054]' for 'POST' to '/session'
22:31:12.208 [AsyncHttpClient-1-17] DEBUG org.asynchttpclient.netty.handler.HttpHandler - 

Request DefaultHttpRequest(decodeResult: success, version: HTTP/1.1)
POST /session HTTP/1.1
User-Agent: selenium/4.8.1 (java windows)
Content-Length: 507
Content-Type: application/json; charset=utf-8
host: localhost:20054
accept: */*

Response DefaultHttpResponse(decodeResult: success, version: HTTP/1.1)
HTTP/1.1 200 OK
Content-Length: 861
Content-Type: application/json; charset=utf-8
cache-control: no-cache

22:31:12.208 [AsyncHttpClient-1-17] DEBUG org.asynchttpclient.netty.channel.ChannelManager - Adding key: http://localhost:20054 for channel [id: 0xe1ec0c31, L:/127.0.0.1:54665 - R:localhost/127.0.0.1:20054]
22:31:12.217 [AsyncHttpClient-1-18] DEBUG org.asynchttpclient.netty.channel.NettyConnectListener - Using new Channel '[id: 0x107ad68e, L:/127.0.0.1:54672 - R:localhost/127.0.0.1:54666]' for 'GET' to '/json/version'
22:31:12.220 [AsyncHttpClient-1-18] DEBUG org.asynchttpclient.netty.handler.HttpHandler - 

Request DefaultFullHttpRequest(decodeResult: success, version: HTTP/1.1, content: EmptyByteBufBE)
GET /json/version HTTP/1.1
User-Agent: selenium/4.8.1 (java windows)
host: localhost:54666
accept: */*

Response DefaultHttpResponse(decodeResult: success, version: HTTP/1.1)
HTTP/1.1 200 OK
Content-Security-Policy: frame-ancestors 'none'
Content-Length: 422
Content-Type: application/json; charset=UTF-8

22:31:12.220 [AsyncHttpClient-1-18] DEBUG org.asynchttpclient.netty.channel.ChannelManager - Adding key: http://localhost:54666 for channel [id: 0x107ad68e, L:/127.0.0.1:54672 - R:localhost/127.0.0.1:54666]
22:31:12.224 [AsyncHttpClient-1-19] DEBUG org.asynchttpclient.netty.channel.NettyConnectListener - Using new Channel '[id: 0xc59116e5, L:/127.0.0.1:54673 - R:localhost/127.0.0.1:54666]' for 'GET' to '/devtools/browser/bcee37cc-6dae-4c7d-877a-f467055cdd80'
22:31:12.227 [AsyncHttpClient-1-19] DEBUG org.asynchttpclient.netty.handler.WebSocketHandler - 

Request DefaultFullHttpRequest(decodeResult: success, version: HTTP/1.1, content: EmptyByteBufBE)
GET /devtools/browser/bcee37cc-6dae-4c7d-877a-f467055cdd80 HTTP/1.1
upgrade: websocket
connection: upgrade
sec-websocket-key: CHVip4yAQVwAcSR6/5ZWzQ==
sec-websocket-version: 13
origin: http://localhost:54666
host: localhost:54666
accept: */*
user-agent: AHC/2.1

Response DefaultHttpResponse(decodeResult: success, version: HTTP/1.1)
HTTP/1.1 101 WebSocket Protocol Handshake
Upgrade: WebSocket
Connection: Upgrade
Sec-WebSocket-Accept: saWLdFWuXIpfg6f0QMzSB4ier2s=

22:31:12.233 [Forwarding get on session 341bbeb16a338e90ac6fa37ece0c5a30 to remote] DEBUG org.asynchttpclient.netty.request.NettyRequestSender - Using pooled Channel '[id: 0xe1ec0c31, L:/127.0.0.1:54665 - R:localhost/127.0.0.1:20054]' for 'POST' to 'http://localhost:20054/session/341bbeb16a338e90ac6fa37ece0c5a30/url'
22:31:12.233 [Forwarding get on session 341bbeb16a338e90ac6fa37ece0c5a30 to remote] DEBUG org.asynchttpclient.netty.request.NettyRequestSender - Using open Channel [id: 0xe1ec0c31, L:/127.0.0.1:54665 - R:localhost/127.0.0.1:20054] for POST '/session/341bbeb16a338e90ac6fa37ece0c5a30/url'
22:31:12.581 [AsyncHttpClient-1-1] DEBUG org.asynchttpclient.netty.channel.DefaultChannelPool - Entry count for : http://localhost:54666 : 1
22:31:13.680 [AsyncHttpClient-1-1] DEBUG org.asynchttpclient.netty.channel.DefaultChannelPool - Entry count for : http://localhost:54666 : 1
22:31:14.657 [AsyncHttpClient-1-17] DEBUG org.asynchttpclient.netty.handler.HttpHandler - 

Request DefaultHttpRequest(decodeResult: success, version: HTTP/1.1)
POST /session/341bbeb16a338e90ac6fa37ece0c5a30/url HTTP/1.1
User-Agent: selenium/4.8.1 (java windows)
Content-Length: 54
Content-Type: application/json; charset=utf-8
host: localhost:20054
accept: */*

Response DefaultHttpResponse(decodeResult: success, version: HTTP/1.1)
HTTP/1.1 200 OK
Content-Length: 14
Content-Type: application/json; charset=utf-8
cache-control: no-cache

22:31:14.657 [AsyncHttpClient-1-17] DEBUG org.asynchttpclient.netty.channel.ChannelManager - Adding key: http://localhost:20054 for channel [id: 0xe1ec0c31, L:/127.0.0.1:54665 - R:localhost/127.0.0.1:20054]
22:31:14.659 [Forwarding setTimeout on session 341bbeb16a338e90ac6fa37ece0c5a30 to remote] DEBUG org.asynchttpclient.netty.request.NettyRequestSender - Using pooled Channel '[id: 0xe1ec0c31, L:/127.0.0.1:54665 - R:localhost/127.0.0.1:20054]' for 'POST' to 'http://localhost:20054/session/341bbeb16a338e90ac6fa37ece0c5a30/timeouts'
22:31:14.659 [Forwarding setTimeout on session 341bbeb16a338e90ac6fa37ece0c5a30 to remote] DEBUG org.asynchttpclient.netty.request.NettyRequestSender - Using open Channel [id: 0xe1ec0c31, L:/127.0.0.1:54665 - R:localhost/127.0.0.1:20054] for POST '/session/341bbeb16a338e90ac6fa37ece0c5a30/timeouts'
22:31:14.660 [AsyncHttpClient-1-17] DEBUG org.asynchttpclient.netty.handler.HttpHandler - 

Request DefaultHttpRequest(decodeResult: success, version: HTTP/1.1)
POST /session/341bbeb16a338e90ac6fa37ece0c5a30/timeouts HTTP/1.1
User-Agent: selenium/4.8.1 (java windows)
Content-Length: 22
Content-Type: application/json; charset=utf-8
host: localhost:20054
accept: */*

Response DefaultHttpResponse(decodeResult: success, version: HTTP/1.1)
HTTP/1.1 200 OK
Content-Length: 14
Content-Type: application/json; charset=utf-8
cache-control: no-cache

22:31:14.660 [AsyncHttpClient-1-17] DEBUG org.asynchttpclient.netty.channel.ChannelManager - Adding key: http://localhost:20054 for channel [id: 0xe1ec0c31, L:/127.0.0.1:54665 - R:localhost/127.0.0.1:20054]
22:31:14.675 [Forwarding getAlertText on session 341bbeb16a338e90ac6fa37ece0c5a30 to remote] DEBUG org.asynchttpclient.netty.request.NettyRequestSender - Using pooled Channel '[id: 0xe1ec0c31, L:/127.0.0.1:54665 - R:localhost/127.0.0.1:20054]' for 'GET' to 'http://localhost:20054/session/341bbeb16a338e90ac6fa37ece0c5a30/alert/text'
22:31:14.675 [Forwarding getAlertText on session 341bbeb16a338e90ac6fa37ece0c5a30 to remote] DEBUG org.asynchttpclient.netty.request.NettyRequestSender - Using open Channel [id: 0xe1ec0c31, L:/127.0.0.1:54665 - R:localhost/127.0.0.1:20054] for GET '/session/341bbeb16a338e90ac6fa37ece0c5a30/alert/text'
22:31:14.677 [AsyncHttpClient-1-17] DEBUG org.asynchttpclient.netty.handler.HttpHandler - 

Request DefaultFullHttpRequest(decodeResult: success, version: HTTP/1.1, content: EmptyByteBufBE)
GET /session/341bbeb16a338e90ac6fa37ece0c5a30/alert/text HTTP/1.1
User-Agent: selenium/4.8.1 (java windows)
Cache-Control: no-cache
Content-Type: application/json; charset=utf-8
host: localhost:20054
accept: */*

Response DefaultHttpResponse(decodeResult: success, version: HTTP/1.1)
HTTP/1.1 404 Not Found
Content-Length: 835
Content-Type: application/json; charset=utf-8
cache-control: no-cache

22:31:14.678 [AsyncHttpClient-1-17] DEBUG org.asynchttpclient.netty.channel.ChannelManager - Adding key: http://localhost:20054 for channel [id: 0xe1ec0c31, L:/127.0.0.1:54665 - R:localhost/127.0.0.1:20054]
22:31:14.679 [Forwarding getCurrentUrl on session 341bbeb16a338e90ac6fa37ece0c5a30 to remote] DEBUG org.asynchttpclient.netty.request.NettyRequestSender - Using pooled Channel '[id: 0xe1ec0c31, L:/127.0.0.1:54665 - R:localhost/127.0.0.1:20054]' for 'GET' to 'http://localhost:20054/session/341bbeb16a338e90ac6fa37ece0c5a30/url'
22:31:14.679 [Forwarding getCurrentUrl on session 341bbeb16a338e90ac6fa37ece0c5a30 to remote] DEBUG org.asynchttpclient.netty.request.NettyRequestSender - Using open Channel [id: 0xe1ec0c31, L:/127.0.0.1:54665 - R:localhost/127.0.0.1:20054] for GET '/session/341bbeb16a338e90ac6fa37ece0c5a30/url'
22:31:14.686 [AsyncHttpClient-1-17] DEBUG org.asynchttpclient.netty.handler.HttpHandler - 

Request DefaultFullHttpRequest(decodeResult: success, version: HTTP/1.1, content: EmptyByteBufBE)
GET /session/341bbeb16a338e90ac6fa37ece0c5a30/url HTTP/1.1
User-Agent: selenium/4.8.1 (java windows)
Cache-Control: no-cache
Content-Type: application/json; charset=utf-8
host: localhost:20054
accept: */*

Response DefaultHttpResponse(decodeResult: success, version: HTTP/1.1)
HTTP/1.1 200 OK
Content-Length: 36
Content-Type: application/json; charset=utf-8
cache-control: no-cache

22:31:14.686 [AsyncHttpClient-1-17] DEBUG org.asynchttpclient.netty.channel.ChannelManager - Adding key: http://localhost:20054 for channel [id: 0xe1ec0c31, L:/127.0.0.1:54665 - R:localhost/127.0.0.1:20054]
22:31:14.687 [Forwarding screenshot on session 341bbeb16a338e90ac6fa37ece0c5a30 to remote] DEBUG org.asynchttpclient.netty.request.NettyRequestSender - Using pooled Channel '[id: 0xe1ec0c31, L:/127.0.0.1:54665 - R:localhost/127.0.0.1:20054]' for 'GET' to 'http://localhost:20054/session/341bbeb16a338e90ac6fa37ece0c5a30/screenshot'
22:31:14.687 [Forwarding screenshot on session 341bbeb16a338e90ac6fa37ece0c5a30 to remote] DEBUG org.asynchttpclient.netty.request.NettyRequestSender - Using open Channel [id: 0xe1ec0c31, L:/127.0.0.1:54665 - R:localhost/127.0.0.1:20054] for GET '/session/341bbeb16a338e90ac6fa37ece0c5a30/screenshot'
22:31:14.780 [AsyncHttpClient-1-1] DEBUG org.asynchttpclient.netty.channel.DefaultChannelPool - Entry count for : http://localhost:54666 : 1
22:31:15.135 [AsyncHttpClient-1-17] DEBUG org.asynchttpclient.netty.handler.HttpHandler - 

Request DefaultFullHttpRequest(decodeResult: success, version: HTTP/1.1, content: EmptyByteBufBE)
GET /session/341bbeb16a338e90ac6fa37ece0c5a30/screenshot HTTP/1.1
User-Agent: selenium/4.8.1 (java windows)
Cache-Control: no-cache
Content-Type: application/json; charset=utf-8
host: localhost:20054
accept: */*

Response DefaultHttpResponse(decodeResult: success, version: HTTP/1.1)
HTTP/1.1 200 OK
Content-Length: 528864
Content-Type: application/json; charset=utf-8
cache-control: no-cache

22:31:15.136 [AsyncHttpClient-1-17] DEBUG org.asynchttpclient.netty.channel.ChannelManager - Adding key: http://localhost:20054 for channel [id: 0xe1ec0c31, L:/127.0.0.1:54665 - R:localhost/127.0.0.1:20054]
22:31:15.159 [main] DEBUG net.serenitybdd.core.photography.Darkroom - Send negative for processing for target\site\serenity\f5c603de9209ad5a49ff7958c83f992b46d9454b74c726bf64cc80963d12d74f.png
22:31:15.159 [main] DEBUG net.thucydides.core.steps.StepInterceptor - STEP DONE: openPage
  &amp#27;[32mGiven &amp#27;[0m&amp#27;[32mI am on the home page&amp#27;[0m                                     &amp#27;[90m# starter.stepdefintions.SelectProductSteps.onTheHomePage()&amp#27;[0m
22:31:15.159 [Darkroom Processing Line] DEBUG net.serenitybdd.core.photography.DarkroomProcessingLine - Processing screenshot image in /var/screenshots/screenshot-13363686306587224649
22:31:15.160 [Darkroom Processing Line] DEBUG net.serenitybdd.core.photography.DarkroomProcessingLine - Saving screenshot to target\site\serenity\f5c603de9209ad5a49ff7958c83f992b46d9454b74c726bf64cc80963d12d74f.png
22:31:15.199 [Forwarding getPageSource on session 341bbeb16a338e90ac6fa37ece0c5a30 to remote] DEBUG org.asynchttpclient.netty.request.NettyRequestSender - Using pooled Channel '[id: 0xe1ec0c31, L:/127.0.0.1:54665 - R:localhost/127.0.0.1:20054]' for 'POST' to 'http://localhost:20054/session/341bbeb16a338e90ac6fa37ece0c5a30/execute/sync'
22:31:15.199 [Forwarding getPageSource on session 341bbeb16a338e90ac6fa37ece0c5a30 to remote] DEBUG org.asynchttpclient.netty.request.NettyRequestSender - Using open Channel [id: 0xe1ec0c31, L:/127.0.0.1:54665 - R:localhost/127.0.0.1:20054] for POST '/session/341bbeb16a338e90ac6fa37ece0c5a30/execute/sync'
22:31:15.233 [AsyncHttpClient-1-17] DEBUG org.asynchttpclient.netty.handler.HttpHandler - 

Request DefaultHttpRequest(decodeResult: success, version: HTTP/1.1)
POST /session/341bbeb16a338e90ac6fa37ece0c5a30/execute/sync HTTP/1.1
User-Agent: selenium/4.8.1 (java windows)
Content-Length: 176
Content-Type: application/json; charset=utf-8
host: localhost:20054
accept: */*

Response DefaultHttpResponse(decodeResult: success, version: HTTP/1.1)
HTTP/1.1 200 OK
Content-Length: 181988
Content-Type: application/json; charset=utf-8
cache-control: no-cache

22:31:15.233 [AsyncHttpClient-1-17] DEBUG org.asynchttpclient.netty.channel.ChannelManager - Adding key: http://localhost:20054 for channel [id: 0xe1ec0c31, L:/127.0.0.1:54665 - R:localhost/127.0.0.1:20054]
22:31:15.255 [Forwarding getCurrentUrl on session 341bbeb16a338e90ac6fa37ece0c5a30 to remote] DEBUG org.asynchttpclient.netty.request.NettyRequestSender - Using pooled Channel '[id: 0xe1ec0c31, L:/127.0.0.1:54665 - R:localhost/127.0.0.1:20054]' for 'GET' to 'http://localhost:20054/session/341bbeb16a338e90ac6fa37ece0c5a30/url'
22:31:15.255 [Forwarding getCurrentUrl on session 341bbeb16a338e90ac6fa37ece0c5a30 to remote] DEBUG org.asynchttpclient.netty.request.NettyRequestSender - Using open Channel [id: 0xe1ec0c31, L:/127.0.0.1:54665 - R:localhost/127.0.0.1:20054] for GET '/session/341bbeb16a338e90ac6fa37ece0c5a30/url'
22:31:15.260 [AsyncHttpClient-1-17] DEBUG org.asynchttpclient.netty.handler.HttpHandler - 

Request DefaultFullHttpRequest(decodeResult: success, version: HTTP/1.1, content: EmptyByteBufBE)
GET /session/341bbeb16a338e90ac6fa37ece0c5a30/url HTTP/1.1
User-Agent: selenium/4.8.1 (java windows)
Cache-Control: no-cache
Content-Type: application/json; charset=utf-8
host: localhost:20054
accept: */*

Response DefaultHttpResponse(decodeResult: success, version: HTTP/1.1)
HTTP/1.1 200 OK
Content-Length: 36
Content-Type: application/json; charset=utf-8
cache-control: no-cache

22:31:15.260 [AsyncHttpClient-1-17] DEBUG org.asynchttpclient.netty.channel.ChannelManager - Adding key: http://localhost:20054 for channel [id: 0xe1ec0c31, L:/127.0.0.1:54665 - R:localhost/127.0.0.1:20054]
22:31:15.277 [Forwarding getAlertText on session 341bbeb16a338e90ac6fa37ece0c5a30 to remote] DEBUG org.asynchttpclient.netty.request.NettyRequestSender - Using pooled Channel '[id: 0xe1ec0c31, L:/127.0.0.1:54665 - R:localhost/127.0.0.1:20054]' for 'GET' to 'http://localhost:20054/session/341bbeb16a338e90ac6fa37ece0c5a30/alert/text'
22:31:15.277 [Forwarding getAlertText on session 341bbeb16a338e90ac6fa37ece0c5a30 to remote] DEBUG org.asynchttpclient.netty.request.NettyRequestSender - Using open Channel [id: 0xe1ec0c31, L:/127.0.0.1:54665 - R:localhost/127.0.0.1:20054] for GET '/session/341bbeb16a338e90ac6fa37ece0c5a30/alert/text'
22:31:15.279 [AsyncHttpClient-1-17] DEBUG org.asynchttpclient.netty.handler.HttpHandler - 

Request DefaultFullHttpRequest(decodeResult: success, version: HTTP/1.1, content: EmptyByteBufBE)
GET /session/341bbeb16a338e90ac6fa37ece0c5a30/alert/text HTTP/1.1
User-Agent: selenium/4.8.1 (java windows)
Cache-Control: no-cache
Content-Type: application/json; charset=utf-8
host: localhost:20054
accept: */*

Response DefaultHttpResponse(decodeResult: success, version: HTTP/1.1)
HTTP/1.1 404 Not Found
Content-Length: 835
Content-Type: application/json; charset=utf-8
cache-control: no-cache

22:31:15.279 [AsyncHttpClient-1-17] DEBUG org.asynchttpclient.netty.channel.ChannelManager - Adding key: http://localhost:20054 for channel [id: 0xe1ec0c31, L:/127.0.0.1:54665 - R:localhost/127.0.0.1:20054]
22:31:15.280 [Forwarding getCurrentUrl on session 341bbeb16a338e90ac6fa37ece0c5a30 to remote] DEBUG org.asynchttpclient.netty.request.NettyRequestSender - Using pooled Channel '[id: 0xe1ec0c31, L:/127.0.0.1:54665 - R:localhost/127.0.0.1:20054]' for 'GET' to 'http://localhost:20054/session/341bbeb16a338e90ac6fa37ece0c5a30/url'
22:31:15.280 [Forwarding getCurrentUrl on session 341bbeb16a338e90ac6fa37ece0c5a30 to remote] DEBUG org.asynchttpclient.netty.request.NettyRequestSender - Using open Channel [id: 0xe1ec0c31, L:/127.0.0.1:54665 - R:localhost/127.0.0.1:20054] for GET '/session/341bbeb16a338e90ac6fa37ece0c5a30/url'
22:31:15.285 [AsyncHttpClient-1-17] DEBUG org.asynchttpclient.netty.handler.HttpHandler - 

Request DefaultFullHttpRequest(decodeResult: success, version: HTTP/1.1, content: EmptyByteBufBE)
GET /session/341bbeb16a338e90ac6fa37ece0c5a30/url HTTP/1.1
User-Agent: selenium/4.8.1 (java windows)
Cache-Control: no-cache
Content-Type: application/json; charset=utf-8
host: localhost:20054
accept: */*

Response DefaultHttpResponse(decodeResult: success, version: HTTP/1.1)
HTTP/1.1 200 OK
Content-Length: 36
Content-Type: application/json; charset=utf-8
cache-control: no-cache

22:31:15.285 [AsyncHttpClient-1-17] DEBUG org.asynchttpclient.netty.channel.ChannelManager - Adding key: http://localhost:20054 for channel [id: 0xe1ec0c31, L:/127.0.0.1:54665 - R:localhost/127.0.0.1:20054]
22:31:15.286 [Forwarding screenshot on session 341bbeb16a338e90ac6fa37ece0c5a30 to remote] DEBUG org.asynchttpclient.netty.request.NettyRequestSender - Using pooled Channel '[id: 0xe1ec0c31, L:/127.0.0.1:54665 - R:localhost/127.0.0.1:20054]' for 'GET' to 'http://localhost:20054/session/341bbeb16a338e90ac6fa37ece0c5a30/screenshot'
22:31:15.286 [Forwarding screenshot on session 341bbeb16a338e90ac6fa37ece0c5a30 to remote] DEBUG org.asynchttpclient.netty.request.NettyRequestSender - Using open Channel [id: 0xe1ec0c31, L:/127.0.0.1:54665 - R:localhost/127.0.0.1:20054] for GET '/session/341bbeb16a338e90ac6fa37ece0c5a30/screenshot'
22:31:15.644 [AsyncHttpClient-1-17] DEBUG org.asynchttpclient.netty.handler.HttpHandler - 

Request DefaultFullHttpRequest(decodeResult: success, version: HTTP/1.1, content: EmptyByteBufBE)
GET /session/341bbeb16a338e90ac6fa37ece0c5a30/screenshot HTTP/1.1
User-Agent: selenium/4.8.1 (java windows)
Cache-Control: no-cache
Content-Type: application/json; charset=utf-8
host: localhost:20054
accept: */*

Response DefaultHttpResponse(decodeResult: success, version: HTTP/1.1)
HTTP/1.1 200 OK
Content-Length: 528864
Content-Type: application/json; charset=utf-8
cache-control: no-cache

22:31:15.646 [AsyncHttpClient-1-17] DEBUG org.asynchttpclient.netty.channel.ChannelManager - Adding key: http://localhost:20054 for channel [id: 0xe1ec0c31, L:/127.0.0.1:54665 - R:localhost/127.0.0.1:20054]
22:31:15.667 [main] DEBUG net.serenitybdd.core.photography.Darkroom - Send negative for processing for target\site\serenity\f5c603de9209ad5a49ff7958c83f992b46d9454b74c726bf64cc80963d12d74f.png
22:31:15.669 [Forwarding getPageSource on session 341bbeb16a338e90ac6fa37ece0c5a30 to remote] DEBUG org.asynchttpclient.netty.request.NettyRequestSender - Using pooled Channel '[id: 0xe1ec0c31, L:/127.0.0.1:54665 - R:localhost/127.0.0.1:20054]' for 'POST' to 'http://localhost:20054/session/341bbeb16a338e90ac6fa37ece0c5a30/execute/sync'
22:31:15.669 [Forwarding getPageSource on session 341bbeb16a338e90ac6fa37ece0c5a30 to remote] DEBUG org.asynchttpclient.netty.request.NettyRequestSender - Using open Channel [id: 0xe1ec0c31, L:/127.0.0.1:54665 - R:localhost/127.0.0.1:20054] for POST '/session/341bbeb16a338e90ac6fa37ece0c5a30/execute/sync'
22:31:15.705 [AsyncHttpClient-1-17] DEBUG org.asynchttpclient.netty.handler.HttpHandler - 

Request DefaultHttpRequest(decodeResult: success, version: HTTP/1.1)
POST /session/341bbeb16a338e90ac6fa37ece0c5a30/execute/sync HTTP/1.1
User-Agent: selenium/4.8.1 (java windows)
Content-Length: 176
Content-Type: application/json; charset=utf-8
host: localhost:20054
accept: */*

Response DefaultHttpResponse(decodeResult: success, version: HTTP/1.1)
HTTP/1.1 200 OK
Content-Length: 181988
Content-Type: application/json; charset=utf-8
cache-control: no-cache

22:31:15.706 [AsyncHttpClient-1-17] DEBUG org.asynchttpclient.netty.channel.ChannelManager - Adding key: http://localhost:20054 for channel [id: 0xe1ec0c31, L:/127.0.0.1:54665 - R:localhost/127.0.0.1:20054]
22:31:15.722 [Forwarding getCurrentUrl on session 341bbeb16a338e90ac6fa37ece0c5a30 to remote] DEBUG org.asynchttpclient.netty.request.NettyRequestSender - Using pooled Channel '[id: 0xe1ec0c31, L:/127.0.0.1:54665 - R:localhost/127.0.0.1:20054]' for 'GET' to 'http://localhost:20054/session/341bbeb16a338e90ac6fa37ece0c5a30/url'
22:31:15.723 [Forwarding getCurrentUrl on session 341bbeb16a338e90ac6fa37ece0c5a30 to remote] DEBUG org.asynchttpclient.netty.request.NettyRequestSender - Using open Channel [id: 0xe1ec0c31, L:/127.0.0.1:54665 - R:localhost/127.0.0.1:20054] for GET '/session/341bbeb16a338e90ac6fa37ece0c5a30/url'
22:31:15.728 [AsyncHttpClient-1-17] DEBUG org.asynchttpclient.netty.handler.HttpHandler - 

Request DefaultFullHttpRequest(decodeResult: success, version: HTTP/1.1, content: EmptyByteBufBE)
GET /session/341bbeb16a338e90ac6fa37ece0c5a30/url HTTP/1.1
User-Agent: selenium/4.8.1 (java windows)
Cache-Control: no-cache
Content-Type: application/json; charset=utf-8
host: localhost:20054
accept: */*

Response DefaultHttpResponse(decodeResult: success, version: HTTP/1.1)
HTTP/1.1 200 OK
Content-Length: 36
Content-Type: application/json; charset=utf-8
cache-control: no-cache

22:31:15.728 [AsyncHttpClient-1-17] DEBUG org.asynchttpclient.netty.channel.ChannelManager - Adding key: http://localhost:20054 for channel [id: 0xe1ec0c31, L:/127.0.0.1:54665 - R:localhost/127.0.0.1:20054]
22:31:15.732 [main] DEBUG net.thucydides.core.steps.StepInterceptor - STARTING STEP: SelectProductSteps.clickListrikPLN - clickProductItem
22:31:15.735 [Forwarding findElement on session 341bbeb16a338e90ac6fa37ece0c5a30 to remote] DEBUG org.asynchttpclient.netty.request.NettyRequestSender - Using pooled Channel '[id: 0xe1ec0c31, L:/127.0.0.1:54665 - R:localhost/127.0.0.1:20054]' for 'POST' to 'http://localhost:20054/session/341bbeb16a338e90ac6fa37ece0c5a30/element'
22:31:15.735 [Forwarding findElement on session 341bbeb16a338e90ac6fa37ece0c5a30 to remote] DEBUG org.asynchttpclient.netty.request.NettyRequestSender - Using open Channel [id: 0xe1ec0c31, L:/127.0.0.1:54665 - R:localhost/127.0.0.1:20054] for POST '/session/341bbeb16a338e90ac6fa37ece0c5a30/element'
22:31:15.754 [AsyncHttpClient-1-17] DEBUG org.asynchttpclient.netty.handler.HttpHandler - 

Request DefaultHttpRequest(decodeResult: success, version: HTTP/1.1)
POST /session/341bbeb16a338e90ac6fa37ece0c5a30/element HTTP/1.1
User-Agent: selenium/4.8.1 (java windows)
Content-Length: 59
Content-Type: application/json; charset=utf-8
host: localhost:20054
accept: */*

Response DefaultHttpResponse(decodeResult: success, version: HTTP/1.1)
HTTP/1.1 200 OK
Content-Length: 88
Content-Type: application/json; charset=utf-8
cache-control: no-cache

22:31:15.754 [AsyncHttpClient-1-17] DEBUG org.asynchttpclient.netty.channel.ChannelManager - Adding key: http://localhost:20054 for channel [id: 0xe1ec0c31, L:/127.0.0.1:54665 - R:localhost/127.0.0.1:20054]
22:31:15.755 [Forwarding getElementTagName on session 341bbeb16a338e90ac6fa37ece0c5a30 to remote] DEBUG org.asynchttpclient.netty.request.NettyRequestSender - Using pooled Channel '[id: 0xe1ec0c31, L:/127.0.0.1:54665 - R:localhost/127.0.0.1:20054]' for 'GET' to 'http://localhost:20054/session/341bbeb16a338e90ac6fa37ece0c5a30/element/785bf9b4-5020-478c-9e29-52b6fcfc670c/name'
22:31:15.756 [Forwarding getElementTagName on session 341bbeb16a338e90ac6fa37ece0c5a30 to remote] DEBUG org.asynchttpclient.netty.request.NettyRequestSender - Using open Channel [id: 0xe1ec0c31, L:/127.0.0.1:54665 - R:localhost/127.0.0.1:20054] for GET '/session/341bbeb16a338e90ac6fa37ece0c5a30/element/785bf9b4-5020-478c-9e29-52b6fcfc670c/name'
22:31:15.766 [AsyncHttpClient-1-17] DEBUG org.asynchttpclient.netty.handler.HttpHandler - 

Request DefaultFullHttpRequest(decodeResult: success, version: HTTP/1.1, content: EmptyByteBufBE)
GET /session/341bbeb16a338e90ac6fa37ece0c5a30/element/785bf9b4-5020-478c-9e29-52b6fcfc670c/name HTTP/1.1
User-Agent: selenium/4.8.1 (java windows)
Cache-Control: no-cache
Content-Type: application/json; charset=utf-8
host: localhost:20054
accept: */*

Response DefaultHttpResponse(decodeResult: success, version: HTTP/1.1)
HTTP/1.1 200 OK
Content-Length: 15
Content-Type: application/json; charset=utf-8
cache-control: no-cache

22:31:15.766 [AsyncHttpClient-1-17] DEBUG org.asynchttpclient.netty.channel.ChannelManager - Adding key: http://localhost:20054 for channel [id: 0xe1ec0c31, L:/127.0.0.1:54665 - R:localhost/127.0.0.1:20054]
22:31:15.768 [Forwarding getElementTagName on session 341bbeb16a338e90ac6fa37ece0c5a30 to remote] DEBUG org.asynchttpclient.netty.request.NettyRequestSender - Using pooled Channel '[id: 0xe1ec0c31, L:/127.0.0.1:54665 - R:localhost/127.0.0.1:20054]' for 'GET' to 'http://localhost:20054/session/341bbeb16a338e90ac6fa37ece0c5a30/element/785bf9b4-5020-478c-9e29-52b6fcfc670c/name'
22:31:15.768 [Forwarding getElementTagName on session 341bbeb16a338e90ac6fa37ece0c5a30 to remote] DEBUG org.asynchttpclient.netty.request.NettyRequestSender - Using open Channel [id: 0xe1ec0c31, L:/127.0.0.1:54665 - R:localhost/127.0.0.1:20054] for GET '/session/341bbeb16a338e90ac6fa37ece0c5a30/element/785bf9b4-5020-478c-9e29-52b6fcfc670c/name'
22:31:15.774 [AsyncHttpClient-1-17] DEBUG org.asynchttpclient.netty.handler.HttpHandler - 

Request DefaultFullHttpRequest(decodeResult: success, version: HTTP/1.1, content: EmptyByteBufBE)
GET /session/341bbeb16a338e90ac6fa37ece0c5a30/element/785bf9b4-5020-478c-9e29-52b6fcfc670c/name HTTP/1.1
User-Agent: selenium/4.8.1 (java windows)
Cache-Control: no-cache
Content-Type: application/json; charset=utf-8
host: localhost:20054
accept: */*

Response DefaultHttpResponse(decodeResult: success, version: HTTP/1.1)
HTTP/1.1 200 OK
Content-Length: 15
Content-Type: application/json; charset=utf-8
cache-control: no-cache

22:31:15.774 [AsyncHttpClient-1-17] DEBUG org.asynchttpclient.netty.channel.ChannelManager - Adding key: http://localhost:20054 for channel [id: 0xe1ec0c31, L:/127.0.0.1:54665 - R:localhost/127.0.0.1:20054]
22:31:15.779 [Forwarding findElement on session 341bbeb16a338e90ac6fa37ece0c5a30 to remote] DEBUG org.asynchttpclient.netty.request.NettyRequestSender - Using pooled Channel '[id: 0xe1ec0c31, L:/127.0.0.1:54665 - R:localhost/127.0.0.1:20054]' for 'POST' to 'http://localhost:20054/session/341bbeb16a338e90ac6fa37ece0c5a30/element'
22:31:15.779 [Forwarding findElement on session 341bbeb16a338e90ac6fa37ece0c5a30 to remote] DEBUG org.asynchttpclient.netty.request.NettyRequestSender - Using open Channel [id: 0xe1ec0c31, L:/127.0.0.1:54665 - R:localhost/127.0.0.1:20054] for POST '/session/341bbeb16a338e90ac6fa37ece0c5a30/element'
22:31:15.793 [AsyncHttpClient-1-17] DEBUG org.asynchttpclient.netty.handler.HttpHandler - 

Request DefaultHttpRequest(decodeResult: success, version: HTTP/1.1)
POST /session/341bbeb16a338e90ac6fa37ece0c5a30/element HTTP/1.1
User-Agent: selenium/4.8.1 (java windows)
Content-Length: 59
Content-Type: application/json; charset=utf-8
host: localhost:20054
accept: */*

Response DefaultHttpResponse(decodeResult: success, version: HTTP/1.1)
HTTP/1.1 200 OK
Content-Length: 88
Content-Type: application/json; charset=utf-8
cache-control: no-cache

22:31:15.793 [AsyncHttpClient-1-17] DEBUG org.asynchttpclient.netty.channel.ChannelManager - Adding key: http://localhost:20054 for channel [id: 0xe1ec0c31, L:/127.0.0.1:54665 - R:localhost/127.0.0.1:20054]
22:31:15.794 [Forwarding clickElement on session 341bbeb16a338e90ac6fa37ece0c5a30 to remote] DEBUG org.asynchttpclient.netty.request.NettyRequestSender - Using pooled Channel '[id: 0xe1ec0c31, L:/127.0.0.1:54665 - R:localhost/127.0.0.1:20054]' for 'POST' to 'http://localhost:20054/session/341bbeb16a338e90ac6fa37ece0c5a30/element/785bf9b4-5020-478c-9e29-52b6fcfc670c/click'
22:31:15.794 [Forwarding clickElement on session 341bbeb16a338e90ac6fa37ece0c5a30 to remote] DEBUG org.asynchttpclient.netty.request.NettyRequestSender - Using open Channel [id: 0xe1ec0c31, L:/127.0.0.1:54665 - R:localhost/127.0.0.1:20054] for POST '/session/341bbeb16a338e90ac6fa37ece0c5a30/element/785bf9b4-5020-478c-9e29-52b6fcfc670c/click'
22:31:15.884 [AsyncHttpClient-1-1] DEBUG org.asynchttpclient.netty.channel.DefaultChannelPool - Entry count for : http://localhost:54666 : 1
22:31:16.654 [AsyncHttpClient-1-17] DEBUG org.asynchttpclient.netty.handler.HttpHandler - 

Request DefaultHttpRequest(decodeResult: success, version: HTTP/1.1)
POST /session/341bbeb16a338e90ac6fa37ece0c5a30/element/785bf9b4-5020-478c-9e29-52b6fcfc670c/click HTTP/1.1
User-Agent: selenium/4.8.1 (java windows)
Content-Length: 50
Content-Type: application/json; charset=utf-8
host: localhost:20054
accept: */*

Response DefaultHttpResponse(decodeResult: success, version: HTTP/1.1)
HTTP/1.1 200 OK
Content-Length: 14
Content-Type: application/json; charset=utf-8
cache-control: no-cache

22:31:16.655 [AsyncHttpClient-1-17] DEBUG org.asynchttpclient.netty.channel.ChannelManager - Adding key: http://localhost:20054 for channel [id: 0xe1ec0c31, L:/127.0.0.1:54665 - R:localhost/127.0.0.1:20054]
22:31:16.665 [Forwarding getAlertText on session 341bbeb16a338e90ac6fa37ece0c5a30 to remote] DEBUG org.asynchttpclient.netty.request.NettyRequestSender - Using pooled Channel '[id: 0xe1ec0c31, L:/127.0.0.1:54665 - R:localhost/127.0.0.1:20054]' for 'GET' to 'http://localhost:20054/session/341bbeb16a338e90ac6fa37ece0c5a30/alert/text'
22:31:16.665 [Forwarding getAlertText on session 341bbeb16a338e90ac6fa37ece0c5a30 to remote] DEBUG org.asynchttpclient.netty.request.NettyRequestSender - Using open Channel [id: 0xe1ec0c31, L:/127.0.0.1:54665 - R:localhost/127.0.0.1:20054] for GET '/session/341bbeb16a338e90ac6fa37ece0c5a30/alert/text'
22:31:16.794 [AsyncHttpClient-1-17] DEBUG org.asynchttpclient.netty.handler.HttpHandler - 

Request DefaultFullHttpRequest(decodeResult: success, version: HTTP/1.1, content: EmptyByteBufBE)
GET /session/341bbeb16a338e90ac6fa37ece0c5a30/alert/text HTTP/1.1
User-Agent: selenium/4.8.1 (java windows)
Cache-Control: no-cache
Content-Type: application/json; charset=utf-8
host: localhost:20054
accept: */*

Response DefaultHttpResponse(decodeResult: success, version: HTTP/1.1)
HTTP/1.1 404 Not Found
Content-Length: 835
Content-Type: application/json; charset=utf-8
cache-control: no-cache

22:31:16.794 [AsyncHttpClient-1-17] DEBUG org.asynchttpclient.netty.channel.ChannelManager - Adding key: http://localhost:20054 for channel [id: 0xe1ec0c31, L:/127.0.0.1:54665 - R:localhost/127.0.0.1:20054]
22:31:16.796 [Forwarding getCurrentUrl on session 341bbeb16a338e90ac6fa37ece0c5a30 to remote] DEBUG org.asynchttpclient.netty.request.NettyRequestSender - Using pooled Channel '[id: 0xe1ec0c31, L:/127.0.0.1:54665 - R:localhost/127.0.0.1:20054]' for 'GET' to 'http://localhost:20054/session/341bbeb16a338e90ac6fa37ece0c5a30/url'
22:31:16.796 [Forwarding getCurrentUrl on session 341bbeb16a338e90ac6fa37ece0c5a30 to remote] DEBUG org.asynchttpclient.netty.request.NettyRequestSender - Using open Channel [id: 0xe1ec0c31, L:/127.0.0.1:54665 - R:localhost/127.0.0.1:20054] for GET '/session/341bbeb16a338e90ac6fa37ece0c5a30/url'
22:31:16.818 [AsyncHttpClient-1-17] DEBUG org.asynchttpclient.netty.handler.HttpHandler - 

Request DefaultFullHttpRequest(decodeResult: success, version: HTTP/1.1, content: EmptyByteBufBE)
GET /session/341bbeb16a338e90ac6fa37ece0c5a30/url HTTP/1.1
User-Agent: selenium/4.8.1 (java windows)
Cache-Control: no-cache
Content-Type: application/json; charset=utf-8
host: localhost:20054
accept: */*

Response DefaultHttpResponse(decodeResult: success, version: HTTP/1.1)
HTTP/1.1 200 OK
Content-Length: 51
Content-Type: application/json; charset=utf-8
cache-control: no-cache

22:31:16.819 [AsyncHttpClient-1-17] DEBUG org.asynchttpclient.netty.channel.ChannelManager - Adding key: http://localhost:20054 for channel [id: 0xe1ec0c31, L:/127.0.0.1:54665 - R:localhost/127.0.0.1:20054]
22:31:16.819 [Forwarding screenshot on session 341bbeb16a338e90ac6fa37ece0c5a30 to remote] DEBUG org.asynchttpclient.netty.request.NettyRequestSender - Using pooled Channel '[id: 0xe1ec0c31, L:/127.0.0.1:54665 - R:localhost/127.0.0.1:20054]' for 'GET' to 'http://localhost:20054/session/341bbeb16a338e90ac6fa37ece0c5a30/screenshot'
22:31:16.819 [Forwarding screenshot on session 341bbeb16a338e90ac6fa37ece0c5a30 to remote] DEBUG org.asynchttpclient.netty.request.NettyRequestSender - Using open Channel [id: 0xe1ec0c31, L:/127.0.0.1:54665 - R:localhost/127.0.0.1:20054] for GET '/session/341bbeb16a338e90ac6fa37ece0c5a30/screenshot'
22:31:16.983 [AsyncHttpClient-1-1] DEBUG org.asynchttpclient.netty.channel.DefaultChannelPool - Entry count for : http://localhost:54666 : 1
22:31:17.171 [AsyncHttpClient-1-17] DEBUG org.asynchttpclient.netty.handler.HttpHandler - 

Request DefaultFullHttpRequest(decodeResult: success, version: HTTP/1.1, content: EmptyByteBufBE)
GET /session/341bbeb16a338e90ac6fa37ece0c5a30/screenshot HTTP/1.1
User-Agent: selenium/4.8.1 (java windows)
Cache-Control: no-cache
Content-Type: application/json; charset=utf-8
host: localhost:20054
accept: */*

Response DefaultHttpResponse(decodeResult: success, version: HTTP/1.1)
HTTP/1.1 200 OK
Content-Length: 230124
Content-Type: application/json; charset=utf-8
cache-control: no-cache

22:31:17.172 [AsyncHttpClient-1-17] DEBUG org.asynchttpclient.netty.channel.ChannelManager - Adding key: http://localhost:20054 for channel [id: 0xe1ec0c31, L:/127.0.0.1:54665 - R:localhost/127.0.0.1:20054]
22:31:17.181 [main] DEBUG net.serenitybdd.core.photography.Darkroom - Send negative for processing for target\site\serenity\afdfd134018c7bd46e64fc9f3f0b03ab9fd258ee61e0685be12ecf8c34efd327.png
22:31:17.182 [main] DEBUG net.thucydides.core.steps.StepInterceptor - STEP DONE: clickProductItem
  &amp#27;[32mWhen &amp#27;[0m&amp#27;[32mI click Listrik PLN product&amp#27;[0m                                &amp#27;[90m# starter.stepdefintions.SelectProductSteps.clickListrikPLN()&amp#27;[0m
22:31:17.196 [Forwarding getPageSource on session 341bbeb16a338e90ac6fa37ece0c5a30 to remote] DEBUG org.asynchttpclient.netty.request.NettyRequestSender - Using pooled Channel '[id: 0xe1ec0c31, L:/127.0.0.1:54665 - R:localhost/127.0.0.1:20054]' for 'POST' to 'http://localhost:20054/session/341bbeb16a338e90ac6fa37ece0c5a30/execute/sync'
22:31:17.196 [Forwarding getPageSource on session 341bbeb16a338e90ac6fa37ece0c5a30 to remote] DEBUG org.asynchttpclient.netty.request.NettyRequestSender - Using open Channel [id: 0xe1ec0c31, L:/127.0.0.1:54665 - R:localhost/127.0.0.1:20054] for POST '/session/341bbeb16a338e90ac6fa37ece0c5a30/execute/sync'
22:31:17.216 [AsyncHttpClient-1-17] DEBUG org.asynchttpclient.netty.handler.HttpHandler - 

Request DefaultHttpRequest(decodeResult: success, version: HTTP/1.1)
POST /session/341bbeb16a338e90ac6fa37ece0c5a30/execute/sync HTTP/1.1
User-Agent: selenium/4.8.1 (java windows)
Content-Length: 176
Content-Type: application/json; charset=utf-8
host: localhost:20054
accept: */*

Response DefaultHttpResponse(decodeResult: success, version: HTTP/1.1)
HTTP/1.1 200 OK
Content-Length: 93230
Content-Type: application/json; charset=utf-8
cache-control: no-cache

22:31:17.217 [AsyncHttpClient-1-17] DEBUG org.asynchttpclient.netty.channel.ChannelManager - Adding key: http://localhost:20054 for channel [id: 0xe1ec0c31, L:/127.0.0.1:54665 - R:localhost/127.0.0.1:20054]
22:31:17.228 [Forwarding getCurrentUrl on session 341bbeb16a338e90ac6fa37ece0c5a30 to remote] DEBUG org.asynchttpclient.netty.request.NettyRequestSender - Using pooled Channel '[id: 0xe1ec0c31, L:/127.0.0.1:54665 - R:localhost/127.0.0.1:20054]' for 'GET' to 'http://localhost:20054/session/341bbeb16a338e90ac6fa37ece0c5a30/url'
22:31:17.228 [Forwarding getCurrentUrl on session 341bbeb16a338e90ac6fa37ece0c5a30 to remote] DEBUG org.asynchttpclient.netty.request.NettyRequestSender - Using open Channel [id: 0xe1ec0c31, L:/127.0.0.1:54665 - R:localhost/127.0.0.1:20054] for GET '/session/341bbeb16a338e90ac6fa37ece0c5a30/url'
22:31:17.234 [AsyncHttpClient-1-17] DEBUG org.asynchttpclient.netty.handler.HttpHandler - 

Request DefaultFullHttpRequest(decodeResult: success, version: HTTP/1.1, content: EmptyByteBufBE)
GET /session/341bbeb16a338e90ac6fa37ece0c5a30/url HTTP/1.1
User-Agent: selenium/4.8.1 (java windows)
Cache-Control: no-cache
Content-Type: application/json; charset=utf-8
host: localhost:20054
accept: */*

Response DefaultHttpResponse(decodeResult: success, version: HTTP/1.1)
HTTP/1.1 200 OK
Content-Length: 51
Content-Type: application/json; charset=utf-8
cache-control: no-cache

22:31:17.234 [AsyncHttpClient-1-17] DEBUG org.asynchttpclient.netty.channel.ChannelManager - Adding key: http://localhost:20054 for channel [id: 0xe1ec0c31, L:/127.0.0.1:54665 - R:localhost/127.0.0.1:20054]
22:31:17.251 [Forwarding getAlertText on session 341bbeb16a338e90ac6fa37ece0c5a30 to remote] DEBUG org.asynchttpclient.netty.request.NettyRequestSender - Using pooled Channel '[id: 0xe1ec0c31, L:/127.0.0.1:54665 - R:localhost/127.0.0.1:20054]' for 'GET' to 'http://localhost:20054/session/341bbeb16a338e90ac6fa37ece0c5a30/alert/text'
22:31:17.251 [Forwarding getAlertText on session 341bbeb16a338e90ac6fa37ece0c5a30 to remote] DEBUG org.asynchttpclient.netty.request.NettyRequestSender - Using open Channel [id: 0xe1ec0c31, L:/127.0.0.1:54665 - R:localhost/127.0.0.1:20054] for GET '/session/341bbeb16a338e90ac6fa37ece0c5a30/alert/text'
22:31:17.253 [AsyncHttpClient-1-17] DEBUG org.asynchttpclient.netty.handler.HttpHandler - 

Request DefaultFullHttpRequest(decodeResult: success, version: HTTP/1.1, content: EmptyByteBufBE)
GET /session/341bbeb16a338e90ac6fa37ece0c5a30/alert/text HTTP/1.1
User-Agent: selenium/4.8.1 (java windows)
Cache-Control: no-cache
Content-Type: application/json; charset=utf-8
host: localhost:20054
accept: */*

Response DefaultHttpResponse(decodeResult: success, version: HTTP/1.1)
HTTP/1.1 404 Not Found
Content-Length: 835
Content-Type: application/json; charset=utf-8
cache-control: no-cache

22:31:17.253 [AsyncHttpClient-1-17] DEBUG org.asynchttpclient.netty.channel.ChannelManager - Adding key: http://localhost:20054 for channel [id: 0xe1ec0c31, L:/127.0.0.1:54665 - R:localhost/127.0.0.1:20054]
22:31:17.255 [Forwarding getCurrentUrl on session 341bbeb16a338e90ac6fa37ece0c5a30 to remote] DEBUG org.asynchttpclient.netty.request.NettyRequestSender - Using pooled Channel '[id: 0xe1ec0c31, L:/127.0.0.1:54665 - R:localhost/127.0.0.1:20054]' for 'GET' to 'http://localhost:20054/session/341bbeb16a338e90ac6fa37ece0c5a30/url'
22:31:17.255 [Forwarding getCurrentUrl on session 341bbeb16a338e90ac6fa37ece0c5a30 to remote] DEBUG org.asynchttpclient.netty.request.NettyRequestSender - Using open Channel [id: 0xe1ec0c31, L:/127.0.0.1:54665 - R:localhost/127.0.0.1:20054] for GET '/session/341bbeb16a338e90ac6fa37ece0c5a30/url'
22:31:17.260 [AsyncHttpClient-1-17] DEBUG org.asynchttpclient.netty.handler.HttpHandler - 

Request DefaultFullHttpRequest(decodeResult: success, version: HTTP/1.1, content: EmptyByteBufBE)
GET /session/341bbeb16a338e90ac6fa37ece0c5a30/url HTTP/1.1
User-Agent: selenium/4.8.1 (java windows)
Cache-Control: no-cache
Content-Type: application/json; charset=utf-8
host: localhost:20054
accept: */*

Response DefaultHttpResponse(decodeResult: success, version: HTTP/1.1)
HTTP/1.1 200 OK
Content-Length: 51
Content-Type: application/json; charset=utf-8
cache-control: no-cache

22:31:17.260 [AsyncHttpClient-1-17] DEBUG org.asynchttpclient.netty.channel.ChannelManager - Adding key: http://localhost:20054 for channel [id: 0xe1ec0c31, L:/127.0.0.1:54665 - R:localhost/127.0.0.1:20054]
22:31:17.261 [Forwarding screenshot on session 341bbeb16a338e90ac6fa37ece0c5a30 to remote] DEBUG org.asynchttpclient.netty.request.NettyRequestSender - Using pooled Channel '[id: 0xe1ec0c31, L:/127.0.0.1:54665 - R:localhost/127.0.0.1:20054]' for 'GET' to 'http://localhost:20054/session/341bbeb16a338e90ac6fa37ece0c5a30/screenshot'
22:31:17.261 [Forwarding screenshot on session 341bbeb16a338e90ac6fa37ece0c5a30 to remote] DEBUG org.asynchttpclient.netty.request.NettyRequestSender - Using open Channel [id: 0xe1ec0c31, L:/127.0.0.1:54665 - R:localhost/127.0.0.1:20054] for GET '/session/341bbeb16a338e90ac6fa37ece0c5a30/screenshot'
22:31:17.506 [AsyncHttpClient-1-17] DEBUG org.asynchttpclient.netty.handler.HttpHandler - 

Request DefaultFullHttpRequest(decodeResult: success, version: HTTP/1.1, content: EmptyByteBufBE)
GET /session/341bbeb16a338e90ac6fa37ece0c5a30/screenshot HTTP/1.1
User-Agent: selenium/4.8.1 (java windows)
Cache-Control: no-cache
Content-Type: application/json; charset=utf-8
host: localhost:20054
accept: */*

Response DefaultHttpResponse(decodeResult: success, version: HTTP/1.1)
HTTP/1.1 200 OK
Content-Length: 230124
Content-Type: application/json; charset=utf-8
cache-control: no-cache

22:31:17.506 [AsyncHttpClient-1-17] DEBUG org.asynchttpclient.netty.channel.ChannelManager - Adding key: http://localhost:20054 for channel [id: 0xe1ec0c31, L:/127.0.0.1:54665 - R:localhost/127.0.0.1:20054]
22:31:17.513 [main] DEBUG net.serenitybdd.core.photography.Darkroom - Send negative for processing for target\site\serenity\afdfd134018c7bd46e64fc9f3f0b03ab9fd258ee61e0685be12ecf8c34efd327.png
22:31:17.514 [Forwarding getPageSource on session 341bbeb16a338e90ac6fa37ece0c5a30 to remote] DEBUG org.asynchttpclient.netty.request.NettyRequestSender - Using pooled Channel '[id: 0xe1ec0c31, L:/127.0.0.1:54665 - R:localhost/127.0.0.1:20054]' for 'POST' to 'http://localhost:20054/session/341bbeb16a338e90ac6fa37ece0c5a30/execute/sync'
22:31:17.514 [Forwarding getPageSource on session 341bbeb16a338e90ac6fa37ece0c5a30 to remote] DEBUG org.asynchttpclient.netty.request.NettyRequestSender - Using open Channel [id: 0xe1ec0c31, L:/127.0.0.1:54665 - R:localhost/127.0.0.1:20054] for POST '/session/341bbeb16a338e90ac6fa37ece0c5a30/execute/sync'
22:31:17.528 [AsyncHttpClient-1-17] DEBUG org.asynchttpclient.netty.handler.HttpHandler - 

Request DefaultHttpRequest(decodeResult: success, version: HTTP/1.1)
POST /session/341bbeb16a338e90ac6fa37ece0c5a30/execute/sync HTTP/1.1
User-Agent: selenium/4.8.1 (java windows)
Content-Length: 176
Content-Type: application/json; charset=utf-8
host: localhost:20054
accept: */*

Response DefaultHttpResponse(decodeResult: success, version: HTTP/1.1)
HTTP/1.1 200 OK
Content-Length: 93230
Content-Type: application/json; charset=utf-8
cache-control: no-cache

22:31:17.528 [AsyncHttpClient-1-17] DEBUG org.asynchttpclient.netty.channel.ChannelManager - Adding key: http://localhost:20054 for channel [id: 0xe1ec0c31, L:/127.0.0.1:54665 - R:localhost/127.0.0.1:20054]
22:31:17.535 [Forwarding getCurrentUrl on session 341bbeb16a338e90ac6fa37ece0c5a30 to remote] DEBUG org.asynchttpclient.netty.request.NettyRequestSender - Using pooled Channel '[id: 0xe1ec0c31, L:/127.0.0.1:54665 - R:localhost/127.0.0.1:20054]' for 'GET' to 'http://localhost:20054/session/341bbeb16a338e90ac6fa37ece0c5a30/url'
22:31:17.535 [Forwarding getCurrentUrl on session 341bbeb16a338e90ac6fa37ece0c5a30 to remote] DEBUG org.asynchttpclient.netty.request.NettyRequestSender - Using open Channel [id: 0xe1ec0c31, L:/127.0.0.1:54665 - R:localhost/127.0.0.1:20054] for GET '/session/341bbeb16a338e90ac6fa37ece0c5a30/url'
22:31:17.539 [AsyncHttpClient-1-17] DEBUG org.asynchttpclient.netty.handler.HttpHandler - 

Request DefaultFullHttpRequest(decodeResult: success, version: HTTP/1.1, content: EmptyByteBufBE)
GET /session/341bbeb16a338e90ac6fa37ece0c5a30/url HTTP/1.1
User-Agent: selenium/4.8.1 (java windows)
Cache-Control: no-cache
Content-Type: application/json; charset=utf-8
host: localhost:20054
accept: */*

Response DefaultHttpResponse(decodeResult: success, version: HTTP/1.1)
HTTP/1.1 200 OK
Content-Length: 51
Content-Type: application/json; charset=utf-8
cache-control: no-cache

22:31:17.539 [AsyncHttpClient-1-17] DEBUG org.asynchttpclient.netty.channel.ChannelManager - Adding key: http://localhost:20054 for channel [id: 0xe1ec0c31, L:/127.0.0.1:54665 - R:localhost/127.0.0.1:20054]
22:31:17.542 [main] DEBUG net.thucydides.core.steps.StepInterceptor - STARTING STEP: SelectProductSteps.inputIncorrectNomorMeter - inputNomorMeter
22:31:17.545 [Forwarding findElement on session 341bbeb16a338e90ac6fa37ece0c5a30 to remote] DEBUG org.asynchttpclient.netty.request.NettyRequestSender - Using pooled Channel '[id: 0xe1ec0c31, L:/127.0.0.1:54665 - R:localhost/127.0.0.1:20054]' for 'POST' to 'http://localhost:20054/session/341bbeb16a338e90ac6fa37ece0c5a30/element'
22:31:17.545 [Forwarding findElement on session 341bbeb16a338e90ac6fa37ece0c5a30 to remote] DEBUG org.asynchttpclient.netty.request.NettyRequestSender - Using open Channel [id: 0xe1ec0c31, L:/127.0.0.1:54665 - R:localhost/127.0.0.1:20054] for POST '/session/341bbeb16a338e90ac6fa37ece0c5a30/element'
22:31:17.560 [AsyncHttpClient-1-17] DEBUG org.asynchttpclient.netty.handler.HttpHandler - 

Request DefaultHttpRequest(decodeResult: success, version: HTTP/1.1)
POST /session/341bbeb16a338e90ac6fa37ece0c5a30/element HTTP/1.1
User-Agent: selenium/4.8.1 (java windows)
Content-Length: 58
Content-Type: application/json; charset=utf-8
host: localhost:20054
accept: */*

Response DefaultHttpResponse(decodeResult: success, version: HTTP/1.1)
HTTP/1.1 200 OK
Content-Length: 88
Content-Type: application/json; charset=utf-8
cache-control: no-cache

22:31:17.561 [AsyncHttpClient-1-17] DEBUG org.asynchttpclient.netty.channel.ChannelManager - Adding key: http://localhost:20054 for channel [id: 0xe1ec0c31, L:/127.0.0.1:54665 - R:localhost/127.0.0.1:20054]
22:31:17.562 [Forwarding clearElement on session 341bbeb16a338e90ac6fa37ece0c5a30 to remote] DEBUG org.asynchttpclient.netty.request.NettyRequestSender - Using pooled Channel '[id: 0xe1ec0c31, L:/127.0.0.1:54665 - R:localhost/127.0.0.1:20054]' for 'POST' to 'http://localhost:20054/session/341bbeb16a338e90ac6fa37ece0c5a30/element/8d12a903-cb58-48ab-b2b4-d3ee02c67373/clear'
22:31:17.562 [Forwarding clearElement on session 341bbeb16a338e90ac6fa37ece0c5a30 to remote] DEBUG org.asynchttpclient.netty.request.NettyRequestSender - Using open Channel [id: 0xe1ec0c31, L:/127.0.0.1:54665 - R:localhost/127.0.0.1:20054] for POST '/session/341bbeb16a338e90ac6fa37ece0c5a30/element/8d12a903-cb58-48ab-b2b4-d3ee02c67373/clear'
22:31:17.606 [AsyncHttpClient-1-17] DEBUG org.asynchttpclient.netty.handler.HttpHandler - 

Request DefaultHttpRequest(decodeResult: success, version: HTTP/1.1)
POST /session/341bbeb16a338e90ac6fa37ece0c5a30/element/8d12a903-cb58-48ab-b2b4-d3ee02c67373/clear HTTP/1.1
User-Agent: selenium/4.8.1 (java windows)
Content-Length: 50
Content-Type: application/json; charset=utf-8
host: localhost:20054
accept: */*

Response DefaultHttpResponse(decodeResult: success, version: HTTP/1.1)
HTTP/1.1 200 OK
Content-Length: 14
Content-Type: application/json; charset=utf-8
cache-control: no-cache

22:31:17.606 [AsyncHttpClient-1-17] DEBUG org.asynchttpclient.netty.channel.ChannelManager - Adding key: http://localhost:20054 for channel [id: 0xe1ec0c31, L:/127.0.0.1:54665 - R:localhost/127.0.0.1:20054]
22:31:17.607 [Forwarding sendKeysToElement on session 341bbeb16a338e90ac6fa37ece0c5a30 to remote] DEBUG org.asynchttpclient.netty.request.NettyRequestSender - Using pooled Channel '[id: 0xe1ec0c31, L:/127.0.0.1:54665 - R:localhost/127.0.0.1:20054]' for 'POST' to 'http://localhost:20054/session/341bbeb16a338e90ac6fa37ece0c5a30/element/8d12a903-cb58-48ab-b2b4-d3ee02c67373/value'
22:31:17.607 [Forwarding sendKeysToElement on session 341bbeb16a338e90ac6fa37ece0c5a30 to remote] DEBUG org.asynchttpclient.netty.request.NettyRequestSender - Using open Channel [id: 0xe1ec0c31, L:/127.0.0.1:54665 - R:localhost/127.0.0.1:20054] for POST '/session/341bbeb16a338e90ac6fa37ece0c5a30/element/8d12a903-cb58-48ab-b2b4-d3ee02c67373/value'
22:31:17.860 [AsyncHttpClient-1-17] DEBUG org.asynchttpclient.netty.handler.HttpHandler - 

Request DefaultHttpRequest(decodeResult: success, version: HTTP/1.1)
POST /session/341bbeb16a338e90ac6fa37ece0c5a30/element/8d12a903-cb58-48ab-b2b4-d3ee02c67373/value HTTP/1.1
User-Agent: selenium/4.8.1 (java windows)
Content-Length: 191
Content-Type: application/json; charset=utf-8
host: localhost:20054
accept: */*

Response DefaultHttpResponse(decodeResult: success, version: HTTP/1.1)
HTTP/1.1 200 OK
Content-Length: 14
Content-Type: application/json; charset=utf-8
cache-control: no-cache

22:31:17.860 [AsyncHttpClient-1-17] DEBUG org.asynchttpclient.netty.channel.ChannelManager - Adding key: http://localhost:20054 for channel [id: 0xe1ec0c31, L:/127.0.0.1:54665 - R:localhost/127.0.0.1:20054]
22:31:17.873 [Forwarding getAlertText on session 341bbeb16a338e90ac6fa37ece0c5a30 to remote] DEBUG org.asynchttpclient.netty.request.NettyRequestSender - Using pooled Channel '[id: 0xe1ec0c31, L:/127.0.0.1:54665 - R:localhost/127.0.0.1:20054]' for 'GET' to 'http://localhost:20054/session/341bbeb16a338e90ac6fa37ece0c5a30/alert/text'
22:31:17.873 [Forwarding getAlertText on session 341bbeb16a338e90ac6fa37ece0c5a30 to remote] DEBUG org.asynchttpclient.netty.request.NettyRequestSender - Using open Channel [id: 0xe1ec0c31, L:/127.0.0.1:54665 - R:localhost/127.0.0.1:20054] for GET '/session/341bbeb16a338e90ac6fa37ece0c5a30/alert/text'
22:31:17.875 [AsyncHttpClient-1-17] DEBUG org.asynchttpclient.netty.handler.HttpHandler - 

Request DefaultFullHttpRequest(decodeResult: success, version: HTTP/1.1, content: EmptyByteBufBE)
GET /session/341bbeb16a338e90ac6fa37ece0c5a30/alert/text HTTP/1.1
User-Agent: selenium/4.8.1 (java windows)
Cache-Control: no-cache
Content-Type: application/json; charset=utf-8
host: localhost:20054
accept: */*

Response DefaultHttpResponse(decodeResult: success, version: HTTP/1.1)
HTTP/1.1 404 Not Found
Content-Length: 835
Content-Type: application/json; charset=utf-8
cache-control: no-cache

22:31:17.875 [AsyncHttpClient-1-17] DEBUG org.asynchttpclient.netty.channel.ChannelManager - Adding key: http://localhost:20054 for channel [id: 0xe1ec0c31, L:/127.0.0.1:54665 - R:localhost/127.0.0.1:20054]
22:31:17.876 [Forwarding getCurrentUrl on session 341bbeb16a338e90ac6fa37ece0c5a30 to remote] DEBUG org.asynchttpclient.netty.request.NettyRequestSender - Using pooled Channel '[id: 0xe1ec0c31, L:/127.0.0.1:54665 - R:localhost/127.0.0.1:20054]' for 'GET' to 'http://localhost:20054/session/341bbeb16a338e90ac6fa37ece0c5a30/url'
22:31:17.876 [Forwarding getCurrentUrl on session 341bbeb16a338e90ac6fa37ece0c5a30 to remote] DEBUG org.asynchttpclient.netty.request.NettyRequestSender - Using open Channel [id: 0xe1ec0c31, L:/127.0.0.1:54665 - R:localhost/127.0.0.1:20054] for GET '/session/341bbeb16a338e90ac6fa37ece0c5a30/url'
22:31:17.882 [AsyncHttpClient-1-17] DEBUG org.asynchttpclient.netty.handler.HttpHandler - 

Request DefaultFullHttpRequest(decodeResult: success, version: HTTP/1.1, content: EmptyByteBufBE)
GET /session/341bbeb16a338e90ac6fa37ece0c5a30/url HTTP/1.1
User-Agent: selenium/4.8.1 (java windows)
Cache-Control: no-cache
Content-Type: application/json; charset=utf-8
host: localhost:20054
accept: */*

Response DefaultHttpResponse(decodeResult: success, version: HTTP/1.1)
HTTP/1.1 200 OK
Content-Length: 51
Content-Type: application/json; charset=utf-8
cache-control: no-cache

22:31:17.882 [AsyncHttpClient-1-17] DEBUG org.asynchttpclient.netty.channel.ChannelManager - Adding key: http://localhost:20054 for channel [id: 0xe1ec0c31, L:/127.0.0.1:54665 - R:localhost/127.0.0.1:20054]
22:31:17.882 [Forwarding screenshot on session 341bbeb16a338e90ac6fa37ece0c5a30 to remote] DEBUG org.asynchttpclient.netty.request.NettyRequestSender - Using pooled Channel '[id: 0xe1ec0c31, L:/127.0.0.1:54665 - R:localhost/127.0.0.1:20054]' for 'GET' to 'http://localhost:20054/session/341bbeb16a338e90ac6fa37ece0c5a30/screenshot'
22:31:17.883 [Forwarding screenshot on session 341bbeb16a338e90ac6fa37ece0c5a30 to remote] DEBUG org.asynchttpclient.netty.request.NettyRequestSender - Using open Channel [id: 0xe1ec0c31, L:/127.0.0.1:54665 - R:localhost/127.0.0.1:20054] for GET '/session/341bbeb16a338e90ac6fa37ece0c5a30/screenshot'
22:31:18.083 [AsyncHttpClient-1-1] DEBUG org.asynchttpclient.netty.channel.DefaultChannelPool - Entry count for : http://localhost:54666 : 1
22:31:18.120 [AsyncHttpClient-1-17] DEBUG org.asynchttpclient.netty.handler.HttpHandler - 

Request DefaultFullHttpRequest(decodeResult: success, version: HTTP/1.1, content: EmptyByteBufBE)
GET /session/341bbeb16a338e90ac6fa37ece0c5a30/screenshot HTTP/1.1
User-Agent: selenium/4.8.1 (java windows)
Cache-Control: no-cache
Content-Type: application/json; charset=utf-8
host: localhost:20054
accept: */*

Response DefaultHttpResponse(decodeResult: success, version: HTTP/1.1)
HTTP/1.1 200 OK
Content-Length: 231840
Content-Type: application/json; charset=utf-8
cache-control: no-cache

22:31:18.121 [AsyncHttpClient-1-17] DEBUG org.asynchttpclient.netty.channel.ChannelManager - Adding key: http://localhost:20054 for channel [id: 0xe1ec0c31, L:/127.0.0.1:54665 - R:localhost/127.0.0.1:20054]
22:31:18.128 [main] DEBUG net.serenitybdd.core.photography.Darkroom - Send negative for processing for target\site\serenity\1e9d3f7543da3481badc0d1ea1075dcb31e133d9eeabb775ef968bde43eae73a.png
22:31:18.128 [main] DEBUG net.thucydides.core.steps.StepInterceptor - STEP DONE: inputNomorMeter
  &amp#27;[32mAnd &amp#27;[0m&amp#27;[32mI enter incorrect nomor meter PLN&amp#27;[0m                           &amp#27;[90m# starter.stepdefintions.SelectProductSteps.inputIncorrectNomorMeter()&amp#27;[0m
22:31:18.128 [Darkroom Processing Line] DEBUG net.serenitybdd.core.photography.DarkroomProcessingLine - Processing screenshot image in /var/screenshots/screenshot-2009241547248463364
22:31:18.128 [Darkroom Processing Line] DEBUG net.serenitybdd.core.photography.DarkroomProcessingLine - Saving screenshot to target\site\serenity\1e9d3f7543da3481badc0d1ea1075dcb31e133d9eeabb775ef968bde43eae73a.png
22:31:18.143 [Forwarding getPageSource on session 341bbeb16a338e90ac6fa37ece0c5a30 to remote] DEBUG org.asynchttpclient.netty.request.NettyRequestSender - Using pooled Channel '[id: 0xe1ec0c31, L:/127.0.0.1:54665 - R:localhost/127.0.0.1:20054]' for 'POST' to 'http://localhost:20054/session/341bbeb16a338e90ac6fa37ece0c5a30/execute/sync'
22:31:18.143 [Forwarding getPageSource on session 341bbeb16a338e90ac6fa37ece0c5a30 to remote] DEBUG org.asynchttpclient.netty.request.NettyRequestSender - Using open Channel [id: 0xe1ec0c31, L:/127.0.0.1:54665 - R:localhost/127.0.0.1:20054] for POST '/session/341bbeb16a338e90ac6fa37ece0c5a30/execute/sync'
22:31:18.161 [AsyncHttpClient-1-17] DEBUG org.asynchttpclient.netty.handler.HttpHandler - 

Request DefaultHttpRequest(decodeResult: success, version: HTTP/1.1)
POST /session/341bbeb16a338e90ac6fa37ece0c5a30/execute/sync HTTP/1.1
User-Agent: selenium/4.8.1 (java windows)
Content-Length: 176
Content-Type: application/json; charset=utf-8
host: localhost:20054
accept: */*

Response DefaultHttpResponse(decodeResult: success, version: HTTP/1.1)
HTTP/1.1 200 OK
Content-Length: 93766
Content-Type: application/json; charset=utf-8
cache-control: no-cache

22:31:18.161 [AsyncHttpClient-1-17] DEBUG org.asynchttpclient.netty.channel.ChannelManager - Adding key: http://localhost:20054 for channel [id: 0xe1ec0c31, L:/127.0.0.1:54665 - R:localhost/127.0.0.1:20054]
22:31:18.171 [Forwarding getCurrentUrl on session 341bbeb16a338e90ac6fa37ece0c5a30 to remote] DEBUG org.asynchttpclient.netty.request.NettyRequestSender - Using pooled Channel '[id: 0xe1ec0c31, L:/127.0.0.1:54665 - R:localhost/127.0.0.1:20054]' for 'GET' to 'http://localhost:20054/session/341bbeb16a338e90ac6fa37ece0c5a30/url'
22:31:18.171 [Forwarding getCurrentUrl on session 341bbeb16a338e90ac6fa37ece0c5a30 to remote] DEBUG org.asynchttpclient.netty.request.NettyRequestSender - Using open Channel [id: 0xe1ec0c31, L:/127.0.0.1:54665 - R:localhost/127.0.0.1:20054] for GET '/session/341bbeb16a338e90ac6fa37ece0c5a30/url'
22:31:18.176 [AsyncHttpClient-1-17] DEBUG org.asynchttpclient.netty.handler.HttpHandler - 

Request DefaultFullHttpRequest(decodeResult: success, version: HTTP/1.1, content: EmptyByteBufBE)
GET /session/341bbeb16a338e90ac6fa37ece0c5a30/url HTTP/1.1
User-Agent: selenium/4.8.1 (java windows)
Cache-Control: no-cache
Content-Type: application/json; charset=utf-8
host: localhost:20054
accept: */*

Response DefaultHttpResponse(decodeResult: success, version: HTTP/1.1)
HTTP/1.1 200 OK
Content-Length: 51
Content-Type: application/json; charset=utf-8
cache-control: no-cache

22:31:18.176 [AsyncHttpClient-1-17] DEBUG org.asynchttpclient.netty.channel.ChannelManager - Adding key: http://localhost:20054 for channel [id: 0xe1ec0c31, L:/127.0.0.1:54665 - R:localhost/127.0.0.1:20054]
22:31:18.191 [Forwarding getAlertText on session 341bbeb16a338e90ac6fa37ece0c5a30 to remote] DEBUG org.asynchttpclient.netty.request.NettyRequestSender - Using pooled Channel '[id: 0xe1ec0c31, L:/127.0.0.1:54665 - R:localhost/127.0.0.1:20054]' for 'GET' to 'http://localhost:20054/session/341bbeb16a338e90ac6fa37ece0c5a30/alert/text'
22:31:18.191 [Forwarding getAlertText on session 341bbeb16a338e90ac6fa37ece0c5a30 to remote] DEBUG org.asynchttpclient.netty.request.NettyRequestSender - Using open Channel [id: 0xe1ec0c31, L:/127.0.0.1:54665 - R:localhost/127.0.0.1:20054] for GET '/session/341bbeb16a338e90ac6fa37ece0c5a30/alert/text'
22:31:18.193 [AsyncHttpClient-1-17] DEBUG org.asynchttpclient.netty.handler.HttpHandler - 

Request DefaultFullHttpRequest(decodeResult: success, version: HTTP/1.1, content: EmptyByteBufBE)
GET /session/341bbeb16a338e90ac6fa37ece0c5a30/alert/text HTTP/1.1
User-Agent: selenium/4.8.1 (java windows)
Cache-Control: no-cache
Content-Type: application/json; charset=utf-8
host: localhost:20054
accept: */*

Response DefaultHttpResponse(decodeResult: success, version: HTTP/1.1)
HTTP/1.1 404 Not Found
Content-Length: 835
Content-Type: application/json; charset=utf-8
cache-control: no-cache

22:31:18.193 [AsyncHttpClient-1-17] DEBUG org.asynchttpclient.netty.channel.ChannelManager - Adding key: http://localhost:20054 for channel [id: 0xe1ec0c31, L:/127.0.0.1:54665 - R:localhost/127.0.0.1:20054]
22:31:18.194 [Forwarding getCurrentUrl on session 341bbeb16a338e90ac6fa37ece0c5a30 to remote] DEBUG org.asynchttpclient.netty.request.NettyRequestSender - Using pooled Channel '[id: 0xe1ec0c31, L:/127.0.0.1:54665 - R:localhost/127.0.0.1:20054]' for 'GET' to 'http://localhost:20054/session/341bbeb16a338e90ac6fa37ece0c5a30/url'
22:31:18.194 [Forwarding getCurrentUrl on session 341bbeb16a338e90ac6fa37ece0c5a30 to remote] DEBUG org.asynchttpclient.netty.request.NettyRequestSender - Using open Channel [id: 0xe1ec0c31, L:/127.0.0.1:54665 - R:localhost/127.0.0.1:20054] for GET '/session/341bbeb16a338e90ac6fa37ece0c5a30/url'
22:31:18.199 [AsyncHttpClient-1-17] DEBUG org.asynchttpclient.netty.handler.HttpHandler - 

Request DefaultFullHttpRequest(decodeResult: success, version: HTTP/1.1, content: EmptyByteBufBE)
GET /session/341bbeb16a338e90ac6fa37ece0c5a30/url HTTP/1.1
User-Agent: selenium/4.8.1 (java windows)
Cache-Control: no-cache
Content-Type: application/json; charset=utf-8
host: localhost:20054
accept: */*

Response DefaultHttpResponse(decodeResult: success, version: HTTP/1.1)
HTTP/1.1 200 OK
Content-Length: 51
Content-Type: application/json; charset=utf-8
cache-control: no-cache

22:31:18.199 [AsyncHttpClient-1-17] DEBUG org.asynchttpclient.netty.channel.ChannelManager - Adding key: http://localhost:20054 for channel [id: 0xe1ec0c31, L:/127.0.0.1:54665 - R:localhost/127.0.0.1:20054]
22:31:18.199 [Forwarding screenshot on session 341bbeb16a338e90ac6fa37ece0c5a30 to remote] DEBUG org.asynchttpclient.netty.request.NettyRequestSender - Using pooled Channel '[id: 0xe1ec0c31, L:/127.0.0.1:54665 - R:localhost/127.0.0.1:20054]' for 'GET' to 'http://localhost:20054/session/341bbeb16a338e90ac6fa37ece0c5a30/screenshot'
22:31:18.199 [Forwarding screenshot on session 341bbeb16a338e90ac6fa37ece0c5a30 to remote] DEBUG org.asynchttpclient.netty.request.NettyRequestSender - Using open Channel [id: 0xe1ec0c31, L:/127.0.0.1:54665 - R:localhost/127.0.0.1:20054] for GET '/session/341bbeb16a338e90ac6fa37ece0c5a30/screenshot'
22:31:18.406 [AsyncHttpClient-1-17] DEBUG org.asynchttpclient.netty.handler.HttpHandler - 

Request DefaultFullHttpRequest(decodeResult: success, version: HTTP/1.1, content: EmptyByteBufBE)
GET /session/341bbeb16a338e90ac6fa37ece0c5a30/screenshot HTTP/1.1
User-Agent: selenium/4.8.1 (java windows)
Cache-Control: no-cache
Content-Type: application/json; charset=utf-8
host: localhost:20054
accept: */*

Response DefaultHttpResponse(decodeResult: success, version: HTTP/1.1)
HTTP/1.1 200 OK
Content-Length: 231840
Content-Type: application/json; charset=utf-8
cache-control: no-cache

22:31:18.407 [AsyncHttpClient-1-17] DEBUG org.asynchttpclient.netty.channel.ChannelManager - Adding key: http://localhost:20054 for channel [id: 0xe1ec0c31, L:/127.0.0.1:54665 - R:localhost/127.0.0.1:20054]
22:31:18.414 [main] DEBUG net.serenitybdd.core.photography.Darkroom - Send negative for processing for target\site\serenity\1e9d3f7543da3481badc0d1ea1075dcb31e133d9eeabb775ef968bde43eae73a.png
22:31:18.416 [Forwarding getPageSource on session 341bbeb16a338e90ac6fa37ece0c5a30 to remote] DEBUG org.asynchttpclient.netty.request.NettyRequestSender - Using pooled Channel '[id: 0xe1ec0c31, L:/127.0.0.1:54665 - R:localhost/127.0.0.1:20054]' for 'POST' to 'http://localhost:20054/session/341bbeb16a338e90ac6fa37ece0c5a30/execute/sync'
22:31:18.416 [Forwarding getPageSource on session 341bbeb16a338e90ac6fa37ece0c5a30 to remote] DEBUG org.asynchttpclient.netty.request.NettyRequestSender - Using open Channel [id: 0xe1ec0c31, L:/127.0.0.1:54665 - R:localhost/127.0.0.1:20054] for POST '/session/341bbeb16a338e90ac6fa37ece0c5a30/execute/sync'
22:31:18.432 [AsyncHttpClient-1-17] DEBUG org.asynchttpclient.netty.handler.HttpHandler - 

Request DefaultHttpRequest(decodeResult: success, version: HTTP/1.1)
POST /session/341bbeb16a338e90ac6fa37ece0c5a30/execute/sync HTTP/1.1
User-Agent: selenium/4.8.1 (java windows)
Content-Length: 176
Content-Type: application/json; charset=utf-8
host: localhost:20054
accept: */*

Response DefaultHttpResponse(decodeResult: success, version: HTTP/1.1)
HTTP/1.1 200 OK
Content-Length: 93766
Content-Type: application/json; charset=utf-8
cache-control: no-cache

22:31:18.432 [AsyncHttpClient-1-17] DEBUG org.asynchttpclient.netty.channel.ChannelManager - Adding key: http://localhost:20054 for channel [id: 0xe1ec0c31, L:/127.0.0.1:54665 - R:localhost/127.0.0.1:20054]
22:31:18.439 [Forwarding getCurrentUrl on session 341bbeb16a338e90ac6fa37ece0c5a30 to remote] DEBUG org.asynchttpclient.netty.request.NettyRequestSender - Using pooled Channel '[id: 0xe1ec0c31, L:/127.0.0.1:54665 - R:localhost/127.0.0.1:20054]' for 'GET' to 'http://localhost:20054/session/341bbeb16a338e90ac6fa37ece0c5a30/url'
22:31:18.439 [Forwarding getCurrentUrl on session 341bbeb16a338e90ac6fa37ece0c5a30 to remote] DEBUG org.asynchttpclient.netty.request.NettyRequestSender - Using open Channel [id: 0xe1ec0c31, L:/127.0.0.1:54665 - R:localhost/127.0.0.1:20054] for GET '/session/341bbeb16a338e90ac6fa37ece0c5a30/url'
22:31:18.444 [AsyncHttpClient-1-17] DEBUG org.asynchttpclient.netty.handler.HttpHandler - 

Request DefaultFullHttpRequest(decodeResult: success, version: HTTP/1.1, content: EmptyByteBufBE)
GET /session/341bbeb16a338e90ac6fa37ece0c5a30/url HTTP/1.1
User-Agent: selenium/4.8.1 (java windows)
Cache-Control: no-cache
Content-Type: application/json; charset=utf-8
host: localhost:20054
accept: */*

Response DefaultHttpResponse(decodeResult: success, version: HTTP/1.1)
HTTP/1.1 200 OK
Content-Length: 51
Content-Type: application/json; charset=utf-8
cache-control: no-cache

22:31:18.444 [AsyncHttpClient-1-17] DEBUG org.asynchttpclient.netty.channel.ChannelManager - Adding key: http://localhost:20054 for channel [id: 0xe1ec0c31, L:/127.0.0.1:54665 - R:localhost/127.0.0.1:20054]
22:31:18.447 [main] DEBUG net.thucydides.core.steps.StepInterceptor - STARTING STEP: SelectProductSteps.inputNomorHandphone - inputNomorHandphone
22:31:18.451 [Forwarding findElement on session 341bbeb16a338e90ac6fa37ece0c5a30 to remote] DEBUG org.asynchttpclient.netty.request.NettyRequestSender - Using pooled Channel '[id: 0xe1ec0c31, L:/127.0.0.1:54665 - R:localhost/127.0.0.1:20054]' for 'POST' to 'http://localhost:20054/session/341bbeb16a338e90ac6fa37ece0c5a30/element'
22:31:18.451 [Forwarding findElement on session 341bbeb16a338e90ac6fa37ece0c5a30 to remote] DEBUG org.asynchttpclient.netty.request.NettyRequestSender - Using open Channel [id: 0xe1ec0c31, L:/127.0.0.1:54665 - R:localhost/127.0.0.1:20054] for POST '/session/341bbeb16a338e90ac6fa37ece0c5a30/element'
22:31:18.469 [AsyncHttpClient-1-17] DEBUG org.asynchttpclient.netty.handler.HttpHandler - 

Request DefaultHttpRequest(decodeResult: success, version: HTTP/1.1)
POST /session/341bbeb16a338e90ac6fa37ece0c5a30/element HTTP/1.1
User-Agent: selenium/4.8.1 (java windows)
Content-Length: 62
Content-Type: application/json; charset=utf-8
host: localhost:20054
accept: */*

Response DefaultHttpResponse(decodeResult: success, version: HTTP/1.1)
HTTP/1.1 200 OK
Content-Length: 88
Content-Type: application/json; charset=utf-8
cache-control: no-cache

22:31:18.469 [AsyncHttpClient-1-17] DEBUG org.asynchttpclient.netty.channel.ChannelManager - Adding key: http://localhost:20054 for channel [id: 0xe1ec0c31, L:/127.0.0.1:54665 - R:localhost/127.0.0.1:20054]
22:31:18.470 [Forwarding clearElement on session 341bbeb16a338e90ac6fa37ece0c5a30 to remote] DEBUG org.asynchttpclient.netty.request.NettyRequestSender - Using pooled Channel '[id: 0xe1ec0c31, L:/127.0.0.1:54665 - R:localhost/127.0.0.1:20054]' for 'POST' to 'http://localhost:20054/session/341bbeb16a338e90ac6fa37ece0c5a30/element/8a691772-23f0-4d9a-b730-35ac46a0e7ba/clear'
22:31:18.471 [Forwarding clearElement on session 341bbeb16a338e90ac6fa37ece0c5a30 to remote] DEBUG org.asynchttpclient.netty.request.NettyRequestSender - Using open Channel [id: 0xe1ec0c31, L:/127.0.0.1:54665 - R:localhost/127.0.0.1:20054] for POST '/session/341bbeb16a338e90ac6fa37ece0c5a30/element/8a691772-23f0-4d9a-b730-35ac46a0e7ba/clear'
22:31:18.524 [AsyncHttpClient-1-17] DEBUG org.asynchttpclient.netty.handler.HttpHandler - 

Request DefaultHttpRequest(decodeResult: success, version: HTTP/1.1)
POST /session/341bbeb16a338e90ac6fa37ece0c5a30/element/8a691772-23f0-4d9a-b730-35ac46a0e7ba/clear HTTP/1.1
User-Agent: selenium/4.8.1 (java windows)
Content-Length: 50
Content-Type: application/json; charset=utf-8
host: localhost:20054
accept: */*

Response DefaultHttpResponse(decodeResult: success, version: HTTP/1.1)
HTTP/1.1 200 OK
Content-Length: 14
Content-Type: application/json; charset=utf-8
cache-control: no-cache

22:31:18.525 [AsyncHttpClient-1-17] DEBUG org.asynchttpclient.netty.channel.ChannelManager - Adding key: http://localhost:20054 for channel [id: 0xe1ec0c31, L:/127.0.0.1:54665 - R:localhost/127.0.0.1:20054]
22:31:18.527 [Forwarding sendKeysToElement on session 341bbeb16a338e90ac6fa37ece0c5a30 to remote] DEBUG org.asynchttpclient.netty.request.NettyRequestSender - Using pooled Channel '[id: 0xe1ec0c31, L:/127.0.0.1:54665 - R:localhost/127.0.0.1:20054]' for 'POST' to 'http://localhost:20054/session/341bbeb16a338e90ac6fa37ece0c5a30/element/8a691772-23f0-4d9a-b730-35ac46a0e7ba/value'
22:31:18.527 [Forwarding sendKeysToElement on session 341bbeb16a338e90ac6fa37ece0c5a30 to remote] DEBUG org.asynchttpclient.netty.request.NettyRequestSender - Using open Channel [id: 0xe1ec0c31, L:/127.0.0.1:54665 - R:localhost/127.0.0.1:20054] for POST '/session/341bbeb16a338e90ac6fa37ece0c5a30/element/8a691772-23f0-4d9a-b730-35ac46a0e7ba/value'
22:31:18.790 [AsyncHttpClient-1-17] DEBUG org.asynchttpclient.netty.handler.HttpHandler - 

Request DefaultHttpRequest(decodeResult: success, version: HTTP/1.1)
POST /session/341bbeb16a338e90ac6fa37ece0c5a30/element/8a691772-23f0-4d9a-b730-35ac46a0e7ba/value HTTP/1.1
User-Agent: selenium/4.8.1 (java windows)
Content-Length: 201
Content-Type: application/json; charset=utf-8
host: localhost:20054
accept: */*

Response DefaultHttpResponse(decodeResult: success, version: HTTP/1.1)
HTTP/1.1 200 OK
Content-Length: 14
Content-Type: application/json; charset=utf-8
cache-control: no-cache

22:31:18.791 [AsyncHttpClient-1-17] DEBUG org.asynchttpclient.netty.channel.ChannelManager - Adding key: http://localhost:20054 for channel [id: 0xe1ec0c31, L:/127.0.0.1:54665 - R:localhost/127.0.0.1:20054]
22:31:18.798 [Forwarding getAlertText on session 341bbeb16a338e90ac6fa37ece0c5a30 to remote] DEBUG org.asynchttpclient.netty.request.NettyRequestSender - Using pooled Channel '[id: 0xe1ec0c31, L:/127.0.0.1:54665 - R:localhost/127.0.0.1:20054]' for 'GET' to 'http://localhost:20054/session/341bbeb16a338e90ac6fa37ece0c5a30/alert/text'
22:31:18.798 [Forwarding getAlertText on session 341bbeb16a338e90ac6fa37ece0c5a30 to remote] DEBUG org.asynchttpclient.netty.request.NettyRequestSender - Using open Channel [id: 0xe1ec0c31, L:/127.0.0.1:54665 - R:localhost/127.0.0.1:20054] for GET '/session/341bbeb16a338e90ac6fa37ece0c5a30/alert/text'
22:31:18.800 [AsyncHttpClient-1-17] DEBUG org.asynchttpclient.netty.handler.HttpHandler - 

Request DefaultFullHttpRequest(decodeResult: success, version: HTTP/1.1, content: EmptyByteBufBE)
GET /session/341bbeb16a338e90ac6fa37ece0c5a30/alert/text HTTP/1.1
User-Agent: selenium/4.8.1 (java windows)
Cache-Control: no-cache
Content-Type: application/json; charset=utf-8
host: localhost:20054
accept: */*

Response DefaultHttpResponse(decodeResult: success, version: HTTP/1.1)
HTTP/1.1 404 Not Found
Content-Length: 835
Content-Type: application/json; charset=utf-8
cache-control: no-cache

22:31:18.800 [AsyncHttpClient-1-17] DEBUG org.asynchttpclient.netty.channel.ChannelManager - Adding key: http://localhost:20054 for channel [id: 0xe1ec0c31, L:/127.0.0.1:54665 - R:localhost/127.0.0.1:20054]
22:31:18.801 [Forwarding getCurrentUrl on session 341bbeb16a338e90ac6fa37ece0c5a30 to remote] DEBUG org.asynchttpclient.netty.request.NettyRequestSender - Using pooled Channel '[id: 0xe1ec0c31, L:/127.0.0.1:54665 - R:localhost/127.0.0.1:20054]' for 'GET' to 'http://localhost:20054/session/341bbeb16a338e90ac6fa37ece0c5a30/url'
22:31:18.801 [Forwarding getCurrentUrl on session 341bbeb16a338e90ac6fa37ece0c5a30 to remote] DEBUG org.asynchttpclient.netty.request.NettyRequestSender - Using open Channel [id: 0xe1ec0c31, L:/127.0.0.1:54665 - R:localhost/127.0.0.1:20054] for GET '/session/341bbeb16a338e90ac6fa37ece0c5a30/url'
22:31:18.805 [AsyncHttpClient-1-17] DEBUG org.asynchttpclient.netty.handler.HttpHandler - 

Request DefaultFullHttpRequest(decodeResult: success, version: HTTP/1.1, content: EmptyByteBufBE)
GET /session/341bbeb16a338e90ac6fa37ece0c5a30/url HTTP/1.1
User-Agent: selenium/4.8.1 (java windows)
Cache-Control: no-cache
Content-Type: application/json; charset=utf-8
host: localhost:20054
accept: */*

Response DefaultHttpResponse(decodeResult: success, version: HTTP/1.1)
HTTP/1.1 200 OK
Content-Length: 51
Content-Type: application/json; charset=utf-8
cache-control: no-cache

22:31:18.805 [AsyncHttpClient-1-17] DEBUG org.asynchttpclient.netty.channel.ChannelManager - Adding key: http://localhost:20054 for channel [id: 0xe1ec0c31, L:/127.0.0.1:54665 - R:localhost/127.0.0.1:20054]
22:31:18.806 [Forwarding screenshot on session 341bbeb16a338e90ac6fa37ece0c5a30 to remote] DEBUG org.asynchttpclient.netty.request.NettyRequestSender - Using pooled Channel '[id: 0xe1ec0c31, L:/127.0.0.1:54665 - R:localhost/127.0.0.1:20054]' for 'GET' to 'http://localhost:20054/session/341bbeb16a338e90ac6fa37ece0c5a30/screenshot'
22:31:18.806 [Forwarding screenshot on session 341bbeb16a338e90ac6fa37ece0c5a30 to remote] DEBUG org.asynchttpclient.netty.request.NettyRequestSender - Using open Channel [id: 0xe1ec0c31, L:/127.0.0.1:54665 - R:localhost/127.0.0.1:20054] for GET '/session/341bbeb16a338e90ac6fa37ece0c5a30/screenshot'
22:31:19.059 [AsyncHttpClient-1-17] DEBUG org.asynchttpclient.netty.handler.HttpHandler - 

Request DefaultFullHttpRequest(decodeResult: success, version: HTTP/1.1, content: EmptyByteBufBE)
GET /session/341bbeb16a338e90ac6fa37ece0c5a30/screenshot HTTP/1.1
User-Agent: selenium/4.8.1 (java windows)
Cache-Control: no-cache
Content-Type: application/json; charset=utf-8
host: localhost:20054
accept: */*

Response DefaultHttpResponse(decodeResult: success, version: HTTP/1.1)
HTTP/1.1 200 OK
Content-Length: 234788
Content-Type: application/json; charset=utf-8
cache-control: no-cache

22:31:19.061 [AsyncHttpClient-1-17] DEBUG org.asynchttpclient.netty.channel.ChannelManager - Adding key: http://localhost:20054 for channel [id: 0xe1ec0c31, L:/127.0.0.1:54665 - R:localhost/127.0.0.1:20054]
22:31:19.070 [main] DEBUG net.serenitybdd.core.photography.Darkroom - Send negative for processing for target\site\serenity\3546c283a1a0421aeabf4321c275f59c79215d7cc73d2b3a923a21739bdf0f89.png
22:31:19.070 [main] DEBUG net.thucydides.core.steps.StepInterceptor - STEP DONE: inputNomorHandphone
  &amp#27;[32mAnd &amp#27;[0m&amp#27;[32mI enter correct nomor handphone&amp#27;[0m                             &amp#27;[90m# starter.stepdefintions.SelectProductSteps.inputNomorHandphone()&amp#27;[0m
22:31:19.070 [Darkroom Processing Line] DEBUG net.serenitybdd.core.photography.DarkroomProcessingLine - Processing screenshot image in /var/screenshots/screenshot-4125329639280465629
22:31:19.070 [Darkroom Processing Line] DEBUG net.serenitybdd.core.photography.DarkroomProcessingLine - Saving screenshot to target\site\serenity\3546c283a1a0421aeabf4321c275f59c79215d7cc73d2b3a923a21739bdf0f89.png
22:31:19.085 [Forwarding getPageSource on session 341bbeb16a338e90ac6fa37ece0c5a30 to remote] DEBUG org.asynchttpclient.netty.request.NettyRequestSender - Using pooled Channel '[id: 0xe1ec0c31, L:/127.0.0.1:54665 - R:localhost/127.0.0.1:20054]' for 'POST' to 'http://localhost:20054/session/341bbeb16a338e90ac6fa37ece0c5a30/execute/sync'
22:31:19.085 [Forwarding getPageSource on session 341bbeb16a338e90ac6fa37ece0c5a30 to remote] DEBUG org.asynchttpclient.netty.request.NettyRequestSender - Using open Channel [id: 0xe1ec0c31, L:/127.0.0.1:54665 - R:localhost/127.0.0.1:20054] for POST '/session/341bbeb16a338e90ac6fa37ece0c5a30/execute/sync'
22:31:19.101 [AsyncHttpClient-1-17] DEBUG org.asynchttpclient.netty.handler.HttpHandler - 

Request DefaultHttpRequest(decodeResult: success, version: HTTP/1.1)
POST /session/341bbeb16a338e90ac6fa37ece0c5a30/execute/sync HTTP/1.1
User-Agent: selenium/4.8.1 (java windows)
Content-Length: 176
Content-Type: application/json; charset=utf-8
host: localhost:20054
accept: */*

Response DefaultHttpResponse(decodeResult: success, version: HTTP/1.1)
HTTP/1.1 200 OK
Content-Length: 94287
Content-Type: application/json; charset=utf-8
cache-control: no-cache

22:31:19.101 [AsyncHttpClient-1-17] DEBUG org.asynchttpclient.netty.channel.ChannelManager - Adding key: http://localhost:20054 for channel [id: 0xe1ec0c31, L:/127.0.0.1:54665 - R:localhost/127.0.0.1:20054]
22:31:19.109 [Forwarding getCurrentUrl on session 341bbeb16a338e90ac6fa37ece0c5a30 to remote] DEBUG org.asynchttpclient.netty.request.NettyRequestSender - Using pooled Channel '[id: 0xe1ec0c31, L:/127.0.0.1:54665 - R:localhost/127.0.0.1:20054]' for 'GET' to 'http://localhost:20054/session/341bbeb16a338e90ac6fa37ece0c5a30/url'
22:31:19.109 [Forwarding getCurrentUrl on session 341bbeb16a338e90ac6fa37ece0c5a30 to remote] DEBUG org.asynchttpclient.netty.request.NettyRequestSender - Using open Channel [id: 0xe1ec0c31, L:/127.0.0.1:54665 - R:localhost/127.0.0.1:20054] for GET '/session/341bbeb16a338e90ac6fa37ece0c5a30/url'
22:31:19.114 [AsyncHttpClient-1-17] DEBUG org.asynchttpclient.netty.handler.HttpHandler - 

Request DefaultFullHttpRequest(decodeResult: success, version: HTTP/1.1, content: EmptyByteBufBE)
GET /session/341bbeb16a338e90ac6fa37ece0c5a30/url HTTP/1.1
User-Agent: selenium/4.8.1 (java windows)
Cache-Control: no-cache
Content-Type: application/json; charset=utf-8
host: localhost:20054
accept: */*

Response DefaultHttpResponse(decodeResult: success, version: HTTP/1.1)
HTTP/1.1 200 OK
Content-Length: 51
Content-Type: application/json; charset=utf-8
cache-control: no-cache

22:31:19.114 [AsyncHttpClient-1-17] DEBUG org.asynchttpclient.netty.channel.ChannelManager - Adding key: http://localhost:20054 for channel [id: 0xe1ec0c31, L:/127.0.0.1:54665 - R:localhost/127.0.0.1:20054]
22:31:19.125 [Forwarding getAlertText on session 341bbeb16a338e90ac6fa37ece0c5a30 to remote] DEBUG org.asynchttpclient.netty.request.NettyRequestSender - Using pooled Channel '[id: 0xe1ec0c31, L:/127.0.0.1:54665 - R:localhost/127.0.0.1:20054]' for 'GET' to 'http://localhost:20054/session/341bbeb16a338e90ac6fa37ece0c5a30/alert/text'
22:31:19.125 [Forwarding getAlertText on session 341bbeb16a338e90ac6fa37ece0c5a30 to remote] DEBUG org.asynchttpclient.netty.request.NettyRequestSender - Using open Channel [id: 0xe1ec0c31, L:/127.0.0.1:54665 - R:localhost/127.0.0.1:20054] for GET '/session/341bbeb16a338e90ac6fa37ece0c5a30/alert/text'
22:31:19.127 [AsyncHttpClient-1-17] DEBUG org.asynchttpclient.netty.handler.HttpHandler - 

Request DefaultFullHttpRequest(decodeResult: success, version: HTTP/1.1, content: EmptyByteBufBE)
GET /session/341bbeb16a338e90ac6fa37ece0c5a30/alert/text HTTP/1.1
User-Agent: selenium/4.8.1 (java windows)
Cache-Control: no-cache
Content-Type: application/json; charset=utf-8
host: localhost:20054
accept: */*

Response DefaultHttpResponse(decodeResult: success, version: HTTP/1.1)
HTTP/1.1 404 Not Found
Content-Length: 835
Content-Type: application/json; charset=utf-8
cache-control: no-cache

22:31:19.128 [AsyncHttpClient-1-17] DEBUG org.asynchttpclient.netty.channel.ChannelManager - Adding key: http://localhost:20054 for channel [id: 0xe1ec0c31, L:/127.0.0.1:54665 - R:localhost/127.0.0.1:20054]
22:31:19.129 [Forwarding getCurrentUrl on session 341bbeb16a338e90ac6fa37ece0c5a30 to remote] DEBUG org.asynchttpclient.netty.request.NettyRequestSender - Using pooled Channel '[id: 0xe1ec0c31, L:/127.0.0.1:54665 - R:localhost/127.0.0.1:20054]' for 'GET' to 'http://localhost:20054/session/341bbeb16a338e90ac6fa37ece0c5a30/url'
22:31:19.129 [Forwarding getCurrentUrl on session 341bbeb16a338e90ac6fa37ece0c5a30 to remote] DEBUG org.asynchttpclient.netty.request.NettyRequestSender - Using open Channel [id: 0xe1ec0c31, L:/127.0.0.1:54665 - R:localhost/127.0.0.1:20054] for GET '/session/341bbeb16a338e90ac6fa37ece0c5a30/url'
22:31:19.134 [AsyncHttpClient-1-17] DEBUG org.asynchttpclient.netty.handler.HttpHandler - 

Request DefaultFullHttpRequest(decodeResult: success, version: HTTP/1.1, content: EmptyByteBufBE)
GET /session/341bbeb16a338e90ac6fa37ece0c5a30/url HTTP/1.1
User-Agent: selenium/4.8.1 (java windows)
Cache-Control: no-cache
Content-Type: application/json; charset=utf-8
host: localhost:20054
accept: */*

Response DefaultHttpResponse(decodeResult: success, version: HTTP/1.1)
HTTP/1.1 200 OK
Content-Length: 51
Content-Type: application/json; charset=utf-8
cache-control: no-cache

22:31:19.134 [AsyncHttpClient-1-17] DEBUG org.asynchttpclient.netty.channel.ChannelManager - Adding key: http://localhost:20054 for channel [id: 0xe1ec0c31, L:/127.0.0.1:54665 - R:localhost/127.0.0.1:20054]
22:31:19.135 [Forwarding screenshot on session 341bbeb16a338e90ac6fa37ece0c5a30 to remote] DEBUG org.asynchttpclient.netty.request.NettyRequestSender - Using pooled Channel '[id: 0xe1ec0c31, L:/127.0.0.1:54665 - R:localhost/127.0.0.1:20054]' for 'GET' to 'http://localhost:20054/session/341bbeb16a338e90ac6fa37ece0c5a30/screenshot'
22:31:19.135 [Forwarding screenshot on session 341bbeb16a338e90ac6fa37ece0c5a30 to remote] DEBUG org.asynchttpclient.netty.request.NettyRequestSender - Using open Channel [id: 0xe1ec0c31, L:/127.0.0.1:54665 - R:localhost/127.0.0.1:20054] for GET '/session/341bbeb16a338e90ac6fa37ece0c5a30/screenshot'
22:31:19.181 [AsyncHttpClient-1-1] DEBUG org.asynchttpclient.netty.channel.DefaultChannelPool - Entry count for : http://localhost:54666 : 1
22:31:19.348 [AsyncHttpClient-1-17] DEBUG org.asynchttpclient.netty.handler.HttpHandler - 

Request DefaultFullHttpRequest(decodeResult: success, version: HTTP/1.1, content: EmptyByteBufBE)
GET /session/341bbeb16a338e90ac6fa37ece0c5a30/screenshot HTTP/1.1
User-Agent: selenium/4.8.1 (java windows)
Cache-Control: no-cache
Content-Type: application/json; charset=utf-8
host: localhost:20054
accept: */*

Response DefaultHttpResponse(decodeResult: success, version: HTTP/1.1)
HTTP/1.1 200 OK
Content-Length: 234460
Content-Type: application/json; charset=utf-8
cache-control: no-cache

22:31:19.349 [AsyncHttpClient-1-17] DEBUG org.asynchttpclient.netty.channel.ChannelManager - Adding key: http://localhost:20054 for channel [id: 0xe1ec0c31, L:/127.0.0.1:54665 - R:localhost/127.0.0.1:20054]
22:31:19.358 [main] DEBUG net.serenitybdd.core.photography.Darkroom - Send negative for processing for target\site\serenity\24b7afa32fe462a9d85b77ccebd6a86ea07a55e5b0d30301b471a411a8297a38.png
22:31:19.358 [Darkroom Processing Line] DEBUG net.serenitybdd.core.photography.DarkroomProcessingLine - Processing screenshot image in /var/screenshots/screenshot-13603255779311877558
22:31:19.358 [Darkroom Processing Line] DEBUG net.serenitybdd.core.photography.DarkroomProcessingLine - Saving screenshot to target\site\serenity\24b7afa32fe462a9d85b77ccebd6a86ea07a55e5b0d30301b471a411a8297a38.png
22:31:19.359 [Forwarding getPageSource on session 341bbeb16a338e90ac6fa37ece0c5a30 to remote] DEBUG org.asynchttpclient.netty.request.NettyRequestSender - Using pooled Channel '[id: 0xe1ec0c31, L:/127.0.0.1:54665 - R:localhost/127.0.0.1:20054]' for 'POST' to 'http://localhost:20054/session/341bbeb16a338e90ac6fa37ece0c5a30/execute/sync'
22:31:19.359 [Forwarding getPageSource on session 341bbeb16a338e90ac6fa37ece0c5a30 to remote] DEBUG org.asynchttpclient.netty.request.NettyRequestSender - Using open Channel [id: 0xe1ec0c31, L:/127.0.0.1:54665 - R:localhost/127.0.0.1:20054] for POST '/session/341bbeb16a338e90ac6fa37ece0c5a30/execute/sync'
22:31:19.376 [AsyncHttpClient-1-17] DEBUG org.asynchttpclient.netty.handler.HttpHandler - 

Request DefaultHttpRequest(decodeResult: success, version: HTTP/1.1)
POST /session/341bbeb16a338e90ac6fa37ece0c5a30/execute/sync HTTP/1.1
User-Agent: selenium/4.8.1 (java windows)
Content-Length: 176
Content-Type: application/json; charset=utf-8
host: localhost:20054
accept: */*

Response DefaultHttpResponse(decodeResult: success, version: HTTP/1.1)
HTTP/1.1 200 OK
Content-Length: 94287
Content-Type: application/json; charset=utf-8
cache-control: no-cache

22:31:19.376 [AsyncHttpClient-1-17] DEBUG org.asynchttpclient.netty.channel.ChannelManager - Adding key: http://localhost:20054 for channel [id: 0xe1ec0c31, L:/127.0.0.1:54665 - R:localhost/127.0.0.1:20054]
22:31:19.383 [Forwarding getCurrentUrl on session 341bbeb16a338e90ac6fa37ece0c5a30 to remote] DEBUG org.asynchttpclient.netty.request.NettyRequestSender - Using pooled Channel '[id: 0xe1ec0c31, L:/127.0.0.1:54665 - R:localhost/127.0.0.1:20054]' for 'GET' to 'http://localhost:20054/session/341bbeb16a338e90ac6fa37ece0c5a30/url'
22:31:19.383 [Forwarding getCurrentUrl on session 341bbeb16a338e90ac6fa37ece0c5a30 to remote] DEBUG org.asynchttpclient.netty.request.NettyRequestSender - Using open Channel [id: 0xe1ec0c31, L:/127.0.0.1:54665 - R:localhost/127.0.0.1:20054] for GET '/session/341bbeb16a338e90ac6fa37ece0c5a30/url'
22:31:19.388 [AsyncHttpClient-1-17] DEBUG org.asynchttpclient.netty.handler.HttpHandler - 

Request DefaultFullHttpRequest(decodeResult: success, version: HTTP/1.1, content: EmptyByteBufBE)
GET /session/341bbeb16a338e90ac6fa37ece0c5a30/url HTTP/1.1
User-Agent: selenium/4.8.1 (java windows)
Cache-Control: no-cache
Content-Type: application/json; charset=utf-8
host: localhost:20054
accept: */*

Response DefaultHttpResponse(decodeResult: success, version: HTTP/1.1)
HTTP/1.1 200 OK
Content-Length: 51
Content-Type: application/json; charset=utf-8
cache-control: no-cache

22:31:19.389 [AsyncHttpClient-1-17] DEBUG org.asynchttpclient.netty.channel.ChannelManager - Adding key: http://localhost:20054 for channel [id: 0xe1ec0c31, L:/127.0.0.1:54665 - R:localhost/127.0.0.1:20054]
22:31:19.391 [main] DEBUG net.thucydides.core.steps.StepInterceptor - STARTING STEP: SelectProductSteps.clickLanjutkanButton - clickLanjutkanButton
22:31:19.395 [Forwarding findElement on session 341bbeb16a338e90ac6fa37ece0c5a30 to remote] DEBUG org.asynchttpclient.netty.request.NettyRequestSender - Using pooled Channel '[id: 0xe1ec0c31, L:/127.0.0.1:54665 - R:localhost/127.0.0.1:20054]' for 'POST' to 'http://localhost:20054/session/341bbeb16a338e90ac6fa37ece0c5a30/element'
22:31:19.395 [Forwarding findElement on session 341bbeb16a338e90ac6fa37ece0c5a30 to remote] DEBUG org.asynchttpclient.netty.request.NettyRequestSender - Using open Channel [id: 0xe1ec0c31, L:/127.0.0.1:54665 - R:localhost/127.0.0.1:20054] for POST '/session/341bbeb16a338e90ac6fa37ece0c5a30/element'
22:31:19.411 [AsyncHttpClient-1-17] DEBUG org.asynchttpclient.netty.handler.HttpHandler - 

Request DefaultHttpRequest(decodeResult: success, version: HTTP/1.1)
POST /session/341bbeb16a338e90ac6fa37ece0c5a30/element HTTP/1.1
User-Agent: selenium/4.8.1 (java windows)
Content-Length: 62
Content-Type: application/json; charset=utf-8
host: localhost:20054
accept: */*

Response DefaultHttpResponse(decodeResult: success, version: HTTP/1.1)
HTTP/1.1 200 OK
Content-Length: 88
Content-Type: application/json; charset=utf-8
cache-control: no-cache

22:31:19.411 [AsyncHttpClient-1-17] DEBUG org.asynchttpclient.netty.channel.ChannelManager - Adding key: http://localhost:20054 for channel [id: 0xe1ec0c31, L:/127.0.0.1:54665 - R:localhost/127.0.0.1:20054]
22:31:19.412 [Forwarding getElementTagName on session 341bbeb16a338e90ac6fa37ece0c5a30 to remote] DEBUG org.asynchttpclient.netty.request.NettyRequestSender - Using pooled Channel '[id: 0xe1ec0c31, L:/127.0.0.1:54665 - R:localhost/127.0.0.1:20054]' for 'GET' to 'http://localhost:20054/session/341bbeb16a338e90ac6fa37ece0c5a30/element/4ac63f02-8b5e-4e16-85ef-87235fc92178/name'
22:31:19.412 [Forwarding getElementTagName on session 341bbeb16a338e90ac6fa37ece0c5a30 to remote] DEBUG org.asynchttpclient.netty.request.NettyRequestSender - Using open Channel [id: 0xe1ec0c31, L:/127.0.0.1:54665 - R:localhost/127.0.0.1:20054] for GET '/session/341bbeb16a338e90ac6fa37ece0c5a30/element/4ac63f02-8b5e-4e16-85ef-87235fc92178/name'
22:31:19.418 [AsyncHttpClient-1-17] DEBUG org.asynchttpclient.netty.handler.HttpHandler - 

Request DefaultFullHttpRequest(decodeResult: success, version: HTTP/1.1, content: EmptyByteBufBE)
GET /session/341bbeb16a338e90ac6fa37ece0c5a30/element/4ac63f02-8b5e-4e16-85ef-87235fc92178/name HTTP/1.1
User-Agent: selenium/4.8.1 (java windows)
Cache-Control: no-cache
Content-Type: application/json; charset=utf-8
host: localhost:20054
accept: */*

Response DefaultHttpResponse(decodeResult: success, version: HTTP/1.1)
HTTP/1.1 200 OK
Content-Length: 16
Content-Type: application/json; charset=utf-8
cache-control: no-cache

22:31:19.419 [AsyncHttpClient-1-17] DEBUG org.asynchttpclient.netty.channel.ChannelManager - Adding key: http://localhost:20054 for channel [id: 0xe1ec0c31, L:/127.0.0.1:54665 - R:localhost/127.0.0.1:20054]
22:31:19.420 [Forwarding getElementTagName on session 341bbeb16a338e90ac6fa37ece0c5a30 to remote] DEBUG org.asynchttpclient.netty.request.NettyRequestSender - Using pooled Channel '[id: 0xe1ec0c31, L:/127.0.0.1:54665 - R:localhost/127.0.0.1:20054]' for 'GET' to 'http://localhost:20054/session/341bbeb16a338e90ac6fa37ece0c5a30/element/4ac63f02-8b5e-4e16-85ef-87235fc92178/name'
22:31:19.420 [Forwarding getElementTagName on session 341bbeb16a338e90ac6fa37ece0c5a30 to remote] DEBUG org.asynchttpclient.netty.request.NettyRequestSender - Using open Channel [id: 0xe1ec0c31, L:/127.0.0.1:54665 - R:localhost/127.0.0.1:20054] for GET '/session/341bbeb16a338e90ac6fa37ece0c5a30/element/4ac63f02-8b5e-4e16-85ef-87235fc92178/name'
22:31:19.424 [AsyncHttpClient-1-17] DEBUG org.asynchttpclient.netty.handler.HttpHandler - 

Request DefaultFullHttpRequest(decodeResult: success, version: HTTP/1.1, content: EmptyByteBufBE)
GET /session/341bbeb16a338e90ac6fa37ece0c5a30/element/4ac63f02-8b5e-4e16-85ef-87235fc92178/name HTTP/1.1
User-Agent: selenium/4.8.1 (java windows)
Cache-Control: no-cache
Content-Type: application/json; charset=utf-8
host: localhost:20054
accept: */*

Response DefaultHttpResponse(decodeResult: success, version: HTTP/1.1)
HTTP/1.1 200 OK
Content-Length: 16
Content-Type: application/json; charset=utf-8
cache-control: no-cache

22:31:19.425 [AsyncHttpClient-1-17] DEBUG org.asynchttpclient.netty.channel.ChannelManager - Adding key: http://localhost:20054 for channel [id: 0xe1ec0c31, L:/127.0.0.1:54665 - R:localhost/127.0.0.1:20054]
22:31:19.426 [Forwarding findElement on session 341bbeb16a338e90ac6fa37ece0c5a30 to remote] DEBUG org.asynchttpclient.netty.request.NettyRequestSender - Using pooled Channel '[id: 0xe1ec0c31, L:/127.0.0.1:54665 - R:localhost/127.0.0.1:20054]' for 'POST' to 'http://localhost:20054/session/341bbeb16a338e90ac6fa37ece0c5a30/element'
22:31:19.426 [Forwarding findElement on session 341bbeb16a338e90ac6fa37ece0c5a30 to remote] DEBUG org.asynchttpclient.netty.request.NettyRequestSender - Using open Channel [id: 0xe1ec0c31, L:/127.0.0.1:54665 - R:localhost/127.0.0.1:20054] for POST '/session/341bbeb16a338e90ac6fa37ece0c5a30/element'
22:31:19.437 [AsyncHttpClient-1-17] DEBUG org.asynchttpclient.netty.handler.HttpHandler - 

Request DefaultHttpRequest(decodeResult: success, version: HTTP/1.1)
POST /session/341bbeb16a338e90ac6fa37ece0c5a30/element HTTP/1.1
User-Agent: selenium/4.8.1 (java windows)
Content-Length: 62
Content-Type: application/json; charset=utf-8
host: localhost:20054
accept: */*

Response DefaultHttpResponse(decodeResult: success, version: HTTP/1.1)
HTTP/1.1 200 OK
Content-Length: 88
Content-Type: application/json; charset=utf-8
cache-control: no-cache

22:31:19.437 [AsyncHttpClient-1-17] DEBUG org.asynchttpclient.netty.channel.ChannelManager - Adding key: http://localhost:20054 for channel [id: 0xe1ec0c31, L:/127.0.0.1:54665 - R:localhost/127.0.0.1:20054]
22:31:19.438 [Forwarding clickElement on session 341bbeb16a338e90ac6fa37ece0c5a30 to remote] DEBUG org.asynchttpclient.netty.request.NettyRequestSender - Using pooled Channel '[id: 0xe1ec0c31, L:/127.0.0.1:54665 - R:localhost/127.0.0.1:20054]' for 'POST' to 'http://localhost:20054/session/341bbeb16a338e90ac6fa37ece0c5a30/element/4ac63f02-8b5e-4e16-85ef-87235fc92178/click'
22:31:19.439 [Forwarding clickElement on session 341bbeb16a338e90ac6fa37ece0c5a30 to remote] DEBUG org.asynchttpclient.netty.request.NettyRequestSender - Using open Channel [id: 0xe1ec0c31, L:/127.0.0.1:54665 - R:localhost/127.0.0.1:20054] for POST '/session/341bbeb16a338e90ac6fa37ece0c5a30/element/4ac63f02-8b5e-4e16-85ef-87235fc92178/click'
22:31:19.531 [AsyncHttpClient-1-17] DEBUG org.asynchttpclient.netty.handler.HttpHandler - 

Request DefaultHttpRequest(decodeResult: success, version: HTTP/1.1)
POST /session/341bbeb16a338e90ac6fa37ece0c5a30/element/4ac63f02-8b5e-4e16-85ef-87235fc92178/click HTTP/1.1
User-Agent: selenium/4.8.1 (java windows)
Content-Length: 50
Content-Type: application/json; charset=utf-8
host: localhost:20054
accept: */*

Response DefaultHttpResponse(decodeResult: success, version: HTTP/1.1)
HTTP/1.1 200 OK
Content-Length: 14
Content-Type: application/json; charset=utf-8
cache-control: no-cache

22:31:19.531 [AsyncHttpClient-1-17] DEBUG org.asynchttpclient.netty.channel.ChannelManager - Adding key: http://localhost:20054 for channel [id: 0xe1ec0c31, L:/127.0.0.1:54665 - R:localhost/127.0.0.1:20054]
22:31:19.544 [Forwarding getAlertText on session 341bbeb16a338e90ac6fa37ece0c5a30 to remote] DEBUG org.asynchttpclient.netty.request.NettyRequestSender - Using pooled Channel '[id: 0xe1ec0c31, L:/127.0.0.1:54665 - R:localhost/127.0.0.1:20054]' for 'GET' to 'http://localhost:20054/session/341bbeb16a338e90ac6fa37ece0c5a30/alert/text'
22:31:19.544 [Forwarding getAlertText on session 341bbeb16a338e90ac6fa37ece0c5a30 to remote] DEBUG org.asynchttpclient.netty.request.NettyRequestSender - Using open Channel [id: 0xe1ec0c31, L:/127.0.0.1:54665 - R:localhost/127.0.0.1:20054] for GET '/session/341bbeb16a338e90ac6fa37ece0c5a30/alert/text'
22:31:19.547 [AsyncHttpClient-1-17] DEBUG org.asynchttpclient.netty.handler.HttpHandler - 

Request DefaultFullHttpRequest(decodeResult: success, version: HTTP/1.1, content: EmptyByteBufBE)
GET /session/341bbeb16a338e90ac6fa37ece0c5a30/alert/text HTTP/1.1
User-Agent: selenium/4.8.1 (java windows)
Cache-Control: no-cache
Content-Type: application/json; charset=utf-8
host: localhost:20054
accept: */*

Response DefaultHttpResponse(decodeResult: success, version: HTTP/1.1)
HTTP/1.1 404 Not Found
Content-Length: 835
Content-Type: application/json; charset=utf-8
cache-control: no-cache

22:31:19.547 [AsyncHttpClient-1-17] DEBUG org.asynchttpclient.netty.channel.ChannelManager - Adding key: http://localhost:20054 for channel [id: 0xe1ec0c31, L:/127.0.0.1:54665 - R:localhost/127.0.0.1:20054]
22:31:19.549 [Forwarding getCurrentUrl on session 341bbeb16a338e90ac6fa37ece0c5a30 to remote] DEBUG org.asynchttpclient.netty.request.NettyRequestSender - Using pooled Channel '[id: 0xe1ec0c31, L:/127.0.0.1:54665 - R:localhost/127.0.0.1:20054]' for 'GET' to 'http://localhost:20054/session/341bbeb16a338e90ac6fa37ece0c5a30/url'
22:31:19.549 [Forwarding getCurrentUrl on session 341bbeb16a338e90ac6fa37ece0c5a30 to remote] DEBUG org.asynchttpclient.netty.request.NettyRequestSender - Using open Channel [id: 0xe1ec0c31, L:/127.0.0.1:54665 - R:localhost/127.0.0.1:20054] for GET '/session/341bbeb16a338e90ac6fa37ece0c5a30/url'
22:31:19.556 [AsyncHttpClient-1-17] DEBUG org.asynchttpclient.netty.handler.HttpHandler - 

Request DefaultFullHttpRequest(decodeResult: success, version: HTTP/1.1, content: EmptyByteBufBE)
GET /session/341bbeb16a338e90ac6fa37ece0c5a30/url HTTP/1.1
User-Agent: selenium/4.8.1 (java windows)
Cache-Control: no-cache
Content-Type: application/json; charset=utf-8
host: localhost:20054
accept: */*

Response DefaultHttpResponse(decodeResult: success, version: HTTP/1.1)
HTTP/1.1 200 OK
Content-Length: 51
Content-Type: application/json; charset=utf-8
cache-control: no-cache

22:31:19.556 [AsyncHttpClient-1-17] DEBUG org.asynchttpclient.netty.channel.ChannelManager - Adding key: http://localhost:20054 for channel [id: 0xe1ec0c31, L:/127.0.0.1:54665 - R:localhost/127.0.0.1:20054]
22:31:19.557 [Forwarding screenshot on session 341bbeb16a338e90ac6fa37ece0c5a30 to remote] DEBUG org.asynchttpclient.netty.request.NettyRequestSender - Using pooled Channel '[id: 0xe1ec0c31, L:/127.0.0.1:54665 - R:localhost/127.0.0.1:20054]' for 'GET' to 'http://localhost:20054/session/341bbeb16a338e90ac6fa37ece0c5a30/screenshot'
22:31:19.557 [Forwarding screenshot on session 341bbeb16a338e90ac6fa37ece0c5a30 to remote] DEBUG org.asynchttpclient.netty.request.NettyRequestSender - Using open Channel [id: 0xe1ec0c31, L:/127.0.0.1:54665 - R:localhost/127.0.0.1:20054] for GET '/session/341bbeb16a338e90ac6fa37ece0c5a30/screenshot'
22:31:19.840 [AsyncHttpClient-1-17] DEBUG org.asynchttpclient.netty.handler.HttpHandler - 

Request DefaultFullHttpRequest(decodeResult: success, version: HTTP/1.1, content: EmptyByteBufBE)
GET /session/341bbeb16a338e90ac6fa37ece0c5a30/screenshot HTTP/1.1
User-Agent: selenium/4.8.1 (java windows)
Cache-Control: no-cache
Content-Type: application/json; charset=utf-8
host: localhost:20054
accept: */*

Response DefaultHttpResponse(decodeResult: success, version: HTTP/1.1)
HTTP/1.1 200 OK
Content-Length: 171200
Content-Type: application/json; charset=utf-8
cache-control: no-cache

22:31:19.841 [AsyncHttpClient-1-17] DEBUG org.asynchttpclient.netty.channel.ChannelManager - Adding key: http://localhost:20054 for channel [id: 0xe1ec0c31, L:/127.0.0.1:54665 - R:localhost/127.0.0.1:20054]
22:31:19.849 [main] DEBUG net.serenitybdd.core.photography.Darkroom - Send negative for processing for target\site\serenity\d5d3140d22d073e268746d37011ca19c1a09ed16eafc63c91d330090752a33c5.png
22:31:19.849 [main] DEBUG net.thucydides.core.steps.StepInterceptor - STEP DONE: clickLanjutkanButton
  &amp#27;[32mWhen &amp#27;[0m&amp#27;[32mI click on the lanjutkan button&amp#27;[0m                            &amp#27;[90m# starter.stepdefintions.SelectProductSteps.clickLanjutkanButton()&amp#27;[0m
22:31:19.849 [Darkroom Processing Line] DEBUG net.serenitybdd.core.photography.DarkroomProcessingLine - Processing screenshot image in /var/screenshots/screenshot-10294959764033466206
22:31:19.850 [Darkroom Processing Line] DEBUG net.serenitybdd.core.photography.DarkroomProcessingLine - Saving screenshot to target\site\serenity\d5d3140d22d073e268746d37011ca19c1a09ed16eafc63c91d330090752a33c5.png
22:31:19.864 [Forwarding getPageSource on session 341bbeb16a338e90ac6fa37ece0c5a30 to remote] DEBUG org.asynchttpclient.netty.request.NettyRequestSender - Using pooled Channel '[id: 0xe1ec0c31, L:/127.0.0.1:54665 - R:localhost/127.0.0.1:20054]' for 'POST' to 'http://localhost:20054/session/341bbeb16a338e90ac6fa37ece0c5a30/execute/sync'
22:31:19.864 [Forwarding getPageSource on session 341bbeb16a338e90ac6fa37ece0c5a30 to remote] DEBUG org.asynchttpclient.netty.request.NettyRequestSender - Using open Channel [id: 0xe1ec0c31, L:/127.0.0.1:54665 - R:localhost/127.0.0.1:20054] for POST '/session/341bbeb16a338e90ac6fa37ece0c5a30/execute/sync'
22:31:19.884 [AsyncHttpClient-1-17] DEBUG org.asynchttpclient.netty.handler.HttpHandler - 

Request DefaultHttpRequest(decodeResult: success, version: HTTP/1.1)
POST /session/341bbeb16a338e90ac6fa37ece0c5a30/execute/sync HTTP/1.1
User-Agent: selenium/4.8.1 (java windows)
Content-Length: 176
Content-Type: application/json; charset=utf-8
host: localhost:20054
accept: */*

Response DefaultHttpResponse(decodeResult: success, version: HTTP/1.1)
HTTP/1.1 200 OK
Content-Length: 98717
Content-Type: application/json; charset=utf-8
cache-control: no-cache

22:31:19.884 [AsyncHttpClient-1-17] DEBUG org.asynchttpclient.netty.channel.ChannelManager - Adding key: http://localhost:20054 for channel [id: 0xe1ec0c31, L:/127.0.0.1:54665 - R:localhost/127.0.0.1:20054]
22:31:19.896 [Forwarding getCurrentUrl on session 341bbeb16a338e90ac6fa37ece0c5a30 to remote] DEBUG org.asynchttpclient.netty.request.NettyRequestSender - Using pooled Channel '[id: 0xe1ec0c31, L:/127.0.0.1:54665 - R:localhost/127.0.0.1:20054]' for 'GET' to 'http://localhost:20054/session/341bbeb16a338e90ac6fa37ece0c5a30/url'
22:31:19.896 [Forwarding getCurrentUrl on session 341bbeb16a338e90ac6fa37ece0c5a30 to remote] DEBUG org.asynchttpclient.netty.request.NettyRequestSender - Using open Channel [id: 0xe1ec0c31, L:/127.0.0.1:54665 - R:localhost/127.0.0.1:20054] for GET '/session/341bbeb16a338e90ac6fa37ece0c5a30/url'
22:31:19.901 [AsyncHttpClient-1-17] DEBUG org.asynchttpclient.netty.handler.HttpHandler - 

Request DefaultFullHttpRequest(decodeResult: success, version: HTTP/1.1, content: EmptyByteBufBE)
GET /session/341bbeb16a338e90ac6fa37ece0c5a30/url HTTP/1.1
User-Agent: selenium/4.8.1 (java windows)
Cache-Control: no-cache
Content-Type: application/json; charset=utf-8
host: localhost:20054
accept: */*

Response DefaultHttpResponse(decodeResult: success, version: HTTP/1.1)
HTTP/1.1 200 OK
Content-Length: 51
Content-Type: application/json; charset=utf-8
cache-control: no-cache

22:31:19.902 [AsyncHttpClient-1-17] DEBUG org.asynchttpclient.netty.channel.ChannelManager - Adding key: http://localhost:20054 for channel [id: 0xe1ec0c31, L:/127.0.0.1:54665 - R:localhost/127.0.0.1:20054]
22:31:19.916 [Forwarding getAlertText on session 341bbeb16a338e90ac6fa37ece0c5a30 to remote] DEBUG org.asynchttpclient.netty.request.NettyRequestSender - Using pooled Channel '[id: 0xe1ec0c31, L:/127.0.0.1:54665 - R:localhost/127.0.0.1:20054]' for 'GET' to 'http://localhost:20054/session/341bbeb16a338e90ac6fa37ece0c5a30/alert/text'
22:31:19.916 [Forwarding getAlertText on session 341bbeb16a338e90ac6fa37ece0c5a30 to remote] DEBUG org.asynchttpclient.netty.request.NettyRequestSender - Using open Channel [id: 0xe1ec0c31, L:/127.0.0.1:54665 - R:localhost/127.0.0.1:20054] for GET '/session/341bbeb16a338e90ac6fa37ece0c5a30/alert/text'
22:31:19.918 [AsyncHttpClient-1-17] DEBUG org.asynchttpclient.netty.handler.HttpHandler - 

Request DefaultFullHttpRequest(decodeResult: success, version: HTTP/1.1, content: EmptyByteBufBE)
GET /session/341bbeb16a338e90ac6fa37ece0c5a30/alert/text HTTP/1.1
User-Agent: selenium/4.8.1 (java windows)
Cache-Control: no-cache
Content-Type: application/json; charset=utf-8
host: localhost:20054
accept: */*

Response DefaultHttpResponse(decodeResult: success, version: HTTP/1.1)
HTTP/1.1 404 Not Found
Content-Length: 835
Content-Type: application/json; charset=utf-8
cache-control: no-cache

22:31:19.918 [AsyncHttpClient-1-17] DEBUG org.asynchttpclient.netty.channel.ChannelManager - Adding key: http://localhost:20054 for channel [id: 0xe1ec0c31, L:/127.0.0.1:54665 - R:localhost/127.0.0.1:20054]
22:31:19.919 [Forwarding getCurrentUrl on session 341bbeb16a338e90ac6fa37ece0c5a30 to remote] DEBUG org.asynchttpclient.netty.request.NettyRequestSender - Using pooled Channel '[id: 0xe1ec0c31, L:/127.0.0.1:54665 - R:localhost/127.0.0.1:20054]' for 'GET' to 'http://localhost:20054/session/341bbeb16a338e90ac6fa37ece0c5a30/url'
22:31:19.919 [Forwarding getCurrentUrl on session 341bbeb16a338e90ac6fa37ece0c5a30 to remote] DEBUG org.asynchttpclient.netty.request.NettyRequestSender - Using open Channel [id: 0xe1ec0c31, L:/127.0.0.1:54665 - R:localhost/127.0.0.1:20054] for GET '/session/341bbeb16a338e90ac6fa37ece0c5a30/url'
22:31:19.925 [AsyncHttpClient-1-17] DEBUG org.asynchttpclient.netty.handler.HttpHandler - 

Request DefaultFullHttpRequest(decodeResult: success, version: HTTP/1.1, content: EmptyByteBufBE)
GET /session/341bbeb16a338e90ac6fa37ece0c5a30/url HTTP/1.1
User-Agent: selenium/4.8.1 (java windows)
Cache-Control: no-cache
Content-Type: application/json; charset=utf-8
host: localhost:20054
accept: */*

Response DefaultHttpResponse(decodeResult: success, version: HTTP/1.1)
HTTP/1.1 200 OK
Content-Length: 51
Content-Type: application/json; charset=utf-8
cache-control: no-cache

22:31:19.925 [AsyncHttpClient-1-17] DEBUG org.asynchttpclient.netty.channel.ChannelManager - Adding key: http://localhost:20054 for channel [id: 0xe1ec0c31, L:/127.0.0.1:54665 - R:localhost/127.0.0.1:20054]
22:31:19.926 [Forwarding screenshot on session 341bbeb16a338e90ac6fa37ece0c5a30 to remote] DEBUG org.asynchttpclient.netty.request.NettyRequestSender - Using pooled Channel '[id: 0xe1ec0c31, L:/127.0.0.1:54665 - R:localhost/127.0.0.1:20054]' for 'GET' to 'http://localhost:20054/session/341bbeb16a338e90ac6fa37ece0c5a30/screenshot'
22:31:19.926 [Forwarding screenshot on session 341bbeb16a338e90ac6fa37ece0c5a30 to remote] DEBUG org.asynchttpclient.netty.request.NettyRequestSender - Using open Channel [id: 0xe1ec0c31, L:/127.0.0.1:54665 - R:localhost/127.0.0.1:20054] for GET '/session/341bbeb16a338e90ac6fa37ece0c5a30/screenshot'
22:31:20.252 [AsyncHttpClient-1-17] DEBUG org.asynchttpclient.netty.handler.HttpHandler - 

Request DefaultFullHttpRequest(decodeResult: success, version: HTTP/1.1, content: EmptyByteBufBE)
GET /session/341bbeb16a338e90ac6fa37ece0c5a30/screenshot HTTP/1.1
User-Agent: selenium/4.8.1 (java windows)
Cache-Control: no-cache
Content-Type: application/json; charset=utf-8
host: localhost:20054
accept: */*

Response DefaultHttpResponse(decodeResult: success, version: HTTP/1.1)
HTTP/1.1 200 OK
Content-Length: 171016
Content-Type: application/json; charset=utf-8
cache-control: no-cache

22:31:20.252 [AsyncHttpClient-1-17] DEBUG org.asynchttpclient.netty.channel.ChannelManager - Adding key: http://localhost:20054 for channel [id: 0xe1ec0c31, L:/127.0.0.1:54665 - R:localhost/127.0.0.1:20054]
22:31:20.258 [main] DEBUG net.serenitybdd.core.photography.Darkroom - Send negative for processing for target\site\serenity\6678ba2b4ee8a0b427027f3a09ca2feafcfefa63bd87afd5dbd4b74de40fa12e.png
22:31:20.259 [Darkroom Processing Line] DEBUG net.serenitybdd.core.photography.DarkroomProcessingLine - Processing screenshot image in /var/screenshots/screenshot-2111467233729814409
22:31:20.259 [Darkroom Processing Line] DEBUG net.serenitybdd.core.photography.DarkroomProcessingLine - Saving screenshot to target\site\serenity\6678ba2b4ee8a0b427027f3a09ca2feafcfefa63bd87afd5dbd4b74de40fa12e.png
22:31:20.260 [Forwarding getPageSource on session 341bbeb16a338e90ac6fa37ece0c5a30 to remote] DEBUG org.asynchttpclient.netty.request.NettyRequestSender - Using pooled Channel '[id: 0xe1ec0c31, L:/127.0.0.1:54665 - R:localhost/127.0.0.1:20054]' for 'POST' to 'http://localhost:20054/session/341bbeb16a338e90ac6fa37ece0c5a30/execute/sync'
22:31:20.260 [Forwarding getPageSource on session 341bbeb16a338e90ac6fa37ece0c5a30 to remote] DEBUG org.asynchttpclient.netty.request.NettyRequestSender - Using open Channel [id: 0xe1ec0c31, L:/127.0.0.1:54665 - R:localhost/127.0.0.1:20054] for POST '/session/341bbeb16a338e90ac6fa37ece0c5a30/execute/sync'
22:31:20.279 [AsyncHttpClient-1-17] DEBUG org.asynchttpclient.netty.handler.HttpHandler - 

Request DefaultHttpRequest(decodeResult: success, version: HTTP/1.1)
POST /session/341bbeb16a338e90ac6fa37ece0c5a30/execute/sync HTTP/1.1
User-Agent: selenium/4.8.1 (java windows)
Content-Length: 176
Content-Type: application/json; charset=utf-8
host: localhost:20054
accept: */*

Response DefaultHttpResponse(decodeResult: success, version: HTTP/1.1)
HTTP/1.1 200 OK
Content-Length: 99112
Content-Type: application/json; charset=utf-8
cache-control: no-cache

22:31:20.280 [AsyncHttpClient-1-1] DEBUG org.asynchttpclient.netty.channel.DefaultChannelPool - Entry count for : http://localhost:54666 : 1
22:31:20.280 [AsyncHttpClient-1-17] DEBUG org.asynchttpclient.netty.channel.ChannelManager - Adding key: http://localhost:20054 for channel [id: 0xe1ec0c31, L:/127.0.0.1:54665 - R:localhost/127.0.0.1:20054]
22:31:20.290 [Forwarding getCurrentUrl on session 341bbeb16a338e90ac6fa37ece0c5a30 to remote] DEBUG org.asynchttpclient.netty.request.NettyRequestSender - Using pooled Channel '[id: 0xe1ec0c31, L:/127.0.0.1:54665 - R:localhost/127.0.0.1:20054]' for 'GET' to 'http://localhost:20054/session/341bbeb16a338e90ac6fa37ece0c5a30/url'
22:31:20.290 [Forwarding getCurrentUrl on session 341bbeb16a338e90ac6fa37ece0c5a30 to remote] DEBUG org.asynchttpclient.netty.request.NettyRequestSender - Using open Channel [id: 0xe1ec0c31, L:/127.0.0.1:54665 - R:localhost/127.0.0.1:20054] for GET '/session/341bbeb16a338e90ac6fa37ece0c5a30/url'
22:31:20.295 [AsyncHttpClient-1-17] DEBUG org.asynchttpclient.netty.handler.HttpHandler - 

Request DefaultFullHttpRequest(decodeResult: success, version: HTTP/1.1, content: EmptyByteBufBE)
GET /session/341bbeb16a338e90ac6fa37ece0c5a30/url HTTP/1.1
User-Agent: selenium/4.8.1 (java windows)
Cache-Control: no-cache
Content-Type: application/json; charset=utf-8
host: localhost:20054
accept: */*

Response DefaultHttpResponse(decodeResult: success, version: HTTP/1.1)
HTTP/1.1 200 OK
Content-Length: 51
Content-Type: application/json; charset=utf-8
cache-control: no-cache

22:31:20.295 [AsyncHttpClient-1-17] DEBUG org.asynchttpclient.netty.channel.ChannelManager - Adding key: http://localhost:20054 for channel [id: 0xe1ec0c31, L:/127.0.0.1:54665 - R:localhost/127.0.0.1:20054]
22:31:20.299 [main] DEBUG net.thucydides.core.steps.StepInterceptor - STARTING STEP: SelectProductSteps.validateWarningMessage - validateWarningMessage
22:31:20.301 [Forwarding findElement on session 341bbeb16a338e90ac6fa37ece0c5a30 to remote] DEBUG org.asynchttpclient.netty.request.NettyRequestSender - Using pooled Channel '[id: 0xe1ec0c31, L:/127.0.0.1:54665 - R:localhost/127.0.0.1:20054]' for 'POST' to 'http://localhost:20054/session/341bbeb16a338e90ac6fa37ece0c5a30/element'
22:31:20.301 [Forwarding findElement on session 341bbeb16a338e90ac6fa37ece0c5a30 to remote] DEBUG org.asynchttpclient.netty.request.NettyRequestSender - Using open Channel [id: 0xe1ec0c31, L:/127.0.0.1:54665 - R:localhost/127.0.0.1:20054] for POST '/session/341bbeb16a338e90ac6fa37ece0c5a30/element'
22:31:21.384 [AsyncHttpClient-1-1] DEBUG org.asynchttpclient.netty.channel.DefaultChannelPool - Entry count for : http://localhost:54666 : 1
22:31:22.346 [AsyncHttpClient-1-17] DEBUG org.asynchttpclient.netty.handler.HttpHandler - 

Request DefaultHttpRequest(decodeResult: success, version: HTTP/1.1)
POST /session/341bbeb16a338e90ac6fa37ece0c5a30/element HTTP/1.1
User-Agent: selenium/4.8.1 (java windows)
Content-Length: 114
Content-Type: application/json; charset=utf-8
host: localhost:20054
accept: */*

Response DefaultHttpResponse(decodeResult: success, version: HTTP/1.1)
HTTP/1.1 404 Not Found
Content-Length: 992
Content-Type: application/json; charset=utf-8
cache-control: no-cache

22:31:22.346 [AsyncHttpClient-1-17] DEBUG org.asynchttpclient.netty.channel.ChannelManager - Adding key: http://localhost:20054 for channel [id: 0xe1ec0c31, L:/127.0.0.1:54665 - R:localhost/127.0.0.1:20054]
22:31:22.354 [Forwarding getAlertText on session 341bbeb16a338e90ac6fa37ece0c5a30 to remote] DEBUG org.asynchttpclient.netty.request.NettyRequestSender - Using pooled Channel '[id: 0xe1ec0c31, L:/127.0.0.1:54665 - R:localhost/127.0.0.1:20054]' for 'GET' to 'http://localhost:20054/session/341bbeb16a338e90ac6fa37ece0c5a30/alert/text'
22:31:22.354 [Forwarding getAlertText on session 341bbeb16a338e90ac6fa37ece0c5a30 to remote] DEBUG org.asynchttpclient.netty.request.NettyRequestSender - Using open Channel [id: 0xe1ec0c31, L:/127.0.0.1:54665 - R:localhost/127.0.0.1:20054] for GET '/session/341bbeb16a338e90ac6fa37ece0c5a30/alert/text'
22:31:22.357 [AsyncHttpClient-1-17] DEBUG org.asynchttpclient.netty.handler.HttpHandler - 

Request DefaultFullHttpRequest(decodeResult: success, version: HTTP/1.1, content: EmptyByteBufBE)
GET /session/341bbeb16a338e90ac6fa37ece0c5a30/alert/text HTTP/1.1
User-Agent: selenium/4.8.1 (java windows)
Cache-Control: no-cache
Content-Type: application/json; charset=utf-8
host: localhost:20054
accept: */*

Response DefaultHttpResponse(decodeResult: success, version: HTTP/1.1)
HTTP/1.1 404 Not Found
Content-Length: 835
Content-Type: application/json; charset=utf-8
cache-control: no-cache

22:31:22.357 [AsyncHttpClient-1-17] DEBUG org.asynchttpclient.netty.channel.ChannelManager - Adding key: http://localhost:20054 for channel [id: 0xe1ec0c31, L:/127.0.0.1:54665 - R:localhost/127.0.0.1:20054]
22:31:22.360 [Forwarding getCurrentUrl on session 341bbeb16a338e90ac6fa37ece0c5a30 to remote] DEBUG org.asynchttpclient.netty.request.NettyRequestSender - Using pooled Channel '[id: 0xe1ec0c31, L:/127.0.0.1:54665 - R:localhost/127.0.0.1:20054]' for 'GET' to 'http://localhost:20054/session/341bbeb16a338e90ac6fa37ece0c5a30/url'
22:31:22.360 [Forwarding getCurrentUrl on session 341bbeb16a338e90ac6fa37ece0c5a30 to remote] DEBUG org.asynchttpclient.netty.request.NettyRequestSender - Using open Channel [id: 0xe1ec0c31, L:/127.0.0.1:54665 - R:localhost/127.0.0.1:20054] for GET '/session/341bbeb16a338e90ac6fa37ece0c5a30/url'
22:31:22.378 [AsyncHttpClient-1-17] DEBUG org.asynchttpclient.netty.handler.HttpHandler - 

Request DefaultFullHttpRequest(decodeResult: success, version: HTTP/1.1, content: EmptyByteBufBE)
GET /session/341bbeb16a338e90ac6fa37ece0c5a30/url HTTP/1.1
User-Agent: selenium/4.8.1 (java windows)
Cache-Control: no-cache
Content-Type: application/json; charset=utf-8
host: localhost:20054
accept: */*

Response DefaultHttpResponse(decodeResult: success, version: HTTP/1.1)
HTTP/1.1 200 OK
Content-Length: 51
Content-Type: application/json; charset=utf-8
cache-control: no-cache

22:31:22.378 [AsyncHttpClient-1-17] DEBUG org.asynchttpclient.netty.channel.ChannelManager - Adding key: http://localhost:20054 for channel [id: 0xe1ec0c31, L:/127.0.0.1:54665 - R:localhost/127.0.0.1:20054]
22:31:22.379 [Forwarding screenshot on session 341bbeb16a338e90ac6fa37ece0c5a30 to remote] DEBUG org.asynchttpclient.netty.request.NettyRequestSender - Using pooled Channel '[id: 0xe1ec0c31, L:/127.0.0.1:54665 - R:localhost/127.0.0.1:20054]' for 'GET' to 'http://localhost:20054/session/341bbeb16a338e90ac6fa37ece0c5a30/screenshot'
22:31:22.380 [Forwarding screenshot on session 341bbeb16a338e90ac6fa37ece0c5a30 to remote] DEBUG org.asynchttpclient.netty.request.NettyRequestSender - Using open Channel [id: 0xe1ec0c31, L:/127.0.0.1:54665 - R:localhost/127.0.0.1:20054] for GET '/session/341bbeb16a338e90ac6fa37ece0c5a30/screenshot'
22:31:22.480 [AsyncHttpClient-1-1] DEBUG org.asynchttpclient.netty.channel.DefaultChannelPool - Entry count for : http://localhost:54666 : 1
22:31:22.642 [AsyncHttpClient-1-17] DEBUG org.asynchttpclient.netty.handler.HttpHandler - 

Request DefaultFullHttpRequest(decodeResult: success, version: HTTP/1.1, content: EmptyByteBufBE)
GET /session/341bbeb16a338e90ac6fa37ece0c5a30/screenshot HTTP/1.1
User-Agent: selenium/4.8.1 (java windows)
Cache-Control: no-cache
Content-Type: application/json; charset=utf-8
host: localhost:20054
accept: */*

Response DefaultHttpResponse(decodeResult: success, version: HTTP/1.1)
HTTP/1.1 200 OK
Content-Length: 169908
Content-Type: application/json; charset=utf-8
cache-control: no-cache

22:31:22.642 [AsyncHttpClient-1-17] DEBUG org.asynchttpclient.netty.channel.ChannelManager - Adding key: http://localhost:20054 for channel [id: 0xe1ec0c31, L:/127.0.0.1:54665 - R:localhost/127.0.0.1:20054]
22:31:22.648 [main] DEBUG net.serenitybdd.core.photography.Darkroom - Send negative for processing for target\site\serenity\9e7cc1fea3126e29a3a234c9d0c266f3741db156ebe9ad58be75b828700df4c0.png
22:31:22.649 [Darkroom Processing Line] DEBUG net.serenitybdd.core.photography.DarkroomProcessingLine - Processing screenshot image in /var/screenshots/screenshot-11293426492749078385
22:31:22.650 [Darkroom Processing Line] DEBUG net.serenitybdd.core.photography.DarkroomProcessingLine - Saving screenshot to target\site\serenity\9e7cc1fea3126e29a3a234c9d0c266f3741db156ebe9ad58be75b828700df4c0.png
22:31:22.651 [Forwarding getPageSource on session 341bbeb16a338e90ac6fa37ece0c5a30 to remote] DEBUG org.asynchttpclient.netty.request.NettyRequestSender - Using pooled Channel '[id: 0xe1ec0c31, L:/127.0.0.1:54665 - R:localhost/127.0.0.1:20054]' for 'POST' to 'http://localhost:20054/session/341bbeb16a338e90ac6fa37ece0c5a30/execute/sync'
22:31:22.651 [Forwarding getPageSource on session 341bbeb16a338e90ac6fa37ece0c5a30 to remote] DEBUG org.asynchttpclient.netty.request.NettyRequestSender - Using open Channel [id: 0xe1ec0c31, L:/127.0.0.1:54665 - R:localhost/127.0.0.1:20054] for POST '/session/341bbeb16a338e90ac6fa37ece0c5a30/execute/sync'
22:31:22.669 [AsyncHttpClient-1-17] DEBUG org.asynchttpclient.netty.handler.HttpHandler - 

Request DefaultHttpRequest(decodeResult: success, version: HTTP/1.1)
POST /session/341bbeb16a338e90ac6fa37ece0c5a30/execute/sync HTTP/1.1
User-Agent: selenium/4.8.1 (java windows)
Content-Length: 176
Content-Type: application/json; charset=utf-8
host: localhost:20054
accept: */*

Response DefaultHttpResponse(decodeResult: success, version: HTTP/1.1)
HTTP/1.1 200 OK
Content-Length: 99025
Content-Type: application/json; charset=utf-8
cache-control: no-cache

22:31:22.669 [AsyncHttpClient-1-17] DEBUG org.asynchttpclient.netty.channel.ChannelManager - Adding key: http://localhost:20054 for channel [id: 0xe1ec0c31, L:/127.0.0.1:54665 - R:localhost/127.0.0.1:20054]
22:31:22.677 [Forwarding getCurrentUrl on session 341bbeb16a338e90ac6fa37ece0c5a30 to remote] DEBUG org.asynchttpclient.netty.request.NettyRequestSender - Using pooled Channel '[id: 0xe1ec0c31, L:/127.0.0.1:54665 - R:localhost/127.0.0.1:20054]' for 'GET' to 'http://localhost:20054/session/341bbeb16a338e90ac6fa37ece0c5a30/url'
22:31:22.677 [Forwarding getCurrentUrl on session 341bbeb16a338e90ac6fa37ece0c5a30 to remote] DEBUG org.asynchttpclient.netty.request.NettyRequestSender - Using open Channel [id: 0xe1ec0c31, L:/127.0.0.1:54665 - R:localhost/127.0.0.1:20054] for GET '/session/341bbeb16a338e90ac6fa37ece0c5a30/url'
22:31:22.684 [AsyncHttpClient-1-17] DEBUG org.asynchttpclient.netty.handler.HttpHandler - 

Request DefaultFullHttpRequest(decodeResult: success, version: HTTP/1.1, content: EmptyByteBufBE)
GET /session/341bbeb16a338e90ac6fa37ece0c5a30/url HTTP/1.1
User-Agent: selenium/4.8.1 (java windows)
Cache-Control: no-cache
Content-Type: application/json; charset=utf-8
host: localhost:20054
accept: */*

Response DefaultHttpResponse(decodeResult: success, version: HTTP/1.1)
HTTP/1.1 200 OK
Content-Length: 51
Content-Type: application/json; charset=utf-8
cache-control: no-cache

22:31:22.684 [AsyncHttpClient-1-17] DEBUG org.asynchttpclient.netty.channel.ChannelManager - Adding key: http://localhost:20054 for channel [id: 0xe1ec0c31, L:/127.0.0.1:54665 - R:localhost/127.0.0.1:20054]
  &amp#27;[31mThen &amp#27;[0m&amp#27;[31mI should see the warning message&amp#27;[0m                           &amp#27;[90m# starter.stepdefintions.SelectProductSteps.validateWarningMessage()&amp#27;[0m
      &amp#27;[31morg.openqa.selenium.NoSuchElementException: no such element: Unable to locate element: {"method":"xpath","selector":"//p[contains(text(),'Nomor salah / terblokir / expired')]"}
  (Session info: chrome=112.0.5615.49)
For documentation on this error, please visit: https://selenium.dev/exceptions/#no_such_element
Build info: version: '4.8.1', revision: '8ebccac989'
System info: os.name: 'Windows 10', os.arch: 'amd64', os.version: '10.0', java.version: '15'
Driver info: org.openqa.selenium.chrome.ChromeDriver
Command: [341bbeb16a338e90ac6fa37ece0c5a30, findElement {using=xpath, value=//p[contains(text(),'Nomor salah / terblokir / expired')]}]
Capabilities {acceptInsecureCerts: false, browserName: chrome, browserVersion: 112.0.5615.49, chrome: {chromedriverVersion: 111.0.5563.64 (c710e93d5b63..., userDataDir: C:\Users\WINDOW~1\AppData\L...}, goog:chromeOptions: {debuggerAddress: localhost:54666}, networkConnectionEnabled: false, pageLoadStrategy: normal, platformName: WINDOWS, proxy: Proxy(), se:cdp: ws://localhost:54666/devtoo..., se:cdpVersion: 112.0.5615.49, setWindowRect: true, strictFileInteractability: false, timeouts: {implicit: 0, pageLoad: 300000, script: 30000}, unhandledPromptBehavior: dismiss and notify, webauthn:extension:credBlob: true, webauthn:extension:largeBlob: true, webauthn:extension:minPinLength: true, webauthn:extension:prf: true, webauthn:virtualAuthenticators: true}
Session ID: 341bbeb16a338e90ac6fa37ece0c5a30
	at java.base/jdk.internal.reflect.NativeConstructorAccessorImpl.newInstance0(Native Method)
	at java.base/jdk.internal.reflect.NativeConstructorAccessorImpl.newInstance(NativeConstructorAccessorImpl.java:64)
	at java.base/jdk.internal.reflect.DelegatingConstructorAccessorImpl.newInstance(DelegatingConstructorAccessorImpl.java:45)
	at java.base/java.lang.reflect.Constructor.newInstanceWithCaller(Constructor.java:500)
	at java.base/java.lang.reflect.Constructor.newInstance(Constructor.java:481)
	at org.openqa.selenium.remote.codec.w3c.W3CHttpResponseCodec.createException(W3CHttpResponseCodec.java:200)
	at org.openqa.selenium.remote.codec.w3c.W3CHttpResponseCodec.decode(W3CHttpResponseCodec.java:133)
	at org.openqa.selenium.remote.codec.w3c.W3CHttpResponseCodec.decode(W3CHttpResponseCodec.java:53)
	at org.openqa.selenium.remote.HttpCommandExecutor.execute(HttpCommandExecutor.java:184)
	at org.openqa.selenium.remote.service.DriverCommandExecutor.invokeExecute(DriverCommandExecutor.java:167)
	at org.openqa.selenium.remote.service.DriverCommandExecutor.execute(DriverCommandExecutor.java:142)
	at org.openqa.selenium.remote.RemoteWebDriver.execute(RemoteWebDriver.java:543)
	at org.openqa.selenium.remote.ElementLocation$ElementFinder$2.findElement(ElementLocation.java:162)
	at org.openqa.selenium.remote.ElementLocation.findElement(ElementLocation.java:60)
	at org.openqa.selenium.remote.RemoteWebDriver.findElement(RemoteWebDriver.java:352)
	at org.openqa.selenium.remote.RemoteWebDriver.findElement(RemoteWebDriver.java:344)
	at net.thucydides.core.webdriver.WebDriverFacade.findElement(WebDriverFacade.java:242)
	at net.serenitybdd.core.pages.WebElementResolverByLocator.resolveForDriver(WebElementResolverByLocator.java:25)
	at net.serenitybdd.core.pages.WebElementFacadeImpl.getResolvedElement(WebElementFacadeImpl.java:189)
	at net.serenitybdd.core.pages.WebElementFacadeImpl.getElement(WebElementFacadeImpl.java:184)
	at net.serenitybdd.core.pages.WebElementFacadeImpl.isDisplayed(WebElementFacadeImpl.java:1321)
	at alta@1.0-SNAPSHOT/starter.pages.ListrikplnPage.validateWarningMessage(ListrikplnPage.java:67)
	at alta@1.0-SNAPSHOT/starter.pages.ListrikplnPage$ByteBuddy$VV1UhdRM.validateWarningMessage$accessor$s6IN0Pc9(Unknown Source)
	at java.base/jdk.internal.reflect.NativeMethodAccessorImpl.invoke0(Native Method)
	at java.base/jdk.internal.reflect.NativeMethodAccessorImpl.invoke(NativeMethodAccessorImpl.java:64)
	at java.base/jdk.internal.reflect.DelegatingMethodAccessorImpl.invoke(DelegatingMethodAccessorImpl.java:43)
	at java.base/java.lang.reflect.Method.invoke(Method.java:564)
	at net.thucydides.core.steps.StepInterceptor.invokeMethod(StepInterceptor.java:518)
	at net.thucydides.core.steps.StepInterceptor.executeTestStepMethod(StepInterceptor.java:498)
	at net.thucydides.core.steps.StepInterceptor.runTestStep(StepInterceptor.java:472)
	at net.thucydides.core.steps.StepInterceptor.runOrSkipMethod(StepInterceptor.java:211)
	at net.thucydides.core.steps.StepInterceptor.testStepResult(StepInterceptor.java:198)
	at net.thucydides.core.steps.StepInterceptor.intercept(StepInterceptor.java:86)
	at net.thucydides.core.steps.ProxyConfiguration$InterceptorDispatcher.intercept(ProxyConfiguration.java:51)
	at alta@1.0-SNAPSHOT/starter.pages.ListrikplnPage$ByteBuddy$VV1UhdRM.validateWarningMessage(Unknown Source)
	at alta@1.0-SNAPSHOT/starter.stepdefintions.SelectProductSteps.validateWarningMessage(SelectProductSteps.java:63)
	at âœ½.I should see the warning message(file:///C:/Users/WINDOWS%2010/Documents/GitHub/QE_Andira_Ms/11_Web_Programming_&_Testing/Praktikum/Testing_with_Serenity/Prioritas2/alta/src/test/resources/features/SelectProduct.feature:17)
&amp#27;[0m
22:31:22.699 [main] ERROR  - 
  _____   ___   ___   _____     ___   ___   ___    ___    ___ 
 |_   _| | __| / __| |_   _|   | __| | _ \ | _ \  / _ \  | _ \
   | |   | _|  \__ \   | |     | _|  |   / |   / | (_) | |   /
   |_|   |___| |___/   |_|     |___| |_|_\ |_|_\  \___/  |_|_\

Input incorrect nomor meter and correct nomor handphone
---------------------------------------------------------------
22:31:22.699 [main] DEBUG  - RELATED ISSUES: 
22:31:22.699 [main] ERROR  -     Test failed at step: Validate warning message
22:31:22.700 [main] ERROR  -     no such element: Unable to locate element: {"method":"xpath","selector":"//p[contains(text(),'Nomor salah / terblokir / expired')]"}
22:31:22.703 [AsyncHttpClient-1-19] DEBUG org.asynchttpclient.netty.handler.WebSocketHandler - Channel Closed: [id: 0xc59116e5, L:/127.0.0.1:54673 ! R:localhost/127.0.0.1:54666] with attribute NettyResponseFuture{currentRetry=0,
	isDone=1,
	isCancelled=0,
	asyncHandler=org.asynchttpclient.ws.WebSocketUpgradeHandler@7c20f71,
	nettyRequest=org.asynchttpclient.netty.request.NettyRequest@42c081ed,
	future=java.util.concurrent.CompletableFuture@1c84ffd8[Completed normally],
	uri=ws://localhost:54666/devtools/browser/bcee37cc-6dae-4c7d-877a-f467055cdd80,
	keepAlive=true,
	redirectCount=0,
	timeoutsHolder=null,
	inAuth=0,
	touch=1680967872228}
22:31:22.703 [Driver Command Executor] DEBUG org.asynchttpclient.netty.request.NettyRequestSender - Using pooled Channel '[id: 0xe1ec0c31, L:/127.0.0.1:54665 - R:localhost/127.0.0.1:20054]' for 'DELETE' to 'http://localhost:20054/session/341bbeb16a338e90ac6fa37ece0c5a30'
22:31:22.703 [AsyncHttpClient-1-19] DEBUG org.asynchttpclient.netty.channel.ChannelManager - Closing Channel [id: 0xc59116e5, L:/127.0.0.1:54673 ! R:localhost/127.0.0.1:54666] 
22:31:22.703 [Driver Command Executor] DEBUG org.asynchttpclient.netty.request.NettyRequestSender - Using open Channel [id: 0xe1ec0c31, L:/127.0.0.1:54665 - R:localhost/127.0.0.1:20054] for DELETE '/session/341bbeb16a338e90ac6fa37ece0c5a30'
22:31:22.766 [AsyncHttpClient-1-18] DEBUG org.asynchttpclient.netty.handler.HttpHandler - Unexpected I/O exception on channel [id: 0x107ad68e, L:/127.0.0.1:54672 - R:localhost/127.0.0.1:54666]
java.net.SocketException: Connection reset
	at java.base/sun.nio.ch.SocketChannelImpl.throwConnectionReset(SocketChannelImpl.java:367)
	at java.base/sun.nio.ch.SocketChannelImpl.read(SocketChannelImpl.java:398)
	at io.netty.buffer.PooledByteBuf.setBytes(PooledByteBuf.java:259)
	at io.netty.buffer.AbstractByteBuf.writeBytes(AbstractByteBuf.java:1132)
	at io.netty.channel.socket.nio.NioSocketChannel.doReadBytes(NioSocketChannel.java:357)
	at io.netty.channel.nio.AbstractNioByteChannel$NioByteUnsafe.read(AbstractNioByteChannel.java:151)
	at io.netty.channel.nio.NioEventLoop.processSelectedKey(NioEventLoop.java:788)
	at io.netty.channel.nio.NioEventLoop.processSelectedKeysOptimized(NioEventLoop.java:724)
	at io.netty.channel.nio.NioEventLoop.processSelectedKeys(NioEventLoop.java:650)
	at io.netty.channel.nio.NioEventLoop.run(NioEventLoop.java:562)
	at io.netty.util.concurrent.SingleThreadEventExecutor$4.run(SingleThreadEventExecutor.java:997)
	at io.netty.util.internal.ThreadExecutorMap$2.run(ThreadExecutorMap.java:74)
	at io.netty.util.concurrent.FastThreadLocalRunnable.run(FastThreadLocalRunnable.java:30)
	at java.base/java.lang.Thread.run(Thread.java:832)
22:31:22.767 [AsyncHttpClient-1-18] DEBUG org.asynchttpclient.netty.channel.ChannelManager - Closing Channel [id: 0x107ad68e, L:/127.0.0.1:54672 - R:localhost/127.0.0.1:54666] 
22:31:22.767 [AsyncHttpClient-1-18] DEBUG org.asynchttpclient.netty.handler.HttpHandler - Channel Closed: [id: 0x107ad68e, L:/127.0.0.1:54672 ! R:localhost/127.0.0.1:54666] with attribute DISCARD
22:31:22.792 [AsyncHttpClient-1-17] DEBUG org.asynchttpclient.netty.handler.HttpHandler - 

Request DefaultFullHttpRequest(decodeResult: success, version: HTTP/1.1, content: EmptyByteBufBE)
DELETE /session/341bbeb16a338e90ac6fa37ece0c5a30 HTTP/1.1
User-Agent: selenium/4.8.1 (java windows)
Content-Type: application/json; charset=utf-8
host: localhost:20054
accept: */*

Response DefaultHttpResponse(decodeResult: success, version: HTTP/1.1)
HTTP/1.1 200 OK
Content-Length: 14
Content-Type: application/json; charset=utf-8
cache-control: no-cache

22:31:22.792 [AsyncHttpClient-1-17] DEBUG org.asynchttpclient.netty.channel.ChannelManager - Adding key: http://localhost:20054 for channel [id: 0xe1ec0c31, L:/127.0.0.1:54665 - R:localhost/127.0.0.1:20054]
22:31:23.058 [AsyncHttpClient-1-17] DEBUG org.asynchttpclient.netty.handler.HttpHandler - Channel Closed: [id: 0xe1ec0c31, L:/127.0.0.1:54665 ! R:localhost/127.0.0.1:20054] with attribute DISCARD
]]></system-out>
    <system-err><![CDATA[Starting ChromeDriver 111.0.5563.64 (c710e93d5b63b7095afe8c2c17df34408078439d-refs/branch-heads/5563@{#995}) on port 20054
Only local connections are allowed.
Please see https://chromedriver.chromium.org/security-considerations for suggestions on keeping ChromeDriver safe.
ChromeDriver was started successfully.
[1680967872.177][WARNING]: This version of ChromeDriver has not been tested with Chrome version 112.
Apr 08, 2023 10:31:12 PM org.openqa.selenium.devtools.CdpVersionFinder findNearestMatch
WARNING: Unable to find an exact match for CDP version 112, so returning the closest version found: 110
]]></system-err>
  </testcase>
</testsuite>