<?xml version="1.0" encoding="UTF-8"?>
<testsuite xmlns:xsi="http://www.w3.org/2001/XMLSchema-instance" xsi:noNamespaceSchemaLocation="https://maven.apache.org/surefire/maven-failsafe-plugin/xsd/failsafe-test-report-3.0.xsd" version="3.0" name="starter.CucumberTestSuite" time="30.34" tests="8" errors="0" skipped="0" failures="0">
  <properties>
    <property name="java.specification.version" value="15"/>
    <property name="sun.cpu.isalist" value="amd64"/>
    <property name="sun.jnu.encoding" value="Cp1252"/>
    <property name="java.class.path" value="C:\Users\WINDOWS 10\Documents\GitHub\QE_Andira_Ms\10_RESTful_API_Testing_with_REST_Assured\Praktikum\RESTful_API_Testing\alta\target\test-classes;C:\Users\WINDOWS 10\.m2\repository\net\serenity-bdd\serenity-rest-assured\3.6.22\serenity-rest-assured-3.6.22.jar;C:\Users\WINDOWS 10\.m2\repository\org\apache\httpcomponents\httpclient\4.5.13\httpclient-4.5.13.jar;C:\Users\WINDOWS 10\.m2\repository\org\apache\httpcomponents\httpcore\4.4.13\httpcore-4.4.13.jar;C:\Users\WINDOWS 10\.m2\repository\commons-logging\commons-logging\1.2\commons-logging-1.2.jar;C:\Users\WINDOWS 10\.m2\repository\io\rest-assured\rest-assured\5.3.0\rest-assured-5.3.0.jar;C:\Users\WINDOWS 10\.m2\repository\org\apache\httpcomponents\httpmime\4.5.13\httpmime-4.5.13.jar;C:\Users\WINDOWS 10\.m2\repository\org\ccil\cowan\tagsoup\tagsoup\1.2.1\tagsoup-1.2.1.jar;C:\Users\WINDOWS 10\.m2\repository\io\rest-assured\json-path\5.3.0\json-path-5.3.0.jar;C:\Users\WINDOWS 10\.m2\repository\io\rest-assured\rest-assured-common\5.3.0\rest-assured-common-5.3.0.jar;C:\Users\WINDOWS 10\.m2\repository\io\rest-assured\xml-path\5.3.0\xml-path-5.3.0.jar;C:\Users\WINDOWS 10\.m2\repository\org\apache\groovy\groovy-json\4.0.10\groovy-json-4.0.10.jar;C:\Users\WINDOWS 10\.m2\repository\org\apache\groovy\groovy-xml\4.0.10\groovy-xml-4.0.10.jar;C:\Users\WINDOWS 10\.m2\repository\org\apache\groovy\groovy\4.0.10\groovy-4.0.10.jar;C:\Users\WINDOWS 10\.m2\repository\org\opentest4j\opentest4j\1.2.0\opentest4j-1.2.0.jar;C:\Users\WINDOWS 10\.m2\repository\net\serenity-bdd\serenity-core\3.6.21\serenity-core-3.6.21.jar;C:\Users\WINDOWS 10\.m2\repository\net\serenity-bdd\serenity-model\3.6.21\serenity-model-3.6.21.jar;C:\Users\WINDOWS 10\.m2\repository\org\apache\commons\commons-text\1.10.0\commons-text-1.10.0.jar;C:\Users\WINDOWS 10\.m2\repository\commons-net\commons-net\3.9.0\commons-net-3.9.0.jar;C:\Users\WINDOWS 10\.m2\repository\com\google\guava\guava\31.1-jre\guava-31.1-jre.jar;C:\Users\WINDOWS 10\.m2\repository\com\google\guava\failureaccess\1.0.1\failureaccess-1.0.1.jar;C:\Users\WINDOWS 10\.m2\repository\com\google\guava\listenablefuture\9999.0-empty-to-avoid-conflict-with-guava\listenablefuture-9999.0-empty-to-avoid-conflict-with-guava.jar;C:\Users\WINDOWS 10\.m2\repository\com\google\code\findbugs\jsr305\3.0.2\jsr305-3.0.2.jar;C:\Users\WINDOWS 10\.m2\repository\org\checkerframework\checker-qual\3.12.0\checker-qual-3.12.0.jar;C:\Users\WINDOWS 10\.m2\repository\com\google\errorprone\error_prone_annotations\2.11.0\error_prone_annotations-2.11.0.jar;C:\Users\WINDOWS 10\.m2\repository\com\google\j2objc\j2objc-annotations\1.3\j2objc-annotations-1.3.jar;C:\Users\WINDOWS 10\.m2\repository\com\google\inject\guice\5.1.0\guice-5.1.0.jar;C:\Users\WINDOWS 10\.m2\repository\javax\inject\javax.inject\1\javax.inject-1.jar;C:\Users\WINDOWS 10\.m2\repository\aopalliance\aopalliance\1.0\aopalliance-1.0.jar;C:\Users\WINDOWS 10\.m2\repository\org\jsoup\jsoup\1.14.3\jsoup-1.14.3.jar;C:\Users\WINDOWS 10\.m2\repository\com\thoughtworks\xstream\xstream\1.4.20\xstream-1.4.20.jar;C:\Users\WINDOWS 10\.m2\repository\io\github\x-stream\mxparser\1.2.2\mxparser-1.2.2.jar;C:\Users\WINDOWS 10\.m2\repository\xmlpull\xmlpull\1.1.3.1\xmlpull-1.1.3.1.jar;C:\Users\WINDOWS 10\.m2\repository\com\typesafe\config\1.4.2\config-1.4.2.jar;C:\Users\WINDOWS 10\.m2\repository\org\imgscalr\imgscalr-lib\4.2\imgscalr-lib-4.2.jar;C:\Users\WINDOWS 10\.m2\repository\org\awaitility\awaitility\4.2.0\awaitility-4.2.0.jar;C:\Users\WINDOWS 10\.m2\repository\org\freemarker\freemarker\2.3.31\freemarker-2.3.31.jar;C:\Users\WINDOWS 10\.m2\repository\io\github\classgraph\classgraph\4.8.138\classgraph-4.8.138.jar;C:\Users\WINDOWS 10\.m2\repository\net\sourceforge\jexcelapi\jxl\2.6.12\jxl-2.6.12.jar;C:\Users\WINDOWS 10\.m2\repository\net\bytebuddy\byte-buddy-agent\1.14.2\byte-buddy-agent-1.14.2.jar;C:\Users\WINDOWS 10\.m2\repository\org\objenesis\objenesis\3.3\objenesis-3.3.jar;C:\Users\WINDOWS 10\.m2\repository\net\serenity-bdd\serenity-reports\3.6.21\serenity-reports-3.6.21.jar;C:\Users\WINDOWS 10\.m2\repository\net\serenity-bdd\serenity-stats\3.6.21\serenity-stats-3.6.21.jar;C:\Users\WINDOWS 10\.m2\repository\net\serenity-bdd\serenity-reports-configuration\3.6.21\serenity-reports-configuration-3.6.21.jar;C:\Users\WINDOWS 10\.m2\repository\com\vladsch\flexmark\flexmark-all\0.62.2\flexmark-all-0.62.2.jar;C:\Users\WINDOWS 10\.m2\repository\com\vladsch\flexmark\flexmark\0.62.2\flexmark-0.62.2.jar;C:\Users\WINDOWS 10\.m2\repository\com\vladsch\flexmark\flexmark-ext-abbreviation\0.62.2\flexmark-ext-abbreviation-0.62.2.jar;C:\Users\WINDOWS 10\.m2\repository\com\vladsch\flexmark\flexmark-util\0.62.2\flexmark-util-0.62.2.jar;C:\Users\WINDOWS 10\.m2\repository\com\vladsch\flexmark\flexmark-ext-admonition\0.62.2\flexmark-ext-admonition-0.62.2.jar;C:\Users\WINDOWS 10\.m2\repository\com\vladsch\flexmark\flexmark-ext-anchorlink\0.62.2\flexmark-ext-anchorlink-0.62.2.jar;C:\Users\WINDOWS 10\.m2\repository\com\vladsch\flexmark\flexmark-ext-aside\0.62.2\flexmark-ext-aside-0.62.2.jar;C:\Users\WINDOWS 10\.m2\repository\com\vladsch\flexmark\flexmark-ext-attributes\0.62.2\flexmark-ext-attributes-0.62.2.jar;C:\Users\WINDOWS 10\.m2\repository\com\vladsch\flexmark\flexmark-ext-autolink\0.62.2\flexmark-ext-autolink-0.62.2.jar;C:\Users\WINDOWS 10\.m2\repository\org\nibor\autolink\autolink\0.6.0\autolink-0.6.0.jar;C:\Users\WINDOWS 10\.m2\repository\com\vladsch\flexmark\flexmark-ext-definition\0.62.2\flexmark-ext-definition-0.62.2.jar;C:\Users\WINDOWS 10\.m2\repository\com\vladsch\flexmark\flexmark-ext-emoji\0.62.2\flexmark-ext-emoji-0.62.2.jar;C:\Users\WINDOWS 10\.m2\repository\com\vladsch\flexmark\flexmark-ext-enumerated-reference\0.62.2\flexmark-ext-enumerated-reference-0.62.2.jar;C:\Users\WINDOWS 10\.m2\repository\com\vladsch\flexmark\flexmark-ext-escaped-character\0.62.2\flexmark-ext-escaped-character-0.62.2.jar;C:\Users\WINDOWS 10\.m2\repository\com\vladsch\flexmark\flexmark-ext-footnotes\0.62.2\flexmark-ext-footnotes-0.62.2.jar;C:\Users\WINDOWS 10\.m2\repository\com\vladsch\flexmark\flexmark-ext-gfm-issues\0.62.2\flexmark-ext-gfm-issues-0.62.2.jar;C:\Users\WINDOWS 10\.m2\repository\com\vladsch\flexmark\flexmark-ext-gfm-strikethrough\0.62.2\flexmark-ext-gfm-strikethrough-0.62.2.jar;C:\Users\WINDOWS 10\.m2\repository\com\vladsch\flexmark\flexmark-ext-gfm-tasklist\0.62.2\flexmark-ext-gfm-tasklist-0.62.2.jar;C:\Users\WINDOWS 10\.m2\repository\com\vladsch\flexmark\flexmark-ext-gfm-users\0.62.2\flexmark-ext-gfm-users-0.62.2.jar;C:\Users\WINDOWS 10\.m2\repository\com\vladsch\flexmark\flexmark-ext-gitlab\0.62.2\flexmark-ext-gitlab-0.62.2.jar;C:\Users\WINDOWS 10\.m2\repository\com\vladsch\flexmark\flexmark-ext-jekyll-front-matter\0.62.2\flexmark-ext-jekyll-front-matter-0.62.2.jar;C:\Users\WINDOWS 10\.m2\repository\com\vladsch\flexmark\flexmark-ext-jekyll-tag\0.62.2\flexmark-ext-jekyll-tag-0.62.2.jar;C:\Users\WINDOWS 10\.m2\repository\com\vladsch\flexmark\flexmark-ext-media-tags\0.62.2\flexmark-ext-media-tags-0.62.2.jar;C:\Users\WINDOWS 10\.m2\repository\com\vladsch\flexmark\flexmark-ext-macros\0.62.2\flexmark-ext-macros-0.62.2.jar;C:\Users\WINDOWS 10\.m2\repository\com\vladsch\flexmark\flexmark-ext-ins\0.62.2\flexmark-ext-ins-0.62.2.jar;C:\Users\WINDOWS 10\.m2\repository\com\vladsch\flexmark\flexmark-ext-xwiki-macros\0.62.2\flexmark-ext-xwiki-macros-0.62.2.jar;C:\Users\WINDOWS 10\.m2\repository\com\vladsch\flexmark\flexmark-ext-superscript\0.62.2\flexmark-ext-superscript-0.62.2.jar;C:\Users\WINDOWS 10\.m2\repository\com\vladsch\flexmark\flexmark-ext-tables\0.62.2\flexmark-ext-tables-0.62.2.jar;C:\Users\WINDOWS 10\.m2\repository\com\vladsch\flexmark\flexmark-ext-toc\0.62.2\flexmark-ext-toc-0.62.2.jar;C:\Users\WINDOWS 10\.m2\repository\com\vladsch\flexmark\flexmark-ext-typographic\0.62.2\flexmark-ext-typographic-0.62.2.jar;C:\Users\WINDOWS 10\.m2\repository\com\vladsch\flexmark\flexmark-ext-wikilink\0.62.2\flexmark-ext-wikilink-0.62.2.jar;C:\Users\WINDOWS 10\.m2\repository\com\vladsch\flexmark\flexmark-ext-yaml-front-matter\0.62.2\flexmark-ext-yaml-front-matter-0.62.2.jar;C:\Users\WINDOWS 10\.m2\repository\com\vladsch\flexmark\flexmark-ext-youtube-embedded\0.62.2\flexmark-ext-youtube-embedded-0.62.2.jar;C:\Users\WINDOWS 10\.m2\repository\com\vladsch\flexmark\flexmark-html2md-converter\0.62.2\flexmark-html2md-converter-0.62.2.jar;C:\Users\WINDOWS 10\.m2\repository\com\vladsch\flexmark\flexmark-jira-converter\0.62.2\flexmark-jira-converter-0.62.2.jar;C:\Users\WINDOWS 10\.m2\repository\com\vladsch\flexmark\flexmark-pdf-converter\0.62.2\flexmark-pdf-converter-0.62.2.jar;C:\Users\WINDOWS 10\.m2\repository\com\openhtmltopdf\openhtmltopdf-core\1.0.0\openhtmltopdf-core-1.0.0.jar;C:\Users\WINDOWS 10\.m2\repository\com\openhtmltopdf\openhtmltopdf-pdfbox\1.0.0\openhtmltopdf-pdfbox-1.0.0.jar;C:\Users\WINDOWS 10\.m2\repository\org\apache\pdfbox\pdfbox\2.0.16\pdfbox-2.0.16.jar;C:\Users\WINDOWS 10\.m2\repository\org\apache\pdfbox\fontbox\2.0.16\fontbox-2.0.16.jar;C:\Users\WINDOWS 10\.m2\repository\org\apache\pdfbox\xmpbox\2.0.16\xmpbox-2.0.16.jar;C:\Users\WINDOWS 10\.m2\repository\de\rototor\pdfbox\graphics2d\0.24\graphics2d-0.24.jar;C:\Users\WINDOWS 10\.m2\repository\com\openhtmltopdf\openhtmltopdf-rtl-support\1.0.0\openhtmltopdf-rtl-support-1.0.0.jar;C:\Users\WINDOWS 10\.m2\repository\com\openhtmltopdf\openhtmltopdf-jsoup-dom-converter\1.0.0\openhtmltopdf-jsoup-dom-converter-1.0.0.jar;C:\Users\WINDOWS 10\.m2\repository\com\vladsch\flexmark\flexmark-profile-pegdown\0.62.2\flexmark-profile-pegdown-0.62.2.jar;C:\Users\WINDOWS 10\.m2\repository\com\vladsch\flexmark\flexmark-util-ast\0.62.2\flexmark-util-ast-0.62.2.jar;C:\Users\WINDOWS 10\.m2\repository\com\vladsch\flexmark\flexmark-util-builder\0.62.2\flexmark-util-builder-0.62.2.jar;C:\Users\WINDOWS 10\.m2\repository\com\vladsch\flexmark\flexmark-util-collection\0.62.2\flexmark-util-collection-0.62.2.jar;C:\Users\WINDOWS 10\.m2\repository\com\vladsch\flexmark\flexmark-util-data\0.62.2\flexmark-util-data-0.62.2.jar;C:\Users\WINDOWS 10\.m2\repository\com\vladsch\flexmark\flexmark-util-dependency\0.62.2\flexmark-util-dependency-0.62.2.jar;C:\Users\WINDOWS 10\.m2\repository\com\vladsch\flexmark\flexmark-util-format\0.62.2\flexmark-util-format-0.62.2.jar;C:\Users\WINDOWS 10\.m2\repository\com\vladsch\flexmark\flexmark-util-html\0.62.2\flexmark-util-html-0.62.2.jar;C:\Users\WINDOWS 10\.m2\repository\com\vladsch\flexmark\flexmark-util-misc\0.62.2\flexmark-util-misc-0.62.2.jar;C:\Users\WINDOWS 10\.m2\repository\com\vladsch\flexmark\flexmark-util-options\0.62.2\flexmark-util-options-0.62.2.jar;C:\Users\WINDOWS 10\.m2\repository\com\vladsch\flexmark\flexmark-util-sequence\0.62.2\flexmark-util-sequence-0.62.2.jar;C:\Users\WINDOWS 10\.m2\repository\com\vladsch\flexmark\flexmark-util-visitor\0.62.2\flexmark-util-visitor-0.62.2.jar;C:\Users\WINDOWS 10\.m2\repository\com\vladsch\flexmark\flexmark-youtrack-converter\0.62.2\flexmark-youtrack-converter-0.62.2.jar;C:\Users\WINDOWS 10\.m2\repository\com\ibm\icu\icu4j\72.1\icu4j-72.1.jar;C:\Users\WINDOWS 10\.m2\repository\es\nitaur\markdown\txtmark\0.16\txtmark-0.16.jar;C:\Users\WINDOWS 10\.m2\repository\net\serenity-bdd\serenity-report-resources\3.6.21\serenity-report-resources-3.6.21.jar;C:\Users\WINDOWS 10\.m2\repository\com\google\code\gson\gson\2.10.1\gson-2.10.1.jar;C:\Users\WINDOWS 10\.m2\repository\com\fasterxml\jackson\core\jackson-core\2.15.0-rc1\jackson-core-2.15.0-rc1.jar;C:\Users\WINDOWS 10\.m2\repository\com\fasterxml\jackson\core\jackson-databind\2.15.0-rc1\jackson-databind-2.15.0-rc1.jar;C:\Users\WINDOWS 10\.m2\repository\com\fasterxml\jackson\core\jackson-annotations\2.15.0-rc1\jackson-annotations-2.15.0-rc1.jar;C:\Users\WINDOWS 10\.m2\repository\commons-codec\commons-codec\1.15\commons-codec-1.15.jar;C:\Users\WINDOWS 10\.m2\repository\commons-io\commons-io\2.11.0\commons-io-2.11.0.jar;C:\Users\WINDOWS 10\.m2\repository\org\seleniumhq\selenium\selenium-java\4.8.1\selenium-java-4.8.1.jar;C:\Users\WINDOWS 10\.m2\repository\org\seleniumhq\selenium\selenium-devtools-v108\4.8.1\selenium-devtools-v108-4.8.1.jar;C:\Users\WINDOWS 10\.m2\repository\org\seleniumhq\selenium\selenium-devtools-v109\4.8.1\selenium-devtools-v109-4.8.1.jar;C:\Users\WINDOWS 10\.m2\repository\org\seleniumhq\selenium\selenium-devtools-v110\4.8.1\selenium-devtools-v110-4.8.1.jar;C:\Users\WINDOWS 10\.m2\repository\org\seleniumhq\selenium\selenium-devtools-v85\4.8.1\selenium-devtools-v85-4.8.1.jar;C:\Users\WINDOWS 10\.m2\repository\org\seleniumhq\selenium\selenium-remote-driver\4.8.1\selenium-remote-driver-4.8.1.jar;C:\Users\WINDOWS 10\.m2\repository\com\beust\jcommander\1.82\jcommander-1.82.jar;C:\Users\WINDOWS 10\.m2\repository\io\netty\netty-buffer\4.1.87.Final\netty-buffer-4.1.87.Final.jar;C:\Users\WINDOWS 10\.m2\repository\io\netty\netty-codec-http\4.1.87.Final\netty-codec-http-4.1.87.Final.jar;C:\Users\WINDOWS 10\.m2\repository\io\netty\netty-codec\4.1.87.Final\netty-codec-4.1.87.Final.jar;C:\Users\WINDOWS 10\.m2\repository\io\netty\netty-handler\4.1.87.Final\netty-handler-4.1.87.Final.jar;C:\Users\WINDOWS 10\.m2\repository\io\netty\netty-common\4.1.87.Final\netty-common-4.1.87.Final.jar;C:\Users\WINDOWS 10\.m2\repository\io\netty\netty-transport-classes-epoll\4.1.87.Final\netty-transport-classes-epoll-4.1.87.Final.jar;C:\Users\WINDOWS 10\.m2\repository\io\netty\netty-transport-classes-kqueue\4.1.87.Final\netty-transport-classes-kqueue-4.1.87.Final.jar;C:\Users\WINDOWS 10\.m2\repository\io\netty\netty-transport-native-epoll\4.1.87.Final\netty-transport-native-epoll-4.1.87.Final.jar;C:\Users\WINDOWS 10\.m2\repository\io\netty\netty-transport-native-kqueue\4.1.87.Final\netty-transport-native-kqueue-4.1.87.Final.jar;C:\Users\WINDOWS 10\.m2\repository\io\netty\netty-transport-native-unix-common\4.1.87.Final\netty-transport-native-unix-common-4.1.87.Final.jar;C:\Users\WINDOWS 10\.m2\repository\io\netty\netty-transport\4.1.87.Final\netty-transport-4.1.87.Final.jar;C:\Users\WINDOWS 10\.m2\repository\io\netty\netty-resolver\4.1.87.Final\netty-resolver-4.1.87.Final.jar;C:\Users\WINDOWS 10\.m2\repository\io\opentelemetry\opentelemetry-api\1.22.0\opentelemetry-api-1.22.0.jar;C:\Users\WINDOWS 10\.m2\repository\io\opentelemetry\opentelemetry-context\1.22.0\opentelemetry-context-1.22.0.jar;C:\Users\WINDOWS 10\.m2\repository\io\opentelemetry\opentelemetry-exporter-logging\1.22.0\opentelemetry-exporter-logging-1.22.0.jar;C:\Users\WINDOWS 10\.m2\repository\io\opentelemetry\opentelemetry-sdk-metrics\1.22.0\opentelemetry-sdk-metrics-1.22.0.jar;C:\Users\WINDOWS 10\.m2\repository\io\opentelemetry\opentelemetry-sdk-logs\1.22.0-alpha\opentelemetry-sdk-logs-1.22.0-alpha.jar;C:\Users\WINDOWS 10\.m2\repository\io\opentelemetry\opentelemetry-api-logs\1.22.0-alpha\opentelemetry-api-logs-1.22.0-alpha.jar;C:\Users\WINDOWS 10\.m2\repository\io\opentelemetry\opentelemetry-sdk-common\1.22.0\opentelemetry-sdk-common-1.22.0.jar;C:\Users\WINDOWS 10\.m2\repository\io\opentelemetry\opentelemetry-sdk-extension-autoconfigure-spi\1.22.0\opentelemetry-sdk-extension-autoconfigure-spi-1.22.0.jar;C:\Users\WINDOWS 10\.m2\repository\io\opentelemetry\opentelemetry-sdk-extension-autoconfigure\1.22.0-alpha\opentelemetry-sdk-extension-autoconfigure-1.22.0-alpha.jar;C:\Users\WINDOWS 10\.m2\repository\io\opentelemetry\opentelemetry-sdk-trace\1.22.0\opentelemetry-sdk-trace-1.22.0.jar;C:\Users\WINDOWS 10\.m2\repository\io\opentelemetry\opentelemetry-sdk\1.22.0\opentelemetry-sdk-1.22.0.jar;C:\Users\WINDOWS 10\.m2\repository\io\opentelemetry\opentelemetry-semconv\1.22.0-alpha\opentelemetry-semconv-1.22.0-alpha.jar;C:\Users\WINDOWS 10\.m2\repository\io\ous\jtoml\2.0.0\jtoml-2.0.0.jar;C:\Users\WINDOWS 10\.m2\repository\org\apache\commons\commons-exec\1.3\commons-exec-1.3.jar;C:\Users\WINDOWS 10\.m2\repository\org\asynchttpclient\async-http-client\2.12.3\async-http-client-2.12.3.jar;C:\Users\WINDOWS 10\.m2\repository\org\asynchttpclient\async-http-client-netty-utils\2.12.3\async-http-client-netty-utils-2.12.3.jar;C:\Users\WINDOWS 10\.m2\repository\io\netty\netty-codec-socks\4.1.60.Final\netty-codec-socks-4.1.60.Final.jar;C:\Users\WINDOWS 10\.m2\repository\io\netty\netty-handler-proxy\4.1.60.Final\netty-handler-proxy-4.1.60.Final.jar;C:\Users\WINDOWS 10\.m2\repository\io\netty\netty-transport-native-epoll\4.1.60.Final\netty-transport-native-epoll-4.1.60.Final-linux-x86_64.jar;C:\Users\WINDOWS 10\.m2\repository\io\netty\netty-transport-native-kqueue\4.1.60.Final\netty-transport-native-kqueue-4.1.60.Final-osx-x86_64.jar;C:\Users\WINDOWS 10\.m2\repository\org\reactivestreams\reactive-streams\1.0.3\reactive-streams-1.0.3.jar;C:\Users\WINDOWS 10\.m2\repository\com\typesafe\netty\netty-reactive-streams\2.0.4\netty-reactive-streams-2.0.4.jar;C:\Users\WINDOWS 10\.m2\repository\org\seleniumhq\selenium\selenium-manager\4.8.1\selenium-manager-4.8.1.jar;C:\Users\WINDOWS 10\.m2\repository\org\seleniumhq\selenium\selenium-safari-driver\4.8.1\selenium-safari-driver-4.8.1.jar;C:\Users\WINDOWS 10\.m2\repository\org\seleniumhq\selenium\selenium-api\4.8.1\selenium-api-4.8.1.jar;C:\Users\WINDOWS 10\.m2\repository\org\seleniumhq\selenium\selenium-support\4.8.1\selenium-support-4.8.1.jar;C:\Users\WINDOWS 10\.m2\repository\com\google\auto\service\auto-service-annotations\1.0.1\auto-service-annotations-1.0.1.jar;C:\Users\WINDOWS 10\.m2\repository\com\google\auto\service\auto-service\1.0.1\auto-service-1.0.1.jar;C:\Users\WINDOWS 10\.m2\repository\com\google\auto\auto-common\1.2\auto-common-1.2.jar;C:\Users\WINDOWS 10\.m2\repository\org\seleniumhq\selenium\selenium-json\4.8.1\selenium-json-4.8.1.jar;C:\Users\WINDOWS 10\.m2\repository\org\seleniumhq\selenium\selenium-chrome-driver\4.8.1\selenium-chrome-driver-4.8.1.jar;C:\Users\WINDOWS 10\.m2\repository\org\seleniumhq\selenium\selenium-chromium-driver\4.8.1\selenium-chromium-driver-4.8.1.jar;C:\Users\WINDOWS 10\.m2\repository\org\seleniumhq\selenium\selenium-firefox-driver\4.8.1\selenium-firefox-driver-4.8.1.jar;C:\Users\WINDOWS 10\.m2\repository\org\seleniumhq\selenium\selenium-http\4.8.1\selenium-http-4.8.1.jar;C:\Users\WINDOWS 10\.m2\repository\dev\failsafe\failsafe\3.3.0\failsafe-3.3.0.jar;C:\Users\WINDOWS 10\.m2\repository\org\seleniumhq\selenium\selenium-edge-driver\4.8.1\selenium-edge-driver-4.8.1.jar;C:\Users\WINDOWS 10\.m2\repository\org\seleniumhq\selenium\selenium-ie-driver\4.8.1\selenium-ie-driver-4.8.1.jar;C:\Users\WINDOWS 10\.m2\repository\org\projectlombok\lombok\1.18.20\lombok-1.18.20.jar;C:\Users\WINDOWS 10\.m2\repository\io\appium\java-client\8.3.0\java-client-8.3.0.jar;C:\Users\WINDOWS 10\.m2\repository\commons-validator\commons-validator\1.7\commons-validator-1.7.jar;C:\Users\WINDOWS 10\.m2\repository\commons-digester\commons-digester\2.1\commons-digester-2.1.jar;C:\Users\WINDOWS 10\.m2\repository\net\sf\opencsv\opencsv\2.0\opencsv-2.0.jar;C:\Users\WINDOWS 10\.m2\repository\commons-beanutils\commons-beanutils\1.9.4\commons-beanutils-1.9.4.jar;C:\Users\WINDOWS 10\.m2\repository\org\apache\commons\commons-lang3\3.12.0\commons-lang3-3.12.0.jar;C:\Users\WINDOWS 10\.m2\repository\commons-collections\commons-collections\3.2.2\commons-collections-3.2.2.jar;C:\Users\WINDOWS 10\.m2\repository\org\fluentlenium\fluentlenium-core\0.10.2\fluentlenium-core-0.10.2.jar;C:\Users\WINDOWS 10\.m2\repository\io\github\bonigarcia\webdrivermanager\5.3.0\webdrivermanager-5.3.0.jar;C:\Users\WINDOWS 10\.m2\repository\com\github\docker-java\docker-java\3.2.13\docker-java-3.2.13.jar;C:\Users\WINDOWS 10\.m2\repository\com\github\docker-java\docker-java-core\3.2.13\docker-java-core-3.2.13.jar;C:\Users\WINDOWS 10\.m2\repository\com\github\docker-java\docker-java-api\3.2.13\docker-java-api-3.2.13.jar;C:\Users\WINDOWS 10\.m2\repository\org\apache\commons\commons-compress\1.21\commons-compress-1.21.jar;C:\Users\WINDOWS 10\.m2\repository\org\bouncycastle\bcpkix-jdk15on\1.64\bcpkix-jdk15on-1.64.jar;C:\Users\WINDOWS 10\.m2\repository\org\bouncycastle\bcprov-jdk15on\1.64\bcprov-jdk15on-1.64.jar;C:\Users\WINDOWS 10\.m2\repository\org\slf4j\jcl-over-slf4j\1.7.30\jcl-over-slf4j-1.7.30.jar;C:\Users\WINDOWS 10\.m2\repository\com\github\docker-java\docker-java-transport-httpclient5\3.2.13\docker-java-transport-httpclient5-3.2.13.jar;C:\Users\WINDOWS 10\.m2\repository\com\github\docker-java\docker-java-transport\3.2.13\docker-java-transport-3.2.13.jar;C:\Users\WINDOWS 10\.m2\repository\net\java\dev\jna\jna\5.8.0\jna-5.8.0.jar;C:\Users\WINDOWS 10\.m2\repository\org\brotli\dec\0.1.2\dec-0.1.2.jar;C:\Users\WINDOWS 10\.m2\repository\org\apache\httpcomponents\client5\httpclient5\5.1.3\httpclient5-5.1.3.jar;C:\Users\WINDOWS 10\.m2\repository\org\apache\httpcomponents\core5\httpcore5\5.1.3\httpcore5-5.1.3.jar;C:\Users\WINDOWS 10\.m2\repository\org\apache\httpcomponents\core5\httpcore5-h2\5.1.3\httpcore5-h2-5.1.3.jar;C:\Users\WINDOWS 10\.m2\repository\com\jhlabs\filters\2.0.235\filters-2.0.235.jar;C:\Users\WINDOWS 10\.m2\repository\com\paulhammant\ngwebdriver\1.1.6\ngwebdriver-1.1.6.jar;C:\Users\WINDOWS 10\.m2\repository\joda-time\joda-time\2.12.2\joda-time-2.12.2.jar;C:\Users\WINDOWS 10\.m2\repository\org\hamcrest\hamcrest\2.2\hamcrest-2.2.jar;C:\Users\WINDOWS 10\.m2\repository\com\google\jimfs\jimfs\1.2\jimfs-1.2.jar;C:\Users\WINDOWS 10\.m2\repository\org\mockito\mockito-core\3.3.3\mockito-core-3.3.3.jar;C:\Users\WINDOWS 10\.m2\repository\javax\xml\bind\jaxb-api\2.3.1\jaxb-api-2.3.1.jar;C:\Users\WINDOWS 10\.m2\repository\javax\activation\javax.activation-api\1.2.0\javax.activation-api-1.2.0.jar;C:\Users\WINDOWS 10\.m2\repository\com\sun\xml\bind\jaxb-core\2.3.0.1\jaxb-core-2.3.0.1.jar;C:\Users\WINDOWS 10\.m2\repository\com\sun\xml\bind\jaxb-impl\2.3.3\jaxb-impl-2.3.3.jar;C:\Users\WINDOWS 10\.m2\repository\jakarta\xml\bind\jakarta.xml.bind-api\2.3.3\jakarta.xml.bind-api-2.3.3.jar;C:\Users\WINDOWS 10\.m2\repository\com\sun\activation\jakarta.activation\1.2.2\jakarta.activation-1.2.2.jar;C:\Users\WINDOWS 10\.m2\repository\javax\activation\activation\1.1.1\activation-1.1.1.jar;C:\Users\WINDOWS 10\.m2\repository\net\serenity-bdd\serenity-cucumber\3.6.21\serenity-cucumber-3.6.21.jar;C:\Users\WINDOWS 10\.m2\repository\io\cucumber\cucumber-core\7.11.0\cucumber-core-7.11.0.jar;C:\Users\WINDOWS 10\.m2\repository\io\cucumber\cucumber-gherkin\7.11.0\cucumber-gherkin-7.11.0.jar;C:\Users\WINDOWS 10\.m2\repository\io\cucumber\cucumber-gherkin-messages\7.11.0\cucumber-gherkin-messages-7.11.0.jar;C:\Users\WINDOWS 10\.m2\repository\io\cucumber\gherkin\26.0.3\gherkin-26.0.3.jar;C:\Users\WINDOWS 10\.m2\repository\io\cucumber\messages\21.0.1\messages-21.0.1.jar;C:\Users\WINDOWS 10\.m2\repository\io\cucumber\tag-expressions\5.0.1\tag-expressions-5.0.1.jar;C:\Users\WINDOWS 10\.m2\repository\io\cucumber\cucumber-expressions\16.1.1\cucumber-expressions-16.1.1.jar;C:\Users\WINDOWS 10\.m2\repository\io\cucumber\datatable\7.11.0\datatable-7.11.0.jar;C:\Users\WINDOWS 10\.m2\repository\io\cucumber\cucumber-plugin\7.11.0\cucumber-plugin-7.11.0.jar;C:\Users\WINDOWS 10\.m2\repository\io\cucumber\docstring\7.11.0\docstring-7.11.0.jar;C:\Users\WINDOWS 10\.m2\repository\io\cucumber\html-formatter\20.2.1\html-formatter-20.2.1.jar;C:\Users\WINDOWS 10\.m2\repository\io\cucumber\junit-xml-formatter\0.1.0\junit-xml-formatter-0.1.0.jar;C:\Users\WINDOWS 10\.m2\repository\io\cucumber\ci-environment\9.1.0\ci-environment-9.1.0.jar;C:\Users\WINDOWS 10\.m2\repository\io\cucumber\cucumber-java\7.11.0\cucumber-java-7.11.0.jar;C:\Users\WINDOWS 10\.m2\repository\io\cucumber\cucumber-junit\7.11.0\cucumber-junit-7.11.0.jar;C:\Users\WINDOWS 10\.m2\repository\org\apache\commons\commons-csv\1.5\commons-csv-1.5.jar;C:\Users\WINDOWS 10\.m2\repository\net\serenity-bdd\serenity-screenplay\3.6.21\serenity-screenplay-3.6.21.jar;C:\Users\WINDOWS 10\.m2\repository\net\serenity-bdd\serenity-screenplay-webdriver\3.6.21\serenity-screenplay-webdriver-3.6.21.jar;C:\Users\WINDOWS 10\.m2\repository\net\serenity-bdd\serenity-ensure\3.6.21\serenity-ensure-3.6.21.jar;C:\Users\WINDOWS 10\.m2\repository\net\serenity-bdd\serenity-junit\3.6.21\serenity-junit-3.6.21.jar;C:\Users\WINDOWS 10\.m2\repository\org\jetbrains\kotlin\kotlin-stdlib\1.8.10\kotlin-stdlib-1.8.10.jar;C:\Users\WINDOWS 10\.m2\repository\org\jetbrains\kotlin\kotlin-stdlib-common\1.8.10\kotlin-stdlib-common-1.8.10.jar;C:\Users\WINDOWS 10\.m2\repository\org\jetbrains\annotations\13.0\annotations-13.0.jar;C:\Users\WINDOWS 10\.m2\repository\org\junit\platform\junit-platform-launcher\1.8.2\junit-platform-launcher-1.8.2.jar;C:\Users\WINDOWS 10\.m2\repository\org\junit\platform\junit-platform-engine\1.8.2\junit-platform-engine-1.8.2.jar;C:\Users\WINDOWS 10\.m2\repository\org\junit\platform\junit-platform-commons\1.8.2\junit-platform-commons-1.8.2.jar;C:\Users\WINDOWS 10\.m2\repository\org\apiguardian\apiguardian-api\1.1.2\apiguardian-api-1.1.2.jar;C:\Users\WINDOWS 10\.m2\repository\org\junit\jupiter\junit-jupiter-engine\5.8.2\junit-jupiter-engine-5.8.2.jar;C:\Users\WINDOWS 10\.m2\repository\org\junit\jupiter\junit-jupiter-api\5.8.2\junit-jupiter-api-5.8.2.jar;C:\Users\WINDOWS 10\.m2\repository\org\junit\vintage\junit-vintage-engine\5.8.2\junit-vintage-engine-5.8.2.jar;C:\Users\WINDOWS 10\.m2\repository\junit\junit\4.13.2\junit-4.13.2.jar;C:\Users\WINDOWS 10\.m2\repository\org\hamcrest\hamcrest-core\1.3\hamcrest-core-1.3.jar;C:\Users\WINDOWS 10\.m2\repository\ch\qos\logback\logback-classic\1.2.10\logback-classic-1.2.10.jar;C:\Users\WINDOWS 10\.m2\repository\ch\qos\logback\logback-core\1.2.10\logback-core-1.2.10.jar;C:\Users\WINDOWS 10\.m2\repository\org\slf4j\slf4j-api\1.7.32\slf4j-api-1.7.32.jar;C:\Users\WINDOWS 10\.m2\repository\org\assertj\assertj-core\3.23.1\assertj-core-3.23.1.jar;C:\Users\WINDOWS 10\.m2\repository\net\bytebuddy\byte-buddy\1.12.10\byte-buddy-1.12.10.jar;C:\Users\WINDOWS 10\.m2\repository\com\googlecode\json-simple\json-simple\1.1.1\json-simple-1.1.1.jar;"/>
    <property name="java.vm.vendor" value="Oracle Corporation"/>
    <property name="sun.arch.data.model" value="64"/>
    <property name="user.variant" value=""/>
    <property name="java.vendor.url" value="https://java.oracle.com/"/>
    <property name="user.timezone" value="Asia/Bangkok"/>
    <property name="os.name" value="Windows 10"/>
    <property name="java.vm.specification.version" value="15"/>
    <property name="sun.java.launcher" value="SUN_STANDARD"/>
    <property name="user.country" value="US"/>
    <property name="sun.boot.library.path" value="C:\Program Files\Java\jdk-15\bin"/>
    <property name="sun.java.command" value="org.apache.maven.surefire.booter.ForkedBooter C:\Users\WINDOWS 10\AppData\Local\Temp\surefire8156744486484860336 2023-05-02T16-22-26_696-jvmRun1 surefire259081842478974815tmp surefire_011522938759389213988tmp"/>
    <property name="jdk.debug" value="release"/>
    <property name="surefire.test.class.path" value="C:\Users\WINDOWS 10\Documents\GitHub\QE_Andira_Ms\10_RESTful_API_Testing_with_REST_Assured\Praktikum\RESTful_API_Testing\alta\target\test-classes;C:\Users\WINDOWS 10\.m2\repository\net\serenity-bdd\serenity-rest-assured\3.6.22\serenity-rest-assured-3.6.22.jar;C:\Users\WINDOWS 10\.m2\repository\org\apache\httpcomponents\httpclient\4.5.13\httpclient-4.5.13.jar;C:\Users\WINDOWS 10\.m2\repository\org\apache\httpcomponents\httpcore\4.4.13\httpcore-4.4.13.jar;C:\Users\WINDOWS 10\.m2\repository\commons-logging\commons-logging\1.2\commons-logging-1.2.jar;C:\Users\WINDOWS 10\.m2\repository\io\rest-assured\rest-assured\5.3.0\rest-assured-5.3.0.jar;C:\Users\WINDOWS 10\.m2\repository\org\apache\httpcomponents\httpmime\4.5.13\httpmime-4.5.13.jar;C:\Users\WINDOWS 10\.m2\repository\org\ccil\cowan\tagsoup\tagsoup\1.2.1\tagsoup-1.2.1.jar;C:\Users\WINDOWS 10\.m2\repository\io\rest-assured\json-path\5.3.0\json-path-5.3.0.jar;C:\Users\WINDOWS 10\.m2\repository\io\rest-assured\rest-assured-common\5.3.0\rest-assured-common-5.3.0.jar;C:\Users\WINDOWS 10\.m2\repository\io\rest-assured\xml-path\5.3.0\xml-path-5.3.0.jar;C:\Users\WINDOWS 10\.m2\repository\org\apache\groovy\groovy-json\4.0.10\groovy-json-4.0.10.jar;C:\Users\WINDOWS 10\.m2\repository\org\apache\groovy\groovy-xml\4.0.10\groovy-xml-4.0.10.jar;C:\Users\WINDOWS 10\.m2\repository\org\apache\groovy\groovy\4.0.10\groovy-4.0.10.jar;C:\Users\WINDOWS 10\.m2\repository\org\opentest4j\opentest4j\1.2.0\opentest4j-1.2.0.jar;C:\Users\WINDOWS 10\.m2\repository\net\serenity-bdd\serenity-core\3.6.21\serenity-core-3.6.21.jar;C:\Users\WINDOWS 10\.m2\repository\net\serenity-bdd\serenity-model\3.6.21\serenity-model-3.6.21.jar;C:\Users\WINDOWS 10\.m2\repository\org\apache\commons\commons-text\1.10.0\commons-text-1.10.0.jar;C:\Users\WINDOWS 10\.m2\repository\commons-net\commons-net\3.9.0\commons-net-3.9.0.jar;C:\Users\WINDOWS 10\.m2\repository\com\google\guava\guava\31.1-jre\guava-31.1-jre.jar;C:\Users\WINDOWS 10\.m2\repository\com\google\guava\failureaccess\1.0.1\failureaccess-1.0.1.jar;C:\Users\WINDOWS 10\.m2\repository\com\google\guava\listenablefuture\9999.0-empty-to-avoid-conflict-with-guava\listenablefuture-9999.0-empty-to-avoid-conflict-with-guava.jar;C:\Users\WINDOWS 10\.m2\repository\com\google\code\findbugs\jsr305\3.0.2\jsr305-3.0.2.jar;C:\Users\WINDOWS 10\.m2\repository\org\checkerframework\checker-qual\3.12.0\checker-qual-3.12.0.jar;C:\Users\WINDOWS 10\.m2\repository\com\google\errorprone\error_prone_annotations\2.11.0\error_prone_annotations-2.11.0.jar;C:\Users\WINDOWS 10\.m2\repository\com\google\j2objc\j2objc-annotations\1.3\j2objc-annotations-1.3.jar;C:\Users\WINDOWS 10\.m2\repository\com\google\inject\guice\5.1.0\guice-5.1.0.jar;C:\Users\WINDOWS 10\.m2\repository\javax\inject\javax.inject\1\javax.inject-1.jar;C:\Users\WINDOWS 10\.m2\repository\aopalliance\aopalliance\1.0\aopalliance-1.0.jar;C:\Users\WINDOWS 10\.m2\repository\org\jsoup\jsoup\1.14.3\jsoup-1.14.3.jar;C:\Users\WINDOWS 10\.m2\repository\com\thoughtworks\xstream\xstream\1.4.20\xstream-1.4.20.jar;C:\Users\WINDOWS 10\.m2\repository\io\github\x-stream\mxparser\1.2.2\mxparser-1.2.2.jar;C:\Users\WINDOWS 10\.m2\repository\xmlpull\xmlpull\1.1.3.1\xmlpull-1.1.3.1.jar;C:\Users\WINDOWS 10\.m2\repository\com\typesafe\config\1.4.2\config-1.4.2.jar;C:\Users\WINDOWS 10\.m2\repository\org\imgscalr\imgscalr-lib\4.2\imgscalr-lib-4.2.jar;C:\Users\WINDOWS 10\.m2\repository\org\awaitility\awaitility\4.2.0\awaitility-4.2.0.jar;C:\Users\WINDOWS 10\.m2\repository\org\freemarker\freemarker\2.3.31\freemarker-2.3.31.jar;C:\Users\WINDOWS 10\.m2\repository\io\github\classgraph\classgraph\4.8.138\classgraph-4.8.138.jar;C:\Users\WINDOWS 10\.m2\repository\net\sourceforge\jexcelapi\jxl\2.6.12\jxl-2.6.12.jar;C:\Users\WINDOWS 10\.m2\repository\net\bytebuddy\byte-buddy-agent\1.14.2\byte-buddy-agent-1.14.2.jar;C:\Users\WINDOWS 10\.m2\repository\org\objenesis\objenesis\3.3\objenesis-3.3.jar;C:\Users\WINDOWS 10\.m2\repository\net\serenity-bdd\serenity-reports\3.6.21\serenity-reports-3.6.21.jar;C:\Users\WINDOWS 10\.m2\repository\net\serenity-bdd\serenity-stats\3.6.21\serenity-stats-3.6.21.jar;C:\Users\WINDOWS 10\.m2\repository\net\serenity-bdd\serenity-reports-configuration\3.6.21\serenity-reports-configuration-3.6.21.jar;C:\Users\WINDOWS 10\.m2\repository\com\vladsch\flexmark\flexmark-all\0.62.2\flexmark-all-0.62.2.jar;C:\Users\WINDOWS 10\.m2\repository\com\vladsch\flexmark\flexmark\0.62.2\flexmark-0.62.2.jar;C:\Users\WINDOWS 10\.m2\repository\com\vladsch\flexmark\flexmark-ext-abbreviation\0.62.2\flexmark-ext-abbreviation-0.62.2.jar;C:\Users\WINDOWS 10\.m2\repository\com\vladsch\flexmark\flexmark-util\0.62.2\flexmark-util-0.62.2.jar;C:\Users\WINDOWS 10\.m2\repository\com\vladsch\flexmark\flexmark-ext-admonition\0.62.2\flexmark-ext-admonition-0.62.2.jar;C:\Users\WINDOWS 10\.m2\repository\com\vladsch\flexmark\flexmark-ext-anchorlink\0.62.2\flexmark-ext-anchorlink-0.62.2.jar;C:\Users\WINDOWS 10\.m2\repository\com\vladsch\flexmark\flexmark-ext-aside\0.62.2\flexmark-ext-aside-0.62.2.jar;C:\Users\WINDOWS 10\.m2\repository\com\vladsch\flexmark\flexmark-ext-attributes\0.62.2\flexmark-ext-attributes-0.62.2.jar;C:\Users\WINDOWS 10\.m2\repository\com\vladsch\flexmark\flexmark-ext-autolink\0.62.2\flexmark-ext-autolink-0.62.2.jar;C:\Users\WINDOWS 10\.m2\repository\org\nibor\autolink\autolink\0.6.0\autolink-0.6.0.jar;C:\Users\WINDOWS 10\.m2\repository\com\vladsch\flexmark\flexmark-ext-definition\0.62.2\flexmark-ext-definition-0.62.2.jar;C:\Users\WINDOWS 10\.m2\repository\com\vladsch\flexmark\flexmark-ext-emoji\0.62.2\flexmark-ext-emoji-0.62.2.jar;C:\Users\WINDOWS 10\.m2\repository\com\vladsch\flexmark\flexmark-ext-enumerated-reference\0.62.2\flexmark-ext-enumerated-reference-0.62.2.jar;C:\Users\WINDOWS 10\.m2\repository\com\vladsch\flexmark\flexmark-ext-escaped-character\0.62.2\flexmark-ext-escaped-character-0.62.2.jar;C:\Users\WINDOWS 10\.m2\repository\com\vladsch\flexmark\flexmark-ext-footnotes\0.62.2\flexmark-ext-footnotes-0.62.2.jar;C:\Users\WINDOWS 10\.m2\repository\com\vladsch\flexmark\flexmark-ext-gfm-issues\0.62.2\flexmark-ext-gfm-issues-0.62.2.jar;C:\Users\WINDOWS 10\.m2\repository\com\vladsch\flexmark\flexmark-ext-gfm-strikethrough\0.62.2\flexmark-ext-gfm-strikethrough-0.62.2.jar;C:\Users\WINDOWS 10\.m2\repository\com\vladsch\flexmark\flexmark-ext-gfm-tasklist\0.62.2\flexmark-ext-gfm-tasklist-0.62.2.jar;C:\Users\WINDOWS 10\.m2\repository\com\vladsch\flexmark\flexmark-ext-gfm-users\0.62.2\flexmark-ext-gfm-users-0.62.2.jar;C:\Users\WINDOWS 10\.m2\repository\com\vladsch\flexmark\flexmark-ext-gitlab\0.62.2\flexmark-ext-gitlab-0.62.2.jar;C:\Users\WINDOWS 10\.m2\repository\com\vladsch\flexmark\flexmark-ext-jekyll-front-matter\0.62.2\flexmark-ext-jekyll-front-matter-0.62.2.jar;C:\Users\WINDOWS 10\.m2\repository\com\vladsch\flexmark\flexmark-ext-jekyll-tag\0.62.2\flexmark-ext-jekyll-tag-0.62.2.jar;C:\Users\WINDOWS 10\.m2\repository\com\vladsch\flexmark\flexmark-ext-media-tags\0.62.2\flexmark-ext-media-tags-0.62.2.jar;C:\Users\WINDOWS 10\.m2\repository\com\vladsch\flexmark\flexmark-ext-macros\0.62.2\flexmark-ext-macros-0.62.2.jar;C:\Users\WINDOWS 10\.m2\repository\com\vladsch\flexmark\flexmark-ext-ins\0.62.2\flexmark-ext-ins-0.62.2.jar;C:\Users\WINDOWS 10\.m2\repository\com\vladsch\flexmark\flexmark-ext-xwiki-macros\0.62.2\flexmark-ext-xwiki-macros-0.62.2.jar;C:\Users\WINDOWS 10\.m2\repository\com\vladsch\flexmark\flexmark-ext-superscript\0.62.2\flexmark-ext-superscript-0.62.2.jar;C:\Users\WINDOWS 10\.m2\repository\com\vladsch\flexmark\flexmark-ext-tables\0.62.2\flexmark-ext-tables-0.62.2.jar;C:\Users\WINDOWS 10\.m2\repository\com\vladsch\flexmark\flexmark-ext-toc\0.62.2\flexmark-ext-toc-0.62.2.jar;C:\Users\WINDOWS 10\.m2\repository\com\vladsch\flexmark\flexmark-ext-typographic\0.62.2\flexmark-ext-typographic-0.62.2.jar;C:\Users\WINDOWS 10\.m2\repository\com\vladsch\flexmark\flexmark-ext-wikilink\0.62.2\flexmark-ext-wikilink-0.62.2.jar;C:\Users\WINDOWS 10\.m2\repository\com\vladsch\flexmark\flexmark-ext-yaml-front-matter\0.62.2\flexmark-ext-yaml-front-matter-0.62.2.jar;C:\Users\WINDOWS 10\.m2\repository\com\vladsch\flexmark\flexmark-ext-youtube-embedded\0.62.2\flexmark-ext-youtube-embedded-0.62.2.jar;C:\Users\WINDOWS 10\.m2\repository\com\vladsch\flexmark\flexmark-html2md-converter\0.62.2\flexmark-html2md-converter-0.62.2.jar;C:\Users\WINDOWS 10\.m2\repository\com\vladsch\flexmark\flexmark-jira-converter\0.62.2\flexmark-jira-converter-0.62.2.jar;C:\Users\WINDOWS 10\.m2\repository\com\vladsch\flexmark\flexmark-pdf-converter\0.62.2\flexmark-pdf-converter-0.62.2.jar;C:\Users\WINDOWS 10\.m2\repository\com\openhtmltopdf\openhtmltopdf-core\1.0.0\openhtmltopdf-core-1.0.0.jar;C:\Users\WINDOWS 10\.m2\repository\com\openhtmltopdf\openhtmltopdf-pdfbox\1.0.0\openhtmltopdf-pdfbox-1.0.0.jar;C:\Users\WINDOWS 10\.m2\repository\org\apache\pdfbox\pdfbox\2.0.16\pdfbox-2.0.16.jar;C:\Users\WINDOWS 10\.m2\repository\org\apache\pdfbox\fontbox\2.0.16\fontbox-2.0.16.jar;C:\Users\WINDOWS 10\.m2\repository\org\apache\pdfbox\xmpbox\2.0.16\xmpbox-2.0.16.jar;C:\Users\WINDOWS 10\.m2\repository\de\rototor\pdfbox\graphics2d\0.24\graphics2d-0.24.jar;C:\Users\WINDOWS 10\.m2\repository\com\openhtmltopdf\openhtmltopdf-rtl-support\1.0.0\openhtmltopdf-rtl-support-1.0.0.jar;C:\Users\WINDOWS 10\.m2\repository\com\openhtmltopdf\openhtmltopdf-jsoup-dom-converter\1.0.0\openhtmltopdf-jsoup-dom-converter-1.0.0.jar;C:\Users\WINDOWS 10\.m2\repository\com\vladsch\flexmark\flexmark-profile-pegdown\0.62.2\flexmark-profile-pegdown-0.62.2.jar;C:\Users\WINDOWS 10\.m2\repository\com\vladsch\flexmark\flexmark-util-ast\0.62.2\flexmark-util-ast-0.62.2.jar;C:\Users\WINDOWS 10\.m2\repository\com\vladsch\flexmark\flexmark-util-builder\0.62.2\flexmark-util-builder-0.62.2.jar;C:\Users\WINDOWS 10\.m2\repository\com\vladsch\flexmark\flexmark-util-collection\0.62.2\flexmark-util-collection-0.62.2.jar;C:\Users\WINDOWS 10\.m2\repository\com\vladsch\flexmark\flexmark-util-data\0.62.2\flexmark-util-data-0.62.2.jar;C:\Users\WINDOWS 10\.m2\repository\com\vladsch\flexmark\flexmark-util-dependency\0.62.2\flexmark-util-dependency-0.62.2.jar;C:\Users\WINDOWS 10\.m2\repository\com\vladsch\flexmark\flexmark-util-format\0.62.2\flexmark-util-format-0.62.2.jar;C:\Users\WINDOWS 10\.m2\repository\com\vladsch\flexmark\flexmark-util-html\0.62.2\flexmark-util-html-0.62.2.jar;C:\Users\WINDOWS 10\.m2\repository\com\vladsch\flexmark\flexmark-util-misc\0.62.2\flexmark-util-misc-0.62.2.jar;C:\Users\WINDOWS 10\.m2\repository\com\vladsch\flexmark\flexmark-util-options\0.62.2\flexmark-util-options-0.62.2.jar;C:\Users\WINDOWS 10\.m2\repository\com\vladsch\flexmark\flexmark-util-sequence\0.62.2\flexmark-util-sequence-0.62.2.jar;C:\Users\WINDOWS 10\.m2\repository\com\vladsch\flexmark\flexmark-util-visitor\0.62.2\flexmark-util-visitor-0.62.2.jar;C:\Users\WINDOWS 10\.m2\repository\com\vladsch\flexmark\flexmark-youtrack-converter\0.62.2\flexmark-youtrack-converter-0.62.2.jar;C:\Users\WINDOWS 10\.m2\repository\com\ibm\icu\icu4j\72.1\icu4j-72.1.jar;C:\Users\WINDOWS 10\.m2\repository\es\nitaur\markdown\txtmark\0.16\txtmark-0.16.jar;C:\Users\WINDOWS 10\.m2\repository\net\serenity-bdd\serenity-report-resources\3.6.21\serenity-report-resources-3.6.21.jar;C:\Users\WINDOWS 10\.m2\repository\com\google\code\gson\gson\2.10.1\gson-2.10.1.jar;C:\Users\WINDOWS 10\.m2\repository\com\fasterxml\jackson\core\jackson-core\2.15.0-rc1\jackson-core-2.15.0-rc1.jar;C:\Users\WINDOWS 10\.m2\repository\com\fasterxml\jackson\core\jackson-databind\2.15.0-rc1\jackson-databind-2.15.0-rc1.jar;C:\Users\WINDOWS 10\.m2\repository\com\fasterxml\jackson\core\jackson-annotations\2.15.0-rc1\jackson-annotations-2.15.0-rc1.jar;C:\Users\WINDOWS 10\.m2\repository\commons-codec\commons-codec\1.15\commons-codec-1.15.jar;C:\Users\WINDOWS 10\.m2\repository\commons-io\commons-io\2.11.0\commons-io-2.11.0.jar;C:\Users\WINDOWS 10\.m2\repository\org\seleniumhq\selenium\selenium-java\4.8.1\selenium-java-4.8.1.jar;C:\Users\WINDOWS 10\.m2\repository\org\seleniumhq\selenium\selenium-devtools-v108\4.8.1\selenium-devtools-v108-4.8.1.jar;C:\Users\WINDOWS 10\.m2\repository\org\seleniumhq\selenium\selenium-devtools-v109\4.8.1\selenium-devtools-v109-4.8.1.jar;C:\Users\WINDOWS 10\.m2\repository\org\seleniumhq\selenium\selenium-devtools-v110\4.8.1\selenium-devtools-v110-4.8.1.jar;C:\Users\WINDOWS 10\.m2\repository\org\seleniumhq\selenium\selenium-devtools-v85\4.8.1\selenium-devtools-v85-4.8.1.jar;C:\Users\WINDOWS 10\.m2\repository\org\seleniumhq\selenium\selenium-remote-driver\4.8.1\selenium-remote-driver-4.8.1.jar;C:\Users\WINDOWS 10\.m2\repository\com\beust\jcommander\1.82\jcommander-1.82.jar;C:\Users\WINDOWS 10\.m2\repository\io\netty\netty-buffer\4.1.87.Final\netty-buffer-4.1.87.Final.jar;C:\Users\WINDOWS 10\.m2\repository\io\netty\netty-codec-http\4.1.87.Final\netty-codec-http-4.1.87.Final.jar;C:\Users\WINDOWS 10\.m2\repository\io\netty\netty-codec\4.1.87.Final\netty-codec-4.1.87.Final.jar;C:\Users\WINDOWS 10\.m2\repository\io\netty\netty-handler\4.1.87.Final\netty-handler-4.1.87.Final.jar;C:\Users\WINDOWS 10\.m2\repository\io\netty\netty-common\4.1.87.Final\netty-common-4.1.87.Final.jar;C:\Users\WINDOWS 10\.m2\repository\io\netty\netty-transport-classes-epoll\4.1.87.Final\netty-transport-classes-epoll-4.1.87.Final.jar;C:\Users\WINDOWS 10\.m2\repository\io\netty\netty-transport-classes-kqueue\4.1.87.Final\netty-transport-classes-kqueue-4.1.87.Final.jar;C:\Users\WINDOWS 10\.m2\repository\io\netty\netty-transport-native-epoll\4.1.87.Final\netty-transport-native-epoll-4.1.87.Final.jar;C:\Users\WINDOWS 10\.m2\repository\io\netty\netty-transport-native-kqueue\4.1.87.Final\netty-transport-native-kqueue-4.1.87.Final.jar;C:\Users\WINDOWS 10\.m2\repository\io\netty\netty-transport-native-unix-common\4.1.87.Final\netty-transport-native-unix-common-4.1.87.Final.jar;C:\Users\WINDOWS 10\.m2\repository\io\netty\netty-transport\4.1.87.Final\netty-transport-4.1.87.Final.jar;C:\Users\WINDOWS 10\.m2\repository\io\netty\netty-resolver\4.1.87.Final\netty-resolver-4.1.87.Final.jar;C:\Users\WINDOWS 10\.m2\repository\io\opentelemetry\opentelemetry-api\1.22.0\opentelemetry-api-1.22.0.jar;C:\Users\WINDOWS 10\.m2\repository\io\opentelemetry\opentelemetry-context\1.22.0\opentelemetry-context-1.22.0.jar;C:\Users\WINDOWS 10\.m2\repository\io\opentelemetry\opentelemetry-exporter-logging\1.22.0\opentelemetry-exporter-logging-1.22.0.jar;C:\Users\WINDOWS 10\.m2\repository\io\opentelemetry\opentelemetry-sdk-metrics\1.22.0\opentelemetry-sdk-metrics-1.22.0.jar;C:\Users\WINDOWS 10\.m2\repository\io\opentelemetry\opentelemetry-sdk-logs\1.22.0-alpha\opentelemetry-sdk-logs-1.22.0-alpha.jar;C:\Users\WINDOWS 10\.m2\repository\io\opentelemetry\opentelemetry-api-logs\1.22.0-alpha\opentelemetry-api-logs-1.22.0-alpha.jar;C:\Users\WINDOWS 10\.m2\repository\io\opentelemetry\opentelemetry-sdk-common\1.22.0\opentelemetry-sdk-common-1.22.0.jar;C:\Users\WINDOWS 10\.m2\repository\io\opentelemetry\opentelemetry-sdk-extension-autoconfigure-spi\1.22.0\opentelemetry-sdk-extension-autoconfigure-spi-1.22.0.jar;C:\Users\WINDOWS 10\.m2\repository\io\opentelemetry\opentelemetry-sdk-extension-autoconfigure\1.22.0-alpha\opentelemetry-sdk-extension-autoconfigure-1.22.0-alpha.jar;C:\Users\WINDOWS 10\.m2\repository\io\opentelemetry\opentelemetry-sdk-trace\1.22.0\opentelemetry-sdk-trace-1.22.0.jar;C:\Users\WINDOWS 10\.m2\repository\io\opentelemetry\opentelemetry-sdk\1.22.0\opentelemetry-sdk-1.22.0.jar;C:\Users\WINDOWS 10\.m2\repository\io\opentelemetry\opentelemetry-semconv\1.22.0-alpha\opentelemetry-semconv-1.22.0-alpha.jar;C:\Users\WINDOWS 10\.m2\repository\io\ous\jtoml\2.0.0\jtoml-2.0.0.jar;C:\Users\WINDOWS 10\.m2\repository\org\apache\commons\commons-exec\1.3\commons-exec-1.3.jar;C:\Users\WINDOWS 10\.m2\repository\org\asynchttpclient\async-http-client\2.12.3\async-http-client-2.12.3.jar;C:\Users\WINDOWS 10\.m2\repository\org\asynchttpclient\async-http-client-netty-utils\2.12.3\async-http-client-netty-utils-2.12.3.jar;C:\Users\WINDOWS 10\.m2\repository\io\netty\netty-codec-socks\4.1.60.Final\netty-codec-socks-4.1.60.Final.jar;C:\Users\WINDOWS 10\.m2\repository\io\netty\netty-handler-proxy\4.1.60.Final\netty-handler-proxy-4.1.60.Final.jar;C:\Users\WINDOWS 10\.m2\repository\io\netty\netty-transport-native-epoll\4.1.60.Final\netty-transport-native-epoll-4.1.60.Final-linux-x86_64.jar;C:\Users\WINDOWS 10\.m2\repository\io\netty\netty-transport-native-kqueue\4.1.60.Final\netty-transport-native-kqueue-4.1.60.Final-osx-x86_64.jar;C:\Users\WINDOWS 10\.m2\repository\org\reactivestreams\reactive-streams\1.0.3\reactive-streams-1.0.3.jar;C:\Users\WINDOWS 10\.m2\repository\com\typesafe\netty\netty-reactive-streams\2.0.4\netty-reactive-streams-2.0.4.jar;C:\Users\WINDOWS 10\.m2\repository\org\seleniumhq\selenium\selenium-manager\4.8.1\selenium-manager-4.8.1.jar;C:\Users\WINDOWS 10\.m2\repository\org\seleniumhq\selenium\selenium-safari-driver\4.8.1\selenium-safari-driver-4.8.1.jar;C:\Users\WINDOWS 10\.m2\repository\org\seleniumhq\selenium\selenium-api\4.8.1\selenium-api-4.8.1.jar;C:\Users\WINDOWS 10\.m2\repository\org\seleniumhq\selenium\selenium-support\4.8.1\selenium-support-4.8.1.jar;C:\Users\WINDOWS 10\.m2\repository\com\google\auto\service\auto-service-annotations\1.0.1\auto-service-annotations-1.0.1.jar;C:\Users\WINDOWS 10\.m2\repository\com\google\auto\service\auto-service\1.0.1\auto-service-1.0.1.jar;C:\Users\WINDOWS 10\.m2\repository\com\google\auto\auto-common\1.2\auto-common-1.2.jar;C:\Users\WINDOWS 10\.m2\repository\org\seleniumhq\selenium\selenium-json\4.8.1\selenium-json-4.8.1.jar;C:\Users\WINDOWS 10\.m2\repository\org\seleniumhq\selenium\selenium-chrome-driver\4.8.1\selenium-chrome-driver-4.8.1.jar;C:\Users\WINDOWS 10\.m2\repository\org\seleniumhq\selenium\selenium-chromium-driver\4.8.1\selenium-chromium-driver-4.8.1.jar;C:\Users\WINDOWS 10\.m2\repository\org\seleniumhq\selenium\selenium-firefox-driver\4.8.1\selenium-firefox-driver-4.8.1.jar;C:\Users\WINDOWS 10\.m2\repository\org\seleniumhq\selenium\selenium-http\4.8.1\selenium-http-4.8.1.jar;C:\Users\WINDOWS 10\.m2\repository\dev\failsafe\failsafe\3.3.0\failsafe-3.3.0.jar;C:\Users\WINDOWS 10\.m2\repository\org\seleniumhq\selenium\selenium-edge-driver\4.8.1\selenium-edge-driver-4.8.1.jar;C:\Users\WINDOWS 10\.m2\repository\org\seleniumhq\selenium\selenium-ie-driver\4.8.1\selenium-ie-driver-4.8.1.jar;C:\Users\WINDOWS 10\.m2\repository\org\projectlombok\lombok\1.18.20\lombok-1.18.20.jar;C:\Users\WINDOWS 10\.m2\repository\io\appium\java-client\8.3.0\java-client-8.3.0.jar;C:\Users\WINDOWS 10\.m2\repository\commons-validator\commons-validator\1.7\commons-validator-1.7.jar;C:\Users\WINDOWS 10\.m2\repository\commons-digester\commons-digester\2.1\commons-digester-2.1.jar;C:\Users\WINDOWS 10\.m2\repository\net\sf\opencsv\opencsv\2.0\opencsv-2.0.jar;C:\Users\WINDOWS 10\.m2\repository\commons-beanutils\commons-beanutils\1.9.4\commons-beanutils-1.9.4.jar;C:\Users\WINDOWS 10\.m2\repository\org\apache\commons\commons-lang3\3.12.0\commons-lang3-3.12.0.jar;C:\Users\WINDOWS 10\.m2\repository\commons-collections\commons-collections\3.2.2\commons-collections-3.2.2.jar;C:\Users\WINDOWS 10\.m2\repository\org\fluentlenium\fluentlenium-core\0.10.2\fluentlenium-core-0.10.2.jar;C:\Users\WINDOWS 10\.m2\repository\io\github\bonigarcia\webdrivermanager\5.3.0\webdrivermanager-5.3.0.jar;C:\Users\WINDOWS 10\.m2\repository\com\github\docker-java\docker-java\3.2.13\docker-java-3.2.13.jar;C:\Users\WINDOWS 10\.m2\repository\com\github\docker-java\docker-java-core\3.2.13\docker-java-core-3.2.13.jar;C:\Users\WINDOWS 10\.m2\repository\com\github\docker-java\docker-java-api\3.2.13\docker-java-api-3.2.13.jar;C:\Users\WINDOWS 10\.m2\repository\org\apache\commons\commons-compress\1.21\commons-compress-1.21.jar;C:\Users\WINDOWS 10\.m2\repository\org\bouncycastle\bcpkix-jdk15on\1.64\bcpkix-jdk15on-1.64.jar;C:\Users\WINDOWS 10\.m2\repository\org\bouncycastle\bcprov-jdk15on\1.64\bcprov-jdk15on-1.64.jar;C:\Users\WINDOWS 10\.m2\repository\org\slf4j\jcl-over-slf4j\1.7.30\jcl-over-slf4j-1.7.30.jar;C:\Users\WINDOWS 10\.m2\repository\com\github\docker-java\docker-java-transport-httpclient5\3.2.13\docker-java-transport-httpclient5-3.2.13.jar;C:\Users\WINDOWS 10\.m2\repository\com\github\docker-java\docker-java-transport\3.2.13\docker-java-transport-3.2.13.jar;C:\Users\WINDOWS 10\.m2\repository\net\java\dev\jna\jna\5.8.0\jna-5.8.0.jar;C:\Users\WINDOWS 10\.m2\repository\org\brotli\dec\0.1.2\dec-0.1.2.jar;C:\Users\WINDOWS 10\.m2\repository\org\apache\httpcomponents\client5\httpclient5\5.1.3\httpclient5-5.1.3.jar;C:\Users\WINDOWS 10\.m2\repository\org\apache\httpcomponents\core5\httpcore5\5.1.3\httpcore5-5.1.3.jar;C:\Users\WINDOWS 10\.m2\repository\org\apache\httpcomponents\core5\httpcore5-h2\5.1.3\httpcore5-h2-5.1.3.jar;C:\Users\WINDOWS 10\.m2\repository\com\jhlabs\filters\2.0.235\filters-2.0.235.jar;C:\Users\WINDOWS 10\.m2\repository\com\paulhammant\ngwebdriver\1.1.6\ngwebdriver-1.1.6.jar;C:\Users\WINDOWS 10\.m2\repository\joda-time\joda-time\2.12.2\joda-time-2.12.2.jar;C:\Users\WINDOWS 10\.m2\repository\org\hamcrest\hamcrest\2.2\hamcrest-2.2.jar;C:\Users\WINDOWS 10\.m2\repository\com\google\jimfs\jimfs\1.2\jimfs-1.2.jar;C:\Users\WINDOWS 10\.m2\repository\org\mockito\mockito-core\3.3.3\mockito-core-3.3.3.jar;C:\Users\WINDOWS 10\.m2\repository\javax\xml\bind\jaxb-api\2.3.1\jaxb-api-2.3.1.jar;C:\Users\WINDOWS 10\.m2\repository\javax\activation\javax.activation-api\1.2.0\javax.activation-api-1.2.0.jar;C:\Users\WINDOWS 10\.m2\repository\com\sun\xml\bind\jaxb-core\2.3.0.1\jaxb-core-2.3.0.1.jar;C:\Users\WINDOWS 10\.m2\repository\com\sun\xml\bind\jaxb-impl\2.3.3\jaxb-impl-2.3.3.jar;C:\Users\WINDOWS 10\.m2\repository\jakarta\xml\bind\jakarta.xml.bind-api\2.3.3\jakarta.xml.bind-api-2.3.3.jar;C:\Users\WINDOWS 10\.m2\repository\com\sun\activation\jakarta.activation\1.2.2\jakarta.activation-1.2.2.jar;C:\Users\WINDOWS 10\.m2\repository\javax\activation\activation\1.1.1\activation-1.1.1.jar;C:\Users\WINDOWS 10\.m2\repository\net\serenity-bdd\serenity-cucumber\3.6.21\serenity-cucumber-3.6.21.jar;C:\Users\WINDOWS 10\.m2\repository\io\cucumber\cucumber-core\7.11.0\cucumber-core-7.11.0.jar;C:\Users\WINDOWS 10\.m2\repository\io\cucumber\cucumber-gherkin\7.11.0\cucumber-gherkin-7.11.0.jar;C:\Users\WINDOWS 10\.m2\repository\io\cucumber\cucumber-gherkin-messages\7.11.0\cucumber-gherkin-messages-7.11.0.jar;C:\Users\WINDOWS 10\.m2\repository\io\cucumber\gherkin\26.0.3\gherkin-26.0.3.jar;C:\Users\WINDOWS 10\.m2\repository\io\cucumber\messages\21.0.1\messages-21.0.1.jar;C:\Users\WINDOWS 10\.m2\repository\io\cucumber\tag-expressions\5.0.1\tag-expressions-5.0.1.jar;C:\Users\WINDOWS 10\.m2\repository\io\cucumber\cucumber-expressions\16.1.1\cucumber-expressions-16.1.1.jar;C:\Users\WINDOWS 10\.m2\repository\io\cucumber\datatable\7.11.0\datatable-7.11.0.jar;C:\Users\WINDOWS 10\.m2\repository\io\cucumber\cucumber-plugin\7.11.0\cucumber-plugin-7.11.0.jar;C:\Users\WINDOWS 10\.m2\repository\io\cucumber\docstring\7.11.0\docstring-7.11.0.jar;C:\Users\WINDOWS 10\.m2\repository\io\cucumber\html-formatter\20.2.1\html-formatter-20.2.1.jar;C:\Users\WINDOWS 10\.m2\repository\io\cucumber\junit-xml-formatter\0.1.0\junit-xml-formatter-0.1.0.jar;C:\Users\WINDOWS 10\.m2\repository\io\cucumber\ci-environment\9.1.0\ci-environment-9.1.0.jar;C:\Users\WINDOWS 10\.m2\repository\io\cucumber\cucumber-java\7.11.0\cucumber-java-7.11.0.jar;C:\Users\WINDOWS 10\.m2\repository\io\cucumber\cucumber-junit\7.11.0\cucumber-junit-7.11.0.jar;C:\Users\WINDOWS 10\.m2\repository\org\apache\commons\commons-csv\1.5\commons-csv-1.5.jar;C:\Users\WINDOWS 10\.m2\repository\net\serenity-bdd\serenity-screenplay\3.6.21\serenity-screenplay-3.6.21.jar;C:\Users\WINDOWS 10\.m2\repository\net\serenity-bdd\serenity-screenplay-webdriver\3.6.21\serenity-screenplay-webdriver-3.6.21.jar;C:\Users\WINDOWS 10\.m2\repository\net\serenity-bdd\serenity-ensure\3.6.21\serenity-ensure-3.6.21.jar;C:\Users\WINDOWS 10\.m2\repository\net\serenity-bdd\serenity-junit\3.6.21\serenity-junit-3.6.21.jar;C:\Users\WINDOWS 10\.m2\repository\org\jetbrains\kotlin\kotlin-stdlib\1.8.10\kotlin-stdlib-1.8.10.jar;C:\Users\WINDOWS 10\.m2\repository\org\jetbrains\kotlin\kotlin-stdlib-common\1.8.10\kotlin-stdlib-common-1.8.10.jar;C:\Users\WINDOWS 10\.m2\repository\org\jetbrains\annotations\13.0\annotations-13.0.jar;C:\Users\WINDOWS 10\.m2\repository\org\junit\platform\junit-platform-launcher\1.8.2\junit-platform-launcher-1.8.2.jar;C:\Users\WINDOWS 10\.m2\repository\org\junit\platform\junit-platform-engine\1.8.2\junit-platform-engine-1.8.2.jar;C:\Users\WINDOWS 10\.m2\repository\org\junit\platform\junit-platform-commons\1.8.2\junit-platform-commons-1.8.2.jar;C:\Users\WINDOWS 10\.m2\repository\org\apiguardian\apiguardian-api\1.1.2\apiguardian-api-1.1.2.jar;C:\Users\WINDOWS 10\.m2\repository\org\junit\jupiter\junit-jupiter-engine\5.8.2\junit-jupiter-engine-5.8.2.jar;C:\Users\WINDOWS 10\.m2\repository\org\junit\jupiter\junit-jupiter-api\5.8.2\junit-jupiter-api-5.8.2.jar;C:\Users\WINDOWS 10\.m2\repository\org\junit\vintage\junit-vintage-engine\5.8.2\junit-vintage-engine-5.8.2.jar;C:\Users\WINDOWS 10\.m2\repository\junit\junit\4.13.2\junit-4.13.2.jar;C:\Users\WINDOWS 10\.m2\repository\org\hamcrest\hamcrest-core\1.3\hamcrest-core-1.3.jar;C:\Users\WINDOWS 10\.m2\repository\ch\qos\logback\logback-classic\1.2.10\logback-classic-1.2.10.jar;C:\Users\WINDOWS 10\.m2\repository\ch\qos\logback\logback-core\1.2.10\logback-core-1.2.10.jar;C:\Users\WINDOWS 10\.m2\repository\org\slf4j\slf4j-api\1.7.32\slf4j-api-1.7.32.jar;C:\Users\WINDOWS 10\.m2\repository\org\assertj\assertj-core\3.23.1\assertj-core-3.23.1.jar;C:\Users\WINDOWS 10\.m2\repository\net\bytebuddy\byte-buddy\1.12.10\byte-buddy-1.12.10.jar;C:\Users\WINDOWS 10\.m2\repository\com\googlecode\json-simple\json-simple\1.1.1\json-simple-1.1.1.jar;"/>
    <property name="sun.cpu.endian" value="little"/>
    <property name="user.home" value="C:\Users\WINDOWS 10"/>
    <property name="user.language" value="en"/>
    <property name="java.specification.vendor" value="Oracle Corporation"/>
    <property name="jdk.module.path" value="C:\Users\WINDOWS 10\Documents\GitHub\QE_Andira_Ms\10_RESTful_API_Testing_with_REST_Assured\Praktikum\RESTful_API_Testing\alta\target\alta-1.0-SNAPSHOT.jar"/>
    <property name="java.version.date" value="2020-09-15"/>
    <property name="java.home" value="C:\Program Files\Java\jdk-15"/>
    <property name="file.separator" value="\"/>
    <property name="basedir" value="C:\Users\WINDOWS 10\Documents\GitHub\QE_Andira_Ms\10_RESTful_API_Testing_with_REST_Assured\Praktikum\RESTful_API_Testing\alta"/>
    <property name="java.vm.compressedOopsMode" value="Zero based"/>
    <property name="line.separator" value="&#10;"/>
    <property name="java.vm.specification.vendor" value="Oracle Corporation"/>
    <property name="java.specification.name" value="Java Platform API Specification"/>
    <property name="surefire.real.class.path" value="C:\Users\WINDOWS 10\.m2\repository\org\apache\maven\surefire\surefire-booter\3.0.0-M5\surefire-booter-3.0.0-M5.jar;C:\Users\WINDOWS 10\.m2\repository\org\apache\maven\surefire\surefire-api\3.0.0-M5\surefire-api-3.0.0-M5.jar;C:\Users\WINDOWS 10\.m2\repository\org\apache\maven\surefire\surefire-logger-api\3.0.0-M5\surefire-logger-api-3.0.0-M5.jar;C:\Users\WINDOWS 10\.m2\repository\org\apache\maven\surefire\surefire-shared-utils\3.0.0-M4\surefire-shared-utils-3.0.0-M4.jar;C:\Users\WINDOWS 10\.m2\repository\org\apache\maven\surefire\surefire-extensions-spi\3.0.0-M5\surefire-extensions-spi-3.0.0-M5.jar;C:\Users\WINDOWS 10\Documents\GitHub\QE_Andira_Ms\10_RESTful_API_Testing_with_REST_Assured\Praktikum\RESTful_API_Testing\alta\target\test-classes;C:\Users\WINDOWS 10\.m2\repository\net\serenity-bdd\serenity-rest-assured\3.6.22\serenity-rest-assured-3.6.22.jar;C:\Users\WINDOWS 10\.m2\repository\org\apache\httpcomponents\httpclient\4.5.13\httpclient-4.5.13.jar;C:\Users\WINDOWS 10\.m2\repository\org\apache\httpcomponents\httpcore\4.4.13\httpcore-4.4.13.jar;C:\Users\WINDOWS 10\.m2\repository\commons-logging\commons-logging\1.2\commons-logging-1.2.jar;C:\Users\WINDOWS 10\.m2\repository\io\rest-assured\rest-assured\5.3.0\rest-assured-5.3.0.jar;C:\Users\WINDOWS 10\.m2\repository\org\apache\httpcomponents\httpmime\4.5.13\httpmime-4.5.13.jar;C:\Users\WINDOWS 10\.m2\repository\org\ccil\cowan\tagsoup\tagsoup\1.2.1\tagsoup-1.2.1.jar;C:\Users\WINDOWS 10\.m2\repository\io\rest-assured\json-path\5.3.0\json-path-5.3.0.jar;C:\Users\WINDOWS 10\.m2\repository\io\rest-assured\rest-assured-common\5.3.0\rest-assured-common-5.3.0.jar;C:\Users\WINDOWS 10\.m2\repository\io\rest-assured\xml-path\5.3.0\xml-path-5.3.0.jar;C:\Users\WINDOWS 10\.m2\repository\org\apache\groovy\groovy-json\4.0.10\groovy-json-4.0.10.jar;C:\Users\WINDOWS 10\.m2\repository\org\apache\groovy\groovy-xml\4.0.10\groovy-xml-4.0.10.jar;C:\Users\WINDOWS 10\.m2\repository\org\apache\groovy\groovy\4.0.10\groovy-4.0.10.jar;C:\Users\WINDOWS 10\.m2\repository\org\opentest4j\opentest4j\1.2.0\opentest4j-1.2.0.jar;C:\Users\WINDOWS 10\.m2\repository\net\serenity-bdd\serenity-core\3.6.21\serenity-core-3.6.21.jar;C:\Users\WINDOWS 10\.m2\repository\net\serenity-bdd\serenity-model\3.6.21\serenity-model-3.6.21.jar;C:\Users\WINDOWS 10\.m2\repository\org\apache\commons\commons-text\1.10.0\commons-text-1.10.0.jar;C:\Users\WINDOWS 10\.m2\repository\commons-net\commons-net\3.9.0\commons-net-3.9.0.jar;C:\Users\WINDOWS 10\.m2\repository\com\google\guava\guava\31.1-jre\guava-31.1-jre.jar;C:\Users\WINDOWS 10\.m2\repository\com\google\guava\failureaccess\1.0.1\failureaccess-1.0.1.jar;C:\Users\WINDOWS 10\.m2\repository\com\google\guava\listenablefuture\9999.0-empty-to-avoid-conflict-with-guava\listenablefuture-9999.0-empty-to-avoid-conflict-with-guava.jar;C:\Users\WINDOWS 10\.m2\repository\com\google\code\findbugs\jsr305\3.0.2\jsr305-3.0.2.jar;C:\Users\WINDOWS 10\.m2\repository\org\checkerframework\checker-qual\3.12.0\checker-qual-3.12.0.jar;C:\Users\WINDOWS 10\.m2\repository\com\google\errorprone\error_prone_annotations\2.11.0\error_prone_annotations-2.11.0.jar;C:\Users\WINDOWS 10\.m2\repository\com\google\j2objc\j2objc-annotations\1.3\j2objc-annotations-1.3.jar;C:\Users\WINDOWS 10\.m2\repository\com\google\inject\guice\5.1.0\guice-5.1.0.jar;C:\Users\WINDOWS 10\.m2\repository\javax\inject\javax.inject\1\javax.inject-1.jar;C:\Users\WINDOWS 10\.m2\repository\aopalliance\aopalliance\1.0\aopalliance-1.0.jar;C:\Users\WINDOWS 10\.m2\repository\org\jsoup\jsoup\1.14.3\jsoup-1.14.3.jar;C:\Users\WINDOWS 10\.m2\repository\com\thoughtworks\xstream\xstream\1.4.20\xstream-1.4.20.jar;C:\Users\WINDOWS 10\.m2\repository\io\github\x-stream\mxparser\1.2.2\mxparser-1.2.2.jar;C:\Users\WINDOWS 10\.m2\repository\xmlpull\xmlpull\1.1.3.1\xmlpull-1.1.3.1.jar;C:\Users\WINDOWS 10\.m2\repository\com\typesafe\config\1.4.2\config-1.4.2.jar;C:\Users\WINDOWS 10\.m2\repository\org\imgscalr\imgscalr-lib\4.2\imgscalr-lib-4.2.jar;C:\Users\WINDOWS 10\.m2\repository\org\awaitility\awaitility\4.2.0\awaitility-4.2.0.jar;C:\Users\WINDOWS 10\.m2\repository\org\freemarker\freemarker\2.3.31\freemarker-2.3.31.jar;C:\Users\WINDOWS 10\.m2\repository\io\github\classgraph\classgraph\4.8.138\classgraph-4.8.138.jar;C:\Users\WINDOWS 10\.m2\repository\net\sourceforge\jexcelapi\jxl\2.6.12\jxl-2.6.12.jar;C:\Users\WINDOWS 10\.m2\repository\net\bytebuddy\byte-buddy-agent\1.14.2\byte-buddy-agent-1.14.2.jar;C:\Users\WINDOWS 10\.m2\repository\org\objenesis\objenesis\3.3\objenesis-3.3.jar;C:\Users\WINDOWS 10\.m2\repository\net\serenity-bdd\serenity-reports\3.6.21\serenity-reports-3.6.21.jar;C:\Users\WINDOWS 10\.m2\repository\net\serenity-bdd\serenity-stats\3.6.21\serenity-stats-3.6.21.jar;C:\Users\WINDOWS 10\.m2\repository\net\serenity-bdd\serenity-reports-configuration\3.6.21\serenity-reports-configuration-3.6.21.jar;C:\Users\WINDOWS 10\.m2\repository\com\vladsch\flexmark\flexmark-all\0.62.2\flexmark-all-0.62.2.jar;C:\Users\WINDOWS 10\.m2\repository\com\vladsch\flexmark\flexmark\0.62.2\flexmark-0.62.2.jar;C:\Users\WINDOWS 10\.m2\repository\com\vladsch\flexmark\flexmark-ext-abbreviation\0.62.2\flexmark-ext-abbreviation-0.62.2.jar;C:\Users\WINDOWS 10\.m2\repository\com\vladsch\flexmark\flexmark-util\0.62.2\flexmark-util-0.62.2.jar;C:\Users\WINDOWS 10\.m2\repository\com\vladsch\flexmark\flexmark-ext-admonition\0.62.2\flexmark-ext-admonition-0.62.2.jar;C:\Users\WINDOWS 10\.m2\repository\com\vladsch\flexmark\flexmark-ext-anchorlink\0.62.2\flexmark-ext-anchorlink-0.62.2.jar;C:\Users\WINDOWS 10\.m2\repository\com\vladsch\flexmark\flexmark-ext-aside\0.62.2\flexmark-ext-aside-0.62.2.jar;C:\Users\WINDOWS 10\.m2\repository\com\vladsch\flexmark\flexmark-ext-attributes\0.62.2\flexmark-ext-attributes-0.62.2.jar;C:\Users\WINDOWS 10\.m2\repository\com\vladsch\flexmark\flexmark-ext-autolink\0.62.2\flexmark-ext-autolink-0.62.2.jar;C:\Users\WINDOWS 10\.m2\repository\org\nibor\autolink\autolink\0.6.0\autolink-0.6.0.jar;C:\Users\WINDOWS 10\.m2\repository\com\vladsch\flexmark\flexmark-ext-definition\0.62.2\flexmark-ext-definition-0.62.2.jar;C:\Users\WINDOWS 10\.m2\repository\com\vladsch\flexmark\flexmark-ext-emoji\0.62.2\flexmark-ext-emoji-0.62.2.jar;C:\Users\WINDOWS 10\.m2\repository\com\vladsch\flexmark\flexmark-ext-enumerated-reference\0.62.2\flexmark-ext-enumerated-reference-0.62.2.jar;C:\Users\WINDOWS 10\.m2\repository\com\vladsch\flexmark\flexmark-ext-escaped-character\0.62.2\flexmark-ext-escaped-character-0.62.2.jar;C:\Users\WINDOWS 10\.m2\repository\com\vladsch\flexmark\flexmark-ext-footnotes\0.62.2\flexmark-ext-footnotes-0.62.2.jar;C:\Users\WINDOWS 10\.m2\repository\com\vladsch\flexmark\flexmark-ext-gfm-issues\0.62.2\flexmark-ext-gfm-issues-0.62.2.jar;C:\Users\WINDOWS 10\.m2\repository\com\vladsch\flexmark\flexmark-ext-gfm-strikethrough\0.62.2\flexmark-ext-gfm-strikethrough-0.62.2.jar;C:\Users\WINDOWS 10\.m2\repository\com\vladsch\flexmark\flexmark-ext-gfm-tasklist\0.62.2\flexmark-ext-gfm-tasklist-0.62.2.jar;C:\Users\WINDOWS 10\.m2\repository\com\vladsch\flexmark\flexmark-ext-gfm-users\0.62.2\flexmark-ext-gfm-users-0.62.2.jar;C:\Users\WINDOWS 10\.m2\repository\com\vladsch\flexmark\flexmark-ext-gitlab\0.62.2\flexmark-ext-gitlab-0.62.2.jar;C:\Users\WINDOWS 10\.m2\repository\com\vladsch\flexmark\flexmark-ext-jekyll-front-matter\0.62.2\flexmark-ext-jekyll-front-matter-0.62.2.jar;C:\Users\WINDOWS 10\.m2\repository\com\vladsch\flexmark\flexmark-ext-jekyll-tag\0.62.2\flexmark-ext-jekyll-tag-0.62.2.jar;C:\Users\WINDOWS 10\.m2\repository\com\vladsch\flexmark\flexmark-ext-media-tags\0.62.2\flexmark-ext-media-tags-0.62.2.jar;C:\Users\WINDOWS 10\.m2\repository\com\vladsch\flexmark\flexmark-ext-macros\0.62.2\flexmark-ext-macros-0.62.2.jar;C:\Users\WINDOWS 10\.m2\repository\com\vladsch\flexmark\flexmark-ext-ins\0.62.2\flexmark-ext-ins-0.62.2.jar;C:\Users\WINDOWS 10\.m2\repository\com\vladsch\flexmark\flexmark-ext-xwiki-macros\0.62.2\flexmark-ext-xwiki-macros-0.62.2.jar;C:\Users\WINDOWS 10\.m2\repository\com\vladsch\flexmark\flexmark-ext-superscript\0.62.2\flexmark-ext-superscript-0.62.2.jar;C:\Users\WINDOWS 10\.m2\repository\com\vladsch\flexmark\flexmark-ext-tables\0.62.2\flexmark-ext-tables-0.62.2.jar;C:\Users\WINDOWS 10\.m2\repository\com\vladsch\flexmark\flexmark-ext-toc\0.62.2\flexmark-ext-toc-0.62.2.jar;C:\Users\WINDOWS 10\.m2\repository\com\vladsch\flexmark\flexmark-ext-typographic\0.62.2\flexmark-ext-typographic-0.62.2.jar;C:\Users\WINDOWS 10\.m2\repository\com\vladsch\flexmark\flexmark-ext-wikilink\0.62.2\flexmark-ext-wikilink-0.62.2.jar;C:\Users\WINDOWS 10\.m2\repository\com\vladsch\flexmark\flexmark-ext-yaml-front-matter\0.62.2\flexmark-ext-yaml-front-matter-0.62.2.jar;C:\Users\WINDOWS 10\.m2\repository\com\vladsch\flexmark\flexmark-ext-youtube-embedded\0.62.2\flexmark-ext-youtube-embedded-0.62.2.jar;C:\Users\WINDOWS 10\.m2\repository\com\vladsch\flexmark\flexmark-html2md-converter\0.62.2\flexmark-html2md-converter-0.62.2.jar;C:\Users\WINDOWS 10\.m2\repository\com\vladsch\flexmark\flexmark-jira-converter\0.62.2\flexmark-jira-converter-0.62.2.jar;C:\Users\WINDOWS 10\.m2\repository\com\vladsch\flexmark\flexmark-pdf-converter\0.62.2\flexmark-pdf-converter-0.62.2.jar;C:\Users\WINDOWS 10\.m2\repository\com\openhtmltopdf\openhtmltopdf-core\1.0.0\openhtmltopdf-core-1.0.0.jar;C:\Users\WINDOWS 10\.m2\repository\com\openhtmltopdf\openhtmltopdf-pdfbox\1.0.0\openhtmltopdf-pdfbox-1.0.0.jar;C:\Users\WINDOWS 10\.m2\repository\org\apache\pdfbox\pdfbox\2.0.16\pdfbox-2.0.16.jar;C:\Users\WINDOWS 10\.m2\repository\org\apache\pdfbox\fontbox\2.0.16\fontbox-2.0.16.jar;C:\Users\WINDOWS 10\.m2\repository\org\apache\pdfbox\xmpbox\2.0.16\xmpbox-2.0.16.jar;C:\Users\WINDOWS 10\.m2\repository\de\rototor\pdfbox\graphics2d\0.24\graphics2d-0.24.jar;C:\Users\WINDOWS 10\.m2\repository\com\openhtmltopdf\openhtmltopdf-rtl-support\1.0.0\openhtmltopdf-rtl-support-1.0.0.jar;C:\Users\WINDOWS 10\.m2\repository\com\openhtmltopdf\openhtmltopdf-jsoup-dom-converter\1.0.0\openhtmltopdf-jsoup-dom-converter-1.0.0.jar;C:\Users\WINDOWS 10\.m2\repository\com\vladsch\flexmark\flexmark-profile-pegdown\0.62.2\flexmark-profile-pegdown-0.62.2.jar;C:\Users\WINDOWS 10\.m2\repository\com\vladsch\flexmark\flexmark-util-ast\0.62.2\flexmark-util-ast-0.62.2.jar;C:\Users\WINDOWS 10\.m2\repository\com\vladsch\flexmark\flexmark-util-builder\0.62.2\flexmark-util-builder-0.62.2.jar;C:\Users\WINDOWS 10\.m2\repository\com\vladsch\flexmark\flexmark-util-collection\0.62.2\flexmark-util-collection-0.62.2.jar;C:\Users\WINDOWS 10\.m2\repository\com\vladsch\flexmark\flexmark-util-data\0.62.2\flexmark-util-data-0.62.2.jar;C:\Users\WINDOWS 10\.m2\repository\com\vladsch\flexmark\flexmark-util-dependency\0.62.2\flexmark-util-dependency-0.62.2.jar;C:\Users\WINDOWS 10\.m2\repository\com\vladsch\flexmark\flexmark-util-format\0.62.2\flexmark-util-format-0.62.2.jar;C:\Users\WINDOWS 10\.m2\repository\com\vladsch\flexmark\flexmark-util-html\0.62.2\flexmark-util-html-0.62.2.jar;C:\Users\WINDOWS 10\.m2\repository\com\vladsch\flexmark\flexmark-util-misc\0.62.2\flexmark-util-misc-0.62.2.jar;C:\Users\WINDOWS 10\.m2\repository\com\vladsch\flexmark\flexmark-util-options\0.62.2\flexmark-util-options-0.62.2.jar;C:\Users\WINDOWS 10\.m2\repository\com\vladsch\flexmark\flexmark-util-sequence\0.62.2\flexmark-util-sequence-0.62.2.jar;C:\Users\WINDOWS 10\.m2\repository\com\vladsch\flexmark\flexmark-util-visitor\0.62.2\flexmark-util-visitor-0.62.2.jar;C:\Users\WINDOWS 10\.m2\repository\com\vladsch\flexmark\flexmark-youtrack-converter\0.62.2\flexmark-youtrack-converter-0.62.2.jar;C:\Users\WINDOWS 10\.m2\repository\com\ibm\icu\icu4j\72.1\icu4j-72.1.jar;C:\Users\WINDOWS 10\.m2\repository\es\nitaur\markdown\txtmark\0.16\txtmark-0.16.jar;C:\Users\WINDOWS 10\.m2\repository\net\serenity-bdd\serenity-report-resources\3.6.21\serenity-report-resources-3.6.21.jar;C:\Users\WINDOWS 10\.m2\repository\com\google\code\gson\gson\2.10.1\gson-2.10.1.jar;C:\Users\WINDOWS 10\.m2\repository\com\fasterxml\jackson\core\jackson-core\2.15.0-rc1\jackson-core-2.15.0-rc1.jar;C:\Users\WINDOWS 10\.m2\repository\com\fasterxml\jackson\core\jackson-databind\2.15.0-rc1\jackson-databind-2.15.0-rc1.jar;C:\Users\WINDOWS 10\.m2\repository\com\fasterxml\jackson\core\jackson-annotations\2.15.0-rc1\jackson-annotations-2.15.0-rc1.jar;C:\Users\WINDOWS 10\.m2\repository\commons-codec\commons-codec\1.15\commons-codec-1.15.jar;C:\Users\WINDOWS 10\.m2\repository\commons-io\commons-io\2.11.0\commons-io-2.11.0.jar;C:\Users\WINDOWS 10\.m2\repository\org\seleniumhq\selenium\selenium-java\4.8.1\selenium-java-4.8.1.jar;C:\Users\WINDOWS 10\.m2\repository\org\seleniumhq\selenium\selenium-devtools-v108\4.8.1\selenium-devtools-v108-4.8.1.jar;C:\Users\WINDOWS 10\.m2\repository\org\seleniumhq\selenium\selenium-devtools-v109\4.8.1\selenium-devtools-v109-4.8.1.jar;C:\Users\WINDOWS 10\.m2\repository\org\seleniumhq\selenium\selenium-devtools-v110\4.8.1\selenium-devtools-v110-4.8.1.jar;C:\Users\WINDOWS 10\.m2\repository\org\seleniumhq\selenium\selenium-devtools-v85\4.8.1\selenium-devtools-v85-4.8.1.jar;C:\Users\WINDOWS 10\.m2\repository\org\seleniumhq\selenium\selenium-remote-driver\4.8.1\selenium-remote-driver-4.8.1.jar;C:\Users\WINDOWS 10\.m2\repository\com\beust\jcommander\1.82\jcommander-1.82.jar;C:\Users\WINDOWS 10\.m2\repository\io\netty\netty-buffer\4.1.87.Final\netty-buffer-4.1.87.Final.jar;C:\Users\WINDOWS 10\.m2\repository\io\netty\netty-codec-http\4.1.87.Final\netty-codec-http-4.1.87.Final.jar;C:\Users\WINDOWS 10\.m2\repository\io\netty\netty-codec\4.1.87.Final\netty-codec-4.1.87.Final.jar;C:\Users\WINDOWS 10\.m2\repository\io\netty\netty-handler\4.1.87.Final\netty-handler-4.1.87.Final.jar;C:\Users\WINDOWS 10\.m2\repository\io\netty\netty-common\4.1.87.Final\netty-common-4.1.87.Final.jar;C:\Users\WINDOWS 10\.m2\repository\io\netty\netty-transport-classes-epoll\4.1.87.Final\netty-transport-classes-epoll-4.1.87.Final.jar;C:\Users\WINDOWS 10\.m2\repository\io\netty\netty-transport-classes-kqueue\4.1.87.Final\netty-transport-classes-kqueue-4.1.87.Final.jar;C:\Users\WINDOWS 10\.m2\repository\io\netty\netty-transport-native-epoll\4.1.87.Final\netty-transport-native-epoll-4.1.87.Final.jar;C:\Users\WINDOWS 10\.m2\repository\io\netty\netty-transport-native-kqueue\4.1.87.Final\netty-transport-native-kqueue-4.1.87.Final.jar;C:\Users\WINDOWS 10\.m2\repository\io\netty\netty-transport-native-unix-common\4.1.87.Final\netty-transport-native-unix-common-4.1.87.Final.jar;C:\Users\WINDOWS 10\.m2\repository\io\netty\netty-transport\4.1.87.Final\netty-transport-4.1.87.Final.jar;C:\Users\WINDOWS 10\.m2\repository\io\netty\netty-resolver\4.1.87.Final\netty-resolver-4.1.87.Final.jar;C:\Users\WINDOWS 10\.m2\repository\io\opentelemetry\opentelemetry-api\1.22.0\opentelemetry-api-1.22.0.jar;C:\Users\WINDOWS 10\.m2\repository\io\opentelemetry\opentelemetry-context\1.22.0\opentelemetry-context-1.22.0.jar;C:\Users\WINDOWS 10\.m2\repository\io\opentelemetry\opentelemetry-exporter-logging\1.22.0\opentelemetry-exporter-logging-1.22.0.jar;C:\Users\WINDOWS 10\.m2\repository\io\opentelemetry\opentelemetry-sdk-metrics\1.22.0\opentelemetry-sdk-metrics-1.22.0.jar;C:\Users\WINDOWS 10\.m2\repository\io\opentelemetry\opentelemetry-sdk-logs\1.22.0-alpha\opentelemetry-sdk-logs-1.22.0-alpha.jar;C:\Users\WINDOWS 10\.m2\repository\io\opentelemetry\opentelemetry-api-logs\1.22.0-alpha\opentelemetry-api-logs-1.22.0-alpha.jar;C:\Users\WINDOWS 10\.m2\repository\io\opentelemetry\opentelemetry-sdk-common\1.22.0\opentelemetry-sdk-common-1.22.0.jar;C:\Users\WINDOWS 10\.m2\repository\io\opentelemetry\opentelemetry-sdk-extension-autoconfigure-spi\1.22.0\opentelemetry-sdk-extension-autoconfigure-spi-1.22.0.jar;C:\Users\WINDOWS 10\.m2\repository\io\opentelemetry\opentelemetry-sdk-extension-autoconfigure\1.22.0-alpha\opentelemetry-sdk-extension-autoconfigure-1.22.0-alpha.jar;C:\Users\WINDOWS 10\.m2\repository\io\opentelemetry\opentelemetry-sdk-trace\1.22.0\opentelemetry-sdk-trace-1.22.0.jar;C:\Users\WINDOWS 10\.m2\repository\io\opentelemetry\opentelemetry-sdk\1.22.0\opentelemetry-sdk-1.22.0.jar;C:\Users\WINDOWS 10\.m2\repository\io\opentelemetry\opentelemetry-semconv\1.22.0-alpha\opentelemetry-semconv-1.22.0-alpha.jar;C:\Users\WINDOWS 10\.m2\repository\io\ous\jtoml\2.0.0\jtoml-2.0.0.jar;C:\Users\WINDOWS 10\.m2\repository\org\apache\commons\commons-exec\1.3\commons-exec-1.3.jar;C:\Users\WINDOWS 10\.m2\repository\org\asynchttpclient\async-http-client\2.12.3\async-http-client-2.12.3.jar;C:\Users\WINDOWS 10\.m2\repository\org\asynchttpclient\async-http-client-netty-utils\2.12.3\async-http-client-netty-utils-2.12.3.jar;C:\Users\WINDOWS 10\.m2\repository\io\netty\netty-codec-socks\4.1.60.Final\netty-codec-socks-4.1.60.Final.jar;C:\Users\WINDOWS 10\.m2\repository\io\netty\netty-handler-proxy\4.1.60.Final\netty-handler-proxy-4.1.60.Final.jar;C:\Users\WINDOWS 10\.m2\repository\io\netty\netty-transport-native-epoll\4.1.60.Final\netty-transport-native-epoll-4.1.60.Final-linux-x86_64.jar;C:\Users\WINDOWS 10\.m2\repository\io\netty\netty-transport-native-kqueue\4.1.60.Final\netty-transport-native-kqueue-4.1.60.Final-osx-x86_64.jar;C:\Users\WINDOWS 10\.m2\repository\org\reactivestreams\reactive-streams\1.0.3\reactive-streams-1.0.3.jar;C:\Users\WINDOWS 10\.m2\repository\com\typesafe\netty\netty-reactive-streams\2.0.4\netty-reactive-streams-2.0.4.jar;C:\Users\WINDOWS 10\.m2\repository\org\seleniumhq\selenium\selenium-manager\4.8.1\selenium-manager-4.8.1.jar;C:\Users\WINDOWS 10\.m2\repository\org\seleniumhq\selenium\selenium-safari-driver\4.8.1\selenium-safari-driver-4.8.1.jar;C:\Users\WINDOWS 10\.m2\repository\org\seleniumhq\selenium\selenium-api\4.8.1\selenium-api-4.8.1.jar;C:\Users\WINDOWS 10\.m2\repository\org\seleniumhq\selenium\selenium-support\4.8.1\selenium-support-4.8.1.jar;C:\Users\WINDOWS 10\.m2\repository\com\google\auto\service\auto-service-annotations\1.0.1\auto-service-annotations-1.0.1.jar;C:\Users\WINDOWS 10\.m2\repository\com\google\auto\service\auto-service\1.0.1\auto-service-1.0.1.jar;C:\Users\WINDOWS 10\.m2\repository\com\google\auto\auto-common\1.2\auto-common-1.2.jar;C:\Users\WINDOWS 10\.m2\repository\org\seleniumhq\selenium\selenium-json\4.8.1\selenium-json-4.8.1.jar;C:\Users\WINDOWS 10\.m2\repository\org\seleniumhq\selenium\selenium-chrome-driver\4.8.1\selenium-chrome-driver-4.8.1.jar;C:\Users\WINDOWS 10\.m2\repository\org\seleniumhq\selenium\selenium-chromium-driver\4.8.1\selenium-chromium-driver-4.8.1.jar;C:\Users\WINDOWS 10\.m2\repository\org\seleniumhq\selenium\selenium-firefox-driver\4.8.1\selenium-firefox-driver-4.8.1.jar;C:\Users\WINDOWS 10\.m2\repository\org\seleniumhq\selenium\selenium-http\4.8.1\selenium-http-4.8.1.jar;C:\Users\WINDOWS 10\.m2\repository\dev\failsafe\failsafe\3.3.0\failsafe-3.3.0.jar;C:\Users\WINDOWS 10\.m2\repository\org\seleniumhq\selenium\selenium-edge-driver\4.8.1\selenium-edge-driver-4.8.1.jar;C:\Users\WINDOWS 10\.m2\repository\org\seleniumhq\selenium\selenium-ie-driver\4.8.1\selenium-ie-driver-4.8.1.jar;C:\Users\WINDOWS 10\.m2\repository\org\projectlombok\lombok\1.18.20\lombok-1.18.20.jar;C:\Users\WINDOWS 10\.m2\repository\io\appium\java-client\8.3.0\java-client-8.3.0.jar;C:\Users\WINDOWS 10\.m2\repository\commons-validator\commons-validator\1.7\commons-validator-1.7.jar;C:\Users\WINDOWS 10\.m2\repository\commons-digester\commons-digester\2.1\commons-digester-2.1.jar;C:\Users\WINDOWS 10\.m2\repository\net\sf\opencsv\opencsv\2.0\opencsv-2.0.jar;C:\Users\WINDOWS 10\.m2\repository\commons-beanutils\commons-beanutils\1.9.4\commons-beanutils-1.9.4.jar;C:\Users\WINDOWS 10\.m2\repository\org\apache\commons\commons-lang3\3.12.0\commons-lang3-3.12.0.jar;C:\Users\WINDOWS 10\.m2\repository\commons-collections\commons-collections\3.2.2\commons-collections-3.2.2.jar;C:\Users\WINDOWS 10\.m2\repository\org\fluentlenium\fluentlenium-core\0.10.2\fluentlenium-core-0.10.2.jar;C:\Users\WINDOWS 10\.m2\repository\io\github\bonigarcia\webdrivermanager\5.3.0\webdrivermanager-5.3.0.jar;C:\Users\WINDOWS 10\.m2\repository\com\github\docker-java\docker-java\3.2.13\docker-java-3.2.13.jar;C:\Users\WINDOWS 10\.m2\repository\com\github\docker-java\docker-java-core\3.2.13\docker-java-core-3.2.13.jar;C:\Users\WINDOWS 10\.m2\repository\com\github\docker-java\docker-java-api\3.2.13\docker-java-api-3.2.13.jar;C:\Users\WINDOWS 10\.m2\repository\org\apache\commons\commons-compress\1.21\commons-compress-1.21.jar;C:\Users\WINDOWS 10\.m2\repository\org\bouncycastle\bcpkix-jdk15on\1.64\bcpkix-jdk15on-1.64.jar;C:\Users\WINDOWS 10\.m2\repository\org\bouncycastle\bcprov-jdk15on\1.64\bcprov-jdk15on-1.64.jar;C:\Users\WINDOWS 10\.m2\repository\org\slf4j\jcl-over-slf4j\1.7.30\jcl-over-slf4j-1.7.30.jar;C:\Users\WINDOWS 10\.m2\repository\com\github\docker-java\docker-java-transport-httpclient5\3.2.13\docker-java-transport-httpclient5-3.2.13.jar;C:\Users\WINDOWS 10\.m2\repository\com\github\docker-java\docker-java-transport\3.2.13\docker-java-transport-3.2.13.jar;C:\Users\WINDOWS 10\.m2\repository\net\java\dev\jna\jna\5.8.0\jna-5.8.0.jar;C:\Users\WINDOWS 10\.m2\repository\org\brotli\dec\0.1.2\dec-0.1.2.jar;C:\Users\WINDOWS 10\.m2\repository\org\apache\httpcomponents\client5\httpclient5\5.1.3\httpclient5-5.1.3.jar;C:\Users\WINDOWS 10\.m2\repository\org\apache\httpcomponents\core5\httpcore5\5.1.3\httpcore5-5.1.3.jar;C:\Users\WINDOWS 10\.m2\repository\org\apache\httpcomponents\core5\httpcore5-h2\5.1.3\httpcore5-h2-5.1.3.jar;C:\Users\WINDOWS 10\.m2\repository\com\jhlabs\filters\2.0.235\filters-2.0.235.jar;C:\Users\WINDOWS 10\.m2\repository\com\paulhammant\ngwebdriver\1.1.6\ngwebdriver-1.1.6.jar;C:\Users\WINDOWS 10\.m2\repository\joda-time\joda-time\2.12.2\joda-time-2.12.2.jar;C:\Users\WINDOWS 10\.m2\repository\org\hamcrest\hamcrest\2.2\hamcrest-2.2.jar;C:\Users\WINDOWS 10\.m2\repository\com\google\jimfs\jimfs\1.2\jimfs-1.2.jar;C:\Users\WINDOWS 10\.m2\repository\org\mockito\mockito-core\3.3.3\mockito-core-3.3.3.jar;C:\Users\WINDOWS 10\.m2\repository\javax\xml\bind\jaxb-api\2.3.1\jaxb-api-2.3.1.jar;C:\Users\WINDOWS 10\.m2\repository\javax\activation\javax.activation-api\1.2.0\javax.activation-api-1.2.0.jar;C:\Users\WINDOWS 10\.m2\repository\com\sun\xml\bind\jaxb-core\2.3.0.1\jaxb-core-2.3.0.1.jar;C:\Users\WINDOWS 10\.m2\repository\com\sun\xml\bind\jaxb-impl\2.3.3\jaxb-impl-2.3.3.jar;C:\Users\WINDOWS 10\.m2\repository\jakarta\xml\bind\jakarta.xml.bind-api\2.3.3\jakarta.xml.bind-api-2.3.3.jar;C:\Users\WINDOWS 10\.m2\repository\com\sun\activation\jakarta.activation\1.2.2\jakarta.activation-1.2.2.jar;C:\Users\WINDOWS 10\.m2\repository\javax\activation\activation\1.1.1\activation-1.1.1.jar;C:\Users\WINDOWS 10\.m2\repository\net\serenity-bdd\serenity-cucumber\3.6.21\serenity-cucumber-3.6.21.jar;C:\Users\WINDOWS 10\.m2\repository\io\cucumber\cucumber-core\7.11.0\cucumber-core-7.11.0.jar;C:\Users\WINDOWS 10\.m2\repository\io\cucumber\cucumber-gherkin\7.11.0\cucumber-gherkin-7.11.0.jar;C:\Users\WINDOWS 10\.m2\repository\io\cucumber\cucumber-gherkin-messages\7.11.0\cucumber-gherkin-messages-7.11.0.jar;C:\Users\WINDOWS 10\.m2\repository\io\cucumber\gherkin\26.0.3\gherkin-26.0.3.jar;C:\Users\WINDOWS 10\.m2\repository\io\cucumber\messages\21.0.1\messages-21.0.1.jar;C:\Users\WINDOWS 10\.m2\repository\io\cucumber\tag-expressions\5.0.1\tag-expressions-5.0.1.jar;C:\Users\WINDOWS 10\.m2\repository\io\cucumber\cucumber-expressions\16.1.1\cucumber-expressions-16.1.1.jar;C:\Users\WINDOWS 10\.m2\repository\io\cucumber\datatable\7.11.0\datatable-7.11.0.jar;C:\Users\WINDOWS 10\.m2\repository\io\cucumber\cucumber-plugin\7.11.0\cucumber-plugin-7.11.0.jar;C:\Users\WINDOWS 10\.m2\repository\io\cucumber\docstring\7.11.0\docstring-7.11.0.jar;C:\Users\WINDOWS 10\.m2\repository\io\cucumber\html-formatter\20.2.1\html-formatter-20.2.1.jar;C:\Users\WINDOWS 10\.m2\repository\io\cucumber\junit-xml-formatter\0.1.0\junit-xml-formatter-0.1.0.jar;C:\Users\WINDOWS 10\.m2\repository\io\cucumber\ci-environment\9.1.0\ci-environment-9.1.0.jar;C:\Users\WINDOWS 10\.m2\repository\io\cucumber\cucumber-java\7.11.0\cucumber-java-7.11.0.jar;C:\Users\WINDOWS 10\.m2\repository\io\cucumber\cucumber-junit\7.11.0\cucumber-junit-7.11.0.jar;C:\Users\WINDOWS 10\.m2\repository\org\apache\commons\commons-csv\1.5\commons-csv-1.5.jar;C:\Users\WINDOWS 10\.m2\repository\net\serenity-bdd\serenity-screenplay\3.6.21\serenity-screenplay-3.6.21.jar;C:\Users\WINDOWS 10\.m2\repository\net\serenity-bdd\serenity-screenplay-webdriver\3.6.21\serenity-screenplay-webdriver-3.6.21.jar;C:\Users\WINDOWS 10\.m2\repository\net\serenity-bdd\serenity-ensure\3.6.21\serenity-ensure-3.6.21.jar;C:\Users\WINDOWS 10\.m2\repository\net\serenity-bdd\serenity-junit\3.6.21\serenity-junit-3.6.21.jar;C:\Users\WINDOWS 10\.m2\repository\org\jetbrains\kotlin\kotlin-stdlib\1.8.10\kotlin-stdlib-1.8.10.jar;C:\Users\WINDOWS 10\.m2\repository\org\jetbrains\kotlin\kotlin-stdlib-common\1.8.10\kotlin-stdlib-common-1.8.10.jar;C:\Users\WINDOWS 10\.m2\repository\org\jetbrains\annotations\13.0\annotations-13.0.jar;C:\Users\WINDOWS 10\.m2\repository\org\junit\platform\junit-platform-launcher\1.8.2\junit-platform-launcher-1.8.2.jar;C:\Users\WINDOWS 10\.m2\repository\org\junit\platform\junit-platform-engine\1.8.2\junit-platform-engine-1.8.2.jar;C:\Users\WINDOWS 10\.m2\repository\org\junit\platform\junit-platform-commons\1.8.2\junit-platform-commons-1.8.2.jar;C:\Users\WINDOWS 10\.m2\repository\org\apiguardian\apiguardian-api\1.1.2\apiguardian-api-1.1.2.jar;C:\Users\WINDOWS 10\.m2\repository\org\junit\jupiter\junit-jupiter-engine\5.8.2\junit-jupiter-engine-5.8.2.jar;C:\Users\WINDOWS 10\.m2\repository\org\junit\jupiter\junit-jupiter-api\5.8.2\junit-jupiter-api-5.8.2.jar;C:\Users\WINDOWS 10\.m2\repository\org\junit\vintage\junit-vintage-engine\5.8.2\junit-vintage-engine-5.8.2.jar;C:\Users\WINDOWS 10\.m2\repository\junit\junit\4.13.2\junit-4.13.2.jar;C:\Users\WINDOWS 10\.m2\repository\org\hamcrest\hamcrest-core\1.3\hamcrest-core-1.3.jar;C:\Users\WINDOWS 10\.m2\repository\ch\qos\logback\logback-classic\1.2.10\logback-classic-1.2.10.jar;C:\Users\WINDOWS 10\.m2\repository\ch\qos\logback\logback-core\1.2.10\logback-core-1.2.10.jar;C:\Users\WINDOWS 10\.m2\repository\org\slf4j\slf4j-api\1.7.32\slf4j-api-1.7.32.jar;C:\Users\WINDOWS 10\.m2\repository\org\assertj\assertj-core\3.23.1\assertj-core-3.23.1.jar;C:\Users\WINDOWS 10\.m2\repository\net\bytebuddy\byte-buddy\1.12.10\byte-buddy-1.12.10.jar;C:\Users\WINDOWS 10\.m2\repository\com\googlecode\json-simple\json-simple\1.1.1\json-simple-1.1.1.jar;C:\Users\WINDOWS 10\.m2\repository\org\apache\maven\surefire\surefire-junit-platform\3.0.0-M5\surefire-junit-platform-3.0.0-M5.jar;C:\Users\WINDOWS 10\.m2\repository\org\apache\maven\surefire\common-java5\3.0.0-M5\common-java5-3.0.0-M5.jar"/>
    <property name="user.script" value=""/>
    <property name="sun.management.compiler" value="HotSpot 64-Bit Tiered Compilers"/>
    <property name="java.runtime.version" value="15+36-1562"/>
    <property name="user.name" value="WINDOWS 10"/>
    <property name="path.separator" value=";"/>
    <property name="os.version" value="10.0"/>
    <property name="java.runtime.name" value="Java(TM) SE Runtime Environment"/>
    <property name="file.encoding" value="Cp1252"/>
    <property name="webdriver.base.url" value=""/>
    <property name="java.vm.name" value="Java HotSpot(TM) 64-Bit Server VM"/>
    <property name="localRepository" value="C:\Users\WINDOWS 10\.m2\repository"/>
    <property name="java.vendor.url.bug" value="https://bugreport.java.com/bugreport/"/>
    <property name="java.io.tmpdir" value="C:\Users\WINDOW~1\AppData\Local\Temp\"/>
    <property name="java.version" value="15"/>
    <property name="user.dir" value="C:\Users\WINDOWS 10\Documents\GitHub\QE_Andira_Ms\10_RESTful_API_Testing_with_REST_Assured\Praktikum\RESTful_API_Testing\alta"/>
    <property name="os.arch" value="amd64"/>
    <property name="java.vm.specification.name" value="Java Virtual Machine Specification"/>
    <property name="sun.os.patch.level" value=""/>
    <property name="java.library.path" value="C:\Program Files\Java\jdk-15\bin;C:\WINDOWS\Sun\Java\bin;C:\WINDOWS\system32;C:\WINDOWS;C:\Program Files\Common Files\Oracle\Java\javapath;C:\Program Files (x86)\Common Files\Oracle\Java\javapath;C:\WINDOWS\system32;C:\WINDOWS;C:\WINDOWS\System32\Wbem;C:\WINDOWS\System32\WindowsPowerShell\v1.0\;C:\WINDOWS\System32\OpenSSH\;F:\PerCoolyeahan\Instalasi\XAMPP\php;C:\Program Files\Git\cmd;C:\ProgramData\ComposerSetup\bin;C:\Program Files\nodejs\;C:\PROGRA~1\IBM\SQLLIB~1\BIN;C:\PROGRA~1\IBM\SQLLIB~1\FUNCTION;C:\PROGRA~1\IBM\SQLLIB~1\SAMPLES\REPL;C:\Program Files\Cloudflare\Cloudflare WARP\;C:\Program Files\apache-maven-3.9.1\bin;C:\Users\WINDOWS 10\AppData\Local\Android\Sdk\tools;C:\Users\WINDOWS 10\AppData\Local\Android\Sdk\tools\bin;C:\Users\WINDOWS 10\AppData\Local\Android\Sdk\platform\tools;C:\Program Files\Gradle\gradle-8.1\bin;C:\Program Files\MySQL\MySQL Shell 8.0\bin\;C:\Users\WINDOWS 10\AppData\Local\Microsoft\WindowsApps;C:\Users\WINDOWS 10\AppData\Local\Programs\Microsoft VS Code\bin;C:\Users\WINDOWS 10\AppData\Roaming\Composer\vendor\bin;C:\Users\WINDOWS 10\AppData\Roaming\npm;C:\Users\WINDOWS 10\AppData\Local\GitHubDesktop\bin;C:\Users\WINDOWS 10\AppData\Local\spicetify;C:\Users\WINDOWS 10\AppData\Local\Android\Sdk\tools;C:\Users\WINDOWS 10\AppData\Local\Android\Sdk\tools\bin;C:\Users\WINDOWS 10\AppData\Local\Android\Sdk\platform-tools;C:\Program Files\Gradle\gradle-8.1\bin;;."/>
    <property name="java.vm.info" value="mixed mode"/>
    <property name="java.vendor" value="Oracle Corporation"/>
    <property name="java.vm.version" value="15+36-1562"/>
    <property name="sun.io.unicode.encoding" value="UnicodeLittle"/>
    <property name="java.class.version" value="59.0"/>
  </properties>
  <testcase name="GET - As an admin I have be able to see posts number 1" classname="Posts" time="14.921">
    <system-out><![CDATA[16:22:29.492 [main] DEBUG net.thucydides.core.guice.Injectors - Created injector for module net.thucydides.core.guice.ThucydidesModule
16:22:29.763 [main] DEBUG io.cucumber.core.plugin.SerenityReporter - Running feature from file:///C:/Users/WINDOWS%2010/Documents/GitHub/QE_Andira_Ms/10_RESTful_API_Testing_with_REST_Assured/Praktikum/RESTful_API_Testing/alta/src/test/resources/features/Posts.feature
16:22:29.930 [main] DEBUG net.thucydides.core.guice.Injectors - Created injector for module net.thucydides.core.guice.webdriver.WebDriverModule
16:22:29.946 [main] INFO  - 

-------------------------------------------------------------------------------------
     _______. _______ .______       _______ .__   __.  __  .___________.____    ____ 
    /       ||   ____||   _  \     |   ____||  \ |  | |  | |           |\   \  /   / 
   |   (----`|  |__   |  |_)  |    |  |__   |   \|  | |  | `---|  |----` \   \/   /  
    \   \    |   __|  |      /     |   __|  |  . `  | |  |     |  |       \_    _/   
.----)   |   |  |____ |  |\  \----.|  |____ |  |\   | |  |     |  |         |  |     
|_______/    |_______|| _| `._____||_______||__| \__| |__|     |__|         |__|    
                                                                                     
 News and tutorials at http://www.serenity-bdd.info                                  
 Documentation at https://wakaleo.gitbooks.io/the-serenity-book/content/             
 Join the Serenity Community on Gitter: https://gitter.im/serenity-bdd/serenity-core 
 Serenity BDD Support and Training at http://serenity-bdd.info/#/trainingandsupport  
-------------------------------------------------------------------------------------

16:22:29.949 [main] DEBUG net.thucydides.core.steps.StepEventBus - Test suite started for story net.thucydides.core.model.Story@4343b248
16:22:29.954 [main] INFO  - Test Suite Started: Posts
16:22:29.964 [main] DEBUG io.cucumber.core.plugin.SerenityReporter - Running feature from file:///C:/Users/WINDOWS%2010/Documents/GitHub/QE_Andira_Ms/10_RESTful_API_Testing_with_REST_Assured/Praktikum/RESTful_API_Testing/alta/src/test/resources/features/Posts.feature
16:22:29.967 [main] DEBUG net.thucydides.core.steps.StepEventBus - Test suite started for story net.thucydides.core.model.Story@4343b248
16:22:29.968 [main] INFO  - Test Suite Started: Posts

Scenario: GET - As an admin I have be able to see posts number 1 &amp#27;[90m# src/test/resources/features/Posts.feature:7&amp#27;[0m
16:22:30.088 [main] DEBUG io.cucumber.core.plugin.SerenityReporter - Running feature from file:///C:/Users/WINDOWS%2010/Documents/GitHub/QE_Andira_Ms/10_RESTful_API_Testing_with_REST_Assured/Praktikum/RESTful_API_Testing/alta/src/test/resources/features/Posts.feature
16:22:30.196 [main] INFO  - 
  _____   ___   ___   _____     ___   _____     _     ___   _____   ___   ___  
 |_   _| | __| / __| |_   _|   / __| |_   _|   /_\   | _ \ |_   _| | __| |   \ 
   | |   | _|  \__ \   | |     \__ \   | |    / _ \  |   /   | |   | _|  | |) |
   |_|   |___| |___/   |_|     |___/   |_|   /_/ \_\ |_|_\   |_|   |___| |___/ 

GET - As an admin I have be able to see posts number 1(posts;get---as-an-admin-i-have-be-able-to-see-posts-number-1)
--------------------------------------------------------------------------------
16:22:30.254 [main] DEBUG net.thucydides.core.requirements.model.cucumber.CucumberParser - Loading feature C:\Users\WINDOWS 10\Documents\GitHub\QE_Andira_Ms\10_RESTful_API_Testing_with_REST_Assured\Praktikum\RESTful_API_Testing\alta\src\test\resources\features\Posts.feature
16:22:30.766 [main] DEBUG net.thucydides.core.steps.StepInterceptor - STARTING STEP: PostsSteps.setGetApiEndpoints - I set GET api endpoints
16:22:30.768 [main] DEBUG net.thucydides.core.steps.StepInterceptor - STEP DONE: I set GET api endpoints
  &amp#27;[32mGiven &amp#27;[0m&amp#27;[32mI set GET api endpoints&amp#27;[0m                                  &amp#27;[90m# starter.stepdefinitions.PostsSteps.setGetApiEndpoints()&amp#27;[0m
16:22:30.779 [main] DEBUG net.thucydides.core.steps.StepInterceptor - STARTING STEP: PostsSteps.setGetHttpRequest - I send GET HTTP request
16:22:32.234 [main] DEBUG net.thucydides.core.steps.StepInterceptor - STARTING STEP: Get.setGetHttpRequest - I set GET api endpoints
16:22:32.234 [main] DEBUG net.thucydides.core.steps.StepInterceptor - STEP DONE: I set GET api endpoints
16:22:32.807 [main] DEBUG org.apache.http.impl.conn.BasicClientConnectionManager - Get connection for route {s}->https://jsonplaceholder.typicode.com:443
16:22:43.884 [main] DEBUG org.apache.http.impl.conn.DefaultClientConnectionOperator - Connecting to jsonplaceholder.typicode.com:443
16:22:44.089 [main] DEBUG org.apache.http.client.protocol.RequestAddCookies - CookieSpec selected: ignoreCookies
16:22:44.090 [main] DEBUG org.apache.http.client.protocol.RequestAuthCache - Auth cache not set in the context
16:22:44.090 [main] DEBUG org.apache.http.client.protocol.RequestTargetAuthentication - Target auth state: UNCHALLENGED
16:22:44.090 [main] DEBUG org.apache.http.client.protocol.RequestProxyAuthentication - Proxy auth state: UNCHALLENGED
16:22:44.090 [main] DEBUG org.apache.http.impl.client.DefaultHttpClient - Attempt 1 to execute request
16:22:44.091 [main] DEBUG org.apache.http.impl.conn.DefaultClientConnection - Sending request: GET /posts/1 HTTP/1.1
16:22:44.091 [main] DEBUG org.apache.http.wire -  >> "GET /posts/1 HTTP/1.1[\r][\n]"
16:22:44.091 [main] DEBUG org.apache.http.wire -  >> "Accept: */*[\r][\n]"
16:22:44.092 [main] DEBUG org.apache.http.wire -  >> "Host: jsonplaceholder.typicode.com[\r][\n]"
16:22:44.092 [main] DEBUG org.apache.http.wire -  >> "Connection: Keep-Alive[\r][\n]"
16:22:44.092 [main] DEBUG org.apache.http.wire -  >> "User-Agent: Apache-HttpClient/4.5.13 (Java/15)[\r][\n]"
16:22:44.092 [main] DEBUG org.apache.http.wire -  >> "Accept-Encoding: gzip,deflate[\r][\n]"
16:22:44.092 [main] DEBUG org.apache.http.wire -  >> "[\r][\n]"
16:22:44.092 [main] DEBUG org.apache.http.headers - >> GET /posts/1 HTTP/1.1
16:22:44.092 [main] DEBUG org.apache.http.headers - >> Accept: */*
16:22:44.092 [main] DEBUG org.apache.http.headers - >> Host: jsonplaceholder.typicode.com
16:22:44.092 [main] DEBUG org.apache.http.headers - >> Connection: Keep-Alive
16:22:44.092 [main] DEBUG org.apache.http.headers - >> User-Agent: Apache-HttpClient/4.5.13 (Java/15)
16:22:44.092 [main] DEBUG org.apache.http.headers - >> Accept-Encoding: gzip,deflate
16:22:44.135 [main] DEBUG org.apache.http.wire -  << "HTTP/1.1 200 OK[\r][\n]"
16:22:44.136 [main] DEBUG org.apache.http.wire -  << "Date: Tue, 02 May 2023 09:22:44 GMT[\r][\n]"
16:22:44.137 [main] DEBUG org.apache.http.wire -  << "Content-Type: application/json; charset=utf-8[\r][\n]"
16:22:44.137 [main] DEBUG org.apache.http.wire -  << "Transfer-Encoding: chunked[\r][\n]"
16:22:44.137 [main] DEBUG org.apache.http.wire -  << "Connection: keep-alive[\r][\n]"
16:22:44.137 [main] DEBUG org.apache.http.wire -  << "X-Powered-By: Express[\r][\n]"
16:22:44.137 [main] DEBUG org.apache.http.wire -  << "X-Ratelimit-Limit: 1000[\r][\n]"
16:22:44.137 [main] DEBUG org.apache.http.wire -  << "X-Ratelimit-Remaining: 999[\r][\n]"
16:22:44.137 [main] DEBUG org.apache.http.wire -  << "X-Ratelimit-Reset: 1664338334[\r][\n]"
16:22:44.137 [main] DEBUG org.apache.http.wire -  << "Vary: Origin, Accept-Encoding[\r][\n]"
16:22:44.137 [main] DEBUG org.apache.http.wire -  << "Access-Control-Allow-Credentials: true[\r][\n]"
16:22:44.137 [main] DEBUG org.apache.http.wire -  << "Cache-Control: max-age=43200[\r][\n]"
16:22:44.137 [main] DEBUG org.apache.http.wire -  << "Pragma: no-cache[\r][\n]"
16:22:44.137 [main] DEBUG org.apache.http.wire -  << "Expires: -1[\r][\n]"
16:22:44.137 [main] DEBUG org.apache.http.wire -  << "X-Content-Type-Options: nosniff[\r][\n]"
16:22:44.137 [main] DEBUG org.apache.http.wire -  << "Etag: W/"124-yiKdLzqO5gfBrJFrcdJ8Yq0LGnU"[\r][\n]"
16:22:44.137 [main] DEBUG org.apache.http.wire -  << "Via: 1.1 vegur[\r][\n]"
16:22:44.137 [main] DEBUG org.apache.http.wire -  << "CF-Cache-Status: HIT[\r][\n]"
16:22:44.137 [main] DEBUG org.apache.http.wire -  << "Age: 4448[\r][\n]"
16:22:44.137 [main] DEBUG org.apache.http.wire -  << "Report-To: {"endpoints":[{"url":"https:\/\/a.nel.cloudflare.com\/report\/v3?s=bGD5DMEzIUA2TpO0bXqSuR7tOrto8oOMzLqaJh%2BWXAe7y54yjoTIdbJZklUTclai8IY5swUklNZw%2Bjm1gPEcYvKgViqp%2BUobU7icxJhm4SE8e9FIz8aqv4jVaonoe4Oy3BPZeLhpiZVWpTlHOnrD"}],"group":"cf-nel","max_age":604800}[\r][\n]"
16:22:44.137 [main] DEBUG org.apache.http.wire -  << "NEL: {"success_fraction":0,"report_to":"cf-nel","max_age":604800}[\r][\n]"
16:22:44.137 [main] DEBUG org.apache.http.wire -  << "Server: cloudflare[\r][\n]"
16:22:44.137 [main] DEBUG org.apache.http.wire -  << "CF-RAY: 7c0f33927b824a41-SIN[\r][\n]"
16:22:44.137 [main] DEBUG org.apache.http.wire -  << "Content-Encoding: gzip[\r][\n]"
16:22:44.138 [main] DEBUG org.apache.http.wire -  << "alt-svc: h3=":443"; ma=86400, h3-29=":443"; ma=86400[\r][\n]"
16:22:44.138 [main] DEBUG org.apache.http.wire -  << "[\r][\n]"
16:22:44.138 [main] DEBUG org.apache.http.impl.conn.DefaultClientConnection - Receiving response: HTTP/1.1 200 OK
16:22:44.138 [main] DEBUG org.apache.http.headers - << HTTP/1.1 200 OK
16:22:44.138 [main] DEBUG org.apache.http.headers - << Date: Tue, 02 May 2023 09:22:44 GMT
16:22:44.138 [main] DEBUG org.apache.http.headers - << Content-Type: application/json; charset=utf-8
16:22:44.138 [main] DEBUG org.apache.http.headers - << Transfer-Encoding: chunked
16:22:44.138 [main] DEBUG org.apache.http.headers - << Connection: keep-alive
16:22:44.138 [main] DEBUG org.apache.http.headers - << X-Powered-By: Express
16:22:44.138 [main] DEBUG org.apache.http.headers - << X-Ratelimit-Limit: 1000
16:22:44.138 [main] DEBUG org.apache.http.headers - << X-Ratelimit-Remaining: 999
16:22:44.138 [main] DEBUG org.apache.http.headers - << X-Ratelimit-Reset: 1664338334
16:22:44.138 [main] DEBUG org.apache.http.headers - << Vary: Origin, Accept-Encoding
16:22:44.138 [main] DEBUG org.apache.http.headers - << Access-Control-Allow-Credentials: true
16:22:44.138 [main] DEBUG org.apache.http.headers - << Cache-Control: max-age=43200
16:22:44.138 [main] DEBUG org.apache.http.headers - << Pragma: no-cache
16:22:44.138 [main] DEBUG org.apache.http.headers - << Expires: -1
16:22:44.138 [main] DEBUG org.apache.http.headers - << X-Content-Type-Options: nosniff
16:22:44.138 [main] DEBUG org.apache.http.headers - << Etag: W/"124-yiKdLzqO5gfBrJFrcdJ8Yq0LGnU"
16:22:44.138 [main] DEBUG org.apache.http.headers - << Via: 1.1 vegur
16:22:44.138 [main] DEBUG org.apache.http.headers - << CF-Cache-Status: HIT
16:22:44.138 [main] DEBUG org.apache.http.headers - << Age: 4448
16:22:44.138 [main] DEBUG org.apache.http.headers - << Report-To: {"endpoints":[{"url":"https:\/\/a.nel.cloudflare.com\/report\/v3?s=bGD5DMEzIUA2TpO0bXqSuR7tOrto8oOMzLqaJh%2BWXAe7y54yjoTIdbJZklUTclai8IY5swUklNZw%2Bjm1gPEcYvKgViqp%2BUobU7icxJhm4SE8e9FIz8aqv4jVaonoe4Oy3BPZeLhpiZVWpTlHOnrD"}],"group":"cf-nel","max_age":604800}
16:22:44.138 [main] DEBUG org.apache.http.headers - << NEL: {"success_fraction":0,"report_to":"cf-nel","max_age":604800}
16:22:44.138 [main] DEBUG org.apache.http.headers - << Server: cloudflare
16:22:44.138 [main] DEBUG org.apache.http.headers - << CF-RAY: 7c0f33927b824a41-SIN
16:22:44.138 [main] DEBUG org.apache.http.headers - << Content-Encoding: gzip
16:22:44.138 [main] DEBUG org.apache.http.headers - << alt-svc: h3=":443"; ma=86400, h3-29=":443"; ma=86400
16:22:44.142 [main] DEBUG org.apache.http.impl.client.DefaultHttpClient - Connection can be kept alive indefinitely
16:22:44.145 [main] DEBUG io.restassured.internal.RestAssuredHttpBuilder - Parsing response as: application/json; charset=utf-8
16:22:44.145 [main] DEBUG org.apache.http.wire -  << "ca[\r][\n]"
16:22:44.146 [main] DEBUG org.apache.http.wire -  << "[0x1f][0x8b][0x8][0x0][0x0][0x0][0x0][0x0][0x0][0x3]U[0x8f]Kj[0x4]A[0xc]C[0xf7]s[\n]"
16:22:44.146 [main] DEBUG org.apache.http.wire -  << "Q[0xeb]l[0xb2][0x9d][0x1b][0xe4][0xe][0xbd]q\[\n]"
16:22:44.146 [main] DEBUG org.apache.http.wire -  << "c[0xe8][0xfa][0x8c][0xcb][0x1e]&[0x84][0xdc]=tC[0x8][0x1]#$[0x90][0x1f][0xe8][0xeb][0x2][0x94]\[0xf4][0xb7]Z[0xae]x}9[0xa2][0xfd][0xd9][0xb0][0xd8]Y[0xae](+{@2[0xf0]!J'[0x9c][0x93][0xfb].[0x81][0xe9][0xe3]a[0x95]=0T[0x85]*a[0xe0]S9#[0xdd]0f[0xd8]8[0xca][0xce][0x1b]{[0xa5][[0x94][0x13][0xfc]>[0xea][0xe7][0xc1][0xbd][0xa7][0x9][0x18]X[0xb9][0xd4][0xa6][0xc5][0xd6][0x1d][0x9c][0x9a]Kz[0x15]BG_[0xbc]g[0xf6]H[0x7][0x9f][0x93][0xd5][0xe2]|[0xd3]l[[0xff][0x87]G[0x1b];W[0x98][0x10][0x19][0xc7][0xdd]S[0x16]b[0x84][0xb4][0xad][0xf7][0xb1][0xc2][0xb3][0xc1]y([0xd7]9[0x89][\r][0xe7]:g[0x3][0x1f][0xec][0xc6][0x80][0xb8][0xde],[0xa8]1[0xca][0xe5][0xfb][0x7][0x15][0xc6][0x93][0xe8]$[0x1][0x0][0x0]"
16:22:44.146 [main] DEBUG org.apache.http.wire -  << "[\r][\n]"
16:22:44.146 [main] DEBUG org.apache.http.wire -  << "0[\r][\n]"
16:22:44.146 [main] DEBUG org.apache.http.wire -  << "[\r][\n]"
16:22:44.146 [main] DEBUG io.restassured.internal.RestAssuredHttpBuilder - Parsed data to instance of: class org.apache.http.conn.EofSensorInputStream
16:22:44.182 [main] DEBUG org.apache.http.impl.conn.BasicClientConnectionManager - Releasing connection org.apache.http.impl.conn.ManagedClientConnectionImpl@5a2035e1
16:22:44.182 [main] DEBUG org.apache.http.impl.conn.BasicClientConnectionManager - Connection can be kept alive indefinitely
16:22:44.203 [main] DEBUG net.thucydides.core.steps.StepInterceptor - STEP DONE: I send GET HTTP request
  &amp#27;[32mWhen &amp#27;[0m&amp#27;[32mI send GET HTTP request&amp#27;[0m                                   &amp#27;[90m# starter.stepdefinitions.PostsSteps.setGetHttpRequest()&amp#27;[0m
16:22:44.209 [main] DEBUG net.thucydides.core.steps.StepInterceptor - STARTING STEP: PostsSteps.receiveValidHttpResponse - I receive valid HTTP response code 200
16:22:44.230 [main] DEBUG net.thucydides.core.steps.StepInterceptor - STEP DONE: I receive valid HTTP response code 200
  &amp#27;[32mThen &amp#27;[0m&amp#27;[32mI receive valid HTTP response code 200&amp#27;[0m                    &amp#27;[90m# starter.stepdefinitions.PostsSteps.receiveValidHttpResponse()&amp#27;[0m
16:22:44.234 [main] DEBUG net.thucydides.core.steps.StepInterceptor - STARTING STEP: PostsSteps.receiveValidDataForDetailUser - I receive valid data for all of the posts
16:22:44.873 [main] DEBUG net.thucydides.core.steps.StepInterceptor - STEP DONE: I receive valid data for all of the posts
  &amp#27;[32mAnd &amp#27;[0m&amp#27;[32mI receive valid data for all of the posts&amp#27;[0m                  &amp#27;[90m# starter.stepdefinitions.PostsSteps.receiveValidDataForDetailUser()&amp#27;[0m
16:22:44.883 [main] INFO  - 
  _____   ___   ___   _____     ___     _     ___   ___   ___   ___  
 |_   _| | __| / __| |_   _|   | _ \   /_\   / __| / __| | __| |   \ 
   | |   | _|  \__ \   | |     |  _/  / _ \  \__ \ \__ \ | _|  | |) |
   |_|   |___| |___/   |_|     |_|   /_/ \_\ |___/ |___/ |___| |___/ 

GET - As an admin I have be able to see posts number 1
----------------------------------------------------------------------
]]></system-out>
  </testcase>
  <testcase name="GET - As an admin I shouldn&apos;t be able to see posts with invalid url" classname="Posts" time="0.806">
    <system-out><![CDATA[
Scenario: GET - As an admin I shouldn't be able to see posts with invalid url &amp#27;[90m# src/test/resources/features/Posts.feature:13&amp#27;[0m
16:22:44.908 [main] DEBUG io.cucumber.core.plugin.SerenityReporter - Running feature from file:///C:/Users/WINDOWS%2010/Documents/GitHub/QE_Andira_Ms/10_RESTful_API_Testing_with_REST_Assured/Praktikum/RESTful_API_Testing/alta/src/test/resources/features/Posts.feature
16:22:44.916 [main] INFO  - 
  _____   ___   ___   _____     ___   _____     _     ___   _____   ___   ___  
 |_   _| | __| / __| |_   _|   / __| |_   _|   /_\   | _ \ |_   _| | __| |   \ 
   | |   | _|  \__ \   | |     \__ \   | |    / _ \  |   /   | |   | _|  | |) |
   |_|   |___| |___/   |_|     |___/   |_|   /_/ \_\ |_|_\   |_|   |___| |___/ 

GET - As an admin I shouldn't be able to see posts with invalid url(posts;get---as-an-admin-i-shouldn-t-be-able-to-see-posts-with-invalid-url)
--------------------------------------------------------------------------------
16:22:44.969 [main] DEBUG net.thucydides.core.steps.StepInterceptor - STARTING STEP: PostsSteps.setGetApiEndpoints2 - I set typo GET api endpoints
16:22:44.970 [main] DEBUG net.thucydides.core.steps.StepInterceptor - STEP DONE: I set typo GET api endpoints
  &amp#27;[32mGiven &amp#27;[0m&amp#27;[32mI set typo GET api endpoints&amp#27;[0m                                          &amp#27;[90m# starter.stepdefinitions.PostsSteps.setGetApiEndpoints2()&amp#27;[0m
16:22:44.979 [main] DEBUG net.thucydides.core.steps.StepInterceptor - STARTING STEP: PostsSteps.setGetHttpRequest2 - I send typo GET HTTP request
16:22:44.983 [main] DEBUG net.thucydides.core.steps.StepInterceptor - STARTING STEP: Get.setGetHttpRequest2 - I set typo GET api endpoints
16:22:44.984 [main] DEBUG net.thucydides.core.steps.StepInterceptor - STEP DONE: I set typo GET api endpoints
16:22:45.023 [main] DEBUG org.apache.http.impl.conn.BasicClientConnectionManager - Get connection for route {s}->https://jsonplaceholder.typicode.com:443
16:22:45.023 [main] DEBUG org.apache.http.impl.conn.DefaultClientConnectionOperator - Connecting to jsonplaceholder.typicode.com:443
16:22:45.107 [main] DEBUG org.apache.http.client.protocol.RequestAddCookies - CookieSpec selected: ignoreCookies
16:22:45.108 [main] DEBUG org.apache.http.client.protocol.RequestAuthCache - Auth cache not set in the context
16:22:45.108 [main] DEBUG org.apache.http.client.protocol.RequestTargetAuthentication - Target auth state: UNCHALLENGED
16:22:45.108 [main] DEBUG org.apache.http.client.protocol.RequestProxyAuthentication - Proxy auth state: UNCHALLENGED
16:22:45.108 [main] DEBUG org.apache.http.impl.client.DefaultHttpClient - Attempt 1 to execute request
16:22:45.108 [main] DEBUG org.apache.http.impl.conn.DefaultClientConnection - Sending request: GET /post/1 HTTP/1.1
16:22:45.108 [main] DEBUG org.apache.http.wire -  >> "GET /post/1 HTTP/1.1[\r][\n]"
16:22:45.108 [main] DEBUG org.apache.http.wire -  >> "Accept: */*[\r][\n]"
16:22:45.108 [main] DEBUG org.apache.http.wire -  >> "Host: jsonplaceholder.typicode.com[\r][\n]"
16:22:45.108 [main] DEBUG org.apache.http.wire -  >> "Connection: Keep-Alive[\r][\n]"
16:22:45.108 [main] DEBUG org.apache.http.wire -  >> "User-Agent: Apache-HttpClient/4.5.13 (Java/15)[\r][\n]"
16:22:45.108 [main] DEBUG org.apache.http.wire -  >> "Accept-Encoding: gzip,deflate[\r][\n]"
16:22:45.108 [main] DEBUG org.apache.http.wire -  >> "[\r][\n]"
16:22:45.108 [main] DEBUG org.apache.http.headers - >> GET /post/1 HTTP/1.1
16:22:45.108 [main] DEBUG org.apache.http.headers - >> Accept: */*
16:22:45.108 [main] DEBUG org.apache.http.headers - >> Host: jsonplaceholder.typicode.com
16:22:45.108 [main] DEBUG org.apache.http.headers - >> Connection: Keep-Alive
16:22:45.109 [main] DEBUG org.apache.http.headers - >> User-Agent: Apache-HttpClient/4.5.13 (Java/15)
16:22:45.109 [main] DEBUG org.apache.http.headers - >> Accept-Encoding: gzip,deflate
16:22:45.676 [main] DEBUG org.apache.http.wire -  << "HTTP/1.1 404 Not Found[\r][\n]"
16:22:45.676 [main] DEBUG org.apache.http.wire -  << "Date: Tue, 02 May 2023 09:22:45 GMT[\r][\n]"
16:22:45.676 [main] DEBUG org.apache.http.wire -  << "Content-Type: application/json; charset=utf-8[\r][\n]"
16:22:45.676 [main] DEBUG org.apache.http.wire -  << "Content-Length: 2[\r][\n]"
16:22:45.676 [main] DEBUG org.apache.http.wire -  << "Connection: keep-alive[\r][\n]"
16:22:45.676 [main] DEBUG org.apache.http.wire -  << "X-Powered-By: Express[\r][\n]"
16:22:45.676 [main] DEBUG org.apache.http.wire -  << "X-Ratelimit-Limit: 1000[\r][\n]"
16:22:45.676 [main] DEBUG org.apache.http.wire -  << "X-Ratelimit-Remaining: 999[\r][\n]"
16:22:45.676 [main] DEBUG org.apache.http.wire -  << "X-Ratelimit-Reset: 1683019408[\r][\n]"
16:22:45.676 [main] DEBUG org.apache.http.wire -  << "Vary: Origin, Accept-Encoding[\r][\n]"
16:22:45.676 [main] DEBUG org.apache.http.wire -  << "Access-Control-Allow-Credentials: true[\r][\n]"
16:22:45.676 [main] DEBUG org.apache.http.wire -  << "Cache-Control: max-age=43200[\r][\n]"
16:22:45.676 [main] DEBUG org.apache.http.wire -  << "Pragma: no-cache[\r][\n]"
16:22:45.676 [main] DEBUG org.apache.http.wire -  << "Expires: -1[\r][\n]"
16:22:45.676 [main] DEBUG org.apache.http.wire -  << "X-Content-Type-Options: nosniff[\r][\n]"
16:22:45.676 [main] DEBUG org.apache.http.wire -  << "Etag: W/"2-vyGp6PvFo4RvsFtPoIWeCReyIC8"[\r][\n]"
16:22:45.676 [main] DEBUG org.apache.http.wire -  << "Via: 1.1 vegur[\r][\n]"
16:22:45.676 [main] DEBUG org.apache.http.wire -  << "CF-Cache-Status: MISS[\r][\n]"
16:22:45.677 [main] DEBUG org.apache.http.wire -  << "Report-To: {"endpoints":[{"url":"https:\/\/a.nel.cloudflare.com\/report\/v3?s=%2BcMDrq%2FgOOWTq2BKva3%2FlQYut9rwYB2JT%2BUlx%2BLBz3BREecnKTQqirv7Q5Mdky%2F3kuHh%2BJ1yL5qqJX6sGAGf%2BMlWSYoiyBDYVD3sHfc4Kx9Z4ucw%2F8j6NWc5eOYEy1FKzjyS6ZcNG7zKvgeto7n2"}],"group":"cf-nel","max_age":604800}[\r][\n]"
16:22:45.677 [main] DEBUG org.apache.http.wire -  << "NEL: {"success_fraction":0,"report_to":"cf-nel","max_age":604800}[\r][\n]"
16:22:45.677 [main] DEBUG org.apache.http.wire -  << "Server: cloudflare[\r][\n]"
16:22:45.677 [main] DEBUG org.apache.http.wire -  << "CF-RAY: 7c0f3398cbcea3ec-SIN[\r][\n]"
16:22:45.677 [main] DEBUG org.apache.http.wire -  << "alt-svc: h3=":443"; ma=86400, h3-29=":443"; ma=86400[\r][\n]"
16:22:45.677 [main] DEBUG org.apache.http.wire -  << "[\r][\n]"
16:22:45.677 [main] DEBUG org.apache.http.impl.conn.DefaultClientConnection - Receiving response: HTTP/1.1 404 Not Found
16:22:45.677 [main] DEBUG org.apache.http.headers - << HTTP/1.1 404 Not Found
16:22:45.677 [main] DEBUG org.apache.http.headers - << Date: Tue, 02 May 2023 09:22:45 GMT
16:22:45.677 [main] DEBUG org.apache.http.headers - << Content-Type: application/json; charset=utf-8
16:22:45.677 [main] DEBUG org.apache.http.headers - << Content-Length: 2
16:22:45.677 [main] DEBUG org.apache.http.headers - << Connection: keep-alive
16:22:45.677 [main] DEBUG org.apache.http.headers - << X-Powered-By: Express
16:22:45.677 [main] DEBUG org.apache.http.headers - << X-Ratelimit-Limit: 1000
16:22:45.677 [main] DEBUG org.apache.http.headers - << X-Ratelimit-Remaining: 999
16:22:45.677 [main] DEBUG org.apache.http.headers - << X-Ratelimit-Reset: 1683019408
16:22:45.677 [main] DEBUG org.apache.http.headers - << Vary: Origin, Accept-Encoding
16:22:45.677 [main] DEBUG org.apache.http.headers - << Access-Control-Allow-Credentials: true
16:22:45.677 [main] DEBUG org.apache.http.headers - << Cache-Control: max-age=43200
16:22:45.677 [main] DEBUG org.apache.http.headers - << Pragma: no-cache
16:22:45.677 [main] DEBUG org.apache.http.headers - << Expires: -1
16:22:45.677 [main] DEBUG org.apache.http.headers - << X-Content-Type-Options: nosniff
16:22:45.677 [main] DEBUG org.apache.http.headers - << Etag: W/"2-vyGp6PvFo4RvsFtPoIWeCReyIC8"
16:22:45.677 [main] DEBUG org.apache.http.headers - << Via: 1.1 vegur
16:22:45.677 [main] DEBUG org.apache.http.headers - << CF-Cache-Status: MISS
16:22:45.677 [main] DEBUG org.apache.http.headers - << Report-To: {"endpoints":[{"url":"https:\/\/a.nel.cloudflare.com\/report\/v3?s=%2BcMDrq%2FgOOWTq2BKva3%2FlQYut9rwYB2JT%2BUlx%2BLBz3BREecnKTQqirv7Q5Mdky%2F3kuHh%2BJ1yL5qqJX6sGAGf%2BMlWSYoiyBDYVD3sHfc4Kx9Z4ucw%2F8j6NWc5eOYEy1FKzjyS6ZcNG7zKvgeto7n2"}],"group":"cf-nel","max_age":604800}
16:22:45.677 [main] DEBUG org.apache.http.headers - << NEL: {"success_fraction":0,"report_to":"cf-nel","max_age":604800}
16:22:45.677 [main] DEBUG org.apache.http.headers - << Server: cloudflare
16:22:45.677 [main] DEBUG org.apache.http.headers - << CF-RAY: 7c0f3398cbcea3ec-SIN
16:22:45.677 [main] DEBUG org.apache.http.headers - << alt-svc: h3=":443"; ma=86400, h3-29=":443"; ma=86400
16:22:45.678 [main] DEBUG org.apache.http.impl.client.DefaultHttpClient - Connection can be kept alive indefinitely
16:22:45.679 [main] DEBUG io.restassured.internal.RestAssuredHttpBuilder - Parsing response as: application/json; charset=utf-8
16:22:45.679 [main] DEBUG io.restassured.internal.RestAssuredHttpBuilder - Parsed data to instance of: class org.apache.http.conn.EofSensorInputStream
16:22:45.681 [main] DEBUG org.apache.http.wire -  << "{}"
16:22:45.682 [main] DEBUG org.apache.http.impl.conn.BasicClientConnectionManager - Releasing connection org.apache.http.impl.conn.ManagedClientConnectionImpl@4fa6fb7f
16:22:45.682 [main] DEBUG org.apache.http.impl.conn.BasicClientConnectionManager - Connection can be kept alive indefinitely
16:22:45.683 [main] DEBUG net.thucydides.core.steps.StepInterceptor - STEP DONE: I send typo GET HTTP request
  &amp#27;[32mWhen &amp#27;[0m&amp#27;[32mI send typo GET HTTP request&amp#27;[0m                                           &amp#27;[90m# starter.stepdefinitions.PostsSteps.setGetHttpRequest2()&amp#27;[0m
16:22:45.689 [main] DEBUG net.thucydides.core.steps.StepInterceptor - STARTING STEP: PostsSteps.receiveInvalidHttpResponse - I receive invalid HTTP response code 404 Not Found
16:22:45.691 [main] DEBUG net.thucydides.core.steps.StepInterceptor - STEP DONE: I receive invalid HTTP response code 404 Not Found
  &amp#27;[32mThen &amp#27;[0m&amp#27;[32mI receive invalid HTTP response code 404 Not Found&amp#27;[0m                     &amp#27;[90m# starter.stepdefinitions.PostsSteps.receiveInvalidHttpResponse()&amp#27;[0m
16:22:45.695 [main] DEBUG net.thucydides.core.steps.StepInterceptor - STARTING STEP: PostsSteps.receiveNothing - I receive nothing from the page
16:22:45.696 [main] DEBUG net.thucydides.core.steps.StepInterceptor - STEP DONE: I receive nothing from the page
  &amp#27;[32mAnd &amp#27;[0m&amp#27;[32mI receive nothing from the page&amp#27;[0m                                         &amp#27;[90m# starter.stepdefinitions.PostsSteps.receiveNothing()&amp#27;[0m
16:22:45.699 [main] INFO  - 
  _____   ___   ___   _____     ___     _     ___   ___   ___   ___  
 |_   _| | __| / __| |_   _|   | _ \   /_\   / __| / __| | __| |   \ 
   | |   | _|  \__ \   | |     |  _/  / _ \  \__ \ \__ \ | _|  | |) |
   |_|   |___| |___/   |_|     |_|   /_/ \_\ |___/ |___/ |___| |___/ 

GET - As an admin I shouldn't be able to see posts with invalid url
----------------------------------------------------------------------
]]></system-out>
  </testcase>
  <testcase name="POST - As an admin I have be able to create new posts" classname="Posts" time="0.831">
    <system-out><![CDATA[
Scenario: POST - As an admin I have be able to create new posts &amp#27;[90m# src/test/resources/features/Posts.feature:19&amp#27;[0m
16:22:45.707 [main] DEBUG io.cucumber.core.plugin.SerenityReporter - Running feature from file:///C:/Users/WINDOWS%2010/Documents/GitHub/QE_Andira_Ms/10_RESTful_API_Testing_with_REST_Assured/Praktikum/RESTful_API_Testing/alta/src/test/resources/features/Posts.feature
16:22:45.714 [main] INFO  - 
  _____   ___   ___   _____     ___   _____     _     ___   _____   ___   ___  
 |_   _| | __| / __| |_   _|   / __| |_   _|   /_\   | _ \ |_   _| | __| |   \ 
   | |   | _|  \__ \   | |     \__ \   | |    / _ \  |   /   | |   | _|  | |) |
   |_|   |___| |___/   |_|     |___/   |_|   /_/ \_\ |_|_\   |_|   |___| |___/ 

POST - As an admin I have be able to create new posts(posts;post---as-an-admin-i-have-be-able-to-create-new-posts)
--------------------------------------------------------------------------------
16:22:45.753 [main] DEBUG net.thucydides.core.steps.StepInterceptor - STARTING STEP: PostsSteps.setPostApiEndpoints - I set POST api endpoints
16:22:45.753 [main] DEBUG net.thucydides.core.steps.StepInterceptor - STEP DONE: I set POST api endpoints
  &amp#27;[32mGiven &amp#27;[0m&amp#27;[32mI set POST api endpoints&amp#27;[0m                                &amp#27;[90m# starter.stepdefinitions.PostsSteps.setPostApiEndpoints()&amp#27;[0m
16:22:45.760 [main] DEBUG net.thucydides.core.steps.StepInterceptor - STARTING STEP: PostsSteps.sendPostHttpRequest - I send POST HTTP request
16:22:45.769 [main] DEBUG net.thucydides.core.steps.StepInterceptor - STARTING STEP: Post.sendPostHttpRequest - I set POST api endpoints
16:22:45.769 [main] DEBUG net.thucydides.core.steps.StepInterceptor - STEP DONE: I set POST api endpoints
16:22:45.804 [main] DEBUG org.apache.http.impl.conn.BasicClientConnectionManager - Get connection for route {s}->https://jsonplaceholder.typicode.com:443
16:22:45.804 [main] DEBUG org.apache.http.impl.conn.DefaultClientConnectionOperator - Connecting to jsonplaceholder.typicode.com:443
16:22:45.884 [main] DEBUG org.apache.http.client.protocol.RequestAddCookies - CookieSpec selected: ignoreCookies
16:22:45.884 [main] DEBUG org.apache.http.client.protocol.RequestAuthCache - Auth cache not set in the context
16:22:45.884 [main] DEBUG org.apache.http.client.protocol.RequestTargetAuthentication - Target auth state: UNCHALLENGED
16:22:45.884 [main] DEBUG org.apache.http.client.protocol.RequestProxyAuthentication - Proxy auth state: UNCHALLENGED
16:22:45.884 [main] DEBUG org.apache.http.impl.client.DefaultHttpClient - Attempt 1 to execute request
16:22:45.884 [main] DEBUG org.apache.http.impl.conn.DefaultClientConnection - Sending request: POST /posts HTTP/1.1
16:22:45.884 [main] DEBUG org.apache.http.wire -  >> "POST /posts HTTP/1.1[\r][\n]"
16:22:45.884 [main] DEBUG org.apache.http.wire -  >> "Accept: */*[\r][\n]"
16:22:45.884 [main] DEBUG org.apache.http.wire -  >> "Content-Type: application/json[\r][\n]"
16:22:45.884 [main] DEBUG org.apache.http.wire -  >> "Content-Length: 71[\r][\n]"
16:22:45.884 [main] DEBUG org.apache.http.wire -  >> "Host: jsonplaceholder.typicode.com[\r][\n]"
16:22:45.884 [main] DEBUG org.apache.http.wire -  >> "Connection: Keep-Alive[\r][\n]"
16:22:45.884 [main] DEBUG org.apache.http.wire -  >> "User-Agent: Apache-HttpClient/4.5.13 (Java/15)[\r][\n]"
16:22:45.884 [main] DEBUG org.apache.http.wire -  >> "Accept-Encoding: gzip,deflate[\r][\n]"
16:22:45.884 [main] DEBUG org.apache.http.wire -  >> "[\r][\n]"
16:22:45.884 [main] DEBUG org.apache.http.headers - >> POST /posts HTTP/1.1
16:22:45.884 [main] DEBUG org.apache.http.headers - >> Accept: */*
16:22:45.884 [main] DEBUG org.apache.http.headers - >> Content-Type: application/json
16:22:45.884 [main] DEBUG org.apache.http.headers - >> Content-Length: 71
16:22:45.884 [main] DEBUG org.apache.http.headers - >> Host: jsonplaceholder.typicode.com
16:22:45.884 [main] DEBUG org.apache.http.headers - >> Connection: Keep-Alive
16:22:45.884 [main] DEBUG org.apache.http.headers - >> User-Agent: Apache-HttpClient/4.5.13 (Java/15)
16:22:45.884 [main] DEBUG org.apache.http.headers - >> Accept-Encoding: gzip,deflate
16:22:45.885 [main] DEBUG org.apache.http.wire -  >> "{"title":"andira ms","body":"halo, saya andira mahendra s","userId":10}"
16:22:46.470 [main] DEBUG org.apache.http.wire -  << "HTTP/1.1 201 Created[\r][\n]"
16:22:46.470 [main] DEBUG org.apache.http.wire -  << "Date: Tue, 02 May 2023 09:22:46 GMT[\r][\n]"
16:22:46.470 [main] DEBUG org.apache.http.wire -  << "Content-Type: application/json; charset=utf-8[\r][\n]"
16:22:46.470 [main] DEBUG org.apache.http.wire -  << "Content-Length: 97[\r][\n]"
16:22:46.470 [main] DEBUG org.apache.http.wire -  << "Connection: keep-alive[\r][\n]"
16:22:46.470 [main] DEBUG org.apache.http.wire -  << "X-Powered-By: Express[\r][\n]"
16:22:46.470 [main] DEBUG org.apache.http.wire -  << "X-Ratelimit-Limit: 1000[\r][\n]"
16:22:46.470 [main] DEBUG org.apache.http.wire -  << "X-Ratelimit-Remaining: 998[\r][\n]"
16:22:46.471 [main] DEBUG org.apache.http.wire -  << "X-Ratelimit-Reset: 1683019408[\r][\n]"
16:22:46.471 [main] DEBUG org.apache.http.wire -  << "Vary: Origin, X-HTTP-Method-Override, Accept-Encoding[\r][\n]"
16:22:46.471 [main] DEBUG org.apache.http.wire -  << "Access-Control-Allow-Credentials: true[\r][\n]"
16:22:46.471 [main] DEBUG org.apache.http.wire -  << "Cache-Control: no-cache[\r][\n]"
16:22:46.471 [main] DEBUG org.apache.http.wire -  << "Pragma: no-cache[\r][\n]"
16:22:46.471 [main] DEBUG org.apache.http.wire -  << "Expires: -1[\r][\n]"
16:22:46.471 [main] DEBUG org.apache.http.wire -  << "Access-Control-Expose-Headers: Location[\r][\n]"
16:22:46.471 [main] DEBUG org.apache.http.wire -  << "Location: http://jsonplaceholder.typicode.com/posts/101[\r][\n]"
16:22:46.471 [main] DEBUG org.apache.http.wire -  << "X-Content-Type-Options: nosniff[\r][\n]"
16:22:46.471 [main] DEBUG org.apache.http.wire -  << "Etag: W/"61-XlmCRjLAUl59sRXFHbhJACo4OpE"[\r][\n]"
16:22:46.471 [main] DEBUG org.apache.http.wire -  << "Via: 1.1 vegur[\r][\n]"
16:22:46.471 [main] DEBUG org.apache.http.wire -  << "CF-Cache-Status: DYNAMIC[\r][\n]"
16:22:46.471 [main] DEBUG org.apache.http.wire -  << "Report-To: {"endpoints":[{"url":"https:\/\/a.nel.cloudflare.com\/report\/v3?s=db0ZFghUzdx7QQu9mS8b1BdkMIGPMjKcYiUjR0Jv2T9DQKrEjrnDGWQGeGwl1nRVZK5VYQXgOe884Y6EOXZpc3aZi2OGnxzwy9u2PuiFAeJ5WKQ0rXuM3A7d%2FHcgYZJkaMyhKcEM0gj2Cz3DFB9S"}],"group":"cf-nel","max_age":604800}[\r][\n]"
16:22:46.471 [main] DEBUG org.apache.http.wire -  << "NEL: {"success_fraction":0,"report_to":"cf-nel","max_age":604800}[\r][\n]"
16:22:46.471 [main] DEBUG org.apache.http.wire -  << "Server: cloudflare[\r][\n]"
16:22:46.471 [main] DEBUG org.apache.http.wire -  << "CF-RAY: 7c0f339dac29ab4f-SIN[\r][\n]"
16:22:46.471 [main] DEBUG org.apache.http.wire -  << "alt-svc: h3=":443"; ma=86400, h3-29=":443"; ma=86400[\r][\n]"
16:22:46.471 [main] DEBUG org.apache.http.wire -  << "[\r][\n]"
16:22:46.471 [main] DEBUG org.apache.http.impl.conn.DefaultClientConnection - Receiving response: HTTP/1.1 201 Created
16:22:46.471 [main] DEBUG org.apache.http.headers - << HTTP/1.1 201 Created
16:22:46.471 [main] DEBUG org.apache.http.headers - << Date: Tue, 02 May 2023 09:22:46 GMT
16:22:46.471 [main] DEBUG org.apache.http.headers - << Content-Type: application/json; charset=utf-8
16:22:46.471 [main] DEBUG org.apache.http.headers - << Content-Length: 97
16:22:46.471 [main] DEBUG org.apache.http.headers - << Connection: keep-alive
16:22:46.471 [main] DEBUG org.apache.http.headers - << X-Powered-By: Express
16:22:46.471 [main] DEBUG org.apache.http.headers - << X-Ratelimit-Limit: 1000
16:22:46.471 [main] DEBUG org.apache.http.headers - << X-Ratelimit-Remaining: 998
16:22:46.471 [main] DEBUG org.apache.http.headers - << X-Ratelimit-Reset: 1683019408
16:22:46.471 [main] DEBUG org.apache.http.headers - << Vary: Origin, X-HTTP-Method-Override, Accept-Encoding
16:22:46.471 [main] DEBUG org.apache.http.headers - << Access-Control-Allow-Credentials: true
16:22:46.471 [main] DEBUG org.apache.http.headers - << Cache-Control: no-cache
16:22:46.471 [main] DEBUG org.apache.http.headers - << Pragma: no-cache
16:22:46.471 [main] DEBUG org.apache.http.headers - << Expires: -1
16:22:46.471 [main] DEBUG org.apache.http.headers - << Access-Control-Expose-Headers: Location
16:22:46.471 [main] DEBUG org.apache.http.headers - << Location: http://jsonplaceholder.typicode.com/posts/101
16:22:46.471 [main] DEBUG org.apache.http.headers - << X-Content-Type-Options: nosniff
16:22:46.471 [main] DEBUG org.apache.http.headers - << Etag: W/"61-XlmCRjLAUl59sRXFHbhJACo4OpE"
16:22:46.471 [main] DEBUG org.apache.http.headers - << Via: 1.1 vegur
16:22:46.471 [main] DEBUG org.apache.http.headers - << CF-Cache-Status: DYNAMIC
16:22:46.471 [main] DEBUG org.apache.http.headers - << Report-To: {"endpoints":[{"url":"https:\/\/a.nel.cloudflare.com\/report\/v3?s=db0ZFghUzdx7QQu9mS8b1BdkMIGPMjKcYiUjR0Jv2T9DQKrEjrnDGWQGeGwl1nRVZK5VYQXgOe884Y6EOXZpc3aZi2OGnxzwy9u2PuiFAeJ5WKQ0rXuM3A7d%2FHcgYZJkaMyhKcEM0gj2Cz3DFB9S"}],"group":"cf-nel","max_age":604800}
16:22:46.471 [main] DEBUG org.apache.http.headers - << NEL: {"success_fraction":0,"report_to":"cf-nel","max_age":604800}
16:22:46.471 [main] DEBUG org.apache.http.headers - << Server: cloudflare
16:22:46.471 [main] DEBUG org.apache.http.headers - << CF-RAY: 7c0f339dac29ab4f-SIN
16:22:46.471 [main] DEBUG org.apache.http.headers - << alt-svc: h3=":443"; ma=86400, h3-29=":443"; ma=86400
16:22:46.471 [main] DEBUG org.apache.http.impl.client.DefaultHttpClient - Connection can be kept alive indefinitely
16:22:46.472 [main] DEBUG io.restassured.internal.RestAssuredHttpBuilder - Parsing response as: application/json; charset=utf-8
16:22:46.472 [main] DEBUG io.restassured.internal.RestAssuredHttpBuilder - Parsed data to instance of: class org.apache.http.conn.EofSensorInputStream
16:22:46.473 [main] DEBUG org.apache.http.wire -  << "{[\n]"
16:22:46.473 [main] DEBUG org.apache.http.wire -  << "  "title": "andira ms",[\n]"
16:22:46.473 [main] DEBUG org.apache.http.wire -  << "  "body": "halo, saya andira mahendra s",[\n]"
16:22:46.473 [main] DEBUG org.apache.http.wire -  << "  "userId": 10,[\n]"
16:22:46.473 [main] DEBUG org.apache.http.wire -  << "  "id": 101[\n]"
16:22:46.473 [main] DEBUG org.apache.http.wire -  << "}"
16:22:46.473 [main] DEBUG org.apache.http.impl.conn.BasicClientConnectionManager - Releasing connection org.apache.http.impl.conn.ManagedClientConnectionImpl@612bb755
16:22:46.473 [main] DEBUG org.apache.http.impl.conn.BasicClientConnectionManager - Connection can be kept alive indefinitely
16:22:46.474 [main] DEBUG net.thucydides.core.steps.StepInterceptor - STEP DONE: I send POST HTTP request
  &amp#27;[32mWhen &amp#27;[0m&amp#27;[32mI send POST HTTP request&amp#27;[0m                                 &amp#27;[90m# starter.stepdefinitions.PostsSteps.sendPostHttpRequest()&amp#27;[0m
16:22:46.478 [main] DEBUG net.thucydides.core.steps.StepInterceptor - STARTING STEP: PostsSteps.receiveValidHttp201 - I receive valid HTTP response code 201
16:22:46.479 [main] DEBUG net.thucydides.core.steps.StepInterceptor - STEP DONE: I receive valid HTTP response code 201
  &amp#27;[32mThen &amp#27;[0m&amp#27;[32mI receive valid HTTP response code 201&amp#27;[0m                   &amp#27;[90m# starter.stepdefinitions.PostsSteps.receiveValidHttp201()&amp#27;[0m
16:22:46.483 [main] DEBUG net.thucydides.core.steps.StepInterceptor - STARTING STEP: PostsSteps.validateDataNewUser - I receive valid data for new posts
16:22:46.500 [Finalizer] DEBUG org.apache.http.impl.conn.DefaultClientConnection - Connection 0.0.0.0:60325<->172.64.102.31:443 closed
16:22:46.528 [main] DEBUG net.thucydides.core.steps.StepInterceptor - STEP DONE: I receive valid data for new posts
  &amp#27;[32mAnd &amp#27;[0m&amp#27;[32mI receive valid data for new posts&amp#27;[0m                        &amp#27;[90m# starter.stepdefinitions.PostsSteps.validateDataNewUser()&amp#27;[0m
16:22:46.531 [main] INFO  - 
  _____   ___   ___   _____     ___     _     ___   ___   ___   ___  
 |_   _| | __| / __| |_   _|   | _ \   /_\   / __| / __| | __| |   \ 
   | |   | _|  \__ \   | |     |  _/  / _ \  \__ \ \__ \ | _|  | |) |
   |_|   |___| |___/   |_|     |_|   /_/ \_\ |___/ |___/ |___| |___/ 

POST - As an admin I have be able to create new posts
----------------------------------------------------------------------
]]></system-out>
  </testcase>
  <testcase name="POST - As an admin I shouldn&apos;t be able to create new posts with invalid url" classname="Posts" time="0.79">
    <system-out><![CDATA[
Scenario: POST - As an admin I shouldn't be able to create new posts with invalid url &amp#27;[90m# src/test/resources/features/Posts.feature:25&amp#27;[0m
16:22:46.540 [main] DEBUG io.cucumber.core.plugin.SerenityReporter - Running feature from file:///C:/Users/WINDOWS%2010/Documents/GitHub/QE_Andira_Ms/10_RESTful_API_Testing_with_REST_Assured/Praktikum/RESTful_API_Testing/alta/src/test/resources/features/Posts.feature
16:22:46.547 [main] INFO  - 
  _____   ___   ___   _____     ___   _____     _     ___   _____   ___   ___  
 |_   _| | __| / __| |_   _|   / __| |_   _|   /_\   | _ \ |_   _| | __| |   \ 
   | |   | _|  \__ \   | |     \__ \   | |    / _ \  |   /   | |   | _|  | |) |
   |_|   |___| |___/   |_|     |___/   |_|   /_/ \_\ |_|_\   |_|   |___| |___/ 

POST - As an admin I shouldn't be able to create new posts with invalid url(posts;post---as-an-admin-i-shouldn-t-be-able-to-create-new-posts-with-invalid-url)
--------------------------------------------------------------------------------
16:22:46.601 [main] DEBUG net.thucydides.core.steps.StepInterceptor - STARTING STEP: PostsSteps.setPostInvalidApiEndpoints - I set typo POST api endpoints
16:22:46.602 [main] DEBUG net.thucydides.core.steps.StepInterceptor - STEP DONE: I set typo POST api endpoints
  &amp#27;[32mGiven &amp#27;[0m&amp#27;[32mI set typo POST api endpoints&amp#27;[0m                                                 &amp#27;[90m# starter.stepdefinitions.PostsSteps.setPostInvalidApiEndpoints()&amp#27;[0m
16:22:46.610 [main] DEBUG net.thucydides.core.steps.StepInterceptor - STARTING STEP: PostsSteps.setPostHttpRequest - I send typo POST HTTP request
16:22:46.613 [main] DEBUG net.thucydides.core.steps.StepInterceptor - STARTING STEP: Post.setPostInvalidHttpRequest - I set typo POST api endpoints
16:22:46.614 [main] DEBUG net.thucydides.core.steps.StepInterceptor - STEP DONE: I set typo POST api endpoints
16:22:46.646 [main] DEBUG org.apache.http.impl.conn.BasicClientConnectionManager - Get connection for route {s}->https://jsonplaceholder.typicode.com:443
16:22:46.647 [main] DEBUG org.apache.http.impl.conn.DefaultClientConnectionOperator - Connecting to jsonplaceholder.typicode.com:443
16:22:46.727 [main] DEBUG org.apache.http.client.protocol.RequestAddCookies - CookieSpec selected: ignoreCookies
16:22:46.727 [main] DEBUG org.apache.http.client.protocol.RequestAuthCache - Auth cache not set in the context
16:22:46.727 [main] DEBUG org.apache.http.client.protocol.RequestTargetAuthentication - Target auth state: UNCHALLENGED
16:22:46.727 [main] DEBUG org.apache.http.client.protocol.RequestProxyAuthentication - Proxy auth state: UNCHALLENGED
16:22:46.728 [main] DEBUG org.apache.http.impl.client.DefaultHttpClient - Attempt 1 to execute request
16:22:46.728 [main] DEBUG org.apache.http.impl.conn.DefaultClientConnection - Sending request: GET /post/1 HTTP/1.1
16:22:46.728 [main] DEBUG org.apache.http.wire -  >> "GET /post/1 HTTP/1.1[\r][\n]"
16:22:46.728 [main] DEBUG org.apache.http.wire -  >> "Accept: */*[\r][\n]"
16:22:46.728 [main] DEBUG org.apache.http.wire -  >> "Host: jsonplaceholder.typicode.com[\r][\n]"
16:22:46.728 [main] DEBUG org.apache.http.wire -  >> "Connection: Keep-Alive[\r][\n]"
16:22:46.728 [main] DEBUG org.apache.http.wire -  >> "User-Agent: Apache-HttpClient/4.5.13 (Java/15)[\r][\n]"
16:22:46.728 [main] DEBUG org.apache.http.wire -  >> "Accept-Encoding: gzip,deflate[\r][\n]"
16:22:46.728 [main] DEBUG org.apache.http.wire -  >> "[\r][\n]"
16:22:46.728 [main] DEBUG org.apache.http.headers - >> GET /post/1 HTTP/1.1
16:22:46.728 [main] DEBUG org.apache.http.headers - >> Accept: */*
16:22:46.728 [main] DEBUG org.apache.http.headers - >> Host: jsonplaceholder.typicode.com
16:22:46.728 [main] DEBUG org.apache.http.headers - >> Connection: Keep-Alive
16:22:46.728 [main] DEBUG org.apache.http.headers - >> User-Agent: Apache-HttpClient/4.5.13 (Java/15)
16:22:46.728 [main] DEBUG org.apache.http.headers - >> Accept-Encoding: gzip,deflate
16:22:47.307 [main] DEBUG org.apache.http.wire -  << "HTTP/1.1 404 Not Found[\r][\n]"
16:22:47.307 [main] DEBUG org.apache.http.wire -  << "Date: Tue, 02 May 2023 09:22:47 GMT[\r][\n]"
16:22:47.307 [main] DEBUG org.apache.http.wire -  << "Content-Type: application/json; charset=utf-8[\r][\n]"
16:22:47.307 [main] DEBUG org.apache.http.wire -  << "Content-Length: 2[\r][\n]"
16:22:47.307 [main] DEBUG org.apache.http.wire -  << "Connection: keep-alive[\r][\n]"
16:22:47.307 [main] DEBUG org.apache.http.wire -  << "X-Powered-By: Express[\r][\n]"
16:22:47.307 [main] DEBUG org.apache.http.wire -  << "X-Ratelimit-Limit: 1000[\r][\n]"
16:22:47.307 [main] DEBUG org.apache.http.wire -  << "X-Ratelimit-Remaining: 997[\r][\n]"
16:22:47.307 [main] DEBUG org.apache.http.wire -  << "X-Ratelimit-Reset: 1683019408[\r][\n]"
16:22:47.307 [main] DEBUG org.apache.http.wire -  << "Vary: Origin, Accept-Encoding[\r][\n]"
16:22:47.307 [main] DEBUG org.apache.http.wire -  << "Access-Control-Allow-Credentials: true[\r][\n]"
16:22:47.307 [main] DEBUG org.apache.http.wire -  << "Cache-Control: max-age=43200[\r][\n]"
16:22:47.307 [main] DEBUG org.apache.http.wire -  << "Pragma: no-cache[\r][\n]"
16:22:47.307 [main] DEBUG org.apache.http.wire -  << "Expires: -1[\r][\n]"
16:22:47.307 [main] DEBUG org.apache.http.wire -  << "X-Content-Type-Options: nosniff[\r][\n]"
16:22:47.307 [main] DEBUG org.apache.http.wire -  << "Etag: W/"2-vyGp6PvFo4RvsFtPoIWeCReyIC8"[\r][\n]"
16:22:47.307 [main] DEBUG org.apache.http.wire -  << "Via: 1.1 vegur[\r][\n]"
16:22:47.307 [main] DEBUG org.apache.http.wire -  << "CF-Cache-Status: EXPIRED[\r][\n]"
16:22:47.307 [main] DEBUG org.apache.http.wire -  << "Report-To: {"endpoints":[{"url":"https:\/\/a.nel.cloudflare.com\/report\/v3?s=qnBIjjCF3lSuhKmapgC4Lmj8%2BLeG4kAFYTxzRXIdJNLL39lkqKat99wKLXznlDeluyDjrntNoqpgkxU1Zrh9PI%2FPvpSGe3%2F1vsFed0U1qVueJznffxVCmexdrV3baloE3sxD%2BRmmIdyhQrK2t%2FA%2B"}],"group":"cf-nel","max_age":604800}[\r][\n]"
16:22:47.307 [main] DEBUG org.apache.http.wire -  << "NEL: {"success_fraction":0,"report_to":"cf-nel","max_age":604800}[\r][\n]"
16:22:47.307 [main] DEBUG org.apache.http.wire -  << "Server: cloudflare[\r][\n]"
16:22:47.307 [main] DEBUG org.apache.http.wire -  << "CF-RAY: 7c0f33a2e83a4bbc-SIN[\r][\n]"
16:22:47.307 [main] DEBUG org.apache.http.wire -  << "alt-svc: h3=":443"; ma=86400, h3-29=":443"; ma=86400[\r][\n]"
16:22:47.307 [main] DEBUG org.apache.http.wire -  << "[\r][\n]"
16:22:47.307 [main] DEBUG org.apache.http.impl.conn.DefaultClientConnection - Receiving response: HTTP/1.1 404 Not Found
16:22:47.307 [main] DEBUG org.apache.http.headers - << HTTP/1.1 404 Not Found
16:22:47.307 [main] DEBUG org.apache.http.headers - << Date: Tue, 02 May 2023 09:22:47 GMT
16:22:47.307 [main] DEBUG org.apache.http.headers - << Content-Type: application/json; charset=utf-8
16:22:47.307 [main] DEBUG org.apache.http.headers - << Content-Length: 2
16:22:47.307 [main] DEBUG org.apache.http.headers - << Connection: keep-alive
16:22:47.307 [main] DEBUG org.apache.http.headers - << X-Powered-By: Express
16:22:47.307 [main] DEBUG org.apache.http.headers - << X-Ratelimit-Limit: 1000
16:22:47.307 [main] DEBUG org.apache.http.headers - << X-Ratelimit-Remaining: 997
16:22:47.307 [main] DEBUG org.apache.http.headers - << X-Ratelimit-Reset: 1683019408
16:22:47.307 [main] DEBUG org.apache.http.headers - << Vary: Origin, Accept-Encoding
16:22:47.307 [main] DEBUG org.apache.http.headers - << Access-Control-Allow-Credentials: true
16:22:47.307 [main] DEBUG org.apache.http.headers - << Cache-Control: max-age=43200
16:22:47.307 [main] DEBUG org.apache.http.headers - << Pragma: no-cache
16:22:47.307 [main] DEBUG org.apache.http.headers - << Expires: -1
16:22:47.307 [main] DEBUG org.apache.http.headers - << X-Content-Type-Options: nosniff
16:22:47.307 [main] DEBUG org.apache.http.headers - << Etag: W/"2-vyGp6PvFo4RvsFtPoIWeCReyIC8"
16:22:47.307 [main] DEBUG org.apache.http.headers - << Via: 1.1 vegur
16:22:47.307 [main] DEBUG org.apache.http.headers - << CF-Cache-Status: EXPIRED
16:22:47.307 [main] DEBUG org.apache.http.headers - << Report-To: {"endpoints":[{"url":"https:\/\/a.nel.cloudflare.com\/report\/v3?s=qnBIjjCF3lSuhKmapgC4Lmj8%2BLeG4kAFYTxzRXIdJNLL39lkqKat99wKLXznlDeluyDjrntNoqpgkxU1Zrh9PI%2FPvpSGe3%2F1vsFed0U1qVueJznffxVCmexdrV3baloE3sxD%2BRmmIdyhQrK2t%2FA%2B"}],"group":"cf-nel","max_age":604800}
16:22:47.307 [main] DEBUG org.apache.http.headers - << NEL: {"success_fraction":0,"report_to":"cf-nel","max_age":604800}
16:22:47.307 [main] DEBUG org.apache.http.headers - << Server: cloudflare
16:22:47.307 [main] DEBUG org.apache.http.headers - << CF-RAY: 7c0f33a2e83a4bbc-SIN
16:22:47.307 [main] DEBUG org.apache.http.headers - << alt-svc: h3=":443"; ma=86400, h3-29=":443"; ma=86400
16:22:47.308 [main] DEBUG org.apache.http.impl.client.DefaultHttpClient - Connection can be kept alive indefinitely
16:22:47.308 [main] DEBUG io.restassured.internal.RestAssuredHttpBuilder - Parsing response as: application/json; charset=utf-8
16:22:47.308 [main] DEBUG io.restassured.internal.RestAssuredHttpBuilder - Parsed data to instance of: class org.apache.http.conn.EofSensorInputStream
16:22:47.309 [main] DEBUG org.apache.http.wire -  << "{}"
16:22:47.309 [main] DEBUG org.apache.http.impl.conn.BasicClientConnectionManager - Releasing connection org.apache.http.impl.conn.ManagedClientConnectionImpl@7d43f1c9
16:22:47.309 [main] DEBUG org.apache.http.impl.conn.BasicClientConnectionManager - Connection can be kept alive indefinitely
16:22:47.309 [main] DEBUG net.thucydides.core.steps.StepInterceptor - STEP DONE: I send typo POST HTTP request
  &amp#27;[32mWhen &amp#27;[0m&amp#27;[32mI send typo POST HTTP request&amp#27;[0m                                                  &amp#27;[90m# starter.stepdefinitions.PostsSteps.setPostHttpRequest()&amp#27;[0m
16:22:47.314 [main] DEBUG net.thucydides.core.steps.StepInterceptor - STARTING STEP: PostsSteps.receiveInvalidHttpResponse - I receive invalid HTTP response code 404 Not Found
16:22:47.315 [main] DEBUG net.thucydides.core.steps.StepInterceptor - STEP DONE: I receive invalid HTTP response code 404 Not Found
  &amp#27;[32mThen &amp#27;[0m&amp#27;[32mI receive invalid HTTP response code 404 Not Found&amp#27;[0m                             &amp#27;[90m# starter.stepdefinitions.PostsSteps.receiveInvalidHttpResponse()&amp#27;[0m
16:22:47.319 [main] DEBUG net.thucydides.core.steps.StepInterceptor - STARTING STEP: PostsSteps.receiveNothing - I receive nothing from the page
16:22:47.319 [main] DEBUG net.thucydides.core.steps.StepInterceptor - STEP DONE: I receive nothing from the page
  &amp#27;[32mAnd &amp#27;[0m&amp#27;[32mI receive nothing from the page&amp#27;[0m                                                 &amp#27;[90m# starter.stepdefinitions.PostsSteps.receiveNothing()&amp#27;[0m
16:22:47.322 [main] INFO  - 
  _____   ___   ___   _____     ___     _     ___   ___   ___   ___  
 |_   _| | __| / __| |_   _|   | _ \   /_\   / __| / __| | __| |   \ 
   | |   | _|  \__ \   | |     |  _/  / _ \  \__ \ \__ \ | _|  | |) |
   |_|   |___| |___/   |_|     |_|   /_/ \_\ |___/ |___/ |___| |___/ 

POST - As an admin I shouldn't be able to create new posts with invalid url
----------------------------------------------------------------------
]]></system-out>
  </testcase>
  <testcase name="PUT - As sn admin I have be able to update existing posts" classname="Posts" time="0.792">
    <system-out><![CDATA[
Scenario: PUT - As sn admin I have be able to update existing posts &amp#27;[90m# src/test/resources/features/Posts.feature:31&amp#27;[0m
16:22:47.329 [main] DEBUG io.cucumber.core.plugin.SerenityReporter - Running feature from file:///C:/Users/WINDOWS%2010/Documents/GitHub/QE_Andira_Ms/10_RESTful_API_Testing_with_REST_Assured/Praktikum/RESTful_API_Testing/alta/src/test/resources/features/Posts.feature
16:22:47.335 [main] INFO  - 
  _____   ___   ___   _____     ___   _____     _     ___   _____   ___   ___  
 |_   _| | __| / __| |_   _|   / __| |_   _|   /_\   | _ \ |_   _| | __| |   \ 
   | |   | _|  \__ \   | |     \__ \   | |    / _ \  |   /   | |   | _|  | |) |
   |_|   |___| |___/   |_|     |___/   |_|   /_/ \_\ |_|_\   |_|   |___| |___/ 

PUT - As sn admin I have be able to update existing posts(posts;put---as-sn-admin-i-have-be-able-to-update-existing-posts)
--------------------------------------------------------------------------------
16:22:47.374 [main] DEBUG net.thucydides.core.steps.StepInterceptor - STARTING STEP: PostsSteps.setPutApiEndpoints - I set PUT api endpoints
16:22:47.375 [main] DEBUG net.thucydides.core.steps.StepInterceptor - STEP DONE: I set PUT api endpoints
  &amp#27;[32mGiven &amp#27;[0m&amp#27;[32mI set PUT api endpoints&amp#27;[0m                                     &amp#27;[90m# starter.stepdefinitions.PostsSteps.setPutApiEndpoints()&amp#27;[0m
16:22:47.390 [main] DEBUG net.thucydides.core.steps.StepInterceptor - STARTING STEP: PostsSteps.sendPutHttpRequest - I send PUT HTTP request
16:22:47.396 [main] DEBUG net.thucydides.core.steps.StepInterceptor - STARTING STEP: Update.sendPutHttpRequest - I set PUT api endpoints
16:22:47.396 [main] DEBUG net.thucydides.core.steps.StepInterceptor - STEP DONE: I set PUT api endpoints
16:22:47.423 [main] DEBUG org.apache.http.impl.conn.BasicClientConnectionManager - Get connection for route {s}->https://jsonplaceholder.typicode.com:443
16:22:47.424 [main] DEBUG org.apache.http.impl.conn.DefaultClientConnectionOperator - Connecting to jsonplaceholder.typicode.com:443
16:22:47.496 [main] DEBUG org.apache.http.client.protocol.RequestAddCookies - CookieSpec selected: ignoreCookies
16:22:47.496 [main] DEBUG org.apache.http.client.protocol.RequestAuthCache - Auth cache not set in the context
16:22:47.496 [main] DEBUG org.apache.http.client.protocol.RequestTargetAuthentication - Target auth state: UNCHALLENGED
16:22:47.496 [main] DEBUG org.apache.http.client.protocol.RequestProxyAuthentication - Proxy auth state: UNCHALLENGED
16:22:47.496 [main] DEBUG org.apache.http.impl.client.DefaultHttpClient - Attempt 1 to execute request
16:22:47.496 [main] DEBUG org.apache.http.impl.conn.DefaultClientConnection - Sending request: PUT /posts/1 HTTP/1.1
16:22:47.496 [main] DEBUG org.apache.http.wire -  >> "PUT /posts/1 HTTP/1.1[\r][\n]"
16:22:47.496 [main] DEBUG org.apache.http.wire -  >> "Accept: */*[\r][\n]"
16:22:47.496 [main] DEBUG org.apache.http.wire -  >> "Content-Type: application/json[\r][\n]"
16:22:47.496 [main] DEBUG org.apache.http.wire -  >> "Content-Length: 58[\r][\n]"
16:22:47.496 [main] DEBUG org.apache.http.wire -  >> "Host: jsonplaceholder.typicode.com[\r][\n]"
16:22:47.496 [main] DEBUG org.apache.http.wire -  >> "Connection: Keep-Alive[\r][\n]"
16:22:47.496 [main] DEBUG org.apache.http.wire -  >> "User-Agent: Apache-HttpClient/4.5.13 (Java/15)[\r][\n]"
16:22:47.496 [main] DEBUG org.apache.http.wire -  >> "Accept-Encoding: gzip,deflate[\r][\n]"
16:22:47.496 [main] DEBUG org.apache.http.wire -  >> "[\r][\n]"
16:22:47.496 [main] DEBUG org.apache.http.headers - >> PUT /posts/1 HTTP/1.1
16:22:47.496 [main] DEBUG org.apache.http.headers - >> Accept: */*
16:22:47.496 [main] DEBUG org.apache.http.headers - >> Content-Type: application/json
16:22:47.496 [main] DEBUG org.apache.http.headers - >> Content-Length: 58
16:22:47.496 [main] DEBUG org.apache.http.headers - >> Host: jsonplaceholder.typicode.com
16:22:47.496 [main] DEBUG org.apache.http.headers - >> Connection: Keep-Alive
16:22:47.496 [main] DEBUG org.apache.http.headers - >> User-Agent: Apache-HttpClient/4.5.13 (Java/15)
16:22:47.496 [main] DEBUG org.apache.http.headers - >> Accept-Encoding: gzip,deflate
16:22:47.496 [main] DEBUG org.apache.http.wire -  >> "{"title":"my name is andira ms","body":"Ini sudah diubah"}"
16:22:48.084 [main] DEBUG org.apache.http.wire -  << "HTTP/1.1 200 OK[\r][\n]"
16:22:48.084 [main] DEBUG org.apache.http.wire -  << "Date: Tue, 02 May 2023 09:22:48 GMT[\r][\n]"
16:22:48.084 [main] DEBUG org.apache.http.wire -  << "Content-Type: application/json; charset=utf-8[\r][\n]"
16:22:48.084 [main] DEBUG org.apache.http.wire -  << "Transfer-Encoding: chunked[\r][\n]"
16:22:48.084 [main] DEBUG org.apache.http.wire -  << "Connection: keep-alive[\r][\n]"
16:22:48.084 [main] DEBUG org.apache.http.wire -  << "X-Powered-By: Express[\r][\n]"
16:22:48.084 [main] DEBUG org.apache.http.wire -  << "X-Ratelimit-Limit: 1000[\r][\n]"
16:22:48.084 [main] DEBUG org.apache.http.wire -  << "X-Ratelimit-Remaining: 996[\r][\n]"
16:22:48.084 [main] DEBUG org.apache.http.wire -  << "X-Ratelimit-Reset: 1683019408[\r][\n]"
16:22:48.084 [main] DEBUG org.apache.http.wire -  << "Vary: Origin, Accept-Encoding[\r][\n]"
16:22:48.084 [main] DEBUG org.apache.http.wire -  << "Access-Control-Allow-Credentials: true[\r][\n]"
16:22:48.084 [main] DEBUG org.apache.http.wire -  << "Cache-Control: no-cache[\r][\n]"
16:22:48.084 [main] DEBUG org.apache.http.wire -  << "Pragma: no-cache[\r][\n]"
16:22:48.084 [main] DEBUG org.apache.http.wire -  << "Expires: -1[\r][\n]"
16:22:48.084 [main] DEBUG org.apache.http.wire -  << "X-Content-Type-Options: nosniff[\r][\n]"
16:22:48.084 [main] DEBUG org.apache.http.wire -  << "Etag: W/"4e-NFUI9Zl8ipwqPLfSdm9dHBr4atk"[\r][\n]"
16:22:48.084 [main] DEBUG org.apache.http.wire -  << "Via: 1.1 vegur[\r][\n]"
16:22:48.084 [main] DEBUG org.apache.http.wire -  << "CF-Cache-Status: DYNAMIC[\r][\n]"
16:22:48.084 [main] DEBUG org.apache.http.wire -  << "Report-To: {"endpoints":[{"url":"https:\/\/a.nel.cloudflare.com\/report\/v3?s=4RjKUd5zrUbxHcDwl7D%2F%2BfTmhMCEaKrstlD6YhRakFd1TR9vt0yjX0tiVvCWK5CWzmXNRSOFIvlwkG%2FU22ywR9xKFJ6HDPE4rBLU9Sx5L36O%2Fli7WYCpBE6wxj0J5XwZLAQMNPmxzh6M6REV7jty"}],"group":"cf-nel","max_age":604800}[\r][\n]"
16:22:48.084 [main] DEBUG org.apache.http.wire -  << "NEL: {"success_fraction":0,"report_to":"cf-nel","max_age":604800}[\r][\n]"
16:22:48.084 [main] DEBUG org.apache.http.wire -  << "Server: cloudflare[\r][\n]"
16:22:48.084 [main] DEBUG org.apache.http.wire -  << "CF-RAY: 7c0f33a7ba7289a6-SIN[\r][\n]"
16:22:48.084 [main] DEBUG org.apache.http.wire -  << "Content-Encoding: gzip[\r][\n]"
16:22:48.085 [main] DEBUG org.apache.http.wire -  << "alt-svc: h3=":443"; ma=86400, h3-29=":443"; ma=86400[\r][\n]"
16:22:48.085 [main] DEBUG org.apache.http.wire -  << "[\r][\n]"
16:22:48.085 [main] DEBUG org.apache.http.impl.conn.DefaultClientConnection - Receiving response: HTTP/1.1 200 OK
16:22:48.085 [main] DEBUG org.apache.http.headers - << HTTP/1.1 200 OK
16:22:48.085 [main] DEBUG org.apache.http.headers - << Date: Tue, 02 May 2023 09:22:48 GMT
16:22:48.085 [main] DEBUG org.apache.http.headers - << Content-Type: application/json; charset=utf-8
16:22:48.085 [main] DEBUG org.apache.http.headers - << Transfer-Encoding: chunked
16:22:48.085 [main] DEBUG org.apache.http.headers - << Connection: keep-alive
16:22:48.085 [main] DEBUG org.apache.http.headers - << X-Powered-By: Express
16:22:48.085 [main] DEBUG org.apache.http.headers - << X-Ratelimit-Limit: 1000
16:22:48.085 [main] DEBUG org.apache.http.headers - << X-Ratelimit-Remaining: 996
16:22:48.085 [main] DEBUG org.apache.http.headers - << X-Ratelimit-Reset: 1683019408
16:22:48.085 [main] DEBUG org.apache.http.headers - << Vary: Origin, Accept-Encoding
16:22:48.085 [main] DEBUG org.apache.http.headers - << Access-Control-Allow-Credentials: true
16:22:48.085 [main] DEBUG org.apache.http.headers - << Cache-Control: no-cache
16:22:48.085 [main] DEBUG org.apache.http.headers - << Pragma: no-cache
16:22:48.085 [main] DEBUG org.apache.http.headers - << Expires: -1
16:22:48.085 [main] DEBUG org.apache.http.headers - << X-Content-Type-Options: nosniff
16:22:48.085 [main] DEBUG org.apache.http.headers - << Etag: W/"4e-NFUI9Zl8ipwqPLfSdm9dHBr4atk"
16:22:48.085 [main] DEBUG org.apache.http.headers - << Via: 1.1 vegur
16:22:48.085 [main] DEBUG org.apache.http.headers - << CF-Cache-Status: DYNAMIC
16:22:48.085 [main] DEBUG org.apache.http.headers - << Report-To: {"endpoints":[{"url":"https:\/\/a.nel.cloudflare.com\/report\/v3?s=4RjKUd5zrUbxHcDwl7D%2F%2BfTmhMCEaKrstlD6YhRakFd1TR9vt0yjX0tiVvCWK5CWzmXNRSOFIvlwkG%2FU22ywR9xKFJ6HDPE4rBLU9Sx5L36O%2Fli7WYCpBE6wxj0J5XwZLAQMNPmxzh6M6REV7jty"}],"group":"cf-nel","max_age":604800}
16:22:48.085 [main] DEBUG org.apache.http.headers - << NEL: {"success_fraction":0,"report_to":"cf-nel","max_age":604800}
16:22:48.085 [main] DEBUG org.apache.http.headers - << Server: cloudflare
16:22:48.085 [main] DEBUG org.apache.http.headers - << CF-RAY: 7c0f33a7ba7289a6-SIN
16:22:48.085 [main] DEBUG org.apache.http.headers - << Content-Encoding: gzip
16:22:48.085 [main] DEBUG org.apache.http.headers - << alt-svc: h3=":443"; ma=86400, h3-29=":443"; ma=86400
16:22:48.085 [main] DEBUG org.apache.http.impl.client.DefaultHttpClient - Connection can be kept alive indefinitely
16:22:48.085 [main] DEBUG io.restassured.internal.RestAssuredHttpBuilder - Parsing response as: application/json; charset=utf-8
16:22:48.085 [main] DEBUG org.apache.http.wire -  << "60[\r][\n]"
16:22:48.085 [main] DEBUG org.apache.http.wire -  << "[0x1f][0x8b][0x8][0x0][0x0][0x0][0x0][0x0][0x0][0x3][0xaa][0xe6]RPP*[0xc9],[0xc9]IU[0xb2]RP[0xca][0xad]T[0xc8]K[0xcc]MU[0xc8],VH[0xcc]K[0xc9],JT[0xc8]-V[0xd2][0x1])I[0xca]O[0xa9][0x4][0xa9][0xf0][0xcc][0xcb]T(.MI[0xcc]PH[0xc9],MJ[0xcc][0x80][0xc8]f[0xa6](Y)[0x18]r[0xd5][0x2][0x0][0x0][0x0][0xff][0xff][0x3][0x0][0xe9]E[0xef][0xbf]N[0x0][0x0][0x0]"
16:22:48.085 [main] DEBUG org.apache.http.wire -  << "[\r][\n]"
16:22:48.085 [main] DEBUG org.apache.http.wire -  << "0[\r][\n]"
16:22:48.085 [main] DEBUG org.apache.http.wire -  << "[\r][\n]"
16:22:48.085 [main] DEBUG io.restassured.internal.RestAssuredHttpBuilder - Parsed data to instance of: class org.apache.http.conn.EofSensorInputStream
16:22:48.086 [main] DEBUG org.apache.http.impl.conn.BasicClientConnectionManager - Releasing connection org.apache.http.impl.conn.ManagedClientConnectionImpl@24f2608b
16:22:48.086 [main] DEBUG org.apache.http.impl.conn.BasicClientConnectionManager - Connection can be kept alive indefinitely
16:22:48.087 [main] DEBUG net.thucydides.core.steps.StepInterceptor - STEP DONE: I send PUT HTTP request
  &amp#27;[32mWhen &amp#27;[0m&amp#27;[32mI send PUT HTTP request&amp#27;[0m                                      &amp#27;[90m# starter.stepdefinitions.PostsSteps.sendPutHttpRequest()&amp#27;[0m
16:22:48.089 [main] DEBUG net.thucydides.core.steps.StepInterceptor - STARTING STEP: PostsSteps.receiveValidHttpResponse - I receive valid HTTP response code 200
16:22:48.090 [main] DEBUG net.thucydides.core.steps.StepInterceptor - STEP DONE: I receive valid HTTP response code 200
  &amp#27;[32mThen &amp#27;[0m&amp#27;[32mI receive valid HTTP response code 200&amp#27;[0m                       &amp#27;[90m# starter.stepdefinitions.PostsSteps.receiveValidHttpResponse()&amp#27;[0m
16:22:48.093 [main] DEBUG net.thucydides.core.steps.StepInterceptor - STARTING STEP: PostsSteps.validateUpdateUser - I receive valid data for update posts
16:22:48.110 [main] DEBUG net.thucydides.core.steps.StepInterceptor - STEP DONE: I receive valid data for update posts
  &amp#27;[32mAnd &amp#27;[0m&amp#27;[32mI receive valid data for update posts&amp#27;[0m                         &amp#27;[90m# starter.stepdefinitions.PostsSteps.validateUpdateUser()&amp#27;[0m
16:22:48.113 [main] INFO  - 
  _____   ___   ___   _____     ___     _     ___   ___   ___   ___  
 |_   _| | __| / __| |_   _|   | _ \   /_\   / __| / __| | __| |   \ 
   | |   | _|  \__ \   | |     |  _/  / _ \  \__ \ \__ \ | _|  | |) |
   |_|   |___| |___/   |_|     |_|   /_/ \_\ |___/ |___/ |___| |___/ 

PUT - As sn admin I have be able to update existing posts
----------------------------------------------------------------------
]]></system-out>
  </testcase>
  <testcase name="PUT - As an admin I shouldn&apos;t be able to update missing posts" classname="Posts" time="0.769">
    <system-out><![CDATA[
Scenario: PUT - As an admin I shouldn't be able to update missing posts &amp#27;[90m# src/test/resources/features/Posts.feature:37&amp#27;[0m
16:22:48.120 [main] DEBUG io.cucumber.core.plugin.SerenityReporter - Running feature from file:///C:/Users/WINDOWS%2010/Documents/GitHub/QE_Andira_Ms/10_RESTful_API_Testing_with_REST_Assured/Praktikum/RESTful_API_Testing/alta/src/test/resources/features/Posts.feature
16:22:48.126 [main] INFO  - 
  _____   ___   ___   _____     ___   _____     _     ___   _____   ___   ___  
 |_   _| | __| / __| |_   _|   / __| |_   _|   /_\   | _ \ |_   _| | __| |   \ 
   | |   | _|  \__ \   | |     \__ \   | |    / _ \  |   /   | |   | _|  | |) |
   |_|   |___| |___/   |_|     |___/   |_|   /_/ \_\ |_|_\   |_|   |___| |___/ 

PUT - As an admin I shouldn't be able to update missing posts(posts;put---as-an-admin-i-shouldn-t-be-able-to-update-missing-posts)
--------------------------------------------------------------------------------
16:22:48.169 [main] DEBUG net.thucydides.core.steps.StepInterceptor - STARTING STEP: PostsSteps.setPutInvalidApiEndpoints - I set PUT to invalid api endpoints
16:22:48.169 [main] DEBUG net.thucydides.core.steps.StepInterceptor - STEP DONE: I set PUT to invalid api endpoints
  &amp#27;[32mGiven &amp#27;[0m&amp#27;[32mI set PUT to invalid api endpoints&amp#27;[0m                              &amp#27;[90m# starter.stepdefinitions.PostsSteps.setPutInvalidApiEndpoints()&amp#27;[0m
16:22:48.189 [main] DEBUG net.thucydides.core.steps.StepInterceptor - STARTING STEP: PostsSteps.sendPutHttpRequest2 - I send PUT HTTP request2
16:22:48.196 [main] DEBUG net.thucydides.core.steps.StepInterceptor - STARTING STEP: Update.sendPutHttpRequest2 - I set PUT to invalid api endpoints
16:22:48.197 [main] DEBUG net.thucydides.core.steps.StepInterceptor - STEP DONE: I set PUT to invalid api endpoints
16:22:48.229 [main] DEBUG org.apache.http.impl.conn.BasicClientConnectionManager - Get connection for route {s}->https://jsonplaceholder.typicode.com:443
16:22:48.229 [main] DEBUG org.apache.http.impl.conn.DefaultClientConnectionOperator - Connecting to jsonplaceholder.typicode.com:443
16:22:48.309 [main] DEBUG org.apache.http.client.protocol.RequestAddCookies - CookieSpec selected: ignoreCookies
16:22:48.309 [main] DEBUG org.apache.http.client.protocol.RequestAuthCache - Auth cache not set in the context
16:22:48.309 [main] DEBUG org.apache.http.client.protocol.RequestTargetAuthentication - Target auth state: UNCHALLENGED
16:22:48.309 [main] DEBUG org.apache.http.client.protocol.RequestProxyAuthentication - Proxy auth state: UNCHALLENGED
16:22:48.309 [main] DEBUG org.apache.http.impl.client.DefaultHttpClient - Attempt 1 to execute request
16:22:48.309 [main] DEBUG org.apache.http.impl.conn.DefaultClientConnection - Sending request: PUT /post/101 HTTP/1.1
16:22:48.309 [main] DEBUG org.apache.http.wire -  >> "PUT /post/101 HTTP/1.1[\r][\n]"
16:22:48.309 [main] DEBUG org.apache.http.wire -  >> "Accept: */*[\r][\n]"
16:22:48.309 [main] DEBUG org.apache.http.wire -  >> "Content-Type: application/json[\r][\n]"
16:22:48.310 [main] DEBUG org.apache.http.wire -  >> "Content-Length: 58[\r][\n]"
16:22:48.310 [main] DEBUG org.apache.http.wire -  >> "Host: jsonplaceholder.typicode.com[\r][\n]"
16:22:48.310 [main] DEBUG org.apache.http.wire -  >> "Connection: Keep-Alive[\r][\n]"
16:22:48.310 [main] DEBUG org.apache.http.wire -  >> "User-Agent: Apache-HttpClient/4.5.13 (Java/15)[\r][\n]"
16:22:48.310 [main] DEBUG org.apache.http.wire -  >> "Accept-Encoding: gzip,deflate[\r][\n]"
16:22:48.310 [main] DEBUG org.apache.http.wire -  >> "[\r][\n]"
16:22:48.310 [main] DEBUG org.apache.http.headers - >> PUT /post/101 HTTP/1.1
16:22:48.310 [main] DEBUG org.apache.http.headers - >> Accept: */*
16:22:48.310 [main] DEBUG org.apache.http.headers - >> Content-Type: application/json
16:22:48.310 [main] DEBUG org.apache.http.headers - >> Content-Length: 58
16:22:48.310 [main] DEBUG org.apache.http.headers - >> Host: jsonplaceholder.typicode.com
16:22:48.310 [main] DEBUG org.apache.http.headers - >> Connection: Keep-Alive
16:22:48.310 [main] DEBUG org.apache.http.headers - >> User-Agent: Apache-HttpClient/4.5.13 (Java/15)
16:22:48.310 [main] DEBUG org.apache.http.headers - >> Accept-Encoding: gzip,deflate
16:22:48.310 [main] DEBUG org.apache.http.wire -  >> "{"title":"my name is andira ms","body":"Ini sudah diubah"}"
16:22:48.874 [main] DEBUG org.apache.http.wire -  << "HTTP/1.1 404 Not Found[\r][\n]"
16:22:48.874 [main] DEBUG org.apache.http.wire -  << "Date: Tue, 02 May 2023 09:22:48 GMT[\r][\n]"
16:22:48.874 [main] DEBUG org.apache.http.wire -  << "Content-Type: application/json; charset=utf-8[\r][\n]"
16:22:48.874 [main] DEBUG org.apache.http.wire -  << "Content-Length: 2[\r][\n]"
16:22:48.874 [main] DEBUG org.apache.http.wire -  << "Connection: keep-alive[\r][\n]"
16:22:48.874 [main] DEBUG org.apache.http.wire -  << "X-Powered-By: Express[\r][\n]"
16:22:48.874 [main] DEBUG org.apache.http.wire -  << "X-Ratelimit-Limit: 1000[\r][\n]"
16:22:48.874 [main] DEBUG org.apache.http.wire -  << "X-Ratelimit-Remaining: 995[\r][\n]"
16:22:48.874 [main] DEBUG org.apache.http.wire -  << "X-Ratelimit-Reset: 1683019408[\r][\n]"
16:22:48.874 [main] DEBUG org.apache.http.wire -  << "Vary: Origin, Accept-Encoding[\r][\n]"
16:22:48.874 [main] DEBUG org.apache.http.wire -  << "Access-Control-Allow-Credentials: true[\r][\n]"
16:22:48.874 [main] DEBUG org.apache.http.wire -  << "Cache-Control: no-cache[\r][\n]"
16:22:48.874 [main] DEBUG org.apache.http.wire -  << "Pragma: no-cache[\r][\n]"
16:22:48.874 [main] DEBUG org.apache.http.wire -  << "Expires: -1[\r][\n]"
16:22:48.874 [main] DEBUG org.apache.http.wire -  << "X-Content-Type-Options: nosniff[\r][\n]"
16:22:48.874 [main] DEBUG org.apache.http.wire -  << "Etag: W/"2-vyGp6PvFo4RvsFtPoIWeCReyIC8"[\r][\n]"
16:22:48.874 [main] DEBUG org.apache.http.wire -  << "Via: 1.1 vegur[\r][\n]"
16:22:48.874 [main] DEBUG org.apache.http.wire -  << "CF-Cache-Status: DYNAMIC[\r][\n]"
16:22:48.874 [main] DEBUG org.apache.http.wire -  << "Report-To: {"endpoints":[{"url":"https:\/\/a.nel.cloudflare.com\/report\/v3?s=cO5x7UEwqjpuxprhbPgg1qkSYm6i4haTGEqUVEWk6PTc1jBg2U75OE2YPp9hqHBJpZ5DE2lJrHnf4eF%2B2YAi8%2BJzwf0o0WKketlLLHqp%2FVcqw3cOS4KakaI4NcKjy1%2BKKrRmBeMswOUeM%2FN0mvMr"}],"group":"cf-nel","max_age":604800}[\r][\n]"
16:22:48.874 [main] DEBUG org.apache.http.wire -  << "NEL: {"success_fraction":0,"report_to":"cf-nel","max_age":604800}[\r][\n]"
16:22:48.874 [main] DEBUG org.apache.http.wire -  << "Server: cloudflare[\r][\n]"
16:22:48.874 [main] DEBUG org.apache.http.wire -  << "CF-RAY: 7c0f33accfaa893e-SIN[\r][\n]"
16:22:48.874 [main] DEBUG org.apache.http.wire -  << "alt-svc: h3=":443"; ma=86400, h3-29=":443"; ma=86400[\r][\n]"
16:22:48.874 [main] DEBUG org.apache.http.wire -  << "[\r][\n]"
16:22:48.874 [main] DEBUG org.apache.http.impl.conn.DefaultClientConnection - Receiving response: HTTP/1.1 404 Not Found
16:22:48.874 [main] DEBUG org.apache.http.headers - << HTTP/1.1 404 Not Found
16:22:48.874 [main] DEBUG org.apache.http.headers - << Date: Tue, 02 May 2023 09:22:48 GMT
16:22:48.874 [main] DEBUG org.apache.http.headers - << Content-Type: application/json; charset=utf-8
16:22:48.874 [main] DEBUG org.apache.http.headers - << Content-Length: 2
16:22:48.874 [main] DEBUG org.apache.http.headers - << Connection: keep-alive
16:22:48.874 [main] DEBUG org.apache.http.headers - << X-Powered-By: Express
16:22:48.874 [main] DEBUG org.apache.http.headers - << X-Ratelimit-Limit: 1000
16:22:48.874 [main] DEBUG org.apache.http.headers - << X-Ratelimit-Remaining: 995
16:22:48.874 [main] DEBUG org.apache.http.headers - << X-Ratelimit-Reset: 1683019408
16:22:48.874 [main] DEBUG org.apache.http.headers - << Vary: Origin, Accept-Encoding
16:22:48.874 [main] DEBUG org.apache.http.headers - << Access-Control-Allow-Credentials: true
16:22:48.874 [main] DEBUG org.apache.http.headers - << Cache-Control: no-cache
16:22:48.874 [main] DEBUG org.apache.http.headers - << Pragma: no-cache
16:22:48.874 [main] DEBUG org.apache.http.headers - << Expires: -1
16:22:48.874 [main] DEBUG org.apache.http.headers - << X-Content-Type-Options: nosniff
16:22:48.874 [main] DEBUG org.apache.http.headers - << Etag: W/"2-vyGp6PvFo4RvsFtPoIWeCReyIC8"
16:22:48.874 [main] DEBUG org.apache.http.headers - << Via: 1.1 vegur
16:22:48.874 [main] DEBUG org.apache.http.headers - << CF-Cache-Status: DYNAMIC
16:22:48.874 [main] DEBUG org.apache.http.headers - << Report-To: {"endpoints":[{"url":"https:\/\/a.nel.cloudflare.com\/report\/v3?s=cO5x7UEwqjpuxprhbPgg1qkSYm6i4haTGEqUVEWk6PTc1jBg2U75OE2YPp9hqHBJpZ5DE2lJrHnf4eF%2B2YAi8%2BJzwf0o0WKketlLLHqp%2FVcqw3cOS4KakaI4NcKjy1%2BKKrRmBeMswOUeM%2FN0mvMr"}],"group":"cf-nel","max_age":604800}
16:22:48.874 [main] DEBUG org.apache.http.headers - << NEL: {"success_fraction":0,"report_to":"cf-nel","max_age":604800}
16:22:48.874 [main] DEBUG org.apache.http.headers - << Server: cloudflare
16:22:48.874 [main] DEBUG org.apache.http.headers - << CF-RAY: 7c0f33accfaa893e-SIN
16:22:48.874 [main] DEBUG org.apache.http.headers - << alt-svc: h3=":443"; ma=86400, h3-29=":443"; ma=86400
16:22:48.874 [main] DEBUG org.apache.http.impl.client.DefaultHttpClient - Connection can be kept alive indefinitely
16:22:48.875 [main] DEBUG io.restassured.internal.RestAssuredHttpBuilder - Parsing response as: application/json; charset=utf-8
16:22:48.875 [main] DEBUG io.restassured.internal.RestAssuredHttpBuilder - Parsed data to instance of: class org.apache.http.conn.EofSensorInputStream
16:22:48.876 [main] DEBUG org.apache.http.wire -  << "{}"
16:22:48.876 [main] DEBUG org.apache.http.impl.conn.BasicClientConnectionManager - Releasing connection org.apache.http.impl.conn.ManagedClientConnectionImpl@4fbbd98c
16:22:48.876 [main] DEBUG org.apache.http.impl.conn.BasicClientConnectionManager - Connection can be kept alive indefinitely
16:22:48.876 [main] DEBUG net.thucydides.core.steps.StepInterceptor - STEP DONE: I send PUT HTTP request2
  &amp#27;[32mWhen &amp#27;[0m&amp#27;[32mI send PUT HTTP request2&amp#27;[0m                                         &amp#27;[90m# starter.stepdefinitions.PostsSteps.sendPutHttpRequest2()&amp#27;[0m
16:22:48.879 [main] DEBUG net.thucydides.core.steps.StepInterceptor - STARTING STEP: PostsSteps.receiveHttpResponseCode500 - I receive invalid HTTP response code 500
16:22:48.880 [main] DEBUG net.thucydides.core.steps.StepInterceptor - STEP DONE: I receive invalid HTTP response code 500
  &amp#27;[32mThen &amp#27;[0m&amp#27;[32mI receive invalid HTTP response code 500&amp#27;[0m                         &amp#27;[90m# starter.stepdefinitions.PostsSteps.receiveHttpResponseCode500()&amp#27;[0m
16:22:48.882 [main] INFO  - 
  _____   ___   ___   _____     ___     _     ___   ___   ___   ___  
 |_   _| | __| / __| |_   _|   | _ \   /_\   / __| / __| | __| |   \ 
   | |   | _|  \__ \   | |     |  _/  / _ \  \__ \ \__ \ | _|  | |) |
   |_|   |___| |___/   |_|     |_|   /_/ \_\ |___/ |___/ |___| |___/ 

PUT - As an admin I shouldn't be able to update missing posts
----------------------------------------------------------------------
]]></system-out>
  </testcase>
  <testcase name="DELETE - As admin I have be able to delete existing posts" classname="Posts" time="0.73">
    <system-out><![CDATA[
Scenario: DELETE - As admin I have be able to delete existing posts &amp#27;[90m# src/test/resources/features/Posts.feature:42&amp#27;[0m
16:22:48.888 [main] DEBUG io.cucumber.core.plugin.SerenityReporter - Running feature from file:///C:/Users/WINDOWS%2010/Documents/GitHub/QE_Andira_Ms/10_RESTful_API_Testing_with_REST_Assured/Praktikum/RESTful_API_Testing/alta/src/test/resources/features/Posts.feature
16:22:48.892 [main] INFO  - 
  _____   ___   ___   _____     ___   _____     _     ___   _____   ___   ___  
 |_   _| | __| / __| |_   _|   / __| |_   _|   /_\   | _ \ |_   _| | __| |   \ 
   | |   | _|  \__ \   | |     \__ \   | |    / _ \  |   /   | |   | _|  | |) |
   |_|   |___| |___/   |_|     |___/   |_|   /_/ \_\ |_|_\   |_|   |___| |___/ 

DELETE - As admin I have be able to delete existing posts(posts;delete---as-admin-i-have-be-able-to-delete-existing-posts)
--------------------------------------------------------------------------------
16:22:48.903 [Finalizer] DEBUG org.apache.http.impl.conn.DefaultClientConnection - Connection 0.0.0.0:60329<->172.64.102.31:443 closed
16:22:48.904 [Finalizer] DEBUG org.apache.http.impl.conn.DefaultClientConnection - Connection 0.0.0.0:60326<->172.64.102.31:443 closed
16:22:48.905 [Finalizer] DEBUG org.apache.http.impl.conn.DefaultClientConnection - Connection 0.0.0.0:60331<->172.64.102.31:443 closed
16:22:48.928 [main] DEBUG net.thucydides.core.steps.StepInterceptor - STARTING STEP: PostsSteps.setDeleteApiEndpoints - I set DELETE api endpoints
16:22:48.929 [main] DEBUG net.thucydides.core.steps.StepInterceptor - STEP DONE: I set DELETE api endpoints
  &amp#27;[32mGiven &amp#27;[0m&amp#27;[32mI set DELETE api endpoints&amp#27;[0m                                  &amp#27;[90m# starter.stepdefinitions.PostsSteps.setDeleteApiEndpoints()&amp#27;[0m
16:22:48.935 [main] DEBUG net.thucydides.core.steps.StepInterceptor - STARTING STEP: PostsSteps.sendDeleteApiEndpoints - I send DELETE HTTP request
16:22:48.937 [main] DEBUG net.thucydides.core.steps.StepInterceptor - STARTING STEP: Delete.sendDeleteApiEndpointsRequest - I set DELETE api endpoints
16:22:48.937 [main] DEBUG net.thucydides.core.steps.StepInterceptor - STEP DONE: I set DELETE api endpoints
16:22:48.952 [main] DEBUG org.apache.http.impl.conn.BasicClientConnectionManager - Get connection for route {s}->https://jsonplaceholder.typicode.com:443
16:22:48.952 [main] DEBUG org.apache.http.impl.conn.DefaultClientConnectionOperator - Connecting to jsonplaceholder.typicode.com:443
16:22:49.033 [main] DEBUG org.apache.http.client.protocol.RequestAddCookies - CookieSpec selected: ignoreCookies
16:22:49.033 [main] DEBUG org.apache.http.client.protocol.RequestAuthCache - Auth cache not set in the context
16:22:49.033 [main] DEBUG org.apache.http.client.protocol.RequestTargetAuthentication - Target auth state: UNCHALLENGED
16:22:49.033 [main] DEBUG org.apache.http.client.protocol.RequestProxyAuthentication - Proxy auth state: UNCHALLENGED
16:22:49.033 [main] DEBUG org.apache.http.impl.client.DefaultHttpClient - Attempt 1 to execute request
16:22:49.033 [main] DEBUG org.apache.http.impl.conn.DefaultClientConnection - Sending request: DELETE /posts/1 HTTP/1.1
16:22:49.034 [main] DEBUG org.apache.http.wire -  >> "DELETE /posts/1 HTTP/1.1[\r][\n]"
16:22:49.034 [main] DEBUG org.apache.http.wire -  >> "Accept: */*[\r][\n]"
16:22:49.034 [main] DEBUG org.apache.http.wire -  >> "Host: jsonplaceholder.typicode.com[\r][\n]"
16:22:49.034 [main] DEBUG org.apache.http.wire -  >> "Connection: Keep-Alive[\r][\n]"
16:22:49.034 [main] DEBUG org.apache.http.wire -  >> "User-Agent: Apache-HttpClient/4.5.13 (Java/15)[\r][\n]"
16:22:49.034 [main] DEBUG org.apache.http.wire -  >> "Accept-Encoding: gzip,deflate[\r][\n]"
16:22:49.034 [main] DEBUG org.apache.http.wire -  >> "[\r][\n]"
16:22:49.034 [main] DEBUG org.apache.http.headers - >> DELETE /posts/1 HTTP/1.1
16:22:49.034 [main] DEBUG org.apache.http.headers - >> Accept: */*
16:22:49.034 [main] DEBUG org.apache.http.headers - >> Host: jsonplaceholder.typicode.com
16:22:49.034 [main] DEBUG org.apache.http.headers - >> Connection: Keep-Alive
16:22:49.034 [main] DEBUG org.apache.http.headers - >> User-Agent: Apache-HttpClient/4.5.13 (Java/15)
16:22:49.034 [main] DEBUG org.apache.http.headers - >> Accept-Encoding: gzip,deflate
16:22:49.605 [main] DEBUG org.apache.http.wire -  << "HTTP/1.1 200 OK[\r][\n]"
16:22:49.605 [main] DEBUG org.apache.http.wire -  << "Date: Tue, 02 May 2023 09:22:49 GMT[\r][\n]"
16:22:49.605 [main] DEBUG org.apache.http.wire -  << "Content-Type: application/json; charset=utf-8[\r][\n]"
16:22:49.605 [main] DEBUG org.apache.http.wire -  << "Content-Length: 2[\r][\n]"
16:22:49.605 [main] DEBUG org.apache.http.wire -  << "Connection: keep-alive[\r][\n]"
16:22:49.605 [main] DEBUG org.apache.http.wire -  << "X-Powered-By: Express[\r][\n]"
16:22:49.605 [main] DEBUG org.apache.http.wire -  << "X-Ratelimit-Limit: 1000[\r][\n]"
16:22:49.605 [main] DEBUG org.apache.http.wire -  << "X-Ratelimit-Remaining: 994[\r][\n]"
16:22:49.605 [main] DEBUG org.apache.http.wire -  << "X-Ratelimit-Reset: 1683019408[\r][\n]"
16:22:49.605 [main] DEBUG org.apache.http.wire -  << "Vary: Origin, Accept-Encoding[\r][\n]"
16:22:49.605 [main] DEBUG org.apache.http.wire -  << "Access-Control-Allow-Credentials: true[\r][\n]"
16:22:49.605 [main] DEBUG org.apache.http.wire -  << "Cache-Control: no-cache[\r][\n]"
16:22:49.605 [main] DEBUG org.apache.http.wire -  << "Pragma: no-cache[\r][\n]"
16:22:49.605 [main] DEBUG org.apache.http.wire -  << "Expires: -1[\r][\n]"
16:22:49.605 [main] DEBUG org.apache.http.wire -  << "X-Content-Type-Options: nosniff[\r][\n]"
16:22:49.605 [main] DEBUG org.apache.http.wire -  << "Etag: W/"2-vyGp6PvFo4RvsFtPoIWeCReyIC8"[\r][\n]"
16:22:49.605 [main] DEBUG org.apache.http.wire -  << "Via: 1.1 vegur[\r][\n]"
16:22:49.605 [main] DEBUG org.apache.http.wire -  << "CF-Cache-Status: DYNAMIC[\r][\n]"
16:22:49.605 [main] DEBUG org.apache.http.wire -  << "Report-To: {"endpoints":[{"url":"https:\/\/a.nel.cloudflare.com\/report\/v3?s=o9zhpzQHnY4eTEYaIRsS%2FYMRd4unzvL3%2BEJM8P5gmLQn4p3sz%2B67%2BpHx%2BBL6GK6Wc6FHK0R5ol%2FLX3S%2BKz6zCjTwHOs9cxVmK6qURFzVF1fBStGT3XYCYRyrMKq78xvg4dl9iAC8iCpYVtefXMZm"}],"group":"cf-nel","max_age":604800}[\r][\n]"
16:22:49.605 [main] DEBUG org.apache.http.wire -  << "NEL: {"success_fraction":0,"report_to":"cf-nel","max_age":604800}[\r][\n]"
16:22:49.605 [main] DEBUG org.apache.http.wire -  << "Server: cloudflare[\r][\n]"
16:22:49.605 [main] DEBUG org.apache.http.wire -  << "CF-RAY: 7c0f33b15e9e4dc2-SIN[\r][\n]"
16:22:49.605 [main] DEBUG org.apache.http.wire -  << "alt-svc: h3=":443"; ma=86400, h3-29=":443"; ma=86400[\r][\n]"
16:22:49.605 [main] DEBUG org.apache.http.wire -  << "[\r][\n]"
16:22:49.605 [main] DEBUG org.apache.http.impl.conn.DefaultClientConnection - Receiving response: HTTP/1.1 200 OK
16:22:49.605 [main] DEBUG org.apache.http.headers - << HTTP/1.1 200 OK
16:22:49.605 [main] DEBUG org.apache.http.headers - << Date: Tue, 02 May 2023 09:22:49 GMT
16:22:49.605 [main] DEBUG org.apache.http.headers - << Content-Type: application/json; charset=utf-8
16:22:49.605 [main] DEBUG org.apache.http.headers - << Content-Length: 2
16:22:49.605 [main] DEBUG org.apache.http.headers - << Connection: keep-alive
16:22:49.605 [main] DEBUG org.apache.http.headers - << X-Powered-By: Express
16:22:49.605 [main] DEBUG org.apache.http.headers - << X-Ratelimit-Limit: 1000
16:22:49.605 [main] DEBUG org.apache.http.headers - << X-Ratelimit-Remaining: 994
16:22:49.605 [main] DEBUG org.apache.http.headers - << X-Ratelimit-Reset: 1683019408
16:22:49.605 [main] DEBUG org.apache.http.headers - << Vary: Origin, Accept-Encoding
16:22:49.605 [main] DEBUG org.apache.http.headers - << Access-Control-Allow-Credentials: true
16:22:49.605 [main] DEBUG org.apache.http.headers - << Cache-Control: no-cache
16:22:49.605 [main] DEBUG org.apache.http.headers - << Pragma: no-cache
16:22:49.605 [main] DEBUG org.apache.http.headers - << Expires: -1
16:22:49.605 [main] DEBUG org.apache.http.headers - << X-Content-Type-Options: nosniff
16:22:49.605 [main] DEBUG org.apache.http.headers - << Etag: W/"2-vyGp6PvFo4RvsFtPoIWeCReyIC8"
16:22:49.605 [main] DEBUG org.apache.http.headers - << Via: 1.1 vegur
16:22:49.605 [main] DEBUG org.apache.http.headers - << CF-Cache-Status: DYNAMIC
16:22:49.605 [main] DEBUG org.apache.http.headers - << Report-To: {"endpoints":[{"url":"https:\/\/a.nel.cloudflare.com\/report\/v3?s=o9zhpzQHnY4eTEYaIRsS%2FYMRd4unzvL3%2BEJM8P5gmLQn4p3sz%2B67%2BpHx%2BBL6GK6Wc6FHK0R5ol%2FLX3S%2BKz6zCjTwHOs9cxVmK6qURFzVF1fBStGT3XYCYRyrMKq78xvg4dl9iAC8iCpYVtefXMZm"}],"group":"cf-nel","max_age":604800}
16:22:49.605 [main] DEBUG org.apache.http.headers - << NEL: {"success_fraction":0,"report_to":"cf-nel","max_age":604800}
16:22:49.605 [main] DEBUG org.apache.http.headers - << Server: cloudflare
16:22:49.605 [main] DEBUG org.apache.http.headers - << CF-RAY: 7c0f33b15e9e4dc2-SIN
16:22:49.605 [main] DEBUG org.apache.http.headers - << alt-svc: h3=":443"; ma=86400, h3-29=":443"; ma=86400
16:22:49.605 [main] DEBUG org.apache.http.impl.client.DefaultHttpClient - Connection can be kept alive indefinitely
16:22:49.605 [main] DEBUG io.restassured.internal.RestAssuredHttpBuilder - Parsing response as: application/json; charset=utf-8
16:22:49.605 [main] DEBUG io.restassured.internal.RestAssuredHttpBuilder - Parsed data to instance of: class org.apache.http.conn.EofSensorInputStream
16:22:49.606 [main] DEBUG org.apache.http.wire -  << "{}"
16:22:49.606 [main] DEBUG org.apache.http.impl.conn.BasicClientConnectionManager - Releasing connection org.apache.http.impl.conn.ManagedClientConnectionImpl@45017263
16:22:49.606 [main] DEBUG org.apache.http.impl.conn.BasicClientConnectionManager - Connection can be kept alive indefinitely
16:22:49.606 [main] DEBUG net.thucydides.core.steps.StepInterceptor - STEP DONE: I send DELETE HTTP request
  &amp#27;[32mWhen &amp#27;[0m&amp#27;[32mI send DELETE HTTP request&amp#27;[0m                                   &amp#27;[90m# starter.stepdefinitions.PostsSteps.sendDeleteApiEndpoints()&amp#27;[0m
16:22:49.609 [main] DEBUG net.thucydides.core.steps.StepInterceptor - STARTING STEP: PostsSteps.receiveValidHttpResponse - I receive valid HTTP response code 200
16:22:49.610 [main] DEBUG net.thucydides.core.steps.StepInterceptor - STEP DONE: I receive valid HTTP response code 200
  &amp#27;[32mThen &amp#27;[0m&amp#27;[32mI receive valid HTTP response code 200&amp#27;[0m                       &amp#27;[90m# starter.stepdefinitions.PostsSteps.receiveValidHttpResponse()&amp#27;[0m
16:22:49.612 [main] INFO  - 
  _____   ___   ___   _____     ___     _     ___   ___   ___   ___  
 |_   _| | __| / __| |_   _|   | _ \   /_\   / __| / __| | __| |   \ 
   | |   | _|  \__ \   | |     |  _/  / _ \  \__ \ \__ \ | _|  | |) |
   |_|   |___| |___/   |_|     |_|   /_/ \_\ |___/ |___/ |___| |___/ 

DELETE - As admin I have be able to delete existing posts
----------------------------------------------------------------------
]]></system-out>
  </testcase>
  <testcase name="DELETE - As admin I shouldn&apos;t be able to delete without input which posts" classname="Posts" time="0.746">
    <system-out><![CDATA[
Scenario: DELETE - As admin I shouldn't be able to delete without input which posts &amp#27;[90m# src/test/resources/features/Posts.feature:47&amp#27;[0m
16:22:49.619 [main] DEBUG io.cucumber.core.plugin.SerenityReporter - Running feature from file:///C:/Users/WINDOWS%2010/Documents/GitHub/QE_Andira_Ms/10_RESTful_API_Testing_with_REST_Assured/Praktikum/RESTful_API_Testing/alta/src/test/resources/features/Posts.feature
16:22:49.624 [main] INFO  - 
  _____   ___   ___   _____     ___   _____     _     ___   _____   ___   ___  
 |_   _| | __| / __| |_   _|   / __| |_   _|   /_\   | _ \ |_   _| | __| |   \ 
   | |   | _|  \__ \   | |     \__ \   | |    / _ \  |   /   | |   | _|  | |) |
   |_|   |___| |___/   |_|     |___/   |_|   /_/ \_\ |_|_\   |_|   |___| |___/ 

DELETE - As admin I shouldn't be able to delete without input which posts(posts;delete---as-admin-i-shouldn-t-be-able-to-delete-without-input-which-posts)
--------------------------------------------------------------------------------
16:22:49.651 [main] DEBUG net.thucydides.core.steps.StepInterceptor - STARTING STEP: PostsSteps.setDeleteInvalidApiEndpoints - I set DELETE to invalid api endpoints
16:22:49.651 [main] DEBUG net.thucydides.core.steps.StepInterceptor - STEP DONE: I set DELETE to invalid api endpoints
  &amp#27;[32mGiven &amp#27;[0m&amp#27;[32mI set DELETE to invalid api endpoints&amp#27;[0m                                       &amp#27;[90m# starter.stepdefinitions.PostsSteps.setDeleteInvalidApiEndpoints()&amp#27;[0m
16:22:49.659 [main] DEBUG net.thucydides.core.steps.StepInterceptor - STARTING STEP: PostsSteps.sendDeleteInvalidApiEndpoints2 - I send invalid DELETE HTTP request
16:22:49.662 [main] DEBUG net.thucydides.core.steps.StepInterceptor - STARTING STEP: Delete.sendDeleteInvalidApiEndpointsRequest2 - I set DELETE to invalid api endpoints
16:22:49.662 [main] DEBUG net.thucydides.core.steps.StepInterceptor - STEP DONE: I set DELETE to invalid api endpoints
16:22:49.685 [main] DEBUG org.apache.http.impl.conn.BasicClientConnectionManager - Get connection for route {s}->https://jsonplaceholder.typicode.com:443
16:22:49.686 [main] DEBUG org.apache.http.impl.conn.DefaultClientConnectionOperator - Connecting to jsonplaceholder.typicode.com:443
16:22:49.766 [main] DEBUG org.apache.http.client.protocol.RequestAddCookies - CookieSpec selected: ignoreCookies
16:22:49.766 [main] DEBUG org.apache.http.client.protocol.RequestAuthCache - Auth cache not set in the context
16:22:49.766 [main] DEBUG org.apache.http.client.protocol.RequestTargetAuthentication - Target auth state: UNCHALLENGED
16:22:49.766 [main] DEBUG org.apache.http.client.protocol.RequestProxyAuthentication - Proxy auth state: UNCHALLENGED
16:22:49.766 [main] DEBUG org.apache.http.impl.client.DefaultHttpClient - Attempt 1 to execute request
16:22:49.766 [main] DEBUG org.apache.http.impl.conn.DefaultClientConnection - Sending request: DELETE /posts HTTP/1.1
16:22:49.766 [main] DEBUG org.apache.http.wire -  >> "DELETE /posts HTTP/1.1[\r][\n]"
16:22:49.766 [main] DEBUG org.apache.http.wire -  >> "Accept: */*[\r][\n]"
16:22:49.766 [main] DEBUG org.apache.http.wire -  >> "Host: jsonplaceholder.typicode.com[\r][\n]"
16:22:49.766 [main] DEBUG org.apache.http.wire -  >> "Connection: Keep-Alive[\r][\n]"
16:22:49.766 [main] DEBUG org.apache.http.wire -  >> "User-Agent: Apache-HttpClient/4.5.13 (Java/15)[\r][\n]"
16:22:49.766 [main] DEBUG org.apache.http.wire -  >> "Accept-Encoding: gzip,deflate[\r][\n]"
16:22:49.766 [main] DEBUG org.apache.http.wire -  >> "[\r][\n]"
16:22:49.766 [main] DEBUG org.apache.http.headers - >> DELETE /posts HTTP/1.1
16:22:49.766 [main] DEBUG org.apache.http.headers - >> Accept: */*
16:22:49.766 [main] DEBUG org.apache.http.headers - >> Host: jsonplaceholder.typicode.com
16:22:49.766 [main] DEBUG org.apache.http.headers - >> Connection: Keep-Alive
16:22:49.766 [main] DEBUG org.apache.http.headers - >> User-Agent: Apache-HttpClient/4.5.13 (Java/15)
16:22:49.766 [main] DEBUG org.apache.http.headers - >> Accept-Encoding: gzip,deflate
16:22:50.348 [main] DEBUG org.apache.http.wire -  << "HTTP/1.1 404 Not Found[\r][\n]"
16:22:50.348 [main] DEBUG org.apache.http.wire -  << "Date: Tue, 02 May 2023 09:22:50 GMT[\r][\n]"
16:22:50.348 [main] DEBUG org.apache.http.wire -  << "Content-Type: application/json; charset=utf-8[\r][\n]"
16:22:50.348 [main] DEBUG org.apache.http.wire -  << "Content-Length: 2[\r][\n]"
16:22:50.348 [main] DEBUG org.apache.http.wire -  << "Connection: keep-alive[\r][\n]"
16:22:50.348 [main] DEBUG org.apache.http.wire -  << "X-Powered-By: Express[\r][\n]"
16:22:50.348 [main] DEBUG org.apache.http.wire -  << "X-Ratelimit-Limit: 1000[\r][\n]"
16:22:50.348 [main] DEBUG org.apache.http.wire -  << "X-Ratelimit-Remaining: 993[\r][\n]"
16:22:50.348 [main] DEBUG org.apache.http.wire -  << "X-Ratelimit-Reset: 1683019408[\r][\n]"
16:22:50.348 [main] DEBUG org.apache.http.wire -  << "Vary: Origin, Accept-Encoding[\r][\n]"
16:22:50.348 [main] DEBUG org.apache.http.wire -  << "Access-Control-Allow-Credentials: true[\r][\n]"
16:22:50.348 [main] DEBUG org.apache.http.wire -  << "Cache-Control: no-cache[\r][\n]"
16:22:50.348 [main] DEBUG org.apache.http.wire -  << "Pragma: no-cache[\r][\n]"
16:22:50.348 [main] DEBUG org.apache.http.wire -  << "Expires: -1[\r][\n]"
16:22:50.348 [main] DEBUG org.apache.http.wire -  << "X-Content-Type-Options: nosniff[\r][\n]"
16:22:50.348 [main] DEBUG org.apache.http.wire -  << "Etag: W/"2-vyGp6PvFo4RvsFtPoIWeCReyIC8"[\r][\n]"
16:22:50.348 [main] DEBUG org.apache.http.wire -  << "Via: 1.1 vegur[\r][\n]"
16:22:50.348 [main] DEBUG org.apache.http.wire -  << "CF-Cache-Status: DYNAMIC[\r][\n]"
16:22:50.348 [main] DEBUG org.apache.http.wire -  << "Report-To: {"endpoints":[{"url":"https:\/\/a.nel.cloudflare.com\/report\/v3?s=W8reoJoMO8h4PsCvI44sNo9d39uoMImIf%2B%2B6yOrjxK0Mw5zqOv1Yx2D9diKwMgZoZq6%2BM4yVGMUBjF7smwO46C5WTxi2wqJvrFndSZlN4NimR%2BGSppUG5PdcW9DvOijdY86FIlKq57rgRYS82ESZ"}],"group":"cf-nel","max_age":604800}[\r][\n]"
16:22:50.348 [main] DEBUG org.apache.http.wire -  << "NEL: {"success_fraction":0,"report_to":"cf-nel","max_age":604800}[\r][\n]"
16:22:50.348 [main] DEBUG org.apache.http.wire -  << "Server: cloudflare[\r][\n]"
16:22:50.348 [main] DEBUG org.apache.http.wire -  << "CF-RAY: 7c0f33b5eb03899a-SIN[\r][\n]"
16:22:50.348 [main] DEBUG org.apache.http.wire -  << "alt-svc: h3=":443"; ma=86400, h3-29=":443"; ma=86400[\r][\n]"
16:22:50.348 [main] DEBUG org.apache.http.wire -  << "[\r][\n]"
16:22:50.348 [main] DEBUG org.apache.http.impl.conn.DefaultClientConnection - Receiving response: HTTP/1.1 404 Not Found
16:22:50.348 [main] DEBUG org.apache.http.headers - << HTTP/1.1 404 Not Found
16:22:50.348 [main] DEBUG org.apache.http.headers - << Date: Tue, 02 May 2023 09:22:50 GMT
16:22:50.348 [main] DEBUG org.apache.http.headers - << Content-Type: application/json; charset=utf-8
16:22:50.348 [main] DEBUG org.apache.http.headers - << Content-Length: 2
16:22:50.348 [main] DEBUG org.apache.http.headers - << Connection: keep-alive
16:22:50.348 [main] DEBUG org.apache.http.headers - << X-Powered-By: Express
16:22:50.348 [main] DEBUG org.apache.http.headers - << X-Ratelimit-Limit: 1000
16:22:50.348 [main] DEBUG org.apache.http.headers - << X-Ratelimit-Remaining: 993
16:22:50.348 [main] DEBUG org.apache.http.headers - << X-Ratelimit-Reset: 1683019408
16:22:50.348 [main] DEBUG org.apache.http.headers - << Vary: Origin, Accept-Encoding
16:22:50.348 [main] DEBUG org.apache.http.headers - << Access-Control-Allow-Credentials: true
16:22:50.348 [main] DEBUG org.apache.http.headers - << Cache-Control: no-cache
16:22:50.348 [main] DEBUG org.apache.http.headers - << Pragma: no-cache
16:22:50.348 [main] DEBUG org.apache.http.headers - << Expires: -1
16:22:50.348 [main] DEBUG org.apache.http.headers - << X-Content-Type-Options: nosniff
16:22:50.348 [main] DEBUG org.apache.http.headers - << Etag: W/"2-vyGp6PvFo4RvsFtPoIWeCReyIC8"
16:22:50.348 [main] DEBUG org.apache.http.headers - << Via: 1.1 vegur
16:22:50.348 [main] DEBUG org.apache.http.headers - << CF-Cache-Status: DYNAMIC
16:22:50.348 [main] DEBUG org.apache.http.headers - << Report-To: {"endpoints":[{"url":"https:\/\/a.nel.cloudflare.com\/report\/v3?s=W8reoJoMO8h4PsCvI44sNo9d39uoMImIf%2B%2B6yOrjxK0Mw5zqOv1Yx2D9diKwMgZoZq6%2BM4yVGMUBjF7smwO46C5WTxi2wqJvrFndSZlN4NimR%2BGSppUG5PdcW9DvOijdY86FIlKq57rgRYS82ESZ"}],"group":"cf-nel","max_age":604800}
16:22:50.348 [main] DEBUG org.apache.http.headers - << NEL: {"success_fraction":0,"report_to":"cf-nel","max_age":604800}
16:22:50.348 [main] DEBUG org.apache.http.headers - << Server: cloudflare
16:22:50.348 [main] DEBUG org.apache.http.headers - << CF-RAY: 7c0f33b5eb03899a-SIN
16:22:50.348 [main] DEBUG org.apache.http.headers - << alt-svc: h3=":443"; ma=86400, h3-29=":443"; ma=86400
16:22:50.348 [main] DEBUG org.apache.http.impl.client.DefaultHttpClient - Connection can be kept alive indefinitely
16:22:50.349 [main] DEBUG io.restassured.internal.RestAssuredHttpBuilder - Parsing response as: application/json; charset=utf-8
16:22:50.349 [main] DEBUG io.restassured.internal.RestAssuredHttpBuilder - Parsed data to instance of: class org.apache.http.conn.EofSensorInputStream
16:22:50.350 [main] DEBUG org.apache.http.wire -  << "{}"
16:22:50.350 [main] DEBUG org.apache.http.impl.conn.BasicClientConnectionManager - Releasing connection org.apache.http.impl.conn.ManagedClientConnectionImpl@58e7f930
16:22:50.350 [main] DEBUG org.apache.http.impl.conn.BasicClientConnectionManager - Connection can be kept alive indefinitely
16:22:50.351 [main] DEBUG net.thucydides.core.steps.StepInterceptor - STEP DONE: I send invalid DELETE HTTP request
  &amp#27;[32mWhen &amp#27;[0m&amp#27;[32mI send invalid DELETE HTTP request&amp#27;[0m                                           &amp#27;[90m# starter.stepdefinitions.PostsSteps.sendDeleteInvalidApiEndpoints2()&amp#27;[0m
16:22:50.354 [main] DEBUG net.thucydides.core.steps.StepInterceptor - STARTING STEP: PostsSteps.receiveHttpResponseCode404 - I receive invalid HTTP response code 404
16:22:50.355 [main] DEBUG net.thucydides.core.steps.StepInterceptor - STEP DONE: I receive invalid HTTP response code 404
  &amp#27;[32mThen &amp#27;[0m&amp#27;[32mI receive invalid HTTP response code 404&amp#27;[0m                                     &amp#27;[90m# starter.stepdefinitions.PostsSteps.receiveHttpResponseCode404()&amp#27;[0m
16:22:50.358 [main] DEBUG net.thucydides.core.steps.StepInterceptor - STARTING STEP: PostsSteps.receiveNothing - I receive nothing from the page
16:22:50.358 [main] DEBUG net.thucydides.core.steps.StepInterceptor - STEP DONE: I receive nothing from the page
  &amp#27;[32mAnd &amp#27;[0m&amp#27;[32mI receive nothing from the page&amp#27;[0m                                               &amp#27;[90m# starter.stepdefinitions.PostsSteps.receiveNothing()&amp#27;[0m
16:22:50.359 [main] INFO  - 
  _____   ___   ___   _____     ___     _     ___   ___   ___   ___  
 |_   _| | __| / __| |_   _|   | _ \   /_\   / __| / __| | __| |   \ 
   | |   | _|  \__ \   | |     |  _/  / _ \  \__ \ \__ \ | _|  | |) |
   |_|   |___| |___/   |_|     |_|   /_/ \_\ |___/ |___/ |___| |___/ 

DELETE - As admin I shouldn't be able to delete without input which posts
----------------------------------------------------------------------
]]></system-out>
  </testcase>
</testsuite>